[2025-06-24T14:47:21.373+0200] {processor.py:153} INFO - Started process (PID=254678) to work on /home/monica.fernandez/practica_creativa/venv-airflow/lib/python3.11/site-packages/airflow/example_dags/example_dag_decorator.py
[2025-06-24T14:47:21.374+0200] {processor.py:743} INFO - Processing file /home/monica.fernandez/practica_creativa/venv-airflow/lib/python3.11/site-packages/airflow/example_dags/example_dag_decorator.py for tasks to queue
[2025-06-24T14:47:21.375+0200] {logging_mixin.py:137} INFO - [2025-06-24T14:47:21.375+0200] {dagbag.py:538} INFO - Filling up the DagBag from /home/monica.fernandez/practica_creativa/venv-airflow/lib/python3.11/site-packages/airflow/example_dags/example_dag_decorator.py
[2025-06-24T14:47:21.408+0200] {logging_mixin.py:137} INFO - [2025-06-24T14:47:21.408+0200] {taskmixin.py:205} WARNING - Dependency <Task(_PythonDecoratedOperator): prepare_email>, send_email already registered for DAG: example_dag_decorator
[2025-06-24T14:47:21.408+0200] {logging_mixin.py:137} INFO - [2025-06-24T14:47:21.408+0200] {taskmixin.py:205} WARNING - Dependency <Task(EmailOperator): send_email>, prepare_email already registered for DAG: example_dag_decorator
[2025-06-24T14:47:21.420+0200] {processor.py:753} INFO - DAG(s) dict_keys(['example_dag_decorator']) retrieved from /home/monica.fernandez/practica_creativa/venv-airflow/lib/python3.11/site-packages/airflow/example_dags/example_dag_decorator.py
[2025-06-24T14:47:21.519+0200] {logging_mixin.py:137} INFO - [2025-06-24T14:47:21.519+0200] {dag.py:2690} INFO - Sync 1 DAGs
[2025-06-24T14:47:21.549+0200] {logging_mixin.py:137} INFO - [2025-06-24T14:47:21.549+0200] {dag.py:3437} INFO - Setting next_dagrun for example_dag_decorator to None, run_after=None
[2025-06-24T14:47:21.619+0200] {processor.py:175} INFO - Processing /home/monica.fernandez/practica_creativa/venv-airflow/lib/python3.11/site-packages/airflow/example_dags/example_dag_decorator.py took 0.250 seconds
[2025-06-24T14:48:10.791+0200] {processor.py:153} INFO - Started process (PID=255097) to work on /home/monica.fernandez/practica_creativa/venv-airflow/lib/python3.11/site-packages/airflow/example_dags/example_dag_decorator.py
[2025-06-24T14:48:10.792+0200] {processor.py:743} INFO - Processing file /home/monica.fernandez/practica_creativa/venv-airflow/lib/python3.11/site-packages/airflow/example_dags/example_dag_decorator.py for tasks to queue
[2025-06-24T14:48:10.793+0200] {logging_mixin.py:137} INFO - [2025-06-24T14:48:10.793+0200] {dagbag.py:538} INFO - Filling up the DagBag from /home/monica.fernandez/practica_creativa/venv-airflow/lib/python3.11/site-packages/airflow/example_dags/example_dag_decorator.py
[2025-06-24T14:48:10.827+0200] {logging_mixin.py:137} INFO - [2025-06-24T14:48:10.827+0200] {taskmixin.py:205} WARNING - Dependency <Task(_PythonDecoratedOperator): prepare_email>, send_email already registered for DAG: example_dag_decorator
[2025-06-24T14:48:10.827+0200] {logging_mixin.py:137} INFO - [2025-06-24T14:48:10.827+0200] {taskmixin.py:205} WARNING - Dependency <Task(EmailOperator): send_email>, prepare_email already registered for DAG: example_dag_decorator
[2025-06-24T14:48:10.839+0200] {processor.py:753} INFO - DAG(s) dict_keys(['example_dag_decorator']) retrieved from /home/monica.fernandez/practica_creativa/venv-airflow/lib/python3.11/site-packages/airflow/example_dags/example_dag_decorator.py
[2025-06-24T14:48:10.920+0200] {logging_mixin.py:137} INFO - [2025-06-24T14:48:10.920+0200] {dag.py:2690} INFO - Sync 1 DAGs
[2025-06-24T14:48:10.942+0200] {logging_mixin.py:137} INFO - [2025-06-24T14:48:10.942+0200] {dag.py:3437} INFO - Setting next_dagrun for example_dag_decorator to None, run_after=None
[2025-06-24T14:48:10.995+0200] {processor.py:175} INFO - Processing /home/monica.fernandez/practica_creativa/venv-airflow/lib/python3.11/site-packages/airflow/example_dags/example_dag_decorator.py took 0.209 seconds
[2025-06-24T14:48:58.031+0200] {processor.py:153} INFO - Started process (PID=255500) to work on /home/monica.fernandez/practica_creativa/venv-airflow/lib/python3.11/site-packages/airflow/example_dags/example_dag_decorator.py
[2025-06-24T14:48:58.032+0200] {processor.py:743} INFO - Processing file /home/monica.fernandez/practica_creativa/venv-airflow/lib/python3.11/site-packages/airflow/example_dags/example_dag_decorator.py for tasks to queue
[2025-06-24T14:48:58.033+0200] {logging_mixin.py:137} INFO - [2025-06-24T14:48:58.033+0200] {dagbag.py:538} INFO - Filling up the DagBag from /home/monica.fernandez/practica_creativa/venv-airflow/lib/python3.11/site-packages/airflow/example_dags/example_dag_decorator.py
[2025-06-24T14:48:58.063+0200] {logging_mixin.py:137} INFO - [2025-06-24T14:48:58.063+0200] {taskmixin.py:205} WARNING - Dependency <Task(_PythonDecoratedOperator): prepare_email>, send_email already registered for DAG: example_dag_decorator
[2025-06-24T14:48:58.063+0200] {logging_mixin.py:137} INFO - [2025-06-24T14:48:58.063+0200] {taskmixin.py:205} WARNING - Dependency <Task(EmailOperator): send_email>, prepare_email already registered for DAG: example_dag_decorator
[2025-06-24T14:48:58.073+0200] {processor.py:753} INFO - DAG(s) dict_keys(['example_dag_decorator']) retrieved from /home/monica.fernandez/practica_creativa/venv-airflow/lib/python3.11/site-packages/airflow/example_dags/example_dag_decorator.py
[2025-06-24T14:48:58.142+0200] {logging_mixin.py:137} INFO - [2025-06-24T14:48:58.142+0200] {dag.py:2690} INFO - Sync 1 DAGs
[2025-06-24T14:48:58.166+0200] {logging_mixin.py:137} INFO - [2025-06-24T14:48:58.165+0200] {dag.py:3437} INFO - Setting next_dagrun for example_dag_decorator to None, run_after=None
[2025-06-24T14:48:58.222+0200] {processor.py:175} INFO - Processing /home/monica.fernandez/practica_creativa/venv-airflow/lib/python3.11/site-packages/airflow/example_dags/example_dag_decorator.py took 0.197 seconds
[2025-06-24T14:49:54.428+0200] {processor.py:153} INFO - Started process (PID=255965) to work on /home/monica.fernandez/practica_creativa/venv-airflow/lib/python3.11/site-packages/airflow/example_dags/example_dag_decorator.py
[2025-06-24T14:49:54.429+0200] {processor.py:743} INFO - Processing file /home/monica.fernandez/practica_creativa/venv-airflow/lib/python3.11/site-packages/airflow/example_dags/example_dag_decorator.py for tasks to queue
[2025-06-24T14:49:54.429+0200] {logging_mixin.py:137} INFO - [2025-06-24T14:49:54.429+0200] {dagbag.py:538} INFO - Filling up the DagBag from /home/monica.fernandez/practica_creativa/venv-airflow/lib/python3.11/site-packages/airflow/example_dags/example_dag_decorator.py
[2025-06-24T14:49:54.457+0200] {logging_mixin.py:137} INFO - [2025-06-24T14:49:54.456+0200] {taskmixin.py:205} WARNING - Dependency <Task(_PythonDecoratedOperator): prepare_email>, send_email already registered for DAG: example_dag_decorator
[2025-06-24T14:49:54.457+0200] {logging_mixin.py:137} INFO - [2025-06-24T14:49:54.457+0200] {taskmixin.py:205} WARNING - Dependency <Task(EmailOperator): send_email>, prepare_email already registered for DAG: example_dag_decorator
[2025-06-24T14:49:54.467+0200] {processor.py:753} INFO - DAG(s) dict_keys(['example_dag_decorator']) retrieved from /home/monica.fernandez/practica_creativa/venv-airflow/lib/python3.11/site-packages/airflow/example_dags/example_dag_decorator.py
[2025-06-24T14:49:54.547+0200] {logging_mixin.py:137} INFO - [2025-06-24T14:49:54.547+0200] {dag.py:2690} INFO - Sync 1 DAGs
[2025-06-24T14:49:54.576+0200] {logging_mixin.py:137} INFO - [2025-06-24T14:49:54.576+0200] {dag.py:3437} INFO - Setting next_dagrun for example_dag_decorator to None, run_after=None
[2025-06-24T14:49:54.643+0200] {processor.py:175} INFO - Processing /home/monica.fernandez/practica_creativa/venv-airflow/lib/python3.11/site-packages/airflow/example_dags/example_dag_decorator.py took 0.220 seconds
[2025-06-24T14:50:47.489+0200] {processor.py:153} INFO - Started process (PID=256673) to work on /home/monica.fernandez/practica_creativa/venv-airflow/lib/python3.11/site-packages/airflow/example_dags/example_dag_decorator.py
[2025-06-24T14:50:47.489+0200] {processor.py:743} INFO - Processing file /home/monica.fernandez/practica_creativa/venv-airflow/lib/python3.11/site-packages/airflow/example_dags/example_dag_decorator.py for tasks to queue
[2025-06-24T14:50:47.490+0200] {logging_mixin.py:137} INFO - [2025-06-24T14:50:47.490+0200] {dagbag.py:538} INFO - Filling up the DagBag from /home/monica.fernandez/practica_creativa/venv-airflow/lib/python3.11/site-packages/airflow/example_dags/example_dag_decorator.py
[2025-06-24T14:50:47.510+0200] {logging_mixin.py:137} INFO - [2025-06-24T14:50:47.509+0200] {taskmixin.py:205} WARNING - Dependency <Task(_PythonDecoratedOperator): prepare_email>, send_email already registered for DAG: example_dag_decorator
[2025-06-24T14:50:47.510+0200] {logging_mixin.py:137} INFO - [2025-06-24T14:50:47.510+0200] {taskmixin.py:205} WARNING - Dependency <Task(EmailOperator): send_email>, prepare_email already registered for DAG: example_dag_decorator
[2025-06-24T14:50:47.516+0200] {processor.py:753} INFO - DAG(s) dict_keys(['example_dag_decorator']) retrieved from /home/monica.fernandez/practica_creativa/venv-airflow/lib/python3.11/site-packages/airflow/example_dags/example_dag_decorator.py
[2025-06-24T14:50:47.588+0200] {logging_mixin.py:137} INFO - [2025-06-24T14:50:47.587+0200] {dag.py:2690} INFO - Sync 1 DAGs
[2025-06-24T14:50:47.606+0200] {logging_mixin.py:137} INFO - [2025-06-24T14:50:47.606+0200] {dag.py:3437} INFO - Setting next_dagrun for example_dag_decorator to None, run_after=None
[2025-06-24T14:50:47.656+0200] {processor.py:175} INFO - Processing /home/monica.fernandez/practica_creativa/venv-airflow/lib/python3.11/site-packages/airflow/example_dags/example_dag_decorator.py took 0.169 seconds
[2025-06-24T14:51:37.877+0200] {processor.py:153} INFO - Started process (PID=257099) to work on /home/monica.fernandez/practica_creativa/venv-airflow/lib/python3.11/site-packages/airflow/example_dags/example_dag_decorator.py
[2025-06-24T14:51:37.877+0200] {processor.py:743} INFO - Processing file /home/monica.fernandez/practica_creativa/venv-airflow/lib/python3.11/site-packages/airflow/example_dags/example_dag_decorator.py for tasks to queue
[2025-06-24T14:51:37.878+0200] {logging_mixin.py:137} INFO - [2025-06-24T14:51:37.878+0200] {dagbag.py:538} INFO - Filling up the DagBag from /home/monica.fernandez/practica_creativa/venv-airflow/lib/python3.11/site-packages/airflow/example_dags/example_dag_decorator.py
[2025-06-24T14:51:37.911+0200] {logging_mixin.py:137} INFO - [2025-06-24T14:51:37.911+0200] {taskmixin.py:205} WARNING - Dependency <Task(_PythonDecoratedOperator): prepare_email>, send_email already registered for DAG: example_dag_decorator
[2025-06-24T14:51:37.911+0200] {logging_mixin.py:137} INFO - [2025-06-24T14:51:37.911+0200] {taskmixin.py:205} WARNING - Dependency <Task(EmailOperator): send_email>, prepare_email already registered for DAG: example_dag_decorator
[2025-06-24T14:51:37.919+0200] {processor.py:753} INFO - DAG(s) dict_keys(['example_dag_decorator']) retrieved from /home/monica.fernandez/practica_creativa/venv-airflow/lib/python3.11/site-packages/airflow/example_dags/example_dag_decorator.py
[2025-06-24T14:51:37.987+0200] {logging_mixin.py:137} INFO - [2025-06-24T14:51:37.987+0200] {dag.py:2690} INFO - Sync 1 DAGs
[2025-06-24T14:51:38.008+0200] {logging_mixin.py:137} INFO - [2025-06-24T14:51:38.008+0200] {dag.py:3437} INFO - Setting next_dagrun for example_dag_decorator to None, run_after=None
[2025-06-24T14:51:38.054+0200] {processor.py:175} INFO - Processing /home/monica.fernandez/practica_creativa/venv-airflow/lib/python3.11/site-packages/airflow/example_dags/example_dag_decorator.py took 0.180 seconds
[2025-06-24T14:52:30.630+0200] {processor.py:153} INFO - Started process (PID=257554) to work on /home/monica.fernandez/practica_creativa/venv-airflow/lib/python3.11/site-packages/airflow/example_dags/example_dag_decorator.py
[2025-06-24T14:52:30.631+0200] {processor.py:743} INFO - Processing file /home/monica.fernandez/practica_creativa/venv-airflow/lib/python3.11/site-packages/airflow/example_dags/example_dag_decorator.py for tasks to queue
[2025-06-24T14:52:30.631+0200] {logging_mixin.py:137} INFO - [2025-06-24T14:52:30.631+0200] {dagbag.py:538} INFO - Filling up the DagBag from /home/monica.fernandez/practica_creativa/venv-airflow/lib/python3.11/site-packages/airflow/example_dags/example_dag_decorator.py
[2025-06-24T14:52:30.652+0200] {logging_mixin.py:137} INFO - [2025-06-24T14:52:30.652+0200] {taskmixin.py:205} WARNING - Dependency <Task(_PythonDecoratedOperator): prepare_email>, send_email already registered for DAG: example_dag_decorator
[2025-06-24T14:52:30.652+0200] {logging_mixin.py:137} INFO - [2025-06-24T14:52:30.652+0200] {taskmixin.py:205} WARNING - Dependency <Task(EmailOperator): send_email>, prepare_email already registered for DAG: example_dag_decorator
[2025-06-24T14:52:30.659+0200] {processor.py:753} INFO - DAG(s) dict_keys(['example_dag_decorator']) retrieved from /home/monica.fernandez/practica_creativa/venv-airflow/lib/python3.11/site-packages/airflow/example_dags/example_dag_decorator.py
[2025-06-24T14:52:30.725+0200] {logging_mixin.py:137} INFO - [2025-06-24T14:52:30.725+0200] {dag.py:2690} INFO - Sync 1 DAGs
[2025-06-24T14:52:30.749+0200] {logging_mixin.py:137} INFO - [2025-06-24T14:52:30.749+0200] {dag.py:3437} INFO - Setting next_dagrun for example_dag_decorator to None, run_after=None
[2025-06-24T14:52:30.797+0200] {processor.py:175} INFO - Processing /home/monica.fernandez/practica_creativa/venv-airflow/lib/python3.11/site-packages/airflow/example_dags/example_dag_decorator.py took 0.169 seconds
[2025-06-24T14:53:18.393+0200] {processor.py:153} INFO - Started process (PID=257908) to work on /home/monica.fernandez/practica_creativa/venv-airflow/lib/python3.11/site-packages/airflow/example_dags/example_dag_decorator.py
[2025-06-24T14:53:18.394+0200] {processor.py:743} INFO - Processing file /home/monica.fernandez/practica_creativa/venv-airflow/lib/python3.11/site-packages/airflow/example_dags/example_dag_decorator.py for tasks to queue
[2025-06-24T14:53:18.395+0200] {logging_mixin.py:137} INFO - [2025-06-24T14:53:18.395+0200] {dagbag.py:538} INFO - Filling up the DagBag from /home/monica.fernandez/practica_creativa/venv-airflow/lib/python3.11/site-packages/airflow/example_dags/example_dag_decorator.py
[2025-06-24T14:53:18.425+0200] {logging_mixin.py:137} INFO - [2025-06-24T14:53:18.424+0200] {taskmixin.py:205} WARNING - Dependency <Task(_PythonDecoratedOperator): prepare_email>, send_email already registered for DAG: example_dag_decorator
[2025-06-24T14:53:18.425+0200] {logging_mixin.py:137} INFO - [2025-06-24T14:53:18.425+0200] {taskmixin.py:205} WARNING - Dependency <Task(EmailOperator): send_email>, prepare_email already registered for DAG: example_dag_decorator
[2025-06-24T14:53:18.435+0200] {processor.py:753} INFO - DAG(s) dict_keys(['example_dag_decorator']) retrieved from /home/monica.fernandez/practica_creativa/venv-airflow/lib/python3.11/site-packages/airflow/example_dags/example_dag_decorator.py
[2025-06-24T14:53:18.525+0200] {logging_mixin.py:137} INFO - [2025-06-24T14:53:18.524+0200] {dag.py:2690} INFO - Sync 1 DAGs
[2025-06-24T14:53:18.554+0200] {logging_mixin.py:137} INFO - [2025-06-24T14:53:18.554+0200] {dag.py:3437} INFO - Setting next_dagrun for example_dag_decorator to None, run_after=None
[2025-06-24T14:53:18.622+0200] {processor.py:175} INFO - Processing /home/monica.fernandez/practica_creativa/venv-airflow/lib/python3.11/site-packages/airflow/example_dags/example_dag_decorator.py took 0.234 seconds
[2025-06-24T14:54:17.427+0200] {processor.py:153} INFO - Started process (PID=258385) to work on /home/monica.fernandez/practica_creativa/venv-airflow/lib/python3.11/site-packages/airflow/example_dags/example_dag_decorator.py
[2025-06-24T14:54:17.427+0200] {processor.py:743} INFO - Processing file /home/monica.fernandez/practica_creativa/venv-airflow/lib/python3.11/site-packages/airflow/example_dags/example_dag_decorator.py for tasks to queue
[2025-06-24T14:54:17.428+0200] {logging_mixin.py:137} INFO - [2025-06-24T14:54:17.428+0200] {dagbag.py:538} INFO - Filling up the DagBag from /home/monica.fernandez/practica_creativa/venv-airflow/lib/python3.11/site-packages/airflow/example_dags/example_dag_decorator.py
[2025-06-24T14:54:17.444+0200] {logging_mixin.py:137} INFO - [2025-06-24T14:54:17.444+0200] {taskmixin.py:205} WARNING - Dependency <Task(_PythonDecoratedOperator): prepare_email>, send_email already registered for DAG: example_dag_decorator
[2025-06-24T14:54:17.444+0200] {logging_mixin.py:137} INFO - [2025-06-24T14:54:17.444+0200] {taskmixin.py:205} WARNING - Dependency <Task(EmailOperator): send_email>, prepare_email already registered for DAG: example_dag_decorator
[2025-06-24T14:54:17.450+0200] {processor.py:753} INFO - DAG(s) dict_keys(['example_dag_decorator']) retrieved from /home/monica.fernandez/practica_creativa/venv-airflow/lib/python3.11/site-packages/airflow/example_dags/example_dag_decorator.py
[2025-06-24T14:54:17.506+0200] {logging_mixin.py:137} INFO - [2025-06-24T14:54:17.506+0200] {dag.py:2690} INFO - Sync 1 DAGs
[2025-06-24T14:54:17.524+0200] {logging_mixin.py:137} INFO - [2025-06-24T14:54:17.523+0200] {dag.py:3437} INFO - Setting next_dagrun for example_dag_decorator to None, run_after=None
[2025-06-24T14:54:17.568+0200] {processor.py:175} INFO - Processing /home/monica.fernandez/practica_creativa/venv-airflow/lib/python3.11/site-packages/airflow/example_dags/example_dag_decorator.py took 0.144 seconds
[2025-06-24T14:55:04.593+0200] {processor.py:153} INFO - Started process (PID=258800) to work on /home/monica.fernandez/practica_creativa/venv-airflow/lib/python3.11/site-packages/airflow/example_dags/example_dag_decorator.py
[2025-06-24T14:55:04.594+0200] {processor.py:743} INFO - Processing file /home/monica.fernandez/practica_creativa/venv-airflow/lib/python3.11/site-packages/airflow/example_dags/example_dag_decorator.py for tasks to queue
[2025-06-24T14:55:04.595+0200] {logging_mixin.py:137} INFO - [2025-06-24T14:55:04.595+0200] {dagbag.py:538} INFO - Filling up the DagBag from /home/monica.fernandez/practica_creativa/venv-airflow/lib/python3.11/site-packages/airflow/example_dags/example_dag_decorator.py
[2025-06-24T14:55:04.626+0200] {logging_mixin.py:137} INFO - [2025-06-24T14:55:04.626+0200] {taskmixin.py:205} WARNING - Dependency <Task(_PythonDecoratedOperator): prepare_email>, send_email already registered for DAG: example_dag_decorator
[2025-06-24T14:55:04.626+0200] {logging_mixin.py:137} INFO - [2025-06-24T14:55:04.626+0200] {taskmixin.py:205} WARNING - Dependency <Task(EmailOperator): send_email>, prepare_email already registered for DAG: example_dag_decorator
[2025-06-24T14:55:04.637+0200] {processor.py:753} INFO - DAG(s) dict_keys(['example_dag_decorator']) retrieved from /home/monica.fernandez/practica_creativa/venv-airflow/lib/python3.11/site-packages/airflow/example_dags/example_dag_decorator.py
[2025-06-24T14:55:04.714+0200] {logging_mixin.py:137} INFO - [2025-06-24T14:55:04.714+0200] {dag.py:2690} INFO - Sync 1 DAGs
[2025-06-24T14:55:04.740+0200] {logging_mixin.py:137} INFO - [2025-06-24T14:55:04.740+0200] {dag.py:3437} INFO - Setting next_dagrun for example_dag_decorator to None, run_after=None
[2025-06-24T14:55:04.923+0200] {processor.py:175} INFO - Processing /home/monica.fernandez/practica_creativa/venv-airflow/lib/python3.11/site-packages/airflow/example_dags/example_dag_decorator.py took 0.336 seconds
