[2025-06-24T14:47:06.718+0200] {processor.py:153} INFO - Started process (PID=254591) to work on /home/monica.fernandez/practica_creativa/venv-airflow/lib/python3.11/site-packages/airflow/example_dags/example_sensor_decorator.py
[2025-06-24T14:47:06.719+0200] {processor.py:743} INFO - Processing file /home/monica.fernandez/practica_creativa/venv-airflow/lib/python3.11/site-packages/airflow/example_dags/example_sensor_decorator.py for tasks to queue
[2025-06-24T14:47:06.720+0200] {logging_mixin.py:137} INFO - [2025-06-24T14:47:06.720+0200] {dagbag.py:538} INFO - Filling up the DagBag from /home/monica.fernandez/practica_creativa/venv-airflow/lib/python3.11/site-packages/airflow/example_dags/example_sensor_decorator.py
[2025-06-24T14:47:06.757+0200] {processor.py:753} INFO - DAG(s) dict_keys(['example_sensor_decorator']) retrieved from /home/monica.fernandez/practica_creativa/venv-airflow/lib/python3.11/site-packages/airflow/example_dags/example_sensor_decorator.py
[2025-06-24T14:47:06.799+0200] {logging_mixin.py:137} INFO - [2025-06-24T14:47:06.799+0200] {dag.py:2690} INFO - Sync 1 DAGs
[2025-06-24T14:47:06.832+0200] {logging_mixin.py:137} INFO - [2025-06-24T14:47:06.832+0200] {dag.py:3437} INFO - Setting next_dagrun for example_sensor_decorator to None, run_after=None
[2025-06-24T14:47:06.902+0200] {processor.py:175} INFO - Processing /home/monica.fernandez/practica_creativa/venv-airflow/lib/python3.11/site-packages/airflow/example_dags/example_sensor_decorator.py took 0.188 seconds
[2025-06-24T14:47:53.493+0200] {processor.py:153} INFO - Started process (PID=254993) to work on /home/monica.fernandez/practica_creativa/venv-airflow/lib/python3.11/site-packages/airflow/example_dags/example_sensor_decorator.py
[2025-06-24T14:47:53.497+0200] {processor.py:743} INFO - Processing file /home/monica.fernandez/practica_creativa/venv-airflow/lib/python3.11/site-packages/airflow/example_dags/example_sensor_decorator.py for tasks to queue
[2025-06-24T14:47:53.499+0200] {logging_mixin.py:137} INFO - [2025-06-24T14:47:53.497+0200] {dagbag.py:538} INFO - Filling up the DagBag from /home/monica.fernandez/practica_creativa/venv-airflow/lib/python3.11/site-packages/airflow/example_dags/example_sensor_decorator.py
[2025-06-24T14:47:53.535+0200] {processor.py:753} INFO - DAG(s) dict_keys(['example_sensor_decorator']) retrieved from /home/monica.fernandez/practica_creativa/venv-airflow/lib/python3.11/site-packages/airflow/example_dags/example_sensor_decorator.py
[2025-06-24T14:47:53.560+0200] {logging_mixin.py:137} INFO - [2025-06-24T14:47:53.560+0200] {dag.py:2690} INFO - Sync 1 DAGs
[2025-06-24T14:47:53.580+0200] {logging_mixin.py:137} INFO - [2025-06-24T14:47:53.580+0200] {dag.py:3437} INFO - Setting next_dagrun for example_sensor_decorator to None, run_after=None
[2025-06-24T14:47:53.631+0200] {processor.py:175} INFO - Processing /home/monica.fernandez/practica_creativa/venv-airflow/lib/python3.11/site-packages/airflow/example_dags/example_sensor_decorator.py took 0.144 seconds
[2025-06-24T14:48:41.573+0200] {processor.py:153} INFO - Started process (PID=255319) to work on /home/monica.fernandez/practica_creativa/venv-airflow/lib/python3.11/site-packages/airflow/example_dags/example_sensor_decorator.py
[2025-06-24T14:48:41.574+0200] {processor.py:743} INFO - Processing file /home/monica.fernandez/practica_creativa/venv-airflow/lib/python3.11/site-packages/airflow/example_dags/example_sensor_decorator.py for tasks to queue
[2025-06-24T14:48:41.575+0200] {logging_mixin.py:137} INFO - [2025-06-24T14:48:41.575+0200] {dagbag.py:538} INFO - Filling up the DagBag from /home/monica.fernandez/practica_creativa/venv-airflow/lib/python3.11/site-packages/airflow/example_dags/example_sensor_decorator.py
[2025-06-24T14:48:41.599+0200] {processor.py:753} INFO - DAG(s) dict_keys(['example_sensor_decorator']) retrieved from /home/monica.fernandez/practica_creativa/venv-airflow/lib/python3.11/site-packages/airflow/example_dags/example_sensor_decorator.py
[2025-06-24T14:48:41.637+0200] {logging_mixin.py:137} INFO - [2025-06-24T14:48:41.637+0200] {dag.py:2690} INFO - Sync 1 DAGs
[2025-06-24T14:48:41.665+0200] {logging_mixin.py:137} INFO - [2025-06-24T14:48:41.665+0200] {dag.py:3437} INFO - Setting next_dagrun for example_sensor_decorator to None, run_after=None
[2025-06-24T14:48:41.726+0200] {processor.py:175} INFO - Processing /home/monica.fernandez/practica_creativa/venv-airflow/lib/python3.11/site-packages/airflow/example_dags/example_sensor_decorator.py took 0.156 seconds
[2025-06-24T14:49:32.091+0200] {processor.py:153} INFO - Started process (PID=255769) to work on /home/monica.fernandez/practica_creativa/venv-airflow/lib/python3.11/site-packages/airflow/example_dags/example_sensor_decorator.py
[2025-06-24T14:49:32.092+0200] {processor.py:743} INFO - Processing file /home/monica.fernandez/practica_creativa/venv-airflow/lib/python3.11/site-packages/airflow/example_dags/example_sensor_decorator.py for tasks to queue
[2025-06-24T14:49:32.093+0200] {logging_mixin.py:137} INFO - [2025-06-24T14:49:32.093+0200] {dagbag.py:538} INFO - Filling up the DagBag from /home/monica.fernandez/practica_creativa/venv-airflow/lib/python3.11/site-packages/airflow/example_dags/example_sensor_decorator.py
[2025-06-24T14:49:32.123+0200] {processor.py:753} INFO - DAG(s) dict_keys(['example_sensor_decorator']) retrieved from /home/monica.fernandez/practica_creativa/venv-airflow/lib/python3.11/site-packages/airflow/example_dags/example_sensor_decorator.py
[2025-06-24T14:49:32.155+0200] {logging_mixin.py:137} INFO - [2025-06-24T14:49:32.155+0200] {dag.py:2690} INFO - Sync 1 DAGs
[2025-06-24T14:49:32.175+0200] {logging_mixin.py:137} INFO - [2025-06-24T14:49:32.175+0200] {dag.py:3437} INFO - Setting next_dagrun for example_sensor_decorator to None, run_after=None
[2025-06-24T14:49:32.221+0200] {processor.py:175} INFO - Processing /home/monica.fernandez/practica_creativa/venv-airflow/lib/python3.11/site-packages/airflow/example_dags/example_sensor_decorator.py took 0.135 seconds
[2025-06-24T14:50:19.604+0200] {processor.py:153} INFO - Started process (PID=256433) to work on /home/monica.fernandez/practica_creativa/venv-airflow/lib/python3.11/site-packages/airflow/example_dags/example_sensor_decorator.py
[2025-06-24T14:50:19.604+0200] {processor.py:743} INFO - Processing file /home/monica.fernandez/practica_creativa/venv-airflow/lib/python3.11/site-packages/airflow/example_dags/example_sensor_decorator.py for tasks to queue
[2025-06-24T14:50:19.605+0200] {logging_mixin.py:137} INFO - [2025-06-24T14:50:19.605+0200] {dagbag.py:538} INFO - Filling up the DagBag from /home/monica.fernandez/practica_creativa/venv-airflow/lib/python3.11/site-packages/airflow/example_dags/example_sensor_decorator.py
[2025-06-24T14:50:19.624+0200] {processor.py:753} INFO - DAG(s) dict_keys(['example_sensor_decorator']) retrieved from /home/monica.fernandez/practica_creativa/venv-airflow/lib/python3.11/site-packages/airflow/example_dags/example_sensor_decorator.py
[2025-06-24T14:50:19.651+0200] {logging_mixin.py:137} INFO - [2025-06-24T14:50:19.651+0200] {dag.py:2690} INFO - Sync 1 DAGs
[2025-06-24T14:50:19.672+0200] {logging_mixin.py:137} INFO - [2025-06-24T14:50:19.672+0200] {dag.py:3437} INFO - Setting next_dagrun for example_sensor_decorator to None, run_after=None
[2025-06-24T14:50:19.726+0200] {processor.py:175} INFO - Processing /home/monica.fernandez/practica_creativa/venv-airflow/lib/python3.11/site-packages/airflow/example_dags/example_sensor_decorator.py took 0.126 seconds
[2025-06-24T14:51:11.377+0200] {processor.py:153} INFO - Started process (PID=256886) to work on /home/monica.fernandez/practica_creativa/venv-airflow/lib/python3.11/site-packages/airflow/example_dags/example_sensor_decorator.py
[2025-06-24T14:51:11.378+0200] {processor.py:743} INFO - Processing file /home/monica.fernandez/practica_creativa/venv-airflow/lib/python3.11/site-packages/airflow/example_dags/example_sensor_decorator.py for tasks to queue
[2025-06-24T14:51:11.379+0200] {logging_mixin.py:137} INFO - [2025-06-24T14:51:11.379+0200] {dagbag.py:538} INFO - Filling up the DagBag from /home/monica.fernandez/practica_creativa/venv-airflow/lib/python3.11/site-packages/airflow/example_dags/example_sensor_decorator.py
[2025-06-24T14:51:11.409+0200] {processor.py:753} INFO - DAG(s) dict_keys(['example_sensor_decorator']) retrieved from /home/monica.fernandez/practica_creativa/venv-airflow/lib/python3.11/site-packages/airflow/example_dags/example_sensor_decorator.py
[2025-06-24T14:51:11.451+0200] {logging_mixin.py:137} INFO - [2025-06-24T14:51:11.451+0200] {dag.py:2690} INFO - Sync 1 DAGs
[2025-06-24T14:51:11.486+0200] {logging_mixin.py:137} INFO - [2025-06-24T14:51:11.485+0200] {dag.py:3437} INFO - Setting next_dagrun for example_sensor_decorator to None, run_after=None
[2025-06-24T14:51:11.562+0200] {processor.py:175} INFO - Processing /home/monica.fernandez/practica_creativa/venv-airflow/lib/python3.11/site-packages/airflow/example_dags/example_sensor_decorator.py took 0.190 seconds
[2025-06-24T14:52:03.657+0200] {processor.py:153} INFO - Started process (PID=257347) to work on /home/monica.fernandez/practica_creativa/venv-airflow/lib/python3.11/site-packages/airflow/example_dags/example_sensor_decorator.py
[2025-06-24T14:52:03.658+0200] {processor.py:743} INFO - Processing file /home/monica.fernandez/practica_creativa/venv-airflow/lib/python3.11/site-packages/airflow/example_dags/example_sensor_decorator.py for tasks to queue
[2025-06-24T14:52:03.659+0200] {logging_mixin.py:137} INFO - [2025-06-24T14:52:03.658+0200] {dagbag.py:538} INFO - Filling up the DagBag from /home/monica.fernandez/practica_creativa/venv-airflow/lib/python3.11/site-packages/airflow/example_dags/example_sensor_decorator.py
[2025-06-24T14:52:03.684+0200] {processor.py:753} INFO - DAG(s) dict_keys(['example_sensor_decorator']) retrieved from /home/monica.fernandez/practica_creativa/venv-airflow/lib/python3.11/site-packages/airflow/example_dags/example_sensor_decorator.py
[2025-06-24T14:52:03.724+0200] {logging_mixin.py:137} INFO - [2025-06-24T14:52:03.724+0200] {dag.py:2690} INFO - Sync 1 DAGs
[2025-06-24T14:52:03.757+0200] {logging_mixin.py:137} INFO - [2025-06-24T14:52:03.757+0200] {dag.py:3437} INFO - Setting next_dagrun for example_sensor_decorator to None, run_after=None
[2025-06-24T14:52:03.811+0200] {processor.py:175} INFO - Processing /home/monica.fernandez/practica_creativa/venv-airflow/lib/python3.11/site-packages/airflow/example_dags/example_sensor_decorator.py took 0.159 seconds
[2025-06-24T14:52:53.346+0200] {processor.py:153} INFO - Started process (PID=257692) to work on /home/monica.fernandez/practica_creativa/venv-airflow/lib/python3.11/site-packages/airflow/example_dags/example_sensor_decorator.py
[2025-06-24T14:52:53.347+0200] {processor.py:743} INFO - Processing file /home/monica.fernandez/practica_creativa/venv-airflow/lib/python3.11/site-packages/airflow/example_dags/example_sensor_decorator.py for tasks to queue
[2025-06-24T14:52:53.348+0200] {logging_mixin.py:137} INFO - [2025-06-24T14:52:53.348+0200] {dagbag.py:538} INFO - Filling up the DagBag from /home/monica.fernandez/practica_creativa/venv-airflow/lib/python3.11/site-packages/airflow/example_dags/example_sensor_decorator.py
[2025-06-24T14:52:53.365+0200] {processor.py:753} INFO - DAG(s) dict_keys(['example_sensor_decorator']) retrieved from /home/monica.fernandez/practica_creativa/venv-airflow/lib/python3.11/site-packages/airflow/example_dags/example_sensor_decorator.py
[2025-06-24T14:52:53.391+0200] {logging_mixin.py:137} INFO - [2025-06-24T14:52:53.391+0200] {dag.py:2690} INFO - Sync 1 DAGs
[2025-06-24T14:52:53.413+0200] {logging_mixin.py:137} INFO - [2025-06-24T14:52:53.413+0200] {dag.py:3437} INFO - Setting next_dagrun for example_sensor_decorator to None, run_after=None
[2025-06-24T14:52:53.469+0200] {processor.py:175} INFO - Processing /home/monica.fernandez/practica_creativa/venv-airflow/lib/python3.11/site-packages/airflow/example_dags/example_sensor_decorator.py took 0.126 seconds
[2025-06-24T14:53:46.500+0200] {processor.py:153} INFO - Started process (PID=258126) to work on /home/monica.fernandez/practica_creativa/venv-airflow/lib/python3.11/site-packages/airflow/example_dags/example_sensor_decorator.py
[2025-06-24T14:53:46.501+0200] {processor.py:743} INFO - Processing file /home/monica.fernandez/practica_creativa/venv-airflow/lib/python3.11/site-packages/airflow/example_dags/example_sensor_decorator.py for tasks to queue
[2025-06-24T14:53:46.502+0200] {logging_mixin.py:137} INFO - [2025-06-24T14:53:46.502+0200] {dagbag.py:538} INFO - Filling up the DagBag from /home/monica.fernandez/practica_creativa/venv-airflow/lib/python3.11/site-packages/airflow/example_dags/example_sensor_decorator.py
[2025-06-24T14:53:46.531+0200] {processor.py:753} INFO - DAG(s) dict_keys(['example_sensor_decorator']) retrieved from /home/monica.fernandez/practica_creativa/venv-airflow/lib/python3.11/site-packages/airflow/example_dags/example_sensor_decorator.py
[2025-06-24T14:53:46.572+0200] {logging_mixin.py:137} INFO - [2025-06-24T14:53:46.572+0200] {dag.py:2690} INFO - Sync 1 DAGs
[2025-06-24T14:53:46.608+0200] {logging_mixin.py:137} INFO - [2025-06-24T14:53:46.608+0200] {dag.py:3437} INFO - Setting next_dagrun for example_sensor_decorator to None, run_after=None
[2025-06-24T14:53:46.684+0200] {processor.py:175} INFO - Processing /home/monica.fernandez/practica_creativa/venv-airflow/lib/python3.11/site-packages/airflow/example_dags/example_sensor_decorator.py took 0.189 seconds
[2025-06-24T14:54:40.783+0200] {processor.py:153} INFO - Started process (PID=258564) to work on /home/monica.fernandez/practica_creativa/venv-airflow/lib/python3.11/site-packages/airflow/example_dags/example_sensor_decorator.py
[2025-06-24T14:54:40.785+0200] {processor.py:743} INFO - Processing file /home/monica.fernandez/practica_creativa/venv-airflow/lib/python3.11/site-packages/airflow/example_dags/example_sensor_decorator.py for tasks to queue
[2025-06-24T14:54:40.785+0200] {logging_mixin.py:137} INFO - [2025-06-24T14:54:40.785+0200] {dagbag.py:538} INFO - Filling up the DagBag from /home/monica.fernandez/practica_creativa/venv-airflow/lib/python3.11/site-packages/airflow/example_dags/example_sensor_decorator.py
[2025-06-24T14:54:40.815+0200] {processor.py:753} INFO - DAG(s) dict_keys(['example_sensor_decorator']) retrieved from /home/monica.fernandez/practica_creativa/venv-airflow/lib/python3.11/site-packages/airflow/example_dags/example_sensor_decorator.py
[2025-06-24T14:54:40.860+0200] {logging_mixin.py:137} INFO - [2025-06-24T14:54:40.860+0200] {dag.py:2690} INFO - Sync 1 DAGs
[2025-06-24T14:54:40.893+0200] {logging_mixin.py:137} INFO - [2025-06-24T14:54:40.893+0200] {dag.py:3437} INFO - Setting next_dagrun for example_sensor_decorator to None, run_after=None
[2025-06-24T14:54:40.962+0200] {processor.py:175} INFO - Processing /home/monica.fernandez/practica_creativa/venv-airflow/lib/python3.11/site-packages/airflow/example_dags/example_sensor_decorator.py took 0.183 seconds
[2025-06-24T14:55:25.938+0200] {processor.py:153} INFO - Started process (PID=258987) to work on /home/monica.fernandez/practica_creativa/venv-airflow/lib/python3.11/site-packages/airflow/example_dags/example_sensor_decorator.py
[2025-06-24T14:55:25.940+0200] {processor.py:743} INFO - Processing file /home/monica.fernandez/practica_creativa/venv-airflow/lib/python3.11/site-packages/airflow/example_dags/example_sensor_decorator.py for tasks to queue
[2025-06-24T14:55:25.941+0200] {logging_mixin.py:137} INFO - [2025-06-24T14:55:25.941+0200] {dagbag.py:538} INFO - Filling up the DagBag from /home/monica.fernandez/practica_creativa/venv-airflow/lib/python3.11/site-packages/airflow/example_dags/example_sensor_decorator.py
[2025-06-24T14:55:25.970+0200] {processor.py:753} INFO - DAG(s) dict_keys(['example_sensor_decorator']) retrieved from /home/monica.fernandez/practica_creativa/venv-airflow/lib/python3.11/site-packages/airflow/example_dags/example_sensor_decorator.py
[2025-06-24T14:55:26.004+0200] {logging_mixin.py:137} INFO - [2025-06-24T14:55:26.003+0200] {dag.py:2690} INFO - Sync 1 DAGs
[2025-06-24T14:55:26.032+0200] {logging_mixin.py:137} INFO - [2025-06-24T14:55:26.032+0200] {dag.py:3437} INFO - Setting next_dagrun for example_sensor_decorator to None, run_after=None
[2025-06-24T14:55:26.107+0200] {processor.py:175} INFO - Processing /home/monica.fernandez/practica_creativa/venv-airflow/lib/python3.11/site-packages/airflow/example_dags/example_sensor_decorator.py took 0.173 seconds
