[2025-06-24T14:47:18.535+0200] {processor.py:153} INFO - Started process (PID=254637) to work on /home/monica.fernandez/practica_creativa/venv-airflow/lib/python3.11/site-packages/airflow/example_dags/example_datasets.py
[2025-06-24T14:47:18.537+0200] {processor.py:743} INFO - Processing file /home/monica.fernandez/practica_creativa/venv-airflow/lib/python3.11/site-packages/airflow/example_dags/example_datasets.py for tasks to queue
[2025-06-24T14:47:18.539+0200] {logging_mixin.py:137} INFO - [2025-06-24T14:47:18.538+0200] {dagbag.py:538} INFO - Filling up the DagBag from /home/monica.fernandez/practica_creativa/venv-airflow/lib/python3.11/site-packages/airflow/example_dags/example_datasets.py
[2025-06-24T14:47:18.557+0200] {processor.py:753} INFO - DAG(s) dict_keys(['dataset_consumes_1_never_scheduled', 'dataset_consumes_1', 'dataset_produces_2', 'dataset_consumes_1_and_2', 'dataset_consumes_unknown_never_scheduled', 'dataset_produces_1']) retrieved from /home/monica.fernandez/practica_creativa/venv-airflow/lib/python3.11/site-packages/airflow/example_dags/example_datasets.py
[2025-06-24T14:47:18.704+0200] {logging_mixin.py:137} INFO - [2025-06-24T14:47:18.703+0200] {dag.py:2690} INFO - Sync 6 DAGs
[2025-06-24T14:47:18.732+0200] {logging_mixin.py:137} INFO - [2025-06-24T14:47:18.732+0200] {dag.py:3437} INFO - Setting next_dagrun for dataset_consumes_1 to None, run_after=None
[2025-06-24T14:47:18.737+0200] {logging_mixin.py:137} INFO - [2025-06-24T14:47:18.737+0200] {dag.py:3437} INFO - Setting next_dagrun for dataset_consumes_1_and_2 to None, run_after=None
[2025-06-24T14:47:18.741+0200] {logging_mixin.py:137} INFO - [2025-06-24T14:47:18.741+0200] {dag.py:3437} INFO - Setting next_dagrun for dataset_consumes_1_never_scheduled to None, run_after=None
[2025-06-24T14:47:18.744+0200] {logging_mixin.py:137} INFO - [2025-06-24T14:47:18.744+0200] {dag.py:3437} INFO - Setting next_dagrun for dataset_consumes_unknown_never_scheduled to None, run_after=None
[2025-06-24T14:47:18.749+0200] {logging_mixin.py:137} INFO - [2025-06-24T14:47:18.749+0200] {dag.py:3437} INFO - Setting next_dagrun for dataset_produces_1 to 2025-06-23T00:00:00+00:00, run_after=2025-06-24T00:00:00+00:00
[2025-06-24T14:47:18.752+0200] {logging_mixin.py:137} INFO - [2025-06-24T14:47:18.752+0200] {dag.py:3437} INFO - Setting next_dagrun for dataset_produces_2 to None, run_after=None
[2025-06-24T14:47:18.850+0200] {processor.py:175} INFO - Processing /home/monica.fernandez/practica_creativa/venv-airflow/lib/python3.11/site-packages/airflow/example_dags/example_datasets.py took 0.320 seconds
[2025-06-24T14:48:08.052+0200] {processor.py:153} INFO - Started process (PID=255089) to work on /home/monica.fernandez/practica_creativa/venv-airflow/lib/python3.11/site-packages/airflow/example_dags/example_datasets.py
[2025-06-24T14:48:08.053+0200] {processor.py:743} INFO - Processing file /home/monica.fernandez/practica_creativa/venv-airflow/lib/python3.11/site-packages/airflow/example_dags/example_datasets.py for tasks to queue
[2025-06-24T14:48:08.054+0200] {logging_mixin.py:137} INFO - [2025-06-24T14:48:08.054+0200] {dagbag.py:538} INFO - Filling up the DagBag from /home/monica.fernandez/practica_creativa/venv-airflow/lib/python3.11/site-packages/airflow/example_dags/example_datasets.py
[2025-06-24T14:48:08.073+0200] {processor.py:753} INFO - DAG(s) dict_keys(['dataset_consumes_1_and_2', 'dataset_consumes_1_never_scheduled', 'dataset_produces_2', 'dataset_produces_1', 'dataset_consumes_1', 'dataset_consumes_unknown_never_scheduled']) retrieved from /home/monica.fernandez/practica_creativa/venv-airflow/lib/python3.11/site-packages/airflow/example_dags/example_datasets.py
[2025-06-24T14:48:08.153+0200] {logging_mixin.py:137} INFO - [2025-06-24T14:48:08.153+0200] {dag.py:2690} INFO - Sync 6 DAGs
[2025-06-24T14:48:08.189+0200] {logging_mixin.py:137} INFO - [2025-06-24T14:48:08.189+0200] {dag.py:3437} INFO - Setting next_dagrun for dataset_consumes_1 to None, run_after=None
[2025-06-24T14:48:08.195+0200] {logging_mixin.py:137} INFO - [2025-06-24T14:48:08.195+0200] {dag.py:3437} INFO - Setting next_dagrun for dataset_consumes_1_and_2 to None, run_after=None
[2025-06-24T14:48:08.199+0200] {logging_mixin.py:137} INFO - [2025-06-24T14:48:08.199+0200] {dag.py:3437} INFO - Setting next_dagrun for dataset_consumes_1_never_scheduled to None, run_after=None
[2025-06-24T14:48:08.202+0200] {logging_mixin.py:137} INFO - [2025-06-24T14:48:08.202+0200] {dag.py:3437} INFO - Setting next_dagrun for dataset_consumes_unknown_never_scheduled to None, run_after=None
[2025-06-24T14:48:08.207+0200] {logging_mixin.py:137} INFO - [2025-06-24T14:48:08.207+0200] {dag.py:3437} INFO - Setting next_dagrun for dataset_produces_1 to 2025-06-23T00:00:00+00:00, run_after=2025-06-24T00:00:00+00:00
[2025-06-24T14:48:08.211+0200] {logging_mixin.py:137} INFO - [2025-06-24T14:48:08.211+0200] {dag.py:3437} INFO - Setting next_dagrun for dataset_produces_2 to None, run_after=None
[2025-06-24T14:48:08.311+0200] {processor.py:175} INFO - Processing /home/monica.fernandez/practica_creativa/venv-airflow/lib/python3.11/site-packages/airflow/example_dags/example_datasets.py took 0.263 seconds
[2025-06-24T14:48:55.189+0200] {processor.py:153} INFO - Started process (PID=255486) to work on /home/monica.fernandez/practica_creativa/venv-airflow/lib/python3.11/site-packages/airflow/example_dags/example_datasets.py
[2025-06-24T14:48:55.190+0200] {processor.py:743} INFO - Processing file /home/monica.fernandez/practica_creativa/venv-airflow/lib/python3.11/site-packages/airflow/example_dags/example_datasets.py for tasks to queue
[2025-06-24T14:48:55.191+0200] {logging_mixin.py:137} INFO - [2025-06-24T14:48:55.190+0200] {dagbag.py:538} INFO - Filling up the DagBag from /home/monica.fernandez/practica_creativa/venv-airflow/lib/python3.11/site-packages/airflow/example_dags/example_datasets.py
[2025-06-24T14:48:55.207+0200] {processor.py:753} INFO - DAG(s) dict_keys(['dataset_consumes_unknown_never_scheduled', 'dataset_consumes_1_and_2', 'dataset_produces_1', 'dataset_consumes_1_never_scheduled', 'dataset_produces_2', 'dataset_consumes_1']) retrieved from /home/monica.fernandez/practica_creativa/venv-airflow/lib/python3.11/site-packages/airflow/example_dags/example_datasets.py
[2025-06-24T14:48:55.286+0200] {logging_mixin.py:137} INFO - [2025-06-24T14:48:55.285+0200] {dag.py:2690} INFO - Sync 6 DAGs
[2025-06-24T14:48:55.319+0200] {logging_mixin.py:137} INFO - [2025-06-24T14:48:55.319+0200] {dag.py:3437} INFO - Setting next_dagrun for dataset_consumes_1 to None, run_after=None
[2025-06-24T14:48:55.324+0200] {logging_mixin.py:137} INFO - [2025-06-24T14:48:55.324+0200] {dag.py:3437} INFO - Setting next_dagrun for dataset_consumes_1_and_2 to None, run_after=None
[2025-06-24T14:48:55.328+0200] {logging_mixin.py:137} INFO - [2025-06-24T14:48:55.327+0200] {dag.py:3437} INFO - Setting next_dagrun for dataset_consumes_1_never_scheduled to None, run_after=None
[2025-06-24T14:48:55.332+0200] {logging_mixin.py:137} INFO - [2025-06-24T14:48:55.332+0200] {dag.py:3437} INFO - Setting next_dagrun for dataset_consumes_unknown_never_scheduled to None, run_after=None
[2025-06-24T14:48:55.337+0200] {logging_mixin.py:137} INFO - [2025-06-24T14:48:55.337+0200] {dag.py:3437} INFO - Setting next_dagrun for dataset_produces_1 to 2025-06-23T00:00:00+00:00, run_after=2025-06-24T00:00:00+00:00
[2025-06-24T14:48:55.342+0200] {logging_mixin.py:137} INFO - [2025-06-24T14:48:55.341+0200] {dag.py:3437} INFO - Setting next_dagrun for dataset_produces_2 to None, run_after=None
[2025-06-24T14:48:55.448+0200] {processor.py:175} INFO - Processing /home/monica.fernandez/practica_creativa/venv-airflow/lib/python3.11/site-packages/airflow/example_dags/example_datasets.py took 0.265 seconds
[2025-06-24T14:49:51.731+0200] {processor.py:153} INFO - Started process (PID=255869) to work on /home/monica.fernandez/practica_creativa/venv-airflow/lib/python3.11/site-packages/airflow/example_dags/example_datasets.py
[2025-06-24T14:49:51.733+0200] {processor.py:743} INFO - Processing file /home/monica.fernandez/practica_creativa/venv-airflow/lib/python3.11/site-packages/airflow/example_dags/example_datasets.py for tasks to queue
[2025-06-24T14:49:51.733+0200] {logging_mixin.py:137} INFO - [2025-06-24T14:49:51.733+0200] {dagbag.py:538} INFO - Filling up the DagBag from /home/monica.fernandez/practica_creativa/venv-airflow/lib/python3.11/site-packages/airflow/example_dags/example_datasets.py
[2025-06-24T14:49:51.755+0200] {processor.py:753} INFO - DAG(s) dict_keys(['dataset_consumes_1_never_scheduled', 'dataset_consumes_1', 'dataset_consumes_1_and_2', 'dataset_produces_1', 'dataset_produces_2', 'dataset_consumes_unknown_never_scheduled']) retrieved from /home/monica.fernandez/practica_creativa/venv-airflow/lib/python3.11/site-packages/airflow/example_dags/example_datasets.py
[2025-06-24T14:49:51.829+0200] {logging_mixin.py:137} INFO - [2025-06-24T14:49:51.829+0200] {dag.py:2690} INFO - Sync 6 DAGs
[2025-06-24T14:49:51.854+0200] {logging_mixin.py:137} INFO - [2025-06-24T14:49:51.854+0200] {dag.py:3437} INFO - Setting next_dagrun for dataset_consumes_1 to None, run_after=None
[2025-06-24T14:49:51.859+0200] {logging_mixin.py:137} INFO - [2025-06-24T14:49:51.859+0200] {dag.py:3437} INFO - Setting next_dagrun for dataset_consumes_1_and_2 to None, run_after=None
[2025-06-24T14:49:51.862+0200] {logging_mixin.py:137} INFO - [2025-06-24T14:49:51.862+0200] {dag.py:3437} INFO - Setting next_dagrun for dataset_consumes_1_never_scheduled to None, run_after=None
[2025-06-24T14:49:51.864+0200] {logging_mixin.py:137} INFO - [2025-06-24T14:49:51.864+0200] {dag.py:3437} INFO - Setting next_dagrun for dataset_consumes_unknown_never_scheduled to None, run_after=None
[2025-06-24T14:49:51.868+0200] {logging_mixin.py:137} INFO - [2025-06-24T14:49:51.868+0200] {dag.py:3437} INFO - Setting next_dagrun for dataset_produces_1 to 2025-06-23T00:00:00+00:00, run_after=2025-06-24T00:00:00+00:00
[2025-06-24T14:49:51.871+0200] {logging_mixin.py:137} INFO - [2025-06-24T14:49:51.871+0200] {dag.py:3437} INFO - Setting next_dagrun for dataset_produces_2 to None, run_after=None
[2025-06-24T14:49:51.948+0200] {processor.py:175} INFO - Processing /home/monica.fernandez/practica_creativa/venv-airflow/lib/python3.11/site-packages/airflow/example_dags/example_datasets.py took 0.221 seconds
[2025-06-24T14:50:45.483+0200] {processor.py:153} INFO - Started process (PID=256669) to work on /home/monica.fernandez/practica_creativa/venv-airflow/lib/python3.11/site-packages/airflow/example_dags/example_datasets.py
[2025-06-24T14:50:45.483+0200] {processor.py:743} INFO - Processing file /home/monica.fernandez/practica_creativa/venv-airflow/lib/python3.11/site-packages/airflow/example_dags/example_datasets.py for tasks to queue
[2025-06-24T14:50:45.484+0200] {logging_mixin.py:137} INFO - [2025-06-24T14:50:45.484+0200] {dagbag.py:538} INFO - Filling up the DagBag from /home/monica.fernandez/practica_creativa/venv-airflow/lib/python3.11/site-packages/airflow/example_dags/example_datasets.py
[2025-06-24T14:50:45.494+0200] {processor.py:753} INFO - DAG(s) dict_keys(['dataset_consumes_1_and_2', 'dataset_consumes_unknown_never_scheduled', 'dataset_produces_1', 'dataset_produces_2', 'dataset_consumes_1_never_scheduled', 'dataset_consumes_1']) retrieved from /home/monica.fernandez/practica_creativa/venv-airflow/lib/python3.11/site-packages/airflow/example_dags/example_datasets.py
[2025-06-24T14:50:45.551+0200] {logging_mixin.py:137} INFO - [2025-06-24T14:50:45.551+0200] {dag.py:2690} INFO - Sync 6 DAGs
[2025-06-24T14:50:45.574+0200] {logging_mixin.py:137} INFO - [2025-06-24T14:50:45.574+0200] {dag.py:3437} INFO - Setting next_dagrun for dataset_consumes_1 to None, run_after=None
[2025-06-24T14:50:45.579+0200] {logging_mixin.py:137} INFO - [2025-06-24T14:50:45.579+0200] {dag.py:3437} INFO - Setting next_dagrun for dataset_consumes_1_and_2 to None, run_after=None
[2025-06-24T14:50:45.582+0200] {logging_mixin.py:137} INFO - [2025-06-24T14:50:45.582+0200] {dag.py:3437} INFO - Setting next_dagrun for dataset_consumes_1_never_scheduled to None, run_after=None
[2025-06-24T14:50:45.584+0200] {logging_mixin.py:137} INFO - [2025-06-24T14:50:45.584+0200] {dag.py:3437} INFO - Setting next_dagrun for dataset_consumes_unknown_never_scheduled to None, run_after=None
[2025-06-24T14:50:45.588+0200] {logging_mixin.py:137} INFO - [2025-06-24T14:50:45.588+0200] {dag.py:3437} INFO - Setting next_dagrun for dataset_produces_1 to 2025-06-23T00:00:00+00:00, run_after=2025-06-24T00:00:00+00:00
[2025-06-24T14:50:45.590+0200] {logging_mixin.py:137} INFO - [2025-06-24T14:50:45.590+0200] {dag.py:3437} INFO - Setting next_dagrun for dataset_produces_2 to None, run_after=None
[2025-06-24T14:50:45.665+0200] {processor.py:175} INFO - Processing /home/monica.fernandez/practica_creativa/venv-airflow/lib/python3.11/site-packages/airflow/example_dags/example_datasets.py took 0.184 seconds
[2025-06-24T14:51:35.130+0200] {processor.py:153} INFO - Started process (PID=257088) to work on /home/monica.fernandez/practica_creativa/venv-airflow/lib/python3.11/site-packages/airflow/example_dags/example_datasets.py
[2025-06-24T14:51:35.131+0200] {processor.py:743} INFO - Processing file /home/monica.fernandez/practica_creativa/venv-airflow/lib/python3.11/site-packages/airflow/example_dags/example_datasets.py for tasks to queue
[2025-06-24T14:51:35.132+0200] {logging_mixin.py:137} INFO - [2025-06-24T14:51:35.132+0200] {dagbag.py:538} INFO - Filling up the DagBag from /home/monica.fernandez/practica_creativa/venv-airflow/lib/python3.11/site-packages/airflow/example_dags/example_datasets.py
[2025-06-24T14:51:35.152+0200] {processor.py:753} INFO - DAG(s) dict_keys(['dataset_produces_2', 'dataset_produces_1', 'dataset_consumes_1', 'dataset_consumes_1_never_scheduled', 'dataset_consumes_unknown_never_scheduled', 'dataset_consumes_1_and_2']) retrieved from /home/monica.fernandez/practica_creativa/venv-airflow/lib/python3.11/site-packages/airflow/example_dags/example_datasets.py
[2025-06-24T14:51:35.236+0200] {logging_mixin.py:137} INFO - [2025-06-24T14:51:35.236+0200] {dag.py:2690} INFO - Sync 6 DAGs
[2025-06-24T14:51:35.272+0200] {logging_mixin.py:137} INFO - [2025-06-24T14:51:35.272+0200] {dag.py:3437} INFO - Setting next_dagrun for dataset_consumes_1 to None, run_after=None
[2025-06-24T14:51:35.279+0200] {logging_mixin.py:137} INFO - [2025-06-24T14:51:35.278+0200] {dag.py:3437} INFO - Setting next_dagrun for dataset_consumes_1_and_2 to None, run_after=None
[2025-06-24T14:51:35.285+0200] {logging_mixin.py:137} INFO - [2025-06-24T14:51:35.285+0200] {dag.py:3437} INFO - Setting next_dagrun for dataset_consumes_1_never_scheduled to None, run_after=None
[2025-06-24T14:51:35.290+0200] {logging_mixin.py:137} INFO - [2025-06-24T14:51:35.289+0200] {dag.py:3437} INFO - Setting next_dagrun for dataset_consumes_unknown_never_scheduled to None, run_after=None
[2025-06-24T14:51:35.297+0200] {logging_mixin.py:137} INFO - [2025-06-24T14:51:35.296+0200] {dag.py:3437} INFO - Setting next_dagrun for dataset_produces_1 to 2025-06-23T00:00:00+00:00, run_after=2025-06-24T00:00:00+00:00
[2025-06-24T14:51:35.300+0200] {logging_mixin.py:137} INFO - [2025-06-24T14:51:35.300+0200] {dag.py:3437} INFO - Setting next_dagrun for dataset_produces_2 to None, run_after=None
[2025-06-24T14:51:35.406+0200] {processor.py:175} INFO - Processing /home/monica.fernandez/practica_creativa/venv-airflow/lib/python3.11/site-packages/airflow/example_dags/example_datasets.py took 0.281 seconds
[2025-06-24T14:52:27.910+0200] {processor.py:153} INFO - Started process (PID=257545) to work on /home/monica.fernandez/practica_creativa/venv-airflow/lib/python3.11/site-packages/airflow/example_dags/example_datasets.py
[2025-06-24T14:52:27.911+0200] {processor.py:743} INFO - Processing file /home/monica.fernandez/practica_creativa/venv-airflow/lib/python3.11/site-packages/airflow/example_dags/example_datasets.py for tasks to queue
[2025-06-24T14:52:27.911+0200] {logging_mixin.py:137} INFO - [2025-06-24T14:52:27.911+0200] {dagbag.py:538} INFO - Filling up the DagBag from /home/monica.fernandez/practica_creativa/venv-airflow/lib/python3.11/site-packages/airflow/example_dags/example_datasets.py
[2025-06-24T14:52:27.922+0200] {processor.py:753} INFO - DAG(s) dict_keys(['dataset_consumes_1_and_2', 'dataset_produces_2', 'dataset_consumes_1_never_scheduled', 'dataset_consumes_unknown_never_scheduled', 'dataset_consumes_1', 'dataset_produces_1']) retrieved from /home/monica.fernandez/practica_creativa/venv-airflow/lib/python3.11/site-packages/airflow/example_dags/example_datasets.py
[2025-06-24T14:52:27.979+0200] {logging_mixin.py:137} INFO - [2025-06-24T14:52:27.979+0200] {dag.py:2690} INFO - Sync 6 DAGs
[2025-06-24T14:52:28.003+0200] {logging_mixin.py:137} INFO - [2025-06-24T14:52:28.003+0200] {dag.py:3437} INFO - Setting next_dagrun for dataset_consumes_1 to None, run_after=None
[2025-06-24T14:52:28.008+0200] {logging_mixin.py:137} INFO - [2025-06-24T14:52:28.007+0200] {dag.py:3437} INFO - Setting next_dagrun for dataset_consumes_1_and_2 to None, run_after=None
[2025-06-24T14:52:28.010+0200] {logging_mixin.py:137} INFO - [2025-06-24T14:52:28.010+0200] {dag.py:3437} INFO - Setting next_dagrun for dataset_consumes_1_never_scheduled to None, run_after=None
[2025-06-24T14:52:28.014+0200] {logging_mixin.py:137} INFO - [2025-06-24T14:52:28.014+0200] {dag.py:3437} INFO - Setting next_dagrun for dataset_consumes_unknown_never_scheduled to None, run_after=None
[2025-06-24T14:52:28.017+0200] {logging_mixin.py:137} INFO - [2025-06-24T14:52:28.017+0200] {dag.py:3437} INFO - Setting next_dagrun for dataset_produces_1 to 2025-06-23T00:00:00+00:00, run_after=2025-06-24T00:00:00+00:00
[2025-06-24T14:52:28.020+0200] {logging_mixin.py:137} INFO - [2025-06-24T14:52:28.020+0200] {dag.py:3437} INFO - Setting next_dagrun for dataset_produces_2 to None, run_after=None
[2025-06-24T14:52:28.102+0200] {processor.py:175} INFO - Processing /home/monica.fernandez/practica_creativa/venv-airflow/lib/python3.11/site-packages/airflow/example_dags/example_datasets.py took 0.194 seconds
[2025-06-24T14:53:15.652+0200] {processor.py:153} INFO - Started process (PID=257898) to work on /home/monica.fernandez/practica_creativa/venv-airflow/lib/python3.11/site-packages/airflow/example_dags/example_datasets.py
[2025-06-24T14:53:15.653+0200] {processor.py:743} INFO - Processing file /home/monica.fernandez/practica_creativa/venv-airflow/lib/python3.11/site-packages/airflow/example_dags/example_datasets.py for tasks to queue
[2025-06-24T14:53:15.654+0200] {logging_mixin.py:137} INFO - [2025-06-24T14:53:15.654+0200] {dagbag.py:538} INFO - Filling up the DagBag from /home/monica.fernandez/practica_creativa/venv-airflow/lib/python3.11/site-packages/airflow/example_dags/example_datasets.py
[2025-06-24T14:53:15.673+0200] {processor.py:753} INFO - DAG(s) dict_keys(['dataset_produces_1', 'dataset_consumes_1', 'dataset_consumes_unknown_never_scheduled', 'dataset_consumes_1_never_scheduled', 'dataset_consumes_1_and_2', 'dataset_produces_2']) retrieved from /home/monica.fernandez/practica_creativa/venv-airflow/lib/python3.11/site-packages/airflow/example_dags/example_datasets.py
[2025-06-24T14:53:15.762+0200] {logging_mixin.py:137} INFO - [2025-06-24T14:53:15.762+0200] {dag.py:2690} INFO - Sync 6 DAGs
[2025-06-24T14:53:15.800+0200] {logging_mixin.py:137} INFO - [2025-06-24T14:53:15.800+0200] {dag.py:3437} INFO - Setting next_dagrun for dataset_consumes_1 to None, run_after=None
[2025-06-24T14:53:15.808+0200] {logging_mixin.py:137} INFO - [2025-06-24T14:53:15.808+0200] {dag.py:3437} INFO - Setting next_dagrun for dataset_consumes_1_and_2 to None, run_after=None
[2025-06-24T14:53:15.811+0200] {logging_mixin.py:137} INFO - [2025-06-24T14:53:15.811+0200] {dag.py:3437} INFO - Setting next_dagrun for dataset_consumes_1_never_scheduled to None, run_after=None
[2025-06-24T14:53:15.814+0200] {logging_mixin.py:137} INFO - [2025-06-24T14:53:15.814+0200] {dag.py:3437} INFO - Setting next_dagrun for dataset_consumes_unknown_never_scheduled to None, run_after=None
[2025-06-24T14:53:15.820+0200] {logging_mixin.py:137} INFO - [2025-06-24T14:53:15.820+0200] {dag.py:3437} INFO - Setting next_dagrun for dataset_produces_1 to 2025-06-23T00:00:00+00:00, run_after=2025-06-24T00:00:00+00:00
[2025-06-24T14:53:15.823+0200] {logging_mixin.py:137} INFO - [2025-06-24T14:53:15.823+0200] {dag.py:3437} INFO - Setting next_dagrun for dataset_produces_2 to None, run_after=None
[2025-06-24T14:53:15.932+0200] {processor.py:175} INFO - Processing /home/monica.fernandez/practica_creativa/venv-airflow/lib/python3.11/site-packages/airflow/example_dags/example_datasets.py took 0.285 seconds
[2025-06-24T14:54:05.772+0200] {processor.py:153} INFO - Started process (PID=258320) to work on /home/monica.fernandez/practica_creativa/venv-airflow/lib/python3.11/site-packages/airflow/example_dags/example_datasets.py
[2025-06-24T14:54:05.773+0200] {processor.py:743} INFO - Processing file /home/monica.fernandez/practica_creativa/venv-airflow/lib/python3.11/site-packages/airflow/example_dags/example_datasets.py for tasks to queue
[2025-06-24T14:54:05.774+0200] {logging_mixin.py:137} INFO - [2025-06-24T14:54:05.774+0200] {dagbag.py:538} INFO - Filling up the DagBag from /home/monica.fernandez/practica_creativa/venv-airflow/lib/python3.11/site-packages/airflow/example_dags/example_datasets.py
[2025-06-24T14:54:05.792+0200] {processor.py:753} INFO - DAG(s) dict_keys(['dataset_produces_1', 'dataset_consumes_1_and_2', 'dataset_consumes_unknown_never_scheduled', 'dataset_consumes_1_never_scheduled', 'dataset_produces_2', 'dataset_consumes_1']) retrieved from /home/monica.fernandez/practica_creativa/venv-airflow/lib/python3.11/site-packages/airflow/example_dags/example_datasets.py
[2025-06-24T14:54:05.872+0200] {logging_mixin.py:137} INFO - [2025-06-24T14:54:05.872+0200] {dag.py:2690} INFO - Sync 6 DAGs
[2025-06-24T14:54:05.910+0200] {logging_mixin.py:137} INFO - [2025-06-24T14:54:05.910+0200] {dag.py:3437} INFO - Setting next_dagrun for dataset_consumes_1 to None, run_after=None
[2025-06-24T14:54:05.916+0200] {logging_mixin.py:137} INFO - [2025-06-24T14:54:05.916+0200] {dag.py:3437} INFO - Setting next_dagrun for dataset_consumes_1_and_2 to None, run_after=None
[2025-06-24T14:54:05.922+0200] {logging_mixin.py:137} INFO - [2025-06-24T14:54:05.921+0200] {dag.py:3437} INFO - Setting next_dagrun for dataset_consumes_1_never_scheduled to None, run_after=None
[2025-06-24T14:54:05.926+0200] {logging_mixin.py:137} INFO - [2025-06-24T14:54:05.926+0200] {dag.py:3437} INFO - Setting next_dagrun for dataset_consumes_unknown_never_scheduled to None, run_after=None
[2025-06-24T14:54:05.934+0200] {logging_mixin.py:137} INFO - [2025-06-24T14:54:05.934+0200] {dag.py:3437} INFO - Setting next_dagrun for dataset_produces_1 to 2025-06-23T00:00:00+00:00, run_after=2025-06-24T00:00:00+00:00
[2025-06-24T14:54:05.937+0200] {logging_mixin.py:137} INFO - [2025-06-24T14:54:05.937+0200] {dag.py:3437} INFO - Setting next_dagrun for dataset_produces_2 to None, run_after=None
[2025-06-24T14:54:06.023+0200] {processor.py:175} INFO - Processing /home/monica.fernandez/practica_creativa/venv-airflow/lib/python3.11/site-packages/airflow/example_dags/example_datasets.py took 0.257 seconds
[2025-06-24T14:54:55.748+0200] {processor.py:153} INFO - Started process (PID=258732) to work on /home/monica.fernandez/practica_creativa/venv-airflow/lib/python3.11/site-packages/airflow/example_dags/example_datasets.py
[2025-06-24T14:54:55.750+0200] {processor.py:743} INFO - Processing file /home/monica.fernandez/practica_creativa/venv-airflow/lib/python3.11/site-packages/airflow/example_dags/example_datasets.py for tasks to queue
[2025-06-24T14:54:55.751+0200] {logging_mixin.py:137} INFO - [2025-06-24T14:54:55.751+0200] {dagbag.py:538} INFO - Filling up the DagBag from /home/monica.fernandez/practica_creativa/venv-airflow/lib/python3.11/site-packages/airflow/example_dags/example_datasets.py
[2025-06-24T14:54:55.768+0200] {processor.py:753} INFO - DAG(s) dict_keys(['dataset_consumes_1_and_2', 'dataset_consumes_1_never_scheduled', 'dataset_consumes_1', 'dataset_consumes_unknown_never_scheduled', 'dataset_produces_2', 'dataset_produces_1']) retrieved from /home/monica.fernandez/practica_creativa/venv-airflow/lib/python3.11/site-packages/airflow/example_dags/example_datasets.py
[2025-06-24T14:54:55.857+0200] {logging_mixin.py:137} INFO - [2025-06-24T14:54:55.857+0200] {dag.py:2690} INFO - Sync 6 DAGs
[2025-06-24T14:54:55.895+0200] {logging_mixin.py:137} INFO - [2025-06-24T14:54:55.895+0200] {dag.py:3437} INFO - Setting next_dagrun for dataset_consumes_1 to None, run_after=None
[2025-06-24T14:54:55.902+0200] {logging_mixin.py:137} INFO - [2025-06-24T14:54:55.902+0200] {dag.py:3437} INFO - Setting next_dagrun for dataset_consumes_1_and_2 to None, run_after=None
[2025-06-24T14:54:55.908+0200] {logging_mixin.py:137} INFO - [2025-06-24T14:54:55.908+0200] {dag.py:3437} INFO - Setting next_dagrun for dataset_consumes_1_never_scheduled to None, run_after=None
[2025-06-24T14:54:55.912+0200] {logging_mixin.py:137} INFO - [2025-06-24T14:54:55.912+0200] {dag.py:3437} INFO - Setting next_dagrun for dataset_consumes_unknown_never_scheduled to None, run_after=None
[2025-06-24T14:54:55.921+0200] {logging_mixin.py:137} INFO - [2025-06-24T14:54:55.920+0200] {dag.py:3437} INFO - Setting next_dagrun for dataset_produces_1 to 2025-06-23T00:00:00+00:00, run_after=2025-06-24T00:00:00+00:00
[2025-06-24T14:54:55.925+0200] {logging_mixin.py:137} INFO - [2025-06-24T14:54:55.925+0200] {dag.py:3437} INFO - Setting next_dagrun for dataset_produces_2 to None, run_after=None
[2025-06-24T14:54:56.013+0200] {processor.py:175} INFO - Processing /home/monica.fernandez/practica_creativa/venv-airflow/lib/python3.11/site-packages/airflow/example_dags/example_datasets.py took 0.271 seconds
