[2025-06-24T14:47:15.921+0200] {processor.py:153} INFO - Started process (PID=254627) to work on /home/monica.fernandez/practica_creativa/venv-airflow/lib/python3.11/site-packages/airflow/example_dags/example_latest_only.py
[2025-06-24T14:47:15.923+0200] {processor.py:743} INFO - Processing file /home/monica.fernandez/practica_creativa/venv-airflow/lib/python3.11/site-packages/airflow/example_dags/example_latest_only.py for tasks to queue
[2025-06-24T14:47:15.923+0200] {logging_mixin.py:137} INFO - [2025-06-24T14:47:15.923+0200] {dagbag.py:538} INFO - Filling up the DagBag from /home/monica.fernandez/practica_creativa/venv-airflow/lib/python3.11/site-packages/airflow/example_dags/example_latest_only.py
[2025-06-24T14:47:15.935+0200] {processor.py:753} INFO - DAG(s) dict_keys(['latest_only']) retrieved from /home/monica.fernandez/practica_creativa/venv-airflow/lib/python3.11/site-packages/airflow/example_dags/example_latest_only.py
[2025-06-24T14:47:15.975+0200] {logging_mixin.py:137} INFO - [2025-06-24T14:47:15.974+0200] {dag.py:2690} INFO - Sync 1 DAGs
[2025-06-24T14:47:16.012+0200] {logging_mixin.py:137} INFO - [2025-06-24T14:47:16.012+0200] {dag.py:3437} INFO - Setting next_dagrun for latest_only to 2025-06-24T08:47:16.011892+00:00, run_after=2025-06-24T12:47:16.011892+00:00
[2025-06-24T14:47:16.093+0200] {processor.py:175} INFO - Processing /home/monica.fernandez/practica_creativa/venv-airflow/lib/python3.11/site-packages/airflow/example_dags/example_latest_only.py took 0.175 seconds
[2025-06-24T14:48:02.702+0200] {processor.py:153} INFO - Started process (PID=255065) to work on /home/monica.fernandez/practica_creativa/venv-airflow/lib/python3.11/site-packages/airflow/example_dags/example_latest_only.py
[2025-06-24T14:48:02.703+0200] {processor.py:743} INFO - Processing file /home/monica.fernandez/practica_creativa/venv-airflow/lib/python3.11/site-packages/airflow/example_dags/example_latest_only.py for tasks to queue
[2025-06-24T14:48:02.704+0200] {logging_mixin.py:137} INFO - [2025-06-24T14:48:02.704+0200] {dagbag.py:538} INFO - Filling up the DagBag from /home/monica.fernandez/practica_creativa/venv-airflow/lib/python3.11/site-packages/airflow/example_dags/example_latest_only.py
[2025-06-24T14:48:02.717+0200] {processor.py:753} INFO - DAG(s) dict_keys(['latest_only']) retrieved from /home/monica.fernandez/practica_creativa/venv-airflow/lib/python3.11/site-packages/airflow/example_dags/example_latest_only.py
[2025-06-24T14:48:02.771+0200] {logging_mixin.py:137} INFO - [2025-06-24T14:48:02.771+0200] {dag.py:2690} INFO - Sync 1 DAGs
[2025-06-24T14:48:02.795+0200] {logging_mixin.py:137} INFO - [2025-06-24T14:48:02.795+0200] {dag.py:3437} INFO - Setting next_dagrun for latest_only to 2025-06-24T08:48:02.795199+00:00, run_after=2025-06-24T12:48:02.795199+00:00
[2025-06-24T14:48:02.848+0200] {processor.py:175} INFO - Processing /home/monica.fernandez/practica_creativa/venv-airflow/lib/python3.11/site-packages/airflow/example_dags/example_latest_only.py took 0.152 seconds
[2025-06-24T14:48:49.639+0200] {processor.py:153} INFO - Started process (PID=255354) to work on /home/monica.fernandez/practica_creativa/venv-airflow/lib/python3.11/site-packages/airflow/example_dags/example_latest_only.py
[2025-06-24T14:48:49.641+0200] {processor.py:743} INFO - Processing file /home/monica.fernandez/practica_creativa/venv-airflow/lib/python3.11/site-packages/airflow/example_dags/example_latest_only.py for tasks to queue
[2025-06-24T14:48:49.642+0200] {logging_mixin.py:137} INFO - [2025-06-24T14:48:49.641+0200] {dagbag.py:538} INFO - Filling up the DagBag from /home/monica.fernandez/practica_creativa/venv-airflow/lib/python3.11/site-packages/airflow/example_dags/example_latest_only.py
[2025-06-24T14:48:49.655+0200] {processor.py:753} INFO - DAG(s) dict_keys(['latest_only']) retrieved from /home/monica.fernandez/practica_creativa/venv-airflow/lib/python3.11/site-packages/airflow/example_dags/example_latest_only.py
[2025-06-24T14:48:49.692+0200] {logging_mixin.py:137} INFO - [2025-06-24T14:48:49.692+0200] {dag.py:2690} INFO - Sync 1 DAGs
[2025-06-24T14:48:49.719+0200] {logging_mixin.py:137} INFO - [2025-06-24T14:48:49.719+0200] {dag.py:3437} INFO - Setting next_dagrun for latest_only to 2025-06-24T08:48:49.719430+00:00, run_after=2025-06-24T12:48:49.719430+00:00
[2025-06-24T14:48:49.778+0200] {processor.py:175} INFO - Processing /home/monica.fernandez/practica_creativa/venv-airflow/lib/python3.11/site-packages/airflow/example_dags/example_latest_only.py took 0.145 seconds
[2025-06-24T14:49:42.467+0200] {processor.py:153} INFO - Started process (PID=255810) to work on /home/monica.fernandez/practica_creativa/venv-airflow/lib/python3.11/site-packages/airflow/example_dags/example_latest_only.py
[2025-06-24T14:49:42.468+0200] {processor.py:743} INFO - Processing file /home/monica.fernandez/practica_creativa/venv-airflow/lib/python3.11/site-packages/airflow/example_dags/example_latest_only.py for tasks to queue
[2025-06-24T14:49:42.469+0200] {logging_mixin.py:137} INFO - [2025-06-24T14:49:42.469+0200] {dagbag.py:538} INFO - Filling up the DagBag from /home/monica.fernandez/practica_creativa/venv-airflow/lib/python3.11/site-packages/airflow/example_dags/example_latest_only.py
[2025-06-24T14:49:42.482+0200] {processor.py:753} INFO - DAG(s) dict_keys(['latest_only']) retrieved from /home/monica.fernandez/practica_creativa/venv-airflow/lib/python3.11/site-packages/airflow/example_dags/example_latest_only.py
[2025-06-24T14:49:42.527+0200] {logging_mixin.py:137} INFO - [2025-06-24T14:49:42.527+0200] {dag.py:2690} INFO - Sync 1 DAGs
[2025-06-24T14:49:42.562+0200] {logging_mixin.py:137} INFO - [2025-06-24T14:49:42.562+0200] {dag.py:3437} INFO - Setting next_dagrun for latest_only to 2025-06-24T08:49:42.562131+00:00, run_after=2025-06-24T12:49:42.562131+00:00
[2025-06-24T14:49:42.639+0200] {processor.py:175} INFO - Processing /home/monica.fernandez/practica_creativa/venv-airflow/lib/python3.11/site-packages/airflow/example_dags/example_latest_only.py took 0.176 seconds
[2025-06-24T14:50:36.777+0200] {processor.py:153} INFO - Started process (PID=256609) to work on /home/monica.fernandez/practica_creativa/venv-airflow/lib/python3.11/site-packages/airflow/example_dags/example_latest_only.py
[2025-06-24T14:50:36.778+0200] {processor.py:743} INFO - Processing file /home/monica.fernandez/practica_creativa/venv-airflow/lib/python3.11/site-packages/airflow/example_dags/example_latest_only.py for tasks to queue
[2025-06-24T14:50:36.779+0200] {logging_mixin.py:137} INFO - [2025-06-24T14:50:36.779+0200] {dagbag.py:538} INFO - Filling up the DagBag from /home/monica.fernandez/practica_creativa/venv-airflow/lib/python3.11/site-packages/airflow/example_dags/example_latest_only.py
[2025-06-24T14:50:36.791+0200] {processor.py:753} INFO - DAG(s) dict_keys(['latest_only']) retrieved from /home/monica.fernandez/practica_creativa/venv-airflow/lib/python3.11/site-packages/airflow/example_dags/example_latest_only.py
[2025-06-24T14:50:36.833+0200] {logging_mixin.py:137} INFO - [2025-06-24T14:50:36.833+0200] {dag.py:2690} INFO - Sync 1 DAGs
[2025-06-24T14:50:36.867+0200] {logging_mixin.py:137} INFO - [2025-06-24T14:50:36.867+0200] {dag.py:3437} INFO - Setting next_dagrun for latest_only to 2025-06-24T08:50:36.866544+00:00, run_after=2025-06-24T12:50:36.866544+00:00
[2025-06-24T14:50:36.927+0200] {processor.py:175} INFO - Processing /home/monica.fernandez/practica_creativa/venv-airflow/lib/python3.11/site-packages/airflow/example_dags/example_latest_only.py took 0.155 seconds
[2025-06-24T14:51:27.117+0200] {processor.py:153} INFO - Started process (PID=257056) to work on /home/monica.fernandez/practica_creativa/venv-airflow/lib/python3.11/site-packages/airflow/example_dags/example_latest_only.py
[2025-06-24T14:51:27.118+0200] {processor.py:743} INFO - Processing file /home/monica.fernandez/practica_creativa/venv-airflow/lib/python3.11/site-packages/airflow/example_dags/example_latest_only.py for tasks to queue
[2025-06-24T14:51:27.118+0200] {logging_mixin.py:137} INFO - [2025-06-24T14:51:27.118+0200] {dagbag.py:538} INFO - Filling up the DagBag from /home/monica.fernandez/practica_creativa/venv-airflow/lib/python3.11/site-packages/airflow/example_dags/example_latest_only.py
[2025-06-24T14:51:27.125+0200] {processor.py:753} INFO - DAG(s) dict_keys(['latest_only']) retrieved from /home/monica.fernandez/practica_creativa/venv-airflow/lib/python3.11/site-packages/airflow/example_dags/example_latest_only.py
[2025-06-24T14:51:27.153+0200] {logging_mixin.py:137} INFO - [2025-06-24T14:51:27.153+0200] {dag.py:2690} INFO - Sync 1 DAGs
[2025-06-24T14:51:27.173+0200] {logging_mixin.py:137} INFO - [2025-06-24T14:51:27.173+0200] {dag.py:3437} INFO - Setting next_dagrun for latest_only to 2025-06-24T08:51:27.173148+00:00, run_after=2025-06-24T12:51:27.173148+00:00
[2025-06-24T14:51:27.234+0200] {processor.py:175} INFO - Processing /home/monica.fernandez/practica_creativa/venv-airflow/lib/python3.11/site-packages/airflow/example_dags/example_latest_only.py took 0.119 seconds
[2025-06-24T14:52:20.201+0200] {processor.py:153} INFO - Started process (PID=257433) to work on /home/monica.fernandez/practica_creativa/venv-airflow/lib/python3.11/site-packages/airflow/example_dags/example_latest_only.py
[2025-06-24T14:52:20.202+0200] {processor.py:743} INFO - Processing file /home/monica.fernandez/practica_creativa/venv-airflow/lib/python3.11/site-packages/airflow/example_dags/example_latest_only.py for tasks to queue
[2025-06-24T14:52:20.203+0200] {logging_mixin.py:137} INFO - [2025-06-24T14:52:20.202+0200] {dagbag.py:538} INFO - Filling up the DagBag from /home/monica.fernandez/practica_creativa/venv-airflow/lib/python3.11/site-packages/airflow/example_dags/example_latest_only.py
[2025-06-24T14:52:20.215+0200] {processor.py:753} INFO - DAG(s) dict_keys(['latest_only']) retrieved from /home/monica.fernandez/practica_creativa/venv-airflow/lib/python3.11/site-packages/airflow/example_dags/example_latest_only.py
[2025-06-24T14:52:20.258+0200] {logging_mixin.py:137} INFO - [2025-06-24T14:52:20.258+0200] {dag.py:2690} INFO - Sync 1 DAGs
[2025-06-24T14:52:20.294+0200] {logging_mixin.py:137} INFO - [2025-06-24T14:52:20.294+0200] {dag.py:3437} INFO - Setting next_dagrun for latest_only to 2025-06-24T08:52:20.293767+00:00, run_after=2025-06-24T12:52:20.293767+00:00
[2025-06-24T14:52:20.369+0200] {processor.py:175} INFO - Processing /home/monica.fernandez/practica_creativa/venv-airflow/lib/python3.11/site-packages/airflow/example_dags/example_latest_only.py took 0.173 seconds
[2025-06-24T14:53:07.683+0200] {processor.py:153} INFO - Started process (PID=257845) to work on /home/monica.fernandez/practica_creativa/venv-airflow/lib/python3.11/site-packages/airflow/example_dags/example_latest_only.py
[2025-06-24T14:53:07.684+0200] {processor.py:743} INFO - Processing file /home/monica.fernandez/practica_creativa/venv-airflow/lib/python3.11/site-packages/airflow/example_dags/example_latest_only.py for tasks to queue
[2025-06-24T14:53:07.685+0200] {logging_mixin.py:137} INFO - [2025-06-24T14:53:07.685+0200] {dagbag.py:538} INFO - Filling up the DagBag from /home/monica.fernandez/practica_creativa/venv-airflow/lib/python3.11/site-packages/airflow/example_dags/example_latest_only.py
[2025-06-24T14:53:07.697+0200] {processor.py:753} INFO - DAG(s) dict_keys(['latest_only']) retrieved from /home/monica.fernandez/practica_creativa/venv-airflow/lib/python3.11/site-packages/airflow/example_dags/example_latest_only.py
[2025-06-24T14:53:07.741+0200] {logging_mixin.py:137} INFO - [2025-06-24T14:53:07.740+0200] {dag.py:2690} INFO - Sync 1 DAGs
[2025-06-24T14:53:07.778+0200] {logging_mixin.py:137} INFO - [2025-06-24T14:53:07.778+0200] {dag.py:3437} INFO - Setting next_dagrun for latest_only to 2025-06-24T08:53:07.778064+00:00, run_after=2025-06-24T12:53:07.778064+00:00
[2025-06-24T14:53:07.840+0200] {processor.py:175} INFO - Processing /home/monica.fernandez/practica_creativa/venv-airflow/lib/python3.11/site-packages/airflow/example_dags/example_latest_only.py took 0.162 seconds
[2025-06-24T14:54:03.490+0200] {processor.py:153} INFO - Started process (PID=258311) to work on /home/monica.fernandez/practica_creativa/venv-airflow/lib/python3.11/site-packages/airflow/example_dags/example_latest_only.py
[2025-06-24T14:54:03.491+0200] {processor.py:743} INFO - Processing file /home/monica.fernandez/practica_creativa/venv-airflow/lib/python3.11/site-packages/airflow/example_dags/example_latest_only.py for tasks to queue
[2025-06-24T14:54:03.492+0200] {logging_mixin.py:137} INFO - [2025-06-24T14:54:03.492+0200] {dagbag.py:538} INFO - Filling up the DagBag from /home/monica.fernandez/practica_creativa/venv-airflow/lib/python3.11/site-packages/airflow/example_dags/example_latest_only.py
[2025-06-24T14:54:03.504+0200] {processor.py:753} INFO - DAG(s) dict_keys(['latest_only']) retrieved from /home/monica.fernandez/practica_creativa/venv-airflow/lib/python3.11/site-packages/airflow/example_dags/example_latest_only.py
[2025-06-24T14:54:03.548+0200] {logging_mixin.py:137} INFO - [2025-06-24T14:54:03.547+0200] {dag.py:2690} INFO - Sync 1 DAGs
[2025-06-24T14:54:03.584+0200] {logging_mixin.py:137} INFO - [2025-06-24T14:54:03.584+0200] {dag.py:3437} INFO - Setting next_dagrun for latest_only to 2025-06-24T08:54:03.584025+00:00, run_after=2025-06-24T12:54:03.584025+00:00
[2025-06-24T14:54:03.654+0200] {processor.py:175} INFO - Processing /home/monica.fernandez/practica_creativa/venv-airflow/lib/python3.11/site-packages/airflow/example_dags/example_latest_only.py took 0.168 seconds
[2025-06-24T14:54:54.262+0200] {processor.py:153} INFO - Started process (PID=258661) to work on /home/monica.fernandez/practica_creativa/venv-airflow/lib/python3.11/site-packages/airflow/example_dags/example_latest_only.py
[2025-06-24T14:54:54.263+0200] {processor.py:743} INFO - Processing file /home/monica.fernandez/practica_creativa/venv-airflow/lib/python3.11/site-packages/airflow/example_dags/example_latest_only.py for tasks to queue
[2025-06-24T14:54:54.264+0200] {logging_mixin.py:137} INFO - [2025-06-24T14:54:54.264+0200] {dagbag.py:538} INFO - Filling up the DagBag from /home/monica.fernandez/practica_creativa/venv-airflow/lib/python3.11/site-packages/airflow/example_dags/example_latest_only.py
[2025-06-24T14:54:54.275+0200] {processor.py:753} INFO - DAG(s) dict_keys(['latest_only']) retrieved from /home/monica.fernandez/practica_creativa/venv-airflow/lib/python3.11/site-packages/airflow/example_dags/example_latest_only.py
[2025-06-24T14:54:54.317+0200] {logging_mixin.py:137} INFO - [2025-06-24T14:54:54.317+0200] {dag.py:2690} INFO - Sync 1 DAGs
[2025-06-24T14:54:54.351+0200] {logging_mixin.py:137} INFO - [2025-06-24T14:54:54.350+0200] {dag.py:3437} INFO - Setting next_dagrun for latest_only to 2025-06-24T08:54:54.350297+00:00, run_after=2025-06-24T12:54:54.350297+00:00
[2025-06-24T14:54:54.421+0200] {processor.py:175} INFO - Processing /home/monica.fernandez/practica_creativa/venv-airflow/lib/python3.11/site-packages/airflow/example_dags/example_latest_only.py took 0.165 seconds
