[2025-06-24T14:47:22.804+0200] {processor.py:153} INFO - Started process (PID=254684) to work on /home/monica.fernandez/practica_creativa/venv-airflow/lib/python3.11/site-packages/airflow/example_dags/example_complex.py
[2025-06-24T14:47:22.805+0200] {processor.py:743} INFO - Processing file /home/monica.fernandez/practica_creativa/venv-airflow/lib/python3.11/site-packages/airflow/example_dags/example_complex.py for tasks to queue
[2025-06-24T14:47:22.806+0200] {logging_mixin.py:137} INFO - [2025-06-24T14:47:22.806+0200] {dagbag.py:538} INFO - Filling up the DagBag from /home/monica.fernandez/practica_creativa/venv-airflow/lib/python3.11/site-packages/airflow/example_dags/example_complex.py
[2025-06-24T14:47:22.826+0200] {logging_mixin.py:137} INFO - [2025-06-24T14:47:22.826+0200] {taskmixin.py:205} WARNING - Dependency <Task(BashOperator): create_entry_group>, delete_entry_group already registered for DAG: example_complex
[2025-06-24T14:47:22.826+0200] {logging_mixin.py:137} INFO - [2025-06-24T14:47:22.826+0200] {taskmixin.py:205} WARNING - Dependency <Task(BashOperator): delete_entry_group>, create_entry_group already registered for DAG: example_complex
[2025-06-24T14:47:22.827+0200] {logging_mixin.py:137} INFO - [2025-06-24T14:47:22.826+0200] {taskmixin.py:205} WARNING - Dependency <Task(BashOperator): create_entry_gcs>, delete_entry already registered for DAG: example_complex
[2025-06-24T14:47:22.827+0200] {logging_mixin.py:137} INFO - [2025-06-24T14:47:22.827+0200] {taskmixin.py:205} WARNING - Dependency <Task(BashOperator): delete_entry>, create_entry_gcs already registered for DAG: example_complex
[2025-06-24T14:47:22.827+0200] {logging_mixin.py:137} INFO - [2025-06-24T14:47:22.827+0200] {taskmixin.py:205} WARNING - Dependency <Task(BashOperator): create_tag>, delete_tag already registered for DAG: example_complex
[2025-06-24T14:47:22.827+0200] {logging_mixin.py:137} INFO - [2025-06-24T14:47:22.827+0200] {taskmixin.py:205} WARNING - Dependency <Task(BashOperator): delete_tag>, create_tag already registered for DAG: example_complex
[2025-06-24T14:47:22.829+0200] {processor.py:753} INFO - DAG(s) dict_keys(['example_complex']) retrieved from /home/monica.fernandez/practica_creativa/venv-airflow/lib/python3.11/site-packages/airflow/example_dags/example_complex.py
[2025-06-24T14:47:22.879+0200] {logging_mixin.py:137} INFO - [2025-06-24T14:47:22.878+0200] {dag.py:2690} INFO - Sync 1 DAGs
[2025-06-24T14:47:22.914+0200] {logging_mixin.py:137} INFO - [2025-06-24T14:47:22.914+0200] {dag.py:3437} INFO - Setting next_dagrun for example_complex to None, run_after=None
[2025-06-24T14:47:23.008+0200] {processor.py:175} INFO - Processing /home/monica.fernandez/practica_creativa/venv-airflow/lib/python3.11/site-packages/airflow/example_dags/example_complex.py took 0.209 seconds
[2025-06-24T14:48:12.056+0200] {processor.py:153} INFO - Started process (PID=255102) to work on /home/monica.fernandez/practica_creativa/venv-airflow/lib/python3.11/site-packages/airflow/example_dags/example_complex.py
[2025-06-24T14:48:12.057+0200] {processor.py:743} INFO - Processing file /home/monica.fernandez/practica_creativa/venv-airflow/lib/python3.11/site-packages/airflow/example_dags/example_complex.py for tasks to queue
[2025-06-24T14:48:12.058+0200] {logging_mixin.py:137} INFO - [2025-06-24T14:48:12.058+0200] {dagbag.py:538} INFO - Filling up the DagBag from /home/monica.fernandez/practica_creativa/venv-airflow/lib/python3.11/site-packages/airflow/example_dags/example_complex.py
[2025-06-24T14:48:12.079+0200] {logging_mixin.py:137} INFO - [2025-06-24T14:48:12.078+0200] {taskmixin.py:205} WARNING - Dependency <Task(BashOperator): create_entry_group>, delete_entry_group already registered for DAG: example_complex
[2025-06-24T14:48:12.079+0200] {logging_mixin.py:137} INFO - [2025-06-24T14:48:12.079+0200] {taskmixin.py:205} WARNING - Dependency <Task(BashOperator): delete_entry_group>, create_entry_group already registered for DAG: example_complex
[2025-06-24T14:48:12.079+0200] {logging_mixin.py:137} INFO - [2025-06-24T14:48:12.079+0200] {taskmixin.py:205} WARNING - Dependency <Task(BashOperator): create_entry_gcs>, delete_entry already registered for DAG: example_complex
[2025-06-24T14:48:12.080+0200] {logging_mixin.py:137} INFO - [2025-06-24T14:48:12.079+0200] {taskmixin.py:205} WARNING - Dependency <Task(BashOperator): delete_entry>, create_entry_gcs already registered for DAG: example_complex
[2025-06-24T14:48:12.080+0200] {logging_mixin.py:137} INFO - [2025-06-24T14:48:12.080+0200] {taskmixin.py:205} WARNING - Dependency <Task(BashOperator): create_tag>, delete_tag already registered for DAG: example_complex
[2025-06-24T14:48:12.080+0200] {logging_mixin.py:137} INFO - [2025-06-24T14:48:12.080+0200] {taskmixin.py:205} WARNING - Dependency <Task(BashOperator): delete_tag>, create_tag already registered for DAG: example_complex
[2025-06-24T14:48:12.082+0200] {processor.py:753} INFO - DAG(s) dict_keys(['example_complex']) retrieved from /home/monica.fernandez/practica_creativa/venv-airflow/lib/python3.11/site-packages/airflow/example_dags/example_complex.py
[2025-06-24T14:48:12.136+0200] {logging_mixin.py:137} INFO - [2025-06-24T14:48:12.136+0200] {dag.py:2690} INFO - Sync 1 DAGs
[2025-06-24T14:48:12.174+0200] {logging_mixin.py:137} INFO - [2025-06-24T14:48:12.174+0200] {dag.py:3437} INFO - Setting next_dagrun for example_complex to None, run_after=None
[2025-06-24T14:48:12.245+0200] {processor.py:175} INFO - Processing /home/monica.fernandez/practica_creativa/venv-airflow/lib/python3.11/site-packages/airflow/example_dags/example_complex.py took 0.195 seconds
[2025-06-24T14:48:58.940+0200] {processor.py:153} INFO - Started process (PID=255502) to work on /home/monica.fernandez/practica_creativa/venv-airflow/lib/python3.11/site-packages/airflow/example_dags/example_complex.py
[2025-06-24T14:48:58.942+0200] {processor.py:743} INFO - Processing file /home/monica.fernandez/practica_creativa/venv-airflow/lib/python3.11/site-packages/airflow/example_dags/example_complex.py for tasks to queue
[2025-06-24T14:48:58.942+0200] {logging_mixin.py:137} INFO - [2025-06-24T14:48:58.942+0200] {dagbag.py:538} INFO - Filling up the DagBag from /home/monica.fernandez/practica_creativa/venv-airflow/lib/python3.11/site-packages/airflow/example_dags/example_complex.py
[2025-06-24T14:48:58.960+0200] {logging_mixin.py:137} INFO - [2025-06-24T14:48:58.960+0200] {taskmixin.py:205} WARNING - Dependency <Task(BashOperator): create_entry_group>, delete_entry_group already registered for DAG: example_complex
[2025-06-24T14:48:58.960+0200] {logging_mixin.py:137} INFO - [2025-06-24T14:48:58.960+0200] {taskmixin.py:205} WARNING - Dependency <Task(BashOperator): delete_entry_group>, create_entry_group already registered for DAG: example_complex
[2025-06-24T14:48:58.961+0200] {logging_mixin.py:137} INFO - [2025-06-24T14:48:58.960+0200] {taskmixin.py:205} WARNING - Dependency <Task(BashOperator): create_entry_gcs>, delete_entry already registered for DAG: example_complex
[2025-06-24T14:48:58.961+0200] {logging_mixin.py:137} INFO - [2025-06-24T14:48:58.961+0200] {taskmixin.py:205} WARNING - Dependency <Task(BashOperator): delete_entry>, create_entry_gcs already registered for DAG: example_complex
[2025-06-24T14:48:58.961+0200] {logging_mixin.py:137} INFO - [2025-06-24T14:48:58.961+0200] {taskmixin.py:205} WARNING - Dependency <Task(BashOperator): create_tag>, delete_tag already registered for DAG: example_complex
[2025-06-24T14:48:58.961+0200] {logging_mixin.py:137} INFO - [2025-06-24T14:48:58.961+0200] {taskmixin.py:205} WARNING - Dependency <Task(BashOperator): delete_tag>, create_tag already registered for DAG: example_complex
[2025-06-24T14:48:58.963+0200] {processor.py:753} INFO - DAG(s) dict_keys(['example_complex']) retrieved from /home/monica.fernandez/practica_creativa/venv-airflow/lib/python3.11/site-packages/airflow/example_dags/example_complex.py
[2025-06-24T14:48:59.020+0200] {logging_mixin.py:137} INFO - [2025-06-24T14:48:59.020+0200] {dag.py:2690} INFO - Sync 1 DAGs
[2025-06-24T14:48:59.042+0200] {logging_mixin.py:137} INFO - [2025-06-24T14:48:59.042+0200] {dag.py:3437} INFO - Setting next_dagrun for example_complex to None, run_after=None
[2025-06-24T14:48:59.087+0200] {processor.py:175} INFO - Processing /home/monica.fernandez/practica_creativa/venv-airflow/lib/python3.11/site-packages/airflow/example_dags/example_complex.py took 0.152 seconds
[2025-06-24T14:49:55.868+0200] {processor.py:153} INFO - Started process (PID=255972) to work on /home/monica.fernandez/practica_creativa/venv-airflow/lib/python3.11/site-packages/airflow/example_dags/example_complex.py
[2025-06-24T14:49:55.869+0200] {processor.py:743} INFO - Processing file /home/monica.fernandez/practica_creativa/venv-airflow/lib/python3.11/site-packages/airflow/example_dags/example_complex.py for tasks to queue
[2025-06-24T14:49:55.870+0200] {logging_mixin.py:137} INFO - [2025-06-24T14:49:55.869+0200] {dagbag.py:538} INFO - Filling up the DagBag from /home/monica.fernandez/practica_creativa/venv-airflow/lib/python3.11/site-packages/airflow/example_dags/example_complex.py
[2025-06-24T14:49:55.889+0200] {logging_mixin.py:137} INFO - [2025-06-24T14:49:55.889+0200] {taskmixin.py:205} WARNING - Dependency <Task(BashOperator): create_entry_group>, delete_entry_group already registered for DAG: example_complex
[2025-06-24T14:49:55.889+0200] {logging_mixin.py:137} INFO - [2025-06-24T14:49:55.889+0200] {taskmixin.py:205} WARNING - Dependency <Task(BashOperator): delete_entry_group>, create_entry_group already registered for DAG: example_complex
[2025-06-24T14:49:55.890+0200] {logging_mixin.py:137} INFO - [2025-06-24T14:49:55.890+0200] {taskmixin.py:205} WARNING - Dependency <Task(BashOperator): create_entry_gcs>, delete_entry already registered for DAG: example_complex
[2025-06-24T14:49:55.890+0200] {logging_mixin.py:137} INFO - [2025-06-24T14:49:55.890+0200] {taskmixin.py:205} WARNING - Dependency <Task(BashOperator): delete_entry>, create_entry_gcs already registered for DAG: example_complex
[2025-06-24T14:49:55.890+0200] {logging_mixin.py:137} INFO - [2025-06-24T14:49:55.890+0200] {taskmixin.py:205} WARNING - Dependency <Task(BashOperator): create_tag>, delete_tag already registered for DAG: example_complex
[2025-06-24T14:49:55.891+0200] {logging_mixin.py:137} INFO - [2025-06-24T14:49:55.891+0200] {taskmixin.py:205} WARNING - Dependency <Task(BashOperator): delete_tag>, create_tag already registered for DAG: example_complex
[2025-06-24T14:49:55.893+0200] {processor.py:753} INFO - DAG(s) dict_keys(['example_complex']) retrieved from /home/monica.fernandez/practica_creativa/venv-airflow/lib/python3.11/site-packages/airflow/example_dags/example_complex.py
[2025-06-24T14:49:55.944+0200] {logging_mixin.py:137} INFO - [2025-06-24T14:49:55.944+0200] {dag.py:2690} INFO - Sync 1 DAGs
[2025-06-24T14:49:55.972+0200] {logging_mixin.py:137} INFO - [2025-06-24T14:49:55.972+0200] {dag.py:3437} INFO - Setting next_dagrun for example_complex to None, run_after=None
[2025-06-24T14:49:56.027+0200] {processor.py:175} INFO - Processing /home/monica.fernandez/practica_creativa/venv-airflow/lib/python3.11/site-packages/airflow/example_dags/example_complex.py took 0.164 seconds
[2025-06-24T14:50:48.792+0200] {processor.py:153} INFO - Started process (PID=256681) to work on /home/monica.fernandez/practica_creativa/venv-airflow/lib/python3.11/site-packages/airflow/example_dags/example_complex.py
[2025-06-24T14:50:48.793+0200] {processor.py:743} INFO - Processing file /home/monica.fernandez/practica_creativa/venv-airflow/lib/python3.11/site-packages/airflow/example_dags/example_complex.py for tasks to queue
[2025-06-24T14:50:48.795+0200] {logging_mixin.py:137} INFO - [2025-06-24T14:50:48.795+0200] {dagbag.py:538} INFO - Filling up the DagBag from /home/monica.fernandez/practica_creativa/venv-airflow/lib/python3.11/site-packages/airflow/example_dags/example_complex.py
[2025-06-24T14:50:48.813+0200] {logging_mixin.py:137} INFO - [2025-06-24T14:50:48.812+0200] {taskmixin.py:205} WARNING - Dependency <Task(BashOperator): create_entry_group>, delete_entry_group already registered for DAG: example_complex
[2025-06-24T14:50:48.813+0200] {logging_mixin.py:137} INFO - [2025-06-24T14:50:48.813+0200] {taskmixin.py:205} WARNING - Dependency <Task(BashOperator): delete_entry_group>, create_entry_group already registered for DAG: example_complex
[2025-06-24T14:50:48.813+0200] {logging_mixin.py:137} INFO - [2025-06-24T14:50:48.813+0200] {taskmixin.py:205} WARNING - Dependency <Task(BashOperator): create_entry_gcs>, delete_entry already registered for DAG: example_complex
[2025-06-24T14:50:48.813+0200] {logging_mixin.py:137} INFO - [2025-06-24T14:50:48.813+0200] {taskmixin.py:205} WARNING - Dependency <Task(BashOperator): delete_entry>, create_entry_gcs already registered for DAG: example_complex
[2025-06-24T14:50:48.814+0200] {logging_mixin.py:137} INFO - [2025-06-24T14:50:48.814+0200] {taskmixin.py:205} WARNING - Dependency <Task(BashOperator): create_tag>, delete_tag already registered for DAG: example_complex
[2025-06-24T14:50:48.814+0200] {logging_mixin.py:137} INFO - [2025-06-24T14:50:48.814+0200] {taskmixin.py:205} WARNING - Dependency <Task(BashOperator): delete_tag>, create_tag already registered for DAG: example_complex
[2025-06-24T14:50:48.816+0200] {processor.py:753} INFO - DAG(s) dict_keys(['example_complex']) retrieved from /home/monica.fernandez/practica_creativa/venv-airflow/lib/python3.11/site-packages/airflow/example_dags/example_complex.py
[2025-06-24T14:50:48.864+0200] {logging_mixin.py:137} INFO - [2025-06-24T14:50:48.864+0200] {dag.py:2690} INFO - Sync 1 DAGs
[2025-06-24T14:50:48.886+0200] {logging_mixin.py:137} INFO - [2025-06-24T14:50:48.886+0200] {dag.py:3437} INFO - Setting next_dagrun for example_complex to None, run_after=None
[2025-06-24T14:50:48.937+0200] {processor.py:175} INFO - Processing /home/monica.fernandez/practica_creativa/venv-airflow/lib/python3.11/site-packages/airflow/example_dags/example_complex.py took 0.150 seconds
[2025-06-24T14:51:39.138+0200] {processor.py:153} INFO - Started process (PID=257103) to work on /home/monica.fernandez/practica_creativa/venv-airflow/lib/python3.11/site-packages/airflow/example_dags/example_complex.py
[2025-06-24T14:51:39.139+0200] {processor.py:743} INFO - Processing file /home/monica.fernandez/practica_creativa/venv-airflow/lib/python3.11/site-packages/airflow/example_dags/example_complex.py for tasks to queue
[2025-06-24T14:51:39.140+0200] {logging_mixin.py:137} INFO - [2025-06-24T14:51:39.140+0200] {dagbag.py:538} INFO - Filling up the DagBag from /home/monica.fernandez/practica_creativa/venv-airflow/lib/python3.11/site-packages/airflow/example_dags/example_complex.py
[2025-06-24T14:51:39.159+0200] {logging_mixin.py:137} INFO - [2025-06-24T14:51:39.159+0200] {taskmixin.py:205} WARNING - Dependency <Task(BashOperator): create_entry_group>, delete_entry_group already registered for DAG: example_complex
[2025-06-24T14:51:39.159+0200] {logging_mixin.py:137} INFO - [2025-06-24T14:51:39.159+0200] {taskmixin.py:205} WARNING - Dependency <Task(BashOperator): delete_entry_group>, create_entry_group already registered for DAG: example_complex
[2025-06-24T14:51:39.160+0200] {logging_mixin.py:137} INFO - [2025-06-24T14:51:39.159+0200] {taskmixin.py:205} WARNING - Dependency <Task(BashOperator): create_entry_gcs>, delete_entry already registered for DAG: example_complex
[2025-06-24T14:51:39.160+0200] {logging_mixin.py:137} INFO - [2025-06-24T14:51:39.160+0200] {taskmixin.py:205} WARNING - Dependency <Task(BashOperator): delete_entry>, create_entry_gcs already registered for DAG: example_complex
[2025-06-24T14:51:39.160+0200] {logging_mixin.py:137} INFO - [2025-06-24T14:51:39.160+0200] {taskmixin.py:205} WARNING - Dependency <Task(BashOperator): create_tag>, delete_tag already registered for DAG: example_complex
[2025-06-24T14:51:39.160+0200] {logging_mixin.py:137} INFO - [2025-06-24T14:51:39.160+0200] {taskmixin.py:205} WARNING - Dependency <Task(BashOperator): delete_tag>, create_tag already registered for DAG: example_complex
[2025-06-24T14:51:39.162+0200] {processor.py:753} INFO - DAG(s) dict_keys(['example_complex']) retrieved from /home/monica.fernandez/practica_creativa/venv-airflow/lib/python3.11/site-packages/airflow/example_dags/example_complex.py
[2025-06-24T14:51:39.198+0200] {logging_mixin.py:137} INFO - [2025-06-24T14:51:39.198+0200] {dag.py:2690} INFO - Sync 1 DAGs
[2025-06-24T14:51:39.219+0200] {logging_mixin.py:137} INFO - [2025-06-24T14:51:39.219+0200] {dag.py:3437} INFO - Setting next_dagrun for example_complex to None, run_after=None
[2025-06-24T14:51:39.266+0200] {processor.py:175} INFO - Processing /home/monica.fernandez/practica_creativa/venv-airflow/lib/python3.11/site-packages/airflow/example_dags/example_complex.py took 0.132 seconds
[2025-06-24T14:52:31.926+0200] {processor.py:153} INFO - Started process (PID=257558) to work on /home/monica.fernandez/practica_creativa/venv-airflow/lib/python3.11/site-packages/airflow/example_dags/example_complex.py
[2025-06-24T14:52:31.927+0200] {processor.py:743} INFO - Processing file /home/monica.fernandez/practica_creativa/venv-airflow/lib/python3.11/site-packages/airflow/example_dags/example_complex.py for tasks to queue
[2025-06-24T14:52:31.928+0200] {logging_mixin.py:137} INFO - [2025-06-24T14:52:31.928+0200] {dagbag.py:538} INFO - Filling up the DagBag from /home/monica.fernandez/practica_creativa/venv-airflow/lib/python3.11/site-packages/airflow/example_dags/example_complex.py
[2025-06-24T14:52:31.957+0200] {logging_mixin.py:137} INFO - [2025-06-24T14:52:31.956+0200] {taskmixin.py:205} WARNING - Dependency <Task(BashOperator): create_entry_group>, delete_entry_group already registered for DAG: example_complex
[2025-06-24T14:52:31.957+0200] {logging_mixin.py:137} INFO - [2025-06-24T14:52:31.957+0200] {taskmixin.py:205} WARNING - Dependency <Task(BashOperator): delete_entry_group>, create_entry_group already registered for DAG: example_complex
[2025-06-24T14:52:31.957+0200] {logging_mixin.py:137} INFO - [2025-06-24T14:52:31.957+0200] {taskmixin.py:205} WARNING - Dependency <Task(BashOperator): create_entry_gcs>, delete_entry already registered for DAG: example_complex
[2025-06-24T14:52:31.957+0200] {logging_mixin.py:137} INFO - [2025-06-24T14:52:31.957+0200] {taskmixin.py:205} WARNING - Dependency <Task(BashOperator): delete_entry>, create_entry_gcs already registered for DAG: example_complex
[2025-06-24T14:52:31.958+0200] {logging_mixin.py:137} INFO - [2025-06-24T14:52:31.958+0200] {taskmixin.py:205} WARNING - Dependency <Task(BashOperator): create_tag>, delete_tag already registered for DAG: example_complex
[2025-06-24T14:52:31.958+0200] {logging_mixin.py:137} INFO - [2025-06-24T14:52:31.958+0200] {taskmixin.py:205} WARNING - Dependency <Task(BashOperator): delete_tag>, create_tag already registered for DAG: example_complex
[2025-06-24T14:52:31.960+0200] {processor.py:753} INFO - DAG(s) dict_keys(['example_complex']) retrieved from /home/monica.fernandez/practica_creativa/venv-airflow/lib/python3.11/site-packages/airflow/example_dags/example_complex.py
[2025-06-24T14:52:32.039+0200] {logging_mixin.py:137} INFO - [2025-06-24T14:52:32.039+0200] {dag.py:2690} INFO - Sync 1 DAGs
[2025-06-24T14:52:32.064+0200] {logging_mixin.py:137} INFO - [2025-06-24T14:52:32.064+0200] {dag.py:3437} INFO - Setting next_dagrun for example_complex to None, run_after=None
[2025-06-24T14:52:32.118+0200] {processor.py:175} INFO - Processing /home/monica.fernandez/practica_creativa/venv-airflow/lib/python3.11/site-packages/airflow/example_dags/example_complex.py took 0.197 seconds
[2025-06-24T14:53:19.654+0200] {processor.py:153} INFO - Started process (PID=257913) to work on /home/monica.fernandez/practica_creativa/venv-airflow/lib/python3.11/site-packages/airflow/example_dags/example_complex.py
[2025-06-24T14:53:19.655+0200] {processor.py:743} INFO - Processing file /home/monica.fernandez/practica_creativa/venv-airflow/lib/python3.11/site-packages/airflow/example_dags/example_complex.py for tasks to queue
[2025-06-24T14:53:19.656+0200] {logging_mixin.py:137} INFO - [2025-06-24T14:53:19.656+0200] {dagbag.py:538} INFO - Filling up the DagBag from /home/monica.fernandez/practica_creativa/venv-airflow/lib/python3.11/site-packages/airflow/example_dags/example_complex.py
[2025-06-24T14:53:19.675+0200] {logging_mixin.py:137} INFO - [2025-06-24T14:53:19.675+0200] {taskmixin.py:205} WARNING - Dependency <Task(BashOperator): create_entry_group>, delete_entry_group already registered for DAG: example_complex
[2025-06-24T14:53:19.675+0200] {logging_mixin.py:137} INFO - [2025-06-24T14:53:19.675+0200] {taskmixin.py:205} WARNING - Dependency <Task(BashOperator): delete_entry_group>, create_entry_group already registered for DAG: example_complex
[2025-06-24T14:53:19.676+0200] {logging_mixin.py:137} INFO - [2025-06-24T14:53:19.676+0200] {taskmixin.py:205} WARNING - Dependency <Task(BashOperator): create_entry_gcs>, delete_entry already registered for DAG: example_complex
[2025-06-24T14:53:19.676+0200] {logging_mixin.py:137} INFO - [2025-06-24T14:53:19.676+0200] {taskmixin.py:205} WARNING - Dependency <Task(BashOperator): delete_entry>, create_entry_gcs already registered for DAG: example_complex
[2025-06-24T14:53:19.676+0200] {logging_mixin.py:137} INFO - [2025-06-24T14:53:19.676+0200] {taskmixin.py:205} WARNING - Dependency <Task(BashOperator): create_tag>, delete_tag already registered for DAG: example_complex
[2025-06-24T14:53:19.677+0200] {logging_mixin.py:137} INFO - [2025-06-24T14:53:19.676+0200] {taskmixin.py:205} WARNING - Dependency <Task(BashOperator): delete_tag>, create_tag already registered for DAG: example_complex
[2025-06-24T14:53:19.678+0200] {processor.py:753} INFO - DAG(s) dict_keys(['example_complex']) retrieved from /home/monica.fernandez/practica_creativa/venv-airflow/lib/python3.11/site-packages/airflow/example_dags/example_complex.py
[2025-06-24T14:53:19.732+0200] {logging_mixin.py:137} INFO - [2025-06-24T14:53:19.731+0200] {dag.py:2690} INFO - Sync 1 DAGs
[2025-06-24T14:53:19.768+0200] {logging_mixin.py:137} INFO - [2025-06-24T14:53:19.767+0200] {dag.py:3437} INFO - Setting next_dagrun for example_complex to None, run_after=None
[2025-06-24T14:53:19.840+0200] {processor.py:175} INFO - Processing /home/monica.fernandez/practica_creativa/venv-airflow/lib/python3.11/site-packages/airflow/example_dags/example_complex.py took 0.192 seconds
[2025-06-24T14:54:18.053+0200] {processor.py:153} INFO - Started process (PID=258391) to work on /home/monica.fernandez/practica_creativa/venv-airflow/lib/python3.11/site-packages/airflow/example_dags/example_complex.py
[2025-06-24T14:54:18.053+0200] {processor.py:743} INFO - Processing file /home/monica.fernandez/practica_creativa/venv-airflow/lib/python3.11/site-packages/airflow/example_dags/example_complex.py for tasks to queue
[2025-06-24T14:54:18.054+0200] {logging_mixin.py:137} INFO - [2025-06-24T14:54:18.054+0200] {dagbag.py:538} INFO - Filling up the DagBag from /home/monica.fernandez/practica_creativa/venv-airflow/lib/python3.11/site-packages/airflow/example_dags/example_complex.py
[2025-06-24T14:54:18.065+0200] {logging_mixin.py:137} INFO - [2025-06-24T14:54:18.065+0200] {taskmixin.py:205} WARNING - Dependency <Task(BashOperator): create_entry_group>, delete_entry_group already registered for DAG: example_complex
[2025-06-24T14:54:18.065+0200] {logging_mixin.py:137} INFO - [2025-06-24T14:54:18.065+0200] {taskmixin.py:205} WARNING - Dependency <Task(BashOperator): delete_entry_group>, create_entry_group already registered for DAG: example_complex
[2025-06-24T14:54:18.065+0200] {logging_mixin.py:137} INFO - [2025-06-24T14:54:18.065+0200] {taskmixin.py:205} WARNING - Dependency <Task(BashOperator): create_entry_gcs>, delete_entry already registered for DAG: example_complex
[2025-06-24T14:54:18.065+0200] {logging_mixin.py:137} INFO - [2025-06-24T14:54:18.065+0200] {taskmixin.py:205} WARNING - Dependency <Task(BashOperator): delete_entry>, create_entry_gcs already registered for DAG: example_complex
[2025-06-24T14:54:18.065+0200] {logging_mixin.py:137} INFO - [2025-06-24T14:54:18.065+0200] {taskmixin.py:205} WARNING - Dependency <Task(BashOperator): create_tag>, delete_tag already registered for DAG: example_complex
[2025-06-24T14:54:18.065+0200] {logging_mixin.py:137} INFO - [2025-06-24T14:54:18.065+0200] {taskmixin.py:205} WARNING - Dependency <Task(BashOperator): delete_tag>, create_tag already registered for DAG: example_complex
[2025-06-24T14:54:18.066+0200] {processor.py:753} INFO - DAG(s) dict_keys(['example_complex']) retrieved from /home/monica.fernandez/practica_creativa/venv-airflow/lib/python3.11/site-packages/airflow/example_dags/example_complex.py
[2025-06-24T14:54:18.116+0200] {logging_mixin.py:137} INFO - [2025-06-24T14:54:18.116+0200] {dag.py:2690} INFO - Sync 1 DAGs
[2025-06-24T14:54:18.138+0200] {logging_mixin.py:137} INFO - [2025-06-24T14:54:18.138+0200] {dag.py:3437} INFO - Setting next_dagrun for example_complex to None, run_after=None
[2025-06-24T14:54:18.185+0200] {processor.py:175} INFO - Processing /home/monica.fernandez/practica_creativa/venv-airflow/lib/python3.11/site-packages/airflow/example_dags/example_complex.py took 0.135 seconds
[2025-06-24T14:55:05.730+0200] {processor.py:153} INFO - Started process (PID=258803) to work on /home/monica.fernandez/practica_creativa/venv-airflow/lib/python3.11/site-packages/airflow/example_dags/example_complex.py
[2025-06-24T14:55:05.731+0200] {processor.py:743} INFO - Processing file /home/monica.fernandez/practica_creativa/venv-airflow/lib/python3.11/site-packages/airflow/example_dags/example_complex.py for tasks to queue
[2025-06-24T14:55:05.732+0200] {logging_mixin.py:137} INFO - [2025-06-24T14:55:05.731+0200] {dagbag.py:538} INFO - Filling up the DagBag from /home/monica.fernandez/practica_creativa/venv-airflow/lib/python3.11/site-packages/airflow/example_dags/example_complex.py
[2025-06-24T14:55:05.750+0200] {logging_mixin.py:137} INFO - [2025-06-24T14:55:05.750+0200] {taskmixin.py:205} WARNING - Dependency <Task(BashOperator): create_entry_group>, delete_entry_group already registered for DAG: example_complex
[2025-06-24T14:55:05.751+0200] {logging_mixin.py:137} INFO - [2025-06-24T14:55:05.750+0200] {taskmixin.py:205} WARNING - Dependency <Task(BashOperator): delete_entry_group>, create_entry_group already registered for DAG: example_complex
[2025-06-24T14:55:05.751+0200] {logging_mixin.py:137} INFO - [2025-06-24T14:55:05.751+0200] {taskmixin.py:205} WARNING - Dependency <Task(BashOperator): create_entry_gcs>, delete_entry already registered for DAG: example_complex
[2025-06-24T14:55:05.751+0200] {logging_mixin.py:137} INFO - [2025-06-24T14:55:05.751+0200] {taskmixin.py:205} WARNING - Dependency <Task(BashOperator): delete_entry>, create_entry_gcs already registered for DAG: example_complex
[2025-06-24T14:55:05.752+0200] {logging_mixin.py:137} INFO - [2025-06-24T14:55:05.752+0200] {taskmixin.py:205} WARNING - Dependency <Task(BashOperator): create_tag>, delete_tag already registered for DAG: example_complex
[2025-06-24T14:55:05.752+0200] {logging_mixin.py:137} INFO - [2025-06-24T14:55:05.752+0200] {taskmixin.py:205} WARNING - Dependency <Task(BashOperator): delete_tag>, create_tag already registered for DAG: example_complex
[2025-06-24T14:55:05.754+0200] {processor.py:753} INFO - DAG(s) dict_keys(['example_complex']) retrieved from /home/monica.fernandez/practica_creativa/venv-airflow/lib/python3.11/site-packages/airflow/example_dags/example_complex.py
[2025-06-24T14:55:05.803+0200] {logging_mixin.py:137} INFO - [2025-06-24T14:55:05.803+0200] {dag.py:2690} INFO - Sync 1 DAGs
[2025-06-24T14:55:05.831+0200] {logging_mixin.py:137} INFO - [2025-06-24T14:55:05.830+0200] {dag.py:3437} INFO - Setting next_dagrun for example_complex to None, run_after=None
[2025-06-24T14:55:05.892+0200] {processor.py:175} INFO - Processing /home/monica.fernandez/practica_creativa/venv-airflow/lib/python3.11/site-packages/airflow/example_dags/example_complex.py took 0.168 seconds
