[2025-06-24T14:47:26.734+0200] {processor.py:153} INFO - Started process (PID=254778) to work on /home/monica.fernandez/practica_creativa/venv-airflow/lib/python3.11/site-packages/airflow/example_dags/example_branch_operator_decorator.py
[2025-06-24T14:47:26.736+0200] {processor.py:743} INFO - Processing file /home/monica.fernandez/practica_creativa/venv-airflow/lib/python3.11/site-packages/airflow/example_dags/example_branch_operator_decorator.py for tasks to queue
[2025-06-24T14:47:26.737+0200] {logging_mixin.py:137} INFO - [2025-06-24T14:47:26.737+0200] {dagbag.py:538} INFO - Filling up the DagBag from /home/monica.fernandez/practica_creativa/venv-airflow/lib/python3.11/site-packages/airflow/example_dags/example_branch_operator_decorator.py
[2025-06-24T14:47:26.787+0200] {processor.py:753} INFO - DAG(s) dict_keys(['example_branch_python_operator_decorator']) retrieved from /home/monica.fernandez/practica_creativa/venv-airflow/lib/python3.11/site-packages/airflow/example_dags/example_branch_operator_decorator.py
[2025-06-24T14:47:26.823+0200] {logging_mixin.py:137} INFO - [2025-06-24T14:47:26.823+0200] {dag.py:2690} INFO - Sync 1 DAGs
[2025-06-24T14:47:26.857+0200] {logging_mixin.py:137} INFO - [2025-06-24T14:47:26.856+0200] {dag.py:3437} INFO - Setting next_dagrun for example_branch_python_operator_decorator to 2025-06-23T00:00:00+00:00, run_after=2025-06-24T00:00:00+00:00
[2025-06-24T14:47:26.915+0200] {processor.py:175} INFO - Processing /home/monica.fernandez/practica_creativa/venv-airflow/lib/python3.11/site-packages/airflow/example_dags/example_branch_operator_decorator.py took 0.186 seconds
[2025-06-24T14:48:15.422+0200] {processor.py:153} INFO - Started process (PID=255115) to work on /home/monica.fernandez/practica_creativa/venv-airflow/lib/python3.11/site-packages/airflow/example_dags/example_branch_operator_decorator.py
[2025-06-24T14:48:15.424+0200] {processor.py:743} INFO - Processing file /home/monica.fernandez/practica_creativa/venv-airflow/lib/python3.11/site-packages/airflow/example_dags/example_branch_operator_decorator.py for tasks to queue
[2025-06-24T14:48:15.425+0200] {logging_mixin.py:137} INFO - [2025-06-24T14:48:15.425+0200] {dagbag.py:538} INFO - Filling up the DagBag from /home/monica.fernandez/practica_creativa/venv-airflow/lib/python3.11/site-packages/airflow/example_dags/example_branch_operator_decorator.py
[2025-06-24T14:48:15.464+0200] {processor.py:753} INFO - DAG(s) dict_keys(['example_branch_python_operator_decorator']) retrieved from /home/monica.fernandez/practica_creativa/venv-airflow/lib/python3.11/site-packages/airflow/example_dags/example_branch_operator_decorator.py
[2025-06-24T14:48:15.503+0200] {logging_mixin.py:137} INFO - [2025-06-24T14:48:15.503+0200] {dag.py:2690} INFO - Sync 1 DAGs
[2025-06-24T14:48:15.536+0200] {logging_mixin.py:137} INFO - [2025-06-24T14:48:15.535+0200] {dag.py:3437} INFO - Setting next_dagrun for example_branch_python_operator_decorator to 2025-06-23T00:00:00+00:00, run_after=2025-06-24T00:00:00+00:00
[2025-06-24T14:48:15.594+0200] {processor.py:175} INFO - Processing /home/monica.fernandez/practica_creativa/venv-airflow/lib/python3.11/site-packages/airflow/example_dags/example_branch_operator_decorator.py took 0.176 seconds
[2025-06-24T14:49:02.755+0200] {processor.py:153} INFO - Started process (PID=255552) to work on /home/monica.fernandez/practica_creativa/venv-airflow/lib/python3.11/site-packages/airflow/example_dags/example_branch_operator_decorator.py
[2025-06-24T14:49:02.757+0200] {processor.py:743} INFO - Processing file /home/monica.fernandez/practica_creativa/venv-airflow/lib/python3.11/site-packages/airflow/example_dags/example_branch_operator_decorator.py for tasks to queue
[2025-06-24T14:49:02.758+0200] {logging_mixin.py:137} INFO - [2025-06-24T14:49:02.758+0200] {dagbag.py:538} INFO - Filling up the DagBag from /home/monica.fernandez/practica_creativa/venv-airflow/lib/python3.11/site-packages/airflow/example_dags/example_branch_operator_decorator.py
[2025-06-24T14:49:02.795+0200] {processor.py:753} INFO - DAG(s) dict_keys(['example_branch_python_operator_decorator']) retrieved from /home/monica.fernandez/practica_creativa/venv-airflow/lib/python3.11/site-packages/airflow/example_dags/example_branch_operator_decorator.py
[2025-06-24T14:49:02.829+0200] {logging_mixin.py:137} INFO - [2025-06-24T14:49:02.829+0200] {dag.py:2690} INFO - Sync 1 DAGs
[2025-06-24T14:49:02.855+0200] {logging_mixin.py:137} INFO - [2025-06-24T14:49:02.854+0200] {dag.py:3437} INFO - Setting next_dagrun for example_branch_python_operator_decorator to 2025-06-23T00:00:00+00:00, run_after=2025-06-24T00:00:00+00:00
[2025-06-24T14:49:02.907+0200] {processor.py:175} INFO - Processing /home/monica.fernandez/practica_creativa/venv-airflow/lib/python3.11/site-packages/airflow/example_dags/example_branch_operator_decorator.py took 0.158 seconds
[2025-06-24T14:49:58.423+0200] {processor.py:153} INFO - Started process (PID=255984) to work on /home/monica.fernandez/practica_creativa/venv-airflow/lib/python3.11/site-packages/airflow/example_dags/example_branch_operator_decorator.py
[2025-06-24T14:49:58.424+0200] {processor.py:743} INFO - Processing file /home/monica.fernandez/practica_creativa/venv-airflow/lib/python3.11/site-packages/airflow/example_dags/example_branch_operator_decorator.py for tasks to queue
[2025-06-24T14:49:58.424+0200] {logging_mixin.py:137} INFO - [2025-06-24T14:49:58.424+0200] {dagbag.py:538} INFO - Filling up the DagBag from /home/monica.fernandez/practica_creativa/venv-airflow/lib/python3.11/site-packages/airflow/example_dags/example_branch_operator_decorator.py
[2025-06-24T14:49:58.451+0200] {processor.py:753} INFO - DAG(s) dict_keys(['example_branch_python_operator_decorator']) retrieved from /home/monica.fernandez/practica_creativa/venv-airflow/lib/python3.11/site-packages/airflow/example_dags/example_branch_operator_decorator.py
[2025-06-24T14:49:58.483+0200] {logging_mixin.py:137} INFO - [2025-06-24T14:49:58.483+0200] {dag.py:2690} INFO - Sync 1 DAGs
[2025-06-24T14:49:58.512+0200] {logging_mixin.py:137} INFO - [2025-06-24T14:49:58.512+0200] {dag.py:3437} INFO - Setting next_dagrun for example_branch_python_operator_decorator to 2025-06-23T00:00:00+00:00, run_after=2025-06-24T00:00:00+00:00
[2025-06-24T14:49:58.572+0200] {processor.py:175} INFO - Processing /home/monica.fernandez/practica_creativa/venv-airflow/lib/python3.11/site-packages/airflow/example_dags/example_branch_operator_decorator.py took 0.152 seconds
[2025-06-24T14:50:51.467+0200] {processor.py:153} INFO - Started process (PID=256711) to work on /home/monica.fernandez/practica_creativa/venv-airflow/lib/python3.11/site-packages/airflow/example_dags/example_branch_operator_decorator.py
[2025-06-24T14:50:51.468+0200] {processor.py:743} INFO - Processing file /home/monica.fernandez/practica_creativa/venv-airflow/lib/python3.11/site-packages/airflow/example_dags/example_branch_operator_decorator.py for tasks to queue
[2025-06-24T14:50:51.468+0200] {logging_mixin.py:137} INFO - [2025-06-24T14:50:51.468+0200] {dagbag.py:538} INFO - Filling up the DagBag from /home/monica.fernandez/practica_creativa/venv-airflow/lib/python3.11/site-packages/airflow/example_dags/example_branch_operator_decorator.py
[2025-06-24T14:50:51.486+0200] {processor.py:753} INFO - DAG(s) dict_keys(['example_branch_python_operator_decorator']) retrieved from /home/monica.fernandez/practica_creativa/venv-airflow/lib/python3.11/site-packages/airflow/example_dags/example_branch_operator_decorator.py
[2025-06-24T14:50:51.512+0200] {logging_mixin.py:137} INFO - [2025-06-24T14:50:51.512+0200] {dag.py:2690} INFO - Sync 1 DAGs
[2025-06-24T14:50:51.533+0200] {logging_mixin.py:137} INFO - [2025-06-24T14:50:51.532+0200] {dag.py:3437} INFO - Setting next_dagrun for example_branch_python_operator_decorator to 2025-06-23T00:00:00+00:00, run_after=2025-06-24T00:00:00+00:00
[2025-06-24T14:50:51.579+0200] {processor.py:175} INFO - Processing /home/monica.fernandez/practica_creativa/venv-airflow/lib/python3.11/site-packages/airflow/example_dags/example_branch_operator_decorator.py took 0.114 seconds
[2025-06-24T14:51:42.373+0200] {processor.py:153} INFO - Started process (PID=257116) to work on /home/monica.fernandez/practica_creativa/venv-airflow/lib/python3.11/site-packages/airflow/example_dags/example_branch_operator_decorator.py
[2025-06-24T14:51:42.374+0200] {processor.py:743} INFO - Processing file /home/monica.fernandez/practica_creativa/venv-airflow/lib/python3.11/site-packages/airflow/example_dags/example_branch_operator_decorator.py for tasks to queue
[2025-06-24T14:51:42.374+0200] {logging_mixin.py:137} INFO - [2025-06-24T14:51:42.374+0200] {dagbag.py:538} INFO - Filling up the DagBag from /home/monica.fernandez/practica_creativa/venv-airflow/lib/python3.11/site-packages/airflow/example_dags/example_branch_operator_decorator.py
[2025-06-24T14:51:42.403+0200] {processor.py:753} INFO - DAG(s) dict_keys(['example_branch_python_operator_decorator']) retrieved from /home/monica.fernandez/practica_creativa/venv-airflow/lib/python3.11/site-packages/airflow/example_dags/example_branch_operator_decorator.py
[2025-06-24T14:51:42.427+0200] {logging_mixin.py:137} INFO - [2025-06-24T14:51:42.427+0200] {dag.py:2690} INFO - Sync 1 DAGs
[2025-06-24T14:51:42.448+0200] {logging_mixin.py:137} INFO - [2025-06-24T14:51:42.447+0200] {dag.py:3437} INFO - Setting next_dagrun for example_branch_python_operator_decorator to 2025-06-23T00:00:00+00:00, run_after=2025-06-24T00:00:00+00:00
[2025-06-24T14:51:42.495+0200] {processor.py:175} INFO - Processing /home/monica.fernandez/practica_creativa/venv-airflow/lib/python3.11/site-packages/airflow/example_dags/example_branch_operator_decorator.py took 0.125 seconds
[2025-06-24T14:52:34.290+0200] {processor.py:153} INFO - Started process (PID=257571) to work on /home/monica.fernandez/practica_creativa/venv-airflow/lib/python3.11/site-packages/airflow/example_dags/example_branch_operator_decorator.py
[2025-06-24T14:52:34.292+0200] {processor.py:743} INFO - Processing file /home/monica.fernandez/practica_creativa/venv-airflow/lib/python3.11/site-packages/airflow/example_dags/example_branch_operator_decorator.py for tasks to queue
[2025-06-24T14:52:34.293+0200] {logging_mixin.py:137} INFO - [2025-06-24T14:52:34.292+0200] {dagbag.py:538} INFO - Filling up the DagBag from /home/monica.fernandez/practica_creativa/venv-airflow/lib/python3.11/site-packages/airflow/example_dags/example_branch_operator_decorator.py
[2025-06-24T14:52:34.341+0200] {processor.py:753} INFO - DAG(s) dict_keys(['example_branch_python_operator_decorator']) retrieved from /home/monica.fernandez/practica_creativa/venv-airflow/lib/python3.11/site-packages/airflow/example_dags/example_branch_operator_decorator.py
[2025-06-24T14:52:34.370+0200] {logging_mixin.py:137} INFO - [2025-06-24T14:52:34.370+0200] {dag.py:2690} INFO - Sync 1 DAGs
[2025-06-24T14:52:34.395+0200] {logging_mixin.py:137} INFO - [2025-06-24T14:52:34.395+0200] {dag.py:3437} INFO - Setting next_dagrun for example_branch_python_operator_decorator to 2025-06-23T00:00:00+00:00, run_after=2025-06-24T00:00:00+00:00
[2025-06-24T14:52:34.444+0200] {processor.py:175} INFO - Processing /home/monica.fernandez/practica_creativa/venv-airflow/lib/python3.11/site-packages/airflow/example_dags/example_branch_operator_decorator.py took 0.159 seconds
[2025-06-24T14:53:23.799+0200] {processor.py:153} INFO - Started process (PID=257951) to work on /home/monica.fernandez/practica_creativa/venv-airflow/lib/python3.11/site-packages/airflow/example_dags/example_branch_operator_decorator.py
[2025-06-24T14:53:23.801+0200] {processor.py:743} INFO - Processing file /home/monica.fernandez/practica_creativa/venv-airflow/lib/python3.11/site-packages/airflow/example_dags/example_branch_operator_decorator.py for tasks to queue
[2025-06-24T14:53:23.801+0200] {logging_mixin.py:137} INFO - [2025-06-24T14:53:23.801+0200] {dagbag.py:538} INFO - Filling up the DagBag from /home/monica.fernandez/practica_creativa/venv-airflow/lib/python3.11/site-packages/airflow/example_dags/example_branch_operator_decorator.py
[2025-06-24T14:53:23.836+0200] {processor.py:753} INFO - DAG(s) dict_keys(['example_branch_python_operator_decorator']) retrieved from /home/monica.fernandez/practica_creativa/venv-airflow/lib/python3.11/site-packages/airflow/example_dags/example_branch_operator_decorator.py
[2025-06-24T14:53:23.876+0200] {logging_mixin.py:137} INFO - [2025-06-24T14:53:23.875+0200] {dag.py:2690} INFO - Sync 1 DAGs
[2025-06-24T14:53:23.909+0200] {logging_mixin.py:137} INFO - [2025-06-24T14:53:23.909+0200] {dag.py:3437} INFO - Setting next_dagrun for example_branch_python_operator_decorator to 2025-06-23T00:00:00+00:00, run_after=2025-06-24T00:00:00+00:00
[2025-06-24T14:53:23.978+0200] {processor.py:175} INFO - Processing /home/monica.fernandez/practica_creativa/venv-airflow/lib/python3.11/site-packages/airflow/example_dags/example_branch_operator_decorator.py took 0.183 seconds
[2025-06-24T14:54:21.112+0200] {processor.py:153} INFO - Started process (PID=258403) to work on /home/monica.fernandez/practica_creativa/venv-airflow/lib/python3.11/site-packages/airflow/example_dags/example_branch_operator_decorator.py
[2025-06-24T14:54:21.113+0200] {processor.py:743} INFO - Processing file /home/monica.fernandez/practica_creativa/venv-airflow/lib/python3.11/site-packages/airflow/example_dags/example_branch_operator_decorator.py for tasks to queue
[2025-06-24T14:54:21.116+0200] {logging_mixin.py:137} INFO - [2025-06-24T14:54:21.115+0200] {dagbag.py:538} INFO - Filling up the DagBag from /home/monica.fernandez/practica_creativa/venv-airflow/lib/python3.11/site-packages/airflow/example_dags/example_branch_operator_decorator.py
[2025-06-24T14:54:21.150+0200] {processor.py:753} INFO - DAG(s) dict_keys(['example_branch_python_operator_decorator']) retrieved from /home/monica.fernandez/practica_creativa/venv-airflow/lib/python3.11/site-packages/airflow/example_dags/example_branch_operator_decorator.py
[2025-06-24T14:54:21.196+0200] {logging_mixin.py:137} INFO - [2025-06-24T14:54:21.195+0200] {dag.py:2690} INFO - Sync 1 DAGs
[2025-06-24T14:54:21.232+0200] {logging_mixin.py:137} INFO - [2025-06-24T14:54:21.232+0200] {dag.py:3437} INFO - Setting next_dagrun for example_branch_python_operator_decorator to 2025-06-23T00:00:00+00:00, run_after=2025-06-24T00:00:00+00:00
[2025-06-24T14:54:21.301+0200] {processor.py:175} INFO - Processing /home/monica.fernandez/practica_creativa/venv-airflow/lib/python3.11/site-packages/airflow/example_dags/example_branch_operator_decorator.py took 0.195 seconds
[2025-06-24T14:55:08.801+0200] {processor.py:153} INFO - Started process (PID=258818) to work on /home/monica.fernandez/practica_creativa/venv-airflow/lib/python3.11/site-packages/airflow/example_dags/example_branch_operator_decorator.py
[2025-06-24T14:55:08.802+0200] {processor.py:743} INFO - Processing file /home/monica.fernandez/practica_creativa/venv-airflow/lib/python3.11/site-packages/airflow/example_dags/example_branch_operator_decorator.py for tasks to queue
[2025-06-24T14:55:08.803+0200] {logging_mixin.py:137} INFO - [2025-06-24T14:55:08.802+0200] {dagbag.py:538} INFO - Filling up the DagBag from /home/monica.fernandez/practica_creativa/venv-airflow/lib/python3.11/site-packages/airflow/example_dags/example_branch_operator_decorator.py
[2025-06-24T14:55:08.831+0200] {processor.py:753} INFO - DAG(s) dict_keys(['example_branch_python_operator_decorator']) retrieved from /home/monica.fernandez/practica_creativa/venv-airflow/lib/python3.11/site-packages/airflow/example_dags/example_branch_operator_decorator.py
[2025-06-24T14:55:08.867+0200] {logging_mixin.py:137} INFO - [2025-06-24T14:55:08.867+0200] {dag.py:2690} INFO - Sync 1 DAGs
[2025-06-24T14:55:08.896+0200] {logging_mixin.py:137} INFO - [2025-06-24T14:55:08.896+0200] {dag.py:3437} INFO - Setting next_dagrun for example_branch_python_operator_decorator to 2025-06-23T00:00:00+00:00, run_after=2025-06-24T00:00:00+00:00
[2025-06-24T14:55:08.954+0200] {processor.py:175} INFO - Processing /home/monica.fernandez/practica_creativa/venv-airflow/lib/python3.11/site-packages/airflow/example_dags/example_branch_operator_decorator.py took 0.157 seconds
