[2025-06-24T14:46:55.908+0200] {processor.py:153} INFO - Started process (PID=254513) to work on /home/monica.fernandez/practica_creativa/venv-airflow/lib/python3.11/site-packages/airflow/example_dags/example_xcom.py
[2025-06-24T14:46:55.909+0200] {processor.py:743} INFO - Processing file /home/monica.fernandez/practica_creativa/venv-airflow/lib/python3.11/site-packages/airflow/example_dags/example_xcom.py for tasks to queue
[2025-06-24T14:46:55.910+0200] {logging_mixin.py:137} INFO - [2025-06-24T14:46:55.910+0200] {dagbag.py:538} INFO - Filling up the DagBag from /home/monica.fernandez/practica_creativa/venv-airflow/lib/python3.11/site-packages/airflow/example_dags/example_xcom.py
[2025-06-24T14:46:55.945+0200] {processor.py:753} INFO - DAG(s) dict_keys(['example_xcom']) retrieved from /home/monica.fernandez/practica_creativa/venv-airflow/lib/python3.11/site-packages/airflow/example_dags/example_xcom.py
[2025-06-24T14:46:55.989+0200] {logging_mixin.py:137} INFO - [2025-06-24T14:46:55.988+0200] {dag.py:2690} INFO - Sync 1 DAGs
[2025-06-24T14:46:56.022+0200] {logging_mixin.py:137} INFO - [2025-06-24T14:46:56.021+0200] {dag.py:3437} INFO - Setting next_dagrun for example_xcom to 2021-01-01T00:00:00+00:00, run_after=2021-01-01T00:00:00+00:00
[2025-06-24T14:46:56.085+0200] {processor.py:175} INFO - Processing /home/monica.fernandez/practica_creativa/venv-airflow/lib/python3.11/site-packages/airflow/example_dags/example_xcom.py took 0.182 seconds
[2025-06-24T14:47:41.831+0200] {processor.py:153} INFO - Started process (PID=254840) to work on /home/monica.fernandez/practica_creativa/venv-airflow/lib/python3.11/site-packages/airflow/example_dags/example_xcom.py
[2025-06-24T14:47:41.832+0200] {processor.py:743} INFO - Processing file /home/monica.fernandez/practica_creativa/venv-airflow/lib/python3.11/site-packages/airflow/example_dags/example_xcom.py for tasks to queue
[2025-06-24T14:47:41.833+0200] {logging_mixin.py:137} INFO - [2025-06-24T14:47:41.832+0200] {dagbag.py:538} INFO - Filling up the DagBag from /home/monica.fernandez/practica_creativa/venv-airflow/lib/python3.11/site-packages/airflow/example_dags/example_xcom.py
[2025-06-24T14:47:41.862+0200] {processor.py:753} INFO - DAG(s) dict_keys(['example_xcom']) retrieved from /home/monica.fernandez/practica_creativa/venv-airflow/lib/python3.11/site-packages/airflow/example_dags/example_xcom.py
[2025-06-24T14:47:41.899+0200] {logging_mixin.py:137} INFO - [2025-06-24T14:47:41.899+0200] {dag.py:2690} INFO - Sync 1 DAGs
[2025-06-24T14:47:41.929+0200] {logging_mixin.py:137} INFO - [2025-06-24T14:47:41.929+0200] {dag.py:3437} INFO - Setting next_dagrun for example_xcom to 2021-01-01T00:00:00+00:00, run_after=2021-01-01T00:00:00+00:00
[2025-06-24T14:47:41.988+0200] {processor.py:175} INFO - Processing /home/monica.fernandez/practica_creativa/venv-airflow/lib/python3.11/site-packages/airflow/example_dags/example_xcom.py took 0.161 seconds
[2025-06-24T14:48:28.254+0200] {processor.py:153} INFO - Started process (PID=255269) to work on /home/monica.fernandez/practica_creativa/venv-airflow/lib/python3.11/site-packages/airflow/example_dags/example_xcom.py
[2025-06-24T14:48:28.255+0200] {processor.py:743} INFO - Processing file /home/monica.fernandez/practica_creativa/venv-airflow/lib/python3.11/site-packages/airflow/example_dags/example_xcom.py for tasks to queue
[2025-06-24T14:48:28.256+0200] {logging_mixin.py:137} INFO - [2025-06-24T14:48:28.256+0200] {dagbag.py:538} INFO - Filling up the DagBag from /home/monica.fernandez/practica_creativa/venv-airflow/lib/python3.11/site-packages/airflow/example_dags/example_xcom.py
[2025-06-24T14:48:28.286+0200] {processor.py:753} INFO - DAG(s) dict_keys(['example_xcom']) retrieved from /home/monica.fernandez/practica_creativa/venv-airflow/lib/python3.11/site-packages/airflow/example_dags/example_xcom.py
[2025-06-24T14:48:28.324+0200] {logging_mixin.py:137} INFO - [2025-06-24T14:48:28.323+0200] {dag.py:2690} INFO - Sync 1 DAGs
[2025-06-24T14:48:28.352+0200] {logging_mixin.py:137} INFO - [2025-06-24T14:48:28.351+0200] {dag.py:3437} INFO - Setting next_dagrun for example_xcom to 2021-01-01T00:00:00+00:00, run_after=2021-01-01T00:00:00+00:00
[2025-06-24T14:48:28.409+0200] {processor.py:175} INFO - Processing /home/monica.fernandez/practica_creativa/venv-airflow/lib/python3.11/site-packages/airflow/example_dags/example_xcom.py took 0.160 seconds
[2025-06-24T14:49:16.091+0200] {processor.py:153} INFO - Started process (PID=255603) to work on /home/monica.fernandez/practica_creativa/venv-airflow/lib/python3.11/site-packages/airflow/example_dags/example_xcom.py
[2025-06-24T14:49:16.092+0200] {processor.py:743} INFO - Processing file /home/monica.fernandez/practica_creativa/venv-airflow/lib/python3.11/site-packages/airflow/example_dags/example_xcom.py for tasks to queue
[2025-06-24T14:49:16.093+0200] {logging_mixin.py:137} INFO - [2025-06-24T14:49:16.093+0200] {dagbag.py:538} INFO - Filling up the DagBag from /home/monica.fernandez/practica_creativa/venv-airflow/lib/python3.11/site-packages/airflow/example_dags/example_xcom.py
[2025-06-24T14:49:16.129+0200] {processor.py:753} INFO - DAG(s) dict_keys(['example_xcom']) retrieved from /home/monica.fernandez/practica_creativa/venv-airflow/lib/python3.11/site-packages/airflow/example_dags/example_xcom.py
[2025-06-24T14:49:16.172+0200] {logging_mixin.py:137} INFO - [2025-06-24T14:49:16.172+0200] {dag.py:2690} INFO - Sync 1 DAGs
[2025-06-24T14:49:16.197+0200] {logging_mixin.py:137} INFO - [2025-06-24T14:49:16.197+0200] {dag.py:3437} INFO - Setting next_dagrun for example_xcom to 2021-01-01T00:00:00+00:00, run_after=2021-01-01T00:00:00+00:00
[2025-06-24T14:49:16.250+0200] {processor.py:175} INFO - Processing /home/monica.fernandez/practica_creativa/venv-airflow/lib/python3.11/site-packages/airflow/example_dags/example_xcom.py took 0.164 seconds
[2025-06-24T14:50:07.074+0200] {processor.py:153} INFO - Started process (PID=256051) to work on /home/monica.fernandez/practica_creativa/venv-airflow/lib/python3.11/site-packages/airflow/example_dags/example_xcom.py
[2025-06-24T14:50:07.075+0200] {processor.py:743} INFO - Processing file /home/monica.fernandez/practica_creativa/venv-airflow/lib/python3.11/site-packages/airflow/example_dags/example_xcom.py for tasks to queue
[2025-06-24T14:50:07.076+0200] {logging_mixin.py:137} INFO - [2025-06-24T14:50:07.076+0200] {dagbag.py:538} INFO - Filling up the DagBag from /home/monica.fernandez/practica_creativa/venv-airflow/lib/python3.11/site-packages/airflow/example_dags/example_xcom.py
[2025-06-24T14:50:07.113+0200] {processor.py:753} INFO - DAG(s) dict_keys(['example_xcom']) retrieved from /home/monica.fernandez/practica_creativa/venv-airflow/lib/python3.11/site-packages/airflow/example_dags/example_xcom.py
[2025-06-24T14:50:07.146+0200] {logging_mixin.py:137} INFO - [2025-06-24T14:50:07.146+0200] {dag.py:2690} INFO - Sync 1 DAGs
[2025-06-24T14:50:07.167+0200] {logging_mixin.py:137} INFO - [2025-06-24T14:50:07.167+0200] {dag.py:3437} INFO - Setting next_dagrun for example_xcom to 2021-01-01T00:00:00+00:00, run_after=2021-01-01T00:00:00+00:00
[2025-06-24T14:50:07.220+0200] {processor.py:175} INFO - Processing /home/monica.fernandez/practica_creativa/venv-airflow/lib/python3.11/site-packages/airflow/example_dags/example_xcom.py took 0.151 seconds
[2025-06-24T14:50:42.796+0200] {processor.py:153} INFO - Started process (PID=256635) to work on /home/monica.fernandez/practica_creativa/venv-airflow/lib/python3.11/site-packages/airflow/example_dags/example_xcom.py
[2025-06-24T14:50:42.797+0200] {processor.py:743} INFO - Processing file /home/monica.fernandez/practica_creativa/venv-airflow/lib/python3.11/site-packages/airflow/example_dags/example_xcom.py for tasks to queue
[2025-06-24T14:50:42.798+0200] {logging_mixin.py:137} INFO - [2025-06-24T14:50:42.798+0200] {dagbag.py:538} INFO - Filling up the DagBag from /home/monica.fernandez/practica_creativa/venv-airflow/lib/python3.11/site-packages/airflow/example_dags/example_xcom.py
[2025-06-24T14:50:42.834+0200] {processor.py:753} INFO - DAG(s) dict_keys(['example_xcom']) retrieved from /home/monica.fernandez/practica_creativa/venv-airflow/lib/python3.11/site-packages/airflow/example_dags/example_xcom.py
[2025-06-24T14:50:42.880+0200] {logging_mixin.py:137} INFO - [2025-06-24T14:50:42.880+0200] {dag.py:2690} INFO - Sync 1 DAGs
[2025-06-24T14:50:42.911+0200] {logging_mixin.py:137} INFO - [2025-06-24T14:50:42.911+0200] {dag.py:3437} INFO - Setting next_dagrun for example_xcom to 2021-01-01T00:00:00+00:00, run_after=2021-01-01T00:00:00+00:00
[2025-06-24T14:50:42.959+0200] {processor.py:175} INFO - Processing /home/monica.fernandez/practica_creativa/venv-airflow/lib/python3.11/site-packages/airflow/example_dags/example_xcom.py took 0.168 seconds
[2025-06-24T14:51:33.228+0200] {processor.py:153} INFO - Started process (PID=257080) to work on /home/monica.fernandez/practica_creativa/venv-airflow/lib/python3.11/site-packages/airflow/example_dags/example_xcom.py
[2025-06-24T14:51:33.230+0200] {processor.py:743} INFO - Processing file /home/monica.fernandez/practica_creativa/venv-airflow/lib/python3.11/site-packages/airflow/example_dags/example_xcom.py for tasks to queue
[2025-06-24T14:51:33.231+0200] {logging_mixin.py:137} INFO - [2025-06-24T14:51:33.230+0200] {dagbag.py:538} INFO - Filling up the DagBag from /home/monica.fernandez/practica_creativa/venv-airflow/lib/python3.11/site-packages/airflow/example_dags/example_xcom.py
[2025-06-24T14:51:33.270+0200] {processor.py:753} INFO - DAG(s) dict_keys(['example_xcom']) retrieved from /home/monica.fernandez/practica_creativa/venv-airflow/lib/python3.11/site-packages/airflow/example_dags/example_xcom.py
[2025-06-24T14:51:33.313+0200] {logging_mixin.py:137} INFO - [2025-06-24T14:51:33.313+0200] {dag.py:2690} INFO - Sync 1 DAGs
[2025-06-24T14:51:33.339+0200] {logging_mixin.py:137} INFO - [2025-06-24T14:51:33.338+0200] {dag.py:3437} INFO - Setting next_dagrun for example_xcom to 2021-01-01T00:00:00+00:00, run_after=2021-01-01T00:00:00+00:00
[2025-06-24T14:51:33.391+0200] {processor.py:175} INFO - Processing /home/monica.fernandez/practica_creativa/venv-airflow/lib/python3.11/site-packages/airflow/example_dags/example_xcom.py took 0.168 seconds
[2025-06-24T14:52:09.499+0200] {processor.py:153} INFO - Started process (PID=257371) to work on /home/monica.fernandez/practica_creativa/venv-airflow/lib/python3.11/site-packages/airflow/example_dags/example_xcom.py
[2025-06-24T14:52:09.500+0200] {processor.py:743} INFO - Processing file /home/monica.fernandez/practica_creativa/venv-airflow/lib/python3.11/site-packages/airflow/example_dags/example_xcom.py for tasks to queue
[2025-06-24T14:52:09.501+0200] {logging_mixin.py:137} INFO - [2025-06-24T14:52:09.501+0200] {dagbag.py:538} INFO - Filling up the DagBag from /home/monica.fernandez/practica_creativa/venv-airflow/lib/python3.11/site-packages/airflow/example_dags/example_xcom.py
[2025-06-24T14:52:09.535+0200] {processor.py:753} INFO - DAG(s) dict_keys(['example_xcom']) retrieved from /home/monica.fernandez/practica_creativa/venv-airflow/lib/python3.11/site-packages/airflow/example_dags/example_xcom.py
[2025-06-24T14:52:09.577+0200] {logging_mixin.py:137} INFO - [2025-06-24T14:52:09.577+0200] {dag.py:2690} INFO - Sync 1 DAGs
[2025-06-24T14:52:09.614+0200] {logging_mixin.py:137} INFO - [2025-06-24T14:52:09.614+0200] {dag.py:3437} INFO - Setting next_dagrun for example_xcom to 2021-01-01T00:00:00+00:00, run_after=2021-01-01T00:00:00+00:00
[2025-06-24T14:52:09.681+0200] {processor.py:175} INFO - Processing /home/monica.fernandez/practica_creativa/venv-airflow/lib/python3.11/site-packages/airflow/example_dags/example_xcom.py took 0.187 seconds
[2025-06-24T14:52:57.122+0200] {processor.py:153} INFO - Started process (PID=257768) to work on /home/monica.fernandez/practica_creativa/venv-airflow/lib/python3.11/site-packages/airflow/example_dags/example_xcom.py
[2025-06-24T14:52:57.123+0200] {processor.py:743} INFO - Processing file /home/monica.fernandez/practica_creativa/venv-airflow/lib/python3.11/site-packages/airflow/example_dags/example_xcom.py for tasks to queue
[2025-06-24T14:52:57.123+0200] {logging_mixin.py:137} INFO - [2025-06-24T14:52:57.123+0200] {dagbag.py:538} INFO - Filling up the DagBag from /home/monica.fernandez/practica_creativa/venv-airflow/lib/python3.11/site-packages/airflow/example_dags/example_xcom.py
[2025-06-24T14:52:57.147+0200] {processor.py:753} INFO - DAG(s) dict_keys(['example_xcom']) retrieved from /home/monica.fernandez/practica_creativa/venv-airflow/lib/python3.11/site-packages/airflow/example_dags/example_xcom.py
[2025-06-24T14:52:57.177+0200] {logging_mixin.py:137} INFO - [2025-06-24T14:52:57.177+0200] {dag.py:2690} INFO - Sync 1 DAGs
[2025-06-24T14:52:57.203+0200] {logging_mixin.py:137} INFO - [2025-06-24T14:52:57.203+0200] {dag.py:3437} INFO - Setting next_dagrun for example_xcom to 2021-01-01T00:00:00+00:00, run_after=2021-01-01T00:00:00+00:00
[2025-06-24T14:52:57.292+0200] {processor.py:175} INFO - Processing /home/monica.fernandez/practica_creativa/venv-airflow/lib/python3.11/site-packages/airflow/example_dags/example_xcom.py took 0.174 seconds
[2025-06-24T14:53:35.204+0200] {processor.py:153} INFO - Started process (PID=258060) to work on /home/monica.fernandez/practica_creativa/venv-airflow/lib/python3.11/site-packages/airflow/example_dags/example_xcom.py
[2025-06-24T14:53:35.205+0200] {processor.py:743} INFO - Processing file /home/monica.fernandez/practica_creativa/venv-airflow/lib/python3.11/site-packages/airflow/example_dags/example_xcom.py for tasks to queue
[2025-06-24T14:53:35.206+0200] {logging_mixin.py:137} INFO - [2025-06-24T14:53:35.206+0200] {dagbag.py:538} INFO - Filling up the DagBag from /home/monica.fernandez/practica_creativa/venv-airflow/lib/python3.11/site-packages/airflow/example_dags/example_xcom.py
[2025-06-24T14:53:35.251+0200] {processor.py:753} INFO - DAG(s) dict_keys(['example_xcom']) retrieved from /home/monica.fernandez/practica_creativa/venv-airflow/lib/python3.11/site-packages/airflow/example_dags/example_xcom.py
[2025-06-24T14:53:35.296+0200] {logging_mixin.py:137} INFO - [2025-06-24T14:53:35.296+0200] {dag.py:2690} INFO - Sync 1 DAGs
[2025-06-24T14:53:35.329+0200] {logging_mixin.py:137} INFO - [2025-06-24T14:53:35.329+0200] {dag.py:3437} INFO - Setting next_dagrun for example_xcom to 2021-01-01T00:00:00+00:00, run_after=2021-01-01T00:00:00+00:00
[2025-06-24T14:53:35.400+0200] {processor.py:175} INFO - Processing /home/monica.fernandez/practica_creativa/venv-airflow/lib/python3.11/site-packages/airflow/example_dags/example_xcom.py took 0.201 seconds
[2025-06-24T14:54:14.045+0200] {processor.py:153} INFO - Started process (PID=258376) to work on /home/monica.fernandez/practica_creativa/venv-airflow/lib/python3.11/site-packages/airflow/example_dags/example_xcom.py
[2025-06-24T14:54:14.045+0200] {processor.py:743} INFO - Processing file /home/monica.fernandez/practica_creativa/venv-airflow/lib/python3.11/site-packages/airflow/example_dags/example_xcom.py for tasks to queue
[2025-06-24T14:54:14.046+0200] {logging_mixin.py:137} INFO - [2025-06-24T14:54:14.046+0200] {dagbag.py:538} INFO - Filling up the DagBag from /home/monica.fernandez/practica_creativa/venv-airflow/lib/python3.11/site-packages/airflow/example_dags/example_xcom.py
[2025-06-24T14:54:14.064+0200] {processor.py:753} INFO - DAG(s) dict_keys(['example_xcom']) retrieved from /home/monica.fernandez/practica_creativa/venv-airflow/lib/python3.11/site-packages/airflow/example_dags/example_xcom.py
[2025-06-24T14:54:14.088+0200] {logging_mixin.py:137} INFO - [2025-06-24T14:54:14.088+0200] {dag.py:2690} INFO - Sync 1 DAGs
[2025-06-24T14:54:14.109+0200] {logging_mixin.py:137} INFO - [2025-06-24T14:54:14.108+0200] {dag.py:3437} INFO - Setting next_dagrun for example_xcom to 2021-01-01T00:00:00+00:00, run_after=2021-01-01T00:00:00+00:00
[2025-06-24T14:54:14.152+0200] {processor.py:175} INFO - Processing /home/monica.fernandez/practica_creativa/venv-airflow/lib/python3.11/site-packages/airflow/example_dags/example_xcom.py took 0.111 seconds
[2025-06-24T14:55:00.655+0200] {processor.py:153} INFO - Started process (PID=258784) to work on /home/monica.fernandez/practica_creativa/venv-airflow/lib/python3.11/site-packages/airflow/example_dags/example_xcom.py
[2025-06-24T14:55:00.656+0200] {processor.py:743} INFO - Processing file /home/monica.fernandez/practica_creativa/venv-airflow/lib/python3.11/site-packages/airflow/example_dags/example_xcom.py for tasks to queue
[2025-06-24T14:55:00.657+0200] {logging_mixin.py:137} INFO - [2025-06-24T14:55:00.657+0200] {dagbag.py:538} INFO - Filling up the DagBag from /home/monica.fernandez/practica_creativa/venv-airflow/lib/python3.11/site-packages/airflow/example_dags/example_xcom.py
[2025-06-24T14:55:00.686+0200] {processor.py:753} INFO - DAG(s) dict_keys(['example_xcom']) retrieved from /home/monica.fernandez/practica_creativa/venv-airflow/lib/python3.11/site-packages/airflow/example_dags/example_xcom.py
[2025-06-24T14:55:00.713+0200] {logging_mixin.py:137} INFO - [2025-06-24T14:55:00.713+0200] {dag.py:2690} INFO - Sync 1 DAGs
[2025-06-24T14:55:00.738+0200] {logging_mixin.py:137} INFO - [2025-06-24T14:55:00.737+0200] {dag.py:3437} INFO - Setting next_dagrun for example_xcom to 2021-01-01T00:00:00+00:00, run_after=2021-01-01T00:00:00+00:00
[2025-06-24T14:55:00.792+0200] {processor.py:175} INFO - Processing /home/monica.fernandez/practica_creativa/venv-airflow/lib/python3.11/site-packages/airflow/example_dags/example_xcom.py took 0.143 seconds
