[2025-06-24T14:47:12.111+0200] {processor.py:153} INFO - Started process (PID=254609) to work on /home/monica.fernandez/practica_creativa/venv-airflow/lib/python3.11/site-packages/airflow/example_dags/example_local_kubernetes_executor.py
[2025-06-24T14:47:12.112+0200] {processor.py:743} INFO - Processing file /home/monica.fernandez/practica_creativa/venv-airflow/lib/python3.11/site-packages/airflow/example_dags/example_local_kubernetes_executor.py for tasks to queue
[2025-06-24T14:47:12.113+0200] {logging_mixin.py:137} INFO - [2025-06-24T14:47:12.113+0200] {dagbag.py:538} INFO - Filling up the DagBag from /home/monica.fernandez/practica_creativa/venv-airflow/lib/python3.11/site-packages/airflow/example_dags/example_local_kubernetes_executor.py
[2025-06-24T14:47:12.189+0200] {logging_mixin.py:137} INFO - [2025-06-24T14:47:12.140+0200] {example_local_kubernetes_executor.py:39} WARNING - Could not import DAGs in example_local_kubernetes_executor.py
Traceback (most recent call last):
  File "/home/monica.fernandez/practica_creativa/venv-airflow/lib/python3.11/site-packages/airflow/example_dags/example_local_kubernetes_executor.py", line 37, in <module>
    from kubernetes.client import models as k8s
ModuleNotFoundError: No module named 'kubernetes'
[2025-06-24T14:47:12.189+0200] {logging_mixin.py:137} INFO - [2025-06-24T14:47:12.189+0200] {example_local_kubernetes_executor.py:40} WARNING - Install Kubernetes dependencies with: pip install apache-airflow[cncf.kubernetes]
[2025-06-24T14:47:12.190+0200] {processor.py:755} WARNING - No viable dags retrieved from /home/monica.fernandez/practica_creativa/venv-airflow/lib/python3.11/site-packages/airflow/example_dags/example_local_kubernetes_executor.py
[2025-06-24T14:47:12.218+0200] {processor.py:175} INFO - Processing /home/monica.fernandez/practica_creativa/venv-airflow/lib/python3.11/site-packages/airflow/example_dags/example_local_kubernetes_executor.py took 0.112 seconds
[2025-06-24T14:47:58.067+0200] {processor.py:153} INFO - Started process (PID=255013) to work on /home/monica.fernandez/practica_creativa/venv-airflow/lib/python3.11/site-packages/airflow/example_dags/example_local_kubernetes_executor.py
[2025-06-24T14:47:58.068+0200] {processor.py:743} INFO - Processing file /home/monica.fernandez/practica_creativa/venv-airflow/lib/python3.11/site-packages/airflow/example_dags/example_local_kubernetes_executor.py for tasks to queue
[2025-06-24T14:47:58.069+0200] {logging_mixin.py:137} INFO - [2025-06-24T14:47:58.069+0200] {dagbag.py:538} INFO - Filling up the DagBag from /home/monica.fernandez/practica_creativa/venv-airflow/lib/python3.11/site-packages/airflow/example_dags/example_local_kubernetes_executor.py
[2025-06-24T14:47:58.095+0200] {logging_mixin.py:137} INFO - [2025-06-24T14:47:58.094+0200] {example_local_kubernetes_executor.py:39} WARNING - Could not import DAGs in example_local_kubernetes_executor.py
Traceback (most recent call last):
  File "/home/monica.fernandez/practica_creativa/venv-airflow/lib/python3.11/site-packages/airflow/example_dags/example_local_kubernetes_executor.py", line 37, in <module>
    from kubernetes.client import models as k8s
ModuleNotFoundError: No module named 'kubernetes'
[2025-06-24T14:47:58.096+0200] {logging_mixin.py:137} INFO - [2025-06-24T14:47:58.096+0200] {example_local_kubernetes_executor.py:40} WARNING - Install Kubernetes dependencies with: pip install apache-airflow[cncf.kubernetes]
[2025-06-24T14:47:58.096+0200] {processor.py:755} WARNING - No viable dags retrieved from /home/monica.fernandez/practica_creativa/venv-airflow/lib/python3.11/site-packages/airflow/example_dags/example_local_kubernetes_executor.py
[2025-06-24T14:47:58.120+0200] {processor.py:175} INFO - Processing /home/monica.fernandez/practica_creativa/venv-airflow/lib/python3.11/site-packages/airflow/example_dags/example_local_kubernetes_executor.py took 0.058 seconds
[2025-06-24T14:48:44.970+0200] {processor.py:153} INFO - Started process (PID=255338) to work on /home/monica.fernandez/practica_creativa/venv-airflow/lib/python3.11/site-packages/airflow/example_dags/example_local_kubernetes_executor.py
[2025-06-24T14:48:44.972+0200] {processor.py:743} INFO - Processing file /home/monica.fernandez/practica_creativa/venv-airflow/lib/python3.11/site-packages/airflow/example_dags/example_local_kubernetes_executor.py for tasks to queue
[2025-06-24T14:48:44.972+0200] {logging_mixin.py:137} INFO - [2025-06-24T14:48:44.972+0200] {dagbag.py:538} INFO - Filling up the DagBag from /home/monica.fernandez/practica_creativa/venv-airflow/lib/python3.11/site-packages/airflow/example_dags/example_local_kubernetes_executor.py
[2025-06-24T14:48:45.005+0200] {logging_mixin.py:137} INFO - [2025-06-24T14:48:45.004+0200] {example_local_kubernetes_executor.py:39} WARNING - Could not import DAGs in example_local_kubernetes_executor.py
Traceback (most recent call last):
  File "/home/monica.fernandez/practica_creativa/venv-airflow/lib/python3.11/site-packages/airflow/example_dags/example_local_kubernetes_executor.py", line 37, in <module>
    from kubernetes.client import models as k8s
ModuleNotFoundError: No module named 'kubernetes'
[2025-06-24T14:48:45.005+0200] {logging_mixin.py:137} INFO - [2025-06-24T14:48:45.005+0200] {example_local_kubernetes_executor.py:40} WARNING - Install Kubernetes dependencies with: pip install apache-airflow[cncf.kubernetes]
[2025-06-24T14:48:45.006+0200] {processor.py:755} WARNING - No viable dags retrieved from /home/monica.fernandez/practica_creativa/venv-airflow/lib/python3.11/site-packages/airflow/example_dags/example_local_kubernetes_executor.py
[2025-06-24T14:48:45.028+0200] {processor.py:175} INFO - Processing /home/monica.fernandez/practica_creativa/venv-airflow/lib/python3.11/site-packages/airflow/example_dags/example_local_kubernetes_executor.py took 0.062 seconds
[2025-06-24T14:49:37.432+0200] {processor.py:153} INFO - Started process (PID=255791) to work on /home/monica.fernandez/practica_creativa/venv-airflow/lib/python3.11/site-packages/airflow/example_dags/example_local_kubernetes_executor.py
[2025-06-24T14:49:37.433+0200] {processor.py:743} INFO - Processing file /home/monica.fernandez/practica_creativa/venv-airflow/lib/python3.11/site-packages/airflow/example_dags/example_local_kubernetes_executor.py for tasks to queue
[2025-06-24T14:49:37.434+0200] {logging_mixin.py:137} INFO - [2025-06-24T14:49:37.434+0200] {dagbag.py:538} INFO - Filling up the DagBag from /home/monica.fernandez/practica_creativa/venv-airflow/lib/python3.11/site-packages/airflow/example_dags/example_local_kubernetes_executor.py
[2025-06-24T14:49:37.453+0200] {logging_mixin.py:137} INFO - [2025-06-24T14:49:37.452+0200] {example_local_kubernetes_executor.py:39} WARNING - Could not import DAGs in example_local_kubernetes_executor.py
Traceback (most recent call last):
  File "/home/monica.fernandez/practica_creativa/venv-airflow/lib/python3.11/site-packages/airflow/example_dags/example_local_kubernetes_executor.py", line 37, in <module>
    from kubernetes.client import models as k8s
ModuleNotFoundError: No module named 'kubernetes'
[2025-06-24T14:49:37.454+0200] {logging_mixin.py:137} INFO - [2025-06-24T14:49:37.454+0200] {example_local_kubernetes_executor.py:40} WARNING - Install Kubernetes dependencies with: pip install apache-airflow[cncf.kubernetes]
[2025-06-24T14:49:37.454+0200] {processor.py:755} WARNING - No viable dags retrieved from /home/monica.fernandez/practica_creativa/venv-airflow/lib/python3.11/site-packages/airflow/example_dags/example_local_kubernetes_executor.py
[2025-06-24T14:49:37.478+0200] {processor.py:175} INFO - Processing /home/monica.fernandez/practica_creativa/venv-airflow/lib/python3.11/site-packages/airflow/example_dags/example_local_kubernetes_executor.py took 0.049 seconds
[2025-06-24T14:50:32.164+0200] {processor.py:153} INFO - Started process (PID=256591) to work on /home/monica.fernandez/practica_creativa/venv-airflow/lib/python3.11/site-packages/airflow/example_dags/example_local_kubernetes_executor.py
[2025-06-24T14:50:32.165+0200] {processor.py:743} INFO - Processing file /home/monica.fernandez/practica_creativa/venv-airflow/lib/python3.11/site-packages/airflow/example_dags/example_local_kubernetes_executor.py for tasks to queue
[2025-06-24T14:50:32.165+0200] {logging_mixin.py:137} INFO - [2025-06-24T14:50:32.165+0200] {dagbag.py:538} INFO - Filling up the DagBag from /home/monica.fernandez/practica_creativa/venv-airflow/lib/python3.11/site-packages/airflow/example_dags/example_local_kubernetes_executor.py
[2025-06-24T14:50:32.182+0200] {logging_mixin.py:137} INFO - [2025-06-24T14:50:32.181+0200] {example_local_kubernetes_executor.py:39} WARNING - Could not import DAGs in example_local_kubernetes_executor.py
Traceback (most recent call last):
  File "/home/monica.fernandez/practica_creativa/venv-airflow/lib/python3.11/site-packages/airflow/example_dags/example_local_kubernetes_executor.py", line 37, in <module>
    from kubernetes.client import models as k8s
ModuleNotFoundError: No module named 'kubernetes'
[2025-06-24T14:50:32.182+0200] {logging_mixin.py:137} INFO - [2025-06-24T14:50:32.182+0200] {example_local_kubernetes_executor.py:40} WARNING - Install Kubernetes dependencies with: pip install apache-airflow[cncf.kubernetes]
[2025-06-24T14:50:32.182+0200] {processor.py:755} WARNING - No viable dags retrieved from /home/monica.fernandez/practica_creativa/venv-airflow/lib/python3.11/site-packages/airflow/example_dags/example_local_kubernetes_executor.py
[2025-06-24T14:50:32.202+0200] {processor.py:175} INFO - Processing /home/monica.fernandez/practica_creativa/venv-airflow/lib/python3.11/site-packages/airflow/example_dags/example_local_kubernetes_executor.py took 0.041 seconds
[2025-06-24T14:51:22.989+0200] {processor.py:153} INFO - Started process (PID=256978) to work on /home/monica.fernandez/practica_creativa/venv-airflow/lib/python3.11/site-packages/airflow/example_dags/example_local_kubernetes_executor.py
[2025-06-24T14:51:22.991+0200] {processor.py:743} INFO - Processing file /home/monica.fernandez/practica_creativa/venv-airflow/lib/python3.11/site-packages/airflow/example_dags/example_local_kubernetes_executor.py for tasks to queue
[2025-06-24T14:51:22.992+0200] {logging_mixin.py:137} INFO - [2025-06-24T14:51:22.991+0200] {dagbag.py:538} INFO - Filling up the DagBag from /home/monica.fernandez/practica_creativa/venv-airflow/lib/python3.11/site-packages/airflow/example_dags/example_local_kubernetes_executor.py
[2025-06-24T14:51:23.021+0200] {logging_mixin.py:137} INFO - [2025-06-24T14:51:23.019+0200] {example_local_kubernetes_executor.py:39} WARNING - Could not import DAGs in example_local_kubernetes_executor.py
Traceback (most recent call last):
  File "/home/monica.fernandez/practica_creativa/venv-airflow/lib/python3.11/site-packages/airflow/example_dags/example_local_kubernetes_executor.py", line 37, in <module>
    from kubernetes.client import models as k8s
ModuleNotFoundError: No module named 'kubernetes'
[2025-06-24T14:51:23.021+0200] {logging_mixin.py:137} INFO - [2025-06-24T14:51:23.021+0200] {example_local_kubernetes_executor.py:40} WARNING - Install Kubernetes dependencies with: pip install apache-airflow[cncf.kubernetes]
[2025-06-24T14:51:23.021+0200] {processor.py:755} WARNING - No viable dags retrieved from /home/monica.fernandez/practica_creativa/venv-airflow/lib/python3.11/site-packages/airflow/example_dags/example_local_kubernetes_executor.py
[2025-06-24T14:51:23.048+0200] {processor.py:175} INFO - Processing /home/monica.fernandez/practica_creativa/venv-airflow/lib/python3.11/site-packages/airflow/example_dags/example_local_kubernetes_executor.py took 0.064 seconds
[2025-06-24T14:52:15.959+0200] {processor.py:153} INFO - Started process (PID=257415) to work on /home/monica.fernandez/practica_creativa/venv-airflow/lib/python3.11/site-packages/airflow/example_dags/example_local_kubernetes_executor.py
[2025-06-24T14:52:15.960+0200] {processor.py:743} INFO - Processing file /home/monica.fernandez/practica_creativa/venv-airflow/lib/python3.11/site-packages/airflow/example_dags/example_local_kubernetes_executor.py for tasks to queue
[2025-06-24T14:52:15.961+0200] {logging_mixin.py:137} INFO - [2025-06-24T14:52:15.961+0200] {dagbag.py:538} INFO - Filling up the DagBag from /home/monica.fernandez/practica_creativa/venv-airflow/lib/python3.11/site-packages/airflow/example_dags/example_local_kubernetes_executor.py
[2025-06-24T14:52:15.991+0200] {logging_mixin.py:137} INFO - [2025-06-24T14:52:15.989+0200] {example_local_kubernetes_executor.py:39} WARNING - Could not import DAGs in example_local_kubernetes_executor.py
Traceback (most recent call last):
  File "/home/monica.fernandez/practica_creativa/venv-airflow/lib/python3.11/site-packages/airflow/example_dags/example_local_kubernetes_executor.py", line 37, in <module>
    from kubernetes.client import models as k8s
ModuleNotFoundError: No module named 'kubernetes'
[2025-06-24T14:52:15.991+0200] {logging_mixin.py:137} INFO - [2025-06-24T14:52:15.991+0200] {example_local_kubernetes_executor.py:40} WARNING - Install Kubernetes dependencies with: pip install apache-airflow[cncf.kubernetes]
[2025-06-24T14:52:15.991+0200] {processor.py:755} WARNING - No viable dags retrieved from /home/monica.fernandez/practica_creativa/venv-airflow/lib/python3.11/site-packages/airflow/example_dags/example_local_kubernetes_executor.py
[2025-06-24T14:52:16.020+0200] {processor.py:175} INFO - Processing /home/monica.fernandez/practica_creativa/venv-airflow/lib/python3.11/site-packages/airflow/example_dags/example_local_kubernetes_executor.py took 0.066 seconds
[2025-06-24T14:53:03.348+0200] {processor.py:153} INFO - Started process (PID=257828) to work on /home/monica.fernandez/practica_creativa/venv-airflow/lib/python3.11/site-packages/airflow/example_dags/example_local_kubernetes_executor.py
[2025-06-24T14:53:03.349+0200] {processor.py:743} INFO - Processing file /home/monica.fernandez/practica_creativa/venv-airflow/lib/python3.11/site-packages/airflow/example_dags/example_local_kubernetes_executor.py for tasks to queue
[2025-06-24T14:53:03.350+0200] {logging_mixin.py:137} INFO - [2025-06-24T14:53:03.350+0200] {dagbag.py:538} INFO - Filling up the DagBag from /home/monica.fernandez/practica_creativa/venv-airflow/lib/python3.11/site-packages/airflow/example_dags/example_local_kubernetes_executor.py
[2025-06-24T14:53:03.383+0200] {logging_mixin.py:137} INFO - [2025-06-24T14:53:03.381+0200] {example_local_kubernetes_executor.py:39} WARNING - Could not import DAGs in example_local_kubernetes_executor.py
Traceback (most recent call last):
  File "/home/monica.fernandez/practica_creativa/venv-airflow/lib/python3.11/site-packages/airflow/example_dags/example_local_kubernetes_executor.py", line 37, in <module>
    from kubernetes.client import models as k8s
ModuleNotFoundError: No module named 'kubernetes'
[2025-06-24T14:53:03.383+0200] {logging_mixin.py:137} INFO - [2025-06-24T14:53:03.383+0200] {example_local_kubernetes_executor.py:40} WARNING - Install Kubernetes dependencies with: pip install apache-airflow[cncf.kubernetes]
[2025-06-24T14:53:03.383+0200] {processor.py:755} WARNING - No viable dags retrieved from /home/monica.fernandez/practica_creativa/venv-airflow/lib/python3.11/site-packages/airflow/example_dags/example_local_kubernetes_executor.py
[2025-06-24T14:53:03.420+0200] {processor.py:175} INFO - Processing /home/monica.fernandez/practica_creativa/venv-airflow/lib/python3.11/site-packages/airflow/example_dags/example_local_kubernetes_executor.py took 0.078 seconds
[2025-06-24T14:53:58.427+0200] {processor.py:153} INFO - Started process (PID=258258) to work on /home/monica.fernandez/practica_creativa/venv-airflow/lib/python3.11/site-packages/airflow/example_dags/example_local_kubernetes_executor.py
[2025-06-24T14:53:58.427+0200] {processor.py:743} INFO - Processing file /home/monica.fernandez/practica_creativa/venv-airflow/lib/python3.11/site-packages/airflow/example_dags/example_local_kubernetes_executor.py for tasks to queue
[2025-06-24T14:53:58.428+0200] {logging_mixin.py:137} INFO - [2025-06-24T14:53:58.427+0200] {dagbag.py:538} INFO - Filling up the DagBag from /home/monica.fernandez/practica_creativa/venv-airflow/lib/python3.11/site-packages/airflow/example_dags/example_local_kubernetes_executor.py
[2025-06-24T14:53:58.442+0200] {logging_mixin.py:137} INFO - [2025-06-24T14:53:58.441+0200] {example_local_kubernetes_executor.py:39} WARNING - Could not import DAGs in example_local_kubernetes_executor.py
Traceback (most recent call last):
  File "/home/monica.fernandez/practica_creativa/venv-airflow/lib/python3.11/site-packages/airflow/example_dags/example_local_kubernetes_executor.py", line 37, in <module>
    from kubernetes.client import models as k8s
ModuleNotFoundError: No module named 'kubernetes'
[2025-06-24T14:53:58.442+0200] {logging_mixin.py:137} INFO - [2025-06-24T14:53:58.442+0200] {example_local_kubernetes_executor.py:40} WARNING - Install Kubernetes dependencies with: pip install apache-airflow[cncf.kubernetes]
[2025-06-24T14:53:58.442+0200] {processor.py:755} WARNING - No viable dags retrieved from /home/monica.fernandez/practica_creativa/venv-airflow/lib/python3.11/site-packages/airflow/example_dags/example_local_kubernetes_executor.py
[2025-06-24T14:53:58.459+0200] {processor.py:175} INFO - Processing /home/monica.fernandez/practica_creativa/venv-airflow/lib/python3.11/site-packages/airflow/example_dags/example_local_kubernetes_executor.py took 0.035 seconds
[2025-06-24T14:54:50.069+0200] {processor.py:153} INFO - Started process (PID=258623) to work on /home/monica.fernandez/practica_creativa/venv-airflow/lib/python3.11/site-packages/airflow/example_dags/example_local_kubernetes_executor.py
[2025-06-24T14:54:50.070+0200] {processor.py:743} INFO - Processing file /home/monica.fernandez/practica_creativa/venv-airflow/lib/python3.11/site-packages/airflow/example_dags/example_local_kubernetes_executor.py for tasks to queue
[2025-06-24T14:54:50.071+0200] {logging_mixin.py:137} INFO - [2025-06-24T14:54:50.071+0200] {dagbag.py:538} INFO - Filling up the DagBag from /home/monica.fernandez/practica_creativa/venv-airflow/lib/python3.11/site-packages/airflow/example_dags/example_local_kubernetes_executor.py
[2025-06-24T14:54:50.100+0200] {logging_mixin.py:137} INFO - [2025-06-24T14:54:50.099+0200] {example_local_kubernetes_executor.py:39} WARNING - Could not import DAGs in example_local_kubernetes_executor.py
Traceback (most recent call last):
  File "/home/monica.fernandez/practica_creativa/venv-airflow/lib/python3.11/site-packages/airflow/example_dags/example_local_kubernetes_executor.py", line 37, in <module>
    from kubernetes.client import models as k8s
ModuleNotFoundError: No module named 'kubernetes'
[2025-06-24T14:54:50.100+0200] {logging_mixin.py:137} INFO - [2025-06-24T14:54:50.100+0200] {example_local_kubernetes_executor.py:40} WARNING - Install Kubernetes dependencies with: pip install apache-airflow[cncf.kubernetes]
[2025-06-24T14:54:50.100+0200] {processor.py:755} WARNING - No viable dags retrieved from /home/monica.fernandez/practica_creativa/venv-airflow/lib/python3.11/site-packages/airflow/example_dags/example_local_kubernetes_executor.py
[2025-06-24T14:54:50.124+0200] {processor.py:175} INFO - Processing /home/monica.fernandez/practica_creativa/venv-airflow/lib/python3.11/site-packages/airflow/example_dags/example_local_kubernetes_executor.py took 0.060 seconds
