[2025-06-24T14:47:25.442+0200] {processor.py:153} INFO - Started process (PID=254774) to work on /home/monica.fernandez/practica_creativa/venv-airflow/lib/python3.11/site-packages/airflow/example_dags/example_branch_operator.py
[2025-06-24T14:47:25.442+0200] {processor.py:743} INFO - Processing file /home/monica.fernandez/practica_creativa/venv-airflow/lib/python3.11/site-packages/airflow/example_dags/example_branch_operator.py for tasks to queue
[2025-06-24T14:47:25.443+0200] {logging_mixin.py:137} INFO - [2025-06-24T14:47:25.443+0200] {dagbag.py:538} INFO - Filling up the DagBag from /home/monica.fernandez/practica_creativa/venv-airflow/lib/python3.11/site-packages/airflow/example_dags/example_branch_operator.py
[2025-06-24T14:47:25.453+0200] {processor.py:753} INFO - DAG(s) dict_keys(['example_branch_operator']) retrieved from /home/monica.fernandez/practica_creativa/venv-airflow/lib/python3.11/site-packages/airflow/example_dags/example_branch_operator.py
[2025-06-24T14:47:25.480+0200] {logging_mixin.py:137} INFO - [2025-06-24T14:47:25.480+0200] {dag.py:2690} INFO - Sync 1 DAGs
[2025-06-24T14:47:25.511+0200] {logging_mixin.py:137} INFO - [2025-06-24T14:47:25.511+0200] {dag.py:3437} INFO - Setting next_dagrun for example_branch_operator to 2025-06-23T00:00:00+00:00, run_after=2025-06-24T00:00:00+00:00
[2025-06-24T14:47:25.564+0200] {processor.py:175} INFO - Processing /home/monica.fernandez/practica_creativa/venv-airflow/lib/python3.11/site-packages/airflow/example_dags/example_branch_operator.py took 0.125 seconds
[2025-06-24T14:48:14.098+0200] {processor.py:153} INFO - Started process (PID=255112) to work on /home/monica.fernandez/practica_creativa/venv-airflow/lib/python3.11/site-packages/airflow/example_dags/example_branch_operator.py
[2025-06-24T14:48:14.100+0200] {processor.py:743} INFO - Processing file /home/monica.fernandez/practica_creativa/venv-airflow/lib/python3.11/site-packages/airflow/example_dags/example_branch_operator.py for tasks to queue
[2025-06-24T14:48:14.101+0200] {logging_mixin.py:137} INFO - [2025-06-24T14:48:14.100+0200] {dagbag.py:538} INFO - Filling up the DagBag from /home/monica.fernandez/practica_creativa/venv-airflow/lib/python3.11/site-packages/airflow/example_dags/example_branch_operator.py
[2025-06-24T14:48:14.119+0200] {processor.py:753} INFO - DAG(s) dict_keys(['example_branch_operator']) retrieved from /home/monica.fernandez/practica_creativa/venv-airflow/lib/python3.11/site-packages/airflow/example_dags/example_branch_operator.py
[2025-06-24T14:48:14.163+0200] {logging_mixin.py:137} INFO - [2025-06-24T14:48:14.163+0200] {dag.py:2690} INFO - Sync 1 DAGs
[2025-06-24T14:48:14.203+0200] {logging_mixin.py:137} INFO - [2025-06-24T14:48:14.203+0200] {dag.py:3437} INFO - Setting next_dagrun for example_branch_operator to 2025-06-23T00:00:00+00:00, run_after=2025-06-24T00:00:00+00:00
[2025-06-24T14:48:14.277+0200] {processor.py:175} INFO - Processing /home/monica.fernandez/practica_creativa/venv-airflow/lib/python3.11/site-packages/airflow/example_dags/example_branch_operator.py took 0.183 seconds
[2025-06-24T14:49:01.442+0200] {processor.py:153} INFO - Started process (PID=255544) to work on /home/monica.fernandez/practica_creativa/venv-airflow/lib/python3.11/site-packages/airflow/example_dags/example_branch_operator.py
[2025-06-24T14:49:01.443+0200] {processor.py:743} INFO - Processing file /home/monica.fernandez/practica_creativa/venv-airflow/lib/python3.11/site-packages/airflow/example_dags/example_branch_operator.py for tasks to queue
[2025-06-24T14:49:01.444+0200] {logging_mixin.py:137} INFO - [2025-06-24T14:49:01.444+0200] {dagbag.py:538} INFO - Filling up the DagBag from /home/monica.fernandez/practica_creativa/venv-airflow/lib/python3.11/site-packages/airflow/example_dags/example_branch_operator.py
[2025-06-24T14:49:01.464+0200] {processor.py:753} INFO - DAG(s) dict_keys(['example_branch_operator']) retrieved from /home/monica.fernandez/practica_creativa/venv-airflow/lib/python3.11/site-packages/airflow/example_dags/example_branch_operator.py
[2025-06-24T14:49:01.509+0200] {logging_mixin.py:137} INFO - [2025-06-24T14:49:01.509+0200] {dag.py:2690} INFO - Sync 1 DAGs
[2025-06-24T14:49:01.545+0200] {logging_mixin.py:137} INFO - [2025-06-24T14:49:01.545+0200] {dag.py:3437} INFO - Setting next_dagrun for example_branch_operator to 2025-06-23T00:00:00+00:00, run_after=2025-06-24T00:00:00+00:00
[2025-06-24T14:49:01.609+0200] {processor.py:175} INFO - Processing /home/monica.fernandez/practica_creativa/venv-airflow/lib/python3.11/site-packages/airflow/example_dags/example_branch_operator.py took 0.172 seconds
[2025-06-24T14:49:58.070+0200] {processor.py:153} INFO - Started process (PID=255982) to work on /home/monica.fernandez/practica_creativa/venv-airflow/lib/python3.11/site-packages/airflow/example_dags/example_branch_operator.py
[2025-06-24T14:49:58.072+0200] {processor.py:743} INFO - Processing file /home/monica.fernandez/practica_creativa/venv-airflow/lib/python3.11/site-packages/airflow/example_dags/example_branch_operator.py for tasks to queue
[2025-06-24T14:49:58.072+0200] {logging_mixin.py:137} INFO - [2025-06-24T14:49:58.072+0200] {dagbag.py:538} INFO - Filling up the DagBag from /home/monica.fernandez/practica_creativa/venv-airflow/lib/python3.11/site-packages/airflow/example_dags/example_branch_operator.py
[2025-06-24T14:49:58.090+0200] {processor.py:753} INFO - DAG(s) dict_keys(['example_branch_operator']) retrieved from /home/monica.fernandez/practica_creativa/venv-airflow/lib/python3.11/site-packages/airflow/example_dags/example_branch_operator.py
[2025-06-24T14:49:58.129+0200] {logging_mixin.py:137} INFO - [2025-06-24T14:49:58.129+0200] {dag.py:2690} INFO - Sync 1 DAGs
[2025-06-24T14:49:58.162+0200] {logging_mixin.py:137} INFO - [2025-06-24T14:49:58.162+0200] {dag.py:3437} INFO - Setting next_dagrun for example_branch_operator to 2025-06-23T00:00:00+00:00, run_after=2025-06-24T00:00:00+00:00
[2025-06-24T14:49:58.234+0200] {processor.py:175} INFO - Processing /home/monica.fernandez/practica_creativa/venv-airflow/lib/python3.11/site-packages/airflow/example_dags/example_branch_operator.py took 0.169 seconds
[2025-06-24T14:50:50.741+0200] {processor.py:153} INFO - Started process (PID=256690) to work on /home/monica.fernandez/practica_creativa/venv-airflow/lib/python3.11/site-packages/airflow/example_dags/example_branch_operator.py
[2025-06-24T14:50:50.742+0200] {processor.py:743} INFO - Processing file /home/monica.fernandez/practica_creativa/venv-airflow/lib/python3.11/site-packages/airflow/example_dags/example_branch_operator.py for tasks to queue
[2025-06-24T14:50:50.743+0200] {logging_mixin.py:137} INFO - [2025-06-24T14:50:50.743+0200] {dagbag.py:538} INFO - Filling up the DagBag from /home/monica.fernandez/practica_creativa/venv-airflow/lib/python3.11/site-packages/airflow/example_dags/example_branch_operator.py
[2025-06-24T14:50:50.761+0200] {processor.py:753} INFO - DAG(s) dict_keys(['example_branch_operator']) retrieved from /home/monica.fernandez/practica_creativa/venv-airflow/lib/python3.11/site-packages/airflow/example_dags/example_branch_operator.py
[2025-06-24T14:50:50.805+0200] {logging_mixin.py:137} INFO - [2025-06-24T14:50:50.805+0200] {dag.py:2690} INFO - Sync 1 DAGs
[2025-06-24T14:50:50.841+0200] {logging_mixin.py:137} INFO - [2025-06-24T14:50:50.841+0200] {dag.py:3437} INFO - Setting next_dagrun for example_branch_operator to 2025-06-23T00:00:00+00:00, run_after=2025-06-24T00:00:00+00:00
[2025-06-24T14:50:50.911+0200] {processor.py:175} INFO - Processing /home/monica.fernandez/practica_creativa/venv-airflow/lib/python3.11/site-packages/airflow/example_dags/example_branch_operator.py took 0.176 seconds
[2025-06-24T14:51:40.910+0200] {processor.py:153} INFO - Started process (PID=257110) to work on /home/monica.fernandez/practica_creativa/venv-airflow/lib/python3.11/site-packages/airflow/example_dags/example_branch_operator.py
[2025-06-24T14:51:40.911+0200] {processor.py:743} INFO - Processing file /home/monica.fernandez/practica_creativa/venv-airflow/lib/python3.11/site-packages/airflow/example_dags/example_branch_operator.py for tasks to queue
[2025-06-24T14:51:40.912+0200] {logging_mixin.py:137} INFO - [2025-06-24T14:51:40.912+0200] {dagbag.py:538} INFO - Filling up the DagBag from /home/monica.fernandez/practica_creativa/venv-airflow/lib/python3.11/site-packages/airflow/example_dags/example_branch_operator.py
[2025-06-24T14:51:40.929+0200] {processor.py:753} INFO - DAG(s) dict_keys(['example_branch_operator']) retrieved from /home/monica.fernandez/practica_creativa/venv-airflow/lib/python3.11/site-packages/airflow/example_dags/example_branch_operator.py
[2025-06-24T14:51:40.969+0200] {logging_mixin.py:137} INFO - [2025-06-24T14:51:40.969+0200] {dag.py:2690} INFO - Sync 1 DAGs
[2025-06-24T14:51:41.008+0200] {logging_mixin.py:137} INFO - [2025-06-24T14:51:41.007+0200] {dag.py:3437} INFO - Setting next_dagrun for example_branch_operator to 2025-06-23T00:00:00+00:00, run_after=2025-06-24T00:00:00+00:00
[2025-06-24T14:51:41.073+0200] {processor.py:175} INFO - Processing /home/monica.fernandez/practica_creativa/venv-airflow/lib/python3.11/site-packages/airflow/example_dags/example_branch_operator.py took 0.167 seconds
[2025-06-24T14:52:32.950+0200] {processor.py:153} INFO - Started process (PID=257570) to work on /home/monica.fernandez/practica_creativa/venv-airflow/lib/python3.11/site-packages/airflow/example_dags/example_branch_operator.py
[2025-06-24T14:52:32.951+0200] {processor.py:743} INFO - Processing file /home/monica.fernandez/practica_creativa/venv-airflow/lib/python3.11/site-packages/airflow/example_dags/example_branch_operator.py for tasks to queue
[2025-06-24T14:52:32.951+0200] {logging_mixin.py:137} INFO - [2025-06-24T14:52:32.951+0200] {dagbag.py:538} INFO - Filling up the DagBag from /home/monica.fernandez/practica_creativa/venv-airflow/lib/python3.11/site-packages/airflow/example_dags/example_branch_operator.py
[2025-06-24T14:52:32.961+0200] {processor.py:753} INFO - DAG(s) dict_keys(['example_branch_operator']) retrieved from /home/monica.fernandez/practica_creativa/venv-airflow/lib/python3.11/site-packages/airflow/example_dags/example_branch_operator.py
[2025-06-24T14:52:32.985+0200] {logging_mixin.py:137} INFO - [2025-06-24T14:52:32.985+0200] {dag.py:2690} INFO - Sync 1 DAGs
[2025-06-24T14:52:33.008+0200] {logging_mixin.py:137} INFO - [2025-06-24T14:52:33.007+0200] {dag.py:3437} INFO - Setting next_dagrun for example_branch_operator to 2025-06-23T00:00:00+00:00, run_after=2025-06-24T00:00:00+00:00
[2025-06-24T14:52:33.057+0200] {processor.py:175} INFO - Processing /home/monica.fernandez/practica_creativa/venv-airflow/lib/python3.11/site-packages/airflow/example_dags/example_branch_operator.py took 0.109 seconds
[2025-06-24T14:53:22.497+0200] {processor.py:153} INFO - Started process (PID=257942) to work on /home/monica.fernandez/practica_creativa/venv-airflow/lib/python3.11/site-packages/airflow/example_dags/example_branch_operator.py
[2025-06-24T14:53:22.498+0200] {processor.py:743} INFO - Processing file /home/monica.fernandez/practica_creativa/venv-airflow/lib/python3.11/site-packages/airflow/example_dags/example_branch_operator.py for tasks to queue
[2025-06-24T14:53:22.499+0200] {logging_mixin.py:137} INFO - [2025-06-24T14:53:22.498+0200] {dagbag.py:538} INFO - Filling up the DagBag from /home/monica.fernandez/practica_creativa/venv-airflow/lib/python3.11/site-packages/airflow/example_dags/example_branch_operator.py
[2025-06-24T14:53:22.518+0200] {processor.py:753} INFO - DAG(s) dict_keys(['example_branch_operator']) retrieved from /home/monica.fernandez/practica_creativa/venv-airflow/lib/python3.11/site-packages/airflow/example_dags/example_branch_operator.py
[2025-06-24T14:53:22.550+0200] {logging_mixin.py:137} INFO - [2025-06-24T14:53:22.550+0200] {dag.py:2690} INFO - Sync 1 DAGs
[2025-06-24T14:53:22.577+0200] {logging_mixin.py:137} INFO - [2025-06-24T14:53:22.577+0200] {dag.py:3437} INFO - Setting next_dagrun for example_branch_operator to 2025-06-23T00:00:00+00:00, run_after=2025-06-24T00:00:00+00:00
[2025-06-24T14:53:22.629+0200] {processor.py:175} INFO - Processing /home/monica.fernandez/practica_creativa/venv-airflow/lib/python3.11/site-packages/airflow/example_dags/example_branch_operator.py took 0.138 seconds
[2025-06-24T14:54:19.755+0200] {processor.py:153} INFO - Started process (PID=258396) to work on /home/monica.fernandez/practica_creativa/venv-airflow/lib/python3.11/site-packages/airflow/example_dags/example_branch_operator.py
[2025-06-24T14:54:19.757+0200] {processor.py:743} INFO - Processing file /home/monica.fernandez/practica_creativa/venv-airflow/lib/python3.11/site-packages/airflow/example_dags/example_branch_operator.py for tasks to queue
[2025-06-24T14:54:19.758+0200] {logging_mixin.py:137} INFO - [2025-06-24T14:54:19.757+0200] {dagbag.py:538} INFO - Filling up the DagBag from /home/monica.fernandez/practica_creativa/venv-airflow/lib/python3.11/site-packages/airflow/example_dags/example_branch_operator.py
[2025-06-24T14:54:19.777+0200] {processor.py:753} INFO - DAG(s) dict_keys(['example_branch_operator']) retrieved from /home/monica.fernandez/practica_creativa/venv-airflow/lib/python3.11/site-packages/airflow/example_dags/example_branch_operator.py
[2025-06-24T14:54:19.825+0200] {logging_mixin.py:137} INFO - [2025-06-24T14:54:19.825+0200] {dag.py:2690} INFO - Sync 1 DAGs
[2025-06-24T14:54:19.865+0200] {logging_mixin.py:137} INFO - [2025-06-24T14:54:19.865+0200] {dag.py:3437} INFO - Setting next_dagrun for example_branch_operator to 2025-06-23T00:00:00+00:00, run_after=2025-06-24T00:00:00+00:00
[2025-06-24T14:54:19.936+0200] {processor.py:175} INFO - Processing /home/monica.fernandez/practica_creativa/venv-airflow/lib/python3.11/site-packages/airflow/example_dags/example_branch_operator.py took 0.185 seconds
[2025-06-24T14:55:07.480+0200] {processor.py:153} INFO - Started process (PID=258809) to work on /home/monica.fernandez/practica_creativa/venv-airflow/lib/python3.11/site-packages/airflow/example_dags/example_branch_operator.py
[2025-06-24T14:55:07.481+0200] {processor.py:743} INFO - Processing file /home/monica.fernandez/practica_creativa/venv-airflow/lib/python3.11/site-packages/airflow/example_dags/example_branch_operator.py for tasks to queue
[2025-06-24T14:55:07.481+0200] {logging_mixin.py:137} INFO - [2025-06-24T14:55:07.481+0200] {dagbag.py:538} INFO - Filling up the DagBag from /home/monica.fernandez/practica_creativa/venv-airflow/lib/python3.11/site-packages/airflow/example_dags/example_branch_operator.py
[2025-06-24T14:55:07.490+0200] {processor.py:753} INFO - DAG(s) dict_keys(['example_branch_operator']) retrieved from /home/monica.fernandez/practica_creativa/venv-airflow/lib/python3.11/site-packages/airflow/example_dags/example_branch_operator.py
[2025-06-24T14:55:07.516+0200] {logging_mixin.py:137} INFO - [2025-06-24T14:55:07.516+0200] {dag.py:2690} INFO - Sync 1 DAGs
[2025-06-24T14:55:07.537+0200] {logging_mixin.py:137} INFO - [2025-06-24T14:55:07.537+0200] {dag.py:3437} INFO - Setting next_dagrun for example_branch_operator to 2025-06-23T00:00:00+00:00, run_after=2025-06-24T00:00:00+00:00
[2025-06-24T14:55:07.591+0200] {processor.py:175} INFO - Processing /home/monica.fernandez/practica_creativa/venv-airflow/lib/python3.11/site-packages/airflow/example_dags/example_branch_operator.py took 0.114 seconds
