[2025-06-23T12:43:29.068+0200] {processor.py:153} INFO - Started process (PID=27666) to work on /home/monica.fernandez/practica_creativa/venv-airflow/lib/python3.11/site-packages/airflow/example_dags/example_subdag_operator.py
[2025-06-23T12:43:29.070+0200] {processor.py:743} INFO - Processing file /home/monica.fernandez/practica_creativa/venv-airflow/lib/python3.11/site-packages/airflow/example_dags/example_subdag_operator.py for tasks to queue
[2025-06-23T12:43:29.070+0200] {logging_mixin.py:137} INFO - [2025-06-23T12:43:29.070+0200] {dagbag.py:538} INFO - Filling up the DagBag from /home/monica.fernandez/practica_creativa/venv-airflow/lib/python3.11/site-packages/airflow/example_dags/example_subdag_operator.py
[2025-06-23T12:43:29.140+0200] {processor.py:753} INFO - DAG(s) dict_keys(['example_subdag_operator.section-1', 'example_subdag_operator.section-2', 'example_subdag_operator']) retrieved from /home/monica.fernandez/practica_creativa/venv-airflow/lib/python3.11/site-packages/airflow/example_dags/example_subdag_operator.py
[2025-06-23T12:43:29.174+0200] {logging_mixin.py:137} INFO - [2025-06-23T12:43:29.174+0200] {dag.py:2690} INFO - Sync 3 DAGs
[2025-06-23T12:43:29.209+0200] {logging_mixin.py:137} INFO - [2025-06-23T12:43:29.208+0200] {dag.py:3437} INFO - Setting next_dagrun for example_subdag_operator to 2022-01-01T00:00:00+00:00, run_after=2022-01-01T00:00:00+00:00
[2025-06-23T12:43:29.217+0200] {logging_mixin.py:137} INFO - [2025-06-23T12:43:29.217+0200] {dag.py:3437} INFO - Setting next_dagrun for example_subdag_operator.section-1 to None, run_after=None
[2025-06-23T12:43:29.220+0200] {logging_mixin.py:137} INFO - [2025-06-23T12:43:29.220+0200] {dag.py:3437} INFO - Setting next_dagrun for example_subdag_operator.section-2 to None, run_after=None
[2025-06-23T12:43:29.239+0200] {logging_mixin.py:137} INFO - [2025-06-23T12:43:29.238+0200] {dag.py:2690} INFO - Sync 2 DAGs
[2025-06-23T12:43:29.243+0200] {logging_mixin.py:137} INFO - [2025-06-23T12:43:29.243+0200] {dag.py:3437} INFO - Setting next_dagrun for example_subdag_operator.section-1 to None, run_after=None
[2025-06-23T12:43:29.243+0200] {logging_mixin.py:137} INFO - [2025-06-23T12:43:29.243+0200] {dag.py:3437} INFO - Setting next_dagrun for example_subdag_operator.section-2 to None, run_after=None
[2025-06-23T12:43:29.303+0200] {processor.py:175} INFO - Processing /home/monica.fernandez/practica_creativa/venv-airflow/lib/python3.11/site-packages/airflow/example_dags/example_subdag_operator.py took 0.238 seconds
[2025-06-23T12:47:41.381+0200] {processor.py:153} INFO - Started process (PID=31304) to work on /home/monica.fernandez/practica_creativa/venv-airflow/lib/python3.11/site-packages/airflow/example_dags/example_subdag_operator.py
[2025-06-23T12:47:41.382+0200] {processor.py:743} INFO - Processing file /home/monica.fernandez/practica_creativa/venv-airflow/lib/python3.11/site-packages/airflow/example_dags/example_subdag_operator.py for tasks to queue
[2025-06-23T12:47:41.383+0200] {logging_mixin.py:137} INFO - [2025-06-23T12:47:41.383+0200] {dagbag.py:538} INFO - Filling up the DagBag from /home/monica.fernandez/practica_creativa/venv-airflow/lib/python3.11/site-packages/airflow/example_dags/example_subdag_operator.py
[2025-06-23T12:47:41.437+0200] {processor.py:753} INFO - DAG(s) dict_keys(['example_subdag_operator.section-1', 'example_subdag_operator.section-2', 'example_subdag_operator']) retrieved from /home/monica.fernandez/practica_creativa/venv-airflow/lib/python3.11/site-packages/airflow/example_dags/example_subdag_operator.py
[2025-06-23T12:47:41.467+0200] {logging_mixin.py:137} INFO - [2025-06-23T12:47:41.467+0200] {dag.py:2690} INFO - Sync 3 DAGs
[2025-06-23T12:47:41.502+0200] {logging_mixin.py:137} INFO - [2025-06-23T12:47:41.502+0200] {dag.py:3437} INFO - Setting next_dagrun for example_subdag_operator to 2022-01-01T00:00:00+00:00, run_after=2022-01-01T00:00:00+00:00
[2025-06-23T12:47:41.507+0200] {logging_mixin.py:137} INFO - [2025-06-23T12:47:41.507+0200] {dag.py:3437} INFO - Setting next_dagrun for example_subdag_operator.section-1 to None, run_after=None
[2025-06-23T12:47:41.514+0200] {logging_mixin.py:137} INFO - [2025-06-23T12:47:41.514+0200] {dag.py:3437} INFO - Setting next_dagrun for example_subdag_operator.section-2 to None, run_after=None
[2025-06-23T12:47:41.533+0200] {logging_mixin.py:137} INFO - [2025-06-23T12:47:41.532+0200] {dag.py:2690} INFO - Sync 2 DAGs
[2025-06-23T12:47:41.536+0200] {logging_mixin.py:137} INFO - [2025-06-23T12:47:41.536+0200] {dag.py:3437} INFO - Setting next_dagrun for example_subdag_operator.section-1 to None, run_after=None
[2025-06-23T12:47:41.537+0200] {logging_mixin.py:137} INFO - [2025-06-23T12:47:41.537+0200] {dag.py:3437} INFO - Setting next_dagrun for example_subdag_operator.section-2 to None, run_after=None
[2025-06-23T12:47:41.588+0200] {processor.py:175} INFO - Processing /home/monica.fernandez/practica_creativa/venv-airflow/lib/python3.11/site-packages/airflow/example_dags/example_subdag_operator.py took 0.213 seconds
[2025-06-23T12:48:28.213+0200] {processor.py:153} INFO - Started process (PID=31687) to work on /home/monica.fernandez/practica_creativa/venv-airflow/lib/python3.11/site-packages/airflow/example_dags/example_subdag_operator.py
[2025-06-23T12:48:28.213+0200] {processor.py:743} INFO - Processing file /home/monica.fernandez/practica_creativa/venv-airflow/lib/python3.11/site-packages/airflow/example_dags/example_subdag_operator.py for tasks to queue
[2025-06-23T12:48:28.214+0200] {logging_mixin.py:137} INFO - [2025-06-23T12:48:28.214+0200] {dagbag.py:538} INFO - Filling up the DagBag from /home/monica.fernandez/practica_creativa/venv-airflow/lib/python3.11/site-packages/airflow/example_dags/example_subdag_operator.py
[2025-06-23T12:48:28.250+0200] {processor.py:753} INFO - DAG(s) dict_keys(['example_subdag_operator.section-1', 'example_subdag_operator.section-2', 'example_subdag_operator']) retrieved from /home/monica.fernandez/practica_creativa/venv-airflow/lib/python3.11/site-packages/airflow/example_dags/example_subdag_operator.py
[2025-06-23T12:48:28.275+0200] {logging_mixin.py:137} INFO - [2025-06-23T12:48:28.275+0200] {dag.py:2690} INFO - Sync 3 DAGs
[2025-06-23T12:48:28.299+0200] {logging_mixin.py:137} INFO - [2025-06-23T12:48:28.298+0200] {dag.py:3437} INFO - Setting next_dagrun for example_subdag_operator to 2022-01-01T00:00:00+00:00, run_after=2022-01-01T00:00:00+00:00
[2025-06-23T12:48:28.303+0200] {logging_mixin.py:137} INFO - [2025-06-23T12:48:28.303+0200] {dag.py:3437} INFO - Setting next_dagrun for example_subdag_operator.section-1 to None, run_after=None
[2025-06-23T12:48:28.305+0200] {logging_mixin.py:137} INFO - [2025-06-23T12:48:28.305+0200] {dag.py:3437} INFO - Setting next_dagrun for example_subdag_operator.section-2 to None, run_after=None
[2025-06-23T12:48:28.316+0200] {logging_mixin.py:137} INFO - [2025-06-23T12:48:28.316+0200] {dag.py:2690} INFO - Sync 2 DAGs
[2025-06-23T12:48:28.319+0200] {logging_mixin.py:137} INFO - [2025-06-23T12:48:28.319+0200] {dag.py:3437} INFO - Setting next_dagrun for example_subdag_operator.section-1 to None, run_after=None
[2025-06-23T12:48:28.319+0200] {logging_mixin.py:137} INFO - [2025-06-23T12:48:28.319+0200] {dag.py:3437} INFO - Setting next_dagrun for example_subdag_operator.section-2 to None, run_after=None
[2025-06-23T12:48:28.358+0200] {processor.py:175} INFO - Processing /home/monica.fernandez/practica_creativa/venv-airflow/lib/python3.11/site-packages/airflow/example_dags/example_subdag_operator.py took 0.148 seconds
[2025-06-23T12:49:17.442+0200] {processor.py:153} INFO - Started process (PID=32266) to work on /home/monica.fernandez/practica_creativa/venv-airflow/lib/python3.11/site-packages/airflow/example_dags/example_subdag_operator.py
[2025-06-23T12:49:17.443+0200] {processor.py:743} INFO - Processing file /home/monica.fernandez/practica_creativa/venv-airflow/lib/python3.11/site-packages/airflow/example_dags/example_subdag_operator.py for tasks to queue
[2025-06-23T12:49:17.444+0200] {logging_mixin.py:137} INFO - [2025-06-23T12:49:17.444+0200] {dagbag.py:538} INFO - Filling up the DagBag from /home/monica.fernandez/practica_creativa/venv-airflow/lib/python3.11/site-packages/airflow/example_dags/example_subdag_operator.py
[2025-06-23T12:49:17.506+0200] {processor.py:753} INFO - DAG(s) dict_keys(['example_subdag_operator.section-1', 'example_subdag_operator.section-2', 'example_subdag_operator']) retrieved from /home/monica.fernandez/practica_creativa/venv-airflow/lib/python3.11/site-packages/airflow/example_dags/example_subdag_operator.py
[2025-06-23T12:49:17.548+0200] {logging_mixin.py:137} INFO - [2025-06-23T12:49:17.548+0200] {dag.py:2690} INFO - Sync 3 DAGs
[2025-06-23T12:49:17.587+0200] {logging_mixin.py:137} INFO - [2025-06-23T12:49:17.587+0200] {dag.py:3437} INFO - Setting next_dagrun for example_subdag_operator to 2022-01-01T00:00:00+00:00, run_after=2022-01-01T00:00:00+00:00
[2025-06-23T12:49:17.596+0200] {logging_mixin.py:137} INFO - [2025-06-23T12:49:17.596+0200] {dag.py:3437} INFO - Setting next_dagrun for example_subdag_operator.section-1 to None, run_after=None
[2025-06-23T12:49:17.600+0200] {logging_mixin.py:137} INFO - [2025-06-23T12:49:17.600+0200] {dag.py:3437} INFO - Setting next_dagrun for example_subdag_operator.section-2 to None, run_after=None
[2025-06-23T12:49:17.619+0200] {logging_mixin.py:137} INFO - [2025-06-23T12:49:17.619+0200] {dag.py:2690} INFO - Sync 2 DAGs
[2025-06-23T12:49:17.625+0200] {logging_mixin.py:137} INFO - [2025-06-23T12:49:17.625+0200] {dag.py:3437} INFO - Setting next_dagrun for example_subdag_operator.section-1 to None, run_after=None
[2025-06-23T12:49:17.626+0200] {logging_mixin.py:137} INFO - [2025-06-23T12:49:17.625+0200] {dag.py:3437} INFO - Setting next_dagrun for example_subdag_operator.section-2 to None, run_after=None
[2025-06-23T12:49:17.693+0200] {processor.py:175} INFO - Processing /home/monica.fernandez/practica_creativa/venv-airflow/lib/python3.11/site-packages/airflow/example_dags/example_subdag_operator.py took 0.258 seconds
[2025-06-23T12:50:09.347+0200] {processor.py:153} INFO - Started process (PID=32941) to work on /home/monica.fernandez/practica_creativa/venv-airflow/lib/python3.11/site-packages/airflow/example_dags/example_subdag_operator.py
[2025-06-23T12:50:09.348+0200] {processor.py:743} INFO - Processing file /home/monica.fernandez/practica_creativa/venv-airflow/lib/python3.11/site-packages/airflow/example_dags/example_subdag_operator.py for tasks to queue
[2025-06-23T12:50:09.349+0200] {logging_mixin.py:137} INFO - [2025-06-23T12:50:09.349+0200] {dagbag.py:538} INFO - Filling up the DagBag from /home/monica.fernandez/practica_creativa/venv-airflow/lib/python3.11/site-packages/airflow/example_dags/example_subdag_operator.py
[2025-06-23T12:50:09.394+0200] {processor.py:753} INFO - DAG(s) dict_keys(['example_subdag_operator.section-1', 'example_subdag_operator.section-2', 'example_subdag_operator']) retrieved from /home/monica.fernandez/practica_creativa/venv-airflow/lib/python3.11/site-packages/airflow/example_dags/example_subdag_operator.py
[2025-06-23T12:50:09.426+0200] {logging_mixin.py:137} INFO - [2025-06-23T12:50:09.426+0200] {dag.py:2690} INFO - Sync 3 DAGs
[2025-06-23T12:50:09.455+0200] {logging_mixin.py:137} INFO - [2025-06-23T12:50:09.455+0200] {dag.py:3437} INFO - Setting next_dagrun for example_subdag_operator to 2022-01-01T00:00:00+00:00, run_after=2022-01-01T00:00:00+00:00
[2025-06-23T12:50:09.460+0200] {logging_mixin.py:137} INFO - [2025-06-23T12:50:09.460+0200] {dag.py:3437} INFO - Setting next_dagrun for example_subdag_operator.section-1 to None, run_after=None
[2025-06-23T12:50:09.463+0200] {logging_mixin.py:137} INFO - [2025-06-23T12:50:09.463+0200] {dag.py:3437} INFO - Setting next_dagrun for example_subdag_operator.section-2 to None, run_after=None
[2025-06-23T12:50:09.476+0200] {logging_mixin.py:137} INFO - [2025-06-23T12:50:09.476+0200] {dag.py:2690} INFO - Sync 2 DAGs
[2025-06-23T12:50:09.480+0200] {logging_mixin.py:137} INFO - [2025-06-23T12:50:09.480+0200] {dag.py:3437} INFO - Setting next_dagrun for example_subdag_operator.section-1 to None, run_after=None
[2025-06-23T12:50:09.481+0200] {logging_mixin.py:137} INFO - [2025-06-23T12:50:09.480+0200] {dag.py:3437} INFO - Setting next_dagrun for example_subdag_operator.section-2 to None, run_after=None
[2025-06-23T12:50:09.545+0200] {processor.py:175} INFO - Processing /home/monica.fernandez/practica_creativa/venv-airflow/lib/python3.11/site-packages/airflow/example_dags/example_subdag_operator.py took 0.201 seconds
[2025-06-23T12:51:02.948+0200] {processor.py:153} INFO - Started process (PID=33378) to work on /home/monica.fernandez/practica_creativa/venv-airflow/lib/python3.11/site-packages/airflow/example_dags/example_subdag_operator.py
[2025-06-23T12:51:02.949+0200] {processor.py:743} INFO - Processing file /home/monica.fernandez/practica_creativa/venv-airflow/lib/python3.11/site-packages/airflow/example_dags/example_subdag_operator.py for tasks to queue
[2025-06-23T12:51:02.950+0200] {logging_mixin.py:137} INFO - [2025-06-23T12:51:02.950+0200] {dagbag.py:538} INFO - Filling up the DagBag from /home/monica.fernandez/practica_creativa/venv-airflow/lib/python3.11/site-packages/airflow/example_dags/example_subdag_operator.py
[2025-06-23T12:51:03.025+0200] {processor.py:753} INFO - DAG(s) dict_keys(['example_subdag_operator.section-1', 'example_subdag_operator.section-2', 'example_subdag_operator']) retrieved from /home/monica.fernandez/practica_creativa/venv-airflow/lib/python3.11/site-packages/airflow/example_dags/example_subdag_operator.py
[2025-06-23T12:51:03.072+0200] {logging_mixin.py:137} INFO - [2025-06-23T12:51:03.071+0200] {dag.py:2690} INFO - Sync 3 DAGs
[2025-06-23T12:51:03.107+0200] {logging_mixin.py:137} INFO - [2025-06-23T12:51:03.107+0200] {dag.py:3437} INFO - Setting next_dagrun for example_subdag_operator to 2022-01-01T00:00:00+00:00, run_after=2022-01-01T00:00:00+00:00
[2025-06-23T12:51:03.112+0200] {logging_mixin.py:137} INFO - [2025-06-23T12:51:03.112+0200] {dag.py:3437} INFO - Setting next_dagrun for example_subdag_operator.section-1 to None, run_after=None
[2025-06-23T12:51:03.115+0200] {logging_mixin.py:137} INFO - [2025-06-23T12:51:03.115+0200] {dag.py:3437} INFO - Setting next_dagrun for example_subdag_operator.section-2 to None, run_after=None
[2025-06-23T12:51:03.131+0200] {logging_mixin.py:137} INFO - [2025-06-23T12:51:03.131+0200] {dag.py:2690} INFO - Sync 2 DAGs
[2025-06-23T12:51:03.134+0200] {logging_mixin.py:137} INFO - [2025-06-23T12:51:03.134+0200] {dag.py:3437} INFO - Setting next_dagrun for example_subdag_operator.section-1 to None, run_after=None
[2025-06-23T12:51:03.134+0200] {logging_mixin.py:137} INFO - [2025-06-23T12:51:03.134+0200] {dag.py:3437} INFO - Setting next_dagrun for example_subdag_operator.section-2 to None, run_after=None
[2025-06-23T12:51:03.190+0200] {processor.py:175} INFO - Processing /home/monica.fernandez/practica_creativa/venv-airflow/lib/python3.11/site-packages/airflow/example_dags/example_subdag_operator.py took 0.247 seconds
[2025-06-23T12:51:44.225+0200] {processor.py:153} INFO - Started process (PID=34553) to work on /home/monica.fernandez/practica_creativa/venv-airflow/lib/python3.11/site-packages/airflow/example_dags/example_subdag_operator.py
[2025-06-23T12:51:44.226+0200] {processor.py:743} INFO - Processing file /home/monica.fernandez/practica_creativa/venv-airflow/lib/python3.11/site-packages/airflow/example_dags/example_subdag_operator.py for tasks to queue
[2025-06-23T12:51:44.227+0200] {logging_mixin.py:137} INFO - [2025-06-23T12:51:44.226+0200] {dagbag.py:538} INFO - Filling up the DagBag from /home/monica.fernandez/practica_creativa/venv-airflow/lib/python3.11/site-packages/airflow/example_dags/example_subdag_operator.py
[2025-06-23T12:51:44.263+0200] {processor.py:753} INFO - DAG(s) dict_keys(['example_subdag_operator.section-1', 'example_subdag_operator.section-2', 'example_subdag_operator']) retrieved from /home/monica.fernandez/practica_creativa/venv-airflow/lib/python3.11/site-packages/airflow/example_dags/example_subdag_operator.py
[2025-06-23T12:51:44.289+0200] {logging_mixin.py:137} INFO - [2025-06-23T12:51:44.289+0200] {dag.py:2690} INFO - Sync 3 DAGs
[2025-06-23T12:51:44.309+0200] {logging_mixin.py:137} INFO - [2025-06-23T12:51:44.309+0200] {dag.py:3437} INFO - Setting next_dagrun for example_subdag_operator to 2022-01-01T00:00:00+00:00, run_after=2022-01-01T00:00:00+00:00
[2025-06-23T12:51:44.313+0200] {logging_mixin.py:137} INFO - [2025-06-23T12:51:44.313+0200] {dag.py:3437} INFO - Setting next_dagrun for example_subdag_operator.section-1 to None, run_after=None
[2025-06-23T12:51:44.315+0200] {logging_mixin.py:137} INFO - [2025-06-23T12:51:44.315+0200] {dag.py:3437} INFO - Setting next_dagrun for example_subdag_operator.section-2 to None, run_after=None
[2025-06-23T12:51:44.327+0200] {logging_mixin.py:137} INFO - [2025-06-23T12:51:44.327+0200] {dag.py:2690} INFO - Sync 2 DAGs
[2025-06-23T12:51:44.329+0200] {logging_mixin.py:137} INFO - [2025-06-23T12:51:44.329+0200] {dag.py:3437} INFO - Setting next_dagrun for example_subdag_operator.section-1 to None, run_after=None
[2025-06-23T12:51:44.330+0200] {logging_mixin.py:137} INFO - [2025-06-23T12:51:44.330+0200] {dag.py:3437} INFO - Setting next_dagrun for example_subdag_operator.section-2 to None, run_after=None
[2025-06-23T12:51:44.387+0200] {processor.py:175} INFO - Processing /home/monica.fernandez/practica_creativa/venv-airflow/lib/python3.11/site-packages/airflow/example_dags/example_subdag_operator.py took 0.164 seconds
