[2025-06-23T12:47:57.495+0200] {processor.py:153} INFO - Started process (PID=31386) to work on /home/monica.fernandez/practica_creativa/venv-airflow/lib/python3.11/site-packages/airflow/example_dags/example_dynamic_task_mapping.py
[2025-06-23T12:47:57.496+0200] {processor.py:743} INFO - Processing file /home/monica.fernandez/practica_creativa/venv-airflow/lib/python3.11/site-packages/airflow/example_dags/example_dynamic_task_mapping.py for tasks to queue
[2025-06-23T12:47:57.497+0200] {logging_mixin.py:137} INFO - [2025-06-23T12:47:57.497+0200] {dagbag.py:538} INFO - Filling up the DagBag from /home/monica.fernandez/practica_creativa/venv-airflow/lib/python3.11/site-packages/airflow/example_dags/example_dynamic_task_mapping.py
[2025-06-23T12:47:57.528+0200] {processor.py:753} INFO - DAG(s) dict_keys(['example_dynamic_task_mapping']) retrieved from /home/monica.fernandez/practica_creativa/venv-airflow/lib/python3.11/site-packages/airflow/example_dags/example_dynamic_task_mapping.py
[2025-06-23T12:47:57.571+0200] {logging_mixin.py:137} INFO - [2025-06-23T12:47:57.571+0200] {dag.py:2690} INFO - Sync 1 DAGs
[2025-06-23T12:47:57.608+0200] {logging_mixin.py:137} INFO - [2025-06-23T12:47:57.608+0200] {dag.py:3437} INFO - Setting next_dagrun for example_dynamic_task_mapping to 2022-03-04T00:00:00+00:00, run_after=2022-03-05T00:00:00+00:00
[2025-06-23T12:47:57.680+0200] {processor.py:175} INFO - Processing /home/monica.fernandez/practica_creativa/venv-airflow/lib/python3.11/site-packages/airflow/example_dags/example_dynamic_task_mapping.py took 0.191 seconds
[2025-06-23T12:48:45.664+0200] {processor.py:153} INFO - Started process (PID=31943) to work on /home/monica.fernandez/practica_creativa/venv-airflow/lib/python3.11/site-packages/airflow/example_dags/example_dynamic_task_mapping.py
[2025-06-23T12:48:45.667+0200] {processor.py:743} INFO - Processing file /home/monica.fernandez/practica_creativa/venv-airflow/lib/python3.11/site-packages/airflow/example_dags/example_dynamic_task_mapping.py for tasks to queue
[2025-06-23T12:48:45.667+0200] {logging_mixin.py:137} INFO - [2025-06-23T12:48:45.667+0200] {dagbag.py:538} INFO - Filling up the DagBag from /home/monica.fernandez/practica_creativa/venv-airflow/lib/python3.11/site-packages/airflow/example_dags/example_dynamic_task_mapping.py
[2025-06-23T12:48:45.685+0200] {processor.py:753} INFO - DAG(s) dict_keys(['example_dynamic_task_mapping']) retrieved from /home/monica.fernandez/practica_creativa/venv-airflow/lib/python3.11/site-packages/airflow/example_dags/example_dynamic_task_mapping.py
[2025-06-23T12:48:45.720+0200] {logging_mixin.py:137} INFO - [2025-06-23T12:48:45.720+0200] {dag.py:2690} INFO - Sync 1 DAGs
[2025-06-23T12:48:45.743+0200] {logging_mixin.py:137} INFO - [2025-06-23T12:48:45.742+0200] {dag.py:3437} INFO - Setting next_dagrun for example_dynamic_task_mapping to 2022-03-04T00:00:00+00:00, run_after=2022-03-05T00:00:00+00:00
[2025-06-23T12:48:45.808+0200] {processor.py:175} INFO - Processing /home/monica.fernandez/practica_creativa/venv-airflow/lib/python3.11/site-packages/airflow/example_dags/example_dynamic_task_mapping.py took 0.150 seconds
[2025-06-23T12:49:39.482+0200] {processor.py:153} INFO - Started process (PID=32681) to work on /home/monica.fernandez/practica_creativa/venv-airflow/lib/python3.11/site-packages/airflow/example_dags/example_dynamic_task_mapping.py
[2025-06-23T12:49:39.483+0200] {processor.py:743} INFO - Processing file /home/monica.fernandez/practica_creativa/venv-airflow/lib/python3.11/site-packages/airflow/example_dags/example_dynamic_task_mapping.py for tasks to queue
[2025-06-23T12:49:39.484+0200] {logging_mixin.py:137} INFO - [2025-06-23T12:49:39.483+0200] {dagbag.py:538} INFO - Filling up the DagBag from /home/monica.fernandez/practica_creativa/venv-airflow/lib/python3.11/site-packages/airflow/example_dags/example_dynamic_task_mapping.py
[2025-06-23T12:49:39.511+0200] {processor.py:753} INFO - DAG(s) dict_keys(['example_dynamic_task_mapping']) retrieved from /home/monica.fernandez/practica_creativa/venv-airflow/lib/python3.11/site-packages/airflow/example_dags/example_dynamic_task_mapping.py
[2025-06-23T12:49:39.540+0200] {logging_mixin.py:137} INFO - [2025-06-23T12:49:39.539+0200] {dag.py:2690} INFO - Sync 1 DAGs
[2025-06-23T12:49:39.562+0200] {logging_mixin.py:137} INFO - [2025-06-23T12:49:39.562+0200] {dag.py:3437} INFO - Setting next_dagrun for example_dynamic_task_mapping to 2022-03-04T00:00:00+00:00, run_after=2022-03-05T00:00:00+00:00
[2025-06-23T12:49:39.622+0200] {processor.py:175} INFO - Processing /home/monica.fernandez/practica_creativa/venv-airflow/lib/python3.11/site-packages/airflow/example_dags/example_dynamic_task_mapping.py took 0.145 seconds
[2025-06-23T12:50:30.989+0200] {processor.py:153} INFO - Started process (PID=33121) to work on /home/monica.fernandez/practica_creativa/venv-airflow/lib/python3.11/site-packages/airflow/example_dags/example_dynamic_task_mapping.py
[2025-06-23T12:50:30.991+0200] {processor.py:743} INFO - Processing file /home/monica.fernandez/practica_creativa/venv-airflow/lib/python3.11/site-packages/airflow/example_dags/example_dynamic_task_mapping.py for tasks to queue
[2025-06-23T12:50:30.992+0200] {logging_mixin.py:137} INFO - [2025-06-23T12:50:30.992+0200] {dagbag.py:538} INFO - Filling up the DagBag from /home/monica.fernandez/practica_creativa/venv-airflow/lib/python3.11/site-packages/airflow/example_dags/example_dynamic_task_mapping.py
[2025-06-23T12:50:31.032+0200] {processor.py:753} INFO - DAG(s) dict_keys(['example_dynamic_task_mapping']) retrieved from /home/monica.fernandez/practica_creativa/venv-airflow/lib/python3.11/site-packages/airflow/example_dags/example_dynamic_task_mapping.py
[2025-06-23T12:50:31.087+0200] {logging_mixin.py:137} INFO - [2025-06-23T12:50:31.087+0200] {dag.py:2690} INFO - Sync 1 DAGs
[2025-06-23T12:50:31.114+0200] {logging_mixin.py:137} INFO - [2025-06-23T12:50:31.114+0200] {dag.py:3437} INFO - Setting next_dagrun for example_dynamic_task_mapping to 2022-03-04T00:00:00+00:00, run_after=2022-03-05T00:00:00+00:00
[2025-06-23T12:50:31.187+0200] {processor.py:175} INFO - Processing /home/monica.fernandez/practica_creativa/venv-airflow/lib/python3.11/site-packages/airflow/example_dags/example_dynamic_task_mapping.py took 0.201 seconds
[2025-06-23T12:51:30.238+0200] {processor.py:153} INFO - Started process (PID=34404) to work on /home/monica.fernandez/practica_creativa/venv-airflow/lib/python3.11/site-packages/airflow/example_dags/example_dynamic_task_mapping.py
[2025-06-23T12:51:30.239+0200] {processor.py:743} INFO - Processing file /home/monica.fernandez/practica_creativa/venv-airflow/lib/python3.11/site-packages/airflow/example_dags/example_dynamic_task_mapping.py for tasks to queue
[2025-06-23T12:51:30.239+0200] {logging_mixin.py:137} INFO - [2025-06-23T12:51:30.239+0200] {dagbag.py:538} INFO - Filling up the DagBag from /home/monica.fernandez/practica_creativa/venv-airflow/lib/python3.11/site-packages/airflow/example_dags/example_dynamic_task_mapping.py
[2025-06-23T12:51:30.260+0200] {processor.py:753} INFO - DAG(s) dict_keys(['example_dynamic_task_mapping']) retrieved from /home/monica.fernandez/practica_creativa/venv-airflow/lib/python3.11/site-packages/airflow/example_dags/example_dynamic_task_mapping.py
[2025-06-23T12:51:30.295+0200] {logging_mixin.py:137} INFO - [2025-06-23T12:51:30.295+0200] {dag.py:2690} INFO - Sync 1 DAGs
[2025-06-23T12:51:30.322+0200] {logging_mixin.py:137} INFO - [2025-06-23T12:51:30.322+0200] {dag.py:3437} INFO - Setting next_dagrun for example_dynamic_task_mapping to 2022-03-04T00:00:00+00:00, run_after=2022-03-05T00:00:00+00:00
[2025-06-23T12:51:30.386+0200] {processor.py:175} INFO - Processing /home/monica.fernandez/practica_creativa/venv-airflow/lib/python3.11/site-packages/airflow/example_dags/example_dynamic_task_mapping.py took 0.150 seconds
