[2025-06-23T12:43:31.182+0200] {processor.py:153} INFO - Started process (PID=27675) to work on /home/monica.fernandez/practica_creativa/venv-airflow/lib/python3.11/site-packages/airflow/example_dags/example_sensors.py
[2025-06-23T12:43:31.184+0200] {processor.py:743} INFO - Processing file /home/monica.fernandez/practica_creativa/venv-airflow/lib/python3.11/site-packages/airflow/example_dags/example_sensors.py for tasks to queue
[2025-06-23T12:43:31.185+0200] {logging_mixin.py:137} INFO - [2025-06-23T12:43:31.185+0200] {dagbag.py:538} INFO - Filling up the DagBag from /home/monica.fernandez/practica_creativa/venv-airflow/lib/python3.11/site-packages/airflow/example_dags/example_sensors.py
[2025-06-23T12:43:31.245+0200] {processor.py:753} INFO - DAG(s) dict_keys(['example_sensors']) retrieved from /home/monica.fernandez/practica_creativa/venv-airflow/lib/python3.11/site-packages/airflow/example_dags/example_sensors.py
[2025-06-23T12:43:31.292+0200] {logging_mixin.py:137} INFO - [2025-06-23T12:43:31.291+0200] {dag.py:2690} INFO - Sync 1 DAGs
[2025-06-23T12:43:31.331+0200] {logging_mixin.py:137} INFO - [2025-06-23T12:43:31.331+0200] {dag.py:3437} INFO - Setting next_dagrun for example_sensors to None, run_after=None
[2025-06-23T12:43:31.404+0200] {processor.py:175} INFO - Processing /home/monica.fernandez/practica_creativa/venv-airflow/lib/python3.11/site-packages/airflow/example_dags/example_sensors.py took 0.226 seconds
[2025-06-23T12:47:44.140+0200] {processor.py:153} INFO - Started process (PID=31316) to work on /home/monica.fernandez/practica_creativa/venv-airflow/lib/python3.11/site-packages/airflow/example_dags/example_sensors.py
[2025-06-23T12:47:44.141+0200] {processor.py:743} INFO - Processing file /home/monica.fernandez/practica_creativa/venv-airflow/lib/python3.11/site-packages/airflow/example_dags/example_sensors.py for tasks to queue
[2025-06-23T12:47:44.142+0200] {logging_mixin.py:137} INFO - [2025-06-23T12:47:44.142+0200] {dagbag.py:538} INFO - Filling up the DagBag from /home/monica.fernandez/practica_creativa/venv-airflow/lib/python3.11/site-packages/airflow/example_dags/example_sensors.py
[2025-06-23T12:47:44.184+0200] {processor.py:753} INFO - DAG(s) dict_keys(['example_sensors']) retrieved from /home/monica.fernandez/practica_creativa/venv-airflow/lib/python3.11/site-packages/airflow/example_dags/example_sensors.py
[2025-06-23T12:47:44.224+0200] {logging_mixin.py:137} INFO - [2025-06-23T12:47:44.224+0200] {dag.py:2690} INFO - Sync 1 DAGs
[2025-06-23T12:47:44.250+0200] {logging_mixin.py:137} INFO - [2025-06-23T12:47:44.250+0200] {dag.py:3437} INFO - Setting next_dagrun for example_sensors to None, run_after=None
[2025-06-23T12:47:44.299+0200] {processor.py:175} INFO - Processing /home/monica.fernandez/practica_creativa/venv-airflow/lib/python3.11/site-packages/airflow/example_dags/example_sensors.py took 0.164 seconds
[2025-06-23T12:48:30.943+0200] {processor.py:153} INFO - Started process (PID=31708) to work on /home/monica.fernandez/practica_creativa/venv-airflow/lib/python3.11/site-packages/airflow/example_dags/example_sensors.py
[2025-06-23T12:48:30.944+0200] {processor.py:743} INFO - Processing file /home/monica.fernandez/practica_creativa/venv-airflow/lib/python3.11/site-packages/airflow/example_dags/example_sensors.py for tasks to queue
[2025-06-23T12:48:30.944+0200] {logging_mixin.py:137} INFO - [2025-06-23T12:48:30.944+0200] {dagbag.py:538} INFO - Filling up the DagBag from /home/monica.fernandez/practica_creativa/venv-airflow/lib/python3.11/site-packages/airflow/example_dags/example_sensors.py
[2025-06-23T12:48:30.959+0200] {processor.py:753} INFO - DAG(s) dict_keys(['example_sensors']) retrieved from /home/monica.fernandez/practica_creativa/venv-airflow/lib/python3.11/site-packages/airflow/example_dags/example_sensors.py
[2025-06-23T12:48:30.986+0200] {logging_mixin.py:137} INFO - [2025-06-23T12:48:30.986+0200] {dag.py:2690} INFO - Sync 1 DAGs
[2025-06-23T12:48:31.008+0200] {logging_mixin.py:137} INFO - [2025-06-23T12:48:31.008+0200] {dag.py:3437} INFO - Setting next_dagrun for example_sensors to None, run_after=None
[2025-06-23T12:48:31.060+0200] {processor.py:175} INFO - Processing /home/monica.fernandez/practica_creativa/venv-airflow/lib/python3.11/site-packages/airflow/example_dags/example_sensors.py took 0.119 seconds
[2025-06-23T12:49:20.194+0200] {processor.py:153} INFO - Started process (PID=32277) to work on /home/monica.fernandez/practica_creativa/venv-airflow/lib/python3.11/site-packages/airflow/example_dags/example_sensors.py
[2025-06-23T12:49:20.196+0200] {processor.py:743} INFO - Processing file /home/monica.fernandez/practica_creativa/venv-airflow/lib/python3.11/site-packages/airflow/example_dags/example_sensors.py for tasks to queue
[2025-06-23T12:49:20.197+0200] {logging_mixin.py:137} INFO - [2025-06-23T12:49:20.196+0200] {dagbag.py:538} INFO - Filling up the DagBag from /home/monica.fernandez/practica_creativa/venv-airflow/lib/python3.11/site-packages/airflow/example_dags/example_sensors.py
[2025-06-23T12:49:20.229+0200] {processor.py:753} INFO - DAG(s) dict_keys(['example_sensors']) retrieved from /home/monica.fernandez/practica_creativa/venv-airflow/lib/python3.11/site-packages/airflow/example_dags/example_sensors.py
[2025-06-23T12:49:20.283+0200] {logging_mixin.py:137} INFO - [2025-06-23T12:49:20.283+0200] {dag.py:2690} INFO - Sync 1 DAGs
[2025-06-23T12:49:20.321+0200] {logging_mixin.py:137} INFO - [2025-06-23T12:49:20.321+0200] {dag.py:3437} INFO - Setting next_dagrun for example_sensors to None, run_after=None
[2025-06-23T12:49:20.402+0200] {processor.py:175} INFO - Processing /home/monica.fernandez/practica_creativa/venv-airflow/lib/python3.11/site-packages/airflow/example_dags/example_sensors.py took 0.214 seconds
[2025-06-23T12:50:12.251+0200] {processor.py:153} INFO - Started process (PID=32952) to work on /home/monica.fernandez/practica_creativa/venv-airflow/lib/python3.11/site-packages/airflow/example_dags/example_sensors.py
[2025-06-23T12:50:12.252+0200] {processor.py:743} INFO - Processing file /home/monica.fernandez/practica_creativa/venv-airflow/lib/python3.11/site-packages/airflow/example_dags/example_sensors.py for tasks to queue
[2025-06-23T12:50:12.253+0200] {logging_mixin.py:137} INFO - [2025-06-23T12:50:12.253+0200] {dagbag.py:538} INFO - Filling up the DagBag from /home/monica.fernandez/practica_creativa/venv-airflow/lib/python3.11/site-packages/airflow/example_dags/example_sensors.py
[2025-06-23T12:50:12.292+0200] {processor.py:753} INFO - DAG(s) dict_keys(['example_sensors']) retrieved from /home/monica.fernandez/practica_creativa/venv-airflow/lib/python3.11/site-packages/airflow/example_dags/example_sensors.py
[2025-06-23T12:50:12.322+0200] {logging_mixin.py:137} INFO - [2025-06-23T12:50:12.322+0200] {dag.py:2690} INFO - Sync 1 DAGs
[2025-06-23T12:50:12.343+0200] {logging_mixin.py:137} INFO - [2025-06-23T12:50:12.343+0200] {dag.py:3437} INFO - Setting next_dagrun for example_sensors to None, run_after=None
[2025-06-23T12:50:12.397+0200] {processor.py:175} INFO - Processing /home/monica.fernandez/practica_creativa/venv-airflow/lib/python3.11/site-packages/airflow/example_dags/example_sensors.py took 0.153 seconds
[2025-06-23T12:51:05.700+0200] {processor.py:153} INFO - Started process (PID=33390) to work on /home/monica.fernandez/practica_creativa/venv-airflow/lib/python3.11/site-packages/airflow/example_dags/example_sensors.py
[2025-06-23T12:51:05.701+0200] {processor.py:743} INFO - Processing file /home/monica.fernandez/practica_creativa/venv-airflow/lib/python3.11/site-packages/airflow/example_dags/example_sensors.py for tasks to queue
[2025-06-23T12:51:05.702+0200] {logging_mixin.py:137} INFO - [2025-06-23T12:51:05.702+0200] {dagbag.py:538} INFO - Filling up the DagBag from /home/monica.fernandez/practica_creativa/venv-airflow/lib/python3.11/site-packages/airflow/example_dags/example_sensors.py
[2025-06-23T12:51:05.728+0200] {processor.py:753} INFO - DAG(s) dict_keys(['example_sensors']) retrieved from /home/monica.fernandez/practica_creativa/venv-airflow/lib/python3.11/site-packages/airflow/example_dags/example_sensors.py
[2025-06-23T12:51:05.774+0200] {logging_mixin.py:137} INFO - [2025-06-23T12:51:05.774+0200] {dag.py:2690} INFO - Sync 1 DAGs
[2025-06-23T12:51:05.810+0200] {logging_mixin.py:137} INFO - [2025-06-23T12:51:05.809+0200] {dag.py:3437} INFO - Setting next_dagrun for example_sensors to None, run_after=None
[2025-06-23T12:51:05.881+0200] {processor.py:175} INFO - Processing /home/monica.fernandez/practica_creativa/venv-airflow/lib/python3.11/site-packages/airflow/example_dags/example_sensors.py took 0.186 seconds
