[2025-06-23T12:48:04.881+0200] {processor.py:153} INFO - Started process (PID=31431) to work on /home/monica.fernandez/practica_creativa/venv-airflow/lib/python3.11/site-packages/airflow/example_dags/example_branch_operator.py
[2025-06-23T12:48:04.882+0200] {processor.py:743} INFO - Processing file /home/monica.fernandez/practica_creativa/venv-airflow/lib/python3.11/site-packages/airflow/example_dags/example_branch_operator.py for tasks to queue
[2025-06-23T12:48:04.883+0200] {logging_mixin.py:137} INFO - [2025-06-23T12:48:04.883+0200] {dagbag.py:538} INFO - Filling up the DagBag from /home/monica.fernandez/practica_creativa/venv-airflow/lib/python3.11/site-packages/airflow/example_dags/example_branch_operator.py
[2025-06-23T12:48:04.902+0200] {processor.py:753} INFO - DAG(s) dict_keys(['example_branch_operator']) retrieved from /home/monica.fernandez/practica_creativa/venv-airflow/lib/python3.11/site-packages/airflow/example_dags/example_branch_operator.py
[2025-06-23T12:48:04.945+0200] {logging_mixin.py:137} INFO - [2025-06-23T12:48:04.944+0200] {dag.py:2690} INFO - Sync 1 DAGs
[2025-06-23T12:48:04.983+0200] {logging_mixin.py:137} INFO - [2025-06-23T12:48:04.983+0200] {dag.py:3437} INFO - Setting next_dagrun for example_branch_operator to 2025-06-22T00:00:00+00:00, run_after=2025-06-23T00:00:00+00:00
[2025-06-23T12:48:05.052+0200] {processor.py:175} INFO - Processing /home/monica.fernandez/practica_creativa/venv-airflow/lib/python3.11/site-packages/airflow/example_dags/example_branch_operator.py took 0.176 seconds
[2025-06-23T12:48:57.979+0200] {processor.py:153} INFO - Started process (PID=32024) to work on /home/monica.fernandez/practica_creativa/venv-airflow/lib/python3.11/site-packages/airflow/example_dags/example_branch_operator.py
[2025-06-23T12:48:57.980+0200] {processor.py:743} INFO - Processing file /home/monica.fernandez/practica_creativa/venv-airflow/lib/python3.11/site-packages/airflow/example_dags/example_branch_operator.py for tasks to queue
[2025-06-23T12:48:57.981+0200] {logging_mixin.py:137} INFO - [2025-06-23T12:48:57.981+0200] {dagbag.py:538} INFO - Filling up the DagBag from /home/monica.fernandez/practica_creativa/venv-airflow/lib/python3.11/site-packages/airflow/example_dags/example_branch_operator.py
[2025-06-23T12:48:58.001+0200] {processor.py:753} INFO - DAG(s) dict_keys(['example_branch_operator']) retrieved from /home/monica.fernandez/practica_creativa/venv-airflow/lib/python3.11/site-packages/airflow/example_dags/example_branch_operator.py
[2025-06-23T12:48:58.047+0200] {logging_mixin.py:137} INFO - [2025-06-23T12:48:58.047+0200] {dag.py:2690} INFO - Sync 1 DAGs
[2025-06-23T12:48:58.090+0200] {logging_mixin.py:137} INFO - [2025-06-23T12:48:58.090+0200] {dag.py:3437} INFO - Setting next_dagrun for example_branch_operator to 2025-06-22T00:00:00+00:00, run_after=2025-06-23T00:00:00+00:00
[2025-06-23T12:48:58.167+0200] {processor.py:175} INFO - Processing /home/monica.fernandez/practica_creativa/venv-airflow/lib/python3.11/site-packages/airflow/example_dags/example_branch_operator.py took 0.194 seconds
[2025-06-23T12:49:54.953+0200] {processor.py:153} INFO - Started process (PID=32744) to work on /home/monica.fernandez/practica_creativa/venv-airflow/lib/python3.11/site-packages/airflow/example_dags/example_branch_operator.py
[2025-06-23T12:49:54.954+0200] {processor.py:743} INFO - Processing file /home/monica.fernandez/practica_creativa/venv-airflow/lib/python3.11/site-packages/airflow/example_dags/example_branch_operator.py for tasks to queue
[2025-06-23T12:49:54.955+0200] {logging_mixin.py:137} INFO - [2025-06-23T12:49:54.955+0200] {dagbag.py:538} INFO - Filling up the DagBag from /home/monica.fernandez/practica_creativa/venv-airflow/lib/python3.11/site-packages/airflow/example_dags/example_branch_operator.py
[2025-06-23T12:49:54.975+0200] {processor.py:753} INFO - DAG(s) dict_keys(['example_branch_operator']) retrieved from /home/monica.fernandez/practica_creativa/venv-airflow/lib/python3.11/site-packages/airflow/example_dags/example_branch_operator.py
[2025-06-23T12:49:55.023+0200] {logging_mixin.py:137} INFO - [2025-06-23T12:49:55.023+0200] {dag.py:2690} INFO - Sync 1 DAGs
[2025-06-23T12:49:55.048+0200] {logging_mixin.py:137} INFO - [2025-06-23T12:49:55.048+0200] {dag.py:3437} INFO - Setting next_dagrun for example_branch_operator to 2025-06-22T00:00:00+00:00, run_after=2025-06-23T00:00:00+00:00
[2025-06-23T12:49:55.101+0200] {processor.py:175} INFO - Processing /home/monica.fernandez/practica_creativa/venv-airflow/lib/python3.11/site-packages/airflow/example_dags/example_branch_operator.py took 0.152 seconds
[2025-06-23T12:50:46.854+0200] {processor.py:153} INFO - Started process (PID=33302) to work on /home/monica.fernandez/practica_creativa/venv-airflow/lib/python3.11/site-packages/airflow/example_dags/example_branch_operator.py
[2025-06-23T12:50:46.855+0200] {processor.py:743} INFO - Processing file /home/monica.fernandez/practica_creativa/venv-airflow/lib/python3.11/site-packages/airflow/example_dags/example_branch_operator.py for tasks to queue
[2025-06-23T12:50:46.855+0200] {logging_mixin.py:137} INFO - [2025-06-23T12:50:46.855+0200] {dagbag.py:538} INFO - Filling up the DagBag from /home/monica.fernandez/practica_creativa/venv-airflow/lib/python3.11/site-packages/airflow/example_dags/example_branch_operator.py
[2025-06-23T12:50:46.865+0200] {processor.py:753} INFO - DAG(s) dict_keys(['example_branch_operator']) retrieved from /home/monica.fernandez/practica_creativa/venv-airflow/lib/python3.11/site-packages/airflow/example_dags/example_branch_operator.py
[2025-06-23T12:50:46.913+0200] {logging_mixin.py:137} INFO - [2025-06-23T12:50:46.913+0200] {dag.py:2690} INFO - Sync 1 DAGs
[2025-06-23T12:50:46.941+0200] {logging_mixin.py:137} INFO - [2025-06-23T12:50:46.941+0200] {dag.py:3437} INFO - Setting next_dagrun for example_branch_operator to 2025-06-22T00:00:00+00:00, run_after=2025-06-23T00:00:00+00:00
[2025-06-23T12:50:47.000+0200] {processor.py:175} INFO - Processing /home/monica.fernandez/practica_creativa/venv-airflow/lib/python3.11/site-packages/airflow/example_dags/example_branch_operator.py took 0.149 seconds
