[2025-06-23T12:47:49.455+0200] {processor.py:153} INFO - Started process (PID=31341) to work on /home/monica.fernandez/practica_creativa/venv-airflow/lib/python3.11/site-packages/airflow/example_dags/example_python_operator.py
[2025-06-23T12:47:49.456+0200] {processor.py:743} INFO - Processing file /home/monica.fernandez/practica_creativa/venv-airflow/lib/python3.11/site-packages/airflow/example_dags/example_python_operator.py for tasks to queue
[2025-06-23T12:47:49.457+0200] {logging_mixin.py:137} INFO - [2025-06-23T12:47:49.457+0200] {dagbag.py:538} INFO - Filling up the DagBag from /home/monica.fernandez/practica_creativa/venv-airflow/lib/python3.11/site-packages/airflow/example_dags/example_python_operator.py
[2025-06-23T12:47:49.489+0200] {logging_mixin.py:137} INFO - [2025-06-23T12:47:49.489+0200] {taskmixin.py:205} WARNING - Dependency <Task(_PythonDecoratedOperator): print_the_context>, log_sql_query already registered for DAG: example_python_operator
[2025-06-23T12:47:49.490+0200] {logging_mixin.py:137} INFO - [2025-06-23T12:47:49.489+0200] {taskmixin.py:205} WARNING - Dependency <Task(_PythonDecoratedOperator): log_sql_query>, print_the_context already registered for DAG: example_python_operator
[2025-06-23T12:47:49.491+0200] {logging_mixin.py:137} INFO - [2025-06-23T12:47:49.490+0200] {taskmixin.py:205} WARNING - Dependency <Task(_PythonDecoratedOperator): print_the_context>, log_sql_query already registered for DAG: example_python_operator
[2025-06-23T12:47:49.491+0200] {logging_mixin.py:137} INFO - [2025-06-23T12:47:49.491+0200] {taskmixin.py:205} WARNING - Dependency <Task(_PythonDecoratedOperator): log_sql_query>, print_the_context already registered for DAG: example_python_operator
[2025-06-23T12:47:49.492+0200] {logging_mixin.py:137} INFO - [2025-06-23T12:47:49.492+0200] {taskmixin.py:205} WARNING - Dependency <Task(_PythonDecoratedOperator): print_the_context>, log_sql_query already registered for DAG: example_python_operator
[2025-06-23T12:47:49.492+0200] {logging_mixin.py:137} INFO - [2025-06-23T12:47:49.492+0200] {taskmixin.py:205} WARNING - Dependency <Task(_PythonDecoratedOperator): log_sql_query>, print_the_context already registered for DAG: example_python_operator
[2025-06-23T12:47:49.493+0200] {logging_mixin.py:137} INFO - [2025-06-23T12:47:49.493+0200] {taskmixin.py:205} WARNING - Dependency <Task(_PythonDecoratedOperator): print_the_context>, log_sql_query already registered for DAG: example_python_operator
[2025-06-23T12:47:49.493+0200] {logging_mixin.py:137} INFO - [2025-06-23T12:47:49.493+0200] {taskmixin.py:205} WARNING - Dependency <Task(_PythonDecoratedOperator): log_sql_query>, print_the_context already registered for DAG: example_python_operator
[2025-06-23T12:47:49.494+0200] {logging_mixin.py:137} INFO - [2025-06-23T12:47:49.494+0200] {example_python_operator.py:90} WARNING - The virtalenv_python example task requires virtualenv, please install it.
[2025-06-23T12:47:49.495+0200] {processor.py:753} INFO - DAG(s) dict_keys(['example_python_operator']) retrieved from /home/monica.fernandez/practica_creativa/venv-airflow/lib/python3.11/site-packages/airflow/example_dags/example_python_operator.py
[2025-06-23T12:47:49.531+0200] {logging_mixin.py:137} INFO - [2025-06-23T12:47:49.531+0200] {dag.py:2690} INFO - Sync 1 DAGs
[2025-06-23T12:47:49.561+0200] {logging_mixin.py:137} INFO - [2025-06-23T12:47:49.561+0200] {dag.py:3437} INFO - Setting next_dagrun for example_python_operator to None, run_after=None
[2025-06-23T12:47:49.625+0200] {processor.py:175} INFO - Processing /home/monica.fernandez/practica_creativa/venv-airflow/lib/python3.11/site-packages/airflow/example_dags/example_python_operator.py took 0.175 seconds
[2025-06-23T12:48:37.303+0200] {processor.py:153} INFO - Started process (PID=31754) to work on /home/monica.fernandez/practica_creativa/venv-airflow/lib/python3.11/site-packages/airflow/example_dags/example_python_operator.py
[2025-06-23T12:48:37.304+0200] {processor.py:743} INFO - Processing file /home/monica.fernandez/practica_creativa/venv-airflow/lib/python3.11/site-packages/airflow/example_dags/example_python_operator.py for tasks to queue
[2025-06-23T12:48:37.305+0200] {logging_mixin.py:137} INFO - [2025-06-23T12:48:37.304+0200] {dagbag.py:538} INFO - Filling up the DagBag from /home/monica.fernandez/practica_creativa/venv-airflow/lib/python3.11/site-packages/airflow/example_dags/example_python_operator.py
[2025-06-23T12:48:37.335+0200] {logging_mixin.py:137} INFO - [2025-06-23T12:48:37.335+0200] {taskmixin.py:205} WARNING - Dependency <Task(_PythonDecoratedOperator): print_the_context>, log_sql_query already registered for DAG: example_python_operator
[2025-06-23T12:48:37.335+0200] {logging_mixin.py:137} INFO - [2025-06-23T12:48:37.335+0200] {taskmixin.py:205} WARNING - Dependency <Task(_PythonDecoratedOperator): log_sql_query>, print_the_context already registered for DAG: example_python_operator
[2025-06-23T12:48:37.336+0200] {logging_mixin.py:137} INFO - [2025-06-23T12:48:37.336+0200] {taskmixin.py:205} WARNING - Dependency <Task(_PythonDecoratedOperator): print_the_context>, log_sql_query already registered for DAG: example_python_operator
[2025-06-23T12:48:37.336+0200] {logging_mixin.py:137} INFO - [2025-06-23T12:48:37.336+0200] {taskmixin.py:205} WARNING - Dependency <Task(_PythonDecoratedOperator): log_sql_query>, print_the_context already registered for DAG: example_python_operator
[2025-06-23T12:48:37.337+0200] {logging_mixin.py:137} INFO - [2025-06-23T12:48:37.337+0200] {taskmixin.py:205} WARNING - Dependency <Task(_PythonDecoratedOperator): print_the_context>, log_sql_query already registered for DAG: example_python_operator
[2025-06-23T12:48:37.337+0200] {logging_mixin.py:137} INFO - [2025-06-23T12:48:37.337+0200] {taskmixin.py:205} WARNING - Dependency <Task(_PythonDecoratedOperator): log_sql_query>, print_the_context already registered for DAG: example_python_operator
[2025-06-23T12:48:37.338+0200] {logging_mixin.py:137} INFO - [2025-06-23T12:48:37.338+0200] {taskmixin.py:205} WARNING - Dependency <Task(_PythonDecoratedOperator): print_the_context>, log_sql_query already registered for DAG: example_python_operator
[2025-06-23T12:48:37.338+0200] {logging_mixin.py:137} INFO - [2025-06-23T12:48:37.338+0200] {taskmixin.py:205} WARNING - Dependency <Task(_PythonDecoratedOperator): log_sql_query>, print_the_context already registered for DAG: example_python_operator
[2025-06-23T12:48:37.342+0200] {logging_mixin.py:137} INFO - [2025-06-23T12:48:37.342+0200] {example_python_operator.py:90} WARNING - The virtalenv_python example task requires virtualenv, please install it.
[2025-06-23T12:48:37.342+0200] {processor.py:753} INFO - DAG(s) dict_keys(['example_python_operator']) retrieved from /home/monica.fernandez/practica_creativa/venv-airflow/lib/python3.11/site-packages/airflow/example_dags/example_python_operator.py
[2025-06-23T12:48:37.385+0200] {logging_mixin.py:137} INFO - [2025-06-23T12:48:37.385+0200] {dag.py:2690} INFO - Sync 1 DAGs
[2025-06-23T12:48:37.408+0200] {logging_mixin.py:137} INFO - [2025-06-23T12:48:37.408+0200] {dag.py:3437} INFO - Setting next_dagrun for example_python_operator to None, run_after=None
[2025-06-23T12:48:37.462+0200] {processor.py:175} INFO - Processing /home/monica.fernandez/practica_creativa/venv-airflow/lib/python3.11/site-packages/airflow/example_dags/example_python_operator.py took 0.164 seconds
[2025-06-23T12:49:31.818+0200] {processor.py:153} INFO - Started process (PID=32544) to work on /home/monica.fernandez/practica_creativa/venv-airflow/lib/python3.11/site-packages/airflow/example_dags/example_python_operator.py
[2025-06-23T12:49:31.819+0200] {processor.py:743} INFO - Processing file /home/monica.fernandez/practica_creativa/venv-airflow/lib/python3.11/site-packages/airflow/example_dags/example_python_operator.py for tasks to queue
[2025-06-23T12:49:31.819+0200] {logging_mixin.py:137} INFO - [2025-06-23T12:49:31.819+0200] {dagbag.py:538} INFO - Filling up the DagBag from /home/monica.fernandez/practica_creativa/venv-airflow/lib/python3.11/site-packages/airflow/example_dags/example_python_operator.py
[2025-06-23T12:49:31.839+0200] {logging_mixin.py:137} INFO - [2025-06-23T12:49:31.839+0200] {taskmixin.py:205} WARNING - Dependency <Task(_PythonDecoratedOperator): print_the_context>, log_sql_query already registered for DAG: example_python_operator
[2025-06-23T12:49:31.840+0200] {logging_mixin.py:137} INFO - [2025-06-23T12:49:31.840+0200] {taskmixin.py:205} WARNING - Dependency <Task(_PythonDecoratedOperator): log_sql_query>, print_the_context already registered for DAG: example_python_operator
[2025-06-23T12:49:31.840+0200] {logging_mixin.py:137} INFO - [2025-06-23T12:49:31.840+0200] {taskmixin.py:205} WARNING - Dependency <Task(_PythonDecoratedOperator): print_the_context>, log_sql_query already registered for DAG: example_python_operator
[2025-06-23T12:49:31.840+0200] {logging_mixin.py:137} INFO - [2025-06-23T12:49:31.840+0200] {taskmixin.py:205} WARNING - Dependency <Task(_PythonDecoratedOperator): log_sql_query>, print_the_context already registered for DAG: example_python_operator
[2025-06-23T12:49:31.841+0200] {logging_mixin.py:137} INFO - [2025-06-23T12:49:31.841+0200] {taskmixin.py:205} WARNING - Dependency <Task(_PythonDecoratedOperator): print_the_context>, log_sql_query already registered for DAG: example_python_operator
[2025-06-23T12:49:31.841+0200] {logging_mixin.py:137} INFO - [2025-06-23T12:49:31.841+0200] {taskmixin.py:205} WARNING - Dependency <Task(_PythonDecoratedOperator): log_sql_query>, print_the_context already registered for DAG: example_python_operator
[2025-06-23T12:49:31.842+0200] {logging_mixin.py:137} INFO - [2025-06-23T12:49:31.842+0200] {taskmixin.py:205} WARNING - Dependency <Task(_PythonDecoratedOperator): print_the_context>, log_sql_query already registered for DAG: example_python_operator
[2025-06-23T12:49:31.842+0200] {logging_mixin.py:137} INFO - [2025-06-23T12:49:31.842+0200] {taskmixin.py:205} WARNING - Dependency <Task(_PythonDecoratedOperator): log_sql_query>, print_the_context already registered for DAG: example_python_operator
[2025-06-23T12:49:31.843+0200] {logging_mixin.py:137} INFO - [2025-06-23T12:49:31.843+0200] {example_python_operator.py:90} WARNING - The virtalenv_python example task requires virtualenv, please install it.
[2025-06-23T12:49:31.843+0200] {processor.py:753} INFO - DAG(s) dict_keys(['example_python_operator']) retrieved from /home/monica.fernandez/practica_creativa/venv-airflow/lib/python3.11/site-packages/airflow/example_dags/example_python_operator.py
[2025-06-23T12:49:31.875+0200] {logging_mixin.py:137} INFO - [2025-06-23T12:49:31.875+0200] {dag.py:2690} INFO - Sync 1 DAGs
[2025-06-23T12:49:31.899+0200] {logging_mixin.py:137} INFO - [2025-06-23T12:49:31.898+0200] {dag.py:3437} INFO - Setting next_dagrun for example_python_operator to None, run_after=None
[2025-06-23T12:49:31.958+0200] {processor.py:175} INFO - Processing /home/monica.fernandez/practica_creativa/venv-airflow/lib/python3.11/site-packages/airflow/example_dags/example_python_operator.py took 0.143 seconds
[2025-06-23T12:50:24.467+0200] {processor.py:153} INFO - Started process (PID=33036) to work on /home/monica.fernandez/practica_creativa/venv-airflow/lib/python3.11/site-packages/airflow/example_dags/example_python_operator.py
[2025-06-23T12:50:24.468+0200] {processor.py:743} INFO - Processing file /home/monica.fernandez/practica_creativa/venv-airflow/lib/python3.11/site-packages/airflow/example_dags/example_python_operator.py for tasks to queue
[2025-06-23T12:50:24.470+0200] {logging_mixin.py:137} INFO - [2025-06-23T12:50:24.469+0200] {dagbag.py:538} INFO - Filling up the DagBag from /home/monica.fernandez/practica_creativa/venv-airflow/lib/python3.11/site-packages/airflow/example_dags/example_python_operator.py
[2025-06-23T12:50:24.511+0200] {logging_mixin.py:137} INFO - [2025-06-23T12:50:24.510+0200] {taskmixin.py:205} WARNING - Dependency <Task(_PythonDecoratedOperator): print_the_context>, log_sql_query already registered for DAG: example_python_operator
[2025-06-23T12:50:24.511+0200] {logging_mixin.py:137} INFO - [2025-06-23T12:50:24.511+0200] {taskmixin.py:205} WARNING - Dependency <Task(_PythonDecoratedOperator): log_sql_query>, print_the_context already registered for DAG: example_python_operator
[2025-06-23T12:50:24.511+0200] {logging_mixin.py:137} INFO - [2025-06-23T12:50:24.511+0200] {taskmixin.py:205} WARNING - Dependency <Task(_PythonDecoratedOperator): print_the_context>, log_sql_query already registered for DAG: example_python_operator
[2025-06-23T12:50:24.511+0200] {logging_mixin.py:137} INFO - [2025-06-23T12:50:24.511+0200] {taskmixin.py:205} WARNING - Dependency <Task(_PythonDecoratedOperator): log_sql_query>, print_the_context already registered for DAG: example_python_operator
[2025-06-23T12:50:24.512+0200] {logging_mixin.py:137} INFO - [2025-06-23T12:50:24.512+0200] {taskmixin.py:205} WARNING - Dependency <Task(_PythonDecoratedOperator): print_the_context>, log_sql_query already registered for DAG: example_python_operator
[2025-06-23T12:50:24.512+0200] {logging_mixin.py:137} INFO - [2025-06-23T12:50:24.512+0200] {taskmixin.py:205} WARNING - Dependency <Task(_PythonDecoratedOperator): log_sql_query>, print_the_context already registered for DAG: example_python_operator
[2025-06-23T12:50:24.512+0200] {logging_mixin.py:137} INFO - [2025-06-23T12:50:24.512+0200] {taskmixin.py:205} WARNING - Dependency <Task(_PythonDecoratedOperator): print_the_context>, log_sql_query already registered for DAG: example_python_operator
[2025-06-23T12:50:24.512+0200] {logging_mixin.py:137} INFO - [2025-06-23T12:50:24.512+0200] {taskmixin.py:205} WARNING - Dependency <Task(_PythonDecoratedOperator): log_sql_query>, print_the_context already registered for DAG: example_python_operator
[2025-06-23T12:50:24.519+0200] {logging_mixin.py:137} INFO - [2025-06-23T12:50:24.519+0200] {example_python_operator.py:90} WARNING - The virtalenv_python example task requires virtualenv, please install it.
[2025-06-23T12:50:24.524+0200] {processor.py:753} INFO - DAG(s) dict_keys(['example_python_operator']) retrieved from /home/monica.fernandez/practica_creativa/venv-airflow/lib/python3.11/site-packages/airflow/example_dags/example_python_operator.py
[2025-06-23T12:50:24.592+0200] {logging_mixin.py:137} INFO - [2025-06-23T12:50:24.592+0200] {dag.py:2690} INFO - Sync 1 DAGs
[2025-06-23T12:50:24.640+0200] {logging_mixin.py:137} INFO - [2025-06-23T12:50:24.639+0200] {dag.py:3437} INFO - Setting next_dagrun for example_python_operator to None, run_after=None
[2025-06-23T12:50:24.797+0200] {processor.py:175} INFO - Processing /home/monica.fernandez/practica_creativa/venv-airflow/lib/python3.11/site-packages/airflow/example_dags/example_python_operator.py took 0.333 seconds
[2025-06-23T12:51:21.305+0200] {processor.py:153} INFO - Started process (PID=34314) to work on /home/monica.fernandez/practica_creativa/venv-airflow/lib/python3.11/site-packages/airflow/example_dags/example_python_operator.py
[2025-06-23T12:51:21.307+0200] {processor.py:743} INFO - Processing file /home/monica.fernandez/practica_creativa/venv-airflow/lib/python3.11/site-packages/airflow/example_dags/example_python_operator.py for tasks to queue
[2025-06-23T12:51:21.308+0200] {logging_mixin.py:137} INFO - [2025-06-23T12:51:21.307+0200] {dagbag.py:538} INFO - Filling up the DagBag from /home/monica.fernandez/practica_creativa/venv-airflow/lib/python3.11/site-packages/airflow/example_dags/example_python_operator.py
[2025-06-23T12:51:21.335+0200] {logging_mixin.py:137} INFO - [2025-06-23T12:51:21.335+0200] {taskmixin.py:205} WARNING - Dependency <Task(_PythonDecoratedOperator): print_the_context>, log_sql_query already registered for DAG: example_python_operator
[2025-06-23T12:51:21.335+0200] {logging_mixin.py:137} INFO - [2025-06-23T12:51:21.335+0200] {taskmixin.py:205} WARNING - Dependency <Task(_PythonDecoratedOperator): log_sql_query>, print_the_context already registered for DAG: example_python_operator
[2025-06-23T12:51:21.336+0200] {logging_mixin.py:137} INFO - [2025-06-23T12:51:21.336+0200] {taskmixin.py:205} WARNING - Dependency <Task(_PythonDecoratedOperator): print_the_context>, log_sql_query already registered for DAG: example_python_operator
[2025-06-23T12:51:21.336+0200] {logging_mixin.py:137} INFO - [2025-06-23T12:51:21.336+0200] {taskmixin.py:205} WARNING - Dependency <Task(_PythonDecoratedOperator): log_sql_query>, print_the_context already registered for DAG: example_python_operator
[2025-06-23T12:51:21.337+0200] {logging_mixin.py:137} INFO - [2025-06-23T12:51:21.337+0200] {taskmixin.py:205} WARNING - Dependency <Task(_PythonDecoratedOperator): print_the_context>, log_sql_query already registered for DAG: example_python_operator
[2025-06-23T12:51:21.337+0200] {logging_mixin.py:137} INFO - [2025-06-23T12:51:21.337+0200] {taskmixin.py:205} WARNING - Dependency <Task(_PythonDecoratedOperator): log_sql_query>, print_the_context already registered for DAG: example_python_operator
[2025-06-23T12:51:21.338+0200] {logging_mixin.py:137} INFO - [2025-06-23T12:51:21.337+0200] {taskmixin.py:205} WARNING - Dependency <Task(_PythonDecoratedOperator): print_the_context>, log_sql_query already registered for DAG: example_python_operator
[2025-06-23T12:51:21.338+0200] {logging_mixin.py:137} INFO - [2025-06-23T12:51:21.338+0200] {taskmixin.py:205} WARNING - Dependency <Task(_PythonDecoratedOperator): log_sql_query>, print_the_context already registered for DAG: example_python_operator
[2025-06-23T12:51:21.338+0200] {logging_mixin.py:137} INFO - [2025-06-23T12:51:21.338+0200] {example_python_operator.py:90} WARNING - The virtalenv_python example task requires virtualenv, please install it.
[2025-06-23T12:51:21.338+0200] {processor.py:753} INFO - DAG(s) dict_keys(['example_python_operator']) retrieved from /home/monica.fernandez/practica_creativa/venv-airflow/lib/python3.11/site-packages/airflow/example_dags/example_python_operator.py
[2025-06-23T12:51:21.367+0200] {logging_mixin.py:137} INFO - [2025-06-23T12:51:21.367+0200] {dag.py:2690} INFO - Sync 1 DAGs
[2025-06-23T12:51:21.387+0200] {logging_mixin.py:137} INFO - [2025-06-23T12:51:21.387+0200] {dag.py:3437} INFO - Setting next_dagrun for example_python_operator to None, run_after=None
[2025-06-23T12:51:21.431+0200] {processor.py:175} INFO - Processing /home/monica.fernandez/practica_creativa/venv-airflow/lib/python3.11/site-packages/airflow/example_dags/example_python_operator.py took 0.131 seconds
