[2025-06-23T12:48:04.272+0200] {processor.py:153} INFO - Started process (PID=31425) to work on /home/monica.fernandez/practica_creativa/venv-airflow/lib/python3.11/site-packages/airflow/example_dags/example_branch_labels.py
[2025-06-23T12:48:04.273+0200] {processor.py:743} INFO - Processing file /home/monica.fernandez/practica_creativa/venv-airflow/lib/python3.11/site-packages/airflow/example_dags/example_branch_labels.py for tasks to queue
[2025-06-23T12:48:04.274+0200] {logging_mixin.py:137} INFO - [2025-06-23T12:48:04.274+0200] {dagbag.py:538} INFO - Filling up the DagBag from /home/monica.fernandez/practica_creativa/venv-airflow/lib/python3.11/site-packages/airflow/example_dags/example_branch_labels.py
[2025-06-23T12:48:04.289+0200] {processor.py:753} INFO - DAG(s) dict_keys(['example_branch_labels']) retrieved from /home/monica.fernandez/practica_creativa/venv-airflow/lib/python3.11/site-packages/airflow/example_dags/example_branch_labels.py
[2025-06-23T12:48:04.333+0200] {logging_mixin.py:137} INFO - [2025-06-23T12:48:04.333+0200] {dag.py:2690} INFO - Sync 1 DAGs
[2025-06-23T12:48:04.393+0200] {logging_mixin.py:137} INFO - [2025-06-23T12:48:04.393+0200] {dag.py:3437} INFO - Setting next_dagrun for example_branch_labels to 2025-06-22T00:00:00+00:00, run_after=2025-06-23T00:00:00+00:00
[2025-06-23T12:48:04.454+0200] {processor.py:175} INFO - Processing /home/monica.fernandez/practica_creativa/venv-airflow/lib/python3.11/site-packages/airflow/example_dags/example_branch_labels.py took 0.187 seconds
[2025-06-23T12:48:56.642+0200] {processor.py:153} INFO - Started process (PID=32018) to work on /home/monica.fernandez/practica_creativa/venv-airflow/lib/python3.11/site-packages/airflow/example_dags/example_branch_labels.py
[2025-06-23T12:48:56.644+0200] {processor.py:743} INFO - Processing file /home/monica.fernandez/practica_creativa/venv-airflow/lib/python3.11/site-packages/airflow/example_dags/example_branch_labels.py for tasks to queue
[2025-06-23T12:48:56.644+0200] {logging_mixin.py:137} INFO - [2025-06-23T12:48:56.644+0200] {dagbag.py:538} INFO - Filling up the DagBag from /home/monica.fernandez/practica_creativa/venv-airflow/lib/python3.11/site-packages/airflow/example_dags/example_branch_labels.py
[2025-06-23T12:48:56.658+0200] {processor.py:753} INFO - DAG(s) dict_keys(['example_branch_labels']) retrieved from /home/monica.fernandez/practica_creativa/venv-airflow/lib/python3.11/site-packages/airflow/example_dags/example_branch_labels.py
[2025-06-23T12:48:56.701+0200] {logging_mixin.py:137} INFO - [2025-06-23T12:48:56.700+0200] {dag.py:2690} INFO - Sync 1 DAGs
[2025-06-23T12:48:56.738+0200] {logging_mixin.py:137} INFO - [2025-06-23T12:48:56.738+0200] {dag.py:3437} INFO - Setting next_dagrun for example_branch_labels to 2025-06-22T00:00:00+00:00, run_after=2025-06-23T00:00:00+00:00
[2025-06-23T12:48:56.807+0200] {processor.py:175} INFO - Processing /home/monica.fernandez/practica_creativa/venv-airflow/lib/python3.11/site-packages/airflow/example_dags/example_branch_labels.py took 0.171 seconds
[2025-06-23T12:49:53.453+0200] {processor.py:153} INFO - Started process (PID=32735) to work on /home/monica.fernandez/practica_creativa/venv-airflow/lib/python3.11/site-packages/airflow/example_dags/example_branch_labels.py
[2025-06-23T12:49:53.454+0200] {processor.py:743} INFO - Processing file /home/monica.fernandez/practica_creativa/venv-airflow/lib/python3.11/site-packages/airflow/example_dags/example_branch_labels.py for tasks to queue
[2025-06-23T12:49:53.455+0200] {logging_mixin.py:137} INFO - [2025-06-23T12:49:53.455+0200] {dagbag.py:538} INFO - Filling up the DagBag from /home/monica.fernandez/practica_creativa/venv-airflow/lib/python3.11/site-packages/airflow/example_dags/example_branch_labels.py
[2025-06-23T12:49:53.469+0200] {processor.py:753} INFO - DAG(s) dict_keys(['example_branch_labels']) retrieved from /home/monica.fernandez/practica_creativa/venv-airflow/lib/python3.11/site-packages/airflow/example_dags/example_branch_labels.py
[2025-06-23T12:49:53.525+0200] {logging_mixin.py:137} INFO - [2025-06-23T12:49:53.525+0200] {dag.py:2690} INFO - Sync 1 DAGs
[2025-06-23T12:49:53.564+0200] {logging_mixin.py:137} INFO - [2025-06-23T12:49:53.564+0200] {dag.py:3437} INFO - Setting next_dagrun for example_branch_labels to 2025-06-22T00:00:00+00:00, run_after=2025-06-23T00:00:00+00:00
[2025-06-23T12:49:53.642+0200] {processor.py:175} INFO - Processing /home/monica.fernandez/practica_creativa/venv-airflow/lib/python3.11/site-packages/airflow/example_dags/example_branch_labels.py took 0.194 seconds
[2025-06-23T12:50:45.540+0200] {processor.py:153} INFO - Started process (PID=33297) to work on /home/monica.fernandez/practica_creativa/venv-airflow/lib/python3.11/site-packages/airflow/example_dags/example_branch_labels.py
[2025-06-23T12:50:45.541+0200] {processor.py:743} INFO - Processing file /home/monica.fernandez/practica_creativa/venv-airflow/lib/python3.11/site-packages/airflow/example_dags/example_branch_labels.py for tasks to queue
[2025-06-23T12:50:45.542+0200] {logging_mixin.py:137} INFO - [2025-06-23T12:50:45.541+0200] {dagbag.py:538} INFO - Filling up the DagBag from /home/monica.fernandez/practica_creativa/venv-airflow/lib/python3.11/site-packages/airflow/example_dags/example_branch_labels.py
[2025-06-23T12:50:45.555+0200] {processor.py:753} INFO - DAG(s) dict_keys(['example_branch_labels']) retrieved from /home/monica.fernandez/practica_creativa/venv-airflow/lib/python3.11/site-packages/airflow/example_dags/example_branch_labels.py
[2025-06-23T12:50:45.589+0200] {logging_mixin.py:137} INFO - [2025-06-23T12:50:45.589+0200] {dag.py:2690} INFO - Sync 1 DAGs
[2025-06-23T12:50:45.614+0200] {logging_mixin.py:137} INFO - [2025-06-23T12:50:45.614+0200] {dag.py:3437} INFO - Setting next_dagrun for example_branch_labels to 2025-06-22T00:00:00+00:00, run_after=2025-06-23T00:00:00+00:00
[2025-06-23T12:50:45.686+0200] {processor.py:175} INFO - Processing /home/monica.fernandez/practica_creativa/venv-airflow/lib/python3.11/site-packages/airflow/example_dags/example_branch_labels.py took 0.148 seconds
[2025-06-23T12:51:47.611+0200] {processor.py:153} INFO - Started process (PID=34560) to work on /home/monica.fernandez/practica_creativa/venv-airflow/lib/python3.11/site-packages/airflow/example_dags/example_branch_labels.py
[2025-06-23T12:51:47.611+0200] {processor.py:743} INFO - Processing file /home/monica.fernandez/practica_creativa/venv-airflow/lib/python3.11/site-packages/airflow/example_dags/example_branch_labels.py for tasks to queue
[2025-06-23T12:51:47.612+0200] {logging_mixin.py:137} INFO - [2025-06-23T12:51:47.612+0200] {dagbag.py:538} INFO - Filling up the DagBag from /home/monica.fernandez/practica_creativa/venv-airflow/lib/python3.11/site-packages/airflow/example_dags/example_branch_labels.py
[2025-06-23T12:51:47.620+0200] {processor.py:753} INFO - DAG(s) dict_keys(['example_branch_labels']) retrieved from /home/monica.fernandez/practica_creativa/venv-airflow/lib/python3.11/site-packages/airflow/example_dags/example_branch_labels.py
[2025-06-23T12:51:47.646+0200] {logging_mixin.py:137} INFO - [2025-06-23T12:51:47.646+0200] {dag.py:2690} INFO - Sync 1 DAGs
[2025-06-23T12:51:47.667+0200] {logging_mixin.py:137} INFO - [2025-06-23T12:51:47.667+0200] {dag.py:3437} INFO - Setting next_dagrun for example_branch_labels to 2025-06-22T00:00:00+00:00, run_after=2025-06-23T00:00:00+00:00
[2025-06-23T12:51:47.725+0200] {processor.py:175} INFO - Processing /home/monica.fernandez/practica_creativa/venv-airflow/lib/python3.11/site-packages/airflow/example_dags/example_branch_labels.py took 0.116 seconds
