[2025-06-23T12:43:24.911+0200] {processor.py:153} INFO - Started process (PID=27643) to work on /home/monica.fernandez/practica_creativa/venv-airflow/lib/python3.11/site-packages/airflow/example_dags/example_task_group.py
[2025-06-23T12:43:24.911+0200] {processor.py:743} INFO - Processing file /home/monica.fernandez/practica_creativa/venv-airflow/lib/python3.11/site-packages/airflow/example_dags/example_task_group.py for tasks to queue
[2025-06-23T12:43:24.912+0200] {logging_mixin.py:137} INFO - [2025-06-23T12:43:24.912+0200] {dagbag.py:538} INFO - Filling up the DagBag from /home/monica.fernandez/practica_creativa/venv-airflow/lib/python3.11/site-packages/airflow/example_dags/example_task_group.py
[2025-06-23T12:43:24.931+0200] {processor.py:753} INFO - DAG(s) dict_keys(['example_task_group']) retrieved from /home/monica.fernandez/practica_creativa/venv-airflow/lib/python3.11/site-packages/airflow/example_dags/example_task_group.py
[2025-06-23T12:43:24.960+0200] {logging_mixin.py:137} INFO - [2025-06-23T12:43:24.960+0200] {dag.py:2690} INFO - Sync 1 DAGs
[2025-06-23T12:43:24.987+0200] {logging_mixin.py:137} INFO - [2025-06-23T12:43:24.987+0200] {dag.py:3437} INFO - Setting next_dagrun for example_task_group to 2025-06-22T10:43:24.987169+00:00, run_after=2025-06-23T10:43:24.987169+00:00
[2025-06-23T12:43:25.041+0200] {processor.py:175} INFO - Processing /home/monica.fernandez/practica_creativa/venv-airflow/lib/python3.11/site-packages/airflow/example_dags/example_task_group.py took 0.133 seconds
[2025-06-23T12:47:37.340+0200] {processor.py:153} INFO - Started process (PID=31172) to work on /home/monica.fernandez/practica_creativa/venv-airflow/lib/python3.11/site-packages/airflow/example_dags/example_task_group.py
[2025-06-23T12:47:37.342+0200] {processor.py:743} INFO - Processing file /home/monica.fernandez/practica_creativa/venv-airflow/lib/python3.11/site-packages/airflow/example_dags/example_task_group.py for tasks to queue
[2025-06-23T12:47:37.342+0200] {logging_mixin.py:137} INFO - [2025-06-23T12:47:37.342+0200] {dagbag.py:538} INFO - Filling up the DagBag from /home/monica.fernandez/practica_creativa/venv-airflow/lib/python3.11/site-packages/airflow/example_dags/example_task_group.py
[2025-06-23T12:47:37.358+0200] {processor.py:753} INFO - DAG(s) dict_keys(['example_task_group']) retrieved from /home/monica.fernandez/practica_creativa/venv-airflow/lib/python3.11/site-packages/airflow/example_dags/example_task_group.py
[2025-06-23T12:47:37.413+0200] {logging_mixin.py:137} INFO - [2025-06-23T12:47:37.413+0200] {dag.py:2690} INFO - Sync 1 DAGs
[2025-06-23T12:47:37.456+0200] {logging_mixin.py:137} INFO - [2025-06-23T12:47:37.456+0200] {dag.py:3437} INFO - Setting next_dagrun for example_task_group to 2025-06-22T10:47:37.456025+00:00, run_after=2025-06-23T10:47:37.456025+00:00
[2025-06-23T12:47:37.529+0200] {processor.py:175} INFO - Processing /home/monica.fernandez/practica_creativa/venv-airflow/lib/python3.11/site-packages/airflow/example_dags/example_task_group.py took 0.194 seconds
[2025-06-23T12:48:24.212+0200] {processor.py:153} INFO - Started process (PID=31667) to work on /home/monica.fernandez/practica_creativa/venv-airflow/lib/python3.11/site-packages/airflow/example_dags/example_task_group.py
[2025-06-23T12:48:24.213+0200] {processor.py:743} INFO - Processing file /home/monica.fernandez/practica_creativa/venv-airflow/lib/python3.11/site-packages/airflow/example_dags/example_task_group.py for tasks to queue
[2025-06-23T12:48:24.214+0200] {logging_mixin.py:137} INFO - [2025-06-23T12:48:24.214+0200] {dagbag.py:538} INFO - Filling up the DagBag from /home/monica.fernandez/practica_creativa/venv-airflow/lib/python3.11/site-packages/airflow/example_dags/example_task_group.py
[2025-06-23T12:48:24.229+0200] {processor.py:753} INFO - DAG(s) dict_keys(['example_task_group']) retrieved from /home/monica.fernandez/practica_creativa/venv-airflow/lib/python3.11/site-packages/airflow/example_dags/example_task_group.py
[2025-06-23T12:48:24.267+0200] {logging_mixin.py:137} INFO - [2025-06-23T12:48:24.267+0200] {dag.py:2690} INFO - Sync 1 DAGs
[2025-06-23T12:48:24.291+0200] {logging_mixin.py:137} INFO - [2025-06-23T12:48:24.291+0200] {dag.py:3437} INFO - Setting next_dagrun for example_task_group to 2025-06-22T10:48:24.291205+00:00, run_after=2025-06-23T10:48:24.291205+00:00
[2025-06-23T12:48:24.346+0200] {processor.py:175} INFO - Processing /home/monica.fernandez/practica_creativa/venv-airflow/lib/python3.11/site-packages/airflow/example_dags/example_task_group.py took 0.137 seconds
[2025-06-23T12:49:12.467+0200] {processor.py:153} INFO - Started process (PID=32245) to work on /home/monica.fernandez/practica_creativa/venv-airflow/lib/python3.11/site-packages/airflow/example_dags/example_task_group.py
[2025-06-23T12:49:12.468+0200] {processor.py:743} INFO - Processing file /home/monica.fernandez/practica_creativa/venv-airflow/lib/python3.11/site-packages/airflow/example_dags/example_task_group.py for tasks to queue
[2025-06-23T12:49:12.469+0200] {logging_mixin.py:137} INFO - [2025-06-23T12:49:12.469+0200] {dagbag.py:538} INFO - Filling up the DagBag from /home/monica.fernandez/practica_creativa/venv-airflow/lib/python3.11/site-packages/airflow/example_dags/example_task_group.py
[2025-06-23T12:49:12.486+0200] {processor.py:753} INFO - DAG(s) dict_keys(['example_task_group']) retrieved from /home/monica.fernandez/practica_creativa/venv-airflow/lib/python3.11/site-packages/airflow/example_dags/example_task_group.py
[2025-06-23T12:49:12.527+0200] {logging_mixin.py:137} INFO - [2025-06-23T12:49:12.527+0200] {dag.py:2690} INFO - Sync 1 DAGs
[2025-06-23T12:49:12.551+0200] {logging_mixin.py:137} INFO - [2025-06-23T12:49:12.551+0200] {dag.py:3437} INFO - Setting next_dagrun for example_task_group to 2025-06-22T10:49:12.551347+00:00, run_after=2025-06-23T10:49:12.551347+00:00
[2025-06-23T12:49:12.616+0200] {processor.py:175} INFO - Processing /home/monica.fernandez/practica_creativa/venv-airflow/lib/python3.11/site-packages/airflow/example_dags/example_task_group.py took 0.156 seconds
[2025-06-23T12:49:49.866+0200] {processor.py:153} INFO - Started process (PID=32718) to work on /home/monica.fernandez/practica_creativa/venv-airflow/lib/python3.11/site-packages/airflow/example_dags/example_task_group.py
[2025-06-23T12:49:49.867+0200] {processor.py:743} INFO - Processing file /home/monica.fernandez/practica_creativa/venv-airflow/lib/python3.11/site-packages/airflow/example_dags/example_task_group.py for tasks to queue
[2025-06-23T12:49:49.868+0200] {logging_mixin.py:137} INFO - [2025-06-23T12:49:49.868+0200] {dagbag.py:538} INFO - Filling up the DagBag from /home/monica.fernandez/practica_creativa/venv-airflow/lib/python3.11/site-packages/airflow/example_dags/example_task_group.py
[2025-06-23T12:49:49.880+0200] {processor.py:753} INFO - DAG(s) dict_keys(['example_task_group']) retrieved from /home/monica.fernandez/practica_creativa/venv-airflow/lib/python3.11/site-packages/airflow/example_dags/example_task_group.py
[2025-06-23T12:49:49.909+0200] {logging_mixin.py:137} INFO - [2025-06-23T12:49:49.909+0200] {dag.py:2690} INFO - Sync 1 DAGs
[2025-06-23T12:49:49.929+0200] {logging_mixin.py:137} INFO - [2025-06-23T12:49:49.929+0200] {dag.py:3437} INFO - Setting next_dagrun for example_task_group to 2025-06-22T10:49:49.929069+00:00, run_after=2025-06-23T10:49:49.929069+00:00
[2025-06-23T12:49:49.989+0200] {processor.py:175} INFO - Processing /home/monica.fernandez/practica_creativa/venv-airflow/lib/python3.11/site-packages/airflow/example_dags/example_task_group.py took 0.137 seconds
[2025-06-23T12:50:41.730+0200] {processor.py:153} INFO - Started process (PID=33284) to work on /home/monica.fernandez/practica_creativa/venv-airflow/lib/python3.11/site-packages/airflow/example_dags/example_task_group.py
[2025-06-23T12:50:41.732+0200] {processor.py:743} INFO - Processing file /home/monica.fernandez/practica_creativa/venv-airflow/lib/python3.11/site-packages/airflow/example_dags/example_task_group.py for tasks to queue
[2025-06-23T12:50:41.733+0200] {logging_mixin.py:137} INFO - [2025-06-23T12:50:41.732+0200] {dagbag.py:538} INFO - Filling up the DagBag from /home/monica.fernandez/practica_creativa/venv-airflow/lib/python3.11/site-packages/airflow/example_dags/example_task_group.py
[2025-06-23T12:50:41.747+0200] {processor.py:753} INFO - DAG(s) dict_keys(['example_task_group']) retrieved from /home/monica.fernandez/practica_creativa/venv-airflow/lib/python3.11/site-packages/airflow/example_dags/example_task_group.py
[2025-06-23T12:50:41.791+0200] {logging_mixin.py:137} INFO - [2025-06-23T12:50:41.791+0200] {dag.py:2690} INFO - Sync 1 DAGs
[2025-06-23T12:50:41.827+0200] {logging_mixin.py:137} INFO - [2025-06-23T12:50:41.827+0200] {dag.py:3437} INFO - Setting next_dagrun for example_task_group to 2025-06-22T10:50:41.826639+00:00, run_after=2025-06-23T10:50:41.826639+00:00
[2025-06-23T12:50:41.909+0200] {processor.py:175} INFO - Processing /home/monica.fernandez/practica_creativa/venv-airflow/lib/python3.11/site-packages/airflow/example_dags/example_task_group.py took 0.183 seconds
[2025-06-23T12:51:19.941+0200] {processor.py:153} INFO - Started process (PID=34209) to work on /home/monica.fernandez/practica_creativa/venv-airflow/lib/python3.11/site-packages/airflow/example_dags/example_task_group.py
[2025-06-23T12:51:19.942+0200] {processor.py:743} INFO - Processing file /home/monica.fernandez/practica_creativa/venv-airflow/lib/python3.11/site-packages/airflow/example_dags/example_task_group.py for tasks to queue
[2025-06-23T12:51:19.943+0200] {logging_mixin.py:137} INFO - [2025-06-23T12:51:19.943+0200] {dagbag.py:538} INFO - Filling up the DagBag from /home/monica.fernandez/practica_creativa/venv-airflow/lib/python3.11/site-packages/airflow/example_dags/example_task_group.py
[2025-06-23T12:51:19.954+0200] {processor.py:753} INFO - DAG(s) dict_keys(['example_task_group']) retrieved from /home/monica.fernandez/practica_creativa/venv-airflow/lib/python3.11/site-packages/airflow/example_dags/example_task_group.py
[2025-06-23T12:51:19.980+0200] {logging_mixin.py:137} INFO - [2025-06-23T12:51:19.980+0200] {dag.py:2690} INFO - Sync 1 DAGs
[2025-06-23T12:51:19.999+0200] {logging_mixin.py:137} INFO - [2025-06-23T12:51:19.999+0200] {dag.py:3437} INFO - Setting next_dagrun for example_task_group to 2025-06-22T10:51:19.999572+00:00, run_after=2025-06-23T10:51:19.999572+00:00
[2025-06-23T12:51:20.060+0200] {processor.py:175} INFO - Processing /home/monica.fernandez/practica_creativa/venv-airflow/lib/python3.11/site-packages/airflow/example_dags/example_task_group.py took 0.123 seconds
