[2025-06-23T12:48:02.939+0200] {processor.py:153} INFO - Started process (PID=31420) to work on /home/monica.fernandez/practica_creativa/venv-airflow/lib/python3.11/site-packages/airflow/example_dags/example_complex.py
[2025-06-23T12:48:02.940+0200] {processor.py:743} INFO - Processing file /home/monica.fernandez/practica_creativa/venv-airflow/lib/python3.11/site-packages/airflow/example_dags/example_complex.py for tasks to queue
[2025-06-23T12:48:02.940+0200] {logging_mixin.py:137} INFO - [2025-06-23T12:48:02.940+0200] {dagbag.py:538} INFO - Filling up the DagBag from /home/monica.fernandez/practica_creativa/venv-airflow/lib/python3.11/site-packages/airflow/example_dags/example_complex.py
[2025-06-23T12:48:02.951+0200] {logging_mixin.py:137} INFO - [2025-06-23T12:48:02.950+0200] {taskmixin.py:205} WARNING - Dependency <Task(BashOperator): create_entry_group>, delete_entry_group already registered for DAG: example_complex
[2025-06-23T12:48:02.951+0200] {logging_mixin.py:137} INFO - [2025-06-23T12:48:02.951+0200] {taskmixin.py:205} WARNING - Dependency <Task(BashOperator): delete_entry_group>, create_entry_group already registered for DAG: example_complex
[2025-06-23T12:48:02.951+0200] {logging_mixin.py:137} INFO - [2025-06-23T12:48:02.951+0200] {taskmixin.py:205} WARNING - Dependency <Task(BashOperator): create_entry_gcs>, delete_entry already registered for DAG: example_complex
[2025-06-23T12:48:02.951+0200] {logging_mixin.py:137} INFO - [2025-06-23T12:48:02.951+0200] {taskmixin.py:205} WARNING - Dependency <Task(BashOperator): delete_entry>, create_entry_gcs already registered for DAG: example_complex
[2025-06-23T12:48:02.951+0200] {logging_mixin.py:137} INFO - [2025-06-23T12:48:02.951+0200] {taskmixin.py:205} WARNING - Dependency <Task(BashOperator): create_tag>, delete_tag already registered for DAG: example_complex
[2025-06-23T12:48:02.951+0200] {logging_mixin.py:137} INFO - [2025-06-23T12:48:02.951+0200] {taskmixin.py:205} WARNING - Dependency <Task(BashOperator): delete_tag>, create_tag already registered for DAG: example_complex
[2025-06-23T12:48:02.952+0200] {processor.py:753} INFO - DAG(s) dict_keys(['example_complex']) retrieved from /home/monica.fernandez/practica_creativa/venv-airflow/lib/python3.11/site-packages/airflow/example_dags/example_complex.py
[2025-06-23T12:48:02.984+0200] {logging_mixin.py:137} INFO - [2025-06-23T12:48:02.984+0200] {dag.py:2690} INFO - Sync 1 DAGs
[2025-06-23T12:48:03.006+0200] {logging_mixin.py:137} INFO - [2025-06-23T12:48:03.006+0200] {dag.py:3437} INFO - Setting next_dagrun for example_complex to None, run_after=None
[2025-06-23T12:48:03.065+0200] {processor.py:175} INFO - Processing /home/monica.fernandez/practica_creativa/venv-airflow/lib/python3.11/site-packages/airflow/example_dags/example_complex.py took 0.128 seconds
[2025-06-23T12:48:55.805+0200] {processor.py:153} INFO - Started process (PID=32016) to work on /home/monica.fernandez/practica_creativa/venv-airflow/lib/python3.11/site-packages/airflow/example_dags/example_complex.py
[2025-06-23T12:48:55.806+0200] {processor.py:743} INFO - Processing file /home/monica.fernandez/practica_creativa/venv-airflow/lib/python3.11/site-packages/airflow/example_dags/example_complex.py for tasks to queue
[2025-06-23T12:48:55.808+0200] {logging_mixin.py:137} INFO - [2025-06-23T12:48:55.807+0200] {dagbag.py:538} INFO - Filling up the DagBag from /home/monica.fernandez/practica_creativa/venv-airflow/lib/python3.11/site-packages/airflow/example_dags/example_complex.py
[2025-06-23T12:48:55.826+0200] {logging_mixin.py:137} INFO - [2025-06-23T12:48:55.826+0200] {taskmixin.py:205} WARNING - Dependency <Task(BashOperator): create_entry_group>, delete_entry_group already registered for DAG: example_complex
[2025-06-23T12:48:55.827+0200] {logging_mixin.py:137} INFO - [2025-06-23T12:48:55.827+0200] {taskmixin.py:205} WARNING - Dependency <Task(BashOperator): delete_entry_group>, create_entry_group already registered for DAG: example_complex
[2025-06-23T12:48:55.827+0200] {logging_mixin.py:137} INFO - [2025-06-23T12:48:55.827+0200] {taskmixin.py:205} WARNING - Dependency <Task(BashOperator): create_entry_gcs>, delete_entry already registered for DAG: example_complex
[2025-06-23T12:48:55.827+0200] {logging_mixin.py:137} INFO - [2025-06-23T12:48:55.827+0200] {taskmixin.py:205} WARNING - Dependency <Task(BashOperator): delete_entry>, create_entry_gcs already registered for DAG: example_complex
[2025-06-23T12:48:55.828+0200] {logging_mixin.py:137} INFO - [2025-06-23T12:48:55.828+0200] {taskmixin.py:205} WARNING - Dependency <Task(BashOperator): create_tag>, delete_tag already registered for DAG: example_complex
[2025-06-23T12:48:55.828+0200] {logging_mixin.py:137} INFO - [2025-06-23T12:48:55.828+0200] {taskmixin.py:205} WARNING - Dependency <Task(BashOperator): delete_tag>, create_tag already registered for DAG: example_complex
[2025-06-23T12:48:55.830+0200] {processor.py:753} INFO - DAG(s) dict_keys(['example_complex']) retrieved from /home/monica.fernandez/practica_creativa/venv-airflow/lib/python3.11/site-packages/airflow/example_dags/example_complex.py
[2025-06-23T12:48:55.889+0200] {logging_mixin.py:137} INFO - [2025-06-23T12:48:55.888+0200] {dag.py:2690} INFO - Sync 1 DAGs
[2025-06-23T12:48:55.927+0200] {logging_mixin.py:137} INFO - [2025-06-23T12:48:55.927+0200] {dag.py:3437} INFO - Setting next_dagrun for example_complex to None, run_after=None
[2025-06-23T12:48:56.001+0200] {processor.py:175} INFO - Processing /home/monica.fernandez/practica_creativa/venv-airflow/lib/python3.11/site-packages/airflow/example_dags/example_complex.py took 0.201 seconds
[2025-06-23T12:49:52.572+0200] {processor.py:153} INFO - Started process (PID=32728) to work on /home/monica.fernandez/practica_creativa/venv-airflow/lib/python3.11/site-packages/airflow/example_dags/example_complex.py
[2025-06-23T12:49:52.573+0200] {processor.py:743} INFO - Processing file /home/monica.fernandez/practica_creativa/venv-airflow/lib/python3.11/site-packages/airflow/example_dags/example_complex.py for tasks to queue
[2025-06-23T12:49:52.573+0200] {logging_mixin.py:137} INFO - [2025-06-23T12:49:52.573+0200] {dagbag.py:538} INFO - Filling up the DagBag from /home/monica.fernandez/practica_creativa/venv-airflow/lib/python3.11/site-packages/airflow/example_dags/example_complex.py
[2025-06-23T12:49:52.592+0200] {logging_mixin.py:137} INFO - [2025-06-23T12:49:52.592+0200] {taskmixin.py:205} WARNING - Dependency <Task(BashOperator): create_entry_group>, delete_entry_group already registered for DAG: example_complex
[2025-06-23T12:49:52.592+0200] {logging_mixin.py:137} INFO - [2025-06-23T12:49:52.592+0200] {taskmixin.py:205} WARNING - Dependency <Task(BashOperator): delete_entry_group>, create_entry_group already registered for DAG: example_complex
[2025-06-23T12:49:52.593+0200] {logging_mixin.py:137} INFO - [2025-06-23T12:49:52.593+0200] {taskmixin.py:205} WARNING - Dependency <Task(BashOperator): create_entry_gcs>, delete_entry already registered for DAG: example_complex
[2025-06-23T12:49:52.593+0200] {logging_mixin.py:137} INFO - [2025-06-23T12:49:52.593+0200] {taskmixin.py:205} WARNING - Dependency <Task(BashOperator): delete_entry>, create_entry_gcs already registered for DAG: example_complex
[2025-06-23T12:49:52.593+0200] {logging_mixin.py:137} INFO - [2025-06-23T12:49:52.593+0200] {taskmixin.py:205} WARNING - Dependency <Task(BashOperator): create_tag>, delete_tag already registered for DAG: example_complex
[2025-06-23T12:49:52.593+0200] {logging_mixin.py:137} INFO - [2025-06-23T12:49:52.593+0200] {taskmixin.py:205} WARNING - Dependency <Task(BashOperator): delete_tag>, create_tag already registered for DAG: example_complex
[2025-06-23T12:49:52.594+0200] {processor.py:753} INFO - DAG(s) dict_keys(['example_complex']) retrieved from /home/monica.fernandez/practica_creativa/venv-airflow/lib/python3.11/site-packages/airflow/example_dags/example_complex.py
[2025-06-23T12:49:52.657+0200] {logging_mixin.py:137} INFO - [2025-06-23T12:49:52.657+0200] {dag.py:2690} INFO - Sync 1 DAGs
[2025-06-23T12:49:52.682+0200] {logging_mixin.py:137} INFO - [2025-06-23T12:49:52.682+0200] {dag.py:3437} INFO - Setting next_dagrun for example_complex to None, run_after=None
[2025-06-23T12:49:52.760+0200] {processor.py:175} INFO - Processing /home/monica.fernandez/practica_creativa/venv-airflow/lib/python3.11/site-packages/airflow/example_dags/example_complex.py took 0.191 seconds
[2025-06-23T12:50:44.193+0200] {processor.py:153} INFO - Started process (PID=33291) to work on /home/monica.fernandez/practica_creativa/venv-airflow/lib/python3.11/site-packages/airflow/example_dags/example_complex.py
[2025-06-23T12:50:44.193+0200] {processor.py:743} INFO - Processing file /home/monica.fernandez/practica_creativa/venv-airflow/lib/python3.11/site-packages/airflow/example_dags/example_complex.py for tasks to queue
[2025-06-23T12:50:44.194+0200] {logging_mixin.py:137} INFO - [2025-06-23T12:50:44.194+0200] {dagbag.py:538} INFO - Filling up the DagBag from /home/monica.fernandez/practica_creativa/venv-airflow/lib/python3.11/site-packages/airflow/example_dags/example_complex.py
[2025-06-23T12:50:44.203+0200] {logging_mixin.py:137} INFO - [2025-06-23T12:50:44.203+0200] {taskmixin.py:205} WARNING - Dependency <Task(BashOperator): create_entry_group>, delete_entry_group already registered for DAG: example_complex
[2025-06-23T12:50:44.203+0200] {logging_mixin.py:137} INFO - [2025-06-23T12:50:44.203+0200] {taskmixin.py:205} WARNING - Dependency <Task(BashOperator): delete_entry_group>, create_entry_group already registered for DAG: example_complex
[2025-06-23T12:50:44.203+0200] {logging_mixin.py:137} INFO - [2025-06-23T12:50:44.203+0200] {taskmixin.py:205} WARNING - Dependency <Task(BashOperator): create_entry_gcs>, delete_entry already registered for DAG: example_complex
[2025-06-23T12:50:44.203+0200] {logging_mixin.py:137} INFO - [2025-06-23T12:50:44.203+0200] {taskmixin.py:205} WARNING - Dependency <Task(BashOperator): delete_entry>, create_entry_gcs already registered for DAG: example_complex
[2025-06-23T12:50:44.204+0200] {logging_mixin.py:137} INFO - [2025-06-23T12:50:44.203+0200] {taskmixin.py:205} WARNING - Dependency <Task(BashOperator): create_tag>, delete_tag already registered for DAG: example_complex
[2025-06-23T12:50:44.204+0200] {logging_mixin.py:137} INFO - [2025-06-23T12:50:44.204+0200] {taskmixin.py:205} WARNING - Dependency <Task(BashOperator): delete_tag>, create_tag already registered for DAG: example_complex
[2025-06-23T12:50:44.205+0200] {processor.py:753} INFO - DAG(s) dict_keys(['example_complex']) retrieved from /home/monica.fernandez/practica_creativa/venv-airflow/lib/python3.11/site-packages/airflow/example_dags/example_complex.py
[2025-06-23T12:50:44.237+0200] {logging_mixin.py:137} INFO - [2025-06-23T12:50:44.237+0200] {dag.py:2690} INFO - Sync 1 DAGs
[2025-06-23T12:50:44.258+0200] {logging_mixin.py:137} INFO - [2025-06-23T12:50:44.258+0200] {dag.py:3437} INFO - Setting next_dagrun for example_complex to None, run_after=None
[2025-06-23T12:50:44.317+0200] {processor.py:175} INFO - Processing /home/monica.fernandez/practica_creativa/venv-airflow/lib/python3.11/site-packages/airflow/example_dags/example_complex.py took 0.127 seconds
[2025-06-23T12:51:46.288+0200] {processor.py:153} INFO - Started process (PID=34559) to work on /home/monica.fernandez/practica_creativa/venv-airflow/lib/python3.11/site-packages/airflow/example_dags/example_complex.py
[2025-06-23T12:51:46.289+0200] {processor.py:743} INFO - Processing file /home/monica.fernandez/practica_creativa/venv-airflow/lib/python3.11/site-packages/airflow/example_dags/example_complex.py for tasks to queue
[2025-06-23T12:51:46.289+0200] {logging_mixin.py:137} INFO - [2025-06-23T12:51:46.289+0200] {dagbag.py:538} INFO - Filling up the DagBag from /home/monica.fernandez/practica_creativa/venv-airflow/lib/python3.11/site-packages/airflow/example_dags/example_complex.py
[2025-06-23T12:51:46.300+0200] {logging_mixin.py:137} INFO - [2025-06-23T12:51:46.300+0200] {taskmixin.py:205} WARNING - Dependency <Task(BashOperator): create_entry_group>, delete_entry_group already registered for DAG: example_complex
[2025-06-23T12:51:46.300+0200] {logging_mixin.py:137} INFO - [2025-06-23T12:51:46.300+0200] {taskmixin.py:205} WARNING - Dependency <Task(BashOperator): delete_entry_group>, create_entry_group already registered for DAG: example_complex
[2025-06-23T12:51:46.300+0200] {logging_mixin.py:137} INFO - [2025-06-23T12:51:46.300+0200] {taskmixin.py:205} WARNING - Dependency <Task(BashOperator): create_entry_gcs>, delete_entry already registered for DAG: example_complex
[2025-06-23T12:51:46.300+0200] {logging_mixin.py:137} INFO - [2025-06-23T12:51:46.300+0200] {taskmixin.py:205} WARNING - Dependency <Task(BashOperator): delete_entry>, create_entry_gcs already registered for DAG: example_complex
[2025-06-23T12:51:46.300+0200] {logging_mixin.py:137} INFO - [2025-06-23T12:51:46.300+0200] {taskmixin.py:205} WARNING - Dependency <Task(BashOperator): create_tag>, delete_tag already registered for DAG: example_complex
[2025-06-23T12:51:46.301+0200] {logging_mixin.py:137} INFO - [2025-06-23T12:51:46.301+0200] {taskmixin.py:205} WARNING - Dependency <Task(BashOperator): delete_tag>, create_tag already registered for DAG: example_complex
[2025-06-23T12:51:46.302+0200] {processor.py:753} INFO - DAG(s) dict_keys(['example_complex']) retrieved from /home/monica.fernandez/practica_creativa/venv-airflow/lib/python3.11/site-packages/airflow/example_dags/example_complex.py
[2025-06-23T12:51:46.332+0200] {logging_mixin.py:137} INFO - [2025-06-23T12:51:46.332+0200] {dag.py:2690} INFO - Sync 1 DAGs
[2025-06-23T12:51:46.353+0200] {logging_mixin.py:137} INFO - [2025-06-23T12:51:46.353+0200] {dag.py:3437} INFO - Setting next_dagrun for example_complex to None, run_after=None
[2025-06-23T12:51:46.405+0200] {processor.py:175} INFO - Processing /home/monica.fernandez/practica_creativa/venv-airflow/lib/python3.11/site-packages/airflow/example_dags/example_complex.py took 0.119 seconds
