[2025-06-23T12:43:17.041+0200] {processor.py:153} INFO - Started process (PID=27612) to work on /home/monica.fernandez/practica_creativa/venv-airflow/lib/python3.11/site-packages/airflow/example_dags/tutorial_dag.py
[2025-06-23T12:43:17.042+0200] {processor.py:743} INFO - Processing file /home/monica.fernandez/practica_creativa/venv-airflow/lib/python3.11/site-packages/airflow/example_dags/tutorial_dag.py for tasks to queue
[2025-06-23T12:43:17.043+0200] {logging_mixin.py:137} INFO - [2025-06-23T12:43:17.043+0200] {dagbag.py:538} INFO - Filling up the DagBag from /home/monica.fernandez/practica_creativa/venv-airflow/lib/python3.11/site-packages/airflow/example_dags/tutorial_dag.py
[2025-06-23T12:43:17.080+0200] {processor.py:753} INFO - DAG(s) dict_keys(['tutorial_dag']) retrieved from /home/monica.fernandez/practica_creativa/venv-airflow/lib/python3.11/site-packages/airflow/example_dags/tutorial_dag.py
[2025-06-23T12:43:17.129+0200] {logging_mixin.py:137} INFO - [2025-06-23T12:43:17.129+0200] {dag.py:2690} INFO - Sync 1 DAGs
[2025-06-23T12:43:17.171+0200] {logging_mixin.py:137} INFO - [2025-06-23T12:43:17.171+0200] {dag.py:3437} INFO - Setting next_dagrun for tutorial_dag to None, run_after=None
[2025-06-23T12:43:17.241+0200] {processor.py:175} INFO - Processing /home/monica.fernandez/practica_creativa/venv-airflow/lib/python3.11/site-packages/airflow/example_dags/tutorial_dag.py took 0.204 seconds
[2025-06-23T12:47:30.535+0200] {processor.py:153} INFO - Started process (PID=31139) to work on /home/monica.fernandez/practica_creativa/venv-airflow/lib/python3.11/site-packages/airflow/example_dags/tutorial_dag.py
[2025-06-23T12:47:30.536+0200] {processor.py:743} INFO - Processing file /home/monica.fernandez/practica_creativa/venv-airflow/lib/python3.11/site-packages/airflow/example_dags/tutorial_dag.py for tasks to queue
[2025-06-23T12:47:30.536+0200] {logging_mixin.py:137} INFO - [2025-06-23T12:47:30.536+0200] {dagbag.py:538} INFO - Filling up the DagBag from /home/monica.fernandez/practica_creativa/venv-airflow/lib/python3.11/site-packages/airflow/example_dags/tutorial_dag.py
[2025-06-23T12:47:30.543+0200] {processor.py:753} INFO - DAG(s) dict_keys(['tutorial_dag']) retrieved from /home/monica.fernandez/practica_creativa/venv-airflow/lib/python3.11/site-packages/airflow/example_dags/tutorial_dag.py
[2025-06-23T12:47:30.574+0200] {logging_mixin.py:137} INFO - [2025-06-23T12:47:30.574+0200] {dag.py:2690} INFO - Sync 1 DAGs
[2025-06-23T12:47:30.597+0200] {logging_mixin.py:137} INFO - [2025-06-23T12:47:30.596+0200] {dag.py:3437} INFO - Setting next_dagrun for tutorial_dag to None, run_after=None
[2025-06-23T12:47:30.656+0200] {processor.py:175} INFO - Processing /home/monica.fernandez/practica_creativa/venv-airflow/lib/python3.11/site-packages/airflow/example_dags/tutorial_dag.py took 0.125 seconds
[2025-06-23T12:48:16.665+0200] {processor.py:153} INFO - Started process (PID=31618) to work on /home/monica.fernandez/practica_creativa/venv-airflow/lib/python3.11/site-packages/airflow/example_dags/tutorial_dag.py
[2025-06-23T12:48:16.667+0200] {processor.py:743} INFO - Processing file /home/monica.fernandez/practica_creativa/venv-airflow/lib/python3.11/site-packages/airflow/example_dags/tutorial_dag.py for tasks to queue
[2025-06-23T12:48:16.667+0200] {logging_mixin.py:137} INFO - [2025-06-23T12:48:16.667+0200] {dagbag.py:538} INFO - Filling up the DagBag from /home/monica.fernandez/practica_creativa/venv-airflow/lib/python3.11/site-packages/airflow/example_dags/tutorial_dag.py
[2025-06-23T12:48:16.680+0200] {processor.py:753} INFO - DAG(s) dict_keys(['tutorial_dag']) retrieved from /home/monica.fernandez/practica_creativa/venv-airflow/lib/python3.11/site-packages/airflow/example_dags/tutorial_dag.py
[2025-06-23T12:48:16.723+0200] {logging_mixin.py:137} INFO - [2025-06-23T12:48:16.723+0200] {dag.py:2690} INFO - Sync 1 DAGs
[2025-06-23T12:48:16.760+0200] {logging_mixin.py:137} INFO - [2025-06-23T12:48:16.760+0200] {dag.py:3437} INFO - Setting next_dagrun for tutorial_dag to None, run_after=None
[2025-06-23T12:48:16.834+0200] {processor.py:175} INFO - Processing /home/monica.fernandez/practica_creativa/venv-airflow/lib/python3.11/site-packages/airflow/example_dags/tutorial_dag.py took 0.173 seconds
[2025-06-23T12:49:04.368+0200] {processor.py:153} INFO - Started process (PID=32051) to work on /home/monica.fernandez/practica_creativa/venv-airflow/lib/python3.11/site-packages/airflow/example_dags/tutorial_dag.py
[2025-06-23T12:49:04.369+0200] {processor.py:743} INFO - Processing file /home/monica.fernandez/practica_creativa/venv-airflow/lib/python3.11/site-packages/airflow/example_dags/tutorial_dag.py for tasks to queue
[2025-06-23T12:49:04.370+0200] {logging_mixin.py:137} INFO - [2025-06-23T12:49:04.370+0200] {dagbag.py:538} INFO - Filling up the DagBag from /home/monica.fernandez/practica_creativa/venv-airflow/lib/python3.11/site-packages/airflow/example_dags/tutorial_dag.py
[2025-06-23T12:49:04.382+0200] {processor.py:753} INFO - DAG(s) dict_keys(['tutorial_dag']) retrieved from /home/monica.fernandez/practica_creativa/venv-airflow/lib/python3.11/site-packages/airflow/example_dags/tutorial_dag.py
[2025-06-23T12:49:04.427+0200] {logging_mixin.py:137} INFO - [2025-06-23T12:49:04.427+0200] {dag.py:2690} INFO - Sync 1 DAGs
[2025-06-23T12:49:04.463+0200] {logging_mixin.py:137} INFO - [2025-06-23T12:49:04.463+0200] {dag.py:3437} INFO - Setting next_dagrun for tutorial_dag to None, run_after=None
[2025-06-23T12:49:04.533+0200] {processor.py:175} INFO - Processing /home/monica.fernandez/practica_creativa/venv-airflow/lib/python3.11/site-packages/airflow/example_dags/tutorial_dag.py took 0.170 seconds
[2025-06-23T12:49:42.814+0200] {processor.py:153} INFO - Started process (PID=32690) to work on /home/monica.fernandez/practica_creativa/venv-airflow/lib/python3.11/site-packages/airflow/example_dags/tutorial_dag.py
[2025-06-23T12:49:42.815+0200] {processor.py:743} INFO - Processing file /home/monica.fernandez/practica_creativa/venv-airflow/lib/python3.11/site-packages/airflow/example_dags/tutorial_dag.py for tasks to queue
[2025-06-23T12:49:42.816+0200] {logging_mixin.py:137} INFO - [2025-06-23T12:49:42.815+0200] {dagbag.py:538} INFO - Filling up the DagBag from /home/monica.fernandez/practica_creativa/venv-airflow/lib/python3.11/site-packages/airflow/example_dags/tutorial_dag.py
[2025-06-23T12:49:42.823+0200] {processor.py:753} INFO - DAG(s) dict_keys(['tutorial_dag']) retrieved from /home/monica.fernandez/practica_creativa/venv-airflow/lib/python3.11/site-packages/airflow/example_dags/tutorial_dag.py
[2025-06-23T12:49:42.857+0200] {logging_mixin.py:137} INFO - [2025-06-23T12:49:42.857+0200] {dag.py:2690} INFO - Sync 1 DAGs
[2025-06-23T12:49:42.894+0200] {logging_mixin.py:137} INFO - [2025-06-23T12:49:42.894+0200] {dag.py:3437} INFO - Setting next_dagrun for tutorial_dag to None, run_after=None
[2025-06-23T12:49:42.967+0200] {processor.py:175} INFO - Processing /home/monica.fernandez/practica_creativa/venv-airflow/lib/python3.11/site-packages/airflow/example_dags/tutorial_dag.py took 0.156 seconds
[2025-06-23T12:50:17.599+0200] {processor.py:153} INFO - Started process (PID=32971) to work on /home/monica.fernandez/practica_creativa/venv-airflow/lib/python3.11/site-packages/airflow/example_dags/tutorial_dag.py
[2025-06-23T12:50:17.600+0200] {processor.py:743} INFO - Processing file /home/monica.fernandez/practica_creativa/venv-airflow/lib/python3.11/site-packages/airflow/example_dags/tutorial_dag.py for tasks to queue
[2025-06-23T12:50:17.600+0200] {logging_mixin.py:137} INFO - [2025-06-23T12:50:17.600+0200] {dagbag.py:538} INFO - Filling up the DagBag from /home/monica.fernandez/practica_creativa/venv-airflow/lib/python3.11/site-packages/airflow/example_dags/tutorial_dag.py
[2025-06-23T12:50:17.610+0200] {processor.py:753} INFO - DAG(s) dict_keys(['tutorial_dag']) retrieved from /home/monica.fernandez/practica_creativa/venv-airflow/lib/python3.11/site-packages/airflow/example_dags/tutorial_dag.py
[2025-06-23T12:50:17.654+0200] {logging_mixin.py:137} INFO - [2025-06-23T12:50:17.654+0200] {dag.py:2690} INFO - Sync 1 DAGs
[2025-06-23T12:50:17.682+0200] {logging_mixin.py:137} INFO - [2025-06-23T12:50:17.682+0200] {dag.py:3437} INFO - Setting next_dagrun for tutorial_dag to None, run_after=None
[2025-06-23T12:50:17.753+0200] {processor.py:175} INFO - Processing /home/monica.fernandez/practica_creativa/venv-airflow/lib/python3.11/site-packages/airflow/example_dags/tutorial_dag.py took 0.158 seconds
[2025-06-23T12:50:54.930+0200] {processor.py:153} INFO - Started process (PID=33333) to work on /home/monica.fernandez/practica_creativa/venv-airflow/lib/python3.11/site-packages/airflow/example_dags/tutorial_dag.py
[2025-06-23T12:50:54.931+0200] {processor.py:743} INFO - Processing file /home/monica.fernandez/practica_creativa/venv-airflow/lib/python3.11/site-packages/airflow/example_dags/tutorial_dag.py for tasks to queue
[2025-06-23T12:50:54.931+0200] {logging_mixin.py:137} INFO - [2025-06-23T12:50:54.931+0200] {dagbag.py:538} INFO - Filling up the DagBag from /home/monica.fernandez/practica_creativa/venv-airflow/lib/python3.11/site-packages/airflow/example_dags/tutorial_dag.py
[2025-06-23T12:50:54.938+0200] {processor.py:753} INFO - DAG(s) dict_keys(['tutorial_dag']) retrieved from /home/monica.fernandez/practica_creativa/venv-airflow/lib/python3.11/site-packages/airflow/example_dags/tutorial_dag.py
[2025-06-23T12:50:54.967+0200] {logging_mixin.py:137} INFO - [2025-06-23T12:50:54.967+0200] {dag.py:2690} INFO - Sync 1 DAGs
[2025-06-23T12:50:54.999+0200] {logging_mixin.py:137} INFO - [2025-06-23T12:50:54.999+0200] {dag.py:3437} INFO - Setting next_dagrun for tutorial_dag to None, run_after=None
[2025-06-23T12:50:55.086+0200] {processor.py:175} INFO - Processing /home/monica.fernandez/practica_creativa/venv-airflow/lib/python3.11/site-packages/airflow/example_dags/tutorial_dag.py took 0.158 seconds
[2025-06-23T12:51:35.620+0200] {processor.py:153} INFO - Started process (PID=34512) to work on /home/monica.fernandez/practica_creativa/venv-airflow/lib/python3.11/site-packages/airflow/example_dags/tutorial_dag.py
[2025-06-23T12:51:35.621+0200] {processor.py:743} INFO - Processing file /home/monica.fernandez/practica_creativa/venv-airflow/lib/python3.11/site-packages/airflow/example_dags/tutorial_dag.py for tasks to queue
[2025-06-23T12:51:35.621+0200] {logging_mixin.py:137} INFO - [2025-06-23T12:51:35.621+0200] {dagbag.py:538} INFO - Filling up the DagBag from /home/monica.fernandez/practica_creativa/venv-airflow/lib/python3.11/site-packages/airflow/example_dags/tutorial_dag.py
[2025-06-23T12:51:35.627+0200] {processor.py:753} INFO - DAG(s) dict_keys(['tutorial_dag']) retrieved from /home/monica.fernandez/practica_creativa/venv-airflow/lib/python3.11/site-packages/airflow/example_dags/tutorial_dag.py
[2025-06-23T12:51:35.651+0200] {logging_mixin.py:137} INFO - [2025-06-23T12:51:35.651+0200] {dag.py:2690} INFO - Sync 1 DAGs
[2025-06-23T12:51:35.671+0200] {logging_mixin.py:137} INFO - [2025-06-23T12:51:35.670+0200] {dag.py:3437} INFO - Setting next_dagrun for tutorial_dag to None, run_after=None
[2025-06-23T12:51:35.718+0200] {processor.py:175} INFO - Processing /home/monica.fernandez/practica_creativa/venv-airflow/lib/python3.11/site-packages/airflow/example_dags/tutorial_dag.py took 0.100 seconds
