[2025-06-16T18:28:11.835+0200] {processor.py:153} INFO - Started process (PID=204529) to work on /home/monica.fernandez/practica_creativa/venv-airflow/lib/python3.11/site-packages/airflow/example_dags/example_dag_decorator.py
[2025-06-16T18:28:11.837+0200] {processor.py:743} INFO - Processing file /home/monica.fernandez/practica_creativa/venv-airflow/lib/python3.11/site-packages/airflow/example_dags/example_dag_decorator.py for tasks to queue
[2025-06-16T18:28:11.839+0200] {logging_mixin.py:137} INFO - [2025-06-16T18:28:11.838+0200] {dagbag.py:538} INFO - Filling up the DagBag from /home/monica.fernandez/practica_creativa/venv-airflow/lib/python3.11/site-packages/airflow/example_dags/example_dag_decorator.py
[2025-06-16T18:28:11.874+0200] {logging_mixin.py:137} INFO - [2025-06-16T18:28:11.874+0200] {taskmixin.py:205} WARNING - Dependency <Task(_PythonDecoratedOperator): prepare_email>, send_email already registered for DAG: example_dag_decorator
[2025-06-16T18:28:11.874+0200] {logging_mixin.py:137} INFO - [2025-06-16T18:28:11.874+0200] {taskmixin.py:205} WARNING - Dependency <Task(EmailOperator): send_email>, prepare_email already registered for DAG: example_dag_decorator
[2025-06-16T18:28:11.889+0200] {processor.py:753} INFO - DAG(s) dict_keys(['example_dag_decorator']) retrieved from /home/monica.fernandez/practica_creativa/venv-airflow/lib/python3.11/site-packages/airflow/example_dags/example_dag_decorator.py
[2025-06-16T18:28:12.031+0200] {logging_mixin.py:137} INFO - [2025-06-16T18:28:12.031+0200] {manager.py:504} INFO - Created Permission View: can read on DAG:example_dag_decorator
[2025-06-16T18:28:12.055+0200] {logging_mixin.py:137} INFO - [2025-06-16T18:28:12.055+0200] {manager.py:504} INFO - Created Permission View: can delete on DAG:example_dag_decorator
[2025-06-16T18:28:12.079+0200] {logging_mixin.py:137} INFO - [2025-06-16T18:28:12.079+0200] {manager.py:504} INFO - Created Permission View: can edit on DAG:example_dag_decorator
[2025-06-16T18:28:12.079+0200] {logging_mixin.py:137} INFO - [2025-06-16T18:28:12.079+0200] {dag.py:2690} INFO - Sync 1 DAGs
[2025-06-16T18:28:12.093+0200] {logging_mixin.py:137} INFO - [2025-06-16T18:28:12.092+0200] {dag.py:2711} INFO - Creating ORM DAG for example_dag_decorator
[2025-06-16T18:28:12.103+0200] {logging_mixin.py:137} INFO - [2025-06-16T18:28:12.103+0200] {dag.py:3437} INFO - Setting next_dagrun for example_dag_decorator to None, run_after=None
[2025-06-16T18:28:12.154+0200] {processor.py:175} INFO - Processing /home/monica.fernandez/practica_creativa/venv-airflow/lib/python3.11/site-packages/airflow/example_dags/example_dag_decorator.py took 0.330 seconds
[2025-06-16T18:29:33.727+0200] {processor.py:153} INFO - Started process (PID=205321) to work on /home/monica.fernandez/practica_creativa/venv-airflow/lib/python3.11/site-packages/airflow/example_dags/example_dag_decorator.py
[2025-06-16T18:29:33.729+0200] {processor.py:743} INFO - Processing file /home/monica.fernandez/practica_creativa/venv-airflow/lib/python3.11/site-packages/airflow/example_dags/example_dag_decorator.py for tasks to queue
[2025-06-16T18:29:33.731+0200] {logging_mixin.py:137} INFO - [2025-06-16T18:29:33.730+0200] {dagbag.py:538} INFO - Filling up the DagBag from /home/monica.fernandez/practica_creativa/venv-airflow/lib/python3.11/site-packages/airflow/example_dags/example_dag_decorator.py
[2025-06-16T18:29:33.776+0200] {logging_mixin.py:137} INFO - [2025-06-16T18:29:33.776+0200] {taskmixin.py:205} WARNING - Dependency <Task(_PythonDecoratedOperator): prepare_email>, send_email already registered for DAG: example_dag_decorator
[2025-06-16T18:29:33.776+0200] {logging_mixin.py:137} INFO - [2025-06-16T18:29:33.776+0200] {taskmixin.py:205} WARNING - Dependency <Task(EmailOperator): send_email>, prepare_email already registered for DAG: example_dag_decorator
[2025-06-16T18:29:33.794+0200] {processor.py:753} INFO - DAG(s) dict_keys(['example_dag_decorator']) retrieved from /home/monica.fernandez/practica_creativa/venv-airflow/lib/python3.11/site-packages/airflow/example_dags/example_dag_decorator.py
[2025-06-16T18:29:33.864+0200] {logging_mixin.py:137} INFO - [2025-06-16T18:29:33.864+0200] {dag.py:2690} INFO - Sync 1 DAGs
[2025-06-16T18:29:33.888+0200] {logging_mixin.py:137} INFO - [2025-06-16T18:29:33.888+0200] {dag.py:3437} INFO - Setting next_dagrun for example_dag_decorator to None, run_after=None
[2025-06-16T18:29:33.943+0200] {processor.py:175} INFO - Processing /home/monica.fernandez/practica_creativa/venv-airflow/lib/python3.11/site-packages/airflow/example_dags/example_dag_decorator.py took 0.224 seconds
[2025-06-16T18:34:57.068+0200] {processor.py:153} INFO - Started process (PID=208282) to work on /home/monica.fernandez/practica_creativa/venv-airflow/lib/python3.11/site-packages/airflow/example_dags/example_dag_decorator.py
[2025-06-16T18:34:57.069+0200] {processor.py:743} INFO - Processing file /home/monica.fernandez/practica_creativa/venv-airflow/lib/python3.11/site-packages/airflow/example_dags/example_dag_decorator.py for tasks to queue
[2025-06-16T18:34:57.070+0200] {logging_mixin.py:137} INFO - [2025-06-16T18:34:57.069+0200] {dagbag.py:538} INFO - Filling up the DagBag from /home/monica.fernandez/practica_creativa/venv-airflow/lib/python3.11/site-packages/airflow/example_dags/example_dag_decorator.py
[2025-06-16T18:34:57.108+0200] {logging_mixin.py:137} INFO - [2025-06-16T18:34:57.108+0200] {taskmixin.py:205} WARNING - Dependency <Task(_PythonDecoratedOperator): prepare_email>, send_email already registered for DAG: example_dag_decorator
[2025-06-16T18:34:57.108+0200] {logging_mixin.py:137} INFO - [2025-06-16T18:34:57.108+0200] {taskmixin.py:205} WARNING - Dependency <Task(EmailOperator): send_email>, prepare_email already registered for DAG: example_dag_decorator
[2025-06-16T18:34:57.137+0200] {processor.py:753} INFO - DAG(s) dict_keys(['example_dag_decorator']) retrieved from /home/monica.fernandez/practica_creativa/venv-airflow/lib/python3.11/site-packages/airflow/example_dags/example_dag_decorator.py
[2025-06-16T18:34:57.417+0200] {logging_mixin.py:137} INFO - [2025-06-16T18:34:57.417+0200] {manager.py:504} INFO - Created Permission View: can edit on DAG:example_dag_decorator
[2025-06-16T18:34:57.452+0200] {logging_mixin.py:137} INFO - [2025-06-16T18:34:57.452+0200] {manager.py:504} INFO - Created Permission View: can delete on DAG:example_dag_decorator
[2025-06-16T18:34:57.485+0200] {logging_mixin.py:137} INFO - [2025-06-16T18:34:57.484+0200] {manager.py:504} INFO - Created Permission View: can read on DAG:example_dag_decorator
[2025-06-16T18:34:57.485+0200] {logging_mixin.py:137} INFO - [2025-06-16T18:34:57.485+0200] {dag.py:2690} INFO - Sync 1 DAGs
[2025-06-16T18:34:57.512+0200] {logging_mixin.py:137} INFO - [2025-06-16T18:34:57.512+0200] {dag.py:2711} INFO - Creating ORM DAG for example_dag_decorator
[2025-06-16T18:34:57.524+0200] {logging_mixin.py:137} INFO - [2025-06-16T18:34:57.524+0200] {dag.py:3437} INFO - Setting next_dagrun for example_dag_decorator to None, run_after=None
[2025-06-16T18:34:57.589+0200] {processor.py:175} INFO - Processing /home/monica.fernandez/practica_creativa/venv-airflow/lib/python3.11/site-packages/airflow/example_dags/example_dag_decorator.py took 0.523 seconds
[2025-06-16T18:36:04.953+0200] {processor.py:153} INFO - Started process (PID=208833) to work on /home/monica.fernandez/practica_creativa/venv-airflow/lib/python3.11/site-packages/airflow/example_dags/example_dag_decorator.py
[2025-06-16T18:36:04.954+0200] {processor.py:743} INFO - Processing file /home/monica.fernandez/practica_creativa/venv-airflow/lib/python3.11/site-packages/airflow/example_dags/example_dag_decorator.py for tasks to queue
[2025-06-16T18:36:04.954+0200] {logging_mixin.py:137} INFO - [2025-06-16T18:36:04.954+0200] {dagbag.py:538} INFO - Filling up the DagBag from /home/monica.fernandez/practica_creativa/venv-airflow/lib/python3.11/site-packages/airflow/example_dags/example_dag_decorator.py
[2025-06-16T18:36:04.976+0200] {logging_mixin.py:137} INFO - [2025-06-16T18:36:04.976+0200] {taskmixin.py:205} WARNING - Dependency <Task(_PythonDecoratedOperator): prepare_email>, send_email already registered for DAG: example_dag_decorator
[2025-06-16T18:36:04.976+0200] {logging_mixin.py:137} INFO - [2025-06-16T18:36:04.976+0200] {taskmixin.py:205} WARNING - Dependency <Task(EmailOperator): send_email>, prepare_email already registered for DAG: example_dag_decorator
[2025-06-16T18:36:04.994+0200] {processor.py:753} INFO - DAG(s) dict_keys(['example_dag_decorator']) retrieved from /home/monica.fernandez/practica_creativa/venv-airflow/lib/python3.11/site-packages/airflow/example_dags/example_dag_decorator.py
[2025-06-16T18:36:05.054+0200] {logging_mixin.py:137} INFO - [2025-06-16T18:36:05.054+0200] {dag.py:2690} INFO - Sync 1 DAGs
[2025-06-16T18:36:05.086+0200] {logging_mixin.py:137} INFO - [2025-06-16T18:36:05.085+0200] {dag.py:3437} INFO - Setting next_dagrun for example_dag_decorator to None, run_after=None
[2025-06-16T18:36:05.144+0200] {processor.py:175} INFO - Processing /home/monica.fernandez/practica_creativa/venv-airflow/lib/python3.11/site-packages/airflow/example_dags/example_dag_decorator.py took 0.194 seconds
[2025-06-16T18:36:55.859+0200] {processor.py:153} INFO - Started process (PID=209317) to work on /home/monica.fernandez/practica_creativa/venv-airflow/lib/python3.11/site-packages/airflow/example_dags/example_dag_decorator.py
[2025-06-16T18:36:55.861+0200] {processor.py:743} INFO - Processing file /home/monica.fernandez/practica_creativa/venv-airflow/lib/python3.11/site-packages/airflow/example_dags/example_dag_decorator.py for tasks to queue
[2025-06-16T18:36:55.862+0200] {logging_mixin.py:137} INFO - [2025-06-16T18:36:55.862+0200] {dagbag.py:538} INFO - Filling up the DagBag from /home/monica.fernandez/practica_creativa/venv-airflow/lib/python3.11/site-packages/airflow/example_dags/example_dag_decorator.py
[2025-06-16T18:36:55.915+0200] {logging_mixin.py:137} INFO - [2025-06-16T18:36:55.915+0200] {taskmixin.py:205} WARNING - Dependency <Task(_PythonDecoratedOperator): prepare_email>, send_email already registered for DAG: example_dag_decorator
[2025-06-16T18:36:55.916+0200] {logging_mixin.py:137} INFO - [2025-06-16T18:36:55.916+0200] {taskmixin.py:205} WARNING - Dependency <Task(EmailOperator): send_email>, prepare_email already registered for DAG: example_dag_decorator
[2025-06-16T18:36:55.941+0200] {processor.py:753} INFO - DAG(s) dict_keys(['example_dag_decorator']) retrieved from /home/monica.fernandez/practica_creativa/venv-airflow/lib/python3.11/site-packages/airflow/example_dags/example_dag_decorator.py
[2025-06-16T18:36:56.057+0200] {logging_mixin.py:137} INFO - [2025-06-16T18:36:56.056+0200] {dag.py:2690} INFO - Sync 1 DAGs
[2025-06-16T18:36:56.102+0200] {logging_mixin.py:137} INFO - [2025-06-16T18:36:56.102+0200] {dag.py:3437} INFO - Setting next_dagrun for example_dag_decorator to None, run_after=None
[2025-06-16T18:36:56.182+0200] {processor.py:175} INFO - Processing /home/monica.fernandez/practica_creativa/venv-airflow/lib/python3.11/site-packages/airflow/example_dags/example_dag_decorator.py took 0.332 seconds
[2025-06-16T18:38:00.421+0200] {processor.py:153} INFO - Started process (PID=209879) to work on /home/monica.fernandez/practica_creativa/venv-airflow/lib/python3.11/site-packages/airflow/example_dags/example_dag_decorator.py
[2025-06-16T18:38:00.421+0200] {processor.py:743} INFO - Processing file /home/monica.fernandez/practica_creativa/venv-airflow/lib/python3.11/site-packages/airflow/example_dags/example_dag_decorator.py for tasks to queue
[2025-06-16T18:38:00.422+0200] {logging_mixin.py:137} INFO - [2025-06-16T18:38:00.422+0200] {dagbag.py:538} INFO - Filling up the DagBag from /home/monica.fernandez/practica_creativa/venv-airflow/lib/python3.11/site-packages/airflow/example_dags/example_dag_decorator.py
[2025-06-16T18:38:00.445+0200] {logging_mixin.py:137} INFO - [2025-06-16T18:38:00.445+0200] {taskmixin.py:205} WARNING - Dependency <Task(_PythonDecoratedOperator): prepare_email>, send_email already registered for DAG: example_dag_decorator
[2025-06-16T18:38:00.445+0200] {logging_mixin.py:137} INFO - [2025-06-16T18:38:00.445+0200] {taskmixin.py:205} WARNING - Dependency <Task(EmailOperator): send_email>, prepare_email already registered for DAG: example_dag_decorator
[2025-06-16T18:38:00.459+0200] {processor.py:753} INFO - DAG(s) dict_keys(['example_dag_decorator']) retrieved from /home/monica.fernandez/practica_creativa/venv-airflow/lib/python3.11/site-packages/airflow/example_dags/example_dag_decorator.py
[2025-06-16T18:38:00.517+0200] {logging_mixin.py:137} INFO - [2025-06-16T18:38:00.517+0200] {dag.py:2690} INFO - Sync 1 DAGs
[2025-06-16T18:38:00.538+0200] {logging_mixin.py:137} INFO - [2025-06-16T18:38:00.538+0200] {dag.py:3437} INFO - Setting next_dagrun for example_dag_decorator to None, run_after=None
[2025-06-16T18:38:00.587+0200] {processor.py:175} INFO - Processing /home/monica.fernandez/practica_creativa/venv-airflow/lib/python3.11/site-packages/airflow/example_dags/example_dag_decorator.py took 0.169 seconds
[2025-06-16T18:39:02.216+0200] {processor.py:153} INFO - Started process (PID=210704) to work on /home/monica.fernandez/practica_creativa/venv-airflow/lib/python3.11/site-packages/airflow/example_dags/example_dag_decorator.py
[2025-06-16T18:39:02.219+0200] {processor.py:743} INFO - Processing file /home/monica.fernandez/practica_creativa/venv-airflow/lib/python3.11/site-packages/airflow/example_dags/example_dag_decorator.py for tasks to queue
[2025-06-16T18:39:02.220+0200] {logging_mixin.py:137} INFO - [2025-06-16T18:39:02.220+0200] {dagbag.py:538} INFO - Filling up the DagBag from /home/monica.fernandez/practica_creativa/venv-airflow/lib/python3.11/site-packages/airflow/example_dags/example_dag_decorator.py
[2025-06-16T18:39:02.259+0200] {logging_mixin.py:137} INFO - [2025-06-16T18:39:02.259+0200] {taskmixin.py:205} WARNING - Dependency <Task(_PythonDecoratedOperator): prepare_email>, send_email already registered for DAG: example_dag_decorator
[2025-06-16T18:39:02.259+0200] {logging_mixin.py:137} INFO - [2025-06-16T18:39:02.259+0200] {taskmixin.py:205} WARNING - Dependency <Task(EmailOperator): send_email>, prepare_email already registered for DAG: example_dag_decorator
[2025-06-16T18:39:02.273+0200] {processor.py:753} INFO - DAG(s) dict_keys(['example_dag_decorator']) retrieved from /home/monica.fernandez/practica_creativa/venv-airflow/lib/python3.11/site-packages/airflow/example_dags/example_dag_decorator.py
[2025-06-16T18:39:02.326+0200] {logging_mixin.py:137} INFO - [2025-06-16T18:39:02.326+0200] {dag.py:2690} INFO - Sync 1 DAGs
[2025-06-16T18:39:02.346+0200] {logging_mixin.py:137} INFO - [2025-06-16T18:39:02.346+0200] {dag.py:3437} INFO - Setting next_dagrun for example_dag_decorator to None, run_after=None
[2025-06-16T18:39:02.389+0200] {processor.py:175} INFO - Processing /home/monica.fernandez/practica_creativa/venv-airflow/lib/python3.11/site-packages/airflow/example_dags/example_dag_decorator.py took 0.181 seconds
[2025-06-16T18:43:06.796+0200] {processor.py:153} INFO - Started process (PID=213426) to work on /home/monica.fernandez/practica_creativa/venv-airflow/lib/python3.11/site-packages/airflow/example_dags/example_dag_decorator.py
[2025-06-16T18:43:06.797+0200] {processor.py:743} INFO - Processing file /home/monica.fernandez/practica_creativa/venv-airflow/lib/python3.11/site-packages/airflow/example_dags/example_dag_decorator.py for tasks to queue
[2025-06-16T18:43:06.798+0200] {logging_mixin.py:137} INFO - [2025-06-16T18:43:06.797+0200] {dagbag.py:538} INFO - Filling up the DagBag from /home/monica.fernandez/practica_creativa/venv-airflow/lib/python3.11/site-packages/airflow/example_dags/example_dag_decorator.py
[2025-06-16T18:43:06.826+0200] {logging_mixin.py:137} INFO - [2025-06-16T18:43:06.826+0200] {taskmixin.py:205} WARNING - Dependency <Task(_PythonDecoratedOperator): prepare_email>, send_email already registered for DAG: example_dag_decorator
[2025-06-16T18:43:06.826+0200] {logging_mixin.py:137} INFO - [2025-06-16T18:43:06.826+0200] {taskmixin.py:205} WARNING - Dependency <Task(EmailOperator): send_email>, prepare_email already registered for DAG: example_dag_decorator
[2025-06-16T18:43:06.837+0200] {processor.py:753} INFO - DAG(s) dict_keys(['example_dag_decorator']) retrieved from /home/monica.fernandez/practica_creativa/venv-airflow/lib/python3.11/site-packages/airflow/example_dags/example_dag_decorator.py
[2025-06-16T18:43:06.931+0200] {logging_mixin.py:137} INFO - [2025-06-16T18:43:06.931+0200] {dag.py:2690} INFO - Sync 1 DAGs
[2025-06-16T18:43:06.961+0200] {logging_mixin.py:137} INFO - [2025-06-16T18:43:06.961+0200] {dag.py:3437} INFO - Setting next_dagrun for example_dag_decorator to None, run_after=None
[2025-06-16T18:43:07.032+0200] {processor.py:175} INFO - Processing /home/monica.fernandez/practica_creativa/venv-airflow/lib/python3.11/site-packages/airflow/example_dags/example_dag_decorator.py took 0.241 seconds
[2025-06-16T18:43:59.703+0200] {processor.py:153} INFO - Started process (PID=213895) to work on /home/monica.fernandez/practica_creativa/venv-airflow/lib/python3.11/site-packages/airflow/example_dags/example_dag_decorator.py
[2025-06-16T18:43:59.704+0200] {processor.py:743} INFO - Processing file /home/monica.fernandez/practica_creativa/venv-airflow/lib/python3.11/site-packages/airflow/example_dags/example_dag_decorator.py for tasks to queue
[2025-06-16T18:43:59.705+0200] {logging_mixin.py:137} INFO - [2025-06-16T18:43:59.704+0200] {dagbag.py:538} INFO - Filling up the DagBag from /home/monica.fernandez/practica_creativa/venv-airflow/lib/python3.11/site-packages/airflow/example_dags/example_dag_decorator.py
[2025-06-16T18:43:59.736+0200] {logging_mixin.py:137} INFO - [2025-06-16T18:43:59.735+0200] {taskmixin.py:205} WARNING - Dependency <Task(_PythonDecoratedOperator): prepare_email>, send_email already registered for DAG: example_dag_decorator
[2025-06-16T18:43:59.736+0200] {logging_mixin.py:137} INFO - [2025-06-16T18:43:59.736+0200] {taskmixin.py:205} WARNING - Dependency <Task(EmailOperator): send_email>, prepare_email already registered for DAG: example_dag_decorator
[2025-06-16T18:43:59.747+0200] {processor.py:753} INFO - DAG(s) dict_keys(['example_dag_decorator']) retrieved from /home/monica.fernandez/practica_creativa/venv-airflow/lib/python3.11/site-packages/airflow/example_dags/example_dag_decorator.py
[2025-06-16T18:43:59.833+0200] {logging_mixin.py:137} INFO - [2025-06-16T18:43:59.833+0200] {dag.py:2690} INFO - Sync 1 DAGs
[2025-06-16T18:43:59.866+0200] {logging_mixin.py:137} INFO - [2025-06-16T18:43:59.866+0200] {dag.py:3437} INFO - Setting next_dagrun for example_dag_decorator to None, run_after=None
[2025-06-16T18:43:59.920+0200] {processor.py:175} INFO - Processing /home/monica.fernandez/practica_creativa/venv-airflow/lib/python3.11/site-packages/airflow/example_dags/example_dag_decorator.py took 0.221 seconds
[2025-06-16T18:45:08.772+0200] {processor.py:153} INFO - Started process (PID=214460) to work on /home/monica.fernandez/practica_creativa/venv-airflow/lib/python3.11/site-packages/airflow/example_dags/example_dag_decorator.py
[2025-06-16T18:45:08.773+0200] {processor.py:743} INFO - Processing file /home/monica.fernandez/practica_creativa/venv-airflow/lib/python3.11/site-packages/airflow/example_dags/example_dag_decorator.py for tasks to queue
[2025-06-16T18:45:08.774+0200] {logging_mixin.py:137} INFO - [2025-06-16T18:45:08.774+0200] {dagbag.py:538} INFO - Filling up the DagBag from /home/monica.fernandez/practica_creativa/venv-airflow/lib/python3.11/site-packages/airflow/example_dags/example_dag_decorator.py
[2025-06-16T18:45:08.790+0200] {logging_mixin.py:137} INFO - [2025-06-16T18:45:08.790+0200] {taskmixin.py:205} WARNING - Dependency <Task(_PythonDecoratedOperator): prepare_email>, send_email already registered for DAG: example_dag_decorator
[2025-06-16T18:45:08.791+0200] {logging_mixin.py:137} INFO - [2025-06-16T18:45:08.790+0200] {taskmixin.py:205} WARNING - Dependency <Task(EmailOperator): send_email>, prepare_email already registered for DAG: example_dag_decorator
[2025-06-16T18:45:08.797+0200] {processor.py:753} INFO - DAG(s) dict_keys(['example_dag_decorator']) retrieved from /home/monica.fernandez/practica_creativa/venv-airflow/lib/python3.11/site-packages/airflow/example_dags/example_dag_decorator.py
[2025-06-16T18:45:08.867+0200] {logging_mixin.py:137} INFO - [2025-06-16T18:45:08.867+0200] {dag.py:2690} INFO - Sync 1 DAGs
[2025-06-16T18:45:08.890+0200] {logging_mixin.py:137} INFO - [2025-06-16T18:45:08.890+0200] {dag.py:3437} INFO - Setting next_dagrun for example_dag_decorator to None, run_after=None
[2025-06-16T18:45:08.939+0200] {processor.py:175} INFO - Processing /home/monica.fernandez/practica_creativa/venv-airflow/lib/python3.11/site-packages/airflow/example_dags/example_dag_decorator.py took 0.170 seconds
[2025-06-16T18:47:52.792+0200] {processor.py:153} INFO - Started process (PID=216280) to work on /home/monica.fernandez/practica_creativa/venv-airflow/lib/python3.11/site-packages/airflow/example_dags/example_dag_decorator.py
[2025-06-16T18:47:52.792+0200] {processor.py:743} INFO - Processing file /home/monica.fernandez/practica_creativa/venv-airflow/lib/python3.11/site-packages/airflow/example_dags/example_dag_decorator.py for tasks to queue
[2025-06-16T18:47:52.793+0200] {logging_mixin.py:137} INFO - [2025-06-16T18:47:52.793+0200] {dagbag.py:538} INFO - Filling up the DagBag from /home/monica.fernandez/practica_creativa/venv-airflow/lib/python3.11/site-packages/airflow/example_dags/example_dag_decorator.py
[2025-06-16T18:47:52.812+0200] {logging_mixin.py:137} INFO - [2025-06-16T18:47:52.811+0200] {taskmixin.py:205} WARNING - Dependency <Task(_PythonDecoratedOperator): prepare_email>, send_email already registered for DAG: example_dag_decorator
[2025-06-16T18:47:52.812+0200] {logging_mixin.py:137} INFO - [2025-06-16T18:47:52.812+0200] {taskmixin.py:205} WARNING - Dependency <Task(EmailOperator): send_email>, prepare_email already registered for DAG: example_dag_decorator
[2025-06-16T18:47:52.824+0200] {processor.py:753} INFO - DAG(s) dict_keys(['example_dag_decorator']) retrieved from /home/monica.fernandez/practica_creativa/venv-airflow/lib/python3.11/site-packages/airflow/example_dags/example_dag_decorator.py
[2025-06-16T18:47:52.881+0200] {logging_mixin.py:137} INFO - [2025-06-16T18:47:52.881+0200] {dag.py:2690} INFO - Sync 1 DAGs
[2025-06-16T18:47:52.903+0200] {logging_mixin.py:137} INFO - [2025-06-16T18:47:52.903+0200] {dag.py:3437} INFO - Setting next_dagrun for example_dag_decorator to None, run_after=None
[2025-06-16T18:47:52.962+0200] {processor.py:175} INFO - Processing /home/monica.fernandez/practica_creativa/venv-airflow/lib/python3.11/site-packages/airflow/example_dags/example_dag_decorator.py took 0.174 seconds
[2025-06-16T18:48:44.838+0200] {processor.py:153} INFO - Started process (PID=216756) to work on /home/monica.fernandez/practica_creativa/venv-airflow/lib/python3.11/site-packages/airflow/example_dags/example_dag_decorator.py
[2025-06-16T18:48:44.840+0200] {processor.py:743} INFO - Processing file /home/monica.fernandez/practica_creativa/venv-airflow/lib/python3.11/site-packages/airflow/example_dags/example_dag_decorator.py for tasks to queue
[2025-06-16T18:48:44.842+0200] {logging_mixin.py:137} INFO - [2025-06-16T18:48:44.841+0200] {dagbag.py:538} INFO - Filling up the DagBag from /home/monica.fernandez/practica_creativa/venv-airflow/lib/python3.11/site-packages/airflow/example_dags/example_dag_decorator.py
[2025-06-16T18:48:44.900+0200] {logging_mixin.py:137} INFO - [2025-06-16T18:48:44.900+0200] {taskmixin.py:205} WARNING - Dependency <Task(_PythonDecoratedOperator): prepare_email>, send_email already registered for DAG: example_dag_decorator
[2025-06-16T18:48:44.901+0200] {logging_mixin.py:137} INFO - [2025-06-16T18:48:44.901+0200] {taskmixin.py:205} WARNING - Dependency <Task(EmailOperator): send_email>, prepare_email already registered for DAG: example_dag_decorator
[2025-06-16T18:48:44.941+0200] {processor.py:753} INFO - DAG(s) dict_keys(['example_dag_decorator']) retrieved from /home/monica.fernandez/practica_creativa/venv-airflow/lib/python3.11/site-packages/airflow/example_dags/example_dag_decorator.py
[2025-06-16T18:48:45.042+0200] {logging_mixin.py:137} INFO - [2025-06-16T18:48:45.042+0200] {dag.py:2690} INFO - Sync 1 DAGs
[2025-06-16T18:48:45.063+0200] {logging_mixin.py:137} INFO - [2025-06-16T18:48:45.063+0200] {dag.py:3437} INFO - Setting next_dagrun for example_dag_decorator to None, run_after=None
[2025-06-16T18:48:45.110+0200] {processor.py:175} INFO - Processing /home/monica.fernandez/practica_creativa/venv-airflow/lib/python3.11/site-packages/airflow/example_dags/example_dag_decorator.py took 0.280 seconds
[2025-06-16T18:49:50.036+0200] {processor.py:153} INFO - Started process (PID=217297) to work on /home/monica.fernandez/practica_creativa/venv-airflow/lib/python3.11/site-packages/airflow/example_dags/example_dag_decorator.py
[2025-06-16T18:49:50.038+0200] {processor.py:743} INFO - Processing file /home/monica.fernandez/practica_creativa/venv-airflow/lib/python3.11/site-packages/airflow/example_dags/example_dag_decorator.py for tasks to queue
[2025-06-16T18:49:50.040+0200] {logging_mixin.py:137} INFO - [2025-06-16T18:49:50.040+0200] {dagbag.py:538} INFO - Filling up the DagBag from /home/monica.fernandez/practica_creativa/venv-airflow/lib/python3.11/site-packages/airflow/example_dags/example_dag_decorator.py
[2025-06-16T18:49:50.117+0200] {logging_mixin.py:137} INFO - [2025-06-16T18:49:50.116+0200] {taskmixin.py:205} WARNING - Dependency <Task(_PythonDecoratedOperator): prepare_email>, send_email already registered for DAG: example_dag_decorator
[2025-06-16T18:49:50.117+0200] {logging_mixin.py:137} INFO - [2025-06-16T18:49:50.117+0200] {taskmixin.py:205} WARNING - Dependency <Task(EmailOperator): send_email>, prepare_email already registered for DAG: example_dag_decorator
[2025-06-16T18:49:50.138+0200] {processor.py:753} INFO - DAG(s) dict_keys(['example_dag_decorator']) retrieved from /home/monica.fernandez/practica_creativa/venv-airflow/lib/python3.11/site-packages/airflow/example_dags/example_dag_decorator.py
[2025-06-16T18:49:50.213+0200] {logging_mixin.py:137} INFO - [2025-06-16T18:49:50.213+0200] {dag.py:2690} INFO - Sync 1 DAGs
[2025-06-16T18:49:50.239+0200] {logging_mixin.py:137} INFO - [2025-06-16T18:49:50.239+0200] {dag.py:3437} INFO - Setting next_dagrun for example_dag_decorator to None, run_after=None
[2025-06-16T18:49:50.290+0200] {processor.py:175} INFO - Processing /home/monica.fernandez/practica_creativa/venv-airflow/lib/python3.11/site-packages/airflow/example_dags/example_dag_decorator.py took 0.263 seconds
[2025-06-16T18:50:57.280+0200] {processor.py:153} INFO - Started process (PID=217982) to work on /home/monica.fernandez/practica_creativa/venv-airflow/lib/python3.11/site-packages/airflow/example_dags/example_dag_decorator.py
[2025-06-16T18:50:57.281+0200] {processor.py:743} INFO - Processing file /home/monica.fernandez/practica_creativa/venv-airflow/lib/python3.11/site-packages/airflow/example_dags/example_dag_decorator.py for tasks to queue
[2025-06-16T18:50:57.281+0200] {logging_mixin.py:137} INFO - [2025-06-16T18:50:57.281+0200] {dagbag.py:538} INFO - Filling up the DagBag from /home/monica.fernandez/practica_creativa/venv-airflow/lib/python3.11/site-packages/airflow/example_dags/example_dag_decorator.py
[2025-06-16T18:50:57.303+0200] {logging_mixin.py:137} INFO - [2025-06-16T18:50:57.302+0200] {taskmixin.py:205} WARNING - Dependency <Task(_PythonDecoratedOperator): prepare_email>, send_email already registered for DAG: example_dag_decorator
[2025-06-16T18:50:57.303+0200] {logging_mixin.py:137} INFO - [2025-06-16T18:50:57.303+0200] {taskmixin.py:205} WARNING - Dependency <Task(EmailOperator): send_email>, prepare_email already registered for DAG: example_dag_decorator
[2025-06-16T18:50:57.317+0200] {processor.py:753} INFO - DAG(s) dict_keys(['example_dag_decorator']) retrieved from /home/monica.fernandez/practica_creativa/venv-airflow/lib/python3.11/site-packages/airflow/example_dags/example_dag_decorator.py
[2025-06-16T18:50:57.376+0200] {logging_mixin.py:137} INFO - [2025-06-16T18:50:57.376+0200] {dag.py:2690} INFO - Sync 1 DAGs
[2025-06-16T18:50:57.396+0200] {logging_mixin.py:137} INFO - [2025-06-16T18:50:57.396+0200] {dag.py:3437} INFO - Setting next_dagrun for example_dag_decorator to None, run_after=None
[2025-06-16T18:50:57.448+0200] {processor.py:175} INFO - Processing /home/monica.fernandez/practica_creativa/venv-airflow/lib/python3.11/site-packages/airflow/example_dags/example_dag_decorator.py took 0.170 seconds
[2025-06-16T18:52:06.624+0200] {processor.py:153} INFO - Started process (PID=218539) to work on /home/monica.fernandez/practica_creativa/venv-airflow/lib/python3.11/site-packages/airflow/example_dags/example_dag_decorator.py
[2025-06-16T18:52:06.626+0200] {processor.py:743} INFO - Processing file /home/monica.fernandez/practica_creativa/venv-airflow/lib/python3.11/site-packages/airflow/example_dags/example_dag_decorator.py for tasks to queue
[2025-06-16T18:52:06.627+0200] {logging_mixin.py:137} INFO - [2025-06-16T18:52:06.627+0200] {dagbag.py:538} INFO - Filling up the DagBag from /home/monica.fernandez/practica_creativa/venv-airflow/lib/python3.11/site-packages/airflow/example_dags/example_dag_decorator.py
[2025-06-16T18:52:06.653+0200] {logging_mixin.py:137} INFO - [2025-06-16T18:52:06.653+0200] {taskmixin.py:205} WARNING - Dependency <Task(_PythonDecoratedOperator): prepare_email>, send_email already registered for DAG: example_dag_decorator
[2025-06-16T18:52:06.653+0200] {logging_mixin.py:137} INFO - [2025-06-16T18:52:06.653+0200] {taskmixin.py:205} WARNING - Dependency <Task(EmailOperator): send_email>, prepare_email already registered for DAG: example_dag_decorator
[2025-06-16T18:52:06.666+0200] {processor.py:753} INFO - DAG(s) dict_keys(['example_dag_decorator']) retrieved from /home/monica.fernandez/practica_creativa/venv-airflow/lib/python3.11/site-packages/airflow/example_dags/example_dag_decorator.py
[2025-06-16T18:52:06.721+0200] {logging_mixin.py:137} INFO - [2025-06-16T18:52:06.721+0200] {dag.py:2690} INFO - Sync 1 DAGs
[2025-06-16T18:52:06.742+0200] {logging_mixin.py:137} INFO - [2025-06-16T18:52:06.741+0200] {dag.py:3437} INFO - Setting next_dagrun for example_dag_decorator to None, run_after=None
[2025-06-16T18:52:06.791+0200] {processor.py:175} INFO - Processing /home/monica.fernandez/practica_creativa/venv-airflow/lib/python3.11/site-packages/airflow/example_dags/example_dag_decorator.py took 0.175 seconds
[2025-06-16T18:53:05.386+0200] {processor.py:153} INFO - Started process (PID=219144) to work on /home/monica.fernandez/practica_creativa/venv-airflow/lib/python3.11/site-packages/airflow/example_dags/example_dag_decorator.py
[2025-06-16T18:53:05.388+0200] {processor.py:743} INFO - Processing file /home/monica.fernandez/practica_creativa/venv-airflow/lib/python3.11/site-packages/airflow/example_dags/example_dag_decorator.py for tasks to queue
[2025-06-16T18:53:05.390+0200] {logging_mixin.py:137} INFO - [2025-06-16T18:53:05.390+0200] {dagbag.py:538} INFO - Filling up the DagBag from /home/monica.fernandez/practica_creativa/venv-airflow/lib/python3.11/site-packages/airflow/example_dags/example_dag_decorator.py
[2025-06-16T18:53:05.414+0200] {logging_mixin.py:137} INFO - [2025-06-16T18:53:05.413+0200] {taskmixin.py:205} WARNING - Dependency <Task(_PythonDecoratedOperator): prepare_email>, send_email already registered for DAG: example_dag_decorator
[2025-06-16T18:53:05.414+0200] {logging_mixin.py:137} INFO - [2025-06-16T18:53:05.414+0200] {taskmixin.py:205} WARNING - Dependency <Task(EmailOperator): send_email>, prepare_email already registered for DAG: example_dag_decorator
[2025-06-16T18:53:05.425+0200] {processor.py:753} INFO - DAG(s) dict_keys(['example_dag_decorator']) retrieved from /home/monica.fernandez/practica_creativa/venv-airflow/lib/python3.11/site-packages/airflow/example_dags/example_dag_decorator.py
[2025-06-16T18:53:05.482+0200] {logging_mixin.py:137} INFO - [2025-06-16T18:53:05.482+0200] {dag.py:2690} INFO - Sync 1 DAGs
[2025-06-16T18:53:05.503+0200] {logging_mixin.py:137} INFO - [2025-06-16T18:53:05.503+0200] {dag.py:3437} INFO - Setting next_dagrun for example_dag_decorator to None, run_after=None
[2025-06-16T18:53:05.554+0200] {processor.py:175} INFO - Processing /home/monica.fernandez/practica_creativa/venv-airflow/lib/python3.11/site-packages/airflow/example_dags/example_dag_decorator.py took 0.175 seconds
[2025-06-16T18:56:28.568+0200] {processor.py:153} INFO - Started process (PID=221131) to work on /home/monica.fernandez/practica_creativa/venv-airflow/lib/python3.11/site-packages/airflow/example_dags/example_dag_decorator.py
[2025-06-16T18:56:28.570+0200] {processor.py:743} INFO - Processing file /home/monica.fernandez/practica_creativa/venv-airflow/lib/python3.11/site-packages/airflow/example_dags/example_dag_decorator.py for tasks to queue
[2025-06-16T18:56:28.572+0200] {logging_mixin.py:137} INFO - [2025-06-16T18:56:28.571+0200] {dagbag.py:538} INFO - Filling up the DagBag from /home/monica.fernandez/practica_creativa/venv-airflow/lib/python3.11/site-packages/airflow/example_dags/example_dag_decorator.py
[2025-06-16T18:56:28.609+0200] {logging_mixin.py:137} INFO - [2025-06-16T18:56:28.609+0200] {taskmixin.py:205} WARNING - Dependency <Task(_PythonDecoratedOperator): prepare_email>, send_email already registered for DAG: example_dag_decorator
[2025-06-16T18:56:28.609+0200] {logging_mixin.py:137} INFO - [2025-06-16T18:56:28.609+0200] {taskmixin.py:205} WARNING - Dependency <Task(EmailOperator): send_email>, prepare_email already registered for DAG: example_dag_decorator
[2025-06-16T18:56:28.617+0200] {processor.py:753} INFO - DAG(s) dict_keys(['example_dag_decorator']) retrieved from /home/monica.fernandez/practica_creativa/venv-airflow/lib/python3.11/site-packages/airflow/example_dags/example_dag_decorator.py
[2025-06-16T18:56:28.676+0200] {logging_mixin.py:137} INFO - [2025-06-16T18:56:28.675+0200] {dag.py:2690} INFO - Sync 1 DAGs
[2025-06-16T18:56:28.696+0200] {logging_mixin.py:137} INFO - [2025-06-16T18:56:28.695+0200] {dag.py:3437} INFO - Setting next_dagrun for example_dag_decorator to None, run_after=None
[2025-06-16T18:56:28.746+0200] {processor.py:175} INFO - Processing /home/monica.fernandez/practica_creativa/venv-airflow/lib/python3.11/site-packages/airflow/example_dags/example_dag_decorator.py took 0.186 seconds
[2025-06-16T18:57:23.439+0200] {processor.py:153} INFO - Started process (PID=221521) to work on /home/monica.fernandez/practica_creativa/venv-airflow/lib/python3.11/site-packages/airflow/example_dags/example_dag_decorator.py
[2025-06-16T18:57:23.441+0200] {processor.py:743} INFO - Processing file /home/monica.fernandez/practica_creativa/venv-airflow/lib/python3.11/site-packages/airflow/example_dags/example_dag_decorator.py for tasks to queue
[2025-06-16T18:57:23.442+0200] {logging_mixin.py:137} INFO - [2025-06-16T18:57:23.442+0200] {dagbag.py:538} INFO - Filling up the DagBag from /home/monica.fernandez/practica_creativa/venv-airflow/lib/python3.11/site-packages/airflow/example_dags/example_dag_decorator.py
[2025-06-16T18:57:23.491+0200] {logging_mixin.py:137} INFO - [2025-06-16T18:57:23.490+0200] {taskmixin.py:205} WARNING - Dependency <Task(_PythonDecoratedOperator): prepare_email>, send_email already registered for DAG: example_dag_decorator
[2025-06-16T18:57:23.491+0200] {logging_mixin.py:137} INFO - [2025-06-16T18:57:23.491+0200] {taskmixin.py:205} WARNING - Dependency <Task(EmailOperator): send_email>, prepare_email already registered for DAG: example_dag_decorator
[2025-06-16T18:57:23.500+0200] {processor.py:753} INFO - DAG(s) dict_keys(['example_dag_decorator']) retrieved from /home/monica.fernandez/practica_creativa/venv-airflow/lib/python3.11/site-packages/airflow/example_dags/example_dag_decorator.py
[2025-06-16T18:57:23.561+0200] {logging_mixin.py:137} INFO - [2025-06-16T18:57:23.560+0200] {dag.py:2690} INFO - Sync 1 DAGs
[2025-06-16T18:57:23.578+0200] {logging_mixin.py:137} INFO - [2025-06-16T18:57:23.578+0200] {dag.py:3437} INFO - Setting next_dagrun for example_dag_decorator to None, run_after=None
[2025-06-16T18:57:23.624+0200] {processor.py:175} INFO - Processing /home/monica.fernandez/practica_creativa/venv-airflow/lib/python3.11/site-packages/airflow/example_dags/example_dag_decorator.py took 0.193 seconds
[2025-06-16T18:58:32.786+0200] {processor.py:153} INFO - Started process (PID=222143) to work on /home/monica.fernandez/practica_creativa/venv-airflow/lib/python3.11/site-packages/airflow/example_dags/example_dag_decorator.py
[2025-06-16T18:58:32.789+0200] {processor.py:743} INFO - Processing file /home/monica.fernandez/practica_creativa/venv-airflow/lib/python3.11/site-packages/airflow/example_dags/example_dag_decorator.py for tasks to queue
[2025-06-16T18:58:32.790+0200] {logging_mixin.py:137} INFO - [2025-06-16T18:58:32.790+0200] {dagbag.py:538} INFO - Filling up the DagBag from /home/monica.fernandez/practica_creativa/venv-airflow/lib/python3.11/site-packages/airflow/example_dags/example_dag_decorator.py
[2025-06-16T18:58:32.843+0200] {logging_mixin.py:137} INFO - [2025-06-16T18:58:32.843+0200] {taskmixin.py:205} WARNING - Dependency <Task(_PythonDecoratedOperator): prepare_email>, send_email already registered for DAG: example_dag_decorator
[2025-06-16T18:58:32.845+0200] {logging_mixin.py:137} INFO - [2025-06-16T18:58:32.844+0200] {taskmixin.py:205} WARNING - Dependency <Task(EmailOperator): send_email>, prepare_email already registered for DAG: example_dag_decorator
[2025-06-16T18:58:32.858+0200] {processor.py:753} INFO - DAG(s) dict_keys(['example_dag_decorator']) retrieved from /home/monica.fernandez/practica_creativa/venv-airflow/lib/python3.11/site-packages/airflow/example_dags/example_dag_decorator.py
[2025-06-16T18:58:32.969+0200] {logging_mixin.py:137} INFO - [2025-06-16T18:58:32.968+0200] {dag.py:2690} INFO - Sync 1 DAGs
[2025-06-16T18:58:32.994+0200] {logging_mixin.py:137} INFO - [2025-06-16T18:58:32.994+0200] {dag.py:3437} INFO - Setting next_dagrun for example_dag_decorator to None, run_after=None
[2025-06-16T18:58:33.042+0200] {processor.py:175} INFO - Processing /home/monica.fernandez/practica_creativa/venv-airflow/lib/python3.11/site-packages/airflow/example_dags/example_dag_decorator.py took 0.265 seconds
[2025-06-16T18:59:37.177+0200] {processor.py:153} INFO - Started process (PID=223008) to work on /home/monica.fernandez/practica_creativa/venv-airflow/lib/python3.11/site-packages/airflow/example_dags/example_dag_decorator.py
[2025-06-16T18:59:37.179+0200] {processor.py:743} INFO - Processing file /home/monica.fernandez/practica_creativa/venv-airflow/lib/python3.11/site-packages/airflow/example_dags/example_dag_decorator.py for tasks to queue
[2025-06-16T18:59:37.180+0200] {logging_mixin.py:137} INFO - [2025-06-16T18:59:37.180+0200] {dagbag.py:538} INFO - Filling up the DagBag from /home/monica.fernandez/practica_creativa/venv-airflow/lib/python3.11/site-packages/airflow/example_dags/example_dag_decorator.py
[2025-06-16T18:59:37.229+0200] {logging_mixin.py:137} INFO - [2025-06-16T18:59:37.229+0200] {taskmixin.py:205} WARNING - Dependency <Task(_PythonDecoratedOperator): prepare_email>, send_email already registered for DAG: example_dag_decorator
[2025-06-16T18:59:37.229+0200] {logging_mixin.py:137} INFO - [2025-06-16T18:59:37.229+0200] {taskmixin.py:205} WARNING - Dependency <Task(EmailOperator): send_email>, prepare_email already registered for DAG: example_dag_decorator
[2025-06-16T18:59:37.238+0200] {processor.py:753} INFO - DAG(s) dict_keys(['example_dag_decorator']) retrieved from /home/monica.fernandez/practica_creativa/venv-airflow/lib/python3.11/site-packages/airflow/example_dags/example_dag_decorator.py
[2025-06-16T18:59:37.296+0200] {logging_mixin.py:137} INFO - [2025-06-16T18:59:37.296+0200] {dag.py:2690} INFO - Sync 1 DAGs
[2025-06-16T18:59:37.315+0200] {logging_mixin.py:137} INFO - [2025-06-16T18:59:37.315+0200] {dag.py:3437} INFO - Setting next_dagrun for example_dag_decorator to None, run_after=None
[2025-06-16T18:59:37.368+0200] {processor.py:175} INFO - Processing /home/monica.fernandez/practica_creativa/venv-airflow/lib/python3.11/site-packages/airflow/example_dags/example_dag_decorator.py took 0.202 seconds
[2025-06-16T19:00:46.103+0200] {processor.py:153} INFO - Started process (PID=223662) to work on /home/monica.fernandez/practica_creativa/venv-airflow/lib/python3.11/site-packages/airflow/example_dags/example_dag_decorator.py
[2025-06-16T19:00:46.104+0200] {processor.py:743} INFO - Processing file /home/monica.fernandez/practica_creativa/venv-airflow/lib/python3.11/site-packages/airflow/example_dags/example_dag_decorator.py for tasks to queue
[2025-06-16T19:00:46.106+0200] {logging_mixin.py:137} INFO - [2025-06-16T19:00:46.106+0200] {dagbag.py:538} INFO - Filling up the DagBag from /home/monica.fernandez/practica_creativa/venv-airflow/lib/python3.11/site-packages/airflow/example_dags/example_dag_decorator.py
[2025-06-16T19:00:46.165+0200] {logging_mixin.py:137} INFO - [2025-06-16T19:00:46.165+0200] {taskmixin.py:205} WARNING - Dependency <Task(_PythonDecoratedOperator): prepare_email>, send_email already registered for DAG: example_dag_decorator
[2025-06-16T19:00:46.167+0200] {logging_mixin.py:137} INFO - [2025-06-16T19:00:46.166+0200] {taskmixin.py:205} WARNING - Dependency <Task(EmailOperator): send_email>, prepare_email already registered for DAG: example_dag_decorator
[2025-06-16T19:00:46.191+0200] {processor.py:753} INFO - DAG(s) dict_keys(['example_dag_decorator']) retrieved from /home/monica.fernandez/practica_creativa/venv-airflow/lib/python3.11/site-packages/airflow/example_dags/example_dag_decorator.py
[2025-06-16T19:00:46.281+0200] {logging_mixin.py:137} INFO - [2025-06-16T19:00:46.281+0200] {dag.py:2690} INFO - Sync 1 DAGs
[2025-06-16T19:00:46.310+0200] {logging_mixin.py:137} INFO - [2025-06-16T19:00:46.309+0200] {dag.py:3437} INFO - Setting next_dagrun for example_dag_decorator to None, run_after=None
[2025-06-16T19:00:46.361+0200] {processor.py:175} INFO - Processing /home/monica.fernandez/practica_creativa/venv-airflow/lib/python3.11/site-packages/airflow/example_dags/example_dag_decorator.py took 0.269 seconds
[2025-06-16T19:02:39.912+0200] {processor.py:153} INFO - Started process (PID=224898) to work on /home/monica.fernandez/practica_creativa/venv-airflow/lib/python3.11/site-packages/airflow/example_dags/example_dag_decorator.py
[2025-06-16T19:02:39.912+0200] {processor.py:743} INFO - Processing file /home/monica.fernandez/practica_creativa/venv-airflow/lib/python3.11/site-packages/airflow/example_dags/example_dag_decorator.py for tasks to queue
[2025-06-16T19:02:39.913+0200] {logging_mixin.py:137} INFO - [2025-06-16T19:02:39.913+0200] {dagbag.py:538} INFO - Filling up the DagBag from /home/monica.fernandez/practica_creativa/venv-airflow/lib/python3.11/site-packages/airflow/example_dags/example_dag_decorator.py
[2025-06-16T19:02:39.931+0200] {logging_mixin.py:137} INFO - [2025-06-16T19:02:39.931+0200] {taskmixin.py:205} WARNING - Dependency <Task(_PythonDecoratedOperator): prepare_email>, send_email already registered for DAG: example_dag_decorator
[2025-06-16T19:02:39.931+0200] {logging_mixin.py:137} INFO - [2025-06-16T19:02:39.931+0200] {taskmixin.py:205} WARNING - Dependency <Task(EmailOperator): send_email>, prepare_email already registered for DAG: example_dag_decorator
[2025-06-16T19:02:39.938+0200] {processor.py:753} INFO - DAG(s) dict_keys(['example_dag_decorator']) retrieved from /home/monica.fernandez/practica_creativa/venv-airflow/lib/python3.11/site-packages/airflow/example_dags/example_dag_decorator.py
[2025-06-16T19:02:39.997+0200] {logging_mixin.py:137} INFO - [2025-06-16T19:02:39.996+0200] {dag.py:2690} INFO - Sync 1 DAGs
[2025-06-16T19:02:40.015+0200] {logging_mixin.py:137} INFO - [2025-06-16T19:02:40.015+0200] {dag.py:3437} INFO - Setting next_dagrun for example_dag_decorator to None, run_after=None
[2025-06-16T19:02:40.061+0200] {processor.py:175} INFO - Processing /home/monica.fernandez/practica_creativa/venv-airflow/lib/python3.11/site-packages/airflow/example_dags/example_dag_decorator.py took 0.153 seconds
[2025-06-16T19:03:55.046+0200] {processor.py:153} INFO - Started process (PID=225519) to work on /home/monica.fernandez/practica_creativa/venv-airflow/lib/python3.11/site-packages/airflow/example_dags/example_dag_decorator.py
[2025-06-16T19:03:55.048+0200] {processor.py:743} INFO - Processing file /home/monica.fernandez/practica_creativa/venv-airflow/lib/python3.11/site-packages/airflow/example_dags/example_dag_decorator.py for tasks to queue
[2025-06-16T19:03:55.050+0200] {logging_mixin.py:137} INFO - [2025-06-16T19:03:55.049+0200] {dagbag.py:538} INFO - Filling up the DagBag from /home/monica.fernandez/practica_creativa/venv-airflow/lib/python3.11/site-packages/airflow/example_dags/example_dag_decorator.py
[2025-06-16T19:03:55.105+0200] {logging_mixin.py:137} INFO - [2025-06-16T19:03:55.105+0200] {taskmixin.py:205} WARNING - Dependency <Task(_PythonDecoratedOperator): prepare_email>, send_email already registered for DAG: example_dag_decorator
[2025-06-16T19:03:55.106+0200] {logging_mixin.py:137} INFO - [2025-06-16T19:03:55.105+0200] {taskmixin.py:205} WARNING - Dependency <Task(EmailOperator): send_email>, prepare_email already registered for DAG: example_dag_decorator
[2025-06-16T19:03:55.122+0200] {processor.py:753} INFO - DAG(s) dict_keys(['example_dag_decorator']) retrieved from /home/monica.fernandez/practica_creativa/venv-airflow/lib/python3.11/site-packages/airflow/example_dags/example_dag_decorator.py
[2025-06-16T19:03:55.177+0200] {logging_mixin.py:137} INFO - [2025-06-16T19:03:55.177+0200] {dag.py:2690} INFO - Sync 1 DAGs
[2025-06-16T19:03:55.198+0200] {logging_mixin.py:137} INFO - [2025-06-16T19:03:55.198+0200] {dag.py:3437} INFO - Setting next_dagrun for example_dag_decorator to None, run_after=None
[2025-06-16T19:03:55.245+0200] {processor.py:175} INFO - Processing /home/monica.fernandez/practica_creativa/venv-airflow/lib/python3.11/site-packages/airflow/example_dags/example_dag_decorator.py took 0.206 seconds
[2025-06-16T19:09:03.335+0200] {processor.py:153} INFO - Started process (PID=230488) to work on /home/monica.fernandez/practica_creativa/venv-airflow/lib/python3.11/site-packages/airflow/example_dags/example_dag_decorator.py
[2025-06-16T19:09:03.337+0200] {processor.py:743} INFO - Processing file /home/monica.fernandez/practica_creativa/venv-airflow/lib/python3.11/site-packages/airflow/example_dags/example_dag_decorator.py for tasks to queue
[2025-06-16T19:09:03.338+0200] {logging_mixin.py:137} INFO - [2025-06-16T19:09:03.338+0200] {dagbag.py:538} INFO - Filling up the DagBag from /home/monica.fernandez/practica_creativa/venv-airflow/lib/python3.11/site-packages/airflow/example_dags/example_dag_decorator.py
[2025-06-16T19:09:03.364+0200] {logging_mixin.py:137} INFO - [2025-06-16T19:09:03.364+0200] {taskmixin.py:205} WARNING - Dependency <Task(_PythonDecoratedOperator): prepare_email>, send_email already registered for DAG: example_dag_decorator
[2025-06-16T19:09:03.365+0200] {logging_mixin.py:137} INFO - [2025-06-16T19:09:03.364+0200] {taskmixin.py:205} WARNING - Dependency <Task(EmailOperator): send_email>, prepare_email already registered for DAG: example_dag_decorator
[2025-06-16T19:09:03.371+0200] {processor.py:753} INFO - DAG(s) dict_keys(['example_dag_decorator']) retrieved from /home/monica.fernandez/practica_creativa/venv-airflow/lib/python3.11/site-packages/airflow/example_dags/example_dag_decorator.py
[2025-06-16T19:09:03.533+0200] {logging_mixin.py:137} INFO - [2025-06-16T19:09:03.533+0200] {dag.py:2690} INFO - Sync 1 DAGs
[2025-06-16T19:09:03.552+0200] {logging_mixin.py:137} INFO - [2025-06-16T19:09:03.552+0200] {dag.py:3437} INFO - Setting next_dagrun for example_dag_decorator to None, run_after=None
[2025-06-16T19:09:03.608+0200] {processor.py:175} INFO - Processing /home/monica.fernandez/practica_creativa/venv-airflow/lib/python3.11/site-packages/airflow/example_dags/example_dag_decorator.py took 0.282 seconds
[2025-06-16T19:09:56.284+0200] {processor.py:153} INFO - Started process (PID=231292) to work on /home/monica.fernandez/practica_creativa/venv-airflow/lib/python3.11/site-packages/airflow/example_dags/example_dag_decorator.py
[2025-06-16T19:09:56.285+0200] {processor.py:743} INFO - Processing file /home/monica.fernandez/practica_creativa/venv-airflow/lib/python3.11/site-packages/airflow/example_dags/example_dag_decorator.py for tasks to queue
[2025-06-16T19:09:56.285+0200] {logging_mixin.py:137} INFO - [2025-06-16T19:09:56.285+0200] {dagbag.py:538} INFO - Filling up the DagBag from /home/monica.fernandez/practica_creativa/venv-airflow/lib/python3.11/site-packages/airflow/example_dags/example_dag_decorator.py
[2025-06-16T19:09:56.302+0200] {logging_mixin.py:137} INFO - [2025-06-16T19:09:56.302+0200] {taskmixin.py:205} WARNING - Dependency <Task(_PythonDecoratedOperator): prepare_email>, send_email already registered for DAG: example_dag_decorator
[2025-06-16T19:09:56.303+0200] {logging_mixin.py:137} INFO - [2025-06-16T19:09:56.302+0200] {taskmixin.py:205} WARNING - Dependency <Task(EmailOperator): send_email>, prepare_email already registered for DAG: example_dag_decorator
[2025-06-16T19:09:56.308+0200] {processor.py:753} INFO - DAG(s) dict_keys(['example_dag_decorator']) retrieved from /home/monica.fernandez/practica_creativa/venv-airflow/lib/python3.11/site-packages/airflow/example_dags/example_dag_decorator.py
[2025-06-16T19:09:56.474+0200] {logging_mixin.py:137} INFO - [2025-06-16T19:09:56.474+0200] {dag.py:2690} INFO - Sync 1 DAGs
[2025-06-16T19:09:56.493+0200] {logging_mixin.py:137} INFO - [2025-06-16T19:09:56.493+0200] {dag.py:3437} INFO - Setting next_dagrun for example_dag_decorator to None, run_after=None
[2025-06-16T19:09:56.544+0200] {processor.py:175} INFO - Processing /home/monica.fernandez/practica_creativa/venv-airflow/lib/python3.11/site-packages/airflow/example_dags/example_dag_decorator.py took 0.262 seconds
[2025-06-16T19:11:05.324+0200] {processor.py:153} INFO - Started process (PID=232654) to work on /home/monica.fernandez/practica_creativa/venv-airflow/lib/python3.11/site-packages/airflow/example_dags/example_dag_decorator.py
[2025-06-16T19:11:05.325+0200] {processor.py:743} INFO - Processing file /home/monica.fernandez/practica_creativa/venv-airflow/lib/python3.11/site-packages/airflow/example_dags/example_dag_decorator.py for tasks to queue
[2025-06-16T19:11:05.326+0200] {logging_mixin.py:137} INFO - [2025-06-16T19:11:05.325+0200] {dagbag.py:538} INFO - Filling up the DagBag from /home/monica.fernandez/practica_creativa/venv-airflow/lib/python3.11/site-packages/airflow/example_dags/example_dag_decorator.py
[2025-06-16T19:11:05.346+0200] {logging_mixin.py:137} INFO - [2025-06-16T19:11:05.346+0200] {taskmixin.py:205} WARNING - Dependency <Task(_PythonDecoratedOperator): prepare_email>, send_email already registered for DAG: example_dag_decorator
[2025-06-16T19:11:05.346+0200] {logging_mixin.py:137} INFO - [2025-06-16T19:11:05.346+0200] {taskmixin.py:205} WARNING - Dependency <Task(EmailOperator): send_email>, prepare_email already registered for DAG: example_dag_decorator
[2025-06-16T19:11:05.462+0200] {processor.py:753} INFO - DAG(s) dict_keys(['example_dag_decorator']) retrieved from /home/monica.fernandez/practica_creativa/venv-airflow/lib/python3.11/site-packages/airflow/example_dags/example_dag_decorator.py
[2025-06-16T19:11:05.516+0200] {logging_mixin.py:137} INFO - [2025-06-16T19:11:05.515+0200] {dag.py:2690} INFO - Sync 1 DAGs
[2025-06-16T19:11:05.532+0200] {logging_mixin.py:137} INFO - [2025-06-16T19:11:05.532+0200] {dag.py:3437} INFO - Setting next_dagrun for example_dag_decorator to None, run_after=None
[2025-06-16T19:11:05.584+0200] {processor.py:175} INFO - Processing /home/monica.fernandez/practica_creativa/venv-airflow/lib/python3.11/site-packages/airflow/example_dags/example_dag_decorator.py took 0.263 seconds
[2025-06-16T19:13:11.166+0200] {processor.py:153} INFO - Started process (PID=235282) to work on /home/monica.fernandez/practica_creativa/venv-airflow/lib/python3.11/site-packages/airflow/example_dags/example_dag_decorator.py
[2025-06-16T19:13:11.167+0200] {processor.py:743} INFO - Processing file /home/monica.fernandez/practica_creativa/venv-airflow/lib/python3.11/site-packages/airflow/example_dags/example_dag_decorator.py for tasks to queue
[2025-06-16T19:13:11.167+0200] {logging_mixin.py:137} INFO - [2025-06-16T19:13:11.167+0200] {dagbag.py:538} INFO - Filling up the DagBag from /home/monica.fernandez/practica_creativa/venv-airflow/lib/python3.11/site-packages/airflow/example_dags/example_dag_decorator.py
[2025-06-16T19:13:11.189+0200] {logging_mixin.py:137} INFO - [2025-06-16T19:13:11.189+0200] {taskmixin.py:205} WARNING - Dependency <Task(_PythonDecoratedOperator): prepare_email>, send_email already registered for DAG: example_dag_decorator
[2025-06-16T19:13:11.189+0200] {logging_mixin.py:137} INFO - [2025-06-16T19:13:11.189+0200] {taskmixin.py:205} WARNING - Dependency <Task(EmailOperator): send_email>, prepare_email already registered for DAG: example_dag_decorator
[2025-06-16T19:13:11.203+0200] {processor.py:753} INFO - DAG(s) dict_keys(['example_dag_decorator']) retrieved from /home/monica.fernandez/practica_creativa/venv-airflow/lib/python3.11/site-packages/airflow/example_dags/example_dag_decorator.py
[2025-06-16T19:13:11.268+0200] {logging_mixin.py:137} INFO - [2025-06-16T19:13:11.268+0200] {dag.py:2690} INFO - Sync 1 DAGs
[2025-06-16T19:13:11.291+0200] {logging_mixin.py:137} INFO - [2025-06-16T19:13:11.291+0200] {dag.py:3437} INFO - Setting next_dagrun for example_dag_decorator to None, run_after=None
[2025-06-16T19:13:11.349+0200] {processor.py:175} INFO - Processing /home/monica.fernandez/practica_creativa/venv-airflow/lib/python3.11/site-packages/airflow/example_dags/example_dag_decorator.py took 0.186 seconds
