[2025-06-16T18:29:36.359+0200] {processor.py:153} INFO - Started process (PID=205334) to work on /home/monica.fernandez/practica_creativa/venv-airflow/lib/python3.11/site-packages/airflow/example_dags/example_branch_operator.py
[2025-06-16T18:29:36.359+0200] {processor.py:743} INFO - Processing file /home/monica.fernandez/practica_creativa/venv-airflow/lib/python3.11/site-packages/airflow/example_dags/example_branch_operator.py for tasks to queue
[2025-06-16T18:29:36.360+0200] {logging_mixin.py:137} INFO - [2025-06-16T18:29:36.360+0200] {dagbag.py:538} INFO - Filling up the DagBag from /home/monica.fernandez/practica_creativa/venv-airflow/lib/python3.11/site-packages/airflow/example_dags/example_branch_operator.py
[2025-06-16T18:29:36.378+0200] {processor.py:753} INFO - DAG(s) dict_keys(['example_branch_operator']) retrieved from /home/monica.fernandez/practica_creativa/venv-airflow/lib/python3.11/site-packages/airflow/example_dags/example_branch_operator.py
[2025-06-16T18:29:36.522+0200] {logging_mixin.py:137} INFO - [2025-06-16T18:29:36.522+0200] {manager.py:504} INFO - Created Permission View: can read on DAG:example_branch_operator
[2025-06-16T18:29:36.553+0200] {logging_mixin.py:137} INFO - [2025-06-16T18:29:36.553+0200] {manager.py:504} INFO - Created Permission View: can delete on DAG:example_branch_operator
[2025-06-16T18:29:36.583+0200] {logging_mixin.py:137} INFO - [2025-06-16T18:29:36.583+0200] {manager.py:504} INFO - Created Permission View: can edit on DAG:example_branch_operator
[2025-06-16T18:29:36.583+0200] {logging_mixin.py:137} INFO - [2025-06-16T18:29:36.583+0200] {dag.py:2690} INFO - Sync 1 DAGs
[2025-06-16T18:29:36.603+0200] {logging_mixin.py:137} INFO - [2025-06-16T18:29:36.603+0200] {dag.py:2711} INFO - Creating ORM DAG for example_branch_operator
[2025-06-16T18:29:36.615+0200] {logging_mixin.py:137} INFO - [2025-06-16T18:29:36.615+0200] {dag.py:3437} INFO - Setting next_dagrun for example_branch_operator to 2025-06-15T00:00:00+00:00, run_after=2025-06-16T00:00:00+00:00
[2025-06-16T18:29:36.678+0200] {processor.py:175} INFO - Processing /home/monica.fernandez/practica_creativa/venv-airflow/lib/python3.11/site-packages/airflow/example_dags/example_branch_operator.py took 0.323 seconds
[2025-06-16T18:35:02.034+0200] {processor.py:153} INFO - Started process (PID=208311) to work on /home/monica.fernandez/practica_creativa/venv-airflow/lib/python3.11/site-packages/airflow/example_dags/example_branch_operator.py
[2025-06-16T18:35:02.035+0200] {processor.py:743} INFO - Processing file /home/monica.fernandez/practica_creativa/venv-airflow/lib/python3.11/site-packages/airflow/example_dags/example_branch_operator.py for tasks to queue
[2025-06-16T18:35:02.036+0200] {logging_mixin.py:137} INFO - [2025-06-16T18:35:02.036+0200] {dagbag.py:538} INFO - Filling up the DagBag from /home/monica.fernandez/practica_creativa/venv-airflow/lib/python3.11/site-packages/airflow/example_dags/example_branch_operator.py
[2025-06-16T18:35:02.064+0200] {processor.py:753} INFO - DAG(s) dict_keys(['example_branch_operator']) retrieved from /home/monica.fernandez/practica_creativa/venv-airflow/lib/python3.11/site-packages/airflow/example_dags/example_branch_operator.py
[2025-06-16T18:35:02.222+0200] {logging_mixin.py:137} INFO - [2025-06-16T18:35:02.222+0200] {manager.py:504} INFO - Created Permission View: can edit on DAG:example_branch_operator
[2025-06-16T18:35:02.251+0200] {logging_mixin.py:137} INFO - [2025-06-16T18:35:02.250+0200] {manager.py:504} INFO - Created Permission View: can delete on DAG:example_branch_operator
[2025-06-16T18:35:02.277+0200] {logging_mixin.py:137} INFO - [2025-06-16T18:35:02.277+0200] {manager.py:504} INFO - Created Permission View: can read on DAG:example_branch_operator
[2025-06-16T18:35:02.278+0200] {logging_mixin.py:137} INFO - [2025-06-16T18:35:02.278+0200] {dag.py:2690} INFO - Sync 1 DAGs
[2025-06-16T18:35:02.295+0200] {logging_mixin.py:137} INFO - [2025-06-16T18:35:02.294+0200] {dag.py:2711} INFO - Creating ORM DAG for example_branch_operator
[2025-06-16T18:35:02.308+0200] {logging_mixin.py:137} INFO - [2025-06-16T18:35:02.308+0200] {dag.py:3437} INFO - Setting next_dagrun for example_branch_operator to 2025-06-15T00:00:00+00:00, run_after=2025-06-16T00:00:00+00:00
[2025-06-16T18:35:02.358+0200] {processor.py:175} INFO - Processing /home/monica.fernandez/practica_creativa/venv-airflow/lib/python3.11/site-packages/airflow/example_dags/example_branch_operator.py took 0.329 seconds
[2025-06-16T18:36:09.001+0200] {processor.py:153} INFO - Started process (PID=208853) to work on /home/monica.fernandez/practica_creativa/venv-airflow/lib/python3.11/site-packages/airflow/example_dags/example_branch_operator.py
[2025-06-16T18:36:09.001+0200] {processor.py:743} INFO - Processing file /home/monica.fernandez/practica_creativa/venv-airflow/lib/python3.11/site-packages/airflow/example_dags/example_branch_operator.py for tasks to queue
[2025-06-16T18:36:09.002+0200] {logging_mixin.py:137} INFO - [2025-06-16T18:36:09.002+0200] {dagbag.py:538} INFO - Filling up the DagBag from /home/monica.fernandez/practica_creativa/venv-airflow/lib/python3.11/site-packages/airflow/example_dags/example_branch_operator.py
[2025-06-16T18:36:09.025+0200] {processor.py:753} INFO - DAG(s) dict_keys(['example_branch_operator']) retrieved from /home/monica.fernandez/practica_creativa/venv-airflow/lib/python3.11/site-packages/airflow/example_dags/example_branch_operator.py
[2025-06-16T18:36:09.057+0200] {logging_mixin.py:137} INFO - [2025-06-16T18:36:09.057+0200] {dag.py:2690} INFO - Sync 1 DAGs
[2025-06-16T18:36:09.085+0200] {logging_mixin.py:137} INFO - [2025-06-16T18:36:09.085+0200] {dag.py:3437} INFO - Setting next_dagrun for example_branch_operator to 2025-06-15T00:00:00+00:00, run_after=2025-06-16T00:00:00+00:00
[2025-06-16T18:36:09.142+0200] {processor.py:175} INFO - Processing /home/monica.fernandez/practica_creativa/venv-airflow/lib/python3.11/site-packages/airflow/example_dags/example_branch_operator.py took 0.145 seconds
[2025-06-16T18:37:14.216+0200] {processor.py:153} INFO - Started process (PID=209420) to work on /home/monica.fernandez/practica_creativa/venv-airflow/lib/python3.11/site-packages/airflow/example_dags/example_branch_operator.py
[2025-06-16T18:37:14.217+0200] {processor.py:743} INFO - Processing file /home/monica.fernandez/practica_creativa/venv-airflow/lib/python3.11/site-packages/airflow/example_dags/example_branch_operator.py for tasks to queue
[2025-06-16T18:37:14.218+0200] {logging_mixin.py:137} INFO - [2025-06-16T18:37:14.217+0200] {dagbag.py:538} INFO - Filling up the DagBag from /home/monica.fernandez/practica_creativa/venv-airflow/lib/python3.11/site-packages/airflow/example_dags/example_branch_operator.py
[2025-06-16T18:37:14.249+0200] {processor.py:753} INFO - DAG(s) dict_keys(['example_branch_operator']) retrieved from /home/monica.fernandez/practica_creativa/venv-airflow/lib/python3.11/site-packages/airflow/example_dags/example_branch_operator.py
[2025-06-16T18:37:14.277+0200] {logging_mixin.py:137} INFO - [2025-06-16T18:37:14.277+0200] {dag.py:2690} INFO - Sync 1 DAGs
[2025-06-16T18:37:14.303+0200] {logging_mixin.py:137} INFO - [2025-06-16T18:37:14.303+0200] {dag.py:3437} INFO - Setting next_dagrun for example_branch_operator to 2025-06-15T00:00:00+00:00, run_after=2025-06-16T00:00:00+00:00
[2025-06-16T18:37:14.351+0200] {processor.py:175} INFO - Processing /home/monica.fernandez/practica_creativa/venv-airflow/lib/python3.11/site-packages/airflow/example_dags/example_branch_operator.py took 0.140 seconds
[2025-06-16T18:38:17.024+0200] {processor.py:153} INFO - Started process (PID=209954) to work on /home/monica.fernandez/practica_creativa/venv-airflow/lib/python3.11/site-packages/airflow/example_dags/example_branch_operator.py
[2025-06-16T18:38:17.025+0200] {processor.py:743} INFO - Processing file /home/monica.fernandez/practica_creativa/venv-airflow/lib/python3.11/site-packages/airflow/example_dags/example_branch_operator.py for tasks to queue
[2025-06-16T18:38:17.026+0200] {logging_mixin.py:137} INFO - [2025-06-16T18:38:17.026+0200] {dagbag.py:538} INFO - Filling up the DagBag from /home/monica.fernandez/practica_creativa/venv-airflow/lib/python3.11/site-packages/airflow/example_dags/example_branch_operator.py
[2025-06-16T18:38:17.054+0200] {processor.py:753} INFO - DAG(s) dict_keys(['example_branch_operator']) retrieved from /home/monica.fernandez/practica_creativa/venv-airflow/lib/python3.11/site-packages/airflow/example_dags/example_branch_operator.py
[2025-06-16T18:38:17.094+0200] {logging_mixin.py:137} INFO - [2025-06-16T18:38:17.094+0200] {dag.py:2690} INFO - Sync 1 DAGs
[2025-06-16T18:38:17.131+0200] {logging_mixin.py:137} INFO - [2025-06-16T18:38:17.131+0200] {dag.py:3437} INFO - Setting next_dagrun for example_branch_operator to 2025-06-15T00:00:00+00:00, run_after=2025-06-16T00:00:00+00:00
[2025-06-16T18:38:17.187+0200] {processor.py:175} INFO - Processing /home/monica.fernandez/practica_creativa/venv-airflow/lib/python3.11/site-packages/airflow/example_dags/example_branch_operator.py took 0.166 seconds
[2025-06-16T18:39:19.870+0200] {processor.py:153} INFO - Started process (PID=210876) to work on /home/monica.fernandez/practica_creativa/venv-airflow/lib/python3.11/site-packages/airflow/example_dags/example_branch_operator.py
[2025-06-16T18:39:19.871+0200] {processor.py:743} INFO - Processing file /home/monica.fernandez/practica_creativa/venv-airflow/lib/python3.11/site-packages/airflow/example_dags/example_branch_operator.py for tasks to queue
[2025-06-16T18:39:19.871+0200] {logging_mixin.py:137} INFO - [2025-06-16T18:39:19.871+0200] {dagbag.py:538} INFO - Filling up the DagBag from /home/monica.fernandez/practica_creativa/venv-airflow/lib/python3.11/site-packages/airflow/example_dags/example_branch_operator.py
[2025-06-16T18:39:19.893+0200] {processor.py:753} INFO - DAG(s) dict_keys(['example_branch_operator']) retrieved from /home/monica.fernandez/practica_creativa/venv-airflow/lib/python3.11/site-packages/airflow/example_dags/example_branch_operator.py
[2025-06-16T18:39:19.925+0200] {logging_mixin.py:137} INFO - [2025-06-16T18:39:19.925+0200] {dag.py:2690} INFO - Sync 1 DAGs
[2025-06-16T18:39:19.952+0200] {logging_mixin.py:137} INFO - [2025-06-16T18:39:19.952+0200] {dag.py:3437} INFO - Setting next_dagrun for example_branch_operator to 2025-06-15T00:00:00+00:00, run_after=2025-06-16T00:00:00+00:00
[2025-06-16T18:39:20.007+0200] {processor.py:175} INFO - Processing /home/monica.fernandez/practica_creativa/venv-airflow/lib/python3.11/site-packages/airflow/example_dags/example_branch_operator.py took 0.140 seconds
[2025-06-16T18:43:10.591+0200] {processor.py:153} INFO - Started process (PID=213443) to work on /home/monica.fernandez/practica_creativa/venv-airflow/lib/python3.11/site-packages/airflow/example_dags/example_branch_operator.py
[2025-06-16T18:43:10.592+0200] {processor.py:743} INFO - Processing file /home/monica.fernandez/practica_creativa/venv-airflow/lib/python3.11/site-packages/airflow/example_dags/example_branch_operator.py for tasks to queue
[2025-06-16T18:43:10.593+0200] {logging_mixin.py:137} INFO - [2025-06-16T18:43:10.593+0200] {dagbag.py:538} INFO - Filling up the DagBag from /home/monica.fernandez/practica_creativa/venv-airflow/lib/python3.11/site-packages/airflow/example_dags/example_branch_operator.py
[2025-06-16T18:43:10.605+0200] {processor.py:753} INFO - DAG(s) dict_keys(['example_branch_operator']) retrieved from /home/monica.fernandez/practica_creativa/venv-airflow/lib/python3.11/site-packages/airflow/example_dags/example_branch_operator.py
[2025-06-16T18:43:10.639+0200] {logging_mixin.py:137} INFO - [2025-06-16T18:43:10.639+0200] {dag.py:2690} INFO - Sync 1 DAGs
[2025-06-16T18:43:10.668+0200] {logging_mixin.py:137} INFO - [2025-06-16T18:43:10.667+0200] {dag.py:3437} INFO - Setting next_dagrun for example_branch_operator to 2025-06-15T00:00:00+00:00, run_after=2025-06-16T00:00:00+00:00
[2025-06-16T18:43:10.726+0200] {processor.py:175} INFO - Processing /home/monica.fernandez/practica_creativa/venv-airflow/lib/python3.11/site-packages/airflow/example_dags/example_branch_operator.py took 0.138 seconds
[2025-06-16T18:44:20.094+0200] {processor.py:153} INFO - Started process (PID=214004) to work on /home/monica.fernandez/practica_creativa/venv-airflow/lib/python3.11/site-packages/airflow/example_dags/example_branch_operator.py
[2025-06-16T18:44:20.095+0200] {processor.py:743} INFO - Processing file /home/monica.fernandez/practica_creativa/venv-airflow/lib/python3.11/site-packages/airflow/example_dags/example_branch_operator.py for tasks to queue
[2025-06-16T18:44:20.096+0200] {logging_mixin.py:137} INFO - [2025-06-16T18:44:20.096+0200] {dagbag.py:538} INFO - Filling up the DagBag from /home/monica.fernandez/practica_creativa/venv-airflow/lib/python3.11/site-packages/airflow/example_dags/example_branch_operator.py
[2025-06-16T18:44:20.110+0200] {processor.py:753} INFO - DAG(s) dict_keys(['example_branch_operator']) retrieved from /home/monica.fernandez/practica_creativa/venv-airflow/lib/python3.11/site-packages/airflow/example_dags/example_branch_operator.py
[2025-06-16T18:44:20.138+0200] {logging_mixin.py:137} INFO - [2025-06-16T18:44:20.138+0200] {dag.py:2690} INFO - Sync 1 DAGs
[2025-06-16T18:44:20.160+0200] {logging_mixin.py:137} INFO - [2025-06-16T18:44:20.160+0200] {dag.py:3437} INFO - Setting next_dagrun for example_branch_operator to 2025-06-15T00:00:00+00:00, run_after=2025-06-16T00:00:00+00:00
[2025-06-16T18:44:20.210+0200] {processor.py:175} INFO - Processing /home/monica.fernandez/practica_creativa/venv-airflow/lib/python3.11/site-packages/airflow/example_dags/example_branch_operator.py took 0.118 seconds
[2025-06-16T18:45:27.176+0200] {processor.py:153} INFO - Started process (PID=214621) to work on /home/monica.fernandez/practica_creativa/venv-airflow/lib/python3.11/site-packages/airflow/example_dags/example_branch_operator.py
[2025-06-16T18:45:27.178+0200] {processor.py:743} INFO - Processing file /home/monica.fernandez/practica_creativa/venv-airflow/lib/python3.11/site-packages/airflow/example_dags/example_branch_operator.py for tasks to queue
[2025-06-16T18:45:27.180+0200] {logging_mixin.py:137} INFO - [2025-06-16T18:45:27.179+0200] {dagbag.py:538} INFO - Filling up the DagBag from /home/monica.fernandez/practica_creativa/venv-airflow/lib/python3.11/site-packages/airflow/example_dags/example_branch_operator.py
[2025-06-16T18:45:27.216+0200] {processor.py:753} INFO - DAG(s) dict_keys(['example_branch_operator']) retrieved from /home/monica.fernandez/practica_creativa/venv-airflow/lib/python3.11/site-packages/airflow/example_dags/example_branch_operator.py
[2025-06-16T18:45:27.288+0200] {logging_mixin.py:137} INFO - [2025-06-16T18:45:27.287+0200] {dag.py:2690} INFO - Sync 1 DAGs
[2025-06-16T18:45:27.347+0200] {logging_mixin.py:137} INFO - [2025-06-16T18:45:27.347+0200] {dag.py:3437} INFO - Setting next_dagrun for example_branch_operator to 2025-06-15T00:00:00+00:00, run_after=2025-06-16T00:00:00+00:00
[2025-06-16T18:45:27.450+0200] {processor.py:175} INFO - Processing /home/monica.fernandez/practica_creativa/venv-airflow/lib/python3.11/site-packages/airflow/example_dags/example_branch_operator.py took 0.282 seconds
[2025-06-16T18:47:57.120+0200] {processor.py:153} INFO - Started process (PID=216380) to work on /home/monica.fernandez/practica_creativa/venv-airflow/lib/python3.11/site-packages/airflow/example_dags/example_branch_operator.py
[2025-06-16T18:47:57.123+0200] {processor.py:743} INFO - Processing file /home/monica.fernandez/practica_creativa/venv-airflow/lib/python3.11/site-packages/airflow/example_dags/example_branch_operator.py for tasks to queue
[2025-06-16T18:47:57.124+0200] {logging_mixin.py:137} INFO - [2025-06-16T18:47:57.124+0200] {dagbag.py:538} INFO - Filling up the DagBag from /home/monica.fernandez/practica_creativa/venv-airflow/lib/python3.11/site-packages/airflow/example_dags/example_branch_operator.py
[2025-06-16T18:47:57.170+0200] {processor.py:753} INFO - DAG(s) dict_keys(['example_branch_operator']) retrieved from /home/monica.fernandez/practica_creativa/venv-airflow/lib/python3.11/site-packages/airflow/example_dags/example_branch_operator.py
[2025-06-16T18:47:57.199+0200] {logging_mixin.py:137} INFO - [2025-06-16T18:47:57.199+0200] {dag.py:2690} INFO - Sync 1 DAGs
[2025-06-16T18:47:57.225+0200] {logging_mixin.py:137} INFO - [2025-06-16T18:47:57.225+0200] {dag.py:3437} INFO - Setting next_dagrun for example_branch_operator to 2025-06-15T00:00:00+00:00, run_after=2025-06-16T00:00:00+00:00
[2025-06-16T18:47:57.276+0200] {processor.py:175} INFO - Processing /home/monica.fernandez/practica_creativa/venv-airflow/lib/python3.11/site-packages/airflow/example_dags/example_branch_operator.py took 0.163 seconds
[2025-06-16T18:49:01.888+0200] {processor.py:153} INFO - Started process (PID=216920) to work on /home/monica.fernandez/practica_creativa/venv-airflow/lib/python3.11/site-packages/airflow/example_dags/example_branch_operator.py
[2025-06-16T18:49:01.890+0200] {processor.py:743} INFO - Processing file /home/monica.fernandez/practica_creativa/venv-airflow/lib/python3.11/site-packages/airflow/example_dags/example_branch_operator.py for tasks to queue
[2025-06-16T18:49:01.891+0200] {logging_mixin.py:137} INFO - [2025-06-16T18:49:01.891+0200] {dagbag.py:538} INFO - Filling up the DagBag from /home/monica.fernandez/practica_creativa/venv-airflow/lib/python3.11/site-packages/airflow/example_dags/example_branch_operator.py
[2025-06-16T18:49:01.915+0200] {processor.py:753} INFO - DAG(s) dict_keys(['example_branch_operator']) retrieved from /home/monica.fernandez/practica_creativa/venv-airflow/lib/python3.11/site-packages/airflow/example_dags/example_branch_operator.py
[2025-06-16T18:49:01.942+0200] {logging_mixin.py:137} INFO - [2025-06-16T18:49:01.942+0200] {dag.py:2690} INFO - Sync 1 DAGs
[2025-06-16T18:49:01.964+0200] {logging_mixin.py:137} INFO - [2025-06-16T18:49:01.964+0200] {dag.py:3437} INFO - Setting next_dagrun for example_branch_operator to 2025-06-15T00:00:00+00:00, run_after=2025-06-16T00:00:00+00:00
[2025-06-16T18:49:02.011+0200] {processor.py:175} INFO - Processing /home/monica.fernandez/practica_creativa/venv-airflow/lib/python3.11/site-packages/airflow/example_dags/example_branch_operator.py took 0.130 seconds
[2025-06-16T18:50:07.394+0200] {processor.py:153} INFO - Started process (PID=217481) to work on /home/monica.fernandez/practica_creativa/venv-airflow/lib/python3.11/site-packages/airflow/example_dags/example_branch_operator.py
[2025-06-16T18:50:07.396+0200] {processor.py:743} INFO - Processing file /home/monica.fernandez/practica_creativa/venv-airflow/lib/python3.11/site-packages/airflow/example_dags/example_branch_operator.py for tasks to queue
[2025-06-16T18:50:07.398+0200] {logging_mixin.py:137} INFO - [2025-06-16T18:50:07.397+0200] {dagbag.py:538} INFO - Filling up the DagBag from /home/monica.fernandez/practica_creativa/venv-airflow/lib/python3.11/site-packages/airflow/example_dags/example_branch_operator.py
[2025-06-16T18:50:07.434+0200] {processor.py:753} INFO - DAG(s) dict_keys(['example_branch_operator']) retrieved from /home/monica.fernandez/practica_creativa/venv-airflow/lib/python3.11/site-packages/airflow/example_dags/example_branch_operator.py
[2025-06-16T18:50:07.461+0200] {logging_mixin.py:137} INFO - [2025-06-16T18:50:07.461+0200] {dag.py:2690} INFO - Sync 1 DAGs
[2025-06-16T18:50:07.486+0200] {logging_mixin.py:137} INFO - [2025-06-16T18:50:07.486+0200] {dag.py:3437} INFO - Setting next_dagrun for example_branch_operator to 2025-06-15T00:00:00+00:00, run_after=2025-06-16T00:00:00+00:00
[2025-06-16T18:50:07.576+0200] {processor.py:175} INFO - Processing /home/monica.fernandez/practica_creativa/venv-airflow/lib/python3.11/site-packages/airflow/example_dags/example_branch_operator.py took 0.191 seconds
[2025-06-16T18:51:19.330+0200] {processor.py:153} INFO - Started process (PID=218097) to work on /home/monica.fernandez/practica_creativa/venv-airflow/lib/python3.11/site-packages/airflow/example_dags/example_branch_operator.py
[2025-06-16T18:51:19.331+0200] {processor.py:743} INFO - Processing file /home/monica.fernandez/practica_creativa/venv-airflow/lib/python3.11/site-packages/airflow/example_dags/example_branch_operator.py for tasks to queue
[2025-06-16T18:51:19.332+0200] {logging_mixin.py:137} INFO - [2025-06-16T18:51:19.332+0200] {dagbag.py:538} INFO - Filling up the DagBag from /home/monica.fernandez/practica_creativa/venv-airflow/lib/python3.11/site-packages/airflow/example_dags/example_branch_operator.py
[2025-06-16T18:51:19.351+0200] {processor.py:753} INFO - DAG(s) dict_keys(['example_branch_operator']) retrieved from /home/monica.fernandez/practica_creativa/venv-airflow/lib/python3.11/site-packages/airflow/example_dags/example_branch_operator.py
[2025-06-16T18:51:19.379+0200] {logging_mixin.py:137} INFO - [2025-06-16T18:51:19.379+0200] {dag.py:2690} INFO - Sync 1 DAGs
[2025-06-16T18:51:19.404+0200] {logging_mixin.py:137} INFO - [2025-06-16T18:51:19.404+0200] {dag.py:3437} INFO - Setting next_dagrun for example_branch_operator to 2025-06-15T00:00:00+00:00, run_after=2025-06-16T00:00:00+00:00
[2025-06-16T18:51:19.457+0200] {processor.py:175} INFO - Processing /home/monica.fernandez/practica_creativa/venv-airflow/lib/python3.11/site-packages/airflow/example_dags/example_branch_operator.py took 0.129 seconds
[2025-06-16T18:52:39.155+0200] {processor.py:153} INFO - Started process (PID=218899) to work on /home/monica.fernandez/practica_creativa/venv-airflow/lib/python3.11/site-packages/airflow/example_dags/example_branch_operator.py
[2025-06-16T18:52:39.157+0200] {processor.py:743} INFO - Processing file /home/monica.fernandez/practica_creativa/venv-airflow/lib/python3.11/site-packages/airflow/example_dags/example_branch_operator.py for tasks to queue
[2025-06-16T18:52:39.159+0200] {logging_mixin.py:137} INFO - [2025-06-16T18:52:39.158+0200] {dagbag.py:538} INFO - Filling up the DagBag from /home/monica.fernandez/practica_creativa/venv-airflow/lib/python3.11/site-packages/airflow/example_dags/example_branch_operator.py
[2025-06-16T18:52:39.219+0200] {processor.py:753} INFO - DAG(s) dict_keys(['example_branch_operator']) retrieved from /home/monica.fernandez/practica_creativa/venv-airflow/lib/python3.11/site-packages/airflow/example_dags/example_branch_operator.py
[2025-06-16T18:52:39.300+0200] {logging_mixin.py:137} INFO - [2025-06-16T18:52:39.300+0200] {dag.py:2690} INFO - Sync 1 DAGs
[2025-06-16T18:52:39.335+0200] {logging_mixin.py:137} INFO - [2025-06-16T18:52:39.335+0200] {dag.py:3437} INFO - Setting next_dagrun for example_branch_operator to 2025-06-15T00:00:00+00:00, run_after=2025-06-16T00:00:00+00:00
[2025-06-16T18:52:39.395+0200] {processor.py:175} INFO - Processing /home/monica.fernandez/practica_creativa/venv-airflow/lib/python3.11/site-packages/airflow/example_dags/example_branch_operator.py took 0.248 seconds
[2025-06-16T18:56:32.661+0200] {processor.py:153} INFO - Started process (PID=221150) to work on /home/monica.fernandez/practica_creativa/venv-airflow/lib/python3.11/site-packages/airflow/example_dags/example_branch_operator.py
[2025-06-16T18:56:32.662+0200] {processor.py:743} INFO - Processing file /home/monica.fernandez/practica_creativa/venv-airflow/lib/python3.11/site-packages/airflow/example_dags/example_branch_operator.py for tasks to queue
[2025-06-16T18:56:32.663+0200] {logging_mixin.py:137} INFO - [2025-06-16T18:56:32.663+0200] {dagbag.py:538} INFO - Filling up the DagBag from /home/monica.fernandez/practica_creativa/venv-airflow/lib/python3.11/site-packages/airflow/example_dags/example_branch_operator.py
[2025-06-16T18:56:32.680+0200] {processor.py:753} INFO - DAG(s) dict_keys(['example_branch_operator']) retrieved from /home/monica.fernandez/practica_creativa/venv-airflow/lib/python3.11/site-packages/airflow/example_dags/example_branch_operator.py
[2025-06-16T18:56:32.712+0200] {logging_mixin.py:137} INFO - [2025-06-16T18:56:32.712+0200] {dag.py:2690} INFO - Sync 1 DAGs
[2025-06-16T18:56:32.739+0200] {logging_mixin.py:137} INFO - [2025-06-16T18:56:32.739+0200] {dag.py:3437} INFO - Setting next_dagrun for example_branch_operator to 2025-06-15T00:00:00+00:00, run_after=2025-06-16T00:00:00+00:00
[2025-06-16T18:56:32.789+0200] {processor.py:175} INFO - Processing /home/monica.fernandez/practica_creativa/venv-airflow/lib/python3.11/site-packages/airflow/example_dags/example_branch_operator.py took 0.135 seconds
[2025-06-16T18:57:27.497+0200] {processor.py:153} INFO - Started process (PID=221623) to work on /home/monica.fernandez/practica_creativa/venv-airflow/lib/python3.11/site-packages/airflow/example_dags/example_branch_operator.py
[2025-06-16T18:57:27.500+0200] {processor.py:743} INFO - Processing file /home/monica.fernandez/practica_creativa/venv-airflow/lib/python3.11/site-packages/airflow/example_dags/example_branch_operator.py for tasks to queue
[2025-06-16T18:57:27.501+0200] {logging_mixin.py:137} INFO - [2025-06-16T18:57:27.501+0200] {dagbag.py:538} INFO - Filling up the DagBag from /home/monica.fernandez/practica_creativa/venv-airflow/lib/python3.11/site-packages/airflow/example_dags/example_branch_operator.py
[2025-06-16T18:57:27.532+0200] {processor.py:753} INFO - DAG(s) dict_keys(['example_branch_operator']) retrieved from /home/monica.fernandez/practica_creativa/venv-airflow/lib/python3.11/site-packages/airflow/example_dags/example_branch_operator.py
[2025-06-16T18:57:27.571+0200] {logging_mixin.py:137} INFO - [2025-06-16T18:57:27.571+0200] {dag.py:2690} INFO - Sync 1 DAGs
[2025-06-16T18:57:27.600+0200] {logging_mixin.py:137} INFO - [2025-06-16T18:57:27.599+0200] {dag.py:3437} INFO - Setting next_dagrun for example_branch_operator to 2025-06-15T00:00:00+00:00, run_after=2025-06-16T00:00:00+00:00
[2025-06-16T18:57:27.654+0200] {processor.py:175} INFO - Processing /home/monica.fernandez/practica_creativa/venv-airflow/lib/python3.11/site-packages/airflow/example_dags/example_branch_operator.py took 0.165 seconds
[2025-06-16T18:58:36.370+0200] {processor.py:153} INFO - Started process (PID=222180) to work on /home/monica.fernandez/practica_creativa/venv-airflow/lib/python3.11/site-packages/airflow/example_dags/example_branch_operator.py
[2025-06-16T18:58:36.373+0200] {processor.py:743} INFO - Processing file /home/monica.fernandez/practica_creativa/venv-airflow/lib/python3.11/site-packages/airflow/example_dags/example_branch_operator.py for tasks to queue
[2025-06-16T18:58:36.374+0200] {logging_mixin.py:137} INFO - [2025-06-16T18:58:36.374+0200] {dagbag.py:538} INFO - Filling up the DagBag from /home/monica.fernandez/practica_creativa/venv-airflow/lib/python3.11/site-packages/airflow/example_dags/example_branch_operator.py
[2025-06-16T18:58:36.414+0200] {processor.py:753} INFO - DAG(s) dict_keys(['example_branch_operator']) retrieved from /home/monica.fernandez/practica_creativa/venv-airflow/lib/python3.11/site-packages/airflow/example_dags/example_branch_operator.py
[2025-06-16T18:58:36.465+0200] {logging_mixin.py:137} INFO - [2025-06-16T18:58:36.464+0200] {dag.py:2690} INFO - Sync 1 DAGs
[2025-06-16T18:58:36.497+0200] {logging_mixin.py:137} INFO - [2025-06-16T18:58:36.496+0200] {dag.py:3437} INFO - Setting next_dagrun for example_branch_operator to 2025-06-15T00:00:00+00:00, run_after=2025-06-16T00:00:00+00:00
[2025-06-16T18:58:36.549+0200] {processor.py:175} INFO - Processing /home/monica.fernandez/practica_creativa/venv-airflow/lib/python3.11/site-packages/airflow/example_dags/example_branch_operator.py took 0.188 seconds
[2025-06-16T18:59:40.448+0200] {processor.py:153} INFO - Started process (PID=223022) to work on /home/monica.fernandez/practica_creativa/venv-airflow/lib/python3.11/site-packages/airflow/example_dags/example_branch_operator.py
[2025-06-16T18:59:40.449+0200] {processor.py:743} INFO - Processing file /home/monica.fernandez/practica_creativa/venv-airflow/lib/python3.11/site-packages/airflow/example_dags/example_branch_operator.py for tasks to queue
[2025-06-16T18:59:40.450+0200] {logging_mixin.py:137} INFO - [2025-06-16T18:59:40.450+0200] {dagbag.py:538} INFO - Filling up the DagBag from /home/monica.fernandez/practica_creativa/venv-airflow/lib/python3.11/site-packages/airflow/example_dags/example_branch_operator.py
[2025-06-16T18:59:40.469+0200] {processor.py:753} INFO - DAG(s) dict_keys(['example_branch_operator']) retrieved from /home/monica.fernandez/practica_creativa/venv-airflow/lib/python3.11/site-packages/airflow/example_dags/example_branch_operator.py
[2025-06-16T18:59:40.500+0200] {logging_mixin.py:137} INFO - [2025-06-16T18:59:40.500+0200] {dag.py:2690} INFO - Sync 1 DAGs
[2025-06-16T18:59:40.530+0200] {logging_mixin.py:137} INFO - [2025-06-16T18:59:40.530+0200] {dag.py:3437} INFO - Setting next_dagrun for example_branch_operator to 2025-06-15T00:00:00+00:00, run_after=2025-06-16T00:00:00+00:00
[2025-06-16T18:59:40.583+0200] {processor.py:175} INFO - Processing /home/monica.fernandez/practica_creativa/venv-airflow/lib/python3.11/site-packages/airflow/example_dags/example_branch_operator.py took 0.139 seconds
[2025-06-16T19:02:43.910+0200] {processor.py:153} INFO - Started process (PID=224948) to work on /home/monica.fernandez/practica_creativa/venv-airflow/lib/python3.11/site-packages/airflow/example_dags/example_branch_operator.py
[2025-06-16T19:02:43.911+0200] {processor.py:743} INFO - Processing file /home/monica.fernandez/practica_creativa/venv-airflow/lib/python3.11/site-packages/airflow/example_dags/example_branch_operator.py for tasks to queue
[2025-06-16T19:02:43.911+0200] {logging_mixin.py:137} INFO - [2025-06-16T19:02:43.911+0200] {dagbag.py:538} INFO - Filling up the DagBag from /home/monica.fernandez/practica_creativa/venv-airflow/lib/python3.11/site-packages/airflow/example_dags/example_branch_operator.py
[2025-06-16T19:02:43.921+0200] {processor.py:753} INFO - DAG(s) dict_keys(['example_branch_operator']) retrieved from /home/monica.fernandez/practica_creativa/venv-airflow/lib/python3.11/site-packages/airflow/example_dags/example_branch_operator.py
[2025-06-16T19:02:43.948+0200] {logging_mixin.py:137} INFO - [2025-06-16T19:02:43.948+0200] {dag.py:2690} INFO - Sync 1 DAGs
[2025-06-16T19:02:43.970+0200] {logging_mixin.py:137} INFO - [2025-06-16T19:02:43.970+0200] {dag.py:3437} INFO - Setting next_dagrun for example_branch_operator to 2025-06-15T00:00:00+00:00, run_after=2025-06-16T00:00:00+00:00
[2025-06-16T19:02:44.016+0200] {processor.py:175} INFO - Processing /home/monica.fernandez/practica_creativa/venv-airflow/lib/python3.11/site-packages/airflow/example_dags/example_branch_operator.py took 0.109 seconds
[2025-06-16T19:03:59.162+0200] {processor.py:153} INFO - Started process (PID=225617) to work on /home/monica.fernandez/practica_creativa/venv-airflow/lib/python3.11/site-packages/airflow/example_dags/example_branch_operator.py
[2025-06-16T19:03:59.164+0200] {processor.py:743} INFO - Processing file /home/monica.fernandez/practica_creativa/venv-airflow/lib/python3.11/site-packages/airflow/example_dags/example_branch_operator.py for tasks to queue
[2025-06-16T19:03:59.165+0200] {logging_mixin.py:137} INFO - [2025-06-16T19:03:59.165+0200] {dagbag.py:538} INFO - Filling up the DagBag from /home/monica.fernandez/practica_creativa/venv-airflow/lib/python3.11/site-packages/airflow/example_dags/example_branch_operator.py
[2025-06-16T19:03:59.201+0200] {processor.py:753} INFO - DAG(s) dict_keys(['example_branch_operator']) retrieved from /home/monica.fernandez/practica_creativa/venv-airflow/lib/python3.11/site-packages/airflow/example_dags/example_branch_operator.py
[2025-06-16T19:03:59.230+0200] {logging_mixin.py:137} INFO - [2025-06-16T19:03:59.230+0200] {dag.py:2690} INFO - Sync 1 DAGs
[2025-06-16T19:03:59.256+0200] {logging_mixin.py:137} INFO - [2025-06-16T19:03:59.256+0200] {dag.py:3437} INFO - Setting next_dagrun for example_branch_operator to 2025-06-15T00:00:00+00:00, run_after=2025-06-16T00:00:00+00:00
[2025-06-16T19:03:59.303+0200] {processor.py:175} INFO - Processing /home/monica.fernandez/practica_creativa/venv-airflow/lib/python3.11/site-packages/airflow/example_dags/example_branch_operator.py took 0.149 seconds
[2025-06-16T19:09:07.325+0200] {processor.py:153} INFO - Started process (PID=230559) to work on /home/monica.fernandez/practica_creativa/venv-airflow/lib/python3.11/site-packages/airflow/example_dags/example_branch_operator.py
[2025-06-16T19:09:07.327+0200] {processor.py:743} INFO - Processing file /home/monica.fernandez/practica_creativa/venv-airflow/lib/python3.11/site-packages/airflow/example_dags/example_branch_operator.py for tasks to queue
[2025-06-16T19:09:07.328+0200] {logging_mixin.py:137} INFO - [2025-06-16T19:09:07.328+0200] {dagbag.py:538} INFO - Filling up the DagBag from /home/monica.fernandez/practica_creativa/venv-airflow/lib/python3.11/site-packages/airflow/example_dags/example_branch_operator.py
[2025-06-16T19:09:07.357+0200] {processor.py:753} INFO - DAG(s) dict_keys(['example_branch_operator']) retrieved from /home/monica.fernandez/practica_creativa/venv-airflow/lib/python3.11/site-packages/airflow/example_dags/example_branch_operator.py
[2025-06-16T19:09:07.393+0200] {logging_mixin.py:137} INFO - [2025-06-16T19:09:07.393+0200] {dag.py:2690} INFO - Sync 1 DAGs
[2025-06-16T19:09:07.420+0200] {logging_mixin.py:137} INFO - [2025-06-16T19:09:07.420+0200] {dag.py:3437} INFO - Setting next_dagrun for example_branch_operator to 2025-06-15T00:00:00+00:00, run_after=2025-06-16T00:00:00+00:00
[2025-06-16T19:09:07.584+0200] {processor.py:175} INFO - Processing /home/monica.fernandez/practica_creativa/venv-airflow/lib/python3.11/site-packages/airflow/example_dags/example_branch_operator.py took 0.268 seconds
[2025-06-16T19:10:16.695+0200] {processor.py:153} INFO - Started process (PID=231536) to work on /home/monica.fernandez/practica_creativa/venv-airflow/lib/python3.11/site-packages/airflow/example_dags/example_branch_operator.py
[2025-06-16T19:10:16.697+0200] {processor.py:743} INFO - Processing file /home/monica.fernandez/practica_creativa/venv-airflow/lib/python3.11/site-packages/airflow/example_dags/example_branch_operator.py for tasks to queue
[2025-06-16T19:10:16.699+0200] {logging_mixin.py:137} INFO - [2025-06-16T19:10:16.698+0200] {dagbag.py:538} INFO - Filling up the DagBag from /home/monica.fernandez/practica_creativa/venv-airflow/lib/python3.11/site-packages/airflow/example_dags/example_branch_operator.py
[2025-06-16T19:10:16.717+0200] {processor.py:753} INFO - DAG(s) dict_keys(['example_branch_operator']) retrieved from /home/monica.fernandez/practica_creativa/venv-airflow/lib/python3.11/site-packages/airflow/example_dags/example_branch_operator.py
[2025-06-16T19:10:16.743+0200] {logging_mixin.py:137} INFO - [2025-06-16T19:10:16.743+0200] {dag.py:2690} INFO - Sync 1 DAGs
[2025-06-16T19:10:16.869+0200] {logging_mixin.py:137} INFO - [2025-06-16T19:10:16.869+0200] {dag.py:3437} INFO - Setting next_dagrun for example_branch_operator to 2025-06-15T00:00:00+00:00, run_after=2025-06-16T00:00:00+00:00
[2025-06-16T19:10:16.916+0200] {processor.py:175} INFO - Processing /home/monica.fernandez/practica_creativa/venv-airflow/lib/python3.11/site-packages/airflow/example_dags/example_branch_operator.py took 0.230 seconds
[2025-06-16T19:11:26.759+0200] {processor.py:153} INFO - Started process (PID=232896) to work on /home/monica.fernandez/practica_creativa/venv-airflow/lib/python3.11/site-packages/airflow/example_dags/example_branch_operator.py
[2025-06-16T19:11:26.761+0200] {processor.py:743} INFO - Processing file /home/monica.fernandez/practica_creativa/venv-airflow/lib/python3.11/site-packages/airflow/example_dags/example_branch_operator.py for tasks to queue
[2025-06-16T19:11:26.762+0200] {logging_mixin.py:137} INFO - [2025-06-16T19:11:26.762+0200] {dagbag.py:538} INFO - Filling up the DagBag from /home/monica.fernandez/practica_creativa/venv-airflow/lib/python3.11/site-packages/airflow/example_dags/example_branch_operator.py
[2025-06-16T19:11:26.788+0200] {processor.py:753} INFO - DAG(s) dict_keys(['example_branch_operator']) retrieved from /home/monica.fernandez/practica_creativa/venv-airflow/lib/python3.11/site-packages/airflow/example_dags/example_branch_operator.py
[2025-06-16T19:11:26.922+0200] {logging_mixin.py:137} INFO - [2025-06-16T19:11:26.922+0200] {dag.py:2690} INFO - Sync 1 DAGs
[2025-06-16T19:11:26.944+0200] {logging_mixin.py:137} INFO - [2025-06-16T19:11:26.944+0200] {dag.py:3437} INFO - Setting next_dagrun for example_branch_operator to 2025-06-15T00:00:00+00:00, run_after=2025-06-16T00:00:00+00:00
[2025-06-16T19:11:27.027+0200] {processor.py:175} INFO - Processing /home/monica.fernandez/practica_creativa/venv-airflow/lib/python3.11/site-packages/airflow/example_dags/example_branch_operator.py took 0.276 seconds
[2025-06-16T19:13:15.192+0200] {processor.py:153} INFO - Started process (PID=235548) to work on /home/monica.fernandez/practica_creativa/venv-airflow/lib/python3.11/site-packages/airflow/example_dags/example_branch_operator.py
[2025-06-16T19:13:15.193+0200] {processor.py:743} INFO - Processing file /home/monica.fernandez/practica_creativa/venv-airflow/lib/python3.11/site-packages/airflow/example_dags/example_branch_operator.py for tasks to queue
[2025-06-16T19:13:15.194+0200] {logging_mixin.py:137} INFO - [2025-06-16T19:13:15.193+0200] {dagbag.py:538} INFO - Filling up the DagBag from /home/monica.fernandez/practica_creativa/venv-airflow/lib/python3.11/site-packages/airflow/example_dags/example_branch_operator.py
[2025-06-16T19:13:15.229+0200] {processor.py:753} INFO - DAG(s) dict_keys(['example_branch_operator']) retrieved from /home/monica.fernandez/practica_creativa/venv-airflow/lib/python3.11/site-packages/airflow/example_dags/example_branch_operator.py
[2025-06-16T19:13:15.268+0200] {logging_mixin.py:137} INFO - [2025-06-16T19:13:15.268+0200] {dag.py:2690} INFO - Sync 1 DAGs
[2025-06-16T19:13:15.414+0200] {logging_mixin.py:137} INFO - [2025-06-16T19:13:15.414+0200] {dag.py:3437} INFO - Setting next_dagrun for example_branch_operator to 2025-06-15T00:00:00+00:00, run_after=2025-06-16T00:00:00+00:00
[2025-06-16T19:13:15.535+0200] {processor.py:175} INFO - Processing /home/monica.fernandez/practica_creativa/venv-airflow/lib/python3.11/site-packages/airflow/example_dags/example_branch_operator.py took 0.346 seconds
