[2025-06-16T18:28:01.648+0200] {processor.py:153} INFO - Started process (PID=204468) to work on /home/monica.fernandez/practica_creativa/venv-airflow/lib/python3.11/site-packages/airflow/example_dags/example_nested_branch_dag.py
[2025-06-16T18:28:01.649+0200] {processor.py:743} INFO - Processing file /home/monica.fernandez/practica_creativa/venv-airflow/lib/python3.11/site-packages/airflow/example_dags/example_nested_branch_dag.py for tasks to queue
[2025-06-16T18:28:01.649+0200] {logging_mixin.py:137} INFO - [2025-06-16T18:28:01.649+0200] {dagbag.py:538} INFO - Filling up the DagBag from /home/monica.fernandez/practica_creativa/venv-airflow/lib/python3.11/site-packages/airflow/example_dags/example_nested_branch_dag.py
[2025-06-16T18:28:01.682+0200] {processor.py:753} INFO - DAG(s) dict_keys(['example_nested_branch_dag']) retrieved from /home/monica.fernandez/practica_creativa/venv-airflow/lib/python3.11/site-packages/airflow/example_dags/example_nested_branch_dag.py
[2025-06-16T18:28:01.821+0200] {logging_mixin.py:137} INFO - [2025-06-16T18:28:01.821+0200] {manager.py:504} INFO - Created Permission View: can read on DAG:example_nested_branch_dag
[2025-06-16T18:28:01.853+0200] {logging_mixin.py:137} INFO - [2025-06-16T18:28:01.852+0200] {manager.py:504} INFO - Created Permission View: can delete on DAG:example_nested_branch_dag
[2025-06-16T18:28:01.888+0200] {logging_mixin.py:137} INFO - [2025-06-16T18:28:01.887+0200] {manager.py:504} INFO - Created Permission View: can edit on DAG:example_nested_branch_dag
[2025-06-16T18:28:01.888+0200] {logging_mixin.py:137} INFO - [2025-06-16T18:28:01.888+0200] {dag.py:2690} INFO - Sync 1 DAGs
[2025-06-16T18:28:01.903+0200] {logging_mixin.py:137} INFO - [2025-06-16T18:28:01.903+0200] {dag.py:2711} INFO - Creating ORM DAG for example_nested_branch_dag
[2025-06-16T18:28:01.917+0200] {logging_mixin.py:137} INFO - [2025-06-16T18:28:01.917+0200] {dag.py:3437} INFO - Setting next_dagrun for example_nested_branch_dag to 2025-06-15T00:00:00+00:00, run_after=2025-06-16T00:00:00+00:00
[2025-06-16T18:28:01.964+0200] {processor.py:175} INFO - Processing /home/monica.fernandez/practica_creativa/venv-airflow/lib/python3.11/site-packages/airflow/example_dags/example_nested_branch_dag.py took 0.320 seconds
[2025-06-16T18:29:25.128+0200] {processor.py:153} INFO - Started process (PID=205240) to work on /home/monica.fernandez/practica_creativa/venv-airflow/lib/python3.11/site-packages/airflow/example_dags/example_nested_branch_dag.py
[2025-06-16T18:29:25.130+0200] {processor.py:743} INFO - Processing file /home/monica.fernandez/practica_creativa/venv-airflow/lib/python3.11/site-packages/airflow/example_dags/example_nested_branch_dag.py for tasks to queue
[2025-06-16T18:29:25.132+0200] {logging_mixin.py:137} INFO - [2025-06-16T18:29:25.131+0200] {dagbag.py:538} INFO - Filling up the DagBag from /home/monica.fernandez/practica_creativa/venv-airflow/lib/python3.11/site-packages/airflow/example_dags/example_nested_branch_dag.py
[2025-06-16T18:29:25.194+0200] {processor.py:753} INFO - DAG(s) dict_keys(['example_nested_branch_dag']) retrieved from /home/monica.fernandez/practica_creativa/venv-airflow/lib/python3.11/site-packages/airflow/example_dags/example_nested_branch_dag.py
[2025-06-16T18:29:25.220+0200] {logging_mixin.py:137} INFO - [2025-06-16T18:29:25.220+0200] {dag.py:2690} INFO - Sync 1 DAGs
[2025-06-16T18:29:25.243+0200] {logging_mixin.py:137} INFO - [2025-06-16T18:29:25.243+0200] {dag.py:3437} INFO - Setting next_dagrun for example_nested_branch_dag to 2025-06-15T00:00:00+00:00, run_after=2025-06-16T00:00:00+00:00
[2025-06-16T18:29:25.293+0200] {processor.py:175} INFO - Processing /home/monica.fernandez/practica_creativa/venv-airflow/lib/python3.11/site-packages/airflow/example_dags/example_nested_branch_dag.py took 0.173 seconds
[2025-06-16T18:30:15.688+0200] {processor.py:153} INFO - Started process (PID=205713) to work on /home/monica.fernandez/practica_creativa/venv-airflow/lib/python3.11/site-packages/airflow/example_dags/example_nested_branch_dag.py
[2025-06-16T18:30:15.690+0200] {processor.py:743} INFO - Processing file /home/monica.fernandez/practica_creativa/venv-airflow/lib/python3.11/site-packages/airflow/example_dags/example_nested_branch_dag.py for tasks to queue
[2025-06-16T18:30:15.692+0200] {logging_mixin.py:137} INFO - [2025-06-16T18:30:15.691+0200] {dagbag.py:538} INFO - Filling up the DagBag from /home/monica.fernandez/practica_creativa/venv-airflow/lib/python3.11/site-packages/airflow/example_dags/example_nested_branch_dag.py
[2025-06-16T18:30:15.734+0200] {processor.py:753} INFO - DAG(s) dict_keys(['example_nested_branch_dag']) retrieved from /home/monica.fernandez/practica_creativa/venv-airflow/lib/python3.11/site-packages/airflow/example_dags/example_nested_branch_dag.py
[2025-06-16T18:30:15.759+0200] {logging_mixin.py:137} INFO - [2025-06-16T18:30:15.759+0200] {dag.py:2690} INFO - Sync 1 DAGs
[2025-06-16T18:30:15.782+0200] {logging_mixin.py:137} INFO - [2025-06-16T18:30:15.782+0200] {dag.py:3437} INFO - Setting next_dagrun for example_nested_branch_dag to 2025-06-15T00:00:00+00:00, run_after=2025-06-16T00:00:00+00:00
[2025-06-16T18:30:15.828+0200] {processor.py:175} INFO - Processing /home/monica.fernandez/practica_creativa/venv-airflow/lib/python3.11/site-packages/airflow/example_dags/example_nested_branch_dag.py took 0.148 seconds
[2025-06-16T18:34:27.235+0200] {processor.py:153} INFO - Started process (PID=207869) to work on /home/monica.fernandez/practica_creativa/venv-airflow/lib/python3.11/site-packages/airflow/example_dags/example_nested_branch_dag.py
[2025-06-16T18:34:27.237+0200] {processor.py:743} INFO - Processing file /home/monica.fernandez/practica_creativa/venv-airflow/lib/python3.11/site-packages/airflow/example_dags/example_nested_branch_dag.py for tasks to queue
[2025-06-16T18:34:27.239+0200] {logging_mixin.py:137} INFO - [2025-06-16T18:34:27.238+0200] {dagbag.py:538} INFO - Filling up the DagBag from /home/monica.fernandez/practica_creativa/venv-airflow/lib/python3.11/site-packages/airflow/example_dags/example_nested_branch_dag.py
[2025-06-16T18:34:27.276+0200] {processor.py:753} INFO - DAG(s) dict_keys(['example_nested_branch_dag']) retrieved from /home/monica.fernandez/practica_creativa/venv-airflow/lib/python3.11/site-packages/airflow/example_dags/example_nested_branch_dag.py
[2025-06-16T18:34:27.419+0200] {logging_mixin.py:137} INFO - [2025-06-16T18:34:27.419+0200] {manager.py:504} INFO - Created Permission View: can edit on DAG:example_nested_branch_dag
[2025-06-16T18:34:27.461+0200] {logging_mixin.py:137} INFO - [2025-06-16T18:34:27.461+0200] {manager.py:504} INFO - Created Permission View: can delete on DAG:example_nested_branch_dag
[2025-06-16T18:34:27.487+0200] {logging_mixin.py:137} INFO - [2025-06-16T18:34:27.487+0200] {manager.py:504} INFO - Created Permission View: can read on DAG:example_nested_branch_dag
[2025-06-16T18:34:27.487+0200] {logging_mixin.py:137} INFO - [2025-06-16T18:34:27.487+0200] {dag.py:2690} INFO - Sync 1 DAGs
[2025-06-16T18:34:27.502+0200] {logging_mixin.py:137} INFO - [2025-06-16T18:34:27.502+0200] {dag.py:2711} INFO - Creating ORM DAG for example_nested_branch_dag
[2025-06-16T18:34:27.515+0200] {logging_mixin.py:137} INFO - [2025-06-16T18:34:27.514+0200] {dag.py:3437} INFO - Setting next_dagrun for example_nested_branch_dag to 2025-06-15T00:00:00+00:00, run_after=2025-06-16T00:00:00+00:00
[2025-06-16T18:34:27.569+0200] {processor.py:175} INFO - Processing /home/monica.fernandez/practica_creativa/venv-airflow/lib/python3.11/site-packages/airflow/example_dags/example_nested_branch_dag.py took 0.342 seconds
[2025-06-16T18:35:43.023+0200] {processor.py:153} INFO - Started process (PID=208626) to work on /home/monica.fernandez/practica_creativa/venv-airflow/lib/python3.11/site-packages/airflow/example_dags/example_nested_branch_dag.py
[2025-06-16T18:35:43.025+0200] {processor.py:743} INFO - Processing file /home/monica.fernandez/practica_creativa/venv-airflow/lib/python3.11/site-packages/airflow/example_dags/example_nested_branch_dag.py for tasks to queue
[2025-06-16T18:35:43.027+0200] {logging_mixin.py:137} INFO - [2025-06-16T18:35:43.026+0200] {dagbag.py:538} INFO - Filling up the DagBag from /home/monica.fernandez/practica_creativa/venv-airflow/lib/python3.11/site-packages/airflow/example_dags/example_nested_branch_dag.py
[2025-06-16T18:35:43.091+0200] {processor.py:753} INFO - DAG(s) dict_keys(['example_nested_branch_dag']) retrieved from /home/monica.fernandez/practica_creativa/venv-airflow/lib/python3.11/site-packages/airflow/example_dags/example_nested_branch_dag.py
[2025-06-16T18:35:43.119+0200] {logging_mixin.py:137} INFO - [2025-06-16T18:35:43.119+0200] {dag.py:2690} INFO - Sync 1 DAGs
[2025-06-16T18:35:43.145+0200] {logging_mixin.py:137} INFO - [2025-06-16T18:35:43.145+0200] {dag.py:3437} INFO - Setting next_dagrun for example_nested_branch_dag to 2025-06-15T00:00:00+00:00, run_after=2025-06-16T00:00:00+00:00
[2025-06-16T18:35:43.193+0200] {processor.py:175} INFO - Processing /home/monica.fernandez/practica_creativa/venv-airflow/lib/python3.11/site-packages/airflow/example_dags/example_nested_branch_dag.py took 0.178 seconds
[2025-06-16T18:36:34.238+0200] {processor.py:153} INFO - Started process (PID=209073) to work on /home/monica.fernandez/practica_creativa/venv-airflow/lib/python3.11/site-packages/airflow/example_dags/example_nested_branch_dag.py
[2025-06-16T18:36:34.238+0200] {processor.py:743} INFO - Processing file /home/monica.fernandez/practica_creativa/venv-airflow/lib/python3.11/site-packages/airflow/example_dags/example_nested_branch_dag.py for tasks to queue
[2025-06-16T18:36:34.239+0200] {logging_mixin.py:137} INFO - [2025-06-16T18:36:34.239+0200] {dagbag.py:538} INFO - Filling up the DagBag from /home/monica.fernandez/practica_creativa/venv-airflow/lib/python3.11/site-packages/airflow/example_dags/example_nested_branch_dag.py
[2025-06-16T18:36:34.268+0200] {processor.py:753} INFO - DAG(s) dict_keys(['example_nested_branch_dag']) retrieved from /home/monica.fernandez/practica_creativa/venv-airflow/lib/python3.11/site-packages/airflow/example_dags/example_nested_branch_dag.py
[2025-06-16T18:36:34.305+0200] {logging_mixin.py:137} INFO - [2025-06-16T18:36:34.305+0200] {dag.py:2690} INFO - Sync 1 DAGs
[2025-06-16T18:36:34.329+0200] {logging_mixin.py:137} INFO - [2025-06-16T18:36:34.329+0200] {dag.py:3437} INFO - Setting next_dagrun for example_nested_branch_dag to 2025-06-15T00:00:00+00:00, run_after=2025-06-16T00:00:00+00:00
[2025-06-16T18:36:34.377+0200] {processor.py:175} INFO - Processing /home/monica.fernandez/practica_creativa/venv-airflow/lib/python3.11/site-packages/airflow/example_dags/example_nested_branch_dag.py took 0.142 seconds
[2025-06-16T18:37:38.960+0200] {processor.py:153} INFO - Started process (PID=209648) to work on /home/monica.fernandez/practica_creativa/venv-airflow/lib/python3.11/site-packages/airflow/example_dags/example_nested_branch_dag.py
[2025-06-16T18:37:38.961+0200] {processor.py:743} INFO - Processing file /home/monica.fernandez/practica_creativa/venv-airflow/lib/python3.11/site-packages/airflow/example_dags/example_nested_branch_dag.py for tasks to queue
[2025-06-16T18:37:38.962+0200] {logging_mixin.py:137} INFO - [2025-06-16T18:37:38.962+0200] {dagbag.py:538} INFO - Filling up the DagBag from /home/monica.fernandez/practica_creativa/venv-airflow/lib/python3.11/site-packages/airflow/example_dags/example_nested_branch_dag.py
[2025-06-16T18:37:39.005+0200] {processor.py:753} INFO - DAG(s) dict_keys(['example_nested_branch_dag']) retrieved from /home/monica.fernandez/practica_creativa/venv-airflow/lib/python3.11/site-packages/airflow/example_dags/example_nested_branch_dag.py
[2025-06-16T18:37:39.029+0200] {logging_mixin.py:137} INFO - [2025-06-16T18:37:39.029+0200] {dag.py:2690} INFO - Sync 1 DAGs
[2025-06-16T18:37:39.052+0200] {logging_mixin.py:137} INFO - [2025-06-16T18:37:39.052+0200] {dag.py:3437} INFO - Setting next_dagrun for example_nested_branch_dag to 2025-06-15T00:00:00+00:00, run_after=2025-06-16T00:00:00+00:00
[2025-06-16T18:37:39.101+0200] {processor.py:175} INFO - Processing /home/monica.fernandez/practica_creativa/venv-airflow/lib/python3.11/site-packages/airflow/example_dags/example_nested_branch_dag.py took 0.146 seconds
[2025-06-16T18:38:39.365+0200] {processor.py:153} INFO - Started process (PID=210167) to work on /home/monica.fernandez/practica_creativa/venv-airflow/lib/python3.11/site-packages/airflow/example_dags/example_nested_branch_dag.py
[2025-06-16T18:38:39.367+0200] {processor.py:743} INFO - Processing file /home/monica.fernandez/practica_creativa/venv-airflow/lib/python3.11/site-packages/airflow/example_dags/example_nested_branch_dag.py for tasks to queue
[2025-06-16T18:38:39.368+0200] {logging_mixin.py:137} INFO - [2025-06-16T18:38:39.368+0200] {dagbag.py:538} INFO - Filling up the DagBag from /home/monica.fernandez/practica_creativa/venv-airflow/lib/python3.11/site-packages/airflow/example_dags/example_nested_branch_dag.py
[2025-06-16T18:38:39.412+0200] {processor.py:753} INFO - DAG(s) dict_keys(['example_nested_branch_dag']) retrieved from /home/monica.fernandez/practica_creativa/venv-airflow/lib/python3.11/site-packages/airflow/example_dags/example_nested_branch_dag.py
[2025-06-16T18:38:39.437+0200] {logging_mixin.py:137} INFO - [2025-06-16T18:38:39.437+0200] {dag.py:2690} INFO - Sync 1 DAGs
[2025-06-16T18:38:39.459+0200] {logging_mixin.py:137} INFO - [2025-06-16T18:38:39.459+0200] {dag.py:3437} INFO - Setting next_dagrun for example_nested_branch_dag to 2025-06-15T00:00:00+00:00, run_after=2025-06-16T00:00:00+00:00
[2025-06-16T18:38:39.506+0200] {processor.py:175} INFO - Processing /home/monica.fernandez/practica_creativa/venv-airflow/lib/python3.11/site-packages/airflow/example_dags/example_nested_branch_dag.py took 0.149 seconds
[2025-06-16T18:42:56.610+0200] {processor.py:153} INFO - Started process (PID=213358) to work on /home/monica.fernandez/practica_creativa/venv-airflow/lib/python3.11/site-packages/airflow/example_dags/example_nested_branch_dag.py
[2025-06-16T18:42:56.611+0200] {processor.py:743} INFO - Processing file /home/monica.fernandez/practica_creativa/venv-airflow/lib/python3.11/site-packages/airflow/example_dags/example_nested_branch_dag.py for tasks to queue
[2025-06-16T18:42:56.612+0200] {logging_mixin.py:137} INFO - [2025-06-16T18:42:56.612+0200] {dagbag.py:538} INFO - Filling up the DagBag from /home/monica.fernandez/practica_creativa/venv-airflow/lib/python3.11/site-packages/airflow/example_dags/example_nested_branch_dag.py
[2025-06-16T18:42:56.639+0200] {processor.py:753} INFO - DAG(s) dict_keys(['example_nested_branch_dag']) retrieved from /home/monica.fernandez/practica_creativa/venv-airflow/lib/python3.11/site-packages/airflow/example_dags/example_nested_branch_dag.py
[2025-06-16T18:42:56.683+0200] {logging_mixin.py:137} INFO - [2025-06-16T18:42:56.683+0200] {dag.py:2690} INFO - Sync 1 DAGs
[2025-06-16T18:42:56.724+0200] {logging_mixin.py:137} INFO - [2025-06-16T18:42:56.724+0200] {dag.py:3437} INFO - Setting next_dagrun for example_nested_branch_dag to 2025-06-15T00:00:00+00:00, run_after=2025-06-16T00:00:00+00:00
[2025-06-16T18:42:56.796+0200] {processor.py:175} INFO - Processing /home/monica.fernandez/practica_creativa/venv-airflow/lib/python3.11/site-packages/airflow/example_dags/example_nested_branch_dag.py took 0.189 seconds
[2025-06-16T18:43:50.949+0200] {processor.py:153} INFO - Started process (PID=213769) to work on /home/monica.fernandez/practica_creativa/venv-airflow/lib/python3.11/site-packages/airflow/example_dags/example_nested_branch_dag.py
[2025-06-16T18:43:50.952+0200] {processor.py:743} INFO - Processing file /home/monica.fernandez/practica_creativa/venv-airflow/lib/python3.11/site-packages/airflow/example_dags/example_nested_branch_dag.py for tasks to queue
[2025-06-16T18:43:50.953+0200] {logging_mixin.py:137} INFO - [2025-06-16T18:43:50.953+0200] {dagbag.py:538} INFO - Filling up the DagBag from /home/monica.fernandez/practica_creativa/venv-airflow/lib/python3.11/site-packages/airflow/example_dags/example_nested_branch_dag.py
[2025-06-16T18:43:51.007+0200] {processor.py:753} INFO - DAG(s) dict_keys(['example_nested_branch_dag']) retrieved from /home/monica.fernandez/practica_creativa/venv-airflow/lib/python3.11/site-packages/airflow/example_dags/example_nested_branch_dag.py
[2025-06-16T18:43:51.033+0200] {logging_mixin.py:137} INFO - [2025-06-16T18:43:51.033+0200] {dag.py:2690} INFO - Sync 1 DAGs
[2025-06-16T18:43:51.053+0200] {logging_mixin.py:137} INFO - [2025-06-16T18:43:51.052+0200] {dag.py:3437} INFO - Setting next_dagrun for example_nested_branch_dag to 2025-06-15T00:00:00+00:00, run_after=2025-06-16T00:00:00+00:00
[2025-06-16T18:43:51.101+0200] {processor.py:175} INFO - Processing /home/monica.fernandez/practica_creativa/venv-airflow/lib/python3.11/site-packages/airflow/example_dags/example_nested_branch_dag.py took 0.160 seconds
[2025-06-16T18:44:41.848+0200] {processor.py:153} INFO - Started process (PID=214244) to work on /home/monica.fernandez/practica_creativa/venv-airflow/lib/python3.11/site-packages/airflow/example_dags/example_nested_branch_dag.py
[2025-06-16T18:44:41.848+0200] {processor.py:743} INFO - Processing file /home/monica.fernandez/practica_creativa/venv-airflow/lib/python3.11/site-packages/airflow/example_dags/example_nested_branch_dag.py for tasks to queue
[2025-06-16T18:44:41.849+0200] {logging_mixin.py:137} INFO - [2025-06-16T18:44:41.849+0200] {dagbag.py:538} INFO - Filling up the DagBag from /home/monica.fernandez/practica_creativa/venv-airflow/lib/python3.11/site-packages/airflow/example_dags/example_nested_branch_dag.py
[2025-06-16T18:44:41.868+0200] {processor.py:753} INFO - DAG(s) dict_keys(['example_nested_branch_dag']) retrieved from /home/monica.fernandez/practica_creativa/venv-airflow/lib/python3.11/site-packages/airflow/example_dags/example_nested_branch_dag.py
[2025-06-16T18:44:41.894+0200] {logging_mixin.py:137} INFO - [2025-06-16T18:44:41.894+0200] {dag.py:2690} INFO - Sync 1 DAGs
[2025-06-16T18:44:41.915+0200] {logging_mixin.py:137} INFO - [2025-06-16T18:44:41.915+0200] {dag.py:3437} INFO - Setting next_dagrun for example_nested_branch_dag to 2025-06-15T00:00:00+00:00, run_after=2025-06-16T00:00:00+00:00
[2025-06-16T18:44:42.004+0200] {processor.py:175} INFO - Processing /home/monica.fernandez/practica_creativa/venv-airflow/lib/python3.11/site-packages/airflow/example_dags/example_nested_branch_dag.py took 0.158 seconds
[2025-06-16T18:45:48.498+0200] {processor.py:153} INFO - Started process (PID=214842) to work on /home/monica.fernandez/practica_creativa/venv-airflow/lib/python3.11/site-packages/airflow/example_dags/example_nested_branch_dag.py
[2025-06-16T18:45:48.500+0200] {processor.py:743} INFO - Processing file /home/monica.fernandez/practica_creativa/venv-airflow/lib/python3.11/site-packages/airflow/example_dags/example_nested_branch_dag.py for tasks to queue
[2025-06-16T18:45:48.501+0200] {logging_mixin.py:137} INFO - [2025-06-16T18:45:48.501+0200] {dagbag.py:538} INFO - Filling up the DagBag from /home/monica.fernandez/practica_creativa/venv-airflow/lib/python3.11/site-packages/airflow/example_dags/example_nested_branch_dag.py
[2025-06-16T18:45:48.531+0200] {processor.py:753} INFO - DAG(s) dict_keys(['example_nested_branch_dag']) retrieved from /home/monica.fernandez/practica_creativa/venv-airflow/lib/python3.11/site-packages/airflow/example_dags/example_nested_branch_dag.py
[2025-06-16T18:45:48.556+0200] {logging_mixin.py:137} INFO - [2025-06-16T18:45:48.556+0200] {dag.py:2690} INFO - Sync 1 DAGs
[2025-06-16T18:45:48.577+0200] {logging_mixin.py:137} INFO - [2025-06-16T18:45:48.577+0200] {dag.py:3437} INFO - Setting next_dagrun for example_nested_branch_dag to 2025-06-15T00:00:00+00:00, run_after=2025-06-16T00:00:00+00:00
[2025-06-16T18:45:48.621+0200] {processor.py:175} INFO - Processing /home/monica.fernandez/practica_creativa/venv-airflow/lib/python3.11/site-packages/airflow/example_dags/example_nested_branch_dag.py took 0.132 seconds
[2025-06-16T18:47:43.829+0200] {processor.py:153} INFO - Started process (PID=216240) to work on /home/monica.fernandez/practica_creativa/venv-airflow/lib/python3.11/site-packages/airflow/example_dags/example_nested_branch_dag.py
[2025-06-16T18:47:43.831+0200] {processor.py:743} INFO - Processing file /home/monica.fernandez/practica_creativa/venv-airflow/lib/python3.11/site-packages/airflow/example_dags/example_nested_branch_dag.py for tasks to queue
[2025-06-16T18:47:43.832+0200] {logging_mixin.py:137} INFO - [2025-06-16T18:47:43.832+0200] {dagbag.py:538} INFO - Filling up the DagBag from /home/monica.fernandez/practica_creativa/venv-airflow/lib/python3.11/site-packages/airflow/example_dags/example_nested_branch_dag.py
[2025-06-16T18:47:43.896+0200] {processor.py:753} INFO - DAG(s) dict_keys(['example_nested_branch_dag']) retrieved from /home/monica.fernandez/practica_creativa/venv-airflow/lib/python3.11/site-packages/airflow/example_dags/example_nested_branch_dag.py
[2025-06-16T18:47:43.925+0200] {logging_mixin.py:137} INFO - [2025-06-16T18:47:43.925+0200] {dag.py:2690} INFO - Sync 1 DAGs
[2025-06-16T18:47:43.950+0200] {logging_mixin.py:137} INFO - [2025-06-16T18:47:43.950+0200] {dag.py:3437} INFO - Setting next_dagrun for example_nested_branch_dag to 2025-06-15T00:00:00+00:00, run_after=2025-06-16T00:00:00+00:00
[2025-06-16T18:47:43.997+0200] {processor.py:175} INFO - Processing /home/monica.fernandez/practica_creativa/venv-airflow/lib/python3.11/site-packages/airflow/example_dags/example_nested_branch_dag.py took 0.177 seconds
[2025-06-16T18:48:35.004+0200] {processor.py:153} INFO - Started process (PID=216681) to work on /home/monica.fernandez/practica_creativa/venv-airflow/lib/python3.11/site-packages/airflow/example_dags/example_nested_branch_dag.py
[2025-06-16T18:48:35.005+0200] {processor.py:743} INFO - Processing file /home/monica.fernandez/practica_creativa/venv-airflow/lib/python3.11/site-packages/airflow/example_dags/example_nested_branch_dag.py for tasks to queue
[2025-06-16T18:48:35.006+0200] {logging_mixin.py:137} INFO - [2025-06-16T18:48:35.006+0200] {dagbag.py:538} INFO - Filling up the DagBag from /home/monica.fernandez/practica_creativa/venv-airflow/lib/python3.11/site-packages/airflow/example_dags/example_nested_branch_dag.py
[2025-06-16T18:48:35.036+0200] {processor.py:753} INFO - DAG(s) dict_keys(['example_nested_branch_dag']) retrieved from /home/monica.fernandez/practica_creativa/venv-airflow/lib/python3.11/site-packages/airflow/example_dags/example_nested_branch_dag.py
[2025-06-16T18:48:35.066+0200] {logging_mixin.py:137} INFO - [2025-06-16T18:48:35.066+0200] {dag.py:2690} INFO - Sync 1 DAGs
[2025-06-16T18:48:35.093+0200] {logging_mixin.py:137} INFO - [2025-06-16T18:48:35.093+0200] {dag.py:3437} INFO - Setting next_dagrun for example_nested_branch_dag to 2025-06-15T00:00:00+00:00, run_after=2025-06-16T00:00:00+00:00
[2025-06-16T18:48:35.144+0200] {processor.py:175} INFO - Processing /home/monica.fernandez/practica_creativa/venv-airflow/lib/python3.11/site-packages/airflow/example_dags/example_nested_branch_dag.py took 0.143 seconds
[2025-06-16T18:49:28.814+0200] {processor.py:153} INFO - Started process (PID=217151) to work on /home/monica.fernandez/practica_creativa/venv-airflow/lib/python3.11/site-packages/airflow/example_dags/example_nested_branch_dag.py
[2025-06-16T18:49:28.816+0200] {processor.py:743} INFO - Processing file /home/monica.fernandez/practica_creativa/venv-airflow/lib/python3.11/site-packages/airflow/example_dags/example_nested_branch_dag.py for tasks to queue
[2025-06-16T18:49:28.818+0200] {logging_mixin.py:137} INFO - [2025-06-16T18:49:28.817+0200] {dagbag.py:538} INFO - Filling up the DagBag from /home/monica.fernandez/practica_creativa/venv-airflow/lib/python3.11/site-packages/airflow/example_dags/example_nested_branch_dag.py
[2025-06-16T18:49:28.868+0200] {processor.py:753} INFO - DAG(s) dict_keys(['example_nested_branch_dag']) retrieved from /home/monica.fernandez/practica_creativa/venv-airflow/lib/python3.11/site-packages/airflow/example_dags/example_nested_branch_dag.py
[2025-06-16T18:49:28.893+0200] {logging_mixin.py:137} INFO - [2025-06-16T18:49:28.893+0200] {dag.py:2690} INFO - Sync 1 DAGs
[2025-06-16T18:49:28.918+0200] {logging_mixin.py:137} INFO - [2025-06-16T18:49:28.918+0200] {dag.py:3437} INFO - Setting next_dagrun for example_nested_branch_dag to 2025-06-15T00:00:00+00:00, run_after=2025-06-16T00:00:00+00:00
[2025-06-16T18:49:28.975+0200] {processor.py:175} INFO - Processing /home/monica.fernandez/practica_creativa/venv-airflow/lib/python3.11/site-packages/airflow/example_dags/example_nested_branch_dag.py took 0.169 seconds
[2025-06-16T18:50:33.067+0200] {processor.py:153} INFO - Started process (PID=217687) to work on /home/monica.fernandez/practica_creativa/venv-airflow/lib/python3.11/site-packages/airflow/example_dags/example_nested_branch_dag.py
[2025-06-16T18:50:33.069+0200] {processor.py:743} INFO - Processing file /home/monica.fernandez/practica_creativa/venv-airflow/lib/python3.11/site-packages/airflow/example_dags/example_nested_branch_dag.py for tasks to queue
[2025-06-16T18:50:33.071+0200] {logging_mixin.py:137} INFO - [2025-06-16T18:50:33.070+0200] {dagbag.py:538} INFO - Filling up the DagBag from /home/monica.fernandez/practica_creativa/venv-airflow/lib/python3.11/site-packages/airflow/example_dags/example_nested_branch_dag.py
[2025-06-16T18:50:33.177+0200] {processor.py:753} INFO - DAG(s) dict_keys(['example_nested_branch_dag']) retrieved from /home/monica.fernandez/practica_creativa/venv-airflow/lib/python3.11/site-packages/airflow/example_dags/example_nested_branch_dag.py
[2025-06-16T18:50:33.213+0200] {logging_mixin.py:137} INFO - [2025-06-16T18:50:33.213+0200] {dag.py:2690} INFO - Sync 1 DAGs
[2025-06-16T18:50:33.245+0200] {logging_mixin.py:137} INFO - [2025-06-16T18:50:33.245+0200] {dag.py:3437} INFO - Setting next_dagrun for example_nested_branch_dag to 2025-06-15T00:00:00+00:00, run_after=2025-06-16T00:00:00+00:00
[2025-06-16T18:50:33.296+0200] {processor.py:175} INFO - Processing /home/monica.fernandez/practica_creativa/venv-airflow/lib/python3.11/site-packages/airflow/example_dags/example_nested_branch_dag.py took 0.239 seconds
[2025-06-16T18:51:41.167+0200] {processor.py:153} INFO - Started process (PID=218295) to work on /home/monica.fernandez/practica_creativa/venv-airflow/lib/python3.11/site-packages/airflow/example_dags/example_nested_branch_dag.py
[2025-06-16T18:51:41.169+0200] {processor.py:743} INFO - Processing file /home/monica.fernandez/practica_creativa/venv-airflow/lib/python3.11/site-packages/airflow/example_dags/example_nested_branch_dag.py for tasks to queue
[2025-06-16T18:51:41.171+0200] {logging_mixin.py:137} INFO - [2025-06-16T18:51:41.170+0200] {dagbag.py:538} INFO - Filling up the DagBag from /home/monica.fernandez/practica_creativa/venv-airflow/lib/python3.11/site-packages/airflow/example_dags/example_nested_branch_dag.py
[2025-06-16T18:51:41.279+0200] {processor.py:753} INFO - DAG(s) dict_keys(['example_nested_branch_dag']) retrieved from /home/monica.fernandez/practica_creativa/venv-airflow/lib/python3.11/site-packages/airflow/example_dags/example_nested_branch_dag.py
[2025-06-16T18:51:41.322+0200] {logging_mixin.py:137} INFO - [2025-06-16T18:51:41.322+0200] {dag.py:2690} INFO - Sync 1 DAGs
[2025-06-16T18:51:41.346+0200] {logging_mixin.py:137} INFO - [2025-06-16T18:51:41.346+0200] {dag.py:3437} INFO - Setting next_dagrun for example_nested_branch_dag to 2025-06-15T00:00:00+00:00, run_after=2025-06-16T00:00:00+00:00
[2025-06-16T18:51:41.396+0200] {processor.py:175} INFO - Processing /home/monica.fernandez/practica_creativa/venv-airflow/lib/python3.11/site-packages/airflow/example_dags/example_nested_branch_dag.py took 0.238 seconds
[2025-06-16T18:52:29.685+0200] {processor.py:153} INFO - Started process (PID=218775) to work on /home/monica.fernandez/practica_creativa/venv-airflow/lib/python3.11/site-packages/airflow/example_dags/example_nested_branch_dag.py
[2025-06-16T18:52:29.687+0200] {processor.py:743} INFO - Processing file /home/monica.fernandez/practica_creativa/venv-airflow/lib/python3.11/site-packages/airflow/example_dags/example_nested_branch_dag.py for tasks to queue
[2025-06-16T18:52:29.689+0200] {logging_mixin.py:137} INFO - [2025-06-16T18:52:29.688+0200] {dagbag.py:538} INFO - Filling up the DagBag from /home/monica.fernandez/practica_creativa/venv-airflow/lib/python3.11/site-packages/airflow/example_dags/example_nested_branch_dag.py
[2025-06-16T18:52:29.725+0200] {processor.py:753} INFO - DAG(s) dict_keys(['example_nested_branch_dag']) retrieved from /home/monica.fernandez/practica_creativa/venv-airflow/lib/python3.11/site-packages/airflow/example_dags/example_nested_branch_dag.py
[2025-06-16T18:52:29.752+0200] {logging_mixin.py:137} INFO - [2025-06-16T18:52:29.752+0200] {dag.py:2690} INFO - Sync 1 DAGs
[2025-06-16T18:52:29.777+0200] {logging_mixin.py:137} INFO - [2025-06-16T18:52:29.777+0200] {dag.py:3437} INFO - Setting next_dagrun for example_nested_branch_dag to 2025-06-15T00:00:00+00:00, run_after=2025-06-16T00:00:00+00:00
[2025-06-16T18:52:29.823+0200] {processor.py:175} INFO - Processing /home/monica.fernandez/practica_creativa/venv-airflow/lib/python3.11/site-packages/airflow/example_dags/example_nested_branch_dag.py took 0.146 seconds
[2025-06-16T18:53:23.567+0200] {processor.py:153} INFO - Started process (PID=219223) to work on /home/monica.fernandez/practica_creativa/venv-airflow/lib/python3.11/site-packages/airflow/example_dags/example_nested_branch_dag.py
[2025-06-16T18:53:23.569+0200] {processor.py:743} INFO - Processing file /home/monica.fernandez/practica_creativa/venv-airflow/lib/python3.11/site-packages/airflow/example_dags/example_nested_branch_dag.py for tasks to queue
[2025-06-16T18:53:23.571+0200] {logging_mixin.py:137} INFO - [2025-06-16T18:53:23.570+0200] {dagbag.py:538} INFO - Filling up the DagBag from /home/monica.fernandez/practica_creativa/venv-airflow/lib/python3.11/site-packages/airflow/example_dags/example_nested_branch_dag.py
[2025-06-16T18:53:23.618+0200] {processor.py:753} INFO - DAG(s) dict_keys(['example_nested_branch_dag']) retrieved from /home/monica.fernandez/practica_creativa/venv-airflow/lib/python3.11/site-packages/airflow/example_dags/example_nested_branch_dag.py
[2025-06-16T18:53:23.643+0200] {logging_mixin.py:137} INFO - [2025-06-16T18:53:23.643+0200] {dag.py:2690} INFO - Sync 1 DAGs
[2025-06-16T18:53:23.666+0200] {logging_mixin.py:137} INFO - [2025-06-16T18:53:23.666+0200] {dag.py:3437} INFO - Setting next_dagrun for example_nested_branch_dag to 2025-06-15T00:00:00+00:00, run_after=2025-06-16T00:00:00+00:00
[2025-06-16T18:53:23.718+0200] {processor.py:175} INFO - Processing /home/monica.fernandez/practica_creativa/venv-airflow/lib/python3.11/site-packages/airflow/example_dags/example_nested_branch_dag.py took 0.159 seconds
[2025-06-16T18:54:25.359+0200] {processor.py:153} INFO - Started process (PID=219823) to work on /home/monica.fernandez/practica_creativa/venv-airflow/lib/python3.11/site-packages/airflow/example_dags/example_nested_branch_dag.py
[2025-06-16T18:54:25.360+0200] {processor.py:743} INFO - Processing file /home/monica.fernandez/practica_creativa/venv-airflow/lib/python3.11/site-packages/airflow/example_dags/example_nested_branch_dag.py for tasks to queue
[2025-06-16T18:54:25.361+0200] {logging_mixin.py:137} INFO - [2025-06-16T18:54:25.361+0200] {dagbag.py:538} INFO - Filling up the DagBag from /home/monica.fernandez/practica_creativa/venv-airflow/lib/python3.11/site-packages/airflow/example_dags/example_nested_branch_dag.py
[2025-06-16T18:54:25.428+0200] {processor.py:753} INFO - DAG(s) dict_keys(['example_nested_branch_dag']) retrieved from /home/monica.fernandez/practica_creativa/venv-airflow/lib/python3.11/site-packages/airflow/example_dags/example_nested_branch_dag.py
[2025-06-16T18:54:25.484+0200] {logging_mixin.py:137} INFO - [2025-06-16T18:54:25.483+0200] {dag.py:2690} INFO - Sync 1 DAGs
[2025-06-16T18:54:25.547+0200] {logging_mixin.py:137} INFO - [2025-06-16T18:54:25.547+0200] {dag.py:3437} INFO - Setting next_dagrun for example_nested_branch_dag to 2025-06-15T00:00:00+00:00, run_after=2025-06-16T00:00:00+00:00
[2025-06-16T18:54:25.642+0200] {processor.py:175} INFO - Processing /home/monica.fernandez/practica_creativa/venv-airflow/lib/python3.11/site-packages/airflow/example_dags/example_nested_branch_dag.py took 0.289 seconds
[2025-06-16T18:56:19.642+0200] {processor.py:153} INFO - Started process (PID=221005) to work on /home/monica.fernandez/practica_creativa/venv-airflow/lib/python3.11/site-packages/airflow/example_dags/example_nested_branch_dag.py
[2025-06-16T18:56:19.644+0200] {processor.py:743} INFO - Processing file /home/monica.fernandez/practica_creativa/venv-airflow/lib/python3.11/site-packages/airflow/example_dags/example_nested_branch_dag.py for tasks to queue
[2025-06-16T18:56:19.646+0200] {logging_mixin.py:137} INFO - [2025-06-16T18:56:19.645+0200] {dagbag.py:538} INFO - Filling up the DagBag from /home/monica.fernandez/practica_creativa/venv-airflow/lib/python3.11/site-packages/airflow/example_dags/example_nested_branch_dag.py
[2025-06-16T18:56:19.686+0200] {processor.py:753} INFO - DAG(s) dict_keys(['example_nested_branch_dag']) retrieved from /home/monica.fernandez/practica_creativa/venv-airflow/lib/python3.11/site-packages/airflow/example_dags/example_nested_branch_dag.py
[2025-06-16T18:56:19.713+0200] {logging_mixin.py:137} INFO - [2025-06-16T18:56:19.713+0200] {dag.py:2690} INFO - Sync 1 DAGs
[2025-06-16T18:56:19.740+0200] {logging_mixin.py:137} INFO - [2025-06-16T18:56:19.740+0200] {dag.py:3437} INFO - Setting next_dagrun for example_nested_branch_dag to 2025-06-15T00:00:00+00:00, run_after=2025-06-16T00:00:00+00:00
[2025-06-16T18:56:19.789+0200] {processor.py:175} INFO - Processing /home/monica.fernandez/practica_creativa/venv-airflow/lib/python3.11/site-packages/airflow/example_dags/example_nested_branch_dag.py took 0.155 seconds
[2025-06-16T18:57:13.232+0200] {processor.py:153} INFO - Started process (PID=221480) to work on /home/monica.fernandez/practica_creativa/venv-airflow/lib/python3.11/site-packages/airflow/example_dags/example_nested_branch_dag.py
[2025-06-16T18:57:13.233+0200] {processor.py:743} INFO - Processing file /home/monica.fernandez/practica_creativa/venv-airflow/lib/python3.11/site-packages/airflow/example_dags/example_nested_branch_dag.py for tasks to queue
[2025-06-16T18:57:13.233+0200] {logging_mixin.py:137} INFO - [2025-06-16T18:57:13.233+0200] {dagbag.py:538} INFO - Filling up the DagBag from /home/monica.fernandez/practica_creativa/venv-airflow/lib/python3.11/site-packages/airflow/example_dags/example_nested_branch_dag.py
[2025-06-16T18:57:13.252+0200] {processor.py:753} INFO - DAG(s) dict_keys(['example_nested_branch_dag']) retrieved from /home/monica.fernandez/practica_creativa/venv-airflow/lib/python3.11/site-packages/airflow/example_dags/example_nested_branch_dag.py
[2025-06-16T18:57:13.279+0200] {logging_mixin.py:137} INFO - [2025-06-16T18:57:13.279+0200] {dag.py:2690} INFO - Sync 1 DAGs
[2025-06-16T18:57:13.301+0200] {logging_mixin.py:137} INFO - [2025-06-16T18:57:13.301+0200] {dag.py:3437} INFO - Setting next_dagrun for example_nested_branch_dag to 2025-06-15T00:00:00+00:00, run_after=2025-06-16T00:00:00+00:00
[2025-06-16T18:57:13.348+0200] {processor.py:175} INFO - Processing /home/monica.fernandez/practica_creativa/venv-airflow/lib/python3.11/site-packages/airflow/example_dags/example_nested_branch_dag.py took 0.118 seconds
[2025-06-16T18:58:05.361+0200] {processor.py:153} INFO - Started process (PID=221941) to work on /home/monica.fernandez/practica_creativa/venv-airflow/lib/python3.11/site-packages/airflow/example_dags/example_nested_branch_dag.py
[2025-06-16T18:58:05.363+0200] {processor.py:743} INFO - Processing file /home/monica.fernandez/practica_creativa/venv-airflow/lib/python3.11/site-packages/airflow/example_dags/example_nested_branch_dag.py for tasks to queue
[2025-06-16T18:58:05.363+0200] {logging_mixin.py:137} INFO - [2025-06-16T18:58:05.363+0200] {dagbag.py:538} INFO - Filling up the DagBag from /home/monica.fernandez/practica_creativa/venv-airflow/lib/python3.11/site-packages/airflow/example_dags/example_nested_branch_dag.py
[2025-06-16T18:58:05.394+0200] {processor.py:753} INFO - DAG(s) dict_keys(['example_nested_branch_dag']) retrieved from /home/monica.fernandez/practica_creativa/venv-airflow/lib/python3.11/site-packages/airflow/example_dags/example_nested_branch_dag.py
[2025-06-16T18:58:05.424+0200] {logging_mixin.py:137} INFO - [2025-06-16T18:58:05.424+0200] {dag.py:2690} INFO - Sync 1 DAGs
[2025-06-16T18:58:05.452+0200] {logging_mixin.py:137} INFO - [2025-06-16T18:58:05.451+0200] {dag.py:3437} INFO - Setting next_dagrun for example_nested_branch_dag to 2025-06-15T00:00:00+00:00, run_after=2025-06-16T00:00:00+00:00
[2025-06-16T18:58:05.508+0200] {processor.py:175} INFO - Processing /home/monica.fernandez/practica_creativa/venv-airflow/lib/python3.11/site-packages/airflow/example_dags/example_nested_branch_dag.py took 0.152 seconds
[2025-06-16T18:58:52.194+0200] {processor.py:153} INFO - Started process (PID=222283) to work on /home/monica.fernandez/practica_creativa/venv-airflow/lib/python3.11/site-packages/airflow/example_dags/example_nested_branch_dag.py
[2025-06-16T18:58:52.196+0200] {processor.py:743} INFO - Processing file /home/monica.fernandez/practica_creativa/venv-airflow/lib/python3.11/site-packages/airflow/example_dags/example_nested_branch_dag.py for tasks to queue
[2025-06-16T18:58:52.198+0200] {logging_mixin.py:137} INFO - [2025-06-16T18:58:52.197+0200] {dagbag.py:538} INFO - Filling up the DagBag from /home/monica.fernandez/practica_creativa/venv-airflow/lib/python3.11/site-packages/airflow/example_dags/example_nested_branch_dag.py
[2025-06-16T18:58:52.236+0200] {processor.py:753} INFO - DAG(s) dict_keys(['example_nested_branch_dag']) retrieved from /home/monica.fernandez/practica_creativa/venv-airflow/lib/python3.11/site-packages/airflow/example_dags/example_nested_branch_dag.py
[2025-06-16T18:58:52.264+0200] {logging_mixin.py:137} INFO - [2025-06-16T18:58:52.264+0200] {dag.py:2690} INFO - Sync 1 DAGs
[2025-06-16T18:58:52.286+0200] {logging_mixin.py:137} INFO - [2025-06-16T18:58:52.286+0200] {dag.py:3437} INFO - Setting next_dagrun for example_nested_branch_dag to 2025-06-15T00:00:00+00:00, run_after=2025-06-16T00:00:00+00:00
[2025-06-16T18:58:52.332+0200] {processor.py:175} INFO - Processing /home/monica.fernandez/practica_creativa/venv-airflow/lib/python3.11/site-packages/airflow/example_dags/example_nested_branch_dag.py took 0.146 seconds
[2025-06-16T18:59:57.237+0200] {processor.py:153} INFO - Started process (PID=223227) to work on /home/monica.fernandez/practica_creativa/venv-airflow/lib/python3.11/site-packages/airflow/example_dags/example_nested_branch_dag.py
[2025-06-16T18:59:57.238+0200] {processor.py:743} INFO - Processing file /home/monica.fernandez/practica_creativa/venv-airflow/lib/python3.11/site-packages/airflow/example_dags/example_nested_branch_dag.py for tasks to queue
[2025-06-16T18:59:57.238+0200] {logging_mixin.py:137} INFO - [2025-06-16T18:59:57.238+0200] {dagbag.py:538} INFO - Filling up the DagBag from /home/monica.fernandez/practica_creativa/venv-airflow/lib/python3.11/site-packages/airflow/example_dags/example_nested_branch_dag.py
[2025-06-16T18:59:57.258+0200] {processor.py:753} INFO - DAG(s) dict_keys(['example_nested_branch_dag']) retrieved from /home/monica.fernandez/practica_creativa/venv-airflow/lib/python3.11/site-packages/airflow/example_dags/example_nested_branch_dag.py
[2025-06-16T18:59:57.282+0200] {logging_mixin.py:137} INFO - [2025-06-16T18:59:57.282+0200] {dag.py:2690} INFO - Sync 1 DAGs
[2025-06-16T18:59:57.305+0200] {logging_mixin.py:137} INFO - [2025-06-16T18:59:57.305+0200] {dag.py:3437} INFO - Setting next_dagrun for example_nested_branch_dag to 2025-06-15T00:00:00+00:00, run_after=2025-06-16T00:00:00+00:00
[2025-06-16T18:59:57.354+0200] {processor.py:175} INFO - Processing /home/monica.fernandez/practica_creativa/venv-airflow/lib/python3.11/site-packages/airflow/example_dags/example_nested_branch_dag.py took 0.120 seconds
[2025-06-16T19:00:44.906+0200] {processor.py:153} INFO - Started process (PID=223655) to work on /home/monica.fernandez/practica_creativa/venv-airflow/lib/python3.11/site-packages/airflow/example_dags/example_nested_branch_dag.py
[2025-06-16T19:00:44.908+0200] {processor.py:743} INFO - Processing file /home/monica.fernandez/practica_creativa/venv-airflow/lib/python3.11/site-packages/airflow/example_dags/example_nested_branch_dag.py for tasks to queue
[2025-06-16T19:00:44.910+0200] {logging_mixin.py:137} INFO - [2025-06-16T19:00:44.909+0200] {dagbag.py:538} INFO - Filling up the DagBag from /home/monica.fernandez/practica_creativa/venv-airflow/lib/python3.11/site-packages/airflow/example_dags/example_nested_branch_dag.py
[2025-06-16T19:00:44.968+0200] {processor.py:753} INFO - DAG(s) dict_keys(['example_nested_branch_dag']) retrieved from /home/monica.fernandez/practica_creativa/venv-airflow/lib/python3.11/site-packages/airflow/example_dags/example_nested_branch_dag.py
[2025-06-16T19:00:45.008+0200] {logging_mixin.py:137} INFO - [2025-06-16T19:00:45.007+0200] {dag.py:2690} INFO - Sync 1 DAGs
[2025-06-16T19:00:45.041+0200] {logging_mixin.py:137} INFO - [2025-06-16T19:00:45.041+0200] {dag.py:3437} INFO - Setting next_dagrun for example_nested_branch_dag to 2025-06-15T00:00:00+00:00, run_after=2025-06-16T00:00:00+00:00
[2025-06-16T19:00:45.110+0200] {processor.py:175} INFO - Processing /home/monica.fernandez/practica_creativa/venv-airflow/lib/python3.11/site-packages/airflow/example_dags/example_nested_branch_dag.py took 0.213 seconds
[2025-06-16T19:02:31.897+0200] {processor.py:153} INFO - Started process (PID=224862) to work on /home/monica.fernandez/practica_creativa/venv-airflow/lib/python3.11/site-packages/airflow/example_dags/example_nested_branch_dag.py
[2025-06-16T19:02:31.899+0200] {processor.py:743} INFO - Processing file /home/monica.fernandez/practica_creativa/venv-airflow/lib/python3.11/site-packages/airflow/example_dags/example_nested_branch_dag.py for tasks to queue
[2025-06-16T19:02:31.900+0200] {logging_mixin.py:137} INFO - [2025-06-16T19:02:31.900+0200] {dagbag.py:538} INFO - Filling up the DagBag from /home/monica.fernandez/practica_creativa/venv-airflow/lib/python3.11/site-packages/airflow/example_dags/example_nested_branch_dag.py
[2025-06-16T19:02:31.935+0200] {processor.py:753} INFO - DAG(s) dict_keys(['example_nested_branch_dag']) retrieved from /home/monica.fernandez/practica_creativa/venv-airflow/lib/python3.11/site-packages/airflow/example_dags/example_nested_branch_dag.py
[2025-06-16T19:02:31.959+0200] {logging_mixin.py:137} INFO - [2025-06-16T19:02:31.959+0200] {dag.py:2690} INFO - Sync 1 DAGs
[2025-06-16T19:02:31.979+0200] {logging_mixin.py:137} INFO - [2025-06-16T19:02:31.978+0200] {dag.py:3437} INFO - Setting next_dagrun for example_nested_branch_dag to 2025-06-15T00:00:00+00:00, run_after=2025-06-16T00:00:00+00:00
[2025-06-16T19:02:32.024+0200] {processor.py:175} INFO - Processing /home/monica.fernandez/practica_creativa/venv-airflow/lib/python3.11/site-packages/airflow/example_dags/example_nested_branch_dag.py took 0.136 seconds
[2025-06-16T19:03:46.350+0200] {processor.py:153} INFO - Started process (PID=225466) to work on /home/monica.fernandez/practica_creativa/venv-airflow/lib/python3.11/site-packages/airflow/example_dags/example_nested_branch_dag.py
[2025-06-16T19:03:46.352+0200] {processor.py:743} INFO - Processing file /home/monica.fernandez/practica_creativa/venv-airflow/lib/python3.11/site-packages/airflow/example_dags/example_nested_branch_dag.py for tasks to queue
[2025-06-16T19:03:46.354+0200] {logging_mixin.py:137} INFO - [2025-06-16T19:03:46.353+0200] {dagbag.py:538} INFO - Filling up the DagBag from /home/monica.fernandez/practica_creativa/venv-airflow/lib/python3.11/site-packages/airflow/example_dags/example_nested_branch_dag.py
[2025-06-16T19:03:46.390+0200] {processor.py:753} INFO - DAG(s) dict_keys(['example_nested_branch_dag']) retrieved from /home/monica.fernandez/practica_creativa/venv-airflow/lib/python3.11/site-packages/airflow/example_dags/example_nested_branch_dag.py
[2025-06-16T19:03:46.416+0200] {logging_mixin.py:137} INFO - [2025-06-16T19:03:46.416+0200] {dag.py:2690} INFO - Sync 1 DAGs
[2025-06-16T19:03:46.439+0200] {logging_mixin.py:137} INFO - [2025-06-16T19:03:46.439+0200] {dag.py:3437} INFO - Setting next_dagrun for example_nested_branch_dag to 2025-06-15T00:00:00+00:00, run_after=2025-06-16T00:00:00+00:00
[2025-06-16T19:03:46.484+0200] {processor.py:175} INFO - Processing /home/monica.fernandez/practica_creativa/venv-airflow/lib/python3.11/site-packages/airflow/example_dags/example_nested_branch_dag.py took 0.142 seconds
[2025-06-16T19:04:37.172+0200] {processor.py:153} INFO - Started process (PID=225879) to work on /home/monica.fernandez/practica_creativa/venv-airflow/lib/python3.11/site-packages/airflow/example_dags/example_nested_branch_dag.py
[2025-06-16T19:04:37.173+0200] {processor.py:743} INFO - Processing file /home/monica.fernandez/practica_creativa/venv-airflow/lib/python3.11/site-packages/airflow/example_dags/example_nested_branch_dag.py for tasks to queue
[2025-06-16T19:04:37.173+0200] {logging_mixin.py:137} INFO - [2025-06-16T19:04:37.173+0200] {dagbag.py:538} INFO - Filling up the DagBag from /home/monica.fernandez/practica_creativa/venv-airflow/lib/python3.11/site-packages/airflow/example_dags/example_nested_branch_dag.py
[2025-06-16T19:04:37.199+0200] {processor.py:753} INFO - DAG(s) dict_keys(['example_nested_branch_dag']) retrieved from /home/monica.fernandez/practica_creativa/venv-airflow/lib/python3.11/site-packages/airflow/example_dags/example_nested_branch_dag.py
[2025-06-16T19:04:37.224+0200] {logging_mixin.py:137} INFO - [2025-06-16T19:04:37.224+0200] {dag.py:2690} INFO - Sync 1 DAGs
[2025-06-16T19:04:37.246+0200] {logging_mixin.py:137} INFO - [2025-06-16T19:04:37.246+0200] {dag.py:3437} INFO - Setting next_dagrun for example_nested_branch_dag to 2025-06-15T00:00:00+00:00, run_after=2025-06-16T00:00:00+00:00
[2025-06-16T19:04:37.294+0200] {processor.py:175} INFO - Processing /home/monica.fernandez/practica_creativa/venv-airflow/lib/python3.11/site-packages/airflow/example_dags/example_nested_branch_dag.py took 0.125 seconds
[2025-06-16T19:08:53.932+0200] {processor.py:153} INFO - Started process (PID=230283) to work on /home/monica.fernandez/practica_creativa/venv-airflow/lib/python3.11/site-packages/airflow/example_dags/example_nested_branch_dag.py
[2025-06-16T19:08:53.935+0200] {processor.py:743} INFO - Processing file /home/monica.fernandez/practica_creativa/venv-airflow/lib/python3.11/site-packages/airflow/example_dags/example_nested_branch_dag.py for tasks to queue
[2025-06-16T19:08:53.936+0200] {logging_mixin.py:137} INFO - [2025-06-16T19:08:53.936+0200] {dagbag.py:538} INFO - Filling up the DagBag from /home/monica.fernandez/practica_creativa/venv-airflow/lib/python3.11/site-packages/airflow/example_dags/example_nested_branch_dag.py
[2025-06-16T19:08:53.999+0200] {processor.py:753} INFO - DAG(s) dict_keys(['example_nested_branch_dag']) retrieved from /home/monica.fernandez/practica_creativa/venv-airflow/lib/python3.11/site-packages/airflow/example_dags/example_nested_branch_dag.py
[2025-06-16T19:08:54.047+0200] {logging_mixin.py:137} INFO - [2025-06-16T19:08:54.047+0200] {dag.py:2690} INFO - Sync 1 DAGs
[2025-06-16T19:08:54.077+0200] {logging_mixin.py:137} INFO - [2025-06-16T19:08:54.077+0200] {dag.py:3437} INFO - Setting next_dagrun for example_nested_branch_dag to 2025-06-15T00:00:00+00:00, run_after=2025-06-16T00:00:00+00:00
[2025-06-16T19:08:54.231+0200] {processor.py:175} INFO - Processing /home/monica.fernandez/practica_creativa/venv-airflow/lib/python3.11/site-packages/airflow/example_dags/example_nested_branch_dag.py took 0.307 seconds
[2025-06-16T19:09:46.384+0200] {processor.py:153} INFO - Started process (PID=231218) to work on /home/monica.fernandez/practica_creativa/venv-airflow/lib/python3.11/site-packages/airflow/example_dags/example_nested_branch_dag.py
[2025-06-16T19:09:46.386+0200] {processor.py:743} INFO - Processing file /home/monica.fernandez/practica_creativa/venv-airflow/lib/python3.11/site-packages/airflow/example_dags/example_nested_branch_dag.py for tasks to queue
[2025-06-16T19:09:46.387+0200] {logging_mixin.py:137} INFO - [2025-06-16T19:09:46.387+0200] {dagbag.py:538} INFO - Filling up the DagBag from /home/monica.fernandez/practica_creativa/venv-airflow/lib/python3.11/site-packages/airflow/example_dags/example_nested_branch_dag.py
[2025-06-16T19:09:46.414+0200] {processor.py:753} INFO - DAG(s) dict_keys(['example_nested_branch_dag']) retrieved from /home/monica.fernandez/practica_creativa/venv-airflow/lib/python3.11/site-packages/airflow/example_dags/example_nested_branch_dag.py
[2025-06-16T19:09:46.440+0200] {logging_mixin.py:137} INFO - [2025-06-16T19:09:46.440+0200] {dag.py:2690} INFO - Sync 1 DAGs
[2025-06-16T19:09:46.567+0200] {logging_mixin.py:137} INFO - [2025-06-16T19:09:46.567+0200] {dag.py:3437} INFO - Setting next_dagrun for example_nested_branch_dag to 2025-06-15T00:00:00+00:00, run_after=2025-06-16T00:00:00+00:00
[2025-06-16T19:09:46.616+0200] {processor.py:175} INFO - Processing /home/monica.fernandez/practica_creativa/venv-airflow/lib/python3.11/site-packages/airflow/example_dags/example_nested_branch_dag.py took 0.240 seconds
[2025-06-16T19:10:39.812+0200] {processor.py:153} INFO - Started process (PID=232174) to work on /home/monica.fernandez/practica_creativa/venv-airflow/lib/python3.11/site-packages/airflow/example_dags/example_nested_branch_dag.py
[2025-06-16T19:10:39.814+0200] {processor.py:743} INFO - Processing file /home/monica.fernandez/practica_creativa/venv-airflow/lib/python3.11/site-packages/airflow/example_dags/example_nested_branch_dag.py for tasks to queue
[2025-06-16T19:10:39.815+0200] {logging_mixin.py:137} INFO - [2025-06-16T19:10:39.815+0200] {dagbag.py:538} INFO - Filling up the DagBag from /home/monica.fernandez/practica_creativa/venv-airflow/lib/python3.11/site-packages/airflow/example_dags/example_nested_branch_dag.py
[2025-06-16T19:10:39.841+0200] {processor.py:753} INFO - DAG(s) dict_keys(['example_nested_branch_dag']) retrieved from /home/monica.fernandez/practica_creativa/venv-airflow/lib/python3.11/site-packages/airflow/example_dags/example_nested_branch_dag.py
[2025-06-16T19:10:39.969+0200] {logging_mixin.py:137} INFO - [2025-06-16T19:10:39.969+0200] {dag.py:2690} INFO - Sync 1 DAGs
[2025-06-16T19:10:39.992+0200] {logging_mixin.py:137} INFO - [2025-06-16T19:10:39.991+0200] {dag.py:3437} INFO - Setting next_dagrun for example_nested_branch_dag to 2025-06-15T00:00:00+00:00, run_after=2025-06-16T00:00:00+00:00
[2025-06-16T19:10:40.050+0200] {processor.py:175} INFO - Processing /home/monica.fernandez/practica_creativa/venv-airflow/lib/python3.11/site-packages/airflow/example_dags/example_nested_branch_dag.py took 0.246 seconds
[2025-06-16T19:13:02.889+0200] {processor.py:153} INFO - Started process (PID=235184) to work on /home/monica.fernandez/practica_creativa/venv-airflow/lib/python3.11/site-packages/airflow/example_dags/example_nested_branch_dag.py
[2025-06-16T19:13:02.890+0200] {processor.py:743} INFO - Processing file /home/monica.fernandez/practica_creativa/venv-airflow/lib/python3.11/site-packages/airflow/example_dags/example_nested_branch_dag.py for tasks to queue
[2025-06-16T19:13:02.890+0200] {logging_mixin.py:137} INFO - [2025-06-16T19:13:02.890+0200] {dagbag.py:538} INFO - Filling up the DagBag from /home/monica.fernandez/practica_creativa/venv-airflow/lib/python3.11/site-packages/airflow/example_dags/example_nested_branch_dag.py
[2025-06-16T19:13:02.917+0200] {processor.py:753} INFO - DAG(s) dict_keys(['example_nested_branch_dag']) retrieved from /home/monica.fernandez/practica_creativa/venv-airflow/lib/python3.11/site-packages/airflow/example_dags/example_nested_branch_dag.py
[2025-06-16T19:13:02.944+0200] {logging_mixin.py:137} INFO - [2025-06-16T19:13:02.943+0200] {dag.py:2690} INFO - Sync 1 DAGs
[2025-06-16T19:13:02.968+0200] {logging_mixin.py:137} INFO - [2025-06-16T19:13:02.968+0200] {dag.py:3437} INFO - Setting next_dagrun for example_nested_branch_dag to 2025-06-15T00:00:00+00:00, run_after=2025-06-16T00:00:00+00:00
[2025-06-16T19:13:03.016+0200] {processor.py:175} INFO - Processing /home/monica.fernandez/practica_creativa/venv-airflow/lib/python3.11/site-packages/airflow/example_dags/example_nested_branch_dag.py took 0.130 seconds
