[2025-06-16T18:28:10.254+0200] {processor.py:153} INFO - Started process (PID=204523) to work on /home/monica.fernandez/practica_creativa/venv-airflow/lib/python3.11/site-packages/airflow/example_dags/example_branch_python_dop_operator_3.py
[2025-06-16T18:28:10.255+0200] {processor.py:743} INFO - Processing file /home/monica.fernandez/practica_creativa/venv-airflow/lib/python3.11/site-packages/airflow/example_dags/example_branch_python_dop_operator_3.py for tasks to queue
[2025-06-16T18:28:10.256+0200] {logging_mixin.py:137} INFO - [2025-06-16T18:28:10.256+0200] {dagbag.py:538} INFO - Filling up the DagBag from /home/monica.fernandez/practica_creativa/venv-airflow/lib/python3.11/site-packages/airflow/example_dags/example_branch_python_dop_operator_3.py
[2025-06-16T18:28:10.282+0200] {processor.py:753} INFO - DAG(s) dict_keys(['example_branch_dop_operator_v3']) retrieved from /home/monica.fernandez/practica_creativa/venv-airflow/lib/python3.11/site-packages/airflow/example_dags/example_branch_python_dop_operator_3.py
[2025-06-16T18:28:10.405+0200] {logging_mixin.py:137} INFO - [2025-06-16T18:28:10.405+0200] {manager.py:504} INFO - Created Permission View: can read on DAG:example_branch_dop_operator_v3
[2025-06-16T18:28:10.440+0200] {logging_mixin.py:137} INFO - [2025-06-16T18:28:10.440+0200] {manager.py:504} INFO - Created Permission View: can delete on DAG:example_branch_dop_operator_v3
[2025-06-16T18:28:10.465+0200] {logging_mixin.py:137} INFO - [2025-06-16T18:28:10.465+0200] {manager.py:504} INFO - Created Permission View: can edit on DAG:example_branch_dop_operator_v3
[2025-06-16T18:28:10.466+0200] {logging_mixin.py:137} INFO - [2025-06-16T18:28:10.466+0200] {dag.py:2690} INFO - Sync 1 DAGs
[2025-06-16T18:28:10.483+0200] {logging_mixin.py:137} INFO - [2025-06-16T18:28:10.483+0200] {dag.py:2711} INFO - Creating ORM DAG for example_branch_dop_operator_v3
[2025-06-16T18:28:10.500+0200] {logging_mixin.py:137} INFO - [2025-06-16T18:28:10.500+0200] {dag.py:3437} INFO - Setting next_dagrun for example_branch_dop_operator_v3 to 2025-06-16T16:27:00+00:00, run_after=2025-06-16T16:28:00+00:00
[2025-06-16T18:28:10.559+0200] {processor.py:175} INFO - Processing /home/monica.fernandez/practica_creativa/venv-airflow/lib/python3.11/site-packages/airflow/example_dags/example_branch_python_dop_operator_3.py took 0.308 seconds
[2025-06-16T18:29:32.398+0200] {processor.py:153} INFO - Started process (PID=205314) to work on /home/monica.fernandez/practica_creativa/venv-airflow/lib/python3.11/site-packages/airflow/example_dags/example_branch_python_dop_operator_3.py
[2025-06-16T18:29:32.400+0200] {processor.py:743} INFO - Processing file /home/monica.fernandez/practica_creativa/venv-airflow/lib/python3.11/site-packages/airflow/example_dags/example_branch_python_dop_operator_3.py for tasks to queue
[2025-06-16T18:29:32.401+0200] {logging_mixin.py:137} INFO - [2025-06-16T18:29:32.401+0200] {dagbag.py:538} INFO - Filling up the DagBag from /home/monica.fernandez/practica_creativa/venv-airflow/lib/python3.11/site-packages/airflow/example_dags/example_branch_python_dop_operator_3.py
[2025-06-16T18:29:32.442+0200] {processor.py:753} INFO - DAG(s) dict_keys(['example_branch_dop_operator_v3']) retrieved from /home/monica.fernandez/practica_creativa/venv-airflow/lib/python3.11/site-packages/airflow/example_dags/example_branch_python_dop_operator_3.py
[2025-06-16T18:29:32.466+0200] {logging_mixin.py:137} INFO - [2025-06-16T18:29:32.466+0200] {dag.py:2690} INFO - Sync 1 DAGs
[2025-06-16T18:29:32.493+0200] {logging_mixin.py:137} INFO - [2025-06-16T18:29:32.492+0200] {dag.py:3437} INFO - Setting next_dagrun for example_branch_dop_operator_v3 to 2025-06-16T16:28:00+00:00, run_after=2025-06-16T16:29:00+00:00
[2025-06-16T18:29:32.543+0200] {processor.py:175} INFO - Processing /home/monica.fernandez/practica_creativa/venv-airflow/lib/python3.11/site-packages/airflow/example_dags/example_branch_python_dop_operator_3.py took 0.153 seconds
[2025-06-16T18:34:36.119+0200] {processor.py:153} INFO - Started process (PID=207934) to work on /home/monica.fernandez/practica_creativa/venv-airflow/lib/python3.11/site-packages/airflow/example_dags/example_branch_python_dop_operator_3.py
[2025-06-16T18:34:36.120+0200] {processor.py:743} INFO - Processing file /home/monica.fernandez/practica_creativa/venv-airflow/lib/python3.11/site-packages/airflow/example_dags/example_branch_python_dop_operator_3.py for tasks to queue
[2025-06-16T18:34:36.120+0200] {logging_mixin.py:137} INFO - [2025-06-16T18:34:36.120+0200] {dagbag.py:538} INFO - Filling up the DagBag from /home/monica.fernandez/practica_creativa/venv-airflow/lib/python3.11/site-packages/airflow/example_dags/example_branch_python_dop_operator_3.py
[2025-06-16T18:34:36.157+0200] {processor.py:753} INFO - DAG(s) dict_keys(['example_branch_dop_operator_v3']) retrieved from /home/monica.fernandez/practica_creativa/venv-airflow/lib/python3.11/site-packages/airflow/example_dags/example_branch_python_dop_operator_3.py
[2025-06-16T18:34:36.417+0200] {logging_mixin.py:137} INFO - [2025-06-16T18:34:36.417+0200] {manager.py:504} INFO - Created Permission View: can edit on DAG:example_branch_dop_operator_v3
[2025-06-16T18:34:36.536+0200] {logging_mixin.py:137} INFO - [2025-06-16T18:34:36.536+0200] {manager.py:504} INFO - Created Permission View: can delete on DAG:example_branch_dop_operator_v3
[2025-06-16T18:34:36.591+0200] {logging_mixin.py:137} INFO - [2025-06-16T18:34:36.591+0200] {manager.py:504} INFO - Created Permission View: can read on DAG:example_branch_dop_operator_v3
[2025-06-16T18:34:36.591+0200] {logging_mixin.py:137} INFO - [2025-06-16T18:34:36.591+0200] {dag.py:2690} INFO - Sync 1 DAGs
[2025-06-16T18:34:36.627+0200] {logging_mixin.py:137} INFO - [2025-06-16T18:34:36.626+0200] {dag.py:2711} INFO - Creating ORM DAG for example_branch_dop_operator_v3
[2025-06-16T18:34:36.646+0200] {logging_mixin.py:137} INFO - [2025-06-16T18:34:36.646+0200] {dag.py:3437} INFO - Setting next_dagrun for example_branch_dop_operator_v3 to 2025-06-16T16:33:00+00:00, run_after=2025-06-16T16:34:00+00:00
[2025-06-16T18:34:36.717+0200] {processor.py:175} INFO - Processing /home/monica.fernandez/practica_creativa/venv-airflow/lib/python3.11/site-packages/airflow/example_dags/example_branch_python_dop_operator_3.py took 0.601 seconds
[2025-06-16T18:35:51.285+0200] {processor.py:153} INFO - Started process (PID=208772) to work on /home/monica.fernandez/practica_creativa/venv-airflow/lib/python3.11/site-packages/airflow/example_dags/example_branch_python_dop_operator_3.py
[2025-06-16T18:35:51.287+0200] {processor.py:743} INFO - Processing file /home/monica.fernandez/practica_creativa/venv-airflow/lib/python3.11/site-packages/airflow/example_dags/example_branch_python_dop_operator_3.py for tasks to queue
[2025-06-16T18:35:51.289+0200] {logging_mixin.py:137} INFO - [2025-06-16T18:35:51.288+0200] {dagbag.py:538} INFO - Filling up the DagBag from /home/monica.fernandez/practica_creativa/venv-airflow/lib/python3.11/site-packages/airflow/example_dags/example_branch_python_dop_operator_3.py
[2025-06-16T18:35:51.370+0200] {processor.py:753} INFO - DAG(s) dict_keys(['example_branch_dop_operator_v3']) retrieved from /home/monica.fernandez/practica_creativa/venv-airflow/lib/python3.11/site-packages/airflow/example_dags/example_branch_python_dop_operator_3.py
[2025-06-16T18:35:51.422+0200] {logging_mixin.py:137} INFO - [2025-06-16T18:35:51.422+0200] {dag.py:2690} INFO - Sync 1 DAGs
[2025-06-16T18:35:51.482+0200] {logging_mixin.py:137} INFO - [2025-06-16T18:35:51.482+0200] {dag.py:3437} INFO - Setting next_dagrun for example_branch_dop_operator_v3 to 2025-06-16T16:34:00+00:00, run_after=2025-06-16T16:35:00+00:00
[2025-06-16T18:35:51.572+0200] {processor.py:175} INFO - Processing /home/monica.fernandez/practica_creativa/venv-airflow/lib/python3.11/site-packages/airflow/example_dags/example_branch_python_dop_operator_3.py took 0.297 seconds
[2025-06-16T18:36:54.655+0200] {processor.py:153} INFO - Started process (PID=209314) to work on /home/monica.fernandez/practica_creativa/venv-airflow/lib/python3.11/site-packages/airflow/example_dags/example_branch_python_dop_operator_3.py
[2025-06-16T18:36:54.659+0200] {processor.py:743} INFO - Processing file /home/monica.fernandez/practica_creativa/venv-airflow/lib/python3.11/site-packages/airflow/example_dags/example_branch_python_dop_operator_3.py for tasks to queue
[2025-06-16T18:36:54.660+0200] {logging_mixin.py:137} INFO - [2025-06-16T18:36:54.660+0200] {dagbag.py:538} INFO - Filling up the DagBag from /home/monica.fernandez/practica_creativa/venv-airflow/lib/python3.11/site-packages/airflow/example_dags/example_branch_python_dop_operator_3.py
[2025-06-16T18:36:54.707+0200] {processor.py:753} INFO - DAG(s) dict_keys(['example_branch_dop_operator_v3']) retrieved from /home/monica.fernandez/practica_creativa/venv-airflow/lib/python3.11/site-packages/airflow/example_dags/example_branch_python_dop_operator_3.py
[2025-06-16T18:36:54.732+0200] {logging_mixin.py:137} INFO - [2025-06-16T18:36:54.732+0200] {dag.py:2690} INFO - Sync 1 DAGs
[2025-06-16T18:36:54.757+0200] {logging_mixin.py:137} INFO - [2025-06-16T18:36:54.757+0200] {dag.py:3437} INFO - Setting next_dagrun for example_branch_dop_operator_v3 to 2025-06-16T16:35:00+00:00, run_after=2025-06-16T16:36:00+00:00
[2025-06-16T18:36:54.807+0200] {processor.py:175} INFO - Processing /home/monica.fernandez/practica_creativa/venv-airflow/lib/python3.11/site-packages/airflow/example_dags/example_branch_python_dop_operator_3.py took 0.160 seconds
[2025-06-16T18:37:59.233+0200] {processor.py:153} INFO - Started process (PID=209871) to work on /home/monica.fernandez/practica_creativa/venv-airflow/lib/python3.11/site-packages/airflow/example_dags/example_branch_python_dop_operator_3.py
[2025-06-16T18:37:59.234+0200] {processor.py:743} INFO - Processing file /home/monica.fernandez/practica_creativa/venv-airflow/lib/python3.11/site-packages/airflow/example_dags/example_branch_python_dop_operator_3.py for tasks to queue
[2025-06-16T18:37:59.235+0200] {logging_mixin.py:137} INFO - [2025-06-16T18:37:59.235+0200] {dagbag.py:538} INFO - Filling up the DagBag from /home/monica.fernandez/practica_creativa/venv-airflow/lib/python3.11/site-packages/airflow/example_dags/example_branch_python_dop_operator_3.py
[2025-06-16T18:37:59.281+0200] {processor.py:753} INFO - DAG(s) dict_keys(['example_branch_dop_operator_v3']) retrieved from /home/monica.fernandez/practica_creativa/venv-airflow/lib/python3.11/site-packages/airflow/example_dags/example_branch_python_dop_operator_3.py
[2025-06-16T18:37:59.315+0200] {logging_mixin.py:137} INFO - [2025-06-16T18:37:59.315+0200] {dag.py:2690} INFO - Sync 1 DAGs
[2025-06-16T18:37:59.356+0200] {logging_mixin.py:137} INFO - [2025-06-16T18:37:59.356+0200] {dag.py:3437} INFO - Setting next_dagrun for example_branch_dop_operator_v3 to 2025-06-16T16:36:00+00:00, run_after=2025-06-16T16:37:00+00:00
[2025-06-16T18:37:59.404+0200] {processor.py:175} INFO - Processing /home/monica.fernandez/practica_creativa/venv-airflow/lib/python3.11/site-packages/airflow/example_dags/example_branch_python_dop_operator_3.py took 0.174 seconds
[2025-06-16T18:39:00.886+0200] {processor.py:153} INFO - Started process (PID=210551) to work on /home/monica.fernandez/practica_creativa/venv-airflow/lib/python3.11/site-packages/airflow/example_dags/example_branch_python_dop_operator_3.py
[2025-06-16T18:39:00.889+0200] {processor.py:743} INFO - Processing file /home/monica.fernandez/practica_creativa/venv-airflow/lib/python3.11/site-packages/airflow/example_dags/example_branch_python_dop_operator_3.py for tasks to queue
[2025-06-16T18:39:00.890+0200] {logging_mixin.py:137} INFO - [2025-06-16T18:39:00.890+0200] {dagbag.py:538} INFO - Filling up the DagBag from /home/monica.fernandez/practica_creativa/venv-airflow/lib/python3.11/site-packages/airflow/example_dags/example_branch_python_dop_operator_3.py
[2025-06-16T18:39:00.926+0200] {processor.py:753} INFO - DAG(s) dict_keys(['example_branch_dop_operator_v3']) retrieved from /home/monica.fernandez/practica_creativa/venv-airflow/lib/python3.11/site-packages/airflow/example_dags/example_branch_python_dop_operator_3.py
[2025-06-16T18:39:00.950+0200] {logging_mixin.py:137} INFO - [2025-06-16T18:39:00.950+0200] {dag.py:2690} INFO - Sync 1 DAGs
[2025-06-16T18:39:00.976+0200] {logging_mixin.py:137} INFO - [2025-06-16T18:39:00.976+0200] {dag.py:3437} INFO - Setting next_dagrun for example_branch_dop_operator_v3 to 2025-06-16T16:38:00+00:00, run_after=2025-06-16T16:39:00+00:00
[2025-06-16T18:39:01.022+0200] {processor.py:175} INFO - Processing /home/monica.fernandez/practica_creativa/venv-airflow/lib/python3.11/site-packages/airflow/example_dags/example_branch_python_dop_operator_3.py took 0.144 seconds
[2025-06-16T18:43:05.426+0200] {processor.py:153} INFO - Started process (PID=213423) to work on /home/monica.fernandez/practica_creativa/venv-airflow/lib/python3.11/site-packages/airflow/example_dags/example_branch_python_dop_operator_3.py
[2025-06-16T18:43:05.427+0200] {processor.py:743} INFO - Processing file /home/monica.fernandez/practica_creativa/venv-airflow/lib/python3.11/site-packages/airflow/example_dags/example_branch_python_dop_operator_3.py for tasks to queue
[2025-06-16T18:43:05.428+0200] {logging_mixin.py:137} INFO - [2025-06-16T18:43:05.427+0200] {dagbag.py:538} INFO - Filling up the DagBag from /home/monica.fernandez/practica_creativa/venv-airflow/lib/python3.11/site-packages/airflow/example_dags/example_branch_python_dop_operator_3.py
[2025-06-16T18:43:05.453+0200] {processor.py:753} INFO - DAG(s) dict_keys(['example_branch_dop_operator_v3']) retrieved from /home/monica.fernandez/practica_creativa/venv-airflow/lib/python3.11/site-packages/airflow/example_dags/example_branch_python_dop_operator_3.py
[2025-06-16T18:43:05.484+0200] {logging_mixin.py:137} INFO - [2025-06-16T18:43:05.483+0200] {dag.py:2690} INFO - Sync 1 DAGs
[2025-06-16T18:43:05.510+0200] {logging_mixin.py:137} INFO - [2025-06-16T18:43:05.510+0200] {dag.py:3437} INFO - Setting next_dagrun for example_branch_dop_operator_v3 to 2025-06-16T16:42:00+00:00, run_after=2025-06-16T16:43:00+00:00
[2025-06-16T18:43:05.568+0200] {processor.py:175} INFO - Processing /home/monica.fernandez/practica_creativa/venv-airflow/lib/python3.11/site-packages/airflow/example_dags/example_branch_python_dop_operator_3.py took 0.146 seconds
[2025-06-16T18:43:58.355+0200] {processor.py:153} INFO - Started process (PID=213893) to work on /home/monica.fernandez/practica_creativa/venv-airflow/lib/python3.11/site-packages/airflow/example_dags/example_branch_python_dop_operator_3.py
[2025-06-16T18:43:58.356+0200] {processor.py:743} INFO - Processing file /home/monica.fernandez/practica_creativa/venv-airflow/lib/python3.11/site-packages/airflow/example_dags/example_branch_python_dop_operator_3.py for tasks to queue
[2025-06-16T18:43:58.356+0200] {logging_mixin.py:137} INFO - [2025-06-16T18:43:58.356+0200] {dagbag.py:538} INFO - Filling up the DagBag from /home/monica.fernandez/practica_creativa/venv-airflow/lib/python3.11/site-packages/airflow/example_dags/example_branch_python_dop_operator_3.py
[2025-06-16T18:43:58.379+0200] {processor.py:753} INFO - DAG(s) dict_keys(['example_branch_dop_operator_v3']) retrieved from /home/monica.fernandez/practica_creativa/venv-airflow/lib/python3.11/site-packages/airflow/example_dags/example_branch_python_dop_operator_3.py
[2025-06-16T18:43:58.406+0200] {logging_mixin.py:137} INFO - [2025-06-16T18:43:58.405+0200] {dag.py:2690} INFO - Sync 1 DAGs
[2025-06-16T18:43:58.432+0200] {logging_mixin.py:137} INFO - [2025-06-16T18:43:58.431+0200] {dag.py:3437} INFO - Setting next_dagrun for example_branch_dop_operator_v3 to 2025-06-16T16:42:00+00:00, run_after=2025-06-16T16:43:00+00:00
[2025-06-16T18:43:58.481+0200] {processor.py:175} INFO - Processing /home/monica.fernandez/practica_creativa/venv-airflow/lib/python3.11/site-packages/airflow/example_dags/example_branch_python_dop_operator_3.py took 0.129 seconds
[2025-06-16T18:45:07.408+0200] {processor.py:153} INFO - Started process (PID=214454) to work on /home/monica.fernandez/practica_creativa/venv-airflow/lib/python3.11/site-packages/airflow/example_dags/example_branch_python_dop_operator_3.py
[2025-06-16T18:45:07.409+0200] {processor.py:743} INFO - Processing file /home/monica.fernandez/practica_creativa/venv-airflow/lib/python3.11/site-packages/airflow/example_dags/example_branch_python_dop_operator_3.py for tasks to queue
[2025-06-16T18:45:07.409+0200] {logging_mixin.py:137} INFO - [2025-06-16T18:45:07.409+0200] {dagbag.py:538} INFO - Filling up the DagBag from /home/monica.fernandez/practica_creativa/venv-airflow/lib/python3.11/site-packages/airflow/example_dags/example_branch_python_dop_operator_3.py
[2025-06-16T18:45:07.443+0200] {processor.py:753} INFO - DAG(s) dict_keys(['example_branch_dop_operator_v3']) retrieved from /home/monica.fernandez/practica_creativa/venv-airflow/lib/python3.11/site-packages/airflow/example_dags/example_branch_python_dop_operator_3.py
[2025-06-16T18:45:07.482+0200] {logging_mixin.py:137} INFO - [2025-06-16T18:45:07.482+0200] {dag.py:2690} INFO - Sync 1 DAGs
[2025-06-16T18:45:07.514+0200] {logging_mixin.py:137} INFO - [2025-06-16T18:45:07.513+0200] {dag.py:3437} INFO - Setting next_dagrun for example_branch_dop_operator_v3 to 2025-06-16T16:44:00+00:00, run_after=2025-06-16T16:45:00+00:00
[2025-06-16T18:45:07.580+0200] {processor.py:175} INFO - Processing /home/monica.fernandez/practica_creativa/venv-airflow/lib/python3.11/site-packages/airflow/example_dags/example_branch_python_dop_operator_3.py took 0.176 seconds
[2025-06-16T18:47:51.706+0200] {processor.py:153} INFO - Started process (PID=216276) to work on /home/monica.fernandez/practica_creativa/venv-airflow/lib/python3.11/site-packages/airflow/example_dags/example_branch_python_dop_operator_3.py
[2025-06-16T18:47:51.708+0200] {processor.py:743} INFO - Processing file /home/monica.fernandez/practica_creativa/venv-airflow/lib/python3.11/site-packages/airflow/example_dags/example_branch_python_dop_operator_3.py for tasks to queue
[2025-06-16T18:47:51.710+0200] {logging_mixin.py:137} INFO - [2025-06-16T18:47:51.709+0200] {dagbag.py:538} INFO - Filling up the DagBag from /home/monica.fernandez/practica_creativa/venv-airflow/lib/python3.11/site-packages/airflow/example_dags/example_branch_python_dop_operator_3.py
[2025-06-16T18:47:51.750+0200] {processor.py:753} INFO - DAG(s) dict_keys(['example_branch_dop_operator_v3']) retrieved from /home/monica.fernandez/practica_creativa/venv-airflow/lib/python3.11/site-packages/airflow/example_dags/example_branch_python_dop_operator_3.py
[2025-06-16T18:47:51.774+0200] {logging_mixin.py:137} INFO - [2025-06-16T18:47:51.774+0200] {dag.py:2690} INFO - Sync 1 DAGs
[2025-06-16T18:47:51.801+0200] {logging_mixin.py:137} INFO - [2025-06-16T18:47:51.801+0200] {dag.py:3437} INFO - Setting next_dagrun for example_branch_dop_operator_v3 to 2025-06-16T16:46:00+00:00, run_after=2025-06-16T16:47:00+00:00
[2025-06-16T18:47:51.894+0200] {processor.py:175} INFO - Processing /home/monica.fernandez/practica_creativa/venv-airflow/lib/python3.11/site-packages/airflow/example_dags/example_branch_python_dop_operator_3.py took 0.197 seconds
[2025-06-16T18:48:43.659+0200] {processor.py:153} INFO - Started process (PID=216755) to work on /home/monica.fernandez/practica_creativa/venv-airflow/lib/python3.11/site-packages/airflow/example_dags/example_branch_python_dop_operator_3.py
[2025-06-16T18:48:43.660+0200] {processor.py:743} INFO - Processing file /home/monica.fernandez/practica_creativa/venv-airflow/lib/python3.11/site-packages/airflow/example_dags/example_branch_python_dop_operator_3.py for tasks to queue
[2025-06-16T18:48:43.661+0200] {logging_mixin.py:137} INFO - [2025-06-16T18:48:43.661+0200] {dagbag.py:538} INFO - Filling up the DagBag from /home/monica.fernandez/practica_creativa/venv-airflow/lib/python3.11/site-packages/airflow/example_dags/example_branch_python_dop_operator_3.py
[2025-06-16T18:48:43.692+0200] {processor.py:753} INFO - DAG(s) dict_keys(['example_branch_dop_operator_v3']) retrieved from /home/monica.fernandez/practica_creativa/venv-airflow/lib/python3.11/site-packages/airflow/example_dags/example_branch_python_dop_operator_3.py
[2025-06-16T18:48:43.718+0200] {logging_mixin.py:137} INFO - [2025-06-16T18:48:43.718+0200] {dag.py:2690} INFO - Sync 1 DAGs
[2025-06-16T18:48:43.744+0200] {logging_mixin.py:137} INFO - [2025-06-16T18:48:43.744+0200] {dag.py:3437} INFO - Setting next_dagrun for example_branch_dop_operator_v3 to 2025-06-16T16:47:00+00:00, run_after=2025-06-16T16:48:00+00:00
[2025-06-16T18:48:43.798+0200] {processor.py:175} INFO - Processing /home/monica.fernandez/practica_creativa/venv-airflow/lib/python3.11/site-packages/airflow/example_dags/example_branch_python_dop_operator_3.py took 0.147 seconds
[2025-06-16T18:49:48.569+0200] {processor.py:153} INFO - Started process (PID=217292) to work on /home/monica.fernandez/practica_creativa/venv-airflow/lib/python3.11/site-packages/airflow/example_dags/example_branch_python_dop_operator_3.py
[2025-06-16T18:49:48.573+0200] {processor.py:743} INFO - Processing file /home/monica.fernandez/practica_creativa/venv-airflow/lib/python3.11/site-packages/airflow/example_dags/example_branch_python_dop_operator_3.py for tasks to queue
[2025-06-16T18:49:48.574+0200] {logging_mixin.py:137} INFO - [2025-06-16T18:49:48.574+0200] {dagbag.py:538} INFO - Filling up the DagBag from /home/monica.fernandez/practica_creativa/venv-airflow/lib/python3.11/site-packages/airflow/example_dags/example_branch_python_dop_operator_3.py
[2025-06-16T18:49:48.612+0200] {processor.py:753} INFO - DAG(s) dict_keys(['example_branch_dop_operator_v3']) retrieved from /home/monica.fernandez/practica_creativa/venv-airflow/lib/python3.11/site-packages/airflow/example_dags/example_branch_python_dop_operator_3.py
[2025-06-16T18:49:48.637+0200] {logging_mixin.py:137} INFO - [2025-06-16T18:49:48.636+0200] {dag.py:2690} INFO - Sync 1 DAGs
[2025-06-16T18:49:48.663+0200] {logging_mixin.py:137} INFO - [2025-06-16T18:49:48.663+0200] {dag.py:3437} INFO - Setting next_dagrun for example_branch_dop_operator_v3 to 2025-06-16T16:48:00+00:00, run_after=2025-06-16T16:49:00+00:00
[2025-06-16T18:49:48.719+0200] {processor.py:175} INFO - Processing /home/monica.fernandez/practica_creativa/venv-airflow/lib/python3.11/site-packages/airflow/example_dags/example_branch_python_dop_operator_3.py took 0.158 seconds
[2025-06-16T18:50:55.710+0200] {processor.py:153} INFO - Started process (PID=217977) to work on /home/monica.fernandez/practica_creativa/venv-airflow/lib/python3.11/site-packages/airflow/example_dags/example_branch_python_dop_operator_3.py
[2025-06-16T18:50:55.712+0200] {processor.py:743} INFO - Processing file /home/monica.fernandez/practica_creativa/venv-airflow/lib/python3.11/site-packages/airflow/example_dags/example_branch_python_dop_operator_3.py for tasks to queue
[2025-06-16T18:50:55.714+0200] {logging_mixin.py:137} INFO - [2025-06-16T18:50:55.713+0200] {dagbag.py:538} INFO - Filling up the DagBag from /home/monica.fernandez/practica_creativa/venv-airflow/lib/python3.11/site-packages/airflow/example_dags/example_branch_python_dop_operator_3.py
[2025-06-16T18:50:55.795+0200] {processor.py:753} INFO - DAG(s) dict_keys(['example_branch_dop_operator_v3']) retrieved from /home/monica.fernandez/practica_creativa/venv-airflow/lib/python3.11/site-packages/airflow/example_dags/example_branch_python_dop_operator_3.py
[2025-06-16T18:50:55.825+0200] {logging_mixin.py:137} INFO - [2025-06-16T18:50:55.825+0200] {dag.py:2690} INFO - Sync 1 DAGs
[2025-06-16T18:50:55.857+0200] {logging_mixin.py:137} INFO - [2025-06-16T18:50:55.857+0200] {dag.py:3437} INFO - Setting next_dagrun for example_branch_dop_operator_v3 to 2025-06-16T16:49:00+00:00, run_after=2025-06-16T16:50:00+00:00
[2025-06-16T18:50:55.916+0200] {processor.py:175} INFO - Processing /home/monica.fernandez/practica_creativa/venv-airflow/lib/python3.11/site-packages/airflow/example_dags/example_branch_python_dop_operator_3.py took 0.215 seconds
[2025-06-16T18:51:48.021+0200] {processor.py:153} INFO - Started process (PID=218363) to work on /home/monica.fernandez/practica_creativa/venv-airflow/lib/python3.11/site-packages/airflow/example_dags/example_branch_python_dop_operator_3.py
[2025-06-16T18:51:48.021+0200] {processor.py:743} INFO - Processing file /home/monica.fernandez/practica_creativa/venv-airflow/lib/python3.11/site-packages/airflow/example_dags/example_branch_python_dop_operator_3.py for tasks to queue
[2025-06-16T18:51:48.022+0200] {logging_mixin.py:137} INFO - [2025-06-16T18:51:48.022+0200] {dagbag.py:538} INFO - Filling up the DagBag from /home/monica.fernandez/practica_creativa/venv-airflow/lib/python3.11/site-packages/airflow/example_dags/example_branch_python_dop_operator_3.py
[2025-06-16T18:51:48.067+0200] {processor.py:753} INFO - DAG(s) dict_keys(['example_branch_dop_operator_v3']) retrieved from /home/monica.fernandez/practica_creativa/venv-airflow/lib/python3.11/site-packages/airflow/example_dags/example_branch_python_dop_operator_3.py
[2025-06-16T18:51:48.098+0200] {logging_mixin.py:137} INFO - [2025-06-16T18:51:48.097+0200] {dag.py:2690} INFO - Sync 1 DAGs
[2025-06-16T18:51:48.130+0200] {logging_mixin.py:137} INFO - [2025-06-16T18:51:48.130+0200] {dag.py:3437} INFO - Setting next_dagrun for example_branch_dop_operator_v3 to 2025-06-16T16:50:00+00:00, run_after=2025-06-16T16:51:00+00:00
[2025-06-16T18:51:48.182+0200] {processor.py:175} INFO - Processing /home/monica.fernandez/practica_creativa/venv-airflow/lib/python3.11/site-packages/airflow/example_dags/example_branch_python_dop_operator_3.py took 0.165 seconds
[2025-06-16T18:53:04.575+0200] {processor.py:153} INFO - Started process (PID=219139) to work on /home/monica.fernandez/practica_creativa/venv-airflow/lib/python3.11/site-packages/airflow/example_dags/example_branch_python_dop_operator_3.py
[2025-06-16T18:53:04.575+0200] {processor.py:743} INFO - Processing file /home/monica.fernandez/practica_creativa/venv-airflow/lib/python3.11/site-packages/airflow/example_dags/example_branch_python_dop_operator_3.py for tasks to queue
[2025-06-16T18:53:04.576+0200] {logging_mixin.py:137} INFO - [2025-06-16T18:53:04.576+0200] {dagbag.py:538} INFO - Filling up the DagBag from /home/monica.fernandez/practica_creativa/venv-airflow/lib/python3.11/site-packages/airflow/example_dags/example_branch_python_dop_operator_3.py
[2025-06-16T18:53:04.602+0200] {processor.py:753} INFO - DAG(s) dict_keys(['example_branch_dop_operator_v3']) retrieved from /home/monica.fernandez/practica_creativa/venv-airflow/lib/python3.11/site-packages/airflow/example_dags/example_branch_python_dop_operator_3.py
[2025-06-16T18:53:04.626+0200] {logging_mixin.py:137} INFO - [2025-06-16T18:53:04.626+0200] {dag.py:2690} INFO - Sync 1 DAGs
[2025-06-16T18:53:04.652+0200] {logging_mixin.py:137} INFO - [2025-06-16T18:53:04.652+0200] {dag.py:3437} INFO - Setting next_dagrun for example_branch_dop_operator_v3 to 2025-06-16T16:52:00+00:00, run_after=2025-06-16T16:53:00+00:00
[2025-06-16T18:53:04.700+0200] {processor.py:175} INFO - Processing /home/monica.fernandez/practica_creativa/venv-airflow/lib/python3.11/site-packages/airflow/example_dags/example_branch_python_dop_operator_3.py took 0.128 seconds
[2025-06-16T18:56:27.181+0200] {processor.py:153} INFO - Started process (PID=221125) to work on /home/monica.fernandez/practica_creativa/venv-airflow/lib/python3.11/site-packages/airflow/example_dags/example_branch_python_dop_operator_3.py
[2025-06-16T18:56:27.183+0200] {processor.py:743} INFO - Processing file /home/monica.fernandez/practica_creativa/venv-airflow/lib/python3.11/site-packages/airflow/example_dags/example_branch_python_dop_operator_3.py for tasks to queue
[2025-06-16T18:56:27.185+0200] {logging_mixin.py:137} INFO - [2025-06-16T18:56:27.185+0200] {dagbag.py:538} INFO - Filling up the DagBag from /home/monica.fernandez/practica_creativa/venv-airflow/lib/python3.11/site-packages/airflow/example_dags/example_branch_python_dop_operator_3.py
[2025-06-16T18:56:27.217+0200] {processor.py:753} INFO - DAG(s) dict_keys(['example_branch_dop_operator_v3']) retrieved from /home/monica.fernandez/practica_creativa/venv-airflow/lib/python3.11/site-packages/airflow/example_dags/example_branch_python_dop_operator_3.py
[2025-06-16T18:56:27.248+0200] {logging_mixin.py:137} INFO - [2025-06-16T18:56:27.247+0200] {dag.py:2690} INFO - Sync 1 DAGs
[2025-06-16T18:56:27.274+0200] {logging_mixin.py:137} INFO - [2025-06-16T18:56:27.274+0200] {dag.py:3437} INFO - Setting next_dagrun for example_branch_dop_operator_v3 to 2025-06-16T16:55:00+00:00, run_after=2025-06-16T16:56:00+00:00
[2025-06-16T18:56:27.322+0200] {processor.py:175} INFO - Processing /home/monica.fernandez/practica_creativa/venv-airflow/lib/python3.11/site-packages/airflow/example_dags/example_branch_python_dop_operator_3.py took 0.149 seconds
[2025-06-16T18:57:21.985+0200] {processor.py:153} INFO - Started process (PID=221514) to work on /home/monica.fernandez/practica_creativa/venv-airflow/lib/python3.11/site-packages/airflow/example_dags/example_branch_python_dop_operator_3.py
[2025-06-16T18:57:21.987+0200] {processor.py:743} INFO - Processing file /home/monica.fernandez/practica_creativa/venv-airflow/lib/python3.11/site-packages/airflow/example_dags/example_branch_python_dop_operator_3.py for tasks to queue
[2025-06-16T18:57:21.988+0200] {logging_mixin.py:137} INFO - [2025-06-16T18:57:21.987+0200] {dagbag.py:538} INFO - Filling up the DagBag from /home/monica.fernandez/practica_creativa/venv-airflow/lib/python3.11/site-packages/airflow/example_dags/example_branch_python_dop_operator_3.py
[2025-06-16T18:57:22.015+0200] {processor.py:753} INFO - DAG(s) dict_keys(['example_branch_dop_operator_v3']) retrieved from /home/monica.fernandez/practica_creativa/venv-airflow/lib/python3.11/site-packages/airflow/example_dags/example_branch_python_dop_operator_3.py
[2025-06-16T18:57:22.042+0200] {logging_mixin.py:137} INFO - [2025-06-16T18:57:22.042+0200] {dag.py:2690} INFO - Sync 1 DAGs
[2025-06-16T18:57:22.065+0200] {logging_mixin.py:137} INFO - [2025-06-16T18:57:22.065+0200] {dag.py:3437} INFO - Setting next_dagrun for example_branch_dop_operator_v3 to 2025-06-16T16:56:00+00:00, run_after=2025-06-16T16:57:00+00:00
[2025-06-16T18:57:22.112+0200] {processor.py:175} INFO - Processing /home/monica.fernandez/practica_creativa/venv-airflow/lib/python3.11/site-packages/airflow/example_dags/example_branch_python_dop_operator_3.py took 0.134 seconds
[2025-06-16T18:58:13.927+0200] {processor.py:153} INFO - Started process (PID=221978) to work on /home/monica.fernandez/practica_creativa/venv-airflow/lib/python3.11/site-packages/airflow/example_dags/example_branch_python_dop_operator_3.py
[2025-06-16T18:58:13.930+0200] {processor.py:743} INFO - Processing file /home/monica.fernandez/practica_creativa/venv-airflow/lib/python3.11/site-packages/airflow/example_dags/example_branch_python_dop_operator_3.py for tasks to queue
[2025-06-16T18:58:13.931+0200] {logging_mixin.py:137} INFO - [2025-06-16T18:58:13.931+0200] {dagbag.py:538} INFO - Filling up the DagBag from /home/monica.fernandez/practica_creativa/venv-airflow/lib/python3.11/site-packages/airflow/example_dags/example_branch_python_dop_operator_3.py
[2025-06-16T18:58:13.985+0200] {processor.py:753} INFO - DAG(s) dict_keys(['example_branch_dop_operator_v3']) retrieved from /home/monica.fernandez/practica_creativa/venv-airflow/lib/python3.11/site-packages/airflow/example_dags/example_branch_python_dop_operator_3.py
[2025-06-16T18:58:14.028+0200] {logging_mixin.py:137} INFO - [2025-06-16T18:58:14.028+0200] {dag.py:2690} INFO - Sync 1 DAGs
[2025-06-16T18:58:14.056+0200] {logging_mixin.py:137} INFO - [2025-06-16T18:58:14.056+0200] {dag.py:3437} INFO - Setting next_dagrun for example_branch_dop_operator_v3 to 2025-06-16T16:57:00+00:00, run_after=2025-06-16T16:58:00+00:00
[2025-06-16T18:58:14.107+0200] {processor.py:175} INFO - Processing /home/monica.fernandez/practica_creativa/venv-airflow/lib/python3.11/site-packages/airflow/example_dags/example_branch_python_dop_operator_3.py took 0.188 seconds
[2025-06-16T18:59:18.381+0200] {processor.py:153} INFO - Started process (PID=222532) to work on /home/monica.fernandez/practica_creativa/venv-airflow/lib/python3.11/site-packages/airflow/example_dags/example_branch_python_dop_operator_3.py
[2025-06-16T18:59:18.383+0200] {processor.py:743} INFO - Processing file /home/monica.fernandez/practica_creativa/venv-airflow/lib/python3.11/site-packages/airflow/example_dags/example_branch_python_dop_operator_3.py for tasks to queue
[2025-06-16T18:59:18.385+0200] {logging_mixin.py:137} INFO - [2025-06-16T18:59:18.384+0200] {dagbag.py:538} INFO - Filling up the DagBag from /home/monica.fernandez/practica_creativa/venv-airflow/lib/python3.11/site-packages/airflow/example_dags/example_branch_python_dop_operator_3.py
[2025-06-16T18:59:18.426+0200] {processor.py:753} INFO - DAG(s) dict_keys(['example_branch_dop_operator_v3']) retrieved from /home/monica.fernandez/practica_creativa/venv-airflow/lib/python3.11/site-packages/airflow/example_dags/example_branch_python_dop_operator_3.py
[2025-06-16T18:59:18.452+0200] {logging_mixin.py:137} INFO - [2025-06-16T18:59:18.452+0200] {dag.py:2690} INFO - Sync 1 DAGs
[2025-06-16T18:59:18.478+0200] {logging_mixin.py:137} INFO - [2025-06-16T18:59:18.478+0200] {dag.py:3437} INFO - Setting next_dagrun for example_branch_dop_operator_v3 to 2025-06-16T16:58:00+00:00, run_after=2025-06-16T16:59:00+00:00
[2025-06-16T18:59:18.533+0200] {processor.py:175} INFO - Processing /home/monica.fernandez/practica_creativa/venv-airflow/lib/python3.11/site-packages/airflow/example_dags/example_branch_python_dop_operator_3.py took 0.161 seconds
[2025-06-16T19:00:27.055+0200] {processor.py:153} INFO - Started process (PID=223468) to work on /home/monica.fernandez/practica_creativa/venv-airflow/lib/python3.11/site-packages/airflow/example_dags/example_branch_python_dop_operator_3.py
[2025-06-16T19:00:27.057+0200] {processor.py:743} INFO - Processing file /home/monica.fernandez/practica_creativa/venv-airflow/lib/python3.11/site-packages/airflow/example_dags/example_branch_python_dop_operator_3.py for tasks to queue
[2025-06-16T19:00:27.058+0200] {logging_mixin.py:137} INFO - [2025-06-16T19:00:27.058+0200] {dagbag.py:538} INFO - Filling up the DagBag from /home/monica.fernandez/practica_creativa/venv-airflow/lib/python3.11/site-packages/airflow/example_dags/example_branch_python_dop_operator_3.py
[2025-06-16T19:00:27.116+0200] {processor.py:753} INFO - DAG(s) dict_keys(['example_branch_dop_operator_v3']) retrieved from /home/monica.fernandez/practica_creativa/venv-airflow/lib/python3.11/site-packages/airflow/example_dags/example_branch_python_dop_operator_3.py
[2025-06-16T19:00:27.181+0200] {logging_mixin.py:137} INFO - [2025-06-16T19:00:27.181+0200] {dag.py:2690} INFO - Sync 1 DAGs
[2025-06-16T19:00:27.247+0200] {logging_mixin.py:137} INFO - [2025-06-16T19:00:27.246+0200] {dag.py:3437} INFO - Setting next_dagrun for example_branch_dop_operator_v3 to 2025-06-16T16:59:00+00:00, run_after=2025-06-16T17:00:00+00:00
[2025-06-16T19:00:27.326+0200] {processor.py:175} INFO - Processing /home/monica.fernandez/practica_creativa/venv-airflow/lib/python3.11/site-packages/airflow/example_dags/example_branch_python_dop_operator_3.py took 0.280 seconds
[2025-06-16T19:02:38.573+0200] {processor.py:153} INFO - Started process (PID=224892) to work on /home/monica.fernandez/practica_creativa/venv-airflow/lib/python3.11/site-packages/airflow/example_dags/example_branch_python_dop_operator_3.py
[2025-06-16T19:02:38.575+0200] {processor.py:743} INFO - Processing file /home/monica.fernandez/practica_creativa/venv-airflow/lib/python3.11/site-packages/airflow/example_dags/example_branch_python_dop_operator_3.py for tasks to queue
[2025-06-16T19:02:38.577+0200] {logging_mixin.py:137} INFO - [2025-06-16T19:02:38.576+0200] {dagbag.py:538} INFO - Filling up the DagBag from /home/monica.fernandez/practica_creativa/venv-airflow/lib/python3.11/site-packages/airflow/example_dags/example_branch_python_dop_operator_3.py
[2025-06-16T19:02:38.615+0200] {processor.py:753} INFO - DAG(s) dict_keys(['example_branch_dop_operator_v3']) retrieved from /home/monica.fernandez/practica_creativa/venv-airflow/lib/python3.11/site-packages/airflow/example_dags/example_branch_python_dop_operator_3.py
[2025-06-16T19:02:38.643+0200] {logging_mixin.py:137} INFO - [2025-06-16T19:02:38.643+0200] {dag.py:2690} INFO - Sync 1 DAGs
[2025-06-16T19:02:38.667+0200] {logging_mixin.py:137} INFO - [2025-06-16T19:02:38.667+0200] {dag.py:3437} INFO - Setting next_dagrun for example_branch_dop_operator_v3 to 2025-06-16T17:01:00+00:00, run_after=2025-06-16T17:02:00+00:00
[2025-06-16T19:02:38.717+0200] {processor.py:175} INFO - Processing /home/monica.fernandez/practica_creativa/venv-airflow/lib/python3.11/site-packages/airflow/example_dags/example_branch_python_dop_operator_3.py took 0.152 seconds
[2025-06-16T19:03:53.714+0200] {processor.py:153} INFO - Started process (PID=225514) to work on /home/monica.fernandez/practica_creativa/venv-airflow/lib/python3.11/site-packages/airflow/example_dags/example_branch_python_dop_operator_3.py
[2025-06-16T19:03:53.716+0200] {processor.py:743} INFO - Processing file /home/monica.fernandez/practica_creativa/venv-airflow/lib/python3.11/site-packages/airflow/example_dags/example_branch_python_dop_operator_3.py for tasks to queue
[2025-06-16T19:03:53.717+0200] {logging_mixin.py:137} INFO - [2025-06-16T19:03:53.717+0200] {dagbag.py:538} INFO - Filling up the DagBag from /home/monica.fernandez/practica_creativa/venv-airflow/lib/python3.11/site-packages/airflow/example_dags/example_branch_python_dop_operator_3.py
[2025-06-16T19:03:53.763+0200] {processor.py:753} INFO - DAG(s) dict_keys(['example_branch_dop_operator_v3']) retrieved from /home/monica.fernandez/practica_creativa/venv-airflow/lib/python3.11/site-packages/airflow/example_dags/example_branch_python_dop_operator_3.py
[2025-06-16T19:03:53.786+0200] {logging_mixin.py:137} INFO - [2025-06-16T19:03:53.786+0200] {dag.py:2690} INFO - Sync 1 DAGs
[2025-06-16T19:03:53.812+0200] {logging_mixin.py:137} INFO - [2025-06-16T19:03:53.812+0200] {dag.py:3437} INFO - Setting next_dagrun for example_branch_dop_operator_v3 to 2025-06-16T17:02:00+00:00, run_after=2025-06-16T17:03:00+00:00
[2025-06-16T19:03:53.860+0200] {processor.py:175} INFO - Processing /home/monica.fernandez/practica_creativa/venv-airflow/lib/python3.11/site-packages/airflow/example_dags/example_branch_python_dop_operator_3.py took 0.154 seconds
[2025-06-16T19:09:01.766+0200] {processor.py:153} INFO - Started process (PID=230482) to work on /home/monica.fernandez/practica_creativa/venv-airflow/lib/python3.11/site-packages/airflow/example_dags/example_branch_python_dop_operator_3.py
[2025-06-16T19:09:01.767+0200] {processor.py:743} INFO - Processing file /home/monica.fernandez/practica_creativa/venv-airflow/lib/python3.11/site-packages/airflow/example_dags/example_branch_python_dop_operator_3.py for tasks to queue
[2025-06-16T19:09:01.767+0200] {logging_mixin.py:137} INFO - [2025-06-16T19:09:01.767+0200] {dagbag.py:538} INFO - Filling up the DagBag from /home/monica.fernandez/practica_creativa/venv-airflow/lib/python3.11/site-packages/airflow/example_dags/example_branch_python_dop_operator_3.py
[2025-06-16T19:09:01.783+0200] {processor.py:753} INFO - DAG(s) dict_keys(['example_branch_dop_operator_v3']) retrieved from /home/monica.fernandez/practica_creativa/venv-airflow/lib/python3.11/site-packages/airflow/example_dags/example_branch_python_dop_operator_3.py
[2025-06-16T19:09:01.809+0200] {logging_mixin.py:137} INFO - [2025-06-16T19:09:01.809+0200] {dag.py:2690} INFO - Sync 1 DAGs
[2025-06-16T19:09:01.943+0200] {logging_mixin.py:137} INFO - [2025-06-16T19:09:01.942+0200] {dag.py:3437} INFO - Setting next_dagrun for example_branch_dop_operator_v3 to 2025-06-16T17:08:00+00:00, run_after=2025-06-16T17:09:00+00:00
[2025-06-16T19:09:01.998+0200] {processor.py:175} INFO - Processing /home/monica.fernandez/practica_creativa/venv-airflow/lib/python3.11/site-packages/airflow/example_dags/example_branch_python_dop_operator_3.py took 0.234 seconds
[2025-06-16T19:09:54.755+0200] {processor.py:153} INFO - Started process (PID=231282) to work on /home/monica.fernandez/practica_creativa/venv-airflow/lib/python3.11/site-packages/airflow/example_dags/example_branch_python_dop_operator_3.py
[2025-06-16T19:09:54.757+0200] {processor.py:743} INFO - Processing file /home/monica.fernandez/practica_creativa/venv-airflow/lib/python3.11/site-packages/airflow/example_dags/example_branch_python_dop_operator_3.py for tasks to queue
[2025-06-16T19:09:54.759+0200] {logging_mixin.py:137} INFO - [2025-06-16T19:09:54.758+0200] {dagbag.py:538} INFO - Filling up the DagBag from /home/monica.fernandez/practica_creativa/venv-airflow/lib/python3.11/site-packages/airflow/example_dags/example_branch_python_dop_operator_3.py
[2025-06-16T19:09:54.804+0200] {processor.py:753} INFO - DAG(s) dict_keys(['example_branch_dop_operator_v3']) retrieved from /home/monica.fernandez/practica_creativa/venv-airflow/lib/python3.11/site-packages/airflow/example_dags/example_branch_python_dop_operator_3.py
[2025-06-16T19:09:54.831+0200] {logging_mixin.py:137} INFO - [2025-06-16T19:09:54.830+0200] {dag.py:2690} INFO - Sync 1 DAGs
[2025-06-16T19:09:54.957+0200] {logging_mixin.py:137} INFO - [2025-06-16T19:09:54.957+0200] {dag.py:3437} INFO - Setting next_dagrun for example_branch_dop_operator_v3 to 2025-06-16T17:08:00+00:00, run_after=2025-06-16T17:09:00+00:00
[2025-06-16T19:09:55.002+0200] {processor.py:175} INFO - Processing /home/monica.fernandez/practica_creativa/venv-airflow/lib/python3.11/site-packages/airflow/example_dags/example_branch_python_dop_operator_3.py took 0.254 seconds
[2025-06-16T19:11:04.468+0200] {processor.py:153} INFO - Started process (PID=232642) to work on /home/monica.fernandez/practica_creativa/venv-airflow/lib/python3.11/site-packages/airflow/example_dags/example_branch_python_dop_operator_3.py
[2025-06-16T19:11:04.469+0200] {processor.py:743} INFO - Processing file /home/monica.fernandez/practica_creativa/venv-airflow/lib/python3.11/site-packages/airflow/example_dags/example_branch_python_dop_operator_3.py for tasks to queue
[2025-06-16T19:11:04.469+0200] {logging_mixin.py:137} INFO - [2025-06-16T19:11:04.469+0200] {dagbag.py:538} INFO - Filling up the DagBag from /home/monica.fernandez/practica_creativa/venv-airflow/lib/python3.11/site-packages/airflow/example_dags/example_branch_python_dop_operator_3.py
[2025-06-16T19:11:04.489+0200] {processor.py:753} INFO - DAG(s) dict_keys(['example_branch_dop_operator_v3']) retrieved from /home/monica.fernandez/practica_creativa/venv-airflow/lib/python3.11/site-packages/airflow/example_dags/example_branch_python_dop_operator_3.py
[2025-06-16T19:11:04.618+0200] {logging_mixin.py:137} INFO - [2025-06-16T19:11:04.618+0200] {dag.py:2690} INFO - Sync 1 DAGs
[2025-06-16T19:11:04.642+0200] {logging_mixin.py:137} INFO - [2025-06-16T19:11:04.642+0200] {dag.py:3437} INFO - Setting next_dagrun for example_branch_dop_operator_v3 to 2025-06-16T17:10:00+00:00, run_after=2025-06-16T17:11:00+00:00
[2025-06-16T19:11:04.692+0200] {processor.py:175} INFO - Processing /home/monica.fernandez/practica_creativa/venv-airflow/lib/python3.11/site-packages/airflow/example_dags/example_branch_python_dop_operator_3.py took 0.226 seconds
[2025-06-16T19:13:09.669+0200] {processor.py:153} INFO - Started process (PID=235254) to work on /home/monica.fernandez/practica_creativa/venv-airflow/lib/python3.11/site-packages/airflow/example_dags/example_branch_python_dop_operator_3.py
[2025-06-16T19:13:09.670+0200] {processor.py:743} INFO - Processing file /home/monica.fernandez/practica_creativa/venv-airflow/lib/python3.11/site-packages/airflow/example_dags/example_branch_python_dop_operator_3.py for tasks to queue
[2025-06-16T19:13:09.670+0200] {logging_mixin.py:137} INFO - [2025-06-16T19:13:09.670+0200] {dagbag.py:538} INFO - Filling up the DagBag from /home/monica.fernandez/practica_creativa/venv-airflow/lib/python3.11/site-packages/airflow/example_dags/example_branch_python_dop_operator_3.py
[2025-06-16T19:13:09.715+0200] {processor.py:753} INFO - DAG(s) dict_keys(['example_branch_dop_operator_v3']) retrieved from /home/monica.fernandez/practica_creativa/venv-airflow/lib/python3.11/site-packages/airflow/example_dags/example_branch_python_dop_operator_3.py
[2025-06-16T19:13:09.768+0200] {logging_mixin.py:137} INFO - [2025-06-16T19:13:09.768+0200] {dag.py:2690} INFO - Sync 1 DAGs
[2025-06-16T19:13:09.829+0200] {logging_mixin.py:137} INFO - [2025-06-16T19:13:09.828+0200] {dag.py:3437} INFO - Setting next_dagrun for example_branch_dop_operator_v3 to 2025-06-16T17:12:00+00:00, run_after=2025-06-16T17:13:00+00:00
[2025-06-16T19:13:09.893+0200] {processor.py:175} INFO - Processing /home/monica.fernandez/practica_creativa/venv-airflow/lib/python3.11/site-packages/airflow/example_dags/example_branch_python_dop_operator_3.py took 0.227 seconds
