[2025-06-16T18:27:42.394+0200] {processor.py:153} INFO - Started process (PID=204229) to work on /home/monica.fernandez/practica_creativa/venv-airflow/lib/python3.11/site-packages/airflow/example_dags/example_xcom.py
[2025-06-16T18:27:42.396+0200] {processor.py:743} INFO - Processing file /home/monica.fernandez/practica_creativa/venv-airflow/lib/python3.11/site-packages/airflow/example_dags/example_xcom.py for tasks to queue
[2025-06-16T18:27:42.398+0200] {logging_mixin.py:137} INFO - [2025-06-16T18:27:42.398+0200] {dagbag.py:538} INFO - Filling up the DagBag from /home/monica.fernandez/practica_creativa/venv-airflow/lib/python3.11/site-packages/airflow/example_dags/example_xcom.py
[2025-06-16T18:27:42.451+0200] {processor.py:753} INFO - DAG(s) dict_keys(['example_xcom']) retrieved from /home/monica.fernandez/practica_creativa/venv-airflow/lib/python3.11/site-packages/airflow/example_dags/example_xcom.py
[2025-06-16T18:27:42.593+0200] {logging_mixin.py:137} INFO - [2025-06-16T18:27:42.592+0200] {manager.py:504} INFO - Created Permission View: can read on DAG:example_xcom
[2025-06-16T18:27:42.621+0200] {logging_mixin.py:137} INFO - [2025-06-16T18:27:42.621+0200] {manager.py:504} INFO - Created Permission View: can delete on DAG:example_xcom
[2025-06-16T18:27:42.645+0200] {logging_mixin.py:137} INFO - [2025-06-16T18:27:42.645+0200] {manager.py:504} INFO - Created Permission View: can edit on DAG:example_xcom
[2025-06-16T18:27:42.645+0200] {logging_mixin.py:137} INFO - [2025-06-16T18:27:42.645+0200] {dag.py:2690} INFO - Sync 1 DAGs
[2025-06-16T18:27:42.660+0200] {logging_mixin.py:137} INFO - [2025-06-16T18:27:42.660+0200] {dag.py:2711} INFO - Creating ORM DAG for example_xcom
[2025-06-16T18:27:42.673+0200] {logging_mixin.py:137} INFO - [2025-06-16T18:27:42.673+0200] {dag.py:3437} INFO - Setting next_dagrun for example_xcom to 2021-01-01T00:00:00+00:00, run_after=2021-01-01T00:00:00+00:00
[2025-06-16T18:27:42.724+0200] {processor.py:175} INFO - Processing /home/monica.fernandez/practica_creativa/venv-airflow/lib/python3.11/site-packages/airflow/example_dags/example_xcom.py took 0.337 seconds
[2025-06-16T18:28:05.944+0200] {processor.py:153} INFO - Started process (PID=204491) to work on /home/monica.fernandez/practica_creativa/venv-airflow/lib/python3.11/site-packages/airflow/example_dags/example_xcom.py
[2025-06-16T18:28:05.946+0200] {processor.py:743} INFO - Processing file /home/monica.fernandez/practica_creativa/venv-airflow/lib/python3.11/site-packages/airflow/example_dags/example_xcom.py for tasks to queue
[2025-06-16T18:28:05.947+0200] {logging_mixin.py:137} INFO - [2025-06-16T18:28:05.947+0200] {dagbag.py:538} INFO - Filling up the DagBag from /home/monica.fernandez/practica_creativa/venv-airflow/lib/python3.11/site-packages/airflow/example_dags/example_xcom.py
[2025-06-16T18:28:05.980+0200] {processor.py:753} INFO - DAG(s) dict_keys(['example_xcom']) retrieved from /home/monica.fernandez/practica_creativa/venv-airflow/lib/python3.11/site-packages/airflow/example_dags/example_xcom.py
[2025-06-16T18:28:05.993+0200] {logging_mixin.py:137} INFO - [2025-06-16T18:28:05.993+0200] {dag.py:2690} INFO - Sync 1 DAGs
[2025-06-16T18:28:06.019+0200] {logging_mixin.py:137} INFO - [2025-06-16T18:28:06.019+0200] {dag.py:3437} INFO - Setting next_dagrun for example_xcom to 2021-01-01T00:00:00+00:00, run_after=2021-01-01T00:00:00+00:00
[2025-06-16T18:28:06.068+0200] {processor.py:175} INFO - Processing /home/monica.fernandez/practica_creativa/venv-airflow/lib/python3.11/site-packages/airflow/example_dags/example_xcom.py took 0.131 seconds
[2025-06-16T18:29:06.704+0200] {processor.py:153} INFO - Started process (PID=205015) to work on /home/monica.fernandez/practica_creativa/venv-airflow/lib/python3.11/site-packages/airflow/example_dags/example_xcom.py
[2025-06-16T18:29:06.706+0200] {processor.py:743} INFO - Processing file /home/monica.fernandez/practica_creativa/venv-airflow/lib/python3.11/site-packages/airflow/example_dags/example_xcom.py for tasks to queue
[2025-06-16T18:29:06.707+0200] {logging_mixin.py:137} INFO - [2025-06-16T18:29:06.707+0200] {dagbag.py:538} INFO - Filling up the DagBag from /home/monica.fernandez/practica_creativa/venv-airflow/lib/python3.11/site-packages/airflow/example_dags/example_xcom.py
[2025-06-16T18:29:06.742+0200] {processor.py:753} INFO - DAG(s) dict_keys(['example_xcom']) retrieved from /home/monica.fernandez/practica_creativa/venv-airflow/lib/python3.11/site-packages/airflow/example_dags/example_xcom.py
[2025-06-16T18:29:06.768+0200] {logging_mixin.py:137} INFO - [2025-06-16T18:29:06.767+0200] {dag.py:2690} INFO - Sync 1 DAGs
[2025-06-16T18:29:06.793+0200] {logging_mixin.py:137} INFO - [2025-06-16T18:29:06.792+0200] {dag.py:3437} INFO - Setting next_dagrun for example_xcom to 2021-01-01T00:00:00+00:00, run_after=2021-01-01T00:00:00+00:00
[2025-06-16T18:29:06.851+0200] {processor.py:175} INFO - Processing /home/monica.fernandez/practica_creativa/venv-airflow/lib/python3.11/site-packages/airflow/example_dags/example_xcom.py took 0.155 seconds
[2025-06-16T18:29:54.986+0200] {processor.py:153} INFO - Started process (PID=205593) to work on /home/monica.fernandez/practica_creativa/venv-airflow/lib/python3.11/site-packages/airflow/example_dags/example_xcom.py
[2025-06-16T18:29:54.988+0200] {processor.py:743} INFO - Processing file /home/monica.fernandez/practica_creativa/venv-airflow/lib/python3.11/site-packages/airflow/example_dags/example_xcom.py for tasks to queue
[2025-06-16T18:29:54.990+0200] {logging_mixin.py:137} INFO - [2025-06-16T18:29:54.990+0200] {dagbag.py:538} INFO - Filling up the DagBag from /home/monica.fernandez/practica_creativa/venv-airflow/lib/python3.11/site-packages/airflow/example_dags/example_xcom.py
[2025-06-16T18:29:55.086+0200] {processor.py:753} INFO - DAG(s) dict_keys(['example_xcom']) retrieved from /home/monica.fernandez/practica_creativa/venv-airflow/lib/python3.11/site-packages/airflow/example_dags/example_xcom.py
[2025-06-16T18:29:55.135+0200] {logging_mixin.py:137} INFO - [2025-06-16T18:29:55.135+0200] {dag.py:2690} INFO - Sync 1 DAGs
[2025-06-16T18:29:55.160+0200] {logging_mixin.py:137} INFO - [2025-06-16T18:29:55.160+0200] {dag.py:3437} INFO - Setting next_dagrun for example_xcom to 2021-01-01T00:00:00+00:00, run_after=2021-01-01T00:00:00+00:00
[2025-06-16T18:29:55.208+0200] {processor.py:175} INFO - Processing /home/monica.fernandez/practica_creativa/venv-airflow/lib/python3.11/site-packages/airflow/example_dags/example_xcom.py took 0.231 seconds
[2025-06-16T18:34:06.197+0200] {processor.py:153} INFO - Started process (PID=207635) to work on /home/monica.fernandez/practica_creativa/venv-airflow/lib/python3.11/site-packages/airflow/example_dags/example_xcom.py
[2025-06-16T18:34:06.200+0200] {processor.py:743} INFO - Processing file /home/monica.fernandez/practica_creativa/venv-airflow/lib/python3.11/site-packages/airflow/example_dags/example_xcom.py for tasks to queue
[2025-06-16T18:34:06.201+0200] {logging_mixin.py:137} INFO - [2025-06-16T18:34:06.201+0200] {dagbag.py:538} INFO - Filling up the DagBag from /home/monica.fernandez/practica_creativa/venv-airflow/lib/python3.11/site-packages/airflow/example_dags/example_xcom.py
[2025-06-16T18:34:06.284+0200] {processor.py:753} INFO - DAG(s) dict_keys(['example_xcom']) retrieved from /home/monica.fernandez/practica_creativa/venv-airflow/lib/python3.11/site-packages/airflow/example_dags/example_xcom.py
[2025-06-16T18:34:06.465+0200] {logging_mixin.py:137} INFO - [2025-06-16T18:34:06.464+0200] {manager.py:504} INFO - Created Permission View: can edit on DAG:example_xcom
[2025-06-16T18:34:06.496+0200] {logging_mixin.py:137} INFO - [2025-06-16T18:34:06.496+0200] {manager.py:504} INFO - Created Permission View: can delete on DAG:example_xcom
[2025-06-16T18:34:06.538+0200] {logging_mixin.py:137} INFO - [2025-06-16T18:34:06.538+0200] {manager.py:504} INFO - Created Permission View: can read on DAG:example_xcom
[2025-06-16T18:34:06.539+0200] {logging_mixin.py:137} INFO - [2025-06-16T18:34:06.539+0200] {dag.py:2690} INFO - Sync 1 DAGs
[2025-06-16T18:34:06.562+0200] {logging_mixin.py:137} INFO - [2025-06-16T18:34:06.562+0200] {dag.py:2711} INFO - Creating ORM DAG for example_xcom
[2025-06-16T18:34:06.573+0200] {logging_mixin.py:137} INFO - [2025-06-16T18:34:06.573+0200] {dag.py:3437} INFO - Setting next_dagrun for example_xcom to 2021-01-01T00:00:00+00:00, run_after=2021-01-01T00:00:00+00:00
[2025-06-16T18:34:06.622+0200] {processor.py:175} INFO - Processing /home/monica.fernandez/practica_creativa/venv-airflow/lib/python3.11/site-packages/airflow/example_dags/example_xcom.py took 0.433 seconds
[2025-06-16T18:35:23.637+0200] {processor.py:153} INFO - Started process (PID=208507) to work on /home/monica.fernandez/practica_creativa/venv-airflow/lib/python3.11/site-packages/airflow/example_dags/example_xcom.py
[2025-06-16T18:35:23.639+0200] {processor.py:743} INFO - Processing file /home/monica.fernandez/practica_creativa/venv-airflow/lib/python3.11/site-packages/airflow/example_dags/example_xcom.py for tasks to queue
[2025-06-16T18:35:23.641+0200] {logging_mixin.py:137} INFO - [2025-06-16T18:35:23.640+0200] {dagbag.py:538} INFO - Filling up the DagBag from /home/monica.fernandez/practica_creativa/venv-airflow/lib/python3.11/site-packages/airflow/example_dags/example_xcom.py
[2025-06-16T18:35:23.741+0200] {processor.py:753} INFO - DAG(s) dict_keys(['example_xcom']) retrieved from /home/monica.fernandez/practica_creativa/venv-airflow/lib/python3.11/site-packages/airflow/example_dags/example_xcom.py
[2025-06-16T18:35:23.813+0200] {logging_mixin.py:137} INFO - [2025-06-16T18:35:23.812+0200] {dag.py:2690} INFO - Sync 1 DAGs
[2025-06-16T18:35:23.844+0200] {logging_mixin.py:137} INFO - [2025-06-16T18:35:23.843+0200] {dag.py:3437} INFO - Setting next_dagrun for example_xcom to 2021-01-01T00:00:00+00:00, run_after=2021-01-01T00:00:00+00:00
[2025-06-16T18:35:23.934+0200] {processor.py:175} INFO - Processing /home/monica.fernandez/practica_creativa/venv-airflow/lib/python3.11/site-packages/airflow/example_dags/example_xcom.py took 0.305 seconds
[2025-06-16T18:36:16.533+0200] {processor.py:153} INFO - Started process (PID=208886) to work on /home/monica.fernandez/practica_creativa/venv-airflow/lib/python3.11/site-packages/airflow/example_dags/example_xcom.py
[2025-06-16T18:36:16.535+0200] {processor.py:743} INFO - Processing file /home/monica.fernandez/practica_creativa/venv-airflow/lib/python3.11/site-packages/airflow/example_dags/example_xcom.py for tasks to queue
[2025-06-16T18:36:16.537+0200] {logging_mixin.py:137} INFO - [2025-06-16T18:36:16.537+0200] {dagbag.py:538} INFO - Filling up the DagBag from /home/monica.fernandez/practica_creativa/venv-airflow/lib/python3.11/site-packages/airflow/example_dags/example_xcom.py
[2025-06-16T18:36:16.583+0200] {processor.py:753} INFO - DAG(s) dict_keys(['example_xcom']) retrieved from /home/monica.fernandez/practica_creativa/venv-airflow/lib/python3.11/site-packages/airflow/example_dags/example_xcom.py
[2025-06-16T18:36:16.607+0200] {logging_mixin.py:137} INFO - [2025-06-16T18:36:16.607+0200] {dag.py:2690} INFO - Sync 1 DAGs
[2025-06-16T18:36:16.628+0200] {logging_mixin.py:137} INFO - [2025-06-16T18:36:16.628+0200] {dag.py:3437} INFO - Setting next_dagrun for example_xcom to 2021-01-01T00:00:00+00:00, run_after=2021-01-01T00:00:00+00:00
[2025-06-16T18:36:16.675+0200] {processor.py:175} INFO - Processing /home/monica.fernandez/practica_creativa/venv-airflow/lib/python3.11/site-packages/airflow/example_dags/example_xcom.py took 0.149 seconds
[2025-06-16T18:36:59.945+0200] {processor.py:153} INFO - Started process (PID=209337) to work on /home/monica.fernandez/practica_creativa/venv-airflow/lib/python3.11/site-packages/airflow/example_dags/example_xcom.py
[2025-06-16T18:36:59.947+0200] {processor.py:743} INFO - Processing file /home/monica.fernandez/practica_creativa/venv-airflow/lib/python3.11/site-packages/airflow/example_dags/example_xcom.py for tasks to queue
[2025-06-16T18:36:59.949+0200] {logging_mixin.py:137} INFO - [2025-06-16T18:36:59.948+0200] {dagbag.py:538} INFO - Filling up the DagBag from /home/monica.fernandez/practica_creativa/venv-airflow/lib/python3.11/site-packages/airflow/example_dags/example_xcom.py
[2025-06-16T18:37:00.030+0200] {processor.py:753} INFO - DAG(s) dict_keys(['example_xcom']) retrieved from /home/monica.fernandez/practica_creativa/venv-airflow/lib/python3.11/site-packages/airflow/example_dags/example_xcom.py
[2025-06-16T18:37:00.060+0200] {logging_mixin.py:137} INFO - [2025-06-16T18:37:00.060+0200] {dag.py:2690} INFO - Sync 1 DAGs
[2025-06-16T18:37:00.085+0200] {logging_mixin.py:137} INFO - [2025-06-16T18:37:00.085+0200] {dag.py:3437} INFO - Setting next_dagrun for example_xcom to 2021-01-01T00:00:00+00:00, run_after=2021-01-01T00:00:00+00:00
[2025-06-16T18:37:00.135+0200] {processor.py:175} INFO - Processing /home/monica.fernandez/practica_creativa/venv-airflow/lib/python3.11/site-packages/airflow/example_dags/example_xcom.py took 0.198 seconds
[2025-06-16T18:37:43.984+0200] {processor.py:153} INFO - Started process (PID=209701) to work on /home/monica.fernandez/practica_creativa/venv-airflow/lib/python3.11/site-packages/airflow/example_dags/example_xcom.py
[2025-06-16T18:37:43.986+0200] {processor.py:743} INFO - Processing file /home/monica.fernandez/practica_creativa/venv-airflow/lib/python3.11/site-packages/airflow/example_dags/example_xcom.py for tasks to queue
[2025-06-16T18:37:43.988+0200] {logging_mixin.py:137} INFO - [2025-06-16T18:37:43.987+0200] {dagbag.py:538} INFO - Filling up the DagBag from /home/monica.fernandez/practica_creativa/venv-airflow/lib/python3.11/site-packages/airflow/example_dags/example_xcom.py
[2025-06-16T18:37:44.061+0200] {processor.py:753} INFO - DAG(s) dict_keys(['example_xcom']) retrieved from /home/monica.fernandez/practica_creativa/venv-airflow/lib/python3.11/site-packages/airflow/example_dags/example_xcom.py
[2025-06-16T18:37:44.110+0200] {logging_mixin.py:137} INFO - [2025-06-16T18:37:44.110+0200] {dag.py:2690} INFO - Sync 1 DAGs
[2025-06-16T18:37:44.156+0200] {logging_mixin.py:137} INFO - [2025-06-16T18:37:44.156+0200] {dag.py:3437} INFO - Setting next_dagrun for example_xcom to 2021-01-01T00:00:00+00:00, run_after=2021-01-01T00:00:00+00:00
[2025-06-16T18:37:44.233+0200] {processor.py:175} INFO - Processing /home/monica.fernandez/practica_creativa/venv-airflow/lib/python3.11/site-packages/airflow/example_dags/example_xcom.py took 0.257 seconds
[2025-06-16T18:38:24.700+0200] {processor.py:153} INFO - Started process (PID=210098) to work on /home/monica.fernandez/practica_creativa/venv-airflow/lib/python3.11/site-packages/airflow/example_dags/example_xcom.py
[2025-06-16T18:38:24.701+0200] {processor.py:743} INFO - Processing file /home/monica.fernandez/practica_creativa/venv-airflow/lib/python3.11/site-packages/airflow/example_dags/example_xcom.py for tasks to queue
[2025-06-16T18:38:24.702+0200] {logging_mixin.py:137} INFO - [2025-06-16T18:38:24.701+0200] {dagbag.py:538} INFO - Filling up the DagBag from /home/monica.fernandez/practica_creativa/venv-airflow/lib/python3.11/site-packages/airflow/example_dags/example_xcom.py
[2025-06-16T18:38:24.730+0200] {processor.py:753} INFO - DAG(s) dict_keys(['example_xcom']) retrieved from /home/monica.fernandez/practica_creativa/venv-airflow/lib/python3.11/site-packages/airflow/example_dags/example_xcom.py
[2025-06-16T18:38:24.759+0200] {logging_mixin.py:137} INFO - [2025-06-16T18:38:24.759+0200] {dag.py:2690} INFO - Sync 1 DAGs
[2025-06-16T18:38:24.783+0200] {logging_mixin.py:137} INFO - [2025-06-16T18:38:24.783+0200] {dag.py:3437} INFO - Setting next_dagrun for example_xcom to 2021-01-01T00:00:00+00:00, run_after=2021-01-01T00:00:00+00:00
[2025-06-16T18:38:24.841+0200] {processor.py:175} INFO - Processing /home/monica.fernandez/practica_creativa/venv-airflow/lib/python3.11/site-packages/airflow/example_dags/example_xcom.py took 0.143 seconds
[2025-06-16T18:39:07.065+0200] {processor.py:153} INFO - Started process (PID=210818) to work on /home/monica.fernandez/practica_creativa/venv-airflow/lib/python3.11/site-packages/airflow/example_dags/example_xcom.py
[2025-06-16T18:39:07.066+0200] {processor.py:743} INFO - Processing file /home/monica.fernandez/practica_creativa/venv-airflow/lib/python3.11/site-packages/airflow/example_dags/example_xcom.py for tasks to queue
[2025-06-16T18:39:07.066+0200] {logging_mixin.py:137} INFO - [2025-06-16T18:39:07.066+0200] {dagbag.py:538} INFO - Filling up the DagBag from /home/monica.fernandez/practica_creativa/venv-airflow/lib/python3.11/site-packages/airflow/example_dags/example_xcom.py
[2025-06-16T18:39:07.094+0200] {processor.py:753} INFO - DAG(s) dict_keys(['example_xcom']) retrieved from /home/monica.fernandez/practica_creativa/venv-airflow/lib/python3.11/site-packages/airflow/example_dags/example_xcom.py
[2025-06-16T18:39:07.120+0200] {logging_mixin.py:137} INFO - [2025-06-16T18:39:07.120+0200] {dag.py:2690} INFO - Sync 1 DAGs
[2025-06-16T18:39:07.144+0200] {logging_mixin.py:137} INFO - [2025-06-16T18:39:07.144+0200] {dag.py:3437} INFO - Setting next_dagrun for example_xcom to 2021-01-01T00:00:00+00:00, run_after=2021-01-01T00:00:00+00:00
[2025-06-16T18:39:07.193+0200] {processor.py:175} INFO - Processing /home/monica.fernandez/practica_creativa/venv-airflow/lib/python3.11/site-packages/airflow/example_dags/example_xcom.py took 0.130 seconds
[2025-06-16T18:42:36.888+0200] {processor.py:153} INFO - Started process (PID=213154) to work on /home/monica.fernandez/practica_creativa/venv-airflow/lib/python3.11/site-packages/airflow/example_dags/example_xcom.py
[2025-06-16T18:42:36.890+0200] {processor.py:743} INFO - Processing file /home/monica.fernandez/practica_creativa/venv-airflow/lib/python3.11/site-packages/airflow/example_dags/example_xcom.py for tasks to queue
[2025-06-16T18:42:36.891+0200] {logging_mixin.py:137} INFO - [2025-06-16T18:42:36.890+0200] {dagbag.py:538} INFO - Filling up the DagBag from /home/monica.fernandez/practica_creativa/venv-airflow/lib/python3.11/site-packages/airflow/example_dags/example_xcom.py
[2025-06-16T18:42:36.913+0200] {processor.py:753} INFO - DAG(s) dict_keys(['example_xcom']) retrieved from /home/monica.fernandez/practica_creativa/venv-airflow/lib/python3.11/site-packages/airflow/example_dags/example_xcom.py
[2025-06-16T18:42:36.939+0200] {logging_mixin.py:137} INFO - [2025-06-16T18:42:36.939+0200] {dag.py:2690} INFO - Sync 1 DAGs
[2025-06-16T18:42:36.959+0200] {logging_mixin.py:137} INFO - [2025-06-16T18:42:36.959+0200] {dag.py:3437} INFO - Setting next_dagrun for example_xcom to 2021-01-01T00:00:00+00:00, run_after=2021-01-01T00:00:00+00:00
[2025-06-16T18:42:37.006+0200] {processor.py:175} INFO - Processing /home/monica.fernandez/practica_creativa/venv-airflow/lib/python3.11/site-packages/airflow/example_dags/example_xcom.py took 0.125 seconds
[2025-06-16T18:43:29.336+0200] {processor.py:153} INFO - Started process (PID=213617) to work on /home/monica.fernandez/practica_creativa/venv-airflow/lib/python3.11/site-packages/airflow/example_dags/example_xcom.py
[2025-06-16T18:43:29.336+0200] {processor.py:743} INFO - Processing file /home/monica.fernandez/practica_creativa/venv-airflow/lib/python3.11/site-packages/airflow/example_dags/example_xcom.py for tasks to queue
[2025-06-16T18:43:29.337+0200] {logging_mixin.py:137} INFO - [2025-06-16T18:43:29.337+0200] {dagbag.py:538} INFO - Filling up the DagBag from /home/monica.fernandez/practica_creativa/venv-airflow/lib/python3.11/site-packages/airflow/example_dags/example_xcom.py
[2025-06-16T18:43:29.359+0200] {processor.py:753} INFO - DAG(s) dict_keys(['example_xcom']) retrieved from /home/monica.fernandez/practica_creativa/venv-airflow/lib/python3.11/site-packages/airflow/example_dags/example_xcom.py
[2025-06-16T18:43:29.388+0200] {logging_mixin.py:137} INFO - [2025-06-16T18:43:29.388+0200] {dag.py:2690} INFO - Sync 1 DAGs
[2025-06-16T18:43:29.408+0200] {logging_mixin.py:137} INFO - [2025-06-16T18:43:29.407+0200] {dag.py:3437} INFO - Setting next_dagrun for example_xcom to 2021-01-01T00:00:00+00:00, run_after=2021-01-01T00:00:00+00:00
[2025-06-16T18:43:29.453+0200] {processor.py:175} INFO - Processing /home/monica.fernandez/practica_creativa/venv-airflow/lib/python3.11/site-packages/airflow/example_dags/example_xcom.py took 0.120 seconds
[2025-06-16T18:44:15.072+0200] {processor.py:153} INFO - Started process (PID=213980) to work on /home/monica.fernandez/practica_creativa/venv-airflow/lib/python3.11/site-packages/airflow/example_dags/example_xcom.py
[2025-06-16T18:44:15.073+0200] {processor.py:743} INFO - Processing file /home/monica.fernandez/practica_creativa/venv-airflow/lib/python3.11/site-packages/airflow/example_dags/example_xcom.py for tasks to queue
[2025-06-16T18:44:15.073+0200] {logging_mixin.py:137} INFO - [2025-06-16T18:44:15.073+0200] {dagbag.py:538} INFO - Filling up the DagBag from /home/monica.fernandez/practica_creativa/venv-airflow/lib/python3.11/site-packages/airflow/example_dags/example_xcom.py
[2025-06-16T18:44:15.096+0200] {processor.py:753} INFO - DAG(s) dict_keys(['example_xcom']) retrieved from /home/monica.fernandez/practica_creativa/venv-airflow/lib/python3.11/site-packages/airflow/example_dags/example_xcom.py
[2025-06-16T18:44:15.124+0200] {logging_mixin.py:137} INFO - [2025-06-16T18:44:15.123+0200] {dag.py:2690} INFO - Sync 1 DAGs
[2025-06-16T18:44:15.146+0200] {logging_mixin.py:137} INFO - [2025-06-16T18:44:15.146+0200] {dag.py:3437} INFO - Setting next_dagrun for example_xcom to 2021-01-01T00:00:00+00:00, run_after=2021-01-01T00:00:00+00:00
[2025-06-16T18:44:15.208+0200] {processor.py:175} INFO - Processing /home/monica.fernandez/practica_creativa/venv-airflow/lib/python3.11/site-packages/airflow/example_dags/example_xcom.py took 0.141 seconds
[2025-06-16T18:45:01.834+0200] {processor.py:153} INFO - Started process (PID=214410) to work on /home/monica.fernandez/practica_creativa/venv-airflow/lib/python3.11/site-packages/airflow/example_dags/example_xcom.py
[2025-06-16T18:45:01.836+0200] {processor.py:743} INFO - Processing file /home/monica.fernandez/practica_creativa/venv-airflow/lib/python3.11/site-packages/airflow/example_dags/example_xcom.py for tasks to queue
[2025-06-16T18:45:01.837+0200] {logging_mixin.py:137} INFO - [2025-06-16T18:45:01.837+0200] {dagbag.py:538} INFO - Filling up the DagBag from /home/monica.fernandez/practica_creativa/venv-airflow/lib/python3.11/site-packages/airflow/example_dags/example_xcom.py
[2025-06-16T18:45:01.864+0200] {processor.py:753} INFO - DAG(s) dict_keys(['example_xcom']) retrieved from /home/monica.fernandez/practica_creativa/venv-airflow/lib/python3.11/site-packages/airflow/example_dags/example_xcom.py
[2025-06-16T18:45:01.892+0200] {logging_mixin.py:137} INFO - [2025-06-16T18:45:01.892+0200] {dag.py:2690} INFO - Sync 1 DAGs
[2025-06-16T18:45:01.912+0200] {logging_mixin.py:137} INFO - [2025-06-16T18:45:01.912+0200] {dag.py:3437} INFO - Setting next_dagrun for example_xcom to 2021-01-01T00:00:00+00:00, run_after=2021-01-01T00:00:00+00:00
[2025-06-16T18:45:01.956+0200] {processor.py:175} INFO - Processing /home/monica.fernandez/practica_creativa/venv-airflow/lib/python3.11/site-packages/airflow/example_dags/example_xcom.py took 0.130 seconds
[2025-06-16T18:45:45.673+0200] {processor.py:153} INFO - Started process (PID=214792) to work on /home/monica.fernandez/practica_creativa/venv-airflow/lib/python3.11/site-packages/airflow/example_dags/example_xcom.py
[2025-06-16T18:45:45.675+0200] {processor.py:743} INFO - Processing file /home/monica.fernandez/practica_creativa/venv-airflow/lib/python3.11/site-packages/airflow/example_dags/example_xcom.py for tasks to queue
[2025-06-16T18:45:45.677+0200] {logging_mixin.py:137} INFO - [2025-06-16T18:45:45.676+0200] {dagbag.py:538} INFO - Filling up the DagBag from /home/monica.fernandez/practica_creativa/venv-airflow/lib/python3.11/site-packages/airflow/example_dags/example_xcom.py
[2025-06-16T18:45:45.709+0200] {processor.py:753} INFO - DAG(s) dict_keys(['example_xcom']) retrieved from /home/monica.fernandez/practica_creativa/venv-airflow/lib/python3.11/site-packages/airflow/example_dags/example_xcom.py
[2025-06-16T18:45:45.734+0200] {logging_mixin.py:137} INFO - [2025-06-16T18:45:45.734+0200] {dag.py:2690} INFO - Sync 1 DAGs
[2025-06-16T18:45:45.753+0200] {logging_mixin.py:137} INFO - [2025-06-16T18:45:45.753+0200] {dag.py:3437} INFO - Setting next_dagrun for example_xcom to 2021-01-01T00:00:00+00:00, run_after=2021-01-01T00:00:00+00:00
[2025-06-16T18:45:45.805+0200] {processor.py:175} INFO - Processing /home/monica.fernandez/practica_creativa/venv-airflow/lib/python3.11/site-packages/airflow/example_dags/example_xcom.py took 0.140 seconds
[2025-06-16T18:47:19.685+0200] {processor.py:153} INFO - Started process (PID=215938) to work on /home/monica.fernandez/practica_creativa/venv-airflow/lib/python3.11/site-packages/airflow/example_dags/example_xcom.py
[2025-06-16T18:47:19.688+0200] {processor.py:743} INFO - Processing file /home/monica.fernandez/practica_creativa/venv-airflow/lib/python3.11/site-packages/airflow/example_dags/example_xcom.py for tasks to queue
[2025-06-16T18:47:19.689+0200] {logging_mixin.py:137} INFO - [2025-06-16T18:47:19.689+0200] {dagbag.py:538} INFO - Filling up the DagBag from /home/monica.fernandez/practica_creativa/venv-airflow/lib/python3.11/site-packages/airflow/example_dags/example_xcom.py
[2025-06-16T18:47:19.747+0200] {processor.py:753} INFO - DAG(s) dict_keys(['example_xcom']) retrieved from /home/monica.fernandez/practica_creativa/venv-airflow/lib/python3.11/site-packages/airflow/example_dags/example_xcom.py
[2025-06-16T18:47:19.774+0200] {logging_mixin.py:137} INFO - [2025-06-16T18:47:19.774+0200] {dag.py:2690} INFO - Sync 1 DAGs
[2025-06-16T18:47:19.801+0200] {logging_mixin.py:137} INFO - [2025-06-16T18:47:19.801+0200] {dag.py:3437} INFO - Setting next_dagrun for example_xcom to 2021-01-01T00:00:00+00:00, run_after=2021-01-01T00:00:00+00:00
[2025-06-16T18:47:19.849+0200] {processor.py:175} INFO - Processing /home/monica.fernandez/practica_creativa/venv-airflow/lib/python3.11/site-packages/airflow/example_dags/example_xcom.py took 0.172 seconds
[2025-06-16T18:48:16.341+0200] {processor.py:153} INFO - Started process (PID=216483) to work on /home/monica.fernandez/practica_creativa/venv-airflow/lib/python3.11/site-packages/airflow/example_dags/example_xcom.py
[2025-06-16T18:48:16.341+0200] {processor.py:743} INFO - Processing file /home/monica.fernandez/practica_creativa/venv-airflow/lib/python3.11/site-packages/airflow/example_dags/example_xcom.py for tasks to queue
[2025-06-16T18:48:16.342+0200] {logging_mixin.py:137} INFO - [2025-06-16T18:48:16.342+0200] {dagbag.py:538} INFO - Filling up the DagBag from /home/monica.fernandez/practica_creativa/venv-airflow/lib/python3.11/site-packages/airflow/example_dags/example_xcom.py
[2025-06-16T18:48:16.372+0200] {processor.py:753} INFO - DAG(s) dict_keys(['example_xcom']) retrieved from /home/monica.fernandez/practica_creativa/venv-airflow/lib/python3.11/site-packages/airflow/example_dags/example_xcom.py
[2025-06-16T18:48:16.402+0200] {logging_mixin.py:137} INFO - [2025-06-16T18:48:16.402+0200] {dag.py:2690} INFO - Sync 1 DAGs
[2025-06-16T18:48:16.429+0200] {logging_mixin.py:137} INFO - [2025-06-16T18:48:16.429+0200] {dag.py:3437} INFO - Setting next_dagrun for example_xcom to 2021-01-01T00:00:00+00:00, run_after=2021-01-01T00:00:00+00:00
[2025-06-16T18:48:16.482+0200] {processor.py:175} INFO - Processing /home/monica.fernandez/practica_creativa/venv-airflow/lib/python3.11/site-packages/airflow/example_dags/example_xcom.py took 0.145 seconds
[2025-06-16T18:49:08.927+0200] {processor.py:153} INFO - Started process (PID=216969) to work on /home/monica.fernandez/practica_creativa/venv-airflow/lib/python3.11/site-packages/airflow/example_dags/example_xcom.py
[2025-06-16T18:49:08.931+0200] {processor.py:743} INFO - Processing file /home/monica.fernandez/practica_creativa/venv-airflow/lib/python3.11/site-packages/airflow/example_dags/example_xcom.py for tasks to queue
[2025-06-16T18:49:08.932+0200] {logging_mixin.py:137} INFO - [2025-06-16T18:49:08.932+0200] {dagbag.py:538} INFO - Filling up the DagBag from /home/monica.fernandez/practica_creativa/venv-airflow/lib/python3.11/site-packages/airflow/example_dags/example_xcom.py
[2025-06-16T18:49:08.978+0200] {processor.py:753} INFO - DAG(s) dict_keys(['example_xcom']) retrieved from /home/monica.fernandez/practica_creativa/venv-airflow/lib/python3.11/site-packages/airflow/example_dags/example_xcom.py
[2025-06-16T18:49:09.017+0200] {logging_mixin.py:137} INFO - [2025-06-16T18:49:09.017+0200] {dag.py:2690} INFO - Sync 1 DAGs
[2025-06-16T18:49:09.041+0200] {logging_mixin.py:137} INFO - [2025-06-16T18:49:09.041+0200] {dag.py:3437} INFO - Setting next_dagrun for example_xcom to 2021-01-01T00:00:00+00:00, run_after=2021-01-01T00:00:00+00:00
[2025-06-16T18:49:09.103+0200] {processor.py:175} INFO - Processing /home/monica.fernandez/practica_creativa/venv-airflow/lib/python3.11/site-packages/airflow/example_dags/example_xcom.py took 0.184 seconds
[2025-06-16T18:49:54.042+0200] {processor.py:153} INFO - Started process (PID=217399) to work on /home/monica.fernandez/practica_creativa/venv-airflow/lib/python3.11/site-packages/airflow/example_dags/example_xcom.py
[2025-06-16T18:49:54.042+0200] {processor.py:743} INFO - Processing file /home/monica.fernandez/practica_creativa/venv-airflow/lib/python3.11/site-packages/airflow/example_dags/example_xcom.py for tasks to queue
[2025-06-16T18:49:54.043+0200] {logging_mixin.py:137} INFO - [2025-06-16T18:49:54.043+0200] {dagbag.py:538} INFO - Filling up the DagBag from /home/monica.fernandez/practica_creativa/venv-airflow/lib/python3.11/site-packages/airflow/example_dags/example_xcom.py
[2025-06-16T18:49:54.076+0200] {processor.py:753} INFO - DAG(s) dict_keys(['example_xcom']) retrieved from /home/monica.fernandez/practica_creativa/venv-airflow/lib/python3.11/site-packages/airflow/example_dags/example_xcom.py
[2025-06-16T18:49:54.103+0200] {logging_mixin.py:137} INFO - [2025-06-16T18:49:54.103+0200] {dag.py:2690} INFO - Sync 1 DAGs
[2025-06-16T18:49:54.127+0200] {logging_mixin.py:137} INFO - [2025-06-16T18:49:54.127+0200] {dag.py:3437} INFO - Setting next_dagrun for example_xcom to 2021-01-01T00:00:00+00:00, run_after=2021-01-01T00:00:00+00:00
[2025-06-16T18:49:54.184+0200] {processor.py:175} INFO - Processing /home/monica.fernandez/practica_creativa/venv-airflow/lib/python3.11/site-packages/airflow/example_dags/example_xcom.py took 0.146 seconds
[2025-06-16T18:50:38.779+0200] {processor.py:153} INFO - Started process (PID=217774) to work on /home/monica.fernandez/practica_creativa/venv-airflow/lib/python3.11/site-packages/airflow/example_dags/example_xcom.py
[2025-06-16T18:50:38.781+0200] {processor.py:743} INFO - Processing file /home/monica.fernandez/practica_creativa/venv-airflow/lib/python3.11/site-packages/airflow/example_dags/example_xcom.py for tasks to queue
[2025-06-16T18:50:38.782+0200] {logging_mixin.py:137} INFO - [2025-06-16T18:50:38.782+0200] {dagbag.py:538} INFO - Filling up the DagBag from /home/monica.fernandez/practica_creativa/venv-airflow/lib/python3.11/site-packages/airflow/example_dags/example_xcom.py
[2025-06-16T18:50:38.851+0200] {processor.py:753} INFO - DAG(s) dict_keys(['example_xcom']) retrieved from /home/monica.fernandez/practica_creativa/venv-airflow/lib/python3.11/site-packages/airflow/example_dags/example_xcom.py
[2025-06-16T18:50:38.879+0200] {logging_mixin.py:137} INFO - [2025-06-16T18:50:38.879+0200] {dag.py:2690} INFO - Sync 1 DAGs
[2025-06-16T18:50:38.904+0200] {logging_mixin.py:137} INFO - [2025-06-16T18:50:38.903+0200] {dag.py:3437} INFO - Setting next_dagrun for example_xcom to 2021-01-01T00:00:00+00:00, run_after=2021-01-01T00:00:00+00:00
[2025-06-16T18:50:38.951+0200] {processor.py:175} INFO - Processing /home/monica.fernandez/practica_creativa/venv-airflow/lib/python3.11/site-packages/airflow/example_dags/example_xcom.py took 0.182 seconds
[2025-06-16T18:51:27.790+0200] {processor.py:153} INFO - Started process (PID=218214) to work on /home/monica.fernandez/practica_creativa/venv-airflow/lib/python3.11/site-packages/airflow/example_dags/example_xcom.py
[2025-06-16T18:51:27.792+0200] {processor.py:743} INFO - Processing file /home/monica.fernandez/practica_creativa/venv-airflow/lib/python3.11/site-packages/airflow/example_dags/example_xcom.py for tasks to queue
[2025-06-16T18:51:27.793+0200] {logging_mixin.py:137} INFO - [2025-06-16T18:51:27.793+0200] {dagbag.py:538} INFO - Filling up the DagBag from /home/monica.fernandez/practica_creativa/venv-airflow/lib/python3.11/site-packages/airflow/example_dags/example_xcom.py
[2025-06-16T18:51:27.836+0200] {processor.py:753} INFO - DAG(s) dict_keys(['example_xcom']) retrieved from /home/monica.fernandez/practica_creativa/venv-airflow/lib/python3.11/site-packages/airflow/example_dags/example_xcom.py
[2025-06-16T18:51:27.861+0200] {logging_mixin.py:137} INFO - [2025-06-16T18:51:27.861+0200] {dag.py:2690} INFO - Sync 1 DAGs
[2025-06-16T18:51:27.882+0200] {logging_mixin.py:137} INFO - [2025-06-16T18:51:27.882+0200] {dag.py:3437} INFO - Setting next_dagrun for example_xcom to 2021-01-01T00:00:00+00:00, run_after=2021-01-01T00:00:00+00:00
[2025-06-16T18:51:27.933+0200] {processor.py:175} INFO - Processing /home/monica.fernandez/practica_creativa/venv-airflow/lib/python3.11/site-packages/airflow/example_dags/example_xcom.py took 0.152 seconds
[2025-06-16T18:52:18.004+0200] {processor.py:153} INFO - Started process (PID=218640) to work on /home/monica.fernandez/practica_creativa/venv-airflow/lib/python3.11/site-packages/airflow/example_dags/example_xcom.py
[2025-06-16T18:52:18.006+0200] {processor.py:743} INFO - Processing file /home/monica.fernandez/practica_creativa/venv-airflow/lib/python3.11/site-packages/airflow/example_dags/example_xcom.py for tasks to queue
[2025-06-16T18:52:18.007+0200] {logging_mixin.py:137} INFO - [2025-06-16T18:52:18.007+0200] {dagbag.py:538} INFO - Filling up the DagBag from /home/monica.fernandez/practica_creativa/venv-airflow/lib/python3.11/site-packages/airflow/example_dags/example_xcom.py
[2025-06-16T18:52:18.042+0200] {processor.py:753} INFO - DAG(s) dict_keys(['example_xcom']) retrieved from /home/monica.fernandez/practica_creativa/venv-airflow/lib/python3.11/site-packages/airflow/example_dags/example_xcom.py
[2025-06-16T18:52:18.066+0200] {logging_mixin.py:137} INFO - [2025-06-16T18:52:18.066+0200] {dag.py:2690} INFO - Sync 1 DAGs
[2025-06-16T18:52:18.090+0200] {logging_mixin.py:137} INFO - [2025-06-16T18:52:18.090+0200] {dag.py:3437} INFO - Setting next_dagrun for example_xcom to 2021-01-01T00:00:00+00:00, run_after=2021-01-01T00:00:00+00:00
[2025-06-16T18:52:18.139+0200] {processor.py:175} INFO - Processing /home/monica.fernandez/practica_creativa/venv-airflow/lib/python3.11/site-packages/airflow/example_dags/example_xcom.py took 0.144 seconds
[2025-06-16T18:53:10.072+0200] {processor.py:153} INFO - Started process (PID=219163) to work on /home/monica.fernandez/practica_creativa/venv-airflow/lib/python3.11/site-packages/airflow/example_dags/example_xcom.py
[2025-06-16T18:53:10.073+0200] {processor.py:743} INFO - Processing file /home/monica.fernandez/practica_creativa/venv-airflow/lib/python3.11/site-packages/airflow/example_dags/example_xcom.py for tasks to queue
[2025-06-16T18:53:10.074+0200] {logging_mixin.py:137} INFO - [2025-06-16T18:53:10.074+0200] {dagbag.py:538} INFO - Filling up the DagBag from /home/monica.fernandez/practica_creativa/venv-airflow/lib/python3.11/site-packages/airflow/example_dags/example_xcom.py
[2025-06-16T18:53:10.124+0200] {processor.py:753} INFO - DAG(s) dict_keys(['example_xcom']) retrieved from /home/monica.fernandez/practica_creativa/venv-airflow/lib/python3.11/site-packages/airflow/example_dags/example_xcom.py
[2025-06-16T18:53:10.162+0200] {logging_mixin.py:137} INFO - [2025-06-16T18:53:10.162+0200] {dag.py:2690} INFO - Sync 1 DAGs
[2025-06-16T18:53:10.196+0200] {logging_mixin.py:137} INFO - [2025-06-16T18:53:10.195+0200] {dag.py:3437} INFO - Setting next_dagrun for example_xcom to 2021-01-01T00:00:00+00:00, run_after=2021-01-01T00:00:00+00:00
[2025-06-16T18:53:10.279+0200] {processor.py:175} INFO - Processing /home/monica.fernandez/practica_creativa/venv-airflow/lib/python3.11/site-packages/airflow/example_dags/example_xcom.py took 0.211 seconds
[2025-06-16T18:54:06.805+0200] {processor.py:153} INFO - Started process (PID=219663) to work on /home/monica.fernandez/practica_creativa/venv-airflow/lib/python3.11/site-packages/airflow/example_dags/example_xcom.py
[2025-06-16T18:54:06.807+0200] {processor.py:743} INFO - Processing file /home/monica.fernandez/practica_creativa/venv-airflow/lib/python3.11/site-packages/airflow/example_dags/example_xcom.py for tasks to queue
[2025-06-16T18:54:06.808+0200] {logging_mixin.py:137} INFO - [2025-06-16T18:54:06.808+0200] {dagbag.py:538} INFO - Filling up the DagBag from /home/monica.fernandez/practica_creativa/venv-airflow/lib/python3.11/site-packages/airflow/example_dags/example_xcom.py
[2025-06-16T18:54:06.848+0200] {processor.py:753} INFO - DAG(s) dict_keys(['example_xcom']) retrieved from /home/monica.fernandez/practica_creativa/venv-airflow/lib/python3.11/site-packages/airflow/example_dags/example_xcom.py
[2025-06-16T18:54:06.876+0200] {logging_mixin.py:137} INFO - [2025-06-16T18:54:06.876+0200] {dag.py:2690} INFO - Sync 1 DAGs
[2025-06-16T18:54:06.901+0200] {logging_mixin.py:137} INFO - [2025-06-16T18:54:06.901+0200] {dag.py:3437} INFO - Setting next_dagrun for example_xcom to 2021-01-01T00:00:00+00:00, run_after=2021-01-01T00:00:00+00:00
[2025-06-16T18:54:06.950+0200] {processor.py:175} INFO - Processing /home/monica.fernandez/practica_creativa/venv-airflow/lib/python3.11/site-packages/airflow/example_dags/example_xcom.py took 0.153 seconds
[2025-06-16T18:56:01.598+0200] {processor.py:153} INFO - Started process (PID=220913) to work on /home/monica.fernandez/practica_creativa/venv-airflow/lib/python3.11/site-packages/airflow/example_dags/example_xcom.py
[2025-06-16T18:56:01.599+0200] {processor.py:743} INFO - Processing file /home/monica.fernandez/practica_creativa/venv-airflow/lib/python3.11/site-packages/airflow/example_dags/example_xcom.py for tasks to queue
[2025-06-16T18:56:01.599+0200] {logging_mixin.py:137} INFO - [2025-06-16T18:56:01.599+0200] {dagbag.py:538} INFO - Filling up the DagBag from /home/monica.fernandez/practica_creativa/venv-airflow/lib/python3.11/site-packages/airflow/example_dags/example_xcom.py
[2025-06-16T18:56:01.622+0200] {processor.py:753} INFO - DAG(s) dict_keys(['example_xcom']) retrieved from /home/monica.fernandez/practica_creativa/venv-airflow/lib/python3.11/site-packages/airflow/example_dags/example_xcom.py
[2025-06-16T18:56:01.649+0200] {logging_mixin.py:137} INFO - [2025-06-16T18:56:01.649+0200] {dag.py:2690} INFO - Sync 1 DAGs
[2025-06-16T18:56:01.672+0200] {logging_mixin.py:137} INFO - [2025-06-16T18:56:01.672+0200] {dag.py:3437} INFO - Setting next_dagrun for example_xcom to 2021-01-01T00:00:00+00:00, run_after=2021-01-01T00:00:00+00:00
[2025-06-16T18:56:01.724+0200] {processor.py:175} INFO - Processing /home/monica.fernandez/practica_creativa/venv-airflow/lib/python3.11/site-packages/airflow/example_dags/example_xcom.py took 0.130 seconds
[2025-06-16T18:56:52.372+0200] {processor.py:153} INFO - Started process (PID=221289) to work on /home/monica.fernandez/practica_creativa/venv-airflow/lib/python3.11/site-packages/airflow/example_dags/example_xcom.py
[2025-06-16T18:56:52.374+0200] {processor.py:743} INFO - Processing file /home/monica.fernandez/practica_creativa/venv-airflow/lib/python3.11/site-packages/airflow/example_dags/example_xcom.py for tasks to queue
[2025-06-16T18:56:52.376+0200] {logging_mixin.py:137} INFO - [2025-06-16T18:56:52.376+0200] {dagbag.py:538} INFO - Filling up the DagBag from /home/monica.fernandez/practica_creativa/venv-airflow/lib/python3.11/site-packages/airflow/example_dags/example_xcom.py
[2025-06-16T18:56:52.416+0200] {processor.py:753} INFO - DAG(s) dict_keys(['example_xcom']) retrieved from /home/monica.fernandez/practica_creativa/venv-airflow/lib/python3.11/site-packages/airflow/example_dags/example_xcom.py
[2025-06-16T18:56:52.446+0200] {logging_mixin.py:137} INFO - [2025-06-16T18:56:52.446+0200] {dag.py:2690} INFO - Sync 1 DAGs
[2025-06-16T18:56:52.467+0200] {logging_mixin.py:137} INFO - [2025-06-16T18:56:52.467+0200] {dag.py:3437} INFO - Setting next_dagrun for example_xcom to 2021-01-01T00:00:00+00:00, run_after=2021-01-01T00:00:00+00:00
[2025-06-16T18:56:52.518+0200] {processor.py:175} INFO - Processing /home/monica.fernandez/practica_creativa/venv-airflow/lib/python3.11/site-packages/airflow/example_dags/example_xcom.py took 0.154 seconds
[2025-06-16T18:57:41.327+0200] {processor.py:153} INFO - Started process (PID=221705) to work on /home/monica.fernandez/practica_creativa/venv-airflow/lib/python3.11/site-packages/airflow/example_dags/example_xcom.py
[2025-06-16T18:57:41.329+0200] {processor.py:743} INFO - Processing file /home/monica.fernandez/practica_creativa/venv-airflow/lib/python3.11/site-packages/airflow/example_dags/example_xcom.py for tasks to queue
[2025-06-16T18:57:41.330+0200] {logging_mixin.py:137} INFO - [2025-06-16T18:57:41.330+0200] {dagbag.py:538} INFO - Filling up the DagBag from /home/monica.fernandez/practica_creativa/venv-airflow/lib/python3.11/site-packages/airflow/example_dags/example_xcom.py
[2025-06-16T18:57:41.388+0200] {processor.py:753} INFO - DAG(s) dict_keys(['example_xcom']) retrieved from /home/monica.fernandez/practica_creativa/venv-airflow/lib/python3.11/site-packages/airflow/example_dags/example_xcom.py
[2025-06-16T18:57:41.445+0200] {logging_mixin.py:137} INFO - [2025-06-16T18:57:41.445+0200] {dag.py:2690} INFO - Sync 1 DAGs
[2025-06-16T18:57:41.475+0200] {logging_mixin.py:137} INFO - [2025-06-16T18:57:41.475+0200] {dag.py:3437} INFO - Setting next_dagrun for example_xcom to 2021-01-01T00:00:00+00:00, run_after=2021-01-01T00:00:00+00:00
[2025-06-16T18:57:41.551+0200] {processor.py:175} INFO - Processing /home/monica.fernandez/practica_creativa/venv-airflow/lib/python3.11/site-packages/airflow/example_dags/example_xcom.py took 0.234 seconds
[2025-06-16T18:58:27.396+0200] {processor.py:153} INFO - Started process (PID=222120) to work on /home/monica.fernandez/practica_creativa/venv-airflow/lib/python3.11/site-packages/airflow/example_dags/example_xcom.py
[2025-06-16T18:58:27.398+0200] {processor.py:743} INFO - Processing file /home/monica.fernandez/practica_creativa/venv-airflow/lib/python3.11/site-packages/airflow/example_dags/example_xcom.py for tasks to queue
[2025-06-16T18:58:27.399+0200] {logging_mixin.py:137} INFO - [2025-06-16T18:58:27.399+0200] {dagbag.py:538} INFO - Filling up the DagBag from /home/monica.fernandez/practica_creativa/venv-airflow/lib/python3.11/site-packages/airflow/example_dags/example_xcom.py
[2025-06-16T18:58:27.460+0200] {processor.py:753} INFO - DAG(s) dict_keys(['example_xcom']) retrieved from /home/monica.fernandez/practica_creativa/venv-airflow/lib/python3.11/site-packages/airflow/example_dags/example_xcom.py
[2025-06-16T18:58:27.501+0200] {logging_mixin.py:137} INFO - [2025-06-16T18:58:27.501+0200] {dag.py:2690} INFO - Sync 1 DAGs
[2025-06-16T18:58:27.533+0200] {logging_mixin.py:137} INFO - [2025-06-16T18:58:27.533+0200] {dag.py:3437} INFO - Setting next_dagrun for example_xcom to 2021-01-01T00:00:00+00:00, run_after=2021-01-01T00:00:00+00:00
[2025-06-16T18:58:27.598+0200] {processor.py:175} INFO - Processing /home/monica.fernandez/practica_creativa/venv-airflow/lib/python3.11/site-packages/airflow/example_dags/example_xcom.py took 0.211 seconds
[2025-06-16T18:59:11.424+0200] {processor.py:153} INFO - Started process (PID=222467) to work on /home/monica.fernandez/practica_creativa/venv-airflow/lib/python3.11/site-packages/airflow/example_dags/example_xcom.py
[2025-06-16T18:59:11.426+0200] {processor.py:743} INFO - Processing file /home/monica.fernandez/practica_creativa/venv-airflow/lib/python3.11/site-packages/airflow/example_dags/example_xcom.py for tasks to queue
[2025-06-16T18:59:11.427+0200] {logging_mixin.py:137} INFO - [2025-06-16T18:59:11.427+0200] {dagbag.py:538} INFO - Filling up the DagBag from /home/monica.fernandez/practica_creativa/venv-airflow/lib/python3.11/site-packages/airflow/example_dags/example_xcom.py
[2025-06-16T18:59:11.476+0200] {processor.py:753} INFO - DAG(s) dict_keys(['example_xcom']) retrieved from /home/monica.fernandez/practica_creativa/venv-airflow/lib/python3.11/site-packages/airflow/example_dags/example_xcom.py
[2025-06-16T18:59:11.504+0200] {logging_mixin.py:137} INFO - [2025-06-16T18:59:11.504+0200] {dag.py:2690} INFO - Sync 1 DAGs
[2025-06-16T18:59:11.525+0200] {logging_mixin.py:137} INFO - [2025-06-16T18:59:11.525+0200] {dag.py:3437} INFO - Setting next_dagrun for example_xcom to 2021-01-01T00:00:00+00:00, run_after=2021-01-01T00:00:00+00:00
[2025-06-16T18:59:11.572+0200] {processor.py:175} INFO - Processing /home/monica.fernandez/practica_creativa/venv-airflow/lib/python3.11/site-packages/airflow/example_dags/example_xcom.py took 0.157 seconds
[2025-06-16T19:00:06.971+0200] {processor.py:153} INFO - Started process (PID=223269) to work on /home/monica.fernandez/practica_creativa/venv-airflow/lib/python3.11/site-packages/airflow/example_dags/example_xcom.py
[2025-06-16T19:00:06.973+0200] {processor.py:743} INFO - Processing file /home/monica.fernandez/practica_creativa/venv-airflow/lib/python3.11/site-packages/airflow/example_dags/example_xcom.py for tasks to queue
[2025-06-16T19:00:06.975+0200] {logging_mixin.py:137} INFO - [2025-06-16T19:00:06.974+0200] {dagbag.py:538} INFO - Filling up the DagBag from /home/monica.fernandez/practica_creativa/venv-airflow/lib/python3.11/site-packages/airflow/example_dags/example_xcom.py
[2025-06-16T19:00:07.015+0200] {processor.py:753} INFO - DAG(s) dict_keys(['example_xcom']) retrieved from /home/monica.fernandez/practica_creativa/venv-airflow/lib/python3.11/site-packages/airflow/example_dags/example_xcom.py
[2025-06-16T19:00:07.048+0200] {logging_mixin.py:137} INFO - [2025-06-16T19:00:07.048+0200] {dag.py:2690} INFO - Sync 1 DAGs
[2025-06-16T19:00:07.071+0200] {logging_mixin.py:137} INFO - [2025-06-16T19:00:07.071+0200] {dag.py:3437} INFO - Setting next_dagrun for example_xcom to 2021-01-01T00:00:00+00:00, run_after=2021-01-01T00:00:00+00:00
[2025-06-16T19:00:07.118+0200] {processor.py:175} INFO - Processing /home/monica.fernandez/practica_creativa/venv-airflow/lib/python3.11/site-packages/airflow/example_dags/example_xcom.py took 0.156 seconds
[2025-06-16T19:02:14.466+0200] {processor.py:153} INFO - Started process (PID=224682) to work on /home/monica.fernandez/practica_creativa/venv-airflow/lib/python3.11/site-packages/airflow/example_dags/example_xcom.py
[2025-06-16T19:02:14.468+0200] {processor.py:743} INFO - Processing file /home/monica.fernandez/practica_creativa/venv-airflow/lib/python3.11/site-packages/airflow/example_dags/example_xcom.py for tasks to queue
[2025-06-16T19:02:14.470+0200] {logging_mixin.py:137} INFO - [2025-06-16T19:02:14.469+0200] {dagbag.py:538} INFO - Filling up the DagBag from /home/monica.fernandez/practica_creativa/venv-airflow/lib/python3.11/site-packages/airflow/example_dags/example_xcom.py
[2025-06-16T19:02:14.521+0200] {processor.py:753} INFO - DAG(s) dict_keys(['example_xcom']) retrieved from /home/monica.fernandez/practica_creativa/venv-airflow/lib/python3.11/site-packages/airflow/example_dags/example_xcom.py
[2025-06-16T19:02:14.549+0200] {logging_mixin.py:137} INFO - [2025-06-16T19:02:14.549+0200] {dag.py:2690} INFO - Sync 1 DAGs
[2025-06-16T19:02:14.570+0200] {logging_mixin.py:137} INFO - [2025-06-16T19:02:14.570+0200] {dag.py:3437} INFO - Setting next_dagrun for example_xcom to 2021-01-01T00:00:00+00:00, run_after=2021-01-01T00:00:00+00:00
[2025-06-16T19:02:14.620+0200] {processor.py:175} INFO - Processing /home/monica.fernandez/practica_creativa/venv-airflow/lib/python3.11/site-packages/airflow/example_dags/example_xcom.py took 0.162 seconds
[2025-06-16T19:03:02.680+0200] {processor.py:153} INFO - Started process (PID=225124) to work on /home/monica.fernandez/practica_creativa/venv-airflow/lib/python3.11/site-packages/airflow/example_dags/example_xcom.py
[2025-06-16T19:03:02.682+0200] {processor.py:743} INFO - Processing file /home/monica.fernandez/practica_creativa/venv-airflow/lib/python3.11/site-packages/airflow/example_dags/example_xcom.py for tasks to queue
[2025-06-16T19:03:02.684+0200] {logging_mixin.py:137} INFO - [2025-06-16T19:03:02.683+0200] {dagbag.py:538} INFO - Filling up the DagBag from /home/monica.fernandez/practica_creativa/venv-airflow/lib/python3.11/site-packages/airflow/example_dags/example_xcom.py
[2025-06-16T19:03:02.739+0200] {processor.py:753} INFO - DAG(s) dict_keys(['example_xcom']) retrieved from /home/monica.fernandez/practica_creativa/venv-airflow/lib/python3.11/site-packages/airflow/example_dags/example_xcom.py
[2025-06-16T19:03:02.789+0200] {logging_mixin.py:137} INFO - [2025-06-16T19:03:02.789+0200] {dag.py:2690} INFO - Sync 1 DAGs
[2025-06-16T19:03:02.831+0200] {logging_mixin.py:137} INFO - [2025-06-16T19:03:02.831+0200] {dag.py:3437} INFO - Setting next_dagrun for example_xcom to 2021-01-01T00:00:00+00:00, run_after=2021-01-01T00:00:00+00:00
[2025-06-16T19:03:02.906+0200] {processor.py:175} INFO - Processing /home/monica.fernandez/practica_creativa/venv-airflow/lib/python3.11/site-packages/airflow/example_dags/example_xcom.py took 0.235 seconds
[2025-06-16T19:03:28.321+0200] {processor.py:153} INFO - Started process (PID=225351) to work on /home/monica.fernandez/practica_creativa/venv-airflow/lib/python3.11/site-packages/airflow/example_dags/example_xcom.py
[2025-06-16T19:03:28.323+0200] {processor.py:743} INFO - Processing file /home/monica.fernandez/practica_creativa/venv-airflow/lib/python3.11/site-packages/airflow/example_dags/example_xcom.py for tasks to queue
[2025-06-16T19:03:28.325+0200] {logging_mixin.py:137} INFO - [2025-06-16T19:03:28.324+0200] {dagbag.py:538} INFO - Filling up the DagBag from /home/monica.fernandez/practica_creativa/venv-airflow/lib/python3.11/site-packages/airflow/example_dags/example_xcom.py
[2025-06-16T19:03:28.366+0200] {processor.py:753} INFO - DAG(s) dict_keys(['example_xcom']) retrieved from /home/monica.fernandez/practica_creativa/venv-airflow/lib/python3.11/site-packages/airflow/example_dags/example_xcom.py
[2025-06-16T19:03:28.393+0200] {logging_mixin.py:137} INFO - [2025-06-16T19:03:28.392+0200] {dag.py:2690} INFO - Sync 1 DAGs
[2025-06-16T19:03:28.418+0200] {logging_mixin.py:137} INFO - [2025-06-16T19:03:28.418+0200] {dag.py:3437} INFO - Setting next_dagrun for example_xcom to 2021-01-01T00:00:00+00:00, run_after=2021-01-01T00:00:00+00:00
[2025-06-16T19:03:28.472+0200] {processor.py:175} INFO - Processing /home/monica.fernandez/practica_creativa/venv-airflow/lib/python3.11/site-packages/airflow/example_dags/example_xcom.py took 0.159 seconds
[2025-06-16T19:04:16.615+0200] {processor.py:153} INFO - Started process (PID=225689) to work on /home/monica.fernandez/practica_creativa/venv-airflow/lib/python3.11/site-packages/airflow/example_dags/example_xcom.py
[2025-06-16T19:04:16.616+0200] {processor.py:743} INFO - Processing file /home/monica.fernandez/practica_creativa/venv-airflow/lib/python3.11/site-packages/airflow/example_dags/example_xcom.py for tasks to queue
[2025-06-16T19:04:16.617+0200] {logging_mixin.py:137} INFO - [2025-06-16T19:04:16.617+0200] {dagbag.py:538} INFO - Filling up the DagBag from /home/monica.fernandez/practica_creativa/venv-airflow/lib/python3.11/site-packages/airflow/example_dags/example_xcom.py
[2025-06-16T19:04:16.649+0200] {processor.py:753} INFO - DAG(s) dict_keys(['example_xcom']) retrieved from /home/monica.fernandez/practica_creativa/venv-airflow/lib/python3.11/site-packages/airflow/example_dags/example_xcom.py
[2025-06-16T19:04:16.677+0200] {logging_mixin.py:137} INFO - [2025-06-16T19:04:16.677+0200] {dag.py:2690} INFO - Sync 1 DAGs
[2025-06-16T19:04:16.698+0200] {logging_mixin.py:137} INFO - [2025-06-16T19:04:16.698+0200] {dag.py:3437} INFO - Setting next_dagrun for example_xcom to 2021-01-01T00:00:00+00:00, run_after=2021-01-01T00:00:00+00:00
[2025-06-16T19:04:16.743+0200] {processor.py:175} INFO - Processing /home/monica.fernandez/practica_creativa/venv-airflow/lib/python3.11/site-packages/airflow/example_dags/example_xcom.py took 0.134 seconds
[2025-06-16T19:05:17.425+0200] {processor.py:153} INFO - Started process (PID=226179) to work on /home/monica.fernandez/practica_creativa/venv-airflow/lib/python3.11/site-packages/airflow/example_dags/example_xcom.py
[2025-06-16T19:05:17.425+0200] {processor.py:743} INFO - Processing file /home/monica.fernandez/practica_creativa/venv-airflow/lib/python3.11/site-packages/airflow/example_dags/example_xcom.py for tasks to queue
[2025-06-16T19:05:17.426+0200] {logging_mixin.py:137} INFO - [2025-06-16T19:05:17.426+0200] {dagbag.py:538} INFO - Filling up the DagBag from /home/monica.fernandez/practica_creativa/venv-airflow/lib/python3.11/site-packages/airflow/example_dags/example_xcom.py
[2025-06-16T19:05:17.495+0200] {processor.py:753} INFO - DAG(s) dict_keys(['example_xcom']) retrieved from /home/monica.fernandez/practica_creativa/venv-airflow/lib/python3.11/site-packages/airflow/example_dags/example_xcom.py
[2025-06-16T19:05:17.545+0200] {logging_mixin.py:137} INFO - [2025-06-16T19:05:17.545+0200] {dag.py:2690} INFO - Sync 1 DAGs
[2025-06-16T19:05:17.586+0200] {logging_mixin.py:137} INFO - [2025-06-16T19:05:17.586+0200] {dag.py:3437} INFO - Setting next_dagrun for example_xcom to 2021-01-01T00:00:00+00:00, run_after=2021-01-01T00:00:00+00:00
[2025-06-16T19:05:17.666+0200] {processor.py:175} INFO - Processing /home/monica.fernandez/practica_creativa/venv-airflow/lib/python3.11/site-packages/airflow/example_dags/example_xcom.py took 0.246 seconds
[2025-06-16T19:06:47.702+0200] {processor.py:153} INFO - Started process (PID=227257) to work on /home/monica.fernandez/practica_creativa/venv-airflow/lib/python3.11/site-packages/airflow/example_dags/example_xcom.py
[2025-06-16T19:06:47.704+0200] {processor.py:743} INFO - Processing file /home/monica.fernandez/practica_creativa/venv-airflow/lib/python3.11/site-packages/airflow/example_dags/example_xcom.py for tasks to queue
[2025-06-16T19:06:47.705+0200] {logging_mixin.py:137} INFO - [2025-06-16T19:06:47.705+0200] {dagbag.py:538} INFO - Filling up the DagBag from /home/monica.fernandez/practica_creativa/venv-airflow/lib/python3.11/site-packages/airflow/example_dags/example_xcom.py
[2025-06-16T19:06:47.746+0200] {processor.py:753} INFO - DAG(s) dict_keys(['example_xcom']) retrieved from /home/monica.fernandez/practica_creativa/venv-airflow/lib/python3.11/site-packages/airflow/example_dags/example_xcom.py
[2025-06-16T19:06:47.774+0200] {logging_mixin.py:137} INFO - [2025-06-16T19:06:47.773+0200] {dag.py:2690} INFO - Sync 1 DAGs
[2025-06-16T19:06:47.793+0200] {logging_mixin.py:137} INFO - [2025-06-16T19:06:47.793+0200] {dag.py:3437} INFO - Setting next_dagrun for example_xcom to 2021-01-01T00:00:00+00:00, run_after=2021-01-01T00:00:00+00:00
[2025-06-16T19:06:47.840+0200] {processor.py:175} INFO - Processing /home/monica.fernandez/practica_creativa/venv-airflow/lib/python3.11/site-packages/airflow/example_dags/example_xcom.py took 0.147 seconds
[2025-06-16T19:08:35.911+0200] {processor.py:153} INFO - Started process (PID=230100) to work on /home/monica.fernandez/practica_creativa/venv-airflow/lib/python3.11/site-packages/airflow/example_dags/example_xcom.py
[2025-06-16T19:08:35.913+0200] {processor.py:743} INFO - Processing file /home/monica.fernandez/practica_creativa/venv-airflow/lib/python3.11/site-packages/airflow/example_dags/example_xcom.py for tasks to queue
[2025-06-16T19:08:35.915+0200] {logging_mixin.py:137} INFO - [2025-06-16T19:08:35.915+0200] {dagbag.py:538} INFO - Filling up the DagBag from /home/monica.fernandez/practica_creativa/venv-airflow/lib/python3.11/site-packages/airflow/example_dags/example_xcom.py
[2025-06-16T19:08:35.962+0200] {processor.py:753} INFO - DAG(s) dict_keys(['example_xcom']) retrieved from /home/monica.fernandez/practica_creativa/venv-airflow/lib/python3.11/site-packages/airflow/example_dags/example_xcom.py
[2025-06-16T19:08:35.992+0200] {logging_mixin.py:137} INFO - [2025-06-16T19:08:35.992+0200] {dag.py:2690} INFO - Sync 1 DAGs
[2025-06-16T19:08:36.015+0200] {logging_mixin.py:137} INFO - [2025-06-16T19:08:36.015+0200] {dag.py:3437} INFO - Setting next_dagrun for example_xcom to 2021-01-01T00:00:00+00:00, run_after=2021-01-01T00:00:00+00:00
[2025-06-16T19:08:36.176+0200] {processor.py:175} INFO - Processing /home/monica.fernandez/practica_creativa/venv-airflow/lib/python3.11/site-packages/airflow/example_dags/example_xcom.py took 0.273 seconds
[2025-06-16T19:09:25.316+0200] {processor.py:153} INFO - Started process (PID=230960) to work on /home/monica.fernandez/practica_creativa/venv-airflow/lib/python3.11/site-packages/airflow/example_dags/example_xcom.py
[2025-06-16T19:09:25.318+0200] {processor.py:743} INFO - Processing file /home/monica.fernandez/practica_creativa/venv-airflow/lib/python3.11/site-packages/airflow/example_dags/example_xcom.py for tasks to queue
[2025-06-16T19:09:25.320+0200] {logging_mixin.py:137} INFO - [2025-06-16T19:09:25.319+0200] {dagbag.py:538} INFO - Filling up the DagBag from /home/monica.fernandez/practica_creativa/venv-airflow/lib/python3.11/site-packages/airflow/example_dags/example_xcom.py
[2025-06-16T19:09:25.359+0200] {processor.py:753} INFO - DAG(s) dict_keys(['example_xcom']) retrieved from /home/monica.fernandez/practica_creativa/venv-airflow/lib/python3.11/site-packages/airflow/example_dags/example_xcom.py
[2025-06-16T19:09:25.390+0200] {logging_mixin.py:137} INFO - [2025-06-16T19:09:25.390+0200] {dag.py:2690} INFO - Sync 1 DAGs
[2025-06-16T19:09:25.519+0200] {logging_mixin.py:137} INFO - [2025-06-16T19:09:25.519+0200] {dag.py:3437} INFO - Setting next_dagrun for example_xcom to 2021-01-01T00:00:00+00:00, run_after=2021-01-01T00:00:00+00:00
[2025-06-16T19:09:25.571+0200] {processor.py:175} INFO - Processing /home/monica.fernandez/practica_creativa/venv-airflow/lib/python3.11/site-packages/airflow/example_dags/example_xcom.py took 0.263 seconds
[2025-06-16T19:10:11.083+0200] {processor.py:153} INFO - Started process (PID=231504) to work on /home/monica.fernandez/practica_creativa/venv-airflow/lib/python3.11/site-packages/airflow/example_dags/example_xcom.py
[2025-06-16T19:10:11.085+0200] {processor.py:743} INFO - Processing file /home/monica.fernandez/practica_creativa/venv-airflow/lib/python3.11/site-packages/airflow/example_dags/example_xcom.py for tasks to queue
[2025-06-16T19:10:11.086+0200] {logging_mixin.py:137} INFO - [2025-06-16T19:10:11.086+0200] {dagbag.py:538} INFO - Filling up the DagBag from /home/monica.fernandez/practica_creativa/venv-airflow/lib/python3.11/site-packages/airflow/example_dags/example_xcom.py
[2025-06-16T19:10:11.136+0200] {processor.py:753} INFO - DAG(s) dict_keys(['example_xcom']) retrieved from /home/monica.fernandez/practica_creativa/venv-airflow/lib/python3.11/site-packages/airflow/example_dags/example_xcom.py
[2025-06-16T19:10:11.278+0200] {logging_mixin.py:137} INFO - [2025-06-16T19:10:11.278+0200] {dag.py:2690} INFO - Sync 1 DAGs
[2025-06-16T19:10:11.297+0200] {logging_mixin.py:137} INFO - [2025-06-16T19:10:11.297+0200] {dag.py:3437} INFO - Setting next_dagrun for example_xcom to 2021-01-01T00:00:00+00:00, run_after=2021-01-01T00:00:00+00:00
[2025-06-16T19:10:11.346+0200] {processor.py:175} INFO - Processing /home/monica.fernandez/practica_creativa/venv-airflow/lib/python3.11/site-packages/airflow/example_dags/example_xcom.py took 0.271 seconds
[2025-06-16T19:10:59.171+0200] {processor.py:153} INFO - Started process (PID=232461) to work on /home/monica.fernandez/practica_creativa/venv-airflow/lib/python3.11/site-packages/airflow/example_dags/example_xcom.py
[2025-06-16T19:10:59.173+0200] {processor.py:743} INFO - Processing file /home/monica.fernandez/practica_creativa/venv-airflow/lib/python3.11/site-packages/airflow/example_dags/example_xcom.py for tasks to queue
[2025-06-16T19:10:59.174+0200] {logging_mixin.py:137} INFO - [2025-06-16T19:10:59.174+0200] {dagbag.py:538} INFO - Filling up the DagBag from /home/monica.fernandez/practica_creativa/venv-airflow/lib/python3.11/site-packages/airflow/example_dags/example_xcom.py
[2025-06-16T19:10:59.204+0200] {processor.py:753} INFO - DAG(s) dict_keys(['example_xcom']) retrieved from /home/monica.fernandez/practica_creativa/venv-airflow/lib/python3.11/site-packages/airflow/example_dags/example_xcom.py
[2025-06-16T19:10:59.334+0200] {logging_mixin.py:137} INFO - [2025-06-16T19:10:59.334+0200] {dag.py:2690} INFO - Sync 1 DAGs
[2025-06-16T19:10:59.355+0200] {logging_mixin.py:137} INFO - [2025-06-16T19:10:59.355+0200] {dag.py:3437} INFO - Setting next_dagrun for example_xcom to 2021-01-01T00:00:00+00:00, run_after=2021-01-01T00:00:00+00:00
[2025-06-16T19:10:59.418+0200] {processor.py:175} INFO - Processing /home/monica.fernandez/practica_creativa/venv-airflow/lib/python3.11/site-packages/airflow/example_dags/example_xcom.py took 0.255 seconds
[2025-06-16T19:12:45.572+0200] {processor.py:153} INFO - Started process (PID=234737) to work on /home/monica.fernandez/practica_creativa/venv-airflow/lib/python3.11/site-packages/airflow/example_dags/example_xcom.py
[2025-06-16T19:12:45.572+0200] {processor.py:743} INFO - Processing file /home/monica.fernandez/practica_creativa/venv-airflow/lib/python3.11/site-packages/airflow/example_dags/example_xcom.py for tasks to queue
[2025-06-16T19:12:45.573+0200] {logging_mixin.py:137} INFO - [2025-06-16T19:12:45.573+0200] {dagbag.py:538} INFO - Filling up the DagBag from /home/monica.fernandez/practica_creativa/venv-airflow/lib/python3.11/site-packages/airflow/example_dags/example_xcom.py
[2025-06-16T19:12:45.616+0200] {processor.py:753} INFO - DAG(s) dict_keys(['example_xcom']) retrieved from /home/monica.fernandez/practica_creativa/venv-airflow/lib/python3.11/site-packages/airflow/example_dags/example_xcom.py
[2025-06-16T19:12:45.642+0200] {logging_mixin.py:137} INFO - [2025-06-16T19:12:45.642+0200] {dag.py:2690} INFO - Sync 1 DAGs
[2025-06-16T19:12:45.667+0200] {logging_mixin.py:137} INFO - [2025-06-16T19:12:45.667+0200] {dag.py:3437} INFO - Setting next_dagrun for example_xcom to 2021-01-01T00:00:00+00:00, run_after=2021-01-01T00:00:00+00:00
[2025-06-16T19:12:45.719+0200] {processor.py:175} INFO - Processing /home/monica.fernandez/practica_creativa/venv-airflow/lib/python3.11/site-packages/airflow/example_dags/example_xcom.py took 0.151 seconds
