[2025-06-16T18:27:51.988+0200] {processor.py:153} INFO - Started process (PID=204384) to work on /home/monica.fernandez/practica_creativa/venv-airflow/lib/python3.11/site-packages/airflow/example_dags/example_sensors.py
[2025-06-16T18:27:51.988+0200] {processor.py:743} INFO - Processing file /home/monica.fernandez/practica_creativa/venv-airflow/lib/python3.11/site-packages/airflow/example_dags/example_sensors.py for tasks to queue
[2025-06-16T18:27:51.989+0200] {logging_mixin.py:137} INFO - [2025-06-16T18:27:51.989+0200] {dagbag.py:538} INFO - Filling up the DagBag from /home/monica.fernandez/practica_creativa/venv-airflow/lib/python3.11/site-packages/airflow/example_dags/example_sensors.py
[2025-06-16T18:27:52.010+0200] {processor.py:753} INFO - DAG(s) dict_keys(['example_sensors']) retrieved from /home/monica.fernandez/practica_creativa/venv-airflow/lib/python3.11/site-packages/airflow/example_dags/example_sensors.py
[2025-06-16T18:27:52.137+0200] {logging_mixin.py:137} INFO - [2025-06-16T18:27:52.137+0200] {manager.py:504} INFO - Created Permission View: can read on DAG:example_sensors
[2025-06-16T18:27:52.160+0200] {logging_mixin.py:137} INFO - [2025-06-16T18:27:52.160+0200] {manager.py:504} INFO - Created Permission View: can delete on DAG:example_sensors
[2025-06-16T18:27:52.188+0200] {logging_mixin.py:137} INFO - [2025-06-16T18:27:52.188+0200] {manager.py:504} INFO - Created Permission View: can edit on DAG:example_sensors
[2025-06-16T18:27:52.188+0200] {logging_mixin.py:137} INFO - [2025-06-16T18:27:52.188+0200] {dag.py:2690} INFO - Sync 1 DAGs
[2025-06-16T18:27:52.207+0200] {logging_mixin.py:137} INFO - [2025-06-16T18:27:52.207+0200] {dag.py:2711} INFO - Creating ORM DAG for example_sensors
[2025-06-16T18:27:52.222+0200] {logging_mixin.py:137} INFO - [2025-06-16T18:27:52.222+0200] {dag.py:3437} INFO - Setting next_dagrun for example_sensors to None, run_after=None
[2025-06-16T18:27:52.277+0200] {processor.py:175} INFO - Processing /home/monica.fernandez/practica_creativa/venv-airflow/lib/python3.11/site-packages/airflow/example_dags/example_sensors.py took 0.293 seconds
[2025-06-16T18:29:14.592+0200] {processor.py:153} INFO - Started process (PID=205079) to work on /home/monica.fernandez/practica_creativa/venv-airflow/lib/python3.11/site-packages/airflow/example_dags/example_sensors.py
[2025-06-16T18:29:14.593+0200] {processor.py:743} INFO - Processing file /home/monica.fernandez/practica_creativa/venv-airflow/lib/python3.11/site-packages/airflow/example_dags/example_sensors.py for tasks to queue
[2025-06-16T18:29:14.593+0200] {logging_mixin.py:137} INFO - [2025-06-16T18:29:14.593+0200] {dagbag.py:538} INFO - Filling up the DagBag from /home/monica.fernandez/practica_creativa/venv-airflow/lib/python3.11/site-packages/airflow/example_dags/example_sensors.py
[2025-06-16T18:29:14.649+0200] {processor.py:753} INFO - DAG(s) dict_keys(['example_sensors']) retrieved from /home/monica.fernandez/practica_creativa/venv-airflow/lib/python3.11/site-packages/airflow/example_dags/example_sensors.py
[2025-06-16T18:29:14.704+0200] {logging_mixin.py:137} INFO - [2025-06-16T18:29:14.704+0200] {dag.py:2690} INFO - Sync 1 DAGs
[2025-06-16T18:29:14.747+0200] {logging_mixin.py:137} INFO - [2025-06-16T18:29:14.747+0200] {dag.py:3437} INFO - Setting next_dagrun for example_sensors to None, run_after=None
[2025-06-16T18:29:14.804+0200] {processor.py:175} INFO - Processing /home/monica.fernandez/practica_creativa/venv-airflow/lib/python3.11/site-packages/airflow/example_dags/example_sensors.py took 0.220 seconds
[2025-06-16T18:30:05.152+0200] {processor.py:153} INFO - Started process (PID=205670) to work on /home/monica.fernandez/practica_creativa/venv-airflow/lib/python3.11/site-packages/airflow/example_dags/example_sensors.py
[2025-06-16T18:30:05.154+0200] {processor.py:743} INFO - Processing file /home/monica.fernandez/practica_creativa/venv-airflow/lib/python3.11/site-packages/airflow/example_dags/example_sensors.py for tasks to queue
[2025-06-16T18:30:05.155+0200] {logging_mixin.py:137} INFO - [2025-06-16T18:30:05.155+0200] {dagbag.py:538} INFO - Filling up the DagBag from /home/monica.fernandez/practica_creativa/venv-airflow/lib/python3.11/site-packages/airflow/example_dags/example_sensors.py
[2025-06-16T18:30:05.233+0200] {processor.py:753} INFO - DAG(s) dict_keys(['example_sensors']) retrieved from /home/monica.fernandez/practica_creativa/venv-airflow/lib/python3.11/site-packages/airflow/example_dags/example_sensors.py
[2025-06-16T18:30:05.310+0200] {logging_mixin.py:137} INFO - [2025-06-16T18:30:05.310+0200] {dag.py:2690} INFO - Sync 1 DAGs
[2025-06-16T18:30:05.355+0200] {logging_mixin.py:137} INFO - [2025-06-16T18:30:05.355+0200] {dag.py:3437} INFO - Setting next_dagrun for example_sensors to None, run_after=None
[2025-06-16T18:30:05.422+0200] {processor.py:175} INFO - Processing /home/monica.fernandez/practica_creativa/venv-airflow/lib/python3.11/site-packages/airflow/example_dags/example_sensors.py took 0.279 seconds
[2025-06-16T18:34:16.200+0200] {processor.py:153} INFO - Started process (PID=207699) to work on /home/monica.fernandez/practica_creativa/venv-airflow/lib/python3.11/site-packages/airflow/example_dags/example_sensors.py
[2025-06-16T18:34:16.202+0200] {processor.py:743} INFO - Processing file /home/monica.fernandez/practica_creativa/venv-airflow/lib/python3.11/site-packages/airflow/example_dags/example_sensors.py for tasks to queue
[2025-06-16T18:34:16.203+0200] {logging_mixin.py:137} INFO - [2025-06-16T18:34:16.203+0200] {dagbag.py:538} INFO - Filling up the DagBag from /home/monica.fernandez/practica_creativa/venv-airflow/lib/python3.11/site-packages/airflow/example_dags/example_sensors.py
[2025-06-16T18:34:16.276+0200] {processor.py:753} INFO - DAG(s) dict_keys(['example_sensors']) retrieved from /home/monica.fernandez/practica_creativa/venv-airflow/lib/python3.11/site-packages/airflow/example_dags/example_sensors.py
[2025-06-16T18:34:16.449+0200] {logging_mixin.py:137} INFO - [2025-06-16T18:34:16.449+0200] {manager.py:504} INFO - Created Permission View: can edit on DAG:example_sensors
[2025-06-16T18:34:16.483+0200] {logging_mixin.py:137} INFO - [2025-06-16T18:34:16.482+0200] {manager.py:504} INFO - Created Permission View: can delete on DAG:example_sensors
[2025-06-16T18:34:16.533+0200] {logging_mixin.py:137} INFO - [2025-06-16T18:34:16.533+0200] {manager.py:504} INFO - Created Permission View: can read on DAG:example_sensors
[2025-06-16T18:34:16.534+0200] {logging_mixin.py:137} INFO - [2025-06-16T18:34:16.533+0200] {dag.py:2690} INFO - Sync 1 DAGs
[2025-06-16T18:34:16.562+0200] {logging_mixin.py:137} INFO - [2025-06-16T18:34:16.562+0200] {dag.py:2711} INFO - Creating ORM DAG for example_sensors
[2025-06-16T18:34:16.575+0200] {logging_mixin.py:137} INFO - [2025-06-16T18:34:16.575+0200] {dag.py:3437} INFO - Setting next_dagrun for example_sensors to None, run_after=None
[2025-06-16T18:34:16.633+0200] {processor.py:175} INFO - Processing /home/monica.fernandez/practica_creativa/venv-airflow/lib/python3.11/site-packages/airflow/example_dags/example_sensors.py took 0.443 seconds
[2025-06-16T18:35:32.209+0200] {processor.py:153} INFO - Started process (PID=208550) to work on /home/monica.fernandez/practica_creativa/venv-airflow/lib/python3.11/site-packages/airflow/example_dags/example_sensors.py
[2025-06-16T18:35:32.211+0200] {processor.py:743} INFO - Processing file /home/monica.fernandez/practica_creativa/venv-airflow/lib/python3.11/site-packages/airflow/example_dags/example_sensors.py for tasks to queue
[2025-06-16T18:35:32.213+0200] {logging_mixin.py:137} INFO - [2025-06-16T18:35:32.212+0200] {dagbag.py:538} INFO - Filling up the DagBag from /home/monica.fernandez/practica_creativa/venv-airflow/lib/python3.11/site-packages/airflow/example_dags/example_sensors.py
[2025-06-16T18:35:32.292+0200] {processor.py:753} INFO - DAG(s) dict_keys(['example_sensors']) retrieved from /home/monica.fernandez/practica_creativa/venv-airflow/lib/python3.11/site-packages/airflow/example_dags/example_sensors.py
[2025-06-16T18:35:32.372+0200] {logging_mixin.py:137} INFO - [2025-06-16T18:35:32.372+0200] {dag.py:2690} INFO - Sync 1 DAGs
[2025-06-16T18:35:32.438+0200] {logging_mixin.py:137} INFO - [2025-06-16T18:35:32.437+0200] {dag.py:3437} INFO - Setting next_dagrun for example_sensors to None, run_after=None
[2025-06-16T18:35:32.547+0200] {processor.py:175} INFO - Processing /home/monica.fernandez/practica_creativa/venv-airflow/lib/python3.11/site-packages/airflow/example_dags/example_sensors.py took 0.346 seconds
[2025-06-16T18:36:24.884+0200] {processor.py:153} INFO - Started process (PID=209031) to work on /home/monica.fernandez/practica_creativa/venv-airflow/lib/python3.11/site-packages/airflow/example_dags/example_sensors.py
[2025-06-16T18:36:24.886+0200] {processor.py:743} INFO - Processing file /home/monica.fernandez/practica_creativa/venv-airflow/lib/python3.11/site-packages/airflow/example_dags/example_sensors.py for tasks to queue
[2025-06-16T18:36:24.888+0200] {logging_mixin.py:137} INFO - [2025-06-16T18:36:24.888+0200] {dagbag.py:538} INFO - Filling up the DagBag from /home/monica.fernandez/practica_creativa/venv-airflow/lib/python3.11/site-packages/airflow/example_dags/example_sensors.py
[2025-06-16T18:36:24.962+0200] {processor.py:753} INFO - DAG(s) dict_keys(['example_sensors']) retrieved from /home/monica.fernandez/practica_creativa/venv-airflow/lib/python3.11/site-packages/airflow/example_dags/example_sensors.py
[2025-06-16T18:36:24.998+0200] {logging_mixin.py:137} INFO - [2025-06-16T18:36:24.998+0200] {dag.py:2690} INFO - Sync 1 DAGs
[2025-06-16T18:36:25.025+0200] {logging_mixin.py:137} INFO - [2025-06-16T18:36:25.025+0200] {dag.py:3437} INFO - Setting next_dagrun for example_sensors to None, run_after=None
[2025-06-16T18:36:25.082+0200] {processor.py:175} INFO - Processing /home/monica.fernandez/practica_creativa/venv-airflow/lib/python3.11/site-packages/airflow/example_dags/example_sensors.py took 0.207 seconds
[2025-06-16T18:37:09.555+0200] {processor.py:153} INFO - Started process (PID=209390) to work on /home/monica.fernandez/practica_creativa/venv-airflow/lib/python3.11/site-packages/airflow/example_dags/example_sensors.py
[2025-06-16T18:37:09.557+0200] {processor.py:743} INFO - Processing file /home/monica.fernandez/practica_creativa/venv-airflow/lib/python3.11/site-packages/airflow/example_dags/example_sensors.py for tasks to queue
[2025-06-16T18:37:09.558+0200] {logging_mixin.py:137} INFO - [2025-06-16T18:37:09.558+0200] {dagbag.py:538} INFO - Filling up the DagBag from /home/monica.fernandez/practica_creativa/venv-airflow/lib/python3.11/site-packages/airflow/example_dags/example_sensors.py
[2025-06-16T18:37:09.629+0200] {processor.py:753} INFO - DAG(s) dict_keys(['example_sensors']) retrieved from /home/monica.fernandez/practica_creativa/venv-airflow/lib/python3.11/site-packages/airflow/example_dags/example_sensors.py
[2025-06-16T18:37:09.661+0200] {logging_mixin.py:137} INFO - [2025-06-16T18:37:09.661+0200] {dag.py:2690} INFO - Sync 1 DAGs
[2025-06-16T18:37:09.684+0200] {logging_mixin.py:137} INFO - [2025-06-16T18:37:09.683+0200] {dag.py:3437} INFO - Setting next_dagrun for example_sensors to None, run_after=None
[2025-06-16T18:37:09.731+0200] {processor.py:175} INFO - Processing /home/monica.fernandez/practica_creativa/venv-airflow/lib/python3.11/site-packages/airflow/example_dags/example_sensors.py took 0.184 seconds
[2025-06-16T18:37:52.358+0200] {processor.py:153} INFO - Started process (PID=209844) to work on /home/monica.fernandez/practica_creativa/venv-airflow/lib/python3.11/site-packages/airflow/example_dags/example_sensors.py
[2025-06-16T18:37:52.362+0200] {processor.py:743} INFO - Processing file /home/monica.fernandez/practica_creativa/venv-airflow/lib/python3.11/site-packages/airflow/example_dags/example_sensors.py for tasks to queue
[2025-06-16T18:37:52.363+0200] {logging_mixin.py:137} INFO - [2025-06-16T18:37:52.363+0200] {dagbag.py:538} INFO - Filling up the DagBag from /home/monica.fernandez/practica_creativa/venv-airflow/lib/python3.11/site-packages/airflow/example_dags/example_sensors.py
[2025-06-16T18:37:52.391+0200] {processor.py:753} INFO - DAG(s) dict_keys(['example_sensors']) retrieved from /home/monica.fernandez/practica_creativa/venv-airflow/lib/python3.11/site-packages/airflow/example_dags/example_sensors.py
[2025-06-16T18:37:52.421+0200] {logging_mixin.py:137} INFO - [2025-06-16T18:37:52.421+0200] {dag.py:2690} INFO - Sync 1 DAGs
[2025-06-16T18:37:52.443+0200] {logging_mixin.py:137} INFO - [2025-06-16T18:37:52.443+0200] {dag.py:3437} INFO - Setting next_dagrun for example_sensors to None, run_after=None
[2025-06-16T18:37:52.487+0200] {processor.py:175} INFO - Processing /home/monica.fernandez/practica_creativa/venv-airflow/lib/python3.11/site-packages/airflow/example_dags/example_sensors.py took 0.135 seconds
[2025-06-16T18:38:33.866+0200] {processor.py:153} INFO - Started process (PID=210141) to work on /home/monica.fernandez/practica_creativa/venv-airflow/lib/python3.11/site-packages/airflow/example_dags/example_sensors.py
[2025-06-16T18:38:33.867+0200] {processor.py:743} INFO - Processing file /home/monica.fernandez/practica_creativa/venv-airflow/lib/python3.11/site-packages/airflow/example_dags/example_sensors.py for tasks to queue
[2025-06-16T18:38:33.868+0200] {logging_mixin.py:137} INFO - [2025-06-16T18:38:33.868+0200] {dagbag.py:538} INFO - Filling up the DagBag from /home/monica.fernandez/practica_creativa/venv-airflow/lib/python3.11/site-packages/airflow/example_dags/example_sensors.py
[2025-06-16T18:38:33.897+0200] {processor.py:753} INFO - DAG(s) dict_keys(['example_sensors']) retrieved from /home/monica.fernandez/practica_creativa/venv-airflow/lib/python3.11/site-packages/airflow/example_dags/example_sensors.py
[2025-06-16T18:38:33.923+0200] {logging_mixin.py:137} INFO - [2025-06-16T18:38:33.923+0200] {dag.py:2690} INFO - Sync 1 DAGs
[2025-06-16T18:38:33.948+0200] {logging_mixin.py:137} INFO - [2025-06-16T18:38:33.948+0200] {dag.py:3437} INFO - Setting next_dagrun for example_sensors to None, run_after=None
[2025-06-16T18:38:34.002+0200] {processor.py:175} INFO - Processing /home/monica.fernandez/practica_creativa/venv-airflow/lib/python3.11/site-packages/airflow/example_dags/example_sensors.py took 0.144 seconds
[2025-06-16T18:39:16.807+0200] {processor.py:153} INFO - Started process (PID=210860) to work on /home/monica.fernandez/practica_creativa/venv-airflow/lib/python3.11/site-packages/airflow/example_dags/example_sensors.py
[2025-06-16T18:39:16.809+0200] {processor.py:743} INFO - Processing file /home/monica.fernandez/practica_creativa/venv-airflow/lib/python3.11/site-packages/airflow/example_dags/example_sensors.py for tasks to queue
[2025-06-16T18:39:16.810+0200] {logging_mixin.py:137} INFO - [2025-06-16T18:39:16.810+0200] {dagbag.py:538} INFO - Filling up the DagBag from /home/monica.fernandez/practica_creativa/venv-airflow/lib/python3.11/site-packages/airflow/example_dags/example_sensors.py
[2025-06-16T18:39:16.852+0200] {processor.py:753} INFO - DAG(s) dict_keys(['example_sensors']) retrieved from /home/monica.fernandez/practica_creativa/venv-airflow/lib/python3.11/site-packages/airflow/example_dags/example_sensors.py
[2025-06-16T18:39:16.887+0200] {logging_mixin.py:137} INFO - [2025-06-16T18:39:16.887+0200] {dag.py:2690} INFO - Sync 1 DAGs
[2025-06-16T18:39:16.916+0200] {logging_mixin.py:137} INFO - [2025-06-16T18:39:16.916+0200] {dag.py:3437} INFO - Setting next_dagrun for example_sensors to None, run_after=None
[2025-06-16T18:39:16.978+0200] {processor.py:175} INFO - Processing /home/monica.fernandez/practica_creativa/venv-airflow/lib/python3.11/site-packages/airflow/example_dags/example_sensors.py took 0.175 seconds
[2025-06-16T18:42:46.254+0200] {processor.py:153} INFO - Started process (PID=213222) to work on /home/monica.fernandez/practica_creativa/venv-airflow/lib/python3.11/site-packages/airflow/example_dags/example_sensors.py
[2025-06-16T18:42:46.255+0200] {processor.py:743} INFO - Processing file /home/monica.fernandez/practica_creativa/venv-airflow/lib/python3.11/site-packages/airflow/example_dags/example_sensors.py for tasks to queue
[2025-06-16T18:42:46.256+0200] {logging_mixin.py:137} INFO - [2025-06-16T18:42:46.255+0200] {dagbag.py:538} INFO - Filling up the DagBag from /home/monica.fernandez/practica_creativa/venv-airflow/lib/python3.11/site-packages/airflow/example_dags/example_sensors.py
[2025-06-16T18:42:46.290+0200] {processor.py:753} INFO - DAG(s) dict_keys(['example_sensors']) retrieved from /home/monica.fernandez/practica_creativa/venv-airflow/lib/python3.11/site-packages/airflow/example_dags/example_sensors.py
[2025-06-16T18:42:46.331+0200] {logging_mixin.py:137} INFO - [2025-06-16T18:42:46.330+0200] {dag.py:2690} INFO - Sync 1 DAGs
[2025-06-16T18:42:46.356+0200] {logging_mixin.py:137} INFO - [2025-06-16T18:42:46.356+0200] {dag.py:3437} INFO - Setting next_dagrun for example_sensors to None, run_after=None
[2025-06-16T18:42:46.418+0200] {processor.py:175} INFO - Processing /home/monica.fernandez/practica_creativa/venv-airflow/lib/python3.11/site-packages/airflow/example_dags/example_sensors.py took 0.169 seconds
[2025-06-16T18:43:39.014+0200] {processor.py:153} INFO - Started process (PID=213686) to work on /home/monica.fernandez/practica_creativa/venv-airflow/lib/python3.11/site-packages/airflow/example_dags/example_sensors.py
[2025-06-16T18:43:39.016+0200] {processor.py:743} INFO - Processing file /home/monica.fernandez/practica_creativa/venv-airflow/lib/python3.11/site-packages/airflow/example_dags/example_sensors.py for tasks to queue
[2025-06-16T18:43:39.017+0200] {logging_mixin.py:137} INFO - [2025-06-16T18:43:39.017+0200] {dagbag.py:538} INFO - Filling up the DagBag from /home/monica.fernandez/practica_creativa/venv-airflow/lib/python3.11/site-packages/airflow/example_dags/example_sensors.py
[2025-06-16T18:43:39.038+0200] {processor.py:753} INFO - DAG(s) dict_keys(['example_sensors']) retrieved from /home/monica.fernandez/practica_creativa/venv-airflow/lib/python3.11/site-packages/airflow/example_dags/example_sensors.py
[2025-06-16T18:43:39.067+0200] {logging_mixin.py:137} INFO - [2025-06-16T18:43:39.067+0200] {dag.py:2690} INFO - Sync 1 DAGs
[2025-06-16T18:43:39.086+0200] {logging_mixin.py:137} INFO - [2025-06-16T18:43:39.086+0200] {dag.py:3437} INFO - Setting next_dagrun for example_sensors to None, run_after=None
[2025-06-16T18:43:39.131+0200] {processor.py:175} INFO - Processing /home/monica.fernandez/practica_creativa/venv-airflow/lib/python3.11/site-packages/airflow/example_dags/example_sensors.py took 0.126 seconds
[2025-06-16T18:44:31.202+0200] {processor.py:153} INFO - Started process (PID=214142) to work on /home/monica.fernandez/practica_creativa/venv-airflow/lib/python3.11/site-packages/airflow/example_dags/example_sensors.py
[2025-06-16T18:44:31.203+0200] {processor.py:743} INFO - Processing file /home/monica.fernandez/practica_creativa/venv-airflow/lib/python3.11/site-packages/airflow/example_dags/example_sensors.py for tasks to queue
[2025-06-16T18:44:31.204+0200] {logging_mixin.py:137} INFO - [2025-06-16T18:44:31.204+0200] {dagbag.py:538} INFO - Filling up the DagBag from /home/monica.fernandez/practica_creativa/venv-airflow/lib/python3.11/site-packages/airflow/example_dags/example_sensors.py
[2025-06-16T18:44:31.226+0200] {processor.py:753} INFO - DAG(s) dict_keys(['example_sensors']) retrieved from /home/monica.fernandez/practica_creativa/venv-airflow/lib/python3.11/site-packages/airflow/example_dags/example_sensors.py
[2025-06-16T18:44:31.252+0200] {logging_mixin.py:137} INFO - [2025-06-16T18:44:31.252+0200] {dag.py:2690} INFO - Sync 1 DAGs
[2025-06-16T18:44:31.272+0200] {logging_mixin.py:137} INFO - [2025-06-16T18:44:31.272+0200] {dag.py:3437} INFO - Setting next_dagrun for example_sensors to None, run_after=None
[2025-06-16T18:44:31.327+0200] {processor.py:175} INFO - Processing /home/monica.fernandez/practica_creativa/venv-airflow/lib/python3.11/site-packages/airflow/example_dags/example_sensors.py took 0.131 seconds
[2025-06-16T18:45:16.779+0200] {processor.py:153} INFO - Started process (PID=214489) to work on /home/monica.fernandez/practica_creativa/venv-airflow/lib/python3.11/site-packages/airflow/example_dags/example_sensors.py
[2025-06-16T18:45:16.780+0200] {processor.py:743} INFO - Processing file /home/monica.fernandez/practica_creativa/venv-airflow/lib/python3.11/site-packages/airflow/example_dags/example_sensors.py for tasks to queue
[2025-06-16T18:45:16.781+0200] {logging_mixin.py:137} INFO - [2025-06-16T18:45:16.780+0200] {dagbag.py:538} INFO - Filling up the DagBag from /home/monica.fernandez/practica_creativa/venv-airflow/lib/python3.11/site-packages/airflow/example_dags/example_sensors.py
[2025-06-16T18:45:16.795+0200] {processor.py:753} INFO - DAG(s) dict_keys(['example_sensors']) retrieved from /home/monica.fernandez/practica_creativa/venv-airflow/lib/python3.11/site-packages/airflow/example_dags/example_sensors.py
[2025-06-16T18:45:16.824+0200] {logging_mixin.py:137} INFO - [2025-06-16T18:45:16.824+0200] {dag.py:2690} INFO - Sync 1 DAGs
[2025-06-16T18:45:16.848+0200] {logging_mixin.py:137} INFO - [2025-06-16T18:45:16.848+0200] {dag.py:3437} INFO - Setting next_dagrun for example_sensors to None, run_after=None
[2025-06-16T18:45:16.897+0200] {processor.py:175} INFO - Processing /home/monica.fernandez/practica_creativa/venv-airflow/lib/python3.11/site-packages/airflow/example_dags/example_sensors.py took 0.121 seconds
[2025-06-16T18:47:33.428+0200] {processor.py:153} INFO - Started process (PID=216163) to work on /home/monica.fernandez/practica_creativa/venv-airflow/lib/python3.11/site-packages/airflow/example_dags/example_sensors.py
[2025-06-16T18:47:33.429+0200] {processor.py:743} INFO - Processing file /home/monica.fernandez/practica_creativa/venv-airflow/lib/python3.11/site-packages/airflow/example_dags/example_sensors.py for tasks to queue
[2025-06-16T18:47:33.430+0200] {logging_mixin.py:137} INFO - [2025-06-16T18:47:33.430+0200] {dagbag.py:538} INFO - Filling up the DagBag from /home/monica.fernandez/practica_creativa/venv-airflow/lib/python3.11/site-packages/airflow/example_dags/example_sensors.py
[2025-06-16T18:47:33.461+0200] {processor.py:753} INFO - DAG(s) dict_keys(['example_sensors']) retrieved from /home/monica.fernandez/practica_creativa/venv-airflow/lib/python3.11/site-packages/airflow/example_dags/example_sensors.py
[2025-06-16T18:47:33.499+0200] {logging_mixin.py:137} INFO - [2025-06-16T18:47:33.499+0200] {dag.py:2690} INFO - Sync 1 DAGs
[2025-06-16T18:47:33.528+0200] {logging_mixin.py:137} INFO - [2025-06-16T18:47:33.528+0200] {dag.py:3437} INFO - Setting next_dagrun for example_sensors to None, run_after=None
[2025-06-16T18:47:33.595+0200] {processor.py:175} INFO - Processing /home/monica.fernandez/practica_creativa/venv-airflow/lib/python3.11/site-packages/airflow/example_dags/example_sensors.py took 0.170 seconds
[2025-06-16T18:48:25.473+0200] {processor.py:153} INFO - Started process (PID=216612) to work on /home/monica.fernandez/practica_creativa/venv-airflow/lib/python3.11/site-packages/airflow/example_dags/example_sensors.py
[2025-06-16T18:48:25.474+0200] {processor.py:743} INFO - Processing file /home/monica.fernandez/practica_creativa/venv-airflow/lib/python3.11/site-packages/airflow/example_dags/example_sensors.py for tasks to queue
[2025-06-16T18:48:25.475+0200] {logging_mixin.py:137} INFO - [2025-06-16T18:48:25.474+0200] {dagbag.py:538} INFO - Filling up the DagBag from /home/monica.fernandez/practica_creativa/venv-airflow/lib/python3.11/site-packages/airflow/example_dags/example_sensors.py
[2025-06-16T18:48:25.497+0200] {processor.py:753} INFO - DAG(s) dict_keys(['example_sensors']) retrieved from /home/monica.fernandez/practica_creativa/venv-airflow/lib/python3.11/site-packages/airflow/example_dags/example_sensors.py
[2025-06-16T18:48:25.527+0200] {logging_mixin.py:137} INFO - [2025-06-16T18:48:25.527+0200] {dag.py:2690} INFO - Sync 1 DAGs
[2025-06-16T18:48:25.550+0200] {logging_mixin.py:137} INFO - [2025-06-16T18:48:25.550+0200] {dag.py:3437} INFO - Setting next_dagrun for example_sensors to None, run_after=None
[2025-06-16T18:48:25.606+0200] {processor.py:175} INFO - Processing /home/monica.fernandez/practica_creativa/venv-airflow/lib/python3.11/site-packages/airflow/example_dags/example_sensors.py took 0.135 seconds
[2025-06-16T18:49:18.358+0200] {processor.py:153} INFO - Started process (PID=217020) to work on /home/monica.fernandez/practica_creativa/venv-airflow/lib/python3.11/site-packages/airflow/example_dags/example_sensors.py
[2025-06-16T18:49:18.360+0200] {processor.py:743} INFO - Processing file /home/monica.fernandez/practica_creativa/venv-airflow/lib/python3.11/site-packages/airflow/example_dags/example_sensors.py for tasks to queue
[2025-06-16T18:49:18.361+0200] {logging_mixin.py:137} INFO - [2025-06-16T18:49:18.361+0200] {dagbag.py:538} INFO - Filling up the DagBag from /home/monica.fernandez/practica_creativa/venv-airflow/lib/python3.11/site-packages/airflow/example_dags/example_sensors.py
[2025-06-16T18:49:18.417+0200] {processor.py:753} INFO - DAG(s) dict_keys(['example_sensors']) retrieved from /home/monica.fernandez/practica_creativa/venv-airflow/lib/python3.11/site-packages/airflow/example_dags/example_sensors.py
[2025-06-16T18:49:18.445+0200] {logging_mixin.py:137} INFO - [2025-06-16T18:49:18.445+0200] {dag.py:2690} INFO - Sync 1 DAGs
[2025-06-16T18:49:18.470+0200] {logging_mixin.py:137} INFO - [2025-06-16T18:49:18.469+0200] {dag.py:3437} INFO - Setting next_dagrun for example_sensors to None, run_after=None
[2025-06-16T18:49:18.515+0200] {processor.py:175} INFO - Processing /home/monica.fernandez/practica_creativa/venv-airflow/lib/python3.11/site-packages/airflow/example_dags/example_sensors.py took 0.167 seconds
[2025-06-16T18:50:02.360+0200] {processor.py:153} INFO - Started process (PID=217436) to work on /home/monica.fernandez/practica_creativa/venv-airflow/lib/python3.11/site-packages/airflow/example_dags/example_sensors.py
[2025-06-16T18:50:02.361+0200] {processor.py:743} INFO - Processing file /home/monica.fernandez/practica_creativa/venv-airflow/lib/python3.11/site-packages/airflow/example_dags/example_sensors.py for tasks to queue
[2025-06-16T18:50:02.361+0200] {logging_mixin.py:137} INFO - [2025-06-16T18:50:02.361+0200] {dagbag.py:538} INFO - Filling up the DagBag from /home/monica.fernandez/practica_creativa/venv-airflow/lib/python3.11/site-packages/airflow/example_dags/example_sensors.py
[2025-06-16T18:50:02.386+0200] {processor.py:753} INFO - DAG(s) dict_keys(['example_sensors']) retrieved from /home/monica.fernandez/practica_creativa/venv-airflow/lib/python3.11/site-packages/airflow/example_dags/example_sensors.py
[2025-06-16T18:50:02.414+0200] {logging_mixin.py:137} INFO - [2025-06-16T18:50:02.414+0200] {dag.py:2690} INFO - Sync 1 DAGs
[2025-06-16T18:50:02.438+0200] {logging_mixin.py:137} INFO - [2025-06-16T18:50:02.438+0200] {dag.py:3437} INFO - Setting next_dagrun for example_sensors to None, run_after=None
[2025-06-16T18:50:02.490+0200] {processor.py:175} INFO - Processing /home/monica.fernandez/practica_creativa/venv-airflow/lib/python3.11/site-packages/airflow/example_dags/example_sensors.py took 0.133 seconds
[2025-06-16T18:50:47.867+0200] {processor.py:153} INFO - Started process (PID=217850) to work on /home/monica.fernandez/practica_creativa/venv-airflow/lib/python3.11/site-packages/airflow/example_dags/example_sensors.py
[2025-06-16T18:50:47.874+0200] {processor.py:743} INFO - Processing file /home/monica.fernandez/practica_creativa/venv-airflow/lib/python3.11/site-packages/airflow/example_dags/example_sensors.py for tasks to queue
[2025-06-16T18:50:47.876+0200] {logging_mixin.py:137} INFO - [2025-06-16T18:50:47.876+0200] {dagbag.py:538} INFO - Filling up the DagBag from /home/monica.fernandez/practica_creativa/venv-airflow/lib/python3.11/site-packages/airflow/example_dags/example_sensors.py
[2025-06-16T18:50:47.942+0200] {processor.py:753} INFO - DAG(s) dict_keys(['example_sensors']) retrieved from /home/monica.fernandez/practica_creativa/venv-airflow/lib/python3.11/site-packages/airflow/example_dags/example_sensors.py
[2025-06-16T18:50:48.016+0200] {logging_mixin.py:137} INFO - [2025-06-16T18:50:48.016+0200] {dag.py:2690} INFO - Sync 1 DAGs
[2025-06-16T18:50:48.080+0200] {logging_mixin.py:137} INFO - [2025-06-16T18:50:48.080+0200] {dag.py:3437} INFO - Setting next_dagrun for example_sensors to None, run_after=None
[2025-06-16T18:50:48.195+0200] {processor.py:175} INFO - Processing /home/monica.fernandez/practica_creativa/venv-airflow/lib/python3.11/site-packages/airflow/example_dags/example_sensors.py took 0.337 seconds
[2025-06-16T18:51:37.127+0200] {processor.py:153} INFO - Started process (PID=218282) to work on /home/monica.fernandez/practica_creativa/venv-airflow/lib/python3.11/site-packages/airflow/example_dags/example_sensors.py
[2025-06-16T18:51:37.128+0200] {processor.py:743} INFO - Processing file /home/monica.fernandez/practica_creativa/venv-airflow/lib/python3.11/site-packages/airflow/example_dags/example_sensors.py for tasks to queue
[2025-06-16T18:51:37.129+0200] {logging_mixin.py:137} INFO - [2025-06-16T18:51:37.129+0200] {dagbag.py:538} INFO - Filling up the DagBag from /home/monica.fernandez/practica_creativa/venv-airflow/lib/python3.11/site-packages/airflow/example_dags/example_sensors.py
[2025-06-16T18:51:37.154+0200] {processor.py:753} INFO - DAG(s) dict_keys(['example_sensors']) retrieved from /home/monica.fernandez/practica_creativa/venv-airflow/lib/python3.11/site-packages/airflow/example_dags/example_sensors.py
[2025-06-16T18:51:37.181+0200] {logging_mixin.py:137} INFO - [2025-06-16T18:51:37.181+0200] {dag.py:2690} INFO - Sync 1 DAGs
[2025-06-16T18:51:37.205+0200] {logging_mixin.py:137} INFO - [2025-06-16T18:51:37.205+0200] {dag.py:3437} INFO - Setting next_dagrun for example_sensors to None, run_after=None
[2025-06-16T18:51:37.261+0200] {processor.py:175} INFO - Processing /home/monica.fernandez/practica_creativa/venv-airflow/lib/python3.11/site-packages/airflow/example_dags/example_sensors.py took 0.136 seconds
[2025-06-16T18:52:25.684+0200] {processor.py:153} INFO - Started process (PID=218757) to work on /home/monica.fernandez/practica_creativa/venv-airflow/lib/python3.11/site-packages/airflow/example_dags/example_sensors.py
[2025-06-16T18:52:25.686+0200] {processor.py:743} INFO - Processing file /home/monica.fernandez/practica_creativa/venv-airflow/lib/python3.11/site-packages/airflow/example_dags/example_sensors.py for tasks to queue
[2025-06-16T18:52:25.687+0200] {logging_mixin.py:137} INFO - [2025-06-16T18:52:25.687+0200] {dagbag.py:538} INFO - Filling up the DagBag from /home/monica.fernandez/practica_creativa/venv-airflow/lib/python3.11/site-packages/airflow/example_dags/example_sensors.py
[2025-06-16T18:52:25.716+0200] {processor.py:753} INFO - DAG(s) dict_keys(['example_sensors']) retrieved from /home/monica.fernandez/practica_creativa/venv-airflow/lib/python3.11/site-packages/airflow/example_dags/example_sensors.py
[2025-06-16T18:52:25.742+0200] {logging_mixin.py:137} INFO - [2025-06-16T18:52:25.742+0200] {dag.py:2690} INFO - Sync 1 DAGs
[2025-06-16T18:52:25.766+0200] {logging_mixin.py:137} INFO - [2025-06-16T18:52:25.766+0200] {dag.py:3437} INFO - Setting next_dagrun for example_sensors to None, run_after=None
[2025-06-16T18:52:25.816+0200] {processor.py:175} INFO - Processing /home/monica.fernandez/practica_creativa/venv-airflow/lib/python3.11/site-packages/airflow/example_dags/example_sensors.py took 0.140 seconds
[2025-06-16T18:53:18.168+0200] {processor.py:153} INFO - Started process (PID=219201) to work on /home/monica.fernandez/practica_creativa/venv-airflow/lib/python3.11/site-packages/airflow/example_dags/example_sensors.py
[2025-06-16T18:53:18.169+0200] {processor.py:743} INFO - Processing file /home/monica.fernandez/practica_creativa/venv-airflow/lib/python3.11/site-packages/airflow/example_dags/example_sensors.py for tasks to queue
[2025-06-16T18:53:18.171+0200] {logging_mixin.py:137} INFO - [2025-06-16T18:53:18.170+0200] {dagbag.py:538} INFO - Filling up the DagBag from /home/monica.fernandez/practica_creativa/venv-airflow/lib/python3.11/site-packages/airflow/example_dags/example_sensors.py
[2025-06-16T18:53:18.248+0200] {processor.py:753} INFO - DAG(s) dict_keys(['example_sensors']) retrieved from /home/monica.fernandez/practica_creativa/venv-airflow/lib/python3.11/site-packages/airflow/example_dags/example_sensors.py
[2025-06-16T18:53:18.309+0200] {logging_mixin.py:137} INFO - [2025-06-16T18:53:18.309+0200] {dag.py:2690} INFO - Sync 1 DAGs
[2025-06-16T18:53:18.355+0200] {logging_mixin.py:137} INFO - [2025-06-16T18:53:18.355+0200] {dag.py:3437} INFO - Setting next_dagrun for example_sensors to None, run_after=None
[2025-06-16T18:53:18.435+0200] {processor.py:175} INFO - Processing /home/monica.fernandez/practica_creativa/venv-airflow/lib/python3.11/site-packages/airflow/example_dags/example_sensors.py took 0.276 seconds
[2025-06-16T18:54:15.011+0200] {processor.py:153} INFO - Started process (PID=219697) to work on /home/monica.fernandez/practica_creativa/venv-airflow/lib/python3.11/site-packages/airflow/example_dags/example_sensors.py
[2025-06-16T18:54:15.012+0200] {processor.py:743} INFO - Processing file /home/monica.fernandez/practica_creativa/venv-airflow/lib/python3.11/site-packages/airflow/example_dags/example_sensors.py for tasks to queue
[2025-06-16T18:54:15.012+0200] {logging_mixin.py:137} INFO - [2025-06-16T18:54:15.012+0200] {dagbag.py:538} INFO - Filling up the DagBag from /home/monica.fernandez/practica_creativa/venv-airflow/lib/python3.11/site-packages/airflow/example_dags/example_sensors.py
[2025-06-16T18:54:15.036+0200] {processor.py:753} INFO - DAG(s) dict_keys(['example_sensors']) retrieved from /home/monica.fernandez/practica_creativa/venv-airflow/lib/python3.11/site-packages/airflow/example_dags/example_sensors.py
[2025-06-16T18:54:15.063+0200] {logging_mixin.py:137} INFO - [2025-06-16T18:54:15.063+0200] {dag.py:2690} INFO - Sync 1 DAGs
[2025-06-16T18:54:15.084+0200] {logging_mixin.py:137} INFO - [2025-06-16T18:54:15.084+0200] {dag.py:3437} INFO - Setting next_dagrun for example_sensors to None, run_after=None
[2025-06-16T18:54:15.172+0200] {processor.py:175} INFO - Processing /home/monica.fernandez/practica_creativa/venv-airflow/lib/python3.11/site-packages/airflow/example_dags/example_sensors.py took 0.163 seconds
[2025-06-16T18:56:09.186+0200] {processor.py:153} INFO - Started process (PID=220968) to work on /home/monica.fernandez/practica_creativa/venv-airflow/lib/python3.11/site-packages/airflow/example_dags/example_sensors.py
[2025-06-16T18:56:09.187+0200] {processor.py:743} INFO - Processing file /home/monica.fernandez/practica_creativa/venv-airflow/lib/python3.11/site-packages/airflow/example_dags/example_sensors.py for tasks to queue
[2025-06-16T18:56:09.188+0200] {logging_mixin.py:137} INFO - [2025-06-16T18:56:09.188+0200] {dagbag.py:538} INFO - Filling up the DagBag from /home/monica.fernandez/practica_creativa/venv-airflow/lib/python3.11/site-packages/airflow/example_dags/example_sensors.py
[2025-06-16T18:56:09.212+0200] {processor.py:753} INFO - DAG(s) dict_keys(['example_sensors']) retrieved from /home/monica.fernandez/practica_creativa/venv-airflow/lib/python3.11/site-packages/airflow/example_dags/example_sensors.py
[2025-06-16T18:56:09.239+0200] {logging_mixin.py:137} INFO - [2025-06-16T18:56:09.239+0200] {dag.py:2690} INFO - Sync 1 DAGs
[2025-06-16T18:56:09.261+0200] {logging_mixin.py:137} INFO - [2025-06-16T18:56:09.261+0200] {dag.py:3437} INFO - Setting next_dagrun for example_sensors to None, run_after=None
[2025-06-16T18:56:09.309+0200] {processor.py:175} INFO - Processing /home/monica.fernandez/practica_creativa/venv-airflow/lib/python3.11/site-packages/airflow/example_dags/example_sensors.py took 0.128 seconds
[2025-06-16T18:57:01.323+0200] {processor.py:153} INFO - Started process (PID=221412) to work on /home/monica.fernandez/practica_creativa/venv-airflow/lib/python3.11/site-packages/airflow/example_dags/example_sensors.py
[2025-06-16T18:57:01.325+0200] {processor.py:743} INFO - Processing file /home/monica.fernandez/practica_creativa/venv-airflow/lib/python3.11/site-packages/airflow/example_dags/example_sensors.py for tasks to queue
[2025-06-16T18:57:01.326+0200] {logging_mixin.py:137} INFO - [2025-06-16T18:57:01.326+0200] {dagbag.py:538} INFO - Filling up the DagBag from /home/monica.fernandez/practica_creativa/venv-airflow/lib/python3.11/site-packages/airflow/example_dags/example_sensors.py
[2025-06-16T18:57:01.367+0200] {processor.py:753} INFO - DAG(s) dict_keys(['example_sensors']) retrieved from /home/monica.fernandez/practica_creativa/venv-airflow/lib/python3.11/site-packages/airflow/example_dags/example_sensors.py
[2025-06-16T18:57:01.447+0200] {logging_mixin.py:137} INFO - [2025-06-16T18:57:01.447+0200] {dag.py:2690} INFO - Sync 1 DAGs
[2025-06-16T18:57:01.500+0200] {logging_mixin.py:137} INFO - [2025-06-16T18:57:01.499+0200] {dag.py:3437} INFO - Setting next_dagrun for example_sensors to None, run_after=None
[2025-06-16T18:57:01.602+0200] {processor.py:175} INFO - Processing /home/monica.fernandez/practica_creativa/venv-airflow/lib/python3.11/site-packages/airflow/example_dags/example_sensors.py took 0.288 seconds
[2025-06-16T18:57:55.986+0200] {processor.py:153} INFO - Started process (PID=221797) to work on /home/monica.fernandez/practica_creativa/venv-airflow/lib/python3.11/site-packages/airflow/example_dags/example_sensors.py
[2025-06-16T18:57:55.988+0200] {processor.py:743} INFO - Processing file /home/monica.fernandez/practica_creativa/venv-airflow/lib/python3.11/site-packages/airflow/example_dags/example_sensors.py for tasks to queue
[2025-06-16T18:57:55.989+0200] {logging_mixin.py:137} INFO - [2025-06-16T18:57:55.989+0200] {dagbag.py:538} INFO - Filling up the DagBag from /home/monica.fernandez/practica_creativa/venv-airflow/lib/python3.11/site-packages/airflow/example_dags/example_sensors.py
[2025-06-16T18:57:56.043+0200] {processor.py:753} INFO - DAG(s) dict_keys(['example_sensors']) retrieved from /home/monica.fernandez/practica_creativa/venv-airflow/lib/python3.11/site-packages/airflow/example_dags/example_sensors.py
[2025-06-16T18:57:56.091+0200] {logging_mixin.py:137} INFO - [2025-06-16T18:57:56.091+0200] {dag.py:2690} INFO - Sync 1 DAGs
[2025-06-16T18:57:56.112+0200] {logging_mixin.py:137} INFO - [2025-06-16T18:57:56.112+0200] {dag.py:3437} INFO - Setting next_dagrun for example_sensors to None, run_after=None
[2025-06-16T18:57:56.159+0200] {processor.py:175} INFO - Processing /home/monica.fernandez/practica_creativa/venv-airflow/lib/python3.11/site-packages/airflow/example_dags/example_sensors.py took 0.181 seconds
[2025-06-16T18:58:43.242+0200] {processor.py:153} INFO - Started process (PID=222244) to work on /home/monica.fernandez/practica_creativa/venv-airflow/lib/python3.11/site-packages/airflow/example_dags/example_sensors.py
[2025-06-16T18:58:43.244+0200] {processor.py:743} INFO - Processing file /home/monica.fernandez/practica_creativa/venv-airflow/lib/python3.11/site-packages/airflow/example_dags/example_sensors.py for tasks to queue
[2025-06-16T18:58:43.245+0200] {logging_mixin.py:137} INFO - [2025-06-16T18:58:43.245+0200] {dagbag.py:538} INFO - Filling up the DagBag from /home/monica.fernandez/practica_creativa/venv-airflow/lib/python3.11/site-packages/airflow/example_dags/example_sensors.py
[2025-06-16T18:58:43.296+0200] {processor.py:753} INFO - DAG(s) dict_keys(['example_sensors']) retrieved from /home/monica.fernandez/practica_creativa/venv-airflow/lib/python3.11/site-packages/airflow/example_dags/example_sensors.py
[2025-06-16T18:58:43.368+0200] {logging_mixin.py:137} INFO - [2025-06-16T18:58:43.368+0200] {dag.py:2690} INFO - Sync 1 DAGs
[2025-06-16T18:58:43.424+0200] {logging_mixin.py:137} INFO - [2025-06-16T18:58:43.424+0200] {dag.py:3437} INFO - Setting next_dagrun for example_sensors to None, run_after=None
[2025-06-16T18:58:43.531+0200] {processor.py:175} INFO - Processing /home/monica.fernandez/practica_creativa/venv-airflow/lib/python3.11/site-packages/airflow/example_dags/example_sensors.py took 0.297 seconds
[2025-06-16T18:59:28.875+0200] {processor.py:153} INFO - Started process (PID=222975) to work on /home/monica.fernandez/practica_creativa/venv-airflow/lib/python3.11/site-packages/airflow/example_dags/example_sensors.py
[2025-06-16T18:59:28.876+0200] {processor.py:743} INFO - Processing file /home/monica.fernandez/practica_creativa/venv-airflow/lib/python3.11/site-packages/airflow/example_dags/example_sensors.py for tasks to queue
[2025-06-16T18:59:28.876+0200] {logging_mixin.py:137} INFO - [2025-06-16T18:59:28.876+0200] {dagbag.py:538} INFO - Filling up the DagBag from /home/monica.fernandez/practica_creativa/venv-airflow/lib/python3.11/site-packages/airflow/example_dags/example_sensors.py
[2025-06-16T18:59:28.891+0200] {processor.py:753} INFO - DAG(s) dict_keys(['example_sensors']) retrieved from /home/monica.fernandez/practica_creativa/venv-airflow/lib/python3.11/site-packages/airflow/example_dags/example_sensors.py
[2025-06-16T18:59:28.920+0200] {logging_mixin.py:137} INFO - [2025-06-16T18:59:28.919+0200] {dag.py:2690} INFO - Sync 1 DAGs
[2025-06-16T18:59:28.939+0200] {logging_mixin.py:137} INFO - [2025-06-16T18:59:28.939+0200] {dag.py:3437} INFO - Setting next_dagrun for example_sensors to None, run_after=None
[2025-06-16T18:59:28.987+0200] {processor.py:175} INFO - Processing /home/monica.fernandez/practica_creativa/venv-airflow/lib/python3.11/site-packages/airflow/example_dags/example_sensors.py took 0.115 seconds
[2025-06-16T19:00:15.032+0200] {processor.py:153} INFO - Started process (PID=223312) to work on /home/monica.fernandez/practica_creativa/venv-airflow/lib/python3.11/site-packages/airflow/example_dags/example_sensors.py
[2025-06-16T19:00:15.033+0200] {processor.py:743} INFO - Processing file /home/monica.fernandez/practica_creativa/venv-airflow/lib/python3.11/site-packages/airflow/example_dags/example_sensors.py for tasks to queue
[2025-06-16T19:00:15.033+0200] {logging_mixin.py:137} INFO - [2025-06-16T19:00:15.033+0200] {dagbag.py:538} INFO - Filling up the DagBag from /home/monica.fernandez/practica_creativa/venv-airflow/lib/python3.11/site-packages/airflow/example_dags/example_sensors.py
[2025-06-16T19:00:15.046+0200] {processor.py:753} INFO - DAG(s) dict_keys(['example_sensors']) retrieved from /home/monica.fernandez/practica_creativa/venv-airflow/lib/python3.11/site-packages/airflow/example_dags/example_sensors.py
[2025-06-16T19:00:15.075+0200] {logging_mixin.py:137} INFO - [2025-06-16T19:00:15.075+0200] {dag.py:2690} INFO - Sync 1 DAGs
[2025-06-16T19:00:15.095+0200] {logging_mixin.py:137} INFO - [2025-06-16T19:00:15.095+0200] {dag.py:3437} INFO - Setting next_dagrun for example_sensors to None, run_after=None
[2025-06-16T19:00:15.144+0200] {processor.py:175} INFO - Processing /home/monica.fernandez/practica_creativa/venv-airflow/lib/python3.11/site-packages/airflow/example_dags/example_sensors.py took 0.114 seconds
[2025-06-16T19:02:22.018+0200] {processor.py:153} INFO - Started process (PID=224738) to work on /home/monica.fernandez/practica_creativa/venv-airflow/lib/python3.11/site-packages/airflow/example_dags/example_sensors.py
[2025-06-16T19:02:22.019+0200] {processor.py:743} INFO - Processing file /home/monica.fernandez/practica_creativa/venv-airflow/lib/python3.11/site-packages/airflow/example_dags/example_sensors.py for tasks to queue
[2025-06-16T19:02:22.019+0200] {logging_mixin.py:137} INFO - [2025-06-16T19:02:22.019+0200] {dagbag.py:538} INFO - Filling up the DagBag from /home/monica.fernandez/practica_creativa/venv-airflow/lib/python3.11/site-packages/airflow/example_dags/example_sensors.py
[2025-06-16T19:02:22.036+0200] {processor.py:753} INFO - DAG(s) dict_keys(['example_sensors']) retrieved from /home/monica.fernandez/practica_creativa/venv-airflow/lib/python3.11/site-packages/airflow/example_dags/example_sensors.py
[2025-06-16T19:02:22.065+0200] {logging_mixin.py:137} INFO - [2025-06-16T19:02:22.065+0200] {dag.py:2690} INFO - Sync 1 DAGs
[2025-06-16T19:02:22.087+0200] {logging_mixin.py:137} INFO - [2025-06-16T19:02:22.087+0200] {dag.py:3437} INFO - Setting next_dagrun for example_sensors to None, run_after=None
[2025-06-16T19:02:22.135+0200] {processor.py:175} INFO - Processing /home/monica.fernandez/practica_creativa/venv-airflow/lib/python3.11/site-packages/airflow/example_dags/example_sensors.py took 0.120 seconds
[2025-06-16T19:03:37.370+0200] {processor.py:153} INFO - Started process (PID=225390) to work on /home/monica.fernandez/practica_creativa/venv-airflow/lib/python3.11/site-packages/airflow/example_dags/example_sensors.py
[2025-06-16T19:03:37.372+0200] {processor.py:743} INFO - Processing file /home/monica.fernandez/practica_creativa/venv-airflow/lib/python3.11/site-packages/airflow/example_dags/example_sensors.py for tasks to queue
[2025-06-16T19:03:37.373+0200] {logging_mixin.py:137} INFO - [2025-06-16T19:03:37.373+0200] {dagbag.py:538} INFO - Filling up the DagBag from /home/monica.fernandez/practica_creativa/venv-airflow/lib/python3.11/site-packages/airflow/example_dags/example_sensors.py
[2025-06-16T19:03:37.426+0200] {processor.py:753} INFO - DAG(s) dict_keys(['example_sensors']) retrieved from /home/monica.fernandez/practica_creativa/venv-airflow/lib/python3.11/site-packages/airflow/example_dags/example_sensors.py
[2025-06-16T19:03:37.458+0200] {logging_mixin.py:137} INFO - [2025-06-16T19:03:37.458+0200] {dag.py:2690} INFO - Sync 1 DAGs
[2025-06-16T19:03:37.485+0200] {logging_mixin.py:137} INFO - [2025-06-16T19:03:37.484+0200] {dag.py:3437} INFO - Setting next_dagrun for example_sensors to None, run_after=None
[2025-06-16T19:03:37.530+0200] {processor.py:175} INFO - Processing /home/monica.fernandez/practica_creativa/venv-airflow/lib/python3.11/site-packages/airflow/example_dags/example_sensors.py took 0.169 seconds
[2025-06-16T19:04:26.407+0200] {processor.py:153} INFO - Started process (PID=225752) to work on /home/monica.fernandez/practica_creativa/venv-airflow/lib/python3.11/site-packages/airflow/example_dags/example_sensors.py
[2025-06-16T19:04:26.409+0200] {processor.py:743} INFO - Processing file /home/monica.fernandez/practica_creativa/venv-airflow/lib/python3.11/site-packages/airflow/example_dags/example_sensors.py for tasks to queue
[2025-06-16T19:04:26.411+0200] {logging_mixin.py:137} INFO - [2025-06-16T19:04:26.410+0200] {dagbag.py:538} INFO - Filling up the DagBag from /home/monica.fernandez/practica_creativa/venv-airflow/lib/python3.11/site-packages/airflow/example_dags/example_sensors.py
[2025-06-16T19:04:26.456+0200] {processor.py:753} INFO - DAG(s) dict_keys(['example_sensors']) retrieved from /home/monica.fernandez/practica_creativa/venv-airflow/lib/python3.11/site-packages/airflow/example_dags/example_sensors.py
[2025-06-16T19:04:26.491+0200] {logging_mixin.py:137} INFO - [2025-06-16T19:04:26.491+0200] {dag.py:2690} INFO - Sync 1 DAGs
[2025-06-16T19:04:26.514+0200] {logging_mixin.py:137} INFO - [2025-06-16T19:04:26.514+0200] {dag.py:3437} INFO - Setting next_dagrun for example_sensors to None, run_after=None
[2025-06-16T19:04:26.563+0200] {processor.py:175} INFO - Processing /home/monica.fernandez/practica_creativa/venv-airflow/lib/python3.11/site-packages/airflow/example_dags/example_sensors.py took 0.164 seconds
[2025-06-16T19:06:57.198+0200] {processor.py:153} INFO - Started process (PID=227315) to work on /home/monica.fernandez/practica_creativa/venv-airflow/lib/python3.11/site-packages/airflow/example_dags/example_sensors.py
[2025-06-16T19:06:57.201+0200] {processor.py:743} INFO - Processing file /home/monica.fernandez/practica_creativa/venv-airflow/lib/python3.11/site-packages/airflow/example_dags/example_sensors.py for tasks to queue
[2025-06-16T19:06:57.202+0200] {logging_mixin.py:137} INFO - [2025-06-16T19:06:57.202+0200] {dagbag.py:538} INFO - Filling up the DagBag from /home/monica.fernandez/practica_creativa/venv-airflow/lib/python3.11/site-packages/airflow/example_dags/example_sensors.py
[2025-06-16T19:06:57.254+0200] {processor.py:753} INFO - DAG(s) dict_keys(['example_sensors']) retrieved from /home/monica.fernandez/practica_creativa/venv-airflow/lib/python3.11/site-packages/airflow/example_dags/example_sensors.py
[2025-06-16T19:06:57.296+0200] {logging_mixin.py:137} INFO - [2025-06-16T19:06:57.296+0200] {dag.py:2690} INFO - Sync 1 DAGs
[2025-06-16T19:06:57.316+0200] {logging_mixin.py:137} INFO - [2025-06-16T19:06:57.316+0200] {dag.py:3437} INFO - Setting next_dagrun for example_sensors to None, run_after=None
[2025-06-16T19:06:57.365+0200] {processor.py:175} INFO - Processing /home/monica.fernandez/practica_creativa/venv-airflow/lib/python3.11/site-packages/airflow/example_dags/example_sensors.py took 0.174 seconds
[2025-06-16T19:08:43.391+0200] {processor.py:153} INFO - Started process (PID=230184) to work on /home/monica.fernandez/practica_creativa/venv-airflow/lib/python3.11/site-packages/airflow/example_dags/example_sensors.py
[2025-06-16T19:08:43.394+0200] {processor.py:743} INFO - Processing file /home/monica.fernandez/practica_creativa/venv-airflow/lib/python3.11/site-packages/airflow/example_dags/example_sensors.py for tasks to queue
[2025-06-16T19:08:43.395+0200] {logging_mixin.py:137} INFO - [2025-06-16T19:08:43.395+0200] {dagbag.py:538} INFO - Filling up the DagBag from /home/monica.fernandez/practica_creativa/venv-airflow/lib/python3.11/site-packages/airflow/example_dags/example_sensors.py
[2025-06-16T19:08:43.426+0200] {processor.py:753} INFO - DAG(s) dict_keys(['example_sensors']) retrieved from /home/monica.fernandez/practica_creativa/venv-airflow/lib/python3.11/site-packages/airflow/example_dags/example_sensors.py
[2025-06-16T19:08:43.462+0200] {logging_mixin.py:137} INFO - [2025-06-16T19:08:43.462+0200] {dag.py:2690} INFO - Sync 1 DAGs
[2025-06-16T19:08:43.492+0200] {logging_mixin.py:137} INFO - [2025-06-16T19:08:43.492+0200] {dag.py:3437} INFO - Setting next_dagrun for example_sensors to None, run_after=None
[2025-06-16T19:08:43.658+0200] {processor.py:175} INFO - Processing /home/monica.fernandez/practica_creativa/venv-airflow/lib/python3.11/site-packages/airflow/example_dags/example_sensors.py took 0.276 seconds
[2025-06-16T19:09:34.962+0200] {processor.py:153} INFO - Started process (PID=231105) to work on /home/monica.fernandez/practica_creativa/venv-airflow/lib/python3.11/site-packages/airflow/example_dags/example_sensors.py
[2025-06-16T19:09:34.964+0200] {processor.py:743} INFO - Processing file /home/monica.fernandez/practica_creativa/venv-airflow/lib/python3.11/site-packages/airflow/example_dags/example_sensors.py for tasks to queue
[2025-06-16T19:09:34.966+0200] {logging_mixin.py:137} INFO - [2025-06-16T19:09:34.965+0200] {dagbag.py:538} INFO - Filling up the DagBag from /home/monica.fernandez/practica_creativa/venv-airflow/lib/python3.11/site-packages/airflow/example_dags/example_sensors.py
[2025-06-16T19:09:34.991+0200] {processor.py:753} INFO - DAG(s) dict_keys(['example_sensors']) retrieved from /home/monica.fernandez/practica_creativa/venv-airflow/lib/python3.11/site-packages/airflow/example_dags/example_sensors.py
[2025-06-16T19:09:35.020+0200] {logging_mixin.py:137} INFO - [2025-06-16T19:09:35.020+0200] {dag.py:2690} INFO - Sync 1 DAGs
[2025-06-16T19:09:35.147+0200] {logging_mixin.py:137} INFO - [2025-06-16T19:09:35.147+0200] {dag.py:3437} INFO - Setting next_dagrun for example_sensors to None, run_after=None
[2025-06-16T19:09:35.200+0200] {processor.py:175} INFO - Processing /home/monica.fernandez/practica_creativa/venv-airflow/lib/python3.11/site-packages/airflow/example_dags/example_sensors.py took 0.247 seconds
[2025-06-16T19:10:29.557+0200] {processor.py:153} INFO - Started process (PID=231877) to work on /home/monica.fernandez/practica_creativa/venv-airflow/lib/python3.11/site-packages/airflow/example_dags/example_sensors.py
[2025-06-16T19:10:29.558+0200] {processor.py:743} INFO - Processing file /home/monica.fernandez/practica_creativa/venv-airflow/lib/python3.11/site-packages/airflow/example_dags/example_sensors.py for tasks to queue
[2025-06-16T19:10:29.559+0200] {logging_mixin.py:137} INFO - [2025-06-16T19:10:29.559+0200] {dagbag.py:538} INFO - Filling up the DagBag from /home/monica.fernandez/practica_creativa/venv-airflow/lib/python3.11/site-packages/airflow/example_dags/example_sensors.py
[2025-06-16T19:10:29.587+0200] {processor.py:753} INFO - DAG(s) dict_keys(['example_sensors']) retrieved from /home/monica.fernandez/practica_creativa/venv-airflow/lib/python3.11/site-packages/airflow/example_dags/example_sensors.py
[2025-06-16T19:10:29.722+0200] {logging_mixin.py:137} INFO - [2025-06-16T19:10:29.722+0200] {dag.py:2690} INFO - Sync 1 DAGs
[2025-06-16T19:10:29.743+0200] {logging_mixin.py:137} INFO - [2025-06-16T19:10:29.743+0200] {dag.py:3437} INFO - Setting next_dagrun for example_sensors to None, run_after=None
[2025-06-16T19:10:29.785+0200] {processor.py:175} INFO - Processing /home/monica.fernandez/practica_creativa/venv-airflow/lib/python3.11/site-packages/airflow/example_dags/example_sensors.py took 0.235 seconds
[2025-06-16T19:11:16.422+0200] {processor.py:153} INFO - Started process (PID=232804) to work on /home/monica.fernandez/practica_creativa/venv-airflow/lib/python3.11/site-packages/airflow/example_dags/example_sensors.py
[2025-06-16T19:11:16.423+0200] {processor.py:743} INFO - Processing file /home/monica.fernandez/practica_creativa/venv-airflow/lib/python3.11/site-packages/airflow/example_dags/example_sensors.py for tasks to queue
[2025-06-16T19:11:16.424+0200] {logging_mixin.py:137} INFO - [2025-06-16T19:11:16.423+0200] {dagbag.py:538} INFO - Filling up the DagBag from /home/monica.fernandez/practica_creativa/venv-airflow/lib/python3.11/site-packages/airflow/example_dags/example_sensors.py
[2025-06-16T19:11:16.446+0200] {processor.py:753} INFO - DAG(s) dict_keys(['example_sensors']) retrieved from /home/monica.fernandez/practica_creativa/venv-airflow/lib/python3.11/site-packages/airflow/example_dags/example_sensors.py
[2025-06-16T19:11:16.589+0200] {logging_mixin.py:137} INFO - [2025-06-16T19:11:16.589+0200] {dag.py:2690} INFO - Sync 1 DAGs
[2025-06-16T19:11:16.613+0200] {logging_mixin.py:137} INFO - [2025-06-16T19:11:16.612+0200] {dag.py:3437} INFO - Setting next_dagrun for example_sensors to None, run_after=None
[2025-06-16T19:11:16.657+0200] {processor.py:175} INFO - Processing /home/monica.fernandez/practica_creativa/venv-airflow/lib/python3.11/site-packages/airflow/example_dags/example_sensors.py took 0.238 seconds
[2025-06-16T19:12:53.123+0200] {processor.py:153} INFO - Started process (PID=234821) to work on /home/monica.fernandez/practica_creativa/venv-airflow/lib/python3.11/site-packages/airflow/example_dags/example_sensors.py
[2025-06-16T19:12:53.124+0200] {processor.py:743} INFO - Processing file /home/monica.fernandez/practica_creativa/venv-airflow/lib/python3.11/site-packages/airflow/example_dags/example_sensors.py for tasks to queue
[2025-06-16T19:12:53.124+0200] {logging_mixin.py:137} INFO - [2025-06-16T19:12:53.124+0200] {dagbag.py:538} INFO - Filling up the DagBag from /home/monica.fernandez/practica_creativa/venv-airflow/lib/python3.11/site-packages/airflow/example_dags/example_sensors.py
[2025-06-16T19:12:53.147+0200] {processor.py:753} INFO - DAG(s) dict_keys(['example_sensors']) retrieved from /home/monica.fernandez/practica_creativa/venv-airflow/lib/python3.11/site-packages/airflow/example_dags/example_sensors.py
[2025-06-16T19:12:53.173+0200] {logging_mixin.py:137} INFO - [2025-06-16T19:12:53.173+0200] {dag.py:2690} INFO - Sync 1 DAGs
[2025-06-16T19:12:53.197+0200] {logging_mixin.py:137} INFO - [2025-06-16T19:12:53.197+0200] {dag.py:3437} INFO - Setting next_dagrun for example_sensors to None, run_after=None
[2025-06-16T19:12:53.249+0200] {processor.py:175} INFO - Processing /home/monica.fernandez/practica_creativa/venv-airflow/lib/python3.11/site-packages/airflow/example_dags/example_sensors.py took 0.128 seconds
