[2025-06-13T17:36:11.764+0200] {taskinstance.py:1083} INFO - Dependencies all met for <TaskInstance: agile_data_science_batch_prediction_model_training.pyspark_train_classifier_model manual__2025-06-13T15:19:59.431431+00:00 [queued]>
[2025-06-13T17:36:11.802+0200] {taskinstance.py:1083} INFO - Dependencies all met for <TaskInstance: agile_data_science_batch_prediction_model_training.pyspark_train_classifier_model manual__2025-06-13T15:19:59.431431+00:00 [queued]>
[2025-06-13T17:36:11.803+0200] {taskinstance.py:1279} INFO - 
--------------------------------------------------------------------------------
[2025-06-13T17:36:11.803+0200] {taskinstance.py:1280} INFO - Starting attempt 4 of 4
[2025-06-13T17:36:11.803+0200] {taskinstance.py:1281} INFO - 
--------------------------------------------------------------------------------
[2025-06-13T17:36:11.846+0200] {taskinstance.py:1300} INFO - Executing <Task(BashOperator): pyspark_train_classifier_model> on 2025-06-13 15:19:59.431431+00:00
[2025-06-13T17:36:11.850+0200] {standard_task_runner.py:55} INFO - Started process 46751 to run task
[2025-06-13T17:36:11.860+0200] {standard_task_runner.py:82} INFO - Running: ['airflow', 'tasks', 'run', 'agile_data_science_batch_prediction_model_training', 'pyspark_train_classifier_model', 'manual__2025-06-13T15:19:59.431431+00:00', '--job-id', '61', '--raw', '--subdir', 'DAGS_FOLDER/setup.py', '--cfg-path', '/tmp/tmp8np5eeyn']
[2025-06-13T17:36:11.863+0200] {standard_task_runner.py:83} INFO - Job 61: Subtask pyspark_train_classifier_model
[2025-06-13T17:36:12.012+0200] {task_command.py:388} INFO - Running <TaskInstance: agile_data_science_batch_prediction_model_training.pyspark_train_classifier_model manual__2025-06-13T15:19:59.431431+00:00 [running]> on host l089.lab.dit.upm.es
[2025-06-13T17:36:12.188+0200] {taskinstance.py:1507} INFO - Exporting the following env vars:
AIRFLOW_CTX_DAG_OWNER=airflow
AIRFLOW_CTX_DAG_ID=agile_data_science_batch_prediction_model_training
AIRFLOW_CTX_TASK_ID=pyspark_train_classifier_model
AIRFLOW_CTX_EXECUTION_DATE=2025-06-13T15:19:59.431431+00:00
AIRFLOW_CTX_TRY_NUMBER=4
AIRFLOW_CTX_DAG_RUN_ID=manual__2025-06-13T15:19:59.431431+00:00
[2025-06-13T17:36:12.190+0200] {subprocess.py:63} INFO - Tmp dir root location: 
 /tmp
[2025-06-13T17:36:12.192+0200] {subprocess.py:75} INFO - Running command: ['/usr/bin/bash', '-c', '\nspark-submit --master local[4]   /home/monica.fernandez/practica_creativa//resources/train_spark_mllib_model.py   /home/monica.fernandez/practica_creativa/']
[2025-06-13T17:36:12.207+0200] {subprocess.py:86} INFO - Output:
[2025-06-13T17:36:16.539+0200] {subprocess.py:93} INFO - 25/06/13 17:36:16 WARN Utils: Your hostname, l089 resolves to a loopback address: 127.0.1.1; using 138.4.31.89 instead (on interface enp3s0)
[2025-06-13T17:36:16.549+0200] {subprocess.py:93} INFO - 25/06/13 17:36:16 WARN Utils: Set SPARK_LOCAL_IP if you need to bind to another address
[2025-06-13T17:36:24.375+0200] {subprocess.py:93} INFO - 25/06/13 17:36:24 INFO SparkContext: Running Spark version 3.5.3
[2025-06-13T17:36:24.380+0200] {subprocess.py:93} INFO - 25/06/13 17:36:24 INFO SparkContext: OS info Linux, 6.1.0-32-amd64, amd64
[2025-06-13T17:36:24.380+0200] {subprocess.py:93} INFO - 25/06/13 17:36:24 INFO SparkContext: Java version 17.0.14
[2025-06-13T17:36:24.576+0200] {subprocess.py:93} INFO - 25/06/13 17:36:24 WARN NativeCodeLoader: Unable to load native-hadoop library for your platform... using builtin-java classes where applicable
[2025-06-13T17:36:24.894+0200] {subprocess.py:93} INFO - 25/06/13 17:36:24 INFO ResourceUtils: ==============================================================
[2025-06-13T17:36:24.895+0200] {subprocess.py:93} INFO - 25/06/13 17:36:24 INFO ResourceUtils: No custom resources configured for spark.driver.
[2025-06-13T17:36:24.896+0200] {subprocess.py:93} INFO - 25/06/13 17:36:24 INFO ResourceUtils: ==============================================================
[2025-06-13T17:36:24.903+0200] {subprocess.py:93} INFO - 25/06/13 17:36:24 INFO SparkContext: Submitted application: train_spark_mllib_model.py
[2025-06-13T17:36:24.968+0200] {subprocess.py:93} INFO - 25/06/13 17:36:24 INFO ResourceProfile: Default ResourceProfile created, executor resources: Map(cores -> name: cores, amount: 1, script: , vendor: , memory -> name: memory, amount: 1024, script: , vendor: , offHeap -> name: offHeap, amount: 0, script: , vendor: ), task resources: Map(cpus -> name: cpus, amount: 1.0)
[2025-06-13T17:36:24.984+0200] {subprocess.py:93} INFO - 25/06/13 17:36:24 INFO ResourceProfile: Limiting resource is cpu
[2025-06-13T17:36:24.986+0200] {subprocess.py:93} INFO - 25/06/13 17:36:24 INFO ResourceProfileManager: Added ResourceProfile id: 0
[2025-06-13T17:36:25.074+0200] {subprocess.py:93} INFO - 25/06/13 17:36:25 INFO SecurityManager: Changing view acls to: monica.fernandez
[2025-06-13T17:36:25.075+0200] {subprocess.py:93} INFO - 25/06/13 17:36:25 INFO SecurityManager: Changing modify acls to: monica.fernandez
[2025-06-13T17:36:25.077+0200] {subprocess.py:93} INFO - 25/06/13 17:36:25 INFO SecurityManager: Changing view acls groups to:
[2025-06-13T17:36:25.078+0200] {subprocess.py:93} INFO - 25/06/13 17:36:25 INFO SecurityManager: Changing modify acls groups to:
[2025-06-13T17:36:25.079+0200] {subprocess.py:93} INFO - 25/06/13 17:36:25 INFO SecurityManager: SecurityManager: authentication disabled; ui acls disabled; users with view permissions: monica.fernandez; groups with view permissions: EMPTY; users with modify permissions: monica.fernandez; groups with modify permissions: EMPTY
[2025-06-13T17:36:26.012+0200] {subprocess.py:93} INFO - 25/06/13 17:36:26 INFO Utils: Successfully started service 'sparkDriver' on port 41415.
[2025-06-13T17:36:26.162+0200] {subprocess.py:93} INFO - 25/06/13 17:36:26 INFO SparkEnv: Registering MapOutputTracker
[2025-06-13T17:36:26.259+0200] {subprocess.py:93} INFO - 25/06/13 17:36:26 INFO SparkEnv: Registering BlockManagerMaster
[2025-06-13T17:36:26.313+0200] {subprocess.py:93} INFO - 25/06/13 17:36:26 INFO BlockManagerMasterEndpoint: Using org.apache.spark.storage.DefaultTopologyMapper for getting topology information
[2025-06-13T17:36:26.313+0200] {subprocess.py:93} INFO - 25/06/13 17:36:26 INFO BlockManagerMasterEndpoint: BlockManagerMasterEndpoint up
[2025-06-13T17:36:26.335+0200] {subprocess.py:93} INFO - 25/06/13 17:36:26 INFO SparkEnv: Registering BlockManagerMasterHeartbeat
[2025-06-13T17:36:26.381+0200] {subprocess.py:93} INFO - 25/06/13 17:36:26 INFO DiskBlockManager: Created local directory at /tmp/blockmgr-e067755a-377a-47f7-9e5b-2ea2fad87c8d
[2025-06-13T17:36:26.439+0200] {subprocess.py:93} INFO - 25/06/13 17:36:26 INFO MemoryStore: MemoryStore started with capacity 434.4 MiB
[2025-06-13T17:36:26.514+0200] {subprocess.py:93} INFO - 25/06/13 17:36:26 INFO SparkEnv: Registering OutputCommitCoordinator
[2025-06-13T17:36:26.731+0200] {subprocess.py:93} INFO - 25/06/13 17:36:26 INFO JettyUtils: Start Jetty 0.0.0.0:4040 for SparkUI
[2025-06-13T17:36:26.917+0200] {subprocess.py:93} INFO - 25/06/13 17:36:26 WARN Utils: Service 'SparkUI' could not bind on port 4040. Attempting port 4041.
[2025-06-13T17:36:26.935+0200] {subprocess.py:93} INFO - 25/06/13 17:36:26 INFO Utils: Successfully started service 'SparkUI' on port 4041.
[2025-06-13T17:36:27.206+0200] {subprocess.py:93} INFO - 25/06/13 17:36:27 INFO Executor: Starting executor ID driver on host 138.4.31.89
[2025-06-13T17:36:27.208+0200] {subprocess.py:93} INFO - 25/06/13 17:36:27 INFO Executor: OS info Linux, 6.1.0-32-amd64, amd64
[2025-06-13T17:36:27.210+0200] {subprocess.py:93} INFO - 25/06/13 17:36:27 INFO Executor: Java version 17.0.14
[2025-06-13T17:36:27.257+0200] {subprocess.py:93} INFO - 25/06/13 17:36:27 INFO Executor: Starting executor with user classpath (userClassPathFirst = false): ''
[2025-06-13T17:36:27.258+0200] {subprocess.py:93} INFO - 25/06/13 17:36:27 INFO Executor: Created or updated repl class loader org.apache.spark.util.MutableURLClassLoader@19423ac5 for default.
[2025-06-13T17:36:27.339+0200] {subprocess.py:93} INFO - 25/06/13 17:36:27 INFO Utils: Successfully started service 'org.apache.spark.network.netty.NettyBlockTransferService' on port 39467.
[2025-06-13T17:36:27.339+0200] {subprocess.py:93} INFO - 25/06/13 17:36:27 INFO NettyBlockTransferService: Server created on 138.4.31.89:39467
[2025-06-13T17:36:27.341+0200] {subprocess.py:93} INFO - 25/06/13 17:36:27 INFO BlockManager: Using org.apache.spark.storage.RandomBlockReplicationPolicy for block replication policy
[2025-06-13T17:36:27.347+0200] {subprocess.py:93} INFO - 25/06/13 17:36:27 INFO BlockManagerMaster: Registering BlockManager BlockManagerId(driver, 138.4.31.89, 39467, None)
[2025-06-13T17:36:27.357+0200] {subprocess.py:93} INFO - 25/06/13 17:36:27 INFO BlockManagerMasterEndpoint: Registering block manager 138.4.31.89:39467 with 434.4 MiB RAM, BlockManagerId(driver, 138.4.31.89, 39467, None)
[2025-06-13T17:36:27.360+0200] {subprocess.py:93} INFO - 25/06/13 17:36:27 INFO BlockManagerMaster: Registered BlockManager BlockManagerId(driver, 138.4.31.89, 39467, None)
[2025-06-13T17:36:27.363+0200] {subprocess.py:93} INFO - 25/06/13 17:36:27 INFO BlockManager: Initialized BlockManager: BlockManagerId(driver, 138.4.31.89, 39467, None)
[2025-06-13T17:36:28.394+0200] {subprocess.py:93} INFO - 25/06/13 17:36:28 INFO SharedState: Setting hive.metastore.warehouse.dir ('null') to the value of spark.sql.warehouse.dir.
[2025-06-13T17:36:28.423+0200] {subprocess.py:93} INFO - 25/06/13 17:36:28 INFO SharedState: Warehouse path is 'file:/tmp/airflowtmpvwarci62/spark-warehouse'.
[2025-06-13T17:36:31.813+0200] {subprocess.py:93} INFO - MLflow Run ID: 69a49855705c4e5d809903087f974d5d, Experiment ID: 0
[2025-06-13T17:36:31.813+0200] {subprocess.py:93} INFO - MLflow Tracking URI: file:///tmp/airflowtmpvwarci62/mlruns
[2025-06-13T17:36:33.125+0200] {subprocess.py:93} INFO - Traceback (most recent call last):
[2025-06-13T17:36:33.126+0200] {subprocess.py:93} INFO -   File "/home/monica.fernandez/practica_creativa/resources/train_spark_mllib_model.py", line 411, in <module>
[2025-06-13T17:36:33.127+0200] {subprocess.py:93} INFO -     main(sys.argv[1])
[2025-06-13T17:36:33.127+0200] {subprocess.py:93} INFO -   File "/home/monica.fernandez/practica_creativa/resources/train_spark_mllib_model.py", line 111, in main
[2025-06-13T17:36:33.128+0200] {subprocess.py:93} INFO -     features = spark.read.json(input_path, schema=schema)
[2025-06-13T17:36:33.128+0200] {subprocess.py:93} INFO -                ^^^^^^^^^^^^^^^^^^^^^^^^^^^^^^^^^^^^^^^^^^
[2025-06-13T17:36:33.128+0200] {subprocess.py:93} INFO -   File "/home/monica.fernandez/.sdkman/candidates/spark/current/python/lib/pyspark.zip/pyspark/sql/readwriter.py", line 425, in json
[2025-06-13T17:36:33.129+0200] {subprocess.py:93} INFO -   File "/home/monica.fernandez/.sdkman/candidates/spark/current/python/lib/py4j-0.10.9.7-src.zip/py4j/java_gateway.py", line 1322, in __call__
[2025-06-13T17:36:33.129+0200] {subprocess.py:93} INFO -   File "/home/monica.fernandez/.sdkman/candidates/spark/current/python/lib/pyspark.zip/pyspark/errors/exceptions/captured.py", line 185, in deco
[2025-06-13T17:36:33.166+0200] {subprocess.py:93} INFO - pyspark.errors.exceptions.captured.AnalysisException: [PATH_NOT_FOUND] Path does not exist: file:/home/monica.fernandez/data/simple_flight_delay_features.jsonl.bz2.
[2025-06-13T17:36:33.666+0200] {subprocess.py:93} INFO - 25/06/13 17:36:33 INFO SparkContext: Invoking stop() from shutdown hook
[2025-06-13T17:36:33.667+0200] {subprocess.py:93} INFO - 25/06/13 17:36:33 INFO SparkContext: SparkContext is stopping with exitCode 0.
[2025-06-13T17:36:33.680+0200] {subprocess.py:93} INFO - 25/06/13 17:36:33 INFO SparkUI: Stopped Spark web UI at http://138.4.31.89:4041
[2025-06-13T17:36:33.724+0200] {subprocess.py:93} INFO - 25/06/13 17:36:33 INFO MapOutputTrackerMasterEndpoint: MapOutputTrackerMasterEndpoint stopped!
[2025-06-13T17:36:33.761+0200] {subprocess.py:93} INFO - 25/06/13 17:36:33 INFO MemoryStore: MemoryStore cleared
[2025-06-13T17:36:33.761+0200] {subprocess.py:93} INFO - 25/06/13 17:36:33 INFO BlockManager: BlockManager stopped
[2025-06-13T17:36:33.770+0200] {subprocess.py:93} INFO - 25/06/13 17:36:33 INFO BlockManagerMaster: BlockManagerMaster stopped
[2025-06-13T17:36:33.775+0200] {subprocess.py:93} INFO - 25/06/13 17:36:33 INFO OutputCommitCoordinator$OutputCommitCoordinatorEndpoint: OutputCommitCoordinator stopped!
[2025-06-13T17:36:33.797+0200] {subprocess.py:93} INFO - 25/06/13 17:36:33 INFO SparkContext: Successfully stopped SparkContext
[2025-06-13T17:36:33.797+0200] {subprocess.py:93} INFO - 25/06/13 17:36:33 INFO ShutdownHookManager: Shutdown hook called
[2025-06-13T17:36:33.798+0200] {subprocess.py:93} INFO - 25/06/13 17:36:33 INFO ShutdownHookManager: Deleting directory /tmp/spark-6d236850-e8f6-4c99-aeb8-b78aaaeb5cda/pyspark-b9d95493-a967-413a-95cf-9b936e418c08
[2025-06-13T17:36:33.805+0200] {subprocess.py:93} INFO - 25/06/13 17:36:33 INFO ShutdownHookManager: Deleting directory /tmp/spark-6d236850-e8f6-4c99-aeb8-b78aaaeb5cda
[2025-06-13T17:36:33.815+0200] {subprocess.py:93} INFO - 25/06/13 17:36:33 INFO ShutdownHookManager: Deleting directory /tmp/spark-fa28e23f-fa53-4f0f-87e3-c7101887ac31
[2025-06-13T17:36:33.896+0200] {subprocess.py:97} INFO - Command exited with return code 1
[2025-06-13T17:36:33.945+0200] {taskinstance.py:1768} ERROR - Task failed with exception
Traceback (most recent call last):
  File "/home/monica.fernandez/practica_creativa/venv-airflow/lib/python3.11/site-packages/airflow/operators/bash.py", line 196, in execute
    raise AirflowException(
airflow.exceptions.AirflowException: Bash command failed. The command returned a non-zero exit code 1.
[2025-06-13T17:36:33.966+0200] {taskinstance.py:1318} INFO - Marking task as FAILED. dag_id=agile_data_science_batch_prediction_model_training, task_id=pyspark_train_classifier_model, execution_date=20250613T151959, start_date=20250613T153611, end_date=20250613T153633
[2025-06-13T17:36:33.998+0200] {standard_task_runner.py:100} ERROR - Failed to execute job 61 for task pyspark_train_classifier_model (Bash command failed. The command returned a non-zero exit code 1.; 46751)
[2025-06-13T17:36:34.036+0200] {local_task_job.py:208} INFO - Task exited with return code 1
[2025-06-13T17:36:34.059+0200] {taskinstance.py:2578} INFO - 0 downstream tasks scheduled from follow-on schedule check
