[2025-06-13T17:25:28.660+0200] {taskinstance.py:1083} INFO - Dependencies all met for <TaskInstance: agile_data_science_batch_prediction_model_training.pyspark_train_classifier_model manual__2025-06-13T15:19:59.431431+00:00 [queued]>
[2025-06-13T17:25:28.682+0200] {taskinstance.py:1083} INFO - Dependencies all met for <TaskInstance: agile_data_science_batch_prediction_model_training.pyspark_train_classifier_model manual__2025-06-13T15:19:59.431431+00:00 [queued]>
[2025-06-13T17:25:28.682+0200] {taskinstance.py:1279} INFO - 
--------------------------------------------------------------------------------
[2025-06-13T17:25:28.682+0200] {taskinstance.py:1280} INFO - Starting attempt 2 of 4
[2025-06-13T17:25:28.682+0200] {taskinstance.py:1281} INFO - 
--------------------------------------------------------------------------------
[2025-06-13T17:25:28.712+0200] {taskinstance.py:1300} INFO - Executing <Task(BashOperator): pyspark_train_classifier_model> on 2025-06-13 15:19:59.431431+00:00
[2025-06-13T17:25:28.719+0200] {standard_task_runner.py:55} INFO - Started process 40464 to run task
[2025-06-13T17:25:28.725+0200] {standard_task_runner.py:82} INFO - Running: ['airflow', 'tasks', 'run', 'agile_data_science_batch_prediction_model_training', 'pyspark_train_classifier_model', 'manual__2025-06-13T15:19:59.431431+00:00', '--job-id', '57', '--raw', '--subdir', 'DAGS_FOLDER/setup.py', '--cfg-path', '/tmp/tmp4bdzrvzj']
[2025-06-13T17:25:28.726+0200] {standard_task_runner.py:83} INFO - Job 57: Subtask pyspark_train_classifier_model
[2025-06-13T17:25:28.848+0200] {task_command.py:388} INFO - Running <TaskInstance: agile_data_science_batch_prediction_model_training.pyspark_train_classifier_model manual__2025-06-13T15:19:59.431431+00:00 [running]> on host l089.lab.dit.upm.es
[2025-06-13T17:25:28.938+0200] {taskinstance.py:1507} INFO - Exporting the following env vars:
AIRFLOW_CTX_DAG_OWNER=airflow
AIRFLOW_CTX_DAG_ID=agile_data_science_batch_prediction_model_training
AIRFLOW_CTX_TASK_ID=pyspark_train_classifier_model
AIRFLOW_CTX_EXECUTION_DATE=2025-06-13T15:19:59.431431+00:00
AIRFLOW_CTX_TRY_NUMBER=2
AIRFLOW_CTX_DAG_RUN_ID=manual__2025-06-13T15:19:59.431431+00:00
[2025-06-13T17:25:28.940+0200] {subprocess.py:63} INFO - Tmp dir root location: 
 /tmp
[2025-06-13T17:25:28.941+0200] {subprocess.py:75} INFO - Running command: ['/usr/bin/bash', '-c', '\nspark-submit --master local[4]   /home/monica.fernandez/practica_creativa//resources/train_spark_mllib_model.py   /home/monica.fernandez/practica_creativa/']
[2025-06-13T17:25:28.949+0200] {subprocess.py:86} INFO - Output:
[2025-06-13T17:25:32.016+0200] {subprocess.py:93} INFO - 25/06/13 17:25:32 WARN Utils: Your hostname, l089 resolves to a loopback address: 127.0.1.1; using 138.4.31.89 instead (on interface enp3s0)
[2025-06-13T17:25:32.026+0200] {subprocess.py:93} INFO - 25/06/13 17:25:32 WARN Utils: Set SPARK_LOCAL_IP if you need to bind to another address
[2025-06-13T17:25:37.085+0200] {subprocess.py:93} INFO - 25/06/13 17:25:37 INFO SparkContext: Running Spark version 3.5.3
[2025-06-13T17:25:37.090+0200] {subprocess.py:93} INFO - 25/06/13 17:25:37 INFO SparkContext: OS info Linux, 6.1.0-32-amd64, amd64
[2025-06-13T17:25:37.091+0200] {subprocess.py:93} INFO - 25/06/13 17:25:37 INFO SparkContext: Java version 17.0.14
[2025-06-13T17:25:37.206+0200] {subprocess.py:93} INFO - 25/06/13 17:25:37 WARN NativeCodeLoader: Unable to load native-hadoop library for your platform... using builtin-java classes where applicable
[2025-06-13T17:25:37.451+0200] {subprocess.py:93} INFO - 25/06/13 17:25:37 INFO ResourceUtils: ==============================================================
[2025-06-13T17:25:37.451+0200] {subprocess.py:93} INFO - 25/06/13 17:25:37 INFO ResourceUtils: No custom resources configured for spark.driver.
[2025-06-13T17:25:37.452+0200] {subprocess.py:93} INFO - 25/06/13 17:25:37 INFO ResourceUtils: ==============================================================
[2025-06-13T17:25:37.453+0200] {subprocess.py:93} INFO - 25/06/13 17:25:37 INFO SparkContext: Submitted application: train_spark_mllib_model.py
[2025-06-13T17:25:37.523+0200] {subprocess.py:93} INFO - 25/06/13 17:25:37 INFO ResourceProfile: Default ResourceProfile created, executor resources: Map(cores -> name: cores, amount: 1, script: , vendor: , memory -> name: memory, amount: 1024, script: , vendor: , offHeap -> name: offHeap, amount: 0, script: , vendor: ), task resources: Map(cpus -> name: cpus, amount: 1.0)
[2025-06-13T17:25:37.539+0200] {subprocess.py:93} INFO - 25/06/13 17:25:37 INFO ResourceProfile: Limiting resource is cpu
[2025-06-13T17:25:37.542+0200] {subprocess.py:93} INFO - 25/06/13 17:25:37 INFO ResourceProfileManager: Added ResourceProfile id: 0
[2025-06-13T17:25:37.689+0200] {subprocess.py:93} INFO - 25/06/13 17:25:37 INFO SecurityManager: Changing view acls to: monica.fernandez
[2025-06-13T17:25:37.693+0200] {subprocess.py:93} INFO - 25/06/13 17:25:37 INFO SecurityManager: Changing modify acls to: monica.fernandez
[2025-06-13T17:25:37.694+0200] {subprocess.py:93} INFO - 25/06/13 17:25:37 INFO SecurityManager: Changing view acls groups to:
[2025-06-13T17:25:37.698+0200] {subprocess.py:93} INFO - 25/06/13 17:25:37 INFO SecurityManager: Changing modify acls groups to:
[2025-06-13T17:25:37.700+0200] {subprocess.py:93} INFO - 25/06/13 17:25:37 INFO SecurityManager: SecurityManager: authentication disabled; ui acls disabled; users with view permissions: monica.fernandez; groups with view permissions: EMPTY; users with modify permissions: monica.fernandez; groups with modify permissions: EMPTY
[2025-06-13T17:25:38.164+0200] {subprocess.py:93} INFO - 25/06/13 17:25:38 INFO Utils: Successfully started service 'sparkDriver' on port 40207.
[2025-06-13T17:25:38.206+0200] {subprocess.py:93} INFO - 25/06/13 17:25:38 INFO SparkEnv: Registering MapOutputTracker
[2025-06-13T17:25:38.328+0200] {subprocess.py:93} INFO - 25/06/13 17:25:38 INFO SparkEnv: Registering BlockManagerMaster
[2025-06-13T17:25:38.360+0200] {subprocess.py:93} INFO - 25/06/13 17:25:38 INFO BlockManagerMasterEndpoint: Using org.apache.spark.storage.DefaultTopologyMapper for getting topology information
[2025-06-13T17:25:38.363+0200] {subprocess.py:93} INFO - 25/06/13 17:25:38 INFO BlockManagerMasterEndpoint: BlockManagerMasterEndpoint up
[2025-06-13T17:25:38.371+0200] {subprocess.py:93} INFO - 25/06/13 17:25:38 INFO SparkEnv: Registering BlockManagerMasterHeartbeat
[2025-06-13T17:25:38.416+0200] {subprocess.py:93} INFO - 25/06/13 17:25:38 INFO DiskBlockManager: Created local directory at /tmp/blockmgr-118cc985-25a3-4de8-8dcc-ecf443a67a3c
[2025-06-13T17:25:38.454+0200] {subprocess.py:93} INFO - 25/06/13 17:25:38 INFO MemoryStore: MemoryStore started with capacity 434.4 MiB
[2025-06-13T17:25:38.503+0200] {subprocess.py:93} INFO - 25/06/13 17:25:38 INFO SparkEnv: Registering OutputCommitCoordinator
[2025-06-13T17:25:38.775+0200] {subprocess.py:93} INFO - 25/06/13 17:25:38 INFO JettyUtils: Start Jetty 0.0.0.0:4040 for SparkUI
[2025-06-13T17:25:38.922+0200] {subprocess.py:93} INFO - 25/06/13 17:25:38 WARN Utils: Service 'SparkUI' could not bind on port 4040. Attempting port 4041.
[2025-06-13T17:25:38.942+0200] {subprocess.py:93} INFO - 25/06/13 17:25:38 INFO Utils: Successfully started service 'SparkUI' on port 4041.
[2025-06-13T17:25:39.216+0200] {subprocess.py:93} INFO - 25/06/13 17:25:39 INFO Executor: Starting executor ID driver on host 138.4.31.89
[2025-06-13T17:25:39.216+0200] {subprocess.py:93} INFO - 25/06/13 17:25:39 INFO Executor: OS info Linux, 6.1.0-32-amd64, amd64
[2025-06-13T17:25:39.217+0200] {subprocess.py:93} INFO - 25/06/13 17:25:39 INFO Executor: Java version 17.0.14
[2025-06-13T17:25:39.227+0200] {subprocess.py:93} INFO - 25/06/13 17:25:39 INFO Executor: Starting executor with user classpath (userClassPathFirst = false): ''
[2025-06-13T17:25:39.228+0200] {subprocess.py:93} INFO - 25/06/13 17:25:39 INFO Executor: Created or updated repl class loader org.apache.spark.util.MutableURLClassLoader@19423ac5 for default.
[2025-06-13T17:25:39.275+0200] {subprocess.py:93} INFO - 25/06/13 17:25:39 INFO Utils: Successfully started service 'org.apache.spark.network.netty.NettyBlockTransferService' on port 41475.
[2025-06-13T17:25:39.275+0200] {subprocess.py:93} INFO - 25/06/13 17:25:39 INFO NettyBlockTransferService: Server created on 138.4.31.89:41475
[2025-06-13T17:25:39.280+0200] {subprocess.py:93} INFO - 25/06/13 17:25:39 INFO BlockManager: Using org.apache.spark.storage.RandomBlockReplicationPolicy for block replication policy
[2025-06-13T17:25:39.293+0200] {subprocess.py:93} INFO - 25/06/13 17:25:39 INFO BlockManagerMaster: Registering BlockManager BlockManagerId(driver, 138.4.31.89, 41475, None)
[2025-06-13T17:25:39.310+0200] {subprocess.py:93} INFO - 25/06/13 17:25:39 INFO BlockManagerMasterEndpoint: Registering block manager 138.4.31.89:41475 with 434.4 MiB RAM, BlockManagerId(driver, 138.4.31.89, 41475, None)
[2025-06-13T17:25:39.314+0200] {subprocess.py:93} INFO - 25/06/13 17:25:39 INFO BlockManagerMaster: Registered BlockManager BlockManagerId(driver, 138.4.31.89, 41475, None)
[2025-06-13T17:25:39.317+0200] {subprocess.py:93} INFO - 25/06/13 17:25:39 INFO BlockManager: Initialized BlockManager: BlockManagerId(driver, 138.4.31.89, 41475, None)
[2025-06-13T17:25:40.186+0200] {subprocess.py:93} INFO - 25/06/13 17:25:40 INFO SharedState: Setting hive.metastore.warehouse.dir ('null') to the value of spark.sql.warehouse.dir.
[2025-06-13T17:25:40.197+0200] {subprocess.py:93} INFO - 25/06/13 17:25:40 INFO SharedState: Warehouse path is 'file:/tmp/airflowtmptvo59og0/spark-warehouse'.
[2025-06-13T17:25:42.933+0200] {subprocess.py:93} INFO - MLflow Run ID: 84eb2386499d4fb4b6c89f61f8073044, Experiment ID: 0
[2025-06-13T17:25:42.933+0200] {subprocess.py:93} INFO - MLflow Tracking URI: file:///tmp/airflowtmptvo59og0/mlruns
[2025-06-13T17:25:44.056+0200] {subprocess.py:93} INFO - Traceback (most recent call last):
[2025-06-13T17:25:44.056+0200] {subprocess.py:93} INFO -   File "/home/monica.fernandez/practica_creativa/resources/train_spark_mllib_model.py", line 411, in <module>
[2025-06-13T17:25:44.056+0200] {subprocess.py:93} INFO -     main(sys.argv[1])
[2025-06-13T17:25:44.057+0200] {subprocess.py:93} INFO -   File "/home/monica.fernandez/practica_creativa/resources/train_spark_mllib_model.py", line 111, in main
[2025-06-13T17:25:44.057+0200] {subprocess.py:93} INFO -     features = spark.read.json(input_path, schema=schema)
[2025-06-13T17:25:44.057+0200] {subprocess.py:93} INFO -                ^^^^^^^^^^^^^^^^^^^^^^^^^^^^^^^^^^^^^^^^^^
[2025-06-13T17:25:44.057+0200] {subprocess.py:93} INFO -   File "/home/monica.fernandez/.sdkman/candidates/spark/current/python/lib/pyspark.zip/pyspark/sql/readwriter.py", line 425, in json
[2025-06-13T17:25:44.057+0200] {subprocess.py:93} INFO -   File "/home/monica.fernandez/.sdkman/candidates/spark/current/python/lib/py4j-0.10.9.7-src.zip/py4j/java_gateway.py", line 1322, in __call__
[2025-06-13T17:25:44.057+0200] {subprocess.py:93} INFO -   File "/home/monica.fernandez/.sdkman/candidates/spark/current/python/lib/pyspark.zip/pyspark/errors/exceptions/captured.py", line 185, in deco
[2025-06-13T17:25:44.089+0200] {subprocess.py:93} INFO - pyspark.errors.exceptions.captured.AnalysisException: [PATH_NOT_FOUND] Path does not exist: file:/home/monica.fernandez/data/simple_flight_delay_features.jsonl.bz2.
[2025-06-13T17:25:44.531+0200] {subprocess.py:93} INFO - 25/06/13 17:25:44 INFO SparkContext: Invoking stop() from shutdown hook
[2025-06-13T17:25:44.531+0200] {subprocess.py:93} INFO - 25/06/13 17:25:44 INFO SparkContext: SparkContext is stopping with exitCode 0.
[2025-06-13T17:25:44.543+0200] {subprocess.py:93} INFO - 25/06/13 17:25:44 INFO SparkUI: Stopped Spark web UI at http://138.4.31.89:4041
[2025-06-13T17:25:44.559+0200] {subprocess.py:93} INFO - 25/06/13 17:25:44 INFO MapOutputTrackerMasterEndpoint: MapOutputTrackerMasterEndpoint stopped!
[2025-06-13T17:25:44.578+0200] {subprocess.py:93} INFO - 25/06/13 17:25:44 INFO MemoryStore: MemoryStore cleared
[2025-06-13T17:25:44.578+0200] {subprocess.py:93} INFO - 25/06/13 17:25:44 INFO BlockManager: BlockManager stopped
[2025-06-13T17:25:44.585+0200] {subprocess.py:93} INFO - 25/06/13 17:25:44 INFO BlockManagerMaster: BlockManagerMaster stopped
[2025-06-13T17:25:44.593+0200] {subprocess.py:93} INFO - 25/06/13 17:25:44 INFO OutputCommitCoordinator$OutputCommitCoordinatorEndpoint: OutputCommitCoordinator stopped!
[2025-06-13T17:25:44.609+0200] {subprocess.py:93} INFO - 25/06/13 17:25:44 INFO SparkContext: Successfully stopped SparkContext
[2025-06-13T17:25:44.609+0200] {subprocess.py:93} INFO - 25/06/13 17:25:44 INFO ShutdownHookManager: Shutdown hook called
[2025-06-13T17:25:44.609+0200] {subprocess.py:93} INFO - 25/06/13 17:25:44 INFO ShutdownHookManager: Deleting directory /tmp/spark-01390065-382e-423f-a721-054dc9e3140d/pyspark-1a6c9992-45b0-43df-8064-03832d86afb0
[2025-06-13T17:25:44.616+0200] {subprocess.py:93} INFO - 25/06/13 17:25:44 INFO ShutdownHookManager: Deleting directory /tmp/spark-12acc5ed-0385-4dd9-912b-f41d84d2ede1
[2025-06-13T17:25:44.623+0200] {subprocess.py:93} INFO - 25/06/13 17:25:44 INFO ShutdownHookManager: Deleting directory /tmp/spark-01390065-382e-423f-a721-054dc9e3140d
[2025-06-13T17:25:44.704+0200] {subprocess.py:97} INFO - Command exited with return code 1
[2025-06-13T17:25:44.727+0200] {taskinstance.py:1768} ERROR - Task failed with exception
Traceback (most recent call last):
  File "/home/monica.fernandez/practica_creativa/venv-airflow/lib/python3.11/site-packages/airflow/operators/bash.py", line 196, in execute
    raise AirflowException(
airflow.exceptions.AirflowException: Bash command failed. The command returned a non-zero exit code 1.
[2025-06-13T17:25:44.735+0200] {taskinstance.py:1318} INFO - Marking task as UP_FOR_RETRY. dag_id=agile_data_science_batch_prediction_model_training, task_id=pyspark_train_classifier_model, execution_date=20250613T151959, start_date=20250613T152528, end_date=20250613T152544
[2025-06-13T17:25:44.779+0200] {standard_task_runner.py:100} ERROR - Failed to execute job 57 for task pyspark_train_classifier_model (Bash command failed. The command returned a non-zero exit code 1.; 40464)
[2025-06-13T17:25:44.790+0200] {local_task_job.py:208} INFO - Task exited with return code 1
[2025-06-13T17:25:44.813+0200] {taskinstance.py:2578} INFO - 0 downstream tasks scheduled from follow-on schedule check
