[2025-06-24T14:46:45.451+0200] {processor.py:153} INFO - Started process (PID=254370) to work on /home/monica.fernandez/practica_creativa/venv-airflow/lib/python3.11/site-packages/airflow/example_dags/subdags/subdag.py
[2025-06-24T14:46:45.452+0200] {processor.py:743} INFO - Processing file /home/monica.fernandez/practica_creativa/venv-airflow/lib/python3.11/site-packages/airflow/example_dags/subdags/subdag.py for tasks to queue
[2025-06-24T14:46:45.453+0200] {logging_mixin.py:137} INFO - [2025-06-24T14:46:45.453+0200] {dagbag.py:538} INFO - Filling up the DagBag from /home/monica.fernandez/practica_creativa/venv-airflow/lib/python3.11/site-packages/airflow/example_dags/subdags/subdag.py
[2025-06-24T14:46:45.458+0200] {processor.py:755} WARNING - No viable dags retrieved from /home/monica.fernandez/practica_creativa/venv-airflow/lib/python3.11/site-packages/airflow/example_dags/subdags/subdag.py
[2025-06-24T14:46:45.486+0200] {processor.py:175} INFO - Processing /home/monica.fernandez/practica_creativa/venv-airflow/lib/python3.11/site-packages/airflow/example_dags/subdags/subdag.py took 0.040 seconds
[2025-06-24T14:47:33.205+0200] {processor.py:153} INFO - Started process (PID=254807) to work on /home/monica.fernandez/practica_creativa/venv-airflow/lib/python3.11/site-packages/airflow/example_dags/subdags/subdag.py
[2025-06-24T14:47:33.206+0200] {processor.py:743} INFO - Processing file /home/monica.fernandez/practica_creativa/venv-airflow/lib/python3.11/site-packages/airflow/example_dags/subdags/subdag.py for tasks to queue
[2025-06-24T14:47:33.206+0200] {logging_mixin.py:137} INFO - [2025-06-24T14:47:33.206+0200] {dagbag.py:538} INFO - Filling up the DagBag from /home/monica.fernandez/practica_creativa/venv-airflow/lib/python3.11/site-packages/airflow/example_dags/subdags/subdag.py
[2025-06-24T14:47:33.210+0200] {processor.py:755} WARNING - No viable dags retrieved from /home/monica.fernandez/practica_creativa/venv-airflow/lib/python3.11/site-packages/airflow/example_dags/subdags/subdag.py
[2025-06-24T14:47:33.236+0200] {processor.py:175} INFO - Processing /home/monica.fernandez/practica_creativa/venv-airflow/lib/python3.11/site-packages/airflow/example_dags/subdags/subdag.py took 0.036 seconds
[2025-06-24T14:48:06.306+0200] {processor.py:153} INFO - Started process (PID=255079) to work on /home/monica.fernandez/practica_creativa/venv-airflow/lib/python3.11/site-packages/airflow/example_dags/subdags/subdag.py
[2025-06-24T14:48:06.307+0200] {processor.py:743} INFO - Processing file /home/monica.fernandez/practica_creativa/venv-airflow/lib/python3.11/site-packages/airflow/example_dags/subdags/subdag.py for tasks to queue
[2025-06-24T14:48:06.309+0200] {logging_mixin.py:137} INFO - [2025-06-24T14:48:06.308+0200] {dagbag.py:538} INFO - Filling up the DagBag from /home/monica.fernandez/practica_creativa/venv-airflow/lib/python3.11/site-packages/airflow/example_dags/subdags/subdag.py
[2025-06-24T14:48:06.313+0200] {processor.py:755} WARNING - No viable dags retrieved from /home/monica.fernandez/practica_creativa/venv-airflow/lib/python3.11/site-packages/airflow/example_dags/subdags/subdag.py
[2025-06-24T14:48:06.341+0200] {processor.py:175} INFO - Processing /home/monica.fernandez/practica_creativa/venv-airflow/lib/python3.11/site-packages/airflow/example_dags/subdags/subdag.py took 0.040 seconds
[2025-06-24T14:48:50.966+0200] {processor.py:153} INFO - Started process (PID=255378) to work on /home/monica.fernandez/practica_creativa/venv-airflow/lib/python3.11/site-packages/airflow/example_dags/subdags/subdag.py
[2025-06-24T14:48:50.967+0200] {processor.py:743} INFO - Processing file /home/monica.fernandez/practica_creativa/venv-airflow/lib/python3.11/site-packages/airflow/example_dags/subdags/subdag.py for tasks to queue
[2025-06-24T14:48:50.967+0200] {logging_mixin.py:137} INFO - [2025-06-24T14:48:50.967+0200] {dagbag.py:538} INFO - Filling up the DagBag from /home/monica.fernandez/practica_creativa/venv-airflow/lib/python3.11/site-packages/airflow/example_dags/subdags/subdag.py
[2025-06-24T14:48:50.970+0200] {processor.py:755} WARNING - No viable dags retrieved from /home/monica.fernandez/practica_creativa/venv-airflow/lib/python3.11/site-packages/airflow/example_dags/subdags/subdag.py
[2025-06-24T14:48:50.993+0200] {processor.py:175} INFO - Processing /home/monica.fernandez/practica_creativa/venv-airflow/lib/python3.11/site-packages/airflow/example_dags/subdags/subdag.py took 0.030 seconds
[2025-06-24T14:49:25.439+0200] {processor.py:153} INFO - Started process (PID=255743) to work on /home/monica.fernandez/practica_creativa/venv-airflow/lib/python3.11/site-packages/airflow/example_dags/subdags/subdag.py
[2025-06-24T14:49:25.440+0200] {processor.py:743} INFO - Processing file /home/monica.fernandez/practica_creativa/venv-airflow/lib/python3.11/site-packages/airflow/example_dags/subdags/subdag.py for tasks to queue
[2025-06-24T14:49:25.441+0200] {logging_mixin.py:137} INFO - [2025-06-24T14:49:25.441+0200] {dagbag.py:538} INFO - Filling up the DagBag from /home/monica.fernandez/practica_creativa/venv-airflow/lib/python3.11/site-packages/airflow/example_dags/subdags/subdag.py
[2025-06-24T14:49:25.448+0200] {processor.py:755} WARNING - No viable dags retrieved from /home/monica.fernandez/practica_creativa/venv-airflow/lib/python3.11/site-packages/airflow/example_dags/subdags/subdag.py
[2025-06-24T14:49:25.479+0200] {processor.py:175} INFO - Processing /home/monica.fernandez/practica_creativa/venv-airflow/lib/python3.11/site-packages/airflow/example_dags/subdags/subdag.py took 0.044 seconds
[2025-06-24T14:50:02.827+0200] {processor.py:153} INFO - Started process (PID=256036) to work on /home/monica.fernandez/practica_creativa/venv-airflow/lib/python3.11/site-packages/airflow/example_dags/subdags/subdag.py
[2025-06-24T14:50:02.829+0200] {processor.py:743} INFO - Processing file /home/monica.fernandez/practica_creativa/venv-airflow/lib/python3.11/site-packages/airflow/example_dags/subdags/subdag.py for tasks to queue
[2025-06-24T14:50:02.830+0200] {logging_mixin.py:137} INFO - [2025-06-24T14:50:02.829+0200] {dagbag.py:538} INFO - Filling up the DagBag from /home/monica.fernandez/practica_creativa/venv-airflow/lib/python3.11/site-packages/airflow/example_dags/subdags/subdag.py
[2025-06-24T14:50:02.834+0200] {processor.py:755} WARNING - No viable dags retrieved from /home/monica.fernandez/practica_creativa/venv-airflow/lib/python3.11/site-packages/airflow/example_dags/subdags/subdag.py
[2025-06-24T14:50:02.865+0200] {processor.py:175} INFO - Processing /home/monica.fernandez/practica_creativa/venv-airflow/lib/python3.11/site-packages/airflow/example_dags/subdags/subdag.py took 0.042 seconds
[2025-06-24T14:50:39.197+0200] {processor.py:153} INFO - Started process (PID=256619) to work on /home/monica.fernandez/practica_creativa/venv-airflow/lib/python3.11/site-packages/airflow/example_dags/subdags/subdag.py
[2025-06-24T14:50:39.198+0200] {processor.py:743} INFO - Processing file /home/monica.fernandez/practica_creativa/venv-airflow/lib/python3.11/site-packages/airflow/example_dags/subdags/subdag.py for tasks to queue
[2025-06-24T14:50:39.199+0200] {logging_mixin.py:137} INFO - [2025-06-24T14:50:39.199+0200] {dagbag.py:538} INFO - Filling up the DagBag from /home/monica.fernandez/practica_creativa/venv-airflow/lib/python3.11/site-packages/airflow/example_dags/subdags/subdag.py
[2025-06-24T14:50:39.204+0200] {processor.py:755} WARNING - No viable dags retrieved from /home/monica.fernandez/practica_creativa/venv-airflow/lib/python3.11/site-packages/airflow/example_dags/subdags/subdag.py
[2025-06-24T14:50:39.240+0200] {processor.py:175} INFO - Processing /home/monica.fernandez/practica_creativa/venv-airflow/lib/python3.11/site-packages/airflow/example_dags/subdags/subdag.py took 0.048 seconds
[2025-06-24T14:51:12.768+0200] {processor.py:153} INFO - Started process (PID=256894) to work on /home/monica.fernandez/practica_creativa/venv-airflow/lib/python3.11/site-packages/airflow/example_dags/subdags/subdag.py
[2025-06-24T14:51:12.770+0200] {processor.py:743} INFO - Processing file /home/monica.fernandez/practica_creativa/venv-airflow/lib/python3.11/site-packages/airflow/example_dags/subdags/subdag.py for tasks to queue
[2025-06-24T14:51:12.771+0200] {logging_mixin.py:137} INFO - [2025-06-24T14:51:12.770+0200] {dagbag.py:538} INFO - Filling up the DagBag from /home/monica.fernandez/practica_creativa/venv-airflow/lib/python3.11/site-packages/airflow/example_dags/subdags/subdag.py
[2025-06-24T14:51:12.776+0200] {processor.py:755} WARNING - No viable dags retrieved from /home/monica.fernandez/practica_creativa/venv-airflow/lib/python3.11/site-packages/airflow/example_dags/subdags/subdag.py
[2025-06-24T14:51:12.806+0200] {processor.py:175} INFO - Processing /home/monica.fernandez/practica_creativa/venv-airflow/lib/python3.11/site-packages/airflow/example_dags/subdags/subdag.py took 0.042 seconds
[2025-06-24T14:51:47.120+0200] {processor.py:153} INFO - Started process (PID=257154) to work on /home/monica.fernandez/practica_creativa/venv-airflow/lib/python3.11/site-packages/airflow/example_dags/subdags/subdag.py
[2025-06-24T14:51:47.122+0200] {processor.py:743} INFO - Processing file /home/monica.fernandez/practica_creativa/venv-airflow/lib/python3.11/site-packages/airflow/example_dags/subdags/subdag.py for tasks to queue
[2025-06-24T14:51:47.123+0200] {logging_mixin.py:137} INFO - [2025-06-24T14:51:47.122+0200] {dagbag.py:538} INFO - Filling up the DagBag from /home/monica.fernandez/practica_creativa/venv-airflow/lib/python3.11/site-packages/airflow/example_dags/subdags/subdag.py
[2025-06-24T14:51:47.127+0200] {processor.py:755} WARNING - No viable dags retrieved from /home/monica.fernandez/practica_creativa/venv-airflow/lib/python3.11/site-packages/airflow/example_dags/subdags/subdag.py
[2025-06-24T14:51:47.159+0200] {processor.py:175} INFO - Processing /home/monica.fernandez/practica_creativa/venv-airflow/lib/python3.11/site-packages/airflow/example_dags/subdags/subdag.py took 0.043 seconds
[2025-06-24T14:52:22.339+0200] {processor.py:153} INFO - Started process (PID=257460) to work on /home/monica.fernandez/practica_creativa/venv-airflow/lib/python3.11/site-packages/airflow/example_dags/subdags/subdag.py
[2025-06-24T14:52:22.340+0200] {processor.py:743} INFO - Processing file /home/monica.fernandez/practica_creativa/venv-airflow/lib/python3.11/site-packages/airflow/example_dags/subdags/subdag.py for tasks to queue
[2025-06-24T14:52:22.341+0200] {logging_mixin.py:137} INFO - [2025-06-24T14:52:22.340+0200] {dagbag.py:538} INFO - Filling up the DagBag from /home/monica.fernandez/practica_creativa/venv-airflow/lib/python3.11/site-packages/airflow/example_dags/subdags/subdag.py
[2025-06-24T14:52:22.344+0200] {processor.py:755} WARNING - No viable dags retrieved from /home/monica.fernandez/practica_creativa/venv-airflow/lib/python3.11/site-packages/airflow/example_dags/subdags/subdag.py
[2025-06-24T14:52:22.373+0200] {processor.py:175} INFO - Processing /home/monica.fernandez/practica_creativa/venv-airflow/lib/python3.11/site-packages/airflow/example_dags/subdags/subdag.py took 0.039 seconds
[2025-06-24T14:52:54.698+0200] {processor.py:153} INFO - Started process (PID=257753) to work on /home/monica.fernandez/practica_creativa/venv-airflow/lib/python3.11/site-packages/airflow/example_dags/subdags/subdag.py
[2025-06-24T14:52:54.698+0200] {processor.py:743} INFO - Processing file /home/monica.fernandez/practica_creativa/venv-airflow/lib/python3.11/site-packages/airflow/example_dags/subdags/subdag.py for tasks to queue
[2025-06-24T14:52:54.699+0200] {logging_mixin.py:137} INFO - [2025-06-24T14:52:54.699+0200] {dagbag.py:538} INFO - Filling up the DagBag from /home/monica.fernandez/practica_creativa/venv-airflow/lib/python3.11/site-packages/airflow/example_dags/subdags/subdag.py
[2025-06-24T14:52:54.701+0200] {processor.py:755} WARNING - No viable dags retrieved from /home/monica.fernandez/practica_creativa/venv-airflow/lib/python3.11/site-packages/airflow/example_dags/subdags/subdag.py
[2025-06-24T14:52:54.729+0200] {processor.py:175} INFO - Processing /home/monica.fernandez/practica_creativa/venv-airflow/lib/python3.11/site-packages/airflow/example_dags/subdags/subdag.py took 0.036 seconds
[2025-06-24T14:53:29.217+0200] {processor.py:153} INFO - Started process (PID=258033) to work on /home/monica.fernandez/practica_creativa/venv-airflow/lib/python3.11/site-packages/airflow/example_dags/subdags/subdag.py
[2025-06-24T14:53:29.219+0200] {processor.py:743} INFO - Processing file /home/monica.fernandez/practica_creativa/venv-airflow/lib/python3.11/site-packages/airflow/example_dags/subdags/subdag.py for tasks to queue
[2025-06-24T14:53:29.219+0200] {logging_mixin.py:137} INFO - [2025-06-24T14:53:29.219+0200] {dagbag.py:538} INFO - Filling up the DagBag from /home/monica.fernandez/practica_creativa/venv-airflow/lib/python3.11/site-packages/airflow/example_dags/subdags/subdag.py
[2025-06-24T14:53:29.224+0200] {processor.py:755} WARNING - No viable dags retrieved from /home/monica.fernandez/practica_creativa/venv-airflow/lib/python3.11/site-packages/airflow/example_dags/subdags/subdag.py
[2025-06-24T14:53:29.254+0200] {processor.py:175} INFO - Processing /home/monica.fernandez/practica_creativa/venv-airflow/lib/python3.11/site-packages/airflow/example_dags/subdags/subdag.py took 0.042 seconds
[2025-06-24T14:54:07.470+0200] {processor.py:153} INFO - Started process (PID=258326) to work on /home/monica.fernandez/practica_creativa/venv-airflow/lib/python3.11/site-packages/airflow/example_dags/subdags/subdag.py
[2025-06-24T14:54:07.471+0200] {processor.py:743} INFO - Processing file /home/monica.fernandez/practica_creativa/venv-airflow/lib/python3.11/site-packages/airflow/example_dags/subdags/subdag.py for tasks to queue
[2025-06-24T14:54:07.471+0200] {logging_mixin.py:137} INFO - [2025-06-24T14:54:07.471+0200] {dagbag.py:538} INFO - Filling up the DagBag from /home/monica.fernandez/practica_creativa/venv-airflow/lib/python3.11/site-packages/airflow/example_dags/subdags/subdag.py
[2025-06-24T14:54:07.475+0200] {processor.py:755} WARNING - No viable dags retrieved from /home/monica.fernandez/practica_creativa/venv-airflow/lib/python3.11/site-packages/airflow/example_dags/subdags/subdag.py
[2025-06-24T14:54:07.494+0200] {processor.py:175} INFO - Processing /home/monica.fernandez/practica_creativa/venv-airflow/lib/python3.11/site-packages/airflow/example_dags/subdags/subdag.py took 0.027 seconds
[2025-06-24T14:54:44.107+0200] {processor.py:153} INFO - Started process (PID=258596) to work on /home/monica.fernandez/practica_creativa/venv-airflow/lib/python3.11/site-packages/airflow/example_dags/subdags/subdag.py
[2025-06-24T14:54:44.107+0200] {processor.py:743} INFO - Processing file /home/monica.fernandez/practica_creativa/venv-airflow/lib/python3.11/site-packages/airflow/example_dags/subdags/subdag.py for tasks to queue
[2025-06-24T14:54:44.108+0200] {logging_mixin.py:137} INFO - [2025-06-24T14:54:44.108+0200] {dagbag.py:538} INFO - Filling up the DagBag from /home/monica.fernandez/practica_creativa/venv-airflow/lib/python3.11/site-packages/airflow/example_dags/subdags/subdag.py
[2025-06-24T14:54:44.112+0200] {processor.py:755} WARNING - No viable dags retrieved from /home/monica.fernandez/practica_creativa/venv-airflow/lib/python3.11/site-packages/airflow/example_dags/subdags/subdag.py
[2025-06-24T14:54:44.134+0200] {processor.py:175} INFO - Processing /home/monica.fernandez/practica_creativa/venv-airflow/lib/python3.11/site-packages/airflow/example_dags/subdags/subdag.py took 0.030 seconds
[2025-06-24T14:55:28.543+0200] {processor.py:153} INFO - Started process (PID=259002) to work on /home/monica.fernandez/practica_creativa/venv-airflow/lib/python3.11/site-packages/airflow/example_dags/subdags/subdag.py
[2025-06-24T14:55:28.544+0200] {processor.py:743} INFO - Processing file /home/monica.fernandez/practica_creativa/venv-airflow/lib/python3.11/site-packages/airflow/example_dags/subdags/subdag.py for tasks to queue
[2025-06-24T14:55:28.544+0200] {logging_mixin.py:137} INFO - [2025-06-24T14:55:28.544+0200] {dagbag.py:538} INFO - Filling up the DagBag from /home/monica.fernandez/practica_creativa/venv-airflow/lib/python3.11/site-packages/airflow/example_dags/subdags/subdag.py
[2025-06-24T14:55:28.547+0200] {processor.py:755} WARNING - No viable dags retrieved from /home/monica.fernandez/practica_creativa/venv-airflow/lib/python3.11/site-packages/airflow/example_dags/subdags/subdag.py
[2025-06-24T14:55:28.573+0200] {processor.py:175} INFO - Processing /home/monica.fernandez/practica_creativa/venv-airflow/lib/python3.11/site-packages/airflow/example_dags/subdags/subdag.py took 0.033 seconds
