[2025-07-14T12:33:43.273+0200] {processor.py:153} INFO - Started process (PID=26971) to work on /home/monica.fernandez/practica_creativa/venv-airflow/lib/python3.11/site-packages/airflow/example_dags/example_datasets.py
[2025-07-14T12:33:43.274+0200] {processor.py:743} INFO - Processing file /home/monica.fernandez/practica_creativa/venv-airflow/lib/python3.11/site-packages/airflow/example_dags/example_datasets.py for tasks to queue
[2025-07-14T12:33:43.274+0200] {logging_mixin.py:137} INFO - [2025-07-14T12:33:43.274+0200] {dagbag.py:538} INFO - Filling up the DagBag from /home/monica.fernandez/practica_creativa/venv-airflow/lib/python3.11/site-packages/airflow/example_dags/example_datasets.py
[2025-07-14T12:33:43.289+0200] {processor.py:753} INFO - DAG(s) dict_keys(['dataset_consumes_1_and_2', 'dataset_consumes_1_never_scheduled', 'dataset_consumes_1', 'dataset_produces_2', 'dataset_produces_1', 'dataset_consumes_unknown_never_scheduled']) retrieved from /home/monica.fernandez/practica_creativa/venv-airflow/lib/python3.11/site-packages/airflow/example_dags/example_datasets.py
[2025-07-14T12:33:43.387+0200] {logging_mixin.py:137} INFO - [2025-07-14T12:33:43.387+0200] {dag.py:2690} INFO - Sync 6 DAGs
[2025-07-14T12:33:43.420+0200] {logging_mixin.py:137} INFO - [2025-07-14T12:33:43.420+0200] {dag.py:3437} INFO - Setting next_dagrun for dataset_consumes_1 to None, run_after=None
[2025-07-14T12:33:43.426+0200] {logging_mixin.py:137} INFO - [2025-07-14T12:33:43.425+0200] {dag.py:3437} INFO - Setting next_dagrun for dataset_consumes_1_and_2 to None, run_after=None
[2025-07-14T12:33:43.429+0200] {logging_mixin.py:137} INFO - [2025-07-14T12:33:43.429+0200] {dag.py:3437} INFO - Setting next_dagrun for dataset_consumes_1_never_scheduled to None, run_after=None
[2025-07-14T12:33:43.433+0200] {logging_mixin.py:137} INFO - [2025-07-14T12:33:43.433+0200] {dag.py:3437} INFO - Setting next_dagrun for dataset_consumes_unknown_never_scheduled to None, run_after=None
[2025-07-14T12:33:43.439+0200] {logging_mixin.py:137} INFO - [2025-07-14T12:33:43.438+0200] {dag.py:3437} INFO - Setting next_dagrun for dataset_produces_1 to 2025-07-13T00:00:00+00:00, run_after=2025-07-14T00:00:00+00:00
[2025-07-14T12:33:43.442+0200] {logging_mixin.py:137} INFO - [2025-07-14T12:33:43.442+0200] {dag.py:3437} INFO - Setting next_dagrun for dataset_produces_2 to None, run_after=None
[2025-07-14T12:33:43.534+0200] {processor.py:175} INFO - Processing /home/monica.fernandez/practica_creativa/venv-airflow/lib/python3.11/site-packages/airflow/example_dags/example_datasets.py took 0.262 seconds
[2025-07-14T12:35:50.769+0200] {processor.py:153} INFO - Started process (PID=31214) to work on /home/monica.fernandez/practica_creativa/venv-airflow/lib/python3.11/site-packages/airflow/example_dags/example_datasets.py
[2025-07-14T12:35:50.770+0200] {processor.py:743} INFO - Processing file /home/monica.fernandez/practica_creativa/venv-airflow/lib/python3.11/site-packages/airflow/example_dags/example_datasets.py for tasks to queue
[2025-07-14T12:35:50.771+0200] {logging_mixin.py:137} INFO - [2025-07-14T12:35:50.771+0200] {dagbag.py:538} INFO - Filling up the DagBag from /home/monica.fernandez/practica_creativa/venv-airflow/lib/python3.11/site-packages/airflow/example_dags/example_datasets.py
[2025-07-14T12:35:50.784+0200] {processor.py:753} INFO - DAG(s) dict_keys(['dataset_consumes_1', 'dataset_consumes_unknown_never_scheduled', 'dataset_consumes_1_never_scheduled', 'dataset_consumes_1_and_2', 'dataset_produces_1', 'dataset_produces_2']) retrieved from /home/monica.fernandez/practica_creativa/venv-airflow/lib/python3.11/site-packages/airflow/example_dags/example_datasets.py
[2025-07-14T12:35:50.832+0200] {logging_mixin.py:137} INFO - [2025-07-14T12:35:50.832+0200] {dag.py:2690} INFO - Sync 6 DAGs
[2025-07-14T12:35:50.860+0200] {logging_mixin.py:137} INFO - [2025-07-14T12:35:50.860+0200] {dag.py:3437} INFO - Setting next_dagrun for dataset_consumes_1 to None, run_after=None
[2025-07-14T12:35:50.864+0200] {logging_mixin.py:137} INFO - [2025-07-14T12:35:50.864+0200] {dag.py:3437} INFO - Setting next_dagrun for dataset_consumes_1_and_2 to None, run_after=None
[2025-07-14T12:35:50.866+0200] {logging_mixin.py:137} INFO - [2025-07-14T12:35:50.866+0200] {dag.py:3437} INFO - Setting next_dagrun for dataset_consumes_1_never_scheduled to None, run_after=None
[2025-07-14T12:35:50.868+0200] {logging_mixin.py:137} INFO - [2025-07-14T12:35:50.868+0200] {dag.py:3437} INFO - Setting next_dagrun for dataset_consumes_unknown_never_scheduled to None, run_after=None
[2025-07-14T12:35:50.871+0200] {logging_mixin.py:137} INFO - [2025-07-14T12:35:50.871+0200] {dag.py:3437} INFO - Setting next_dagrun for dataset_produces_1 to 2025-07-13T00:00:00+00:00, run_after=2025-07-14T00:00:00+00:00
[2025-07-14T12:35:50.873+0200] {logging_mixin.py:137} INFO - [2025-07-14T12:35:50.873+0200] {dag.py:3437} INFO - Setting next_dagrun for dataset_produces_2 to None, run_after=None
[2025-07-14T12:35:50.943+0200] {processor.py:175} INFO - Processing /home/monica.fernandez/practica_creativa/venv-airflow/lib/python3.11/site-packages/airflow/example_dags/example_datasets.py took 0.177 seconds
[2025-07-14T12:36:43.351+0200] {processor.py:153} INFO - Started process (PID=32683) to work on /home/monica.fernandez/practica_creativa/venv-airflow/lib/python3.11/site-packages/airflow/example_dags/example_datasets.py
[2025-07-14T12:36:43.351+0200] {processor.py:743} INFO - Processing file /home/monica.fernandez/practica_creativa/venv-airflow/lib/python3.11/site-packages/airflow/example_dags/example_datasets.py for tasks to queue
[2025-07-14T12:36:43.352+0200] {logging_mixin.py:137} INFO - [2025-07-14T12:36:43.352+0200] {dagbag.py:538} INFO - Filling up the DagBag from /home/monica.fernandez/practica_creativa/venv-airflow/lib/python3.11/site-packages/airflow/example_dags/example_datasets.py
[2025-07-14T12:36:43.362+0200] {processor.py:753} INFO - DAG(s) dict_keys(['dataset_consumes_unknown_never_scheduled', 'dataset_consumes_1_and_2', 'dataset_produces_2', 'dataset_produces_1', 'dataset_consumes_1_never_scheduled', 'dataset_consumes_1']) retrieved from /home/monica.fernandez/practica_creativa/venv-airflow/lib/python3.11/site-packages/airflow/example_dags/example_datasets.py
[2025-07-14T12:36:43.412+0200] {logging_mixin.py:137} INFO - [2025-07-14T12:36:43.411+0200] {dag.py:2690} INFO - Sync 6 DAGs
[2025-07-14T12:36:43.432+0200] {logging_mixin.py:137} INFO - [2025-07-14T12:36:43.432+0200] {dag.py:3437} INFO - Setting next_dagrun for dataset_consumes_1 to None, run_after=None
[2025-07-14T12:36:43.435+0200] {logging_mixin.py:137} INFO - [2025-07-14T12:36:43.435+0200] {dag.py:3437} INFO - Setting next_dagrun for dataset_consumes_1_and_2 to None, run_after=None
[2025-07-14T12:36:43.437+0200] {logging_mixin.py:137} INFO - [2025-07-14T12:36:43.437+0200] {dag.py:3437} INFO - Setting next_dagrun for dataset_consumes_1_never_scheduled to None, run_after=None
[2025-07-14T12:36:43.439+0200] {logging_mixin.py:137} INFO - [2025-07-14T12:36:43.439+0200] {dag.py:3437} INFO - Setting next_dagrun for dataset_consumes_unknown_never_scheduled to None, run_after=None
[2025-07-14T12:36:43.442+0200] {logging_mixin.py:137} INFO - [2025-07-14T12:36:43.442+0200] {dag.py:3437} INFO - Setting next_dagrun for dataset_produces_1 to 2025-07-13T00:00:00+00:00, run_after=2025-07-14T00:00:00+00:00
[2025-07-14T12:36:43.444+0200] {logging_mixin.py:137} INFO - [2025-07-14T12:36:43.444+0200] {dag.py:3437} INFO - Setting next_dagrun for dataset_produces_2 to None, run_after=None
[2025-07-14T12:36:43.509+0200] {processor.py:175} INFO - Processing /home/monica.fernandez/practica_creativa/venv-airflow/lib/python3.11/site-packages/airflow/example_dags/example_datasets.py took 0.162 seconds
[2025-07-14T12:37:30.246+0200] {processor.py:153} INFO - Started process (PID=33457) to work on /home/monica.fernandez/practica_creativa/venv-airflow/lib/python3.11/site-packages/airflow/example_dags/example_datasets.py
[2025-07-14T12:37:30.247+0200] {processor.py:743} INFO - Processing file /home/monica.fernandez/practica_creativa/venv-airflow/lib/python3.11/site-packages/airflow/example_dags/example_datasets.py for tasks to queue
[2025-07-14T12:37:30.247+0200] {logging_mixin.py:137} INFO - [2025-07-14T12:37:30.247+0200] {dagbag.py:538} INFO - Filling up the DagBag from /home/monica.fernandez/practica_creativa/venv-airflow/lib/python3.11/site-packages/airflow/example_dags/example_datasets.py
[2025-07-14T12:37:30.260+0200] {processor.py:753} INFO - DAG(s) dict_keys(['dataset_consumes_1', 'dataset_produces_2', 'dataset_consumes_1_and_2', 'dataset_consumes_unknown_never_scheduled', 'dataset_consumes_1_never_scheduled', 'dataset_produces_1']) retrieved from /home/monica.fernandez/practica_creativa/venv-airflow/lib/python3.11/site-packages/airflow/example_dags/example_datasets.py
[2025-07-14T12:37:30.306+0200] {logging_mixin.py:137} INFO - [2025-07-14T12:37:30.305+0200] {dag.py:2690} INFO - Sync 6 DAGs
[2025-07-14T12:37:30.321+0200] {logging_mixin.py:137} INFO - [2025-07-14T12:37:30.321+0200] {dag.py:3437} INFO - Setting next_dagrun for dataset_consumes_1 to None, run_after=None
[2025-07-14T12:37:30.324+0200] {logging_mixin.py:137} INFO - [2025-07-14T12:37:30.324+0200] {dag.py:3437} INFO - Setting next_dagrun for dataset_consumes_1_and_2 to None, run_after=None
[2025-07-14T12:37:30.326+0200] {logging_mixin.py:137} INFO - [2025-07-14T12:37:30.326+0200] {dag.py:3437} INFO - Setting next_dagrun for dataset_consumes_1_never_scheduled to None, run_after=None
[2025-07-14T12:37:30.327+0200] {logging_mixin.py:137} INFO - [2025-07-14T12:37:30.327+0200] {dag.py:3437} INFO - Setting next_dagrun for dataset_consumes_unknown_never_scheduled to None, run_after=None
[2025-07-14T12:37:30.331+0200] {logging_mixin.py:137} INFO - [2025-07-14T12:37:30.331+0200] {dag.py:3437} INFO - Setting next_dagrun for dataset_produces_1 to 2025-07-13T00:00:00+00:00, run_after=2025-07-14T00:00:00+00:00
[2025-07-14T12:37:30.334+0200] {logging_mixin.py:137} INFO - [2025-07-14T12:37:30.334+0200] {dag.py:3437} INFO - Setting next_dagrun for dataset_produces_2 to None, run_after=None
[2025-07-14T12:37:30.415+0200] {processor.py:175} INFO - Processing /home/monica.fernandez/practica_creativa/venv-airflow/lib/python3.11/site-packages/airflow/example_dags/example_datasets.py took 0.171 seconds
[2025-07-14T12:38:20.049+0200] {processor.py:153} INFO - Started process (PID=34163) to work on /home/monica.fernandez/practica_creativa/venv-airflow/lib/python3.11/site-packages/airflow/example_dags/example_datasets.py
[2025-07-14T12:38:20.050+0200] {processor.py:743} INFO - Processing file /home/monica.fernandez/practica_creativa/venv-airflow/lib/python3.11/site-packages/airflow/example_dags/example_datasets.py for tasks to queue
[2025-07-14T12:38:20.050+0200] {logging_mixin.py:137} INFO - [2025-07-14T12:38:20.050+0200] {dagbag.py:538} INFO - Filling up the DagBag from /home/monica.fernandez/practica_creativa/venv-airflow/lib/python3.11/site-packages/airflow/example_dags/example_datasets.py
[2025-07-14T12:38:20.060+0200] {processor.py:753} INFO - DAG(s) dict_keys(['dataset_produces_2', 'dataset_consumes_unknown_never_scheduled', 'dataset_consumes_1_and_2', 'dataset_consumes_1', 'dataset_consumes_1_never_scheduled', 'dataset_produces_1']) retrieved from /home/monica.fernandez/practica_creativa/venv-airflow/lib/python3.11/site-packages/airflow/example_dags/example_datasets.py
[2025-07-14T12:38:20.095+0200] {logging_mixin.py:137} INFO - [2025-07-14T12:38:20.095+0200] {dag.py:2690} INFO - Sync 6 DAGs
[2025-07-14T12:38:20.110+0200] {logging_mixin.py:137} INFO - [2025-07-14T12:38:20.110+0200] {dag.py:3437} INFO - Setting next_dagrun for dataset_consumes_1 to None, run_after=None
[2025-07-14T12:38:20.112+0200] {logging_mixin.py:137} INFO - [2025-07-14T12:38:20.112+0200] {dag.py:3437} INFO - Setting next_dagrun for dataset_consumes_1_and_2 to None, run_after=None
[2025-07-14T12:38:20.114+0200] {logging_mixin.py:137} INFO - [2025-07-14T12:38:20.114+0200] {dag.py:3437} INFO - Setting next_dagrun for dataset_consumes_1_never_scheduled to None, run_after=None
[2025-07-14T12:38:20.115+0200] {logging_mixin.py:137} INFO - [2025-07-14T12:38:20.115+0200] {dag.py:3437} INFO - Setting next_dagrun for dataset_consumes_unknown_never_scheduled to None, run_after=None
[2025-07-14T12:38:20.118+0200] {logging_mixin.py:137} INFO - [2025-07-14T12:38:20.118+0200] {dag.py:3437} INFO - Setting next_dagrun for dataset_produces_1 to 2025-07-13T00:00:00+00:00, run_after=2025-07-14T00:00:00+00:00
[2025-07-14T12:38:20.119+0200] {logging_mixin.py:137} INFO - [2025-07-14T12:38:20.119+0200] {dag.py:3437} INFO - Setting next_dagrun for dataset_produces_2 to None, run_after=None
[2025-07-14T12:38:20.186+0200] {processor.py:175} INFO - Processing /home/monica.fernandez/practica_creativa/venv-airflow/lib/python3.11/site-packages/airflow/example_dags/example_datasets.py took 0.140 seconds
[2025-07-14T12:39:07.575+0200] {processor.py:153} INFO - Started process (PID=35072) to work on /home/monica.fernandez/practica_creativa/venv-airflow/lib/python3.11/site-packages/airflow/example_dags/example_datasets.py
[2025-07-14T12:39:07.576+0200] {processor.py:743} INFO - Processing file /home/monica.fernandez/practica_creativa/venv-airflow/lib/python3.11/site-packages/airflow/example_dags/example_datasets.py for tasks to queue
[2025-07-14T12:39:07.576+0200] {logging_mixin.py:137} INFO - [2025-07-14T12:39:07.576+0200] {dagbag.py:538} INFO - Filling up the DagBag from /home/monica.fernandez/practica_creativa/venv-airflow/lib/python3.11/site-packages/airflow/example_dags/example_datasets.py
[2025-07-14T12:39:07.584+0200] {processor.py:753} INFO - DAG(s) dict_keys(['dataset_consumes_1_never_scheduled', 'dataset_consumes_1_and_2', 'dataset_produces_2', 'dataset_produces_1', 'dataset_consumes_unknown_never_scheduled', 'dataset_consumes_1']) retrieved from /home/monica.fernandez/practica_creativa/venv-airflow/lib/python3.11/site-packages/airflow/example_dags/example_datasets.py
[2025-07-14T12:39:07.633+0200] {logging_mixin.py:137} INFO - [2025-07-14T12:39:07.633+0200] {dag.py:2690} INFO - Sync 6 DAGs
[2025-07-14T12:39:07.661+0200] {logging_mixin.py:137} INFO - [2025-07-14T12:39:07.661+0200] {dag.py:3437} INFO - Setting next_dagrun for dataset_consumes_1 to None, run_after=None
[2025-07-14T12:39:07.665+0200] {logging_mixin.py:137} INFO - [2025-07-14T12:39:07.665+0200] {dag.py:3437} INFO - Setting next_dagrun for dataset_consumes_1_and_2 to None, run_after=None
[2025-07-14T12:39:07.669+0200] {logging_mixin.py:137} INFO - [2025-07-14T12:39:07.668+0200] {dag.py:3437} INFO - Setting next_dagrun for dataset_consumes_1_never_scheduled to None, run_after=None
[2025-07-14T12:39:07.672+0200] {logging_mixin.py:137} INFO - [2025-07-14T12:39:07.672+0200] {dag.py:3437} INFO - Setting next_dagrun for dataset_consumes_unknown_never_scheduled to None, run_after=None
[2025-07-14T12:39:07.677+0200] {logging_mixin.py:137} INFO - [2025-07-14T12:39:07.677+0200] {dag.py:3437} INFO - Setting next_dagrun for dataset_produces_1 to 2025-07-13T00:00:00+00:00, run_after=2025-07-14T00:00:00+00:00
[2025-07-14T12:39:07.681+0200] {logging_mixin.py:137} INFO - [2025-07-14T12:39:07.681+0200] {dag.py:3437} INFO - Setting next_dagrun for dataset_produces_2 to None, run_after=None
[2025-07-14T12:39:07.777+0200] {processor.py:175} INFO - Processing /home/monica.fernandez/practica_creativa/venv-airflow/lib/python3.11/site-packages/airflow/example_dags/example_datasets.py took 0.206 seconds
[2025-07-14T12:39:56.529+0200] {processor.py:153} INFO - Started process (PID=35859) to work on /home/monica.fernandez/practica_creativa/venv-airflow/lib/python3.11/site-packages/airflow/example_dags/example_datasets.py
[2025-07-14T12:39:56.530+0200] {processor.py:743} INFO - Processing file /home/monica.fernandez/practica_creativa/venv-airflow/lib/python3.11/site-packages/airflow/example_dags/example_datasets.py for tasks to queue
[2025-07-14T12:39:56.531+0200] {logging_mixin.py:137} INFO - [2025-07-14T12:39:56.531+0200] {dagbag.py:538} INFO - Filling up the DagBag from /home/monica.fernandez/practica_creativa/venv-airflow/lib/python3.11/site-packages/airflow/example_dags/example_datasets.py
[2025-07-14T12:39:56.540+0200] {processor.py:753} INFO - DAG(s) dict_keys(['dataset_consumes_1_and_2', 'dataset_consumes_unknown_never_scheduled', 'dataset_produces_2', 'dataset_produces_1', 'dataset_consumes_1_never_scheduled', 'dataset_consumes_1']) retrieved from /home/monica.fernandez/practica_creativa/venv-airflow/lib/python3.11/site-packages/airflow/example_dags/example_datasets.py
[2025-07-14T12:39:56.587+0200] {logging_mixin.py:137} INFO - [2025-07-14T12:39:56.587+0200] {dag.py:2690} INFO - Sync 6 DAGs
[2025-07-14T12:39:56.609+0200] {logging_mixin.py:137} INFO - [2025-07-14T12:39:56.609+0200] {dag.py:3437} INFO - Setting next_dagrun for dataset_consumes_1 to None, run_after=None
[2025-07-14T12:39:56.614+0200] {logging_mixin.py:137} INFO - [2025-07-14T12:39:56.614+0200] {dag.py:3437} INFO - Setting next_dagrun for dataset_consumes_1_and_2 to None, run_after=None
[2025-07-14T12:39:56.617+0200] {logging_mixin.py:137} INFO - [2025-07-14T12:39:56.617+0200] {dag.py:3437} INFO - Setting next_dagrun for dataset_consumes_1_never_scheduled to None, run_after=None
[2025-07-14T12:39:56.622+0200] {logging_mixin.py:137} INFO - [2025-07-14T12:39:56.622+0200] {dag.py:3437} INFO - Setting next_dagrun for dataset_consumes_unknown_never_scheduled to None, run_after=None
[2025-07-14T12:39:56.627+0200] {logging_mixin.py:137} INFO - [2025-07-14T12:39:56.627+0200] {dag.py:3437} INFO - Setting next_dagrun for dataset_produces_1 to 2025-07-13T00:00:00+00:00, run_after=2025-07-14T00:00:00+00:00
[2025-07-14T12:39:56.631+0200] {logging_mixin.py:137} INFO - [2025-07-14T12:39:56.631+0200] {dag.py:3437} INFO - Setting next_dagrun for dataset_produces_2 to None, run_after=None
[2025-07-14T12:39:56.716+0200] {processor.py:175} INFO - Processing /home/monica.fernandez/practica_creativa/venv-airflow/lib/python3.11/site-packages/airflow/example_dags/example_datasets.py took 0.190 seconds
[2025-07-14T12:40:49.783+0200] {processor.py:153} INFO - Started process (PID=37109) to work on /home/monica.fernandez/practica_creativa/venv-airflow/lib/python3.11/site-packages/airflow/example_dags/example_datasets.py
[2025-07-14T12:40:49.784+0200] {processor.py:743} INFO - Processing file /home/monica.fernandez/practica_creativa/venv-airflow/lib/python3.11/site-packages/airflow/example_dags/example_datasets.py for tasks to queue
[2025-07-14T12:40:49.785+0200] {logging_mixin.py:137} INFO - [2025-07-14T12:40:49.785+0200] {dagbag.py:538} INFO - Filling up the DagBag from /home/monica.fernandez/practica_creativa/venv-airflow/lib/python3.11/site-packages/airflow/example_dags/example_datasets.py
[2025-07-14T12:40:49.795+0200] {processor.py:753} INFO - DAG(s) dict_keys(['dataset_produces_2', 'dataset_consumes_1_never_scheduled', 'dataset_consumes_1_and_2', 'dataset_produces_1', 'dataset_consumes_1', 'dataset_consumes_unknown_never_scheduled']) retrieved from /home/monica.fernandez/practica_creativa/venv-airflow/lib/python3.11/site-packages/airflow/example_dags/example_datasets.py
[2025-07-14T12:40:49.839+0200] {logging_mixin.py:137} INFO - [2025-07-14T12:40:49.839+0200] {dag.py:2690} INFO - Sync 6 DAGs
[2025-07-14T12:40:49.859+0200] {logging_mixin.py:137} INFO - [2025-07-14T12:40:49.858+0200] {dag.py:3437} INFO - Setting next_dagrun for dataset_consumes_1 to None, run_after=None
[2025-07-14T12:40:49.863+0200] {logging_mixin.py:137} INFO - [2025-07-14T12:40:49.863+0200] {dag.py:3437} INFO - Setting next_dagrun for dataset_consumes_1_and_2 to None, run_after=None
[2025-07-14T12:40:49.866+0200] {logging_mixin.py:137} INFO - [2025-07-14T12:40:49.866+0200] {dag.py:3437} INFO - Setting next_dagrun for dataset_consumes_1_never_scheduled to None, run_after=None
[2025-07-14T12:40:49.869+0200] {logging_mixin.py:137} INFO - [2025-07-14T12:40:49.869+0200] {dag.py:3437} INFO - Setting next_dagrun for dataset_consumes_unknown_never_scheduled to None, run_after=None
[2025-07-14T12:40:49.874+0200] {logging_mixin.py:137} INFO - [2025-07-14T12:40:49.874+0200] {dag.py:3437} INFO - Setting next_dagrun for dataset_produces_1 to 2025-07-13T00:00:00+00:00, run_after=2025-07-14T00:00:00+00:00
[2025-07-14T12:40:49.878+0200] {logging_mixin.py:137} INFO - [2025-07-14T12:40:49.878+0200] {dag.py:3437} INFO - Setting next_dagrun for dataset_produces_2 to None, run_after=None
[2025-07-14T12:40:49.966+0200] {processor.py:175} INFO - Processing /home/monica.fernandez/practica_creativa/venv-airflow/lib/python3.11/site-packages/airflow/example_dags/example_datasets.py took 0.186 seconds
