[2025-07-14T12:33:36.768+0200] {processor.py:153} INFO - Started process (PID=26901) to work on /home/monica.fernandez/practica_creativa/venv-airflow/lib/python3.11/site-packages/airflow/example_dags/example_nested_branch_dag.py
[2025-07-14T12:33:36.768+0200] {processor.py:743} INFO - Processing file /home/monica.fernandez/practica_creativa/venv-airflow/lib/python3.11/site-packages/airflow/example_dags/example_nested_branch_dag.py for tasks to queue
[2025-07-14T12:33:36.769+0200] {logging_mixin.py:137} INFO - [2025-07-14T12:33:36.769+0200] {dagbag.py:538} INFO - Filling up the DagBag from /home/monica.fernandez/practica_creativa/venv-airflow/lib/python3.11/site-packages/airflow/example_dags/example_nested_branch_dag.py
[2025-07-14T12:33:36.785+0200] {processor.py:753} INFO - DAG(s) dict_keys(['example_nested_branch_dag']) retrieved from /home/monica.fernandez/practica_creativa/venv-airflow/lib/python3.11/site-packages/airflow/example_dags/example_nested_branch_dag.py
[2025-07-14T12:33:36.805+0200] {logging_mixin.py:137} INFO - [2025-07-14T12:33:36.805+0200] {dag.py:2690} INFO - Sync 1 DAGs
[2025-07-14T12:33:36.824+0200] {logging_mixin.py:137} INFO - [2025-07-14T12:33:36.824+0200] {dag.py:3437} INFO - Setting next_dagrun for example_nested_branch_dag to 2025-07-13T00:00:00+00:00, run_after=2025-07-14T00:00:00+00:00
[2025-07-14T12:33:36.881+0200] {processor.py:175} INFO - Processing /home/monica.fernandez/practica_creativa/venv-airflow/lib/python3.11/site-packages/airflow/example_dags/example_nested_branch_dag.py took 0.115 seconds
[2025-07-14T12:35:45.432+0200] {processor.py:153} INFO - Started process (PID=31151) to work on /home/monica.fernandez/practica_creativa/venv-airflow/lib/python3.11/site-packages/airflow/example_dags/example_nested_branch_dag.py
[2025-07-14T12:35:45.433+0200] {processor.py:743} INFO - Processing file /home/monica.fernandez/practica_creativa/venv-airflow/lib/python3.11/site-packages/airflow/example_dags/example_nested_branch_dag.py for tasks to queue
[2025-07-14T12:35:45.433+0200] {logging_mixin.py:137} INFO - [2025-07-14T12:35:45.433+0200] {dagbag.py:538} INFO - Filling up the DagBag from /home/monica.fernandez/practica_creativa/venv-airflow/lib/python3.11/site-packages/airflow/example_dags/example_nested_branch_dag.py
[2025-07-14T12:35:45.450+0200] {processor.py:753} INFO - DAG(s) dict_keys(['example_nested_branch_dag']) retrieved from /home/monica.fernandez/practica_creativa/venv-airflow/lib/python3.11/site-packages/airflow/example_dags/example_nested_branch_dag.py
[2025-07-14T12:35:45.470+0200] {logging_mixin.py:137} INFO - [2025-07-14T12:35:45.470+0200] {dag.py:2690} INFO - Sync 1 DAGs
[2025-07-14T12:35:45.486+0200] {logging_mixin.py:137} INFO - [2025-07-14T12:35:45.486+0200] {dag.py:3437} INFO - Setting next_dagrun for example_nested_branch_dag to 2025-07-13T00:00:00+00:00, run_after=2025-07-14T00:00:00+00:00
[2025-07-14T12:35:45.545+0200] {processor.py:175} INFO - Processing /home/monica.fernandez/practica_creativa/venv-airflow/lib/python3.11/site-packages/airflow/example_dags/example_nested_branch_dag.py took 0.117 seconds
[2025-07-14T12:36:31.680+0200] {processor.py:153} INFO - Started process (PID=32548) to work on /home/monica.fernandez/practica_creativa/venv-airflow/lib/python3.11/site-packages/airflow/example_dags/example_nested_branch_dag.py
[2025-07-14T12:36:31.681+0200] {processor.py:743} INFO - Processing file /home/monica.fernandez/practica_creativa/venv-airflow/lib/python3.11/site-packages/airflow/example_dags/example_nested_branch_dag.py for tasks to queue
[2025-07-14T12:36:31.681+0200] {logging_mixin.py:137} INFO - [2025-07-14T12:36:31.681+0200] {dagbag.py:538} INFO - Filling up the DagBag from /home/monica.fernandez/practica_creativa/venv-airflow/lib/python3.11/site-packages/airflow/example_dags/example_nested_branch_dag.py
[2025-07-14T12:36:31.696+0200] {processor.py:753} INFO - DAG(s) dict_keys(['example_nested_branch_dag']) retrieved from /home/monica.fernandez/practica_creativa/venv-airflow/lib/python3.11/site-packages/airflow/example_dags/example_nested_branch_dag.py
[2025-07-14T12:36:31.721+0200] {logging_mixin.py:137} INFO - [2025-07-14T12:36:31.721+0200] {dag.py:2690} INFO - Sync 1 DAGs
[2025-07-14T12:36:31.743+0200] {logging_mixin.py:137} INFO - [2025-07-14T12:36:31.743+0200] {dag.py:3437} INFO - Setting next_dagrun for example_nested_branch_dag to 2025-07-13T00:00:00+00:00, run_after=2025-07-14T00:00:00+00:00
[2025-07-14T12:36:31.802+0200] {processor.py:175} INFO - Processing /home/monica.fernandez/practica_creativa/venv-airflow/lib/python3.11/site-packages/airflow/example_dags/example_nested_branch_dag.py took 0.125 seconds
[2025-07-14T12:37:24.531+0200] {processor.py:153} INFO - Started process (PID=33401) to work on /home/monica.fernandez/practica_creativa/venv-airflow/lib/python3.11/site-packages/airflow/example_dags/example_nested_branch_dag.py
[2025-07-14T12:37:24.532+0200] {processor.py:743} INFO - Processing file /home/monica.fernandez/practica_creativa/venv-airflow/lib/python3.11/site-packages/airflow/example_dags/example_nested_branch_dag.py for tasks to queue
[2025-07-14T12:37:24.532+0200] {logging_mixin.py:137} INFO - [2025-07-14T12:37:24.532+0200] {dagbag.py:538} INFO - Filling up the DagBag from /home/monica.fernandez/practica_creativa/venv-airflow/lib/python3.11/site-packages/airflow/example_dags/example_nested_branch_dag.py
[2025-07-14T12:37:24.555+0200] {processor.py:753} INFO - DAG(s) dict_keys(['example_nested_branch_dag']) retrieved from /home/monica.fernandez/practica_creativa/venv-airflow/lib/python3.11/site-packages/airflow/example_dags/example_nested_branch_dag.py
[2025-07-14T12:37:24.574+0200] {logging_mixin.py:137} INFO - [2025-07-14T12:37:24.574+0200] {dag.py:2690} INFO - Sync 1 DAGs
[2025-07-14T12:37:24.590+0200] {logging_mixin.py:137} INFO - [2025-07-14T12:37:24.590+0200] {dag.py:3437} INFO - Setting next_dagrun for example_nested_branch_dag to 2025-07-13T00:00:00+00:00, run_after=2025-07-14T00:00:00+00:00
[2025-07-14T12:37:24.649+0200] {processor.py:175} INFO - Processing /home/monica.fernandez/practica_creativa/venv-airflow/lib/python3.11/site-packages/airflow/example_dags/example_nested_branch_dag.py took 0.122 seconds
[2025-07-14T12:38:15.487+0200] {processor.py:153} INFO - Started process (PID=34114) to work on /home/monica.fernandez/practica_creativa/venv-airflow/lib/python3.11/site-packages/airflow/example_dags/example_nested_branch_dag.py
[2025-07-14T12:38:15.487+0200] {processor.py:743} INFO - Processing file /home/monica.fernandez/practica_creativa/venv-airflow/lib/python3.11/site-packages/airflow/example_dags/example_nested_branch_dag.py for tasks to queue
[2025-07-14T12:38:15.488+0200] {logging_mixin.py:137} INFO - [2025-07-14T12:38:15.488+0200] {dagbag.py:538} INFO - Filling up the DagBag from /home/monica.fernandez/practica_creativa/venv-airflow/lib/python3.11/site-packages/airflow/example_dags/example_nested_branch_dag.py
[2025-07-14T12:38:15.503+0200] {processor.py:753} INFO - DAG(s) dict_keys(['example_nested_branch_dag']) retrieved from /home/monica.fernandez/practica_creativa/venv-airflow/lib/python3.11/site-packages/airflow/example_dags/example_nested_branch_dag.py
[2025-07-14T12:38:15.520+0200] {logging_mixin.py:137} INFO - [2025-07-14T12:38:15.520+0200] {dag.py:2690} INFO - Sync 1 DAGs
[2025-07-14T12:38:15.536+0200] {logging_mixin.py:137} INFO - [2025-07-14T12:38:15.536+0200] {dag.py:3437} INFO - Setting next_dagrun for example_nested_branch_dag to 2025-07-13T00:00:00+00:00, run_after=2025-07-14T00:00:00+00:00
[2025-07-14T12:38:15.593+0200] {processor.py:175} INFO - Processing /home/monica.fernandez/practica_creativa/venv-airflow/lib/python3.11/site-packages/airflow/example_dags/example_nested_branch_dag.py took 0.110 seconds
[2025-07-14T12:39:02.223+0200] {processor.py:153} INFO - Started process (PID=34943) to work on /home/monica.fernandez/practica_creativa/venv-airflow/lib/python3.11/site-packages/airflow/example_dags/example_nested_branch_dag.py
[2025-07-14T12:39:02.224+0200] {processor.py:743} INFO - Processing file /home/monica.fernandez/practica_creativa/venv-airflow/lib/python3.11/site-packages/airflow/example_dags/example_nested_branch_dag.py for tasks to queue
[2025-07-14T12:39:02.225+0200] {logging_mixin.py:137} INFO - [2025-07-14T12:39:02.225+0200] {dagbag.py:538} INFO - Filling up the DagBag from /home/monica.fernandez/practica_creativa/venv-airflow/lib/python3.11/site-packages/airflow/example_dags/example_nested_branch_dag.py
[2025-07-14T12:39:02.240+0200] {processor.py:753} INFO - DAG(s) dict_keys(['example_nested_branch_dag']) retrieved from /home/monica.fernandez/practica_creativa/venv-airflow/lib/python3.11/site-packages/airflow/example_dags/example_nested_branch_dag.py
[2025-07-14T12:39:02.259+0200] {logging_mixin.py:137} INFO - [2025-07-14T12:39:02.259+0200] {dag.py:2690} INFO - Sync 1 DAGs
[2025-07-14T12:39:02.272+0200] {logging_mixin.py:137} INFO - [2025-07-14T12:39:02.272+0200] {dag.py:3437} INFO - Setting next_dagrun for example_nested_branch_dag to 2025-07-13T00:00:00+00:00, run_after=2025-07-14T00:00:00+00:00
[2025-07-14T12:39:02.326+0200] {processor.py:175} INFO - Processing /home/monica.fernandez/practica_creativa/venv-airflow/lib/python3.11/site-packages/airflow/example_dags/example_nested_branch_dag.py took 0.106 seconds
[2025-07-14T12:39:51.164+0200] {processor.py:153} INFO - Started process (PID=35697) to work on /home/monica.fernandez/practica_creativa/venv-airflow/lib/python3.11/site-packages/airflow/example_dags/example_nested_branch_dag.py
[2025-07-14T12:39:51.164+0200] {processor.py:743} INFO - Processing file /home/monica.fernandez/practica_creativa/venv-airflow/lib/python3.11/site-packages/airflow/example_dags/example_nested_branch_dag.py for tasks to queue
[2025-07-14T12:39:51.165+0200] {logging_mixin.py:137} INFO - [2025-07-14T12:39:51.164+0200] {dagbag.py:538} INFO - Filling up the DagBag from /home/monica.fernandez/practica_creativa/venv-airflow/lib/python3.11/site-packages/airflow/example_dags/example_nested_branch_dag.py
[2025-07-14T12:39:51.177+0200] {processor.py:753} INFO - DAG(s) dict_keys(['example_nested_branch_dag']) retrieved from /home/monica.fernandez/practica_creativa/venv-airflow/lib/python3.11/site-packages/airflow/example_dags/example_nested_branch_dag.py
[2025-07-14T12:39:51.198+0200] {logging_mixin.py:137} INFO - [2025-07-14T12:39:51.198+0200] {dag.py:2690} INFO - Sync 1 DAGs
[2025-07-14T12:39:51.214+0200] {logging_mixin.py:137} INFO - [2025-07-14T12:39:51.214+0200] {dag.py:3437} INFO - Setting next_dagrun for example_nested_branch_dag to 2025-07-13T00:00:00+00:00, run_after=2025-07-14T00:00:00+00:00
[2025-07-14T12:39:51.269+0200] {processor.py:175} INFO - Processing /home/monica.fernandez/practica_creativa/venv-airflow/lib/python3.11/site-packages/airflow/example_dags/example_nested_branch_dag.py took 0.106 seconds
[2025-07-14T12:40:44.523+0200] {processor.py:153} INFO - Started process (PID=37052) to work on /home/monica.fernandez/practica_creativa/venv-airflow/lib/python3.11/site-packages/airflow/example_dags/example_nested_branch_dag.py
[2025-07-14T12:40:44.524+0200] {processor.py:743} INFO - Processing file /home/monica.fernandez/practica_creativa/venv-airflow/lib/python3.11/site-packages/airflow/example_dags/example_nested_branch_dag.py for tasks to queue
[2025-07-14T12:40:44.524+0200] {logging_mixin.py:137} INFO - [2025-07-14T12:40:44.524+0200] {dagbag.py:538} INFO - Filling up the DagBag from /home/monica.fernandez/practica_creativa/venv-airflow/lib/python3.11/site-packages/airflow/example_dags/example_nested_branch_dag.py
[2025-07-14T12:40:44.534+0200] {processor.py:753} INFO - DAG(s) dict_keys(['example_nested_branch_dag']) retrieved from /home/monica.fernandez/practica_creativa/venv-airflow/lib/python3.11/site-packages/airflow/example_dags/example_nested_branch_dag.py
[2025-07-14T12:40:44.551+0200] {logging_mixin.py:137} INFO - [2025-07-14T12:40:44.551+0200] {dag.py:2690} INFO - Sync 1 DAGs
[2025-07-14T12:40:44.565+0200] {logging_mixin.py:137} INFO - [2025-07-14T12:40:44.565+0200] {dag.py:3437} INFO - Setting next_dagrun for example_nested_branch_dag to 2025-07-13T00:00:00+00:00, run_after=2025-07-14T00:00:00+00:00
[2025-07-14T12:40:44.610+0200] {processor.py:175} INFO - Processing /home/monica.fernandez/practica_creativa/venv-airflow/lib/python3.11/site-packages/airflow/example_dags/example_nested_branch_dag.py took 0.088 seconds
