[2025-07-14T12:33:28.797+0200] {processor.py:153} INFO - Started process (PID=26743) to work on /home/monica.fernandez/practica_creativa/venv-airflow/lib/python3.11/site-packages/airflow/example_dags/example_short_circuit_decorator.py
[2025-07-14T12:33:28.798+0200] {processor.py:743} INFO - Processing file /home/monica.fernandez/practica_creativa/venv-airflow/lib/python3.11/site-packages/airflow/example_dags/example_short_circuit_decorator.py for tasks to queue
[2025-07-14T12:33:28.799+0200] {logging_mixin.py:137} INFO - [2025-07-14T12:33:28.799+0200] {dagbag.py:538} INFO - Filling up the DagBag from /home/monica.fernandez/practica_creativa/venv-airflow/lib/python3.11/site-packages/airflow/example_dags/example_short_circuit_decorator.py
[2025-07-14T12:33:28.821+0200] {processor.py:753} INFO - DAG(s) dict_keys(['example_short_circuit_decorator']) retrieved from /home/monica.fernandez/practica_creativa/venv-airflow/lib/python3.11/site-packages/airflow/example_dags/example_short_circuit_decorator.py
[2025-07-14T12:33:28.846+0200] {logging_mixin.py:137} INFO - [2025-07-14T12:33:28.846+0200] {dag.py:2690} INFO - Sync 1 DAGs
[2025-07-14T12:33:28.864+0200] {logging_mixin.py:137} INFO - [2025-07-14T12:33:28.864+0200] {dag.py:3437} INFO - Setting next_dagrun for example_short_circuit_decorator to 2025-07-13T10:33:28.864659+00:00, run_after=2025-07-14T10:33:28.864659+00:00
[2025-07-14T12:33:28.916+0200] {processor.py:175} INFO - Processing /home/monica.fernandez/practica_creativa/venv-airflow/lib/python3.11/site-packages/airflow/example_dags/example_short_circuit_decorator.py took 0.122 seconds
[2025-07-14T12:35:36.819+0200] {processor.py:153} INFO - Started process (PID=31019) to work on /home/monica.fernandez/practica_creativa/venv-airflow/lib/python3.11/site-packages/airflow/example_dags/example_short_circuit_decorator.py
[2025-07-14T12:35:36.820+0200] {processor.py:743} INFO - Processing file /home/monica.fernandez/practica_creativa/venv-airflow/lib/python3.11/site-packages/airflow/example_dags/example_short_circuit_decorator.py for tasks to queue
[2025-07-14T12:35:36.821+0200] {logging_mixin.py:137} INFO - [2025-07-14T12:35:36.821+0200] {dagbag.py:538} INFO - Filling up the DagBag from /home/monica.fernandez/practica_creativa/venv-airflow/lib/python3.11/site-packages/airflow/example_dags/example_short_circuit_decorator.py
[2025-07-14T12:35:36.833+0200] {processor.py:753} INFO - DAG(s) dict_keys(['example_short_circuit_decorator']) retrieved from /home/monica.fernandez/practica_creativa/venv-airflow/lib/python3.11/site-packages/airflow/example_dags/example_short_circuit_decorator.py
[2025-07-14T12:35:36.853+0200] {logging_mixin.py:137} INFO - [2025-07-14T12:35:36.853+0200] {dag.py:2690} INFO - Sync 1 DAGs
[2025-07-14T12:35:36.868+0200] {logging_mixin.py:137} INFO - [2025-07-14T12:35:36.868+0200] {dag.py:3437} INFO - Setting next_dagrun for example_short_circuit_decorator to 2025-07-13T10:35:36.868630+00:00, run_after=2025-07-14T10:35:36.868630+00:00
[2025-07-14T12:35:36.928+0200] {processor.py:175} INFO - Processing /home/monica.fernandez/practica_creativa/venv-airflow/lib/python3.11/site-packages/airflow/example_dags/example_short_circuit_decorator.py took 0.112 seconds
[2025-07-14T12:36:23.666+0200] {processor.py:153} INFO - Started process (PID=32463) to work on /home/monica.fernandez/practica_creativa/venv-airflow/lib/python3.11/site-packages/airflow/example_dags/example_short_circuit_decorator.py
[2025-07-14T12:36:23.667+0200] {processor.py:743} INFO - Processing file /home/monica.fernandez/practica_creativa/venv-airflow/lib/python3.11/site-packages/airflow/example_dags/example_short_circuit_decorator.py for tasks to queue
[2025-07-14T12:36:23.668+0200] {logging_mixin.py:137} INFO - [2025-07-14T12:36:23.667+0200] {dagbag.py:538} INFO - Filling up the DagBag from /home/monica.fernandez/practica_creativa/venv-airflow/lib/python3.11/site-packages/airflow/example_dags/example_short_circuit_decorator.py
[2025-07-14T12:36:23.694+0200] {processor.py:753} INFO - DAG(s) dict_keys(['example_short_circuit_decorator']) retrieved from /home/monica.fernandez/practica_creativa/venv-airflow/lib/python3.11/site-packages/airflow/example_dags/example_short_circuit_decorator.py
[2025-07-14T12:36:23.723+0200] {logging_mixin.py:137} INFO - [2025-07-14T12:36:23.723+0200] {dag.py:2690} INFO - Sync 1 DAGs
[2025-07-14T12:36:23.737+0200] {logging_mixin.py:137} INFO - [2025-07-14T12:36:23.737+0200] {dag.py:3437} INFO - Setting next_dagrun for example_short_circuit_decorator to 2025-07-13T10:36:23.737018+00:00, run_after=2025-07-14T10:36:23.737018+00:00
[2025-07-14T12:36:23.789+0200] {processor.py:175} INFO - Processing /home/monica.fernandez/practica_creativa/venv-airflow/lib/python3.11/site-packages/airflow/example_dags/example_short_circuit_decorator.py took 0.127 seconds
[2025-07-14T12:37:11.165+0200] {processor.py:153} INFO - Started process (PID=33127) to work on /home/monica.fernandez/practica_creativa/venv-airflow/lib/python3.11/site-packages/airflow/example_dags/example_short_circuit_decorator.py
[2025-07-14T12:37:11.166+0200] {processor.py:743} INFO - Processing file /home/monica.fernandez/practica_creativa/venv-airflow/lib/python3.11/site-packages/airflow/example_dags/example_short_circuit_decorator.py for tasks to queue
[2025-07-14T12:37:11.167+0200] {logging_mixin.py:137} INFO - [2025-07-14T12:37:11.167+0200] {dagbag.py:538} INFO - Filling up the DagBag from /home/monica.fernandez/practica_creativa/venv-airflow/lib/python3.11/site-packages/airflow/example_dags/example_short_circuit_decorator.py
[2025-07-14T12:37:11.184+0200] {processor.py:753} INFO - DAG(s) dict_keys(['example_short_circuit_decorator']) retrieved from /home/monica.fernandez/practica_creativa/venv-airflow/lib/python3.11/site-packages/airflow/example_dags/example_short_circuit_decorator.py
[2025-07-14T12:37:11.209+0200] {logging_mixin.py:137} INFO - [2025-07-14T12:37:11.209+0200] {dag.py:2690} INFO - Sync 1 DAGs
[2025-07-14T12:37:11.226+0200] {logging_mixin.py:137} INFO - [2025-07-14T12:37:11.226+0200] {dag.py:3437} INFO - Setting next_dagrun for example_short_circuit_decorator to 2025-07-13T10:37:11.226378+00:00, run_after=2025-07-14T10:37:11.226378+00:00
[2025-07-14T12:37:11.281+0200] {processor.py:175} INFO - Processing /home/monica.fernandez/practica_creativa/venv-airflow/lib/python3.11/site-packages/airflow/example_dags/example_short_circuit_decorator.py took 0.119 seconds
[2025-07-14T12:38:03.605+0200] {processor.py:153} INFO - Started process (PID=33963) to work on /home/monica.fernandez/practica_creativa/venv-airflow/lib/python3.11/site-packages/airflow/example_dags/example_short_circuit_decorator.py
[2025-07-14T12:38:03.606+0200] {processor.py:743} INFO - Processing file /home/monica.fernandez/practica_creativa/venv-airflow/lib/python3.11/site-packages/airflow/example_dags/example_short_circuit_decorator.py for tasks to queue
[2025-07-14T12:38:03.607+0200] {logging_mixin.py:137} INFO - [2025-07-14T12:38:03.607+0200] {dagbag.py:538} INFO - Filling up the DagBag from /home/monica.fernandez/practica_creativa/venv-airflow/lib/python3.11/site-packages/airflow/example_dags/example_short_circuit_decorator.py
[2025-07-14T12:38:03.621+0200] {processor.py:753} INFO - DAG(s) dict_keys(['example_short_circuit_decorator']) retrieved from /home/monica.fernandez/practica_creativa/venv-airflow/lib/python3.11/site-packages/airflow/example_dags/example_short_circuit_decorator.py
[2025-07-14T12:38:03.642+0200] {logging_mixin.py:137} INFO - [2025-07-14T12:38:03.642+0200] {dag.py:2690} INFO - Sync 1 DAGs
[2025-07-14T12:38:03.661+0200] {logging_mixin.py:137} INFO - [2025-07-14T12:38:03.661+0200] {dag.py:3437} INFO - Setting next_dagrun for example_short_circuit_decorator to 2025-07-13T10:38:03.661207+00:00, run_after=2025-07-14T10:38:03.661207+00:00
[2025-07-14T12:38:03.711+0200] {processor.py:175} INFO - Processing /home/monica.fernandez/practica_creativa/venv-airflow/lib/python3.11/site-packages/airflow/example_dags/example_short_circuit_decorator.py took 0.109 seconds
[2025-07-14T12:38:49.642+0200] {processor.py:153} INFO - Started process (PID=34685) to work on /home/monica.fernandez/practica_creativa/venv-airflow/lib/python3.11/site-packages/airflow/example_dags/example_short_circuit_decorator.py
[2025-07-14T12:38:49.642+0200] {processor.py:743} INFO - Processing file /home/monica.fernandez/practica_creativa/venv-airflow/lib/python3.11/site-packages/airflow/example_dags/example_short_circuit_decorator.py for tasks to queue
[2025-07-14T12:38:49.643+0200] {logging_mixin.py:137} INFO - [2025-07-14T12:38:49.643+0200] {dagbag.py:538} INFO - Filling up the DagBag from /home/monica.fernandez/practica_creativa/venv-airflow/lib/python3.11/site-packages/airflow/example_dags/example_short_circuit_decorator.py
[2025-07-14T12:38:49.657+0200] {processor.py:753} INFO - DAG(s) dict_keys(['example_short_circuit_decorator']) retrieved from /home/monica.fernandez/practica_creativa/venv-airflow/lib/python3.11/site-packages/airflow/example_dags/example_short_circuit_decorator.py
[2025-07-14T12:38:49.682+0200] {logging_mixin.py:137} INFO - [2025-07-14T12:38:49.681+0200] {dag.py:2690} INFO - Sync 1 DAGs
[2025-07-14T12:38:49.702+0200] {logging_mixin.py:137} INFO - [2025-07-14T12:38:49.702+0200] {dag.py:3437} INFO - Setting next_dagrun for example_short_circuit_decorator to 2025-07-13T10:38:49.702666+00:00, run_after=2025-07-14T10:38:49.702666+00:00
[2025-07-14T12:38:49.764+0200] {processor.py:175} INFO - Processing /home/monica.fernandez/practica_creativa/venv-airflow/lib/python3.11/site-packages/airflow/example_dags/example_short_circuit_decorator.py took 0.126 seconds
[2025-07-14T12:39:38.549+0200] {processor.py:153} INFO - Started process (PID=35547) to work on /home/monica.fernandez/practica_creativa/venv-airflow/lib/python3.11/site-packages/airflow/example_dags/example_short_circuit_decorator.py
[2025-07-14T12:39:38.550+0200] {processor.py:743} INFO - Processing file /home/monica.fernandez/practica_creativa/venv-airflow/lib/python3.11/site-packages/airflow/example_dags/example_short_circuit_decorator.py for tasks to queue
[2025-07-14T12:39:38.551+0200] {logging_mixin.py:137} INFO - [2025-07-14T12:39:38.550+0200] {dagbag.py:538} INFO - Filling up the DagBag from /home/monica.fernandez/practica_creativa/venv-airflow/lib/python3.11/site-packages/airflow/example_dags/example_short_circuit_decorator.py
[2025-07-14T12:39:38.569+0200] {processor.py:753} INFO - DAG(s) dict_keys(['example_short_circuit_decorator']) retrieved from /home/monica.fernandez/practica_creativa/venv-airflow/lib/python3.11/site-packages/airflow/example_dags/example_short_circuit_decorator.py
[2025-07-14T12:39:38.594+0200] {logging_mixin.py:137} INFO - [2025-07-14T12:39:38.594+0200] {dag.py:2690} INFO - Sync 1 DAGs
[2025-07-14T12:39:38.610+0200] {logging_mixin.py:137} INFO - [2025-07-14T12:39:38.610+0200] {dag.py:3437} INFO - Setting next_dagrun for example_short_circuit_decorator to 2025-07-13T10:39:38.610529+00:00, run_after=2025-07-14T10:39:38.610529+00:00
[2025-07-14T12:39:38.665+0200] {processor.py:175} INFO - Processing /home/monica.fernandez/practica_creativa/venv-airflow/lib/python3.11/site-packages/airflow/example_dags/example_short_circuit_decorator.py took 0.120 seconds
[2025-07-14T12:40:29.166+0200] {processor.py:153} INFO - Started process (PID=36871) to work on /home/monica.fernandez/practica_creativa/venv-airflow/lib/python3.11/site-packages/airflow/example_dags/example_short_circuit_decorator.py
[2025-07-14T12:40:29.167+0200] {processor.py:743} INFO - Processing file /home/monica.fernandez/practica_creativa/venv-airflow/lib/python3.11/site-packages/airflow/example_dags/example_short_circuit_decorator.py for tasks to queue
[2025-07-14T12:40:29.167+0200] {logging_mixin.py:137} INFO - [2025-07-14T12:40:29.167+0200] {dagbag.py:538} INFO - Filling up the DagBag from /home/monica.fernandez/practica_creativa/venv-airflow/lib/python3.11/site-packages/airflow/example_dags/example_short_circuit_decorator.py
[2025-07-14T12:40:29.190+0200] {processor.py:753} INFO - DAG(s) dict_keys(['example_short_circuit_decorator']) retrieved from /home/monica.fernandez/practica_creativa/venv-airflow/lib/python3.11/site-packages/airflow/example_dags/example_short_circuit_decorator.py
[2025-07-14T12:40:29.211+0200] {logging_mixin.py:137} INFO - [2025-07-14T12:40:29.211+0200] {dag.py:2690} INFO - Sync 1 DAGs
[2025-07-14T12:40:29.228+0200] {logging_mixin.py:137} INFO - [2025-07-14T12:40:29.227+0200] {dag.py:3437} INFO - Setting next_dagrun for example_short_circuit_decorator to 2025-07-13T10:40:29.227859+00:00, run_after=2025-07-14T10:40:29.227859+00:00
[2025-07-14T12:40:29.282+0200] {processor.py:175} INFO - Processing /home/monica.fernandez/practica_creativa/venv-airflow/lib/python3.11/site-packages/airflow/example_dags/example_short_circuit_decorator.py took 0.120 seconds
