[2025-07-14T12:33:39.326+0200] {processor.py:153} INFO - Started process (PID=26930) to work on /home/monica.fernandez/practica_creativa/venv-airflow/lib/python3.11/site-packages/airflow/example_dags/example_external_task_marker_dag.py
[2025-07-14T12:33:39.327+0200] {processor.py:743} INFO - Processing file /home/monica.fernandez/practica_creativa/venv-airflow/lib/python3.11/site-packages/airflow/example_dags/example_external_task_marker_dag.py for tasks to queue
[2025-07-14T12:33:39.328+0200] {logging_mixin.py:137} INFO - [2025-07-14T12:33:39.328+0200] {dagbag.py:538} INFO - Filling up the DagBag from /home/monica.fernandez/practica_creativa/venv-airflow/lib/python3.11/site-packages/airflow/example_dags/example_external_task_marker_dag.py
[2025-07-14T12:33:39.345+0200] {processor.py:753} INFO - DAG(s) dict_keys(['example_external_task_marker_child', 'example_external_task_marker_parent']) retrieved from /home/monica.fernandez/practica_creativa/venv-airflow/lib/python3.11/site-packages/airflow/example_dags/example_external_task_marker_dag.py
[2025-07-14T12:33:39.370+0200] {logging_mixin.py:137} INFO - [2025-07-14T12:33:39.370+0200] {dag.py:2690} INFO - Sync 2 DAGs
[2025-07-14T12:33:39.396+0200] {logging_mixin.py:137} INFO - [2025-07-14T12:33:39.396+0200] {dag.py:3437} INFO - Setting next_dagrun for example_external_task_marker_child to None, run_after=None
[2025-07-14T12:33:39.400+0200] {logging_mixin.py:137} INFO - [2025-07-14T12:33:39.400+0200] {dag.py:3437} INFO - Setting next_dagrun for example_external_task_marker_parent to None, run_after=None
[2025-07-14T12:33:39.452+0200] {processor.py:175} INFO - Processing /home/monica.fernandez/practica_creativa/venv-airflow/lib/python3.11/site-packages/airflow/example_dags/example_external_task_marker_dag.py took 0.130 seconds
[2025-07-14T12:35:47.005+0200] {processor.py:153} INFO - Started process (PID=31174) to work on /home/monica.fernandez/practica_creativa/venv-airflow/lib/python3.11/site-packages/airflow/example_dags/example_external_task_marker_dag.py
[2025-07-14T12:35:47.005+0200] {processor.py:743} INFO - Processing file /home/monica.fernandez/practica_creativa/venv-airflow/lib/python3.11/site-packages/airflow/example_dags/example_external_task_marker_dag.py for tasks to queue
[2025-07-14T12:35:47.005+0200] {logging_mixin.py:137} INFO - [2025-07-14T12:35:47.005+0200] {dagbag.py:538} INFO - Filling up the DagBag from /home/monica.fernandez/practica_creativa/venv-airflow/lib/python3.11/site-packages/airflow/example_dags/example_external_task_marker_dag.py
[2025-07-14T12:35:47.009+0200] {processor.py:753} INFO - DAG(s) dict_keys(['example_external_task_marker_child', 'example_external_task_marker_parent']) retrieved from /home/monica.fernandez/practica_creativa/venv-airflow/lib/python3.11/site-packages/airflow/example_dags/example_external_task_marker_dag.py
[2025-07-14T12:35:47.035+0200] {logging_mixin.py:137} INFO - [2025-07-14T12:35:47.035+0200] {dag.py:2690} INFO - Sync 2 DAGs
[2025-07-14T12:35:47.060+0200] {logging_mixin.py:137} INFO - [2025-07-14T12:35:47.060+0200] {dag.py:3437} INFO - Setting next_dagrun for example_external_task_marker_child to None, run_after=None
[2025-07-14T12:35:47.063+0200] {logging_mixin.py:137} INFO - [2025-07-14T12:35:47.063+0200] {dag.py:3437} INFO - Setting next_dagrun for example_external_task_marker_parent to None, run_after=None
[2025-07-14T12:35:47.120+0200] {processor.py:175} INFO - Processing /home/monica.fernandez/practica_creativa/venv-airflow/lib/python3.11/site-packages/airflow/example_dags/example_external_task_marker_dag.py took 0.117 seconds
[2025-07-14T12:36:34.177+0200] {processor.py:153} INFO - Started process (PID=32574) to work on /home/monica.fernandez/practica_creativa/venv-airflow/lib/python3.11/site-packages/airflow/example_dags/example_external_task_marker_dag.py
[2025-07-14T12:36:34.178+0200] {processor.py:743} INFO - Processing file /home/monica.fernandez/practica_creativa/venv-airflow/lib/python3.11/site-packages/airflow/example_dags/example_external_task_marker_dag.py for tasks to queue
[2025-07-14T12:36:34.179+0200] {logging_mixin.py:137} INFO - [2025-07-14T12:36:34.179+0200] {dagbag.py:538} INFO - Filling up the DagBag from /home/monica.fernandez/practica_creativa/venv-airflow/lib/python3.11/site-packages/airflow/example_dags/example_external_task_marker_dag.py
[2025-07-14T12:36:34.186+0200] {processor.py:753} INFO - DAG(s) dict_keys(['example_external_task_marker_parent', 'example_external_task_marker_child']) retrieved from /home/monica.fernandez/practica_creativa/venv-airflow/lib/python3.11/site-packages/airflow/example_dags/example_external_task_marker_dag.py
[2025-07-14T12:36:34.216+0200] {logging_mixin.py:137} INFO - [2025-07-14T12:36:34.216+0200] {dag.py:2690} INFO - Sync 2 DAGs
[2025-07-14T12:36:34.231+0200] {logging_mixin.py:137} INFO - [2025-07-14T12:36:34.231+0200] {dag.py:3437} INFO - Setting next_dagrun for example_external_task_marker_child to None, run_after=None
[2025-07-14T12:36:34.234+0200] {logging_mixin.py:137} INFO - [2025-07-14T12:36:34.234+0200] {dag.py:3437} INFO - Setting next_dagrun for example_external_task_marker_parent to None, run_after=None
[2025-07-14T12:36:34.277+0200] {processor.py:175} INFO - Processing /home/monica.fernandez/practica_creativa/venv-airflow/lib/python3.11/site-packages/airflow/example_dags/example_external_task_marker_dag.py took 0.103 seconds
[2025-07-14T12:37:27.050+0200] {processor.py:153} INFO - Started process (PID=33423) to work on /home/monica.fernandez/practica_creativa/venv-airflow/lib/python3.11/site-packages/airflow/example_dags/example_external_task_marker_dag.py
[2025-07-14T12:37:27.051+0200] {processor.py:743} INFO - Processing file /home/monica.fernandez/practica_creativa/venv-airflow/lib/python3.11/site-packages/airflow/example_dags/example_external_task_marker_dag.py for tasks to queue
[2025-07-14T12:37:27.051+0200] {logging_mixin.py:137} INFO - [2025-07-14T12:37:27.051+0200] {dagbag.py:538} INFO - Filling up the DagBag from /home/monica.fernandez/practica_creativa/venv-airflow/lib/python3.11/site-packages/airflow/example_dags/example_external_task_marker_dag.py
[2025-07-14T12:37:27.061+0200] {processor.py:753} INFO - DAG(s) dict_keys(['example_external_task_marker_parent', 'example_external_task_marker_child']) retrieved from /home/monica.fernandez/practica_creativa/venv-airflow/lib/python3.11/site-packages/airflow/example_dags/example_external_task_marker_dag.py
[2025-07-14T12:37:27.092+0200] {logging_mixin.py:137} INFO - [2025-07-14T12:37:27.092+0200] {dag.py:2690} INFO - Sync 2 DAGs
[2025-07-14T12:37:27.119+0200] {logging_mixin.py:137} INFO - [2025-07-14T12:37:27.118+0200] {dag.py:3437} INFO - Setting next_dagrun for example_external_task_marker_child to None, run_after=None
[2025-07-14T12:37:27.124+0200] {logging_mixin.py:137} INFO - [2025-07-14T12:37:27.124+0200] {dag.py:3437} INFO - Setting next_dagrun for example_external_task_marker_parent to None, run_after=None
[2025-07-14T12:37:27.185+0200] {processor.py:175} INFO - Processing /home/monica.fernandez/practica_creativa/venv-airflow/lib/python3.11/site-packages/airflow/example_dags/example_external_task_marker_dag.py took 0.139 seconds
[2025-07-14T12:38:17.183+0200] {processor.py:153} INFO - Started process (PID=34135) to work on /home/monica.fernandez/practica_creativa/venv-airflow/lib/python3.11/site-packages/airflow/example_dags/example_external_task_marker_dag.py
[2025-07-14T12:38:17.184+0200] {processor.py:743} INFO - Processing file /home/monica.fernandez/practica_creativa/venv-airflow/lib/python3.11/site-packages/airflow/example_dags/example_external_task_marker_dag.py for tasks to queue
[2025-07-14T12:38:17.184+0200] {logging_mixin.py:137} INFO - [2025-07-14T12:38:17.184+0200] {dagbag.py:538} INFO - Filling up the DagBag from /home/monica.fernandez/practica_creativa/venv-airflow/lib/python3.11/site-packages/airflow/example_dags/example_external_task_marker_dag.py
[2025-07-14T12:38:17.191+0200] {processor.py:753} INFO - DAG(s) dict_keys(['example_external_task_marker_child', 'example_external_task_marker_parent']) retrieved from /home/monica.fernandez/practica_creativa/venv-airflow/lib/python3.11/site-packages/airflow/example_dags/example_external_task_marker_dag.py
[2025-07-14T12:38:17.216+0200] {logging_mixin.py:137} INFO - [2025-07-14T12:38:17.216+0200] {dag.py:2690} INFO - Sync 2 DAGs
[2025-07-14T12:38:17.232+0200] {logging_mixin.py:137} INFO - [2025-07-14T12:38:17.232+0200] {dag.py:3437} INFO - Setting next_dagrun for example_external_task_marker_child to None, run_after=None
[2025-07-14T12:38:17.236+0200] {logging_mixin.py:137} INFO - [2025-07-14T12:38:17.236+0200] {dag.py:3437} INFO - Setting next_dagrun for example_external_task_marker_parent to None, run_after=None
[2025-07-14T12:38:17.290+0200] {processor.py:175} INFO - Processing /home/monica.fernandez/practica_creativa/venv-airflow/lib/python3.11/site-packages/airflow/example_dags/example_external_task_marker_dag.py took 0.111 seconds
[2025-07-14T12:39:04.781+0200] {processor.py:153} INFO - Started process (PID=34965) to work on /home/monica.fernandez/practica_creativa/venv-airflow/lib/python3.11/site-packages/airflow/example_dags/example_external_task_marker_dag.py
[2025-07-14T12:39:04.782+0200] {processor.py:743} INFO - Processing file /home/monica.fernandez/practica_creativa/venv-airflow/lib/python3.11/site-packages/airflow/example_dags/example_external_task_marker_dag.py for tasks to queue
[2025-07-14T12:39:04.783+0200] {logging_mixin.py:137} INFO - [2025-07-14T12:39:04.783+0200] {dagbag.py:538} INFO - Filling up the DagBag from /home/monica.fernandez/practica_creativa/venv-airflow/lib/python3.11/site-packages/airflow/example_dags/example_external_task_marker_dag.py
[2025-07-14T12:39:04.790+0200] {processor.py:753} INFO - DAG(s) dict_keys(['example_external_task_marker_child', 'example_external_task_marker_parent']) retrieved from /home/monica.fernandez/practica_creativa/venv-airflow/lib/python3.11/site-packages/airflow/example_dags/example_external_task_marker_dag.py
[2025-07-14T12:39:04.813+0200] {logging_mixin.py:137} INFO - [2025-07-14T12:39:04.813+0200] {dag.py:2690} INFO - Sync 2 DAGs
[2025-07-14T12:39:04.829+0200] {logging_mixin.py:137} INFO - [2025-07-14T12:39:04.829+0200] {dag.py:3437} INFO - Setting next_dagrun for example_external_task_marker_child to None, run_after=None
[2025-07-14T12:39:04.832+0200] {logging_mixin.py:137} INFO - [2025-07-14T12:39:04.832+0200] {dag.py:3437} INFO - Setting next_dagrun for example_external_task_marker_parent to None, run_after=None
[2025-07-14T12:39:04.881+0200] {processor.py:175} INFO - Processing /home/monica.fernandez/practica_creativa/venv-airflow/lib/python3.11/site-packages/airflow/example_dags/example_external_task_marker_dag.py took 0.103 seconds
[2025-07-14T12:39:53.242+0200] {processor.py:153} INFO - Started process (PID=35820) to work on /home/monica.fernandez/practica_creativa/venv-airflow/lib/python3.11/site-packages/airflow/example_dags/example_external_task_marker_dag.py
[2025-07-14T12:39:53.243+0200] {processor.py:743} INFO - Processing file /home/monica.fernandez/practica_creativa/venv-airflow/lib/python3.11/site-packages/airflow/example_dags/example_external_task_marker_dag.py for tasks to queue
[2025-07-14T12:39:53.244+0200] {logging_mixin.py:137} INFO - [2025-07-14T12:39:53.244+0200] {dagbag.py:538} INFO - Filling up the DagBag from /home/monica.fernandez/practica_creativa/venv-airflow/lib/python3.11/site-packages/airflow/example_dags/example_external_task_marker_dag.py
[2025-07-14T12:39:53.253+0200] {processor.py:753} INFO - DAG(s) dict_keys(['example_external_task_marker_child', 'example_external_task_marker_parent']) retrieved from /home/monica.fernandez/practica_creativa/venv-airflow/lib/python3.11/site-packages/airflow/example_dags/example_external_task_marker_dag.py
[2025-07-14T12:39:53.282+0200] {logging_mixin.py:137} INFO - [2025-07-14T12:39:53.282+0200] {dag.py:2690} INFO - Sync 2 DAGs
[2025-07-14T12:39:53.295+0200] {logging_mixin.py:137} INFO - [2025-07-14T12:39:53.295+0200] {dag.py:3437} INFO - Setting next_dagrun for example_external_task_marker_child to None, run_after=None
[2025-07-14T12:39:53.298+0200] {logging_mixin.py:137} INFO - [2025-07-14T12:39:53.298+0200] {dag.py:3437} INFO - Setting next_dagrun for example_external_task_marker_parent to None, run_after=None
[2025-07-14T12:39:53.343+0200] {processor.py:175} INFO - Processing /home/monica.fernandez/practica_creativa/venv-airflow/lib/python3.11/site-packages/airflow/example_dags/example_external_task_marker_dag.py took 0.104 seconds
[2025-07-14T12:40:46.934+0200] {processor.py:153} INFO - Started process (PID=37081) to work on /home/monica.fernandez/practica_creativa/venv-airflow/lib/python3.11/site-packages/airflow/example_dags/example_external_task_marker_dag.py
[2025-07-14T12:40:46.934+0200] {processor.py:743} INFO - Processing file /home/monica.fernandez/practica_creativa/venv-airflow/lib/python3.11/site-packages/airflow/example_dags/example_external_task_marker_dag.py for tasks to queue
[2025-07-14T12:40:46.935+0200] {logging_mixin.py:137} INFO - [2025-07-14T12:40:46.935+0200] {dagbag.py:538} INFO - Filling up the DagBag from /home/monica.fernandez/practica_creativa/venv-airflow/lib/python3.11/site-packages/airflow/example_dags/example_external_task_marker_dag.py
[2025-07-14T12:40:46.943+0200] {processor.py:753} INFO - DAG(s) dict_keys(['example_external_task_marker_parent', 'example_external_task_marker_child']) retrieved from /home/monica.fernandez/practica_creativa/venv-airflow/lib/python3.11/site-packages/airflow/example_dags/example_external_task_marker_dag.py
[2025-07-14T12:40:46.974+0200] {logging_mixin.py:137} INFO - [2025-07-14T12:40:46.974+0200] {dag.py:2690} INFO - Sync 2 DAGs
[2025-07-14T12:40:46.992+0200] {logging_mixin.py:137} INFO - [2025-07-14T12:40:46.992+0200] {dag.py:3437} INFO - Setting next_dagrun for example_external_task_marker_child to None, run_after=None
[2025-07-14T12:40:46.996+0200] {logging_mixin.py:137} INFO - [2025-07-14T12:40:46.996+0200] {dag.py:3437} INFO - Setting next_dagrun for example_external_task_marker_parent to None, run_after=None
[2025-07-14T12:40:47.043+0200] {processor.py:175} INFO - Processing /home/monica.fernandez/practica_creativa/venv-airflow/lib/python3.11/site-packages/airflow/example_dags/example_external_task_marker_dag.py took 0.113 seconds
