[2025-07-14T12:33:41.932+0200] {processor.py:153} INFO - Started process (PID=26964) to work on /home/monica.fernandez/practica_creativa/venv-airflow/lib/python3.11/site-packages/airflow/example_dags/example_dynamic_task_mapping.py
[2025-07-14T12:33:41.932+0200] {processor.py:743} INFO - Processing file /home/monica.fernandez/practica_creativa/venv-airflow/lib/python3.11/site-packages/airflow/example_dags/example_dynamic_task_mapping.py for tasks to queue
[2025-07-14T12:33:41.933+0200] {logging_mixin.py:137} INFO - [2025-07-14T12:33:41.933+0200] {dagbag.py:538} INFO - Filling up the DagBag from /home/monica.fernandez/practica_creativa/venv-airflow/lib/python3.11/site-packages/airflow/example_dags/example_dynamic_task_mapping.py
[2025-07-14T12:33:41.960+0200] {processor.py:753} INFO - DAG(s) dict_keys(['example_dynamic_task_mapping']) retrieved from /home/monica.fernandez/practica_creativa/venv-airflow/lib/python3.11/site-packages/airflow/example_dags/example_dynamic_task_mapping.py
[2025-07-14T12:33:41.980+0200] {logging_mixin.py:137} INFO - [2025-07-14T12:33:41.980+0200] {dag.py:2690} INFO - Sync 1 DAGs
[2025-07-14T12:33:41.998+0200] {logging_mixin.py:137} INFO - [2025-07-14T12:33:41.998+0200] {dag.py:3437} INFO - Setting next_dagrun for example_dynamic_task_mapping to 2022-03-04T00:00:00+00:00, run_after=2022-03-05T00:00:00+00:00
[2025-07-14T12:33:42.045+0200] {processor.py:175} INFO - Processing /home/monica.fernandez/practica_creativa/venv-airflow/lib/python3.11/site-packages/airflow/example_dags/example_dynamic_task_mapping.py took 0.116 seconds
[2025-07-14T12:35:49.468+0200] {processor.py:153} INFO - Started process (PID=31211) to work on /home/monica.fernandez/practica_creativa/venv-airflow/lib/python3.11/site-packages/airflow/example_dags/example_dynamic_task_mapping.py
[2025-07-14T12:35:49.469+0200] {processor.py:743} INFO - Processing file /home/monica.fernandez/practica_creativa/venv-airflow/lib/python3.11/site-packages/airflow/example_dags/example_dynamic_task_mapping.py for tasks to queue
[2025-07-14T12:35:49.469+0200] {logging_mixin.py:137} INFO - [2025-07-14T12:35:49.469+0200] {dagbag.py:538} INFO - Filling up the DagBag from /home/monica.fernandez/practica_creativa/venv-airflow/lib/python3.11/site-packages/airflow/example_dags/example_dynamic_task_mapping.py
[2025-07-14T12:35:49.485+0200] {processor.py:753} INFO - DAG(s) dict_keys(['example_dynamic_task_mapping']) retrieved from /home/monica.fernandez/practica_creativa/venv-airflow/lib/python3.11/site-packages/airflow/example_dags/example_dynamic_task_mapping.py
[2025-07-14T12:35:49.504+0200] {logging_mixin.py:137} INFO - [2025-07-14T12:35:49.504+0200] {dag.py:2690} INFO - Sync 1 DAGs
[2025-07-14T12:35:49.518+0200] {logging_mixin.py:137} INFO - [2025-07-14T12:35:49.518+0200] {dag.py:3437} INFO - Setting next_dagrun for example_dynamic_task_mapping to 2022-03-04T00:00:00+00:00, run_after=2022-03-05T00:00:00+00:00
[2025-07-14T12:35:49.562+0200] {processor.py:175} INFO - Processing /home/monica.fernandez/practica_creativa/venv-airflow/lib/python3.11/site-packages/airflow/example_dags/example_dynamic_task_mapping.py took 0.098 seconds
[2025-07-14T12:36:36.832+0200] {processor.py:153} INFO - Started process (PID=32591) to work on /home/monica.fernandez/practica_creativa/venv-airflow/lib/python3.11/site-packages/airflow/example_dags/example_dynamic_task_mapping.py
[2025-07-14T12:36:36.833+0200] {processor.py:743} INFO - Processing file /home/monica.fernandez/practica_creativa/venv-airflow/lib/python3.11/site-packages/airflow/example_dags/example_dynamic_task_mapping.py for tasks to queue
[2025-07-14T12:36:36.833+0200] {logging_mixin.py:137} INFO - [2025-07-14T12:36:36.833+0200] {dagbag.py:538} INFO - Filling up the DagBag from /home/monica.fernandez/practica_creativa/venv-airflow/lib/python3.11/site-packages/airflow/example_dags/example_dynamic_task_mapping.py
[2025-07-14T12:36:36.846+0200] {processor.py:753} INFO - DAG(s) dict_keys(['example_dynamic_task_mapping']) retrieved from /home/monica.fernandez/practica_creativa/venv-airflow/lib/python3.11/site-packages/airflow/example_dags/example_dynamic_task_mapping.py
[2025-07-14T12:36:36.864+0200] {logging_mixin.py:137} INFO - [2025-07-14T12:36:36.864+0200] {dag.py:2690} INFO - Sync 1 DAGs
[2025-07-14T12:36:36.877+0200] {logging_mixin.py:137} INFO - [2025-07-14T12:36:36.877+0200] {dag.py:3437} INFO - Setting next_dagrun for example_dynamic_task_mapping to 2022-03-04T00:00:00+00:00, run_after=2022-03-05T00:00:00+00:00
[2025-07-14T12:36:36.918+0200] {processor.py:175} INFO - Processing /home/monica.fernandez/practica_creativa/venv-airflow/lib/python3.11/site-packages/airflow/example_dags/example_dynamic_task_mapping.py took 0.090 seconds
[2025-07-14T12:37:28.930+0200] {processor.py:153} INFO - Started process (PID=33450) to work on /home/monica.fernandez/practica_creativa/venv-airflow/lib/python3.11/site-packages/airflow/example_dags/example_dynamic_task_mapping.py
[2025-07-14T12:37:28.931+0200] {processor.py:743} INFO - Processing file /home/monica.fernandez/practica_creativa/venv-airflow/lib/python3.11/site-packages/airflow/example_dags/example_dynamic_task_mapping.py for tasks to queue
[2025-07-14T12:37:28.932+0200] {logging_mixin.py:137} INFO - [2025-07-14T12:37:28.931+0200] {dagbag.py:538} INFO - Filling up the DagBag from /home/monica.fernandez/practica_creativa/venv-airflow/lib/python3.11/site-packages/airflow/example_dags/example_dynamic_task_mapping.py
[2025-07-14T12:37:28.944+0200] {processor.py:753} INFO - DAG(s) dict_keys(['example_dynamic_task_mapping']) retrieved from /home/monica.fernandez/practica_creativa/venv-airflow/lib/python3.11/site-packages/airflow/example_dags/example_dynamic_task_mapping.py
[2025-07-14T12:37:28.962+0200] {logging_mixin.py:137} INFO - [2025-07-14T12:37:28.962+0200] {dag.py:2690} INFO - Sync 1 DAGs
[2025-07-14T12:37:28.977+0200] {logging_mixin.py:137} INFO - [2025-07-14T12:37:28.977+0200] {dag.py:3437} INFO - Setting next_dagrun for example_dynamic_task_mapping to 2022-03-04T00:00:00+00:00, run_after=2022-03-05T00:00:00+00:00
[2025-07-14T12:37:29.024+0200] {processor.py:175} INFO - Processing /home/monica.fernandez/practica_creativa/venv-airflow/lib/python3.11/site-packages/airflow/example_dags/example_dynamic_task_mapping.py took 0.098 seconds
[2025-07-14T12:38:19.595+0200] {processor.py:153} INFO - Started process (PID=34158) to work on /home/monica.fernandez/practica_creativa/venv-airflow/lib/python3.11/site-packages/airflow/example_dags/example_dynamic_task_mapping.py
[2025-07-14T12:38:19.596+0200] {processor.py:743} INFO - Processing file /home/monica.fernandez/practica_creativa/venv-airflow/lib/python3.11/site-packages/airflow/example_dags/example_dynamic_task_mapping.py for tasks to queue
[2025-07-14T12:38:19.597+0200] {logging_mixin.py:137} INFO - [2025-07-14T12:38:19.597+0200] {dagbag.py:538} INFO - Filling up the DagBag from /home/monica.fernandez/practica_creativa/venv-airflow/lib/python3.11/site-packages/airflow/example_dags/example_dynamic_task_mapping.py
[2025-07-14T12:38:19.610+0200] {processor.py:753} INFO - DAG(s) dict_keys(['example_dynamic_task_mapping']) retrieved from /home/monica.fernandez/practica_creativa/venv-airflow/lib/python3.11/site-packages/airflow/example_dags/example_dynamic_task_mapping.py
[2025-07-14T12:38:19.628+0200] {logging_mixin.py:137} INFO - [2025-07-14T12:38:19.628+0200] {dag.py:2690} INFO - Sync 1 DAGs
[2025-07-14T12:38:19.644+0200] {logging_mixin.py:137} INFO - [2025-07-14T12:38:19.644+0200] {dag.py:3437} INFO - Setting next_dagrun for example_dynamic_task_mapping to 2022-03-04T00:00:00+00:00, run_after=2022-03-05T00:00:00+00:00
[2025-07-14T12:38:19.702+0200] {processor.py:175} INFO - Processing /home/monica.fernandez/practica_creativa/venv-airflow/lib/python3.11/site-packages/airflow/example_dags/example_dynamic_task_mapping.py took 0.110 seconds
[2025-07-14T12:39:06.718+0200] {processor.py:153} INFO - Started process (PID=35058) to work on /home/monica.fernandez/practica_creativa/venv-airflow/lib/python3.11/site-packages/airflow/example_dags/example_dynamic_task_mapping.py
[2025-07-14T12:39:06.719+0200] {processor.py:743} INFO - Processing file /home/monica.fernandez/practica_creativa/venv-airflow/lib/python3.11/site-packages/airflow/example_dags/example_dynamic_task_mapping.py for tasks to queue
[2025-07-14T12:39:06.719+0200] {logging_mixin.py:137} INFO - [2025-07-14T12:39:06.719+0200] {dagbag.py:538} INFO - Filling up the DagBag from /home/monica.fernandez/practica_creativa/venv-airflow/lib/python3.11/site-packages/airflow/example_dags/example_dynamic_task_mapping.py
[2025-07-14T12:39:06.733+0200] {processor.py:753} INFO - DAG(s) dict_keys(['example_dynamic_task_mapping']) retrieved from /home/monica.fernandez/practica_creativa/venv-airflow/lib/python3.11/site-packages/airflow/example_dags/example_dynamic_task_mapping.py
[2025-07-14T12:39:06.755+0200] {logging_mixin.py:137} INFO - [2025-07-14T12:39:06.755+0200] {dag.py:2690} INFO - Sync 1 DAGs
[2025-07-14T12:39:06.768+0200] {logging_mixin.py:137} INFO - [2025-07-14T12:39:06.768+0200] {dag.py:3437} INFO - Setting next_dagrun for example_dynamic_task_mapping to 2022-03-04T00:00:00+00:00, run_after=2022-03-05T00:00:00+00:00
[2025-07-14T12:39:06.812+0200] {processor.py:175} INFO - Processing /home/monica.fernandez/practica_creativa/venv-airflow/lib/python3.11/site-packages/airflow/example_dags/example_dynamic_task_mapping.py took 0.098 seconds
[2025-07-14T12:39:55.165+0200] {processor.py:153} INFO - Started process (PID=35843) to work on /home/monica.fernandez/practica_creativa/venv-airflow/lib/python3.11/site-packages/airflow/example_dags/example_dynamic_task_mapping.py
[2025-07-14T12:39:55.166+0200] {processor.py:743} INFO - Processing file /home/monica.fernandez/practica_creativa/venv-airflow/lib/python3.11/site-packages/airflow/example_dags/example_dynamic_task_mapping.py for tasks to queue
[2025-07-14T12:39:55.167+0200] {logging_mixin.py:137} INFO - [2025-07-14T12:39:55.166+0200] {dagbag.py:538} INFO - Filling up the DagBag from /home/monica.fernandez/practica_creativa/venv-airflow/lib/python3.11/site-packages/airflow/example_dags/example_dynamic_task_mapping.py
[2025-07-14T12:39:55.180+0200] {processor.py:753} INFO - DAG(s) dict_keys(['example_dynamic_task_mapping']) retrieved from /home/monica.fernandez/practica_creativa/venv-airflow/lib/python3.11/site-packages/airflow/example_dags/example_dynamic_task_mapping.py
[2025-07-14T12:39:55.202+0200] {logging_mixin.py:137} INFO - [2025-07-14T12:39:55.202+0200] {dag.py:2690} INFO - Sync 1 DAGs
[2025-07-14T12:39:55.223+0200] {logging_mixin.py:137} INFO - [2025-07-14T12:39:55.223+0200] {dag.py:3437} INFO - Setting next_dagrun for example_dynamic_task_mapping to 2022-03-04T00:00:00+00:00, run_after=2022-03-05T00:00:00+00:00
[2025-07-14T12:39:55.276+0200] {processor.py:175} INFO - Processing /home/monica.fernandez/practica_creativa/venv-airflow/lib/python3.11/site-packages/airflow/example_dags/example_dynamic_task_mapping.py took 0.113 seconds
[2025-07-14T12:40:48.601+0200] {processor.py:153} INFO - Started process (PID=37085) to work on /home/monica.fernandez/practica_creativa/venv-airflow/lib/python3.11/site-packages/airflow/example_dags/example_dynamic_task_mapping.py
[2025-07-14T12:40:48.602+0200] {processor.py:743} INFO - Processing file /home/monica.fernandez/practica_creativa/venv-airflow/lib/python3.11/site-packages/airflow/example_dags/example_dynamic_task_mapping.py for tasks to queue
[2025-07-14T12:40:48.603+0200] {logging_mixin.py:137} INFO - [2025-07-14T12:40:48.603+0200] {dagbag.py:538} INFO - Filling up the DagBag from /home/monica.fernandez/practica_creativa/venv-airflow/lib/python3.11/site-packages/airflow/example_dags/example_dynamic_task_mapping.py
[2025-07-14T12:40:48.614+0200] {processor.py:753} INFO - DAG(s) dict_keys(['example_dynamic_task_mapping']) retrieved from /home/monica.fernandez/practica_creativa/venv-airflow/lib/python3.11/site-packages/airflow/example_dags/example_dynamic_task_mapping.py
[2025-07-14T12:40:48.631+0200] {logging_mixin.py:137} INFO - [2025-07-14T12:40:48.631+0200] {dag.py:2690} INFO - Sync 1 DAGs
[2025-07-14T12:40:48.647+0200] {logging_mixin.py:137} INFO - [2025-07-14T12:40:48.647+0200] {dag.py:3437} INFO - Setting next_dagrun for example_dynamic_task_mapping to 2022-03-04T00:00:00+00:00, run_after=2022-03-05T00:00:00+00:00
[2025-07-14T12:40:48.688+0200] {processor.py:175} INFO - Processing /home/monica.fernandez/practica_creativa/venv-airflow/lib/python3.11/site-packages/airflow/example_dags/example_dynamic_task_mapping.py took 0.090 seconds
