[2025-07-14T12:32:37.086+0200] {processor.py:153} INFO - Started process (PID=25689) to work on /home/monica.fernandez/practica_creativa/venv-airflow/lib/python3.11/site-packages/airflow/example_dags/example_xcomargs.py
[2025-07-14T12:32:37.087+0200] {processor.py:743} INFO - Processing file /home/monica.fernandez/practica_creativa/venv-airflow/lib/python3.11/site-packages/airflow/example_dags/example_xcomargs.py for tasks to queue
[2025-07-14T12:32:37.087+0200] {logging_mixin.py:137} INFO - [2025-07-14T12:32:37.087+0200] {dagbag.py:538} INFO - Filling up the DagBag from /home/monica.fernandez/practica_creativa/venv-airflow/lib/python3.11/site-packages/airflow/example_dags/example_xcomargs.py
[2025-07-14T12:32:37.108+0200] {processor.py:753} INFO - DAG(s) dict_keys(['example_xcom_args', 'example_xcom_args_with_operators']) retrieved from /home/monica.fernandez/practica_creativa/venv-airflow/lib/python3.11/site-packages/airflow/example_dags/example_xcomargs.py
[2025-07-14T12:32:37.131+0200] {logging_mixin.py:137} INFO - [2025-07-14T12:32:37.131+0200] {dag.py:2690} INFO - Sync 2 DAGs
[2025-07-14T12:32:37.148+0200] {logging_mixin.py:137} INFO - [2025-07-14T12:32:37.148+0200] {dag.py:3437} INFO - Setting next_dagrun for example_xcom_args to None, run_after=None
[2025-07-14T12:32:37.151+0200] {logging_mixin.py:137} INFO - [2025-07-14T12:32:37.151+0200] {dag.py:3437} INFO - Setting next_dagrun for example_xcom_args_with_operators to None, run_after=None
[2025-07-14T12:32:37.201+0200] {processor.py:175} INFO - Processing /home/monica.fernandez/practica_creativa/venv-airflow/lib/python3.11/site-packages/airflow/example_dags/example_xcomargs.py took 0.118 seconds
[2025-07-14T12:33:14.735+0200] {processor.py:153} INFO - Started process (PID=26450) to work on /home/monica.fernandez/practica_creativa/venv-airflow/lib/python3.11/site-packages/airflow/example_dags/example_xcomargs.py
[2025-07-14T12:33:14.736+0200] {processor.py:743} INFO - Processing file /home/monica.fernandez/practica_creativa/venv-airflow/lib/python3.11/site-packages/airflow/example_dags/example_xcomargs.py for tasks to queue
[2025-07-14T12:33:14.736+0200] {logging_mixin.py:137} INFO - [2025-07-14T12:33:14.736+0200] {dagbag.py:538} INFO - Filling up the DagBag from /home/monica.fernandez/practica_creativa/venv-airflow/lib/python3.11/site-packages/airflow/example_dags/example_xcomargs.py
[2025-07-14T12:33:14.751+0200] {processor.py:753} INFO - DAG(s) dict_keys(['example_xcom_args', 'example_xcom_args_with_operators']) retrieved from /home/monica.fernandez/practica_creativa/venv-airflow/lib/python3.11/site-packages/airflow/example_dags/example_xcomargs.py
[2025-07-14T12:33:14.775+0200] {logging_mixin.py:137} INFO - [2025-07-14T12:33:14.775+0200] {dag.py:2690} INFO - Sync 2 DAGs
[2025-07-14T12:33:14.793+0200] {logging_mixin.py:137} INFO - [2025-07-14T12:33:14.793+0200] {dag.py:3437} INFO - Setting next_dagrun for example_xcom_args to None, run_after=None
[2025-07-14T12:33:14.796+0200] {logging_mixin.py:137} INFO - [2025-07-14T12:33:14.796+0200] {dag.py:3437} INFO - Setting next_dagrun for example_xcom_args_with_operators to None, run_after=None
[2025-07-14T12:33:14.839+0200] {processor.py:175} INFO - Processing /home/monica.fernandez/practica_creativa/venv-airflow/lib/python3.11/site-packages/airflow/example_dags/example_xcomargs.py took 0.105 seconds
[2025-07-14T12:35:25.583+0200] {processor.py:153} INFO - Started process (PID=30899) to work on /home/monica.fernandez/practica_creativa/venv-airflow/lib/python3.11/site-packages/airflow/example_dags/example_xcomargs.py
[2025-07-14T12:35:25.584+0200] {processor.py:743} INFO - Processing file /home/monica.fernandez/practica_creativa/venv-airflow/lib/python3.11/site-packages/airflow/example_dags/example_xcomargs.py for tasks to queue
[2025-07-14T12:35:25.585+0200] {logging_mixin.py:137} INFO - [2025-07-14T12:35:25.585+0200] {dagbag.py:538} INFO - Filling up the DagBag from /home/monica.fernandez/practica_creativa/venv-airflow/lib/python3.11/site-packages/airflow/example_dags/example_xcomargs.py
[2025-07-14T12:35:25.600+0200] {processor.py:753} INFO - DAG(s) dict_keys(['example_xcom_args', 'example_xcom_args_with_operators']) retrieved from /home/monica.fernandez/practica_creativa/venv-airflow/lib/python3.11/site-packages/airflow/example_dags/example_xcomargs.py
[2025-07-14T12:35:25.624+0200] {logging_mixin.py:137} INFO - [2025-07-14T12:35:25.624+0200] {dag.py:2690} INFO - Sync 2 DAGs
[2025-07-14T12:35:25.640+0200] {logging_mixin.py:137} INFO - [2025-07-14T12:35:25.640+0200] {dag.py:3437} INFO - Setting next_dagrun for example_xcom_args to None, run_after=None
[2025-07-14T12:35:25.643+0200] {logging_mixin.py:137} INFO - [2025-07-14T12:35:25.643+0200] {dag.py:3437} INFO - Setting next_dagrun for example_xcom_args_with_operators to None, run_after=None
[2025-07-14T12:35:25.685+0200] {processor.py:175} INFO - Processing /home/monica.fernandez/practica_creativa/venv-airflow/lib/python3.11/site-packages/airflow/example_dags/example_xcomargs.py took 0.105 seconds
[2025-07-14T12:36:10.546+0200] {processor.py:153} INFO - Started process (PID=32191) to work on /home/monica.fernandez/practica_creativa/venv-airflow/lib/python3.11/site-packages/airflow/example_dags/example_xcomargs.py
[2025-07-14T12:36:10.547+0200] {processor.py:743} INFO - Processing file /home/monica.fernandez/practica_creativa/venv-airflow/lib/python3.11/site-packages/airflow/example_dags/example_xcomargs.py for tasks to queue
[2025-07-14T12:36:10.547+0200] {logging_mixin.py:137} INFO - [2025-07-14T12:36:10.547+0200] {dagbag.py:538} INFO - Filling up the DagBag from /home/monica.fernandez/practica_creativa/venv-airflow/lib/python3.11/site-packages/airflow/example_dags/example_xcomargs.py
[2025-07-14T12:36:10.569+0200] {processor.py:753} INFO - DAG(s) dict_keys(['example_xcom_args', 'example_xcom_args_with_operators']) retrieved from /home/monica.fernandez/practica_creativa/venv-airflow/lib/python3.11/site-packages/airflow/example_dags/example_xcomargs.py
[2025-07-14T12:36:10.600+0200] {logging_mixin.py:137} INFO - [2025-07-14T12:36:10.600+0200] {dag.py:2690} INFO - Sync 2 DAGs
[2025-07-14T12:36:10.622+0200] {logging_mixin.py:137} INFO - [2025-07-14T12:36:10.622+0200] {dag.py:3437} INFO - Setting next_dagrun for example_xcom_args to None, run_after=None
[2025-07-14T12:36:10.628+0200] {logging_mixin.py:137} INFO - [2025-07-14T12:36:10.628+0200] {dag.py:3437} INFO - Setting next_dagrun for example_xcom_args_with_operators to None, run_after=None
[2025-07-14T12:36:10.689+0200] {processor.py:175} INFO - Processing /home/monica.fernandez/practica_creativa/venv-airflow/lib/python3.11/site-packages/airflow/example_dags/example_xcomargs.py took 0.147 seconds
[2025-07-14T12:36:57.938+0200] {processor.py:153} INFO - Started process (PID=32941) to work on /home/monica.fernandez/practica_creativa/venv-airflow/lib/python3.11/site-packages/airflow/example_dags/example_xcomargs.py
[2025-07-14T12:36:57.939+0200] {processor.py:743} INFO - Processing file /home/monica.fernandez/practica_creativa/venv-airflow/lib/python3.11/site-packages/airflow/example_dags/example_xcomargs.py for tasks to queue
[2025-07-14T12:36:57.940+0200] {logging_mixin.py:137} INFO - [2025-07-14T12:36:57.940+0200] {dagbag.py:538} INFO - Filling up the DagBag from /home/monica.fernandez/practica_creativa/venv-airflow/lib/python3.11/site-packages/airflow/example_dags/example_xcomargs.py
[2025-07-14T12:36:57.953+0200] {processor.py:753} INFO - DAG(s) dict_keys(['example_xcom_args_with_operators', 'example_xcom_args']) retrieved from /home/monica.fernandez/practica_creativa/venv-airflow/lib/python3.11/site-packages/airflow/example_dags/example_xcomargs.py
[2025-07-14T12:36:57.975+0200] {logging_mixin.py:137} INFO - [2025-07-14T12:36:57.975+0200] {dag.py:2690} INFO - Sync 2 DAGs
[2025-07-14T12:36:57.989+0200] {logging_mixin.py:137} INFO - [2025-07-14T12:36:57.989+0200] {dag.py:3437} INFO - Setting next_dagrun for example_xcom_args to None, run_after=None
[2025-07-14T12:36:57.992+0200] {logging_mixin.py:137} INFO - [2025-07-14T12:36:57.992+0200] {dag.py:3437} INFO - Setting next_dagrun for example_xcom_args_with_operators to None, run_after=None
[2025-07-14T12:36:58.042+0200] {processor.py:175} INFO - Processing /home/monica.fernandez/practica_creativa/venv-airflow/lib/python3.11/site-packages/airflow/example_dags/example_xcomargs.py took 0.107 seconds
[2025-07-14T12:37:33.694+0200] {processor.py:153} INFO - Started process (PID=33494) to work on /home/monica.fernandez/practica_creativa/venv-airflow/lib/python3.11/site-packages/airflow/example_dags/example_xcomargs.py
[2025-07-14T12:37:33.695+0200] {processor.py:743} INFO - Processing file /home/monica.fernandez/practica_creativa/venv-airflow/lib/python3.11/site-packages/airflow/example_dags/example_xcomargs.py for tasks to queue
[2025-07-14T12:37:33.695+0200] {logging_mixin.py:137} INFO - [2025-07-14T12:37:33.695+0200] {dagbag.py:538} INFO - Filling up the DagBag from /home/monica.fernandez/practica_creativa/venv-airflow/lib/python3.11/site-packages/airflow/example_dags/example_xcomargs.py
[2025-07-14T12:37:33.706+0200] {processor.py:753} INFO - DAG(s) dict_keys(['example_xcom_args_with_operators', 'example_xcom_args']) retrieved from /home/monica.fernandez/practica_creativa/venv-airflow/lib/python3.11/site-packages/airflow/example_dags/example_xcomargs.py
[2025-07-14T12:37:33.728+0200] {logging_mixin.py:137} INFO - [2025-07-14T12:37:33.728+0200] {dag.py:2690} INFO - Sync 2 DAGs
[2025-07-14T12:37:33.743+0200] {logging_mixin.py:137} INFO - [2025-07-14T12:37:33.743+0200] {dag.py:3437} INFO - Setting next_dagrun for example_xcom_args to None, run_after=None
[2025-07-14T12:37:33.746+0200] {logging_mixin.py:137} INFO - [2025-07-14T12:37:33.746+0200] {dag.py:3437} INFO - Setting next_dagrun for example_xcom_args_with_operators to None, run_after=None
[2025-07-14T12:37:33.786+0200] {processor.py:175} INFO - Processing /home/monica.fernandez/practica_creativa/venv-airflow/lib/python3.11/site-packages/airflow/example_dags/example_xcomargs.py took 0.093 seconds
[2025-07-14T12:38:08.426+0200] {processor.py:153} INFO - Started process (PID=34041) to work on /home/monica.fernandez/practica_creativa/venv-airflow/lib/python3.11/site-packages/airflow/example_dags/example_xcomargs.py
[2025-07-14T12:38:08.427+0200] {processor.py:743} INFO - Processing file /home/monica.fernandez/practica_creativa/venv-airflow/lib/python3.11/site-packages/airflow/example_dags/example_xcomargs.py for tasks to queue
[2025-07-14T12:38:08.427+0200] {logging_mixin.py:137} INFO - [2025-07-14T12:38:08.427+0200] {dagbag.py:538} INFO - Filling up the DagBag from /home/monica.fernandez/practica_creativa/venv-airflow/lib/python3.11/site-packages/airflow/example_dags/example_xcomargs.py
[2025-07-14T12:38:08.442+0200] {processor.py:753} INFO - DAG(s) dict_keys(['example_xcom_args', 'example_xcom_args_with_operators']) retrieved from /home/monica.fernandez/practica_creativa/venv-airflow/lib/python3.11/site-packages/airflow/example_dags/example_xcomargs.py
[2025-07-14T12:38:08.464+0200] {logging_mixin.py:137} INFO - [2025-07-14T12:38:08.464+0200] {dag.py:2690} INFO - Sync 2 DAGs
[2025-07-14T12:38:08.478+0200] {logging_mixin.py:137} INFO - [2025-07-14T12:38:08.478+0200] {dag.py:3437} INFO - Setting next_dagrun for example_xcom_args to None, run_after=None
[2025-07-14T12:38:08.481+0200] {logging_mixin.py:137} INFO - [2025-07-14T12:38:08.481+0200] {dag.py:3437} INFO - Setting next_dagrun for example_xcom_args_with_operators to None, run_after=None
[2025-07-14T12:38:08.531+0200] {processor.py:175} INFO - Processing /home/monica.fernandez/practica_creativa/venv-airflow/lib/python3.11/site-packages/airflow/example_dags/example_xcomargs.py took 0.110 seconds
[2025-07-14T12:38:54.599+0200] {processor.py:153} INFO - Started process (PID=34834) to work on /home/monica.fernandez/practica_creativa/venv-airflow/lib/python3.11/site-packages/airflow/example_dags/example_xcomargs.py
[2025-07-14T12:38:54.600+0200] {processor.py:743} INFO - Processing file /home/monica.fernandez/practica_creativa/venv-airflow/lib/python3.11/site-packages/airflow/example_dags/example_xcomargs.py for tasks to queue
[2025-07-14T12:38:54.600+0200] {logging_mixin.py:137} INFO - [2025-07-14T12:38:54.600+0200] {dagbag.py:538} INFO - Filling up the DagBag from /home/monica.fernandez/practica_creativa/venv-airflow/lib/python3.11/site-packages/airflow/example_dags/example_xcomargs.py
[2025-07-14T12:38:54.622+0200] {processor.py:753} INFO - DAG(s) dict_keys(['example_xcom_args_with_operators', 'example_xcom_args']) retrieved from /home/monica.fernandez/practica_creativa/venv-airflow/lib/python3.11/site-packages/airflow/example_dags/example_xcomargs.py
[2025-07-14T12:38:54.649+0200] {logging_mixin.py:137} INFO - [2025-07-14T12:38:54.649+0200] {dag.py:2690} INFO - Sync 2 DAGs
[2025-07-14T12:38:54.675+0200] {logging_mixin.py:137} INFO - [2025-07-14T12:38:54.675+0200] {dag.py:3437} INFO - Setting next_dagrun for example_xcom_args to None, run_after=None
[2025-07-14T12:38:54.680+0200] {logging_mixin.py:137} INFO - [2025-07-14T12:38:54.680+0200] {dag.py:3437} INFO - Setting next_dagrun for example_xcom_args_with_operators to None, run_after=None
[2025-07-14T12:38:54.742+0200] {processor.py:175} INFO - Processing /home/monica.fernandez/practica_creativa/venv-airflow/lib/python3.11/site-packages/airflow/example_dags/example_xcomargs.py took 0.147 seconds
[2025-07-14T12:39:28.868+0200] {processor.py:153} INFO - Started process (PID=35436) to work on /home/monica.fernandez/practica_creativa/venv-airflow/lib/python3.11/site-packages/airflow/example_dags/example_xcomargs.py
[2025-07-14T12:39:28.869+0200] {processor.py:743} INFO - Processing file /home/monica.fernandez/practica_creativa/venv-airflow/lib/python3.11/site-packages/airflow/example_dags/example_xcomargs.py for tasks to queue
[2025-07-14T12:39:28.870+0200] {logging_mixin.py:137} INFO - [2025-07-14T12:39:28.870+0200] {dagbag.py:538} INFO - Filling up the DagBag from /home/monica.fernandez/practica_creativa/venv-airflow/lib/python3.11/site-packages/airflow/example_dags/example_xcomargs.py
[2025-07-14T12:39:28.888+0200] {processor.py:753} INFO - DAG(s) dict_keys(['example_xcom_args_with_operators', 'example_xcom_args']) retrieved from /home/monica.fernandez/practica_creativa/venv-airflow/lib/python3.11/site-packages/airflow/example_dags/example_xcomargs.py
[2025-07-14T12:39:28.909+0200] {logging_mixin.py:137} INFO - [2025-07-14T12:39:28.909+0200] {dag.py:2690} INFO - Sync 2 DAGs
[2025-07-14T12:39:28.925+0200] {logging_mixin.py:137} INFO - [2025-07-14T12:39:28.925+0200] {dag.py:3437} INFO - Setting next_dagrun for example_xcom_args to None, run_after=None
[2025-07-14T12:39:28.930+0200] {logging_mixin.py:137} INFO - [2025-07-14T12:39:28.930+0200] {dag.py:3437} INFO - Setting next_dagrun for example_xcom_args_with_operators to None, run_after=None
[2025-07-14T12:39:28.977+0200] {processor.py:175} INFO - Processing /home/monica.fernandez/practica_creativa/venv-airflow/lib/python3.11/site-packages/airflow/example_dags/example_xcomargs.py took 0.110 seconds
[2025-07-14T12:40:17.807+0200] {processor.py:153} INFO - Started process (PID=36463) to work on /home/monica.fernandez/practica_creativa/venv-airflow/lib/python3.11/site-packages/airflow/example_dags/example_xcomargs.py
[2025-07-14T12:40:17.808+0200] {processor.py:743} INFO - Processing file /home/monica.fernandez/practica_creativa/venv-airflow/lib/python3.11/site-packages/airflow/example_dags/example_xcomargs.py for tasks to queue
[2025-07-14T12:40:17.809+0200] {logging_mixin.py:137} INFO - [2025-07-14T12:40:17.808+0200] {dagbag.py:538} INFO - Filling up the DagBag from /home/monica.fernandez/practica_creativa/venv-airflow/lib/python3.11/site-packages/airflow/example_dags/example_xcomargs.py
[2025-07-14T12:40:17.833+0200] {processor.py:753} INFO - DAG(s) dict_keys(['example_xcom_args', 'example_xcom_args_with_operators']) retrieved from /home/monica.fernandez/practica_creativa/venv-airflow/lib/python3.11/site-packages/airflow/example_dags/example_xcomargs.py
[2025-07-14T12:40:17.872+0200] {logging_mixin.py:137} INFO - [2025-07-14T12:40:17.872+0200] {dag.py:2690} INFO - Sync 2 DAGs
[2025-07-14T12:40:17.901+0200] {logging_mixin.py:137} INFO - [2025-07-14T12:40:17.901+0200] {dag.py:3437} INFO - Setting next_dagrun for example_xcom_args to None, run_after=None
[2025-07-14T12:40:17.907+0200] {logging_mixin.py:137} INFO - [2025-07-14T12:40:17.906+0200] {dag.py:3437} INFO - Setting next_dagrun for example_xcom_args_with_operators to None, run_after=None
[2025-07-14T12:40:17.966+0200] {processor.py:175} INFO - Processing /home/monica.fernandez/practica_creativa/venv-airflow/lib/python3.11/site-packages/airflow/example_dags/example_xcomargs.py took 0.161 seconds
