[2025-07-14T12:32:38.128+0200] {processor.py:153} INFO - Started process (PID=25692) to work on /home/monica.fernandez/practica_creativa/venv-airflow/lib/python3.11/site-packages/airflow/example_dags/example_xcom.py
[2025-07-14T12:32:38.129+0200] {processor.py:743} INFO - Processing file /home/monica.fernandez/practica_creativa/venv-airflow/lib/python3.11/site-packages/airflow/example_dags/example_xcom.py for tasks to queue
[2025-07-14T12:32:38.129+0200] {logging_mixin.py:137} INFO - [2025-07-14T12:32:38.129+0200] {dagbag.py:538} INFO - Filling up the DagBag from /home/monica.fernandez/practica_creativa/venv-airflow/lib/python3.11/site-packages/airflow/example_dags/example_xcom.py
[2025-07-14T12:32:38.149+0200] {processor.py:753} INFO - DAG(s) dict_keys(['example_xcom']) retrieved from /home/monica.fernandez/practica_creativa/venv-airflow/lib/python3.11/site-packages/airflow/example_dags/example_xcom.py
[2025-07-14T12:32:38.167+0200] {logging_mixin.py:137} INFO - [2025-07-14T12:32:38.167+0200] {dag.py:2690} INFO - Sync 1 DAGs
[2025-07-14T12:32:38.183+0200] {logging_mixin.py:137} INFO - [2025-07-14T12:32:38.183+0200] {dag.py:3437} INFO - Setting next_dagrun for example_xcom to 2021-01-01T00:00:00+00:00, run_after=2021-01-01T00:00:00+00:00
[2025-07-14T12:32:38.225+0200] {processor.py:175} INFO - Processing /home/monica.fernandez/practica_creativa/venv-airflow/lib/python3.11/site-packages/airflow/example_dags/example_xcom.py took 0.100 seconds
[2025-07-14T12:33:15.888+0200] {processor.py:153} INFO - Started process (PID=26475) to work on /home/monica.fernandez/practica_creativa/venv-airflow/lib/python3.11/site-packages/airflow/example_dags/example_xcom.py
[2025-07-14T12:33:15.888+0200] {processor.py:743} INFO - Processing file /home/monica.fernandez/practica_creativa/venv-airflow/lib/python3.11/site-packages/airflow/example_dags/example_xcom.py for tasks to queue
[2025-07-14T12:33:15.889+0200] {logging_mixin.py:137} INFO - [2025-07-14T12:33:15.889+0200] {dagbag.py:538} INFO - Filling up the DagBag from /home/monica.fernandez/practica_creativa/venv-airflow/lib/python3.11/site-packages/airflow/example_dags/example_xcom.py
[2025-07-14T12:33:15.905+0200] {processor.py:753} INFO - DAG(s) dict_keys(['example_xcom']) retrieved from /home/monica.fernandez/practica_creativa/venv-airflow/lib/python3.11/site-packages/airflow/example_dags/example_xcom.py
[2025-07-14T12:33:15.925+0200] {logging_mixin.py:137} INFO - [2025-07-14T12:33:15.925+0200] {dag.py:2690} INFO - Sync 1 DAGs
[2025-07-14T12:33:15.943+0200] {logging_mixin.py:137} INFO - [2025-07-14T12:33:15.943+0200] {dag.py:3437} INFO - Setting next_dagrun for example_xcom to 2021-01-01T00:00:00+00:00, run_after=2021-01-01T00:00:00+00:00
[2025-07-14T12:33:15.988+0200] {processor.py:175} INFO - Processing /home/monica.fernandez/practica_creativa/venv-airflow/lib/python3.11/site-packages/airflow/example_dags/example_xcom.py took 0.101 seconds
[2025-07-14T12:35:26.621+0200] {processor.py:153} INFO - Started process (PID=30906) to work on /home/monica.fernandez/practica_creativa/venv-airflow/lib/python3.11/site-packages/airflow/example_dags/example_xcom.py
[2025-07-14T12:35:26.621+0200] {processor.py:743} INFO - Processing file /home/monica.fernandez/practica_creativa/venv-airflow/lib/python3.11/site-packages/airflow/example_dags/example_xcom.py for tasks to queue
[2025-07-14T12:35:26.621+0200] {logging_mixin.py:137} INFO - [2025-07-14T12:35:26.621+0200] {dagbag.py:538} INFO - Filling up the DagBag from /home/monica.fernandez/practica_creativa/venv-airflow/lib/python3.11/site-packages/airflow/example_dags/example_xcom.py
[2025-07-14T12:35:26.632+0200] {processor.py:753} INFO - DAG(s) dict_keys(['example_xcom']) retrieved from /home/monica.fernandez/practica_creativa/venv-airflow/lib/python3.11/site-packages/airflow/example_dags/example_xcom.py
[2025-07-14T12:35:26.652+0200] {logging_mixin.py:137} INFO - [2025-07-14T12:35:26.652+0200] {dag.py:2690} INFO - Sync 1 DAGs
[2025-07-14T12:35:26.670+0200] {logging_mixin.py:137} INFO - [2025-07-14T12:35:26.670+0200] {dag.py:3437} INFO - Setting next_dagrun for example_xcom to 2021-01-01T00:00:00+00:00, run_after=2021-01-01T00:00:00+00:00
[2025-07-14T12:35:26.714+0200] {processor.py:175} INFO - Processing /home/monica.fernandez/practica_creativa/venv-airflow/lib/python3.11/site-packages/airflow/example_dags/example_xcom.py took 0.095 seconds
[2025-07-14T12:36:11.857+0200] {processor.py:153} INFO - Started process (PID=32205) to work on /home/monica.fernandez/practica_creativa/venv-airflow/lib/python3.11/site-packages/airflow/example_dags/example_xcom.py
[2025-07-14T12:36:11.858+0200] {processor.py:743} INFO - Processing file /home/monica.fernandez/practica_creativa/venv-airflow/lib/python3.11/site-packages/airflow/example_dags/example_xcom.py for tasks to queue
[2025-07-14T12:36:11.858+0200] {logging_mixin.py:137} INFO - [2025-07-14T12:36:11.858+0200] {dagbag.py:538} INFO - Filling up the DagBag from /home/monica.fernandez/practica_creativa/venv-airflow/lib/python3.11/site-packages/airflow/example_dags/example_xcom.py
[2025-07-14T12:36:11.878+0200] {processor.py:753} INFO - DAG(s) dict_keys(['example_xcom']) retrieved from /home/monica.fernandez/practica_creativa/venv-airflow/lib/python3.11/site-packages/airflow/example_dags/example_xcom.py
[2025-07-14T12:36:11.902+0200] {logging_mixin.py:137} INFO - [2025-07-14T12:36:11.902+0200] {dag.py:2690} INFO - Sync 1 DAGs
[2025-07-14T12:36:11.925+0200] {logging_mixin.py:137} INFO - [2025-07-14T12:36:11.925+0200] {dag.py:3437} INFO - Setting next_dagrun for example_xcom to 2021-01-01T00:00:00+00:00, run_after=2021-01-01T00:00:00+00:00
[2025-07-14T12:36:11.990+0200] {processor.py:175} INFO - Processing /home/monica.fernandez/practica_creativa/venv-airflow/lib/python3.11/site-packages/airflow/example_dags/example_xcom.py took 0.137 seconds
[2025-07-14T12:36:58.510+0200] {processor.py:153} INFO - Started process (PID=32948) to work on /home/monica.fernandez/practica_creativa/venv-airflow/lib/python3.11/site-packages/airflow/example_dags/example_xcom.py
[2025-07-14T12:36:58.510+0200] {processor.py:743} INFO - Processing file /home/monica.fernandez/practica_creativa/venv-airflow/lib/python3.11/site-packages/airflow/example_dags/example_xcom.py for tasks to queue
[2025-07-14T12:36:58.511+0200] {logging_mixin.py:137} INFO - [2025-07-14T12:36:58.511+0200] {dagbag.py:538} INFO - Filling up the DagBag from /home/monica.fernandez/practica_creativa/venv-airflow/lib/python3.11/site-packages/airflow/example_dags/example_xcom.py
[2025-07-14T12:36:58.527+0200] {processor.py:753} INFO - DAG(s) dict_keys(['example_xcom']) retrieved from /home/monica.fernandez/practica_creativa/venv-airflow/lib/python3.11/site-packages/airflow/example_dags/example_xcom.py
[2025-07-14T12:36:58.545+0200] {logging_mixin.py:137} INFO - [2025-07-14T12:36:58.545+0200] {dag.py:2690} INFO - Sync 1 DAGs
[2025-07-14T12:36:58.560+0200] {logging_mixin.py:137} INFO - [2025-07-14T12:36:58.560+0200] {dag.py:3437} INFO - Setting next_dagrun for example_xcom to 2021-01-01T00:00:00+00:00, run_after=2021-01-01T00:00:00+00:00
[2025-07-14T12:36:58.623+0200] {processor.py:175} INFO - Processing /home/monica.fernandez/practica_creativa/venv-airflow/lib/python3.11/site-packages/airflow/example_dags/example_xcom.py took 0.116 seconds
[2025-07-14T12:37:34.952+0200] {processor.py:153} INFO - Started process (PID=33512) to work on /home/monica.fernandez/practica_creativa/venv-airflow/lib/python3.11/site-packages/airflow/example_dags/example_xcom.py
[2025-07-14T12:37:34.952+0200] {processor.py:743} INFO - Processing file /home/monica.fernandez/practica_creativa/venv-airflow/lib/python3.11/site-packages/airflow/example_dags/example_xcom.py for tasks to queue
[2025-07-14T12:37:34.953+0200] {logging_mixin.py:137} INFO - [2025-07-14T12:37:34.953+0200] {dagbag.py:538} INFO - Filling up the DagBag from /home/monica.fernandez/practica_creativa/venv-airflow/lib/python3.11/site-packages/airflow/example_dags/example_xcom.py
[2025-07-14T12:37:34.969+0200] {processor.py:753} INFO - DAG(s) dict_keys(['example_xcom']) retrieved from /home/monica.fernandez/practica_creativa/venv-airflow/lib/python3.11/site-packages/airflow/example_dags/example_xcom.py
[2025-07-14T12:37:34.987+0200] {logging_mixin.py:137} INFO - [2025-07-14T12:37:34.987+0200] {dag.py:2690} INFO - Sync 1 DAGs
[2025-07-14T12:37:35.001+0200] {logging_mixin.py:137} INFO - [2025-07-14T12:37:35.001+0200] {dag.py:3437} INFO - Setting next_dagrun for example_xcom to 2021-01-01T00:00:00+00:00, run_after=2021-01-01T00:00:00+00:00
[2025-07-14T12:37:35.050+0200] {processor.py:175} INFO - Processing /home/monica.fernandez/practica_creativa/venv-airflow/lib/python3.11/site-packages/airflow/example_dags/example_xcom.py took 0.102 seconds
[2025-07-14T12:38:09.730+0200] {processor.py:153} INFO - Started process (PID=34061) to work on /home/monica.fernandez/practica_creativa/venv-airflow/lib/python3.11/site-packages/airflow/example_dags/example_xcom.py
[2025-07-14T12:38:09.731+0200] {processor.py:743} INFO - Processing file /home/monica.fernandez/practica_creativa/venv-airflow/lib/python3.11/site-packages/airflow/example_dags/example_xcom.py for tasks to queue
[2025-07-14T12:38:09.731+0200] {logging_mixin.py:137} INFO - [2025-07-14T12:38:09.731+0200] {dagbag.py:538} INFO - Filling up the DagBag from /home/monica.fernandez/practica_creativa/venv-airflow/lib/python3.11/site-packages/airflow/example_dags/example_xcom.py
[2025-07-14T12:38:09.748+0200] {processor.py:753} INFO - DAG(s) dict_keys(['example_xcom']) retrieved from /home/monica.fernandez/practica_creativa/venv-airflow/lib/python3.11/site-packages/airflow/example_dags/example_xcom.py
[2025-07-14T12:38:09.768+0200] {logging_mixin.py:137} INFO - [2025-07-14T12:38:09.768+0200] {dag.py:2690} INFO - Sync 1 DAGs
[2025-07-14T12:38:09.787+0200] {logging_mixin.py:137} INFO - [2025-07-14T12:38:09.787+0200] {dag.py:3437} INFO - Setting next_dagrun for example_xcom to 2021-01-01T00:00:00+00:00, run_after=2021-01-01T00:00:00+00:00
[2025-07-14T12:38:09.852+0200] {processor.py:175} INFO - Processing /home/monica.fernandez/practica_creativa/venv-airflow/lib/python3.11/site-packages/airflow/example_dags/example_xcom.py took 0.126 seconds
[2025-07-14T12:38:55.904+0200] {processor.py:153} INFO - Started process (PID=34850) to work on /home/monica.fernandez/practica_creativa/venv-airflow/lib/python3.11/site-packages/airflow/example_dags/example_xcom.py
[2025-07-14T12:38:55.905+0200] {processor.py:743} INFO - Processing file /home/monica.fernandez/practica_creativa/venv-airflow/lib/python3.11/site-packages/airflow/example_dags/example_xcom.py for tasks to queue
[2025-07-14T12:38:55.906+0200] {logging_mixin.py:137} INFO - [2025-07-14T12:38:55.906+0200] {dagbag.py:538} INFO - Filling up the DagBag from /home/monica.fernandez/practica_creativa/venv-airflow/lib/python3.11/site-packages/airflow/example_dags/example_xcom.py
[2025-07-14T12:38:55.919+0200] {processor.py:753} INFO - DAG(s) dict_keys(['example_xcom']) retrieved from /home/monica.fernandez/practica_creativa/venv-airflow/lib/python3.11/site-packages/airflow/example_dags/example_xcom.py
[2025-07-14T12:38:55.939+0200] {logging_mixin.py:137} INFO - [2025-07-14T12:38:55.939+0200] {dag.py:2690} INFO - Sync 1 DAGs
[2025-07-14T12:38:55.965+0200] {logging_mixin.py:137} INFO - [2025-07-14T12:38:55.965+0200] {dag.py:3437} INFO - Setting next_dagrun for example_xcom to 2021-01-01T00:00:00+00:00, run_after=2021-01-01T00:00:00+00:00
[2025-07-14T12:38:56.032+0200] {processor.py:175} INFO - Processing /home/monica.fernandez/practica_creativa/venv-airflow/lib/python3.11/site-packages/airflow/example_dags/example_xcom.py took 0.131 seconds
[2025-07-14T12:39:44.757+0200] {processor.py:153} INFO - Started process (PID=35639) to work on /home/monica.fernandez/practica_creativa/venv-airflow/lib/python3.11/site-packages/airflow/example_dags/example_xcom.py
[2025-07-14T12:39:44.757+0200] {processor.py:743} INFO - Processing file /home/monica.fernandez/practica_creativa/venv-airflow/lib/python3.11/site-packages/airflow/example_dags/example_xcom.py for tasks to queue
[2025-07-14T12:39:44.758+0200] {logging_mixin.py:137} INFO - [2025-07-14T12:39:44.758+0200] {dagbag.py:538} INFO - Filling up the DagBag from /home/monica.fernandez/practica_creativa/venv-airflow/lib/python3.11/site-packages/airflow/example_dags/example_xcom.py
[2025-07-14T12:39:44.779+0200] {processor.py:753} INFO - DAG(s) dict_keys(['example_xcom']) retrieved from /home/monica.fernandez/practica_creativa/venv-airflow/lib/python3.11/site-packages/airflow/example_dags/example_xcom.py
[2025-07-14T12:39:44.803+0200] {logging_mixin.py:137} INFO - [2025-07-14T12:39:44.803+0200] {dag.py:2690} INFO - Sync 1 DAGs
[2025-07-14T12:39:44.819+0200] {logging_mixin.py:137} INFO - [2025-07-14T12:39:44.819+0200] {dag.py:3437} INFO - Setting next_dagrun for example_xcom to 2021-01-01T00:00:00+00:00, run_after=2021-01-01T00:00:00+00:00
[2025-07-14T12:39:44.872+0200] {processor.py:175} INFO - Processing /home/monica.fernandez/practica_creativa/venv-airflow/lib/python3.11/site-packages/airflow/example_dags/example_xcom.py took 0.119 seconds
[2025-07-14T12:40:19.137+0200] {processor.py:153} INFO - Started process (PID=36618) to work on /home/monica.fernandez/practica_creativa/venv-airflow/lib/python3.11/site-packages/airflow/example_dags/example_xcom.py
[2025-07-14T12:40:19.138+0200] {processor.py:743} INFO - Processing file /home/monica.fernandez/practica_creativa/venv-airflow/lib/python3.11/site-packages/airflow/example_dags/example_xcom.py for tasks to queue
[2025-07-14T12:40:19.139+0200] {logging_mixin.py:137} INFO - [2025-07-14T12:40:19.139+0200] {dagbag.py:538} INFO - Filling up the DagBag from /home/monica.fernandez/practica_creativa/venv-airflow/lib/python3.11/site-packages/airflow/example_dags/example_xcom.py
[2025-07-14T12:40:19.153+0200] {processor.py:753} INFO - DAG(s) dict_keys(['example_xcom']) retrieved from /home/monica.fernandez/practica_creativa/venv-airflow/lib/python3.11/site-packages/airflow/example_dags/example_xcom.py
[2025-07-14T12:40:19.171+0200] {logging_mixin.py:137} INFO - [2025-07-14T12:40:19.171+0200] {dag.py:2690} INFO - Sync 1 DAGs
[2025-07-14T12:40:19.189+0200] {logging_mixin.py:137} INFO - [2025-07-14T12:40:19.189+0200] {dag.py:3437} INFO - Setting next_dagrun for example_xcom to 2021-01-01T00:00:00+00:00, run_after=2021-01-01T00:00:00+00:00
[2025-07-14T12:40:19.249+0200] {processor.py:175} INFO - Processing /home/monica.fernandez/practica_creativa/venv-airflow/lib/python3.11/site-packages/airflow/example_dags/example_xcom.py took 0.114 seconds
