[2025-07-14T12:33:32.757+0200] {processor.py:153} INFO - Started process (PID=26782) to work on /home/monica.fernandez/practica_creativa/venv-airflow/lib/python3.11/site-packages/airflow/example_dags/example_sensor_decorator.py
[2025-07-14T12:33:32.758+0200] {processor.py:743} INFO - Processing file /home/monica.fernandez/practica_creativa/venv-airflow/lib/python3.11/site-packages/airflow/example_dags/example_sensor_decorator.py for tasks to queue
[2025-07-14T12:33:32.758+0200] {logging_mixin.py:137} INFO - [2025-07-14T12:33:32.758+0200] {dagbag.py:538} INFO - Filling up the DagBag from /home/monica.fernandez/practica_creativa/venv-airflow/lib/python3.11/site-packages/airflow/example_dags/example_sensor_decorator.py
[2025-07-14T12:33:32.772+0200] {processor.py:753} INFO - DAG(s) dict_keys(['example_sensor_decorator']) retrieved from /home/monica.fernandez/practica_creativa/venv-airflow/lib/python3.11/site-packages/airflow/example_dags/example_sensor_decorator.py
[2025-07-14T12:33:32.791+0200] {logging_mixin.py:137} INFO - [2025-07-14T12:33:32.791+0200] {dag.py:2690} INFO - Sync 1 DAGs
[2025-07-14T12:33:32.810+0200] {logging_mixin.py:137} INFO - [2025-07-14T12:33:32.809+0200] {dag.py:3437} INFO - Setting next_dagrun for example_sensor_decorator to None, run_after=None
[2025-07-14T12:33:32.872+0200] {processor.py:175} INFO - Processing /home/monica.fernandez/practica_creativa/venv-airflow/lib/python3.11/site-packages/airflow/example_dags/example_sensor_decorator.py took 0.115 seconds
[2025-07-14T12:35:40.296+0200] {processor.py:153} INFO - Started process (PID=31087) to work on /home/monica.fernandez/practica_creativa/venv-airflow/lib/python3.11/site-packages/airflow/example_dags/example_sensor_decorator.py
[2025-07-14T12:35:40.297+0200] {processor.py:743} INFO - Processing file /home/monica.fernandez/practica_creativa/venv-airflow/lib/python3.11/site-packages/airflow/example_dags/example_sensor_decorator.py for tasks to queue
[2025-07-14T12:35:40.297+0200] {logging_mixin.py:137} INFO - [2025-07-14T12:35:40.297+0200] {dagbag.py:538} INFO - Filling up the DagBag from /home/monica.fernandez/practica_creativa/venv-airflow/lib/python3.11/site-packages/airflow/example_dags/example_sensor_decorator.py
[2025-07-14T12:35:40.316+0200] {processor.py:753} INFO - DAG(s) dict_keys(['example_sensor_decorator']) retrieved from /home/monica.fernandez/practica_creativa/venv-airflow/lib/python3.11/site-packages/airflow/example_dags/example_sensor_decorator.py
[2025-07-14T12:35:40.336+0200] {logging_mixin.py:137} INFO - [2025-07-14T12:35:40.336+0200] {dag.py:2690} INFO - Sync 1 DAGs
[2025-07-14T12:35:40.349+0200] {logging_mixin.py:137} INFO - [2025-07-14T12:35:40.349+0200] {dag.py:3437} INFO - Setting next_dagrun for example_sensor_decorator to None, run_after=None
[2025-07-14T12:35:40.398+0200] {processor.py:175} INFO - Processing /home/monica.fernandez/practica_creativa/venv-airflow/lib/python3.11/site-packages/airflow/example_dags/example_sensor_decorator.py took 0.105 seconds
[2025-07-14T12:36:27.629+0200] {processor.py:153} INFO - Started process (PID=32506) to work on /home/monica.fernandez/practica_creativa/venv-airflow/lib/python3.11/site-packages/airflow/example_dags/example_sensor_decorator.py
[2025-07-14T12:36:27.629+0200] {processor.py:743} INFO - Processing file /home/monica.fernandez/practica_creativa/venv-airflow/lib/python3.11/site-packages/airflow/example_dags/example_sensor_decorator.py for tasks to queue
[2025-07-14T12:36:27.630+0200] {logging_mixin.py:137} INFO - [2025-07-14T12:36:27.630+0200] {dagbag.py:538} INFO - Filling up the DagBag from /home/monica.fernandez/practica_creativa/venv-airflow/lib/python3.11/site-packages/airflow/example_dags/example_sensor_decorator.py
[2025-07-14T12:36:27.644+0200] {processor.py:753} INFO - DAG(s) dict_keys(['example_sensor_decorator']) retrieved from /home/monica.fernandez/practica_creativa/venv-airflow/lib/python3.11/site-packages/airflow/example_dags/example_sensor_decorator.py
[2025-07-14T12:36:27.667+0200] {logging_mixin.py:137} INFO - [2025-07-14T12:36:27.667+0200] {dag.py:2690} INFO - Sync 1 DAGs
[2025-07-14T12:36:27.684+0200] {logging_mixin.py:137} INFO - [2025-07-14T12:36:27.684+0200] {dag.py:3437} INFO - Setting next_dagrun for example_sensor_decorator to None, run_after=None
[2025-07-14T12:36:27.732+0200] {processor.py:175} INFO - Processing /home/monica.fernandez/practica_creativa/venv-airflow/lib/python3.11/site-packages/airflow/example_dags/example_sensor_decorator.py took 0.107 seconds
[2025-07-14T12:37:19.929+0200] {processor.py:153} INFO - Started process (PID=33241) to work on /home/monica.fernandez/practica_creativa/venv-airflow/lib/python3.11/site-packages/airflow/example_dags/example_sensor_decorator.py
[2025-07-14T12:37:19.930+0200] {processor.py:743} INFO - Processing file /home/monica.fernandez/practica_creativa/venv-airflow/lib/python3.11/site-packages/airflow/example_dags/example_sensor_decorator.py for tasks to queue
[2025-07-14T12:37:19.930+0200] {logging_mixin.py:137} INFO - [2025-07-14T12:37:19.930+0200] {dagbag.py:538} INFO - Filling up the DagBag from /home/monica.fernandez/practica_creativa/venv-airflow/lib/python3.11/site-packages/airflow/example_dags/example_sensor_decorator.py
[2025-07-14T12:37:19.945+0200] {processor.py:753} INFO - DAG(s) dict_keys(['example_sensor_decorator']) retrieved from /home/monica.fernandez/practica_creativa/venv-airflow/lib/python3.11/site-packages/airflow/example_dags/example_sensor_decorator.py
[2025-07-14T12:37:19.963+0200] {logging_mixin.py:137} INFO - [2025-07-14T12:37:19.963+0200] {dag.py:2690} INFO - Sync 1 DAGs
[2025-07-14T12:37:19.981+0200] {logging_mixin.py:137} INFO - [2025-07-14T12:37:19.981+0200] {dag.py:3437} INFO - Setting next_dagrun for example_sensor_decorator to None, run_after=None
[2025-07-14T12:37:20.040+0200] {processor.py:175} INFO - Processing /home/monica.fernandez/practica_creativa/venv-airflow/lib/python3.11/site-packages/airflow/example_dags/example_sensor_decorator.py took 0.114 seconds
[2025-07-14T12:38:10.329+0200] {processor.py:153} INFO - Started process (PID=34062) to work on /home/monica.fernandez/practica_creativa/venv-airflow/lib/python3.11/site-packages/airflow/example_dags/example_sensor_decorator.py
[2025-07-14T12:38:10.330+0200] {processor.py:743} INFO - Processing file /home/monica.fernandez/practica_creativa/venv-airflow/lib/python3.11/site-packages/airflow/example_dags/example_sensor_decorator.py for tasks to queue
[2025-07-14T12:38:10.330+0200] {logging_mixin.py:137} INFO - [2025-07-14T12:38:10.330+0200] {dagbag.py:538} INFO - Filling up the DagBag from /home/monica.fernandez/practica_creativa/venv-airflow/lib/python3.11/site-packages/airflow/example_dags/example_sensor_decorator.py
[2025-07-14T12:38:10.339+0200] {processor.py:753} INFO - DAG(s) dict_keys(['example_sensor_decorator']) retrieved from /home/monica.fernandez/practica_creativa/venv-airflow/lib/python3.11/site-packages/airflow/example_dags/example_sensor_decorator.py
[2025-07-14T12:38:10.356+0200] {logging_mixin.py:137} INFO - [2025-07-14T12:38:10.356+0200] {dag.py:2690} INFO - Sync 1 DAGs
[2025-07-14T12:38:10.369+0200] {logging_mixin.py:137} INFO - [2025-07-14T12:38:10.368+0200] {dag.py:3437} INFO - Setting next_dagrun for example_sensor_decorator to None, run_after=None
[2025-07-14T12:38:10.422+0200] {processor.py:175} INFO - Processing /home/monica.fernandez/practica_creativa/venv-airflow/lib/python3.11/site-packages/airflow/example_dags/example_sensor_decorator.py took 0.095 seconds
[2025-07-14T12:38:57.191+0200] {processor.py:153} INFO - Started process (PID=34854) to work on /home/monica.fernandez/practica_creativa/venv-airflow/lib/python3.11/site-packages/airflow/example_dags/example_sensor_decorator.py
[2025-07-14T12:38:57.192+0200] {processor.py:743} INFO - Processing file /home/monica.fernandez/practica_creativa/venv-airflow/lib/python3.11/site-packages/airflow/example_dags/example_sensor_decorator.py for tasks to queue
[2025-07-14T12:38:57.192+0200] {logging_mixin.py:137} INFO - [2025-07-14T12:38:57.192+0200] {dagbag.py:538} INFO - Filling up the DagBag from /home/monica.fernandez/practica_creativa/venv-airflow/lib/python3.11/site-packages/airflow/example_dags/example_sensor_decorator.py
[2025-07-14T12:38:57.209+0200] {processor.py:753} INFO - DAG(s) dict_keys(['example_sensor_decorator']) retrieved from /home/monica.fernandez/practica_creativa/venv-airflow/lib/python3.11/site-packages/airflow/example_dags/example_sensor_decorator.py
[2025-07-14T12:38:57.228+0200] {logging_mixin.py:137} INFO - [2025-07-14T12:38:57.228+0200] {dag.py:2690} INFO - Sync 1 DAGs
[2025-07-14T12:38:57.243+0200] {logging_mixin.py:137} INFO - [2025-07-14T12:38:57.243+0200] {dag.py:3437} INFO - Setting next_dagrun for example_sensor_decorator to None, run_after=None
[2025-07-14T12:38:57.294+0200] {processor.py:175} INFO - Processing /home/monica.fernandez/practica_creativa/venv-airflow/lib/python3.11/site-packages/airflow/example_dags/example_sensor_decorator.py took 0.106 seconds
[2025-07-14T12:39:46.105+0200] {processor.py:153} INFO - Started process (PID=35656) to work on /home/monica.fernandez/practica_creativa/venv-airflow/lib/python3.11/site-packages/airflow/example_dags/example_sensor_decorator.py
[2025-07-14T12:39:46.105+0200] {processor.py:743} INFO - Processing file /home/monica.fernandez/practica_creativa/venv-airflow/lib/python3.11/site-packages/airflow/example_dags/example_sensor_decorator.py for tasks to queue
[2025-07-14T12:39:46.106+0200] {logging_mixin.py:137} INFO - [2025-07-14T12:39:46.106+0200] {dagbag.py:538} INFO - Filling up the DagBag from /home/monica.fernandez/practica_creativa/venv-airflow/lib/python3.11/site-packages/airflow/example_dags/example_sensor_decorator.py
[2025-07-14T12:39:46.123+0200] {processor.py:753} INFO - DAG(s) dict_keys(['example_sensor_decorator']) retrieved from /home/monica.fernandez/practica_creativa/venv-airflow/lib/python3.11/site-packages/airflow/example_dags/example_sensor_decorator.py
[2025-07-14T12:39:46.143+0200] {logging_mixin.py:137} INFO - [2025-07-14T12:39:46.142+0200] {dag.py:2690} INFO - Sync 1 DAGs
[2025-07-14T12:39:46.157+0200] {logging_mixin.py:137} INFO - [2025-07-14T12:39:46.157+0200] {dag.py:3437} INFO - Setting next_dagrun for example_sensor_decorator to None, run_after=None
[2025-07-14T12:39:46.212+0200] {processor.py:175} INFO - Processing /home/monica.fernandez/practica_creativa/venv-airflow/lib/python3.11/site-packages/airflow/example_dags/example_sensor_decorator.py took 0.111 seconds
[2025-07-14T12:40:39.387+0200] {processor.py:153} INFO - Started process (PID=36977) to work on /home/monica.fernandez/practica_creativa/venv-airflow/lib/python3.11/site-packages/airflow/example_dags/example_sensor_decorator.py
[2025-07-14T12:40:39.388+0200] {processor.py:743} INFO - Processing file /home/monica.fernandez/practica_creativa/venv-airflow/lib/python3.11/site-packages/airflow/example_dags/example_sensor_decorator.py for tasks to queue
[2025-07-14T12:40:39.389+0200] {logging_mixin.py:137} INFO - [2025-07-14T12:40:39.389+0200] {dagbag.py:538} INFO - Filling up the DagBag from /home/monica.fernandez/practica_creativa/venv-airflow/lib/python3.11/site-packages/airflow/example_dags/example_sensor_decorator.py
[2025-07-14T12:40:39.402+0200] {processor.py:753} INFO - DAG(s) dict_keys(['example_sensor_decorator']) retrieved from /home/monica.fernandez/practica_creativa/venv-airflow/lib/python3.11/site-packages/airflow/example_dags/example_sensor_decorator.py
[2025-07-14T12:40:39.427+0200] {logging_mixin.py:137} INFO - [2025-07-14T12:40:39.427+0200] {dag.py:2690} INFO - Sync 1 DAGs
[2025-07-14T12:40:39.445+0200] {logging_mixin.py:137} INFO - [2025-07-14T12:40:39.445+0200] {dag.py:3437} INFO - Setting next_dagrun for example_sensor_decorator to None, run_after=None
[2025-07-14T12:40:39.495+0200] {processor.py:175} INFO - Processing /home/monica.fernandez/practica_creativa/venv-airflow/lib/python3.11/site-packages/airflow/example_dags/example_sensor_decorator.py took 0.111 seconds
