[2025-07-14T12:32:43.824+0200] {processor.py:153} INFO - Started process (PID=25752) to work on /home/monica.fernandez/practica_creativa/venv-airflow/lib/python3.11/site-packages/airflow/example_dags/example_skip_dag.py
[2025-07-14T12:32:43.825+0200] {processor.py:743} INFO - Processing file /home/monica.fernandez/practica_creativa/venv-airflow/lib/python3.11/site-packages/airflow/example_dags/example_skip_dag.py for tasks to queue
[2025-07-14T12:32:43.825+0200] {logging_mixin.py:137} INFO - [2025-07-14T12:32:43.825+0200] {dagbag.py:538} INFO - Filling up the DagBag from /home/monica.fernandez/practica_creativa/venv-airflow/lib/python3.11/site-packages/airflow/example_dags/example_skip_dag.py
[2025-07-14T12:32:43.843+0200] {processor.py:753} INFO - DAG(s) dict_keys(['example_skip_dag']) retrieved from /home/monica.fernandez/practica_creativa/venv-airflow/lib/python3.11/site-packages/airflow/example_dags/example_skip_dag.py
[2025-07-14T12:32:43.861+0200] {logging_mixin.py:137} INFO - [2025-07-14T12:32:43.861+0200] {dag.py:2690} INFO - Sync 1 DAGs
[2025-07-14T12:32:43.875+0200] {logging_mixin.py:137} INFO - [2025-07-14T12:32:43.875+0200] {dag.py:3437} INFO - Setting next_dagrun for example_skip_dag to 2025-07-13T10:32:43.875642+00:00, run_after=2025-07-14T10:32:43.875642+00:00
[2025-07-14T12:32:43.929+0200] {processor.py:175} INFO - Processing /home/monica.fernandez/practica_creativa/venv-airflow/lib/python3.11/site-packages/airflow/example_dags/example_skip_dag.py took 0.109 seconds
[2025-07-14T12:33:23.563+0200] {processor.py:153} INFO - Started process (PID=26660) to work on /home/monica.fernandez/practica_creativa/venv-airflow/lib/python3.11/site-packages/airflow/example_dags/example_skip_dag.py
[2025-07-14T12:33:23.564+0200] {processor.py:743} INFO - Processing file /home/monica.fernandez/practica_creativa/venv-airflow/lib/python3.11/site-packages/airflow/example_dags/example_skip_dag.py for tasks to queue
[2025-07-14T12:33:23.565+0200] {logging_mixin.py:137} INFO - [2025-07-14T12:33:23.565+0200] {dagbag.py:538} INFO - Filling up the DagBag from /home/monica.fernandez/practica_creativa/venv-airflow/lib/python3.11/site-packages/airflow/example_dags/example_skip_dag.py
[2025-07-14T12:33:23.581+0200] {processor.py:753} INFO - DAG(s) dict_keys(['example_skip_dag']) retrieved from /home/monica.fernandez/practica_creativa/venv-airflow/lib/python3.11/site-packages/airflow/example_dags/example_skip_dag.py
[2025-07-14T12:33:23.600+0200] {logging_mixin.py:137} INFO - [2025-07-14T12:33:23.600+0200] {dag.py:2690} INFO - Sync 1 DAGs
[2025-07-14T12:33:23.617+0200] {logging_mixin.py:137} INFO - [2025-07-14T12:33:23.617+0200] {dag.py:3437} INFO - Setting next_dagrun for example_skip_dag to 2025-07-13T10:33:23.617703+00:00, run_after=2025-07-14T10:33:23.617703+00:00
[2025-07-14T12:33:23.671+0200] {processor.py:175} INFO - Processing /home/monica.fernandez/practica_creativa/venv-airflow/lib/python3.11/site-packages/airflow/example_dags/example_skip_dag.py took 0.111 seconds
[2025-07-14T12:35:32.309+0200] {processor.py:153} INFO - Started process (PID=30969) to work on /home/monica.fernandez/practica_creativa/venv-airflow/lib/python3.11/site-packages/airflow/example_dags/example_skip_dag.py
[2025-07-14T12:35:32.310+0200] {processor.py:743} INFO - Processing file /home/monica.fernandez/practica_creativa/venv-airflow/lib/python3.11/site-packages/airflow/example_dags/example_skip_dag.py for tasks to queue
[2025-07-14T12:35:32.311+0200] {logging_mixin.py:137} INFO - [2025-07-14T12:35:32.311+0200] {dagbag.py:538} INFO - Filling up the DagBag from /home/monica.fernandez/practica_creativa/venv-airflow/lib/python3.11/site-packages/airflow/example_dags/example_skip_dag.py
[2025-07-14T12:35:32.318+0200] {processor.py:753} INFO - DAG(s) dict_keys(['example_skip_dag']) retrieved from /home/monica.fernandez/practica_creativa/venv-airflow/lib/python3.11/site-packages/airflow/example_dags/example_skip_dag.py
[2025-07-14T12:35:32.341+0200] {logging_mixin.py:137} INFO - [2025-07-14T12:35:32.340+0200] {dag.py:2690} INFO - Sync 1 DAGs
[2025-07-14T12:35:32.355+0200] {logging_mixin.py:137} INFO - [2025-07-14T12:35:32.355+0200] {dag.py:3437} INFO - Setting next_dagrun for example_skip_dag to 2025-07-13T10:35:32.355340+00:00, run_after=2025-07-14T10:35:32.355340+00:00
[2025-07-14T12:35:32.399+0200] {processor.py:175} INFO - Processing /home/monica.fernandez/practica_creativa/venv-airflow/lib/python3.11/site-packages/airflow/example_dags/example_skip_dag.py took 0.093 seconds
[2025-07-14T12:36:18.990+0200] {processor.py:153} INFO - Started process (PID=32306) to work on /home/monica.fernandez/practica_creativa/venv-airflow/lib/python3.11/site-packages/airflow/example_dags/example_skip_dag.py
[2025-07-14T12:36:18.991+0200] {processor.py:743} INFO - Processing file /home/monica.fernandez/practica_creativa/venv-airflow/lib/python3.11/site-packages/airflow/example_dags/example_skip_dag.py for tasks to queue
[2025-07-14T12:36:18.992+0200] {logging_mixin.py:137} INFO - [2025-07-14T12:36:18.992+0200] {dagbag.py:538} INFO - Filling up the DagBag from /home/monica.fernandez/practica_creativa/venv-airflow/lib/python3.11/site-packages/airflow/example_dags/example_skip_dag.py
[2025-07-14T12:36:18.998+0200] {processor.py:753} INFO - DAG(s) dict_keys(['example_skip_dag']) retrieved from /home/monica.fernandez/practica_creativa/venv-airflow/lib/python3.11/site-packages/airflow/example_dags/example_skip_dag.py
[2025-07-14T12:36:19.019+0200] {logging_mixin.py:137} INFO - [2025-07-14T12:36:19.019+0200] {dag.py:2690} INFO - Sync 1 DAGs
[2025-07-14T12:36:19.035+0200] {logging_mixin.py:137} INFO - [2025-07-14T12:36:19.035+0200] {dag.py:3437} INFO - Setting next_dagrun for example_skip_dag to 2025-07-13T10:36:19.034960+00:00, run_after=2025-07-14T10:36:19.034960+00:00
[2025-07-14T12:36:19.096+0200] {processor.py:175} INFO - Processing /home/monica.fernandez/practica_creativa/venv-airflow/lib/python3.11/site-packages/airflow/example_dags/example_skip_dag.py took 0.109 seconds
[2025-07-14T12:37:05.900+0200] {processor.py:153} INFO - Started process (PID=33036) to work on /home/monica.fernandez/practica_creativa/venv-airflow/lib/python3.11/site-packages/airflow/example_dags/example_skip_dag.py
[2025-07-14T12:37:05.900+0200] {processor.py:743} INFO - Processing file /home/monica.fernandez/practica_creativa/venv-airflow/lib/python3.11/site-packages/airflow/example_dags/example_skip_dag.py for tasks to queue
[2025-07-14T12:37:05.901+0200] {logging_mixin.py:137} INFO - [2025-07-14T12:37:05.901+0200] {dagbag.py:538} INFO - Filling up the DagBag from /home/monica.fernandez/practica_creativa/venv-airflow/lib/python3.11/site-packages/airflow/example_dags/example_skip_dag.py
[2025-07-14T12:37:05.908+0200] {processor.py:753} INFO - DAG(s) dict_keys(['example_skip_dag']) retrieved from /home/monica.fernandez/practica_creativa/venv-airflow/lib/python3.11/site-packages/airflow/example_dags/example_skip_dag.py
[2025-07-14T12:37:05.936+0200] {logging_mixin.py:137} INFO - [2025-07-14T12:37:05.936+0200] {dag.py:2690} INFO - Sync 1 DAGs
[2025-07-14T12:37:05.953+0200] {logging_mixin.py:137} INFO - [2025-07-14T12:37:05.953+0200] {dag.py:3437} INFO - Setting next_dagrun for example_skip_dag to 2025-07-13T10:37:05.953703+00:00, run_after=2025-07-14T10:37:05.953703+00:00
[2025-07-14T12:37:06.014+0200] {processor.py:175} INFO - Processing /home/monica.fernandez/practica_creativa/venv-airflow/lib/python3.11/site-packages/airflow/example_dags/example_skip_dag.py took 0.118 seconds
[2025-07-14T12:37:58.368+0200] {processor.py:153} INFO - Started process (PID=33875) to work on /home/monica.fernandez/practica_creativa/venv-airflow/lib/python3.11/site-packages/airflow/example_dags/example_skip_dag.py
[2025-07-14T12:37:58.369+0200] {processor.py:743} INFO - Processing file /home/monica.fernandez/practica_creativa/venv-airflow/lib/python3.11/site-packages/airflow/example_dags/example_skip_dag.py for tasks to queue
[2025-07-14T12:37:58.370+0200] {logging_mixin.py:137} INFO - [2025-07-14T12:37:58.370+0200] {dagbag.py:538} INFO - Filling up the DagBag from /home/monica.fernandez/practica_creativa/venv-airflow/lib/python3.11/site-packages/airflow/example_dags/example_skip_dag.py
[2025-07-14T12:37:58.377+0200] {processor.py:753} INFO - DAG(s) dict_keys(['example_skip_dag']) retrieved from /home/monica.fernandez/practica_creativa/venv-airflow/lib/python3.11/site-packages/airflow/example_dags/example_skip_dag.py
[2025-07-14T12:37:58.406+0200] {logging_mixin.py:137} INFO - [2025-07-14T12:37:58.405+0200] {dag.py:2690} INFO - Sync 1 DAGs
[2025-07-14T12:37:58.430+0200] {logging_mixin.py:137} INFO - [2025-07-14T12:37:58.430+0200] {dag.py:3437} INFO - Setting next_dagrun for example_skip_dag to 2025-07-13T10:37:58.430587+00:00, run_after=2025-07-14T10:37:58.430587+00:00
[2025-07-14T12:37:58.477+0200] {processor.py:175} INFO - Processing /home/monica.fernandez/practica_creativa/venv-airflow/lib/python3.11/site-packages/airflow/example_dags/example_skip_dag.py took 0.112 seconds
[2025-07-14T12:38:44.380+0200] {processor.py:153} INFO - Started process (PID=34616) to work on /home/monica.fernandez/practica_creativa/venv-airflow/lib/python3.11/site-packages/airflow/example_dags/example_skip_dag.py
[2025-07-14T12:38:44.380+0200] {processor.py:743} INFO - Processing file /home/monica.fernandez/practica_creativa/venv-airflow/lib/python3.11/site-packages/airflow/example_dags/example_skip_dag.py for tasks to queue
[2025-07-14T12:38:44.380+0200] {logging_mixin.py:137} INFO - [2025-07-14T12:38:44.380+0200] {dagbag.py:538} INFO - Filling up the DagBag from /home/monica.fernandez/practica_creativa/venv-airflow/lib/python3.11/site-packages/airflow/example_dags/example_skip_dag.py
[2025-07-14T12:38:44.383+0200] {processor.py:753} INFO - DAG(s) dict_keys(['example_skip_dag']) retrieved from /home/monica.fernandez/practica_creativa/venv-airflow/lib/python3.11/site-packages/airflow/example_dags/example_skip_dag.py
[2025-07-14T12:38:44.412+0200] {logging_mixin.py:137} INFO - [2025-07-14T12:38:44.412+0200] {dag.py:2690} INFO - Sync 1 DAGs
[2025-07-14T12:38:44.433+0200] {logging_mixin.py:137} INFO - [2025-07-14T12:38:44.433+0200] {dag.py:3437} INFO - Setting next_dagrun for example_skip_dag to 2025-07-13T10:38:44.433591+00:00, run_after=2025-07-14T10:38:44.433591+00:00
[2025-07-14T12:38:44.490+0200] {processor.py:175} INFO - Processing /home/monica.fernandez/practica_creativa/venv-airflow/lib/python3.11/site-packages/airflow/example_dags/example_skip_dag.py took 0.112 seconds
[2025-07-14T12:39:34.150+0200] {processor.py:153} INFO - Started process (PID=35504) to work on /home/monica.fernandez/practica_creativa/venv-airflow/lib/python3.11/site-packages/airflow/example_dags/example_skip_dag.py
[2025-07-14T12:39:34.151+0200] {processor.py:743} INFO - Processing file /home/monica.fernandez/practica_creativa/venv-airflow/lib/python3.11/site-packages/airflow/example_dags/example_skip_dag.py for tasks to queue
[2025-07-14T12:39:34.151+0200] {logging_mixin.py:137} INFO - [2025-07-14T12:39:34.151+0200] {dagbag.py:538} INFO - Filling up the DagBag from /home/monica.fernandez/practica_creativa/venv-airflow/lib/python3.11/site-packages/airflow/example_dags/example_skip_dag.py
[2025-07-14T12:39:34.158+0200] {processor.py:753} INFO - DAG(s) dict_keys(['example_skip_dag']) retrieved from /home/monica.fernandez/practica_creativa/venv-airflow/lib/python3.11/site-packages/airflow/example_dags/example_skip_dag.py
[2025-07-14T12:39:34.183+0200] {logging_mixin.py:137} INFO - [2025-07-14T12:39:34.183+0200] {dag.py:2690} INFO - Sync 1 DAGs
[2025-07-14T12:39:34.201+0200] {logging_mixin.py:137} INFO - [2025-07-14T12:39:34.201+0200] {dag.py:3437} INFO - Setting next_dagrun for example_skip_dag to 2025-07-13T10:39:34.200776+00:00, run_after=2025-07-14T10:39:34.200776+00:00
[2025-07-14T12:39:34.266+0200] {processor.py:175} INFO - Processing /home/monica.fernandez/practica_creativa/venv-airflow/lib/python3.11/site-packages/airflow/example_dags/example_skip_dag.py took 0.120 seconds
[2025-07-14T12:40:23.899+0200] {processor.py:153} INFO - Started process (PID=36795) to work on /home/monica.fernandez/practica_creativa/venv-airflow/lib/python3.11/site-packages/airflow/example_dags/example_skip_dag.py
[2025-07-14T12:40:23.900+0200] {processor.py:743} INFO - Processing file /home/monica.fernandez/practica_creativa/venv-airflow/lib/python3.11/site-packages/airflow/example_dags/example_skip_dag.py for tasks to queue
[2025-07-14T12:40:23.901+0200] {logging_mixin.py:137} INFO - [2025-07-14T12:40:23.900+0200] {dagbag.py:538} INFO - Filling up the DagBag from /home/monica.fernandez/practica_creativa/venv-airflow/lib/python3.11/site-packages/airflow/example_dags/example_skip_dag.py
[2025-07-14T12:40:23.907+0200] {processor.py:753} INFO - DAG(s) dict_keys(['example_skip_dag']) retrieved from /home/monica.fernandez/practica_creativa/venv-airflow/lib/python3.11/site-packages/airflow/example_dags/example_skip_dag.py
[2025-07-14T12:40:23.935+0200] {logging_mixin.py:137} INFO - [2025-07-14T12:40:23.935+0200] {dag.py:2690} INFO - Sync 1 DAGs
[2025-07-14T12:40:23.949+0200] {logging_mixin.py:137} INFO - [2025-07-14T12:40:23.949+0200] {dag.py:3437} INFO - Setting next_dagrun for example_skip_dag to 2025-07-13T10:40:23.949543+00:00, run_after=2025-07-14T10:40:23.949543+00:00
[2025-07-14T12:40:23.995+0200] {processor.py:175} INFO - Processing /home/monica.fernandez/practica_creativa/venv-airflow/lib/python3.11/site-packages/airflow/example_dags/example_skip_dag.py took 0.099 seconds
