[2025-06-17T13:18:17.609+0200] {processor.py:153} INFO - Started process (PID=90358) to work on /home/monica.fernandez/practica_creativa/venv-airflow/lib/python3.11/site-packages/airflow/example_dags/example_external_task_marker_dag.py
[2025-06-17T13:18:17.610+0200] {processor.py:743} INFO - Processing file /home/monica.fernandez/practica_creativa/venv-airflow/lib/python3.11/site-packages/airflow/example_dags/example_external_task_marker_dag.py for tasks to queue
[2025-06-17T13:18:17.611+0200] {logging_mixin.py:137} INFO - [2025-06-17T13:18:17.611+0200] {dagbag.py:538} INFO - Filling up the DagBag from /home/monica.fernandez/practica_creativa/venv-airflow/lib/python3.11/site-packages/airflow/example_dags/example_external_task_marker_dag.py
[2025-06-17T13:18:17.642+0200] {processor.py:753} INFO - DAG(s) dict_keys(['example_external_task_marker_parent', 'example_external_task_marker_child']) retrieved from /home/monica.fernandez/practica_creativa/venv-airflow/lib/python3.11/site-packages/airflow/example_dags/example_external_task_marker_dag.py
[2025-06-17T13:18:17.679+0200] {logging_mixin.py:137} INFO - [2025-06-17T13:18:17.679+0200] {dag.py:2690} INFO - Sync 2 DAGs
[2025-06-17T13:18:17.710+0200] {logging_mixin.py:137} INFO - [2025-06-17T13:18:17.710+0200] {dag.py:3437} INFO - Setting next_dagrun for example_external_task_marker_child to None, run_after=None
[2025-06-17T13:18:17.715+0200] {logging_mixin.py:137} INFO - [2025-06-17T13:18:17.715+0200] {dag.py:3437} INFO - Setting next_dagrun for example_external_task_marker_parent to None, run_after=None
[2025-06-17T13:18:17.768+0200] {processor.py:175} INFO - Processing /home/monica.fernandez/practica_creativa/venv-airflow/lib/python3.11/site-packages/airflow/example_dags/example_external_task_marker_dag.py took 0.165 seconds
[2025-06-17T13:20:43.319+0200] {processor.py:153} INFO - Started process (PID=91906) to work on /home/monica.fernandez/practica_creativa/venv-airflow/lib/python3.11/site-packages/airflow/example_dags/example_external_task_marker_dag.py
[2025-06-17T13:20:43.320+0200] {processor.py:743} INFO - Processing file /home/monica.fernandez/practica_creativa/venv-airflow/lib/python3.11/site-packages/airflow/example_dags/example_external_task_marker_dag.py for tasks to queue
[2025-06-17T13:20:43.320+0200] {logging_mixin.py:137} INFO - [2025-06-17T13:20:43.320+0200] {dagbag.py:538} INFO - Filling up the DagBag from /home/monica.fernandez/practica_creativa/venv-airflow/lib/python3.11/site-packages/airflow/example_dags/example_external_task_marker_dag.py
[2025-06-17T13:20:43.330+0200] {processor.py:753} INFO - DAG(s) dict_keys(['example_external_task_marker_parent', 'example_external_task_marker_child']) retrieved from /home/monica.fernandez/practica_creativa/venv-airflow/lib/python3.11/site-packages/airflow/example_dags/example_external_task_marker_dag.py
[2025-06-17T13:20:43.367+0200] {logging_mixin.py:137} INFO - [2025-06-17T13:20:43.367+0200] {dag.py:2690} INFO - Sync 2 DAGs
[2025-06-17T13:20:43.394+0200] {logging_mixin.py:137} INFO - [2025-06-17T13:20:43.394+0200] {dag.py:3437} INFO - Setting next_dagrun for example_external_task_marker_child to None, run_after=None
[2025-06-17T13:20:43.399+0200] {logging_mixin.py:137} INFO - [2025-06-17T13:20:43.399+0200] {dag.py:3437} INFO - Setting next_dagrun for example_external_task_marker_parent to None, run_after=None
[2025-06-17T13:20:43.458+0200] {processor.py:175} INFO - Processing /home/monica.fernandez/practica_creativa/venv-airflow/lib/python3.11/site-packages/airflow/example_dags/example_external_task_marker_dag.py took 0.143 seconds
[2025-06-17T13:20:49.725+0200] {processor.py:153} INFO - Started process (PID=91936) to work on /home/monica.fernandez/practica_creativa/venv-airflow/lib/python3.11/site-packages/airflow/example_dags/example_external_task_marker_dag.py
[2025-06-17T13:20:49.726+0200] {processor.py:743} INFO - Processing file /home/monica.fernandez/practica_creativa/venv-airflow/lib/python3.11/site-packages/airflow/example_dags/example_external_task_marker_dag.py for tasks to queue
[2025-06-17T13:20:49.727+0200] {logging_mixin.py:137} INFO - [2025-06-17T13:20:49.727+0200] {dagbag.py:538} INFO - Filling up the DagBag from /home/monica.fernandez/practica_creativa/venv-airflow/lib/python3.11/site-packages/airflow/example_dags/example_external_task_marker_dag.py
[2025-06-17T13:20:49.745+0200] {processor.py:753} INFO - DAG(s) dict_keys(['example_external_task_marker_child', 'example_external_task_marker_parent']) retrieved from /home/monica.fernandez/practica_creativa/venv-airflow/lib/python3.11/site-packages/airflow/example_dags/example_external_task_marker_dag.py
[2025-06-17T13:20:49.828+0200] {logging_mixin.py:137} INFO - [2025-06-17T13:20:49.827+0200] {dag.py:2690} INFO - Sync 2 DAGs
[2025-06-17T13:20:49.862+0200] {logging_mixin.py:137} INFO - [2025-06-17T13:20:49.862+0200] {dag.py:3437} INFO - Setting next_dagrun for example_external_task_marker_child to None, run_after=None
[2025-06-17T13:20:49.867+0200] {logging_mixin.py:137} INFO - [2025-06-17T13:20:49.867+0200] {dag.py:3437} INFO - Setting next_dagrun for example_external_task_marker_parent to None, run_after=None
[2025-06-17T13:20:49.937+0200] {processor.py:175} INFO - Processing /home/monica.fernandez/practica_creativa/venv-airflow/lib/python3.11/site-packages/airflow/example_dags/example_external_task_marker_dag.py took 0.215 seconds
[2025-06-17T13:24:46.210+0200] {processor.py:153} INFO - Started process (PID=95085) to work on /home/monica.fernandez/practica_creativa/venv-airflow/lib/python3.11/site-packages/airflow/example_dags/example_external_task_marker_dag.py
[2025-06-17T13:24:46.211+0200] {processor.py:743} INFO - Processing file /home/monica.fernandez/practica_creativa/venv-airflow/lib/python3.11/site-packages/airflow/example_dags/example_external_task_marker_dag.py for tasks to queue
[2025-06-17T13:24:46.212+0200] {logging_mixin.py:137} INFO - [2025-06-17T13:24:46.212+0200] {dagbag.py:538} INFO - Filling up the DagBag from /home/monica.fernandez/practica_creativa/venv-airflow/lib/python3.11/site-packages/airflow/example_dags/example_external_task_marker_dag.py
[2025-06-17T13:24:46.250+0200] {processor.py:753} INFO - DAG(s) dict_keys(['example_external_task_marker_child', 'example_external_task_marker_parent']) retrieved from /home/monica.fernandez/practica_creativa/venv-airflow/lib/python3.11/site-packages/airflow/example_dags/example_external_task_marker_dag.py
[2025-06-17T13:24:46.334+0200] {logging_mixin.py:137} INFO - [2025-06-17T13:24:46.334+0200] {dag.py:2690} INFO - Sync 2 DAGs
[2025-06-17T13:24:46.395+0200] {logging_mixin.py:137} INFO - [2025-06-17T13:24:46.394+0200] {dag.py:3437} INFO - Setting next_dagrun for example_external_task_marker_child to None, run_after=None
[2025-06-17T13:24:46.399+0200] {logging_mixin.py:137} INFO - [2025-06-17T13:24:46.398+0200] {dag.py:3437} INFO - Setting next_dagrun for example_external_task_marker_parent to None, run_after=None
[2025-06-17T13:24:46.527+0200] {processor.py:175} INFO - Processing /home/monica.fernandez/practica_creativa/venv-airflow/lib/python3.11/site-packages/airflow/example_dags/example_external_task_marker_dag.py took 0.319 seconds
[2025-06-17T13:25:46.943+0200] {processor.py:153} INFO - Started process (PID=95662) to work on /home/monica.fernandez/practica_creativa/venv-airflow/lib/python3.11/site-packages/airflow/example_dags/example_external_task_marker_dag.py
[2025-06-17T13:25:46.944+0200] {processor.py:743} INFO - Processing file /home/monica.fernandez/practica_creativa/venv-airflow/lib/python3.11/site-packages/airflow/example_dags/example_external_task_marker_dag.py for tasks to queue
[2025-06-17T13:25:46.945+0200] {logging_mixin.py:137} INFO - [2025-06-17T13:25:46.945+0200] {dagbag.py:538} INFO - Filling up the DagBag from /home/monica.fernandez/practica_creativa/venv-airflow/lib/python3.11/site-packages/airflow/example_dags/example_external_task_marker_dag.py
[2025-06-17T13:25:46.953+0200] {processor.py:753} INFO - DAG(s) dict_keys(['example_external_task_marker_parent', 'example_external_task_marker_child']) retrieved from /home/monica.fernandez/practica_creativa/venv-airflow/lib/python3.11/site-packages/airflow/example_dags/example_external_task_marker_dag.py
[2025-06-17T13:25:47.054+0200] {logging_mixin.py:137} INFO - [2025-06-17T13:25:47.054+0200] {dag.py:2690} INFO - Sync 2 DAGs
[2025-06-17T13:25:47.089+0200] {logging_mixin.py:137} INFO - [2025-06-17T13:25:47.088+0200] {dag.py:3437} INFO - Setting next_dagrun for example_external_task_marker_child to None, run_after=None
[2025-06-17T13:25:47.092+0200] {logging_mixin.py:137} INFO - [2025-06-17T13:25:47.092+0200] {dag.py:3437} INFO - Setting next_dagrun for example_external_task_marker_parent to None, run_after=None
[2025-06-17T13:25:47.207+0200] {processor.py:175} INFO - Processing /home/monica.fernandez/practica_creativa/venv-airflow/lib/python3.11/site-packages/airflow/example_dags/example_external_task_marker_dag.py took 0.267 seconds
[2025-06-17T13:25:54.170+0200] {processor.py:153} INFO - Started process (PID=95698) to work on /home/monica.fernandez/practica_creativa/venv-airflow/lib/python3.11/site-packages/airflow/example_dags/example_external_task_marker_dag.py
[2025-06-17T13:25:54.170+0200] {processor.py:743} INFO - Processing file /home/monica.fernandez/practica_creativa/venv-airflow/lib/python3.11/site-packages/airflow/example_dags/example_external_task_marker_dag.py for tasks to queue
[2025-06-17T13:25:54.171+0200] {logging_mixin.py:137} INFO - [2025-06-17T13:25:54.171+0200] {dagbag.py:538} INFO - Filling up the DagBag from /home/monica.fernandez/practica_creativa/venv-airflow/lib/python3.11/site-packages/airflow/example_dags/example_external_task_marker_dag.py
[2025-06-17T13:25:54.179+0200] {processor.py:753} INFO - DAG(s) dict_keys(['example_external_task_marker_parent', 'example_external_task_marker_child']) retrieved from /home/monica.fernandez/practica_creativa/venv-airflow/lib/python3.11/site-packages/airflow/example_dags/example_external_task_marker_dag.py
[2025-06-17T13:25:54.208+0200] {logging_mixin.py:137} INFO - [2025-06-17T13:25:54.208+0200] {dag.py:2690} INFO - Sync 2 DAGs
[2025-06-17T13:25:54.235+0200] {logging_mixin.py:137} INFO - [2025-06-17T13:25:54.235+0200] {dag.py:3437} INFO - Setting next_dagrun for example_external_task_marker_child to None, run_after=None
[2025-06-17T13:25:54.240+0200] {logging_mixin.py:137} INFO - [2025-06-17T13:25:54.240+0200] {dag.py:3437} INFO - Setting next_dagrun for example_external_task_marker_parent to None, run_after=None
[2025-06-17T13:25:54.293+0200] {processor.py:175} INFO - Processing /home/monica.fernandez/practica_creativa/venv-airflow/lib/python3.11/site-packages/airflow/example_dags/example_external_task_marker_dag.py took 0.127 seconds
[2025-06-17T13:26:36.644+0200] {processor.py:153} INFO - Started process (PID=96085) to work on /home/monica.fernandez/practica_creativa/venv-airflow/lib/python3.11/site-packages/airflow/example_dags/example_external_task_marker_dag.py
[2025-06-17T13:26:36.645+0200] {processor.py:743} INFO - Processing file /home/monica.fernandez/practica_creativa/venv-airflow/lib/python3.11/site-packages/airflow/example_dags/example_external_task_marker_dag.py for tasks to queue
[2025-06-17T13:26:36.646+0200] {logging_mixin.py:137} INFO - [2025-06-17T13:26:36.646+0200] {dagbag.py:538} INFO - Filling up the DagBag from /home/monica.fernandez/practica_creativa/venv-airflow/lib/python3.11/site-packages/airflow/example_dags/example_external_task_marker_dag.py
[2025-06-17T13:26:36.653+0200] {processor.py:753} INFO - DAG(s) dict_keys(['example_external_task_marker_parent', 'example_external_task_marker_child']) retrieved from /home/monica.fernandez/practica_creativa/venv-airflow/lib/python3.11/site-packages/airflow/example_dags/example_external_task_marker_dag.py
[2025-06-17T13:26:36.701+0200] {logging_mixin.py:137} INFO - [2025-06-17T13:26:36.701+0200] {dag.py:2690} INFO - Sync 2 DAGs
[2025-06-17T13:26:36.739+0200] {logging_mixin.py:137} INFO - [2025-06-17T13:26:36.739+0200] {dag.py:3437} INFO - Setting next_dagrun for example_external_task_marker_child to None, run_after=None
[2025-06-17T13:26:36.743+0200] {logging_mixin.py:137} INFO - [2025-06-17T13:26:36.743+0200] {dag.py:3437} INFO - Setting next_dagrun for example_external_task_marker_parent to None, run_after=None
[2025-06-17T13:26:36.815+0200] {processor.py:175} INFO - Processing /home/monica.fernandez/practica_creativa/venv-airflow/lib/python3.11/site-packages/airflow/example_dags/example_external_task_marker_dag.py took 0.174 seconds
[2025-06-17T13:26:45.691+0200] {processor.py:153} INFO - Started process (PID=96236) to work on /home/monica.fernandez/practica_creativa/venv-airflow/lib/python3.11/site-packages/airflow/example_dags/example_external_task_marker_dag.py
[2025-06-17T13:26:45.692+0200] {processor.py:743} INFO - Processing file /home/monica.fernandez/practica_creativa/venv-airflow/lib/python3.11/site-packages/airflow/example_dags/example_external_task_marker_dag.py for tasks to queue
[2025-06-17T13:26:45.692+0200] {logging_mixin.py:137} INFO - [2025-06-17T13:26:45.692+0200] {dagbag.py:538} INFO - Filling up the DagBag from /home/monica.fernandez/practica_creativa/venv-airflow/lib/python3.11/site-packages/airflow/example_dags/example_external_task_marker_dag.py
[2025-06-17T13:26:45.702+0200] {processor.py:753} INFO - DAG(s) dict_keys(['example_external_task_marker_parent', 'example_external_task_marker_child']) retrieved from /home/monica.fernandez/practica_creativa/venv-airflow/lib/python3.11/site-packages/airflow/example_dags/example_external_task_marker_dag.py
[2025-06-17T13:26:45.786+0200] {logging_mixin.py:137} INFO - [2025-06-17T13:26:45.786+0200] {dag.py:2690} INFO - Sync 2 DAGs
[2025-06-17T13:26:45.843+0200] {logging_mixin.py:137} INFO - [2025-06-17T13:26:45.842+0200] {dag.py:3437} INFO - Setting next_dagrun for example_external_task_marker_child to None, run_after=None
[2025-06-17T13:26:45.854+0200] {logging_mixin.py:137} INFO - [2025-06-17T13:26:45.853+0200] {dag.py:3437} INFO - Setting next_dagrun for example_external_task_marker_parent to None, run_after=None
[2025-06-17T13:26:45.931+0200] {processor.py:175} INFO - Processing /home/monica.fernandez/practica_creativa/venv-airflow/lib/python3.11/site-packages/airflow/example_dags/example_external_task_marker_dag.py took 0.243 seconds
[2025-06-17T13:27:40.778+0200] {processor.py:153} INFO - Started process (PID=96673) to work on /home/monica.fernandez/practica_creativa/venv-airflow/lib/python3.11/site-packages/airflow/example_dags/example_external_task_marker_dag.py
[2025-06-17T13:27:40.782+0200] {processor.py:743} INFO - Processing file /home/monica.fernandez/practica_creativa/venv-airflow/lib/python3.11/site-packages/airflow/example_dags/example_external_task_marker_dag.py for tasks to queue
[2025-06-17T13:27:40.782+0200] {logging_mixin.py:137} INFO - [2025-06-17T13:27:40.782+0200] {dagbag.py:538} INFO - Filling up the DagBag from /home/monica.fernandez/practica_creativa/venv-airflow/lib/python3.11/site-packages/airflow/example_dags/example_external_task_marker_dag.py
[2025-06-17T13:27:40.800+0200] {processor.py:753} INFO - DAG(s) dict_keys(['example_external_task_marker_child', 'example_external_task_marker_parent']) retrieved from /home/monica.fernandez/practica_creativa/venv-airflow/lib/python3.11/site-packages/airflow/example_dags/example_external_task_marker_dag.py
[2025-06-17T13:27:40.962+0200] {logging_mixin.py:137} INFO - [2025-06-17T13:27:40.962+0200] {dag.py:2690} INFO - Sync 2 DAGs
[2025-06-17T13:27:41.016+0200] {logging_mixin.py:137} INFO - [2025-06-17T13:27:41.016+0200] {dag.py:3437} INFO - Setting next_dagrun for example_external_task_marker_child to None, run_after=None
[2025-06-17T13:27:41.030+0200] {logging_mixin.py:137} INFO - [2025-06-17T13:27:41.030+0200] {dag.py:3437} INFO - Setting next_dagrun for example_external_task_marker_parent to None, run_after=None
[2025-06-17T13:27:41.175+0200] {processor.py:175} INFO - Processing /home/monica.fernandez/practica_creativa/venv-airflow/lib/python3.11/site-packages/airflow/example_dags/example_external_task_marker_dag.py took 0.400 seconds
[2025-06-17T13:27:50.242+0200] {processor.py:153} INFO - Started process (PID=96802) to work on /home/monica.fernandez/practica_creativa/venv-airflow/lib/python3.11/site-packages/airflow/example_dags/example_external_task_marker_dag.py
[2025-06-17T13:27:50.243+0200] {processor.py:743} INFO - Processing file /home/monica.fernandez/practica_creativa/venv-airflow/lib/python3.11/site-packages/airflow/example_dags/example_external_task_marker_dag.py for tasks to queue
[2025-06-17T13:27:50.244+0200] {logging_mixin.py:137} INFO - [2025-06-17T13:27:50.244+0200] {dagbag.py:538} INFO - Filling up the DagBag from /home/monica.fernandez/practica_creativa/venv-airflow/lib/python3.11/site-packages/airflow/example_dags/example_external_task_marker_dag.py
[2025-06-17T13:27:50.254+0200] {processor.py:753} INFO - DAG(s) dict_keys(['example_external_task_marker_child', 'example_external_task_marker_parent']) retrieved from /home/monica.fernandez/practica_creativa/venv-airflow/lib/python3.11/site-packages/airflow/example_dags/example_external_task_marker_dag.py
[2025-06-17T13:27:50.299+0200] {logging_mixin.py:137} INFO - [2025-06-17T13:27:50.299+0200] {dag.py:2690} INFO - Sync 2 DAGs
[2025-06-17T13:27:50.345+0200] {logging_mixin.py:137} INFO - [2025-06-17T13:27:50.345+0200] {dag.py:3437} INFO - Setting next_dagrun for example_external_task_marker_child to None, run_after=None
[2025-06-17T13:27:50.352+0200] {logging_mixin.py:137} INFO - [2025-06-17T13:27:50.352+0200] {dag.py:3437} INFO - Setting next_dagrun for example_external_task_marker_parent to None, run_after=None
[2025-06-17T13:27:50.453+0200] {processor.py:175} INFO - Processing /home/monica.fernandez/practica_creativa/venv-airflow/lib/python3.11/site-packages/airflow/example_dags/example_external_task_marker_dag.py took 0.219 seconds
[2025-06-17T13:28:35.169+0200] {processor.py:153} INFO - Started process (PID=97166) to work on /home/monica.fernandez/practica_creativa/venv-airflow/lib/python3.11/site-packages/airflow/example_dags/example_external_task_marker_dag.py
[2025-06-17T13:28:35.169+0200] {processor.py:743} INFO - Processing file /home/monica.fernandez/practica_creativa/venv-airflow/lib/python3.11/site-packages/airflow/example_dags/example_external_task_marker_dag.py for tasks to queue
[2025-06-17T13:28:35.170+0200] {logging_mixin.py:137} INFO - [2025-06-17T13:28:35.170+0200] {dagbag.py:538} INFO - Filling up the DagBag from /home/monica.fernandez/practica_creativa/venv-airflow/lib/python3.11/site-packages/airflow/example_dags/example_external_task_marker_dag.py
[2025-06-17T13:28:35.181+0200] {processor.py:753} INFO - DAG(s) dict_keys(['example_external_task_marker_parent', 'example_external_task_marker_child']) retrieved from /home/monica.fernandez/practica_creativa/venv-airflow/lib/python3.11/site-packages/airflow/example_dags/example_external_task_marker_dag.py
[2025-06-17T13:28:35.217+0200] {logging_mixin.py:137} INFO - [2025-06-17T13:28:35.217+0200] {dag.py:2690} INFO - Sync 2 DAGs
[2025-06-17T13:28:35.239+0200] {logging_mixin.py:137} INFO - [2025-06-17T13:28:35.239+0200] {dag.py:3437} INFO - Setting next_dagrun for example_external_task_marker_child to None, run_after=None
[2025-06-17T13:28:35.243+0200] {logging_mixin.py:137} INFO - [2025-06-17T13:28:35.243+0200] {dag.py:3437} INFO - Setting next_dagrun for example_external_task_marker_parent to None, run_after=None
[2025-06-17T13:28:35.301+0200] {processor.py:175} INFO - Processing /home/monica.fernandez/practica_creativa/venv-airflow/lib/python3.11/site-packages/airflow/example_dags/example_external_task_marker_dag.py took 0.136 seconds
[2025-06-17T13:28:43.183+0200] {processor.py:153} INFO - Started process (PID=97304) to work on /home/monica.fernandez/practica_creativa/venv-airflow/lib/python3.11/site-packages/airflow/example_dags/example_external_task_marker_dag.py
[2025-06-17T13:28:43.185+0200] {processor.py:743} INFO - Processing file /home/monica.fernandez/practica_creativa/venv-airflow/lib/python3.11/site-packages/airflow/example_dags/example_external_task_marker_dag.py for tasks to queue
[2025-06-17T13:28:43.186+0200] {logging_mixin.py:137} INFO - [2025-06-17T13:28:43.185+0200] {dagbag.py:538} INFO - Filling up the DagBag from /home/monica.fernandez/practica_creativa/venv-airflow/lib/python3.11/site-packages/airflow/example_dags/example_external_task_marker_dag.py
[2025-06-17T13:28:43.200+0200] {processor.py:753} INFO - DAG(s) dict_keys(['example_external_task_marker_child', 'example_external_task_marker_parent']) retrieved from /home/monica.fernandez/practica_creativa/venv-airflow/lib/python3.11/site-packages/airflow/example_dags/example_external_task_marker_dag.py
[2025-06-17T13:28:43.324+0200] {logging_mixin.py:137} INFO - [2025-06-17T13:28:43.323+0200] {dag.py:2690} INFO - Sync 2 DAGs
[2025-06-17T13:28:43.349+0200] {logging_mixin.py:137} INFO - [2025-06-17T13:28:43.349+0200] {dag.py:3437} INFO - Setting next_dagrun for example_external_task_marker_child to None, run_after=None
[2025-06-17T13:28:43.354+0200] {logging_mixin.py:137} INFO - [2025-06-17T13:28:43.354+0200] {dag.py:3437} INFO - Setting next_dagrun for example_external_task_marker_parent to None, run_after=None
[2025-06-17T13:28:43.442+0200] {processor.py:175} INFO - Processing /home/monica.fernandez/practica_creativa/venv-airflow/lib/python3.11/site-packages/airflow/example_dags/example_external_task_marker_dag.py took 0.267 seconds
[2025-06-17T13:32:23.613+0200] {processor.py:153} INFO - Started process (PID=100285) to work on /home/monica.fernandez/practica_creativa/venv-airflow/lib/python3.11/site-packages/airflow/example_dags/example_external_task_marker_dag.py
[2025-06-17T13:32:23.614+0200] {processor.py:743} INFO - Processing file /home/monica.fernandez/practica_creativa/venv-airflow/lib/python3.11/site-packages/airflow/example_dags/example_external_task_marker_dag.py for tasks to queue
[2025-06-17T13:32:23.614+0200] {logging_mixin.py:137} INFO - [2025-06-17T13:32:23.614+0200] {dagbag.py:538} INFO - Filling up the DagBag from /home/monica.fernandez/practica_creativa/venv-airflow/lib/python3.11/site-packages/airflow/example_dags/example_external_task_marker_dag.py
[2025-06-17T13:32:23.634+0200] {processor.py:753} INFO - DAG(s) dict_keys(['example_external_task_marker_parent', 'example_external_task_marker_child']) retrieved from /home/monica.fernandez/practica_creativa/venv-airflow/lib/python3.11/site-packages/airflow/example_dags/example_external_task_marker_dag.py
[2025-06-17T13:32:23.817+0200] {logging_mixin.py:137} INFO - [2025-06-17T13:32:23.817+0200] {dag.py:2690} INFO - Sync 2 DAGs
[2025-06-17T13:32:23.842+0200] {logging_mixin.py:137} INFO - [2025-06-17T13:32:23.842+0200] {dag.py:3437} INFO - Setting next_dagrun for example_external_task_marker_child to None, run_after=None
[2025-06-17T13:32:23.851+0200] {logging_mixin.py:137} INFO - [2025-06-17T13:32:23.851+0200] {dag.py:3437} INFO - Setting next_dagrun for example_external_task_marker_parent to None, run_after=None
[2025-06-17T13:32:23.918+0200] {processor.py:175} INFO - Processing /home/monica.fernandez/practica_creativa/venv-airflow/lib/python3.11/site-packages/airflow/example_dags/example_external_task_marker_dag.py took 0.308 seconds
[2025-06-17T13:33:20.484+0200] {processor.py:153} INFO - Started process (PID=100968) to work on /home/monica.fernandez/practica_creativa/venv-airflow/lib/python3.11/site-packages/airflow/example_dags/example_external_task_marker_dag.py
[2025-06-17T13:33:20.485+0200] {processor.py:743} INFO - Processing file /home/monica.fernandez/practica_creativa/venv-airflow/lib/python3.11/site-packages/airflow/example_dags/example_external_task_marker_dag.py for tasks to queue
[2025-06-17T13:33:20.485+0200] {logging_mixin.py:137} INFO - [2025-06-17T13:33:20.485+0200] {dagbag.py:538} INFO - Filling up the DagBag from /home/monica.fernandez/practica_creativa/venv-airflow/lib/python3.11/site-packages/airflow/example_dags/example_external_task_marker_dag.py
[2025-06-17T13:33:20.495+0200] {processor.py:753} INFO - DAG(s) dict_keys(['example_external_task_marker_parent', 'example_external_task_marker_child']) retrieved from /home/monica.fernandez/practica_creativa/venv-airflow/lib/python3.11/site-packages/airflow/example_dags/example_external_task_marker_dag.py
[2025-06-17T13:33:20.549+0200] {logging_mixin.py:137} INFO - [2025-06-17T13:33:20.549+0200] {dag.py:2690} INFO - Sync 2 DAGs
[2025-06-17T13:33:20.581+0200] {logging_mixin.py:137} INFO - [2025-06-17T13:33:20.581+0200] {dag.py:3437} INFO - Setting next_dagrun for example_external_task_marker_child to None, run_after=None
[2025-06-17T13:33:20.590+0200] {logging_mixin.py:137} INFO - [2025-06-17T13:33:20.590+0200] {dag.py:3437} INFO - Setting next_dagrun for example_external_task_marker_parent to None, run_after=None
[2025-06-17T13:33:20.668+0200] {processor.py:175} INFO - Processing /home/monica.fernandez/practica_creativa/venv-airflow/lib/python3.11/site-packages/airflow/example_dags/example_external_task_marker_dag.py took 0.189 seconds
[2025-06-17T13:34:30.636+0200] {processor.py:153} INFO - Started process (PID=101806) to work on /home/monica.fernandez/practica_creativa/venv-airflow/lib/python3.11/site-packages/airflow/example_dags/example_external_task_marker_dag.py
[2025-06-17T13:34:30.637+0200] {processor.py:743} INFO - Processing file /home/monica.fernandez/practica_creativa/venv-airflow/lib/python3.11/site-packages/airflow/example_dags/example_external_task_marker_dag.py for tasks to queue
[2025-06-17T13:34:30.637+0200] {logging_mixin.py:137} INFO - [2025-06-17T13:34:30.637+0200] {dagbag.py:538} INFO - Filling up the DagBag from /home/monica.fernandez/practica_creativa/venv-airflow/lib/python3.11/site-packages/airflow/example_dags/example_external_task_marker_dag.py
[2025-06-17T13:34:30.646+0200] {processor.py:753} INFO - DAG(s) dict_keys(['example_external_task_marker_parent', 'example_external_task_marker_child']) retrieved from /home/monica.fernandez/practica_creativa/venv-airflow/lib/python3.11/site-packages/airflow/example_dags/example_external_task_marker_dag.py
[2025-06-17T13:34:30.678+0200] {logging_mixin.py:137} INFO - [2025-06-17T13:34:30.678+0200] {dag.py:2690} INFO - Sync 2 DAGs
[2025-06-17T13:34:30.699+0200] {logging_mixin.py:137} INFO - [2025-06-17T13:34:30.699+0200] {dag.py:3437} INFO - Setting next_dagrun for example_external_task_marker_child to None, run_after=None
[2025-06-17T13:34:30.703+0200] {logging_mixin.py:137} INFO - [2025-06-17T13:34:30.703+0200] {dag.py:3437} INFO - Setting next_dagrun for example_external_task_marker_parent to None, run_after=None
[2025-06-17T13:34:30.756+0200] {processor.py:175} INFO - Processing /home/monica.fernandez/practica_creativa/venv-airflow/lib/python3.11/site-packages/airflow/example_dags/example_external_task_marker_dag.py took 0.123 seconds
[2025-06-17T13:34:39.576+0200] {processor.py:153} INFO - Started process (PID=101858) to work on /home/monica.fernandez/practica_creativa/venv-airflow/lib/python3.11/site-packages/airflow/example_dags/example_external_task_marker_dag.py
[2025-06-17T13:34:39.576+0200] {processor.py:743} INFO - Processing file /home/monica.fernandez/practica_creativa/venv-airflow/lib/python3.11/site-packages/airflow/example_dags/example_external_task_marker_dag.py for tasks to queue
[2025-06-17T13:34:39.577+0200] {logging_mixin.py:137} INFO - [2025-06-17T13:34:39.577+0200] {dagbag.py:538} INFO - Filling up the DagBag from /home/monica.fernandez/practica_creativa/venv-airflow/lib/python3.11/site-packages/airflow/example_dags/example_external_task_marker_dag.py
[2025-06-17T13:34:39.586+0200] {processor.py:753} INFO - DAG(s) dict_keys(['example_external_task_marker_child', 'example_external_task_marker_parent']) retrieved from /home/monica.fernandez/practica_creativa/venv-airflow/lib/python3.11/site-packages/airflow/example_dags/example_external_task_marker_dag.py
[2025-06-17T13:34:39.651+0200] {logging_mixin.py:137} INFO - [2025-06-17T13:34:39.651+0200] {dag.py:2690} INFO - Sync 2 DAGs
[2025-06-17T13:34:39.678+0200] {logging_mixin.py:137} INFO - [2025-06-17T13:34:39.678+0200] {dag.py:3437} INFO - Setting next_dagrun for example_external_task_marker_child to None, run_after=None
[2025-06-17T13:34:39.682+0200] {logging_mixin.py:137} INFO - [2025-06-17T13:34:39.682+0200] {dag.py:3437} INFO - Setting next_dagrun for example_external_task_marker_parent to None, run_after=None
[2025-06-17T13:34:39.740+0200] {processor.py:175} INFO - Processing /home/monica.fernandez/practica_creativa/venv-airflow/lib/python3.11/site-packages/airflow/example_dags/example_external_task_marker_dag.py took 0.167 seconds
[2025-06-17T13:35:17.497+0200] {processor.py:153} INFO - Started process (PID=102281) to work on /home/monica.fernandez/practica_creativa/venv-airflow/lib/python3.11/site-packages/airflow/example_dags/example_external_task_marker_dag.py
[2025-06-17T13:35:17.498+0200] {processor.py:743} INFO - Processing file /home/monica.fernandez/practica_creativa/venv-airflow/lib/python3.11/site-packages/airflow/example_dags/example_external_task_marker_dag.py for tasks to queue
[2025-06-17T13:35:17.499+0200] {logging_mixin.py:137} INFO - [2025-06-17T13:35:17.499+0200] {dagbag.py:538} INFO - Filling up the DagBag from /home/monica.fernandez/practica_creativa/venv-airflow/lib/python3.11/site-packages/airflow/example_dags/example_external_task_marker_dag.py
[2025-06-17T13:35:17.508+0200] {processor.py:753} INFO - DAG(s) dict_keys(['example_external_task_marker_child', 'example_external_task_marker_parent']) retrieved from /home/monica.fernandez/practica_creativa/venv-airflow/lib/python3.11/site-packages/airflow/example_dags/example_external_task_marker_dag.py
[2025-06-17T13:35:17.604+0200] {logging_mixin.py:137} INFO - [2025-06-17T13:35:17.604+0200] {dag.py:2690} INFO - Sync 2 DAGs
[2025-06-17T13:35:17.634+0200] {logging_mixin.py:137} INFO - [2025-06-17T13:35:17.633+0200] {dag.py:3437} INFO - Setting next_dagrun for example_external_task_marker_child to None, run_after=None
[2025-06-17T13:35:17.638+0200] {logging_mixin.py:137} INFO - [2025-06-17T13:35:17.638+0200] {dag.py:3437} INFO - Setting next_dagrun for example_external_task_marker_parent to None, run_after=None
[2025-06-17T13:35:17.695+0200] {processor.py:175} INFO - Processing /home/monica.fernandez/practica_creativa/venv-airflow/lib/python3.11/site-packages/airflow/example_dags/example_external_task_marker_dag.py took 0.202 seconds
[2025-06-17T13:35:29.277+0200] {processor.py:153} INFO - Started process (PID=102347) to work on /home/monica.fernandez/practica_creativa/venv-airflow/lib/python3.11/site-packages/airflow/example_dags/example_external_task_marker_dag.py
[2025-06-17T13:35:29.278+0200] {processor.py:743} INFO - Processing file /home/monica.fernandez/practica_creativa/venv-airflow/lib/python3.11/site-packages/airflow/example_dags/example_external_task_marker_dag.py for tasks to queue
[2025-06-17T13:35:29.278+0200] {logging_mixin.py:137} INFO - [2025-06-17T13:35:29.278+0200] {dagbag.py:538} INFO - Filling up the DagBag from /home/monica.fernandez/practica_creativa/venv-airflow/lib/python3.11/site-packages/airflow/example_dags/example_external_task_marker_dag.py
[2025-06-17T13:35:29.286+0200] {processor.py:753} INFO - DAG(s) dict_keys(['example_external_task_marker_child', 'example_external_task_marker_parent']) retrieved from /home/monica.fernandez/practica_creativa/venv-airflow/lib/python3.11/site-packages/airflow/example_dags/example_external_task_marker_dag.py
[2025-06-17T13:35:29.313+0200] {logging_mixin.py:137} INFO - [2025-06-17T13:35:29.313+0200] {dag.py:2690} INFO - Sync 2 DAGs
[2025-06-17T13:35:29.334+0200] {logging_mixin.py:137} INFO - [2025-06-17T13:35:29.334+0200] {dag.py:3437} INFO - Setting next_dagrun for example_external_task_marker_child to None, run_after=None
[2025-06-17T13:35:29.340+0200] {logging_mixin.py:137} INFO - [2025-06-17T13:35:29.339+0200] {dag.py:3437} INFO - Setting next_dagrun for example_external_task_marker_parent to None, run_after=None
[2025-06-17T13:35:29.403+0200] {processor.py:175} INFO - Processing /home/monica.fernandez/practica_creativa/venv-airflow/lib/python3.11/site-packages/airflow/example_dags/example_external_task_marker_dag.py took 0.129 seconds
[2025-06-17T13:36:16.122+0200] {processor.py:153} INFO - Started process (PID=102892) to work on /home/monica.fernandez/practica_creativa/venv-airflow/lib/python3.11/site-packages/airflow/example_dags/example_external_task_marker_dag.py
[2025-06-17T13:36:16.122+0200] {processor.py:743} INFO - Processing file /home/monica.fernandez/practica_creativa/venv-airflow/lib/python3.11/site-packages/airflow/example_dags/example_external_task_marker_dag.py for tasks to queue
[2025-06-17T13:36:16.123+0200] {logging_mixin.py:137} INFO - [2025-06-17T13:36:16.123+0200] {dagbag.py:538} INFO - Filling up the DagBag from /home/monica.fernandez/practica_creativa/venv-airflow/lib/python3.11/site-packages/airflow/example_dags/example_external_task_marker_dag.py
[2025-06-17T13:36:16.132+0200] {processor.py:753} INFO - DAG(s) dict_keys(['example_external_task_marker_parent', 'example_external_task_marker_child']) retrieved from /home/monica.fernandez/practica_creativa/venv-airflow/lib/python3.11/site-packages/airflow/example_dags/example_external_task_marker_dag.py
[2025-06-17T13:36:16.192+0200] {logging_mixin.py:137} INFO - [2025-06-17T13:36:16.192+0200] {dag.py:2690} INFO - Sync 2 DAGs
[2025-06-17T13:36:16.224+0200] {logging_mixin.py:137} INFO - [2025-06-17T13:36:16.224+0200] {dag.py:3437} INFO - Setting next_dagrun for example_external_task_marker_child to None, run_after=None
[2025-06-17T13:36:16.239+0200] {logging_mixin.py:137} INFO - [2025-06-17T13:36:16.238+0200] {dag.py:3437} INFO - Setting next_dagrun for example_external_task_marker_parent to None, run_after=None
[2025-06-17T13:36:16.356+0200] {processor.py:175} INFO - Processing /home/monica.fernandez/practica_creativa/venv-airflow/lib/python3.11/site-packages/airflow/example_dags/example_external_task_marker_dag.py took 0.237 seconds
[2025-06-17T13:36:26.851+0200] {processor.py:153} INFO - Started process (PID=102959) to work on /home/monica.fernandez/practica_creativa/venv-airflow/lib/python3.11/site-packages/airflow/example_dags/example_external_task_marker_dag.py
[2025-06-17T13:36:26.852+0200] {processor.py:743} INFO - Processing file /home/monica.fernandez/practica_creativa/venv-airflow/lib/python3.11/site-packages/airflow/example_dags/example_external_task_marker_dag.py for tasks to queue
[2025-06-17T13:36:26.853+0200] {logging_mixin.py:137} INFO - [2025-06-17T13:36:26.852+0200] {dagbag.py:538} INFO - Filling up the DagBag from /home/monica.fernandez/practica_creativa/venv-airflow/lib/python3.11/site-packages/airflow/example_dags/example_external_task_marker_dag.py
[2025-06-17T13:36:26.860+0200] {processor.py:753} INFO - DAG(s) dict_keys(['example_external_task_marker_child', 'example_external_task_marker_parent']) retrieved from /home/monica.fernandez/practica_creativa/venv-airflow/lib/python3.11/site-packages/airflow/example_dags/example_external_task_marker_dag.py
[2025-06-17T13:36:26.936+0200] {logging_mixin.py:137} INFO - [2025-06-17T13:36:26.936+0200] {dag.py:2690} INFO - Sync 2 DAGs
[2025-06-17T13:36:26.960+0200] {logging_mixin.py:137} INFO - [2025-06-17T13:36:26.960+0200] {dag.py:3437} INFO - Setting next_dagrun for example_external_task_marker_child to None, run_after=None
[2025-06-17T13:36:26.965+0200] {logging_mixin.py:137} INFO - [2025-06-17T13:36:26.965+0200] {dag.py:3437} INFO - Setting next_dagrun for example_external_task_marker_parent to None, run_after=None
[2025-06-17T13:36:27.021+0200] {processor.py:175} INFO - Processing /home/monica.fernandez/practica_creativa/venv-airflow/lib/python3.11/site-packages/airflow/example_dags/example_external_task_marker_dag.py took 0.173 seconds
[2025-06-17T13:37:28.576+0200] {processor.py:153} INFO - Started process (PID=103719) to work on /home/monica.fernandez/practica_creativa/venv-airflow/lib/python3.11/site-packages/airflow/example_dags/example_external_task_marker_dag.py
[2025-06-17T13:37:28.577+0200] {processor.py:743} INFO - Processing file /home/monica.fernandez/practica_creativa/venv-airflow/lib/python3.11/site-packages/airflow/example_dags/example_external_task_marker_dag.py for tasks to queue
[2025-06-17T13:37:28.578+0200] {logging_mixin.py:137} INFO - [2025-06-17T13:37:28.578+0200] {dagbag.py:538} INFO - Filling up the DagBag from /home/monica.fernandez/practica_creativa/venv-airflow/lib/python3.11/site-packages/airflow/example_dags/example_external_task_marker_dag.py
[2025-06-17T13:37:28.600+0200] {processor.py:753} INFO - DAG(s) dict_keys(['example_external_task_marker_child', 'example_external_task_marker_parent']) retrieved from /home/monica.fernandez/practica_creativa/venv-airflow/lib/python3.11/site-packages/airflow/example_dags/example_external_task_marker_dag.py
[2025-06-17T13:37:28.653+0200] {logging_mixin.py:137} INFO - [2025-06-17T13:37:28.652+0200] {dag.py:2690} INFO - Sync 2 DAGs
[2025-06-17T13:37:28.679+0200] {logging_mixin.py:137} INFO - [2025-06-17T13:37:28.678+0200] {dag.py:3437} INFO - Setting next_dagrun for example_external_task_marker_child to None, run_after=None
[2025-06-17T13:37:28.688+0200] {logging_mixin.py:137} INFO - [2025-06-17T13:37:28.687+0200] {dag.py:3437} INFO - Setting next_dagrun for example_external_task_marker_parent to None, run_after=None
[2025-06-17T13:37:28.771+0200] {processor.py:175} INFO - Processing /home/monica.fernandez/practica_creativa/venv-airflow/lib/python3.11/site-packages/airflow/example_dags/example_external_task_marker_dag.py took 0.198 seconds
[2025-06-17T13:38:17.338+0200] {processor.py:153} INFO - Started process (PID=104346) to work on /home/monica.fernandez/practica_creativa/venv-airflow/lib/python3.11/site-packages/airflow/example_dags/example_external_task_marker_dag.py
[2025-06-17T13:38:17.339+0200] {processor.py:743} INFO - Processing file /home/monica.fernandez/practica_creativa/venv-airflow/lib/python3.11/site-packages/airflow/example_dags/example_external_task_marker_dag.py for tasks to queue
[2025-06-17T13:38:17.340+0200] {logging_mixin.py:137} INFO - [2025-06-17T13:38:17.340+0200] {dagbag.py:538} INFO - Filling up the DagBag from /home/monica.fernandez/practica_creativa/venv-airflow/lib/python3.11/site-packages/airflow/example_dags/example_external_task_marker_dag.py
[2025-06-17T13:38:17.361+0200] {processor.py:753} INFO - DAG(s) dict_keys(['example_external_task_marker_child', 'example_external_task_marker_parent']) retrieved from /home/monica.fernandez/practica_creativa/venv-airflow/lib/python3.11/site-packages/airflow/example_dags/example_external_task_marker_dag.py
[2025-06-17T13:38:17.455+0200] {logging_mixin.py:137} INFO - [2025-06-17T13:38:17.455+0200] {dag.py:2690} INFO - Sync 2 DAGs
[2025-06-17T13:38:17.504+0200] {logging_mixin.py:137} INFO - [2025-06-17T13:38:17.503+0200] {dag.py:3437} INFO - Setting next_dagrun for example_external_task_marker_child to None, run_after=None
[2025-06-17T13:38:17.516+0200] {logging_mixin.py:137} INFO - [2025-06-17T13:38:17.516+0200] {dag.py:3437} INFO - Setting next_dagrun for example_external_task_marker_parent to None, run_after=None
[2025-06-17T13:38:17.648+0200] {processor.py:175} INFO - Processing /home/monica.fernandez/practica_creativa/venv-airflow/lib/python3.11/site-packages/airflow/example_dags/example_external_task_marker_dag.py took 0.321 seconds
[2025-06-17T13:39:19.171+0200] {processor.py:153} INFO - Started process (PID=105336) to work on /home/monica.fernandez/practica_creativa/venv-airflow/lib/python3.11/site-packages/airflow/example_dags/example_external_task_marker_dag.py
[2025-06-17T13:39:19.172+0200] {processor.py:743} INFO - Processing file /home/monica.fernandez/practica_creativa/venv-airflow/lib/python3.11/site-packages/airflow/example_dags/example_external_task_marker_dag.py for tasks to queue
[2025-06-17T13:39:19.173+0200] {logging_mixin.py:137} INFO - [2025-06-17T13:39:19.173+0200] {dagbag.py:538} INFO - Filling up the DagBag from /home/monica.fernandez/practica_creativa/venv-airflow/lib/python3.11/site-packages/airflow/example_dags/example_external_task_marker_dag.py
[2025-06-17T13:39:19.184+0200] {processor.py:753} INFO - DAG(s) dict_keys(['example_external_task_marker_parent', 'example_external_task_marker_child']) retrieved from /home/monica.fernandez/practica_creativa/venv-airflow/lib/python3.11/site-packages/airflow/example_dags/example_external_task_marker_dag.py
[2025-06-17T13:39:19.236+0200] {logging_mixin.py:137} INFO - [2025-06-17T13:39:19.235+0200] {dag.py:2690} INFO - Sync 2 DAGs
[2025-06-17T13:39:19.274+0200] {logging_mixin.py:137} INFO - [2025-06-17T13:39:19.274+0200] {dag.py:3437} INFO - Setting next_dagrun for example_external_task_marker_child to None, run_after=None
[2025-06-17T13:39:19.281+0200] {logging_mixin.py:137} INFO - [2025-06-17T13:39:19.281+0200] {dag.py:3437} INFO - Setting next_dagrun for example_external_task_marker_parent to None, run_after=None
[2025-06-17T13:39:19.343+0200] {processor.py:175} INFO - Processing /home/monica.fernandez/practica_creativa/venv-airflow/lib/python3.11/site-packages/airflow/example_dags/example_external_task_marker_dag.py took 0.176 seconds
[2025-06-17T13:43:04.318+0200] {processor.py:153} INFO - Started process (PID=107800) to work on /home/monica.fernandez/practica_creativa/venv-airflow/lib/python3.11/site-packages/airflow/example_dags/example_external_task_marker_dag.py
[2025-06-17T13:43:04.319+0200] {processor.py:743} INFO - Processing file /home/monica.fernandez/practica_creativa/venv-airflow/lib/python3.11/site-packages/airflow/example_dags/example_external_task_marker_dag.py for tasks to queue
[2025-06-17T13:43:04.320+0200] {logging_mixin.py:137} INFO - [2025-06-17T13:43:04.320+0200] {dagbag.py:538} INFO - Filling up the DagBag from /home/monica.fernandez/practica_creativa/venv-airflow/lib/python3.11/site-packages/airflow/example_dags/example_external_task_marker_dag.py
[2025-06-17T13:43:04.326+0200] {processor.py:753} INFO - DAG(s) dict_keys(['example_external_task_marker_parent', 'example_external_task_marker_child']) retrieved from /home/monica.fernandez/practica_creativa/venv-airflow/lib/python3.11/site-packages/airflow/example_dags/example_external_task_marker_dag.py
[2025-06-17T13:43:04.414+0200] {logging_mixin.py:137} INFO - [2025-06-17T13:43:04.414+0200] {dag.py:2690} INFO - Sync 2 DAGs
[2025-06-17T13:43:04.454+0200] {logging_mixin.py:137} INFO - [2025-06-17T13:43:04.454+0200] {dag.py:3437} INFO - Setting next_dagrun for example_external_task_marker_child to None, run_after=None
[2025-06-17T13:43:04.457+0200] {logging_mixin.py:137} INFO - [2025-06-17T13:43:04.457+0200] {dag.py:3437} INFO - Setting next_dagrun for example_external_task_marker_parent to None, run_after=None
[2025-06-17T13:43:04.513+0200] {processor.py:175} INFO - Processing /home/monica.fernandez/practica_creativa/venv-airflow/lib/python3.11/site-packages/airflow/example_dags/example_external_task_marker_dag.py took 0.199 seconds
[2025-06-17T13:43:54.019+0200] {processor.py:153} INFO - Started process (PID=108274) to work on /home/monica.fernandez/practica_creativa/venv-airflow/lib/python3.11/site-packages/airflow/example_dags/example_external_task_marker_dag.py
[2025-06-17T13:43:54.020+0200] {processor.py:743} INFO - Processing file /home/monica.fernandez/practica_creativa/venv-airflow/lib/python3.11/site-packages/airflow/example_dags/example_external_task_marker_dag.py for tasks to queue
[2025-06-17T13:43:54.021+0200] {logging_mixin.py:137} INFO - [2025-06-17T13:43:54.020+0200] {dagbag.py:538} INFO - Filling up the DagBag from /home/monica.fernandez/practica_creativa/venv-airflow/lib/python3.11/site-packages/airflow/example_dags/example_external_task_marker_dag.py
[2025-06-17T13:43:54.033+0200] {processor.py:753} INFO - DAG(s) dict_keys(['example_external_task_marker_child', 'example_external_task_marker_parent']) retrieved from /home/monica.fernandez/practica_creativa/venv-airflow/lib/python3.11/site-packages/airflow/example_dags/example_external_task_marker_dag.py
[2025-06-17T13:43:54.073+0200] {logging_mixin.py:137} INFO - [2025-06-17T13:43:54.073+0200] {dag.py:2690} INFO - Sync 2 DAGs
[2025-06-17T13:43:54.102+0200] {logging_mixin.py:137} INFO - [2025-06-17T13:43:54.102+0200] {dag.py:3437} INFO - Setting next_dagrun for example_external_task_marker_child to None, run_after=None
[2025-06-17T13:43:54.109+0200] {logging_mixin.py:137} INFO - [2025-06-17T13:43:54.109+0200] {dag.py:3437} INFO - Setting next_dagrun for example_external_task_marker_parent to None, run_after=None
[2025-06-17T13:43:54.172+0200] {processor.py:175} INFO - Processing /home/monica.fernandez/practica_creativa/venv-airflow/lib/python3.11/site-packages/airflow/example_dags/example_external_task_marker_dag.py took 0.159 seconds
[2025-06-17T13:44:50.717+0200] {processor.py:153} INFO - Started process (PID=108785) to work on /home/monica.fernandez/practica_creativa/venv-airflow/lib/python3.11/site-packages/airflow/example_dags/example_external_task_marker_dag.py
[2025-06-17T13:44:50.718+0200] {processor.py:743} INFO - Processing file /home/monica.fernandez/practica_creativa/venv-airflow/lib/python3.11/site-packages/airflow/example_dags/example_external_task_marker_dag.py for tasks to queue
[2025-06-17T13:44:50.719+0200] {logging_mixin.py:137} INFO - [2025-06-17T13:44:50.719+0200] {dagbag.py:538} INFO - Filling up the DagBag from /home/monica.fernandez/practica_creativa/venv-airflow/lib/python3.11/site-packages/airflow/example_dags/example_external_task_marker_dag.py
[2025-06-17T13:44:50.727+0200] {processor.py:753} INFO - DAG(s) dict_keys(['example_external_task_marker_child', 'example_external_task_marker_parent']) retrieved from /home/monica.fernandez/practica_creativa/venv-airflow/lib/python3.11/site-packages/airflow/example_dags/example_external_task_marker_dag.py
[2025-06-17T13:44:50.763+0200] {logging_mixin.py:137} INFO - [2025-06-17T13:44:50.763+0200] {dag.py:2690} INFO - Sync 2 DAGs
[2025-06-17T13:44:50.789+0200] {logging_mixin.py:137} INFO - [2025-06-17T13:44:50.788+0200] {dag.py:3437} INFO - Setting next_dagrun for example_external_task_marker_child to None, run_after=None
[2025-06-17T13:44:50.793+0200] {logging_mixin.py:137} INFO - [2025-06-17T13:44:50.793+0200] {dag.py:3437} INFO - Setting next_dagrun for example_external_task_marker_parent to None, run_after=None
[2025-06-17T13:44:50.846+0200] {processor.py:175} INFO - Processing /home/monica.fernandez/practica_creativa/venv-airflow/lib/python3.11/site-packages/airflow/example_dags/example_external_task_marker_dag.py took 0.132 seconds
[2025-06-17T13:45:49.076+0200] {processor.py:153} INFO - Started process (PID=109592) to work on /home/monica.fernandez/practica_creativa/venv-airflow/lib/python3.11/site-packages/airflow/example_dags/example_external_task_marker_dag.py
[2025-06-17T13:45:49.077+0200] {processor.py:743} INFO - Processing file /home/monica.fernandez/practica_creativa/venv-airflow/lib/python3.11/site-packages/airflow/example_dags/example_external_task_marker_dag.py for tasks to queue
[2025-06-17T13:45:49.077+0200] {logging_mixin.py:137} INFO - [2025-06-17T13:45:49.077+0200] {dagbag.py:538} INFO - Filling up the DagBag from /home/monica.fernandez/practica_creativa/venv-airflow/lib/python3.11/site-packages/airflow/example_dags/example_external_task_marker_dag.py
[2025-06-17T13:45:49.087+0200] {processor.py:753} INFO - DAG(s) dict_keys(['example_external_task_marker_parent', 'example_external_task_marker_child']) retrieved from /home/monica.fernandez/practica_creativa/venv-airflow/lib/python3.11/site-packages/airflow/example_dags/example_external_task_marker_dag.py
[2025-06-17T13:45:49.121+0200] {logging_mixin.py:137} INFO - [2025-06-17T13:45:49.121+0200] {dag.py:2690} INFO - Sync 2 DAGs
[2025-06-17T13:45:49.152+0200] {logging_mixin.py:137} INFO - [2025-06-17T13:45:49.152+0200] {dag.py:3437} INFO - Setting next_dagrun for example_external_task_marker_child to None, run_after=None
[2025-06-17T13:45:49.159+0200] {logging_mixin.py:137} INFO - [2025-06-17T13:45:49.158+0200] {dag.py:3437} INFO - Setting next_dagrun for example_external_task_marker_parent to None, run_after=None
[2025-06-17T13:45:49.217+0200] {processor.py:175} INFO - Processing /home/monica.fernandez/practica_creativa/venv-airflow/lib/python3.11/site-packages/airflow/example_dags/example_external_task_marker_dag.py took 0.146 seconds
[2025-06-17T13:46:45.320+0200] {processor.py:153} INFO - Started process (PID=110337) to work on /home/monica.fernandez/practica_creativa/venv-airflow/lib/python3.11/site-packages/airflow/example_dags/example_external_task_marker_dag.py
[2025-06-17T13:46:45.334+0200] {processor.py:743} INFO - Processing file /home/monica.fernandez/practica_creativa/venv-airflow/lib/python3.11/site-packages/airflow/example_dags/example_external_task_marker_dag.py for tasks to queue
[2025-06-17T13:46:45.334+0200] {logging_mixin.py:137} INFO - [2025-06-17T13:46:45.334+0200] {dagbag.py:538} INFO - Filling up the DagBag from /home/monica.fernandez/practica_creativa/venv-airflow/lib/python3.11/site-packages/airflow/example_dags/example_external_task_marker_dag.py
[2025-06-17T13:46:45.356+0200] {processor.py:753} INFO - DAG(s) dict_keys(['example_external_task_marker_child', 'example_external_task_marker_parent']) retrieved from /home/monica.fernandez/practica_creativa/venv-airflow/lib/python3.11/site-packages/airflow/example_dags/example_external_task_marker_dag.py
[2025-06-17T13:46:45.489+0200] {logging_mixin.py:137} INFO - [2025-06-17T13:46:45.489+0200] {dag.py:2690} INFO - Sync 2 DAGs
[2025-06-17T13:46:45.544+0200] {logging_mixin.py:137} INFO - [2025-06-17T13:46:45.544+0200] {dag.py:3437} INFO - Setting next_dagrun for example_external_task_marker_child to None, run_after=None
[2025-06-17T13:46:45.549+0200] {logging_mixin.py:137} INFO - [2025-06-17T13:46:45.549+0200] {dag.py:3437} INFO - Setting next_dagrun for example_external_task_marker_parent to None, run_after=None
[2025-06-17T13:46:45.611+0200] {processor.py:175} INFO - Processing /home/monica.fernandez/practica_creativa/venv-airflow/lib/python3.11/site-packages/airflow/example_dags/example_external_task_marker_dag.py took 0.297 seconds
[2025-06-17T13:50:09.867+0200] {processor.py:153} INFO - Started process (PID=113319) to work on /home/monica.fernandez/practica_creativa/venv-airflow/lib/python3.11/site-packages/airflow/example_dags/example_external_task_marker_dag.py
[2025-06-17T13:50:09.868+0200] {processor.py:743} INFO - Processing file /home/monica.fernandez/practica_creativa/venv-airflow/lib/python3.11/site-packages/airflow/example_dags/example_external_task_marker_dag.py for tasks to queue
[2025-06-17T13:50:09.869+0200] {logging_mixin.py:137} INFO - [2025-06-17T13:50:09.869+0200] {dagbag.py:538} INFO - Filling up the DagBag from /home/monica.fernandez/practica_creativa/venv-airflow/lib/python3.11/site-packages/airflow/example_dags/example_external_task_marker_dag.py
[2025-06-17T13:50:09.882+0200] {processor.py:753} INFO - DAG(s) dict_keys(['example_external_task_marker_child', 'example_external_task_marker_parent']) retrieved from /home/monica.fernandez/practica_creativa/venv-airflow/lib/python3.11/site-packages/airflow/example_dags/example_external_task_marker_dag.py
[2025-06-17T13:50:09.928+0200] {logging_mixin.py:137} INFO - [2025-06-17T13:50:09.928+0200] {dag.py:2690} INFO - Sync 2 DAGs
[2025-06-17T13:50:09.962+0200] {logging_mixin.py:137} INFO - [2025-06-17T13:50:09.962+0200] {dag.py:3437} INFO - Setting next_dagrun for example_external_task_marker_child to None, run_after=None
[2025-06-17T13:50:09.973+0200] {logging_mixin.py:137} INFO - [2025-06-17T13:50:09.973+0200] {dag.py:3437} INFO - Setting next_dagrun for example_external_task_marker_parent to None, run_after=None
[2025-06-17T13:50:10.044+0200] {processor.py:175} INFO - Processing /home/monica.fernandez/practica_creativa/venv-airflow/lib/python3.11/site-packages/airflow/example_dags/example_external_task_marker_dag.py took 0.182 seconds
[2025-06-17T14:00:24.761+0200] {processor.py:153} INFO - Started process (PID=121386) to work on /home/monica.fernandez/practica_creativa/venv-airflow/lib/python3.11/site-packages/airflow/example_dags/example_external_task_marker_dag.py
[2025-06-17T14:00:24.761+0200] {processor.py:743} INFO - Processing file /home/monica.fernandez/practica_creativa/venv-airflow/lib/python3.11/site-packages/airflow/example_dags/example_external_task_marker_dag.py for tasks to queue
[2025-06-17T14:00:24.762+0200] {logging_mixin.py:137} INFO - [2025-06-17T14:00:24.762+0200] {dagbag.py:538} INFO - Filling up the DagBag from /home/monica.fernandez/practica_creativa/venv-airflow/lib/python3.11/site-packages/airflow/example_dags/example_external_task_marker_dag.py
[2025-06-17T14:00:24.797+0200] {processor.py:753} INFO - DAG(s) dict_keys(['example_external_task_marker_child', 'example_external_task_marker_parent']) retrieved from /home/monica.fernandez/practica_creativa/venv-airflow/lib/python3.11/site-packages/airflow/example_dags/example_external_task_marker_dag.py
[2025-06-17T14:00:24.906+0200] {logging_mixin.py:137} INFO - [2025-06-17T14:00:24.906+0200] {dag.py:2690} INFO - Sync 2 DAGs
[2025-06-17T14:00:24.952+0200] {logging_mixin.py:137} INFO - [2025-06-17T14:00:24.952+0200] {dag.py:3437} INFO - Setting next_dagrun for example_external_task_marker_child to None, run_after=None
[2025-06-17T14:00:24.958+0200] {logging_mixin.py:137} INFO - [2025-06-17T14:00:24.958+0200] {dag.py:3437} INFO - Setting next_dagrun for example_external_task_marker_parent to None, run_after=None
[2025-06-17T14:00:25.024+0200] {processor.py:175} INFO - Processing /home/monica.fernandez/practica_creativa/venv-airflow/lib/python3.11/site-packages/airflow/example_dags/example_external_task_marker_dag.py took 0.269 seconds
[2025-06-17T19:24:48.346+0200] {processor.py:153} INFO - Started process (PID=159400) to work on /home/monica.fernandez/practica_creativa/venv-airflow/lib/python3.11/site-packages/airflow/example_dags/example_external_task_marker_dag.py
[2025-06-17T19:24:48.347+0200] {processor.py:743} INFO - Processing file /home/monica.fernandez/practica_creativa/venv-airflow/lib/python3.11/site-packages/airflow/example_dags/example_external_task_marker_dag.py for tasks to queue
[2025-06-17T19:24:48.348+0200] {logging_mixin.py:137} INFO - [2025-06-17T19:24:48.348+0200] {dagbag.py:538} INFO - Filling up the DagBag from /home/monica.fernandez/practica_creativa/venv-airflow/lib/python3.11/site-packages/airflow/example_dags/example_external_task_marker_dag.py
[2025-06-17T19:24:48.376+0200] {processor.py:753} INFO - DAG(s) dict_keys(['example_external_task_marker_parent', 'example_external_task_marker_child']) retrieved from /home/monica.fernandez/practica_creativa/venv-airflow/lib/python3.11/site-packages/airflow/example_dags/example_external_task_marker_dag.py
[2025-06-17T19:24:48.420+0200] {logging_mixin.py:137} INFO - [2025-06-17T19:24:48.420+0200] {dag.py:2690} INFO - Sync 2 DAGs
[2025-06-17T19:24:48.458+0200] {logging_mixin.py:137} INFO - [2025-06-17T19:24:48.457+0200] {dag.py:3437} INFO - Setting next_dagrun for example_external_task_marker_child to None, run_after=None
[2025-06-17T19:24:48.464+0200] {logging_mixin.py:137} INFO - [2025-06-17T19:24:48.464+0200] {dag.py:3437} INFO - Setting next_dagrun for example_external_task_marker_parent to None, run_after=None
[2025-06-17T19:24:48.524+0200] {processor.py:175} INFO - Processing /home/monica.fernandez/practica_creativa/venv-airflow/lib/python3.11/site-packages/airflow/example_dags/example_external_task_marker_dag.py took 0.182 seconds
[2025-06-17T19:25:36.434+0200] {processor.py:153} INFO - Started process (PID=159834) to work on /home/monica.fernandez/practica_creativa/venv-airflow/lib/python3.11/site-packages/airflow/example_dags/example_external_task_marker_dag.py
[2025-06-17T19:25:36.436+0200] {processor.py:743} INFO - Processing file /home/monica.fernandez/practica_creativa/venv-airflow/lib/python3.11/site-packages/airflow/example_dags/example_external_task_marker_dag.py for tasks to queue
[2025-06-17T19:25:36.437+0200] {logging_mixin.py:137} INFO - [2025-06-17T19:25:36.436+0200] {dagbag.py:538} INFO - Filling up the DagBag from /home/monica.fernandez/practica_creativa/venv-airflow/lib/python3.11/site-packages/airflow/example_dags/example_external_task_marker_dag.py
[2025-06-17T19:25:36.470+0200] {processor.py:753} INFO - DAG(s) dict_keys(['example_external_task_marker_parent', 'example_external_task_marker_child']) retrieved from /home/monica.fernandez/practica_creativa/venv-airflow/lib/python3.11/site-packages/airflow/example_dags/example_external_task_marker_dag.py
[2025-06-17T19:25:36.523+0200] {logging_mixin.py:137} INFO - [2025-06-17T19:25:36.523+0200] {dag.py:2690} INFO - Sync 2 DAGs
[2025-06-17T19:25:36.553+0200] {logging_mixin.py:137} INFO - [2025-06-17T19:25:36.553+0200] {dag.py:3437} INFO - Setting next_dagrun for example_external_task_marker_child to None, run_after=None
[2025-06-17T19:25:36.558+0200] {logging_mixin.py:137} INFO - [2025-06-17T19:25:36.558+0200] {dag.py:3437} INFO - Setting next_dagrun for example_external_task_marker_parent to None, run_after=None
[2025-06-17T19:25:36.618+0200] {processor.py:175} INFO - Processing /home/monica.fernandez/practica_creativa/venv-airflow/lib/python3.11/site-packages/airflow/example_dags/example_external_task_marker_dag.py took 0.188 seconds
[2025-06-17T19:26:32.694+0200] {processor.py:153} INFO - Started process (PID=160316) to work on /home/monica.fernandez/practica_creativa/venv-airflow/lib/python3.11/site-packages/airflow/example_dags/example_external_task_marker_dag.py
[2025-06-17T19:26:32.697+0200] {processor.py:743} INFO - Processing file /home/monica.fernandez/practica_creativa/venv-airflow/lib/python3.11/site-packages/airflow/example_dags/example_external_task_marker_dag.py for tasks to queue
[2025-06-17T19:26:32.700+0200] {logging_mixin.py:137} INFO - [2025-06-17T19:26:32.700+0200] {dagbag.py:538} INFO - Filling up the DagBag from /home/monica.fernandez/practica_creativa/venv-airflow/lib/python3.11/site-packages/airflow/example_dags/example_external_task_marker_dag.py
[2025-06-17T19:26:32.742+0200] {processor.py:753} INFO - DAG(s) dict_keys(['example_external_task_marker_parent', 'example_external_task_marker_child']) retrieved from /home/monica.fernandez/practica_creativa/venv-airflow/lib/python3.11/site-packages/airflow/example_dags/example_external_task_marker_dag.py
[2025-06-17T19:26:32.779+0200] {logging_mixin.py:137} INFO - [2025-06-17T19:26:32.779+0200] {dag.py:2690} INFO - Sync 2 DAGs
[2025-06-17T19:26:32.809+0200] {logging_mixin.py:137} INFO - [2025-06-17T19:26:32.809+0200] {dag.py:3437} INFO - Setting next_dagrun for example_external_task_marker_child to None, run_after=None
[2025-06-17T19:26:32.816+0200] {logging_mixin.py:137} INFO - [2025-06-17T19:26:32.816+0200] {dag.py:3437} INFO - Setting next_dagrun for example_external_task_marker_parent to None, run_after=None
[2025-06-17T19:26:32.874+0200] {processor.py:175} INFO - Processing /home/monica.fernandez/practica_creativa/venv-airflow/lib/python3.11/site-packages/airflow/example_dags/example_external_task_marker_dag.py took 0.191 seconds
[2025-06-17T19:27:28.807+0200] {processor.py:153} INFO - Started process (PID=161064) to work on /home/monica.fernandez/practica_creativa/venv-airflow/lib/python3.11/site-packages/airflow/example_dags/example_external_task_marker_dag.py
[2025-06-17T19:27:28.809+0200] {processor.py:743} INFO - Processing file /home/monica.fernandez/practica_creativa/venv-airflow/lib/python3.11/site-packages/airflow/example_dags/example_external_task_marker_dag.py for tasks to queue
[2025-06-17T19:27:28.810+0200] {logging_mixin.py:137} INFO - [2025-06-17T19:27:28.810+0200] {dagbag.py:538} INFO - Filling up the DagBag from /home/monica.fernandez/practica_creativa/venv-airflow/lib/python3.11/site-packages/airflow/example_dags/example_external_task_marker_dag.py
[2025-06-17T19:27:28.849+0200] {processor.py:753} INFO - DAG(s) dict_keys(['example_external_task_marker_parent', 'example_external_task_marker_child']) retrieved from /home/monica.fernandez/practica_creativa/venv-airflow/lib/python3.11/site-packages/airflow/example_dags/example_external_task_marker_dag.py
[2025-06-17T19:27:28.887+0200] {logging_mixin.py:137} INFO - [2025-06-17T19:27:28.887+0200] {dag.py:2690} INFO - Sync 2 DAGs
[2025-06-17T19:27:28.916+0200] {logging_mixin.py:137} INFO - [2025-06-17T19:27:28.916+0200] {dag.py:3437} INFO - Setting next_dagrun for example_external_task_marker_child to None, run_after=None
[2025-06-17T19:27:28.922+0200] {logging_mixin.py:137} INFO - [2025-06-17T19:27:28.922+0200] {dag.py:3437} INFO - Setting next_dagrun for example_external_task_marker_parent to None, run_after=None
[2025-06-17T19:27:29.000+0200] {processor.py:175} INFO - Processing /home/monica.fernandez/practica_creativa/venv-airflow/lib/python3.11/site-packages/airflow/example_dags/example_external_task_marker_dag.py took 0.199 seconds
[2025-06-17T19:28:30.036+0200] {processor.py:153} INFO - Started process (PID=161539) to work on /home/monica.fernandez/practica_creativa/venv-airflow/lib/python3.11/site-packages/airflow/example_dags/example_external_task_marker_dag.py
[2025-06-17T19:28:30.037+0200] {processor.py:743} INFO - Processing file /home/monica.fernandez/practica_creativa/venv-airflow/lib/python3.11/site-packages/airflow/example_dags/example_external_task_marker_dag.py for tasks to queue
[2025-06-17T19:28:30.037+0200] {logging_mixin.py:137} INFO - [2025-06-17T19:28:30.037+0200] {dagbag.py:538} INFO - Filling up the DagBag from /home/monica.fernandez/practica_creativa/venv-airflow/lib/python3.11/site-packages/airflow/example_dags/example_external_task_marker_dag.py
[2025-06-17T19:28:30.055+0200] {processor.py:753} INFO - DAG(s) dict_keys(['example_external_task_marker_parent', 'example_external_task_marker_child']) retrieved from /home/monica.fernandez/practica_creativa/venv-airflow/lib/python3.11/site-packages/airflow/example_dags/example_external_task_marker_dag.py
[2025-06-17T19:28:30.092+0200] {logging_mixin.py:137} INFO - [2025-06-17T19:28:30.092+0200] {dag.py:2690} INFO - Sync 2 DAGs
[2025-06-17T19:28:30.119+0200] {logging_mixin.py:137} INFO - [2025-06-17T19:28:30.119+0200] {dag.py:3437} INFO - Setting next_dagrun for example_external_task_marker_child to None, run_after=None
[2025-06-17T19:28:30.125+0200] {logging_mixin.py:137} INFO - [2025-06-17T19:28:30.125+0200] {dag.py:3437} INFO - Setting next_dagrun for example_external_task_marker_parent to None, run_after=None
[2025-06-17T19:28:30.183+0200] {processor.py:175} INFO - Processing /home/monica.fernandez/practica_creativa/venv-airflow/lib/python3.11/site-packages/airflow/example_dags/example_external_task_marker_dag.py took 0.150 seconds
[2025-06-17T19:29:24.845+0200] {processor.py:153} INFO - Started process (PID=162021) to work on /home/monica.fernandez/practica_creativa/venv-airflow/lib/python3.11/site-packages/airflow/example_dags/example_external_task_marker_dag.py
[2025-06-17T19:29:24.847+0200] {processor.py:743} INFO - Processing file /home/monica.fernandez/practica_creativa/venv-airflow/lib/python3.11/site-packages/airflow/example_dags/example_external_task_marker_dag.py for tasks to queue
[2025-06-17T19:29:24.848+0200] {logging_mixin.py:137} INFO - [2025-06-17T19:29:24.848+0200] {dagbag.py:538} INFO - Filling up the DagBag from /home/monica.fernandez/practica_creativa/venv-airflow/lib/python3.11/site-packages/airflow/example_dags/example_external_task_marker_dag.py
[2025-06-17T19:29:24.877+0200] {processor.py:753} INFO - DAG(s) dict_keys(['example_external_task_marker_child', 'example_external_task_marker_parent']) retrieved from /home/monica.fernandez/practica_creativa/venv-airflow/lib/python3.11/site-packages/airflow/example_dags/example_external_task_marker_dag.py
[2025-06-17T19:29:24.913+0200] {logging_mixin.py:137} INFO - [2025-06-17T19:29:24.913+0200] {dag.py:2690} INFO - Sync 2 DAGs
[2025-06-17T19:29:24.941+0200] {logging_mixin.py:137} INFO - [2025-06-17T19:29:24.941+0200] {dag.py:3437} INFO - Setting next_dagrun for example_external_task_marker_child to None, run_after=None
[2025-06-17T19:29:24.947+0200] {logging_mixin.py:137} INFO - [2025-06-17T19:29:24.946+0200] {dag.py:3437} INFO - Setting next_dagrun for example_external_task_marker_parent to None, run_after=None
[2025-06-17T19:29:25.001+0200] {processor.py:175} INFO - Processing /home/monica.fernandez/practica_creativa/venv-airflow/lib/python3.11/site-packages/airflow/example_dags/example_external_task_marker_dag.py took 0.162 seconds
[2025-06-17T19:34:28.893+0200] {processor.py:153} INFO - Started process (PID=165490) to work on /home/monica.fernandez/practica_creativa/venv-airflow/lib/python3.11/site-packages/airflow/example_dags/example_external_task_marker_dag.py
[2025-06-17T19:34:28.894+0200] {processor.py:743} INFO - Processing file /home/monica.fernandez/practica_creativa/venv-airflow/lib/python3.11/site-packages/airflow/example_dags/example_external_task_marker_dag.py for tasks to queue
[2025-06-17T19:34:28.896+0200] {logging_mixin.py:137} INFO - [2025-06-17T19:34:28.896+0200] {dagbag.py:538} INFO - Filling up the DagBag from /home/monica.fernandez/practica_creativa/venv-airflow/lib/python3.11/site-packages/airflow/example_dags/example_external_task_marker_dag.py
[2025-06-17T19:34:28.905+0200] {processor.py:753} INFO - DAG(s) dict_keys(['example_external_task_marker_parent', 'example_external_task_marker_child']) retrieved from /home/monica.fernandez/practica_creativa/venv-airflow/lib/python3.11/site-packages/airflow/example_dags/example_external_task_marker_dag.py
[2025-06-17T19:34:28.983+0200] {logging_mixin.py:137} INFO - [2025-06-17T19:34:28.983+0200] {dag.py:2690} INFO - Sync 2 DAGs
[2025-06-17T19:34:29.035+0200] {logging_mixin.py:137} INFO - [2025-06-17T19:34:29.035+0200] {dag.py:3437} INFO - Setting next_dagrun for example_external_task_marker_child to None, run_after=None
[2025-06-17T19:34:29.042+0200] {logging_mixin.py:137} INFO - [2025-06-17T19:34:29.042+0200] {dag.py:3437} INFO - Setting next_dagrun for example_external_task_marker_parent to None, run_after=None
[2025-06-17T19:34:29.145+0200] {processor.py:175} INFO - Processing /home/monica.fernandez/practica_creativa/venv-airflow/lib/python3.11/site-packages/airflow/example_dags/example_external_task_marker_dag.py took 0.256 seconds
[2025-06-17T19:35:20.364+0200] {processor.py:153} INFO - Started process (PID=165813) to work on /home/monica.fernandez/practica_creativa/venv-airflow/lib/python3.11/site-packages/airflow/example_dags/example_external_task_marker_dag.py
[2025-06-17T19:35:20.364+0200] {processor.py:743} INFO - Processing file /home/monica.fernandez/practica_creativa/venv-airflow/lib/python3.11/site-packages/airflow/example_dags/example_external_task_marker_dag.py for tasks to queue
[2025-06-17T19:35:20.365+0200] {logging_mixin.py:137} INFO - [2025-06-17T19:35:20.365+0200] {dagbag.py:538} INFO - Filling up the DagBag from /home/monica.fernandez/practica_creativa/venv-airflow/lib/python3.11/site-packages/airflow/example_dags/example_external_task_marker_dag.py
[2025-06-17T19:35:20.375+0200] {processor.py:753} INFO - DAG(s) dict_keys(['example_external_task_marker_child', 'example_external_task_marker_parent']) retrieved from /home/monica.fernandez/practica_creativa/venv-airflow/lib/python3.11/site-packages/airflow/example_dags/example_external_task_marker_dag.py
[2025-06-17T19:35:20.425+0200] {logging_mixin.py:137} INFO - [2025-06-17T19:35:20.424+0200] {dag.py:2690} INFO - Sync 2 DAGs
[2025-06-17T19:35:20.455+0200] {logging_mixin.py:137} INFO - [2025-06-17T19:35:20.455+0200] {dag.py:3437} INFO - Setting next_dagrun for example_external_task_marker_child to None, run_after=None
[2025-06-17T19:35:20.461+0200] {logging_mixin.py:137} INFO - [2025-06-17T19:35:20.461+0200] {dag.py:3437} INFO - Setting next_dagrun for example_external_task_marker_parent to None, run_after=None
[2025-06-17T19:35:20.542+0200] {processor.py:175} INFO - Processing /home/monica.fernandez/practica_creativa/venv-airflow/lib/python3.11/site-packages/airflow/example_dags/example_external_task_marker_dag.py took 0.181 seconds
[2025-06-17T19:36:22.564+0200] {processor.py:153} INFO - Started process (PID=166666) to work on /home/monica.fernandez/practica_creativa/venv-airflow/lib/python3.11/site-packages/airflow/example_dags/example_external_task_marker_dag.py
[2025-06-17T19:36:22.566+0200] {processor.py:743} INFO - Processing file /home/monica.fernandez/practica_creativa/venv-airflow/lib/python3.11/site-packages/airflow/example_dags/example_external_task_marker_dag.py for tasks to queue
[2025-06-17T19:36:22.567+0200] {logging_mixin.py:137} INFO - [2025-06-17T19:36:22.567+0200] {dagbag.py:538} INFO - Filling up the DagBag from /home/monica.fernandez/practica_creativa/venv-airflow/lib/python3.11/site-packages/airflow/example_dags/example_external_task_marker_dag.py
[2025-06-17T19:36:22.579+0200] {processor.py:753} INFO - DAG(s) dict_keys(['example_external_task_marker_parent', 'example_external_task_marker_child']) retrieved from /home/monica.fernandez/practica_creativa/venv-airflow/lib/python3.11/site-packages/airflow/example_dags/example_external_task_marker_dag.py
[2025-06-17T19:36:22.611+0200] {logging_mixin.py:137} INFO - [2025-06-17T19:36:22.611+0200] {dag.py:2690} INFO - Sync 2 DAGs
[2025-06-17T19:36:22.632+0200] {logging_mixin.py:137} INFO - [2025-06-17T19:36:22.632+0200] {dag.py:3437} INFO - Setting next_dagrun for example_external_task_marker_child to None, run_after=None
[2025-06-17T19:36:22.636+0200] {logging_mixin.py:137} INFO - [2025-06-17T19:36:22.636+0200] {dag.py:3437} INFO - Setting next_dagrun for example_external_task_marker_parent to None, run_after=None
[2025-06-17T19:36:22.691+0200] {processor.py:175} INFO - Processing /home/monica.fernandez/practica_creativa/venv-airflow/lib/python3.11/site-packages/airflow/example_dags/example_external_task_marker_dag.py took 0.135 seconds
