[2025-06-17T13:17:55.805+0200] {processor.py:153} INFO - Started process (PID=90126) to work on /home/monica.fernandez/practica_creativa/venv-airflow/lib/python3.11/site-packages/airflow/example_dags/example_trigger_controller_dag.py
[2025-06-17T13:17:55.806+0200] {processor.py:743} INFO - Processing file /home/monica.fernandez/practica_creativa/venv-airflow/lib/python3.11/site-packages/airflow/example_dags/example_trigger_controller_dag.py for tasks to queue
[2025-06-17T13:17:55.806+0200] {logging_mixin.py:137} INFO - [2025-06-17T13:17:55.806+0200] {dagbag.py:538} INFO - Filling up the DagBag from /home/monica.fernandez/practica_creativa/venv-airflow/lib/python3.11/site-packages/airflow/example_dags/example_trigger_controller_dag.py
[2025-06-17T13:17:55.823+0200] {processor.py:753} INFO - DAG(s) dict_keys(['example_trigger_controller_dag']) retrieved from /home/monica.fernandez/practica_creativa/venv-airflow/lib/python3.11/site-packages/airflow/example_dags/example_trigger_controller_dag.py
[2025-06-17T13:17:55.856+0200] {logging_mixin.py:137} INFO - [2025-06-17T13:17:55.856+0200] {dag.py:2690} INFO - Sync 1 DAGs
[2025-06-17T13:17:55.890+0200] {logging_mixin.py:137} INFO - [2025-06-17T13:17:55.890+0200] {dag.py:3437} INFO - Setting next_dagrun for example_trigger_controller_dag to 2021-01-01T00:00:00+00:00, run_after=2021-01-01T00:00:00+00:00
[2025-06-17T13:17:55.945+0200] {processor.py:175} INFO - Processing /home/monica.fernandez/practica_creativa/venv-airflow/lib/python3.11/site-packages/airflow/example_dags/example_trigger_controller_dag.py took 0.143 seconds
[2025-06-17T13:18:46.755+0200] {processor.py:153} INFO - Started process (PID=90572) to work on /home/monica.fernandez/practica_creativa/venv-airflow/lib/python3.11/site-packages/airflow/example_dags/example_trigger_controller_dag.py
[2025-06-17T13:18:46.756+0200] {processor.py:743} INFO - Processing file /home/monica.fernandez/practica_creativa/venv-airflow/lib/python3.11/site-packages/airflow/example_dags/example_trigger_controller_dag.py for tasks to queue
[2025-06-17T13:18:46.757+0200] {logging_mixin.py:137} INFO - [2025-06-17T13:18:46.757+0200] {dagbag.py:538} INFO - Filling up the DagBag from /home/monica.fernandez/practica_creativa/venv-airflow/lib/python3.11/site-packages/airflow/example_dags/example_trigger_controller_dag.py
[2025-06-17T13:18:46.786+0200] {processor.py:753} INFO - DAG(s) dict_keys(['example_trigger_controller_dag']) retrieved from /home/monica.fernandez/practica_creativa/venv-airflow/lib/python3.11/site-packages/airflow/example_dags/example_trigger_controller_dag.py
[2025-06-17T13:18:46.841+0200] {logging_mixin.py:137} INFO - [2025-06-17T13:18:46.841+0200] {dag.py:2690} INFO - Sync 1 DAGs
[2025-06-17T13:18:46.892+0200] {logging_mixin.py:137} INFO - [2025-06-17T13:18:46.892+0200] {dag.py:3437} INFO - Setting next_dagrun for example_trigger_controller_dag to 2021-01-01T00:00:00+00:00, run_after=2021-01-01T00:00:00+00:00
[2025-06-17T13:18:47.014+0200] {processor.py:175} INFO - Processing /home/monica.fernandez/practica_creativa/venv-airflow/lib/python3.11/site-packages/airflow/example_dags/example_trigger_controller_dag.py took 0.262 seconds
[2025-06-17T13:20:20.405+0200] {processor.py:153} INFO - Started process (PID=91708) to work on /home/monica.fernandez/practica_creativa/venv-airflow/lib/python3.11/site-packages/airflow/example_dags/example_trigger_controller_dag.py
[2025-06-17T13:20:20.405+0200] {processor.py:743} INFO - Processing file /home/monica.fernandez/practica_creativa/venv-airflow/lib/python3.11/site-packages/airflow/example_dags/example_trigger_controller_dag.py for tasks to queue
[2025-06-17T13:20:20.406+0200] {logging_mixin.py:137} INFO - [2025-06-17T13:20:20.406+0200] {dagbag.py:538} INFO - Filling up the DagBag from /home/monica.fernandez/practica_creativa/venv-airflow/lib/python3.11/site-packages/airflow/example_dags/example_trigger_controller_dag.py
[2025-06-17T13:20:20.411+0200] {processor.py:753} INFO - DAG(s) dict_keys(['example_trigger_controller_dag']) retrieved from /home/monica.fernandez/practica_creativa/venv-airflow/lib/python3.11/site-packages/airflow/example_dags/example_trigger_controller_dag.py
[2025-06-17T13:20:20.486+0200] {logging_mixin.py:137} INFO - [2025-06-17T13:20:20.485+0200] {dag.py:2690} INFO - Sync 1 DAGs
[2025-06-17T13:20:20.537+0200] {logging_mixin.py:137} INFO - [2025-06-17T13:20:20.536+0200] {dag.py:3437} INFO - Setting next_dagrun for example_trigger_controller_dag to 2021-01-01T00:00:00+00:00, run_after=2021-01-01T00:00:00+00:00
[2025-06-17T13:20:20.618+0200] {processor.py:175} INFO - Processing /home/monica.fernandez/practica_creativa/venv-airflow/lib/python3.11/site-packages/airflow/example_dags/example_trigger_controller_dag.py took 0.217 seconds
[2025-06-17T13:20:26.780+0200] {processor.py:153} INFO - Started process (PID=91735) to work on /home/monica.fernandez/practica_creativa/venv-airflow/lib/python3.11/site-packages/airflow/example_dags/example_trigger_controller_dag.py
[2025-06-17T13:20:26.781+0200] {processor.py:743} INFO - Processing file /home/monica.fernandez/practica_creativa/venv-airflow/lib/python3.11/site-packages/airflow/example_dags/example_trigger_controller_dag.py for tasks to queue
[2025-06-17T13:20:26.782+0200] {logging_mixin.py:137} INFO - [2025-06-17T13:20:26.781+0200] {dagbag.py:538} INFO - Filling up the DagBag from /home/monica.fernandez/practica_creativa/venv-airflow/lib/python3.11/site-packages/airflow/example_dags/example_trigger_controller_dag.py
[2025-06-17T13:20:26.799+0200] {processor.py:753} INFO - DAG(s) dict_keys(['example_trigger_controller_dag']) retrieved from /home/monica.fernandez/practica_creativa/venv-airflow/lib/python3.11/site-packages/airflow/example_dags/example_trigger_controller_dag.py
[2025-06-17T13:20:26.826+0200] {logging_mixin.py:137} INFO - [2025-06-17T13:20:26.826+0200] {dag.py:2690} INFO - Sync 1 DAGs
[2025-06-17T13:20:26.852+0200] {logging_mixin.py:137} INFO - [2025-06-17T13:20:26.852+0200] {dag.py:3437} INFO - Setting next_dagrun for example_trigger_controller_dag to 2021-01-01T00:00:00+00:00, run_after=2021-01-01T00:00:00+00:00
[2025-06-17T13:20:26.904+0200] {processor.py:175} INFO - Processing /home/monica.fernandez/practica_creativa/venv-airflow/lib/python3.11/site-packages/airflow/example_dags/example_trigger_controller_dag.py took 0.127 seconds
[2025-06-17T13:24:11.906+0200] {processor.py:153} INFO - Started process (PID=94671) to work on /home/monica.fernandez/practica_creativa/venv-airflow/lib/python3.11/site-packages/airflow/example_dags/example_trigger_controller_dag.py
[2025-06-17T13:24:11.907+0200] {processor.py:743} INFO - Processing file /home/monica.fernandez/practica_creativa/venv-airflow/lib/python3.11/site-packages/airflow/example_dags/example_trigger_controller_dag.py for tasks to queue
[2025-06-17T13:24:11.907+0200] {logging_mixin.py:137} INFO - [2025-06-17T13:24:11.907+0200] {dagbag.py:538} INFO - Filling up the DagBag from /home/monica.fernandez/practica_creativa/venv-airflow/lib/python3.11/site-packages/airflow/example_dags/example_trigger_controller_dag.py
[2025-06-17T13:24:11.912+0200] {processor.py:753} INFO - DAG(s) dict_keys(['example_trigger_controller_dag']) retrieved from /home/monica.fernandez/practica_creativa/venv-airflow/lib/python3.11/site-packages/airflow/example_dags/example_trigger_controller_dag.py
[2025-06-17T13:24:12.104+0200] {logging_mixin.py:137} INFO - [2025-06-17T13:24:12.104+0200] {dag.py:2690} INFO - Sync 1 DAGs
[2025-06-17T13:24:12.158+0200] {logging_mixin.py:137} INFO - [2025-06-17T13:24:12.157+0200] {dag.py:3437} INFO - Setting next_dagrun for example_trigger_controller_dag to 2021-01-01T00:00:00+00:00, run_after=2021-01-01T00:00:00+00:00
[2025-06-17T13:24:12.288+0200] {processor.py:175} INFO - Processing /home/monica.fernandez/practica_creativa/venv-airflow/lib/python3.11/site-packages/airflow/example_dags/example_trigger_controller_dag.py took 0.386 seconds
[2025-06-17T13:25:22.402+0200] {processor.py:153} INFO - Started process (PID=95441) to work on /home/monica.fernandez/practica_creativa/venv-airflow/lib/python3.11/site-packages/airflow/example_dags/example_trigger_controller_dag.py
[2025-06-17T13:25:22.403+0200] {processor.py:743} INFO - Processing file /home/monica.fernandez/practica_creativa/venv-airflow/lib/python3.11/site-packages/airflow/example_dags/example_trigger_controller_dag.py for tasks to queue
[2025-06-17T13:25:22.407+0200] {logging_mixin.py:137} INFO - [2025-06-17T13:25:22.407+0200] {dagbag.py:538} INFO - Filling up the DagBag from /home/monica.fernandez/practica_creativa/venv-airflow/lib/python3.11/site-packages/airflow/example_dags/example_trigger_controller_dag.py
[2025-06-17T13:25:22.412+0200] {processor.py:753} INFO - DAG(s) dict_keys(['example_trigger_controller_dag']) retrieved from /home/monica.fernandez/practica_creativa/venv-airflow/lib/python3.11/site-packages/airflow/example_dags/example_trigger_controller_dag.py
[2025-06-17T13:25:22.488+0200] {logging_mixin.py:137} INFO - [2025-06-17T13:25:22.487+0200] {dag.py:2690} INFO - Sync 1 DAGs
[2025-06-17T13:25:22.534+0200] {logging_mixin.py:137} INFO - [2025-06-17T13:25:22.533+0200] {dag.py:3437} INFO - Setting next_dagrun for example_trigger_controller_dag to 2021-01-01T00:00:00+00:00, run_after=2021-01-01T00:00:00+00:00
[2025-06-17T13:25:22.670+0200] {processor.py:175} INFO - Processing /home/monica.fernandez/practica_creativa/venv-airflow/lib/python3.11/site-packages/airflow/example_dags/example_trigger_controller_dag.py took 0.272 seconds
[2025-06-17T13:25:26.933+0200] {processor.py:153} INFO - Started process (PID=95466) to work on /home/monica.fernandez/practica_creativa/venv-airflow/lib/python3.11/site-packages/airflow/example_dags/example_trigger_controller_dag.py
[2025-06-17T13:25:26.934+0200] {processor.py:743} INFO - Processing file /home/monica.fernandez/practica_creativa/venv-airflow/lib/python3.11/site-packages/airflow/example_dags/example_trigger_controller_dag.py for tasks to queue
[2025-06-17T13:25:26.935+0200] {logging_mixin.py:137} INFO - [2025-06-17T13:25:26.935+0200] {dagbag.py:538} INFO - Filling up the DagBag from /home/monica.fernandez/practica_creativa/venv-airflow/lib/python3.11/site-packages/airflow/example_dags/example_trigger_controller_dag.py
[2025-06-17T13:25:26.940+0200] {processor.py:753} INFO - DAG(s) dict_keys(['example_trigger_controller_dag']) retrieved from /home/monica.fernandez/practica_creativa/venv-airflow/lib/python3.11/site-packages/airflow/example_dags/example_trigger_controller_dag.py
[2025-06-17T13:25:26.993+0200] {logging_mixin.py:137} INFO - [2025-06-17T13:25:26.992+0200] {dag.py:2690} INFO - Sync 1 DAGs
[2025-06-17T13:25:27.035+0200] {logging_mixin.py:137} INFO - [2025-06-17T13:25:27.035+0200] {dag.py:3437} INFO - Setting next_dagrun for example_trigger_controller_dag to 2021-01-01T00:00:00+00:00, run_after=2021-01-01T00:00:00+00:00
[2025-06-17T13:25:27.104+0200] {processor.py:175} INFO - Processing /home/monica.fernandez/practica_creativa/venv-airflow/lib/python3.11/site-packages/airflow/example_dags/example_trigger_controller_dag.py took 0.173 seconds
[2025-06-17T13:26:12.926+0200] {processor.py:153} INFO - Started process (PID=95958) to work on /home/monica.fernandez/practica_creativa/venv-airflow/lib/python3.11/site-packages/airflow/example_dags/example_trigger_controller_dag.py
[2025-06-17T13:26:12.926+0200] {processor.py:743} INFO - Processing file /home/monica.fernandez/practica_creativa/venv-airflow/lib/python3.11/site-packages/airflow/example_dags/example_trigger_controller_dag.py for tasks to queue
[2025-06-17T13:26:12.929+0200] {logging_mixin.py:137} INFO - [2025-06-17T13:26:12.929+0200] {dagbag.py:538} INFO - Filling up the DagBag from /home/monica.fernandez/practica_creativa/venv-airflow/lib/python3.11/site-packages/airflow/example_dags/example_trigger_controller_dag.py
[2025-06-17T13:26:12.936+0200] {processor.py:753} INFO - DAG(s) dict_keys(['example_trigger_controller_dag']) retrieved from /home/monica.fernandez/practica_creativa/venv-airflow/lib/python3.11/site-packages/airflow/example_dags/example_trigger_controller_dag.py
[2025-06-17T13:26:12.963+0200] {logging_mixin.py:137} INFO - [2025-06-17T13:26:12.963+0200] {dag.py:2690} INFO - Sync 1 DAGs
[2025-06-17T13:26:12.986+0200] {logging_mixin.py:137} INFO - [2025-06-17T13:26:12.986+0200] {dag.py:3437} INFO - Setting next_dagrun for example_trigger_controller_dag to 2021-01-01T00:00:00+00:00, run_after=2021-01-01T00:00:00+00:00
[2025-06-17T13:26:13.044+0200] {processor.py:175} INFO - Processing /home/monica.fernandez/practica_creativa/venv-airflow/lib/python3.11/site-packages/airflow/example_dags/example_trigger_controller_dag.py took 0.122 seconds
[2025-06-17T13:26:17.745+0200] {processor.py:153} INFO - Started process (PID=95987) to work on /home/monica.fernandez/practica_creativa/venv-airflow/lib/python3.11/site-packages/airflow/example_dags/example_trigger_controller_dag.py
[2025-06-17T13:26:17.746+0200] {processor.py:743} INFO - Processing file /home/monica.fernandez/practica_creativa/venv-airflow/lib/python3.11/site-packages/airflow/example_dags/example_trigger_controller_dag.py for tasks to queue
[2025-06-17T13:26:17.746+0200] {logging_mixin.py:137} INFO - [2025-06-17T13:26:17.746+0200] {dagbag.py:538} INFO - Filling up the DagBag from /home/monica.fernandez/practica_creativa/venv-airflow/lib/python3.11/site-packages/airflow/example_dags/example_trigger_controller_dag.py
[2025-06-17T13:26:17.753+0200] {processor.py:753} INFO - DAG(s) dict_keys(['example_trigger_controller_dag']) retrieved from /home/monica.fernandez/practica_creativa/venv-airflow/lib/python3.11/site-packages/airflow/example_dags/example_trigger_controller_dag.py
[2025-06-17T13:26:17.787+0200] {logging_mixin.py:137} INFO - [2025-06-17T13:26:17.786+0200] {dag.py:2690} INFO - Sync 1 DAGs
[2025-06-17T13:26:17.815+0200] {logging_mixin.py:137} INFO - [2025-06-17T13:26:17.814+0200] {dag.py:3437} INFO - Setting next_dagrun for example_trigger_controller_dag to 2021-01-01T00:00:00+00:00, run_after=2021-01-01T00:00:00+00:00
[2025-06-17T13:26:17.879+0200] {processor.py:175} INFO - Processing /home/monica.fernandez/practica_creativa/venv-airflow/lib/python3.11/site-packages/airflow/example_dags/example_trigger_controller_dag.py took 0.137 seconds
[2025-06-17T13:26:54.551+0200] {processor.py:153} INFO - Started process (PID=96279) to work on /home/monica.fernandez/practica_creativa/venv-airflow/lib/python3.11/site-packages/airflow/example_dags/example_trigger_controller_dag.py
[2025-06-17T13:26:54.552+0200] {processor.py:743} INFO - Processing file /home/monica.fernandez/practica_creativa/venv-airflow/lib/python3.11/site-packages/airflow/example_dags/example_trigger_controller_dag.py for tasks to queue
[2025-06-17T13:26:54.553+0200] {logging_mixin.py:137} INFO - [2025-06-17T13:26:54.553+0200] {dagbag.py:538} INFO - Filling up the DagBag from /home/monica.fernandez/practica_creativa/venv-airflow/lib/python3.11/site-packages/airflow/example_dags/example_trigger_controller_dag.py
[2025-06-17T13:26:54.558+0200] {processor.py:753} INFO - DAG(s) dict_keys(['example_trigger_controller_dag']) retrieved from /home/monica.fernandez/practica_creativa/venv-airflow/lib/python3.11/site-packages/airflow/example_dags/example_trigger_controller_dag.py
[2025-06-17T13:26:54.599+0200] {logging_mixin.py:137} INFO - [2025-06-17T13:26:54.599+0200] {dag.py:2690} INFO - Sync 1 DAGs
[2025-06-17T13:26:54.629+0200] {logging_mixin.py:137} INFO - [2025-06-17T13:26:54.629+0200] {dag.py:3437} INFO - Setting next_dagrun for example_trigger_controller_dag to 2021-01-01T00:00:00+00:00, run_after=2021-01-01T00:00:00+00:00
[2025-06-17T13:26:54.692+0200] {processor.py:175} INFO - Processing /home/monica.fernandez/practica_creativa/venv-airflow/lib/python3.11/site-packages/airflow/example_dags/example_trigger_controller_dag.py took 0.145 seconds
[2025-06-17T13:26:58.244+0200] {processor.py:153} INFO - Started process (PID=96295) to work on /home/monica.fernandez/practica_creativa/venv-airflow/lib/python3.11/site-packages/airflow/example_dags/example_trigger_controller_dag.py
[2025-06-17T13:26:58.245+0200] {processor.py:743} INFO - Processing file /home/monica.fernandez/practica_creativa/venv-airflow/lib/python3.11/site-packages/airflow/example_dags/example_trigger_controller_dag.py for tasks to queue
[2025-06-17T13:26:58.245+0200] {logging_mixin.py:137} INFO - [2025-06-17T13:26:58.245+0200] {dagbag.py:538} INFO - Filling up the DagBag from /home/monica.fernandez/practica_creativa/venv-airflow/lib/python3.11/site-packages/airflow/example_dags/example_trigger_controller_dag.py
[2025-06-17T13:26:58.250+0200] {processor.py:753} INFO - DAG(s) dict_keys(['example_trigger_controller_dag']) retrieved from /home/monica.fernandez/practica_creativa/venv-airflow/lib/python3.11/site-packages/airflow/example_dags/example_trigger_controller_dag.py
[2025-06-17T13:26:58.301+0200] {logging_mixin.py:137} INFO - [2025-06-17T13:26:58.301+0200] {dag.py:2690} INFO - Sync 1 DAGs
[2025-06-17T13:26:58.348+0200] {logging_mixin.py:137} INFO - [2025-06-17T13:26:58.348+0200] {dag.py:3437} INFO - Setting next_dagrun for example_trigger_controller_dag to 2021-01-01T00:00:00+00:00, run_after=2021-01-01T00:00:00+00:00
[2025-06-17T13:26:58.446+0200] {processor.py:175} INFO - Processing /home/monica.fernandez/practica_creativa/venv-airflow/lib/python3.11/site-packages/airflow/example_dags/example_trigger_controller_dag.py took 0.204 seconds
[2025-06-17T13:27:39.179+0200] {processor.py:153} INFO - Started process (PID=96639) to work on /home/monica.fernandez/practica_creativa/venv-airflow/lib/python3.11/site-packages/airflow/example_dags/example_trigger_controller_dag.py
[2025-06-17T13:27:39.180+0200] {processor.py:743} INFO - Processing file /home/monica.fernandez/practica_creativa/venv-airflow/lib/python3.11/site-packages/airflow/example_dags/example_trigger_controller_dag.py for tasks to queue
[2025-06-17T13:27:39.181+0200] {logging_mixin.py:137} INFO - [2025-06-17T13:27:39.181+0200] {dagbag.py:538} INFO - Filling up the DagBag from /home/monica.fernandez/practica_creativa/venv-airflow/lib/python3.11/site-packages/airflow/example_dags/example_trigger_controller_dag.py
[2025-06-17T13:27:39.187+0200] {processor.py:753} INFO - DAG(s) dict_keys(['example_trigger_controller_dag']) retrieved from /home/monica.fernandez/practica_creativa/venv-airflow/lib/python3.11/site-packages/airflow/example_dags/example_trigger_controller_dag.py
[2025-06-17T13:27:39.251+0200] {logging_mixin.py:137} INFO - [2025-06-17T13:27:39.251+0200] {dag.py:2690} INFO - Sync 1 DAGs
[2025-06-17T13:27:39.275+0200] {logging_mixin.py:137} INFO - [2025-06-17T13:27:39.275+0200] {dag.py:3437} INFO - Setting next_dagrun for example_trigger_controller_dag to 2021-01-01T00:00:00+00:00, run_after=2021-01-01T00:00:00+00:00
[2025-06-17T13:27:39.401+0200] {processor.py:175} INFO - Processing /home/monica.fernandez/practica_creativa/venv-airflow/lib/python3.11/site-packages/airflow/example_dags/example_trigger_controller_dag.py took 0.225 seconds
[2025-06-17T13:27:43.033+0200] {processor.py:153} INFO - Started process (PID=96769) to work on /home/monica.fernandez/practica_creativa/venv-airflow/lib/python3.11/site-packages/airflow/example_dags/example_trigger_controller_dag.py
[2025-06-17T13:27:43.034+0200] {processor.py:743} INFO - Processing file /home/monica.fernandez/practica_creativa/venv-airflow/lib/python3.11/site-packages/airflow/example_dags/example_trigger_controller_dag.py for tasks to queue
[2025-06-17T13:27:43.034+0200] {logging_mixin.py:137} INFO - [2025-06-17T13:27:43.034+0200] {dagbag.py:538} INFO - Filling up the DagBag from /home/monica.fernandez/practica_creativa/venv-airflow/lib/python3.11/site-packages/airflow/example_dags/example_trigger_controller_dag.py
[2025-06-17T13:27:43.041+0200] {processor.py:753} INFO - DAG(s) dict_keys(['example_trigger_controller_dag']) retrieved from /home/monica.fernandez/practica_creativa/venv-airflow/lib/python3.11/site-packages/airflow/example_dags/example_trigger_controller_dag.py
[2025-06-17T13:27:43.070+0200] {logging_mixin.py:137} INFO - [2025-06-17T13:27:43.070+0200] {dag.py:2690} INFO - Sync 1 DAGs
[2025-06-17T13:27:43.094+0200] {logging_mixin.py:137} INFO - [2025-06-17T13:27:43.094+0200] {dag.py:3437} INFO - Setting next_dagrun for example_trigger_controller_dag to 2021-01-01T00:00:00+00:00, run_after=2021-01-01T00:00:00+00:00
[2025-06-17T13:27:43.179+0200] {processor.py:175} INFO - Processing /home/monica.fernandez/practica_creativa/venv-airflow/lib/python3.11/site-packages/airflow/example_dags/example_trigger_controller_dag.py took 0.151 seconds
[2025-06-17T13:28:27.073+0200] {processor.py:153} INFO - Started process (PID=97121) to work on /home/monica.fernandez/practica_creativa/venv-airflow/lib/python3.11/site-packages/airflow/example_dags/example_trigger_controller_dag.py
[2025-06-17T13:28:27.074+0200] {processor.py:743} INFO - Processing file /home/monica.fernandez/practica_creativa/venv-airflow/lib/python3.11/site-packages/airflow/example_dags/example_trigger_controller_dag.py for tasks to queue
[2025-06-17T13:28:27.075+0200] {logging_mixin.py:137} INFO - [2025-06-17T13:28:27.075+0200] {dagbag.py:538} INFO - Filling up the DagBag from /home/monica.fernandez/practica_creativa/venv-airflow/lib/python3.11/site-packages/airflow/example_dags/example_trigger_controller_dag.py
[2025-06-17T13:28:27.081+0200] {processor.py:753} INFO - DAG(s) dict_keys(['example_trigger_controller_dag']) retrieved from /home/monica.fernandez/practica_creativa/venv-airflow/lib/python3.11/site-packages/airflow/example_dags/example_trigger_controller_dag.py
[2025-06-17T13:28:27.120+0200] {logging_mixin.py:137} INFO - [2025-06-17T13:28:27.120+0200] {dag.py:2690} INFO - Sync 1 DAGs
[2025-06-17T13:28:27.149+0200] {logging_mixin.py:137} INFO - [2025-06-17T13:28:27.149+0200] {dag.py:3437} INFO - Setting next_dagrun for example_trigger_controller_dag to 2021-01-01T00:00:00+00:00, run_after=2021-01-01T00:00:00+00:00
[2025-06-17T13:28:27.225+0200] {processor.py:175} INFO - Processing /home/monica.fernandez/practica_creativa/venv-airflow/lib/python3.11/site-packages/airflow/example_dags/example_trigger_controller_dag.py took 0.155 seconds
[2025-06-17T13:28:35.096+0200] {processor.py:153} INFO - Started process (PID=97165) to work on /home/monica.fernandez/practica_creativa/venv-airflow/lib/python3.11/site-packages/airflow/example_dags/example_trigger_controller_dag.py
[2025-06-17T13:28:35.098+0200] {processor.py:743} INFO - Processing file /home/monica.fernandez/practica_creativa/venv-airflow/lib/python3.11/site-packages/airflow/example_dags/example_trigger_controller_dag.py for tasks to queue
[2025-06-17T13:28:35.098+0200] {logging_mixin.py:137} INFO - [2025-06-17T13:28:35.098+0200] {dagbag.py:538} INFO - Filling up the DagBag from /home/monica.fernandez/practica_creativa/venv-airflow/lib/python3.11/site-packages/airflow/example_dags/example_trigger_controller_dag.py
[2025-06-17T13:28:35.110+0200] {processor.py:753} INFO - DAG(s) dict_keys(['example_trigger_controller_dag']) retrieved from /home/monica.fernandez/practica_creativa/venv-airflow/lib/python3.11/site-packages/airflow/example_dags/example_trigger_controller_dag.py
[2025-06-17T13:28:35.140+0200] {logging_mixin.py:137} INFO - [2025-06-17T13:28:35.140+0200] {dag.py:2690} INFO - Sync 1 DAGs
[2025-06-17T13:28:35.164+0200] {logging_mixin.py:137} INFO - [2025-06-17T13:28:35.164+0200] {dag.py:3437} INFO - Setting next_dagrun for example_trigger_controller_dag to 2021-01-01T00:00:00+00:00, run_after=2021-01-01T00:00:00+00:00
[2025-06-17T13:28:35.226+0200] {processor.py:175} INFO - Processing /home/monica.fernandez/practica_creativa/venv-airflow/lib/python3.11/site-packages/airflow/example_dags/example_trigger_controller_dag.py took 0.137 seconds
[2025-06-17T13:31:59.720+0200] {processor.py:153} INFO - Started process (PID=99949) to work on /home/monica.fernandez/practica_creativa/venv-airflow/lib/python3.11/site-packages/airflow/example_dags/example_trigger_controller_dag.py
[2025-06-17T13:31:59.721+0200] {processor.py:743} INFO - Processing file /home/monica.fernandez/practica_creativa/venv-airflow/lib/python3.11/site-packages/airflow/example_dags/example_trigger_controller_dag.py for tasks to queue
[2025-06-17T13:31:59.721+0200] {logging_mixin.py:137} INFO - [2025-06-17T13:31:59.721+0200] {dagbag.py:538} INFO - Filling up the DagBag from /home/monica.fernandez/practica_creativa/venv-airflow/lib/python3.11/site-packages/airflow/example_dags/example_trigger_controller_dag.py
[2025-06-17T13:31:59.729+0200] {processor.py:753} INFO - DAG(s) dict_keys(['example_trigger_controller_dag']) retrieved from /home/monica.fernandez/practica_creativa/venv-airflow/lib/python3.11/site-packages/airflow/example_dags/example_trigger_controller_dag.py
[2025-06-17T13:31:59.757+0200] {logging_mixin.py:137} INFO - [2025-06-17T13:31:59.757+0200] {dag.py:2690} INFO - Sync 1 DAGs
[2025-06-17T13:31:59.778+0200] {logging_mixin.py:137} INFO - [2025-06-17T13:31:59.778+0200] {dag.py:3437} INFO - Setting next_dagrun for example_trigger_controller_dag to 2021-01-01T00:00:00+00:00, run_after=2021-01-01T00:00:00+00:00
[2025-06-17T13:31:59.835+0200] {processor.py:175} INFO - Processing /home/monica.fernandez/practica_creativa/venv-airflow/lib/python3.11/site-packages/airflow/example_dags/example_trigger_controller_dag.py took 0.118 seconds
[2025-06-17T13:32:55.514+0200] {processor.py:153} INFO - Started process (PID=100633) to work on /home/monica.fernandez/practica_creativa/venv-airflow/lib/python3.11/site-packages/airflow/example_dags/example_trigger_controller_dag.py
[2025-06-17T13:32:55.515+0200] {processor.py:743} INFO - Processing file /home/monica.fernandez/practica_creativa/venv-airflow/lib/python3.11/site-packages/airflow/example_dags/example_trigger_controller_dag.py for tasks to queue
[2025-06-17T13:32:55.516+0200] {logging_mixin.py:137} INFO - [2025-06-17T13:32:55.515+0200] {dagbag.py:538} INFO - Filling up the DagBag from /home/monica.fernandez/practica_creativa/venv-airflow/lib/python3.11/site-packages/airflow/example_dags/example_trigger_controller_dag.py
[2025-06-17T13:32:55.522+0200] {processor.py:753} INFO - DAG(s) dict_keys(['example_trigger_controller_dag']) retrieved from /home/monica.fernandez/practica_creativa/venv-airflow/lib/python3.11/site-packages/airflow/example_dags/example_trigger_controller_dag.py
[2025-06-17T13:32:55.564+0200] {logging_mixin.py:137} INFO - [2025-06-17T13:32:55.564+0200] {dag.py:2690} INFO - Sync 1 DAGs
[2025-06-17T13:32:55.596+0200] {logging_mixin.py:137} INFO - [2025-06-17T13:32:55.596+0200] {dag.py:3437} INFO - Setting next_dagrun for example_trigger_controller_dag to 2021-01-01T00:00:00+00:00, run_after=2021-01-01T00:00:00+00:00
[2025-06-17T13:32:55.657+0200] {processor.py:175} INFO - Processing /home/monica.fernandez/practica_creativa/venv-airflow/lib/python3.11/site-packages/airflow/example_dags/example_trigger_controller_dag.py took 0.166 seconds
[2025-06-17T13:33:48.126+0200] {processor.py:153} INFO - Started process (PID=101278) to work on /home/monica.fernandez/practica_creativa/venv-airflow/lib/python3.11/site-packages/airflow/example_dags/example_trigger_controller_dag.py
[2025-06-17T13:33:48.133+0200] {processor.py:743} INFO - Processing file /home/monica.fernandez/practica_creativa/venv-airflow/lib/python3.11/site-packages/airflow/example_dags/example_trigger_controller_dag.py for tasks to queue
[2025-06-17T13:33:48.137+0200] {logging_mixin.py:137} INFO - [2025-06-17T13:33:48.134+0200] {dagbag.py:538} INFO - Filling up the DagBag from /home/monica.fernandez/practica_creativa/venv-airflow/lib/python3.11/site-packages/airflow/example_dags/example_trigger_controller_dag.py
[2025-06-17T13:33:48.143+0200] {processor.py:753} INFO - DAG(s) dict_keys(['example_trigger_controller_dag']) retrieved from /home/monica.fernandez/practica_creativa/venv-airflow/lib/python3.11/site-packages/airflow/example_dags/example_trigger_controller_dag.py
[2025-06-17T13:33:48.268+0200] {logging_mixin.py:137} INFO - [2025-06-17T13:33:48.268+0200] {dag.py:2690} INFO - Sync 1 DAGs
[2025-06-17T13:33:48.312+0200] {logging_mixin.py:137} INFO - [2025-06-17T13:33:48.312+0200] {dag.py:3437} INFO - Setting next_dagrun for example_trigger_controller_dag to 2021-01-01T00:00:00+00:00, run_after=2021-01-01T00:00:00+00:00
[2025-06-17T13:33:48.379+0200] {processor.py:175} INFO - Processing /home/monica.fernandez/practica_creativa/venv-airflow/lib/python3.11/site-packages/airflow/example_dags/example_trigger_controller_dag.py took 0.273 seconds
[2025-06-17T13:34:18.745+0200] {processor.py:153} INFO - Started process (PID=101711) to work on /home/monica.fernandez/practica_creativa/venv-airflow/lib/python3.11/site-packages/airflow/example_dags/example_trigger_controller_dag.py
[2025-06-17T13:34:18.747+0200] {processor.py:743} INFO - Processing file /home/monica.fernandez/practica_creativa/venv-airflow/lib/python3.11/site-packages/airflow/example_dags/example_trigger_controller_dag.py for tasks to queue
[2025-06-17T13:34:18.748+0200] {logging_mixin.py:137} INFO - [2025-06-17T13:34:18.747+0200] {dagbag.py:538} INFO - Filling up the DagBag from /home/monica.fernandez/practica_creativa/venv-airflow/lib/python3.11/site-packages/airflow/example_dags/example_trigger_controller_dag.py
[2025-06-17T13:34:18.756+0200] {processor.py:753} INFO - DAG(s) dict_keys(['example_trigger_controller_dag']) retrieved from /home/monica.fernandez/practica_creativa/venv-airflow/lib/python3.11/site-packages/airflow/example_dags/example_trigger_controller_dag.py
[2025-06-17T13:34:18.814+0200] {logging_mixin.py:137} INFO - [2025-06-17T13:34:18.814+0200] {dag.py:2690} INFO - Sync 1 DAGs
[2025-06-17T13:34:18.874+0200] {logging_mixin.py:137} INFO - [2025-06-17T13:34:18.874+0200] {dag.py:3437} INFO - Setting next_dagrun for example_trigger_controller_dag to 2021-01-01T00:00:00+00:00, run_after=2021-01-01T00:00:00+00:00
[2025-06-17T13:34:18.939+0200] {processor.py:175} INFO - Processing /home/monica.fernandez/practica_creativa/venv-airflow/lib/python3.11/site-packages/airflow/example_dags/example_trigger_controller_dag.py took 0.200 seconds
[2025-06-17T13:34:50.980+0200] {processor.py:153} INFO - Started process (PID=101997) to work on /home/monica.fernandez/practica_creativa/venv-airflow/lib/python3.11/site-packages/airflow/example_dags/example_trigger_controller_dag.py
[2025-06-17T13:34:50.981+0200] {processor.py:743} INFO - Processing file /home/monica.fernandez/practica_creativa/venv-airflow/lib/python3.11/site-packages/airflow/example_dags/example_trigger_controller_dag.py for tasks to queue
[2025-06-17T13:34:50.982+0200] {logging_mixin.py:137} INFO - [2025-06-17T13:34:50.982+0200] {dagbag.py:538} INFO - Filling up the DagBag from /home/monica.fernandez/practica_creativa/venv-airflow/lib/python3.11/site-packages/airflow/example_dags/example_trigger_controller_dag.py
[2025-06-17T13:34:50.996+0200] {processor.py:753} INFO - DAG(s) dict_keys(['example_trigger_controller_dag']) retrieved from /home/monica.fernandez/practica_creativa/venv-airflow/lib/python3.11/site-packages/airflow/example_dags/example_trigger_controller_dag.py
[2025-06-17T13:34:51.043+0200] {logging_mixin.py:137} INFO - [2025-06-17T13:34:51.043+0200] {dag.py:2690} INFO - Sync 1 DAGs
[2025-06-17T13:34:51.070+0200] {logging_mixin.py:137} INFO - [2025-06-17T13:34:51.070+0200] {dag.py:3437} INFO - Setting next_dagrun for example_trigger_controller_dag to 2021-01-01T00:00:00+00:00, run_after=2021-01-01T00:00:00+00:00
[2025-06-17T13:34:51.149+0200] {processor.py:175} INFO - Processing /home/monica.fernandez/practica_creativa/venv-airflow/lib/python3.11/site-packages/airflow/example_dags/example_trigger_controller_dag.py took 0.174 seconds
[2025-06-17T13:35:07.562+0200] {processor.py:153} INFO - Started process (PID=102144) to work on /home/monica.fernandez/practica_creativa/venv-airflow/lib/python3.11/site-packages/airflow/example_dags/example_trigger_controller_dag.py
[2025-06-17T13:35:07.563+0200] {processor.py:743} INFO - Processing file /home/monica.fernandez/practica_creativa/venv-airflow/lib/python3.11/site-packages/airflow/example_dags/example_trigger_controller_dag.py for tasks to queue
[2025-06-17T13:35:07.567+0200] {logging_mixin.py:137} INFO - [2025-06-17T13:35:07.567+0200] {dagbag.py:538} INFO - Filling up the DagBag from /home/monica.fernandez/practica_creativa/venv-airflow/lib/python3.11/site-packages/airflow/example_dags/example_trigger_controller_dag.py
[2025-06-17T13:35:07.578+0200] {processor.py:753} INFO - DAG(s) dict_keys(['example_trigger_controller_dag']) retrieved from /home/monica.fernandez/practica_creativa/venv-airflow/lib/python3.11/site-packages/airflow/example_dags/example_trigger_controller_dag.py
[2025-06-17T13:35:07.613+0200] {logging_mixin.py:137} INFO - [2025-06-17T13:35:07.613+0200] {dag.py:2690} INFO - Sync 1 DAGs
[2025-06-17T13:35:07.649+0200] {logging_mixin.py:137} INFO - [2025-06-17T13:35:07.648+0200] {dag.py:3437} INFO - Setting next_dagrun for example_trigger_controller_dag to 2021-01-01T00:00:00+00:00, run_after=2021-01-01T00:00:00+00:00
[2025-06-17T13:35:07.712+0200] {processor.py:175} INFO - Processing /home/monica.fernandez/practica_creativa/venv-airflow/lib/python3.11/site-packages/airflow/example_dags/example_trigger_controller_dag.py took 0.157 seconds
[2025-06-17T13:35:42.039+0200] {processor.py:153} INFO - Started process (PID=102444) to work on /home/monica.fernandez/practica_creativa/venv-airflow/lib/python3.11/site-packages/airflow/example_dags/example_trigger_controller_dag.py
[2025-06-17T13:35:42.040+0200] {processor.py:743} INFO - Processing file /home/monica.fernandez/practica_creativa/venv-airflow/lib/python3.11/site-packages/airflow/example_dags/example_trigger_controller_dag.py for tasks to queue
[2025-06-17T13:35:42.041+0200] {logging_mixin.py:137} INFO - [2025-06-17T13:35:42.041+0200] {dagbag.py:538} INFO - Filling up the DagBag from /home/monica.fernandez/practica_creativa/venv-airflow/lib/python3.11/site-packages/airflow/example_dags/example_trigger_controller_dag.py
[2025-06-17T13:35:42.055+0200] {processor.py:753} INFO - DAG(s) dict_keys(['example_trigger_controller_dag']) retrieved from /home/monica.fernandez/practica_creativa/venv-airflow/lib/python3.11/site-packages/airflow/example_dags/example_trigger_controller_dag.py
[2025-06-17T13:35:42.108+0200] {logging_mixin.py:137} INFO - [2025-06-17T13:35:42.108+0200] {dag.py:2690} INFO - Sync 1 DAGs
[2025-06-17T13:35:42.148+0200] {logging_mixin.py:137} INFO - [2025-06-17T13:35:42.148+0200] {dag.py:3437} INFO - Setting next_dagrun for example_trigger_controller_dag to 2021-01-01T00:00:00+00:00, run_after=2021-01-01T00:00:00+00:00
[2025-06-17T13:35:42.276+0200] {processor.py:175} INFO - Processing /home/monica.fernandez/practica_creativa/venv-airflow/lib/python3.11/site-packages/airflow/example_dags/example_trigger_controller_dag.py took 0.242 seconds
[2025-06-17T13:36:00.079+0200] {processor.py:153} INFO - Started process (PID=102653) to work on /home/monica.fernandez/practica_creativa/venv-airflow/lib/python3.11/site-packages/airflow/example_dags/example_trigger_controller_dag.py
[2025-06-17T13:36:00.080+0200] {processor.py:743} INFO - Processing file /home/monica.fernandez/practica_creativa/venv-airflow/lib/python3.11/site-packages/airflow/example_dags/example_trigger_controller_dag.py for tasks to queue
[2025-06-17T13:36:00.081+0200] {logging_mixin.py:137} INFO - [2025-06-17T13:36:00.080+0200] {dagbag.py:538} INFO - Filling up the DagBag from /home/monica.fernandez/practica_creativa/venv-airflow/lib/python3.11/site-packages/airflow/example_dags/example_trigger_controller_dag.py
[2025-06-17T13:36:00.086+0200] {processor.py:753} INFO - DAG(s) dict_keys(['example_trigger_controller_dag']) retrieved from /home/monica.fernandez/practica_creativa/venv-airflow/lib/python3.11/site-packages/airflow/example_dags/example_trigger_controller_dag.py
[2025-06-17T13:36:00.126+0200] {logging_mixin.py:137} INFO - [2025-06-17T13:36:00.126+0200] {dag.py:2690} INFO - Sync 1 DAGs
[2025-06-17T13:36:00.156+0200] {logging_mixin.py:137} INFO - [2025-06-17T13:36:00.156+0200] {dag.py:3437} INFO - Setting next_dagrun for example_trigger_controller_dag to 2021-01-01T00:00:00+00:00, run_after=2021-01-01T00:00:00+00:00
[2025-06-17T13:36:00.265+0200] {processor.py:175} INFO - Processing /home/monica.fernandez/practica_creativa/venv-airflow/lib/python3.11/site-packages/airflow/example_dags/example_trigger_controller_dag.py took 0.190 seconds
[2025-06-17T13:36:31.441+0200] {processor.py:153} INFO - Started process (PID=103006) to work on /home/monica.fernandez/practica_creativa/venv-airflow/lib/python3.11/site-packages/airflow/example_dags/example_trigger_controller_dag.py
[2025-06-17T13:36:31.442+0200] {processor.py:743} INFO - Processing file /home/monica.fernandez/practica_creativa/venv-airflow/lib/python3.11/site-packages/airflow/example_dags/example_trigger_controller_dag.py for tasks to queue
[2025-06-17T13:36:31.443+0200] {logging_mixin.py:137} INFO - [2025-06-17T13:36:31.443+0200] {dagbag.py:538} INFO - Filling up the DagBag from /home/monica.fernandez/practica_creativa/venv-airflow/lib/python3.11/site-packages/airflow/example_dags/example_trigger_controller_dag.py
[2025-06-17T13:36:31.457+0200] {processor.py:753} INFO - DAG(s) dict_keys(['example_trigger_controller_dag']) retrieved from /home/monica.fernandez/practica_creativa/venv-airflow/lib/python3.11/site-packages/airflow/example_dags/example_trigger_controller_dag.py
[2025-06-17T13:36:31.500+0200] {logging_mixin.py:137} INFO - [2025-06-17T13:36:31.500+0200] {dag.py:2690} INFO - Sync 1 DAGs
[2025-06-17T13:36:31.541+0200] {logging_mixin.py:137} INFO - [2025-06-17T13:36:31.541+0200] {dag.py:3437} INFO - Setting next_dagrun for example_trigger_controller_dag to 2021-01-01T00:00:00+00:00, run_after=2021-01-01T00:00:00+00:00
[2025-06-17T13:36:31.644+0200] {processor.py:175} INFO - Processing /home/monica.fernandez/practica_creativa/venv-airflow/lib/python3.11/site-packages/airflow/example_dags/example_trigger_controller_dag.py took 0.206 seconds
[2025-06-17T13:36:53.267+0200] {processor.py:153} INFO - Started process (PID=103274) to work on /home/monica.fernandez/practica_creativa/venv-airflow/lib/python3.11/site-packages/airflow/example_dags/example_trigger_controller_dag.py
[2025-06-17T13:36:53.267+0200] {processor.py:743} INFO - Processing file /home/monica.fernandez/practica_creativa/venv-airflow/lib/python3.11/site-packages/airflow/example_dags/example_trigger_controller_dag.py for tasks to queue
[2025-06-17T13:36:53.268+0200] {logging_mixin.py:137} INFO - [2025-06-17T13:36:53.268+0200] {dagbag.py:538} INFO - Filling up the DagBag from /home/monica.fernandez/practica_creativa/venv-airflow/lib/python3.11/site-packages/airflow/example_dags/example_trigger_controller_dag.py
[2025-06-17T13:36:53.277+0200] {processor.py:753} INFO - DAG(s) dict_keys(['example_trigger_controller_dag']) retrieved from /home/monica.fernandez/practica_creativa/venv-airflow/lib/python3.11/site-packages/airflow/example_dags/example_trigger_controller_dag.py
[2025-06-17T13:36:53.317+0200] {logging_mixin.py:137} INFO - [2025-06-17T13:36:53.317+0200] {dag.py:2690} INFO - Sync 1 DAGs
[2025-06-17T13:36:53.361+0200] {logging_mixin.py:137} INFO - [2025-06-17T13:36:53.361+0200] {dag.py:3437} INFO - Setting next_dagrun for example_trigger_controller_dag to 2021-01-01T00:00:00+00:00, run_after=2021-01-01T00:00:00+00:00
[2025-06-17T13:36:53.461+0200] {processor.py:175} INFO - Processing /home/monica.fernandez/practica_creativa/venv-airflow/lib/python3.11/site-packages/airflow/example_dags/example_trigger_controller_dag.py took 0.197 seconds
[2025-06-17T13:37:39.536+0200] {processor.py:153} INFO - Started process (PID=103834) to work on /home/monica.fernandez/practica_creativa/venv-airflow/lib/python3.11/site-packages/airflow/example_dags/example_trigger_controller_dag.py
[2025-06-17T13:37:39.537+0200] {processor.py:743} INFO - Processing file /home/monica.fernandez/practica_creativa/venv-airflow/lib/python3.11/site-packages/airflow/example_dags/example_trigger_controller_dag.py for tasks to queue
[2025-06-17T13:37:39.538+0200] {logging_mixin.py:137} INFO - [2025-06-17T13:37:39.538+0200] {dagbag.py:538} INFO - Filling up the DagBag from /home/monica.fernandez/practica_creativa/venv-airflow/lib/python3.11/site-packages/airflow/example_dags/example_trigger_controller_dag.py
[2025-06-17T13:37:39.545+0200] {processor.py:753} INFO - DAG(s) dict_keys(['example_trigger_controller_dag']) retrieved from /home/monica.fernandez/practica_creativa/venv-airflow/lib/python3.11/site-packages/airflow/example_dags/example_trigger_controller_dag.py
[2025-06-17T13:37:39.584+0200] {logging_mixin.py:137} INFO - [2025-06-17T13:37:39.584+0200] {dag.py:2690} INFO - Sync 1 DAGs
[2025-06-17T13:37:39.612+0200] {logging_mixin.py:137} INFO - [2025-06-17T13:37:39.612+0200] {dag.py:3437} INFO - Setting next_dagrun for example_trigger_controller_dag to 2021-01-01T00:00:00+00:00, run_after=2021-01-01T00:00:00+00:00
[2025-06-17T13:37:39.680+0200] {processor.py:175} INFO - Processing /home/monica.fernandez/practica_creativa/venv-airflow/lib/python3.11/site-packages/airflow/example_dags/example_trigger_controller_dag.py took 0.150 seconds
[2025-06-17T13:38:21.314+0200] {processor.py:153} INFO - Started process (PID=104404) to work on /home/monica.fernandez/practica_creativa/venv-airflow/lib/python3.11/site-packages/airflow/example_dags/example_trigger_controller_dag.py
[2025-06-17T13:38:21.315+0200] {processor.py:743} INFO - Processing file /home/monica.fernandez/practica_creativa/venv-airflow/lib/python3.11/site-packages/airflow/example_dags/example_trigger_controller_dag.py for tasks to queue
[2025-06-17T13:38:21.318+0200] {logging_mixin.py:137} INFO - [2025-06-17T13:38:21.317+0200] {dagbag.py:538} INFO - Filling up the DagBag from /home/monica.fernandez/practica_creativa/venv-airflow/lib/python3.11/site-packages/airflow/example_dags/example_trigger_controller_dag.py
[2025-06-17T13:38:21.336+0200] {processor.py:753} INFO - DAG(s) dict_keys(['example_trigger_controller_dag']) retrieved from /home/monica.fernandez/practica_creativa/venv-airflow/lib/python3.11/site-packages/airflow/example_dags/example_trigger_controller_dag.py
[2025-06-17T13:38:21.408+0200] {logging_mixin.py:137} INFO - [2025-06-17T13:38:21.398+0200] {dag.py:2690} INFO - Sync 1 DAGs
[2025-06-17T13:38:21.467+0200] {logging_mixin.py:137} INFO - [2025-06-17T13:38:21.467+0200] {dag.py:3437} INFO - Setting next_dagrun for example_trigger_controller_dag to 2021-01-01T00:00:00+00:00, run_after=2021-01-01T00:00:00+00:00
[2025-06-17T13:38:21.575+0200] {processor.py:175} INFO - Processing /home/monica.fernandez/practica_creativa/venv-airflow/lib/python3.11/site-packages/airflow/example_dags/example_trigger_controller_dag.py took 0.265 seconds
[2025-06-17T13:39:03.308+0200] {processor.py:153} INFO - Started process (PID=105032) to work on /home/monica.fernandez/practica_creativa/venv-airflow/lib/python3.11/site-packages/airflow/example_dags/example_trigger_controller_dag.py
[2025-06-17T13:39:03.309+0200] {processor.py:743} INFO - Processing file /home/monica.fernandez/practica_creativa/venv-airflow/lib/python3.11/site-packages/airflow/example_dags/example_trigger_controller_dag.py for tasks to queue
[2025-06-17T13:39:03.310+0200] {logging_mixin.py:137} INFO - [2025-06-17T13:39:03.309+0200] {dagbag.py:538} INFO - Filling up the DagBag from /home/monica.fernandez/practica_creativa/venv-airflow/lib/python3.11/site-packages/airflow/example_dags/example_trigger_controller_dag.py
[2025-06-17T13:39:03.318+0200] {processor.py:753} INFO - DAG(s) dict_keys(['example_trigger_controller_dag']) retrieved from /home/monica.fernandez/practica_creativa/venv-airflow/lib/python3.11/site-packages/airflow/example_dags/example_trigger_controller_dag.py
[2025-06-17T13:39:03.358+0200] {logging_mixin.py:137} INFO - [2025-06-17T13:39:03.358+0200] {dag.py:2690} INFO - Sync 1 DAGs
[2025-06-17T13:39:03.402+0200] {logging_mixin.py:137} INFO - [2025-06-17T13:39:03.401+0200] {dag.py:3437} INFO - Setting next_dagrun for example_trigger_controller_dag to 2021-01-01T00:00:00+00:00, run_after=2021-01-01T00:00:00+00:00
[2025-06-17T13:39:03.478+0200] {processor.py:175} INFO - Processing /home/monica.fernandez/practica_creativa/venv-airflow/lib/python3.11/site-packages/airflow/example_dags/example_trigger_controller_dag.py took 0.173 seconds
[2025-06-17T13:39:21.425+0200] {processor.py:153} INFO - Started process (PID=105354) to work on /home/monica.fernandez/practica_creativa/venv-airflow/lib/python3.11/site-packages/airflow/example_dags/example_trigger_controller_dag.py
[2025-06-17T13:39:21.426+0200] {processor.py:743} INFO - Processing file /home/monica.fernandez/practica_creativa/venv-airflow/lib/python3.11/site-packages/airflow/example_dags/example_trigger_controller_dag.py for tasks to queue
[2025-06-17T13:39:21.426+0200] {logging_mixin.py:137} INFO - [2025-06-17T13:39:21.426+0200] {dagbag.py:538} INFO - Filling up the DagBag from /home/monica.fernandez/practica_creativa/venv-airflow/lib/python3.11/site-packages/airflow/example_dags/example_trigger_controller_dag.py
[2025-06-17T13:39:21.431+0200] {processor.py:753} INFO - DAG(s) dict_keys(['example_trigger_controller_dag']) retrieved from /home/monica.fernandez/practica_creativa/venv-airflow/lib/python3.11/site-packages/airflow/example_dags/example_trigger_controller_dag.py
[2025-06-17T13:39:21.474+0200] {logging_mixin.py:137} INFO - [2025-06-17T13:39:21.474+0200] {dag.py:2690} INFO - Sync 1 DAGs
[2025-06-17T13:39:21.499+0200] {logging_mixin.py:137} INFO - [2025-06-17T13:39:21.498+0200] {dag.py:3437} INFO - Setting next_dagrun for example_trigger_controller_dag to 2021-01-01T00:00:00+00:00, run_after=2021-01-01T00:00:00+00:00
[2025-06-17T13:39:21.556+0200] {processor.py:175} INFO - Processing /home/monica.fernandez/practica_creativa/venv-airflow/lib/python3.11/site-packages/airflow/example_dags/example_trigger_controller_dag.py took 0.134 seconds
[2025-06-17T13:40:01.456+0200] {processor.py:153} INFO - Started process (PID=105659) to work on /home/monica.fernandez/practica_creativa/venv-airflow/lib/python3.11/site-packages/airflow/example_dags/example_trigger_controller_dag.py
[2025-06-17T13:40:01.474+0200] {processor.py:743} INFO - Processing file /home/monica.fernandez/practica_creativa/venv-airflow/lib/python3.11/site-packages/airflow/example_dags/example_trigger_controller_dag.py for tasks to queue
[2025-06-17T13:40:01.475+0200] {logging_mixin.py:137} INFO - [2025-06-17T13:40:01.475+0200] {dagbag.py:538} INFO - Filling up the DagBag from /home/monica.fernandez/practica_creativa/venv-airflow/lib/python3.11/site-packages/airflow/example_dags/example_trigger_controller_dag.py
[2025-06-17T13:40:01.496+0200] {processor.py:753} INFO - DAG(s) dict_keys(['example_trigger_controller_dag']) retrieved from /home/monica.fernandez/practica_creativa/venv-airflow/lib/python3.11/site-packages/airflow/example_dags/example_trigger_controller_dag.py
[2025-06-17T13:40:01.561+0200] {logging_mixin.py:137} INFO - [2025-06-17T13:40:01.561+0200] {dag.py:2690} INFO - Sync 1 DAGs
[2025-06-17T13:40:01.623+0200] {logging_mixin.py:137} INFO - [2025-06-17T13:40:01.623+0200] {dag.py:3437} INFO - Setting next_dagrun for example_trigger_controller_dag to 2021-01-01T00:00:00+00:00, run_after=2021-01-01T00:00:00+00:00
[2025-06-17T13:40:01.813+0200] {processor.py:175} INFO - Processing /home/monica.fernandez/practica_creativa/venv-airflow/lib/python3.11/site-packages/airflow/example_dags/example_trigger_controller_dag.py took 0.359 seconds
[2025-06-17T13:42:41.479+0200] {processor.py:153} INFO - Started process (PID=107578) to work on /home/monica.fernandez/practica_creativa/venv-airflow/lib/python3.11/site-packages/airflow/example_dags/example_trigger_controller_dag.py
[2025-06-17T13:42:41.480+0200] {processor.py:743} INFO - Processing file /home/monica.fernandez/practica_creativa/venv-airflow/lib/python3.11/site-packages/airflow/example_dags/example_trigger_controller_dag.py for tasks to queue
[2025-06-17T13:42:41.481+0200] {logging_mixin.py:137} INFO - [2025-06-17T13:42:41.481+0200] {dagbag.py:538} INFO - Filling up the DagBag from /home/monica.fernandez/practica_creativa/venv-airflow/lib/python3.11/site-packages/airflow/example_dags/example_trigger_controller_dag.py
[2025-06-17T13:42:41.485+0200] {processor.py:753} INFO - DAG(s) dict_keys(['example_trigger_controller_dag']) retrieved from /home/monica.fernandez/practica_creativa/venv-airflow/lib/python3.11/site-packages/airflow/example_dags/example_trigger_controller_dag.py
[2025-06-17T13:42:41.511+0200] {logging_mixin.py:137} INFO - [2025-06-17T13:42:41.511+0200] {dag.py:2690} INFO - Sync 1 DAGs
[2025-06-17T13:42:41.533+0200] {logging_mixin.py:137} INFO - [2025-06-17T13:42:41.533+0200] {dag.py:3437} INFO - Setting next_dagrun for example_trigger_controller_dag to 2021-01-01T00:00:00+00:00, run_after=2021-01-01T00:00:00+00:00
[2025-06-17T13:42:41.584+0200] {processor.py:175} INFO - Processing /home/monica.fernandez/practica_creativa/venv-airflow/lib/python3.11/site-packages/airflow/example_dags/example_trigger_controller_dag.py took 0.107 seconds
[2025-06-17T13:43:31.535+0200] {processor.py:153} INFO - Started process (PID=108070) to work on /home/monica.fernandez/practica_creativa/venv-airflow/lib/python3.11/site-packages/airflow/example_dags/example_trigger_controller_dag.py
[2025-06-17T13:43:31.536+0200] {processor.py:743} INFO - Processing file /home/monica.fernandez/practica_creativa/venv-airflow/lib/python3.11/site-packages/airflow/example_dags/example_trigger_controller_dag.py for tasks to queue
[2025-06-17T13:43:31.536+0200] {logging_mixin.py:137} INFO - [2025-06-17T13:43:31.536+0200] {dagbag.py:538} INFO - Filling up the DagBag from /home/monica.fernandez/practica_creativa/venv-airflow/lib/python3.11/site-packages/airflow/example_dags/example_trigger_controller_dag.py
[2025-06-17T13:43:31.541+0200] {processor.py:753} INFO - DAG(s) dict_keys(['example_trigger_controller_dag']) retrieved from /home/monica.fernandez/practica_creativa/venv-airflow/lib/python3.11/site-packages/airflow/example_dags/example_trigger_controller_dag.py
[2025-06-17T13:43:31.571+0200] {logging_mixin.py:137} INFO - [2025-06-17T13:43:31.571+0200] {dag.py:2690} INFO - Sync 1 DAGs
[2025-06-17T13:43:31.595+0200] {logging_mixin.py:137} INFO - [2025-06-17T13:43:31.594+0200] {dag.py:3437} INFO - Setting next_dagrun for example_trigger_controller_dag to 2021-01-01T00:00:00+00:00, run_after=2021-01-01T00:00:00+00:00
[2025-06-17T13:43:31.648+0200] {processor.py:175} INFO - Processing /home/monica.fernandez/practica_creativa/venv-airflow/lib/python3.11/site-packages/airflow/example_dags/example_trigger_controller_dag.py took 0.116 seconds
[2025-06-17T13:44:21.338+0200] {processor.py:153} INFO - Started process (PID=108550) to work on /home/monica.fernandez/practica_creativa/venv-airflow/lib/python3.11/site-packages/airflow/example_dags/example_trigger_controller_dag.py
[2025-06-17T13:44:21.339+0200] {processor.py:743} INFO - Processing file /home/monica.fernandez/practica_creativa/venv-airflow/lib/python3.11/site-packages/airflow/example_dags/example_trigger_controller_dag.py for tasks to queue
[2025-06-17T13:44:21.339+0200] {logging_mixin.py:137} INFO - [2025-06-17T13:44:21.339+0200] {dagbag.py:538} INFO - Filling up the DagBag from /home/monica.fernandez/practica_creativa/venv-airflow/lib/python3.11/site-packages/airflow/example_dags/example_trigger_controller_dag.py
[2025-06-17T13:44:21.346+0200] {processor.py:753} INFO - DAG(s) dict_keys(['example_trigger_controller_dag']) retrieved from /home/monica.fernandez/practica_creativa/venv-airflow/lib/python3.11/site-packages/airflow/example_dags/example_trigger_controller_dag.py
[2025-06-17T13:44:21.386+0200] {logging_mixin.py:137} INFO - [2025-06-17T13:44:21.386+0200] {dag.py:2690} INFO - Sync 1 DAGs
[2025-06-17T13:44:21.418+0200] {logging_mixin.py:137} INFO - [2025-06-17T13:44:21.417+0200] {dag.py:3437} INFO - Setting next_dagrun for example_trigger_controller_dag to 2021-01-01T00:00:00+00:00, run_after=2021-01-01T00:00:00+00:00
[2025-06-17T13:44:21.486+0200] {processor.py:175} INFO - Processing /home/monica.fernandez/practica_creativa/venv-airflow/lib/python3.11/site-packages/airflow/example_dags/example_trigger_controller_dag.py took 0.153 seconds
[2025-06-17T13:44:59.935+0200] {processor.py:153} INFO - Started process (PID=108938) to work on /home/monica.fernandez/practica_creativa/venv-airflow/lib/python3.11/site-packages/airflow/example_dags/example_trigger_controller_dag.py
[2025-06-17T13:44:59.935+0200] {processor.py:743} INFO - Processing file /home/monica.fernandez/practica_creativa/venv-airflow/lib/python3.11/site-packages/airflow/example_dags/example_trigger_controller_dag.py for tasks to queue
[2025-06-17T13:44:59.936+0200] {logging_mixin.py:137} INFO - [2025-06-17T13:44:59.936+0200] {dagbag.py:538} INFO - Filling up the DagBag from /home/monica.fernandez/practica_creativa/venv-airflow/lib/python3.11/site-packages/airflow/example_dags/example_trigger_controller_dag.py
[2025-06-17T13:44:59.962+0200] {processor.py:753} INFO - DAG(s) dict_keys(['example_trigger_controller_dag']) retrieved from /home/monica.fernandez/practica_creativa/venv-airflow/lib/python3.11/site-packages/airflow/example_dags/example_trigger_controller_dag.py
[2025-06-17T13:45:00.008+0200] {logging_mixin.py:137} INFO - [2025-06-17T13:45:00.008+0200] {dag.py:2690} INFO - Sync 1 DAGs
[2025-06-17T13:45:00.044+0200] {logging_mixin.py:137} INFO - [2025-06-17T13:45:00.044+0200] {dag.py:3437} INFO - Setting next_dagrun for example_trigger_controller_dag to 2021-01-01T00:00:00+00:00, run_after=2021-01-01T00:00:00+00:00
[2025-06-17T13:45:00.123+0200] {processor.py:175} INFO - Processing /home/monica.fernandez/practica_creativa/venv-airflow/lib/python3.11/site-packages/airflow/example_dags/example_trigger_controller_dag.py took 0.224 seconds
[2025-06-17T13:45:38.705+0200] {processor.py:153} INFO - Started process (PID=109425) to work on /home/monica.fernandez/practica_creativa/venv-airflow/lib/python3.11/site-packages/airflow/example_dags/example_trigger_controller_dag.py
[2025-06-17T13:45:38.706+0200] {processor.py:743} INFO - Processing file /home/monica.fernandez/practica_creativa/venv-airflow/lib/python3.11/site-packages/airflow/example_dags/example_trigger_controller_dag.py for tasks to queue
[2025-06-17T13:45:38.709+0200] {logging_mixin.py:137} INFO - [2025-06-17T13:45:38.709+0200] {dagbag.py:538} INFO - Filling up the DagBag from /home/monica.fernandez/practica_creativa/venv-airflow/lib/python3.11/site-packages/airflow/example_dags/example_trigger_controller_dag.py
[2025-06-17T13:45:38.720+0200] {processor.py:753} INFO - DAG(s) dict_keys(['example_trigger_controller_dag']) retrieved from /home/monica.fernandez/practica_creativa/venv-airflow/lib/python3.11/site-packages/airflow/example_dags/example_trigger_controller_dag.py
[2025-06-17T13:45:38.766+0200] {logging_mixin.py:137} INFO - [2025-06-17T13:45:38.766+0200] {dag.py:2690} INFO - Sync 1 DAGs
[2025-06-17T13:45:38.816+0200] {logging_mixin.py:137} INFO - [2025-06-17T13:45:38.815+0200] {dag.py:3437} INFO - Setting next_dagrun for example_trigger_controller_dag to 2021-01-01T00:00:00+00:00, run_after=2021-01-01T00:00:00+00:00
[2025-06-17T13:45:38.878+0200] {processor.py:175} INFO - Processing /home/monica.fernandez/practica_creativa/venv-airflow/lib/python3.11/site-packages/airflow/example_dags/example_trigger_controller_dag.py took 0.179 seconds
[2025-06-17T13:46:17.441+0200] {processor.py:153} INFO - Started process (PID=109941) to work on /home/monica.fernandez/practica_creativa/venv-airflow/lib/python3.11/site-packages/airflow/example_dags/example_trigger_controller_dag.py
[2025-06-17T13:46:17.442+0200] {processor.py:743} INFO - Processing file /home/monica.fernandez/practica_creativa/venv-airflow/lib/python3.11/site-packages/airflow/example_dags/example_trigger_controller_dag.py for tasks to queue
[2025-06-17T13:46:17.442+0200] {logging_mixin.py:137} INFO - [2025-06-17T13:46:17.442+0200] {dagbag.py:538} INFO - Filling up the DagBag from /home/monica.fernandez/practica_creativa/venv-airflow/lib/python3.11/site-packages/airflow/example_dags/example_trigger_controller_dag.py
[2025-06-17T13:46:17.449+0200] {processor.py:753} INFO - DAG(s) dict_keys(['example_trigger_controller_dag']) retrieved from /home/monica.fernandez/practica_creativa/venv-airflow/lib/python3.11/site-packages/airflow/example_dags/example_trigger_controller_dag.py
[2025-06-17T13:46:17.497+0200] {logging_mixin.py:137} INFO - [2025-06-17T13:46:17.497+0200] {dag.py:2690} INFO - Sync 1 DAGs
[2025-06-17T13:46:17.522+0200] {logging_mixin.py:137} INFO - [2025-06-17T13:46:17.522+0200] {dag.py:3437} INFO - Setting next_dagrun for example_trigger_controller_dag to 2021-01-01T00:00:00+00:00, run_after=2021-01-01T00:00:00+00:00
[2025-06-17T13:46:17.584+0200] {processor.py:175} INFO - Processing /home/monica.fernandez/practica_creativa/venv-airflow/lib/python3.11/site-packages/airflow/example_dags/example_trigger_controller_dag.py took 0.146 seconds
[2025-06-17T13:46:57.370+0200] {processor.py:153} INFO - Started process (PID=110553) to work on /home/monica.fernandez/practica_creativa/venv-airflow/lib/python3.11/site-packages/airflow/example_dags/example_trigger_controller_dag.py
[2025-06-17T13:46:57.376+0200] {processor.py:743} INFO - Processing file /home/monica.fernandez/practica_creativa/venv-airflow/lib/python3.11/site-packages/airflow/example_dags/example_trigger_controller_dag.py for tasks to queue
[2025-06-17T13:46:57.378+0200] {logging_mixin.py:137} INFO - [2025-06-17T13:46:57.378+0200] {dagbag.py:538} INFO - Filling up the DagBag from /home/monica.fernandez/practica_creativa/venv-airflow/lib/python3.11/site-packages/airflow/example_dags/example_trigger_controller_dag.py
[2025-06-17T13:46:57.388+0200] {processor.py:753} INFO - DAG(s) dict_keys(['example_trigger_controller_dag']) retrieved from /home/monica.fernandez/practica_creativa/venv-airflow/lib/python3.11/site-packages/airflow/example_dags/example_trigger_controller_dag.py
[2025-06-17T13:46:57.416+0200] {logging_mixin.py:137} INFO - [2025-06-17T13:46:57.416+0200] {dag.py:2690} INFO - Sync 1 DAGs
[2025-06-17T13:46:57.440+0200] {logging_mixin.py:137} INFO - [2025-06-17T13:46:57.440+0200] {dag.py:3437} INFO - Setting next_dagrun for example_trigger_controller_dag to 2021-01-01T00:00:00+00:00, run_after=2021-01-01T00:00:00+00:00
[2025-06-17T13:46:57.503+0200] {processor.py:175} INFO - Processing /home/monica.fernandez/practica_creativa/venv-airflow/lib/python3.11/site-packages/airflow/example_dags/example_trigger_controller_dag.py took 0.137 seconds
[2025-06-17T13:49:49.290+0200] {processor.py:153} INFO - Started process (PID=113158) to work on /home/monica.fernandez/practica_creativa/venv-airflow/lib/python3.11/site-packages/airflow/example_dags/example_trigger_controller_dag.py
[2025-06-17T13:49:49.291+0200] {processor.py:743} INFO - Processing file /home/monica.fernandez/practica_creativa/venv-airflow/lib/python3.11/site-packages/airflow/example_dags/example_trigger_controller_dag.py for tasks to queue
[2025-06-17T13:49:49.292+0200] {logging_mixin.py:137} INFO - [2025-06-17T13:49:49.292+0200] {dagbag.py:538} INFO - Filling up the DagBag from /home/monica.fernandez/practica_creativa/venv-airflow/lib/python3.11/site-packages/airflow/example_dags/example_trigger_controller_dag.py
[2025-06-17T13:49:49.298+0200] {processor.py:753} INFO - DAG(s) dict_keys(['example_trigger_controller_dag']) retrieved from /home/monica.fernandez/practica_creativa/venv-airflow/lib/python3.11/site-packages/airflow/example_dags/example_trigger_controller_dag.py
[2025-06-17T13:49:49.339+0200] {logging_mixin.py:137} INFO - [2025-06-17T13:49:49.339+0200] {dag.py:2690} INFO - Sync 1 DAGs
[2025-06-17T13:49:49.379+0200] {logging_mixin.py:137} INFO - [2025-06-17T13:49:49.379+0200] {dag.py:3437} INFO - Setting next_dagrun for example_trigger_controller_dag to 2021-01-01T00:00:00+00:00, run_after=2021-01-01T00:00:00+00:00
[2025-06-17T13:49:49.450+0200] {processor.py:175} INFO - Processing /home/monica.fernandez/practica_creativa/venv-airflow/lib/python3.11/site-packages/airflow/example_dags/example_trigger_controller_dag.py took 0.166 seconds
[2025-06-17T13:50:38.735+0200] {processor.py:153} INFO - Started process (PID=113577) to work on /home/monica.fernandez/practica_creativa/venv-airflow/lib/python3.11/site-packages/airflow/example_dags/example_trigger_controller_dag.py
[2025-06-17T13:50:38.735+0200] {processor.py:743} INFO - Processing file /home/monica.fernandez/practica_creativa/venv-airflow/lib/python3.11/site-packages/airflow/example_dags/example_trigger_controller_dag.py for tasks to queue
[2025-06-17T13:50:38.736+0200] {logging_mixin.py:137} INFO - [2025-06-17T13:50:38.736+0200] {dagbag.py:538} INFO - Filling up the DagBag from /home/monica.fernandez/practica_creativa/venv-airflow/lib/python3.11/site-packages/airflow/example_dags/example_trigger_controller_dag.py
[2025-06-17T13:50:38.741+0200] {processor.py:753} INFO - DAG(s) dict_keys(['example_trigger_controller_dag']) retrieved from /home/monica.fernandez/practica_creativa/venv-airflow/lib/python3.11/site-packages/airflow/example_dags/example_trigger_controller_dag.py
[2025-06-17T13:50:38.767+0200] {logging_mixin.py:137} INFO - [2025-06-17T13:50:38.767+0200] {dag.py:2690} INFO - Sync 1 DAGs
[2025-06-17T13:50:38.791+0200] {logging_mixin.py:137} INFO - [2025-06-17T13:50:38.791+0200] {dag.py:3437} INFO - Setting next_dagrun for example_trigger_controller_dag to 2021-01-01T00:00:00+00:00, run_after=2021-01-01T00:00:00+00:00
[2025-06-17T13:50:38.850+0200] {processor.py:175} INFO - Processing /home/monica.fernandez/practica_creativa/venv-airflow/lib/python3.11/site-packages/airflow/example_dags/example_trigger_controller_dag.py took 0.119 seconds
[2025-06-17T13:51:12.051+0200] {processor.py:153} INFO - Started process (PID=113888) to work on /home/monica.fernandez/practica_creativa/venv-airflow/lib/python3.11/site-packages/airflow/example_dags/example_trigger_controller_dag.py
[2025-06-17T13:51:12.052+0200] {processor.py:743} INFO - Processing file /home/monica.fernandez/practica_creativa/venv-airflow/lib/python3.11/site-packages/airflow/example_dags/example_trigger_controller_dag.py for tasks to queue
[2025-06-17T13:51:12.052+0200] {logging_mixin.py:137} INFO - [2025-06-17T13:51:12.052+0200] {dagbag.py:538} INFO - Filling up the DagBag from /home/monica.fernandez/practica_creativa/venv-airflow/lib/python3.11/site-packages/airflow/example_dags/example_trigger_controller_dag.py
[2025-06-17T13:51:12.071+0200] {processor.py:753} INFO - DAG(s) dict_keys(['example_trigger_controller_dag']) retrieved from /home/monica.fernandez/practica_creativa/venv-airflow/lib/python3.11/site-packages/airflow/example_dags/example_trigger_controller_dag.py
[2025-06-17T13:51:12.110+0200] {logging_mixin.py:137} INFO - [2025-06-17T13:51:12.110+0200] {dag.py:2690} INFO - Sync 1 DAGs
[2025-06-17T13:51:12.146+0200] {logging_mixin.py:137} INFO - [2025-06-17T13:51:12.145+0200] {dag.py:3437} INFO - Setting next_dagrun for example_trigger_controller_dag to 2021-01-01T00:00:00+00:00, run_after=2021-01-01T00:00:00+00:00
[2025-06-17T13:51:12.214+0200] {processor.py:175} INFO - Processing /home/monica.fernandez/practica_creativa/venv-airflow/lib/python3.11/site-packages/airflow/example_dags/example_trigger_controller_dag.py took 0.166 seconds
[2025-06-17T14:00:01.201+0200] {processor.py:153} INFO - Started process (PID=121128) to work on /home/monica.fernandez/practica_creativa/venv-airflow/lib/python3.11/site-packages/airflow/example_dags/example_trigger_controller_dag.py
[2025-06-17T14:00:01.201+0200] {processor.py:743} INFO - Processing file /home/monica.fernandez/practica_creativa/venv-airflow/lib/python3.11/site-packages/airflow/example_dags/example_trigger_controller_dag.py for tasks to queue
[2025-06-17T14:00:01.202+0200] {logging_mixin.py:137} INFO - [2025-06-17T14:00:01.202+0200] {dagbag.py:538} INFO - Filling up the DagBag from /home/monica.fernandez/practica_creativa/venv-airflow/lib/python3.11/site-packages/airflow/example_dags/example_trigger_controller_dag.py
[2025-06-17T14:00:01.207+0200] {processor.py:753} INFO - DAG(s) dict_keys(['example_trigger_controller_dag']) retrieved from /home/monica.fernandez/practica_creativa/venv-airflow/lib/python3.11/site-packages/airflow/example_dags/example_trigger_controller_dag.py
[2025-06-17T14:00:01.248+0200] {logging_mixin.py:137} INFO - [2025-06-17T14:00:01.248+0200] {dag.py:2690} INFO - Sync 1 DAGs
[2025-06-17T14:00:01.274+0200] {logging_mixin.py:137} INFO - [2025-06-17T14:00:01.274+0200] {dag.py:3437} INFO - Setting next_dagrun for example_trigger_controller_dag to 2021-01-01T00:00:00+00:00, run_after=2021-01-01T00:00:00+00:00
[2025-06-17T14:00:01.357+0200] {processor.py:175} INFO - Processing /home/monica.fernandez/practica_creativa/venv-airflow/lib/python3.11/site-packages/airflow/example_dags/example_trigger_controller_dag.py took 0.163 seconds
[2025-06-17T19:24:26.146+0200] {processor.py:153} INFO - Started process (PID=159290) to work on /home/monica.fernandez/practica_creativa/venv-airflow/lib/python3.11/site-packages/airflow/example_dags/example_trigger_controller_dag.py
[2025-06-17T19:24:26.146+0200] {processor.py:743} INFO - Processing file /home/monica.fernandez/practica_creativa/venv-airflow/lib/python3.11/site-packages/airflow/example_dags/example_trigger_controller_dag.py for tasks to queue
[2025-06-17T19:24:26.147+0200] {logging_mixin.py:137} INFO - [2025-06-17T19:24:26.147+0200] {dagbag.py:538} INFO - Filling up the DagBag from /home/monica.fernandez/practica_creativa/venv-airflow/lib/python3.11/site-packages/airflow/example_dags/example_trigger_controller_dag.py
[2025-06-17T19:24:26.163+0200] {processor.py:753} INFO - DAG(s) dict_keys(['example_trigger_controller_dag']) retrieved from /home/monica.fernandez/practica_creativa/venv-airflow/lib/python3.11/site-packages/airflow/example_dags/example_trigger_controller_dag.py
[2025-06-17T19:24:26.190+0200] {logging_mixin.py:137} INFO - [2025-06-17T19:24:26.190+0200] {dag.py:2690} INFO - Sync 1 DAGs
[2025-06-17T19:24:26.220+0200] {logging_mixin.py:137} INFO - [2025-06-17T19:24:26.219+0200] {dag.py:3437} INFO - Setting next_dagrun for example_trigger_controller_dag to 2021-01-01T00:00:00+00:00, run_after=2021-01-01T00:00:00+00:00
[2025-06-17T19:24:26.276+0200] {processor.py:175} INFO - Processing /home/monica.fernandez/practica_creativa/venv-airflow/lib/python3.11/site-packages/airflow/example_dags/example_trigger_controller_dag.py took 0.134 seconds
[2025-06-17T19:25:15.195+0200] {processor.py:153} INFO - Started process (PID=159648) to work on /home/monica.fernandez/practica_creativa/venv-airflow/lib/python3.11/site-packages/airflow/example_dags/example_trigger_controller_dag.py
[2025-06-17T19:25:15.196+0200] {processor.py:743} INFO - Processing file /home/monica.fernandez/practica_creativa/venv-airflow/lib/python3.11/site-packages/airflow/example_dags/example_trigger_controller_dag.py for tasks to queue
[2025-06-17T19:25:15.196+0200] {logging_mixin.py:137} INFO - [2025-06-17T19:25:15.196+0200] {dagbag.py:538} INFO - Filling up the DagBag from /home/monica.fernandez/practica_creativa/venv-airflow/lib/python3.11/site-packages/airflow/example_dags/example_trigger_controller_dag.py
[2025-06-17T19:25:15.219+0200] {processor.py:753} INFO - DAG(s) dict_keys(['example_trigger_controller_dag']) retrieved from /home/monica.fernandez/practica_creativa/venv-airflow/lib/python3.11/site-packages/airflow/example_dags/example_trigger_controller_dag.py
[2025-06-17T19:25:15.259+0200] {logging_mixin.py:137} INFO - [2025-06-17T19:25:15.259+0200] {dag.py:2690} INFO - Sync 1 DAGs
[2025-06-17T19:25:15.297+0200] {logging_mixin.py:137} INFO - [2025-06-17T19:25:15.297+0200] {dag.py:3437} INFO - Setting next_dagrun for example_trigger_controller_dag to 2021-01-01T00:00:00+00:00, run_after=2021-01-01T00:00:00+00:00
[2025-06-17T19:25:15.365+0200] {processor.py:175} INFO - Processing /home/monica.fernandez/practica_creativa/venv-airflow/lib/python3.11/site-packages/airflow/example_dags/example_trigger_controller_dag.py took 0.174 seconds
[2025-06-17T19:26:03.235+0200] {processor.py:153} INFO - Started process (PID=160057) to work on /home/monica.fernandez/practica_creativa/venv-airflow/lib/python3.11/site-packages/airflow/example_dags/example_trigger_controller_dag.py
[2025-06-17T19:26:03.236+0200] {processor.py:743} INFO - Processing file /home/monica.fernandez/practica_creativa/venv-airflow/lib/python3.11/site-packages/airflow/example_dags/example_trigger_controller_dag.py for tasks to queue
[2025-06-17T19:26:03.237+0200] {logging_mixin.py:137} INFO - [2025-06-17T19:26:03.237+0200] {dagbag.py:538} INFO - Filling up the DagBag from /home/monica.fernandez/practica_creativa/venv-airflow/lib/python3.11/site-packages/airflow/example_dags/example_trigger_controller_dag.py
[2025-06-17T19:26:03.257+0200] {processor.py:753} INFO - DAG(s) dict_keys(['example_trigger_controller_dag']) retrieved from /home/monica.fernandez/practica_creativa/venv-airflow/lib/python3.11/site-packages/airflow/example_dags/example_trigger_controller_dag.py
[2025-06-17T19:26:03.284+0200] {logging_mixin.py:137} INFO - [2025-06-17T19:26:03.284+0200] {dag.py:2690} INFO - Sync 1 DAGs
[2025-06-17T19:26:03.309+0200] {logging_mixin.py:137} INFO - [2025-06-17T19:26:03.309+0200] {dag.py:3437} INFO - Setting next_dagrun for example_trigger_controller_dag to 2021-01-01T00:00:00+00:00, run_after=2021-01-01T00:00:00+00:00
[2025-06-17T19:26:03.367+0200] {processor.py:175} INFO - Processing /home/monica.fernandez/practica_creativa/venv-airflow/lib/python3.11/site-packages/airflow/example_dags/example_trigger_controller_dag.py took 0.137 seconds
[2025-06-17T19:26:43.148+0200] {processor.py:153} INFO - Started process (PID=160363) to work on /home/monica.fernandez/practica_creativa/venv-airflow/lib/python3.11/site-packages/airflow/example_dags/example_trigger_controller_dag.py
[2025-06-17T19:26:43.149+0200] {processor.py:743} INFO - Processing file /home/monica.fernandez/practica_creativa/venv-airflow/lib/python3.11/site-packages/airflow/example_dags/example_trigger_controller_dag.py for tasks to queue
[2025-06-17T19:26:43.150+0200] {logging_mixin.py:137} INFO - [2025-06-17T19:26:43.150+0200] {dagbag.py:538} INFO - Filling up the DagBag from /home/monica.fernandez/practica_creativa/venv-airflow/lib/python3.11/site-packages/airflow/example_dags/example_trigger_controller_dag.py
[2025-06-17T19:26:43.172+0200] {processor.py:753} INFO - DAG(s) dict_keys(['example_trigger_controller_dag']) retrieved from /home/monica.fernandez/practica_creativa/venv-airflow/lib/python3.11/site-packages/airflow/example_dags/example_trigger_controller_dag.py
[2025-06-17T19:26:43.199+0200] {logging_mixin.py:137} INFO - [2025-06-17T19:26:43.199+0200] {dag.py:2690} INFO - Sync 1 DAGs
[2025-06-17T19:26:43.224+0200] {logging_mixin.py:137} INFO - [2025-06-17T19:26:43.224+0200] {dag.py:3437} INFO - Setting next_dagrun for example_trigger_controller_dag to 2021-01-01T00:00:00+00:00, run_after=2021-01-01T00:00:00+00:00
[2025-06-17T19:26:43.275+0200] {processor.py:175} INFO - Processing /home/monica.fernandez/practica_creativa/venv-airflow/lib/python3.11/site-packages/airflow/example_dags/example_trigger_controller_dag.py took 0.133 seconds
[2025-06-17T19:27:21.362+0200] {processor.py:153} INFO - Started process (PID=161032) to work on /home/monica.fernandez/practica_creativa/venv-airflow/lib/python3.11/site-packages/airflow/example_dags/example_trigger_controller_dag.py
[2025-06-17T19:27:21.363+0200] {processor.py:743} INFO - Processing file /home/monica.fernandez/practica_creativa/venv-airflow/lib/python3.11/site-packages/airflow/example_dags/example_trigger_controller_dag.py for tasks to queue
[2025-06-17T19:27:21.364+0200] {logging_mixin.py:137} INFO - [2025-06-17T19:27:21.364+0200] {dagbag.py:538} INFO - Filling up the DagBag from /home/monica.fernandez/practica_creativa/venv-airflow/lib/python3.11/site-packages/airflow/example_dags/example_trigger_controller_dag.py
[2025-06-17T19:27:21.389+0200] {processor.py:753} INFO - DAG(s) dict_keys(['example_trigger_controller_dag']) retrieved from /home/monica.fernandez/practica_creativa/venv-airflow/lib/python3.11/site-packages/airflow/example_dags/example_trigger_controller_dag.py
[2025-06-17T19:27:21.427+0200] {logging_mixin.py:137} INFO - [2025-06-17T19:27:21.427+0200] {dag.py:2690} INFO - Sync 1 DAGs
[2025-06-17T19:27:21.464+0200] {logging_mixin.py:137} INFO - [2025-06-17T19:27:21.464+0200] {dag.py:3437} INFO - Setting next_dagrun for example_trigger_controller_dag to 2021-01-01T00:00:00+00:00, run_after=2021-01-01T00:00:00+00:00
[2025-06-17T19:27:21.536+0200] {processor.py:175} INFO - Processing /home/monica.fernandez/practica_creativa/venv-airflow/lib/python3.11/site-packages/airflow/example_dags/example_trigger_controller_dag.py took 0.178 seconds
[2025-06-17T19:28:00.884+0200] {processor.py:153} INFO - Started process (PID=161290) to work on /home/monica.fernandez/practica_creativa/venv-airflow/lib/python3.11/site-packages/airflow/example_dags/example_trigger_controller_dag.py
[2025-06-17T19:28:00.886+0200] {processor.py:743} INFO - Processing file /home/monica.fernandez/practica_creativa/venv-airflow/lib/python3.11/site-packages/airflow/example_dags/example_trigger_controller_dag.py for tasks to queue
[2025-06-17T19:28:00.886+0200] {logging_mixin.py:137} INFO - [2025-06-17T19:28:00.886+0200] {dagbag.py:538} INFO - Filling up the DagBag from /home/monica.fernandez/practica_creativa/venv-airflow/lib/python3.11/site-packages/airflow/example_dags/example_trigger_controller_dag.py
[2025-06-17T19:28:00.914+0200] {processor.py:753} INFO - DAG(s) dict_keys(['example_trigger_controller_dag']) retrieved from /home/monica.fernandez/practica_creativa/venv-airflow/lib/python3.11/site-packages/airflow/example_dags/example_trigger_controller_dag.py
[2025-06-17T19:28:00.958+0200] {logging_mixin.py:137} INFO - [2025-06-17T19:28:00.958+0200] {dag.py:2690} INFO - Sync 1 DAGs
[2025-06-17T19:28:01.003+0200] {logging_mixin.py:137} INFO - [2025-06-17T19:28:01.003+0200] {dag.py:3437} INFO - Setting next_dagrun for example_trigger_controller_dag to 2021-01-01T00:00:00+00:00, run_after=2021-01-01T00:00:00+00:00
[2025-06-17T19:28:01.108+0200] {processor.py:175} INFO - Processing /home/monica.fernandez/practica_creativa/venv-airflow/lib/python3.11/site-packages/airflow/example_dags/example_trigger_controller_dag.py took 0.229 seconds
[2025-06-17T19:28:40.684+0200] {processor.py:153} INFO - Started process (PID=161579) to work on /home/monica.fernandez/practica_creativa/venv-airflow/lib/python3.11/site-packages/airflow/example_dags/example_trigger_controller_dag.py
[2025-06-17T19:28:40.685+0200] {processor.py:743} INFO - Processing file /home/monica.fernandez/practica_creativa/venv-airflow/lib/python3.11/site-packages/airflow/example_dags/example_trigger_controller_dag.py for tasks to queue
[2025-06-17T19:28:40.685+0200] {logging_mixin.py:137} INFO - [2025-06-17T19:28:40.685+0200] {dagbag.py:538} INFO - Filling up the DagBag from /home/monica.fernandez/practica_creativa/venv-airflow/lib/python3.11/site-packages/airflow/example_dags/example_trigger_controller_dag.py
[2025-06-17T19:28:40.707+0200] {processor.py:753} INFO - DAG(s) dict_keys(['example_trigger_controller_dag']) retrieved from /home/monica.fernandez/practica_creativa/venv-airflow/lib/python3.11/site-packages/airflow/example_dags/example_trigger_controller_dag.py
[2025-06-17T19:28:40.743+0200] {logging_mixin.py:137} INFO - [2025-06-17T19:28:40.743+0200] {dag.py:2690} INFO - Sync 1 DAGs
[2025-06-17T19:28:40.777+0200] {logging_mixin.py:137} INFO - [2025-06-17T19:28:40.777+0200] {dag.py:3437} INFO - Setting next_dagrun for example_trigger_controller_dag to 2021-01-01T00:00:00+00:00, run_after=2021-01-01T00:00:00+00:00
[2025-06-17T19:28:40.842+0200] {processor.py:175} INFO - Processing /home/monica.fernandez/practica_creativa/venv-airflow/lib/python3.11/site-packages/airflow/example_dags/example_trigger_controller_dag.py took 0.163 seconds
[2025-06-17T19:29:17.519+0200] {processor.py:153} INFO - Started process (PID=161860) to work on /home/monica.fernandez/practica_creativa/venv-airflow/lib/python3.11/site-packages/airflow/example_dags/example_trigger_controller_dag.py
[2025-06-17T19:29:17.521+0200] {processor.py:743} INFO - Processing file /home/monica.fernandez/practica_creativa/venv-airflow/lib/python3.11/site-packages/airflow/example_dags/example_trigger_controller_dag.py for tasks to queue
[2025-06-17T19:29:17.521+0200] {logging_mixin.py:137} INFO - [2025-06-17T19:29:17.521+0200] {dagbag.py:538} INFO - Filling up the DagBag from /home/monica.fernandez/practica_creativa/venv-airflow/lib/python3.11/site-packages/airflow/example_dags/example_trigger_controller_dag.py
[2025-06-17T19:29:17.548+0200] {processor.py:753} INFO - DAG(s) dict_keys(['example_trigger_controller_dag']) retrieved from /home/monica.fernandez/practica_creativa/venv-airflow/lib/python3.11/site-packages/airflow/example_dags/example_trigger_controller_dag.py
[2025-06-17T19:29:17.588+0200] {logging_mixin.py:137} INFO - [2025-06-17T19:29:17.588+0200] {dag.py:2690} INFO - Sync 1 DAGs
[2025-06-17T19:29:17.627+0200] {logging_mixin.py:137} INFO - [2025-06-17T19:29:17.626+0200] {dag.py:3437} INFO - Setting next_dagrun for example_trigger_controller_dag to 2021-01-01T00:00:00+00:00, run_after=2021-01-01T00:00:00+00:00
[2025-06-17T19:29:17.696+0200] {processor.py:175} INFO - Processing /home/monica.fernandez/practica_creativa/venv-airflow/lib/python3.11/site-packages/airflow/example_dags/example_trigger_controller_dag.py took 0.183 seconds
[2025-06-17T19:34:06.396+0200] {processor.py:153} INFO - Started process (PID=165268) to work on /home/monica.fernandez/practica_creativa/venv-airflow/lib/python3.11/site-packages/airflow/example_dags/example_trigger_controller_dag.py
[2025-06-17T19:34:06.397+0200] {processor.py:743} INFO - Processing file /home/monica.fernandez/practica_creativa/venv-airflow/lib/python3.11/site-packages/airflow/example_dags/example_trigger_controller_dag.py for tasks to queue
[2025-06-17T19:34:06.398+0200] {logging_mixin.py:137} INFO - [2025-06-17T19:34:06.397+0200] {dagbag.py:538} INFO - Filling up the DagBag from /home/monica.fernandez/practica_creativa/venv-airflow/lib/python3.11/site-packages/airflow/example_dags/example_trigger_controller_dag.py
[2025-06-17T19:34:06.404+0200] {processor.py:753} INFO - DAG(s) dict_keys(['example_trigger_controller_dag']) retrieved from /home/monica.fernandez/practica_creativa/venv-airflow/lib/python3.11/site-packages/airflow/example_dags/example_trigger_controller_dag.py
[2025-06-17T19:34:06.443+0200] {logging_mixin.py:137} INFO - [2025-06-17T19:34:06.443+0200] {dag.py:2690} INFO - Sync 1 DAGs
[2025-06-17T19:34:06.482+0200] {logging_mixin.py:137} INFO - [2025-06-17T19:34:06.482+0200] {dag.py:3437} INFO - Setting next_dagrun for example_trigger_controller_dag to 2021-01-01T00:00:00+00:00, run_after=2021-01-01T00:00:00+00:00
[2025-06-17T19:34:06.572+0200] {processor.py:175} INFO - Processing /home/monica.fernandez/practica_creativa/venv-airflow/lib/python3.11/site-packages/airflow/example_dags/example_trigger_controller_dag.py took 0.179 seconds
[2025-06-17T19:34:58.052+0200] {processor.py:153} INFO - Started process (PID=165705) to work on /home/monica.fernandez/practica_creativa/venv-airflow/lib/python3.11/site-packages/airflow/example_dags/example_trigger_controller_dag.py
[2025-06-17T19:34:58.053+0200] {processor.py:743} INFO - Processing file /home/monica.fernandez/practica_creativa/venv-airflow/lib/python3.11/site-packages/airflow/example_dags/example_trigger_controller_dag.py for tasks to queue
[2025-06-17T19:34:58.054+0200] {logging_mixin.py:137} INFO - [2025-06-17T19:34:58.053+0200] {dagbag.py:538} INFO - Filling up the DagBag from /home/monica.fernandez/practica_creativa/venv-airflow/lib/python3.11/site-packages/airflow/example_dags/example_trigger_controller_dag.py
[2025-06-17T19:34:58.061+0200] {processor.py:753} INFO - DAG(s) dict_keys(['example_trigger_controller_dag']) retrieved from /home/monica.fernandez/practica_creativa/venv-airflow/lib/python3.11/site-packages/airflow/example_dags/example_trigger_controller_dag.py
[2025-06-17T19:34:58.108+0200] {logging_mixin.py:137} INFO - [2025-06-17T19:34:58.108+0200] {dag.py:2690} INFO - Sync 1 DAGs
[2025-06-17T19:34:58.140+0200] {logging_mixin.py:137} INFO - [2025-06-17T19:34:58.140+0200] {dag.py:3437} INFO - Setting next_dagrun for example_trigger_controller_dag to 2021-01-01T00:00:00+00:00, run_after=2021-01-01T00:00:00+00:00
[2025-06-17T19:34:58.242+0200] {processor.py:175} INFO - Processing /home/monica.fernandez/practica_creativa/venv-airflow/lib/python3.11/site-packages/airflow/example_dags/example_trigger_controller_dag.py took 0.193 seconds
[2025-06-17T19:35:40.867+0200] {processor.py:153} INFO - Started process (PID=165980) to work on /home/monica.fernandez/practica_creativa/venv-airflow/lib/python3.11/site-packages/airflow/example_dags/example_trigger_controller_dag.py
[2025-06-17T19:35:40.868+0200] {processor.py:743} INFO - Processing file /home/monica.fernandez/practica_creativa/venv-airflow/lib/python3.11/site-packages/airflow/example_dags/example_trigger_controller_dag.py for tasks to queue
[2025-06-17T19:35:40.869+0200] {logging_mixin.py:137} INFO - [2025-06-17T19:35:40.868+0200] {dagbag.py:538} INFO - Filling up the DagBag from /home/monica.fernandez/practica_creativa/venv-airflow/lib/python3.11/site-packages/airflow/example_dags/example_trigger_controller_dag.py
[2025-06-17T19:35:40.874+0200] {processor.py:753} INFO - DAG(s) dict_keys(['example_trigger_controller_dag']) retrieved from /home/monica.fernandez/practica_creativa/venv-airflow/lib/python3.11/site-packages/airflow/example_dags/example_trigger_controller_dag.py
[2025-06-17T19:35:40.918+0200] {logging_mixin.py:137} INFO - [2025-06-17T19:35:40.918+0200] {dag.py:2690} INFO - Sync 1 DAGs
[2025-06-17T19:35:40.954+0200] {logging_mixin.py:137} INFO - [2025-06-17T19:35:40.953+0200] {dag.py:3437} INFO - Setting next_dagrun for example_trigger_controller_dag to 2021-01-01T00:00:00+00:00, run_after=2021-01-01T00:00:00+00:00
[2025-06-17T19:35:41.043+0200] {processor.py:175} INFO - Processing /home/monica.fernandez/practica_creativa/venv-airflow/lib/python3.11/site-packages/airflow/example_dags/example_trigger_controller_dag.py took 0.179 seconds
[2025-06-17T19:36:21.310+0200] {processor.py:153} INFO - Started process (PID=166555) to work on /home/monica.fernandez/practica_creativa/venv-airflow/lib/python3.11/site-packages/airflow/example_dags/example_trigger_controller_dag.py
[2025-06-17T19:36:21.312+0200] {processor.py:743} INFO - Processing file /home/monica.fernandez/practica_creativa/venv-airflow/lib/python3.11/site-packages/airflow/example_dags/example_trigger_controller_dag.py for tasks to queue
[2025-06-17T19:36:21.314+0200] {logging_mixin.py:137} INFO - [2025-06-17T19:36:21.314+0200] {dagbag.py:538} INFO - Filling up the DagBag from /home/monica.fernandez/practica_creativa/venv-airflow/lib/python3.11/site-packages/airflow/example_dags/example_trigger_controller_dag.py
[2025-06-17T19:36:21.325+0200] {processor.py:753} INFO - DAG(s) dict_keys(['example_trigger_controller_dag']) retrieved from /home/monica.fernandez/practica_creativa/venv-airflow/lib/python3.11/site-packages/airflow/example_dags/example_trigger_controller_dag.py
[2025-06-17T19:36:21.356+0200] {logging_mixin.py:137} INFO - [2025-06-17T19:36:21.356+0200] {dag.py:2690} INFO - Sync 1 DAGs
[2025-06-17T19:36:21.378+0200] {logging_mixin.py:137} INFO - [2025-06-17T19:36:21.378+0200] {dag.py:3437} INFO - Setting next_dagrun for example_trigger_controller_dag to 2021-01-01T00:00:00+00:00, run_after=2021-01-01T00:00:00+00:00
[2025-06-17T19:36:21.435+0200] {processor.py:175} INFO - Processing /home/monica.fernandez/practica_creativa/venv-airflow/lib/python3.11/site-packages/airflow/example_dags/example_trigger_controller_dag.py took 0.133 seconds
