[2025-06-17T13:17:56.177+0200] {processor.py:153} INFO - Started process (PID=90127) to work on /home/monica.fernandez/practica_creativa/venv-airflow/lib/python3.11/site-packages/airflow/example_dags/example_trigger_target_dag.py
[2025-06-17T13:17:56.178+0200] {processor.py:743} INFO - Processing file /home/monica.fernandez/practica_creativa/venv-airflow/lib/python3.11/site-packages/airflow/example_dags/example_trigger_target_dag.py for tasks to queue
[2025-06-17T13:17:56.178+0200] {logging_mixin.py:137} INFO - [2025-06-17T13:17:56.178+0200] {dagbag.py:538} INFO - Filling up the DagBag from /home/monica.fernandez/practica_creativa/venv-airflow/lib/python3.11/site-packages/airflow/example_dags/example_trigger_target_dag.py
[2025-06-17T13:17:56.210+0200] {processor.py:753} INFO - DAG(s) dict_keys(['example_trigger_target_dag']) retrieved from /home/monica.fernandez/practica_creativa/venv-airflow/lib/python3.11/site-packages/airflow/example_dags/example_trigger_target_dag.py
[2025-06-17T13:17:56.236+0200] {logging_mixin.py:137} INFO - [2025-06-17T13:17:56.236+0200] {dag.py:2690} INFO - Sync 1 DAGs
[2025-06-17T13:17:56.262+0200] {logging_mixin.py:137} INFO - [2025-06-17T13:17:56.262+0200] {dag.py:3437} INFO - Setting next_dagrun for example_trigger_target_dag to None, run_after=None
[2025-06-17T13:17:56.322+0200] {processor.py:175} INFO - Processing /home/monica.fernandez/practica_creativa/venv-airflow/lib/python3.11/site-packages/airflow/example_dags/example_trigger_target_dag.py took 0.148 seconds
[2025-06-17T13:18:48.279+0200] {processor.py:153} INFO - Started process (PID=90577) to work on /home/monica.fernandez/practica_creativa/venv-airflow/lib/python3.11/site-packages/airflow/example_dags/example_trigger_target_dag.py
[2025-06-17T13:18:48.280+0200] {processor.py:743} INFO - Processing file /home/monica.fernandez/practica_creativa/venv-airflow/lib/python3.11/site-packages/airflow/example_dags/example_trigger_target_dag.py for tasks to queue
[2025-06-17T13:18:48.281+0200] {logging_mixin.py:137} INFO - [2025-06-17T13:18:48.280+0200] {dagbag.py:538} INFO - Filling up the DagBag from /home/monica.fernandez/practica_creativa/venv-airflow/lib/python3.11/site-packages/airflow/example_dags/example_trigger_target_dag.py
[2025-06-17T13:18:48.321+0200] {processor.py:753} INFO - DAG(s) dict_keys(['example_trigger_target_dag']) retrieved from /home/monica.fernandez/practica_creativa/venv-airflow/lib/python3.11/site-packages/airflow/example_dags/example_trigger_target_dag.py
[2025-06-17T13:18:48.361+0200] {logging_mixin.py:137} INFO - [2025-06-17T13:18:48.360+0200] {dag.py:2690} INFO - Sync 1 DAGs
[2025-06-17T13:18:48.434+0200] {logging_mixin.py:137} INFO - [2025-06-17T13:18:48.434+0200] {dag.py:3437} INFO - Setting next_dagrun for example_trigger_target_dag to None, run_after=None
[2025-06-17T13:18:48.523+0200] {processor.py:175} INFO - Processing /home/monica.fernandez/practica_creativa/venv-airflow/lib/python3.11/site-packages/airflow/example_dags/example_trigger_target_dag.py took 0.248 seconds
[2025-06-17T13:20:21.932+0200] {processor.py:153} INFO - Started process (PID=91715) to work on /home/monica.fernandez/practica_creativa/venv-airflow/lib/python3.11/site-packages/airflow/example_dags/example_trigger_target_dag.py
[2025-06-17T13:20:21.932+0200] {processor.py:743} INFO - Processing file /home/monica.fernandez/practica_creativa/venv-airflow/lib/python3.11/site-packages/airflow/example_dags/example_trigger_target_dag.py for tasks to queue
[2025-06-17T13:20:21.933+0200] {logging_mixin.py:137} INFO - [2025-06-17T13:20:21.933+0200] {dagbag.py:538} INFO - Filling up the DagBag from /home/monica.fernandez/practica_creativa/venv-airflow/lib/python3.11/site-packages/airflow/example_dags/example_trigger_target_dag.py
[2025-06-17T13:20:21.957+0200] {processor.py:753} INFO - DAG(s) dict_keys(['example_trigger_target_dag']) retrieved from /home/monica.fernandez/practica_creativa/venv-airflow/lib/python3.11/site-packages/airflow/example_dags/example_trigger_target_dag.py
[2025-06-17T13:20:21.990+0200] {logging_mixin.py:137} INFO - [2025-06-17T13:20:21.990+0200] {dag.py:2690} INFO - Sync 1 DAGs
[2025-06-17T13:20:22.016+0200] {logging_mixin.py:137} INFO - [2025-06-17T13:20:22.016+0200] {dag.py:3437} INFO - Setting next_dagrun for example_trigger_target_dag to None, run_after=None
[2025-06-17T13:20:22.079+0200] {processor.py:175} INFO - Processing /home/monica.fernandez/practica_creativa/venv-airflow/lib/python3.11/site-packages/airflow/example_dags/example_trigger_target_dag.py took 0.150 seconds
[2025-06-17T13:20:28.230+0200] {processor.py:153} INFO - Started process (PID=91737) to work on /home/monica.fernandez/practica_creativa/venv-airflow/lib/python3.11/site-packages/airflow/example_dags/example_trigger_target_dag.py
[2025-06-17T13:20:28.232+0200] {processor.py:743} INFO - Processing file /home/monica.fernandez/practica_creativa/venv-airflow/lib/python3.11/site-packages/airflow/example_dags/example_trigger_target_dag.py for tasks to queue
[2025-06-17T13:20:28.233+0200] {logging_mixin.py:137} INFO - [2025-06-17T13:20:28.232+0200] {dagbag.py:538} INFO - Filling up the DagBag from /home/monica.fernandez/practica_creativa/venv-airflow/lib/python3.11/site-packages/airflow/example_dags/example_trigger_target_dag.py
[2025-06-17T13:20:28.276+0200] {processor.py:753} INFO - DAG(s) dict_keys(['example_trigger_target_dag']) retrieved from /home/monica.fernandez/practica_creativa/venv-airflow/lib/python3.11/site-packages/airflow/example_dags/example_trigger_target_dag.py
[2025-06-17T13:20:28.307+0200] {logging_mixin.py:137} INFO - [2025-06-17T13:20:28.307+0200] {dag.py:2690} INFO - Sync 1 DAGs
[2025-06-17T13:20:28.337+0200] {logging_mixin.py:137} INFO - [2025-06-17T13:20:28.337+0200] {dag.py:3437} INFO - Setting next_dagrun for example_trigger_target_dag to None, run_after=None
[2025-06-17T13:20:28.414+0200] {processor.py:175} INFO - Processing /home/monica.fernandez/practica_creativa/venv-airflow/lib/python3.11/site-packages/airflow/example_dags/example_trigger_target_dag.py took 0.188 seconds
[2025-06-17T13:24:13.570+0200] {processor.py:153} INFO - Started process (PID=94679) to work on /home/monica.fernandez/practica_creativa/venv-airflow/lib/python3.11/site-packages/airflow/example_dags/example_trigger_target_dag.py
[2025-06-17T13:24:13.571+0200] {processor.py:743} INFO - Processing file /home/monica.fernandez/practica_creativa/venv-airflow/lib/python3.11/site-packages/airflow/example_dags/example_trigger_target_dag.py for tasks to queue
[2025-06-17T13:24:13.572+0200] {logging_mixin.py:137} INFO - [2025-06-17T13:24:13.571+0200] {dagbag.py:538} INFO - Filling up the DagBag from /home/monica.fernandez/practica_creativa/venv-airflow/lib/python3.11/site-packages/airflow/example_dags/example_trigger_target_dag.py
[2025-06-17T13:24:13.823+0200] {processor.py:753} INFO - DAG(s) dict_keys(['example_trigger_target_dag']) retrieved from /home/monica.fernandez/practica_creativa/venv-airflow/lib/python3.11/site-packages/airflow/example_dags/example_trigger_target_dag.py
[2025-06-17T13:24:13.901+0200] {logging_mixin.py:137} INFO - [2025-06-17T13:24:13.901+0200] {dag.py:2690} INFO - Sync 1 DAGs
[2025-06-17T13:24:13.944+0200] {logging_mixin.py:137} INFO - [2025-06-17T13:24:13.944+0200] {dag.py:3437} INFO - Setting next_dagrun for example_trigger_target_dag to None, run_after=None
[2025-06-17T13:24:14.034+0200] {processor.py:175} INFO - Processing /home/monica.fernandez/practica_creativa/venv-airflow/lib/python3.11/site-packages/airflow/example_dags/example_trigger_target_dag.py took 0.468 seconds
[2025-06-17T13:25:23.980+0200] {processor.py:153} INFO - Started process (PID=95451) to work on /home/monica.fernandez/practica_creativa/venv-airflow/lib/python3.11/site-packages/airflow/example_dags/example_trigger_target_dag.py
[2025-06-17T13:25:23.980+0200] {processor.py:743} INFO - Processing file /home/monica.fernandez/practica_creativa/venv-airflow/lib/python3.11/site-packages/airflow/example_dags/example_trigger_target_dag.py for tasks to queue
[2025-06-17T13:25:23.981+0200] {logging_mixin.py:137} INFO - [2025-06-17T13:25:23.981+0200] {dagbag.py:538} INFO - Filling up the DagBag from /home/monica.fernandez/practica_creativa/venv-airflow/lib/python3.11/site-packages/airflow/example_dags/example_trigger_target_dag.py
[2025-06-17T13:25:24.011+0200] {processor.py:753} INFO - DAG(s) dict_keys(['example_trigger_target_dag']) retrieved from /home/monica.fernandez/practica_creativa/venv-airflow/lib/python3.11/site-packages/airflow/example_dags/example_trigger_target_dag.py
[2025-06-17T13:25:24.044+0200] {logging_mixin.py:137} INFO - [2025-06-17T13:25:24.043+0200] {dag.py:2690} INFO - Sync 1 DAGs
[2025-06-17T13:25:24.093+0200] {logging_mixin.py:137} INFO - [2025-06-17T13:25:24.093+0200] {dag.py:3437} INFO - Setting next_dagrun for example_trigger_target_dag to None, run_after=None
[2025-06-17T13:25:24.164+0200] {processor.py:175} INFO - Processing /home/monica.fernandez/practica_creativa/venv-airflow/lib/python3.11/site-packages/airflow/example_dags/example_trigger_target_dag.py took 0.187 seconds
[2025-06-17T13:25:28.402+0200] {processor.py:153} INFO - Started process (PID=95472) to work on /home/monica.fernandez/practica_creativa/venv-airflow/lib/python3.11/site-packages/airflow/example_dags/example_trigger_target_dag.py
[2025-06-17T13:25:28.403+0200] {processor.py:743} INFO - Processing file /home/monica.fernandez/practica_creativa/venv-airflow/lib/python3.11/site-packages/airflow/example_dags/example_trigger_target_dag.py for tasks to queue
[2025-06-17T13:25:28.404+0200] {logging_mixin.py:137} INFO - [2025-06-17T13:25:28.404+0200] {dagbag.py:538} INFO - Filling up the DagBag from /home/monica.fernandez/practica_creativa/venv-airflow/lib/python3.11/site-packages/airflow/example_dags/example_trigger_target_dag.py
[2025-06-17T13:25:28.432+0200] {processor.py:753} INFO - DAG(s) dict_keys(['example_trigger_target_dag']) retrieved from /home/monica.fernandez/practica_creativa/venv-airflow/lib/python3.11/site-packages/airflow/example_dags/example_trigger_target_dag.py
[2025-06-17T13:25:28.472+0200] {logging_mixin.py:137} INFO - [2025-06-17T13:25:28.471+0200] {dag.py:2690} INFO - Sync 1 DAGs
[2025-06-17T13:25:28.498+0200] {logging_mixin.py:137} INFO - [2025-06-17T13:25:28.498+0200] {dag.py:3437} INFO - Setting next_dagrun for example_trigger_target_dag to None, run_after=None
[2025-06-17T13:25:28.578+0200] {processor.py:175} INFO - Processing /home/monica.fernandez/practica_creativa/venv-airflow/lib/python3.11/site-packages/airflow/example_dags/example_trigger_target_dag.py took 0.179 seconds
[2025-06-17T13:26:14.327+0200] {processor.py:153} INFO - Started process (PID=95967) to work on /home/monica.fernandez/practica_creativa/venv-airflow/lib/python3.11/site-packages/airflow/example_dags/example_trigger_target_dag.py
[2025-06-17T13:26:14.328+0200] {processor.py:743} INFO - Processing file /home/monica.fernandez/practica_creativa/venv-airflow/lib/python3.11/site-packages/airflow/example_dags/example_trigger_target_dag.py for tasks to queue
[2025-06-17T13:26:14.329+0200] {logging_mixin.py:137} INFO - [2025-06-17T13:26:14.329+0200] {dagbag.py:538} INFO - Filling up the DagBag from /home/monica.fernandez/practica_creativa/venv-airflow/lib/python3.11/site-packages/airflow/example_dags/example_trigger_target_dag.py
[2025-06-17T13:26:14.358+0200] {processor.py:753} INFO - DAG(s) dict_keys(['example_trigger_target_dag']) retrieved from /home/monica.fernandez/practica_creativa/venv-airflow/lib/python3.11/site-packages/airflow/example_dags/example_trigger_target_dag.py
[2025-06-17T13:26:14.405+0200] {logging_mixin.py:137} INFO - [2025-06-17T13:26:14.405+0200] {dag.py:2690} INFO - Sync 1 DAGs
[2025-06-17T13:26:14.448+0200] {logging_mixin.py:137} INFO - [2025-06-17T13:26:14.448+0200] {dag.py:3437} INFO - Setting next_dagrun for example_trigger_target_dag to None, run_after=None
[2025-06-17T13:26:14.517+0200] {processor.py:175} INFO - Processing /home/monica.fernandez/practica_creativa/venv-airflow/lib/python3.11/site-packages/airflow/example_dags/example_trigger_target_dag.py took 0.194 seconds
[2025-06-17T13:26:19.150+0200] {processor.py:153} INFO - Started process (PID=95993) to work on /home/monica.fernandez/practica_creativa/venv-airflow/lib/python3.11/site-packages/airflow/example_dags/example_trigger_target_dag.py
[2025-06-17T13:26:19.151+0200] {processor.py:743} INFO - Processing file /home/monica.fernandez/practica_creativa/venv-airflow/lib/python3.11/site-packages/airflow/example_dags/example_trigger_target_dag.py for tasks to queue
[2025-06-17T13:26:19.153+0200] {logging_mixin.py:137} INFO - [2025-06-17T13:26:19.153+0200] {dagbag.py:538} INFO - Filling up the DagBag from /home/monica.fernandez/practica_creativa/venv-airflow/lib/python3.11/site-packages/airflow/example_dags/example_trigger_target_dag.py
[2025-06-17T13:26:19.177+0200] {processor.py:753} INFO - DAG(s) dict_keys(['example_trigger_target_dag']) retrieved from /home/monica.fernandez/practica_creativa/venv-airflow/lib/python3.11/site-packages/airflow/example_dags/example_trigger_target_dag.py
[2025-06-17T13:26:19.211+0200] {logging_mixin.py:137} INFO - [2025-06-17T13:26:19.211+0200] {dag.py:2690} INFO - Sync 1 DAGs
[2025-06-17T13:26:19.234+0200] {logging_mixin.py:137} INFO - [2025-06-17T13:26:19.233+0200] {dag.py:3437} INFO - Setting next_dagrun for example_trigger_target_dag to None, run_after=None
[2025-06-17T13:26:19.296+0200] {processor.py:175} INFO - Processing /home/monica.fernandez/practica_creativa/venv-airflow/lib/python3.11/site-packages/airflow/example_dags/example_trigger_target_dag.py took 0.151 seconds
[2025-06-17T13:26:59.179+0200] {processor.py:153} INFO - Started process (PID=96299) to work on /home/monica.fernandez/practica_creativa/venv-airflow/lib/python3.11/site-packages/airflow/example_dags/example_trigger_target_dag.py
[2025-06-17T13:26:59.180+0200] {processor.py:743} INFO - Processing file /home/monica.fernandez/practica_creativa/venv-airflow/lib/python3.11/site-packages/airflow/example_dags/example_trigger_target_dag.py for tasks to queue
[2025-06-17T13:26:59.181+0200] {logging_mixin.py:137} INFO - [2025-06-17T13:26:59.181+0200] {dagbag.py:538} INFO - Filling up the DagBag from /home/monica.fernandez/practica_creativa/venv-airflow/lib/python3.11/site-packages/airflow/example_dags/example_trigger_target_dag.py
[2025-06-17T13:26:59.200+0200] {processor.py:753} INFO - DAG(s) dict_keys(['example_trigger_target_dag']) retrieved from /home/monica.fernandez/practica_creativa/venv-airflow/lib/python3.11/site-packages/airflow/example_dags/example_trigger_target_dag.py
[2025-06-17T13:26:59.242+0200] {logging_mixin.py:137} INFO - [2025-06-17T13:26:59.242+0200] {dag.py:2690} INFO - Sync 1 DAGs
[2025-06-17T13:26:59.273+0200] {logging_mixin.py:137} INFO - [2025-06-17T13:26:59.273+0200] {dag.py:3437} INFO - Setting next_dagrun for example_trigger_target_dag to None, run_after=None
[2025-06-17T13:26:59.349+0200] {processor.py:175} INFO - Processing /home/monica.fernandez/practica_creativa/venv-airflow/lib/python3.11/site-packages/airflow/example_dags/example_trigger_target_dag.py took 0.172 seconds
[2025-06-17T13:27:06.335+0200] {processor.py:153} INFO - Started process (PID=96339) to work on /home/monica.fernandez/practica_creativa/venv-airflow/lib/python3.11/site-packages/airflow/example_dags/example_trigger_target_dag.py
[2025-06-17T13:27:06.337+0200] {processor.py:743} INFO - Processing file /home/monica.fernandez/practica_creativa/venv-airflow/lib/python3.11/site-packages/airflow/example_dags/example_trigger_target_dag.py for tasks to queue
[2025-06-17T13:27:06.337+0200] {logging_mixin.py:137} INFO - [2025-06-17T13:27:06.337+0200] {dagbag.py:538} INFO - Filling up the DagBag from /home/monica.fernandez/practica_creativa/venv-airflow/lib/python3.11/site-packages/airflow/example_dags/example_trigger_target_dag.py
[2025-06-17T13:27:06.371+0200] {processor.py:753} INFO - DAG(s) dict_keys(['example_trigger_target_dag']) retrieved from /home/monica.fernandez/practica_creativa/venv-airflow/lib/python3.11/site-packages/airflow/example_dags/example_trigger_target_dag.py
[2025-06-17T13:27:06.416+0200] {logging_mixin.py:137} INFO - [2025-06-17T13:27:06.416+0200] {dag.py:2690} INFO - Sync 1 DAGs
[2025-06-17T13:27:06.455+0200] {logging_mixin.py:137} INFO - [2025-06-17T13:27:06.455+0200] {dag.py:3437} INFO - Setting next_dagrun for example_trigger_target_dag to None, run_after=None
[2025-06-17T13:27:06.525+0200] {processor.py:175} INFO - Processing /home/monica.fernandez/practica_creativa/venv-airflow/lib/python3.11/site-packages/airflow/example_dags/example_trigger_target_dag.py took 0.195 seconds
[2025-06-17T13:27:44.569+0200] {processor.py:153} INFO - Started process (PID=96780) to work on /home/monica.fernandez/practica_creativa/venv-airflow/lib/python3.11/site-packages/airflow/example_dags/example_trigger_target_dag.py
[2025-06-17T13:27:44.569+0200] {processor.py:743} INFO - Processing file /home/monica.fernandez/practica_creativa/venv-airflow/lib/python3.11/site-packages/airflow/example_dags/example_trigger_target_dag.py for tasks to queue
[2025-06-17T13:27:44.570+0200] {logging_mixin.py:137} INFO - [2025-06-17T13:27:44.570+0200] {dagbag.py:538} INFO - Filling up the DagBag from /home/monica.fernandez/practica_creativa/venv-airflow/lib/python3.11/site-packages/airflow/example_dags/example_trigger_target_dag.py
[2025-06-17T13:27:44.592+0200] {processor.py:753} INFO - DAG(s) dict_keys(['example_trigger_target_dag']) retrieved from /home/monica.fernandez/practica_creativa/venv-airflow/lib/python3.11/site-packages/airflow/example_dags/example_trigger_target_dag.py
[2025-06-17T13:27:44.626+0200] {logging_mixin.py:137} INFO - [2025-06-17T13:27:44.626+0200] {dag.py:2690} INFO - Sync 1 DAGs
[2025-06-17T13:27:44.654+0200] {logging_mixin.py:137} INFO - [2025-06-17T13:27:44.654+0200] {dag.py:3437} INFO - Setting next_dagrun for example_trigger_target_dag to None, run_after=None
[2025-06-17T13:27:44.733+0200] {processor.py:175} INFO - Processing /home/monica.fernandez/practica_creativa/venv-airflow/lib/python3.11/site-packages/airflow/example_dags/example_trigger_target_dag.py took 0.167 seconds
[2025-06-17T13:27:52.341+0200] {processor.py:153} INFO - Started process (PID=96811) to work on /home/monica.fernandez/practica_creativa/venv-airflow/lib/python3.11/site-packages/airflow/example_dags/example_trigger_target_dag.py
[2025-06-17T13:27:52.342+0200] {processor.py:743} INFO - Processing file /home/monica.fernandez/practica_creativa/venv-airflow/lib/python3.11/site-packages/airflow/example_dags/example_trigger_target_dag.py for tasks to queue
[2025-06-17T13:27:52.343+0200] {logging_mixin.py:137} INFO - [2025-06-17T13:27:52.342+0200] {dagbag.py:538} INFO - Filling up the DagBag from /home/monica.fernandez/practica_creativa/venv-airflow/lib/python3.11/site-packages/airflow/example_dags/example_trigger_target_dag.py
[2025-06-17T13:27:52.397+0200] {processor.py:753} INFO - DAG(s) dict_keys(['example_trigger_target_dag']) retrieved from /home/monica.fernandez/practica_creativa/venv-airflow/lib/python3.11/site-packages/airflow/example_dags/example_trigger_target_dag.py
[2025-06-17T13:27:52.437+0200] {logging_mixin.py:137} INFO - [2025-06-17T13:27:52.437+0200] {dag.py:2690} INFO - Sync 1 DAGs
[2025-06-17T13:27:52.487+0200] {logging_mixin.py:137} INFO - [2025-06-17T13:27:52.487+0200] {dag.py:3437} INFO - Setting next_dagrun for example_trigger_target_dag to None, run_after=None
[2025-06-17T13:27:52.588+0200] {processor.py:175} INFO - Processing /home/monica.fernandez/practica_creativa/venv-airflow/lib/python3.11/site-packages/airflow/example_dags/example_trigger_target_dag.py took 0.250 seconds
[2025-06-17T13:28:36.455+0200] {processor.py:153} INFO - Started process (PID=97170) to work on /home/monica.fernandez/practica_creativa/venv-airflow/lib/python3.11/site-packages/airflow/example_dags/example_trigger_target_dag.py
[2025-06-17T13:28:36.456+0200] {processor.py:743} INFO - Processing file /home/monica.fernandez/practica_creativa/venv-airflow/lib/python3.11/site-packages/airflow/example_dags/example_trigger_target_dag.py for tasks to queue
[2025-06-17T13:28:36.457+0200] {logging_mixin.py:137} INFO - [2025-06-17T13:28:36.457+0200] {dagbag.py:538} INFO - Filling up the DagBag from /home/monica.fernandez/practica_creativa/venv-airflow/lib/python3.11/site-packages/airflow/example_dags/example_trigger_target_dag.py
[2025-06-17T13:28:36.484+0200] {processor.py:753} INFO - DAG(s) dict_keys(['example_trigger_target_dag']) retrieved from /home/monica.fernandez/practica_creativa/venv-airflow/lib/python3.11/site-packages/airflow/example_dags/example_trigger_target_dag.py
[2025-06-17T13:28:36.523+0200] {logging_mixin.py:137} INFO - [2025-06-17T13:28:36.523+0200] {dag.py:2690} INFO - Sync 1 DAGs
[2025-06-17T13:28:36.585+0200] {logging_mixin.py:137} INFO - [2025-06-17T13:28:36.585+0200] {dag.py:3437} INFO - Setting next_dagrun for example_trigger_target_dag to None, run_after=None
[2025-06-17T13:28:36.748+0200] {processor.py:175} INFO - Processing /home/monica.fernandez/practica_creativa/venv-airflow/lib/python3.11/site-packages/airflow/example_dags/example_trigger_target_dag.py took 0.299 seconds
[2025-06-17T13:28:41.914+0200] {processor.py:153} INFO - Started process (PID=97258) to work on /home/monica.fernandez/practica_creativa/venv-airflow/lib/python3.11/site-packages/airflow/example_dags/example_trigger_target_dag.py
[2025-06-17T13:28:41.915+0200] {processor.py:743} INFO - Processing file /home/monica.fernandez/practica_creativa/venv-airflow/lib/python3.11/site-packages/airflow/example_dags/example_trigger_target_dag.py for tasks to queue
[2025-06-17T13:28:41.915+0200] {logging_mixin.py:137} INFO - [2025-06-17T13:28:41.915+0200] {dagbag.py:538} INFO - Filling up the DagBag from /home/monica.fernandez/practica_creativa/venv-airflow/lib/python3.11/site-packages/airflow/example_dags/example_trigger_target_dag.py
[2025-06-17T13:28:41.937+0200] {processor.py:753} INFO - DAG(s) dict_keys(['example_trigger_target_dag']) retrieved from /home/monica.fernandez/practica_creativa/venv-airflow/lib/python3.11/site-packages/airflow/example_dags/example_trigger_target_dag.py
[2025-06-17T13:28:41.968+0200] {logging_mixin.py:137} INFO - [2025-06-17T13:28:41.967+0200] {dag.py:2690} INFO - Sync 1 DAGs
[2025-06-17T13:28:41.991+0200] {logging_mixin.py:137} INFO - [2025-06-17T13:28:41.991+0200] {dag.py:3437} INFO - Setting next_dagrun for example_trigger_target_dag to None, run_after=None
[2025-06-17T13:28:42.045+0200] {processor.py:175} INFO - Processing /home/monica.fernandez/practica_creativa/venv-airflow/lib/python3.11/site-packages/airflow/example_dags/example_trigger_target_dag.py took 0.135 seconds
[2025-06-17T13:32:00.311+0200] {processor.py:153} INFO - Started process (PID=99978) to work on /home/monica.fernandez/practica_creativa/venv-airflow/lib/python3.11/site-packages/airflow/example_dags/example_trigger_target_dag.py
[2025-06-17T13:32:00.311+0200] {processor.py:743} INFO - Processing file /home/monica.fernandez/practica_creativa/venv-airflow/lib/python3.11/site-packages/airflow/example_dags/example_trigger_target_dag.py for tasks to queue
[2025-06-17T13:32:00.312+0200] {logging_mixin.py:137} INFO - [2025-06-17T13:32:00.312+0200] {dagbag.py:538} INFO - Filling up the DagBag from /home/monica.fernandez/practica_creativa/venv-airflow/lib/python3.11/site-packages/airflow/example_dags/example_trigger_target_dag.py
[2025-06-17T13:32:00.341+0200] {processor.py:753} INFO - DAG(s) dict_keys(['example_trigger_target_dag']) retrieved from /home/monica.fernandez/practica_creativa/venv-airflow/lib/python3.11/site-packages/airflow/example_dags/example_trigger_target_dag.py
[2025-06-17T13:32:00.371+0200] {logging_mixin.py:137} INFO - [2025-06-17T13:32:00.371+0200] {dag.py:2690} INFO - Sync 1 DAGs
[2025-06-17T13:32:00.393+0200] {logging_mixin.py:137} INFO - [2025-06-17T13:32:00.393+0200] {dag.py:3437} INFO - Setting next_dagrun for example_trigger_target_dag to None, run_after=None
[2025-06-17T13:32:00.455+0200] {processor.py:175} INFO - Processing /home/monica.fernandez/practica_creativa/venv-airflow/lib/python3.11/site-packages/airflow/example_dags/example_trigger_target_dag.py took 0.148 seconds
[2025-06-17T13:32:56.977+0200] {processor.py:153} INFO - Started process (PID=100641) to work on /home/monica.fernandez/practica_creativa/venv-airflow/lib/python3.11/site-packages/airflow/example_dags/example_trigger_target_dag.py
[2025-06-17T13:32:56.978+0200] {processor.py:743} INFO - Processing file /home/monica.fernandez/practica_creativa/venv-airflow/lib/python3.11/site-packages/airflow/example_dags/example_trigger_target_dag.py for tasks to queue
[2025-06-17T13:32:56.979+0200] {logging_mixin.py:137} INFO - [2025-06-17T13:32:56.979+0200] {dagbag.py:538} INFO - Filling up the DagBag from /home/monica.fernandez/practica_creativa/venv-airflow/lib/python3.11/site-packages/airflow/example_dags/example_trigger_target_dag.py
[2025-06-17T13:32:57.045+0200] {processor.py:753} INFO - DAG(s) dict_keys(['example_trigger_target_dag']) retrieved from /home/monica.fernandez/practica_creativa/venv-airflow/lib/python3.11/site-packages/airflow/example_dags/example_trigger_target_dag.py
[2025-06-17T13:32:57.128+0200] {logging_mixin.py:137} INFO - [2025-06-17T13:32:57.128+0200] {dag.py:2690} INFO - Sync 1 DAGs
[2025-06-17T13:32:57.204+0200] {logging_mixin.py:137} INFO - [2025-06-17T13:32:57.204+0200] {dag.py:3437} INFO - Setting next_dagrun for example_trigger_target_dag to None, run_after=None
[2025-06-17T13:32:57.330+0200] {processor.py:175} INFO - Processing /home/monica.fernandez/practica_creativa/venv-airflow/lib/python3.11/site-packages/airflow/example_dags/example_trigger_target_dag.py took 0.374 seconds
[2025-06-17T13:33:49.677+0200] {processor.py:153} INFO - Started process (PID=101312) to work on /home/monica.fernandez/practica_creativa/venv-airflow/lib/python3.11/site-packages/airflow/example_dags/example_trigger_target_dag.py
[2025-06-17T13:33:49.682+0200] {processor.py:743} INFO - Processing file /home/monica.fernandez/practica_creativa/venv-airflow/lib/python3.11/site-packages/airflow/example_dags/example_trigger_target_dag.py for tasks to queue
[2025-06-17T13:33:49.682+0200] {logging_mixin.py:137} INFO - [2025-06-17T13:33:49.682+0200] {dagbag.py:538} INFO - Filling up the DagBag from /home/monica.fernandez/practica_creativa/venv-airflow/lib/python3.11/site-packages/airflow/example_dags/example_trigger_target_dag.py
[2025-06-17T13:33:49.733+0200] {processor.py:753} INFO - DAG(s) dict_keys(['example_trigger_target_dag']) retrieved from /home/monica.fernandez/practica_creativa/venv-airflow/lib/python3.11/site-packages/airflow/example_dags/example_trigger_target_dag.py
[2025-06-17T13:33:49.871+0200] {logging_mixin.py:137} INFO - [2025-06-17T13:33:49.870+0200] {dag.py:2690} INFO - Sync 1 DAGs
[2025-06-17T13:33:49.947+0200] {logging_mixin.py:137} INFO - [2025-06-17T13:33:49.947+0200] {dag.py:3437} INFO - Setting next_dagrun for example_trigger_target_dag to None, run_after=None
[2025-06-17T13:33:50.105+0200] {processor.py:175} INFO - Processing /home/monica.fernandez/practica_creativa/venv-airflow/lib/python3.11/site-packages/airflow/example_dags/example_trigger_target_dag.py took 0.437 seconds
[2025-06-17T13:34:19.261+0200] {processor.py:153} INFO - Started process (PID=101718) to work on /home/monica.fernandez/practica_creativa/venv-airflow/lib/python3.11/site-packages/airflow/example_dags/example_trigger_target_dag.py
[2025-06-17T13:34:19.261+0200] {processor.py:743} INFO - Processing file /home/monica.fernandez/practica_creativa/venv-airflow/lib/python3.11/site-packages/airflow/example_dags/example_trigger_target_dag.py for tasks to queue
[2025-06-17T13:34:19.262+0200] {logging_mixin.py:137} INFO - [2025-06-17T13:34:19.262+0200] {dagbag.py:538} INFO - Filling up the DagBag from /home/monica.fernandez/practica_creativa/venv-airflow/lib/python3.11/site-packages/airflow/example_dags/example_trigger_target_dag.py
[2025-06-17T13:34:19.283+0200] {processor.py:753} INFO - DAG(s) dict_keys(['example_trigger_target_dag']) retrieved from /home/monica.fernandez/practica_creativa/venv-airflow/lib/python3.11/site-packages/airflow/example_dags/example_trigger_target_dag.py
[2025-06-17T13:34:19.313+0200] {logging_mixin.py:137} INFO - [2025-06-17T13:34:19.313+0200] {dag.py:2690} INFO - Sync 1 DAGs
[2025-06-17T13:34:19.342+0200] {logging_mixin.py:137} INFO - [2025-06-17T13:34:19.342+0200] {dag.py:3437} INFO - Setting next_dagrun for example_trigger_target_dag to None, run_after=None
[2025-06-17T13:34:19.400+0200] {processor.py:175} INFO - Processing /home/monica.fernandez/practica_creativa/venv-airflow/lib/python3.11/site-packages/airflow/example_dags/example_trigger_target_dag.py took 0.142 seconds
[2025-06-17T13:34:51.337+0200] {processor.py:153} INFO - Started process (PID=102000) to work on /home/monica.fernandez/practica_creativa/venv-airflow/lib/python3.11/site-packages/airflow/example_dags/example_trigger_target_dag.py
[2025-06-17T13:34:51.338+0200] {processor.py:743} INFO - Processing file /home/monica.fernandez/practica_creativa/venv-airflow/lib/python3.11/site-packages/airflow/example_dags/example_trigger_target_dag.py for tasks to queue
[2025-06-17T13:34:51.339+0200] {logging_mixin.py:137} INFO - [2025-06-17T13:34:51.339+0200] {dagbag.py:538} INFO - Filling up the DagBag from /home/monica.fernandez/practica_creativa/venv-airflow/lib/python3.11/site-packages/airflow/example_dags/example_trigger_target_dag.py
[2025-06-17T13:34:51.361+0200] {processor.py:753} INFO - DAG(s) dict_keys(['example_trigger_target_dag']) retrieved from /home/monica.fernandez/practica_creativa/venv-airflow/lib/python3.11/site-packages/airflow/example_dags/example_trigger_target_dag.py
[2025-06-17T13:34:51.412+0200] {logging_mixin.py:137} INFO - [2025-06-17T13:34:51.412+0200] {dag.py:2690} INFO - Sync 1 DAGs
[2025-06-17T13:34:51.437+0200] {logging_mixin.py:137} INFO - [2025-06-17T13:34:51.437+0200] {dag.py:3437} INFO - Setting next_dagrun for example_trigger_target_dag to None, run_after=None
[2025-06-17T13:34:51.493+0200] {processor.py:175} INFO - Processing /home/monica.fernandez/practica_creativa/venv-airflow/lib/python3.11/site-packages/airflow/example_dags/example_trigger_target_dag.py took 0.160 seconds
[2025-06-17T13:35:08.793+0200] {processor.py:153} INFO - Started process (PID=102149) to work on /home/monica.fernandez/practica_creativa/venv-airflow/lib/python3.11/site-packages/airflow/example_dags/example_trigger_target_dag.py
[2025-06-17T13:35:08.794+0200] {processor.py:743} INFO - Processing file /home/monica.fernandez/practica_creativa/venv-airflow/lib/python3.11/site-packages/airflow/example_dags/example_trigger_target_dag.py for tasks to queue
[2025-06-17T13:35:08.795+0200] {logging_mixin.py:137} INFO - [2025-06-17T13:35:08.795+0200] {dagbag.py:538} INFO - Filling up the DagBag from /home/monica.fernandez/practica_creativa/venv-airflow/lib/python3.11/site-packages/airflow/example_dags/example_trigger_target_dag.py
[2025-06-17T13:35:08.819+0200] {processor.py:753} INFO - DAG(s) dict_keys(['example_trigger_target_dag']) retrieved from /home/monica.fernandez/practica_creativa/venv-airflow/lib/python3.11/site-packages/airflow/example_dags/example_trigger_target_dag.py
[2025-06-17T13:35:08.849+0200] {logging_mixin.py:137} INFO - [2025-06-17T13:35:08.849+0200] {dag.py:2690} INFO - Sync 1 DAGs
[2025-06-17T13:35:08.876+0200] {logging_mixin.py:137} INFO - [2025-06-17T13:35:08.876+0200] {dag.py:3437} INFO - Setting next_dagrun for example_trigger_target_dag to None, run_after=None
[2025-06-17T13:35:08.939+0200] {processor.py:175} INFO - Processing /home/monica.fernandez/practica_creativa/venv-airflow/lib/python3.11/site-packages/airflow/example_dags/example_trigger_target_dag.py took 0.149 seconds
[2025-06-17T13:35:43.276+0200] {processor.py:153} INFO - Started process (PID=102499) to work on /home/monica.fernandez/practica_creativa/venv-airflow/lib/python3.11/site-packages/airflow/example_dags/example_trigger_target_dag.py
[2025-06-17T13:35:43.276+0200] {processor.py:743} INFO - Processing file /home/monica.fernandez/practica_creativa/venv-airflow/lib/python3.11/site-packages/airflow/example_dags/example_trigger_target_dag.py for tasks to queue
[2025-06-17T13:35:43.280+0200] {logging_mixin.py:137} INFO - [2025-06-17T13:35:43.279+0200] {dagbag.py:538} INFO - Filling up the DagBag from /home/monica.fernandez/practica_creativa/venv-airflow/lib/python3.11/site-packages/airflow/example_dags/example_trigger_target_dag.py
[2025-06-17T13:35:43.319+0200] {processor.py:753} INFO - DAG(s) dict_keys(['example_trigger_target_dag']) retrieved from /home/monica.fernandez/practica_creativa/venv-airflow/lib/python3.11/site-packages/airflow/example_dags/example_trigger_target_dag.py
[2025-06-17T13:35:43.361+0200] {logging_mixin.py:137} INFO - [2025-06-17T13:35:43.361+0200] {dag.py:2690} INFO - Sync 1 DAGs
[2025-06-17T13:35:43.426+0200] {logging_mixin.py:137} INFO - [2025-06-17T13:35:43.426+0200] {dag.py:3437} INFO - Setting next_dagrun for example_trigger_target_dag to None, run_after=None
[2025-06-17T13:35:43.513+0200] {processor.py:175} INFO - Processing /home/monica.fernandez/practica_creativa/venv-airflow/lib/python3.11/site-packages/airflow/example_dags/example_trigger_target_dag.py took 0.240 seconds
[2025-06-17T13:36:01.546+0200] {processor.py:153} INFO - Started process (PID=102680) to work on /home/monica.fernandez/practica_creativa/venv-airflow/lib/python3.11/site-packages/airflow/example_dags/example_trigger_target_dag.py
[2025-06-17T13:36:01.547+0200] {processor.py:743} INFO - Processing file /home/monica.fernandez/practica_creativa/venv-airflow/lib/python3.11/site-packages/airflow/example_dags/example_trigger_target_dag.py for tasks to queue
[2025-06-17T13:36:01.548+0200] {logging_mixin.py:137} INFO - [2025-06-17T13:36:01.548+0200] {dagbag.py:538} INFO - Filling up the DagBag from /home/monica.fernandez/practica_creativa/venv-airflow/lib/python3.11/site-packages/airflow/example_dags/example_trigger_target_dag.py
[2025-06-17T13:36:01.582+0200] {processor.py:753} INFO - DAG(s) dict_keys(['example_trigger_target_dag']) retrieved from /home/monica.fernandez/practica_creativa/venv-airflow/lib/python3.11/site-packages/airflow/example_dags/example_trigger_target_dag.py
[2025-06-17T13:36:01.624+0200] {logging_mixin.py:137} INFO - [2025-06-17T13:36:01.624+0200] {dag.py:2690} INFO - Sync 1 DAGs
[2025-06-17T13:36:01.666+0200] {logging_mixin.py:137} INFO - [2025-06-17T13:36:01.666+0200] {dag.py:3437} INFO - Setting next_dagrun for example_trigger_target_dag to None, run_after=None
[2025-06-17T13:36:01.736+0200] {processor.py:175} INFO - Processing /home/monica.fernandez/practica_creativa/venv-airflow/lib/python3.11/site-packages/airflow/example_dags/example_trigger_target_dag.py took 0.194 seconds
[2025-06-17T13:36:33.038+0200] {processor.py:153} INFO - Started process (PID=103022) to work on /home/monica.fernandez/practica_creativa/venv-airflow/lib/python3.11/site-packages/airflow/example_dags/example_trigger_target_dag.py
[2025-06-17T13:36:33.039+0200] {processor.py:743} INFO - Processing file /home/monica.fernandez/practica_creativa/venv-airflow/lib/python3.11/site-packages/airflow/example_dags/example_trigger_target_dag.py for tasks to queue
[2025-06-17T13:36:33.039+0200] {logging_mixin.py:137} INFO - [2025-06-17T13:36:33.039+0200] {dagbag.py:538} INFO - Filling up the DagBag from /home/monica.fernandez/practica_creativa/venv-airflow/lib/python3.11/site-packages/airflow/example_dags/example_trigger_target_dag.py
[2025-06-17T13:36:33.076+0200] {processor.py:753} INFO - DAG(s) dict_keys(['example_trigger_target_dag']) retrieved from /home/monica.fernandez/practica_creativa/venv-airflow/lib/python3.11/site-packages/airflow/example_dags/example_trigger_target_dag.py
[2025-06-17T13:36:33.113+0200] {logging_mixin.py:137} INFO - [2025-06-17T13:36:33.113+0200] {dag.py:2690} INFO - Sync 1 DAGs
[2025-06-17T13:36:33.162+0200] {logging_mixin.py:137} INFO - [2025-06-17T13:36:33.162+0200] {dag.py:3437} INFO - Setting next_dagrun for example_trigger_target_dag to None, run_after=None
[2025-06-17T13:36:33.252+0200] {processor.py:175} INFO - Processing /home/monica.fernandez/practica_creativa/venv-airflow/lib/python3.11/site-packages/airflow/example_dags/example_trigger_target_dag.py took 0.217 seconds
[2025-06-17T13:36:54.685+0200] {processor.py:153} INFO - Started process (PID=103284) to work on /home/monica.fernandez/practica_creativa/venv-airflow/lib/python3.11/site-packages/airflow/example_dags/example_trigger_target_dag.py
[2025-06-17T13:36:54.686+0200] {processor.py:743} INFO - Processing file /home/monica.fernandez/practica_creativa/venv-airflow/lib/python3.11/site-packages/airflow/example_dags/example_trigger_target_dag.py for tasks to queue
[2025-06-17T13:36:54.687+0200] {logging_mixin.py:137} INFO - [2025-06-17T13:36:54.687+0200] {dagbag.py:538} INFO - Filling up the DagBag from /home/monica.fernandez/practica_creativa/venv-airflow/lib/python3.11/site-packages/airflow/example_dags/example_trigger_target_dag.py
[2025-06-17T13:36:54.715+0200] {processor.py:753} INFO - DAG(s) dict_keys(['example_trigger_target_dag']) retrieved from /home/monica.fernandez/practica_creativa/venv-airflow/lib/python3.11/site-packages/airflow/example_dags/example_trigger_target_dag.py
[2025-06-17T13:36:54.772+0200] {logging_mixin.py:137} INFO - [2025-06-17T13:36:54.772+0200] {dag.py:2690} INFO - Sync 1 DAGs
[2025-06-17T13:36:54.804+0200] {logging_mixin.py:137} INFO - [2025-06-17T13:36:54.804+0200] {dag.py:3437} INFO - Setting next_dagrun for example_trigger_target_dag to None, run_after=None
[2025-06-17T13:36:54.862+0200] {processor.py:175} INFO - Processing /home/monica.fernandez/practica_creativa/venv-airflow/lib/python3.11/site-packages/airflow/example_dags/example_trigger_target_dag.py took 0.182 seconds
[2025-06-17T13:37:40.897+0200] {processor.py:153} INFO - Started process (PID=103836) to work on /home/monica.fernandez/practica_creativa/venv-airflow/lib/python3.11/site-packages/airflow/example_dags/example_trigger_target_dag.py
[2025-06-17T13:37:40.898+0200] {processor.py:743} INFO - Processing file /home/monica.fernandez/practica_creativa/venv-airflow/lib/python3.11/site-packages/airflow/example_dags/example_trigger_target_dag.py for tasks to queue
[2025-06-17T13:37:40.899+0200] {logging_mixin.py:137} INFO - [2025-06-17T13:37:40.898+0200] {dagbag.py:538} INFO - Filling up the DagBag from /home/monica.fernandez/practica_creativa/venv-airflow/lib/python3.11/site-packages/airflow/example_dags/example_trigger_target_dag.py
[2025-06-17T13:37:40.925+0200] {processor.py:753} INFO - DAG(s) dict_keys(['example_trigger_target_dag']) retrieved from /home/monica.fernandez/practica_creativa/venv-airflow/lib/python3.11/site-packages/airflow/example_dags/example_trigger_target_dag.py
[2025-06-17T13:37:40.963+0200] {logging_mixin.py:137} INFO - [2025-06-17T13:37:40.962+0200] {dag.py:2690} INFO - Sync 1 DAGs
[2025-06-17T13:37:40.985+0200] {logging_mixin.py:137} INFO - [2025-06-17T13:37:40.985+0200] {dag.py:3437} INFO - Setting next_dagrun for example_trigger_target_dag to None, run_after=None
[2025-06-17T13:37:41.063+0200] {processor.py:175} INFO - Processing /home/monica.fernandez/practica_creativa/venv-airflow/lib/python3.11/site-packages/airflow/example_dags/example_trigger_target_dag.py took 0.168 seconds
[2025-06-17T13:38:22.893+0200] {processor.py:153} INFO - Started process (PID=104416) to work on /home/monica.fernandez/practica_creativa/venv-airflow/lib/python3.11/site-packages/airflow/example_dags/example_trigger_target_dag.py
[2025-06-17T13:38:22.894+0200] {processor.py:743} INFO - Processing file /home/monica.fernandez/practica_creativa/venv-airflow/lib/python3.11/site-packages/airflow/example_dags/example_trigger_target_dag.py for tasks to queue
[2025-06-17T13:38:22.895+0200] {logging_mixin.py:137} INFO - [2025-06-17T13:38:22.894+0200] {dagbag.py:538} INFO - Filling up the DagBag from /home/monica.fernandez/practica_creativa/venv-airflow/lib/python3.11/site-packages/airflow/example_dags/example_trigger_target_dag.py
[2025-06-17T13:38:22.921+0200] {processor.py:753} INFO - DAG(s) dict_keys(['example_trigger_target_dag']) retrieved from /home/monica.fernandez/practica_creativa/venv-airflow/lib/python3.11/site-packages/airflow/example_dags/example_trigger_target_dag.py
[2025-06-17T13:38:23.014+0200] {logging_mixin.py:137} INFO - [2025-06-17T13:38:23.014+0200] {dag.py:2690} INFO - Sync 1 DAGs
[2025-06-17T13:38:23.079+0200] {logging_mixin.py:137} INFO - [2025-06-17T13:38:23.079+0200] {dag.py:3437} INFO - Setting next_dagrun for example_trigger_target_dag to None, run_after=None
[2025-06-17T13:38:23.190+0200] {processor.py:175} INFO - Processing /home/monica.fernandez/practica_creativa/venv-airflow/lib/python3.11/site-packages/airflow/example_dags/example_trigger_target_dag.py took 0.301 seconds
[2025-06-17T13:39:04.665+0200] {processor.py:153} INFO - Started process (PID=105036) to work on /home/monica.fernandez/practica_creativa/venv-airflow/lib/python3.11/site-packages/airflow/example_dags/example_trigger_target_dag.py
[2025-06-17T13:39:04.666+0200] {processor.py:743} INFO - Processing file /home/monica.fernandez/practica_creativa/venv-airflow/lib/python3.11/site-packages/airflow/example_dags/example_trigger_target_dag.py for tasks to queue
[2025-06-17T13:39:04.667+0200] {logging_mixin.py:137} INFO - [2025-06-17T13:39:04.667+0200] {dagbag.py:538} INFO - Filling up the DagBag from /home/monica.fernandez/practica_creativa/venv-airflow/lib/python3.11/site-packages/airflow/example_dags/example_trigger_target_dag.py
[2025-06-17T13:39:04.694+0200] {processor.py:753} INFO - DAG(s) dict_keys(['example_trigger_target_dag']) retrieved from /home/monica.fernandez/practica_creativa/venv-airflow/lib/python3.11/site-packages/airflow/example_dags/example_trigger_target_dag.py
[2025-06-17T13:39:04.764+0200] {logging_mixin.py:137} INFO - [2025-06-17T13:39:04.763+0200] {dag.py:2690} INFO - Sync 1 DAGs
[2025-06-17T13:39:04.811+0200] {logging_mixin.py:137} INFO - [2025-06-17T13:39:04.811+0200] {dag.py:3437} INFO - Setting next_dagrun for example_trigger_target_dag to None, run_after=None
[2025-06-17T13:39:04.889+0200] {processor.py:175} INFO - Processing /home/monica.fernandez/practica_creativa/venv-airflow/lib/python3.11/site-packages/airflow/example_dags/example_trigger_target_dag.py took 0.228 seconds
[2025-06-17T13:39:21.779+0200] {processor.py:153} INFO - Started process (PID=105355) to work on /home/monica.fernandez/practica_creativa/venv-airflow/lib/python3.11/site-packages/airflow/example_dags/example_trigger_target_dag.py
[2025-06-17T13:39:21.779+0200] {processor.py:743} INFO - Processing file /home/monica.fernandez/practica_creativa/venv-airflow/lib/python3.11/site-packages/airflow/example_dags/example_trigger_target_dag.py for tasks to queue
[2025-06-17T13:39:21.780+0200] {logging_mixin.py:137} INFO - [2025-06-17T13:39:21.780+0200] {dagbag.py:538} INFO - Filling up the DagBag from /home/monica.fernandez/practica_creativa/venv-airflow/lib/python3.11/site-packages/airflow/example_dags/example_trigger_target_dag.py
[2025-06-17T13:39:21.803+0200] {processor.py:753} INFO - DAG(s) dict_keys(['example_trigger_target_dag']) retrieved from /home/monica.fernandez/practica_creativa/venv-airflow/lib/python3.11/site-packages/airflow/example_dags/example_trigger_target_dag.py
[2025-06-17T13:39:21.833+0200] {logging_mixin.py:137} INFO - [2025-06-17T13:39:21.833+0200] {dag.py:2690} INFO - Sync 1 DAGs
[2025-06-17T13:39:21.856+0200] {logging_mixin.py:137} INFO - [2025-06-17T13:39:21.856+0200] {dag.py:3437} INFO - Setting next_dagrun for example_trigger_target_dag to None, run_after=None
[2025-06-17T13:39:21.913+0200] {processor.py:175} INFO - Processing /home/monica.fernandez/practica_creativa/venv-airflow/lib/python3.11/site-packages/airflow/example_dags/example_trigger_target_dag.py took 0.137 seconds
[2025-06-17T13:40:03.094+0200] {processor.py:153} INFO - Started process (PID=105690) to work on /home/monica.fernandez/practica_creativa/venv-airflow/lib/python3.11/site-packages/airflow/example_dags/example_trigger_target_dag.py
[2025-06-17T13:40:03.094+0200] {processor.py:743} INFO - Processing file /home/monica.fernandez/practica_creativa/venv-airflow/lib/python3.11/site-packages/airflow/example_dags/example_trigger_target_dag.py for tasks to queue
[2025-06-17T13:40:03.095+0200] {logging_mixin.py:137} INFO - [2025-06-17T13:40:03.095+0200] {dagbag.py:538} INFO - Filling up the DagBag from /home/monica.fernandez/practica_creativa/venv-airflow/lib/python3.11/site-packages/airflow/example_dags/example_trigger_target_dag.py
[2025-06-17T13:40:03.129+0200] {processor.py:753} INFO - DAG(s) dict_keys(['example_trigger_target_dag']) retrieved from /home/monica.fernandez/practica_creativa/venv-airflow/lib/python3.11/site-packages/airflow/example_dags/example_trigger_target_dag.py
[2025-06-17T13:40:03.166+0200] {logging_mixin.py:137} INFO - [2025-06-17T13:40:03.166+0200] {dag.py:2690} INFO - Sync 1 DAGs
[2025-06-17T13:40:03.199+0200] {logging_mixin.py:137} INFO - [2025-06-17T13:40:03.199+0200] {dag.py:3437} INFO - Setting next_dagrun for example_trigger_target_dag to None, run_after=None
[2025-06-17T13:40:03.260+0200] {processor.py:175} INFO - Processing /home/monica.fernandez/practica_creativa/venv-airflow/lib/python3.11/site-packages/airflow/example_dags/example_trigger_target_dag.py took 0.170 seconds
[2025-06-17T13:42:42.954+0200] {processor.py:153} INFO - Started process (PID=107590) to work on /home/monica.fernandez/practica_creativa/venv-airflow/lib/python3.11/site-packages/airflow/example_dags/example_trigger_target_dag.py
[2025-06-17T13:42:42.955+0200] {processor.py:743} INFO - Processing file /home/monica.fernandez/practica_creativa/venv-airflow/lib/python3.11/site-packages/airflow/example_dags/example_trigger_target_dag.py for tasks to queue
[2025-06-17T13:42:42.956+0200] {logging_mixin.py:137} INFO - [2025-06-17T13:42:42.956+0200] {dagbag.py:538} INFO - Filling up the DagBag from /home/monica.fernandez/practica_creativa/venv-airflow/lib/python3.11/site-packages/airflow/example_dags/example_trigger_target_dag.py
[2025-06-17T13:42:42.981+0200] {processor.py:753} INFO - DAG(s) dict_keys(['example_trigger_target_dag']) retrieved from /home/monica.fernandez/practica_creativa/venv-airflow/lib/python3.11/site-packages/airflow/example_dags/example_trigger_target_dag.py
[2025-06-17T13:42:43.028+0200] {logging_mixin.py:137} INFO - [2025-06-17T13:42:43.028+0200] {dag.py:2690} INFO - Sync 1 DAGs
[2025-06-17T13:42:43.067+0200] {logging_mixin.py:137} INFO - [2025-06-17T13:42:43.067+0200] {dag.py:3437} INFO - Setting next_dagrun for example_trigger_target_dag to None, run_after=None
[2025-06-17T13:42:43.145+0200] {processor.py:175} INFO - Processing /home/monica.fernandez/practica_creativa/venv-airflow/lib/python3.11/site-packages/airflow/example_dags/example_trigger_target_dag.py took 0.195 seconds
[2025-06-17T13:43:32.733+0200] {processor.py:153} INFO - Started process (PID=108095) to work on /home/monica.fernandez/practica_creativa/venv-airflow/lib/python3.11/site-packages/airflow/example_dags/example_trigger_target_dag.py
[2025-06-17T13:43:32.735+0200] {processor.py:743} INFO - Processing file /home/monica.fernandez/practica_creativa/venv-airflow/lib/python3.11/site-packages/airflow/example_dags/example_trigger_target_dag.py for tasks to queue
[2025-06-17T13:43:32.736+0200] {logging_mixin.py:137} INFO - [2025-06-17T13:43:32.735+0200] {dagbag.py:538} INFO - Filling up the DagBag from /home/monica.fernandez/practica_creativa/venv-airflow/lib/python3.11/site-packages/airflow/example_dags/example_trigger_target_dag.py
[2025-06-17T13:43:32.769+0200] {processor.py:753} INFO - DAG(s) dict_keys(['example_trigger_target_dag']) retrieved from /home/monica.fernandez/practica_creativa/venv-airflow/lib/python3.11/site-packages/airflow/example_dags/example_trigger_target_dag.py
[2025-06-17T13:43:32.828+0200] {logging_mixin.py:137} INFO - [2025-06-17T13:43:32.827+0200] {dag.py:2690} INFO - Sync 1 DAGs
[2025-06-17T13:43:32.851+0200] {logging_mixin.py:137} INFO - [2025-06-17T13:43:32.851+0200] {dag.py:3437} INFO - Setting next_dagrun for example_trigger_target_dag to None, run_after=None
[2025-06-17T13:43:32.910+0200] {processor.py:175} INFO - Processing /home/monica.fernandez/practica_creativa/venv-airflow/lib/python3.11/site-packages/airflow/example_dags/example_trigger_target_dag.py took 0.181 seconds
[2025-06-17T13:44:22.661+0200] {processor.py:153} INFO - Started process (PID=108554) to work on /home/monica.fernandez/practica_creativa/venv-airflow/lib/python3.11/site-packages/airflow/example_dags/example_trigger_target_dag.py
[2025-06-17T13:44:22.662+0200] {processor.py:743} INFO - Processing file /home/monica.fernandez/practica_creativa/venv-airflow/lib/python3.11/site-packages/airflow/example_dags/example_trigger_target_dag.py for tasks to queue
[2025-06-17T13:44:22.663+0200] {logging_mixin.py:137} INFO - [2025-06-17T13:44:22.663+0200] {dagbag.py:538} INFO - Filling up the DagBag from /home/monica.fernandez/practica_creativa/venv-airflow/lib/python3.11/site-packages/airflow/example_dags/example_trigger_target_dag.py
[2025-06-17T13:44:22.694+0200] {processor.py:753} INFO - DAG(s) dict_keys(['example_trigger_target_dag']) retrieved from /home/monica.fernandez/practica_creativa/venv-airflow/lib/python3.11/site-packages/airflow/example_dags/example_trigger_target_dag.py
[2025-06-17T13:44:22.735+0200] {logging_mixin.py:137} INFO - [2025-06-17T13:44:22.735+0200] {dag.py:2690} INFO - Sync 1 DAGs
[2025-06-17T13:44:22.770+0200] {logging_mixin.py:137} INFO - [2025-06-17T13:44:22.769+0200] {dag.py:3437} INFO - Setting next_dagrun for example_trigger_target_dag to None, run_after=None
[2025-06-17T13:44:22.840+0200] {processor.py:175} INFO - Processing /home/monica.fernandez/practica_creativa/venv-airflow/lib/python3.11/site-packages/airflow/example_dags/example_trigger_target_dag.py took 0.184 seconds
[2025-06-17T13:45:01.277+0200] {processor.py:153} INFO - Started process (PID=108972) to work on /home/monica.fernandez/practica_creativa/venv-airflow/lib/python3.11/site-packages/airflow/example_dags/example_trigger_target_dag.py
[2025-06-17T13:45:01.278+0200] {processor.py:743} INFO - Processing file /home/monica.fernandez/practica_creativa/venv-airflow/lib/python3.11/site-packages/airflow/example_dags/example_trigger_target_dag.py for tasks to queue
[2025-06-17T13:45:01.280+0200] {logging_mixin.py:137} INFO - [2025-06-17T13:45:01.279+0200] {dagbag.py:538} INFO - Filling up the DagBag from /home/monica.fernandez/practica_creativa/venv-airflow/lib/python3.11/site-packages/airflow/example_dags/example_trigger_target_dag.py
[2025-06-17T13:45:01.335+0200] {processor.py:753} INFO - DAG(s) dict_keys(['example_trigger_target_dag']) retrieved from /home/monica.fernandez/practica_creativa/venv-airflow/lib/python3.11/site-packages/airflow/example_dags/example_trigger_target_dag.py
[2025-06-17T13:45:01.380+0200] {logging_mixin.py:137} INFO - [2025-06-17T13:45:01.379+0200] {dag.py:2690} INFO - Sync 1 DAGs
[2025-06-17T13:45:01.404+0200] {logging_mixin.py:137} INFO - [2025-06-17T13:45:01.403+0200] {dag.py:3437} INFO - Setting next_dagrun for example_trigger_target_dag to None, run_after=None
[2025-06-17T13:45:01.491+0200] {processor.py:175} INFO - Processing /home/monica.fernandez/practica_creativa/venv-airflow/lib/python3.11/site-packages/airflow/example_dags/example_trigger_target_dag.py took 0.216 seconds
[2025-06-17T13:45:39.382+0200] {processor.py:153} INFO - Started process (PID=109448) to work on /home/monica.fernandez/practica_creativa/venv-airflow/lib/python3.11/site-packages/airflow/example_dags/example_trigger_target_dag.py
[2025-06-17T13:45:39.387+0200] {processor.py:743} INFO - Processing file /home/monica.fernandez/practica_creativa/venv-airflow/lib/python3.11/site-packages/airflow/example_dags/example_trigger_target_dag.py for tasks to queue
[2025-06-17T13:45:39.389+0200] {logging_mixin.py:137} INFO - [2025-06-17T13:45:39.388+0200] {dagbag.py:538} INFO - Filling up the DagBag from /home/monica.fernandez/practica_creativa/venv-airflow/lib/python3.11/site-packages/airflow/example_dags/example_trigger_target_dag.py
[2025-06-17T13:45:39.464+0200] {processor.py:753} INFO - DAG(s) dict_keys(['example_trigger_target_dag']) retrieved from /home/monica.fernandez/practica_creativa/venv-airflow/lib/python3.11/site-packages/airflow/example_dags/example_trigger_target_dag.py
[2025-06-17T13:45:39.509+0200] {logging_mixin.py:137} INFO - [2025-06-17T13:45:39.509+0200] {dag.py:2690} INFO - Sync 1 DAGs
[2025-06-17T13:45:39.555+0200] {logging_mixin.py:137} INFO - [2025-06-17T13:45:39.555+0200] {dag.py:3437} INFO - Setting next_dagrun for example_trigger_target_dag to None, run_after=None
[2025-06-17T13:45:39.618+0200] {processor.py:175} INFO - Processing /home/monica.fernandez/practica_creativa/venv-airflow/lib/python3.11/site-packages/airflow/example_dags/example_trigger_target_dag.py took 0.246 seconds
[2025-06-17T13:46:18.836+0200] {processor.py:153} INFO - Started process (PID=109963) to work on /home/monica.fernandez/practica_creativa/venv-airflow/lib/python3.11/site-packages/airflow/example_dags/example_trigger_target_dag.py
[2025-06-17T13:46:18.837+0200] {processor.py:743} INFO - Processing file /home/monica.fernandez/practica_creativa/venv-airflow/lib/python3.11/site-packages/airflow/example_dags/example_trigger_target_dag.py for tasks to queue
[2025-06-17T13:46:18.837+0200] {logging_mixin.py:137} INFO - [2025-06-17T13:46:18.837+0200] {dagbag.py:538} INFO - Filling up the DagBag from /home/monica.fernandez/practica_creativa/venv-airflow/lib/python3.11/site-packages/airflow/example_dags/example_trigger_target_dag.py
[2025-06-17T13:46:18.862+0200] {processor.py:753} INFO - DAG(s) dict_keys(['example_trigger_target_dag']) retrieved from /home/monica.fernandez/practica_creativa/venv-airflow/lib/python3.11/site-packages/airflow/example_dags/example_trigger_target_dag.py
[2025-06-17T13:46:18.897+0200] {logging_mixin.py:137} INFO - [2025-06-17T13:46:18.897+0200] {dag.py:2690} INFO - Sync 1 DAGs
[2025-06-17T13:46:18.937+0200] {logging_mixin.py:137} INFO - [2025-06-17T13:46:18.937+0200] {dag.py:3437} INFO - Setting next_dagrun for example_trigger_target_dag to None, run_after=None
[2025-06-17T13:46:19.013+0200] {processor.py:175} INFO - Processing /home/monica.fernandez/practica_creativa/venv-airflow/lib/python3.11/site-packages/airflow/example_dags/example_trigger_target_dag.py took 0.182 seconds
[2025-06-17T13:46:58.710+0200] {processor.py:153} INFO - Started process (PID=110579) to work on /home/monica.fernandez/practica_creativa/venv-airflow/lib/python3.11/site-packages/airflow/example_dags/example_trigger_target_dag.py
[2025-06-17T13:46:58.711+0200] {processor.py:743} INFO - Processing file /home/monica.fernandez/practica_creativa/venv-airflow/lib/python3.11/site-packages/airflow/example_dags/example_trigger_target_dag.py for tasks to queue
[2025-06-17T13:46:58.711+0200] {logging_mixin.py:137} INFO - [2025-06-17T13:46:58.711+0200] {dagbag.py:538} INFO - Filling up the DagBag from /home/monica.fernandez/practica_creativa/venv-airflow/lib/python3.11/site-packages/airflow/example_dags/example_trigger_target_dag.py
[2025-06-17T13:46:58.738+0200] {processor.py:753} INFO - DAG(s) dict_keys(['example_trigger_target_dag']) retrieved from /home/monica.fernandez/practica_creativa/venv-airflow/lib/python3.11/site-packages/airflow/example_dags/example_trigger_target_dag.py
[2025-06-17T13:46:58.762+0200] {logging_mixin.py:137} INFO - [2025-06-17T13:46:58.762+0200] {dag.py:2690} INFO - Sync 1 DAGs
[2025-06-17T13:46:58.788+0200] {logging_mixin.py:137} INFO - [2025-06-17T13:46:58.788+0200] {dag.py:3437} INFO - Setting next_dagrun for example_trigger_target_dag to None, run_after=None
[2025-06-17T13:46:58.877+0200] {processor.py:175} INFO - Processing /home/monica.fernandez/practica_creativa/venv-airflow/lib/python3.11/site-packages/airflow/example_dags/example_trigger_target_dag.py took 0.171 seconds
[2025-06-17T13:49:49.658+0200] {processor.py:153} INFO - Started process (PID=113159) to work on /home/monica.fernandez/practica_creativa/venv-airflow/lib/python3.11/site-packages/airflow/example_dags/example_trigger_target_dag.py
[2025-06-17T13:49:49.659+0200] {processor.py:743} INFO - Processing file /home/monica.fernandez/practica_creativa/venv-airflow/lib/python3.11/site-packages/airflow/example_dags/example_trigger_target_dag.py for tasks to queue
[2025-06-17T13:49:49.659+0200] {logging_mixin.py:137} INFO - [2025-06-17T13:49:49.659+0200] {dagbag.py:538} INFO - Filling up the DagBag from /home/monica.fernandez/practica_creativa/venv-airflow/lib/python3.11/site-packages/airflow/example_dags/example_trigger_target_dag.py
[2025-06-17T13:49:49.677+0200] {processor.py:753} INFO - DAG(s) dict_keys(['example_trigger_target_dag']) retrieved from /home/monica.fernandez/practica_creativa/venv-airflow/lib/python3.11/site-packages/airflow/example_dags/example_trigger_target_dag.py
[2025-06-17T13:49:49.703+0200] {logging_mixin.py:137} INFO - [2025-06-17T13:49:49.703+0200] {dag.py:2690} INFO - Sync 1 DAGs
[2025-06-17T13:49:49.727+0200] {logging_mixin.py:137} INFO - [2025-06-17T13:49:49.727+0200] {dag.py:3437} INFO - Setting next_dagrun for example_trigger_target_dag to None, run_after=None
[2025-06-17T13:49:49.782+0200] {processor.py:175} INFO - Processing /home/monica.fernandez/practica_creativa/venv-airflow/lib/python3.11/site-packages/airflow/example_dags/example_trigger_target_dag.py took 0.127 seconds
[2025-06-17T13:50:39.307+0200] {processor.py:153} INFO - Started process (PID=113580) to work on /home/monica.fernandez/practica_creativa/venv-airflow/lib/python3.11/site-packages/airflow/example_dags/example_trigger_target_dag.py
[2025-06-17T13:50:39.308+0200] {processor.py:743} INFO - Processing file /home/monica.fernandez/practica_creativa/venv-airflow/lib/python3.11/site-packages/airflow/example_dags/example_trigger_target_dag.py for tasks to queue
[2025-06-17T13:50:39.309+0200] {logging_mixin.py:137} INFO - [2025-06-17T13:50:39.309+0200] {dagbag.py:538} INFO - Filling up the DagBag from /home/monica.fernandez/practica_creativa/venv-airflow/lib/python3.11/site-packages/airflow/example_dags/example_trigger_target_dag.py
[2025-06-17T13:50:39.340+0200] {processor.py:753} INFO - DAG(s) dict_keys(['example_trigger_target_dag']) retrieved from /home/monica.fernandez/practica_creativa/venv-airflow/lib/python3.11/site-packages/airflow/example_dags/example_trigger_target_dag.py
[2025-06-17T13:50:39.391+0200] {logging_mixin.py:137} INFO - [2025-06-17T13:50:39.391+0200] {dag.py:2690} INFO - Sync 1 DAGs
[2025-06-17T13:50:39.416+0200] {logging_mixin.py:137} INFO - [2025-06-17T13:50:39.416+0200] {dag.py:3437} INFO - Setting next_dagrun for example_trigger_target_dag to None, run_after=None
[2025-06-17T13:50:39.472+0200] {processor.py:175} INFO - Processing /home/monica.fernandez/practica_creativa/venv-airflow/lib/python3.11/site-packages/airflow/example_dags/example_trigger_target_dag.py took 0.170 seconds
[2025-06-17T13:51:12.584+0200] {processor.py:153} INFO - Started process (PID=113892) to work on /home/monica.fernandez/practica_creativa/venv-airflow/lib/python3.11/site-packages/airflow/example_dags/example_trigger_target_dag.py
[2025-06-17T13:51:12.586+0200] {processor.py:743} INFO - Processing file /home/monica.fernandez/practica_creativa/venv-airflow/lib/python3.11/site-packages/airflow/example_dags/example_trigger_target_dag.py for tasks to queue
[2025-06-17T13:51:12.587+0200] {logging_mixin.py:137} INFO - [2025-06-17T13:51:12.586+0200] {dagbag.py:538} INFO - Filling up the DagBag from /home/monica.fernandez/practica_creativa/venv-airflow/lib/python3.11/site-packages/airflow/example_dags/example_trigger_target_dag.py
[2025-06-17T13:51:12.638+0200] {processor.py:753} INFO - DAG(s) dict_keys(['example_trigger_target_dag']) retrieved from /home/monica.fernandez/practica_creativa/venv-airflow/lib/python3.11/site-packages/airflow/example_dags/example_trigger_target_dag.py
[2025-06-17T13:51:12.665+0200] {logging_mixin.py:137} INFO - [2025-06-17T13:51:12.665+0200] {dag.py:2690} INFO - Sync 1 DAGs
[2025-06-17T13:51:12.691+0200] {logging_mixin.py:137} INFO - [2025-06-17T13:51:12.690+0200] {dag.py:3437} INFO - Setting next_dagrun for example_trigger_target_dag to None, run_after=None
[2025-06-17T13:51:12.738+0200] {processor.py:175} INFO - Processing /home/monica.fernandez/practica_creativa/venv-airflow/lib/python3.11/site-packages/airflow/example_dags/example_trigger_target_dag.py took 0.162 seconds
[2025-06-17T14:00:01.566+0200] {processor.py:153} INFO - Started process (PID=121130) to work on /home/monica.fernandez/practica_creativa/venv-airflow/lib/python3.11/site-packages/airflow/example_dags/example_trigger_target_dag.py
[2025-06-17T14:00:01.567+0200] {processor.py:743} INFO - Processing file /home/monica.fernandez/practica_creativa/venv-airflow/lib/python3.11/site-packages/airflow/example_dags/example_trigger_target_dag.py for tasks to queue
[2025-06-17T14:00:01.568+0200] {logging_mixin.py:137} INFO - [2025-06-17T14:00:01.567+0200] {dagbag.py:538} INFO - Filling up the DagBag from /home/monica.fernandez/practica_creativa/venv-airflow/lib/python3.11/site-packages/airflow/example_dags/example_trigger_target_dag.py
[2025-06-17T14:00:01.602+0200] {processor.py:753} INFO - DAG(s) dict_keys(['example_trigger_target_dag']) retrieved from /home/monica.fernandez/practica_creativa/venv-airflow/lib/python3.11/site-packages/airflow/example_dags/example_trigger_target_dag.py
[2025-06-17T14:00:01.642+0200] {logging_mixin.py:137} INFO - [2025-06-17T14:00:01.642+0200] {dag.py:2690} INFO - Sync 1 DAGs
[2025-06-17T14:00:01.670+0200] {logging_mixin.py:137} INFO - [2025-06-17T14:00:01.670+0200] {dag.py:3437} INFO - Setting next_dagrun for example_trigger_target_dag to None, run_after=None
[2025-06-17T14:00:01.765+0200] {processor.py:175} INFO - Processing /home/monica.fernandez/practica_creativa/venv-airflow/lib/python3.11/site-packages/airflow/example_dags/example_trigger_target_dag.py took 0.203 seconds
[2025-06-17T19:24:27.472+0200] {processor.py:153} INFO - Started process (PID=159297) to work on /home/monica.fernandez/practica_creativa/venv-airflow/lib/python3.11/site-packages/airflow/example_dags/example_trigger_target_dag.py
[2025-06-17T19:24:27.473+0200] {processor.py:743} INFO - Processing file /home/monica.fernandez/practica_creativa/venv-airflow/lib/python3.11/site-packages/airflow/example_dags/example_trigger_target_dag.py for tasks to queue
[2025-06-17T19:24:27.473+0200] {logging_mixin.py:137} INFO - [2025-06-17T19:24:27.473+0200] {dagbag.py:538} INFO - Filling up the DagBag from /home/monica.fernandez/practica_creativa/venv-airflow/lib/python3.11/site-packages/airflow/example_dags/example_trigger_target_dag.py
[2025-06-17T19:24:27.518+0200] {processor.py:753} INFO - DAG(s) dict_keys(['example_trigger_target_dag']) retrieved from /home/monica.fernandez/practica_creativa/venv-airflow/lib/python3.11/site-packages/airflow/example_dags/example_trigger_target_dag.py
[2025-06-17T19:24:27.556+0200] {logging_mixin.py:137} INFO - [2025-06-17T19:24:27.555+0200] {dag.py:2690} INFO - Sync 1 DAGs
[2025-06-17T19:24:27.593+0200] {logging_mixin.py:137} INFO - [2025-06-17T19:24:27.593+0200] {dag.py:3437} INFO - Setting next_dagrun for example_trigger_target_dag to None, run_after=None
[2025-06-17T19:24:27.661+0200] {processor.py:175} INFO - Processing /home/monica.fernandez/practica_creativa/venv-airflow/lib/python3.11/site-packages/airflow/example_dags/example_trigger_target_dag.py took 0.193 seconds
[2025-06-17T19:25:16.166+0200] {processor.py:153} INFO - Started process (PID=159651) to work on /home/monica.fernandez/practica_creativa/venv-airflow/lib/python3.11/site-packages/airflow/example_dags/example_trigger_target_dag.py
[2025-06-17T19:25:16.167+0200] {processor.py:743} INFO - Processing file /home/monica.fernandez/practica_creativa/venv-airflow/lib/python3.11/site-packages/airflow/example_dags/example_trigger_target_dag.py for tasks to queue
[2025-06-17T19:25:16.168+0200] {logging_mixin.py:137} INFO - [2025-06-17T19:25:16.168+0200] {dagbag.py:538} INFO - Filling up the DagBag from /home/monica.fernandez/practica_creativa/venv-airflow/lib/python3.11/site-packages/airflow/example_dags/example_trigger_target_dag.py
[2025-06-17T19:25:16.221+0200] {processor.py:753} INFO - DAG(s) dict_keys(['example_trigger_target_dag']) retrieved from /home/monica.fernandez/practica_creativa/venv-airflow/lib/python3.11/site-packages/airflow/example_dags/example_trigger_target_dag.py
[2025-06-17T19:25:16.259+0200] {logging_mixin.py:137} INFO - [2025-06-17T19:25:16.259+0200] {dag.py:2690} INFO - Sync 1 DAGs
[2025-06-17T19:25:16.291+0200] {logging_mixin.py:137} INFO - [2025-06-17T19:25:16.291+0200] {dag.py:3437} INFO - Setting next_dagrun for example_trigger_target_dag to None, run_after=None
[2025-06-17T19:25:16.351+0200] {processor.py:175} INFO - Processing /home/monica.fernandez/practica_creativa/venv-airflow/lib/python3.11/site-packages/airflow/example_dags/example_trigger_target_dag.py took 0.194 seconds
[2025-06-17T19:26:04.535+0200] {processor.py:153} INFO - Started process (PID=160059) to work on /home/monica.fernandez/practica_creativa/venv-airflow/lib/python3.11/site-packages/airflow/example_dags/example_trigger_target_dag.py
[2025-06-17T19:26:04.536+0200] {processor.py:743} INFO - Processing file /home/monica.fernandez/practica_creativa/venv-airflow/lib/python3.11/site-packages/airflow/example_dags/example_trigger_target_dag.py for tasks to queue
[2025-06-17T19:26:04.537+0200] {logging_mixin.py:137} INFO - [2025-06-17T19:26:04.537+0200] {dagbag.py:538} INFO - Filling up the DagBag from /home/monica.fernandez/practica_creativa/venv-airflow/lib/python3.11/site-packages/airflow/example_dags/example_trigger_target_dag.py
[2025-06-17T19:26:04.582+0200] {processor.py:753} INFO - DAG(s) dict_keys(['example_trigger_target_dag']) retrieved from /home/monica.fernandez/practica_creativa/venv-airflow/lib/python3.11/site-packages/airflow/example_dags/example_trigger_target_dag.py
[2025-06-17T19:26:04.618+0200] {logging_mixin.py:137} INFO - [2025-06-17T19:26:04.618+0200] {dag.py:2690} INFO - Sync 1 DAGs
[2025-06-17T19:26:04.653+0200] {logging_mixin.py:137} INFO - [2025-06-17T19:26:04.653+0200] {dag.py:3437} INFO - Setting next_dagrun for example_trigger_target_dag to None, run_after=None
[2025-06-17T19:26:04.726+0200] {processor.py:175} INFO - Processing /home/monica.fernandez/practica_creativa/venv-airflow/lib/python3.11/site-packages/airflow/example_dags/example_trigger_target_dag.py took 0.195 seconds
[2025-06-17T19:26:44.476+0200] {processor.py:153} INFO - Started process (PID=160371) to work on /home/monica.fernandez/practica_creativa/venv-airflow/lib/python3.11/site-packages/airflow/example_dags/example_trigger_target_dag.py
[2025-06-17T19:26:44.478+0200] {processor.py:743} INFO - Processing file /home/monica.fernandez/practica_creativa/venv-airflow/lib/python3.11/site-packages/airflow/example_dags/example_trigger_target_dag.py for tasks to queue
[2025-06-17T19:26:44.479+0200] {logging_mixin.py:137} INFO - [2025-06-17T19:26:44.479+0200] {dagbag.py:538} INFO - Filling up the DagBag from /home/monica.fernandez/practica_creativa/venv-airflow/lib/python3.11/site-packages/airflow/example_dags/example_trigger_target_dag.py
[2025-06-17T19:26:44.539+0200] {processor.py:753} INFO - DAG(s) dict_keys(['example_trigger_target_dag']) retrieved from /home/monica.fernandez/practica_creativa/venv-airflow/lib/python3.11/site-packages/airflow/example_dags/example_trigger_target_dag.py
[2025-06-17T19:26:44.586+0200] {logging_mixin.py:137} INFO - [2025-06-17T19:26:44.586+0200] {dag.py:2690} INFO - Sync 1 DAGs
[2025-06-17T19:26:44.620+0200] {logging_mixin.py:137} INFO - [2025-06-17T19:26:44.620+0200] {dag.py:3437} INFO - Setting next_dagrun for example_trigger_target_dag to None, run_after=None
[2025-06-17T19:26:44.678+0200] {processor.py:175} INFO - Processing /home/monica.fernandez/practica_creativa/venv-airflow/lib/python3.11/site-packages/airflow/example_dags/example_trigger_target_dag.py took 0.207 seconds
[2025-06-17T19:27:22.057+0200] {processor.py:153} INFO - Started process (PID=161039) to work on /home/monica.fernandez/practica_creativa/venv-airflow/lib/python3.11/site-packages/airflow/example_dags/example_trigger_target_dag.py
[2025-06-17T19:27:22.058+0200] {processor.py:743} INFO - Processing file /home/monica.fernandez/practica_creativa/venv-airflow/lib/python3.11/site-packages/airflow/example_dags/example_trigger_target_dag.py for tasks to queue
[2025-06-17T19:27:22.058+0200] {logging_mixin.py:137} INFO - [2025-06-17T19:27:22.058+0200] {dagbag.py:538} INFO - Filling up the DagBag from /home/monica.fernandez/practica_creativa/venv-airflow/lib/python3.11/site-packages/airflow/example_dags/example_trigger_target_dag.py
[2025-06-17T19:27:22.085+0200] {processor.py:753} INFO - DAG(s) dict_keys(['example_trigger_target_dag']) retrieved from /home/monica.fernandez/practica_creativa/venv-airflow/lib/python3.11/site-packages/airflow/example_dags/example_trigger_target_dag.py
[2025-06-17T19:27:22.111+0200] {logging_mixin.py:137} INFO - [2025-06-17T19:27:22.110+0200] {dag.py:2690} INFO - Sync 1 DAGs
[2025-06-17T19:27:22.135+0200] {logging_mixin.py:137} INFO - [2025-06-17T19:27:22.135+0200] {dag.py:3437} INFO - Setting next_dagrun for example_trigger_target_dag to None, run_after=None
[2025-06-17T19:27:22.190+0200] {processor.py:175} INFO - Processing /home/monica.fernandez/practica_creativa/venv-airflow/lib/python3.11/site-packages/airflow/example_dags/example_trigger_target_dag.py took 0.136 seconds
[2025-06-17T19:28:02.303+0200] {processor.py:153} INFO - Started process (PID=161297) to work on /home/monica.fernandez/practica_creativa/venv-airflow/lib/python3.11/site-packages/airflow/example_dags/example_trigger_target_dag.py
[2025-06-17T19:28:02.304+0200] {processor.py:743} INFO - Processing file /home/monica.fernandez/practica_creativa/venv-airflow/lib/python3.11/site-packages/airflow/example_dags/example_trigger_target_dag.py for tasks to queue
[2025-06-17T19:28:02.305+0200] {logging_mixin.py:137} INFO - [2025-06-17T19:28:02.305+0200] {dagbag.py:538} INFO - Filling up the DagBag from /home/monica.fernandez/practica_creativa/venv-airflow/lib/python3.11/site-packages/airflow/example_dags/example_trigger_target_dag.py
[2025-06-17T19:28:02.360+0200] {processor.py:753} INFO - DAG(s) dict_keys(['example_trigger_target_dag']) retrieved from /home/monica.fernandez/practica_creativa/venv-airflow/lib/python3.11/site-packages/airflow/example_dags/example_trigger_target_dag.py
[2025-06-17T19:28:02.388+0200] {logging_mixin.py:137} INFO - [2025-06-17T19:28:02.388+0200] {dag.py:2690} INFO - Sync 1 DAGs
[2025-06-17T19:28:02.414+0200] {logging_mixin.py:137} INFO - [2025-06-17T19:28:02.414+0200] {dag.py:3437} INFO - Setting next_dagrun for example_trigger_target_dag to None, run_after=None
[2025-06-17T19:28:02.470+0200] {processor.py:175} INFO - Processing /home/monica.fernandez/practica_creativa/venv-airflow/lib/python3.11/site-packages/airflow/example_dags/example_trigger_target_dag.py took 0.173 seconds
[2025-06-17T19:28:41.710+0200] {processor.py:153} INFO - Started process (PID=161584) to work on /home/monica.fernandez/practica_creativa/venv-airflow/lib/python3.11/site-packages/airflow/example_dags/example_trigger_target_dag.py
[2025-06-17T19:28:41.711+0200] {processor.py:743} INFO - Processing file /home/monica.fernandez/practica_creativa/venv-airflow/lib/python3.11/site-packages/airflow/example_dags/example_trigger_target_dag.py for tasks to queue
[2025-06-17T19:28:41.712+0200] {logging_mixin.py:137} INFO - [2025-06-17T19:28:41.712+0200] {dagbag.py:538} INFO - Filling up the DagBag from /home/monica.fernandez/practica_creativa/venv-airflow/lib/python3.11/site-packages/airflow/example_dags/example_trigger_target_dag.py
[2025-06-17T19:28:41.755+0200] {processor.py:753} INFO - DAG(s) dict_keys(['example_trigger_target_dag']) retrieved from /home/monica.fernandez/practica_creativa/venv-airflow/lib/python3.11/site-packages/airflow/example_dags/example_trigger_target_dag.py
[2025-06-17T19:28:41.788+0200] {logging_mixin.py:137} INFO - [2025-06-17T19:28:41.788+0200] {dag.py:2690} INFO - Sync 1 DAGs
[2025-06-17T19:28:41.822+0200] {logging_mixin.py:137} INFO - [2025-06-17T19:28:41.822+0200] {dag.py:3437} INFO - Setting next_dagrun for example_trigger_target_dag to None, run_after=None
[2025-06-17T19:28:41.890+0200] {processor.py:175} INFO - Processing /home/monica.fernandez/practica_creativa/venv-airflow/lib/python3.11/site-packages/airflow/example_dags/example_trigger_target_dag.py took 0.186 seconds
[2025-06-17T19:29:18.898+0200] {processor.py:153} INFO - Started process (PID=161893) to work on /home/monica.fernandez/practica_creativa/venv-airflow/lib/python3.11/site-packages/airflow/example_dags/example_trigger_target_dag.py
[2025-06-17T19:29:18.900+0200] {processor.py:743} INFO - Processing file /home/monica.fernandez/practica_creativa/venv-airflow/lib/python3.11/site-packages/airflow/example_dags/example_trigger_target_dag.py for tasks to queue
[2025-06-17T19:29:18.901+0200] {logging_mixin.py:137} INFO - [2025-06-17T19:29:18.901+0200] {dagbag.py:538} INFO - Filling up the DagBag from /home/monica.fernandez/practica_creativa/venv-airflow/lib/python3.11/site-packages/airflow/example_dags/example_trigger_target_dag.py
[2025-06-17T19:29:18.934+0200] {processor.py:753} INFO - DAG(s) dict_keys(['example_trigger_target_dag']) retrieved from /home/monica.fernandez/practica_creativa/venv-airflow/lib/python3.11/site-packages/airflow/example_dags/example_trigger_target_dag.py
[2025-06-17T19:29:18.965+0200] {logging_mixin.py:137} INFO - [2025-06-17T19:29:18.964+0200] {dag.py:2690} INFO - Sync 1 DAGs
[2025-06-17T19:29:18.997+0200] {logging_mixin.py:137} INFO - [2025-06-17T19:29:18.997+0200] {dag.py:3437} INFO - Setting next_dagrun for example_trigger_target_dag to None, run_after=None
[2025-06-17T19:29:19.074+0200] {processor.py:175} INFO - Processing /home/monica.fernandez/practica_creativa/venv-airflow/lib/python3.11/site-packages/airflow/example_dags/example_trigger_target_dag.py took 0.179 seconds
[2025-06-17T19:34:06.825+0200] {processor.py:153} INFO - Started process (PID=165271) to work on /home/monica.fernandez/practica_creativa/venv-airflow/lib/python3.11/site-packages/airflow/example_dags/example_trigger_target_dag.py
[2025-06-17T19:34:06.826+0200] {processor.py:743} INFO - Processing file /home/monica.fernandez/practica_creativa/venv-airflow/lib/python3.11/site-packages/airflow/example_dags/example_trigger_target_dag.py for tasks to queue
[2025-06-17T19:34:06.827+0200] {logging_mixin.py:137} INFO - [2025-06-17T19:34:06.827+0200] {dagbag.py:538} INFO - Filling up the DagBag from /home/monica.fernandez/practica_creativa/venv-airflow/lib/python3.11/site-packages/airflow/example_dags/example_trigger_target_dag.py
[2025-06-17T19:34:06.854+0200] {processor.py:753} INFO - DAG(s) dict_keys(['example_trigger_target_dag']) retrieved from /home/monica.fernandez/practica_creativa/venv-airflow/lib/python3.11/site-packages/airflow/example_dags/example_trigger_target_dag.py
[2025-06-17T19:34:06.916+0200] {logging_mixin.py:137} INFO - [2025-06-17T19:34:06.916+0200] {dag.py:2690} INFO - Sync 1 DAGs
[2025-06-17T19:34:06.974+0200] {logging_mixin.py:137} INFO - [2025-06-17T19:34:06.973+0200] {dag.py:3437} INFO - Setting next_dagrun for example_trigger_target_dag to None, run_after=None
[2025-06-17T19:34:07.077+0200] {processor.py:175} INFO - Processing /home/monica.fernandez/practica_creativa/venv-airflow/lib/python3.11/site-packages/airflow/example_dags/example_trigger_target_dag.py took 0.255 seconds
[2025-06-17T19:34:59.436+0200] {processor.py:153} INFO - Started process (PID=165707) to work on /home/monica.fernandez/practica_creativa/venv-airflow/lib/python3.11/site-packages/airflow/example_dags/example_trigger_target_dag.py
[2025-06-17T19:34:59.437+0200] {processor.py:743} INFO - Processing file /home/monica.fernandez/practica_creativa/venv-airflow/lib/python3.11/site-packages/airflow/example_dags/example_trigger_target_dag.py for tasks to queue
[2025-06-17T19:34:59.437+0200] {logging_mixin.py:137} INFO - [2025-06-17T19:34:59.437+0200] {dagbag.py:538} INFO - Filling up the DagBag from /home/monica.fernandez/practica_creativa/venv-airflow/lib/python3.11/site-packages/airflow/example_dags/example_trigger_target_dag.py
[2025-06-17T19:34:59.466+0200] {processor.py:753} INFO - DAG(s) dict_keys(['example_trigger_target_dag']) retrieved from /home/monica.fernandez/practica_creativa/venv-airflow/lib/python3.11/site-packages/airflow/example_dags/example_trigger_target_dag.py
[2025-06-17T19:34:59.521+0200] {logging_mixin.py:137} INFO - [2025-06-17T19:34:59.521+0200] {dag.py:2690} INFO - Sync 1 DAGs
[2025-06-17T19:34:59.551+0200] {logging_mixin.py:137} INFO - [2025-06-17T19:34:59.550+0200] {dag.py:3437} INFO - Setting next_dagrun for example_trigger_target_dag to None, run_after=None
[2025-06-17T19:34:59.723+0200] {processor.py:175} INFO - Processing /home/monica.fernandez/practica_creativa/venv-airflow/lib/python3.11/site-packages/airflow/example_dags/example_trigger_target_dag.py took 0.291 seconds
[2025-06-17T19:35:42.207+0200] {processor.py:153} INFO - Started process (PID=165987) to work on /home/monica.fernandez/practica_creativa/venv-airflow/lib/python3.11/site-packages/airflow/example_dags/example_trigger_target_dag.py
[2025-06-17T19:35:42.208+0200] {processor.py:743} INFO - Processing file /home/monica.fernandez/practica_creativa/venv-airflow/lib/python3.11/site-packages/airflow/example_dags/example_trigger_target_dag.py for tasks to queue
[2025-06-17T19:35:42.210+0200] {logging_mixin.py:137} INFO - [2025-06-17T19:35:42.209+0200] {dagbag.py:538} INFO - Filling up the DagBag from /home/monica.fernandez/practica_creativa/venv-airflow/lib/python3.11/site-packages/airflow/example_dags/example_trigger_target_dag.py
[2025-06-17T19:35:42.239+0200] {processor.py:753} INFO - DAG(s) dict_keys(['example_trigger_target_dag']) retrieved from /home/monica.fernandez/practica_creativa/venv-airflow/lib/python3.11/site-packages/airflow/example_dags/example_trigger_target_dag.py
[2025-06-17T19:35:42.277+0200] {logging_mixin.py:137} INFO - [2025-06-17T19:35:42.276+0200] {dag.py:2690} INFO - Sync 1 DAGs
[2025-06-17T19:35:42.310+0200] {logging_mixin.py:137} INFO - [2025-06-17T19:35:42.310+0200] {dag.py:3437} INFO - Setting next_dagrun for example_trigger_target_dag to None, run_after=None
[2025-06-17T19:35:42.391+0200] {processor.py:175} INFO - Processing /home/monica.fernandez/practica_creativa/venv-airflow/lib/python3.11/site-packages/airflow/example_dags/example_trigger_target_dag.py took 0.187 seconds
[2025-06-17T19:36:32.994+0200] {processor.py:153} INFO - Started process (PID=166703) to work on /home/monica.fernandez/practica_creativa/venv-airflow/lib/python3.11/site-packages/airflow/example_dags/example_trigger_target_dag.py
[2025-06-17T19:36:32.996+0200] {processor.py:743} INFO - Processing file /home/monica.fernandez/practica_creativa/venv-airflow/lib/python3.11/site-packages/airflow/example_dags/example_trigger_target_dag.py for tasks to queue
[2025-06-17T19:36:32.998+0200] {logging_mixin.py:137} INFO - [2025-06-17T19:36:32.997+0200] {dagbag.py:538} INFO - Filling up the DagBag from /home/monica.fernandez/practica_creativa/venv-airflow/lib/python3.11/site-packages/airflow/example_dags/example_trigger_target_dag.py
[2025-06-17T19:36:33.025+0200] {processor.py:753} INFO - DAG(s) dict_keys(['example_trigger_target_dag']) retrieved from /home/monica.fernandez/practica_creativa/venv-airflow/lib/python3.11/site-packages/airflow/example_dags/example_trigger_target_dag.py
[2025-06-17T19:36:33.054+0200] {logging_mixin.py:137} INFO - [2025-06-17T19:36:33.054+0200] {dag.py:2690} INFO - Sync 1 DAGs
[2025-06-17T19:36:33.077+0200] {logging_mixin.py:137} INFO - [2025-06-17T19:36:33.077+0200] {dag.py:3437} INFO - Setting next_dagrun for example_trigger_target_dag to None, run_after=None
[2025-06-17T19:36:33.142+0200] {processor.py:175} INFO - Processing /home/monica.fernandez/practica_creativa/venv-airflow/lib/python3.11/site-packages/airflow/example_dags/example_trigger_target_dag.py took 0.155 seconds
