[2025-06-17T13:18:23.015+0200] {processor.py:153} INFO - Started process (PID=90376) to work on /home/monica.fernandez/practica_creativa/venv-airflow/lib/python3.11/site-packages/airflow/example_dags/example_datasets.py
[2025-06-17T13:18:23.015+0200] {processor.py:743} INFO - Processing file /home/monica.fernandez/practica_creativa/venv-airflow/lib/python3.11/site-packages/airflow/example_dags/example_datasets.py for tasks to queue
[2025-06-17T13:18:23.016+0200] {logging_mixin.py:137} INFO - [2025-06-17T13:18:23.016+0200] {dagbag.py:538} INFO - Filling up the DagBag from /home/monica.fernandez/practica_creativa/venv-airflow/lib/python3.11/site-packages/airflow/example_dags/example_datasets.py
[2025-06-17T13:18:23.037+0200] {processor.py:753} INFO - DAG(s) dict_keys(['dataset_consumes_unknown_never_scheduled', 'dataset_consumes_1_and_2', 'dataset_produces_2', 'dataset_consumes_1', 'dataset_produces_1', 'dataset_consumes_1_never_scheduled']) retrieved from /home/monica.fernandez/practica_creativa/venv-airflow/lib/python3.11/site-packages/airflow/example_dags/example_datasets.py
[2025-06-17T13:18:23.132+0200] {logging_mixin.py:137} INFO - [2025-06-17T13:18:23.132+0200] {dag.py:2690} INFO - Sync 6 DAGs
[2025-06-17T13:18:23.157+0200] {logging_mixin.py:137} INFO - [2025-06-17T13:18:23.157+0200] {dag.py:3437} INFO - Setting next_dagrun for dataset_consumes_1 to None, run_after=None
[2025-06-17T13:18:23.161+0200] {logging_mixin.py:137} INFO - [2025-06-17T13:18:23.161+0200] {dag.py:3437} INFO - Setting next_dagrun for dataset_consumes_1_and_2 to None, run_after=None
[2025-06-17T13:18:23.164+0200] {logging_mixin.py:137} INFO - [2025-06-17T13:18:23.164+0200] {dag.py:3437} INFO - Setting next_dagrun for dataset_consumes_1_never_scheduled to None, run_after=None
[2025-06-17T13:18:23.167+0200] {logging_mixin.py:137} INFO - [2025-06-17T13:18:23.166+0200] {dag.py:3437} INFO - Setting next_dagrun for dataset_consumes_unknown_never_scheduled to None, run_after=None
[2025-06-17T13:18:23.171+0200] {logging_mixin.py:137} INFO - [2025-06-17T13:18:23.171+0200] {dag.py:3437} INFO - Setting next_dagrun for dataset_produces_1 to 2025-06-16T00:00:00+00:00, run_after=2025-06-17T00:00:00+00:00
[2025-06-17T13:18:23.173+0200] {logging_mixin.py:137} INFO - [2025-06-17T13:18:23.173+0200] {dag.py:3437} INFO - Setting next_dagrun for dataset_produces_2 to None, run_after=None
[2025-06-17T13:18:23.326+0200] {processor.py:175} INFO - Processing /home/monica.fernandez/practica_creativa/venv-airflow/lib/python3.11/site-packages/airflow/example_dags/example_datasets.py took 0.314 seconds
[2025-06-17T13:20:48.870+0200] {processor.py:153} INFO - Started process (PID=91933) to work on /home/monica.fernandez/practica_creativa/venv-airflow/lib/python3.11/site-packages/airflow/example_dags/example_datasets.py
[2025-06-17T13:20:48.871+0200] {processor.py:743} INFO - Processing file /home/monica.fernandez/practica_creativa/venv-airflow/lib/python3.11/site-packages/airflow/example_dags/example_datasets.py for tasks to queue
[2025-06-17T13:20:48.871+0200] {logging_mixin.py:137} INFO - [2025-06-17T13:20:48.871+0200] {dagbag.py:538} INFO - Filling up the DagBag from /home/monica.fernandez/practica_creativa/venv-airflow/lib/python3.11/site-packages/airflow/example_dags/example_datasets.py
[2025-06-17T13:20:48.882+0200] {processor.py:753} INFO - DAG(s) dict_keys(['dataset_produces_1', 'dataset_consumes_unknown_never_scheduled', 'dataset_consumes_1', 'dataset_produces_2', 'dataset_consumes_1_never_scheduled', 'dataset_consumes_1_and_2']) retrieved from /home/monica.fernandez/practica_creativa/venv-airflow/lib/python3.11/site-packages/airflow/example_dags/example_datasets.py
[2025-06-17T13:20:48.984+0200] {logging_mixin.py:137} INFO - [2025-06-17T13:20:48.984+0200] {dag.py:2690} INFO - Sync 6 DAGs
[2025-06-17T13:20:49.022+0200] {logging_mixin.py:137} INFO - [2025-06-17T13:20:49.022+0200] {dag.py:3437} INFO - Setting next_dagrun for dataset_consumes_1 to None, run_after=None
[2025-06-17T13:20:49.026+0200] {logging_mixin.py:137} INFO - [2025-06-17T13:20:49.026+0200] {dag.py:3437} INFO - Setting next_dagrun for dataset_consumes_1_and_2 to None, run_after=None
[2025-06-17T13:20:49.030+0200] {logging_mixin.py:137} INFO - [2025-06-17T13:20:49.030+0200] {dag.py:3437} INFO - Setting next_dagrun for dataset_consumes_1_never_scheduled to None, run_after=None
[2025-06-17T13:20:49.032+0200] {logging_mixin.py:137} INFO - [2025-06-17T13:20:49.032+0200] {dag.py:3437} INFO - Setting next_dagrun for dataset_consumes_unknown_never_scheduled to None, run_after=None
[2025-06-17T13:20:49.040+0200] {logging_mixin.py:137} INFO - [2025-06-17T13:20:49.040+0200] {dag.py:3437} INFO - Setting next_dagrun for dataset_produces_1 to 2025-06-16T00:00:00+00:00, run_after=2025-06-17T00:00:00+00:00
[2025-06-17T13:20:49.042+0200] {logging_mixin.py:137} INFO - [2025-06-17T13:20:49.042+0200] {dag.py:3437} INFO - Setting next_dagrun for dataset_produces_2 to None, run_after=None
[2025-06-17T13:20:49.173+0200] {processor.py:175} INFO - Processing /home/monica.fernandez/practica_creativa/venv-airflow/lib/python3.11/site-packages/airflow/example_dags/example_datasets.py took 0.306 seconds
[2025-06-17T13:20:55.226+0200] {processor.py:153} INFO - Started process (PID=91961) to work on /home/monica.fernandez/practica_creativa/venv-airflow/lib/python3.11/site-packages/airflow/example_dags/example_datasets.py
[2025-06-17T13:20:55.227+0200] {processor.py:743} INFO - Processing file /home/monica.fernandez/practica_creativa/venv-airflow/lib/python3.11/site-packages/airflow/example_dags/example_datasets.py for tasks to queue
[2025-06-17T13:20:55.227+0200] {logging_mixin.py:137} INFO - [2025-06-17T13:20:55.227+0200] {dagbag.py:538} INFO - Filling up the DagBag from /home/monica.fernandez/practica_creativa/venv-airflow/lib/python3.11/site-packages/airflow/example_dags/example_datasets.py
[2025-06-17T13:20:55.279+0200] {processor.py:753} INFO - DAG(s) dict_keys(['dataset_consumes_1_never_scheduled', 'dataset_produces_2', 'dataset_consumes_1_and_2', 'dataset_consumes_unknown_never_scheduled', 'dataset_produces_1', 'dataset_consumes_1']) retrieved from /home/monica.fernandez/practica_creativa/venv-airflow/lib/python3.11/site-packages/airflow/example_dags/example_datasets.py
[2025-06-17T13:20:55.407+0200] {logging_mixin.py:137} INFO - [2025-06-17T13:20:55.407+0200] {dag.py:2690} INFO - Sync 6 DAGs
[2025-06-17T13:20:55.433+0200] {logging_mixin.py:137} INFO - [2025-06-17T13:20:55.433+0200] {dag.py:3437} INFO - Setting next_dagrun for dataset_consumes_1 to None, run_after=None
[2025-06-17T13:20:55.439+0200] {logging_mixin.py:137} INFO - [2025-06-17T13:20:55.439+0200] {dag.py:3437} INFO - Setting next_dagrun for dataset_consumes_1_and_2 to None, run_after=None
[2025-06-17T13:20:55.445+0200] {logging_mixin.py:137} INFO - [2025-06-17T13:20:55.445+0200] {dag.py:3437} INFO - Setting next_dagrun for dataset_consumes_1_never_scheduled to None, run_after=None
[2025-06-17T13:20:55.448+0200] {logging_mixin.py:137} INFO - [2025-06-17T13:20:55.448+0200] {dag.py:3437} INFO - Setting next_dagrun for dataset_consumes_unknown_never_scheduled to None, run_after=None
[2025-06-17T13:20:55.452+0200] {logging_mixin.py:137} INFO - [2025-06-17T13:20:55.451+0200] {dag.py:3437} INFO - Setting next_dagrun for dataset_produces_1 to 2025-06-16T00:00:00+00:00, run_after=2025-06-17T00:00:00+00:00
[2025-06-17T13:20:55.455+0200] {logging_mixin.py:137} INFO - [2025-06-17T13:20:55.455+0200] {dag.py:3437} INFO - Setting next_dagrun for dataset_produces_2 to None, run_after=None
[2025-06-17T13:20:55.540+0200] {processor.py:175} INFO - Processing /home/monica.fernandez/practica_creativa/venv-airflow/lib/python3.11/site-packages/airflow/example_dags/example_datasets.py took 0.329 seconds
[2025-06-17T13:24:51.936+0200] {processor.py:153} INFO - Started process (PID=95142) to work on /home/monica.fernandez/practica_creativa/venv-airflow/lib/python3.11/site-packages/airflow/example_dags/example_datasets.py
[2025-06-17T13:24:51.937+0200] {processor.py:743} INFO - Processing file /home/monica.fernandez/practica_creativa/venv-airflow/lib/python3.11/site-packages/airflow/example_dags/example_datasets.py for tasks to queue
[2025-06-17T13:24:51.938+0200] {logging_mixin.py:137} INFO - [2025-06-17T13:24:51.938+0200] {dagbag.py:538} INFO - Filling up the DagBag from /home/monica.fernandez/practica_creativa/venv-airflow/lib/python3.11/site-packages/airflow/example_dags/example_datasets.py
[2025-06-17T13:24:51.954+0200] {processor.py:753} INFO - DAG(s) dict_keys(['dataset_produces_2', 'dataset_produces_1', 'dataset_consumes_1', 'dataset_consumes_unknown_never_scheduled', 'dataset_consumes_1_never_scheduled', 'dataset_consumes_1_and_2']) retrieved from /home/monica.fernandez/practica_creativa/venv-airflow/lib/python3.11/site-packages/airflow/example_dags/example_datasets.py
[2025-06-17T13:24:52.056+0200] {logging_mixin.py:137} INFO - [2025-06-17T13:24:52.056+0200] {dag.py:2690} INFO - Sync 6 DAGs
[2025-06-17T13:24:52.094+0200] {logging_mixin.py:137} INFO - [2025-06-17T13:24:52.094+0200] {dag.py:3437} INFO - Setting next_dagrun for dataset_consumes_1 to None, run_after=None
[2025-06-17T13:24:52.101+0200] {logging_mixin.py:137} INFO - [2025-06-17T13:24:52.101+0200] {dag.py:3437} INFO - Setting next_dagrun for dataset_consumes_1_and_2 to None, run_after=None
[2025-06-17T13:24:52.105+0200] {logging_mixin.py:137} INFO - [2025-06-17T13:24:52.105+0200] {dag.py:3437} INFO - Setting next_dagrun for dataset_consumes_1_never_scheduled to None, run_after=None
[2025-06-17T13:24:52.126+0200] {logging_mixin.py:137} INFO - [2025-06-17T13:24:52.126+0200] {dag.py:3437} INFO - Setting next_dagrun for dataset_consumes_unknown_never_scheduled to None, run_after=None
[2025-06-17T13:24:52.141+0200] {logging_mixin.py:137} INFO - [2025-06-17T13:24:52.138+0200] {dag.py:3437} INFO - Setting next_dagrun for dataset_produces_1 to 2025-06-16T00:00:00+00:00, run_after=2025-06-17T00:00:00+00:00
[2025-06-17T13:24:52.145+0200] {logging_mixin.py:137} INFO - [2025-06-17T13:24:52.145+0200] {dag.py:3437} INFO - Setting next_dagrun for dataset_produces_2 to None, run_after=None
[2025-06-17T13:24:52.366+0200] {processor.py:175} INFO - Processing /home/monica.fernandez/practica_creativa/venv-airflow/lib/python3.11/site-packages/airflow/example_dags/example_datasets.py took 0.427 seconds
[2025-06-17T13:25:51.792+0200] {processor.py:153} INFO - Started process (PID=95685) to work on /home/monica.fernandez/practica_creativa/venv-airflow/lib/python3.11/site-packages/airflow/example_dags/example_datasets.py
[2025-06-17T13:25:51.793+0200] {processor.py:743} INFO - Processing file /home/monica.fernandez/practica_creativa/venv-airflow/lib/python3.11/site-packages/airflow/example_dags/example_datasets.py for tasks to queue
[2025-06-17T13:25:51.794+0200] {logging_mixin.py:137} INFO - [2025-06-17T13:25:51.794+0200] {dagbag.py:538} INFO - Filling up the DagBag from /home/monica.fernandez/practica_creativa/venv-airflow/lib/python3.11/site-packages/airflow/example_dags/example_datasets.py
[2025-06-17T13:25:51.814+0200] {processor.py:753} INFO - DAG(s) dict_keys(['dataset_consumes_1', 'dataset_consumes_1_and_2', 'dataset_produces_2', 'dataset_consumes_unknown_never_scheduled', 'dataset_consumes_1_never_scheduled', 'dataset_produces_1']) retrieved from /home/monica.fernandez/practica_creativa/venv-airflow/lib/python3.11/site-packages/airflow/example_dags/example_datasets.py
[2025-06-17T13:25:51.953+0200] {logging_mixin.py:137} INFO - [2025-06-17T13:25:51.953+0200] {dag.py:2690} INFO - Sync 6 DAGs
[2025-06-17T13:25:51.979+0200] {logging_mixin.py:137} INFO - [2025-06-17T13:25:51.979+0200] {dag.py:3437} INFO - Setting next_dagrun for dataset_consumes_1 to None, run_after=None
[2025-06-17T13:25:51.984+0200] {logging_mixin.py:137} INFO - [2025-06-17T13:25:51.984+0200] {dag.py:3437} INFO - Setting next_dagrun for dataset_consumes_1_and_2 to None, run_after=None
[2025-06-17T13:25:51.987+0200] {logging_mixin.py:137} INFO - [2025-06-17T13:25:51.987+0200] {dag.py:3437} INFO - Setting next_dagrun for dataset_consumes_1_never_scheduled to None, run_after=None
[2025-06-17T13:25:51.990+0200] {logging_mixin.py:137} INFO - [2025-06-17T13:25:51.990+0200] {dag.py:3437} INFO - Setting next_dagrun for dataset_consumes_unknown_never_scheduled to None, run_after=None
[2025-06-17T13:25:51.994+0200] {logging_mixin.py:137} INFO - [2025-06-17T13:25:51.993+0200] {dag.py:3437} INFO - Setting next_dagrun for dataset_produces_1 to 2025-06-16T00:00:00+00:00, run_after=2025-06-17T00:00:00+00:00
[2025-06-17T13:25:51.996+0200] {logging_mixin.py:137} INFO - [2025-06-17T13:25:51.996+0200] {dag.py:3437} INFO - Setting next_dagrun for dataset_produces_2 to None, run_after=None
[2025-06-17T13:25:52.127+0200] {processor.py:175} INFO - Processing /home/monica.fernandez/practica_creativa/venv-airflow/lib/python3.11/site-packages/airflow/example_dags/example_datasets.py took 0.339 seconds
[2025-06-17T13:25:59.598+0200] {processor.py:153} INFO - Started process (PID=95742) to work on /home/monica.fernandez/practica_creativa/venv-airflow/lib/python3.11/site-packages/airflow/example_dags/example_datasets.py
[2025-06-17T13:25:59.599+0200] {processor.py:743} INFO - Processing file /home/monica.fernandez/practica_creativa/venv-airflow/lib/python3.11/site-packages/airflow/example_dags/example_datasets.py for tasks to queue
[2025-06-17T13:25:59.599+0200] {logging_mixin.py:137} INFO - [2025-06-17T13:25:59.599+0200] {dagbag.py:538} INFO - Filling up the DagBag from /home/monica.fernandez/practica_creativa/venv-airflow/lib/python3.11/site-packages/airflow/example_dags/example_datasets.py
[2025-06-17T13:25:59.651+0200] {processor.py:753} INFO - DAG(s) dict_keys(['dataset_consumes_unknown_never_scheduled', 'dataset_consumes_1_never_scheduled', 'dataset_consumes_1_and_2', 'dataset_consumes_1', 'dataset_produces_1', 'dataset_produces_2']) retrieved from /home/monica.fernandez/practica_creativa/venv-airflow/lib/python3.11/site-packages/airflow/example_dags/example_datasets.py
[2025-06-17T13:25:59.781+0200] {logging_mixin.py:137} INFO - [2025-06-17T13:25:59.781+0200] {dag.py:2690} INFO - Sync 6 DAGs
[2025-06-17T13:25:59.815+0200] {logging_mixin.py:137} INFO - [2025-06-17T13:25:59.814+0200] {dag.py:3437} INFO - Setting next_dagrun for dataset_consumes_1 to None, run_after=None
[2025-06-17T13:25:59.822+0200] {logging_mixin.py:137} INFO - [2025-06-17T13:25:59.821+0200] {dag.py:3437} INFO - Setting next_dagrun for dataset_consumes_1_and_2 to None, run_after=None
[2025-06-17T13:25:59.825+0200] {logging_mixin.py:137} INFO - [2025-06-17T13:25:59.824+0200] {dag.py:3437} INFO - Setting next_dagrun for dataset_consumes_1_never_scheduled to None, run_after=None
[2025-06-17T13:25:59.837+0200] {logging_mixin.py:137} INFO - [2025-06-17T13:25:59.836+0200] {dag.py:3437} INFO - Setting next_dagrun for dataset_consumes_unknown_never_scheduled to None, run_after=None
[2025-06-17T13:25:59.846+0200] {logging_mixin.py:137} INFO - [2025-06-17T13:25:59.846+0200] {dag.py:3437} INFO - Setting next_dagrun for dataset_produces_1 to 2025-06-16T00:00:00+00:00, run_after=2025-06-17T00:00:00+00:00
[2025-06-17T13:25:59.853+0200] {logging_mixin.py:137} INFO - [2025-06-17T13:25:59.853+0200] {dag.py:3437} INFO - Setting next_dagrun for dataset_produces_2 to None, run_after=None
[2025-06-17T13:25:59.971+0200] {processor.py:175} INFO - Processing /home/monica.fernandez/practica_creativa/venv-airflow/lib/python3.11/site-packages/airflow/example_dags/example_datasets.py took 0.383 seconds
[2025-06-17T13:26:41.708+0200] {processor.py:153} INFO - Started process (PID=96175) to work on /home/monica.fernandez/practica_creativa/venv-airflow/lib/python3.11/site-packages/airflow/example_dags/example_datasets.py
[2025-06-17T13:26:41.710+0200] {processor.py:743} INFO - Processing file /home/monica.fernandez/practica_creativa/venv-airflow/lib/python3.11/site-packages/airflow/example_dags/example_datasets.py for tasks to queue
[2025-06-17T13:26:41.711+0200] {logging_mixin.py:137} INFO - [2025-06-17T13:26:41.710+0200] {dagbag.py:538} INFO - Filling up the DagBag from /home/monica.fernandez/practica_creativa/venv-airflow/lib/python3.11/site-packages/airflow/example_dags/example_datasets.py
[2025-06-17T13:26:41.734+0200] {processor.py:753} INFO - DAG(s) dict_keys(['dataset_consumes_1_and_2', 'dataset_consumes_1', 'dataset_produces_2', 'dataset_consumes_unknown_never_scheduled', 'dataset_consumes_1_never_scheduled', 'dataset_produces_1']) retrieved from /home/monica.fernandez/practica_creativa/venv-airflow/lib/python3.11/site-packages/airflow/example_dags/example_datasets.py
[2025-06-17T13:26:41.829+0200] {logging_mixin.py:137} INFO - [2025-06-17T13:26:41.829+0200] {dag.py:2690} INFO - Sync 6 DAGs
[2025-06-17T13:26:41.868+0200] {logging_mixin.py:137} INFO - [2025-06-17T13:26:41.868+0200] {dag.py:3437} INFO - Setting next_dagrun for dataset_consumes_1 to None, run_after=None
[2025-06-17T13:26:41.875+0200] {logging_mixin.py:137} INFO - [2025-06-17T13:26:41.875+0200] {dag.py:3437} INFO - Setting next_dagrun for dataset_consumes_1_and_2 to None, run_after=None
[2025-06-17T13:26:41.890+0200] {logging_mixin.py:137} INFO - [2025-06-17T13:26:41.889+0200] {dag.py:3437} INFO - Setting next_dagrun for dataset_consumes_1_never_scheduled to None, run_after=None
[2025-06-17T13:26:41.892+0200] {logging_mixin.py:137} INFO - [2025-06-17T13:26:41.892+0200] {dag.py:3437} INFO - Setting next_dagrun for dataset_consumes_unknown_never_scheduled to None, run_after=None
[2025-06-17T13:26:41.896+0200] {logging_mixin.py:137} INFO - [2025-06-17T13:26:41.896+0200] {dag.py:3437} INFO - Setting next_dagrun for dataset_produces_1 to 2025-06-16T00:00:00+00:00, run_after=2025-06-17T00:00:00+00:00
[2025-06-17T13:26:41.901+0200] {logging_mixin.py:137} INFO - [2025-06-17T13:26:41.901+0200] {dag.py:3437} INFO - Setting next_dagrun for dataset_produces_2 to None, run_after=None
[2025-06-17T13:26:42.017+0200] {processor.py:175} INFO - Processing /home/monica.fernandez/practica_creativa/venv-airflow/lib/python3.11/site-packages/airflow/example_dags/example_datasets.py took 0.315 seconds
[2025-06-17T13:26:50.646+0200] {processor.py:153} INFO - Started process (PID=96258) to work on /home/monica.fernandez/practica_creativa/venv-airflow/lib/python3.11/site-packages/airflow/example_dags/example_datasets.py
[2025-06-17T13:26:50.647+0200] {processor.py:743} INFO - Processing file /home/monica.fernandez/practica_creativa/venv-airflow/lib/python3.11/site-packages/airflow/example_dags/example_datasets.py for tasks to queue
[2025-06-17T13:26:50.647+0200] {logging_mixin.py:137} INFO - [2025-06-17T13:26:50.647+0200] {dagbag.py:538} INFO - Filling up the DagBag from /home/monica.fernandez/practica_creativa/venv-airflow/lib/python3.11/site-packages/airflow/example_dags/example_datasets.py
[2025-06-17T13:26:50.658+0200] {processor.py:753} INFO - DAG(s) dict_keys(['dataset_produces_2', 'dataset_consumes_1_and_2', 'dataset_consumes_unknown_never_scheduled', 'dataset_consumes_1_never_scheduled', 'dataset_consumes_1', 'dataset_produces_1']) retrieved from /home/monica.fernandez/practica_creativa/venv-airflow/lib/python3.11/site-packages/airflow/example_dags/example_datasets.py
[2025-06-17T13:26:50.774+0200] {logging_mixin.py:137} INFO - [2025-06-17T13:26:50.773+0200] {dag.py:2690} INFO - Sync 6 DAGs
[2025-06-17T13:26:50.800+0200] {logging_mixin.py:137} INFO - [2025-06-17T13:26:50.800+0200] {dag.py:3437} INFO - Setting next_dagrun for dataset_consumes_1 to None, run_after=None
[2025-06-17T13:26:50.805+0200] {logging_mixin.py:137} INFO - [2025-06-17T13:26:50.805+0200] {dag.py:3437} INFO - Setting next_dagrun for dataset_consumes_1_and_2 to None, run_after=None
[2025-06-17T13:26:50.808+0200] {logging_mixin.py:137} INFO - [2025-06-17T13:26:50.808+0200] {dag.py:3437} INFO - Setting next_dagrun for dataset_consumes_1_never_scheduled to None, run_after=None
[2025-06-17T13:26:50.810+0200] {logging_mixin.py:137} INFO - [2025-06-17T13:26:50.810+0200] {dag.py:3437} INFO - Setting next_dagrun for dataset_consumes_unknown_never_scheduled to None, run_after=None
[2025-06-17T13:26:50.815+0200] {logging_mixin.py:137} INFO - [2025-06-17T13:26:50.815+0200] {dag.py:3437} INFO - Setting next_dagrun for dataset_produces_1 to 2025-06-16T00:00:00+00:00, run_after=2025-06-17T00:00:00+00:00
[2025-06-17T13:26:50.819+0200] {logging_mixin.py:137} INFO - [2025-06-17T13:26:50.819+0200] {dag.py:3437} INFO - Setting next_dagrun for dataset_produces_2 to None, run_after=None
[2025-06-17T13:26:50.937+0200] {processor.py:175} INFO - Processing /home/monica.fernandez/practica_creativa/venv-airflow/lib/python3.11/site-packages/airflow/example_dags/example_datasets.py took 0.294 seconds
[2025-06-17T13:27:46.432+0200] {processor.py:153} INFO - Started process (PID=96790) to work on /home/monica.fernandez/practica_creativa/venv-airflow/lib/python3.11/site-packages/airflow/example_dags/example_datasets.py
[2025-06-17T13:27:46.433+0200] {processor.py:743} INFO - Processing file /home/monica.fernandez/practica_creativa/venv-airflow/lib/python3.11/site-packages/airflow/example_dags/example_datasets.py for tasks to queue
[2025-06-17T13:27:46.434+0200] {logging_mixin.py:137} INFO - [2025-06-17T13:27:46.434+0200] {dagbag.py:538} INFO - Filling up the DagBag from /home/monica.fernandez/practica_creativa/venv-airflow/lib/python3.11/site-packages/airflow/example_dags/example_datasets.py
[2025-06-17T13:27:46.457+0200] {processor.py:753} INFO - DAG(s) dict_keys(['dataset_consumes_1_and_2', 'dataset_consumes_1', 'dataset_produces_1', 'dataset_consumes_1_never_scheduled', 'dataset_produces_2', 'dataset_consumes_unknown_never_scheduled']) retrieved from /home/monica.fernandez/practica_creativa/venv-airflow/lib/python3.11/site-packages/airflow/example_dags/example_datasets.py
[2025-06-17T13:27:46.672+0200] {logging_mixin.py:137} INFO - [2025-06-17T13:27:46.672+0200] {dag.py:2690} INFO - Sync 6 DAGs
[2025-06-17T13:27:46.701+0200] {logging_mixin.py:137} INFO - [2025-06-17T13:27:46.701+0200] {dag.py:3437} INFO - Setting next_dagrun for dataset_consumes_1 to None, run_after=None
[2025-06-17T13:27:46.715+0200] {logging_mixin.py:137} INFO - [2025-06-17T13:27:46.715+0200] {dag.py:3437} INFO - Setting next_dagrun for dataset_consumes_1_and_2 to None, run_after=None
[2025-06-17T13:27:46.719+0200] {logging_mixin.py:137} INFO - [2025-06-17T13:27:46.718+0200] {dag.py:3437} INFO - Setting next_dagrun for dataset_consumes_1_never_scheduled to None, run_after=None
[2025-06-17T13:27:46.721+0200] {logging_mixin.py:137} INFO - [2025-06-17T13:27:46.721+0200] {dag.py:3437} INFO - Setting next_dagrun for dataset_consumes_unknown_never_scheduled to None, run_after=None
[2025-06-17T13:27:46.728+0200] {logging_mixin.py:137} INFO - [2025-06-17T13:27:46.727+0200] {dag.py:3437} INFO - Setting next_dagrun for dataset_produces_1 to 2025-06-16T00:00:00+00:00, run_after=2025-06-17T00:00:00+00:00
[2025-06-17T13:27:46.731+0200] {logging_mixin.py:137} INFO - [2025-06-17T13:27:46.731+0200] {dag.py:3437} INFO - Setting next_dagrun for dataset_produces_2 to None, run_after=None
[2025-06-17T13:27:46.837+0200] {processor.py:175} INFO - Processing /home/monica.fernandez/practica_creativa/venv-airflow/lib/python3.11/site-packages/airflow/example_dags/example_datasets.py took 0.408 seconds
[2025-06-17T13:27:55.977+0200] {processor.py:153} INFO - Started process (PID=96832) to work on /home/monica.fernandez/practica_creativa/venv-airflow/lib/python3.11/site-packages/airflow/example_dags/example_datasets.py
[2025-06-17T13:27:55.978+0200] {processor.py:743} INFO - Processing file /home/monica.fernandez/practica_creativa/venv-airflow/lib/python3.11/site-packages/airflow/example_dags/example_datasets.py for tasks to queue
[2025-06-17T13:27:55.978+0200] {logging_mixin.py:137} INFO - [2025-06-17T13:27:55.978+0200] {dagbag.py:538} INFO - Filling up the DagBag from /home/monica.fernandez/practica_creativa/venv-airflow/lib/python3.11/site-packages/airflow/example_dags/example_datasets.py
[2025-06-17T13:27:56.016+0200] {processor.py:753} INFO - DAG(s) dict_keys(['dataset_consumes_1', 'dataset_consumes_1_never_scheduled', 'dataset_consumes_1_and_2', 'dataset_produces_1', 'dataset_consumes_unknown_never_scheduled', 'dataset_produces_2']) retrieved from /home/monica.fernandez/practica_creativa/venv-airflow/lib/python3.11/site-packages/airflow/example_dags/example_datasets.py
[2025-06-17T13:27:56.148+0200] {logging_mixin.py:137} INFO - [2025-06-17T13:27:56.147+0200] {dag.py:2690} INFO - Sync 6 DAGs
[2025-06-17T13:27:56.198+0200] {logging_mixin.py:137} INFO - [2025-06-17T13:27:56.198+0200] {dag.py:3437} INFO - Setting next_dagrun for dataset_consumes_1 to None, run_after=None
[2025-06-17T13:27:56.207+0200] {logging_mixin.py:137} INFO - [2025-06-17T13:27:56.206+0200] {dag.py:3437} INFO - Setting next_dagrun for dataset_consumes_1_and_2 to None, run_after=None
[2025-06-17T13:27:56.214+0200] {logging_mixin.py:137} INFO - [2025-06-17T13:27:56.214+0200] {dag.py:3437} INFO - Setting next_dagrun for dataset_consumes_1_never_scheduled to None, run_after=None
[2025-06-17T13:27:56.221+0200] {logging_mixin.py:137} INFO - [2025-06-17T13:27:56.220+0200] {dag.py:3437} INFO - Setting next_dagrun for dataset_consumes_unknown_never_scheduled to None, run_after=None
[2025-06-17T13:27:56.235+0200] {logging_mixin.py:137} INFO - [2025-06-17T13:27:56.235+0200] {dag.py:3437} INFO - Setting next_dagrun for dataset_produces_1 to 2025-06-16T00:00:00+00:00, run_after=2025-06-17T00:00:00+00:00
[2025-06-17T13:27:56.249+0200] {logging_mixin.py:137} INFO - [2025-06-17T13:27:56.249+0200] {dag.py:3437} INFO - Setting next_dagrun for dataset_produces_2 to None, run_after=None
[2025-06-17T13:27:56.451+0200] {processor.py:175} INFO - Processing /home/monica.fernandez/practica_creativa/venv-airflow/lib/python3.11/site-packages/airflow/example_dags/example_datasets.py took 0.478 seconds
[2025-06-17T13:28:40.413+0200] {processor.py:153} INFO - Started process (PID=97191) to work on /home/monica.fernandez/practica_creativa/venv-airflow/lib/python3.11/site-packages/airflow/example_dags/example_datasets.py
[2025-06-17T13:28:40.418+0200] {processor.py:743} INFO - Processing file /home/monica.fernandez/practica_creativa/venv-airflow/lib/python3.11/site-packages/airflow/example_dags/example_datasets.py for tasks to queue
[2025-06-17T13:28:40.418+0200] {logging_mixin.py:137} INFO - [2025-06-17T13:28:40.418+0200] {dagbag.py:538} INFO - Filling up the DagBag from /home/monica.fernandez/practica_creativa/venv-airflow/lib/python3.11/site-packages/airflow/example_dags/example_datasets.py
[2025-06-17T13:28:40.432+0200] {processor.py:753} INFO - DAG(s) dict_keys(['dataset_produces_2', 'dataset_consumes_unknown_never_scheduled', 'dataset_produces_1', 'dataset_consumes_1_never_scheduled', 'dataset_consumes_1', 'dataset_consumes_1_and_2']) retrieved from /home/monica.fernandez/practica_creativa/venv-airflow/lib/python3.11/site-packages/airflow/example_dags/example_datasets.py
[2025-06-17T13:28:40.512+0200] {logging_mixin.py:137} INFO - [2025-06-17T13:28:40.510+0200] {dag.py:2690} INFO - Sync 6 DAGs
[2025-06-17T13:28:40.555+0200] {logging_mixin.py:137} INFO - [2025-06-17T13:28:40.552+0200] {dag.py:3437} INFO - Setting next_dagrun for dataset_consumes_1 to None, run_after=None
[2025-06-17T13:28:40.559+0200] {logging_mixin.py:137} INFO - [2025-06-17T13:28:40.559+0200] {dag.py:3437} INFO - Setting next_dagrun for dataset_consumes_1_and_2 to None, run_after=None
[2025-06-17T13:28:40.564+0200] {logging_mixin.py:137} INFO - [2025-06-17T13:28:40.564+0200] {dag.py:3437} INFO - Setting next_dagrun for dataset_consumes_1_never_scheduled to None, run_after=None
[2025-06-17T13:28:40.568+0200] {logging_mixin.py:137} INFO - [2025-06-17T13:28:40.568+0200] {dag.py:3437} INFO - Setting next_dagrun for dataset_consumes_unknown_never_scheduled to None, run_after=None
[2025-06-17T13:28:40.576+0200] {logging_mixin.py:137} INFO - [2025-06-17T13:28:40.576+0200] {dag.py:3437} INFO - Setting next_dagrun for dataset_produces_1 to 2025-06-16T00:00:00+00:00, run_after=2025-06-17T00:00:00+00:00
[2025-06-17T13:28:40.580+0200] {logging_mixin.py:137} INFO - [2025-06-17T13:28:40.580+0200] {dag.py:3437} INFO - Setting next_dagrun for dataset_produces_2 to None, run_after=None
[2025-06-17T13:28:40.691+0200] {processor.py:175} INFO - Processing /home/monica.fernandez/practica_creativa/venv-airflow/lib/python3.11/site-packages/airflow/example_dags/example_datasets.py took 0.282 seconds
[2025-06-17T13:28:48.728+0200] {processor.py:153} INFO - Started process (PID=97333) to work on /home/monica.fernandez/practica_creativa/venv-airflow/lib/python3.11/site-packages/airflow/example_dags/example_datasets.py
[2025-06-17T13:28:48.729+0200] {processor.py:743} INFO - Processing file /home/monica.fernandez/practica_creativa/venv-airflow/lib/python3.11/site-packages/airflow/example_dags/example_datasets.py for tasks to queue
[2025-06-17T13:28:48.729+0200] {logging_mixin.py:137} INFO - [2025-06-17T13:28:48.729+0200] {dagbag.py:538} INFO - Filling up the DagBag from /home/monica.fernandez/practica_creativa/venv-airflow/lib/python3.11/site-packages/airflow/example_dags/example_datasets.py
[2025-06-17T13:28:48.741+0200] {processor.py:753} INFO - DAG(s) dict_keys(['dataset_consumes_1', 'dataset_produces_1', 'dataset_consumes_1_and_2', 'dataset_consumes_1_never_scheduled', 'dataset_consumes_unknown_never_scheduled', 'dataset_produces_2']) retrieved from /home/monica.fernandez/practica_creativa/venv-airflow/lib/python3.11/site-packages/airflow/example_dags/example_datasets.py
[2025-06-17T13:28:48.867+0200] {logging_mixin.py:137} INFO - [2025-06-17T13:28:48.866+0200] {dag.py:2690} INFO - Sync 6 DAGs
[2025-06-17T13:28:48.891+0200] {logging_mixin.py:137} INFO - [2025-06-17T13:28:48.891+0200] {dag.py:3437} INFO - Setting next_dagrun for dataset_consumes_1 to None, run_after=None
[2025-06-17T13:28:48.897+0200] {logging_mixin.py:137} INFO - [2025-06-17T13:28:48.897+0200] {dag.py:3437} INFO - Setting next_dagrun for dataset_consumes_1_and_2 to None, run_after=None
[2025-06-17T13:28:48.899+0200] {logging_mixin.py:137} INFO - [2025-06-17T13:28:48.899+0200] {dag.py:3437} INFO - Setting next_dagrun for dataset_consumes_1_never_scheduled to None, run_after=None
[2025-06-17T13:28:48.902+0200] {logging_mixin.py:137} INFO - [2025-06-17T13:28:48.902+0200] {dag.py:3437} INFO - Setting next_dagrun for dataset_consumes_unknown_never_scheduled to None, run_after=None
[2025-06-17T13:28:48.906+0200] {logging_mixin.py:137} INFO - [2025-06-17T13:28:48.906+0200] {dag.py:3437} INFO - Setting next_dagrun for dataset_produces_1 to 2025-06-16T00:00:00+00:00, run_after=2025-06-17T00:00:00+00:00
[2025-06-17T13:28:48.910+0200] {logging_mixin.py:137} INFO - [2025-06-17T13:28:48.910+0200] {dag.py:3437} INFO - Setting next_dagrun for dataset_produces_2 to None, run_after=None
[2025-06-17T13:28:49.036+0200] {processor.py:175} INFO - Processing /home/monica.fernandez/practica_creativa/venv-airflow/lib/python3.11/site-packages/airflow/example_dags/example_datasets.py took 0.311 seconds
[2025-06-17T13:32:29.232+0200] {processor.py:153} INFO - Started process (PID=100310) to work on /home/monica.fernandez/practica_creativa/venv-airflow/lib/python3.11/site-packages/airflow/example_dags/example_datasets.py
[2025-06-17T13:32:29.237+0200] {processor.py:743} INFO - Processing file /home/monica.fernandez/practica_creativa/venv-airflow/lib/python3.11/site-packages/airflow/example_dags/example_datasets.py for tasks to queue
[2025-06-17T13:32:29.239+0200] {logging_mixin.py:137} INFO - [2025-06-17T13:32:29.239+0200] {dagbag.py:538} INFO - Filling up the DagBag from /home/monica.fernandez/practica_creativa/venv-airflow/lib/python3.11/site-packages/airflow/example_dags/example_datasets.py
[2025-06-17T13:32:29.261+0200] {processor.py:753} INFO - DAG(s) dict_keys(['dataset_produces_2', 'dataset_consumes_unknown_never_scheduled', 'dataset_consumes_1_never_scheduled', 'dataset_produces_1', 'dataset_consumes_1', 'dataset_consumes_1_and_2']) retrieved from /home/monica.fernandez/practica_creativa/venv-airflow/lib/python3.11/site-packages/airflow/example_dags/example_datasets.py
[2025-06-17T13:32:29.540+0200] {logging_mixin.py:137} INFO - [2025-06-17T13:32:29.539+0200] {dag.py:2690} INFO - Sync 6 DAGs
[2025-06-17T13:32:29.622+0200] {logging_mixin.py:137} INFO - [2025-06-17T13:32:29.621+0200] {dag.py:3437} INFO - Setting next_dagrun for dataset_consumes_1 to None, run_after=None
[2025-06-17T13:32:29.633+0200] {logging_mixin.py:137} INFO - [2025-06-17T13:32:29.633+0200] {dag.py:3437} INFO - Setting next_dagrun for dataset_consumes_1_and_2 to None, run_after=None
[2025-06-17T13:32:29.643+0200] {logging_mixin.py:137} INFO - [2025-06-17T13:32:29.640+0200] {dag.py:3437} INFO - Setting next_dagrun for dataset_consumes_1_never_scheduled to None, run_after=None
[2025-06-17T13:32:29.649+0200] {logging_mixin.py:137} INFO - [2025-06-17T13:32:29.649+0200] {dag.py:3437} INFO - Setting next_dagrun for dataset_consumes_unknown_never_scheduled to None, run_after=None
[2025-06-17T13:32:29.664+0200] {logging_mixin.py:137} INFO - [2025-06-17T13:32:29.663+0200] {dag.py:3437} INFO - Setting next_dagrun for dataset_produces_1 to 2025-06-16T00:00:00+00:00, run_after=2025-06-17T00:00:00+00:00
[2025-06-17T13:32:29.669+0200] {logging_mixin.py:137} INFO - [2025-06-17T13:32:29.668+0200] {dag.py:3437} INFO - Setting next_dagrun for dataset_produces_2 to None, run_after=None
[2025-06-17T13:32:29.818+0200] {processor.py:175} INFO - Processing /home/monica.fernandez/practica_creativa/venv-airflow/lib/python3.11/site-packages/airflow/example_dags/example_datasets.py took 0.589 seconds
[2025-06-17T13:33:25.031+0200] {processor.py:153} INFO - Started process (PID=101009) to work on /home/monica.fernandez/practica_creativa/venv-airflow/lib/python3.11/site-packages/airflow/example_dags/example_datasets.py
[2025-06-17T13:33:25.032+0200] {processor.py:743} INFO - Processing file /home/monica.fernandez/practica_creativa/venv-airflow/lib/python3.11/site-packages/airflow/example_dags/example_datasets.py for tasks to queue
[2025-06-17T13:33:25.032+0200] {logging_mixin.py:137} INFO - [2025-06-17T13:33:25.032+0200] {dagbag.py:538} INFO - Filling up the DagBag from /home/monica.fernandez/practica_creativa/venv-airflow/lib/python3.11/site-packages/airflow/example_dags/example_datasets.py
[2025-06-17T13:33:25.049+0200] {processor.py:753} INFO - DAG(s) dict_keys(['dataset_consumes_1', 'dataset_consumes_1_and_2', 'dataset_produces_2', 'dataset_consumes_1_never_scheduled', 'dataset_consumes_unknown_never_scheduled', 'dataset_produces_1']) retrieved from /home/monica.fernandez/practica_creativa/venv-airflow/lib/python3.11/site-packages/airflow/example_dags/example_datasets.py
[2025-06-17T13:33:25.148+0200] {logging_mixin.py:137} INFO - [2025-06-17T13:33:25.148+0200] {dag.py:2690} INFO - Sync 6 DAGs
[2025-06-17T13:33:25.189+0200] {logging_mixin.py:137} INFO - [2025-06-17T13:33:25.188+0200] {dag.py:3437} INFO - Setting next_dagrun for dataset_consumes_1 to None, run_after=None
[2025-06-17T13:33:25.203+0200] {logging_mixin.py:137} INFO - [2025-06-17T13:33:25.203+0200] {dag.py:3437} INFO - Setting next_dagrun for dataset_consumes_1_and_2 to None, run_after=None
[2025-06-17T13:33:25.209+0200] {logging_mixin.py:137} INFO - [2025-06-17T13:33:25.209+0200] {dag.py:3437} INFO - Setting next_dagrun for dataset_consumes_1_never_scheduled to None, run_after=None
[2025-06-17T13:33:25.219+0200] {logging_mixin.py:137} INFO - [2025-06-17T13:33:25.219+0200] {dag.py:3437} INFO - Setting next_dagrun for dataset_consumes_unknown_never_scheduled to None, run_after=None
[2025-06-17T13:33:25.228+0200] {logging_mixin.py:137} INFO - [2025-06-17T13:33:25.228+0200] {dag.py:3437} INFO - Setting next_dagrun for dataset_produces_1 to 2025-06-16T00:00:00+00:00, run_after=2025-06-17T00:00:00+00:00
[2025-06-17T13:33:25.231+0200] {logging_mixin.py:137} INFO - [2025-06-17T13:33:25.231+0200] {dag.py:3437} INFO - Setting next_dagrun for dataset_produces_2 to None, run_after=None
[2025-06-17T13:33:25.377+0200] {processor.py:175} INFO - Processing /home/monica.fernandez/practica_creativa/venv-airflow/lib/python3.11/site-packages/airflow/example_dags/example_datasets.py took 0.350 seconds
[2025-06-17T13:34:35.194+0200] {processor.py:153} INFO - Started process (PID=101829) to work on /home/monica.fernandez/practica_creativa/venv-airflow/lib/python3.11/site-packages/airflow/example_dags/example_datasets.py
[2025-06-17T13:34:35.195+0200] {processor.py:743} INFO - Processing file /home/monica.fernandez/practica_creativa/venv-airflow/lib/python3.11/site-packages/airflow/example_dags/example_datasets.py for tasks to queue
[2025-06-17T13:34:35.196+0200] {logging_mixin.py:137} INFO - [2025-06-17T13:34:35.196+0200] {dagbag.py:538} INFO - Filling up the DagBag from /home/monica.fernandez/practica_creativa/venv-airflow/lib/python3.11/site-packages/airflow/example_dags/example_datasets.py
[2025-06-17T13:34:35.212+0200] {processor.py:753} INFO - DAG(s) dict_keys(['dataset_produces_2', 'dataset_consumes_1_and_2', 'dataset_consumes_1', 'dataset_consumes_unknown_never_scheduled', 'dataset_consumes_1_never_scheduled', 'dataset_produces_1']) retrieved from /home/monica.fernandez/practica_creativa/venv-airflow/lib/python3.11/site-packages/airflow/example_dags/example_datasets.py
[2025-06-17T13:34:35.269+0200] {logging_mixin.py:137} INFO - [2025-06-17T13:34:35.269+0200] {dag.py:2690} INFO - Sync 6 DAGs
[2025-06-17T13:34:35.292+0200] {logging_mixin.py:137} INFO - [2025-06-17T13:34:35.292+0200] {dag.py:3437} INFO - Setting next_dagrun for dataset_consumes_1 to None, run_after=None
[2025-06-17T13:34:35.296+0200] {logging_mixin.py:137} INFO - [2025-06-17T13:34:35.296+0200] {dag.py:3437} INFO - Setting next_dagrun for dataset_consumes_1_and_2 to None, run_after=None
[2025-06-17T13:34:35.298+0200] {logging_mixin.py:137} INFO - [2025-06-17T13:34:35.298+0200] {dag.py:3437} INFO - Setting next_dagrun for dataset_consumes_1_never_scheduled to None, run_after=None
[2025-06-17T13:34:35.301+0200] {logging_mixin.py:137} INFO - [2025-06-17T13:34:35.301+0200] {dag.py:3437} INFO - Setting next_dagrun for dataset_consumes_unknown_never_scheduled to None, run_after=None
[2025-06-17T13:34:35.305+0200] {logging_mixin.py:137} INFO - [2025-06-17T13:34:35.305+0200] {dag.py:3437} INFO - Setting next_dagrun for dataset_produces_1 to 2025-06-16T00:00:00+00:00, run_after=2025-06-17T00:00:00+00:00
[2025-06-17T13:34:35.308+0200] {logging_mixin.py:137} INFO - [2025-06-17T13:34:35.307+0200] {dag.py:3437} INFO - Setting next_dagrun for dataset_produces_2 to None, run_after=None
[2025-06-17T13:34:35.388+0200] {processor.py:175} INFO - Processing /home/monica.fernandez/practica_creativa/venv-airflow/lib/python3.11/site-packages/airflow/example_dags/example_datasets.py took 0.200 seconds
[2025-06-17T13:34:44.982+0200] {processor.py:153} INFO - Started process (PID=101967) to work on /home/monica.fernandez/practica_creativa/venv-airflow/lib/python3.11/site-packages/airflow/example_dags/example_datasets.py
[2025-06-17T13:34:44.983+0200] {processor.py:743} INFO - Processing file /home/monica.fernandez/practica_creativa/venv-airflow/lib/python3.11/site-packages/airflow/example_dags/example_datasets.py for tasks to queue
[2025-06-17T13:34:44.984+0200] {logging_mixin.py:137} INFO - [2025-06-17T13:34:44.983+0200] {dagbag.py:538} INFO - Filling up the DagBag from /home/monica.fernandez/practica_creativa/venv-airflow/lib/python3.11/site-packages/airflow/example_dags/example_datasets.py
[2025-06-17T13:34:44.994+0200] {processor.py:753} INFO - DAG(s) dict_keys(['dataset_consumes_unknown_never_scheduled', 'dataset_produces_2', 'dataset_consumes_1', 'dataset_consumes_1_never_scheduled', 'dataset_consumes_1_and_2', 'dataset_produces_1']) retrieved from /home/monica.fernandez/practica_creativa/venv-airflow/lib/python3.11/site-packages/airflow/example_dags/example_datasets.py
[2025-06-17T13:34:45.183+0200] {logging_mixin.py:137} INFO - [2025-06-17T13:34:45.182+0200] {dag.py:2690} INFO - Sync 6 DAGs
[2025-06-17T13:34:45.226+0200] {logging_mixin.py:137} INFO - [2025-06-17T13:34:45.226+0200] {dag.py:3437} INFO - Setting next_dagrun for dataset_consumes_1 to None, run_after=None
[2025-06-17T13:34:45.229+0200] {logging_mixin.py:137} INFO - [2025-06-17T13:34:45.229+0200] {dag.py:3437} INFO - Setting next_dagrun for dataset_consumes_1_and_2 to None, run_after=None
[2025-06-17T13:34:45.232+0200] {logging_mixin.py:137} INFO - [2025-06-17T13:34:45.231+0200] {dag.py:3437} INFO - Setting next_dagrun for dataset_consumes_1_never_scheduled to None, run_after=None
[2025-06-17T13:34:45.234+0200] {logging_mixin.py:137} INFO - [2025-06-17T13:34:45.234+0200] {dag.py:3437} INFO - Setting next_dagrun for dataset_consumes_unknown_never_scheduled to None, run_after=None
[2025-06-17T13:34:45.239+0200] {logging_mixin.py:137} INFO - [2025-06-17T13:34:45.239+0200] {dag.py:3437} INFO - Setting next_dagrun for dataset_produces_1 to 2025-06-16T00:00:00+00:00, run_after=2025-06-17T00:00:00+00:00
[2025-06-17T13:34:45.241+0200] {logging_mixin.py:137} INFO - [2025-06-17T13:34:45.241+0200] {dag.py:3437} INFO - Setting next_dagrun for dataset_produces_2 to None, run_after=None
[2025-06-17T13:34:45.321+0200] {processor.py:175} INFO - Processing /home/monica.fernandez/practica_creativa/venv-airflow/lib/python3.11/site-packages/airflow/example_dags/example_datasets.py took 0.345 seconds
[2025-06-17T13:35:28.023+0200] {processor.py:153} INFO - Started process (PID=102339) to work on /home/monica.fernandez/practica_creativa/venv-airflow/lib/python3.11/site-packages/airflow/example_dags/example_datasets.py
[2025-06-17T13:35:28.024+0200] {processor.py:743} INFO - Processing file /home/monica.fernandez/practica_creativa/venv-airflow/lib/python3.11/site-packages/airflow/example_dags/example_datasets.py for tasks to queue
[2025-06-17T13:35:28.024+0200] {logging_mixin.py:137} INFO - [2025-06-17T13:35:28.024+0200] {dagbag.py:538} INFO - Filling up the DagBag from /home/monica.fernandez/practica_creativa/venv-airflow/lib/python3.11/site-packages/airflow/example_dags/example_datasets.py
[2025-06-17T13:35:28.039+0200] {processor.py:753} INFO - DAG(s) dict_keys(['dataset_produces_2', 'dataset_consumes_1_never_scheduled', 'dataset_consumes_1_and_2', 'dataset_consumes_unknown_never_scheduled', 'dataset_consumes_1', 'dataset_produces_1']) retrieved from /home/monica.fernandez/practica_creativa/venv-airflow/lib/python3.11/site-packages/airflow/example_dags/example_datasets.py
[2025-06-17T13:35:28.164+0200] {logging_mixin.py:137} INFO - [2025-06-17T13:35:28.164+0200] {dag.py:2690} INFO - Sync 6 DAGs
[2025-06-17T13:35:28.191+0200] {logging_mixin.py:137} INFO - [2025-06-17T13:35:28.191+0200] {dag.py:3437} INFO - Setting next_dagrun for dataset_consumes_1 to None, run_after=None
[2025-06-17T13:35:28.196+0200] {logging_mixin.py:137} INFO - [2025-06-17T13:35:28.196+0200] {dag.py:3437} INFO - Setting next_dagrun for dataset_consumes_1_and_2 to None, run_after=None
[2025-06-17T13:35:28.198+0200] {logging_mixin.py:137} INFO - [2025-06-17T13:35:28.198+0200] {dag.py:3437} INFO - Setting next_dagrun for dataset_consumes_1_never_scheduled to None, run_after=None
[2025-06-17T13:35:28.202+0200] {logging_mixin.py:137} INFO - [2025-06-17T13:35:28.202+0200] {dag.py:3437} INFO - Setting next_dagrun for dataset_consumes_unknown_never_scheduled to None, run_after=None
[2025-06-17T13:35:28.206+0200] {logging_mixin.py:137} INFO - [2025-06-17T13:35:28.206+0200] {dag.py:3437} INFO - Setting next_dagrun for dataset_produces_1 to 2025-06-16T00:00:00+00:00, run_after=2025-06-17T00:00:00+00:00
[2025-06-17T13:35:28.209+0200] {logging_mixin.py:137} INFO - [2025-06-17T13:35:28.209+0200] {dag.py:3437} INFO - Setting next_dagrun for dataset_produces_2 to None, run_after=None
[2025-06-17T13:35:28.301+0200] {processor.py:175} INFO - Processing /home/monica.fernandez/practica_creativa/venv-airflow/lib/python3.11/site-packages/airflow/example_dags/example_datasets.py took 0.282 seconds
[2025-06-17T13:35:34.476+0200] {processor.py:153} INFO - Started process (PID=102396) to work on /home/monica.fernandez/practica_creativa/venv-airflow/lib/python3.11/site-packages/airflow/example_dags/example_datasets.py
[2025-06-17T13:35:34.477+0200] {processor.py:743} INFO - Processing file /home/monica.fernandez/practica_creativa/venv-airflow/lib/python3.11/site-packages/airflow/example_dags/example_datasets.py for tasks to queue
[2025-06-17T13:35:34.478+0200] {logging_mixin.py:137} INFO - [2025-06-17T13:35:34.478+0200] {dagbag.py:538} INFO - Filling up the DagBag from /home/monica.fernandez/practica_creativa/venv-airflow/lib/python3.11/site-packages/airflow/example_dags/example_datasets.py
[2025-06-17T13:35:34.498+0200] {processor.py:753} INFO - DAG(s) dict_keys(['dataset_consumes_1_and_2', 'dataset_consumes_unknown_never_scheduled', 'dataset_produces_1', 'dataset_consumes_1_never_scheduled', 'dataset_produces_2', 'dataset_consumes_1']) retrieved from /home/monica.fernandez/practica_creativa/venv-airflow/lib/python3.11/site-packages/airflow/example_dags/example_datasets.py
[2025-06-17T13:35:34.568+0200] {logging_mixin.py:137} INFO - [2025-06-17T13:35:34.568+0200] {dag.py:2690} INFO - Sync 6 DAGs
[2025-06-17T13:35:34.612+0200] {logging_mixin.py:137} INFO - [2025-06-17T13:35:34.612+0200] {dag.py:3437} INFO - Setting next_dagrun for dataset_consumes_1 to None, run_after=None
[2025-06-17T13:35:34.620+0200] {logging_mixin.py:137} INFO - [2025-06-17T13:35:34.620+0200] {dag.py:3437} INFO - Setting next_dagrun for dataset_consumes_1_and_2 to None, run_after=None
[2025-06-17T13:35:34.622+0200] {logging_mixin.py:137} INFO - [2025-06-17T13:35:34.622+0200] {dag.py:3437} INFO - Setting next_dagrun for dataset_consumes_1_never_scheduled to None, run_after=None
[2025-06-17T13:35:34.625+0200] {logging_mixin.py:137} INFO - [2025-06-17T13:35:34.625+0200] {dag.py:3437} INFO - Setting next_dagrun for dataset_consumes_unknown_never_scheduled to None, run_after=None
[2025-06-17T13:35:34.633+0200] {logging_mixin.py:137} INFO - [2025-06-17T13:35:34.633+0200] {dag.py:3437} INFO - Setting next_dagrun for dataset_produces_1 to 2025-06-16T00:00:00+00:00, run_after=2025-06-17T00:00:00+00:00
[2025-06-17T13:35:34.636+0200] {logging_mixin.py:137} INFO - [2025-06-17T13:35:34.636+0200] {dag.py:3437} INFO - Setting next_dagrun for dataset_produces_2 to None, run_after=None
[2025-06-17T13:35:34.822+0200] {processor.py:175} INFO - Processing /home/monica.fernandez/practica_creativa/venv-airflow/lib/python3.11/site-packages/airflow/example_dags/example_datasets.py took 0.349 seconds
[2025-06-17T13:36:21.684+0200] {processor.py:153} INFO - Started process (PID=102922) to work on /home/monica.fernandez/practica_creativa/venv-airflow/lib/python3.11/site-packages/airflow/example_dags/example_datasets.py
[2025-06-17T13:36:21.685+0200] {processor.py:743} INFO - Processing file /home/monica.fernandez/practica_creativa/venv-airflow/lib/python3.11/site-packages/airflow/example_dags/example_datasets.py for tasks to queue
[2025-06-17T13:36:21.686+0200] {logging_mixin.py:137} INFO - [2025-06-17T13:36:21.685+0200] {dagbag.py:538} INFO - Filling up the DagBag from /home/monica.fernandez/practica_creativa/venv-airflow/lib/python3.11/site-packages/airflow/example_dags/example_datasets.py
[2025-06-17T13:36:21.700+0200] {processor.py:753} INFO - DAG(s) dict_keys(['dataset_consumes_unknown_never_scheduled', 'dataset_produces_2', 'dataset_consumes_1', 'dataset_consumes_1_never_scheduled', 'dataset_consumes_1_and_2', 'dataset_produces_1']) retrieved from /home/monica.fernandez/practica_creativa/venv-airflow/lib/python3.11/site-packages/airflow/example_dags/example_datasets.py
[2025-06-17T13:36:21.806+0200] {logging_mixin.py:137} INFO - [2025-06-17T13:36:21.806+0200] {dag.py:2690} INFO - Sync 6 DAGs
[2025-06-17T13:36:21.856+0200] {logging_mixin.py:137} INFO - [2025-06-17T13:36:21.856+0200] {dag.py:3437} INFO - Setting next_dagrun for dataset_consumes_1 to None, run_after=None
[2025-06-17T13:36:21.867+0200] {logging_mixin.py:137} INFO - [2025-06-17T13:36:21.867+0200] {dag.py:3437} INFO - Setting next_dagrun for dataset_consumes_1_and_2 to None, run_after=None
[2025-06-17T13:36:21.870+0200] {logging_mixin.py:137} INFO - [2025-06-17T13:36:21.870+0200] {dag.py:3437} INFO - Setting next_dagrun for dataset_consumes_1_never_scheduled to None, run_after=None
[2025-06-17T13:36:21.875+0200] {logging_mixin.py:137} INFO - [2025-06-17T13:36:21.875+0200] {dag.py:3437} INFO - Setting next_dagrun for dataset_consumes_unknown_never_scheduled to None, run_after=None
[2025-06-17T13:36:21.922+0200] {logging_mixin.py:137} INFO - [2025-06-17T13:36:21.922+0200] {dag.py:3437} INFO - Setting next_dagrun for dataset_produces_1 to 2025-06-16T00:00:00+00:00, run_after=2025-06-17T00:00:00+00:00
[2025-06-17T13:36:21.926+0200] {logging_mixin.py:137} INFO - [2025-06-17T13:36:21.926+0200] {dag.py:3437} INFO - Setting next_dagrun for dataset_produces_2 to None, run_after=None
[2025-06-17T13:36:22.087+0200] {processor.py:175} INFO - Processing /home/monica.fernandez/practica_creativa/venv-airflow/lib/python3.11/site-packages/airflow/example_dags/example_datasets.py took 0.406 seconds
[2025-06-17T13:36:42.306+0200] {processor.py:153} INFO - Started process (PID=103085) to work on /home/monica.fernandez/practica_creativa/venv-airflow/lib/python3.11/site-packages/airflow/example_dags/example_datasets.py
[2025-06-17T13:36:42.307+0200] {processor.py:743} INFO - Processing file /home/monica.fernandez/practica_creativa/venv-airflow/lib/python3.11/site-packages/airflow/example_dags/example_datasets.py for tasks to queue
[2025-06-17T13:36:42.308+0200] {logging_mixin.py:137} INFO - [2025-06-17T13:36:42.307+0200] {dagbag.py:538} INFO - Filling up the DagBag from /home/monica.fernandez/practica_creativa/venv-airflow/lib/python3.11/site-packages/airflow/example_dags/example_datasets.py
[2025-06-17T13:36:42.322+0200] {processor.py:753} INFO - DAG(s) dict_keys(['dataset_produces_1', 'dataset_produces_2', 'dataset_consumes_1', 'dataset_consumes_1_and_2', 'dataset_consumes_unknown_never_scheduled', 'dataset_consumes_1_never_scheduled']) retrieved from /home/monica.fernandez/practica_creativa/venv-airflow/lib/python3.11/site-packages/airflow/example_dags/example_datasets.py
[2025-06-17T13:36:42.471+0200] {logging_mixin.py:137} INFO - [2025-06-17T13:36:42.470+0200] {dag.py:2690} INFO - Sync 6 DAGs
[2025-06-17T13:36:42.502+0200] {logging_mixin.py:137} INFO - [2025-06-17T13:36:42.502+0200] {dag.py:3437} INFO - Setting next_dagrun for dataset_consumes_1 to None, run_after=None
[2025-06-17T13:36:42.507+0200] {logging_mixin.py:137} INFO - [2025-06-17T13:36:42.507+0200] {dag.py:3437} INFO - Setting next_dagrun for dataset_consumes_1_and_2 to None, run_after=None
[2025-06-17T13:36:42.510+0200] {logging_mixin.py:137} INFO - [2025-06-17T13:36:42.510+0200] {dag.py:3437} INFO - Setting next_dagrun for dataset_consumes_1_never_scheduled to None, run_after=None
[2025-06-17T13:36:42.513+0200] {logging_mixin.py:137} INFO - [2025-06-17T13:36:42.513+0200] {dag.py:3437} INFO - Setting next_dagrun for dataset_consumes_unknown_never_scheduled to None, run_after=None
[2025-06-17T13:36:42.520+0200] {logging_mixin.py:137} INFO - [2025-06-17T13:36:42.519+0200] {dag.py:3437} INFO - Setting next_dagrun for dataset_produces_1 to 2025-06-16T00:00:00+00:00, run_after=2025-06-17T00:00:00+00:00
[2025-06-17T13:36:42.528+0200] {logging_mixin.py:137} INFO - [2025-06-17T13:36:42.527+0200] {dag.py:3437} INFO - Setting next_dagrun for dataset_produces_2 to None, run_after=None
[2025-06-17T13:36:42.636+0200] {processor.py:175} INFO - Processing /home/monica.fernandez/practica_creativa/venv-airflow/lib/python3.11/site-packages/airflow/example_dags/example_datasets.py took 0.334 seconds
[2025-06-17T13:37:32.754+0200] {processor.py:153} INFO - Started process (PID=103781) to work on /home/monica.fernandez/practica_creativa/venv-airflow/lib/python3.11/site-packages/airflow/example_dags/example_datasets.py
[2025-06-17T13:37:32.755+0200] {processor.py:743} INFO - Processing file /home/monica.fernandez/practica_creativa/venv-airflow/lib/python3.11/site-packages/airflow/example_dags/example_datasets.py for tasks to queue
[2025-06-17T13:37:32.755+0200] {logging_mixin.py:137} INFO - [2025-06-17T13:37:32.755+0200] {dagbag.py:538} INFO - Filling up the DagBag from /home/monica.fernandez/practica_creativa/venv-airflow/lib/python3.11/site-packages/airflow/example_dags/example_datasets.py
[2025-06-17T13:37:32.771+0200] {processor.py:753} INFO - DAG(s) dict_keys(['dataset_consumes_1_and_2', 'dataset_consumes_unknown_never_scheduled', 'dataset_produces_1', 'dataset_consumes_1', 'dataset_produces_2', 'dataset_consumes_1_never_scheduled']) retrieved from /home/monica.fernandez/practica_creativa/venv-airflow/lib/python3.11/site-packages/airflow/example_dags/example_datasets.py
[2025-06-17T13:37:32.853+0200] {logging_mixin.py:137} INFO - [2025-06-17T13:37:32.853+0200] {dag.py:2690} INFO - Sync 6 DAGs
[2025-06-17T13:37:32.888+0200] {logging_mixin.py:137} INFO - [2025-06-17T13:37:32.887+0200] {dag.py:3437} INFO - Setting next_dagrun for dataset_consumes_1 to None, run_after=None
[2025-06-17T13:37:32.900+0200] {logging_mixin.py:137} INFO - [2025-06-17T13:37:32.900+0200] {dag.py:3437} INFO - Setting next_dagrun for dataset_consumes_1_and_2 to None, run_after=None
[2025-06-17T13:37:32.903+0200] {logging_mixin.py:137} INFO - [2025-06-17T13:37:32.902+0200] {dag.py:3437} INFO - Setting next_dagrun for dataset_consumes_1_never_scheduled to None, run_after=None
[2025-06-17T13:37:32.906+0200] {logging_mixin.py:137} INFO - [2025-06-17T13:37:32.906+0200] {dag.py:3437} INFO - Setting next_dagrun for dataset_consumes_unknown_never_scheduled to None, run_after=None
[2025-06-17T13:37:32.912+0200] {logging_mixin.py:137} INFO - [2025-06-17T13:37:32.912+0200] {dag.py:3437} INFO - Setting next_dagrun for dataset_produces_1 to 2025-06-16T00:00:00+00:00, run_after=2025-06-17T00:00:00+00:00
[2025-06-17T13:37:32.917+0200] {logging_mixin.py:137} INFO - [2025-06-17T13:37:32.917+0200] {dag.py:3437} INFO - Setting next_dagrun for dataset_produces_2 to None, run_after=None
[2025-06-17T13:37:33.021+0200] {processor.py:175} INFO - Processing /home/monica.fernandez/practica_creativa/venv-airflow/lib/python3.11/site-packages/airflow/example_dags/example_datasets.py took 0.272 seconds
[2025-06-17T13:38:35.545+0200] {processor.py:153} INFO - Started process (PID=104570) to work on /home/monica.fernandez/practica_creativa/venv-airflow/lib/python3.11/site-packages/airflow/example_dags/example_datasets.py
[2025-06-17T13:38:35.546+0200] {processor.py:743} INFO - Processing file /home/monica.fernandez/practica_creativa/venv-airflow/lib/python3.11/site-packages/airflow/example_dags/example_datasets.py for tasks to queue
[2025-06-17T13:38:35.556+0200] {logging_mixin.py:137} INFO - [2025-06-17T13:38:35.552+0200] {dagbag.py:538} INFO - Filling up the DagBag from /home/monica.fernandez/practica_creativa/venv-airflow/lib/python3.11/site-packages/airflow/example_dags/example_datasets.py
[2025-06-17T13:38:35.623+0200] {processor.py:753} INFO - DAG(s) dict_keys(['dataset_consumes_1_never_scheduled', 'dataset_consumes_1_and_2', 'dataset_produces_2', 'dataset_consumes_1', 'dataset_consumes_unknown_never_scheduled', 'dataset_produces_1']) retrieved from /home/monica.fernandez/practica_creativa/venv-airflow/lib/python3.11/site-packages/airflow/example_dags/example_datasets.py
[2025-06-17T13:38:35.749+0200] {logging_mixin.py:137} INFO - [2025-06-17T13:38:35.748+0200] {dag.py:2690} INFO - Sync 6 DAGs
[2025-06-17T13:38:35.810+0200] {logging_mixin.py:137} INFO - [2025-06-17T13:38:35.809+0200] {dag.py:3437} INFO - Setting next_dagrun for dataset_consumes_1 to None, run_after=None
[2025-06-17T13:38:35.829+0200] {logging_mixin.py:137} INFO - [2025-06-17T13:38:35.829+0200] {dag.py:3437} INFO - Setting next_dagrun for dataset_consumes_1_and_2 to None, run_after=None
[2025-06-17T13:38:35.843+0200] {logging_mixin.py:137} INFO - [2025-06-17T13:38:35.843+0200] {dag.py:3437} INFO - Setting next_dagrun for dataset_consumes_1_never_scheduled to None, run_after=None
[2025-06-17T13:38:35.847+0200] {logging_mixin.py:137} INFO - [2025-06-17T13:38:35.847+0200] {dag.py:3437} INFO - Setting next_dagrun for dataset_consumes_unknown_never_scheduled to None, run_after=None
[2025-06-17T13:38:35.851+0200] {logging_mixin.py:137} INFO - [2025-06-17T13:38:35.851+0200] {dag.py:3437} INFO - Setting next_dagrun for dataset_produces_1 to 2025-06-16T00:00:00+00:00, run_after=2025-06-17T00:00:00+00:00
[2025-06-17T13:38:35.855+0200] {logging_mixin.py:137} INFO - [2025-06-17T13:38:35.855+0200] {dag.py:3437} INFO - Setting next_dagrun for dataset_produces_2 to None, run_after=None
[2025-06-17T13:38:35.993+0200] {processor.py:175} INFO - Processing /home/monica.fernandez/practica_creativa/venv-airflow/lib/python3.11/site-packages/airflow/example_dags/example_datasets.py took 0.456 seconds
[2025-06-17T13:43:09.832+0200] {processor.py:153} INFO - Started process (PID=107871) to work on /home/monica.fernandez/practica_creativa/venv-airflow/lib/python3.11/site-packages/airflow/example_dags/example_datasets.py
[2025-06-17T13:43:09.833+0200] {processor.py:743} INFO - Processing file /home/monica.fernandez/practica_creativa/venv-airflow/lib/python3.11/site-packages/airflow/example_dags/example_datasets.py for tasks to queue
[2025-06-17T13:43:09.834+0200] {logging_mixin.py:137} INFO - [2025-06-17T13:43:09.834+0200] {dagbag.py:538} INFO - Filling up the DagBag from /home/monica.fernandez/practica_creativa/venv-airflow/lib/python3.11/site-packages/airflow/example_dags/example_datasets.py
[2025-06-17T13:43:09.847+0200] {processor.py:753} INFO - DAG(s) dict_keys(['dataset_consumes_1_and_2', 'dataset_consumes_unknown_never_scheduled', 'dataset_consumes_1', 'dataset_produces_1', 'dataset_consumes_1_never_scheduled', 'dataset_produces_2']) retrieved from /home/monica.fernandez/practica_creativa/venv-airflow/lib/python3.11/site-packages/airflow/example_dags/example_datasets.py
[2025-06-17T13:43:10.027+0200] {logging_mixin.py:137} INFO - [2025-06-17T13:43:10.027+0200] {dag.py:2690} INFO - Sync 6 DAGs
[2025-06-17T13:43:10.065+0200] {logging_mixin.py:137} INFO - [2025-06-17T13:43:10.065+0200] {dag.py:3437} INFO - Setting next_dagrun for dataset_consumes_1 to None, run_after=None
[2025-06-17T13:43:10.070+0200] {logging_mixin.py:137} INFO - [2025-06-17T13:43:10.070+0200] {dag.py:3437} INFO - Setting next_dagrun for dataset_consumes_1_and_2 to None, run_after=None
[2025-06-17T13:43:10.073+0200] {logging_mixin.py:137} INFO - [2025-06-17T13:43:10.072+0200] {dag.py:3437} INFO - Setting next_dagrun for dataset_consumes_1_never_scheduled to None, run_after=None
[2025-06-17T13:43:10.075+0200] {logging_mixin.py:137} INFO - [2025-06-17T13:43:10.075+0200] {dag.py:3437} INFO - Setting next_dagrun for dataset_consumes_unknown_never_scheduled to None, run_after=None
[2025-06-17T13:43:10.080+0200] {logging_mixin.py:137} INFO - [2025-06-17T13:43:10.080+0200] {dag.py:3437} INFO - Setting next_dagrun for dataset_produces_1 to 2025-06-16T00:00:00+00:00, run_after=2025-06-17T00:00:00+00:00
[2025-06-17T13:43:10.087+0200] {logging_mixin.py:137} INFO - [2025-06-17T13:43:10.087+0200] {dag.py:3437} INFO - Setting next_dagrun for dataset_produces_2 to None, run_after=None
[2025-06-17T13:43:10.192+0200] {processor.py:175} INFO - Processing /home/monica.fernandez/practica_creativa/venv-airflow/lib/python3.11/site-packages/airflow/example_dags/example_datasets.py took 0.367 seconds
[2025-06-17T13:43:58.402+0200] {processor.py:153} INFO - Started process (PID=108296) to work on /home/monica.fernandez/practica_creativa/venv-airflow/lib/python3.11/site-packages/airflow/example_dags/example_datasets.py
[2025-06-17T13:43:58.403+0200] {processor.py:743} INFO - Processing file /home/monica.fernandez/practica_creativa/venv-airflow/lib/python3.11/site-packages/airflow/example_dags/example_datasets.py for tasks to queue
[2025-06-17T13:43:58.404+0200] {logging_mixin.py:137} INFO - [2025-06-17T13:43:58.404+0200] {dagbag.py:538} INFO - Filling up the DagBag from /home/monica.fernandez/practica_creativa/venv-airflow/lib/python3.11/site-packages/airflow/example_dags/example_datasets.py
[2025-06-17T13:43:58.416+0200] {processor.py:753} INFO - DAG(s) dict_keys(['dataset_consumes_1_never_scheduled', 'dataset_consumes_1', 'dataset_produces_2', 'dataset_consumes_1_and_2', 'dataset_produces_1', 'dataset_consumes_unknown_never_scheduled']) retrieved from /home/monica.fernandez/practica_creativa/venv-airflow/lib/python3.11/site-packages/airflow/example_dags/example_datasets.py
[2025-06-17T13:43:58.473+0200] {logging_mixin.py:137} INFO - [2025-06-17T13:43:58.473+0200] {dag.py:2690} INFO - Sync 6 DAGs
[2025-06-17T13:43:58.499+0200] {logging_mixin.py:137} INFO - [2025-06-17T13:43:58.499+0200] {dag.py:3437} INFO - Setting next_dagrun for dataset_consumes_1 to None, run_after=None
[2025-06-17T13:43:58.503+0200] {logging_mixin.py:137} INFO - [2025-06-17T13:43:58.503+0200] {dag.py:3437} INFO - Setting next_dagrun for dataset_consumes_1_and_2 to None, run_after=None
[2025-06-17T13:43:58.506+0200] {logging_mixin.py:137} INFO - [2025-06-17T13:43:58.506+0200] {dag.py:3437} INFO - Setting next_dagrun for dataset_consumes_1_never_scheduled to None, run_after=None
[2025-06-17T13:43:58.508+0200] {logging_mixin.py:137} INFO - [2025-06-17T13:43:58.508+0200] {dag.py:3437} INFO - Setting next_dagrun for dataset_consumes_unknown_never_scheduled to None, run_after=None
[2025-06-17T13:43:58.513+0200] {logging_mixin.py:137} INFO - [2025-06-17T13:43:58.512+0200] {dag.py:3437} INFO - Setting next_dagrun for dataset_produces_1 to 2025-06-16T00:00:00+00:00, run_after=2025-06-17T00:00:00+00:00
[2025-06-17T13:43:58.515+0200] {logging_mixin.py:137} INFO - [2025-06-17T13:43:58.515+0200] {dag.py:3437} INFO - Setting next_dagrun for dataset_produces_2 to None, run_after=None
[2025-06-17T13:43:58.604+0200] {processor.py:175} INFO - Processing /home/monica.fernandez/practica_creativa/venv-airflow/lib/python3.11/site-packages/airflow/example_dags/example_datasets.py took 0.205 seconds
[2025-06-17T13:44:55.763+0200] {processor.py:153} INFO - Started process (PID=108890) to work on /home/monica.fernandez/practica_creativa/venv-airflow/lib/python3.11/site-packages/airflow/example_dags/example_datasets.py
[2025-06-17T13:44:55.763+0200] {processor.py:743} INFO - Processing file /home/monica.fernandez/practica_creativa/venv-airflow/lib/python3.11/site-packages/airflow/example_dags/example_datasets.py for tasks to queue
[2025-06-17T13:44:55.764+0200] {logging_mixin.py:137} INFO - [2025-06-17T13:44:55.764+0200] {dagbag.py:538} INFO - Filling up the DagBag from /home/monica.fernandez/practica_creativa/venv-airflow/lib/python3.11/site-packages/airflow/example_dags/example_datasets.py
[2025-06-17T13:44:55.780+0200] {processor.py:753} INFO - DAG(s) dict_keys(['dataset_consumes_1_and_2', 'dataset_consumes_1_never_scheduled', 'dataset_produces_1', 'dataset_produces_2', 'dataset_consumes_1', 'dataset_consumes_unknown_never_scheduled']) retrieved from /home/monica.fernandez/practica_creativa/venv-airflow/lib/python3.11/site-packages/airflow/example_dags/example_datasets.py
[2025-06-17T13:44:55.844+0200] {logging_mixin.py:137} INFO - [2025-06-17T13:44:55.844+0200] {dag.py:2690} INFO - Sync 6 DAGs
[2025-06-17T13:44:55.865+0200] {logging_mixin.py:137} INFO - [2025-06-17T13:44:55.865+0200] {dag.py:3437} INFO - Setting next_dagrun for dataset_consumes_1 to None, run_after=None
[2025-06-17T13:44:55.870+0200] {logging_mixin.py:137} INFO - [2025-06-17T13:44:55.870+0200] {dag.py:3437} INFO - Setting next_dagrun for dataset_consumes_1_and_2 to None, run_after=None
[2025-06-17T13:44:55.873+0200] {logging_mixin.py:137} INFO - [2025-06-17T13:44:55.873+0200] {dag.py:3437} INFO - Setting next_dagrun for dataset_consumes_1_never_scheduled to None, run_after=None
[2025-06-17T13:44:55.875+0200] {logging_mixin.py:137} INFO - [2025-06-17T13:44:55.875+0200] {dag.py:3437} INFO - Setting next_dagrun for dataset_consumes_unknown_never_scheduled to None, run_after=None
[2025-06-17T13:44:55.881+0200] {logging_mixin.py:137} INFO - [2025-06-17T13:44:55.881+0200] {dag.py:3437} INFO - Setting next_dagrun for dataset_produces_1 to 2025-06-16T00:00:00+00:00, run_after=2025-06-17T00:00:00+00:00
[2025-06-17T13:44:55.884+0200] {logging_mixin.py:137} INFO - [2025-06-17T13:44:55.884+0200] {dag.py:3437} INFO - Setting next_dagrun for dataset_produces_2 to None, run_after=None
[2025-06-17T13:44:55.970+0200] {processor.py:175} INFO - Processing /home/monica.fernandez/practica_creativa/venv-airflow/lib/python3.11/site-packages/airflow/example_dags/example_datasets.py took 0.210 seconds
[2025-06-17T13:45:54.722+0200] {processor.py:153} INFO - Started process (PID=109643) to work on /home/monica.fernandez/practica_creativa/venv-airflow/lib/python3.11/site-packages/airflow/example_dags/example_datasets.py
[2025-06-17T13:45:54.723+0200] {processor.py:743} INFO - Processing file /home/monica.fernandez/practica_creativa/venv-airflow/lib/python3.11/site-packages/airflow/example_dags/example_datasets.py for tasks to queue
[2025-06-17T13:45:54.723+0200] {logging_mixin.py:137} INFO - [2025-06-17T13:45:54.723+0200] {dagbag.py:538} INFO - Filling up the DagBag from /home/monica.fernandez/practica_creativa/venv-airflow/lib/python3.11/site-packages/airflow/example_dags/example_datasets.py
[2025-06-17T13:45:54.740+0200] {processor.py:753} INFO - DAG(s) dict_keys(['dataset_consumes_1_never_scheduled', 'dataset_consumes_1', 'dataset_consumes_1_and_2', 'dataset_produces_2', 'dataset_consumes_unknown_never_scheduled', 'dataset_produces_1']) retrieved from /home/monica.fernandez/practica_creativa/venv-airflow/lib/python3.11/site-packages/airflow/example_dags/example_datasets.py
[2025-06-17T13:45:54.810+0200] {logging_mixin.py:137} INFO - [2025-06-17T13:45:54.809+0200] {dag.py:2690} INFO - Sync 6 DAGs
[2025-06-17T13:45:54.867+0200] {logging_mixin.py:137} INFO - [2025-06-17T13:45:54.867+0200] {dag.py:3437} INFO - Setting next_dagrun for dataset_consumes_1 to None, run_after=None
[2025-06-17T13:45:54.876+0200] {logging_mixin.py:137} INFO - [2025-06-17T13:45:54.875+0200] {dag.py:3437} INFO - Setting next_dagrun for dataset_consumes_1_and_2 to None, run_after=None
[2025-06-17T13:45:54.879+0200] {logging_mixin.py:137} INFO - [2025-06-17T13:45:54.879+0200] {dag.py:3437} INFO - Setting next_dagrun for dataset_consumes_1_never_scheduled to None, run_after=None
[2025-06-17T13:45:54.882+0200] {logging_mixin.py:137} INFO - [2025-06-17T13:45:54.881+0200] {dag.py:3437} INFO - Setting next_dagrun for dataset_consumes_unknown_never_scheduled to None, run_after=None
[2025-06-17T13:45:54.885+0200] {logging_mixin.py:137} INFO - [2025-06-17T13:45:54.885+0200] {dag.py:3437} INFO - Setting next_dagrun for dataset_produces_1 to 2025-06-16T00:00:00+00:00, run_after=2025-06-17T00:00:00+00:00
[2025-06-17T13:45:54.889+0200] {logging_mixin.py:137} INFO - [2025-06-17T13:45:54.889+0200] {dag.py:3437} INFO - Setting next_dagrun for dataset_produces_2 to None, run_after=None
[2025-06-17T13:45:54.989+0200] {processor.py:175} INFO - Processing /home/monica.fernandez/practica_creativa/venv-airflow/lib/python3.11/site-packages/airflow/example_dags/example_datasets.py took 0.270 seconds
[2025-06-17T13:46:50.148+0200] {processor.py:153} INFO - Started process (PID=110434) to work on /home/monica.fernandez/practica_creativa/venv-airflow/lib/python3.11/site-packages/airflow/example_dags/example_datasets.py
[2025-06-17T13:46:50.149+0200] {processor.py:743} INFO - Processing file /home/monica.fernandez/practica_creativa/venv-airflow/lib/python3.11/site-packages/airflow/example_dags/example_datasets.py for tasks to queue
[2025-06-17T13:46:50.149+0200] {logging_mixin.py:137} INFO - [2025-06-17T13:46:50.149+0200] {dagbag.py:538} INFO - Filling up the DagBag from /home/monica.fernandez/practica_creativa/venv-airflow/lib/python3.11/site-packages/airflow/example_dags/example_datasets.py
[2025-06-17T13:46:50.191+0200] {processor.py:753} INFO - DAG(s) dict_keys(['dataset_consumes_1_and_2', 'dataset_produces_2', 'dataset_consumes_1', 'dataset_produces_1', 'dataset_consumes_unknown_never_scheduled', 'dataset_consumes_1_never_scheduled']) retrieved from /home/monica.fernandez/practica_creativa/venv-airflow/lib/python3.11/site-packages/airflow/example_dags/example_datasets.py
[2025-06-17T13:46:50.360+0200] {logging_mixin.py:137} INFO - [2025-06-17T13:46:50.360+0200] {dag.py:2690} INFO - Sync 6 DAGs
[2025-06-17T13:46:50.395+0200] {logging_mixin.py:137} INFO - [2025-06-17T13:46:50.395+0200] {dag.py:3437} INFO - Setting next_dagrun for dataset_consumes_1 to None, run_after=None
[2025-06-17T13:46:50.413+0200] {logging_mixin.py:137} INFO - [2025-06-17T13:46:50.413+0200] {dag.py:3437} INFO - Setting next_dagrun for dataset_consumes_1_and_2 to None, run_after=None
[2025-06-17T13:46:50.416+0200] {logging_mixin.py:137} INFO - [2025-06-17T13:46:50.416+0200] {dag.py:3437} INFO - Setting next_dagrun for dataset_consumes_1_never_scheduled to None, run_after=None
[2025-06-17T13:46:50.427+0200] {logging_mixin.py:137} INFO - [2025-06-17T13:46:50.426+0200] {dag.py:3437} INFO - Setting next_dagrun for dataset_consumes_unknown_never_scheduled to None, run_after=None
[2025-06-17T13:46:50.435+0200] {logging_mixin.py:137} INFO - [2025-06-17T13:46:50.435+0200] {dag.py:3437} INFO - Setting next_dagrun for dataset_produces_1 to 2025-06-16T00:00:00+00:00, run_after=2025-06-17T00:00:00+00:00
[2025-06-17T13:46:50.438+0200] {logging_mixin.py:137} INFO - [2025-06-17T13:46:50.438+0200] {dag.py:3437} INFO - Setting next_dagrun for dataset_produces_2 to None, run_after=None
[2025-06-17T13:46:50.605+0200] {processor.py:175} INFO - Processing /home/monica.fernandez/practica_creativa/venv-airflow/lib/python3.11/site-packages/airflow/example_dags/example_datasets.py took 0.460 seconds
[2025-06-17T13:50:15.313+0200] {processor.py:153} INFO - Started process (PID=113367) to work on /home/monica.fernandez/practica_creativa/venv-airflow/lib/python3.11/site-packages/airflow/example_dags/example_datasets.py
[2025-06-17T13:50:15.313+0200] {processor.py:743} INFO - Processing file /home/monica.fernandez/practica_creativa/venv-airflow/lib/python3.11/site-packages/airflow/example_dags/example_datasets.py for tasks to queue
[2025-06-17T13:50:15.314+0200] {logging_mixin.py:137} INFO - [2025-06-17T13:50:15.314+0200] {dagbag.py:538} INFO - Filling up the DagBag from /home/monica.fernandez/practica_creativa/venv-airflow/lib/python3.11/site-packages/airflow/example_dags/example_datasets.py
[2025-06-17T13:50:15.325+0200] {processor.py:753} INFO - DAG(s) dict_keys(['dataset_consumes_1_never_scheduled', 'dataset_produces_1', 'dataset_produces_2', 'dataset_consumes_unknown_never_scheduled', 'dataset_consumes_1', 'dataset_consumes_1_and_2']) retrieved from /home/monica.fernandez/practica_creativa/venv-airflow/lib/python3.11/site-packages/airflow/example_dags/example_datasets.py
[2025-06-17T13:50:15.392+0200] {logging_mixin.py:137} INFO - [2025-06-17T13:50:15.392+0200] {dag.py:2690} INFO - Sync 6 DAGs
[2025-06-17T13:50:15.437+0200] {logging_mixin.py:137} INFO - [2025-06-17T13:50:15.437+0200] {dag.py:3437} INFO - Setting next_dagrun for dataset_consumes_1 to None, run_after=None
[2025-06-17T13:50:15.446+0200] {logging_mixin.py:137} INFO - [2025-06-17T13:50:15.446+0200] {dag.py:3437} INFO - Setting next_dagrun for dataset_consumes_1_and_2 to None, run_after=None
[2025-06-17T13:50:15.450+0200] {logging_mixin.py:137} INFO - [2025-06-17T13:50:15.449+0200] {dag.py:3437} INFO - Setting next_dagrun for dataset_consumes_1_never_scheduled to None, run_after=None
[2025-06-17T13:50:15.453+0200] {logging_mixin.py:137} INFO - [2025-06-17T13:50:15.453+0200] {dag.py:3437} INFO - Setting next_dagrun for dataset_consumes_unknown_never_scheduled to None, run_after=None
[2025-06-17T13:50:15.458+0200] {logging_mixin.py:137} INFO - [2025-06-17T13:50:15.458+0200] {dag.py:3437} INFO - Setting next_dagrun for dataset_produces_1 to 2025-06-16T00:00:00+00:00, run_after=2025-06-17T00:00:00+00:00
[2025-06-17T13:50:15.466+0200] {logging_mixin.py:137} INFO - [2025-06-17T13:50:15.465+0200] {dag.py:3437} INFO - Setting next_dagrun for dataset_produces_2 to None, run_after=None
[2025-06-17T13:50:15.619+0200] {processor.py:175} INFO - Processing /home/monica.fernandez/practica_creativa/venv-airflow/lib/python3.11/site-packages/airflow/example_dags/example_datasets.py took 0.309 seconds
[2025-06-17T19:24:53.708+0200] {processor.py:153} INFO - Started process (PID=159523) to work on /home/monica.fernandez/practica_creativa/venv-airflow/lib/python3.11/site-packages/airflow/example_dags/example_datasets.py
[2025-06-17T19:24:53.709+0200] {processor.py:743} INFO - Processing file /home/monica.fernandez/practica_creativa/venv-airflow/lib/python3.11/site-packages/airflow/example_dags/example_datasets.py for tasks to queue
[2025-06-17T19:24:53.710+0200] {logging_mixin.py:137} INFO - [2025-06-17T19:24:53.709+0200] {dagbag.py:538} INFO - Filling up the DagBag from /home/monica.fernandez/practica_creativa/venv-airflow/lib/python3.11/site-packages/airflow/example_dags/example_datasets.py
[2025-06-17T19:24:53.742+0200] {processor.py:753} INFO - DAG(s) dict_keys(['dataset_consumes_1', 'dataset_produces_1', 'dataset_consumes_1_never_scheduled', 'dataset_consumes_unknown_never_scheduled', 'dataset_produces_2', 'dataset_consumes_1_and_2']) retrieved from /home/monica.fernandez/practica_creativa/venv-airflow/lib/python3.11/site-packages/airflow/example_dags/example_datasets.py
[2025-06-17T19:24:53.888+0200] {logging_mixin.py:137} INFO - [2025-06-17T19:24:53.888+0200] {dag.py:2690} INFO - Sync 6 DAGs
[2025-06-17T19:24:53.924+0200] {logging_mixin.py:137} INFO - [2025-06-17T19:24:53.924+0200] {dag.py:3437} INFO - Setting next_dagrun for dataset_consumes_1 to None, run_after=None
[2025-06-17T19:24:53.930+0200] {logging_mixin.py:137} INFO - [2025-06-17T19:24:53.930+0200] {dag.py:3437} INFO - Setting next_dagrun for dataset_consumes_1_and_2 to None, run_after=None
[2025-06-17T19:24:53.934+0200] {logging_mixin.py:137} INFO - [2025-06-17T19:24:53.934+0200] {dag.py:3437} INFO - Setting next_dagrun for dataset_consumes_1_never_scheduled to None, run_after=None
[2025-06-17T19:24:53.937+0200] {logging_mixin.py:137} INFO - [2025-06-17T19:24:53.937+0200] {dag.py:3437} INFO - Setting next_dagrun for dataset_consumes_unknown_never_scheduled to None, run_after=None
[2025-06-17T19:24:53.944+0200] {logging_mixin.py:137} INFO - [2025-06-17T19:24:53.944+0200] {dag.py:3437} INFO - Setting next_dagrun for dataset_produces_1 to 2025-06-16T00:00:00+00:00, run_after=2025-06-17T00:00:00+00:00
[2025-06-17T19:24:53.948+0200] {logging_mixin.py:137} INFO - [2025-06-17T19:24:53.948+0200] {dag.py:3437} INFO - Setting next_dagrun for dataset_produces_2 to None, run_after=None
[2025-06-17T19:24:54.030+0200] {processor.py:175} INFO - Processing /home/monica.fernandez/practica_creativa/venv-airflow/lib/python3.11/site-packages/airflow/example_dags/example_datasets.py took 0.327 seconds
[2025-06-17T19:25:40.424+0200] {processor.py:153} INFO - Started process (PID=159852) to work on /home/monica.fernandez/practica_creativa/venv-airflow/lib/python3.11/site-packages/airflow/example_dags/example_datasets.py
[2025-06-17T19:25:40.425+0200] {processor.py:743} INFO - Processing file /home/monica.fernandez/practica_creativa/venv-airflow/lib/python3.11/site-packages/airflow/example_dags/example_datasets.py for tasks to queue
[2025-06-17T19:25:40.426+0200] {logging_mixin.py:137} INFO - [2025-06-17T19:25:40.426+0200] {dagbag.py:538} INFO - Filling up the DagBag from /home/monica.fernandez/practica_creativa/venv-airflow/lib/python3.11/site-packages/airflow/example_dags/example_datasets.py
[2025-06-17T19:25:40.453+0200] {processor.py:753} INFO - DAG(s) dict_keys(['dataset_produces_2', 'dataset_consumes_unknown_never_scheduled', 'dataset_consumes_1', 'dataset_consumes_1_and_2', 'dataset_consumes_1_never_scheduled', 'dataset_produces_1']) retrieved from /home/monica.fernandez/practica_creativa/venv-airflow/lib/python3.11/site-packages/airflow/example_dags/example_datasets.py
[2025-06-17T19:25:40.522+0200] {logging_mixin.py:137} INFO - [2025-06-17T19:25:40.522+0200] {dag.py:2690} INFO - Sync 6 DAGs
[2025-06-17T19:25:40.554+0200] {logging_mixin.py:137} INFO - [2025-06-17T19:25:40.554+0200] {dag.py:3437} INFO - Setting next_dagrun for dataset_consumes_1 to None, run_after=None
[2025-06-17T19:25:40.560+0200] {logging_mixin.py:137} INFO - [2025-06-17T19:25:40.560+0200] {dag.py:3437} INFO - Setting next_dagrun for dataset_consumes_1_and_2 to None, run_after=None
[2025-06-17T19:25:40.563+0200] {logging_mixin.py:137} INFO - [2025-06-17T19:25:40.563+0200] {dag.py:3437} INFO - Setting next_dagrun for dataset_consumes_1_never_scheduled to None, run_after=None
[2025-06-17T19:25:40.565+0200] {logging_mixin.py:137} INFO - [2025-06-17T19:25:40.565+0200] {dag.py:3437} INFO - Setting next_dagrun for dataset_consumes_unknown_never_scheduled to None, run_after=None
[2025-06-17T19:25:40.570+0200] {logging_mixin.py:137} INFO - [2025-06-17T19:25:40.570+0200] {dag.py:3437} INFO - Setting next_dagrun for dataset_produces_1 to 2025-06-16T00:00:00+00:00, run_after=2025-06-17T00:00:00+00:00
[2025-06-17T19:25:40.573+0200] {logging_mixin.py:137} INFO - [2025-06-17T19:25:40.573+0200] {dag.py:3437} INFO - Setting next_dagrun for dataset_produces_2 to None, run_after=None
[2025-06-17T19:25:40.704+0200] {processor.py:175} INFO - Processing /home/monica.fernandez/practica_creativa/venv-airflow/lib/python3.11/site-packages/airflow/example_dags/example_datasets.py took 0.283 seconds
[2025-06-17T19:26:38.064+0200] {processor.py:153} INFO - Started process (PID=160339) to work on /home/monica.fernandez/practica_creativa/venv-airflow/lib/python3.11/site-packages/airflow/example_dags/example_datasets.py
[2025-06-17T19:26:38.064+0200] {processor.py:743} INFO - Processing file /home/monica.fernandez/practica_creativa/venv-airflow/lib/python3.11/site-packages/airflow/example_dags/example_datasets.py for tasks to queue
[2025-06-17T19:26:38.065+0200] {logging_mixin.py:137} INFO - [2025-06-17T19:26:38.065+0200] {dagbag.py:538} INFO - Filling up the DagBag from /home/monica.fernandez/practica_creativa/venv-airflow/lib/python3.11/site-packages/airflow/example_dags/example_datasets.py
[2025-06-17T19:26:38.089+0200] {processor.py:753} INFO - DAG(s) dict_keys(['dataset_consumes_1', 'dataset_consumes_1_never_scheduled', 'dataset_produces_2', 'dataset_consumes_1_and_2', 'dataset_produces_1', 'dataset_consumes_unknown_never_scheduled']) retrieved from /home/monica.fernandez/practica_creativa/venv-airflow/lib/python3.11/site-packages/airflow/example_dags/example_datasets.py
[2025-06-17T19:26:38.153+0200] {logging_mixin.py:137} INFO - [2025-06-17T19:26:38.153+0200] {dag.py:2690} INFO - Sync 6 DAGs
[2025-06-17T19:26:38.200+0200] {logging_mixin.py:137} INFO - [2025-06-17T19:26:38.200+0200] {dag.py:3437} INFO - Setting next_dagrun for dataset_consumes_1 to None, run_after=None
[2025-06-17T19:26:38.204+0200] {logging_mixin.py:137} INFO - [2025-06-17T19:26:38.204+0200] {dag.py:3437} INFO - Setting next_dagrun for dataset_consumes_1_and_2 to None, run_after=None
[2025-06-17T19:26:38.207+0200] {logging_mixin.py:137} INFO - [2025-06-17T19:26:38.207+0200] {dag.py:3437} INFO - Setting next_dagrun for dataset_consumes_1_never_scheduled to None, run_after=None
[2025-06-17T19:26:38.210+0200] {logging_mixin.py:137} INFO - [2025-06-17T19:26:38.210+0200] {dag.py:3437} INFO - Setting next_dagrun for dataset_consumes_unknown_never_scheduled to None, run_after=None
[2025-06-17T19:26:38.214+0200] {logging_mixin.py:137} INFO - [2025-06-17T19:26:38.214+0200] {dag.py:3437} INFO - Setting next_dagrun for dataset_produces_1 to 2025-06-16T00:00:00+00:00, run_after=2025-06-17T00:00:00+00:00
[2025-06-17T19:26:38.216+0200] {logging_mixin.py:137} INFO - [2025-06-17T19:26:38.216+0200] {dag.py:3437} INFO - Setting next_dagrun for dataset_produces_2 to None, run_after=None
[2025-06-17T19:26:38.290+0200] {processor.py:175} INFO - Processing /home/monica.fernandez/practica_creativa/venv-airflow/lib/python3.11/site-packages/airflow/example_dags/example_datasets.py took 0.230 seconds
[2025-06-17T19:27:34.302+0200] {processor.py:153} INFO - Started process (PID=161081) to work on /home/monica.fernandez/practica_creativa/venv-airflow/lib/python3.11/site-packages/airflow/example_dags/example_datasets.py
[2025-06-17T19:27:34.303+0200] {processor.py:743} INFO - Processing file /home/monica.fernandez/practica_creativa/venv-airflow/lib/python3.11/site-packages/airflow/example_dags/example_datasets.py for tasks to queue
[2025-06-17T19:27:34.304+0200] {logging_mixin.py:137} INFO - [2025-06-17T19:27:34.304+0200] {dagbag.py:538} INFO - Filling up the DagBag from /home/monica.fernandez/practica_creativa/venv-airflow/lib/python3.11/site-packages/airflow/example_dags/example_datasets.py
[2025-06-17T19:27:34.341+0200] {processor.py:753} INFO - DAG(s) dict_keys(['dataset_consumes_unknown_never_scheduled', 'dataset_produces_2', 'dataset_produces_1', 'dataset_consumes_1_never_scheduled', 'dataset_consumes_1_and_2', 'dataset_consumes_1']) retrieved from /home/monica.fernandez/practica_creativa/venv-airflow/lib/python3.11/site-packages/airflow/example_dags/example_datasets.py
[2025-06-17T19:27:34.399+0200] {logging_mixin.py:137} INFO - [2025-06-17T19:27:34.399+0200] {dag.py:2690} INFO - Sync 6 DAGs
[2025-06-17T19:27:34.427+0200] {logging_mixin.py:137} INFO - [2025-06-17T19:27:34.427+0200] {dag.py:3437} INFO - Setting next_dagrun for dataset_consumes_1 to None, run_after=None
[2025-06-17T19:27:34.431+0200] {logging_mixin.py:137} INFO - [2025-06-17T19:27:34.431+0200] {dag.py:3437} INFO - Setting next_dagrun for dataset_consumes_1_and_2 to None, run_after=None
[2025-06-17T19:27:34.434+0200] {logging_mixin.py:137} INFO - [2025-06-17T19:27:34.434+0200] {dag.py:3437} INFO - Setting next_dagrun for dataset_consumes_1_never_scheduled to None, run_after=None
[2025-06-17T19:27:34.437+0200] {logging_mixin.py:137} INFO - [2025-06-17T19:27:34.436+0200] {dag.py:3437} INFO - Setting next_dagrun for dataset_consumes_unknown_never_scheduled to None, run_after=None
[2025-06-17T19:27:34.441+0200] {logging_mixin.py:137} INFO - [2025-06-17T19:27:34.441+0200] {dag.py:3437} INFO - Setting next_dagrun for dataset_produces_1 to 2025-06-16T00:00:00+00:00, run_after=2025-06-17T00:00:00+00:00
[2025-06-17T19:27:34.444+0200] {logging_mixin.py:137} INFO - [2025-06-17T19:27:34.444+0200] {dag.py:3437} INFO - Setting next_dagrun for dataset_produces_2 to None, run_after=None
[2025-06-17T19:27:34.525+0200] {processor.py:175} INFO - Processing /home/monica.fernandez/practica_creativa/venv-airflow/lib/python3.11/site-packages/airflow/example_dags/example_datasets.py took 0.228 seconds
[2025-06-17T19:28:34.811+0200] {processor.py:153} INFO - Started process (PID=161559) to work on /home/monica.fernandez/practica_creativa/venv-airflow/lib/python3.11/site-packages/airflow/example_dags/example_datasets.py
[2025-06-17T19:28:34.813+0200] {processor.py:743} INFO - Processing file /home/monica.fernandez/practica_creativa/venv-airflow/lib/python3.11/site-packages/airflow/example_dags/example_datasets.py for tasks to queue
[2025-06-17T19:28:34.814+0200] {logging_mixin.py:137} INFO - [2025-06-17T19:28:34.813+0200] {dagbag.py:538} INFO - Filling up the DagBag from /home/monica.fernandez/practica_creativa/venv-airflow/lib/python3.11/site-packages/airflow/example_dags/example_datasets.py
[2025-06-17T19:28:34.851+0200] {processor.py:753} INFO - DAG(s) dict_keys(['dataset_consumes_1_and_2', 'dataset_consumes_unknown_never_scheduled', 'dataset_produces_1', 'dataset_consumes_1', 'dataset_produces_2', 'dataset_consumes_1_never_scheduled']) retrieved from /home/monica.fernandez/practica_creativa/venv-airflow/lib/python3.11/site-packages/airflow/example_dags/example_datasets.py
[2025-06-17T19:28:34.932+0200] {logging_mixin.py:137} INFO - [2025-06-17T19:28:34.932+0200] {dag.py:2690} INFO - Sync 6 DAGs
[2025-06-17T19:28:34.972+0200] {logging_mixin.py:137} INFO - [2025-06-17T19:28:34.972+0200] {dag.py:3437} INFO - Setting next_dagrun for dataset_consumes_1 to None, run_after=None
[2025-06-17T19:28:34.979+0200] {logging_mixin.py:137} INFO - [2025-06-17T19:28:34.978+0200] {dag.py:3437} INFO - Setting next_dagrun for dataset_consumes_1_and_2 to None, run_after=None
[2025-06-17T19:28:34.981+0200] {logging_mixin.py:137} INFO - [2025-06-17T19:28:34.981+0200] {dag.py:3437} INFO - Setting next_dagrun for dataset_consumes_1_never_scheduled to None, run_after=None
[2025-06-17T19:28:34.984+0200] {logging_mixin.py:137} INFO - [2025-06-17T19:28:34.984+0200] {dag.py:3437} INFO - Setting next_dagrun for dataset_consumes_unknown_never_scheduled to None, run_after=None
[2025-06-17T19:28:34.991+0200] {logging_mixin.py:137} INFO - [2025-06-17T19:28:34.991+0200] {dag.py:3437} INFO - Setting next_dagrun for dataset_produces_1 to 2025-06-16T00:00:00+00:00, run_after=2025-06-17T00:00:00+00:00
[2025-06-17T19:28:34.995+0200] {logging_mixin.py:137} INFO - [2025-06-17T19:28:34.995+0200] {dag.py:3437} INFO - Setting next_dagrun for dataset_produces_2 to None, run_after=None
[2025-06-17T19:28:35.098+0200] {processor.py:175} INFO - Processing /home/monica.fernandez/practica_creativa/venv-airflow/lib/python3.11/site-packages/airflow/example_dags/example_datasets.py took 0.292 seconds
[2025-06-17T19:29:30.134+0200] {processor.py:153} INFO - Started process (PID=162053) to work on /home/monica.fernandez/practica_creativa/venv-airflow/lib/python3.11/site-packages/airflow/example_dags/example_datasets.py
[2025-06-17T19:29:30.135+0200] {processor.py:743} INFO - Processing file /home/monica.fernandez/practica_creativa/venv-airflow/lib/python3.11/site-packages/airflow/example_dags/example_datasets.py for tasks to queue
[2025-06-17T19:29:30.135+0200] {logging_mixin.py:137} INFO - [2025-06-17T19:29:30.135+0200] {dagbag.py:538} INFO - Filling up the DagBag from /home/monica.fernandez/practica_creativa/venv-airflow/lib/python3.11/site-packages/airflow/example_dags/example_datasets.py
[2025-06-17T19:29:30.186+0200] {processor.py:753} INFO - DAG(s) dict_keys(['dataset_consumes_1_and_2', 'dataset_consumes_unknown_never_scheduled', 'dataset_consumes_1_never_scheduled', 'dataset_produces_1', 'dataset_consumes_1', 'dataset_produces_2']) retrieved from /home/monica.fernandez/practica_creativa/venv-airflow/lib/python3.11/site-packages/airflow/example_dags/example_datasets.py
[2025-06-17T19:29:30.316+0200] {logging_mixin.py:137} INFO - [2025-06-17T19:29:30.316+0200] {dag.py:2690} INFO - Sync 6 DAGs
[2025-06-17T19:29:30.386+0200] {logging_mixin.py:137} INFO - [2025-06-17T19:29:30.386+0200] {dag.py:3437} INFO - Setting next_dagrun for dataset_consumes_1 to None, run_after=None
[2025-06-17T19:29:30.399+0200] {logging_mixin.py:137} INFO - [2025-06-17T19:29:30.398+0200] {dag.py:3437} INFO - Setting next_dagrun for dataset_consumes_1_and_2 to None, run_after=None
[2025-06-17T19:29:30.403+0200] {logging_mixin.py:137} INFO - [2025-06-17T19:29:30.403+0200] {dag.py:3437} INFO - Setting next_dagrun for dataset_consumes_1_never_scheduled to None, run_after=None
[2025-06-17T19:29:30.409+0200] {logging_mixin.py:137} INFO - [2025-06-17T19:29:30.409+0200] {dag.py:3437} INFO - Setting next_dagrun for dataset_consumes_unknown_never_scheduled to None, run_after=None
[2025-06-17T19:29:30.419+0200] {logging_mixin.py:137} INFO - [2025-06-17T19:29:30.419+0200] {dag.py:3437} INFO - Setting next_dagrun for dataset_produces_1 to 2025-06-16T00:00:00+00:00, run_after=2025-06-17T00:00:00+00:00
[2025-06-17T19:29:30.431+0200] {logging_mixin.py:137} INFO - [2025-06-17T19:29:30.431+0200] {dag.py:3437} INFO - Setting next_dagrun for dataset_produces_2 to None, run_after=None
[2025-06-17T19:29:30.618+0200] {processor.py:175} INFO - Processing /home/monica.fernandez/practica_creativa/venv-airflow/lib/python3.11/site-packages/airflow/example_dags/example_datasets.py took 0.502 seconds
[2025-06-17T19:34:34.392+0200] {processor.py:153} INFO - Started process (PID=165509) to work on /home/monica.fernandez/practica_creativa/venv-airflow/lib/python3.11/site-packages/airflow/example_dags/example_datasets.py
[2025-06-17T19:34:34.393+0200] {processor.py:743} INFO - Processing file /home/monica.fernandez/practica_creativa/venv-airflow/lib/python3.11/site-packages/airflow/example_dags/example_datasets.py for tasks to queue
[2025-06-17T19:34:34.395+0200] {logging_mixin.py:137} INFO - [2025-06-17T19:34:34.394+0200] {dagbag.py:538} INFO - Filling up the DagBag from /home/monica.fernandez/practica_creativa/venv-airflow/lib/python3.11/site-packages/airflow/example_dags/example_datasets.py
[2025-06-17T19:34:34.407+0200] {processor.py:753} INFO - DAG(s) dict_keys(['dataset_consumes_1_and_2', 'dataset_produces_2', 'dataset_consumes_unknown_never_scheduled', 'dataset_consumes_1', 'dataset_consumes_1_never_scheduled', 'dataset_produces_1']) retrieved from /home/monica.fernandez/practica_creativa/venv-airflow/lib/python3.11/site-packages/airflow/example_dags/example_datasets.py
[2025-06-17T19:34:34.488+0200] {logging_mixin.py:137} INFO - [2025-06-17T19:34:34.487+0200] {dag.py:2690} INFO - Sync 6 DAGs
[2025-06-17T19:34:34.527+0200] {logging_mixin.py:137} INFO - [2025-06-17T19:34:34.527+0200] {dag.py:3437} INFO - Setting next_dagrun for dataset_consumes_1 to None, run_after=None
[2025-06-17T19:34:34.542+0200] {logging_mixin.py:137} INFO - [2025-06-17T19:34:34.541+0200] {dag.py:3437} INFO - Setting next_dagrun for dataset_consumes_1_and_2 to None, run_after=None
[2025-06-17T19:34:34.546+0200] {logging_mixin.py:137} INFO - [2025-06-17T19:34:34.546+0200] {dag.py:3437} INFO - Setting next_dagrun for dataset_consumes_1_never_scheduled to None, run_after=None
[2025-06-17T19:34:34.551+0200] {logging_mixin.py:137} INFO - [2025-06-17T19:34:34.550+0200] {dag.py:3437} INFO - Setting next_dagrun for dataset_consumes_unknown_never_scheduled to None, run_after=None
[2025-06-17T19:34:34.561+0200] {logging_mixin.py:137} INFO - [2025-06-17T19:34:34.561+0200] {dag.py:3437} INFO - Setting next_dagrun for dataset_produces_1 to 2025-06-16T00:00:00+00:00, run_after=2025-06-17T00:00:00+00:00
[2025-06-17T19:34:34.564+0200] {logging_mixin.py:137} INFO - [2025-06-17T19:34:34.564+0200] {dag.py:3437} INFO - Setting next_dagrun for dataset_produces_2 to None, run_after=None
[2025-06-17T19:34:34.718+0200] {processor.py:175} INFO - Processing /home/monica.fernandez/practica_creativa/venv-airflow/lib/python3.11/site-packages/airflow/example_dags/example_datasets.py took 0.329 seconds
[2025-06-17T19:35:25.312+0200] {processor.py:153} INFO - Started process (PID=165928) to work on /home/monica.fernandez/practica_creativa/venv-airflow/lib/python3.11/site-packages/airflow/example_dags/example_datasets.py
[2025-06-17T19:35:25.315+0200] {processor.py:743} INFO - Processing file /home/monica.fernandez/practica_creativa/venv-airflow/lib/python3.11/site-packages/airflow/example_dags/example_datasets.py for tasks to queue
[2025-06-17T19:35:25.315+0200] {logging_mixin.py:137} INFO - [2025-06-17T19:35:25.315+0200] {dagbag.py:538} INFO - Filling up the DagBag from /home/monica.fernandez/practica_creativa/venv-airflow/lib/python3.11/site-packages/airflow/example_dags/example_datasets.py
[2025-06-17T19:35:25.335+0200] {processor.py:753} INFO - DAG(s) dict_keys(['dataset_produces_2', 'dataset_consumes_1_never_scheduled', 'dataset_consumes_1', 'dataset_consumes_unknown_never_scheduled', 'dataset_consumes_1_and_2', 'dataset_produces_1']) retrieved from /home/monica.fernandez/practica_creativa/venv-airflow/lib/python3.11/site-packages/airflow/example_dags/example_datasets.py
[2025-06-17T19:35:25.426+0200] {logging_mixin.py:137} INFO - [2025-06-17T19:35:25.426+0200] {dag.py:2690} INFO - Sync 6 DAGs
[2025-06-17T19:35:25.461+0200] {logging_mixin.py:137} INFO - [2025-06-17T19:35:25.461+0200] {dag.py:3437} INFO - Setting next_dagrun for dataset_consumes_1 to None, run_after=None
[2025-06-17T19:35:25.473+0200] {logging_mixin.py:137} INFO - [2025-06-17T19:35:25.472+0200] {dag.py:3437} INFO - Setting next_dagrun for dataset_consumes_1_and_2 to None, run_after=None
[2025-06-17T19:35:25.476+0200] {logging_mixin.py:137} INFO - [2025-06-17T19:35:25.476+0200] {dag.py:3437} INFO - Setting next_dagrun for dataset_consumes_1_never_scheduled to None, run_after=None
[2025-06-17T19:35:25.478+0200] {logging_mixin.py:137} INFO - [2025-06-17T19:35:25.478+0200] {dag.py:3437} INFO - Setting next_dagrun for dataset_consumes_unknown_never_scheduled to None, run_after=None
[2025-06-17T19:35:25.483+0200] {logging_mixin.py:137} INFO - [2025-06-17T19:35:25.483+0200] {dag.py:3437} INFO - Setting next_dagrun for dataset_produces_1 to 2025-06-16T00:00:00+00:00, run_after=2025-06-17T00:00:00+00:00
[2025-06-17T19:35:25.489+0200] {logging_mixin.py:137} INFO - [2025-06-17T19:35:25.489+0200] {dag.py:3437} INFO - Setting next_dagrun for dataset_produces_2 to None, run_after=None
[2025-06-17T19:35:25.615+0200] {processor.py:175} INFO - Processing /home/monica.fernandez/practica_creativa/venv-airflow/lib/python3.11/site-packages/airflow/example_dags/example_datasets.py took 0.306 seconds
[2025-06-17T19:36:27.904+0200] {processor.py:153} INFO - Started process (PID=166691) to work on /home/monica.fernandez/practica_creativa/venv-airflow/lib/python3.11/site-packages/airflow/example_dags/example_datasets.py
[2025-06-17T19:36:27.906+0200] {processor.py:743} INFO - Processing file /home/monica.fernandez/practica_creativa/venv-airflow/lib/python3.11/site-packages/airflow/example_dags/example_datasets.py for tasks to queue
[2025-06-17T19:36:27.907+0200] {logging_mixin.py:137} INFO - [2025-06-17T19:36:27.907+0200] {dagbag.py:538} INFO - Filling up the DagBag from /home/monica.fernandez/practica_creativa/venv-airflow/lib/python3.11/site-packages/airflow/example_dags/example_datasets.py
[2025-06-17T19:36:27.929+0200] {processor.py:753} INFO - DAG(s) dict_keys(['dataset_consumes_1_never_scheduled', 'dataset_consumes_1', 'dataset_produces_1', 'dataset_consumes_1_and_2', 'dataset_produces_2', 'dataset_consumes_unknown_never_scheduled']) retrieved from /home/monica.fernandez/practica_creativa/venv-airflow/lib/python3.11/site-packages/airflow/example_dags/example_datasets.py
[2025-06-17T19:36:27.985+0200] {logging_mixin.py:137} INFO - [2025-06-17T19:36:27.985+0200] {dag.py:2690} INFO - Sync 6 DAGs
[2025-06-17T19:36:28.010+0200] {logging_mixin.py:137} INFO - [2025-06-17T19:36:28.010+0200] {dag.py:3437} INFO - Setting next_dagrun for dataset_consumes_1 to None, run_after=None
[2025-06-17T19:36:28.015+0200] {logging_mixin.py:137} INFO - [2025-06-17T19:36:28.015+0200] {dag.py:3437} INFO - Setting next_dagrun for dataset_consumes_1_and_2 to None, run_after=None
[2025-06-17T19:36:28.017+0200] {logging_mixin.py:137} INFO - [2025-06-17T19:36:28.017+0200] {dag.py:3437} INFO - Setting next_dagrun for dataset_consumes_1_never_scheduled to None, run_after=None
[2025-06-17T19:36:28.020+0200] {logging_mixin.py:137} INFO - [2025-06-17T19:36:28.020+0200] {dag.py:3437} INFO - Setting next_dagrun for dataset_consumes_unknown_never_scheduled to None, run_after=None
[2025-06-17T19:36:28.024+0200] {logging_mixin.py:137} INFO - [2025-06-17T19:36:28.024+0200] {dag.py:3437} INFO - Setting next_dagrun for dataset_produces_1 to 2025-06-16T00:00:00+00:00, run_after=2025-06-17T00:00:00+00:00
[2025-06-17T19:36:28.027+0200] {logging_mixin.py:137} INFO - [2025-06-17T19:36:28.027+0200] {dag.py:3437} INFO - Setting next_dagrun for dataset_produces_2 to None, run_after=None
[2025-06-17T19:36:28.119+0200] {processor.py:175} INFO - Processing /home/monica.fernandez/practica_creativa/venv-airflow/lib/python3.11/site-packages/airflow/example_dags/example_datasets.py took 0.223 seconds
