[2025-06-17T13:18:31.212+0200] {processor.py:153} INFO - Started process (PID=90405) to work on /home/monica.fernandez/practica_creativa/venv-airflow/lib/python3.11/site-packages/airflow/example_dags/example_branch_operator_decorator.py
[2025-06-17T13:18:31.212+0200] {processor.py:743} INFO - Processing file /home/monica.fernandez/practica_creativa/venv-airflow/lib/python3.11/site-packages/airflow/example_dags/example_branch_operator_decorator.py for tasks to queue
[2025-06-17T13:18:31.213+0200] {logging_mixin.py:137} INFO - [2025-06-17T13:18:31.213+0200] {dagbag.py:538} INFO - Filling up the DagBag from /home/monica.fernandez/practica_creativa/venv-airflow/lib/python3.11/site-packages/airflow/example_dags/example_branch_operator_decorator.py
[2025-06-17T13:18:31.250+0200] {processor.py:753} INFO - DAG(s) dict_keys(['example_branch_python_operator_decorator']) retrieved from /home/monica.fernandez/practica_creativa/venv-airflow/lib/python3.11/site-packages/airflow/example_dags/example_branch_operator_decorator.py
[2025-06-17T13:18:31.293+0200] {logging_mixin.py:137} INFO - [2025-06-17T13:18:31.292+0200] {dag.py:2690} INFO - Sync 1 DAGs
[2025-06-17T13:18:31.331+0200] {logging_mixin.py:137} INFO - [2025-06-17T13:18:31.331+0200] {dag.py:3437} INFO - Setting next_dagrun for example_branch_python_operator_decorator to 2025-06-16T00:00:00+00:00, run_after=2025-06-17T00:00:00+00:00
[2025-06-17T13:18:31.409+0200] {processor.py:175} INFO - Processing /home/monica.fernandez/practica_creativa/venv-airflow/lib/python3.11/site-packages/airflow/example_dags/example_branch_operator_decorator.py took 0.203 seconds
[2025-06-17T13:25:09.712+0200] {processor.py:153} INFO - Started process (PID=95285) to work on /home/monica.fernandez/practica_creativa/venv-airflow/lib/python3.11/site-packages/airflow/example_dags/example_branch_operator_decorator.py
[2025-06-17T13:25:09.713+0200] {processor.py:743} INFO - Processing file /home/monica.fernandez/practica_creativa/venv-airflow/lib/python3.11/site-packages/airflow/example_dags/example_branch_operator_decorator.py for tasks to queue
[2025-06-17T13:25:09.713+0200] {logging_mixin.py:137} INFO - [2025-06-17T13:25:09.713+0200] {dagbag.py:538} INFO - Filling up the DagBag from /home/monica.fernandez/practica_creativa/venv-airflow/lib/python3.11/site-packages/airflow/example_dags/example_branch_operator_decorator.py
[2025-06-17T13:25:09.784+0200] {processor.py:753} INFO - DAG(s) dict_keys(['example_branch_python_operator_decorator']) retrieved from /home/monica.fernandez/practica_creativa/venv-airflow/lib/python3.11/site-packages/airflow/example_dags/example_branch_operator_decorator.py
[2025-06-17T13:25:09.870+0200] {logging_mixin.py:137} INFO - [2025-06-17T13:25:09.870+0200] {dag.py:2690} INFO - Sync 1 DAGs
[2025-06-17T13:25:09.941+0200] {logging_mixin.py:137} INFO - [2025-06-17T13:25:09.941+0200] {dag.py:3437} INFO - Setting next_dagrun for example_branch_python_operator_decorator to 2025-06-16T00:00:00+00:00, run_after=2025-06-17T00:00:00+00:00
[2025-06-17T13:25:10.019+0200] {processor.py:175} INFO - Processing /home/monica.fernandez/practica_creativa/venv-airflow/lib/python3.11/site-packages/airflow/example_dags/example_branch_operator_decorator.py took 0.315 seconds
[2025-06-17T13:25:58.860+0200] {processor.py:153} INFO - Started process (PID=95721) to work on /home/monica.fernandez/practica_creativa/venv-airflow/lib/python3.11/site-packages/airflow/example_dags/example_branch_operator_decorator.py
[2025-06-17T13:25:58.861+0200] {processor.py:743} INFO - Processing file /home/monica.fernandez/practica_creativa/venv-airflow/lib/python3.11/site-packages/airflow/example_dags/example_branch_operator_decorator.py for tasks to queue
[2025-06-17T13:25:58.861+0200] {logging_mixin.py:137} INFO - [2025-06-17T13:25:58.861+0200] {dagbag.py:538} INFO - Filling up the DagBag from /home/monica.fernandez/practica_creativa/venv-airflow/lib/python3.11/site-packages/airflow/example_dags/example_branch_operator_decorator.py
[2025-06-17T13:25:58.885+0200] {processor.py:753} INFO - DAG(s) dict_keys(['example_branch_python_operator_decorator']) retrieved from /home/monica.fernandez/practica_creativa/venv-airflow/lib/python3.11/site-packages/airflow/example_dags/example_branch_operator_decorator.py
[2025-06-17T13:25:58.916+0200] {logging_mixin.py:137} INFO - [2025-06-17T13:25:58.916+0200] {dag.py:2690} INFO - Sync 1 DAGs
[2025-06-17T13:25:58.943+0200] {logging_mixin.py:137} INFO - [2025-06-17T13:25:58.943+0200] {dag.py:3437} INFO - Setting next_dagrun for example_branch_python_operator_decorator to 2025-06-16T00:00:00+00:00, run_after=2025-06-17T00:00:00+00:00
[2025-06-17T13:25:59.000+0200] {processor.py:175} INFO - Processing /home/monica.fernandez/practica_creativa/venv-airflow/lib/python3.11/site-packages/airflow/example_dags/example_branch_operator_decorator.py took 0.143 seconds
[2025-06-17T13:26:07.346+0200] {processor.py:153} INFO - Started process (PID=95824) to work on /home/monica.fernandez/practica_creativa/venv-airflow/lib/python3.11/site-packages/airflow/example_dags/example_branch_operator_decorator.py
[2025-06-17T13:26:07.348+0200] {processor.py:743} INFO - Processing file /home/monica.fernandez/practica_creativa/venv-airflow/lib/python3.11/site-packages/airflow/example_dags/example_branch_operator_decorator.py for tasks to queue
[2025-06-17T13:26:07.348+0200] {logging_mixin.py:137} INFO - [2025-06-17T13:26:07.348+0200] {dagbag.py:538} INFO - Filling up the DagBag from /home/monica.fernandez/practica_creativa/venv-airflow/lib/python3.11/site-packages/airflow/example_dags/example_branch_operator_decorator.py
[2025-06-17T13:26:07.379+0200] {processor.py:753} INFO - DAG(s) dict_keys(['example_branch_python_operator_decorator']) retrieved from /home/monica.fernandez/practica_creativa/venv-airflow/lib/python3.11/site-packages/airflow/example_dags/example_branch_operator_decorator.py
[2025-06-17T13:26:07.406+0200] {logging_mixin.py:137} INFO - [2025-06-17T13:26:07.406+0200] {dag.py:2690} INFO - Sync 1 DAGs
[2025-06-17T13:26:07.428+0200] {logging_mixin.py:137} INFO - [2025-06-17T13:26:07.428+0200] {dag.py:3437} INFO - Setting next_dagrun for example_branch_python_operator_decorator to 2025-06-16T00:00:00+00:00, run_after=2025-06-17T00:00:00+00:00
[2025-06-17T13:26:07.483+0200] {processor.py:175} INFO - Processing /home/monica.fernandez/practica_creativa/venv-airflow/lib/python3.11/site-packages/airflow/example_dags/example_branch_operator_decorator.py took 0.143 seconds
[2025-06-17T13:27:00.858+0200] {processor.py:153} INFO - Started process (PID=96311) to work on /home/monica.fernandez/practica_creativa/venv-airflow/lib/python3.11/site-packages/airflow/example_dags/example_branch_operator_decorator.py
[2025-06-17T13:27:00.859+0200] {processor.py:743} INFO - Processing file /home/monica.fernandez/practica_creativa/venv-airflow/lib/python3.11/site-packages/airflow/example_dags/example_branch_operator_decorator.py for tasks to queue
[2025-06-17T13:27:00.859+0200] {logging_mixin.py:137} INFO - [2025-06-17T13:27:00.859+0200] {dagbag.py:538} INFO - Filling up the DagBag from /home/monica.fernandez/practica_creativa/venv-airflow/lib/python3.11/site-packages/airflow/example_dags/example_branch_operator_decorator.py
[2025-06-17T13:27:00.887+0200] {processor.py:753} INFO - DAG(s) dict_keys(['example_branch_python_operator_decorator']) retrieved from /home/monica.fernandez/practica_creativa/venv-airflow/lib/python3.11/site-packages/airflow/example_dags/example_branch_operator_decorator.py
[2025-06-17T13:27:00.939+0200] {logging_mixin.py:137} INFO - [2025-06-17T13:27:00.939+0200] {dag.py:2690} INFO - Sync 1 DAGs
[2025-06-17T13:27:00.979+0200] {logging_mixin.py:137} INFO - [2025-06-17T13:27:00.979+0200] {dag.py:3437} INFO - Setting next_dagrun for example_branch_python_operator_decorator to 2025-06-16T00:00:00+00:00, run_after=2025-06-17T00:00:00+00:00
[2025-06-17T13:27:01.083+0200] {processor.py:175} INFO - Processing /home/monica.fernandez/practica_creativa/venv-airflow/lib/python3.11/site-packages/airflow/example_dags/example_branch_operator_decorator.py took 0.227 seconds
[2025-06-17T13:27:09.584+0200] {processor.py:153} INFO - Started process (PID=96392) to work on /home/monica.fernandez/practica_creativa/venv-airflow/lib/python3.11/site-packages/airflow/example_dags/example_branch_operator_decorator.py
[2025-06-17T13:27:09.586+0200] {processor.py:743} INFO - Processing file /home/monica.fernandez/practica_creativa/venv-airflow/lib/python3.11/site-packages/airflow/example_dags/example_branch_operator_decorator.py for tasks to queue
[2025-06-17T13:27:09.586+0200] {logging_mixin.py:137} INFO - [2025-06-17T13:27:09.586+0200] {dagbag.py:538} INFO - Filling up the DagBag from /home/monica.fernandez/practica_creativa/venv-airflow/lib/python3.11/site-packages/airflow/example_dags/example_branch_operator_decorator.py
[2025-06-17T13:27:09.618+0200] {processor.py:753} INFO - DAG(s) dict_keys(['example_branch_python_operator_decorator']) retrieved from /home/monica.fernandez/practica_creativa/venv-airflow/lib/python3.11/site-packages/airflow/example_dags/example_branch_operator_decorator.py
[2025-06-17T13:27:09.663+0200] {logging_mixin.py:137} INFO - [2025-06-17T13:27:09.663+0200] {dag.py:2690} INFO - Sync 1 DAGs
[2025-06-17T13:27:09.694+0200] {logging_mixin.py:137} INFO - [2025-06-17T13:27:09.693+0200] {dag.py:3437} INFO - Setting next_dagrun for example_branch_python_operator_decorator to 2025-06-16T00:00:00+00:00, run_after=2025-06-17T00:00:00+00:00
[2025-06-17T13:27:09.767+0200] {processor.py:175} INFO - Processing /home/monica.fernandez/practica_creativa/venv-airflow/lib/python3.11/site-packages/airflow/example_dags/example_branch_operator_decorator.py took 0.187 seconds
[2025-06-17T13:28:11.565+0200] {processor.py:153} INFO - Started process (PID=97007) to work on /home/monica.fernandez/practica_creativa/venv-airflow/lib/python3.11/site-packages/airflow/example_dags/example_branch_operator_decorator.py
[2025-06-17T13:28:11.569+0200] {processor.py:743} INFO - Processing file /home/monica.fernandez/practica_creativa/venv-airflow/lib/python3.11/site-packages/airflow/example_dags/example_branch_operator_decorator.py for tasks to queue
[2025-06-17T13:28:11.570+0200] {logging_mixin.py:137} INFO - [2025-06-17T13:28:11.570+0200] {dagbag.py:538} INFO - Filling up the DagBag from /home/monica.fernandez/practica_creativa/venv-airflow/lib/python3.11/site-packages/airflow/example_dags/example_branch_operator_decorator.py
[2025-06-17T13:28:11.637+0200] {processor.py:753} INFO - DAG(s) dict_keys(['example_branch_python_operator_decorator']) retrieved from /home/monica.fernandez/practica_creativa/venv-airflow/lib/python3.11/site-packages/airflow/example_dags/example_branch_operator_decorator.py
[2025-06-17T13:28:11.698+0200] {logging_mixin.py:137} INFO - [2025-06-17T13:28:11.697+0200] {dag.py:2690} INFO - Sync 1 DAGs
[2025-06-17T13:28:11.741+0200] {logging_mixin.py:137} INFO - [2025-06-17T13:28:11.741+0200] {dag.py:3437} INFO - Setting next_dagrun for example_branch_python_operator_decorator to 2025-06-16T00:00:00+00:00, run_after=2025-06-17T00:00:00+00:00
[2025-06-17T13:28:11.829+0200] {processor.py:175} INFO - Processing /home/monica.fernandez/practica_creativa/venv-airflow/lib/python3.11/site-packages/airflow/example_dags/example_branch_operator_decorator.py took 0.274 seconds
[2025-06-17T13:28:25.095+0200] {processor.py:153} INFO - Started process (PID=97111) to work on /home/monica.fernandez/practica_creativa/venv-airflow/lib/python3.11/site-packages/airflow/example_dags/example_branch_operator_decorator.py
[2025-06-17T13:28:25.095+0200] {processor.py:743} INFO - Processing file /home/monica.fernandez/practica_creativa/venv-airflow/lib/python3.11/site-packages/airflow/example_dags/example_branch_operator_decorator.py for tasks to queue
[2025-06-17T13:28:25.096+0200] {logging_mixin.py:137} INFO - [2025-06-17T13:28:25.096+0200] {dagbag.py:538} INFO - Filling up the DagBag from /home/monica.fernandez/practica_creativa/venv-airflow/lib/python3.11/site-packages/airflow/example_dags/example_branch_operator_decorator.py
[2025-06-17T13:28:25.132+0200] {processor.py:753} INFO - DAG(s) dict_keys(['example_branch_python_operator_decorator']) retrieved from /home/monica.fernandez/practica_creativa/venv-airflow/lib/python3.11/site-packages/airflow/example_dags/example_branch_operator_decorator.py
[2025-06-17T13:28:25.165+0200] {logging_mixin.py:137} INFO - [2025-06-17T13:28:25.165+0200] {dag.py:2690} INFO - Sync 1 DAGs
[2025-06-17T13:28:25.193+0200] {logging_mixin.py:137} INFO - [2025-06-17T13:28:25.193+0200] {dag.py:3437} INFO - Setting next_dagrun for example_branch_python_operator_decorator to 2025-06-16T00:00:00+00:00, run_after=2025-06-17T00:00:00+00:00
[2025-06-17T13:28:25.257+0200] {processor.py:175} INFO - Processing /home/monica.fernandez/practica_creativa/venv-airflow/lib/python3.11/site-packages/airflow/example_dags/example_branch_operator_decorator.py took 0.166 seconds
[2025-06-17T13:32:38.353+0200] {processor.py:153} INFO - Started process (PID=100396) to work on /home/monica.fernandez/practica_creativa/venv-airflow/lib/python3.11/site-packages/airflow/example_dags/example_branch_operator_decorator.py
[2025-06-17T13:32:38.354+0200] {processor.py:743} INFO - Processing file /home/monica.fernandez/practica_creativa/venv-airflow/lib/python3.11/site-packages/airflow/example_dags/example_branch_operator_decorator.py for tasks to queue
[2025-06-17T13:32:38.357+0200] {logging_mixin.py:137} INFO - [2025-06-17T13:32:38.357+0200] {dagbag.py:538} INFO - Filling up the DagBag from /home/monica.fernandez/practica_creativa/venv-airflow/lib/python3.11/site-packages/airflow/example_dags/example_branch_operator_decorator.py
[2025-06-17T13:32:38.418+0200] {processor.py:753} INFO - DAG(s) dict_keys(['example_branch_python_operator_decorator']) retrieved from /home/monica.fernandez/practica_creativa/venv-airflow/lib/python3.11/site-packages/airflow/example_dags/example_branch_operator_decorator.py
[2025-06-17T13:32:38.499+0200] {logging_mixin.py:137} INFO - [2025-06-17T13:32:38.498+0200] {dag.py:2690} INFO - Sync 1 DAGs
[2025-06-17T13:32:38.553+0200] {logging_mixin.py:137} INFO - [2025-06-17T13:32:38.553+0200] {dag.py:3437} INFO - Setting next_dagrun for example_branch_python_operator_decorator to 2025-06-16T00:00:00+00:00, run_after=2025-06-17T00:00:00+00:00
[2025-06-17T13:32:38.657+0200] {processor.py:175} INFO - Processing /home/monica.fernandez/practica_creativa/venv-airflow/lib/python3.11/site-packages/airflow/example_dags/example_branch_operator_decorator.py took 0.311 seconds
[2025-06-17T13:33:33.594+0200] {processor.py:153} INFO - Started process (PID=101078) to work on /home/monica.fernandez/practica_creativa/venv-airflow/lib/python3.11/site-packages/airflow/example_dags/example_branch_operator_decorator.py
[2025-06-17T13:33:33.595+0200] {processor.py:743} INFO - Processing file /home/monica.fernandez/practica_creativa/venv-airflow/lib/python3.11/site-packages/airflow/example_dags/example_branch_operator_decorator.py for tasks to queue
[2025-06-17T13:33:33.596+0200] {logging_mixin.py:137} INFO - [2025-06-17T13:33:33.596+0200] {dagbag.py:538} INFO - Filling up the DagBag from /home/monica.fernandez/practica_creativa/venv-airflow/lib/python3.11/site-packages/airflow/example_dags/example_branch_operator_decorator.py
[2025-06-17T13:33:33.630+0200] {processor.py:753} INFO - DAG(s) dict_keys(['example_branch_python_operator_decorator']) retrieved from /home/monica.fernandez/practica_creativa/venv-airflow/lib/python3.11/site-packages/airflow/example_dags/example_branch_operator_decorator.py
[2025-06-17T13:33:33.667+0200] {logging_mixin.py:137} INFO - [2025-06-17T13:33:33.667+0200] {dag.py:2690} INFO - Sync 1 DAGs
[2025-06-17T13:33:33.701+0200] {logging_mixin.py:137} INFO - [2025-06-17T13:33:33.700+0200] {dag.py:3437} INFO - Setting next_dagrun for example_branch_python_operator_decorator to 2025-06-16T00:00:00+00:00, run_after=2025-06-17T00:00:00+00:00
[2025-06-17T13:33:33.779+0200] {processor.py:175} INFO - Processing /home/monica.fernandez/practica_creativa/venv-airflow/lib/python3.11/site-packages/airflow/example_dags/example_branch_operator_decorator.py took 0.188 seconds
[2025-06-17T13:34:41.936+0200] {processor.py:153} INFO - Started process (PID=101870) to work on /home/monica.fernandez/practica_creativa/venv-airflow/lib/python3.11/site-packages/airflow/example_dags/example_branch_operator_decorator.py
[2025-06-17T13:34:41.937+0200] {processor.py:743} INFO - Processing file /home/monica.fernandez/practica_creativa/venv-airflow/lib/python3.11/site-packages/airflow/example_dags/example_branch_operator_decorator.py for tasks to queue
[2025-06-17T13:34:41.938+0200] {logging_mixin.py:137} INFO - [2025-06-17T13:34:41.938+0200] {dagbag.py:538} INFO - Filling up the DagBag from /home/monica.fernandez/practica_creativa/venv-airflow/lib/python3.11/site-packages/airflow/example_dags/example_branch_operator_decorator.py
[2025-06-17T13:34:41.974+0200] {processor.py:753} INFO - DAG(s) dict_keys(['example_branch_python_operator_decorator']) retrieved from /home/monica.fernandez/practica_creativa/venv-airflow/lib/python3.11/site-packages/airflow/example_dags/example_branch_operator_decorator.py
[2025-06-17T13:34:42.011+0200] {logging_mixin.py:137} INFO - [2025-06-17T13:34:42.010+0200] {dag.py:2690} INFO - Sync 1 DAGs
[2025-06-17T13:34:42.047+0200] {logging_mixin.py:137} INFO - [2025-06-17T13:34:42.047+0200] {dag.py:3437} INFO - Setting next_dagrun for example_branch_python_operator_decorator to 2025-06-16T00:00:00+00:00, run_after=2025-06-17T00:00:00+00:00
[2025-06-17T13:34:42.112+0200] {processor.py:175} INFO - Processing /home/monica.fernandez/practica_creativa/venv-airflow/lib/python3.11/site-packages/airflow/example_dags/example_branch_operator_decorator.py took 0.180 seconds
[2025-06-17T13:34:52.801+0200] {processor.py:153} INFO - Started process (PID=102009) to work on /home/monica.fernandez/practica_creativa/venv-airflow/lib/python3.11/site-packages/airflow/example_dags/example_branch_operator_decorator.py
[2025-06-17T13:34:52.802+0200] {processor.py:743} INFO - Processing file /home/monica.fernandez/practica_creativa/venv-airflow/lib/python3.11/site-packages/airflow/example_dags/example_branch_operator_decorator.py for tasks to queue
[2025-06-17T13:34:52.807+0200] {logging_mixin.py:137} INFO - [2025-06-17T13:34:52.806+0200] {dagbag.py:538} INFO - Filling up the DagBag from /home/monica.fernandez/practica_creativa/venv-airflow/lib/python3.11/site-packages/airflow/example_dags/example_branch_operator_decorator.py
[2025-06-17T13:34:52.838+0200] {processor.py:753} INFO - DAG(s) dict_keys(['example_branch_python_operator_decorator']) retrieved from /home/monica.fernandez/practica_creativa/venv-airflow/lib/python3.11/site-packages/airflow/example_dags/example_branch_operator_decorator.py
[2025-06-17T13:34:52.879+0200] {logging_mixin.py:137} INFO - [2025-06-17T13:34:52.879+0200] {dag.py:2690} INFO - Sync 1 DAGs
[2025-06-17T13:34:52.906+0200] {logging_mixin.py:137} INFO - [2025-06-17T13:34:52.906+0200] {dag.py:3437} INFO - Setting next_dagrun for example_branch_python_operator_decorator to 2025-06-16T00:00:00+00:00, run_after=2025-06-17T00:00:00+00:00
[2025-06-17T13:34:52.969+0200] {processor.py:175} INFO - Processing /home/monica.fernandez/practica_creativa/venv-airflow/lib/python3.11/site-packages/airflow/example_dags/example_branch_operator_decorator.py took 0.173 seconds
[2025-06-17T13:35:35.645+0200] {processor.py:153} INFO - Started process (PID=102401) to work on /home/monica.fernandez/practica_creativa/venv-airflow/lib/python3.11/site-packages/airflow/example_dags/example_branch_operator_decorator.py
[2025-06-17T13:35:35.646+0200] {processor.py:743} INFO - Processing file /home/monica.fernandez/practica_creativa/venv-airflow/lib/python3.11/site-packages/airflow/example_dags/example_branch_operator_decorator.py for tasks to queue
[2025-06-17T13:35:35.646+0200] {logging_mixin.py:137} INFO - [2025-06-17T13:35:35.646+0200] {dagbag.py:538} INFO - Filling up the DagBag from /home/monica.fernandez/practica_creativa/venv-airflow/lib/python3.11/site-packages/airflow/example_dags/example_branch_operator_decorator.py
[2025-06-17T13:35:35.680+0200] {processor.py:753} INFO - DAG(s) dict_keys(['example_branch_python_operator_decorator']) retrieved from /home/monica.fernandez/practica_creativa/venv-airflow/lib/python3.11/site-packages/airflow/example_dags/example_branch_operator_decorator.py
[2025-06-17T13:35:35.728+0200] {logging_mixin.py:137} INFO - [2025-06-17T13:35:35.728+0200] {dag.py:2690} INFO - Sync 1 DAGs
[2025-06-17T13:35:35.776+0200] {logging_mixin.py:137} INFO - [2025-06-17T13:35:35.776+0200] {dag.py:3437} INFO - Setting next_dagrun for example_branch_python_operator_decorator to 2025-06-16T00:00:00+00:00, run_after=2025-06-17T00:00:00+00:00
[2025-06-17T13:35:35.866+0200] {processor.py:175} INFO - Processing /home/monica.fernandez/practica_creativa/venv-airflow/lib/python3.11/site-packages/airflow/example_dags/example_branch_operator_decorator.py took 0.229 seconds
[2025-06-17T13:35:53.877+0200] {processor.py:153} INFO - Started process (PID=102608) to work on /home/monica.fernandez/practica_creativa/venv-airflow/lib/python3.11/site-packages/airflow/example_dags/example_branch_operator_decorator.py
[2025-06-17T13:35:53.878+0200] {processor.py:743} INFO - Processing file /home/monica.fernandez/practica_creativa/venv-airflow/lib/python3.11/site-packages/airflow/example_dags/example_branch_operator_decorator.py for tasks to queue
[2025-06-17T13:35:53.880+0200] {logging_mixin.py:137} INFO - [2025-06-17T13:35:53.879+0200] {dagbag.py:538} INFO - Filling up the DagBag from /home/monica.fernandez/practica_creativa/venv-airflow/lib/python3.11/site-packages/airflow/example_dags/example_branch_operator_decorator.py
[2025-06-17T13:35:53.932+0200] {processor.py:753} INFO - DAG(s) dict_keys(['example_branch_python_operator_decorator']) retrieved from /home/monica.fernandez/practica_creativa/venv-airflow/lib/python3.11/site-packages/airflow/example_dags/example_branch_operator_decorator.py
[2025-06-17T13:35:53.997+0200] {logging_mixin.py:137} INFO - [2025-06-17T13:35:53.997+0200] {dag.py:2690} INFO - Sync 1 DAGs
[2025-06-17T13:35:54.087+0200] {logging_mixin.py:137} INFO - [2025-06-17T13:35:54.087+0200] {dag.py:3437} INFO - Setting next_dagrun for example_branch_python_operator_decorator to 2025-06-16T00:00:00+00:00, run_after=2025-06-17T00:00:00+00:00
[2025-06-17T13:35:54.205+0200] {processor.py:175} INFO - Processing /home/monica.fernandez/practica_creativa/venv-airflow/lib/python3.11/site-packages/airflow/example_dags/example_branch_operator_decorator.py took 0.332 seconds
[2025-06-17T13:36:49.723+0200] {processor.py:153} INFO - Started process (PID=103212) to work on /home/monica.fernandez/practica_creativa/venv-airflow/lib/python3.11/site-packages/airflow/example_dags/example_branch_operator_decorator.py
[2025-06-17T13:36:49.724+0200] {processor.py:743} INFO - Processing file /home/monica.fernandez/practica_creativa/venv-airflow/lib/python3.11/site-packages/airflow/example_dags/example_branch_operator_decorator.py for tasks to queue
[2025-06-17T13:36:49.724+0200] {logging_mixin.py:137} INFO - [2025-06-17T13:36:49.724+0200] {dagbag.py:538} INFO - Filling up the DagBag from /home/monica.fernandez/practica_creativa/venv-airflow/lib/python3.11/site-packages/airflow/example_dags/example_branch_operator_decorator.py
[2025-06-17T13:36:49.746+0200] {processor.py:753} INFO - DAG(s) dict_keys(['example_branch_python_operator_decorator']) retrieved from /home/monica.fernandez/practica_creativa/venv-airflow/lib/python3.11/site-packages/airflow/example_dags/example_branch_operator_decorator.py
[2025-06-17T13:36:49.775+0200] {logging_mixin.py:137} INFO - [2025-06-17T13:36:49.775+0200] {dag.py:2690} INFO - Sync 1 DAGs
[2025-06-17T13:36:49.800+0200] {logging_mixin.py:137} INFO - [2025-06-17T13:36:49.800+0200] {dag.py:3437} INFO - Setting next_dagrun for example_branch_python_operator_decorator to 2025-06-16T00:00:00+00:00, run_after=2025-06-17T00:00:00+00:00
[2025-06-17T13:36:49.857+0200] {processor.py:175} INFO - Processing /home/monica.fernandez/practica_creativa/venv-airflow/lib/python3.11/site-packages/airflow/example_dags/example_branch_operator_decorator.py took 0.137 seconds
[2025-06-17T13:37:57.848+0200] {processor.py:153} INFO - Started process (PID=104051) to work on /home/monica.fernandez/practica_creativa/venv-airflow/lib/python3.11/site-packages/airflow/example_dags/example_branch_operator_decorator.py
[2025-06-17T13:37:57.849+0200] {processor.py:743} INFO - Processing file /home/monica.fernandez/practica_creativa/venv-airflow/lib/python3.11/site-packages/airflow/example_dags/example_branch_operator_decorator.py for tasks to queue
[2025-06-17T13:37:57.850+0200] {logging_mixin.py:137} INFO - [2025-06-17T13:37:57.850+0200] {dagbag.py:538} INFO - Filling up the DagBag from /home/monica.fernandez/practica_creativa/venv-airflow/lib/python3.11/site-packages/airflow/example_dags/example_branch_operator_decorator.py
[2025-06-17T13:37:57.880+0200] {processor.py:753} INFO - DAG(s) dict_keys(['example_branch_python_operator_decorator']) retrieved from /home/monica.fernandez/practica_creativa/venv-airflow/lib/python3.11/site-packages/airflow/example_dags/example_branch_operator_decorator.py
[2025-06-17T13:37:57.930+0200] {logging_mixin.py:137} INFO - [2025-06-17T13:37:57.929+0200] {dag.py:2690} INFO - Sync 1 DAGs
[2025-06-17T13:37:57.985+0200] {logging_mixin.py:137} INFO - [2025-06-17T13:37:57.985+0200] {dag.py:3437} INFO - Setting next_dagrun for example_branch_python_operator_decorator to 2025-06-16T00:00:00+00:00, run_after=2025-06-17T00:00:00+00:00
[2025-06-17T13:37:58.052+0200] {processor.py:175} INFO - Processing /home/monica.fernandez/practica_creativa/venv-airflow/lib/python3.11/site-packages/airflow/example_dags/example_branch_operator_decorator.py took 0.208 seconds
[2025-06-17T13:38:59.804+0200] {processor.py:153} INFO - Started process (PID=104930) to work on /home/monica.fernandez/practica_creativa/venv-airflow/lib/python3.11/site-packages/airflow/example_dags/example_branch_operator_decorator.py
[2025-06-17T13:38:59.805+0200] {processor.py:743} INFO - Processing file /home/monica.fernandez/practica_creativa/venv-airflow/lib/python3.11/site-packages/airflow/example_dags/example_branch_operator_decorator.py for tasks to queue
[2025-06-17T13:38:59.805+0200] {logging_mixin.py:137} INFO - [2025-06-17T13:38:59.805+0200] {dagbag.py:538} INFO - Filling up the DagBag from /home/monica.fernandez/practica_creativa/venv-airflow/lib/python3.11/site-packages/airflow/example_dags/example_branch_operator_decorator.py
[2025-06-17T13:38:59.831+0200] {processor.py:753} INFO - DAG(s) dict_keys(['example_branch_python_operator_decorator']) retrieved from /home/monica.fernandez/practica_creativa/venv-airflow/lib/python3.11/site-packages/airflow/example_dags/example_branch_operator_decorator.py
[2025-06-17T13:38:59.866+0200] {logging_mixin.py:137} INFO - [2025-06-17T13:38:59.865+0200] {dag.py:2690} INFO - Sync 1 DAGs
[2025-06-17T13:38:59.897+0200] {logging_mixin.py:137} INFO - [2025-06-17T13:38:59.897+0200] {dag.py:3437} INFO - Setting next_dagrun for example_branch_python_operator_decorator to 2025-06-16T00:00:00+00:00, run_after=2025-06-17T00:00:00+00:00
[2025-06-17T13:38:59.964+0200] {processor.py:175} INFO - Processing /home/monica.fernandez/practica_creativa/venv-airflow/lib/python3.11/site-packages/airflow/example_dags/example_branch_operator_decorator.py took 0.163 seconds
[2025-06-17T13:43:17.341+0200] {processor.py:153} INFO - Started process (PID=107983) to work on /home/monica.fernandez/practica_creativa/venv-airflow/lib/python3.11/site-packages/airflow/example_dags/example_branch_operator_decorator.py
[2025-06-17T13:43:17.342+0200] {processor.py:743} INFO - Processing file /home/monica.fernandez/practica_creativa/venv-airflow/lib/python3.11/site-packages/airflow/example_dags/example_branch_operator_decorator.py for tasks to queue
[2025-06-17T13:43:17.342+0200] {logging_mixin.py:137} INFO - [2025-06-17T13:43:17.342+0200] {dagbag.py:538} INFO - Filling up the DagBag from /home/monica.fernandez/practica_creativa/venv-airflow/lib/python3.11/site-packages/airflow/example_dags/example_branch_operator_decorator.py
[2025-06-17T13:43:17.363+0200] {processor.py:753} INFO - DAG(s) dict_keys(['example_branch_python_operator_decorator']) retrieved from /home/monica.fernandez/practica_creativa/venv-airflow/lib/python3.11/site-packages/airflow/example_dags/example_branch_operator_decorator.py
[2025-06-17T13:43:17.392+0200] {logging_mixin.py:137} INFO - [2025-06-17T13:43:17.392+0200] {dag.py:2690} INFO - Sync 1 DAGs
[2025-06-17T13:43:17.416+0200] {logging_mixin.py:137} INFO - [2025-06-17T13:43:17.416+0200] {dag.py:3437} INFO - Setting next_dagrun for example_branch_python_operator_decorator to 2025-06-16T00:00:00+00:00, run_after=2025-06-17T00:00:00+00:00
[2025-06-17T13:43:17.502+0200] {processor.py:175} INFO - Processing /home/monica.fernandez/practica_creativa/venv-airflow/lib/python3.11/site-packages/airflow/example_dags/example_branch_operator_decorator.py took 0.164 seconds
[2025-06-17T13:44:15.820+0200] {processor.py:153} INFO - Started process (PID=108479) to work on /home/monica.fernandez/practica_creativa/venv-airflow/lib/python3.11/site-packages/airflow/example_dags/example_branch_operator_decorator.py
[2025-06-17T13:44:15.822+0200] {processor.py:743} INFO - Processing file /home/monica.fernandez/practica_creativa/venv-airflow/lib/python3.11/site-packages/airflow/example_dags/example_branch_operator_decorator.py for tasks to queue
[2025-06-17T13:44:15.823+0200] {logging_mixin.py:137} INFO - [2025-06-17T13:44:15.823+0200] {dagbag.py:538} INFO - Filling up the DagBag from /home/monica.fernandez/practica_creativa/venv-airflow/lib/python3.11/site-packages/airflow/example_dags/example_branch_operator_decorator.py
[2025-06-17T13:44:15.861+0200] {processor.py:753} INFO - DAG(s) dict_keys(['example_branch_python_operator_decorator']) retrieved from /home/monica.fernandez/practica_creativa/venv-airflow/lib/python3.11/site-packages/airflow/example_dags/example_branch_operator_decorator.py
[2025-06-17T13:44:15.890+0200] {logging_mixin.py:137} INFO - [2025-06-17T13:44:15.889+0200] {dag.py:2690} INFO - Sync 1 DAGs
[2025-06-17T13:44:15.913+0200] {logging_mixin.py:137} INFO - [2025-06-17T13:44:15.913+0200] {dag.py:3437} INFO - Setting next_dagrun for example_branch_python_operator_decorator to 2025-06-16T00:00:00+00:00, run_after=2025-06-17T00:00:00+00:00
[2025-06-17T13:44:15.965+0200] {processor.py:175} INFO - Processing /home/monica.fernandez/practica_creativa/venv-airflow/lib/python3.11/site-packages/airflow/example_dags/example_branch_operator_decorator.py took 0.150 seconds
[2025-06-17T13:45:12.395+0200] {processor.py:153} INFO - Started process (PID=109095) to work on /home/monica.fernandez/practica_creativa/venv-airflow/lib/python3.11/site-packages/airflow/example_dags/example_branch_operator_decorator.py
[2025-06-17T13:45:12.396+0200] {processor.py:743} INFO - Processing file /home/monica.fernandez/practica_creativa/venv-airflow/lib/python3.11/site-packages/airflow/example_dags/example_branch_operator_decorator.py for tasks to queue
[2025-06-17T13:45:12.396+0200] {logging_mixin.py:137} INFO - [2025-06-17T13:45:12.396+0200] {dagbag.py:538} INFO - Filling up the DagBag from /home/monica.fernandez/practica_creativa/venv-airflow/lib/python3.11/site-packages/airflow/example_dags/example_branch_operator_decorator.py
[2025-06-17T13:45:12.422+0200] {processor.py:753} INFO - DAG(s) dict_keys(['example_branch_python_operator_decorator']) retrieved from /home/monica.fernandez/practica_creativa/venv-airflow/lib/python3.11/site-packages/airflow/example_dags/example_branch_operator_decorator.py
[2025-06-17T13:45:12.466+0200] {logging_mixin.py:137} INFO - [2025-06-17T13:45:12.466+0200] {dag.py:2690} INFO - Sync 1 DAGs
[2025-06-17T13:45:12.494+0200] {logging_mixin.py:137} INFO - [2025-06-17T13:45:12.494+0200] {dag.py:3437} INFO - Setting next_dagrun for example_branch_python_operator_decorator to 2025-06-16T00:00:00+00:00, run_after=2025-06-17T00:00:00+00:00
[2025-06-17T13:45:12.623+0200] {processor.py:175} INFO - Processing /home/monica.fernandez/practica_creativa/venv-airflow/lib/python3.11/site-packages/airflow/example_dags/example_branch_operator_decorator.py took 0.231 seconds
[2025-06-17T13:46:11.211+0200] {processor.py:153} INFO - Started process (PID=109814) to work on /home/monica.fernandez/practica_creativa/venv-airflow/lib/python3.11/site-packages/airflow/example_dags/example_branch_operator_decorator.py
[2025-06-17T13:46:11.212+0200] {processor.py:743} INFO - Processing file /home/monica.fernandez/practica_creativa/venv-airflow/lib/python3.11/site-packages/airflow/example_dags/example_branch_operator_decorator.py for tasks to queue
[2025-06-17T13:46:11.212+0200] {logging_mixin.py:137} INFO - [2025-06-17T13:46:11.212+0200] {dagbag.py:538} INFO - Filling up the DagBag from /home/monica.fernandez/practica_creativa/venv-airflow/lib/python3.11/site-packages/airflow/example_dags/example_branch_operator_decorator.py
[2025-06-17T13:46:11.235+0200] {processor.py:753} INFO - DAG(s) dict_keys(['example_branch_python_operator_decorator']) retrieved from /home/monica.fernandez/practica_creativa/venv-airflow/lib/python3.11/site-packages/airflow/example_dags/example_branch_operator_decorator.py
[2025-06-17T13:46:11.267+0200] {logging_mixin.py:137} INFO - [2025-06-17T13:46:11.267+0200] {dag.py:2690} INFO - Sync 1 DAGs
[2025-06-17T13:46:11.297+0200] {logging_mixin.py:137} INFO - [2025-06-17T13:46:11.297+0200] {dag.py:3437} INFO - Setting next_dagrun for example_branch_python_operator_decorator to 2025-06-16T00:00:00+00:00, run_after=2025-06-17T00:00:00+00:00
[2025-06-17T13:46:11.357+0200] {processor.py:175} INFO - Processing /home/monica.fernandez/practica_creativa/venv-airflow/lib/python3.11/site-packages/airflow/example_dags/example_branch_operator_decorator.py took 0.149 seconds
[2025-06-17T13:47:10.672+0200] {processor.py:153} INFO - Started process (PID=110697) to work on /home/monica.fernandez/practica_creativa/venv-airflow/lib/python3.11/site-packages/airflow/example_dags/example_branch_operator_decorator.py
[2025-06-17T13:47:10.674+0200] {processor.py:743} INFO - Processing file /home/monica.fernandez/practica_creativa/venv-airflow/lib/python3.11/site-packages/airflow/example_dags/example_branch_operator_decorator.py for tasks to queue
[2025-06-17T13:47:10.675+0200] {logging_mixin.py:137} INFO - [2025-06-17T13:47:10.674+0200] {dagbag.py:538} INFO - Filling up the DagBag from /home/monica.fernandez/practica_creativa/venv-airflow/lib/python3.11/site-packages/airflow/example_dags/example_branch_operator_decorator.py
[2025-06-17T13:47:10.733+0200] {processor.py:753} INFO - DAG(s) dict_keys(['example_branch_python_operator_decorator']) retrieved from /home/monica.fernandez/practica_creativa/venv-airflow/lib/python3.11/site-packages/airflow/example_dags/example_branch_operator_decorator.py
[2025-06-17T13:47:10.793+0200] {logging_mixin.py:137} INFO - [2025-06-17T13:47:10.793+0200] {dag.py:2690} INFO - Sync 1 DAGs
[2025-06-17T13:47:10.823+0200] {logging_mixin.py:137} INFO - [2025-06-17T13:47:10.823+0200] {dag.py:3437} INFO - Setting next_dagrun for example_branch_python_operator_decorator to 2025-06-16T00:00:00+00:00, run_after=2025-06-17T00:00:00+00:00
[2025-06-17T13:47:10.899+0200] {processor.py:175} INFO - Processing /home/monica.fernandez/practica_creativa/venv-airflow/lib/python3.11/site-packages/airflow/example_dags/example_branch_operator_decorator.py took 0.243 seconds
[2025-06-17T13:50:23.070+0200] {processor.py:153} INFO - Started process (PID=113466) to work on /home/monica.fernandez/practica_creativa/venv-airflow/lib/python3.11/site-packages/airflow/example_dags/example_branch_operator_decorator.py
[2025-06-17T13:50:23.070+0200] {processor.py:743} INFO - Processing file /home/monica.fernandez/practica_creativa/venv-airflow/lib/python3.11/site-packages/airflow/example_dags/example_branch_operator_decorator.py for tasks to queue
[2025-06-17T13:50:23.071+0200] {logging_mixin.py:137} INFO - [2025-06-17T13:50:23.071+0200] {dagbag.py:538} INFO - Filling up the DagBag from /home/monica.fernandez/practica_creativa/venv-airflow/lib/python3.11/site-packages/airflow/example_dags/example_branch_operator_decorator.py
[2025-06-17T13:50:23.093+0200] {processor.py:753} INFO - DAG(s) dict_keys(['example_branch_python_operator_decorator']) retrieved from /home/monica.fernandez/practica_creativa/venv-airflow/lib/python3.11/site-packages/airflow/example_dags/example_branch_operator_decorator.py
[2025-06-17T13:50:23.121+0200] {logging_mixin.py:137} INFO - [2025-06-17T13:50:23.121+0200] {dag.py:2690} INFO - Sync 1 DAGs
[2025-06-17T13:50:23.143+0200] {logging_mixin.py:137} INFO - [2025-06-17T13:50:23.143+0200] {dag.py:3437} INFO - Setting next_dagrun for example_branch_python_operator_decorator to 2025-06-16T00:00:00+00:00, run_after=2025-06-17T00:00:00+00:00
[2025-06-17T13:50:23.197+0200] {processor.py:175} INFO - Processing /home/monica.fernandez/practica_creativa/venv-airflow/lib/python3.11/site-packages/airflow/example_dags/example_branch_operator_decorator.py took 0.130 seconds
[2025-06-17T19:25:00.383+0200] {processor.py:153} INFO - Started process (PID=159553) to work on /home/monica.fernandez/practica_creativa/venv-airflow/lib/python3.11/site-packages/airflow/example_dags/example_branch_operator_decorator.py
[2025-06-17T19:25:00.384+0200] {processor.py:743} INFO - Processing file /home/monica.fernandez/practica_creativa/venv-airflow/lib/python3.11/site-packages/airflow/example_dags/example_branch_operator_decorator.py for tasks to queue
[2025-06-17T19:25:00.385+0200] {logging_mixin.py:137} INFO - [2025-06-17T19:25:00.385+0200] {dagbag.py:538} INFO - Filling up the DagBag from /home/monica.fernandez/practica_creativa/venv-airflow/lib/python3.11/site-packages/airflow/example_dags/example_branch_operator_decorator.py
[2025-06-17T19:25:00.429+0200] {processor.py:753} INFO - DAG(s) dict_keys(['example_branch_python_operator_decorator']) retrieved from /home/monica.fernandez/practica_creativa/venv-airflow/lib/python3.11/site-packages/airflow/example_dags/example_branch_operator_decorator.py
[2025-06-17T19:25:00.458+0200] {logging_mixin.py:137} INFO - [2025-06-17T19:25:00.458+0200] {dag.py:2690} INFO - Sync 1 DAGs
[2025-06-17T19:25:00.484+0200] {logging_mixin.py:137} INFO - [2025-06-17T19:25:00.484+0200] {dag.py:3437} INFO - Setting next_dagrun for example_branch_python_operator_decorator to 2025-06-16T00:00:00+00:00, run_after=2025-06-17T00:00:00+00:00
[2025-06-17T19:25:00.547+0200] {processor.py:175} INFO - Processing /home/monica.fernandez/practica_creativa/venv-airflow/lib/python3.11/site-packages/airflow/example_dags/example_branch_operator_decorator.py took 0.170 seconds
[2025-06-17T19:25:55.147+0200] {processor.py:153} INFO - Started process (PID=160021) to work on /home/monica.fernandez/practica_creativa/venv-airflow/lib/python3.11/site-packages/airflow/example_dags/example_branch_operator_decorator.py
[2025-06-17T19:25:55.148+0200] {processor.py:743} INFO - Processing file /home/monica.fernandez/practica_creativa/venv-airflow/lib/python3.11/site-packages/airflow/example_dags/example_branch_operator_decorator.py for tasks to queue
[2025-06-17T19:25:55.148+0200] {logging_mixin.py:137} INFO - [2025-06-17T19:25:55.148+0200] {dagbag.py:538} INFO - Filling up the DagBag from /home/monica.fernandez/practica_creativa/venv-airflow/lib/python3.11/site-packages/airflow/example_dags/example_branch_operator_decorator.py
[2025-06-17T19:25:55.196+0200] {processor.py:753} INFO - DAG(s) dict_keys(['example_branch_python_operator_decorator']) retrieved from /home/monica.fernandez/practica_creativa/venv-airflow/lib/python3.11/site-packages/airflow/example_dags/example_branch_operator_decorator.py
[2025-06-17T19:25:55.239+0200] {logging_mixin.py:137} INFO - [2025-06-17T19:25:55.239+0200] {dag.py:2690} INFO - Sync 1 DAGs
[2025-06-17T19:25:55.279+0200] {logging_mixin.py:137} INFO - [2025-06-17T19:25:55.279+0200] {dag.py:3437} INFO - Setting next_dagrun for example_branch_python_operator_decorator to 2025-06-16T00:00:00+00:00, run_after=2025-06-17T00:00:00+00:00
[2025-06-17T19:25:55.346+0200] {processor.py:175} INFO - Processing /home/monica.fernandez/practica_creativa/venv-airflow/lib/python3.11/site-packages/airflow/example_dags/example_branch_operator_decorator.py took 0.204 seconds
[2025-06-17T19:26:54.708+0200] {processor.py:153} INFO - Started process (PID=160751) to work on /home/monica.fernandez/practica_creativa/venv-airflow/lib/python3.11/site-packages/airflow/example_dags/example_branch_operator_decorator.py
[2025-06-17T19:26:54.709+0200] {processor.py:743} INFO - Processing file /home/monica.fernandez/practica_creativa/venv-airflow/lib/python3.11/site-packages/airflow/example_dags/example_branch_operator_decorator.py for tasks to queue
[2025-06-17T19:26:54.710+0200] {logging_mixin.py:137} INFO - [2025-06-17T19:26:54.710+0200] {dagbag.py:538} INFO - Filling up the DagBag from /home/monica.fernandez/practica_creativa/venv-airflow/lib/python3.11/site-packages/airflow/example_dags/example_branch_operator_decorator.py
[2025-06-17T19:26:54.759+0200] {processor.py:753} INFO - DAG(s) dict_keys(['example_branch_python_operator_decorator']) retrieved from /home/monica.fernandez/practica_creativa/venv-airflow/lib/python3.11/site-packages/airflow/example_dags/example_branch_operator_decorator.py
[2025-06-17T19:26:54.802+0200] {logging_mixin.py:137} INFO - [2025-06-17T19:26:54.802+0200] {dag.py:2690} INFO - Sync 1 DAGs
[2025-06-17T19:26:54.844+0200] {logging_mixin.py:137} INFO - [2025-06-17T19:26:54.844+0200] {dag.py:3437} INFO - Setting next_dagrun for example_branch_python_operator_decorator to 2025-06-16T00:00:00+00:00, run_after=2025-06-17T00:00:00+00:00
[2025-06-17T19:26:54.921+0200] {processor.py:175} INFO - Processing /home/monica.fernandez/practica_creativa/venv-airflow/lib/python3.11/site-packages/airflow/example_dags/example_branch_operator_decorator.py took 0.219 seconds
[2025-06-17T19:27:53.579+0200] {processor.py:153} INFO - Started process (PID=161262) to work on /home/monica.fernandez/practica_creativa/venv-airflow/lib/python3.11/site-packages/airflow/example_dags/example_branch_operator_decorator.py
[2025-06-17T19:27:53.580+0200] {processor.py:743} INFO - Processing file /home/monica.fernandez/practica_creativa/venv-airflow/lib/python3.11/site-packages/airflow/example_dags/example_branch_operator_decorator.py for tasks to queue
[2025-06-17T19:27:53.581+0200] {logging_mixin.py:137} INFO - [2025-06-17T19:27:53.581+0200] {dagbag.py:538} INFO - Filling up the DagBag from /home/monica.fernandez/practica_creativa/venv-airflow/lib/python3.11/site-packages/airflow/example_dags/example_branch_operator_decorator.py
[2025-06-17T19:27:53.635+0200] {processor.py:753} INFO - DAG(s) dict_keys(['example_branch_python_operator_decorator']) retrieved from /home/monica.fernandez/practica_creativa/venv-airflow/lib/python3.11/site-packages/airflow/example_dags/example_branch_operator_decorator.py
[2025-06-17T19:27:53.668+0200] {logging_mixin.py:137} INFO - [2025-06-17T19:27:53.668+0200] {dag.py:2690} INFO - Sync 1 DAGs
[2025-06-17T19:27:53.701+0200] {logging_mixin.py:137} INFO - [2025-06-17T19:27:53.701+0200] {dag.py:3437} INFO - Setting next_dagrun for example_branch_python_operator_decorator to 2025-06-16T00:00:00+00:00, run_after=2025-06-17T00:00:00+00:00
[2025-06-17T19:27:53.763+0200] {processor.py:175} INFO - Processing /home/monica.fernandez/practica_creativa/venv-airflow/lib/python3.11/site-packages/airflow/example_dags/example_branch_operator_decorator.py took 0.190 seconds
[2025-06-17T19:28:51.338+0200] {processor.py:153} INFO - Started process (PID=161732) to work on /home/monica.fernandez/practica_creativa/venv-airflow/lib/python3.11/site-packages/airflow/example_dags/example_branch_operator_decorator.py
[2025-06-17T19:28:51.339+0200] {processor.py:743} INFO - Processing file /home/monica.fernandez/practica_creativa/venv-airflow/lib/python3.11/site-packages/airflow/example_dags/example_branch_operator_decorator.py for tasks to queue
[2025-06-17T19:28:51.340+0200] {logging_mixin.py:137} INFO - [2025-06-17T19:28:51.340+0200] {dagbag.py:538} INFO - Filling up the DagBag from /home/monica.fernandez/practica_creativa/venv-airflow/lib/python3.11/site-packages/airflow/example_dags/example_branch_operator_decorator.py
[2025-06-17T19:28:51.399+0200] {processor.py:753} INFO - DAG(s) dict_keys(['example_branch_python_operator_decorator']) retrieved from /home/monica.fernandez/practica_creativa/venv-airflow/lib/python3.11/site-packages/airflow/example_dags/example_branch_operator_decorator.py
[2025-06-17T19:28:51.444+0200] {logging_mixin.py:137} INFO - [2025-06-17T19:28:51.443+0200] {dag.py:2690} INFO - Sync 1 DAGs
[2025-06-17T19:28:51.487+0200] {logging_mixin.py:137} INFO - [2025-06-17T19:28:51.487+0200] {dag.py:3437} INFO - Setting next_dagrun for example_branch_python_operator_decorator to 2025-06-16T00:00:00+00:00, run_after=2025-06-17T00:00:00+00:00
[2025-06-17T19:28:51.557+0200] {processor.py:175} INFO - Processing /home/monica.fernandez/practica_creativa/venv-airflow/lib/python3.11/site-packages/airflow/example_dags/example_branch_operator_decorator.py took 0.223 seconds
[2025-06-17T19:34:42.962+0200] {processor.py:153} INFO - Started process (PID=165538) to work on /home/monica.fernandez/practica_creativa/venv-airflow/lib/python3.11/site-packages/airflow/example_dags/example_branch_operator_decorator.py
[2025-06-17T19:34:42.962+0200] {processor.py:743} INFO - Processing file /home/monica.fernandez/practica_creativa/venv-airflow/lib/python3.11/site-packages/airflow/example_dags/example_branch_operator_decorator.py for tasks to queue
[2025-06-17T19:34:42.963+0200] {logging_mixin.py:137} INFO - [2025-06-17T19:34:42.963+0200] {dagbag.py:538} INFO - Filling up the DagBag from /home/monica.fernandez/practica_creativa/venv-airflow/lib/python3.11/site-packages/airflow/example_dags/example_branch_operator_decorator.py
[2025-06-17T19:34:42.990+0200] {processor.py:753} INFO - DAG(s) dict_keys(['example_branch_python_operator_decorator']) retrieved from /home/monica.fernandez/practica_creativa/venv-airflow/lib/python3.11/site-packages/airflow/example_dags/example_branch_operator_decorator.py
[2025-06-17T19:34:43.027+0200] {logging_mixin.py:137} INFO - [2025-06-17T19:34:43.027+0200] {dag.py:2690} INFO - Sync 1 DAGs
[2025-06-17T19:34:43.060+0200] {logging_mixin.py:137} INFO - [2025-06-17T19:34:43.060+0200] {dag.py:3437} INFO - Setting next_dagrun for example_branch_python_operator_decorator to 2025-06-16T00:00:00+00:00, run_after=2025-06-17T00:00:00+00:00
[2025-06-17T19:34:43.146+0200] {processor.py:175} INFO - Processing /home/monica.fernandez/practica_creativa/venv-airflow/lib/python3.11/site-packages/airflow/example_dags/example_branch_operator_decorator.py took 0.188 seconds
[2025-06-17T19:35:44.869+0200] {processor.py:153} INFO - Started process (PID=165999) to work on /home/monica.fernandez/practica_creativa/venv-airflow/lib/python3.11/site-packages/airflow/example_dags/example_branch_operator_decorator.py
[2025-06-17T19:35:44.870+0200] {processor.py:743} INFO - Processing file /home/monica.fernandez/practica_creativa/venv-airflow/lib/python3.11/site-packages/airflow/example_dags/example_branch_operator_decorator.py for tasks to queue
[2025-06-17T19:35:44.870+0200] {logging_mixin.py:137} INFO - [2025-06-17T19:35:44.870+0200] {dagbag.py:538} INFO - Filling up the DagBag from /home/monica.fernandez/practica_creativa/venv-airflow/lib/python3.11/site-packages/airflow/example_dags/example_branch_operator_decorator.py
[2025-06-17T19:35:44.903+0200] {processor.py:753} INFO - DAG(s) dict_keys(['example_branch_python_operator_decorator']) retrieved from /home/monica.fernandez/practica_creativa/venv-airflow/lib/python3.11/site-packages/airflow/example_dags/example_branch_operator_decorator.py
[2025-06-17T19:35:44.951+0200] {logging_mixin.py:137} INFO - [2025-06-17T19:35:44.951+0200] {dag.py:2690} INFO - Sync 1 DAGs
[2025-06-17T19:35:44.984+0200] {logging_mixin.py:137} INFO - [2025-06-17T19:35:44.984+0200] {dag.py:3437} INFO - Setting next_dagrun for example_branch_python_operator_decorator to 2025-06-16T00:00:00+00:00, run_after=2025-06-17T00:00:00+00:00
[2025-06-17T19:35:45.063+0200] {processor.py:175} INFO - Processing /home/monica.fernandez/practica_creativa/venv-airflow/lib/python3.11/site-packages/airflow/example_dags/example_branch_operator_decorator.py took 0.197 seconds
