[2025-06-17T13:17:57.606+0200] {processor.py:153} INFO - Started process (PID=90136) to work on /home/monica.fernandez/practica_creativa/venv-airflow/lib/python3.11/site-packages/airflow/example_dags/example_xcom.py
[2025-06-17T13:17:57.607+0200] {processor.py:743} INFO - Processing file /home/monica.fernandez/practica_creativa/venv-airflow/lib/python3.11/site-packages/airflow/example_dags/example_xcom.py for tasks to queue
[2025-06-17T13:17:57.607+0200] {logging_mixin.py:137} INFO - [2025-06-17T13:17:57.607+0200] {dagbag.py:538} INFO - Filling up the DagBag from /home/monica.fernandez/practica_creativa/venv-airflow/lib/python3.11/site-packages/airflow/example_dags/example_xcom.py
[2025-06-17T13:17:57.639+0200] {processor.py:753} INFO - DAG(s) dict_keys(['example_xcom']) retrieved from /home/monica.fernandez/practica_creativa/venv-airflow/lib/python3.11/site-packages/airflow/example_dags/example_xcom.py
[2025-06-17T13:17:57.670+0200] {logging_mixin.py:137} INFO - [2025-06-17T13:17:57.670+0200] {dag.py:2690} INFO - Sync 1 DAGs
[2025-06-17T13:17:57.698+0200] {logging_mixin.py:137} INFO - [2025-06-17T13:17:57.697+0200] {dag.py:3437} INFO - Setting next_dagrun for example_xcom to 2021-01-01T00:00:00+00:00, run_after=2021-01-01T00:00:00+00:00
[2025-06-17T13:17:57.752+0200] {processor.py:175} INFO - Processing /home/monica.fernandez/practica_creativa/venv-airflow/lib/python3.11/site-packages/airflow/example_dags/example_xcom.py took 0.149 seconds
[2025-06-17T13:18:49.771+0200] {processor.py:153} INFO - Started process (PID=90584) to work on /home/monica.fernandez/practica_creativa/venv-airflow/lib/python3.11/site-packages/airflow/example_dags/example_xcom.py
[2025-06-17T13:18:49.776+0200] {processor.py:743} INFO - Processing file /home/monica.fernandez/practica_creativa/venv-airflow/lib/python3.11/site-packages/airflow/example_dags/example_xcom.py for tasks to queue
[2025-06-17T13:18:49.776+0200] {logging_mixin.py:137} INFO - [2025-06-17T13:18:49.776+0200] {dagbag.py:538} INFO - Filling up the DagBag from /home/monica.fernandez/practica_creativa/venv-airflow/lib/python3.11/site-packages/airflow/example_dags/example_xcom.py
[2025-06-17T13:18:49.877+0200] {processor.py:753} INFO - DAG(s) dict_keys(['example_xcom']) retrieved from /home/monica.fernandez/practica_creativa/venv-airflow/lib/python3.11/site-packages/airflow/example_dags/example_xcom.py
[2025-06-17T13:18:49.929+0200] {logging_mixin.py:137} INFO - [2025-06-17T13:18:49.928+0200] {dag.py:2690} INFO - Sync 1 DAGs
[2025-06-17T13:18:49.977+0200] {logging_mixin.py:137} INFO - [2025-06-17T13:18:49.976+0200] {dag.py:3437} INFO - Setting next_dagrun for example_xcom to 2021-01-01T00:00:00+00:00, run_after=2021-01-01T00:00:00+00:00
[2025-06-17T13:18:50.043+0200] {processor.py:175} INFO - Processing /home/monica.fernandez/practica_creativa/venv-airflow/lib/python3.11/site-packages/airflow/example_dags/example_xcom.py took 0.274 seconds
[2025-06-17T13:20:22.952+0200] {processor.py:153} INFO - Started process (PID=91717) to work on /home/monica.fernandez/practica_creativa/venv-airflow/lib/python3.11/site-packages/airflow/example_dags/example_xcom.py
[2025-06-17T13:20:22.953+0200] {processor.py:743} INFO - Processing file /home/monica.fernandez/practica_creativa/venv-airflow/lib/python3.11/site-packages/airflow/example_dags/example_xcom.py for tasks to queue
[2025-06-17T13:20:22.953+0200] {logging_mixin.py:137} INFO - [2025-06-17T13:20:22.953+0200] {dagbag.py:538} INFO - Filling up the DagBag from /home/monica.fernandez/practica_creativa/venv-airflow/lib/python3.11/site-packages/airflow/example_dags/example_xcom.py
[2025-06-17T13:20:22.990+0200] {processor.py:753} INFO - DAG(s) dict_keys(['example_xcom']) retrieved from /home/monica.fernandez/practica_creativa/venv-airflow/lib/python3.11/site-packages/airflow/example_dags/example_xcom.py
[2025-06-17T13:20:23.039+0200] {logging_mixin.py:137} INFO - [2025-06-17T13:20:23.039+0200] {dag.py:2690} INFO - Sync 1 DAGs
[2025-06-17T13:20:23.065+0200] {logging_mixin.py:137} INFO - [2025-06-17T13:20:23.065+0200] {dag.py:3437} INFO - Setting next_dagrun for example_xcom to 2021-01-01T00:00:00+00:00, run_after=2021-01-01T00:00:00+00:00
[2025-06-17T13:20:23.235+0200] {processor.py:175} INFO - Processing /home/monica.fernandez/practica_creativa/venv-airflow/lib/python3.11/site-packages/airflow/example_dags/example_xcom.py took 0.288 seconds
[2025-06-17T13:20:29.755+0200] {processor.py:153} INFO - Started process (PID=91746) to work on /home/monica.fernandez/practica_creativa/venv-airflow/lib/python3.11/site-packages/airflow/example_dags/example_xcom.py
[2025-06-17T13:20:29.756+0200] {processor.py:743} INFO - Processing file /home/monica.fernandez/practica_creativa/venv-airflow/lib/python3.11/site-packages/airflow/example_dags/example_xcom.py for tasks to queue
[2025-06-17T13:20:29.757+0200] {logging_mixin.py:137} INFO - [2025-06-17T13:20:29.757+0200] {dagbag.py:538} INFO - Filling up the DagBag from /home/monica.fernandez/practica_creativa/venv-airflow/lib/python3.11/site-packages/airflow/example_dags/example_xcom.py
[2025-06-17T13:20:29.795+0200] {processor.py:753} INFO - DAG(s) dict_keys(['example_xcom']) retrieved from /home/monica.fernandez/practica_creativa/venv-airflow/lib/python3.11/site-packages/airflow/example_dags/example_xcom.py
[2025-06-17T13:20:29.827+0200] {logging_mixin.py:137} INFO - [2025-06-17T13:20:29.827+0200] {dag.py:2690} INFO - Sync 1 DAGs
[2025-06-17T13:20:29.857+0200] {logging_mixin.py:137} INFO - [2025-06-17T13:20:29.857+0200] {dag.py:3437} INFO - Setting next_dagrun for example_xcom to 2021-01-01T00:00:00+00:00, run_after=2021-01-01T00:00:00+00:00
[2025-06-17T13:20:29.934+0200] {processor.py:175} INFO - Processing /home/monica.fernandez/practica_creativa/venv-airflow/lib/python3.11/site-packages/airflow/example_dags/example_xcom.py took 0.185 seconds
[2025-06-17T13:24:14.829+0200] {processor.py:153} INFO - Started process (PID=94691) to work on /home/monica.fernandez/practica_creativa/venv-airflow/lib/python3.11/site-packages/airflow/example_dags/example_xcom.py
[2025-06-17T13:24:14.833+0200] {processor.py:743} INFO - Processing file /home/monica.fernandez/practica_creativa/venv-airflow/lib/python3.11/site-packages/airflow/example_dags/example_xcom.py for tasks to queue
[2025-06-17T13:24:14.834+0200] {logging_mixin.py:137} INFO - [2025-06-17T13:24:14.834+0200] {dagbag.py:538} INFO - Filling up the DagBag from /home/monica.fernandez/practica_creativa/venv-airflow/lib/python3.11/site-packages/airflow/example_dags/example_xcom.py
[2025-06-17T13:24:15.019+0200] {processor.py:753} INFO - DAG(s) dict_keys(['example_xcom']) retrieved from /home/monica.fernandez/practica_creativa/venv-airflow/lib/python3.11/site-packages/airflow/example_dags/example_xcom.py
[2025-06-17T13:24:15.073+0200] {logging_mixin.py:137} INFO - [2025-06-17T13:24:15.073+0200] {dag.py:2690} INFO - Sync 1 DAGs
[2025-06-17T13:24:15.140+0200] {logging_mixin.py:137} INFO - [2025-06-17T13:24:15.140+0200] {dag.py:3437} INFO - Setting next_dagrun for example_xcom to 2021-01-01T00:00:00+00:00, run_after=2021-01-01T00:00:00+00:00
[2025-06-17T13:24:15.244+0200] {processor.py:175} INFO - Processing /home/monica.fernandez/practica_creativa/venv-airflow/lib/python3.11/site-packages/airflow/example_dags/example_xcom.py took 0.418 seconds
[2025-06-17T13:25:25.413+0200] {processor.py:153} INFO - Started process (PID=95458) to work on /home/monica.fernandez/practica_creativa/venv-airflow/lib/python3.11/site-packages/airflow/example_dags/example_xcom.py
[2025-06-17T13:25:25.414+0200] {processor.py:743} INFO - Processing file /home/monica.fernandez/practica_creativa/venv-airflow/lib/python3.11/site-packages/airflow/example_dags/example_xcom.py for tasks to queue
[2025-06-17T13:25:25.415+0200] {logging_mixin.py:137} INFO - [2025-06-17T13:25:25.415+0200] {dagbag.py:538} INFO - Filling up the DagBag from /home/monica.fernandez/practica_creativa/venv-airflow/lib/python3.11/site-packages/airflow/example_dags/example_xcom.py
[2025-06-17T13:25:25.525+0200] {processor.py:753} INFO - DAG(s) dict_keys(['example_xcom']) retrieved from /home/monica.fernandez/practica_creativa/venv-airflow/lib/python3.11/site-packages/airflow/example_dags/example_xcom.py
[2025-06-17T13:25:25.616+0200] {logging_mixin.py:137} INFO - [2025-06-17T13:25:25.614+0200] {dag.py:2690} INFO - Sync 1 DAGs
[2025-06-17T13:25:25.705+0200] {logging_mixin.py:137} INFO - [2025-06-17T13:25:25.705+0200] {dag.py:3437} INFO - Setting next_dagrun for example_xcom to 2021-01-01T00:00:00+00:00, run_after=2021-01-01T00:00:00+00:00
[2025-06-17T13:25:25.794+0200] {processor.py:175} INFO - Processing /home/monica.fernandez/practica_creativa/venv-airflow/lib/python3.11/site-packages/airflow/example_dags/example_xcom.py took 0.387 seconds
[2025-06-17T13:25:29.845+0200] {processor.py:153} INFO - Started process (PID=95476) to work on /home/monica.fernandez/practica_creativa/venv-airflow/lib/python3.11/site-packages/airflow/example_dags/example_xcom.py
[2025-06-17T13:25:29.845+0200] {processor.py:743} INFO - Processing file /home/monica.fernandez/practica_creativa/venv-airflow/lib/python3.11/site-packages/airflow/example_dags/example_xcom.py for tasks to queue
[2025-06-17T13:25:29.846+0200] {logging_mixin.py:137} INFO - [2025-06-17T13:25:29.846+0200] {dagbag.py:538} INFO - Filling up the DagBag from /home/monica.fernandez/practica_creativa/venv-airflow/lib/python3.11/site-packages/airflow/example_dags/example_xcom.py
[2025-06-17T13:25:29.908+0200] {processor.py:753} INFO - DAG(s) dict_keys(['example_xcom']) retrieved from /home/monica.fernandez/practica_creativa/venv-airflow/lib/python3.11/site-packages/airflow/example_dags/example_xcom.py
[2025-06-17T13:25:29.968+0200] {logging_mixin.py:137} INFO - [2025-06-17T13:25:29.968+0200] {dag.py:2690} INFO - Sync 1 DAGs
[2025-06-17T13:25:30.005+0200] {logging_mixin.py:137} INFO - [2025-06-17T13:25:30.005+0200] {dag.py:3437} INFO - Setting next_dagrun for example_xcom to 2021-01-01T00:00:00+00:00, run_after=2021-01-01T00:00:00+00:00
[2025-06-17T13:25:30.106+0200] {processor.py:175} INFO - Processing /home/monica.fernandez/practica_creativa/venv-airflow/lib/python3.11/site-packages/airflow/example_dags/example_xcom.py took 0.270 seconds
[2025-06-17T13:26:15.111+0200] {processor.py:153} INFO - Started process (PID=95974) to work on /home/monica.fernandez/practica_creativa/venv-airflow/lib/python3.11/site-packages/airflow/example_dags/example_xcom.py
[2025-06-17T13:26:15.112+0200] {processor.py:743} INFO - Processing file /home/monica.fernandez/practica_creativa/venv-airflow/lib/python3.11/site-packages/airflow/example_dags/example_xcom.py for tasks to queue
[2025-06-17T13:26:15.113+0200] {logging_mixin.py:137} INFO - [2025-06-17T13:26:15.113+0200] {dagbag.py:538} INFO - Filling up the DagBag from /home/monica.fernandez/practica_creativa/venv-airflow/lib/python3.11/site-packages/airflow/example_dags/example_xcom.py
[2025-06-17T13:26:15.141+0200] {processor.py:753} INFO - DAG(s) dict_keys(['example_xcom']) retrieved from /home/monica.fernandez/practica_creativa/venv-airflow/lib/python3.11/site-packages/airflow/example_dags/example_xcom.py
[2025-06-17T13:26:15.176+0200] {logging_mixin.py:137} INFO - [2025-06-17T13:26:15.176+0200] {dag.py:2690} INFO - Sync 1 DAGs
[2025-06-17T13:26:15.199+0200] {logging_mixin.py:137} INFO - [2025-06-17T13:26:15.199+0200] {dag.py:3437} INFO - Setting next_dagrun for example_xcom to 2021-01-01T00:00:00+00:00, run_after=2021-01-01T00:00:00+00:00
[2025-06-17T13:26:15.258+0200] {processor.py:175} INFO - Processing /home/monica.fernandez/practica_creativa/venv-airflow/lib/python3.11/site-packages/airflow/example_dags/example_xcom.py took 0.151 seconds
[2025-06-17T13:26:20.552+0200] {processor.py:153} INFO - Started process (PID=96003) to work on /home/monica.fernandez/practica_creativa/venv-airflow/lib/python3.11/site-packages/airflow/example_dags/example_xcom.py
[2025-06-17T13:26:20.556+0200] {processor.py:743} INFO - Processing file /home/monica.fernandez/practica_creativa/venv-airflow/lib/python3.11/site-packages/airflow/example_dags/example_xcom.py for tasks to queue
[2025-06-17T13:26:20.557+0200] {logging_mixin.py:137} INFO - [2025-06-17T13:26:20.557+0200] {dagbag.py:538} INFO - Filling up the DagBag from /home/monica.fernandez/practica_creativa/venv-airflow/lib/python3.11/site-packages/airflow/example_dags/example_xcom.py
[2025-06-17T13:26:20.587+0200] {processor.py:753} INFO - DAG(s) dict_keys(['example_xcom']) retrieved from /home/monica.fernandez/practica_creativa/venv-airflow/lib/python3.11/site-packages/airflow/example_dags/example_xcom.py
[2025-06-17T13:26:20.631+0200] {logging_mixin.py:137} INFO - [2025-06-17T13:26:20.631+0200] {dag.py:2690} INFO - Sync 1 DAGs
[2025-06-17T13:26:20.654+0200] {logging_mixin.py:137} INFO - [2025-06-17T13:26:20.654+0200] {dag.py:3437} INFO - Setting next_dagrun for example_xcom to 2021-01-01T00:00:00+00:00, run_after=2021-01-01T00:00:00+00:00
[2025-06-17T13:26:20.786+0200] {processor.py:175} INFO - Processing /home/monica.fernandez/practica_creativa/venv-airflow/lib/python3.11/site-packages/airflow/example_dags/example_xcom.py took 0.238 seconds
[2025-06-17T13:27:00.679+0200] {processor.py:153} INFO - Started process (PID=96310) to work on /home/monica.fernandez/practica_creativa/venv-airflow/lib/python3.11/site-packages/airflow/example_dags/example_xcom.py
[2025-06-17T13:27:00.681+0200] {processor.py:743} INFO - Processing file /home/monica.fernandez/practica_creativa/venv-airflow/lib/python3.11/site-packages/airflow/example_dags/example_xcom.py for tasks to queue
[2025-06-17T13:27:00.682+0200] {logging_mixin.py:137} INFO - [2025-06-17T13:27:00.682+0200] {dagbag.py:538} INFO - Filling up the DagBag from /home/monica.fernandez/practica_creativa/venv-airflow/lib/python3.11/site-packages/airflow/example_dags/example_xcom.py
[2025-06-17T13:27:00.709+0200] {processor.py:753} INFO - DAG(s) dict_keys(['example_xcom']) retrieved from /home/monica.fernandez/practica_creativa/venv-airflow/lib/python3.11/site-packages/airflow/example_dags/example_xcom.py
[2025-06-17T13:27:00.749+0200] {logging_mixin.py:137} INFO - [2025-06-17T13:27:00.749+0200] {dag.py:2690} INFO - Sync 1 DAGs
[2025-06-17T13:27:00.781+0200] {logging_mixin.py:137} INFO - [2025-06-17T13:27:00.779+0200] {dag.py:3437} INFO - Setting next_dagrun for example_xcom to 2021-01-01T00:00:00+00:00, run_after=2021-01-01T00:00:00+00:00
[2025-06-17T13:27:00.896+0200] {processor.py:175} INFO - Processing /home/monica.fernandez/practica_creativa/venv-airflow/lib/python3.11/site-packages/airflow/example_dags/example_xcom.py took 0.219 seconds
[2025-06-17T13:27:07.835+0200] {processor.py:153} INFO - Started process (PID=96379) to work on /home/monica.fernandez/practica_creativa/venv-airflow/lib/python3.11/site-packages/airflow/example_dags/example_xcom.py
[2025-06-17T13:27:07.836+0200] {processor.py:743} INFO - Processing file /home/monica.fernandez/practica_creativa/venv-airflow/lib/python3.11/site-packages/airflow/example_dags/example_xcom.py for tasks to queue
[2025-06-17T13:27:07.837+0200] {logging_mixin.py:137} INFO - [2025-06-17T13:27:07.837+0200] {dagbag.py:538} INFO - Filling up the DagBag from /home/monica.fernandez/practica_creativa/venv-airflow/lib/python3.11/site-packages/airflow/example_dags/example_xcom.py
[2025-06-17T13:27:07.860+0200] {processor.py:753} INFO - DAG(s) dict_keys(['example_xcom']) retrieved from /home/monica.fernandez/practica_creativa/venv-airflow/lib/python3.11/site-packages/airflow/example_dags/example_xcom.py
[2025-06-17T13:27:07.890+0200] {logging_mixin.py:137} INFO - [2025-06-17T13:27:07.890+0200] {dag.py:2690} INFO - Sync 1 DAGs
[2025-06-17T13:27:07.911+0200] {logging_mixin.py:137} INFO - [2025-06-17T13:27:07.911+0200] {dag.py:3437} INFO - Setting next_dagrun for example_xcom to 2021-01-01T00:00:00+00:00, run_after=2021-01-01T00:00:00+00:00
[2025-06-17T13:27:07.965+0200] {processor.py:175} INFO - Processing /home/monica.fernandez/practica_creativa/venv-airflow/lib/python3.11/site-packages/airflow/example_dags/example_xcom.py took 0.134 seconds
[2025-06-17T13:27:46.046+0200] {processor.py:153} INFO - Started process (PID=96784) to work on /home/monica.fernandez/practica_creativa/venv-airflow/lib/python3.11/site-packages/airflow/example_dags/example_xcom.py
[2025-06-17T13:27:46.046+0200] {processor.py:743} INFO - Processing file /home/monica.fernandez/practica_creativa/venv-airflow/lib/python3.11/site-packages/airflow/example_dags/example_xcom.py for tasks to queue
[2025-06-17T13:27:46.047+0200] {logging_mixin.py:137} INFO - [2025-06-17T13:27:46.047+0200] {dagbag.py:538} INFO - Filling up the DagBag from /home/monica.fernandez/practica_creativa/venv-airflow/lib/python3.11/site-packages/airflow/example_dags/example_xcom.py
[2025-06-17T13:27:46.109+0200] {processor.py:753} INFO - DAG(s) dict_keys(['example_xcom']) retrieved from /home/monica.fernandez/practica_creativa/venv-airflow/lib/python3.11/site-packages/airflow/example_dags/example_xcom.py
[2025-06-17T13:27:46.187+0200] {logging_mixin.py:137} INFO - [2025-06-17T13:27:46.187+0200] {dag.py:2690} INFO - Sync 1 DAGs
[2025-06-17T13:27:46.249+0200] {logging_mixin.py:137} INFO - [2025-06-17T13:27:46.249+0200] {dag.py:3437} INFO - Setting next_dagrun for example_xcom to 2021-01-01T00:00:00+00:00, run_after=2021-01-01T00:00:00+00:00
[2025-06-17T13:27:46.347+0200] {processor.py:175} INFO - Processing /home/monica.fernandez/practica_creativa/venv-airflow/lib/python3.11/site-packages/airflow/example_dags/example_xcom.py took 0.304 seconds
[2025-06-17T13:27:54.008+0200] {processor.py:153} INFO - Started process (PID=96818) to work on /home/monica.fernandez/practica_creativa/venv-airflow/lib/python3.11/site-packages/airflow/example_dags/example_xcom.py
[2025-06-17T13:27:54.009+0200] {processor.py:743} INFO - Processing file /home/monica.fernandez/practica_creativa/venv-airflow/lib/python3.11/site-packages/airflow/example_dags/example_xcom.py for tasks to queue
[2025-06-17T13:27:54.011+0200] {logging_mixin.py:137} INFO - [2025-06-17T13:27:54.011+0200] {dagbag.py:538} INFO - Filling up the DagBag from /home/monica.fernandez/practica_creativa/venv-airflow/lib/python3.11/site-packages/airflow/example_dags/example_xcom.py
[2025-06-17T13:27:54.082+0200] {processor.py:753} INFO - DAG(s) dict_keys(['example_xcom']) retrieved from /home/monica.fernandez/practica_creativa/venv-airflow/lib/python3.11/site-packages/airflow/example_dags/example_xcom.py
[2025-06-17T13:27:54.167+0200] {logging_mixin.py:137} INFO - [2025-06-17T13:27:54.166+0200] {dag.py:2690} INFO - Sync 1 DAGs
[2025-06-17T13:27:54.227+0200] {logging_mixin.py:137} INFO - [2025-06-17T13:27:54.226+0200] {dag.py:3437} INFO - Setting next_dagrun for example_xcom to 2021-01-01T00:00:00+00:00, run_after=2021-01-01T00:00:00+00:00
[2025-06-17T13:27:54.338+0200] {processor.py:175} INFO - Processing /home/monica.fernandez/practica_creativa/venv-airflow/lib/python3.11/site-packages/airflow/example_dags/example_xcom.py took 0.334 seconds
[2025-06-17T13:28:37.647+0200] {processor.py:153} INFO - Started process (PID=97177) to work on /home/monica.fernandez/practica_creativa/venv-airflow/lib/python3.11/site-packages/airflow/example_dags/example_xcom.py
[2025-06-17T13:28:37.648+0200] {processor.py:743} INFO - Processing file /home/monica.fernandez/practica_creativa/venv-airflow/lib/python3.11/site-packages/airflow/example_dags/example_xcom.py for tasks to queue
[2025-06-17T13:28:37.648+0200] {logging_mixin.py:137} INFO - [2025-06-17T13:28:37.648+0200] {dagbag.py:538} INFO - Filling up the DagBag from /home/monica.fernandez/practica_creativa/venv-airflow/lib/python3.11/site-packages/airflow/example_dags/example_xcom.py
[2025-06-17T13:28:37.677+0200] {processor.py:753} INFO - DAG(s) dict_keys(['example_xcom']) retrieved from /home/monica.fernandez/practica_creativa/venv-airflow/lib/python3.11/site-packages/airflow/example_dags/example_xcom.py
[2025-06-17T13:28:37.714+0200] {logging_mixin.py:137} INFO - [2025-06-17T13:28:37.714+0200] {dag.py:2690} INFO - Sync 1 DAGs
[2025-06-17T13:28:37.742+0200] {logging_mixin.py:137} INFO - [2025-06-17T13:28:37.742+0200] {dag.py:3437} INFO - Setting next_dagrun for example_xcom to 2021-01-01T00:00:00+00:00, run_after=2021-01-01T00:00:00+00:00
[2025-06-17T13:28:37.823+0200] {processor.py:175} INFO - Processing /home/monica.fernandez/practica_creativa/venv-airflow/lib/python3.11/site-packages/airflow/example_dags/example_xcom.py took 0.180 seconds
[2025-06-17T13:28:43.279+0200] {processor.py:153} INFO - Started process (PID=97308) to work on /home/monica.fernandez/practica_creativa/venv-airflow/lib/python3.11/site-packages/airflow/example_dags/example_xcom.py
[2025-06-17T13:28:43.279+0200] {processor.py:743} INFO - Processing file /home/monica.fernandez/practica_creativa/venv-airflow/lib/python3.11/site-packages/airflow/example_dags/example_xcom.py for tasks to queue
[2025-06-17T13:28:43.280+0200] {logging_mixin.py:137} INFO - [2025-06-17T13:28:43.280+0200] {dagbag.py:538} INFO - Filling up the DagBag from /home/monica.fernandez/practica_creativa/venv-airflow/lib/python3.11/site-packages/airflow/example_dags/example_xcom.py
[2025-06-17T13:28:43.334+0200] {processor.py:753} INFO - DAG(s) dict_keys(['example_xcom']) retrieved from /home/monica.fernandez/practica_creativa/venv-airflow/lib/python3.11/site-packages/airflow/example_dags/example_xcom.py
[2025-06-17T13:28:43.388+0200] {logging_mixin.py:137} INFO - [2025-06-17T13:28:43.388+0200] {dag.py:2690} INFO - Sync 1 DAGs
[2025-06-17T13:28:43.416+0200] {logging_mixin.py:137} INFO - [2025-06-17T13:28:43.415+0200] {dag.py:3437} INFO - Setting next_dagrun for example_xcom to 2021-01-01T00:00:00+00:00, run_after=2021-01-01T00:00:00+00:00
[2025-06-17T13:28:43.506+0200] {processor.py:175} INFO - Processing /home/monica.fernandez/practica_creativa/venv-airflow/lib/python3.11/site-packages/airflow/example_dags/example_xcom.py took 0.232 seconds
[2025-06-17T13:32:01.726+0200] {processor.py:153} INFO - Started process (PID=99984) to work on /home/monica.fernandez/practica_creativa/venv-airflow/lib/python3.11/site-packages/airflow/example_dags/example_xcom.py
[2025-06-17T13:32:01.727+0200] {processor.py:743} INFO - Processing file /home/monica.fernandez/practica_creativa/venv-airflow/lib/python3.11/site-packages/airflow/example_dags/example_xcom.py for tasks to queue
[2025-06-17T13:32:01.727+0200] {logging_mixin.py:137} INFO - [2025-06-17T13:32:01.727+0200] {dagbag.py:538} INFO - Filling up the DagBag from /home/monica.fernandez/practica_creativa/venv-airflow/lib/python3.11/site-packages/airflow/example_dags/example_xcom.py
[2025-06-17T13:32:01.774+0200] {processor.py:753} INFO - DAG(s) dict_keys(['example_xcom']) retrieved from /home/monica.fernandez/practica_creativa/venv-airflow/lib/python3.11/site-packages/airflow/example_dags/example_xcom.py
[2025-06-17T13:32:01.812+0200] {logging_mixin.py:137} INFO - [2025-06-17T13:32:01.812+0200] {dag.py:2690} INFO - Sync 1 DAGs
[2025-06-17T13:32:01.839+0200] {logging_mixin.py:137} INFO - [2025-06-17T13:32:01.838+0200] {dag.py:3437} INFO - Setting next_dagrun for example_xcom to 2021-01-01T00:00:00+00:00, run_after=2021-01-01T00:00:00+00:00
[2025-06-17T13:32:01.907+0200] {processor.py:175} INFO - Processing /home/monica.fernandez/practica_creativa/venv-airflow/lib/python3.11/site-packages/airflow/example_dags/example_xcom.py took 0.189 seconds
[2025-06-17T13:32:58.563+0200] {processor.py:153} INFO - Started process (PID=100662) to work on /home/monica.fernandez/practica_creativa/venv-airflow/lib/python3.11/site-packages/airflow/example_dags/example_xcom.py
[2025-06-17T13:32:58.564+0200] {processor.py:743} INFO - Processing file /home/monica.fernandez/practica_creativa/venv-airflow/lib/python3.11/site-packages/airflow/example_dags/example_xcom.py for tasks to queue
[2025-06-17T13:32:58.565+0200] {logging_mixin.py:137} INFO - [2025-06-17T13:32:58.565+0200] {dagbag.py:538} INFO - Filling up the DagBag from /home/monica.fernandez/practica_creativa/venv-airflow/lib/python3.11/site-packages/airflow/example_dags/example_xcom.py
[2025-06-17T13:32:58.606+0200] {processor.py:753} INFO - DAG(s) dict_keys(['example_xcom']) retrieved from /home/monica.fernandez/practica_creativa/venv-airflow/lib/python3.11/site-packages/airflow/example_dags/example_xcom.py
[2025-06-17T13:32:58.644+0200] {logging_mixin.py:137} INFO - [2025-06-17T13:32:58.643+0200] {dag.py:2690} INFO - Sync 1 DAGs
[2025-06-17T13:32:58.690+0200] {logging_mixin.py:137} INFO - [2025-06-17T13:32:58.690+0200] {dag.py:3437} INFO - Setting next_dagrun for example_xcom to 2021-01-01T00:00:00+00:00, run_after=2021-01-01T00:00:00+00:00
[2025-06-17T13:32:58.779+0200] {processor.py:175} INFO - Processing /home/monica.fernandez/practica_creativa/venv-airflow/lib/python3.11/site-packages/airflow/example_dags/example_xcom.py took 0.218 seconds
[2025-06-17T13:33:50.461+0200] {processor.py:153} INFO - Started process (PID=101318) to work on /home/monica.fernandez/practica_creativa/venv-airflow/lib/python3.11/site-packages/airflow/example_dags/example_xcom.py
[2025-06-17T13:33:50.462+0200] {processor.py:743} INFO - Processing file /home/monica.fernandez/practica_creativa/venv-airflow/lib/python3.11/site-packages/airflow/example_dags/example_xcom.py for tasks to queue
[2025-06-17T13:33:50.465+0200] {logging_mixin.py:137} INFO - [2025-06-17T13:33:50.465+0200] {dagbag.py:538} INFO - Filling up the DagBag from /home/monica.fernandez/practica_creativa/venv-airflow/lib/python3.11/site-packages/airflow/example_dags/example_xcom.py
[2025-06-17T13:33:50.502+0200] {processor.py:753} INFO - DAG(s) dict_keys(['example_xcom']) retrieved from /home/monica.fernandez/practica_creativa/venv-airflow/lib/python3.11/site-packages/airflow/example_dags/example_xcom.py
[2025-06-17T13:33:50.549+0200] {logging_mixin.py:137} INFO - [2025-06-17T13:33:50.549+0200] {dag.py:2690} INFO - Sync 1 DAGs
[2025-06-17T13:33:50.582+0200] {logging_mixin.py:137} INFO - [2025-06-17T13:33:50.582+0200] {dag.py:3437} INFO - Setting next_dagrun for example_xcom to 2021-01-01T00:00:00+00:00, run_after=2021-01-01T00:00:00+00:00
[2025-06-17T13:33:50.674+0200] {processor.py:175} INFO - Processing /home/monica.fernandez/practica_creativa/venv-airflow/lib/python3.11/site-packages/airflow/example_dags/example_xcom.py took 0.215 seconds
[2025-06-17T13:34:20.633+0200] {processor.py:153} INFO - Started process (PID=101724) to work on /home/monica.fernandez/practica_creativa/venv-airflow/lib/python3.11/site-packages/airflow/example_dags/example_xcom.py
[2025-06-17T13:34:20.633+0200] {processor.py:743} INFO - Processing file /home/monica.fernandez/practica_creativa/venv-airflow/lib/python3.11/site-packages/airflow/example_dags/example_xcom.py for tasks to queue
[2025-06-17T13:34:20.634+0200] {logging_mixin.py:137} INFO - [2025-06-17T13:34:20.634+0200] {dagbag.py:538} INFO - Filling up the DagBag from /home/monica.fernandez/practica_creativa/venv-airflow/lib/python3.11/site-packages/airflow/example_dags/example_xcom.py
[2025-06-17T13:34:20.665+0200] {processor.py:753} INFO - DAG(s) dict_keys(['example_xcom']) retrieved from /home/monica.fernandez/practica_creativa/venv-airflow/lib/python3.11/site-packages/airflow/example_dags/example_xcom.py
[2025-06-17T13:34:20.703+0200] {logging_mixin.py:137} INFO - [2025-06-17T13:34:20.703+0200] {dag.py:2690} INFO - Sync 1 DAGs
[2025-06-17T13:34:20.755+0200] {logging_mixin.py:137} INFO - [2025-06-17T13:34:20.751+0200] {dag.py:3437} INFO - Setting next_dagrun for example_xcom to 2021-01-01T00:00:00+00:00, run_after=2021-01-01T00:00:00+00:00
[2025-06-17T13:34:20.837+0200] {processor.py:175} INFO - Processing /home/monica.fernandez/practica_creativa/venv-airflow/lib/python3.11/site-packages/airflow/example_dags/example_xcom.py took 0.207 seconds
[2025-06-17T13:34:52.749+0200] {processor.py:153} INFO - Started process (PID=102008) to work on /home/monica.fernandez/practica_creativa/venv-airflow/lib/python3.11/site-packages/airflow/example_dags/example_xcom.py
[2025-06-17T13:34:52.750+0200] {processor.py:743} INFO - Processing file /home/monica.fernandez/practica_creativa/venv-airflow/lib/python3.11/site-packages/airflow/example_dags/example_xcom.py for tasks to queue
[2025-06-17T13:34:52.751+0200] {logging_mixin.py:137} INFO - [2025-06-17T13:34:52.751+0200] {dagbag.py:538} INFO - Filling up the DagBag from /home/monica.fernandez/practica_creativa/venv-airflow/lib/python3.11/site-packages/airflow/example_dags/example_xcom.py
[2025-06-17T13:34:52.779+0200] {processor.py:753} INFO - DAG(s) dict_keys(['example_xcom']) retrieved from /home/monica.fernandez/practica_creativa/venv-airflow/lib/python3.11/site-packages/airflow/example_dags/example_xcom.py
[2025-06-17T13:34:52.818+0200] {logging_mixin.py:137} INFO - [2025-06-17T13:34:52.818+0200] {dag.py:2690} INFO - Sync 1 DAGs
[2025-06-17T13:34:52.848+0200] {logging_mixin.py:137} INFO - [2025-06-17T13:34:52.848+0200] {dag.py:3437} INFO - Setting next_dagrun for example_xcom to 2021-01-01T00:00:00+00:00, run_after=2021-01-01T00:00:00+00:00
[2025-06-17T13:34:52.906+0200] {processor.py:175} INFO - Processing /home/monica.fernandez/practica_creativa/venv-airflow/lib/python3.11/site-packages/airflow/example_dags/example_xcom.py took 0.160 seconds
[2025-06-17T13:35:09.539+0200] {processor.py:153} INFO - Started process (PID=102159) to work on /home/monica.fernandez/practica_creativa/venv-airflow/lib/python3.11/site-packages/airflow/example_dags/example_xcom.py
[2025-06-17T13:35:09.540+0200] {processor.py:743} INFO - Processing file /home/monica.fernandez/practica_creativa/venv-airflow/lib/python3.11/site-packages/airflow/example_dags/example_xcom.py for tasks to queue
[2025-06-17T13:35:09.540+0200] {logging_mixin.py:137} INFO - [2025-06-17T13:35:09.540+0200] {dagbag.py:538} INFO - Filling up the DagBag from /home/monica.fernandez/practica_creativa/venv-airflow/lib/python3.11/site-packages/airflow/example_dags/example_xcom.py
[2025-06-17T13:35:09.563+0200] {processor.py:753} INFO - DAG(s) dict_keys(['example_xcom']) retrieved from /home/monica.fernandez/practica_creativa/venv-airflow/lib/python3.11/site-packages/airflow/example_dags/example_xcom.py
[2025-06-17T13:35:09.594+0200] {logging_mixin.py:137} INFO - [2025-06-17T13:35:09.594+0200] {dag.py:2690} INFO - Sync 1 DAGs
[2025-06-17T13:35:09.620+0200] {logging_mixin.py:137} INFO - [2025-06-17T13:35:09.620+0200] {dag.py:3437} INFO - Setting next_dagrun for example_xcom to 2021-01-01T00:00:00+00:00, run_after=2021-01-01T00:00:00+00:00
[2025-06-17T13:35:09.673+0200] {processor.py:175} INFO - Processing /home/monica.fernandez/practica_creativa/venv-airflow/lib/python3.11/site-packages/airflow/example_dags/example_xcom.py took 0.138 seconds
[2025-06-17T13:35:44.880+0200] {processor.py:153} INFO - Started process (PID=102550) to work on /home/monica.fernandez/practica_creativa/venv-airflow/lib/python3.11/site-packages/airflow/example_dags/example_xcom.py
[2025-06-17T13:35:44.881+0200] {processor.py:743} INFO - Processing file /home/monica.fernandez/practica_creativa/venv-airflow/lib/python3.11/site-packages/airflow/example_dags/example_xcom.py for tasks to queue
[2025-06-17T13:35:44.882+0200] {logging_mixin.py:137} INFO - [2025-06-17T13:35:44.882+0200] {dagbag.py:538} INFO - Filling up the DagBag from /home/monica.fernandez/practica_creativa/venv-airflow/lib/python3.11/site-packages/airflow/example_dags/example_xcom.py
[2025-06-17T13:35:44.941+0200] {processor.py:753} INFO - DAG(s) dict_keys(['example_xcom']) retrieved from /home/monica.fernandez/practica_creativa/venv-airflow/lib/python3.11/site-packages/airflow/example_dags/example_xcom.py
[2025-06-17T13:35:45.008+0200] {logging_mixin.py:137} INFO - [2025-06-17T13:35:45.007+0200] {dag.py:2690} INFO - Sync 1 DAGs
[2025-06-17T13:35:45.062+0200] {logging_mixin.py:137} INFO - [2025-06-17T13:35:45.061+0200] {dag.py:3437} INFO - Setting next_dagrun for example_xcom to 2021-01-01T00:00:00+00:00, run_after=2021-01-01T00:00:00+00:00
[2025-06-17T13:35:45.250+0200] {processor.py:175} INFO - Processing /home/monica.fernandez/practica_creativa/venv-airflow/lib/python3.11/site-packages/airflow/example_dags/example_xcom.py took 0.374 seconds
[2025-06-17T13:36:02.753+0200] {processor.py:153} INFO - Started process (PID=102689) to work on /home/monica.fernandez/practica_creativa/venv-airflow/lib/python3.11/site-packages/airflow/example_dags/example_xcom.py
[2025-06-17T13:36:02.754+0200] {processor.py:743} INFO - Processing file /home/monica.fernandez/practica_creativa/venv-airflow/lib/python3.11/site-packages/airflow/example_dags/example_xcom.py for tasks to queue
[2025-06-17T13:36:02.755+0200] {logging_mixin.py:137} INFO - [2025-06-17T13:36:02.755+0200] {dagbag.py:538} INFO - Filling up the DagBag from /home/monica.fernandez/practica_creativa/venv-airflow/lib/python3.11/site-packages/airflow/example_dags/example_xcom.py
[2025-06-17T13:36:02.783+0200] {processor.py:753} INFO - DAG(s) dict_keys(['example_xcom']) retrieved from /home/monica.fernandez/practica_creativa/venv-airflow/lib/python3.11/site-packages/airflow/example_dags/example_xcom.py
[2025-06-17T13:36:02.821+0200] {logging_mixin.py:137} INFO - [2025-06-17T13:36:02.820+0200] {dag.py:2690} INFO - Sync 1 DAGs
[2025-06-17T13:36:02.848+0200] {logging_mixin.py:137} INFO - [2025-06-17T13:36:02.847+0200] {dag.py:3437} INFO - Setting next_dagrun for example_xcom to 2021-01-01T00:00:00+00:00, run_after=2021-01-01T00:00:00+00:00
[2025-06-17T13:36:02.907+0200] {processor.py:175} INFO - Processing /home/monica.fernandez/practica_creativa/venv-airflow/lib/python3.11/site-packages/airflow/example_dags/example_xcom.py took 0.158 seconds
[2025-06-17T13:36:34.522+0200] {processor.py:153} INFO - Started process (PID=103029) to work on /home/monica.fernandez/practica_creativa/venv-airflow/lib/python3.11/site-packages/airflow/example_dags/example_xcom.py
[2025-06-17T13:36:34.523+0200] {processor.py:743} INFO - Processing file /home/monica.fernandez/practica_creativa/venv-airflow/lib/python3.11/site-packages/airflow/example_dags/example_xcom.py for tasks to queue
[2025-06-17T13:36:34.524+0200] {logging_mixin.py:137} INFO - [2025-06-17T13:36:34.524+0200] {dagbag.py:538} INFO - Filling up the DagBag from /home/monica.fernandez/practica_creativa/venv-airflow/lib/python3.11/site-packages/airflow/example_dags/example_xcom.py
[2025-06-17T13:36:34.571+0200] {processor.py:753} INFO - DAG(s) dict_keys(['example_xcom']) retrieved from /home/monica.fernandez/practica_creativa/venv-airflow/lib/python3.11/site-packages/airflow/example_dags/example_xcom.py
[2025-06-17T13:36:34.626+0200] {logging_mixin.py:137} INFO - [2025-06-17T13:36:34.626+0200] {dag.py:2690} INFO - Sync 1 DAGs
[2025-06-17T13:36:34.671+0200] {logging_mixin.py:137} INFO - [2025-06-17T13:36:34.671+0200] {dag.py:3437} INFO - Setting next_dagrun for example_xcom to 2021-01-01T00:00:00+00:00, run_after=2021-01-01T00:00:00+00:00
[2025-06-17T13:36:34.759+0200] {processor.py:175} INFO - Processing /home/monica.fernandez/practica_creativa/venv-airflow/lib/python3.11/site-packages/airflow/example_dags/example_xcom.py took 0.241 seconds
[2025-06-17T13:36:56.034+0200] {processor.py:153} INFO - Started process (PID=103299) to work on /home/monica.fernandez/practica_creativa/venv-airflow/lib/python3.11/site-packages/airflow/example_dags/example_xcom.py
[2025-06-17T13:36:56.035+0200] {processor.py:743} INFO - Processing file /home/monica.fernandez/practica_creativa/venv-airflow/lib/python3.11/site-packages/airflow/example_dags/example_xcom.py for tasks to queue
[2025-06-17T13:36:56.035+0200] {logging_mixin.py:137} INFO - [2025-06-17T13:36:56.035+0200] {dagbag.py:538} INFO - Filling up the DagBag from /home/monica.fernandez/practica_creativa/venv-airflow/lib/python3.11/site-packages/airflow/example_dags/example_xcom.py
[2025-06-17T13:36:56.057+0200] {processor.py:753} INFO - DAG(s) dict_keys(['example_xcom']) retrieved from /home/monica.fernandez/practica_creativa/venv-airflow/lib/python3.11/site-packages/airflow/example_dags/example_xcom.py
[2025-06-17T13:36:56.089+0200] {logging_mixin.py:137} INFO - [2025-06-17T13:36:56.089+0200] {dag.py:2690} INFO - Sync 1 DAGs
[2025-06-17T13:36:56.113+0200] {logging_mixin.py:137} INFO - [2025-06-17T13:36:56.113+0200] {dag.py:3437} INFO - Setting next_dagrun for example_xcom to 2021-01-01T00:00:00+00:00, run_after=2021-01-01T00:00:00+00:00
[2025-06-17T13:36:56.175+0200] {processor.py:175} INFO - Processing /home/monica.fernandez/practica_creativa/venv-airflow/lib/python3.11/site-packages/airflow/example_dags/example_xcom.py took 0.144 seconds
[2025-06-17T13:37:42.290+0200] {processor.py:153} INFO - Started process (PID=103843) to work on /home/monica.fernandez/practica_creativa/venv-airflow/lib/python3.11/site-packages/airflow/example_dags/example_xcom.py
[2025-06-17T13:37:42.290+0200] {processor.py:743} INFO - Processing file /home/monica.fernandez/practica_creativa/venv-airflow/lib/python3.11/site-packages/airflow/example_dags/example_xcom.py for tasks to queue
[2025-06-17T13:37:42.291+0200] {logging_mixin.py:137} INFO - [2025-06-17T13:37:42.291+0200] {dagbag.py:538} INFO - Filling up the DagBag from /home/monica.fernandez/practica_creativa/venv-airflow/lib/python3.11/site-packages/airflow/example_dags/example_xcom.py
[2025-06-17T13:37:42.338+0200] {processor.py:753} INFO - DAG(s) dict_keys(['example_xcom']) retrieved from /home/monica.fernandez/practica_creativa/venv-airflow/lib/python3.11/site-packages/airflow/example_dags/example_xcom.py
[2025-06-17T13:37:42.400+0200] {logging_mixin.py:137} INFO - [2025-06-17T13:37:42.400+0200] {dag.py:2690} INFO - Sync 1 DAGs
[2025-06-17T13:37:42.431+0200] {logging_mixin.py:137} INFO - [2025-06-17T13:37:42.431+0200] {dag.py:3437} INFO - Setting next_dagrun for example_xcom to 2021-01-01T00:00:00+00:00, run_after=2021-01-01T00:00:00+00:00
[2025-06-17T13:37:42.521+0200] {processor.py:175} INFO - Processing /home/monica.fernandez/practica_creativa/venv-airflow/lib/python3.11/site-packages/airflow/example_dags/example_xcom.py took 0.238 seconds
[2025-06-17T13:38:24.499+0200] {processor.py:153} INFO - Started process (PID=104424) to work on /home/monica.fernandez/practica_creativa/venv-airflow/lib/python3.11/site-packages/airflow/example_dags/example_xcom.py
[2025-06-17T13:38:24.500+0200] {processor.py:743} INFO - Processing file /home/monica.fernandez/practica_creativa/venv-airflow/lib/python3.11/site-packages/airflow/example_dags/example_xcom.py for tasks to queue
[2025-06-17T13:38:24.501+0200] {logging_mixin.py:137} INFO - [2025-06-17T13:38:24.500+0200] {dagbag.py:538} INFO - Filling up the DagBag from /home/monica.fernandez/practica_creativa/venv-airflow/lib/python3.11/site-packages/airflow/example_dags/example_xcom.py
[2025-06-17T13:38:24.540+0200] {processor.py:753} INFO - DAG(s) dict_keys(['example_xcom']) retrieved from /home/monica.fernandez/practica_creativa/venv-airflow/lib/python3.11/site-packages/airflow/example_dags/example_xcom.py
[2025-06-17T13:38:24.572+0200] {logging_mixin.py:137} INFO - [2025-06-17T13:38:24.572+0200] {dag.py:2690} INFO - Sync 1 DAGs
[2025-06-17T13:38:24.621+0200] {logging_mixin.py:137} INFO - [2025-06-17T13:38:24.621+0200] {dag.py:3437} INFO - Setting next_dagrun for example_xcom to 2021-01-01T00:00:00+00:00, run_after=2021-01-01T00:00:00+00:00
[2025-06-17T13:38:24.698+0200] {processor.py:175} INFO - Processing /home/monica.fernandez/practica_creativa/venv-airflow/lib/python3.11/site-packages/airflow/example_dags/example_xcom.py took 0.202 seconds
[2025-06-17T13:39:05.238+0200] {processor.py:153} INFO - Started process (PID=105042) to work on /home/monica.fernandez/practica_creativa/venv-airflow/lib/python3.11/site-packages/airflow/example_dags/example_xcom.py
[2025-06-17T13:39:05.239+0200] {processor.py:743} INFO - Processing file /home/monica.fernandez/practica_creativa/venv-airflow/lib/python3.11/site-packages/airflow/example_dags/example_xcom.py for tasks to queue
[2025-06-17T13:39:05.239+0200] {logging_mixin.py:137} INFO - [2025-06-17T13:39:05.239+0200] {dagbag.py:538} INFO - Filling up the DagBag from /home/monica.fernandez/practica_creativa/venv-airflow/lib/python3.11/site-packages/airflow/example_dags/example_xcom.py
[2025-06-17T13:39:05.279+0200] {processor.py:753} INFO - DAG(s) dict_keys(['example_xcom']) retrieved from /home/monica.fernandez/practica_creativa/venv-airflow/lib/python3.11/site-packages/airflow/example_dags/example_xcom.py
[2025-06-17T13:39:05.317+0200] {logging_mixin.py:137} INFO - [2025-06-17T13:39:05.317+0200] {dag.py:2690} INFO - Sync 1 DAGs
[2025-06-17T13:39:05.357+0200] {logging_mixin.py:137} INFO - [2025-06-17T13:39:05.357+0200] {dag.py:3437} INFO - Setting next_dagrun for example_xcom to 2021-01-01T00:00:00+00:00, run_after=2021-01-01T00:00:00+00:00
[2025-06-17T13:39:05.443+0200] {processor.py:175} INFO - Processing /home/monica.fernandez/practica_creativa/venv-airflow/lib/python3.11/site-packages/airflow/example_dags/example_xcom.py took 0.209 seconds
[2025-06-17T13:39:23.122+0200] {processor.py:153} INFO - Started process (PID=105364) to work on /home/monica.fernandez/practica_creativa/venv-airflow/lib/python3.11/site-packages/airflow/example_dags/example_xcom.py
[2025-06-17T13:39:23.123+0200] {processor.py:743} INFO - Processing file /home/monica.fernandez/practica_creativa/venv-airflow/lib/python3.11/site-packages/airflow/example_dags/example_xcom.py for tasks to queue
[2025-06-17T13:39:23.123+0200] {logging_mixin.py:137} INFO - [2025-06-17T13:39:23.123+0200] {dagbag.py:538} INFO - Filling up the DagBag from /home/monica.fernandez/practica_creativa/venv-airflow/lib/python3.11/site-packages/airflow/example_dags/example_xcom.py
[2025-06-17T13:39:23.156+0200] {processor.py:753} INFO - DAG(s) dict_keys(['example_xcom']) retrieved from /home/monica.fernandez/practica_creativa/venv-airflow/lib/python3.11/site-packages/airflow/example_dags/example_xcom.py
[2025-06-17T13:39:23.194+0200] {logging_mixin.py:137} INFO - [2025-06-17T13:39:23.193+0200] {dag.py:2690} INFO - Sync 1 DAGs
[2025-06-17T13:39:23.223+0200] {logging_mixin.py:137} INFO - [2025-06-17T13:39:23.222+0200] {dag.py:3437} INFO - Setting next_dagrun for example_xcom to 2021-01-01T00:00:00+00:00, run_after=2021-01-01T00:00:00+00:00
[2025-06-17T13:39:23.291+0200] {processor.py:175} INFO - Processing /home/monica.fernandez/practica_creativa/venv-airflow/lib/python3.11/site-packages/airflow/example_dags/example_xcom.py took 0.174 seconds
[2025-06-17T13:40:04.453+0200] {processor.py:153} INFO - Started process (PID=105698) to work on /home/monica.fernandez/practica_creativa/venv-airflow/lib/python3.11/site-packages/airflow/example_dags/example_xcom.py
[2025-06-17T13:40:04.454+0200] {processor.py:743} INFO - Processing file /home/monica.fernandez/practica_creativa/venv-airflow/lib/python3.11/site-packages/airflow/example_dags/example_xcom.py for tasks to queue
[2025-06-17T13:40:04.455+0200] {logging_mixin.py:137} INFO - [2025-06-17T13:40:04.454+0200] {dagbag.py:538} INFO - Filling up the DagBag from /home/monica.fernandez/practica_creativa/venv-airflow/lib/python3.11/site-packages/airflow/example_dags/example_xcom.py
[2025-06-17T13:40:04.489+0200] {processor.py:753} INFO - DAG(s) dict_keys(['example_xcom']) retrieved from /home/monica.fernandez/practica_creativa/venv-airflow/lib/python3.11/site-packages/airflow/example_dags/example_xcom.py
[2025-06-17T13:40:04.517+0200] {logging_mixin.py:137} INFO - [2025-06-17T13:40:04.517+0200] {dag.py:2690} INFO - Sync 1 DAGs
[2025-06-17T13:40:04.544+0200] {logging_mixin.py:137} INFO - [2025-06-17T13:40:04.544+0200] {dag.py:3437} INFO - Setting next_dagrun for example_xcom to 2021-01-01T00:00:00+00:00, run_after=2021-01-01T00:00:00+00:00
[2025-06-17T13:40:04.602+0200] {processor.py:175} INFO - Processing /home/monica.fernandez/practica_creativa/venv-airflow/lib/python3.11/site-packages/airflow/example_dags/example_xcom.py took 0.152 seconds
[2025-06-17T13:42:44.395+0200] {processor.py:153} INFO - Started process (PID=107615) to work on /home/monica.fernandez/practica_creativa/venv-airflow/lib/python3.11/site-packages/airflow/example_dags/example_xcom.py
[2025-06-17T13:42:44.396+0200] {processor.py:743} INFO - Processing file /home/monica.fernandez/practica_creativa/venv-airflow/lib/python3.11/site-packages/airflow/example_dags/example_xcom.py for tasks to queue
[2025-06-17T13:42:44.396+0200] {logging_mixin.py:137} INFO - [2025-06-17T13:42:44.396+0200] {dagbag.py:538} INFO - Filling up the DagBag from /home/monica.fernandez/practica_creativa/venv-airflow/lib/python3.11/site-packages/airflow/example_dags/example_xcom.py
[2025-06-17T13:42:44.427+0200] {processor.py:753} INFO - DAG(s) dict_keys(['example_xcom']) retrieved from /home/monica.fernandez/practica_creativa/venv-airflow/lib/python3.11/site-packages/airflow/example_dags/example_xcom.py
[2025-06-17T13:42:44.456+0200] {logging_mixin.py:137} INFO - [2025-06-17T13:42:44.456+0200] {dag.py:2690} INFO - Sync 1 DAGs
[2025-06-17T13:42:44.496+0200] {logging_mixin.py:137} INFO - [2025-06-17T13:42:44.496+0200] {dag.py:3437} INFO - Setting next_dagrun for example_xcom to 2021-01-01T00:00:00+00:00, run_after=2021-01-01T00:00:00+00:00
[2025-06-17T13:42:44.587+0200] {processor.py:175} INFO - Processing /home/monica.fernandez/practica_creativa/venv-airflow/lib/python3.11/site-packages/airflow/example_dags/example_xcom.py took 0.198 seconds
[2025-06-17T13:43:33.330+0200] {processor.py:153} INFO - Started process (PID=108100) to work on /home/monica.fernandez/practica_creativa/venv-airflow/lib/python3.11/site-packages/airflow/example_dags/example_xcom.py
[2025-06-17T13:43:33.331+0200] {processor.py:743} INFO - Processing file /home/monica.fernandez/practica_creativa/venv-airflow/lib/python3.11/site-packages/airflow/example_dags/example_xcom.py for tasks to queue
[2025-06-17T13:43:33.332+0200] {logging_mixin.py:137} INFO - [2025-06-17T13:43:33.332+0200] {dagbag.py:538} INFO - Filling up the DagBag from /home/monica.fernandez/practica_creativa/venv-airflow/lib/python3.11/site-packages/airflow/example_dags/example_xcom.py
[2025-06-17T13:43:33.374+0200] {processor.py:753} INFO - DAG(s) dict_keys(['example_xcom']) retrieved from /home/monica.fernandez/practica_creativa/venv-airflow/lib/python3.11/site-packages/airflow/example_dags/example_xcom.py
[2025-06-17T13:43:33.400+0200] {logging_mixin.py:137} INFO - [2025-06-17T13:43:33.400+0200] {dag.py:2690} INFO - Sync 1 DAGs
[2025-06-17T13:43:33.421+0200] {logging_mixin.py:137} INFO - [2025-06-17T13:43:33.421+0200] {dag.py:3437} INFO - Setting next_dagrun for example_xcom to 2021-01-01T00:00:00+00:00, run_after=2021-01-01T00:00:00+00:00
[2025-06-17T13:43:33.473+0200] {processor.py:175} INFO - Processing /home/monica.fernandez/practica_creativa/venv-airflow/lib/python3.11/site-packages/airflow/example_dags/example_xcom.py took 0.149 seconds
[2025-06-17T13:44:23.986+0200] {processor.py:153} INFO - Started process (PID=108560) to work on /home/monica.fernandez/practica_creativa/venv-airflow/lib/python3.11/site-packages/airflow/example_dags/example_xcom.py
[2025-06-17T13:44:23.987+0200] {processor.py:743} INFO - Processing file /home/monica.fernandez/practica_creativa/venv-airflow/lib/python3.11/site-packages/airflow/example_dags/example_xcom.py for tasks to queue
[2025-06-17T13:44:23.989+0200] {logging_mixin.py:137} INFO - [2025-06-17T13:44:23.988+0200] {dagbag.py:538} INFO - Filling up the DagBag from /home/monica.fernandez/practica_creativa/venv-airflow/lib/python3.11/site-packages/airflow/example_dags/example_xcom.py
[2025-06-17T13:44:24.021+0200] {processor.py:753} INFO - DAG(s) dict_keys(['example_xcom']) retrieved from /home/monica.fernandez/practica_creativa/venv-airflow/lib/python3.11/site-packages/airflow/example_dags/example_xcom.py
[2025-06-17T13:44:24.048+0200] {logging_mixin.py:137} INFO - [2025-06-17T13:44:24.048+0200] {dag.py:2690} INFO - Sync 1 DAGs
[2025-06-17T13:44:24.069+0200] {logging_mixin.py:137} INFO - [2025-06-17T13:44:24.069+0200] {dag.py:3437} INFO - Setting next_dagrun for example_xcom to 2021-01-01T00:00:00+00:00, run_after=2021-01-01T00:00:00+00:00
[2025-06-17T13:44:24.119+0200] {processor.py:175} INFO - Processing /home/monica.fernandez/practica_creativa/venv-airflow/lib/python3.11/site-packages/airflow/example_dags/example_xcom.py took 0.138 seconds
[2025-06-17T13:45:02.773+0200] {processor.py:153} INFO - Started process (PID=109007) to work on /home/monica.fernandez/practica_creativa/venv-airflow/lib/python3.11/site-packages/airflow/example_dags/example_xcom.py
[2025-06-17T13:45:02.776+0200] {processor.py:743} INFO - Processing file /home/monica.fernandez/practica_creativa/venv-airflow/lib/python3.11/site-packages/airflow/example_dags/example_xcom.py for tasks to queue
[2025-06-17T13:45:02.777+0200] {logging_mixin.py:137} INFO - [2025-06-17T13:45:02.777+0200] {dagbag.py:538} INFO - Filling up the DagBag from /home/monica.fernandez/practica_creativa/venv-airflow/lib/python3.11/site-packages/airflow/example_dags/example_xcom.py
[2025-06-17T13:45:02.807+0200] {processor.py:753} INFO - DAG(s) dict_keys(['example_xcom']) retrieved from /home/monica.fernandez/practica_creativa/venv-airflow/lib/python3.11/site-packages/airflow/example_dags/example_xcom.py
[2025-06-17T13:45:02.841+0200] {logging_mixin.py:137} INFO - [2025-06-17T13:45:02.841+0200] {dag.py:2690} INFO - Sync 1 DAGs
[2025-06-17T13:45:02.866+0200] {logging_mixin.py:137} INFO - [2025-06-17T13:45:02.866+0200] {dag.py:3437} INFO - Setting next_dagrun for example_xcom to 2021-01-01T00:00:00+00:00, run_after=2021-01-01T00:00:00+00:00
[2025-06-17T13:45:02.924+0200] {processor.py:175} INFO - Processing /home/monica.fernandez/practica_creativa/venv-airflow/lib/python3.11/site-packages/airflow/example_dags/example_xcom.py took 0.154 seconds
[2025-06-17T13:45:40.837+0200] {processor.py:153} INFO - Started process (PID=109455) to work on /home/monica.fernandez/practica_creativa/venv-airflow/lib/python3.11/site-packages/airflow/example_dags/example_xcom.py
[2025-06-17T13:45:40.840+0200] {processor.py:743} INFO - Processing file /home/monica.fernandez/practica_creativa/venv-airflow/lib/python3.11/site-packages/airflow/example_dags/example_xcom.py for tasks to queue
[2025-06-17T13:45:40.844+0200] {logging_mixin.py:137} INFO - [2025-06-17T13:45:40.840+0200] {dagbag.py:538} INFO - Filling up the DagBag from /home/monica.fernandez/practica_creativa/venv-airflow/lib/python3.11/site-packages/airflow/example_dags/example_xcom.py
[2025-06-17T13:45:40.868+0200] {processor.py:753} INFO - DAG(s) dict_keys(['example_xcom']) retrieved from /home/monica.fernandez/practica_creativa/venv-airflow/lib/python3.11/site-packages/airflow/example_dags/example_xcom.py
[2025-06-17T13:45:40.899+0200] {logging_mixin.py:137} INFO - [2025-06-17T13:45:40.899+0200] {dag.py:2690} INFO - Sync 1 DAGs
[2025-06-17T13:45:40.924+0200] {logging_mixin.py:137} INFO - [2025-06-17T13:45:40.924+0200] {dag.py:3437} INFO - Setting next_dagrun for example_xcom to 2021-01-01T00:00:00+00:00, run_after=2021-01-01T00:00:00+00:00
[2025-06-17T13:45:40.992+0200] {processor.py:175} INFO - Processing /home/monica.fernandez/practica_creativa/venv-airflow/lib/python3.11/site-packages/airflow/example_dags/example_xcom.py took 0.159 seconds
[2025-06-17T13:46:20.225+0200] {processor.py:153} INFO - Started process (PID=109991) to work on /home/monica.fernandez/practica_creativa/venv-airflow/lib/python3.11/site-packages/airflow/example_dags/example_xcom.py
[2025-06-17T13:46:20.226+0200] {processor.py:743} INFO - Processing file /home/monica.fernandez/practica_creativa/venv-airflow/lib/python3.11/site-packages/airflow/example_dags/example_xcom.py for tasks to queue
[2025-06-17T13:46:20.226+0200] {logging_mixin.py:137} INFO - [2025-06-17T13:46:20.226+0200] {dagbag.py:538} INFO - Filling up the DagBag from /home/monica.fernandez/practica_creativa/venv-airflow/lib/python3.11/site-packages/airflow/example_dags/example_xcom.py
[2025-06-17T13:46:20.259+0200] {processor.py:753} INFO - DAG(s) dict_keys(['example_xcom']) retrieved from /home/monica.fernandez/practica_creativa/venv-airflow/lib/python3.11/site-packages/airflow/example_dags/example_xcom.py
[2025-06-17T13:46:20.318+0200] {logging_mixin.py:137} INFO - [2025-06-17T13:46:20.317+0200] {dag.py:2690} INFO - Sync 1 DAGs
[2025-06-17T13:46:20.353+0200] {logging_mixin.py:137} INFO - [2025-06-17T13:46:20.352+0200] {dag.py:3437} INFO - Setting next_dagrun for example_xcom to 2021-01-01T00:00:00+00:00, run_after=2021-01-01T00:00:00+00:00
[2025-06-17T13:46:20.408+0200] {processor.py:175} INFO - Processing /home/monica.fernandez/practica_creativa/venv-airflow/lib/python3.11/site-packages/airflow/example_dags/example_xcom.py took 0.186 seconds
[2025-06-17T13:47:00.051+0200] {processor.py:153} INFO - Started process (PID=110585) to work on /home/monica.fernandez/practica_creativa/venv-airflow/lib/python3.11/site-packages/airflow/example_dags/example_xcom.py
[2025-06-17T13:47:00.051+0200] {processor.py:743} INFO - Processing file /home/monica.fernandez/practica_creativa/venv-airflow/lib/python3.11/site-packages/airflow/example_dags/example_xcom.py for tasks to queue
[2025-06-17T13:47:00.052+0200] {logging_mixin.py:137} INFO - [2025-06-17T13:47:00.052+0200] {dagbag.py:538} INFO - Filling up the DagBag from /home/monica.fernandez/practica_creativa/venv-airflow/lib/python3.11/site-packages/airflow/example_dags/example_xcom.py
[2025-06-17T13:47:00.076+0200] {processor.py:753} INFO - DAG(s) dict_keys(['example_xcom']) retrieved from /home/monica.fernandez/practica_creativa/venv-airflow/lib/python3.11/site-packages/airflow/example_dags/example_xcom.py
[2025-06-17T13:47:00.101+0200] {logging_mixin.py:137} INFO - [2025-06-17T13:47:00.100+0200] {dag.py:2690} INFO - Sync 1 DAGs
[2025-06-17T13:47:00.122+0200] {logging_mixin.py:137} INFO - [2025-06-17T13:47:00.122+0200] {dag.py:3437} INFO - Setting next_dagrun for example_xcom to 2021-01-01T00:00:00+00:00, run_after=2021-01-01T00:00:00+00:00
[2025-06-17T13:47:00.195+0200] {processor.py:175} INFO - Processing /home/monica.fernandez/practica_creativa/venv-airflow/lib/python3.11/site-packages/airflow/example_dags/example_xcom.py took 0.147 seconds
[2025-06-17T13:49:51.068+0200] {processor.py:153} INFO - Started process (PID=113167) to work on /home/monica.fernandez/practica_creativa/venv-airflow/lib/python3.11/site-packages/airflow/example_dags/example_xcom.py
[2025-06-17T13:49:51.070+0200] {processor.py:743} INFO - Processing file /home/monica.fernandez/practica_creativa/venv-airflow/lib/python3.11/site-packages/airflow/example_dags/example_xcom.py for tasks to queue
[2025-06-17T13:49:51.070+0200] {logging_mixin.py:137} INFO - [2025-06-17T13:49:51.070+0200] {dagbag.py:538} INFO - Filling up the DagBag from /home/monica.fernandez/practica_creativa/venv-airflow/lib/python3.11/site-packages/airflow/example_dags/example_xcom.py
[2025-06-17T13:49:51.102+0200] {processor.py:753} INFO - DAG(s) dict_keys(['example_xcom']) retrieved from /home/monica.fernandez/practica_creativa/venv-airflow/lib/python3.11/site-packages/airflow/example_dags/example_xcom.py
[2025-06-17T13:49:51.140+0200] {logging_mixin.py:137} INFO - [2025-06-17T13:49:51.140+0200] {dag.py:2690} INFO - Sync 1 DAGs
[2025-06-17T13:49:51.165+0200] {logging_mixin.py:137} INFO - [2025-06-17T13:49:51.165+0200] {dag.py:3437} INFO - Setting next_dagrun for example_xcom to 2021-01-01T00:00:00+00:00, run_after=2021-01-01T00:00:00+00:00
[2025-06-17T13:49:51.222+0200] {processor.py:175} INFO - Processing /home/monica.fernandez/practica_creativa/venv-airflow/lib/python3.11/site-packages/airflow/example_dags/example_xcom.py took 0.159 seconds
[2025-06-17T13:50:40.679+0200] {processor.py:153} INFO - Started process (PID=113583) to work on /home/monica.fernandez/practica_creativa/venv-airflow/lib/python3.11/site-packages/airflow/example_dags/example_xcom.py
[2025-06-17T13:50:40.681+0200] {processor.py:743} INFO - Processing file /home/monica.fernandez/practica_creativa/venv-airflow/lib/python3.11/site-packages/airflow/example_dags/example_xcom.py for tasks to queue
[2025-06-17T13:50:40.681+0200] {logging_mixin.py:137} INFO - [2025-06-17T13:50:40.681+0200] {dagbag.py:538} INFO - Filling up the DagBag from /home/monica.fernandez/practica_creativa/venv-airflow/lib/python3.11/site-packages/airflow/example_dags/example_xcom.py
[2025-06-17T13:50:40.719+0200] {processor.py:753} INFO - DAG(s) dict_keys(['example_xcom']) retrieved from /home/monica.fernandez/practica_creativa/venv-airflow/lib/python3.11/site-packages/airflow/example_dags/example_xcom.py
[2025-06-17T13:50:40.766+0200] {logging_mixin.py:137} INFO - [2025-06-17T13:50:40.766+0200] {dag.py:2690} INFO - Sync 1 DAGs
[2025-06-17T13:50:40.804+0200] {logging_mixin.py:137} INFO - [2025-06-17T13:50:40.804+0200] {dag.py:3437} INFO - Setting next_dagrun for example_xcom to 2021-01-01T00:00:00+00:00, run_after=2021-01-01T00:00:00+00:00
[2025-06-17T13:50:40.875+0200] {processor.py:175} INFO - Processing /home/monica.fernandez/practica_creativa/venv-airflow/lib/python3.11/site-packages/airflow/example_dags/example_xcom.py took 0.201 seconds
[2025-06-17T13:51:13.939+0200] {processor.py:153} INFO - Started process (PID=113901) to work on /home/monica.fernandez/practica_creativa/venv-airflow/lib/python3.11/site-packages/airflow/example_dags/example_xcom.py
[2025-06-17T13:51:13.940+0200] {processor.py:743} INFO - Processing file /home/monica.fernandez/practica_creativa/venv-airflow/lib/python3.11/site-packages/airflow/example_dags/example_xcom.py for tasks to queue
[2025-06-17T13:51:13.941+0200] {logging_mixin.py:137} INFO - [2025-06-17T13:51:13.941+0200] {dagbag.py:538} INFO - Filling up the DagBag from /home/monica.fernandez/practica_creativa/venv-airflow/lib/python3.11/site-packages/airflow/example_dags/example_xcom.py
[2025-06-17T13:51:13.979+0200] {processor.py:753} INFO - DAG(s) dict_keys(['example_xcom']) retrieved from /home/monica.fernandez/practica_creativa/venv-airflow/lib/python3.11/site-packages/airflow/example_dags/example_xcom.py
[2025-06-17T13:51:14.031+0200] {logging_mixin.py:137} INFO - [2025-06-17T13:51:14.031+0200] {dag.py:2690} INFO - Sync 1 DAGs
[2025-06-17T13:51:14.072+0200] {logging_mixin.py:137} INFO - [2025-06-17T13:51:14.071+0200] {dag.py:3437} INFO - Setting next_dagrun for example_xcom to 2021-01-01T00:00:00+00:00, run_after=2021-01-01T00:00:00+00:00
[2025-06-17T13:51:14.156+0200] {processor.py:175} INFO - Processing /home/monica.fernandez/practica_creativa/venv-airflow/lib/python3.11/site-packages/airflow/example_dags/example_xcom.py took 0.221 seconds
[2025-06-17T14:00:03.098+0200] {processor.py:153} INFO - Started process (PID=121138) to work on /home/monica.fernandez/practica_creativa/venv-airflow/lib/python3.11/site-packages/airflow/example_dags/example_xcom.py
[2025-06-17T14:00:03.099+0200] {processor.py:743} INFO - Processing file /home/monica.fernandez/practica_creativa/venv-airflow/lib/python3.11/site-packages/airflow/example_dags/example_xcom.py for tasks to queue
[2025-06-17T14:00:03.100+0200] {logging_mixin.py:137} INFO - [2025-06-17T14:00:03.100+0200] {dagbag.py:538} INFO - Filling up the DagBag from /home/monica.fernandez/practica_creativa/venv-airflow/lib/python3.11/site-packages/airflow/example_dags/example_xcom.py
[2025-06-17T14:00:03.125+0200] {processor.py:753} INFO - DAG(s) dict_keys(['example_xcom']) retrieved from /home/monica.fernandez/practica_creativa/venv-airflow/lib/python3.11/site-packages/airflow/example_dags/example_xcom.py
[2025-06-17T14:00:03.176+0200] {logging_mixin.py:137} INFO - [2025-06-17T14:00:03.176+0200] {dag.py:2690} INFO - Sync 1 DAGs
[2025-06-17T14:00:03.205+0200] {logging_mixin.py:137} INFO - [2025-06-17T14:00:03.205+0200] {dag.py:3437} INFO - Setting next_dagrun for example_xcom to 2021-01-01T00:00:00+00:00, run_after=2021-01-01T00:00:00+00:00
[2025-06-17T14:00:03.285+0200] {processor.py:175} INFO - Processing /home/monica.fernandez/practica_creativa/venv-airflow/lib/python3.11/site-packages/airflow/example_dags/example_xcom.py took 0.190 seconds
[2025-06-17T19:24:28.892+0200] {processor.py:153} INFO - Started process (PID=159306) to work on /home/monica.fernandez/practica_creativa/venv-airflow/lib/python3.11/site-packages/airflow/example_dags/example_xcom.py
[2025-06-17T19:24:28.893+0200] {processor.py:743} INFO - Processing file /home/monica.fernandez/practica_creativa/venv-airflow/lib/python3.11/site-packages/airflow/example_dags/example_xcom.py for tasks to queue
[2025-06-17T19:24:28.894+0200] {logging_mixin.py:137} INFO - [2025-06-17T19:24:28.894+0200] {dagbag.py:538} INFO - Filling up the DagBag from /home/monica.fernandez/practica_creativa/venv-airflow/lib/python3.11/site-packages/airflow/example_dags/example_xcom.py
[2025-06-17T19:24:28.941+0200] {processor.py:753} INFO - DAG(s) dict_keys(['example_xcom']) retrieved from /home/monica.fernandez/practica_creativa/venv-airflow/lib/python3.11/site-packages/airflow/example_dags/example_xcom.py
[2025-06-17T19:24:28.982+0200] {logging_mixin.py:137} INFO - [2025-06-17T19:24:28.981+0200] {dag.py:2690} INFO - Sync 1 DAGs
[2025-06-17T19:24:29.021+0200] {logging_mixin.py:137} INFO - [2025-06-17T19:24:29.021+0200] {dag.py:3437} INFO - Setting next_dagrun for example_xcom to 2021-01-01T00:00:00+00:00, run_after=2021-01-01T00:00:00+00:00
[2025-06-17T19:24:29.097+0200] {processor.py:175} INFO - Processing /home/monica.fernandez/practica_creativa/venv-airflow/lib/python3.11/site-packages/airflow/example_dags/example_xcom.py took 0.209 seconds
[2025-06-17T19:25:17.131+0200] {processor.py:153} INFO - Started process (PID=159658) to work on /home/monica.fernandez/practica_creativa/venv-airflow/lib/python3.11/site-packages/airflow/example_dags/example_xcom.py
[2025-06-17T19:25:17.132+0200] {processor.py:743} INFO - Processing file /home/monica.fernandez/practica_creativa/venv-airflow/lib/python3.11/site-packages/airflow/example_dags/example_xcom.py for tasks to queue
[2025-06-17T19:25:17.133+0200] {logging_mixin.py:137} INFO - [2025-06-17T19:25:17.133+0200] {dagbag.py:538} INFO - Filling up the DagBag from /home/monica.fernandez/practica_creativa/venv-airflow/lib/python3.11/site-packages/airflow/example_dags/example_xcom.py
[2025-06-17T19:25:17.186+0200] {processor.py:753} INFO - DAG(s) dict_keys(['example_xcom']) retrieved from /home/monica.fernandez/practica_creativa/venv-airflow/lib/python3.11/site-packages/airflow/example_dags/example_xcom.py
[2025-06-17T19:25:17.234+0200] {logging_mixin.py:137} INFO - [2025-06-17T19:25:17.233+0200] {dag.py:2690} INFO - Sync 1 DAGs
[2025-06-17T19:25:17.273+0200] {logging_mixin.py:137} INFO - [2025-06-17T19:25:17.273+0200] {dag.py:3437} INFO - Setting next_dagrun for example_xcom to 2021-01-01T00:00:00+00:00, run_after=2021-01-01T00:00:00+00:00
[2025-06-17T19:25:17.328+0200] {processor.py:175} INFO - Processing /home/monica.fernandez/practica_creativa/venv-airflow/lib/python3.11/site-packages/airflow/example_dags/example_xcom.py took 0.203 seconds
[2025-06-17T19:26:05.961+0200] {processor.py:153} INFO - Started process (PID=160066) to work on /home/monica.fernandez/practica_creativa/venv-airflow/lib/python3.11/site-packages/airflow/example_dags/example_xcom.py
[2025-06-17T19:26:05.962+0200] {processor.py:743} INFO - Processing file /home/monica.fernandez/practica_creativa/venv-airflow/lib/python3.11/site-packages/airflow/example_dags/example_xcom.py for tasks to queue
[2025-06-17T19:26:05.963+0200] {logging_mixin.py:137} INFO - [2025-06-17T19:26:05.963+0200] {dagbag.py:538} INFO - Filling up the DagBag from /home/monica.fernandez/practica_creativa/venv-airflow/lib/python3.11/site-packages/airflow/example_dags/example_xcom.py
[2025-06-17T19:26:06.021+0200] {processor.py:753} INFO - DAG(s) dict_keys(['example_xcom']) retrieved from /home/monica.fernandez/practica_creativa/venv-airflow/lib/python3.11/site-packages/airflow/example_dags/example_xcom.py
[2025-06-17T19:26:06.065+0200] {logging_mixin.py:137} INFO - [2025-06-17T19:26:06.065+0200] {dag.py:2690} INFO - Sync 1 DAGs
[2025-06-17T19:26:06.109+0200] {logging_mixin.py:137} INFO - [2025-06-17T19:26:06.109+0200] {dag.py:3437} INFO - Setting next_dagrun for example_xcom to 2021-01-01T00:00:00+00:00, run_after=2021-01-01T00:00:00+00:00
[2025-06-17T19:26:06.187+0200] {processor.py:175} INFO - Processing /home/monica.fernandez/practica_creativa/venv-airflow/lib/python3.11/site-packages/airflow/example_dags/example_xcom.py took 0.232 seconds
[2025-06-17T19:26:45.912+0200] {processor.py:153} INFO - Started process (PID=160378) to work on /home/monica.fernandez/practica_creativa/venv-airflow/lib/python3.11/site-packages/airflow/example_dags/example_xcom.py
[2025-06-17T19:26:45.913+0200] {processor.py:743} INFO - Processing file /home/monica.fernandez/practica_creativa/venv-airflow/lib/python3.11/site-packages/airflow/example_dags/example_xcom.py for tasks to queue
[2025-06-17T19:26:45.914+0200] {logging_mixin.py:137} INFO - [2025-06-17T19:26:45.914+0200] {dagbag.py:538} INFO - Filling up the DagBag from /home/monica.fernandez/practica_creativa/venv-airflow/lib/python3.11/site-packages/airflow/example_dags/example_xcom.py
[2025-06-17T19:26:45.971+0200] {processor.py:753} INFO - DAG(s) dict_keys(['example_xcom']) retrieved from /home/monica.fernandez/practica_creativa/venv-airflow/lib/python3.11/site-packages/airflow/example_dags/example_xcom.py
[2025-06-17T19:26:46.010+0200] {logging_mixin.py:137} INFO - [2025-06-17T19:26:46.009+0200] {dag.py:2690} INFO - Sync 1 DAGs
[2025-06-17T19:26:46.061+0200] {logging_mixin.py:137} INFO - [2025-06-17T19:26:46.061+0200] {dag.py:3437} INFO - Setting next_dagrun for example_xcom to 2021-01-01T00:00:00+00:00, run_after=2021-01-01T00:00:00+00:00
[2025-06-17T19:26:46.186+0200] {processor.py:175} INFO - Processing /home/monica.fernandez/practica_creativa/venv-airflow/lib/python3.11/site-packages/airflow/example_dags/example_xcom.py took 0.279 seconds
[2025-06-17T19:27:23.485+0200] {processor.py:153} INFO - Started process (PID=161040) to work on /home/monica.fernandez/practica_creativa/venv-airflow/lib/python3.11/site-packages/airflow/example_dags/example_xcom.py
[2025-06-17T19:27:23.486+0200] {processor.py:743} INFO - Processing file /home/monica.fernandez/practica_creativa/venv-airflow/lib/python3.11/site-packages/airflow/example_dags/example_xcom.py for tasks to queue
[2025-06-17T19:27:23.487+0200] {logging_mixin.py:137} INFO - [2025-06-17T19:27:23.487+0200] {dagbag.py:538} INFO - Filling up the DagBag from /home/monica.fernandez/practica_creativa/venv-airflow/lib/python3.11/site-packages/airflow/example_dags/example_xcom.py
[2025-06-17T19:27:23.541+0200] {processor.py:753} INFO - DAG(s) dict_keys(['example_xcom']) retrieved from /home/monica.fernandez/practica_creativa/venv-airflow/lib/python3.11/site-packages/airflow/example_dags/example_xcom.py
[2025-06-17T19:27:23.584+0200] {logging_mixin.py:137} INFO - [2025-06-17T19:27:23.584+0200] {dag.py:2690} INFO - Sync 1 DAGs
[2025-06-17T19:27:23.625+0200] {logging_mixin.py:137} INFO - [2025-06-17T19:27:23.625+0200] {dag.py:3437} INFO - Setting next_dagrun for example_xcom to 2021-01-01T00:00:00+00:00, run_after=2021-01-01T00:00:00+00:00
[2025-06-17T19:27:23.700+0200] {processor.py:175} INFO - Processing /home/monica.fernandez/practica_creativa/venv-airflow/lib/python3.11/site-packages/airflow/example_dags/example_xcom.py took 0.220 seconds
[2025-06-17T19:28:03.601+0200] {processor.py:153} INFO - Started process (PID=161298) to work on /home/monica.fernandez/practica_creativa/venv-airflow/lib/python3.11/site-packages/airflow/example_dags/example_xcom.py
[2025-06-17T19:28:03.602+0200] {processor.py:743} INFO - Processing file /home/monica.fernandez/practica_creativa/venv-airflow/lib/python3.11/site-packages/airflow/example_dags/example_xcom.py for tasks to queue
[2025-06-17T19:28:03.603+0200] {logging_mixin.py:137} INFO - [2025-06-17T19:28:03.603+0200] {dagbag.py:538} INFO - Filling up the DagBag from /home/monica.fernandez/practica_creativa/venv-airflow/lib/python3.11/site-packages/airflow/example_dags/example_xcom.py
[2025-06-17T19:28:03.662+0200] {processor.py:753} INFO - DAG(s) dict_keys(['example_xcom']) retrieved from /home/monica.fernandez/practica_creativa/venv-airflow/lib/python3.11/site-packages/airflow/example_dags/example_xcom.py
[2025-06-17T19:28:03.698+0200] {logging_mixin.py:137} INFO - [2025-06-17T19:28:03.698+0200] {dag.py:2690} INFO - Sync 1 DAGs
[2025-06-17T19:28:03.728+0200] {logging_mixin.py:137} INFO - [2025-06-17T19:28:03.728+0200] {dag.py:3437} INFO - Setting next_dagrun for example_xcom to 2021-01-01T00:00:00+00:00, run_after=2021-01-01T00:00:00+00:00
[2025-06-17T19:28:03.786+0200] {processor.py:175} INFO - Processing /home/monica.fernandez/practica_creativa/venv-airflow/lib/python3.11/site-packages/airflow/example_dags/example_xcom.py took 0.189 seconds
[2025-06-17T19:28:43.081+0200] {processor.py:153} INFO - Started process (PID=161587) to work on /home/monica.fernandez/practica_creativa/venv-airflow/lib/python3.11/site-packages/airflow/example_dags/example_xcom.py
[2025-06-17T19:28:43.082+0200] {processor.py:743} INFO - Processing file /home/monica.fernandez/practica_creativa/venv-airflow/lib/python3.11/site-packages/airflow/example_dags/example_xcom.py for tasks to queue
[2025-06-17T19:28:43.083+0200] {logging_mixin.py:137} INFO - [2025-06-17T19:28:43.083+0200] {dagbag.py:538} INFO - Filling up the DagBag from /home/monica.fernandez/practica_creativa/venv-airflow/lib/python3.11/site-packages/airflow/example_dags/example_xcom.py
[2025-06-17T19:28:43.145+0200] {processor.py:753} INFO - DAG(s) dict_keys(['example_xcom']) retrieved from /home/monica.fernandez/practica_creativa/venv-airflow/lib/python3.11/site-packages/airflow/example_dags/example_xcom.py
[2025-06-17T19:28:43.175+0200] {logging_mixin.py:137} INFO - [2025-06-17T19:28:43.175+0200] {dag.py:2690} INFO - Sync 1 DAGs
[2025-06-17T19:28:43.205+0200] {logging_mixin.py:137} INFO - [2025-06-17T19:28:43.204+0200] {dag.py:3437} INFO - Setting next_dagrun for example_xcom to 2021-01-01T00:00:00+00:00, run_after=2021-01-01T00:00:00+00:00
[2025-06-17T19:28:43.270+0200] {processor.py:175} INFO - Processing /home/monica.fernandez/practica_creativa/venv-airflow/lib/python3.11/site-packages/airflow/example_dags/example_xcom.py took 0.194 seconds
[2025-06-17T19:29:19.437+0200] {processor.py:153} INFO - Started process (PID=161894) to work on /home/monica.fernandez/practica_creativa/venv-airflow/lib/python3.11/site-packages/airflow/example_dags/example_xcom.py
[2025-06-17T19:29:19.437+0200] {processor.py:743} INFO - Processing file /home/monica.fernandez/practica_creativa/venv-airflow/lib/python3.11/site-packages/airflow/example_dags/example_xcom.py for tasks to queue
[2025-06-17T19:29:19.438+0200] {logging_mixin.py:137} INFO - [2025-06-17T19:29:19.438+0200] {dagbag.py:538} INFO - Filling up the DagBag from /home/monica.fernandez/practica_creativa/venv-airflow/lib/python3.11/site-packages/airflow/example_dags/example_xcom.py
[2025-06-17T19:29:19.466+0200] {processor.py:753} INFO - DAG(s) dict_keys(['example_xcom']) retrieved from /home/monica.fernandez/practica_creativa/venv-airflow/lib/python3.11/site-packages/airflow/example_dags/example_xcom.py
[2025-06-17T19:29:19.500+0200] {logging_mixin.py:137} INFO - [2025-06-17T19:29:19.500+0200] {dag.py:2690} INFO - Sync 1 DAGs
[2025-06-17T19:29:19.535+0200] {logging_mixin.py:137} INFO - [2025-06-17T19:29:19.534+0200] {dag.py:3437} INFO - Setting next_dagrun for example_xcom to 2021-01-01T00:00:00+00:00, run_after=2021-01-01T00:00:00+00:00
[2025-06-17T19:29:19.627+0200] {processor.py:175} INFO - Processing /home/monica.fernandez/practica_creativa/venv-airflow/lib/python3.11/site-packages/airflow/example_dags/example_xcom.py took 0.193 seconds
[2025-06-17T19:34:08.341+0200] {processor.py:153} INFO - Started process (PID=165276) to work on /home/monica.fernandez/practica_creativa/venv-airflow/lib/python3.11/site-packages/airflow/example_dags/example_xcom.py
[2025-06-17T19:34:08.342+0200] {processor.py:743} INFO - Processing file /home/monica.fernandez/practica_creativa/venv-airflow/lib/python3.11/site-packages/airflow/example_dags/example_xcom.py for tasks to queue
[2025-06-17T19:34:08.343+0200] {logging_mixin.py:137} INFO - [2025-06-17T19:34:08.343+0200] {dagbag.py:538} INFO - Filling up the DagBag from /home/monica.fernandez/practica_creativa/venv-airflow/lib/python3.11/site-packages/airflow/example_dags/example_xcom.py
[2025-06-17T19:34:08.370+0200] {processor.py:753} INFO - DAG(s) dict_keys(['example_xcom']) retrieved from /home/monica.fernandez/practica_creativa/venv-airflow/lib/python3.11/site-packages/airflow/example_dags/example_xcom.py
[2025-06-17T19:34:08.417+0200] {logging_mixin.py:137} INFO - [2025-06-17T19:34:08.417+0200] {dag.py:2690} INFO - Sync 1 DAGs
[2025-06-17T19:34:08.450+0200] {logging_mixin.py:137} INFO - [2025-06-17T19:34:08.450+0200] {dag.py:3437} INFO - Setting next_dagrun for example_xcom to 2021-01-01T00:00:00+00:00, run_after=2021-01-01T00:00:00+00:00
[2025-06-17T19:34:08.543+0200] {processor.py:175} INFO - Processing /home/monica.fernandez/practica_creativa/venv-airflow/lib/python3.11/site-packages/airflow/example_dags/example_xcom.py took 0.206 seconds
[2025-06-17T19:35:00.920+0200] {processor.py:153} INFO - Started process (PID=165713) to work on /home/monica.fernandez/practica_creativa/venv-airflow/lib/python3.11/site-packages/airflow/example_dags/example_xcom.py
[2025-06-17T19:35:00.920+0200] {processor.py:743} INFO - Processing file /home/monica.fernandez/practica_creativa/venv-airflow/lib/python3.11/site-packages/airflow/example_dags/example_xcom.py for tasks to queue
[2025-06-17T19:35:00.921+0200] {logging_mixin.py:137} INFO - [2025-06-17T19:35:00.921+0200] {dagbag.py:538} INFO - Filling up the DagBag from /home/monica.fernandez/practica_creativa/venv-airflow/lib/python3.11/site-packages/airflow/example_dags/example_xcom.py
[2025-06-17T19:35:00.975+0200] {processor.py:753} INFO - DAG(s) dict_keys(['example_xcom']) retrieved from /home/monica.fernandez/practica_creativa/venv-airflow/lib/python3.11/site-packages/airflow/example_dags/example_xcom.py
[2025-06-17T19:35:01.015+0200] {logging_mixin.py:137} INFO - [2025-06-17T19:35:01.015+0200] {dag.py:2690} INFO - Sync 1 DAGs
[2025-06-17T19:35:01.057+0200] {logging_mixin.py:137} INFO - [2025-06-17T19:35:01.057+0200] {dag.py:3437} INFO - Setting next_dagrun for example_xcom to 2021-01-01T00:00:00+00:00, run_after=2021-01-01T00:00:00+00:00
[2025-06-17T19:35:01.138+0200] {processor.py:175} INFO - Processing /home/monica.fernandez/practica_creativa/venv-airflow/lib/python3.11/site-packages/airflow/example_dags/example_xcom.py took 0.223 seconds
[2025-06-17T19:35:49.845+0200] {processor.py:153} INFO - Started process (PID=166018) to work on /home/monica.fernandez/practica_creativa/venv-airflow/lib/python3.11/site-packages/airflow/example_dags/example_xcom.py
[2025-06-17T19:35:49.846+0200] {processor.py:743} INFO - Processing file /home/monica.fernandez/practica_creativa/venv-airflow/lib/python3.11/site-packages/airflow/example_dags/example_xcom.py for tasks to queue
[2025-06-17T19:35:49.847+0200] {logging_mixin.py:137} INFO - [2025-06-17T19:35:49.846+0200] {dagbag.py:538} INFO - Filling up the DagBag from /home/monica.fernandez/practica_creativa/venv-airflow/lib/python3.11/site-packages/airflow/example_dags/example_xcom.py
[2025-06-17T19:35:49.873+0200] {processor.py:753} INFO - DAG(s) dict_keys(['example_xcom']) retrieved from /home/monica.fernandez/practica_creativa/venv-airflow/lib/python3.11/site-packages/airflow/example_dags/example_xcom.py
[2025-06-17T19:35:49.917+0200] {logging_mixin.py:137} INFO - [2025-06-17T19:35:49.917+0200] {dag.py:2690} INFO - Sync 1 DAGs
[2025-06-17T19:35:49.945+0200] {logging_mixin.py:137} INFO - [2025-06-17T19:35:49.944+0200] {dag.py:3437} INFO - Setting next_dagrun for example_xcom to 2021-01-01T00:00:00+00:00, run_after=2021-01-01T00:00:00+00:00
[2025-06-17T19:35:50.037+0200] {processor.py:175} INFO - Processing /home/monica.fernandez/practica_creativa/venv-airflow/lib/python3.11/site-packages/airflow/example_dags/example_xcom.py took 0.196 seconds
[2025-06-17T19:36:33.450+0200] {processor.py:153} INFO - Started process (PID=166706) to work on /home/monica.fernandez/practica_creativa/venv-airflow/lib/python3.11/site-packages/airflow/example_dags/example_xcom.py
[2025-06-17T19:36:33.452+0200] {processor.py:743} INFO - Processing file /home/monica.fernandez/practica_creativa/venv-airflow/lib/python3.11/site-packages/airflow/example_dags/example_xcom.py for tasks to queue
[2025-06-17T19:36:33.453+0200] {logging_mixin.py:137} INFO - [2025-06-17T19:36:33.453+0200] {dagbag.py:538} INFO - Filling up the DagBag from /home/monica.fernandez/practica_creativa/venv-airflow/lib/python3.11/site-packages/airflow/example_dags/example_xcom.py
[2025-06-17T19:36:33.478+0200] {processor.py:753} INFO - DAG(s) dict_keys(['example_xcom']) retrieved from /home/monica.fernandez/practica_creativa/venv-airflow/lib/python3.11/site-packages/airflow/example_dags/example_xcom.py
[2025-06-17T19:36:33.507+0200] {logging_mixin.py:137} INFO - [2025-06-17T19:36:33.507+0200] {dag.py:2690} INFO - Sync 1 DAGs
[2025-06-17T19:36:33.530+0200] {logging_mixin.py:137} INFO - [2025-06-17T19:36:33.530+0200] {dag.py:3437} INFO - Setting next_dagrun for example_xcom to 2021-01-01T00:00:00+00:00, run_after=2021-01-01T00:00:00+00:00
[2025-06-17T19:36:33.593+0200] {processor.py:175} INFO - Processing /home/monica.fernandez/practica_creativa/venv-airflow/lib/python3.11/site-packages/airflow/example_dags/example_xcom.py took 0.152 seconds
