[2025-06-17T13:18:08.480+0200] {processor.py:153} INFO - Started process (PID=90213) to work on /home/monica.fernandez/practica_creativa/venv-airflow/lib/python3.11/site-packages/airflow/example_dags/example_short_circuit_operator.py
[2025-06-17T13:18:08.481+0200] {processor.py:743} INFO - Processing file /home/monica.fernandez/practica_creativa/venv-airflow/lib/python3.11/site-packages/airflow/example_dags/example_short_circuit_operator.py for tasks to queue
[2025-06-17T13:18:08.482+0200] {logging_mixin.py:137} INFO - [2025-06-17T13:18:08.482+0200] {dagbag.py:538} INFO - Filling up the DagBag from /home/monica.fernandez/practica_creativa/venv-airflow/lib/python3.11/site-packages/airflow/example_dags/example_short_circuit_operator.py
[2025-06-17T13:18:08.505+0200] {processor.py:753} INFO - DAG(s) dict_keys(['example_short_circuit_operator']) retrieved from /home/monica.fernandez/practica_creativa/venv-airflow/lib/python3.11/site-packages/airflow/example_dags/example_short_circuit_operator.py
[2025-06-17T13:18:08.541+0200] {logging_mixin.py:137} INFO - [2025-06-17T13:18:08.541+0200] {dag.py:2690} INFO - Sync 1 DAGs
[2025-06-17T13:18:08.570+0200] {logging_mixin.py:137} INFO - [2025-06-17T13:18:08.570+0200] {dag.py:3437} INFO - Setting next_dagrun for example_short_circuit_operator to 2025-06-16T11:18:08.570166+00:00, run_after=2025-06-17T11:18:08.570166+00:00
[2025-06-17T13:18:08.625+0200] {processor.py:175} INFO - Processing /home/monica.fernandez/practica_creativa/venv-airflow/lib/python3.11/site-packages/airflow/example_dags/example_short_circuit_operator.py took 0.148 seconds
[2025-06-17T13:20:34.089+0200] {processor.py:153} INFO - Started process (PID=91765) to work on /home/monica.fernandez/practica_creativa/venv-airflow/lib/python3.11/site-packages/airflow/example_dags/example_short_circuit_operator.py
[2025-06-17T13:20:34.090+0200] {processor.py:743} INFO - Processing file /home/monica.fernandez/practica_creativa/venv-airflow/lib/python3.11/site-packages/airflow/example_dags/example_short_circuit_operator.py for tasks to queue
[2025-06-17T13:20:34.090+0200] {logging_mixin.py:137} INFO - [2025-06-17T13:20:34.090+0200] {dagbag.py:538} INFO - Filling up the DagBag from /home/monica.fernandez/practica_creativa/venv-airflow/lib/python3.11/site-packages/airflow/example_dags/example_short_circuit_operator.py
[2025-06-17T13:20:34.099+0200] {processor.py:753} INFO - DAG(s) dict_keys(['example_short_circuit_operator']) retrieved from /home/monica.fernandez/practica_creativa/venv-airflow/lib/python3.11/site-packages/airflow/example_dags/example_short_circuit_operator.py
[2025-06-17T13:20:34.128+0200] {logging_mixin.py:137} INFO - [2025-06-17T13:20:34.128+0200] {dag.py:2690} INFO - Sync 1 DAGs
[2025-06-17T13:20:34.152+0200] {logging_mixin.py:137} INFO - [2025-06-17T13:20:34.152+0200] {dag.py:3437} INFO - Setting next_dagrun for example_short_circuit_operator to 2025-06-16T11:20:34.152349+00:00, run_after=2025-06-17T11:20:34.152349+00:00
[2025-06-17T13:20:34.209+0200] {processor.py:175} INFO - Processing /home/monica.fernandez/practica_creativa/venv-airflow/lib/python3.11/site-packages/airflow/example_dags/example_short_circuit_operator.py took 0.123 seconds
[2025-06-17T13:20:40.177+0200] {processor.py:153} INFO - Started process (PID=91855) to work on /home/monica.fernandez/practica_creativa/venv-airflow/lib/python3.11/site-packages/airflow/example_dags/example_short_circuit_operator.py
[2025-06-17T13:20:40.178+0200] {processor.py:743} INFO - Processing file /home/monica.fernandez/practica_creativa/venv-airflow/lib/python3.11/site-packages/airflow/example_dags/example_short_circuit_operator.py for tasks to queue
[2025-06-17T13:20:40.178+0200] {logging_mixin.py:137} INFO - [2025-06-17T13:20:40.178+0200] {dagbag.py:538} INFO - Filling up the DagBag from /home/monica.fernandez/practica_creativa/venv-airflow/lib/python3.11/site-packages/airflow/example_dags/example_short_circuit_operator.py
[2025-06-17T13:20:40.205+0200] {processor.py:753} INFO - DAG(s) dict_keys(['example_short_circuit_operator']) retrieved from /home/monica.fernandez/practica_creativa/venv-airflow/lib/python3.11/site-packages/airflow/example_dags/example_short_circuit_operator.py
[2025-06-17T13:20:40.233+0200] {logging_mixin.py:137} INFO - [2025-06-17T13:20:40.233+0200] {dag.py:2690} INFO - Sync 1 DAGs
[2025-06-17T13:20:40.262+0200] {logging_mixin.py:137} INFO - [2025-06-17T13:20:40.262+0200] {dag.py:3437} INFO - Setting next_dagrun for example_short_circuit_operator to 2025-06-16T11:20:40.261934+00:00, run_after=2025-06-17T11:20:40.261934+00:00
[2025-06-17T13:20:40.323+0200] {processor.py:175} INFO - Processing /home/monica.fernandez/practica_creativa/venv-airflow/lib/python3.11/site-packages/airflow/example_dags/example_short_circuit_operator.py took 0.149 seconds
[2025-06-17T13:24:30.153+0200] {processor.py:153} INFO - Started process (PID=94875) to work on /home/monica.fernandez/practica_creativa/venv-airflow/lib/python3.11/site-packages/airflow/example_dags/example_short_circuit_operator.py
[2025-06-17T13:24:30.154+0200] {processor.py:743} INFO - Processing file /home/monica.fernandez/practica_creativa/venv-airflow/lib/python3.11/site-packages/airflow/example_dags/example_short_circuit_operator.py for tasks to queue
[2025-06-17T13:24:30.154+0200] {logging_mixin.py:137} INFO - [2025-06-17T13:24:30.154+0200] {dagbag.py:538} INFO - Filling up the DagBag from /home/monica.fernandez/practica_creativa/venv-airflow/lib/python3.11/site-packages/airflow/example_dags/example_short_circuit_operator.py
[2025-06-17T13:24:30.458+0200] {processor.py:753} INFO - DAG(s) dict_keys(['example_short_circuit_operator']) retrieved from /home/monica.fernandez/practica_creativa/venv-airflow/lib/python3.11/site-packages/airflow/example_dags/example_short_circuit_operator.py
[2025-06-17T13:24:30.527+0200] {logging_mixin.py:137} INFO - [2025-06-17T13:24:30.527+0200] {dag.py:2690} INFO - Sync 1 DAGs
[2025-06-17T13:24:30.600+0200] {logging_mixin.py:137} INFO - [2025-06-17T13:24:30.600+0200] {dag.py:3437} INFO - Setting next_dagrun for example_short_circuit_operator to 2025-06-16T11:24:30.595981+00:00, run_after=2025-06-17T11:24:30.595981+00:00
[2025-06-17T13:24:30.765+0200] {processor.py:175} INFO - Processing /home/monica.fernandez/practica_creativa/venv-airflow/lib/python3.11/site-packages/airflow/example_dags/example_short_circuit_operator.py took 0.618 seconds
[2025-06-17T13:25:36.528+0200] {processor.py:153} INFO - Started process (PID=95509) to work on /home/monica.fernandez/practica_creativa/venv-airflow/lib/python3.11/site-packages/airflow/example_dags/example_short_circuit_operator.py
[2025-06-17T13:25:36.530+0200] {processor.py:743} INFO - Processing file /home/monica.fernandez/practica_creativa/venv-airflow/lib/python3.11/site-packages/airflow/example_dags/example_short_circuit_operator.py for tasks to queue
[2025-06-17T13:25:36.538+0200] {logging_mixin.py:137} INFO - [2025-06-17T13:25:36.532+0200] {dagbag.py:538} INFO - Filling up the DagBag from /home/monica.fernandez/practica_creativa/venv-airflow/lib/python3.11/site-packages/airflow/example_dags/example_short_circuit_operator.py
[2025-06-17T13:25:36.568+0200] {processor.py:753} INFO - DAG(s) dict_keys(['example_short_circuit_operator']) retrieved from /home/monica.fernandez/practica_creativa/venv-airflow/lib/python3.11/site-packages/airflow/example_dags/example_short_circuit_operator.py
[2025-06-17T13:25:36.666+0200] {logging_mixin.py:137} INFO - [2025-06-17T13:25:36.665+0200] {dag.py:2690} INFO - Sync 1 DAGs
[2025-06-17T13:25:36.703+0200] {logging_mixin.py:137} INFO - [2025-06-17T13:25:36.703+0200] {dag.py:3437} INFO - Setting next_dagrun for example_short_circuit_operator to 2025-06-16T11:25:36.703178+00:00, run_after=2025-06-17T11:25:36.703178+00:00
[2025-06-17T13:25:36.788+0200] {processor.py:175} INFO - Processing /home/monica.fernandez/practica_creativa/venv-airflow/lib/python3.11/site-packages/airflow/example_dags/example_short_circuit_operator.py took 0.265 seconds
[2025-06-17T13:25:40.657+0200] {processor.py:153} INFO - Started process (PID=95567) to work on /home/monica.fernandez/practica_creativa/venv-airflow/lib/python3.11/site-packages/airflow/example_dags/example_short_circuit_operator.py
[2025-06-17T13:25:40.658+0200] {processor.py:743} INFO - Processing file /home/monica.fernandez/practica_creativa/venv-airflow/lib/python3.11/site-packages/airflow/example_dags/example_short_circuit_operator.py for tasks to queue
[2025-06-17T13:25:40.659+0200] {logging_mixin.py:137} INFO - [2025-06-17T13:25:40.659+0200] {dagbag.py:538} INFO - Filling up the DagBag from /home/monica.fernandez/practica_creativa/venv-airflow/lib/python3.11/site-packages/airflow/example_dags/example_short_circuit_operator.py
[2025-06-17T13:25:40.670+0200] {processor.py:753} INFO - DAG(s) dict_keys(['example_short_circuit_operator']) retrieved from /home/monica.fernandez/practica_creativa/venv-airflow/lib/python3.11/site-packages/airflow/example_dags/example_short_circuit_operator.py
[2025-06-17T13:25:40.718+0200] {logging_mixin.py:137} INFO - [2025-06-17T13:25:40.715+0200] {dag.py:2690} INFO - Sync 1 DAGs
[2025-06-17T13:25:40.764+0200] {logging_mixin.py:137} INFO - [2025-06-17T13:25:40.764+0200] {dag.py:3437} INFO - Setting next_dagrun for example_short_circuit_operator to 2025-06-16T11:25:40.764046+00:00, run_after=2025-06-17T11:25:40.764046+00:00
[2025-06-17T13:25:40.883+0200] {processor.py:175} INFO - Processing /home/monica.fernandez/practica_creativa/venv-airflow/lib/python3.11/site-packages/airflow/example_dags/example_short_circuit_operator.py took 0.230 seconds
[2025-06-17T13:26:26.074+0200] {processor.py:153} INFO - Started process (PID=96033) to work on /home/monica.fernandez/practica_creativa/venv-airflow/lib/python3.11/site-packages/airflow/example_dags/example_short_circuit_operator.py
[2025-06-17T13:26:26.075+0200] {processor.py:743} INFO - Processing file /home/monica.fernandez/practica_creativa/venv-airflow/lib/python3.11/site-packages/airflow/example_dags/example_short_circuit_operator.py for tasks to queue
[2025-06-17T13:26:26.076+0200] {logging_mixin.py:137} INFO - [2025-06-17T13:26:26.076+0200] {dagbag.py:538} INFO - Filling up the DagBag from /home/monica.fernandez/practica_creativa/venv-airflow/lib/python3.11/site-packages/airflow/example_dags/example_short_circuit_operator.py
[2025-06-17T13:26:26.091+0200] {processor.py:753} INFO - DAG(s) dict_keys(['example_short_circuit_operator']) retrieved from /home/monica.fernandez/practica_creativa/venv-airflow/lib/python3.11/site-packages/airflow/example_dags/example_short_circuit_operator.py
[2025-06-17T13:26:26.141+0200] {logging_mixin.py:137} INFO - [2025-06-17T13:26:26.140+0200] {dag.py:2690} INFO - Sync 1 DAGs
[2025-06-17T13:26:26.171+0200] {logging_mixin.py:137} INFO - [2025-06-17T13:26:26.171+0200] {dag.py:3437} INFO - Setting next_dagrun for example_short_circuit_operator to 2025-06-16T11:26:26.170891+00:00, run_after=2025-06-17T11:26:26.170891+00:00
[2025-06-17T13:26:26.225+0200] {processor.py:175} INFO - Processing /home/monica.fernandez/practica_creativa/venv-airflow/lib/python3.11/site-packages/airflow/example_dags/example_short_circuit_operator.py took 0.153 seconds
[2025-06-17T13:26:29.485+0200] {processor.py:153} INFO - Started process (PID=96051) to work on /home/monica.fernandez/practica_creativa/venv-airflow/lib/python3.11/site-packages/airflow/example_dags/example_short_circuit_operator.py
[2025-06-17T13:26:29.486+0200] {processor.py:743} INFO - Processing file /home/monica.fernandez/practica_creativa/venv-airflow/lib/python3.11/site-packages/airflow/example_dags/example_short_circuit_operator.py for tasks to queue
[2025-06-17T13:26:29.486+0200] {logging_mixin.py:137} INFO - [2025-06-17T13:26:29.486+0200] {dagbag.py:538} INFO - Filling up the DagBag from /home/monica.fernandez/practica_creativa/venv-airflow/lib/python3.11/site-packages/airflow/example_dags/example_short_circuit_operator.py
[2025-06-17T13:26:29.497+0200] {processor.py:753} INFO - DAG(s) dict_keys(['example_short_circuit_operator']) retrieved from /home/monica.fernandez/practica_creativa/venv-airflow/lib/python3.11/site-packages/airflow/example_dags/example_short_circuit_operator.py
[2025-06-17T13:26:29.538+0200] {logging_mixin.py:137} INFO - [2025-06-17T13:26:29.538+0200] {dag.py:2690} INFO - Sync 1 DAGs
[2025-06-17T13:26:29.568+0200] {logging_mixin.py:137} INFO - [2025-06-17T13:26:29.568+0200] {dag.py:3437} INFO - Setting next_dagrun for example_short_circuit_operator to 2025-06-16T11:26:29.568150+00:00, run_after=2025-06-17T11:26:29.568150+00:00
[2025-06-17T13:26:29.660+0200] {processor.py:175} INFO - Processing /home/monica.fernandez/practica_creativa/venv-airflow/lib/python3.11/site-packages/airflow/example_dags/example_short_circuit_operator.py took 0.178 seconds
[2025-06-17T13:27:18.450+0200] {processor.py:153} INFO - Started process (PID=96537) to work on /home/monica.fernandez/practica_creativa/venv-airflow/lib/python3.11/site-packages/airflow/example_dags/example_short_circuit_operator.py
[2025-06-17T13:27:18.451+0200] {processor.py:743} INFO - Processing file /home/monica.fernandez/practica_creativa/venv-airflow/lib/python3.11/site-packages/airflow/example_dags/example_short_circuit_operator.py for tasks to queue
[2025-06-17T13:27:18.455+0200] {logging_mixin.py:137} INFO - [2025-06-17T13:27:18.455+0200] {dagbag.py:538} INFO - Filling up the DagBag from /home/monica.fernandez/practica_creativa/venv-airflow/lib/python3.11/site-packages/airflow/example_dags/example_short_circuit_operator.py
[2025-06-17T13:27:18.468+0200] {processor.py:753} INFO - DAG(s) dict_keys(['example_short_circuit_operator']) retrieved from /home/monica.fernandez/practica_creativa/venv-airflow/lib/python3.11/site-packages/airflow/example_dags/example_short_circuit_operator.py
[2025-06-17T13:27:18.513+0200] {logging_mixin.py:137} INFO - [2025-06-17T13:27:18.512+0200] {dag.py:2690} INFO - Sync 1 DAGs
[2025-06-17T13:27:18.549+0200] {logging_mixin.py:137} INFO - [2025-06-17T13:27:18.549+0200] {dag.py:3437} INFO - Setting next_dagrun for example_short_circuit_operator to 2025-06-16T11:27:18.549140+00:00, run_after=2025-06-17T11:27:18.549140+00:00
[2025-06-17T13:27:18.618+0200] {processor.py:175} INFO - Processing /home/monica.fernandez/practica_creativa/venv-airflow/lib/python3.11/site-packages/airflow/example_dags/example_short_circuit_operator.py took 0.172 seconds
[2025-06-17T13:27:26.491+0200] {processor.py:153} INFO - Started process (PID=96582) to work on /home/monica.fernandez/practica_creativa/venv-airflow/lib/python3.11/site-packages/airflow/example_dags/example_short_circuit_operator.py
[2025-06-17T13:27:26.492+0200] {processor.py:743} INFO - Processing file /home/monica.fernandez/practica_creativa/venv-airflow/lib/python3.11/site-packages/airflow/example_dags/example_short_circuit_operator.py for tasks to queue
[2025-06-17T13:27:26.493+0200] {logging_mixin.py:137} INFO - [2025-06-17T13:27:26.493+0200] {dagbag.py:538} INFO - Filling up the DagBag from /home/monica.fernandez/practica_creativa/venv-airflow/lib/python3.11/site-packages/airflow/example_dags/example_short_circuit_operator.py
[2025-06-17T13:27:26.521+0200] {processor.py:753} INFO - DAG(s) dict_keys(['example_short_circuit_operator']) retrieved from /home/monica.fernandez/practica_creativa/venv-airflow/lib/python3.11/site-packages/airflow/example_dags/example_short_circuit_operator.py
[2025-06-17T13:27:26.574+0200] {logging_mixin.py:137} INFO - [2025-06-17T13:27:26.573+0200] {dag.py:2690} INFO - Sync 1 DAGs
[2025-06-17T13:27:26.650+0200] {logging_mixin.py:137} INFO - [2025-06-17T13:27:26.650+0200] {dag.py:3437} INFO - Setting next_dagrun for example_short_circuit_operator to 2025-06-16T11:27:26.650087+00:00, run_after=2025-06-17T11:27:26.650087+00:00
[2025-06-17T13:27:26.740+0200] {processor.py:175} INFO - Processing /home/monica.fernandez/practica_creativa/venv-airflow/lib/python3.11/site-packages/airflow/example_dags/example_short_circuit_operator.py took 0.253 seconds
[2025-06-17T13:28:05.292+0200] {processor.py:153} INFO - Started process (PID=96876) to work on /home/monica.fernandez/practica_creativa/venv-airflow/lib/python3.11/site-packages/airflow/example_dags/example_short_circuit_operator.py
[2025-06-17T13:28:05.293+0200] {processor.py:743} INFO - Processing file /home/monica.fernandez/practica_creativa/venv-airflow/lib/python3.11/site-packages/airflow/example_dags/example_short_circuit_operator.py for tasks to queue
[2025-06-17T13:28:05.294+0200] {logging_mixin.py:137} INFO - [2025-06-17T13:28:05.294+0200] {dagbag.py:538} INFO - Filling up the DagBag from /home/monica.fernandez/practica_creativa/venv-airflow/lib/python3.11/site-packages/airflow/example_dags/example_short_circuit_operator.py
[2025-06-17T13:28:05.306+0200] {processor.py:753} INFO - DAG(s) dict_keys(['example_short_circuit_operator']) retrieved from /home/monica.fernandez/practica_creativa/venv-airflow/lib/python3.11/site-packages/airflow/example_dags/example_short_circuit_operator.py
[2025-06-17T13:28:05.366+0200] {logging_mixin.py:137} INFO - [2025-06-17T13:28:05.366+0200] {dag.py:2690} INFO - Sync 1 DAGs
[2025-06-17T13:28:05.415+0200] {logging_mixin.py:137} INFO - [2025-06-17T13:28:05.415+0200] {dag.py:3437} INFO - Setting next_dagrun for example_short_circuit_operator to 2025-06-16T11:28:05.414972+00:00, run_after=2025-06-17T11:28:05.414972+00:00
[2025-06-17T13:28:05.490+0200] {processor.py:175} INFO - Processing /home/monica.fernandez/practica_creativa/venv-airflow/lib/python3.11/site-packages/airflow/example_dags/example_short_circuit_operator.py took 0.201 seconds
[2025-06-17T13:28:15.676+0200] {processor.py:153} INFO - Started process (PID=97067) to work on /home/monica.fernandez/practica_creativa/venv-airflow/lib/python3.11/site-packages/airflow/example_dags/example_short_circuit_operator.py
[2025-06-17T13:28:15.677+0200] {processor.py:743} INFO - Processing file /home/monica.fernandez/practica_creativa/venv-airflow/lib/python3.11/site-packages/airflow/example_dags/example_short_circuit_operator.py for tasks to queue
[2025-06-17T13:28:15.677+0200] {logging_mixin.py:137} INFO - [2025-06-17T13:28:15.677+0200] {dagbag.py:538} INFO - Filling up the DagBag from /home/monica.fernandez/practica_creativa/venv-airflow/lib/python3.11/site-packages/airflow/example_dags/example_short_circuit_operator.py
[2025-06-17T13:28:15.695+0200] {processor.py:753} INFO - DAG(s) dict_keys(['example_short_circuit_operator']) retrieved from /home/monica.fernandez/practica_creativa/venv-airflow/lib/python3.11/site-packages/airflow/example_dags/example_short_circuit_operator.py
[2025-06-17T13:28:15.732+0200] {logging_mixin.py:137} INFO - [2025-06-17T13:28:15.732+0200] {dag.py:2690} INFO - Sync 1 DAGs
[2025-06-17T13:28:15.762+0200] {logging_mixin.py:137} INFO - [2025-06-17T13:28:15.762+0200] {dag.py:3437} INFO - Setting next_dagrun for example_short_circuit_operator to 2025-06-16T11:28:15.762144+00:00, run_after=2025-06-17T11:28:15.762144+00:00
[2025-06-17T13:28:15.834+0200] {processor.py:175} INFO - Processing /home/monica.fernandez/practica_creativa/venv-airflow/lib/python3.11/site-packages/airflow/example_dags/example_short_circuit_operator.py took 0.161 seconds
[2025-06-17T13:28:52.191+0200] {processor.py:153} INFO - Started process (PID=97358) to work on /home/monica.fernandez/practica_creativa/venv-airflow/lib/python3.11/site-packages/airflow/example_dags/example_short_circuit_operator.py
[2025-06-17T13:28:52.192+0200] {processor.py:743} INFO - Processing file /home/monica.fernandez/practica_creativa/venv-airflow/lib/python3.11/site-packages/airflow/example_dags/example_short_circuit_operator.py for tasks to queue
[2025-06-17T13:28:52.193+0200] {logging_mixin.py:137} INFO - [2025-06-17T13:28:52.193+0200] {dagbag.py:538} INFO - Filling up the DagBag from /home/monica.fernandez/practica_creativa/venv-airflow/lib/python3.11/site-packages/airflow/example_dags/example_short_circuit_operator.py
[2025-06-17T13:28:52.211+0200] {processor.py:753} INFO - DAG(s) dict_keys(['example_short_circuit_operator']) retrieved from /home/monica.fernandez/practica_creativa/venv-airflow/lib/python3.11/site-packages/airflow/example_dags/example_short_circuit_operator.py
[2025-06-17T13:28:52.266+0200] {logging_mixin.py:137} INFO - [2025-06-17T13:28:52.265+0200] {dag.py:2690} INFO - Sync 1 DAGs
[2025-06-17T13:28:52.294+0200] {logging_mixin.py:137} INFO - [2025-06-17T13:28:52.294+0200] {dag.py:3437} INFO - Setting next_dagrun for example_short_circuit_operator to 2025-06-16T11:28:52.294582+00:00, run_after=2025-06-17T11:28:52.294582+00:00
[2025-06-17T13:28:52.360+0200] {processor.py:175} INFO - Processing /home/monica.fernandez/practica_creativa/venv-airflow/lib/python3.11/site-packages/airflow/example_dags/example_short_circuit_operator.py took 0.183 seconds
[2025-06-17T13:32:12.864+0200] {processor.py:153} INFO - Started process (PID=100172) to work on /home/monica.fernandez/practica_creativa/venv-airflow/lib/python3.11/site-packages/airflow/example_dags/example_short_circuit_operator.py
[2025-06-17T13:32:12.864+0200] {processor.py:743} INFO - Processing file /home/monica.fernandez/practica_creativa/venv-airflow/lib/python3.11/site-packages/airflow/example_dags/example_short_circuit_operator.py for tasks to queue
[2025-06-17T13:32:12.869+0200] {logging_mixin.py:137} INFO - [2025-06-17T13:32:12.869+0200] {dagbag.py:538} INFO - Filling up the DagBag from /home/monica.fernandez/practica_creativa/venv-airflow/lib/python3.11/site-packages/airflow/example_dags/example_short_circuit_operator.py
[2025-06-17T13:32:12.888+0200] {processor.py:753} INFO - DAG(s) dict_keys(['example_short_circuit_operator']) retrieved from /home/monica.fernandez/practica_creativa/venv-airflow/lib/python3.11/site-packages/airflow/example_dags/example_short_circuit_operator.py
[2025-06-17T13:32:12.949+0200] {logging_mixin.py:137} INFO - [2025-06-17T13:32:12.949+0200] {dag.py:2690} INFO - Sync 1 DAGs
[2025-06-17T13:32:12.995+0200] {logging_mixin.py:137} INFO - [2025-06-17T13:32:12.995+0200] {dag.py:3437} INFO - Setting next_dagrun for example_short_circuit_operator to 2025-06-16T11:32:12.995505+00:00, run_after=2025-06-17T11:32:12.995505+00:00
[2025-06-17T13:32:13.058+0200] {processor.py:175} INFO - Processing /home/monica.fernandez/practica_creativa/venv-airflow/lib/python3.11/site-packages/airflow/example_dags/example_short_circuit_operator.py took 0.197 seconds
[2025-06-17T13:33:09.494+0200] {processor.py:153} INFO - Started process (PID=100794) to work on /home/monica.fernandez/practica_creativa/venv-airflow/lib/python3.11/site-packages/airflow/example_dags/example_short_circuit_operator.py
[2025-06-17T13:33:09.495+0200] {processor.py:743} INFO - Processing file /home/monica.fernandez/practica_creativa/venv-airflow/lib/python3.11/site-packages/airflow/example_dags/example_short_circuit_operator.py for tasks to queue
[2025-06-17T13:33:09.496+0200] {logging_mixin.py:137} INFO - [2025-06-17T13:33:09.496+0200] {dagbag.py:538} INFO - Filling up the DagBag from /home/monica.fernandez/practica_creativa/venv-airflow/lib/python3.11/site-packages/airflow/example_dags/example_short_circuit_operator.py
[2025-06-17T13:33:09.510+0200] {processor.py:753} INFO - DAG(s) dict_keys(['example_short_circuit_operator']) retrieved from /home/monica.fernandez/practica_creativa/venv-airflow/lib/python3.11/site-packages/airflow/example_dags/example_short_circuit_operator.py
[2025-06-17T13:33:09.569+0200] {logging_mixin.py:137} INFO - [2025-06-17T13:33:09.567+0200] {dag.py:2690} INFO - Sync 1 DAGs
[2025-06-17T13:33:09.632+0200] {logging_mixin.py:137} INFO - [2025-06-17T13:33:09.632+0200] {dag.py:3437} INFO - Setting next_dagrun for example_short_circuit_operator to 2025-06-16T11:33:09.632251+00:00, run_after=2025-06-17T11:33:09.632251+00:00
[2025-06-17T13:33:09.732+0200] {processor.py:175} INFO - Processing /home/monica.fernandez/practica_creativa/venv-airflow/lib/python3.11/site-packages/airflow/example_dags/example_short_circuit_operator.py took 0.240 seconds
[2025-06-17T13:34:21.665+0200] {processor.py:153} INFO - Started process (PID=101731) to work on /home/monica.fernandez/practica_creativa/venv-airflow/lib/python3.11/site-packages/airflow/example_dags/example_short_circuit_operator.py
[2025-06-17T13:34:21.666+0200] {processor.py:743} INFO - Processing file /home/monica.fernandez/practica_creativa/venv-airflow/lib/python3.11/site-packages/airflow/example_dags/example_short_circuit_operator.py for tasks to queue
[2025-06-17T13:34:21.666+0200] {logging_mixin.py:137} INFO - [2025-06-17T13:34:21.666+0200] {dagbag.py:538} INFO - Filling up the DagBag from /home/monica.fernandez/practica_creativa/venv-airflow/lib/python3.11/site-packages/airflow/example_dags/example_short_circuit_operator.py
[2025-06-17T13:34:21.675+0200] {processor.py:753} INFO - DAG(s) dict_keys(['example_short_circuit_operator']) retrieved from /home/monica.fernandez/practica_creativa/venv-airflow/lib/python3.11/site-packages/airflow/example_dags/example_short_circuit_operator.py
[2025-06-17T13:34:21.716+0200] {logging_mixin.py:137} INFO - [2025-06-17T13:34:21.716+0200] {dag.py:2690} INFO - Sync 1 DAGs
[2025-06-17T13:34:21.750+0200] {logging_mixin.py:137} INFO - [2025-06-17T13:34:21.750+0200] {dag.py:3437} INFO - Setting next_dagrun for example_short_circuit_operator to 2025-06-16T11:34:21.750076+00:00, run_after=2025-06-17T11:34:21.750076+00:00
[2025-06-17T13:34:21.833+0200] {processor.py:175} INFO - Processing /home/monica.fernandez/practica_creativa/venv-airflow/lib/python3.11/site-packages/airflow/example_dags/example_short_circuit_operator.py took 0.171 seconds
[2025-06-17T13:34:30.159+0200] {processor.py:153} INFO - Started process (PID=101780) to work on /home/monica.fernandez/practica_creativa/venv-airflow/lib/python3.11/site-packages/airflow/example_dags/example_short_circuit_operator.py
[2025-06-17T13:34:30.160+0200] {processor.py:743} INFO - Processing file /home/monica.fernandez/practica_creativa/venv-airflow/lib/python3.11/site-packages/airflow/example_dags/example_short_circuit_operator.py for tasks to queue
[2025-06-17T13:34:30.161+0200] {logging_mixin.py:137} INFO - [2025-06-17T13:34:30.160+0200] {dagbag.py:538} INFO - Filling up the DagBag from /home/monica.fernandez/practica_creativa/venv-airflow/lib/python3.11/site-packages/airflow/example_dags/example_short_circuit_operator.py
[2025-06-17T13:34:30.172+0200] {processor.py:753} INFO - DAG(s) dict_keys(['example_short_circuit_operator']) retrieved from /home/monica.fernandez/practica_creativa/venv-airflow/lib/python3.11/site-packages/airflow/example_dags/example_short_circuit_operator.py
[2025-06-17T13:34:30.206+0200] {logging_mixin.py:137} INFO - [2025-06-17T13:34:30.206+0200] {dag.py:2690} INFO - Sync 1 DAGs
[2025-06-17T13:34:30.233+0200] {logging_mixin.py:137} INFO - [2025-06-17T13:34:30.233+0200] {dag.py:3437} INFO - Setting next_dagrun for example_short_circuit_operator to 2025-06-16T11:34:30.233320+00:00, run_after=2025-06-17T11:34:30.233320+00:00
[2025-06-17T13:34:30.299+0200] {processor.py:175} INFO - Processing /home/monica.fernandez/practica_creativa/venv-airflow/lib/python3.11/site-packages/airflow/example_dags/example_short_circuit_operator.py took 0.143 seconds
[2025-06-17T13:35:07.885+0200] {processor.py:153} INFO - Started process (PID=102145) to work on /home/monica.fernandez/practica_creativa/venv-airflow/lib/python3.11/site-packages/airflow/example_dags/example_short_circuit_operator.py
[2025-06-17T13:35:07.886+0200] {processor.py:743} INFO - Processing file /home/monica.fernandez/practica_creativa/venv-airflow/lib/python3.11/site-packages/airflow/example_dags/example_short_circuit_operator.py for tasks to queue
[2025-06-17T13:35:07.887+0200] {logging_mixin.py:137} INFO - [2025-06-17T13:35:07.887+0200] {dagbag.py:538} INFO - Filling up the DagBag from /home/monica.fernandez/practica_creativa/venv-airflow/lib/python3.11/site-packages/airflow/example_dags/example_short_circuit_operator.py
[2025-06-17T13:35:07.899+0200] {processor.py:753} INFO - DAG(s) dict_keys(['example_short_circuit_operator']) retrieved from /home/monica.fernandez/practica_creativa/venv-airflow/lib/python3.11/site-packages/airflow/example_dags/example_short_circuit_operator.py
[2025-06-17T13:35:07.930+0200] {logging_mixin.py:137} INFO - [2025-06-17T13:35:07.930+0200] {dag.py:2690} INFO - Sync 1 DAGs
[2025-06-17T13:35:07.953+0200] {logging_mixin.py:137} INFO - [2025-06-17T13:35:07.953+0200] {dag.py:3437} INFO - Setting next_dagrun for example_short_circuit_operator to 2025-06-16T11:35:07.953317+00:00, run_after=2025-06-17T11:35:07.953317+00:00
[2025-06-17T13:35:08.018+0200] {processor.py:175} INFO - Processing /home/monica.fernandez/practica_creativa/venv-airflow/lib/python3.11/site-packages/airflow/example_dags/example_short_circuit_operator.py took 0.136 seconds
[2025-06-17T13:35:19.942+0200] {processor.py:153} INFO - Started process (PID=102292) to work on /home/monica.fernandez/practica_creativa/venv-airflow/lib/python3.11/site-packages/airflow/example_dags/example_short_circuit_operator.py
[2025-06-17T13:35:19.954+0200] {processor.py:743} INFO - Processing file /home/monica.fernandez/practica_creativa/venv-airflow/lib/python3.11/site-packages/airflow/example_dags/example_short_circuit_operator.py for tasks to queue
[2025-06-17T13:35:19.954+0200] {logging_mixin.py:137} INFO - [2025-06-17T13:35:19.954+0200] {dagbag.py:538} INFO - Filling up the DagBag from /home/monica.fernandez/practica_creativa/venv-airflow/lib/python3.11/site-packages/airflow/example_dags/example_short_circuit_operator.py
[2025-06-17T13:35:19.965+0200] {processor.py:753} INFO - DAG(s) dict_keys(['example_short_circuit_operator']) retrieved from /home/monica.fernandez/practica_creativa/venv-airflow/lib/python3.11/site-packages/airflow/example_dags/example_short_circuit_operator.py
[2025-06-17T13:35:20.008+0200] {logging_mixin.py:137} INFO - [2025-06-17T13:35:20.008+0200] {dag.py:2690} INFO - Sync 1 DAGs
[2025-06-17T13:35:20.050+0200] {logging_mixin.py:137} INFO - [2025-06-17T13:35:20.050+0200] {dag.py:3437} INFO - Setting next_dagrun for example_short_circuit_operator to 2025-06-16T11:35:20.050069+00:00, run_after=2025-06-17T11:35:20.050069+00:00
[2025-06-17T13:35:20.163+0200] {processor.py:175} INFO - Processing /home/monica.fernandez/practica_creativa/venv-airflow/lib/python3.11/site-packages/airflow/example_dags/example_short_circuit_operator.py took 0.225 seconds
[2025-06-17T13:36:04.308+0200] {processor.py:153} INFO - Started process (PID=102695) to work on /home/monica.fernandez/practica_creativa/venv-airflow/lib/python3.11/site-packages/airflow/example_dags/example_short_circuit_operator.py
[2025-06-17T13:36:04.309+0200] {processor.py:743} INFO - Processing file /home/monica.fernandez/practica_creativa/venv-airflow/lib/python3.11/site-packages/airflow/example_dags/example_short_circuit_operator.py for tasks to queue
[2025-06-17T13:36:04.309+0200] {logging_mixin.py:137} INFO - [2025-06-17T13:36:04.309+0200] {dagbag.py:538} INFO - Filling up the DagBag from /home/monica.fernandez/practica_creativa/venv-airflow/lib/python3.11/site-packages/airflow/example_dags/example_short_circuit_operator.py
[2025-06-17T13:36:04.319+0200] {processor.py:753} INFO - DAG(s) dict_keys(['example_short_circuit_operator']) retrieved from /home/monica.fernandez/practica_creativa/venv-airflow/lib/python3.11/site-packages/airflow/example_dags/example_short_circuit_operator.py
[2025-06-17T13:36:04.373+0200] {logging_mixin.py:137} INFO - [2025-06-17T13:36:04.373+0200] {dag.py:2690} INFO - Sync 1 DAGs
[2025-06-17T13:36:04.401+0200] {logging_mixin.py:137} INFO - [2025-06-17T13:36:04.401+0200] {dag.py:3437} INFO - Setting next_dagrun for example_short_circuit_operator to 2025-06-16T11:36:04.401178+00:00, run_after=2025-06-17T11:36:04.401178+00:00
[2025-06-17T13:36:04.484+0200] {processor.py:175} INFO - Processing /home/monica.fernandez/practica_creativa/venv-airflow/lib/python3.11/site-packages/airflow/example_dags/example_short_circuit_operator.py took 0.179 seconds
[2025-06-17T13:36:13.234+0200] {processor.py:153} INFO - Started process (PID=102833) to work on /home/monica.fernandez/practica_creativa/venv-airflow/lib/python3.11/site-packages/airflow/example_dags/example_short_circuit_operator.py
[2025-06-17T13:36:13.235+0200] {processor.py:743} INFO - Processing file /home/monica.fernandez/practica_creativa/venv-airflow/lib/python3.11/site-packages/airflow/example_dags/example_short_circuit_operator.py for tasks to queue
[2025-06-17T13:36:13.236+0200] {logging_mixin.py:137} INFO - [2025-06-17T13:36:13.236+0200] {dagbag.py:538} INFO - Filling up the DagBag from /home/monica.fernandez/practica_creativa/venv-airflow/lib/python3.11/site-packages/airflow/example_dags/example_short_circuit_operator.py
[2025-06-17T13:36:13.248+0200] {processor.py:753} INFO - DAG(s) dict_keys(['example_short_circuit_operator']) retrieved from /home/monica.fernandez/practica_creativa/venv-airflow/lib/python3.11/site-packages/airflow/example_dags/example_short_circuit_operator.py
[2025-06-17T13:36:13.330+0200] {logging_mixin.py:137} INFO - [2025-06-17T13:36:13.330+0200] {dag.py:2690} INFO - Sync 1 DAGs
[2025-06-17T13:36:13.383+0200] {logging_mixin.py:137} INFO - [2025-06-17T13:36:13.383+0200] {dag.py:3437} INFO - Setting next_dagrun for example_short_circuit_operator to 2025-06-16T11:36:13.382982+00:00, run_after=2025-06-17T11:36:13.382982+00:00
[2025-06-17T13:36:13.481+0200] {processor.py:175} INFO - Processing /home/monica.fernandez/practica_creativa/venv-airflow/lib/python3.11/site-packages/airflow/example_dags/example_short_circuit_operator.py took 0.254 seconds
[2025-06-17T13:37:05.825+0200] {processor.py:153} INFO - Started process (PID=103427) to work on /home/monica.fernandez/practica_creativa/venv-airflow/lib/python3.11/site-packages/airflow/example_dags/example_short_circuit_operator.py
[2025-06-17T13:37:05.826+0200] {processor.py:743} INFO - Processing file /home/monica.fernandez/practica_creativa/venv-airflow/lib/python3.11/site-packages/airflow/example_dags/example_short_circuit_operator.py for tasks to queue
[2025-06-17T13:37:05.826+0200] {logging_mixin.py:137} INFO - [2025-06-17T13:37:05.826+0200] {dagbag.py:538} INFO - Filling up the DagBag from /home/monica.fernandez/practica_creativa/venv-airflow/lib/python3.11/site-packages/airflow/example_dags/example_short_circuit_operator.py
[2025-06-17T13:37:05.871+0200] {processor.py:753} INFO - DAG(s) dict_keys(['example_short_circuit_operator']) retrieved from /home/monica.fernandez/practica_creativa/venv-airflow/lib/python3.11/site-packages/airflow/example_dags/example_short_circuit_operator.py
[2025-06-17T13:37:06.001+0200] {logging_mixin.py:137} INFO - [2025-06-17T13:37:06.001+0200] {dag.py:2690} INFO - Sync 1 DAGs
[2025-06-17T13:37:06.050+0200] {logging_mixin.py:137} INFO - [2025-06-17T13:37:06.050+0200] {dag.py:3437} INFO - Setting next_dagrun for example_short_circuit_operator to 2025-06-16T11:37:06.050518+00:00, run_after=2025-06-17T11:37:06.050518+00:00
[2025-06-17T13:37:06.154+0200] {processor.py:175} INFO - Processing /home/monica.fernandez/practica_creativa/venv-airflow/lib/python3.11/site-packages/airflow/example_dags/example_short_circuit_operator.py took 0.357 seconds
[2025-06-17T13:37:52.790+0200] {processor.py:153} INFO - Started process (PID=104026) to work on /home/monica.fernandez/practica_creativa/venv-airflow/lib/python3.11/site-packages/airflow/example_dags/example_short_circuit_operator.py
[2025-06-17T13:37:52.791+0200] {processor.py:743} INFO - Processing file /home/monica.fernandez/practica_creativa/venv-airflow/lib/python3.11/site-packages/airflow/example_dags/example_short_circuit_operator.py for tasks to queue
[2025-06-17T13:37:52.792+0200] {logging_mixin.py:137} INFO - [2025-06-17T13:37:52.791+0200] {dagbag.py:538} INFO - Filling up the DagBag from /home/monica.fernandez/practica_creativa/venv-airflow/lib/python3.11/site-packages/airflow/example_dags/example_short_circuit_operator.py
[2025-06-17T13:37:52.811+0200] {processor.py:753} INFO - DAG(s) dict_keys(['example_short_circuit_operator']) retrieved from /home/monica.fernandez/practica_creativa/venv-airflow/lib/python3.11/site-packages/airflow/example_dags/example_short_circuit_operator.py
[2025-06-17T13:37:52.852+0200] {logging_mixin.py:137} INFO - [2025-06-17T13:37:52.852+0200] {dag.py:2690} INFO - Sync 1 DAGs
[2025-06-17T13:37:52.884+0200] {logging_mixin.py:137} INFO - [2025-06-17T13:37:52.884+0200] {dag.py:3437} INFO - Setting next_dagrun for example_short_circuit_operator to 2025-06-16T11:37:52.883972+00:00, run_after=2025-06-17T11:37:52.883972+00:00
[2025-06-17T13:37:52.967+0200] {processor.py:175} INFO - Processing /home/monica.fernandez/practica_creativa/venv-airflow/lib/python3.11/site-packages/airflow/example_dags/example_short_circuit_operator.py took 0.183 seconds
[2025-06-17T13:38:52.838+0200] {processor.py:153} INFO - Started process (PID=104831) to work on /home/monica.fernandez/practica_creativa/venv-airflow/lib/python3.11/site-packages/airflow/example_dags/example_short_circuit_operator.py
[2025-06-17T13:38:52.839+0200] {processor.py:743} INFO - Processing file /home/monica.fernandez/practica_creativa/venv-airflow/lib/python3.11/site-packages/airflow/example_dags/example_short_circuit_operator.py for tasks to queue
[2025-06-17T13:38:52.839+0200] {logging_mixin.py:137} INFO - [2025-06-17T13:38:52.839+0200] {dagbag.py:538} INFO - Filling up the DagBag from /home/monica.fernandez/practica_creativa/venv-airflow/lib/python3.11/site-packages/airflow/example_dags/example_short_circuit_operator.py
[2025-06-17T13:38:52.857+0200] {processor.py:753} INFO - DAG(s) dict_keys(['example_short_circuit_operator']) retrieved from /home/monica.fernandez/practica_creativa/venv-airflow/lib/python3.11/site-packages/airflow/example_dags/example_short_circuit_operator.py
[2025-06-17T13:38:52.916+0200] {logging_mixin.py:137} INFO - [2025-06-17T13:38:52.916+0200] {dag.py:2690} INFO - Sync 1 DAGs
[2025-06-17T13:38:52.952+0200] {logging_mixin.py:137} INFO - [2025-06-17T13:38:52.952+0200] {dag.py:3437} INFO - Setting next_dagrun for example_short_circuit_operator to 2025-06-16T11:38:52.951841+00:00, run_after=2025-06-17T11:38:52.951841+00:00
[2025-06-17T13:38:53.036+0200] {processor.py:175} INFO - Processing /home/monica.fernandez/practica_creativa/venv-airflow/lib/python3.11/site-packages/airflow/example_dags/example_short_circuit_operator.py took 0.203 seconds
[2025-06-17T13:40:15.448+0200] {processor.py:153} INFO - Started process (PID=105826) to work on /home/monica.fernandez/practica_creativa/venv-airflow/lib/python3.11/site-packages/airflow/example_dags/example_short_circuit_operator.py
[2025-06-17T13:40:15.449+0200] {processor.py:743} INFO - Processing file /home/monica.fernandez/practica_creativa/venv-airflow/lib/python3.11/site-packages/airflow/example_dags/example_short_circuit_operator.py for tasks to queue
[2025-06-17T13:40:15.450+0200] {logging_mixin.py:137} INFO - [2025-06-17T13:40:15.450+0200] {dagbag.py:538} INFO - Filling up the DagBag from /home/monica.fernandez/practica_creativa/venv-airflow/lib/python3.11/site-packages/airflow/example_dags/example_short_circuit_operator.py
[2025-06-17T13:40:15.471+0200] {processor.py:753} INFO - DAG(s) dict_keys(['example_short_circuit_operator']) retrieved from /home/monica.fernandez/practica_creativa/venv-airflow/lib/python3.11/site-packages/airflow/example_dags/example_short_circuit_operator.py
[2025-06-17T13:40:15.501+0200] {logging_mixin.py:137} INFO - [2025-06-17T13:40:15.501+0200] {dag.py:2690} INFO - Sync 1 DAGs
[2025-06-17T13:40:15.531+0200] {logging_mixin.py:137} INFO - [2025-06-17T13:40:15.530+0200] {dag.py:3437} INFO - Setting next_dagrun for example_short_circuit_operator to 2025-06-16T11:40:15.530668+00:00, run_after=2025-06-17T11:40:15.530668+00:00
[2025-06-17T13:40:15.587+0200] {processor.py:175} INFO - Processing /home/monica.fernandez/practica_creativa/venv-airflow/lib/python3.11/site-packages/airflow/example_dags/example_short_circuit_operator.py took 0.142 seconds
[2025-06-17T13:42:54.814+0200] {processor.py:153} INFO - Started process (PID=107733) to work on /home/monica.fernandez/practica_creativa/venv-airflow/lib/python3.11/site-packages/airflow/example_dags/example_short_circuit_operator.py
[2025-06-17T13:42:54.815+0200] {processor.py:743} INFO - Processing file /home/monica.fernandez/practica_creativa/venv-airflow/lib/python3.11/site-packages/airflow/example_dags/example_short_circuit_operator.py for tasks to queue
[2025-06-17T13:42:54.816+0200] {logging_mixin.py:137} INFO - [2025-06-17T13:42:54.816+0200] {dagbag.py:538} INFO - Filling up the DagBag from /home/monica.fernandez/practica_creativa/venv-airflow/lib/python3.11/site-packages/airflow/example_dags/example_short_circuit_operator.py
[2025-06-17T13:42:54.825+0200] {processor.py:753} INFO - DAG(s) dict_keys(['example_short_circuit_operator']) retrieved from /home/monica.fernandez/practica_creativa/venv-airflow/lib/python3.11/site-packages/airflow/example_dags/example_short_circuit_operator.py
[2025-06-17T13:42:54.866+0200] {logging_mixin.py:137} INFO - [2025-06-17T13:42:54.866+0200] {dag.py:2690} INFO - Sync 1 DAGs
[2025-06-17T13:42:54.892+0200] {logging_mixin.py:137} INFO - [2025-06-17T13:42:54.892+0200] {dag.py:3437} INFO - Setting next_dagrun for example_short_circuit_operator to 2025-06-16T11:42:54.892394+00:00, run_after=2025-06-17T11:42:54.892394+00:00
[2025-06-17T13:42:54.950+0200] {processor.py:175} INFO - Processing /home/monica.fernandez/practica_creativa/venv-airflow/lib/python3.11/site-packages/airflow/example_dags/example_short_circuit_operator.py took 0.138 seconds
[2025-06-17T13:43:43.674+0200] {processor.py:153} INFO - Started process (PID=108144) to work on /home/monica.fernandez/practica_creativa/venv-airflow/lib/python3.11/site-packages/airflow/example_dags/example_short_circuit_operator.py
[2025-06-17T13:43:43.675+0200] {processor.py:743} INFO - Processing file /home/monica.fernandez/practica_creativa/venv-airflow/lib/python3.11/site-packages/airflow/example_dags/example_short_circuit_operator.py for tasks to queue
[2025-06-17T13:43:43.676+0200] {logging_mixin.py:137} INFO - [2025-06-17T13:43:43.676+0200] {dagbag.py:538} INFO - Filling up the DagBag from /home/monica.fernandez/practica_creativa/venv-airflow/lib/python3.11/site-packages/airflow/example_dags/example_short_circuit_operator.py
[2025-06-17T13:43:43.686+0200] {processor.py:753} INFO - DAG(s) dict_keys(['example_short_circuit_operator']) retrieved from /home/monica.fernandez/practica_creativa/venv-airflow/lib/python3.11/site-packages/airflow/example_dags/example_short_circuit_operator.py
[2025-06-17T13:43:43.716+0200] {logging_mixin.py:137} INFO - [2025-06-17T13:43:43.716+0200] {dag.py:2690} INFO - Sync 1 DAGs
[2025-06-17T13:43:43.739+0200] {logging_mixin.py:137} INFO - [2025-06-17T13:43:43.739+0200] {dag.py:3437} INFO - Setting next_dagrun for example_short_circuit_operator to 2025-06-16T11:43:43.739166+00:00, run_after=2025-06-17T11:43:43.739166+00:00
[2025-06-17T13:43:43.803+0200] {processor.py:175} INFO - Processing /home/monica.fernandez/practica_creativa/venv-airflow/lib/python3.11/site-packages/airflow/example_dags/example_short_circuit_operator.py took 0.133 seconds
[2025-06-17T13:44:33.321+0200] {processor.py:153} INFO - Started process (PID=108620) to work on /home/monica.fernandez/practica_creativa/venv-airflow/lib/python3.11/site-packages/airflow/example_dags/example_short_circuit_operator.py
[2025-06-17T13:44:33.322+0200] {processor.py:743} INFO - Processing file /home/monica.fernandez/practica_creativa/venv-airflow/lib/python3.11/site-packages/airflow/example_dags/example_short_circuit_operator.py for tasks to queue
[2025-06-17T13:44:33.322+0200] {logging_mixin.py:137} INFO - [2025-06-17T13:44:33.322+0200] {dagbag.py:538} INFO - Filling up the DagBag from /home/monica.fernandez/practica_creativa/venv-airflow/lib/python3.11/site-packages/airflow/example_dags/example_short_circuit_operator.py
[2025-06-17T13:44:33.333+0200] {processor.py:753} INFO - DAG(s) dict_keys(['example_short_circuit_operator']) retrieved from /home/monica.fernandez/practica_creativa/venv-airflow/lib/python3.11/site-packages/airflow/example_dags/example_short_circuit_operator.py
[2025-06-17T13:44:33.366+0200] {logging_mixin.py:137} INFO - [2025-06-17T13:44:33.366+0200] {dag.py:2690} INFO - Sync 1 DAGs
[2025-06-17T13:44:33.391+0200] {logging_mixin.py:137} INFO - [2025-06-17T13:44:33.391+0200] {dag.py:3437} INFO - Setting next_dagrun for example_short_circuit_operator to 2025-06-16T11:44:33.391288+00:00, run_after=2025-06-17T11:44:33.391288+00:00
[2025-06-17T13:44:33.451+0200] {processor.py:175} INFO - Processing /home/monica.fernandez/practica_creativa/venv-airflow/lib/python3.11/site-packages/airflow/example_dags/example_short_circuit_operator.py took 0.133 seconds
[2025-06-17T13:45:30.276+0200] {processor.py:153} INFO - Started process (PID=109339) to work on /home/monica.fernandez/practica_creativa/venv-airflow/lib/python3.11/site-packages/airflow/example_dags/example_short_circuit_operator.py
[2025-06-17T13:45:30.277+0200] {processor.py:743} INFO - Processing file /home/monica.fernandez/practica_creativa/venv-airflow/lib/python3.11/site-packages/airflow/example_dags/example_short_circuit_operator.py for tasks to queue
[2025-06-17T13:45:30.277+0200] {logging_mixin.py:137} INFO - [2025-06-17T13:45:30.277+0200] {dagbag.py:538} INFO - Filling up the DagBag from /home/monica.fernandez/practica_creativa/venv-airflow/lib/python3.11/site-packages/airflow/example_dags/example_short_circuit_operator.py
[2025-06-17T13:45:30.287+0200] {processor.py:753} INFO - DAG(s) dict_keys(['example_short_circuit_operator']) retrieved from /home/monica.fernandez/practica_creativa/venv-airflow/lib/python3.11/site-packages/airflow/example_dags/example_short_circuit_operator.py
[2025-06-17T13:45:30.320+0200] {logging_mixin.py:137} INFO - [2025-06-17T13:45:30.320+0200] {dag.py:2690} INFO - Sync 1 DAGs
[2025-06-17T13:45:30.354+0200] {logging_mixin.py:137} INFO - [2025-06-17T13:45:30.354+0200] {dag.py:3437} INFO - Setting next_dagrun for example_short_circuit_operator to 2025-06-16T11:45:30.354050+00:00, run_after=2025-06-17T11:45:30.354050+00:00
[2025-06-17T13:45:30.415+0200] {processor.py:175} INFO - Processing /home/monica.fernandez/practica_creativa/venv-airflow/lib/python3.11/site-packages/airflow/example_dags/example_short_circuit_operator.py took 0.142 seconds
[2025-06-17T13:46:28.054+0200] {processor.py:153} INFO - Started process (PID=110052) to work on /home/monica.fernandez/practica_creativa/venv-airflow/lib/python3.11/site-packages/airflow/example_dags/example_short_circuit_operator.py
[2025-06-17T13:46:28.055+0200] {processor.py:743} INFO - Processing file /home/monica.fernandez/practica_creativa/venv-airflow/lib/python3.11/site-packages/airflow/example_dags/example_short_circuit_operator.py for tasks to queue
[2025-06-17T13:46:28.055+0200] {logging_mixin.py:137} INFO - [2025-06-17T13:46:28.055+0200] {dagbag.py:538} INFO - Filling up the DagBag from /home/monica.fernandez/practica_creativa/venv-airflow/lib/python3.11/site-packages/airflow/example_dags/example_short_circuit_operator.py
[2025-06-17T13:46:28.096+0200] {processor.py:753} INFO - DAG(s) dict_keys(['example_short_circuit_operator']) retrieved from /home/monica.fernandez/practica_creativa/venv-airflow/lib/python3.11/site-packages/airflow/example_dags/example_short_circuit_operator.py
[2025-06-17T13:46:28.174+0200] {logging_mixin.py:137} INFO - [2025-06-17T13:46:28.174+0200] {dag.py:2690} INFO - Sync 1 DAGs
[2025-06-17T13:46:28.223+0200] {logging_mixin.py:137} INFO - [2025-06-17T13:46:28.223+0200] {dag.py:3437} INFO - Setting next_dagrun for example_short_circuit_operator to 2025-06-16T11:46:28.222989+00:00, run_after=2025-06-17T11:46:28.222989+00:00
[2025-06-17T13:46:28.303+0200] {processor.py:175} INFO - Processing /home/monica.fernandez/practica_creativa/venv-airflow/lib/python3.11/site-packages/airflow/example_dags/example_short_circuit_operator.py took 0.251 seconds
[2025-06-17T13:47:25.325+0200] {processor.py:153} INFO - Started process (PID=110882) to work on /home/monica.fernandez/practica_creativa/venv-airflow/lib/python3.11/site-packages/airflow/example_dags/example_short_circuit_operator.py
[2025-06-17T13:47:25.326+0200] {processor.py:743} INFO - Processing file /home/monica.fernandez/practica_creativa/venv-airflow/lib/python3.11/site-packages/airflow/example_dags/example_short_circuit_operator.py for tasks to queue
[2025-06-17T13:47:25.326+0200] {logging_mixin.py:137} INFO - [2025-06-17T13:47:25.326+0200] {dagbag.py:538} INFO - Filling up the DagBag from /home/monica.fernandez/practica_creativa/venv-airflow/lib/python3.11/site-packages/airflow/example_dags/example_short_circuit_operator.py
[2025-06-17T13:47:25.336+0200] {processor.py:753} INFO - DAG(s) dict_keys(['example_short_circuit_operator']) retrieved from /home/monica.fernandez/practica_creativa/venv-airflow/lib/python3.11/site-packages/airflow/example_dags/example_short_circuit_operator.py
[2025-06-17T13:47:25.368+0200] {logging_mixin.py:137} INFO - [2025-06-17T13:47:25.368+0200] {dag.py:2690} INFO - Sync 1 DAGs
[2025-06-17T13:47:25.391+0200] {logging_mixin.py:137} INFO - [2025-06-17T13:47:25.391+0200] {dag.py:3437} INFO - Setting next_dagrun for example_short_circuit_operator to 2025-06-16T11:47:25.390892+00:00, run_after=2025-06-17T11:47:25.390892+00:00
[2025-06-17T13:47:25.448+0200] {processor.py:175} INFO - Processing /home/monica.fernandez/practica_creativa/venv-airflow/lib/python3.11/site-packages/airflow/example_dags/example_short_circuit_operator.py took 0.125 seconds
[2025-06-17T13:49:59.628+0200] {processor.py:153} INFO - Started process (PID=113213) to work on /home/monica.fernandez/practica_creativa/venv-airflow/lib/python3.11/site-packages/airflow/example_dags/example_short_circuit_operator.py
[2025-06-17T13:49:59.630+0200] {processor.py:743} INFO - Processing file /home/monica.fernandez/practica_creativa/venv-airflow/lib/python3.11/site-packages/airflow/example_dags/example_short_circuit_operator.py for tasks to queue
[2025-06-17T13:49:59.630+0200] {logging_mixin.py:137} INFO - [2025-06-17T13:49:59.630+0200] {dagbag.py:538} INFO - Filling up the DagBag from /home/monica.fernandez/practica_creativa/venv-airflow/lib/python3.11/site-packages/airflow/example_dags/example_short_circuit_operator.py
[2025-06-17T13:49:59.643+0200] {processor.py:753} INFO - DAG(s) dict_keys(['example_short_circuit_operator']) retrieved from /home/monica.fernandez/practica_creativa/venv-airflow/lib/python3.11/site-packages/airflow/example_dags/example_short_circuit_operator.py
[2025-06-17T13:49:59.679+0200] {logging_mixin.py:137} INFO - [2025-06-17T13:49:59.679+0200] {dag.py:2690} INFO - Sync 1 DAGs
[2025-06-17T13:49:59.711+0200] {logging_mixin.py:137} INFO - [2025-06-17T13:49:59.711+0200] {dag.py:3437} INFO - Setting next_dagrun for example_short_circuit_operator to 2025-06-16T11:49:59.710886+00:00, run_after=2025-06-17T11:49:59.710886+00:00
[2025-06-17T13:49:59.771+0200] {processor.py:175} INFO - Processing /home/monica.fernandez/practica_creativa/venv-airflow/lib/python3.11/site-packages/airflow/example_dags/example_short_circuit_operator.py took 0.146 seconds
[2025-06-17T13:51:26.871+0200] {processor.py:153} INFO - Started process (PID=114386) to work on /home/monica.fernandez/practica_creativa/venv-airflow/lib/python3.11/site-packages/airflow/example_dags/example_short_circuit_operator.py
[2025-06-17T13:51:26.872+0200] {processor.py:743} INFO - Processing file /home/monica.fernandez/practica_creativa/venv-airflow/lib/python3.11/site-packages/airflow/example_dags/example_short_circuit_operator.py for tasks to queue
[2025-06-17T13:51:26.874+0200] {logging_mixin.py:137} INFO - [2025-06-17T13:51:26.873+0200] {dagbag.py:538} INFO - Filling up the DagBag from /home/monica.fernandez/practica_creativa/venv-airflow/lib/python3.11/site-packages/airflow/example_dags/example_short_circuit_operator.py
[2025-06-17T13:51:26.930+0200] {processor.py:753} INFO - DAG(s) dict_keys(['example_short_circuit_operator']) retrieved from /home/monica.fernandez/practica_creativa/venv-airflow/lib/python3.11/site-packages/airflow/example_dags/example_short_circuit_operator.py
[2025-06-17T13:51:26.978+0200] {logging_mixin.py:137} INFO - [2025-06-17T13:51:26.978+0200] {dag.py:2690} INFO - Sync 1 DAGs
[2025-06-17T13:51:27.055+0200] {logging_mixin.py:137} INFO - [2025-06-17T13:51:27.054+0200] {dag.py:3437} INFO - Setting next_dagrun for example_short_circuit_operator to 2025-06-16T11:51:27.053510+00:00, run_after=2025-06-17T11:51:27.053510+00:00
[2025-06-17T13:51:27.157+0200] {processor.py:175} INFO - Processing /home/monica.fernandez/practica_creativa/venv-airflow/lib/python3.11/site-packages/airflow/example_dags/example_short_circuit_operator.py took 0.297 seconds
[2025-06-17T14:00:14.105+0200] {processor.py:153} INFO - Started process (PID=121234) to work on /home/monica.fernandez/practica_creativa/venv-airflow/lib/python3.11/site-packages/airflow/example_dags/example_short_circuit_operator.py
[2025-06-17T14:00:14.110+0200] {processor.py:743} INFO - Processing file /home/monica.fernandez/practica_creativa/venv-airflow/lib/python3.11/site-packages/airflow/example_dags/example_short_circuit_operator.py for tasks to queue
[2025-06-17T14:00:14.111+0200] {logging_mixin.py:137} INFO - [2025-06-17T14:00:14.111+0200] {dagbag.py:538} INFO - Filling up the DagBag from /home/monica.fernandez/practica_creativa/venv-airflow/lib/python3.11/site-packages/airflow/example_dags/example_short_circuit_operator.py
[2025-06-17T14:00:14.122+0200] {processor.py:753} INFO - DAG(s) dict_keys(['example_short_circuit_operator']) retrieved from /home/monica.fernandez/practica_creativa/venv-airflow/lib/python3.11/site-packages/airflow/example_dags/example_short_circuit_operator.py
[2025-06-17T14:00:14.163+0200] {logging_mixin.py:137} INFO - [2025-06-17T14:00:14.163+0200] {dag.py:2690} INFO - Sync 1 DAGs
[2025-06-17T14:00:14.193+0200] {logging_mixin.py:137} INFO - [2025-06-17T14:00:14.193+0200] {dag.py:3437} INFO - Setting next_dagrun for example_short_circuit_operator to 2025-06-16T12:00:14.192811+00:00, run_after=2025-06-17T12:00:14.192811+00:00
[2025-06-17T14:00:14.272+0200] {processor.py:175} INFO - Processing /home/monica.fernandez/practica_creativa/venv-airflow/lib/python3.11/site-packages/airflow/example_dags/example_short_circuit_operator.py took 0.170 seconds
[2025-06-17T19:24:39.228+0200] {processor.py:153} INFO - Started process (PID=159348) to work on /home/monica.fernandez/practica_creativa/venv-airflow/lib/python3.11/site-packages/airflow/example_dags/example_short_circuit_operator.py
[2025-06-17T19:24:39.229+0200] {processor.py:743} INFO - Processing file /home/monica.fernandez/practica_creativa/venv-airflow/lib/python3.11/site-packages/airflow/example_dags/example_short_circuit_operator.py for tasks to queue
[2025-06-17T19:24:39.230+0200] {logging_mixin.py:137} INFO - [2025-06-17T19:24:39.230+0200] {dagbag.py:538} INFO - Filling up the DagBag from /home/monica.fernandez/practica_creativa/venv-airflow/lib/python3.11/site-packages/airflow/example_dags/example_short_circuit_operator.py
[2025-06-17T19:24:39.269+0200] {processor.py:753} INFO - DAG(s) dict_keys(['example_short_circuit_operator']) retrieved from /home/monica.fernandez/practica_creativa/venv-airflow/lib/python3.11/site-packages/airflow/example_dags/example_short_circuit_operator.py
[2025-06-17T19:24:39.318+0200] {logging_mixin.py:137} INFO - [2025-06-17T19:24:39.317+0200] {dag.py:2690} INFO - Sync 1 DAGs
[2025-06-17T19:24:39.345+0200] {logging_mixin.py:137} INFO - [2025-06-17T19:24:39.345+0200] {dag.py:3437} INFO - Setting next_dagrun for example_short_circuit_operator to 2025-06-16T17:24:39.345361+00:00, run_after=2025-06-17T17:24:39.345361+00:00
[2025-06-17T19:24:39.412+0200] {processor.py:175} INFO - Processing /home/monica.fernandez/practica_creativa/venv-airflow/lib/python3.11/site-packages/airflow/example_dags/example_short_circuit_operator.py took 0.188 seconds
[2025-06-17T19:25:27.325+0200] {processor.py:153} INFO - Started process (PID=159797) to work on /home/monica.fernandez/practica_creativa/venv-airflow/lib/python3.11/site-packages/airflow/example_dags/example_short_circuit_operator.py
[2025-06-17T19:25:27.326+0200] {processor.py:743} INFO - Processing file /home/monica.fernandez/practica_creativa/venv-airflow/lib/python3.11/site-packages/airflow/example_dags/example_short_circuit_operator.py for tasks to queue
[2025-06-17T19:25:27.327+0200] {logging_mixin.py:137} INFO - [2025-06-17T19:25:27.327+0200] {dagbag.py:538} INFO - Filling up the DagBag from /home/monica.fernandez/practica_creativa/venv-airflow/lib/python3.11/site-packages/airflow/example_dags/example_short_circuit_operator.py
[2025-06-17T19:25:27.363+0200] {processor.py:753} INFO - DAG(s) dict_keys(['example_short_circuit_operator']) retrieved from /home/monica.fernandez/practica_creativa/venv-airflow/lib/python3.11/site-packages/airflow/example_dags/example_short_circuit_operator.py
[2025-06-17T19:25:27.411+0200] {logging_mixin.py:137} INFO - [2025-06-17T19:25:27.411+0200] {dag.py:2690} INFO - Sync 1 DAGs
[2025-06-17T19:25:27.454+0200] {logging_mixin.py:137} INFO - [2025-06-17T19:25:27.454+0200] {dag.py:3437} INFO - Setting next_dagrun for example_short_circuit_operator to 2025-06-16T17:25:27.453791+00:00, run_after=2025-06-17T17:25:27.453791+00:00
[2025-06-17T19:25:27.511+0200] {processor.py:175} INFO - Processing /home/monica.fernandez/practica_creativa/venv-airflow/lib/python3.11/site-packages/airflow/example_dags/example_short_circuit_operator.py took 0.192 seconds
[2025-06-17T19:26:15.394+0200] {processor.py:153} INFO - Started process (PID=160139) to work on /home/monica.fernandez/practica_creativa/venv-airflow/lib/python3.11/site-packages/airflow/example_dags/example_short_circuit_operator.py
[2025-06-17T19:26:15.396+0200] {processor.py:743} INFO - Processing file /home/monica.fernandez/practica_creativa/venv-airflow/lib/python3.11/site-packages/airflow/example_dags/example_short_circuit_operator.py for tasks to queue
[2025-06-17T19:26:15.397+0200] {logging_mixin.py:137} INFO - [2025-06-17T19:26:15.397+0200] {dagbag.py:538} INFO - Filling up the DagBag from /home/monica.fernandez/practica_creativa/venv-airflow/lib/python3.11/site-packages/airflow/example_dags/example_short_circuit_operator.py
[2025-06-17T19:26:15.436+0200] {processor.py:753} INFO - DAG(s) dict_keys(['example_short_circuit_operator']) retrieved from /home/monica.fernandez/practica_creativa/venv-airflow/lib/python3.11/site-packages/airflow/example_dags/example_short_circuit_operator.py
[2025-06-17T19:26:15.474+0200] {logging_mixin.py:137} INFO - [2025-06-17T19:26:15.474+0200] {dag.py:2690} INFO - Sync 1 DAGs
[2025-06-17T19:26:15.505+0200] {logging_mixin.py:137} INFO - [2025-06-17T19:26:15.505+0200] {dag.py:3437} INFO - Setting next_dagrun for example_short_circuit_operator to 2025-06-16T17:26:15.505361+00:00, run_after=2025-06-17T17:26:15.505361+00:00
[2025-06-17T19:26:15.569+0200] {processor.py:175} INFO - Processing /home/monica.fernandez/practica_creativa/venv-airflow/lib/python3.11/site-packages/airflow/example_dags/example_short_circuit_operator.py took 0.180 seconds
[2025-06-17T19:27:11.243+0200] {processor.py:153} INFO - Started process (PID=160869) to work on /home/monica.fernandez/practica_creativa/venv-airflow/lib/python3.11/site-packages/airflow/example_dags/example_short_circuit_operator.py
[2025-06-17T19:27:11.244+0200] {processor.py:743} INFO - Processing file /home/monica.fernandez/practica_creativa/venv-airflow/lib/python3.11/site-packages/airflow/example_dags/example_short_circuit_operator.py for tasks to queue
[2025-06-17T19:27:11.245+0200] {logging_mixin.py:137} INFO - [2025-06-17T19:27:11.244+0200] {dagbag.py:538} INFO - Filling up the DagBag from /home/monica.fernandez/practica_creativa/venv-airflow/lib/python3.11/site-packages/airflow/example_dags/example_short_circuit_operator.py
[2025-06-17T19:27:11.281+0200] {processor.py:753} INFO - DAG(s) dict_keys(['example_short_circuit_operator']) retrieved from /home/monica.fernandez/practica_creativa/venv-airflow/lib/python3.11/site-packages/airflow/example_dags/example_short_circuit_operator.py
[2025-06-17T19:27:11.311+0200] {logging_mixin.py:137} INFO - [2025-06-17T19:27:11.310+0200] {dag.py:2690} INFO - Sync 1 DAGs
[2025-06-17T19:27:11.340+0200] {logging_mixin.py:137} INFO - [2025-06-17T19:27:11.339+0200] {dag.py:3437} INFO - Setting next_dagrun for example_short_circuit_operator to 2025-06-16T17:27:11.339434+00:00, run_after=2025-06-17T17:27:11.339434+00:00
[2025-06-17T19:27:11.398+0200] {processor.py:175} INFO - Processing /home/monica.fernandez/practica_creativa/venv-airflow/lib/python3.11/site-packages/airflow/example_dags/example_short_circuit_operator.py took 0.160 seconds
[2025-06-17T19:28:10.172+0200] {processor.py:153} INFO - Started process (PID=161323) to work on /home/monica.fernandez/practica_creativa/venv-airflow/lib/python3.11/site-packages/airflow/example_dags/example_short_circuit_operator.py
[2025-06-17T19:28:10.173+0200] {processor.py:743} INFO - Processing file /home/monica.fernandez/practica_creativa/venv-airflow/lib/python3.11/site-packages/airflow/example_dags/example_short_circuit_operator.py for tasks to queue
[2025-06-17T19:28:10.174+0200] {logging_mixin.py:137} INFO - [2025-06-17T19:28:10.174+0200] {dagbag.py:538} INFO - Filling up the DagBag from /home/monica.fernandez/practica_creativa/venv-airflow/lib/python3.11/site-packages/airflow/example_dags/example_short_circuit_operator.py
[2025-06-17T19:28:10.222+0200] {processor.py:753} INFO - DAG(s) dict_keys(['example_short_circuit_operator']) retrieved from /home/monica.fernandez/practica_creativa/venv-airflow/lib/python3.11/site-packages/airflow/example_dags/example_short_circuit_operator.py
[2025-06-17T19:28:10.254+0200] {logging_mixin.py:137} INFO - [2025-06-17T19:28:10.254+0200] {dag.py:2690} INFO - Sync 1 DAGs
[2025-06-17T19:28:10.284+0200] {logging_mixin.py:137} INFO - [2025-06-17T19:28:10.284+0200] {dag.py:3437} INFO - Setting next_dagrun for example_short_circuit_operator to 2025-06-16T17:28:10.284448+00:00, run_after=2025-06-17T17:28:10.284448+00:00
[2025-06-17T19:28:10.350+0200] {processor.py:175} INFO - Processing /home/monica.fernandez/practica_creativa/venv-airflow/lib/python3.11/site-packages/airflow/example_dags/example_short_circuit_operator.py took 0.183 seconds
[2025-06-17T19:29:04.311+0200] {processor.py:153} INFO - Started process (PID=161781) to work on /home/monica.fernandez/practica_creativa/venv-airflow/lib/python3.11/site-packages/airflow/example_dags/example_short_circuit_operator.py
[2025-06-17T19:29:04.313+0200] {processor.py:743} INFO - Processing file /home/monica.fernandez/practica_creativa/venv-airflow/lib/python3.11/site-packages/airflow/example_dags/example_short_circuit_operator.py for tasks to queue
[2025-06-17T19:29:04.314+0200] {logging_mixin.py:137} INFO - [2025-06-17T19:29:04.313+0200] {dagbag.py:538} INFO - Filling up the DagBag from /home/monica.fernandez/practica_creativa/venv-airflow/lib/python3.11/site-packages/airflow/example_dags/example_short_circuit_operator.py
[2025-06-17T19:29:04.360+0200] {processor.py:753} INFO - DAG(s) dict_keys(['example_short_circuit_operator']) retrieved from /home/monica.fernandez/practica_creativa/venv-airflow/lib/python3.11/site-packages/airflow/example_dags/example_short_circuit_operator.py
[2025-06-17T19:29:04.392+0200] {logging_mixin.py:137} INFO - [2025-06-17T19:29:04.392+0200] {dag.py:2690} INFO - Sync 1 DAGs
[2025-06-17T19:29:04.416+0200] {logging_mixin.py:137} INFO - [2025-06-17T19:29:04.416+0200] {dag.py:3437} INFO - Setting next_dagrun for example_short_circuit_operator to 2025-06-16T17:29:04.416083+00:00, run_after=2025-06-17T17:29:04.416083+00:00
[2025-06-17T19:29:04.471+0200] {processor.py:175} INFO - Processing /home/monica.fernandez/practica_creativa/venv-airflow/lib/python3.11/site-packages/airflow/example_dags/example_short_circuit_operator.py took 0.166 seconds
[2025-06-17T19:34:19.381+0200] {processor.py:153} INFO - Started process (PID=165347) to work on /home/monica.fernandez/practica_creativa/venv-airflow/lib/python3.11/site-packages/airflow/example_dags/example_short_circuit_operator.py
[2025-06-17T19:34:19.383+0200] {processor.py:743} INFO - Processing file /home/monica.fernandez/practica_creativa/venv-airflow/lib/python3.11/site-packages/airflow/example_dags/example_short_circuit_operator.py for tasks to queue
[2025-06-17T19:34:19.383+0200] {logging_mixin.py:137} INFO - [2025-06-17T19:34:19.383+0200] {dagbag.py:538} INFO - Filling up the DagBag from /home/monica.fernandez/practica_creativa/venv-airflow/lib/python3.11/site-packages/airflow/example_dags/example_short_circuit_operator.py
[2025-06-17T19:34:19.394+0200] {processor.py:753} INFO - DAG(s) dict_keys(['example_short_circuit_operator']) retrieved from /home/monica.fernandez/practica_creativa/venv-airflow/lib/python3.11/site-packages/airflow/example_dags/example_short_circuit_operator.py
[2025-06-17T19:34:19.443+0200] {logging_mixin.py:137} INFO - [2025-06-17T19:34:19.443+0200] {dag.py:2690} INFO - Sync 1 DAGs
[2025-06-17T19:34:19.485+0200] {logging_mixin.py:137} INFO - [2025-06-17T19:34:19.484+0200] {dag.py:3437} INFO - Setting next_dagrun for example_short_circuit_operator to 2025-06-16T17:34:19.484624+00:00, run_after=2025-06-17T17:34:19.484624+00:00
[2025-06-17T19:34:19.575+0200] {processor.py:175} INFO - Processing /home/monica.fernandez/practica_creativa/venv-airflow/lib/python3.11/site-packages/airflow/example_dags/example_short_circuit_operator.py took 0.197 seconds
[2025-06-17T19:35:11.340+0200] {processor.py:153} INFO - Started process (PID=165749) to work on /home/monica.fernandez/practica_creativa/venv-airflow/lib/python3.11/site-packages/airflow/example_dags/example_short_circuit_operator.py
[2025-06-17T19:35:11.340+0200] {processor.py:743} INFO - Processing file /home/monica.fernandez/practica_creativa/venv-airflow/lib/python3.11/site-packages/airflow/example_dags/example_short_circuit_operator.py for tasks to queue
[2025-06-17T19:35:11.341+0200] {logging_mixin.py:137} INFO - [2025-06-17T19:35:11.341+0200] {dagbag.py:538} INFO - Filling up the DagBag from /home/monica.fernandez/practica_creativa/venv-airflow/lib/python3.11/site-packages/airflow/example_dags/example_short_circuit_operator.py
[2025-06-17T19:35:11.356+0200] {processor.py:753} INFO - DAG(s) dict_keys(['example_short_circuit_operator']) retrieved from /home/monica.fernandez/practica_creativa/venv-airflow/lib/python3.11/site-packages/airflow/example_dags/example_short_circuit_operator.py
[2025-06-17T19:35:11.398+0200] {logging_mixin.py:137} INFO - [2025-06-17T19:35:11.398+0200] {dag.py:2690} INFO - Sync 1 DAGs
[2025-06-17T19:35:11.427+0200] {logging_mixin.py:137} INFO - [2025-06-17T19:35:11.427+0200] {dag.py:3437} INFO - Setting next_dagrun for example_short_circuit_operator to 2025-06-16T17:35:11.427016+00:00, run_after=2025-06-17T17:35:11.427016+00:00
[2025-06-17T19:35:11.508+0200] {processor.py:175} INFO - Processing /home/monica.fernandez/practica_creativa/venv-airflow/lib/python3.11/site-packages/airflow/example_dags/example_short_circuit_operator.py took 0.171 seconds
[2025-06-17T19:36:00.411+0200] {processor.py:153} INFO - Started process (PID=166176) to work on /home/monica.fernandez/practica_creativa/venv-airflow/lib/python3.11/site-packages/airflow/example_dags/example_short_circuit_operator.py
[2025-06-17T19:36:00.412+0200] {processor.py:743} INFO - Processing file /home/monica.fernandez/practica_creativa/venv-airflow/lib/python3.11/site-packages/airflow/example_dags/example_short_circuit_operator.py for tasks to queue
[2025-06-17T19:36:00.412+0200] {logging_mixin.py:137} INFO - [2025-06-17T19:36:00.412+0200] {dagbag.py:538} INFO - Filling up the DagBag from /home/monica.fernandez/practica_creativa/venv-airflow/lib/python3.11/site-packages/airflow/example_dags/example_short_circuit_operator.py
[2025-06-17T19:36:00.425+0200] {processor.py:753} INFO - DAG(s) dict_keys(['example_short_circuit_operator']) retrieved from /home/monica.fernandez/practica_creativa/venv-airflow/lib/python3.11/site-packages/airflow/example_dags/example_short_circuit_operator.py
[2025-06-17T19:36:00.456+0200] {logging_mixin.py:137} INFO - [2025-06-17T19:36:00.456+0200] {dag.py:2690} INFO - Sync 1 DAGs
[2025-06-17T19:36:00.488+0200] {logging_mixin.py:137} INFO - [2025-06-17T19:36:00.488+0200] {dag.py:3437} INFO - Setting next_dagrun for example_short_circuit_operator to 2025-06-16T17:36:00.488576+00:00, run_after=2025-06-17T17:36:00.488576+00:00
[2025-06-17T19:36:00.671+0200] {processor.py:175} INFO - Processing /home/monica.fernandez/practica_creativa/venv-airflow/lib/python3.11/site-packages/airflow/example_dags/example_short_circuit_operator.py took 0.262 seconds
