[2025-06-17T13:18:09.854+0200] {processor.py:153} INFO - Started process (PID=90282) to work on /home/monica.fernandez/practica_creativa/venv-airflow/lib/python3.11/site-packages/airflow/example_dags/example_short_circuit_decorator.py
[2025-06-17T13:18:09.855+0200] {processor.py:743} INFO - Processing file /home/monica.fernandez/practica_creativa/venv-airflow/lib/python3.11/site-packages/airflow/example_dags/example_short_circuit_decorator.py for tasks to queue
[2025-06-17T13:18:09.855+0200] {logging_mixin.py:137} INFO - [2025-06-17T13:18:09.855+0200] {dagbag.py:538} INFO - Filling up the DagBag from /home/monica.fernandez/practica_creativa/venv-airflow/lib/python3.11/site-packages/airflow/example_dags/example_short_circuit_decorator.py
[2025-06-17T13:18:09.915+0200] {processor.py:753} INFO - DAG(s) dict_keys(['example_short_circuit_decorator']) retrieved from /home/monica.fernandez/practica_creativa/venv-airflow/lib/python3.11/site-packages/airflow/example_dags/example_short_circuit_decorator.py
[2025-06-17T13:18:09.956+0200] {logging_mixin.py:137} INFO - [2025-06-17T13:18:09.956+0200] {dag.py:2690} INFO - Sync 1 DAGs
[2025-06-17T13:18:09.998+0200] {logging_mixin.py:137} INFO - [2025-06-17T13:18:09.998+0200] {dag.py:3437} INFO - Setting next_dagrun for example_short_circuit_decorator to 2025-06-16T11:18:09.998546+00:00, run_after=2025-06-17T11:18:09.998546+00:00
[2025-06-17T13:18:10.109+0200] {processor.py:175} INFO - Processing /home/monica.fernandez/practica_creativa/venv-airflow/lib/python3.11/site-packages/airflow/example_dags/example_short_circuit_decorator.py took 0.258 seconds
[2025-06-17T13:20:35.155+0200] {processor.py:153} INFO - Started process (PID=91773) to work on /home/monica.fernandez/practica_creativa/venv-airflow/lib/python3.11/site-packages/airflow/example_dags/example_short_circuit_decorator.py
[2025-06-17T13:20:35.155+0200] {processor.py:743} INFO - Processing file /home/monica.fernandez/practica_creativa/venv-airflow/lib/python3.11/site-packages/airflow/example_dags/example_short_circuit_decorator.py for tasks to queue
[2025-06-17T13:20:35.156+0200] {logging_mixin.py:137} INFO - [2025-06-17T13:20:35.156+0200] {dagbag.py:538} INFO - Filling up the DagBag from /home/monica.fernandez/practica_creativa/venv-airflow/lib/python3.11/site-packages/airflow/example_dags/example_short_circuit_decorator.py
[2025-06-17T13:20:35.180+0200] {processor.py:753} INFO - DAG(s) dict_keys(['example_short_circuit_decorator']) retrieved from /home/monica.fernandez/practica_creativa/venv-airflow/lib/python3.11/site-packages/airflow/example_dags/example_short_circuit_decorator.py
[2025-06-17T13:20:35.209+0200] {logging_mixin.py:137} INFO - [2025-06-17T13:20:35.209+0200] {dag.py:2690} INFO - Sync 1 DAGs
[2025-06-17T13:20:35.241+0200] {logging_mixin.py:137} INFO - [2025-06-17T13:20:35.241+0200] {dag.py:3437} INFO - Setting next_dagrun for example_short_circuit_decorator to 2025-06-16T11:20:35.240893+00:00, run_after=2025-06-17T11:20:35.240893+00:00
[2025-06-17T13:20:35.294+0200] {processor.py:175} INFO - Processing /home/monica.fernandez/practica_creativa/venv-airflow/lib/python3.11/site-packages/airflow/example_dags/example_short_circuit_decorator.py took 0.142 seconds
[2025-06-17T13:20:41.576+0200] {processor.py:153} INFO - Started process (PID=91900) to work on /home/monica.fernandez/practica_creativa/venv-airflow/lib/python3.11/site-packages/airflow/example_dags/example_short_circuit_decorator.py
[2025-06-17T13:20:41.580+0200] {processor.py:743} INFO - Processing file /home/monica.fernandez/practica_creativa/venv-airflow/lib/python3.11/site-packages/airflow/example_dags/example_short_circuit_decorator.py for tasks to queue
[2025-06-17T13:20:41.581+0200] {logging_mixin.py:137} INFO - [2025-06-17T13:20:41.580+0200] {dagbag.py:538} INFO - Filling up the DagBag from /home/monica.fernandez/practica_creativa/venv-airflow/lib/python3.11/site-packages/airflow/example_dags/example_short_circuit_decorator.py
[2025-06-17T13:20:41.616+0200] {processor.py:753} INFO - DAG(s) dict_keys(['example_short_circuit_decorator']) retrieved from /home/monica.fernandez/practica_creativa/venv-airflow/lib/python3.11/site-packages/airflow/example_dags/example_short_circuit_decorator.py
[2025-06-17T13:20:41.654+0200] {logging_mixin.py:137} INFO - [2025-06-17T13:20:41.653+0200] {dag.py:2690} INFO - Sync 1 DAGs
[2025-06-17T13:20:41.696+0200] {logging_mixin.py:137} INFO - [2025-06-17T13:20:41.695+0200] {dag.py:3437} INFO - Setting next_dagrun for example_short_circuit_decorator to 2025-06-16T11:20:41.695686+00:00, run_after=2025-06-17T11:20:41.695686+00:00
[2025-06-17T13:20:41.786+0200] {processor.py:175} INFO - Processing /home/monica.fernandez/practica_creativa/venv-airflow/lib/python3.11/site-packages/airflow/example_dags/example_short_circuit_decorator.py took 0.213 seconds
[2025-06-17T13:24:32.260+0200] {processor.py:153} INFO - Started process (PID=94886) to work on /home/monica.fernandez/practica_creativa/venv-airflow/lib/python3.11/site-packages/airflow/example_dags/example_short_circuit_decorator.py
[2025-06-17T13:24:32.264+0200] {processor.py:743} INFO - Processing file /home/monica.fernandez/practica_creativa/venv-airflow/lib/python3.11/site-packages/airflow/example_dags/example_short_circuit_decorator.py for tasks to queue
[2025-06-17T13:24:32.266+0200] {logging_mixin.py:137} INFO - [2025-06-17T13:24:32.265+0200] {dagbag.py:538} INFO - Filling up the DagBag from /home/monica.fernandez/practica_creativa/venv-airflow/lib/python3.11/site-packages/airflow/example_dags/example_short_circuit_decorator.py
[2025-06-17T13:24:32.844+0200] {processor.py:753} INFO - DAG(s) dict_keys(['example_short_circuit_decorator']) retrieved from /home/monica.fernandez/practica_creativa/venv-airflow/lib/python3.11/site-packages/airflow/example_dags/example_short_circuit_decorator.py
[2025-06-17T13:24:32.892+0200] {logging_mixin.py:137} INFO - [2025-06-17T13:24:32.892+0200] {dag.py:2690} INFO - Sync 1 DAGs
[2025-06-17T13:24:32.921+0200] {logging_mixin.py:137} INFO - [2025-06-17T13:24:32.921+0200] {dag.py:3437} INFO - Setting next_dagrun for example_short_circuit_decorator to 2025-06-16T11:24:32.921658+00:00, run_after=2025-06-17T11:24:32.921658+00:00
[2025-06-17T13:24:33.064+0200] {processor.py:175} INFO - Processing /home/monica.fernandez/practica_creativa/venv-airflow/lib/python3.11/site-packages/airflow/example_dags/example_short_circuit_decorator.py took 0.811 seconds
[2025-06-17T13:25:37.567+0200] {processor.py:153} INFO - Started process (PID=95513) to work on /home/monica.fernandez/practica_creativa/venv-airflow/lib/python3.11/site-packages/airflow/example_dags/example_short_circuit_decorator.py
[2025-06-17T13:25:37.568+0200] {processor.py:743} INFO - Processing file /home/monica.fernandez/practica_creativa/venv-airflow/lib/python3.11/site-packages/airflow/example_dags/example_short_circuit_decorator.py for tasks to queue
[2025-06-17T13:25:37.568+0200] {logging_mixin.py:137} INFO - [2025-06-17T13:25:37.568+0200] {dagbag.py:538} INFO - Filling up the DagBag from /home/monica.fernandez/practica_creativa/venv-airflow/lib/python3.11/site-packages/airflow/example_dags/example_short_circuit_decorator.py
[2025-06-17T13:25:37.590+0200] {processor.py:753} INFO - DAG(s) dict_keys(['example_short_circuit_decorator']) retrieved from /home/monica.fernandez/practica_creativa/venv-airflow/lib/python3.11/site-packages/airflow/example_dags/example_short_circuit_decorator.py
[2025-06-17T13:25:37.620+0200] {logging_mixin.py:137} INFO - [2025-06-17T13:25:37.620+0200] {dag.py:2690} INFO - Sync 1 DAGs
[2025-06-17T13:25:37.650+0200] {logging_mixin.py:137} INFO - [2025-06-17T13:25:37.650+0200] {dag.py:3437} INFO - Setting next_dagrun for example_short_circuit_decorator to 2025-06-16T11:25:37.649893+00:00, run_after=2025-06-17T11:25:37.649893+00:00
[2025-06-17T13:25:37.726+0200] {processor.py:175} INFO - Processing /home/monica.fernandez/practica_creativa/venv-airflow/lib/python3.11/site-packages/airflow/example_dags/example_short_circuit_decorator.py took 0.165 seconds
[2025-06-17T13:25:42.226+0200] {processor.py:153} INFO - Started process (PID=95640) to work on /home/monica.fernandez/practica_creativa/venv-airflow/lib/python3.11/site-packages/airflow/example_dags/example_short_circuit_decorator.py
[2025-06-17T13:25:42.227+0200] {processor.py:743} INFO - Processing file /home/monica.fernandez/practica_creativa/venv-airflow/lib/python3.11/site-packages/airflow/example_dags/example_short_circuit_decorator.py for tasks to queue
[2025-06-17T13:25:42.227+0200] {logging_mixin.py:137} INFO - [2025-06-17T13:25:42.227+0200] {dagbag.py:538} INFO - Filling up the DagBag from /home/monica.fernandez/practica_creativa/venv-airflow/lib/python3.11/site-packages/airflow/example_dags/example_short_circuit_decorator.py
[2025-06-17T13:25:42.259+0200] {processor.py:753} INFO - DAG(s) dict_keys(['example_short_circuit_decorator']) retrieved from /home/monica.fernandez/practica_creativa/venv-airflow/lib/python3.11/site-packages/airflow/example_dags/example_short_circuit_decorator.py
[2025-06-17T13:25:42.304+0200] {logging_mixin.py:137} INFO - [2025-06-17T13:25:42.304+0200] {dag.py:2690} INFO - Sync 1 DAGs
[2025-06-17T13:25:42.354+0200] {logging_mixin.py:137} INFO - [2025-06-17T13:25:42.350+0200] {dag.py:3437} INFO - Setting next_dagrun for example_short_circuit_decorator to 2025-06-16T11:25:42.350300+00:00, run_after=2025-06-17T11:25:42.350300+00:00
[2025-06-17T13:25:42.456+0200] {processor.py:175} INFO - Processing /home/monica.fernandez/practica_creativa/venv-airflow/lib/python3.11/site-packages/airflow/example_dags/example_short_circuit_decorator.py took 0.232 seconds
[2025-06-17T13:26:27.557+0200] {processor.py:153} INFO - Started process (PID=96040) to work on /home/monica.fernandez/practica_creativa/venv-airflow/lib/python3.11/site-packages/airflow/example_dags/example_short_circuit_decorator.py
[2025-06-17T13:26:27.559+0200] {processor.py:743} INFO - Processing file /home/monica.fernandez/practica_creativa/venv-airflow/lib/python3.11/site-packages/airflow/example_dags/example_short_circuit_decorator.py for tasks to queue
[2025-06-17T13:26:27.560+0200] {logging_mixin.py:137} INFO - [2025-06-17T13:26:27.560+0200] {dagbag.py:538} INFO - Filling up the DagBag from /home/monica.fernandez/practica_creativa/venv-airflow/lib/python3.11/site-packages/airflow/example_dags/example_short_circuit_decorator.py
[2025-06-17T13:26:27.592+0200] {processor.py:753} INFO - DAG(s) dict_keys(['example_short_circuit_decorator']) retrieved from /home/monica.fernandez/practica_creativa/venv-airflow/lib/python3.11/site-packages/airflow/example_dags/example_short_circuit_decorator.py
[2025-06-17T13:26:27.633+0200] {logging_mixin.py:137} INFO - [2025-06-17T13:26:27.633+0200] {dag.py:2690} INFO - Sync 1 DAGs
[2025-06-17T13:26:27.663+0200] {logging_mixin.py:137} INFO - [2025-06-17T13:26:27.663+0200] {dag.py:3437} INFO - Setting next_dagrun for example_short_circuit_decorator to 2025-06-16T11:26:27.663252+00:00, run_after=2025-06-17T11:26:27.663252+00:00
[2025-06-17T13:26:27.727+0200] {processor.py:175} INFO - Processing /home/monica.fernandez/practica_creativa/venv-airflow/lib/python3.11/site-packages/airflow/example_dags/example_short_circuit_decorator.py took 0.175 seconds
[2025-06-17T13:26:30.880+0200] {processor.py:153} INFO - Started process (PID=96055) to work on /home/monica.fernandez/practica_creativa/venv-airflow/lib/python3.11/site-packages/airflow/example_dags/example_short_circuit_decorator.py
[2025-06-17T13:26:30.881+0200] {processor.py:743} INFO - Processing file /home/monica.fernandez/practica_creativa/venv-airflow/lib/python3.11/site-packages/airflow/example_dags/example_short_circuit_decorator.py for tasks to queue
[2025-06-17T13:26:30.881+0200] {logging_mixin.py:137} INFO - [2025-06-17T13:26:30.881+0200] {dagbag.py:538} INFO - Filling up the DagBag from /home/monica.fernandez/practica_creativa/venv-airflow/lib/python3.11/site-packages/airflow/example_dags/example_short_circuit_decorator.py
[2025-06-17T13:26:30.904+0200] {processor.py:753} INFO - DAG(s) dict_keys(['example_short_circuit_decorator']) retrieved from /home/monica.fernandez/practica_creativa/venv-airflow/lib/python3.11/site-packages/airflow/example_dags/example_short_circuit_decorator.py
[2025-06-17T13:26:30.933+0200] {logging_mixin.py:137} INFO - [2025-06-17T13:26:30.933+0200] {dag.py:2690} INFO - Sync 1 DAGs
[2025-06-17T13:26:30.961+0200] {logging_mixin.py:137} INFO - [2025-06-17T13:26:30.960+0200] {dag.py:3437} INFO - Setting next_dagrun for example_short_circuit_decorator to 2025-06-16T11:26:30.960712+00:00, run_after=2025-06-17T11:26:30.960712+00:00
[2025-06-17T13:26:31.027+0200] {processor.py:175} INFO - Processing /home/monica.fernandez/practica_creativa/venv-airflow/lib/python3.11/site-packages/airflow/example_dags/example_short_circuit_decorator.py took 0.150 seconds
[2025-06-17T13:27:19.820+0200] {processor.py:153} INFO - Started process (PID=96547) to work on /home/monica.fernandez/practica_creativa/venv-airflow/lib/python3.11/site-packages/airflow/example_dags/example_short_circuit_decorator.py
[2025-06-17T13:27:19.820+0200] {processor.py:743} INFO - Processing file /home/monica.fernandez/practica_creativa/venv-airflow/lib/python3.11/site-packages/airflow/example_dags/example_short_circuit_decorator.py for tasks to queue
[2025-06-17T13:27:19.821+0200] {logging_mixin.py:137} INFO - [2025-06-17T13:27:19.821+0200] {dagbag.py:538} INFO - Filling up the DagBag from /home/monica.fernandez/practica_creativa/venv-airflow/lib/python3.11/site-packages/airflow/example_dags/example_short_circuit_decorator.py
[2025-06-17T13:27:19.855+0200] {processor.py:753} INFO - DAG(s) dict_keys(['example_short_circuit_decorator']) retrieved from /home/monica.fernandez/practica_creativa/venv-airflow/lib/python3.11/site-packages/airflow/example_dags/example_short_circuit_decorator.py
[2025-06-17T13:27:19.902+0200] {logging_mixin.py:137} INFO - [2025-06-17T13:27:19.902+0200] {dag.py:2690} INFO - Sync 1 DAGs
[2025-06-17T13:27:19.927+0200] {logging_mixin.py:137} INFO - [2025-06-17T13:27:19.927+0200] {dag.py:3437} INFO - Setting next_dagrun for example_short_circuit_decorator to 2025-06-16T11:27:19.926968+00:00, run_after=2025-06-17T11:27:19.926968+00:00
[2025-06-17T13:27:19.989+0200] {processor.py:175} INFO - Processing /home/monica.fernandez/practica_creativa/venv-airflow/lib/python3.11/site-packages/airflow/example_dags/example_short_circuit_decorator.py took 0.172 seconds
[2025-06-17T13:27:28.049+0200] {processor.py:153} INFO - Started process (PID=96584) to work on /home/monica.fernandez/practica_creativa/venv-airflow/lib/python3.11/site-packages/airflow/example_dags/example_short_circuit_decorator.py
[2025-06-17T13:27:28.050+0200] {processor.py:743} INFO - Processing file /home/monica.fernandez/practica_creativa/venv-airflow/lib/python3.11/site-packages/airflow/example_dags/example_short_circuit_decorator.py for tasks to queue
[2025-06-17T13:27:28.050+0200] {logging_mixin.py:137} INFO - [2025-06-17T13:27:28.050+0200] {dagbag.py:538} INFO - Filling up the DagBag from /home/monica.fernandez/practica_creativa/venv-airflow/lib/python3.11/site-packages/airflow/example_dags/example_short_circuit_decorator.py
[2025-06-17T13:27:28.127+0200] {processor.py:753} INFO - DAG(s) dict_keys(['example_short_circuit_decorator']) retrieved from /home/monica.fernandez/practica_creativa/venv-airflow/lib/python3.11/site-packages/airflow/example_dags/example_short_circuit_decorator.py
[2025-06-17T13:27:28.180+0200] {logging_mixin.py:137} INFO - [2025-06-17T13:27:28.179+0200] {dag.py:2690} INFO - Sync 1 DAGs
[2025-06-17T13:27:28.216+0200] {logging_mixin.py:137} INFO - [2025-06-17T13:27:28.216+0200] {dag.py:3437} INFO - Setting next_dagrun for example_short_circuit_decorator to 2025-06-16T11:27:28.215872+00:00, run_after=2025-06-17T11:27:28.215872+00:00
[2025-06-17T13:27:28.320+0200] {processor.py:175} INFO - Processing /home/monica.fernandez/practica_creativa/venv-airflow/lib/python3.11/site-packages/airflow/example_dags/example_short_circuit_decorator.py took 0.276 seconds
[2025-06-17T13:28:06.894+0200] {processor.py:153} INFO - Started process (PID=96919) to work on /home/monica.fernandez/practica_creativa/venv-airflow/lib/python3.11/site-packages/airflow/example_dags/example_short_circuit_decorator.py
[2025-06-17T13:28:06.895+0200] {processor.py:743} INFO - Processing file /home/monica.fernandez/practica_creativa/venv-airflow/lib/python3.11/site-packages/airflow/example_dags/example_short_circuit_decorator.py for tasks to queue
[2025-06-17T13:28:06.895+0200] {logging_mixin.py:137} INFO - [2025-06-17T13:28:06.895+0200] {dagbag.py:538} INFO - Filling up the DagBag from /home/monica.fernandez/practica_creativa/venv-airflow/lib/python3.11/site-packages/airflow/example_dags/example_short_circuit_decorator.py
[2025-06-17T13:28:06.939+0200] {processor.py:753} INFO - DAG(s) dict_keys(['example_short_circuit_decorator']) retrieved from /home/monica.fernandez/practica_creativa/venv-airflow/lib/python3.11/site-packages/airflow/example_dags/example_short_circuit_decorator.py
[2025-06-17T13:28:07.012+0200] {logging_mixin.py:137} INFO - [2025-06-17T13:28:07.012+0200] {dag.py:2690} INFO - Sync 1 DAGs
[2025-06-17T13:28:07.056+0200] {logging_mixin.py:137} INFO - [2025-06-17T13:28:07.055+0200] {dag.py:3437} INFO - Setting next_dagrun for example_short_circuit_decorator to 2025-06-16T11:28:07.055615+00:00, run_after=2025-06-17T11:28:07.055615+00:00
[2025-06-17T13:28:07.130+0200] {processor.py:175} INFO - Processing /home/monica.fernandez/practica_creativa/venv-airflow/lib/python3.11/site-packages/airflow/example_dags/example_short_circuit_decorator.py took 0.239 seconds
[2025-06-17T13:28:17.125+0200] {processor.py:153} INFO - Started process (PID=97074) to work on /home/monica.fernandez/practica_creativa/venv-airflow/lib/python3.11/site-packages/airflow/example_dags/example_short_circuit_decorator.py
[2025-06-17T13:28:17.126+0200] {processor.py:743} INFO - Processing file /home/monica.fernandez/practica_creativa/venv-airflow/lib/python3.11/site-packages/airflow/example_dags/example_short_circuit_decorator.py for tasks to queue
[2025-06-17T13:28:17.126+0200] {logging_mixin.py:137} INFO - [2025-06-17T13:28:17.126+0200] {dagbag.py:538} INFO - Filling up the DagBag from /home/monica.fernandez/practica_creativa/venv-airflow/lib/python3.11/site-packages/airflow/example_dags/example_short_circuit_decorator.py
[2025-06-17T13:28:17.148+0200] {processor.py:753} INFO - DAG(s) dict_keys(['example_short_circuit_decorator']) retrieved from /home/monica.fernandez/practica_creativa/venv-airflow/lib/python3.11/site-packages/airflow/example_dags/example_short_circuit_decorator.py
[2025-06-17T13:28:17.183+0200] {logging_mixin.py:137} INFO - [2025-06-17T13:28:17.183+0200] {dag.py:2690} INFO - Sync 1 DAGs
[2025-06-17T13:28:17.211+0200] {logging_mixin.py:137} INFO - [2025-06-17T13:28:17.210+0200] {dag.py:3437} INFO - Setting next_dagrun for example_short_circuit_decorator to 2025-06-16T11:28:17.210683+00:00, run_after=2025-06-17T11:28:17.210683+00:00
[2025-06-17T13:28:17.289+0200] {processor.py:175} INFO - Processing /home/monica.fernandez/practica_creativa/venv-airflow/lib/python3.11/site-packages/airflow/example_dags/example_short_circuit_decorator.py took 0.167 seconds
[2025-06-17T13:28:53.573+0200] {processor.py:153} INFO - Started process (PID=97360) to work on /home/monica.fernandez/practica_creativa/venv-airflow/lib/python3.11/site-packages/airflow/example_dags/example_short_circuit_decorator.py
[2025-06-17T13:28:53.574+0200] {processor.py:743} INFO - Processing file /home/monica.fernandez/practica_creativa/venv-airflow/lib/python3.11/site-packages/airflow/example_dags/example_short_circuit_decorator.py for tasks to queue
[2025-06-17T13:28:53.575+0200] {logging_mixin.py:137} INFO - [2025-06-17T13:28:53.575+0200] {dagbag.py:538} INFO - Filling up the DagBag from /home/monica.fernandez/practica_creativa/venv-airflow/lib/python3.11/site-packages/airflow/example_dags/example_short_circuit_decorator.py
[2025-06-17T13:28:53.609+0200] {processor.py:753} INFO - DAG(s) dict_keys(['example_short_circuit_decorator']) retrieved from /home/monica.fernandez/practica_creativa/venv-airflow/lib/python3.11/site-packages/airflow/example_dags/example_short_circuit_decorator.py
[2025-06-17T13:28:53.646+0200] {logging_mixin.py:137} INFO - [2025-06-17T13:28:53.646+0200] {dag.py:2690} INFO - Sync 1 DAGs
[2025-06-17T13:28:53.675+0200] {logging_mixin.py:137} INFO - [2025-06-17T13:28:53.675+0200] {dag.py:3437} INFO - Setting next_dagrun for example_short_circuit_decorator to 2025-06-16T11:28:53.674792+00:00, run_after=2025-06-17T11:28:53.674792+00:00
[2025-06-17T13:28:53.748+0200] {processor.py:175} INFO - Processing /home/monica.fernandez/practica_creativa/venv-airflow/lib/python3.11/site-packages/airflow/example_dags/example_short_circuit_decorator.py took 0.179 seconds
[2025-06-17T13:32:14.337+0200] {processor.py:153} INFO - Started process (PID=100223) to work on /home/monica.fernandez/practica_creativa/venv-airflow/lib/python3.11/site-packages/airflow/example_dags/example_short_circuit_decorator.py
[2025-06-17T13:32:14.337+0200] {processor.py:743} INFO - Processing file /home/monica.fernandez/practica_creativa/venv-airflow/lib/python3.11/site-packages/airflow/example_dags/example_short_circuit_decorator.py for tasks to queue
[2025-06-17T13:32:14.338+0200] {logging_mixin.py:137} INFO - [2025-06-17T13:32:14.338+0200] {dagbag.py:538} INFO - Filling up the DagBag from /home/monica.fernandez/practica_creativa/venv-airflow/lib/python3.11/site-packages/airflow/example_dags/example_short_circuit_decorator.py
[2025-06-17T13:32:14.402+0200] {processor.py:753} INFO - DAG(s) dict_keys(['example_short_circuit_decorator']) retrieved from /home/monica.fernandez/practica_creativa/venv-airflow/lib/python3.11/site-packages/airflow/example_dags/example_short_circuit_decorator.py
[2025-06-17T13:32:14.448+0200] {logging_mixin.py:137} INFO - [2025-06-17T13:32:14.448+0200] {dag.py:2690} INFO - Sync 1 DAGs
[2025-06-17T13:32:14.491+0200] {logging_mixin.py:137} INFO - [2025-06-17T13:32:14.491+0200] {dag.py:3437} INFO - Setting next_dagrun for example_short_circuit_decorator to 2025-06-16T11:32:14.490424+00:00, run_after=2025-06-17T11:32:14.490424+00:00
[2025-06-17T13:32:14.574+0200] {processor.py:175} INFO - Processing /home/monica.fernandez/practica_creativa/venv-airflow/lib/python3.11/site-packages/airflow/example_dags/example_short_circuit_decorator.py took 0.243 seconds
[2025-06-17T13:33:11.007+0200] {processor.py:153} INFO - Started process (PID=100822) to work on /home/monica.fernandez/practica_creativa/venv-airflow/lib/python3.11/site-packages/airflow/example_dags/example_short_circuit_decorator.py
[2025-06-17T13:33:11.008+0200] {processor.py:743} INFO - Processing file /home/monica.fernandez/practica_creativa/venv-airflow/lib/python3.11/site-packages/airflow/example_dags/example_short_circuit_decorator.py for tasks to queue
[2025-06-17T13:33:11.010+0200] {logging_mixin.py:137} INFO - [2025-06-17T13:33:11.009+0200] {dagbag.py:538} INFO - Filling up the DagBag from /home/monica.fernandez/practica_creativa/venv-airflow/lib/python3.11/site-packages/airflow/example_dags/example_short_circuit_decorator.py
[2025-06-17T13:33:11.036+0200] {processor.py:753} INFO - DAG(s) dict_keys(['example_short_circuit_decorator']) retrieved from /home/monica.fernandez/practica_creativa/venv-airflow/lib/python3.11/site-packages/airflow/example_dags/example_short_circuit_decorator.py
[2025-06-17T13:33:11.072+0200] {logging_mixin.py:137} INFO - [2025-06-17T13:33:11.072+0200] {dag.py:2690} INFO - Sync 1 DAGs
[2025-06-17T13:33:11.114+0200] {logging_mixin.py:137} INFO - [2025-06-17T13:33:11.114+0200] {dag.py:3437} INFO - Setting next_dagrun for example_short_circuit_decorator to 2025-06-16T11:33:11.114091+00:00, run_after=2025-06-17T11:33:11.114091+00:00
[2025-06-17T13:33:11.186+0200] {processor.py:175} INFO - Processing /home/monica.fernandez/practica_creativa/venv-airflow/lib/python3.11/site-packages/airflow/example_dags/example_short_circuit_decorator.py took 0.182 seconds
[2025-06-17T13:34:23.050+0200] {processor.py:153} INFO - Started process (PID=101736) to work on /home/monica.fernandez/practica_creativa/venv-airflow/lib/python3.11/site-packages/airflow/example_dags/example_short_circuit_decorator.py
[2025-06-17T13:34:23.051+0200] {processor.py:743} INFO - Processing file /home/monica.fernandez/practica_creativa/venv-airflow/lib/python3.11/site-packages/airflow/example_dags/example_short_circuit_decorator.py for tasks to queue
[2025-06-17T13:34:23.052+0200] {logging_mixin.py:137} INFO - [2025-06-17T13:34:23.052+0200] {dagbag.py:538} INFO - Filling up the DagBag from /home/monica.fernandez/practica_creativa/venv-airflow/lib/python3.11/site-packages/airflow/example_dags/example_short_circuit_decorator.py
[2025-06-17T13:34:23.074+0200] {processor.py:753} INFO - DAG(s) dict_keys(['example_short_circuit_decorator']) retrieved from /home/monica.fernandez/practica_creativa/venv-airflow/lib/python3.11/site-packages/airflow/example_dags/example_short_circuit_decorator.py
[2025-06-17T13:34:23.115+0200] {logging_mixin.py:137} INFO - [2025-06-17T13:34:23.115+0200] {dag.py:2690} INFO - Sync 1 DAGs
[2025-06-17T13:34:23.183+0200] {logging_mixin.py:137} INFO - [2025-06-17T13:34:23.183+0200] {dag.py:3437} INFO - Setting next_dagrun for example_short_circuit_decorator to 2025-06-16T11:34:23.182971+00:00, run_after=2025-06-17T11:34:23.182971+00:00
[2025-06-17T13:34:23.265+0200] {processor.py:175} INFO - Processing /home/monica.fernandez/practica_creativa/venv-airflow/lib/python3.11/site-packages/airflow/example_dags/example_short_circuit_decorator.py took 0.218 seconds
[2025-06-17T13:34:31.621+0200] {processor.py:153} INFO - Started process (PID=101809) to work on /home/monica.fernandez/practica_creativa/venv-airflow/lib/python3.11/site-packages/airflow/example_dags/example_short_circuit_decorator.py
[2025-06-17T13:34:31.622+0200] {processor.py:743} INFO - Processing file /home/monica.fernandez/practica_creativa/venv-airflow/lib/python3.11/site-packages/airflow/example_dags/example_short_circuit_decorator.py for tasks to queue
[2025-06-17T13:34:31.622+0200] {logging_mixin.py:137} INFO - [2025-06-17T13:34:31.622+0200] {dagbag.py:538} INFO - Filling up the DagBag from /home/monica.fernandez/practica_creativa/venv-airflow/lib/python3.11/site-packages/airflow/example_dags/example_short_circuit_decorator.py
[2025-06-17T13:34:31.645+0200] {processor.py:753} INFO - DAG(s) dict_keys(['example_short_circuit_decorator']) retrieved from /home/monica.fernandez/practica_creativa/venv-airflow/lib/python3.11/site-packages/airflow/example_dags/example_short_circuit_decorator.py
[2025-06-17T13:34:31.673+0200] {logging_mixin.py:137} INFO - [2025-06-17T13:34:31.673+0200] {dag.py:2690} INFO - Sync 1 DAGs
[2025-06-17T13:34:31.698+0200] {logging_mixin.py:137} INFO - [2025-06-17T13:34:31.698+0200] {dag.py:3437} INFO - Setting next_dagrun for example_short_circuit_decorator to 2025-06-16T11:34:31.698332+00:00, run_after=2025-06-17T11:34:31.698332+00:00
[2025-06-17T13:34:31.756+0200] {processor.py:175} INFO - Processing /home/monica.fernandez/practica_creativa/venv-airflow/lib/python3.11/site-packages/airflow/example_dags/example_short_circuit_decorator.py took 0.140 seconds
[2025-06-17T13:35:09.218+0200] {processor.py:153} INFO - Started process (PID=102150) to work on /home/monica.fernandez/practica_creativa/venv-airflow/lib/python3.11/site-packages/airflow/example_dags/example_short_circuit_decorator.py
[2025-06-17T13:35:09.219+0200] {processor.py:743} INFO - Processing file /home/monica.fernandez/practica_creativa/venv-airflow/lib/python3.11/site-packages/airflow/example_dags/example_short_circuit_decorator.py for tasks to queue
[2025-06-17T13:35:09.220+0200] {logging_mixin.py:137} INFO - [2025-06-17T13:35:09.219+0200] {dagbag.py:538} INFO - Filling up the DagBag from /home/monica.fernandez/practica_creativa/venv-airflow/lib/python3.11/site-packages/airflow/example_dags/example_short_circuit_decorator.py
[2025-06-17T13:35:09.242+0200] {processor.py:753} INFO - DAG(s) dict_keys(['example_short_circuit_decorator']) retrieved from /home/monica.fernandez/practica_creativa/venv-airflow/lib/python3.11/site-packages/airflow/example_dags/example_short_circuit_decorator.py
[2025-06-17T13:35:09.278+0200] {logging_mixin.py:137} INFO - [2025-06-17T13:35:09.278+0200] {dag.py:2690} INFO - Sync 1 DAGs
[2025-06-17T13:35:09.312+0200] {logging_mixin.py:137} INFO - [2025-06-17T13:35:09.312+0200] {dag.py:3437} INFO - Setting next_dagrun for example_short_circuit_decorator to 2025-06-16T11:35:09.311792+00:00, run_after=2025-06-17T11:35:09.311792+00:00
[2025-06-17T13:35:09.386+0200] {processor.py:175} INFO - Processing /home/monica.fernandez/practica_creativa/venv-airflow/lib/python3.11/site-packages/airflow/example_dags/example_short_circuit_decorator.py took 0.173 seconds
[2025-06-17T13:35:21.142+0200] {processor.py:153} INFO - Started process (PID=102301) to work on /home/monica.fernandez/practica_creativa/venv-airflow/lib/python3.11/site-packages/airflow/example_dags/example_short_circuit_decorator.py
[2025-06-17T13:35:21.143+0200] {processor.py:743} INFO - Processing file /home/monica.fernandez/practica_creativa/venv-airflow/lib/python3.11/site-packages/airflow/example_dags/example_short_circuit_decorator.py for tasks to queue
[2025-06-17T13:35:21.143+0200] {logging_mixin.py:137} INFO - [2025-06-17T13:35:21.143+0200] {dagbag.py:538} INFO - Filling up the DagBag from /home/monica.fernandez/practica_creativa/venv-airflow/lib/python3.11/site-packages/airflow/example_dags/example_short_circuit_decorator.py
[2025-06-17T13:35:21.183+0200] {processor.py:753} INFO - DAG(s) dict_keys(['example_short_circuit_decorator']) retrieved from /home/monica.fernandez/practica_creativa/venv-airflow/lib/python3.11/site-packages/airflow/example_dags/example_short_circuit_decorator.py
[2025-06-17T13:35:21.240+0200] {logging_mixin.py:137} INFO - [2025-06-17T13:35:21.240+0200] {dag.py:2690} INFO - Sync 1 DAGs
[2025-06-17T13:35:21.288+0200] {logging_mixin.py:137} INFO - [2025-06-17T13:35:21.288+0200] {dag.py:3437} INFO - Setting next_dagrun for example_short_circuit_decorator to 2025-06-16T11:35:21.288585+00:00, run_after=2025-06-17T11:35:21.288585+00:00
[2025-06-17T13:35:21.371+0200] {processor.py:175} INFO - Processing /home/monica.fernandez/practica_creativa/venv-airflow/lib/python3.11/site-packages/airflow/example_dags/example_short_circuit_decorator.py took 0.233 seconds
[2025-06-17T13:36:05.678+0200] {processor.py:153} INFO - Started process (PID=102707) to work on /home/monica.fernandez/practica_creativa/venv-airflow/lib/python3.11/site-packages/airflow/example_dags/example_short_circuit_decorator.py
[2025-06-17T13:36:05.679+0200] {processor.py:743} INFO - Processing file /home/monica.fernandez/practica_creativa/venv-airflow/lib/python3.11/site-packages/airflow/example_dags/example_short_circuit_decorator.py for tasks to queue
[2025-06-17T13:36:05.680+0200] {logging_mixin.py:137} INFO - [2025-06-17T13:36:05.679+0200] {dagbag.py:538} INFO - Filling up the DagBag from /home/monica.fernandez/practica_creativa/venv-airflow/lib/python3.11/site-packages/airflow/example_dags/example_short_circuit_decorator.py
[2025-06-17T13:36:05.726+0200] {processor.py:753} INFO - DAG(s) dict_keys(['example_short_circuit_decorator']) retrieved from /home/monica.fernandez/practica_creativa/venv-airflow/lib/python3.11/site-packages/airflow/example_dags/example_short_circuit_decorator.py
[2025-06-17T13:36:05.807+0200] {logging_mixin.py:137} INFO - [2025-06-17T13:36:05.807+0200] {dag.py:2690} INFO - Sync 1 DAGs
[2025-06-17T13:36:05.851+0200] {logging_mixin.py:137} INFO - [2025-06-17T13:36:05.851+0200] {dag.py:3437} INFO - Setting next_dagrun for example_short_circuit_decorator to 2025-06-16T11:36:05.851168+00:00, run_after=2025-06-17T11:36:05.851168+00:00
[2025-06-17T13:36:05.974+0200] {processor.py:175} INFO - Processing /home/monica.fernandez/practica_creativa/venv-airflow/lib/python3.11/site-packages/airflow/example_dags/example_short_circuit_decorator.py took 0.302 seconds
[2025-06-17T13:36:13.821+0200] {processor.py:153} INFO - Started process (PID=102837) to work on /home/monica.fernandez/practica_creativa/venv-airflow/lib/python3.11/site-packages/airflow/example_dags/example_short_circuit_decorator.py
[2025-06-17T13:36:13.822+0200] {processor.py:743} INFO - Processing file /home/monica.fernandez/practica_creativa/venv-airflow/lib/python3.11/site-packages/airflow/example_dags/example_short_circuit_decorator.py for tasks to queue
[2025-06-17T13:36:13.823+0200] {logging_mixin.py:137} INFO - [2025-06-17T13:36:13.822+0200] {dagbag.py:538} INFO - Filling up the DagBag from /home/monica.fernandez/practica_creativa/venv-airflow/lib/python3.11/site-packages/airflow/example_dags/example_short_circuit_decorator.py
[2025-06-17T13:36:13.856+0200] {processor.py:753} INFO - DAG(s) dict_keys(['example_short_circuit_decorator']) retrieved from /home/monica.fernandez/practica_creativa/venv-airflow/lib/python3.11/site-packages/airflow/example_dags/example_short_circuit_decorator.py
[2025-06-17T13:36:13.922+0200] {logging_mixin.py:137} INFO - [2025-06-17T13:36:13.921+0200] {dag.py:2690} INFO - Sync 1 DAGs
[2025-06-17T13:36:13.977+0200] {logging_mixin.py:137} INFO - [2025-06-17T13:36:13.976+0200] {dag.py:3437} INFO - Setting next_dagrun for example_short_circuit_decorator to 2025-06-16T11:36:13.976665+00:00, run_after=2025-06-17T11:36:13.976665+00:00
[2025-06-17T13:36:14.087+0200] {processor.py:175} INFO - Processing /home/monica.fernandez/practica_creativa/venv-airflow/lib/python3.11/site-packages/airflow/example_dags/example_short_circuit_decorator.py took 0.269 seconds
[2025-06-17T13:37:07.366+0200] {processor.py:153} INFO - Started process (PID=103470) to work on /home/monica.fernandez/practica_creativa/venv-airflow/lib/python3.11/site-packages/airflow/example_dags/example_short_circuit_decorator.py
[2025-06-17T13:37:07.367+0200] {processor.py:743} INFO - Processing file /home/monica.fernandez/practica_creativa/venv-airflow/lib/python3.11/site-packages/airflow/example_dags/example_short_circuit_decorator.py for tasks to queue
[2025-06-17T13:37:07.368+0200] {logging_mixin.py:137} INFO - [2025-06-17T13:37:07.368+0200] {dagbag.py:538} INFO - Filling up the DagBag from /home/monica.fernandez/practica_creativa/venv-airflow/lib/python3.11/site-packages/airflow/example_dags/example_short_circuit_decorator.py
[2025-06-17T13:37:07.440+0200] {processor.py:753} INFO - DAG(s) dict_keys(['example_short_circuit_decorator']) retrieved from /home/monica.fernandez/practica_creativa/venv-airflow/lib/python3.11/site-packages/airflow/example_dags/example_short_circuit_decorator.py
[2025-06-17T13:37:07.511+0200] {logging_mixin.py:137} INFO - [2025-06-17T13:37:07.510+0200] {dag.py:2690} INFO - Sync 1 DAGs
[2025-06-17T13:37:07.568+0200] {logging_mixin.py:137} INFO - [2025-06-17T13:37:07.568+0200] {dag.py:3437} INFO - Setting next_dagrun for example_short_circuit_decorator to 2025-06-16T11:37:07.568198+00:00, run_after=2025-06-17T11:37:07.568198+00:00
[2025-06-17T13:37:07.637+0200] {processor.py:175} INFO - Processing /home/monica.fernandez/practica_creativa/venv-airflow/lib/python3.11/site-packages/airflow/example_dags/example_short_circuit_decorator.py took 0.274 seconds
[2025-06-17T13:37:53.317+0200] {processor.py:153} INFO - Started process (PID=104027) to work on /home/monica.fernandez/practica_creativa/venv-airflow/lib/python3.11/site-packages/airflow/example_dags/example_short_circuit_decorator.py
[2025-06-17T13:37:53.318+0200] {processor.py:743} INFO - Processing file /home/monica.fernandez/practica_creativa/venv-airflow/lib/python3.11/site-packages/airflow/example_dags/example_short_circuit_decorator.py for tasks to queue
[2025-06-17T13:37:53.319+0200] {logging_mixin.py:137} INFO - [2025-06-17T13:37:53.319+0200] {dagbag.py:538} INFO - Filling up the DagBag from /home/monica.fernandez/practica_creativa/venv-airflow/lib/python3.11/site-packages/airflow/example_dags/example_short_circuit_decorator.py
[2025-06-17T13:37:53.357+0200] {processor.py:753} INFO - DAG(s) dict_keys(['example_short_circuit_decorator']) retrieved from /home/monica.fernandez/practica_creativa/venv-airflow/lib/python3.11/site-packages/airflow/example_dags/example_short_circuit_decorator.py
[2025-06-17T13:37:53.399+0200] {logging_mixin.py:137} INFO - [2025-06-17T13:37:53.399+0200] {dag.py:2690} INFO - Sync 1 DAGs
[2025-06-17T13:37:53.438+0200] {logging_mixin.py:137} INFO - [2025-06-17T13:37:53.437+0200] {dag.py:3437} INFO - Setting next_dagrun for example_short_circuit_decorator to 2025-06-16T11:37:53.437426+00:00, run_after=2025-06-17T11:37:53.437426+00:00
[2025-06-17T13:37:53.518+0200] {processor.py:175} INFO - Processing /home/monica.fernandez/practica_creativa/venv-airflow/lib/python3.11/site-packages/airflow/example_dags/example_short_circuit_decorator.py took 0.211 seconds
[2025-06-17T13:38:54.332+0200] {processor.py:153} INFO - Started process (PID=104891) to work on /home/monica.fernandez/practica_creativa/venv-airflow/lib/python3.11/site-packages/airflow/example_dags/example_short_circuit_decorator.py
[2025-06-17T13:38:54.333+0200] {processor.py:743} INFO - Processing file /home/monica.fernandez/practica_creativa/venv-airflow/lib/python3.11/site-packages/airflow/example_dags/example_short_circuit_decorator.py for tasks to queue
[2025-06-17T13:38:54.334+0200] {logging_mixin.py:137} INFO - [2025-06-17T13:38:54.333+0200] {dagbag.py:538} INFO - Filling up the DagBag from /home/monica.fernandez/practica_creativa/venv-airflow/lib/python3.11/site-packages/airflow/example_dags/example_short_circuit_decorator.py
[2025-06-17T13:38:54.391+0200] {processor.py:753} INFO - DAG(s) dict_keys(['example_short_circuit_decorator']) retrieved from /home/monica.fernandez/practica_creativa/venv-airflow/lib/python3.11/site-packages/airflow/example_dags/example_short_circuit_decorator.py
[2025-06-17T13:38:54.466+0200] {logging_mixin.py:137} INFO - [2025-06-17T13:38:54.466+0200] {dag.py:2690} INFO - Sync 1 DAGs
[2025-06-17T13:38:54.489+0200] {logging_mixin.py:137} INFO - [2025-06-17T13:38:54.489+0200] {dag.py:3437} INFO - Setting next_dagrun for example_short_circuit_decorator to 2025-06-16T11:38:54.489521+00:00, run_after=2025-06-17T11:38:54.489521+00:00
[2025-06-17T13:38:54.557+0200] {processor.py:175} INFO - Processing /home/monica.fernandez/practica_creativa/venv-airflow/lib/python3.11/site-packages/airflow/example_dags/example_short_circuit_decorator.py took 0.228 seconds
[2025-06-17T13:40:16.806+0200] {processor.py:153} INFO - Started process (PID=105869) to work on /home/monica.fernandez/practica_creativa/venv-airflow/lib/python3.11/site-packages/airflow/example_dags/example_short_circuit_decorator.py
[2025-06-17T13:40:16.809+0200] {processor.py:743} INFO - Processing file /home/monica.fernandez/practica_creativa/venv-airflow/lib/python3.11/site-packages/airflow/example_dags/example_short_circuit_decorator.py for tasks to queue
[2025-06-17T13:40:16.809+0200] {logging_mixin.py:137} INFO - [2025-06-17T13:40:16.809+0200] {dagbag.py:538} INFO - Filling up the DagBag from /home/monica.fernandez/practica_creativa/venv-airflow/lib/python3.11/site-packages/airflow/example_dags/example_short_circuit_decorator.py
[2025-06-17T13:40:16.847+0200] {processor.py:753} INFO - DAG(s) dict_keys(['example_short_circuit_decorator']) retrieved from /home/monica.fernandez/practica_creativa/venv-airflow/lib/python3.11/site-packages/airflow/example_dags/example_short_circuit_decorator.py
[2025-06-17T13:40:16.922+0200] {logging_mixin.py:137} INFO - [2025-06-17T13:40:16.922+0200] {dag.py:2690} INFO - Sync 1 DAGs
[2025-06-17T13:40:16.973+0200] {logging_mixin.py:137} INFO - [2025-06-17T13:40:16.973+0200] {dag.py:3437} INFO - Setting next_dagrun for example_short_circuit_decorator to 2025-06-16T11:40:16.973025+00:00, run_after=2025-06-17T11:40:16.973025+00:00
[2025-06-17T13:40:17.242+0200] {processor.py:175} INFO - Processing /home/monica.fernandez/practica_creativa/venv-airflow/lib/python3.11/site-packages/airflow/example_dags/example_short_circuit_decorator.py took 0.443 seconds
[2025-06-17T13:42:56.236+0200] {processor.py:153} INFO - Started process (PID=107738) to work on /home/monica.fernandez/practica_creativa/venv-airflow/lib/python3.11/site-packages/airflow/example_dags/example_short_circuit_decorator.py
[2025-06-17T13:42:56.238+0200] {processor.py:743} INFO - Processing file /home/monica.fernandez/practica_creativa/venv-airflow/lib/python3.11/site-packages/airflow/example_dags/example_short_circuit_decorator.py for tasks to queue
[2025-06-17T13:42:56.239+0200] {logging_mixin.py:137} INFO - [2025-06-17T13:42:56.239+0200] {dagbag.py:538} INFO - Filling up the DagBag from /home/monica.fernandez/practica_creativa/venv-airflow/lib/python3.11/site-packages/airflow/example_dags/example_short_circuit_decorator.py
[2025-06-17T13:42:56.261+0200] {processor.py:753} INFO - DAG(s) dict_keys(['example_short_circuit_decorator']) retrieved from /home/monica.fernandez/practica_creativa/venv-airflow/lib/python3.11/site-packages/airflow/example_dags/example_short_circuit_decorator.py
[2025-06-17T13:42:56.288+0200] {logging_mixin.py:137} INFO - [2025-06-17T13:42:56.288+0200] {dag.py:2690} INFO - Sync 1 DAGs
[2025-06-17T13:42:56.313+0200] {logging_mixin.py:137} INFO - [2025-06-17T13:42:56.313+0200] {dag.py:3437} INFO - Setting next_dagrun for example_short_circuit_decorator to 2025-06-16T11:42:56.313284+00:00, run_after=2025-06-17T11:42:56.313284+00:00
[2025-06-17T13:42:56.379+0200] {processor.py:175} INFO - Processing /home/monica.fernandez/practica_creativa/venv-airflow/lib/python3.11/site-packages/airflow/example_dags/example_short_circuit_decorator.py took 0.148 seconds
[2025-06-17T13:43:45.030+0200] {processor.py:153} INFO - Started process (PID=108192) to work on /home/monica.fernandez/practica_creativa/venv-airflow/lib/python3.11/site-packages/airflow/example_dags/example_short_circuit_decorator.py
[2025-06-17T13:43:45.031+0200] {processor.py:743} INFO - Processing file /home/monica.fernandez/practica_creativa/venv-airflow/lib/python3.11/site-packages/airflow/example_dags/example_short_circuit_decorator.py for tasks to queue
[2025-06-17T13:43:45.032+0200] {logging_mixin.py:137} INFO - [2025-06-17T13:43:45.032+0200] {dagbag.py:538} INFO - Filling up the DagBag from /home/monica.fernandez/practica_creativa/venv-airflow/lib/python3.11/site-packages/airflow/example_dags/example_short_circuit_decorator.py
[2025-06-17T13:43:45.074+0200] {processor.py:753} INFO - DAG(s) dict_keys(['example_short_circuit_decorator']) retrieved from /home/monica.fernandez/practica_creativa/venv-airflow/lib/python3.11/site-packages/airflow/example_dags/example_short_circuit_decorator.py
[2025-06-17T13:43:45.110+0200] {logging_mixin.py:137} INFO - [2025-06-17T13:43:45.110+0200] {dag.py:2690} INFO - Sync 1 DAGs
[2025-06-17T13:43:45.132+0200] {logging_mixin.py:137} INFO - [2025-06-17T13:43:45.132+0200] {dag.py:3437} INFO - Setting next_dagrun for example_short_circuit_decorator to 2025-06-16T11:43:45.131911+00:00, run_after=2025-06-17T11:43:45.131911+00:00
[2025-06-17T13:43:45.199+0200] {processor.py:175} INFO - Processing /home/monica.fernandez/practica_creativa/venv-airflow/lib/python3.11/site-packages/airflow/example_dags/example_short_circuit_decorator.py took 0.176 seconds
[2025-06-17T13:44:34.000+0200] {processor.py:153} INFO - Started process (PID=108622) to work on /home/monica.fernandez/practica_creativa/venv-airflow/lib/python3.11/site-packages/airflow/example_dags/example_short_circuit_decorator.py
[2025-06-17T13:44:34.001+0200] {processor.py:743} INFO - Processing file /home/monica.fernandez/practica_creativa/venv-airflow/lib/python3.11/site-packages/airflow/example_dags/example_short_circuit_decorator.py for tasks to queue
[2025-06-17T13:44:34.002+0200] {logging_mixin.py:137} INFO - [2025-06-17T13:44:34.002+0200] {dagbag.py:538} INFO - Filling up the DagBag from /home/monica.fernandez/practica_creativa/venv-airflow/lib/python3.11/site-packages/airflow/example_dags/example_short_circuit_decorator.py
[2025-06-17T13:44:34.035+0200] {processor.py:753} INFO - DAG(s) dict_keys(['example_short_circuit_decorator']) retrieved from /home/monica.fernandez/practica_creativa/venv-airflow/lib/python3.11/site-packages/airflow/example_dags/example_short_circuit_decorator.py
[2025-06-17T13:44:34.077+0200] {logging_mixin.py:137} INFO - [2025-06-17T13:44:34.077+0200] {dag.py:2690} INFO - Sync 1 DAGs
[2025-06-17T13:44:34.110+0200] {logging_mixin.py:137} INFO - [2025-06-17T13:44:34.110+0200] {dag.py:3437} INFO - Setting next_dagrun for example_short_circuit_decorator to 2025-06-16T11:44:34.110055+00:00, run_after=2025-06-17T11:44:34.110055+00:00
[2025-06-17T13:44:34.179+0200] {processor.py:175} INFO - Processing /home/monica.fernandez/practica_creativa/venv-airflow/lib/python3.11/site-packages/airflow/example_dags/example_short_circuit_decorator.py took 0.185 seconds
[2025-06-17T13:45:31.612+0200] {processor.py:153} INFO - Started process (PID=109344) to work on /home/monica.fernandez/practica_creativa/venv-airflow/lib/python3.11/site-packages/airflow/example_dags/example_short_circuit_decorator.py
[2025-06-17T13:45:31.613+0200] {processor.py:743} INFO - Processing file /home/monica.fernandez/practica_creativa/venv-airflow/lib/python3.11/site-packages/airflow/example_dags/example_short_circuit_decorator.py for tasks to queue
[2025-06-17T13:45:31.614+0200] {logging_mixin.py:137} INFO - [2025-06-17T13:45:31.614+0200] {dagbag.py:538} INFO - Filling up the DagBag from /home/monica.fernandez/practica_creativa/venv-airflow/lib/python3.11/site-packages/airflow/example_dags/example_short_circuit_decorator.py
[2025-06-17T13:45:31.637+0200] {processor.py:753} INFO - DAG(s) dict_keys(['example_short_circuit_decorator']) retrieved from /home/monica.fernandez/practica_creativa/venv-airflow/lib/python3.11/site-packages/airflow/example_dags/example_short_circuit_decorator.py
[2025-06-17T13:45:31.672+0200] {logging_mixin.py:137} INFO - [2025-06-17T13:45:31.671+0200] {dag.py:2690} INFO - Sync 1 DAGs
[2025-06-17T13:45:31.702+0200] {logging_mixin.py:137} INFO - [2025-06-17T13:45:31.702+0200] {dag.py:3437} INFO - Setting next_dagrun for example_short_circuit_decorator to 2025-06-16T11:45:31.702569+00:00, run_after=2025-06-17T11:45:31.702569+00:00
[2025-06-17T13:45:31.776+0200] {processor.py:175} INFO - Processing /home/monica.fernandez/practica_creativa/venv-airflow/lib/python3.11/site-packages/airflow/example_dags/example_short_circuit_decorator.py took 0.166 seconds
[2025-06-17T13:46:29.227+0200] {processor.py:153} INFO - Started process (PID=110100) to work on /home/monica.fernandez/practica_creativa/venv-airflow/lib/python3.11/site-packages/airflow/example_dags/example_short_circuit_decorator.py
[2025-06-17T13:46:29.227+0200] {processor.py:743} INFO - Processing file /home/monica.fernandez/practica_creativa/venv-airflow/lib/python3.11/site-packages/airflow/example_dags/example_short_circuit_decorator.py for tasks to queue
[2025-06-17T13:46:29.229+0200] {logging_mixin.py:137} INFO - [2025-06-17T13:46:29.228+0200] {dagbag.py:538} INFO - Filling up the DagBag from /home/monica.fernandez/practica_creativa/venv-airflow/lib/python3.11/site-packages/airflow/example_dags/example_short_circuit_decorator.py
[2025-06-17T13:46:29.255+0200] {processor.py:753} INFO - DAG(s) dict_keys(['example_short_circuit_decorator']) retrieved from /home/monica.fernandez/practica_creativa/venv-airflow/lib/python3.11/site-packages/airflow/example_dags/example_short_circuit_decorator.py
[2025-06-17T13:46:29.293+0200] {logging_mixin.py:137} INFO - [2025-06-17T13:46:29.293+0200] {dag.py:2690} INFO - Sync 1 DAGs
[2025-06-17T13:46:29.332+0200] {logging_mixin.py:137} INFO - [2025-06-17T13:46:29.332+0200] {dag.py:3437} INFO - Setting next_dagrun for example_short_circuit_decorator to 2025-06-16T11:46:29.332175+00:00, run_after=2025-06-17T11:46:29.332175+00:00
[2025-06-17T13:46:29.415+0200] {processor.py:175} INFO - Processing /home/monica.fernandez/practica_creativa/venv-airflow/lib/python3.11/site-packages/airflow/example_dags/example_short_circuit_decorator.py took 0.193 seconds
[2025-06-17T13:47:26.657+0200] {processor.py:153} INFO - Started process (PID=110888) to work on /home/monica.fernandez/practica_creativa/venv-airflow/lib/python3.11/site-packages/airflow/example_dags/example_short_circuit_decorator.py
[2025-06-17T13:47:26.657+0200] {processor.py:743} INFO - Processing file /home/monica.fernandez/practica_creativa/venv-airflow/lib/python3.11/site-packages/airflow/example_dags/example_short_circuit_decorator.py for tasks to queue
[2025-06-17T13:47:26.658+0200] {logging_mixin.py:137} INFO - [2025-06-17T13:47:26.658+0200] {dagbag.py:538} INFO - Filling up the DagBag from /home/monica.fernandez/practica_creativa/venv-airflow/lib/python3.11/site-packages/airflow/example_dags/example_short_circuit_decorator.py
[2025-06-17T13:47:26.676+0200] {processor.py:753} INFO - DAG(s) dict_keys(['example_short_circuit_decorator']) retrieved from /home/monica.fernandez/practica_creativa/venv-airflow/lib/python3.11/site-packages/airflow/example_dags/example_short_circuit_decorator.py
[2025-06-17T13:47:26.704+0200] {logging_mixin.py:137} INFO - [2025-06-17T13:47:26.704+0200] {dag.py:2690} INFO - Sync 1 DAGs
[2025-06-17T13:47:26.726+0200] {logging_mixin.py:137} INFO - [2025-06-17T13:47:26.726+0200] {dag.py:3437} INFO - Setting next_dagrun for example_short_circuit_decorator to 2025-06-16T11:47:26.726322+00:00, run_after=2025-06-17T11:47:26.726322+00:00
[2025-06-17T13:47:26.779+0200] {processor.py:175} INFO - Processing /home/monica.fernandez/practica_creativa/venv-airflow/lib/python3.11/site-packages/airflow/example_dags/example_short_circuit_decorator.py took 0.125 seconds
[2025-06-17T13:50:00.456+0200] {processor.py:153} INFO - Started process (PID=113216) to work on /home/monica.fernandez/practica_creativa/venv-airflow/lib/python3.11/site-packages/airflow/example_dags/example_short_circuit_decorator.py
[2025-06-17T13:50:00.458+0200] {processor.py:743} INFO - Processing file /home/monica.fernandez/practica_creativa/venv-airflow/lib/python3.11/site-packages/airflow/example_dags/example_short_circuit_decorator.py for tasks to queue
[2025-06-17T13:50:00.458+0200] {logging_mixin.py:137} INFO - [2025-06-17T13:50:00.458+0200] {dagbag.py:538} INFO - Filling up the DagBag from /home/monica.fernandez/practica_creativa/venv-airflow/lib/python3.11/site-packages/airflow/example_dags/example_short_circuit_decorator.py
[2025-06-17T13:50:00.491+0200] {processor.py:753} INFO - DAG(s) dict_keys(['example_short_circuit_decorator']) retrieved from /home/monica.fernandez/practica_creativa/venv-airflow/lib/python3.11/site-packages/airflow/example_dags/example_short_circuit_decorator.py
[2025-06-17T13:50:00.518+0200] {logging_mixin.py:137} INFO - [2025-06-17T13:50:00.518+0200] {dag.py:2690} INFO - Sync 1 DAGs
[2025-06-17T13:50:00.542+0200] {logging_mixin.py:137} INFO - [2025-06-17T13:50:00.542+0200] {dag.py:3437} INFO - Setting next_dagrun for example_short_circuit_decorator to 2025-06-16T11:50:00.541886+00:00, run_after=2025-06-17T11:50:00.541886+00:00
[2025-06-17T13:50:00.641+0200] {processor.py:175} INFO - Processing /home/monica.fernandez/practica_creativa/venv-airflow/lib/python3.11/site-packages/airflow/example_dags/example_short_circuit_decorator.py took 0.191 seconds
[2025-06-17T13:51:28.489+0200] {processor.py:153} INFO - Started process (PID=114410) to work on /home/monica.fernandez/practica_creativa/venv-airflow/lib/python3.11/site-packages/airflow/example_dags/example_short_circuit_decorator.py
[2025-06-17T13:51:28.490+0200] {processor.py:743} INFO - Processing file /home/monica.fernandez/practica_creativa/venv-airflow/lib/python3.11/site-packages/airflow/example_dags/example_short_circuit_decorator.py for tasks to queue
[2025-06-17T13:51:28.490+0200] {logging_mixin.py:137} INFO - [2025-06-17T13:51:28.490+0200] {dagbag.py:538} INFO - Filling up the DagBag from /home/monica.fernandez/practica_creativa/venv-airflow/lib/python3.11/site-packages/airflow/example_dags/example_short_circuit_decorator.py
[2025-06-17T13:51:28.558+0200] {processor.py:753} INFO - DAG(s) dict_keys(['example_short_circuit_decorator']) retrieved from /home/monica.fernandez/practica_creativa/venv-airflow/lib/python3.11/site-packages/airflow/example_dags/example_short_circuit_decorator.py
[2025-06-17T13:51:28.622+0200] {logging_mixin.py:137} INFO - [2025-06-17T13:51:28.621+0200] {dag.py:2690} INFO - Sync 1 DAGs
[2025-06-17T13:51:28.733+0200] {logging_mixin.py:137} INFO - [2025-06-17T13:51:28.732+0200] {dag.py:3437} INFO - Setting next_dagrun for example_short_circuit_decorator to 2025-06-16T11:51:28.732009+00:00, run_after=2025-06-17T11:51:28.732009+00:00
[2025-06-17T13:51:28.839+0200] {processor.py:175} INFO - Processing /home/monica.fernandez/practica_creativa/venv-airflow/lib/python3.11/site-packages/airflow/example_dags/example_short_circuit_decorator.py took 0.353 seconds
[2025-06-17T14:00:15.432+0200] {processor.py:153} INFO - Started process (PID=121239) to work on /home/monica.fernandez/practica_creativa/venv-airflow/lib/python3.11/site-packages/airflow/example_dags/example_short_circuit_decorator.py
[2025-06-17T14:00:15.433+0200] {processor.py:743} INFO - Processing file /home/monica.fernandez/practica_creativa/venv-airflow/lib/python3.11/site-packages/airflow/example_dags/example_short_circuit_decorator.py for tasks to queue
[2025-06-17T14:00:15.434+0200] {logging_mixin.py:137} INFO - [2025-06-17T14:00:15.433+0200] {dagbag.py:538} INFO - Filling up the DagBag from /home/monica.fernandez/practica_creativa/venv-airflow/lib/python3.11/site-packages/airflow/example_dags/example_short_circuit_decorator.py
[2025-06-17T14:00:15.459+0200] {processor.py:753} INFO - DAG(s) dict_keys(['example_short_circuit_decorator']) retrieved from /home/monica.fernandez/practica_creativa/venv-airflow/lib/python3.11/site-packages/airflow/example_dags/example_short_circuit_decorator.py
[2025-06-17T14:00:15.496+0200] {logging_mixin.py:137} INFO - [2025-06-17T14:00:15.496+0200] {dag.py:2690} INFO - Sync 1 DAGs
[2025-06-17T14:00:15.522+0200] {logging_mixin.py:137} INFO - [2025-06-17T14:00:15.522+0200] {dag.py:3437} INFO - Setting next_dagrun for example_short_circuit_decorator to 2025-06-16T12:00:15.522449+00:00, run_after=2025-06-17T12:00:15.522449+00:00
[2025-06-17T14:00:15.601+0200] {processor.py:175} INFO - Processing /home/monica.fernandez/practica_creativa/venv-airflow/lib/python3.11/site-packages/airflow/example_dags/example_short_circuit_decorator.py took 0.173 seconds
[2025-06-17T19:24:40.532+0200] {processor.py:153} INFO - Started process (PID=159353) to work on /home/monica.fernandez/practica_creativa/venv-airflow/lib/python3.11/site-packages/airflow/example_dags/example_short_circuit_decorator.py
[2025-06-17T19:24:40.534+0200] {processor.py:743} INFO - Processing file /home/monica.fernandez/practica_creativa/venv-airflow/lib/python3.11/site-packages/airflow/example_dags/example_short_circuit_decorator.py for tasks to queue
[2025-06-17T19:24:40.534+0200] {logging_mixin.py:137} INFO - [2025-06-17T19:24:40.534+0200] {dagbag.py:538} INFO - Filling up the DagBag from /home/monica.fernandez/practica_creativa/venv-airflow/lib/python3.11/site-packages/airflow/example_dags/example_short_circuit_decorator.py
[2025-06-17T19:24:40.583+0200] {processor.py:753} INFO - DAG(s) dict_keys(['example_short_circuit_decorator']) retrieved from /home/monica.fernandez/practica_creativa/venv-airflow/lib/python3.11/site-packages/airflow/example_dags/example_short_circuit_decorator.py
[2025-06-17T19:24:40.634+0200] {logging_mixin.py:137} INFO - [2025-06-17T19:24:40.634+0200] {dag.py:2690} INFO - Sync 1 DAGs
[2025-06-17T19:24:40.671+0200] {logging_mixin.py:137} INFO - [2025-06-17T19:24:40.671+0200] {dag.py:3437} INFO - Setting next_dagrun for example_short_circuit_decorator to 2025-06-16T17:24:40.670810+00:00, run_after=2025-06-17T17:24:40.670810+00:00
[2025-06-17T19:24:40.731+0200] {processor.py:175} INFO - Processing /home/monica.fernandez/practica_creativa/venv-airflow/lib/python3.11/site-packages/airflow/example_dags/example_short_circuit_decorator.py took 0.203 seconds
[2025-06-17T19:25:28.233+0200] {processor.py:153} INFO - Started process (PID=159803) to work on /home/monica.fernandez/practica_creativa/venv-airflow/lib/python3.11/site-packages/airflow/example_dags/example_short_circuit_decorator.py
[2025-06-17T19:25:28.234+0200] {processor.py:743} INFO - Processing file /home/monica.fernandez/practica_creativa/venv-airflow/lib/python3.11/site-packages/airflow/example_dags/example_short_circuit_decorator.py for tasks to queue
[2025-06-17T19:25:28.235+0200] {logging_mixin.py:137} INFO - [2025-06-17T19:25:28.235+0200] {dagbag.py:538} INFO - Filling up the DagBag from /home/monica.fernandez/practica_creativa/venv-airflow/lib/python3.11/site-packages/airflow/example_dags/example_short_circuit_decorator.py
[2025-06-17T19:25:28.290+0200] {processor.py:753} INFO - DAG(s) dict_keys(['example_short_circuit_decorator']) retrieved from /home/monica.fernandez/practica_creativa/venv-airflow/lib/python3.11/site-packages/airflow/example_dags/example_short_circuit_decorator.py
[2025-06-17T19:25:28.322+0200] {logging_mixin.py:137} INFO - [2025-06-17T19:25:28.322+0200] {dag.py:2690} INFO - Sync 1 DAGs
[2025-06-17T19:25:28.345+0200] {logging_mixin.py:137} INFO - [2025-06-17T19:25:28.345+0200] {dag.py:3437} INFO - Setting next_dagrun for example_short_circuit_decorator to 2025-06-16T17:25:28.345460+00:00, run_after=2025-06-17T17:25:28.345460+00:00
[2025-06-17T19:25:28.400+0200] {processor.py:175} INFO - Processing /home/monica.fernandez/practica_creativa/venv-airflow/lib/python3.11/site-packages/airflow/example_dags/example_short_circuit_decorator.py took 0.173 seconds
[2025-06-17T19:26:16.640+0200] {processor.py:153} INFO - Started process (PID=160146) to work on /home/monica.fernandez/practica_creativa/venv-airflow/lib/python3.11/site-packages/airflow/example_dags/example_short_circuit_decorator.py
[2025-06-17T19:26:16.641+0200] {processor.py:743} INFO - Processing file /home/monica.fernandez/practica_creativa/venv-airflow/lib/python3.11/site-packages/airflow/example_dags/example_short_circuit_decorator.py for tasks to queue
[2025-06-17T19:26:16.642+0200] {logging_mixin.py:137} INFO - [2025-06-17T19:26:16.642+0200] {dagbag.py:538} INFO - Filling up the DagBag from /home/monica.fernandez/practica_creativa/venv-airflow/lib/python3.11/site-packages/airflow/example_dags/example_short_circuit_decorator.py
[2025-06-17T19:26:16.704+0200] {processor.py:753} INFO - DAG(s) dict_keys(['example_short_circuit_decorator']) retrieved from /home/monica.fernandez/practica_creativa/venv-airflow/lib/python3.11/site-packages/airflow/example_dags/example_short_circuit_decorator.py
[2025-06-17T19:26:16.738+0200] {logging_mixin.py:137} INFO - [2025-06-17T19:26:16.738+0200] {dag.py:2690} INFO - Sync 1 DAGs
[2025-06-17T19:26:16.769+0200] {logging_mixin.py:137} INFO - [2025-06-17T19:26:16.769+0200] {dag.py:3437} INFO - Setting next_dagrun for example_short_circuit_decorator to 2025-06-16T17:26:16.768711+00:00, run_after=2025-06-17T17:26:16.768711+00:00
[2025-06-17T19:26:16.832+0200] {processor.py:175} INFO - Processing /home/monica.fernandez/practica_creativa/venv-airflow/lib/python3.11/site-packages/airflow/example_dags/example_short_circuit_decorator.py took 0.197 seconds
[2025-06-17T19:27:12.596+0200] {processor.py:153} INFO - Started process (PID=160872) to work on /home/monica.fernandez/practica_creativa/venv-airflow/lib/python3.11/site-packages/airflow/example_dags/example_short_circuit_decorator.py
[2025-06-17T19:27:12.598+0200] {processor.py:743} INFO - Processing file /home/monica.fernandez/practica_creativa/venv-airflow/lib/python3.11/site-packages/airflow/example_dags/example_short_circuit_decorator.py for tasks to queue
[2025-06-17T19:27:12.598+0200] {logging_mixin.py:137} INFO - [2025-06-17T19:27:12.598+0200] {dagbag.py:538} INFO - Filling up the DagBag from /home/monica.fernandez/practica_creativa/venv-airflow/lib/python3.11/site-packages/airflow/example_dags/example_short_circuit_decorator.py
[2025-06-17T19:27:12.650+0200] {processor.py:753} INFO - DAG(s) dict_keys(['example_short_circuit_decorator']) retrieved from /home/monica.fernandez/practica_creativa/venv-airflow/lib/python3.11/site-packages/airflow/example_dags/example_short_circuit_decorator.py
[2025-06-17T19:27:12.692+0200] {logging_mixin.py:137} INFO - [2025-06-17T19:27:12.692+0200] {dag.py:2690} INFO - Sync 1 DAGs
[2025-06-17T19:27:12.733+0200] {logging_mixin.py:137} INFO - [2025-06-17T19:27:12.732+0200] {dag.py:3437} INFO - Setting next_dagrun for example_short_circuit_decorator to 2025-06-16T17:27:12.732439+00:00, run_after=2025-06-17T17:27:12.732439+00:00
[2025-06-17T19:27:12.810+0200] {processor.py:175} INFO - Processing /home/monica.fernandez/practica_creativa/venv-airflow/lib/python3.11/site-packages/airflow/example_dags/example_short_circuit_decorator.py took 0.219 seconds
[2025-06-17T19:28:11.512+0200] {processor.py:153} INFO - Started process (PID=161328) to work on /home/monica.fernandez/practica_creativa/venv-airflow/lib/python3.11/site-packages/airflow/example_dags/example_short_circuit_decorator.py
[2025-06-17T19:28:11.513+0200] {processor.py:743} INFO - Processing file /home/monica.fernandez/practica_creativa/venv-airflow/lib/python3.11/site-packages/airflow/example_dags/example_short_circuit_decorator.py for tasks to queue
[2025-06-17T19:28:11.514+0200] {logging_mixin.py:137} INFO - [2025-06-17T19:28:11.514+0200] {dagbag.py:538} INFO - Filling up the DagBag from /home/monica.fernandez/practica_creativa/venv-airflow/lib/python3.11/site-packages/airflow/example_dags/example_short_circuit_decorator.py
[2025-06-17T19:28:11.568+0200] {processor.py:753} INFO - DAG(s) dict_keys(['example_short_circuit_decorator']) retrieved from /home/monica.fernandez/practica_creativa/venv-airflow/lib/python3.11/site-packages/airflow/example_dags/example_short_circuit_decorator.py
[2025-06-17T19:28:11.601+0200] {logging_mixin.py:137} INFO - [2025-06-17T19:28:11.601+0200] {dag.py:2690} INFO - Sync 1 DAGs
[2025-06-17T19:28:11.632+0200] {logging_mixin.py:137} INFO - [2025-06-17T19:28:11.631+0200] {dag.py:3437} INFO - Setting next_dagrun for example_short_circuit_decorator to 2025-06-16T17:28:11.631611+00:00, run_after=2025-06-17T17:28:11.631611+00:00
[2025-06-17T19:28:11.697+0200] {processor.py:175} INFO - Processing /home/monica.fernandez/practica_creativa/venv-airflow/lib/python3.11/site-packages/airflow/example_dags/example_short_circuit_decorator.py took 0.191 seconds
[2025-06-17T19:29:05.667+0200] {processor.py:153} INFO - Started process (PID=161786) to work on /home/monica.fernandez/practica_creativa/venv-airflow/lib/python3.11/site-packages/airflow/example_dags/example_short_circuit_decorator.py
[2025-06-17T19:29:05.669+0200] {processor.py:743} INFO - Processing file /home/monica.fernandez/practica_creativa/venv-airflow/lib/python3.11/site-packages/airflow/example_dags/example_short_circuit_decorator.py for tasks to queue
[2025-06-17T19:29:05.670+0200] {logging_mixin.py:137} INFO - [2025-06-17T19:29:05.670+0200] {dagbag.py:538} INFO - Filling up the DagBag from /home/monica.fernandez/practica_creativa/venv-airflow/lib/python3.11/site-packages/airflow/example_dags/example_short_circuit_decorator.py
[2025-06-17T19:29:05.718+0200] {processor.py:753} INFO - DAG(s) dict_keys(['example_short_circuit_decorator']) retrieved from /home/monica.fernandez/practica_creativa/venv-airflow/lib/python3.11/site-packages/airflow/example_dags/example_short_circuit_decorator.py
[2025-06-17T19:29:05.744+0200] {logging_mixin.py:137} INFO - [2025-06-17T19:29:05.744+0200] {dag.py:2690} INFO - Sync 1 DAGs
[2025-06-17T19:29:05.769+0200] {logging_mixin.py:137} INFO - [2025-06-17T19:29:05.769+0200] {dag.py:3437} INFO - Setting next_dagrun for example_short_circuit_decorator to 2025-06-16T17:29:05.769133+00:00, run_after=2025-06-17T17:29:05.769133+00:00
[2025-06-17T19:29:05.849+0200] {processor.py:175} INFO - Processing /home/monica.fernandez/practica_creativa/venv-airflow/lib/python3.11/site-packages/airflow/example_dags/example_short_circuit_decorator.py took 0.192 seconds
[2025-06-17T19:34:20.810+0200] {processor.py:153} INFO - Started process (PID=165353) to work on /home/monica.fernandez/practica_creativa/venv-airflow/lib/python3.11/site-packages/airflow/example_dags/example_short_circuit_decorator.py
[2025-06-17T19:34:20.811+0200] {processor.py:743} INFO - Processing file /home/monica.fernandez/practica_creativa/venv-airflow/lib/python3.11/site-packages/airflow/example_dags/example_short_circuit_decorator.py for tasks to queue
[2025-06-17T19:34:20.812+0200] {logging_mixin.py:137} INFO - [2025-06-17T19:34:20.812+0200] {dagbag.py:538} INFO - Filling up the DagBag from /home/monica.fernandez/practica_creativa/venv-airflow/lib/python3.11/site-packages/airflow/example_dags/example_short_circuit_decorator.py
[2025-06-17T19:34:20.846+0200] {processor.py:753} INFO - DAG(s) dict_keys(['example_short_circuit_decorator']) retrieved from /home/monica.fernandez/practica_creativa/venv-airflow/lib/python3.11/site-packages/airflow/example_dags/example_short_circuit_decorator.py
[2025-06-17T19:34:20.888+0200] {logging_mixin.py:137} INFO - [2025-06-17T19:34:20.888+0200] {dag.py:2690} INFO - Sync 1 DAGs
[2025-06-17T19:34:20.923+0200] {logging_mixin.py:137} INFO - [2025-06-17T19:34:20.923+0200] {dag.py:3437} INFO - Setting next_dagrun for example_short_circuit_decorator to 2025-06-16T17:34:20.923251+00:00, run_after=2025-06-17T17:34:20.923251+00:00
[2025-06-17T19:34:21.039+0200] {processor.py:175} INFO - Processing /home/monica.fernandez/practica_creativa/venv-airflow/lib/python3.11/site-packages/airflow/example_dags/example_short_circuit_decorator.py took 0.235 seconds
[2025-06-17T19:35:12.035+0200] {processor.py:153} INFO - Started process (PID=165752) to work on /home/monica.fernandez/practica_creativa/venv-airflow/lib/python3.11/site-packages/airflow/example_dags/example_short_circuit_decorator.py
[2025-06-17T19:35:12.036+0200] {processor.py:743} INFO - Processing file /home/monica.fernandez/practica_creativa/venv-airflow/lib/python3.11/site-packages/airflow/example_dags/example_short_circuit_decorator.py for tasks to queue
[2025-06-17T19:35:12.036+0200] {logging_mixin.py:137} INFO - [2025-06-17T19:35:12.036+0200] {dagbag.py:538} INFO - Filling up the DagBag from /home/monica.fernandez/practica_creativa/venv-airflow/lib/python3.11/site-packages/airflow/example_dags/example_short_circuit_decorator.py
[2025-06-17T19:35:12.067+0200] {processor.py:753} INFO - DAG(s) dict_keys(['example_short_circuit_decorator']) retrieved from /home/monica.fernandez/practica_creativa/venv-airflow/lib/python3.11/site-packages/airflow/example_dags/example_short_circuit_decorator.py
[2025-06-17T19:35:12.105+0200] {logging_mixin.py:137} INFO - [2025-06-17T19:35:12.105+0200] {dag.py:2690} INFO - Sync 1 DAGs
[2025-06-17T19:35:12.146+0200] {logging_mixin.py:137} INFO - [2025-06-17T19:35:12.146+0200] {dag.py:3437} INFO - Setting next_dagrun for example_short_circuit_decorator to 2025-06-16T17:35:12.145957+00:00, run_after=2025-06-17T17:35:12.145957+00:00
[2025-06-17T19:35:12.233+0200] {processor.py:175} INFO - Processing /home/monica.fernandez/practica_creativa/venv-airflow/lib/python3.11/site-packages/airflow/example_dags/example_short_circuit_decorator.py took 0.201 seconds
[2025-06-17T19:36:01.974+0200] {processor.py:153} INFO - Started process (PID=166227) to work on /home/monica.fernandez/practica_creativa/venv-airflow/lib/python3.11/site-packages/airflow/example_dags/example_short_circuit_decorator.py
[2025-06-17T19:36:01.975+0200] {processor.py:743} INFO - Processing file /home/monica.fernandez/practica_creativa/venv-airflow/lib/python3.11/site-packages/airflow/example_dags/example_short_circuit_decorator.py for tasks to queue
[2025-06-17T19:36:01.976+0200] {logging_mixin.py:137} INFO - [2025-06-17T19:36:01.976+0200] {dagbag.py:538} INFO - Filling up the DagBag from /home/monica.fernandez/practica_creativa/venv-airflow/lib/python3.11/site-packages/airflow/example_dags/example_short_circuit_decorator.py
[2025-06-17T19:36:02.007+0200] {processor.py:753} INFO - DAG(s) dict_keys(['example_short_circuit_decorator']) retrieved from /home/monica.fernandez/practica_creativa/venv-airflow/lib/python3.11/site-packages/airflow/example_dags/example_short_circuit_decorator.py
[2025-06-17T19:36:02.051+0200] {logging_mixin.py:137} INFO - [2025-06-17T19:36:02.051+0200] {dag.py:2690} INFO - Sync 1 DAGs
[2025-06-17T19:36:02.111+0200] {logging_mixin.py:137} INFO - [2025-06-17T19:36:02.111+0200] {dag.py:3437} INFO - Setting next_dagrun for example_short_circuit_decorator to 2025-06-16T17:36:02.110801+00:00, run_after=2025-06-17T17:36:02.110801+00:00
[2025-06-17T19:36:02.271+0200] {processor.py:175} INFO - Processing /home/monica.fernandez/practica_creativa/venv-airflow/lib/python3.11/site-packages/airflow/example_dags/example_short_circuit_decorator.py took 0.301 seconds
