[2025-06-17T13:18:27.837+0200] {processor.py:153} INFO - Started process (PID=90395) to work on /home/monica.fernandez/practica_creativa/venv-airflow/lib/python3.11/site-packages/airflow/example_dags/example_complex.py
[2025-06-17T13:18:27.838+0200] {processor.py:743} INFO - Processing file /home/monica.fernandez/practica_creativa/venv-airflow/lib/python3.11/site-packages/airflow/example_dags/example_complex.py for tasks to queue
[2025-06-17T13:18:27.840+0200] {logging_mixin.py:137} INFO - [2025-06-17T13:18:27.838+0200] {dagbag.py:538} INFO - Filling up the DagBag from /home/monica.fernandez/practica_creativa/venv-airflow/lib/python3.11/site-packages/airflow/example_dags/example_complex.py
[2025-06-17T13:18:27.852+0200] {logging_mixin.py:137} INFO - [2025-06-17T13:18:27.852+0200] {taskmixin.py:205} WARNING - Dependency <Task(BashOperator): create_entry_group>, delete_entry_group already registered for DAG: example_complex
[2025-06-17T13:18:27.852+0200] {logging_mixin.py:137} INFO - [2025-06-17T13:18:27.852+0200] {taskmixin.py:205} WARNING - Dependency <Task(BashOperator): delete_entry_group>, create_entry_group already registered for DAG: example_complex
[2025-06-17T13:18:27.852+0200] {logging_mixin.py:137} INFO - [2025-06-17T13:18:27.852+0200] {taskmixin.py:205} WARNING - Dependency <Task(BashOperator): create_entry_gcs>, delete_entry already registered for DAG: example_complex
[2025-06-17T13:18:27.852+0200] {logging_mixin.py:137} INFO - [2025-06-17T13:18:27.852+0200] {taskmixin.py:205} WARNING - Dependency <Task(BashOperator): delete_entry>, create_entry_gcs already registered for DAG: example_complex
[2025-06-17T13:18:27.853+0200] {logging_mixin.py:137} INFO - [2025-06-17T13:18:27.853+0200] {taskmixin.py:205} WARNING - Dependency <Task(BashOperator): create_tag>, delete_tag already registered for DAG: example_complex
[2025-06-17T13:18:27.853+0200] {logging_mixin.py:137} INFO - [2025-06-17T13:18:27.853+0200] {taskmixin.py:205} WARNING - Dependency <Task(BashOperator): delete_tag>, create_tag already registered for DAG: example_complex
[2025-06-17T13:18:27.870+0200] {processor.py:753} INFO - DAG(s) dict_keys(['example_complex']) retrieved from /home/monica.fernandez/practica_creativa/venv-airflow/lib/python3.11/site-packages/airflow/example_dags/example_complex.py
[2025-06-17T13:18:27.907+0200] {logging_mixin.py:137} INFO - [2025-06-17T13:18:27.907+0200] {dag.py:2690} INFO - Sync 1 DAGs
[2025-06-17T13:18:27.950+0200] {logging_mixin.py:137} INFO - [2025-06-17T13:18:27.950+0200] {dag.py:3437} INFO - Setting next_dagrun for example_complex to None, run_after=None
[2025-06-17T13:18:28.030+0200] {processor.py:175} INFO - Processing /home/monica.fernandez/practica_creativa/venv-airflow/lib/python3.11/site-packages/airflow/example_dags/example_complex.py took 0.198 seconds
[2025-06-17T13:20:53.058+0200] {processor.py:153} INFO - Started process (PID=91951) to work on /home/monica.fernandez/practica_creativa/venv-airflow/lib/python3.11/site-packages/airflow/example_dags/example_complex.py
[2025-06-17T13:20:53.059+0200] {processor.py:743} INFO - Processing file /home/monica.fernandez/practica_creativa/venv-airflow/lib/python3.11/site-packages/airflow/example_dags/example_complex.py for tasks to queue
[2025-06-17T13:20:53.059+0200] {logging_mixin.py:137} INFO - [2025-06-17T13:20:53.059+0200] {dagbag.py:538} INFO - Filling up the DagBag from /home/monica.fernandez/practica_creativa/venv-airflow/lib/python3.11/site-packages/airflow/example_dags/example_complex.py
[2025-06-17T13:20:53.072+0200] {logging_mixin.py:137} INFO - [2025-06-17T13:20:53.072+0200] {taskmixin.py:205} WARNING - Dependency <Task(BashOperator): create_entry_group>, delete_entry_group already registered for DAG: example_complex
[2025-06-17T13:20:53.072+0200] {logging_mixin.py:137} INFO - [2025-06-17T13:20:53.072+0200] {taskmixin.py:205} WARNING - Dependency <Task(BashOperator): delete_entry_group>, create_entry_group already registered for DAG: example_complex
[2025-06-17T13:20:53.073+0200] {logging_mixin.py:137} INFO - [2025-06-17T13:20:53.073+0200] {taskmixin.py:205} WARNING - Dependency <Task(BashOperator): create_entry_gcs>, delete_entry already registered for DAG: example_complex
[2025-06-17T13:20:53.073+0200] {logging_mixin.py:137} INFO - [2025-06-17T13:20:53.073+0200] {taskmixin.py:205} WARNING - Dependency <Task(BashOperator): delete_entry>, create_entry_gcs already registered for DAG: example_complex
[2025-06-17T13:20:53.073+0200] {logging_mixin.py:137} INFO - [2025-06-17T13:20:53.073+0200] {taskmixin.py:205} WARNING - Dependency <Task(BashOperator): create_tag>, delete_tag already registered for DAG: example_complex
[2025-06-17T13:20:53.073+0200] {logging_mixin.py:137} INFO - [2025-06-17T13:20:53.073+0200] {taskmixin.py:205} WARNING - Dependency <Task(BashOperator): delete_tag>, create_tag already registered for DAG: example_complex
[2025-06-17T13:20:53.076+0200] {processor.py:753} INFO - DAG(s) dict_keys(['example_complex']) retrieved from /home/monica.fernandez/practica_creativa/venv-airflow/lib/python3.11/site-packages/airflow/example_dags/example_complex.py
[2025-06-17T13:20:53.107+0200] {logging_mixin.py:137} INFO - [2025-06-17T13:20:53.107+0200] {dag.py:2690} INFO - Sync 1 DAGs
[2025-06-17T13:20:53.130+0200] {logging_mixin.py:137} INFO - [2025-06-17T13:20:53.129+0200] {dag.py:3437} INFO - Setting next_dagrun for example_complex to None, run_after=None
[2025-06-17T13:20:53.184+0200] {processor.py:175} INFO - Processing /home/monica.fernandez/practica_creativa/venv-airflow/lib/python3.11/site-packages/airflow/example_dags/example_complex.py took 0.130 seconds
[2025-06-17T13:20:59.142+0200] {processor.py:153} INFO - Started process (PID=91977) to work on /home/monica.fernandez/practica_creativa/venv-airflow/lib/python3.11/site-packages/airflow/example_dags/example_complex.py
[2025-06-17T13:20:59.142+0200] {processor.py:743} INFO - Processing file /home/monica.fernandez/practica_creativa/venv-airflow/lib/python3.11/site-packages/airflow/example_dags/example_complex.py for tasks to queue
[2025-06-17T13:20:59.143+0200] {logging_mixin.py:137} INFO - [2025-06-17T13:20:59.143+0200] {dagbag.py:538} INFO - Filling up the DagBag from /home/monica.fernandez/practica_creativa/venv-airflow/lib/python3.11/site-packages/airflow/example_dags/example_complex.py
[2025-06-17T13:20:59.164+0200] {logging_mixin.py:137} INFO - [2025-06-17T13:20:59.162+0200] {taskmixin.py:205} WARNING - Dependency <Task(BashOperator): create_entry_group>, delete_entry_group already registered for DAG: example_complex
[2025-06-17T13:20:59.164+0200] {logging_mixin.py:137} INFO - [2025-06-17T13:20:59.164+0200] {taskmixin.py:205} WARNING - Dependency <Task(BashOperator): delete_entry_group>, create_entry_group already registered for DAG: example_complex
[2025-06-17T13:20:59.165+0200] {logging_mixin.py:137} INFO - [2025-06-17T13:20:59.165+0200] {taskmixin.py:205} WARNING - Dependency <Task(BashOperator): create_entry_gcs>, delete_entry already registered for DAG: example_complex
[2025-06-17T13:20:59.165+0200] {logging_mixin.py:137} INFO - [2025-06-17T13:20:59.165+0200] {taskmixin.py:205} WARNING - Dependency <Task(BashOperator): delete_entry>, create_entry_gcs already registered for DAG: example_complex
[2025-06-17T13:20:59.165+0200] {logging_mixin.py:137} INFO - [2025-06-17T13:20:59.165+0200] {taskmixin.py:205} WARNING - Dependency <Task(BashOperator): create_tag>, delete_tag already registered for DAG: example_complex
[2025-06-17T13:20:59.165+0200] {logging_mixin.py:137} INFO - [2025-06-17T13:20:59.165+0200] {taskmixin.py:205} WARNING - Dependency <Task(BashOperator): delete_tag>, create_tag already registered for DAG: example_complex
[2025-06-17T13:20:59.183+0200] {processor.py:753} INFO - DAG(s) dict_keys(['example_complex']) retrieved from /home/monica.fernandez/practica_creativa/venv-airflow/lib/python3.11/site-packages/airflow/example_dags/example_complex.py
[2025-06-17T13:20:59.244+0200] {logging_mixin.py:137} INFO - [2025-06-17T13:20:59.244+0200] {dag.py:2690} INFO - Sync 1 DAGs
[2025-06-17T13:20:59.277+0200] {logging_mixin.py:137} INFO - [2025-06-17T13:20:59.277+0200] {dag.py:3437} INFO - Setting next_dagrun for example_complex to None, run_after=None
[2025-06-17T13:20:59.352+0200] {processor.py:175} INFO - Processing /home/monica.fernandez/practica_creativa/venv-airflow/lib/python3.11/site-packages/airflow/example_dags/example_complex.py took 0.213 seconds
[2025-06-17T13:25:05.048+0200] {processor.py:153} INFO - Started process (PID=95225) to work on /home/monica.fernandez/practica_creativa/venv-airflow/lib/python3.11/site-packages/airflow/example_dags/example_complex.py
[2025-06-17T13:25:05.049+0200] {processor.py:743} INFO - Processing file /home/monica.fernandez/practica_creativa/venv-airflow/lib/python3.11/site-packages/airflow/example_dags/example_complex.py for tasks to queue
[2025-06-17T13:25:05.050+0200] {logging_mixin.py:137} INFO - [2025-06-17T13:25:05.050+0200] {dagbag.py:538} INFO - Filling up the DagBag from /home/monica.fernandez/practica_creativa/venv-airflow/lib/python3.11/site-packages/airflow/example_dags/example_complex.py
[2025-06-17T13:25:05.065+0200] {logging_mixin.py:137} INFO - [2025-06-17T13:25:05.065+0200] {taskmixin.py:205} WARNING - Dependency <Task(BashOperator): create_entry_group>, delete_entry_group already registered for DAG: example_complex
[2025-06-17T13:25:05.065+0200] {logging_mixin.py:137} INFO - [2025-06-17T13:25:05.065+0200] {taskmixin.py:205} WARNING - Dependency <Task(BashOperator): delete_entry_group>, create_entry_group already registered for DAG: example_complex
[2025-06-17T13:25:05.065+0200] {logging_mixin.py:137} INFO - [2025-06-17T13:25:05.065+0200] {taskmixin.py:205} WARNING - Dependency <Task(BashOperator): create_entry_gcs>, delete_entry already registered for DAG: example_complex
[2025-06-17T13:25:05.066+0200] {logging_mixin.py:137} INFO - [2025-06-17T13:25:05.066+0200] {taskmixin.py:205} WARNING - Dependency <Task(BashOperator): delete_entry>, create_entry_gcs already registered for DAG: example_complex
[2025-06-17T13:25:05.066+0200] {logging_mixin.py:137} INFO - [2025-06-17T13:25:05.066+0200] {taskmixin.py:205} WARNING - Dependency <Task(BashOperator): create_tag>, delete_tag already registered for DAG: example_complex
[2025-06-17T13:25:05.066+0200] {logging_mixin.py:137} INFO - [2025-06-17T13:25:05.066+0200] {taskmixin.py:205} WARNING - Dependency <Task(BashOperator): delete_tag>, create_tag already registered for DAG: example_complex
[2025-06-17T13:25:05.068+0200] {processor.py:753} INFO - DAG(s) dict_keys(['example_complex']) retrieved from /home/monica.fernandez/practica_creativa/venv-airflow/lib/python3.11/site-packages/airflow/example_dags/example_complex.py
[2025-06-17T13:25:05.122+0200] {logging_mixin.py:137} INFO - [2025-06-17T13:25:05.122+0200] {dag.py:2690} INFO - Sync 1 DAGs
[2025-06-17T13:25:05.188+0200] {logging_mixin.py:137} INFO - [2025-06-17T13:25:05.188+0200] {dag.py:3437} INFO - Setting next_dagrun for example_complex to None, run_after=None
[2025-06-17T13:25:05.275+0200] {processor.py:175} INFO - Processing /home/monica.fernandez/practica_creativa/venv-airflow/lib/python3.11/site-packages/airflow/example_dags/example_complex.py took 0.231 seconds
[2025-06-17T13:25:56.337+0200] {processor.py:153} INFO - Started process (PID=95712) to work on /home/monica.fernandez/practica_creativa/venv-airflow/lib/python3.11/site-packages/airflow/example_dags/example_complex.py
[2025-06-17T13:25:56.338+0200] {processor.py:743} INFO - Processing file /home/monica.fernandez/practica_creativa/venv-airflow/lib/python3.11/site-packages/airflow/example_dags/example_complex.py for tasks to queue
[2025-06-17T13:25:56.338+0200] {logging_mixin.py:137} INFO - [2025-06-17T13:25:56.338+0200] {dagbag.py:538} INFO - Filling up the DagBag from /home/monica.fernandez/practica_creativa/venv-airflow/lib/python3.11/site-packages/airflow/example_dags/example_complex.py
[2025-06-17T13:25:56.349+0200] {logging_mixin.py:137} INFO - [2025-06-17T13:25:56.349+0200] {taskmixin.py:205} WARNING - Dependency <Task(BashOperator): create_entry_group>, delete_entry_group already registered for DAG: example_complex
[2025-06-17T13:25:56.350+0200] {logging_mixin.py:137} INFO - [2025-06-17T13:25:56.350+0200] {taskmixin.py:205} WARNING - Dependency <Task(BashOperator): delete_entry_group>, create_entry_group already registered for DAG: example_complex
[2025-06-17T13:25:56.350+0200] {logging_mixin.py:137} INFO - [2025-06-17T13:25:56.350+0200] {taskmixin.py:205} WARNING - Dependency <Task(BashOperator): create_entry_gcs>, delete_entry already registered for DAG: example_complex
[2025-06-17T13:25:56.350+0200] {logging_mixin.py:137} INFO - [2025-06-17T13:25:56.350+0200] {taskmixin.py:205} WARNING - Dependency <Task(BashOperator): delete_entry>, create_entry_gcs already registered for DAG: example_complex
[2025-06-17T13:25:56.350+0200] {logging_mixin.py:137} INFO - [2025-06-17T13:25:56.350+0200] {taskmixin.py:205} WARNING - Dependency <Task(BashOperator): create_tag>, delete_tag already registered for DAG: example_complex
[2025-06-17T13:25:56.350+0200] {logging_mixin.py:137} INFO - [2025-06-17T13:25:56.350+0200] {taskmixin.py:205} WARNING - Dependency <Task(BashOperator): delete_tag>, create_tag already registered for DAG: example_complex
[2025-06-17T13:25:56.353+0200] {processor.py:753} INFO - DAG(s) dict_keys(['example_complex']) retrieved from /home/monica.fernandez/practica_creativa/venv-airflow/lib/python3.11/site-packages/airflow/example_dags/example_complex.py
[2025-06-17T13:25:56.390+0200] {logging_mixin.py:137} INFO - [2025-06-17T13:25:56.390+0200] {dag.py:2690} INFO - Sync 1 DAGs
[2025-06-17T13:25:56.415+0200] {logging_mixin.py:137} INFO - [2025-06-17T13:25:56.415+0200] {dag.py:3437} INFO - Setting next_dagrun for example_complex to None, run_after=None
[2025-06-17T13:25:56.469+0200] {processor.py:175} INFO - Processing /home/monica.fernandez/practica_creativa/venv-airflow/lib/python3.11/site-packages/airflow/example_dags/example_complex.py took 0.136 seconds
[2025-06-17T13:26:04.233+0200] {processor.py:153} INFO - Started process (PID=95768) to work on /home/monica.fernandez/practica_creativa/venv-airflow/lib/python3.11/site-packages/airflow/example_dags/example_complex.py
[2025-06-17T13:26:04.234+0200] {processor.py:743} INFO - Processing file /home/monica.fernandez/practica_creativa/venv-airflow/lib/python3.11/site-packages/airflow/example_dags/example_complex.py for tasks to queue
[2025-06-17T13:26:04.235+0200] {logging_mixin.py:137} INFO - [2025-06-17T13:26:04.235+0200] {dagbag.py:538} INFO - Filling up the DagBag from /home/monica.fernandez/practica_creativa/venv-airflow/lib/python3.11/site-packages/airflow/example_dags/example_complex.py
[2025-06-17T13:26:04.246+0200] {logging_mixin.py:137} INFO - [2025-06-17T13:26:04.246+0200] {taskmixin.py:205} WARNING - Dependency <Task(BashOperator): create_entry_group>, delete_entry_group already registered for DAG: example_complex
[2025-06-17T13:26:04.246+0200] {logging_mixin.py:137} INFO - [2025-06-17T13:26:04.246+0200] {taskmixin.py:205} WARNING - Dependency <Task(BashOperator): delete_entry_group>, create_entry_group already registered for DAG: example_complex
[2025-06-17T13:26:04.247+0200] {logging_mixin.py:137} INFO - [2025-06-17T13:26:04.247+0200] {taskmixin.py:205} WARNING - Dependency <Task(BashOperator): create_entry_gcs>, delete_entry already registered for DAG: example_complex
[2025-06-17T13:26:04.247+0200] {logging_mixin.py:137} INFO - [2025-06-17T13:26:04.247+0200] {taskmixin.py:205} WARNING - Dependency <Task(BashOperator): delete_entry>, create_entry_gcs already registered for DAG: example_complex
[2025-06-17T13:26:04.247+0200] {logging_mixin.py:137} INFO - [2025-06-17T13:26:04.247+0200] {taskmixin.py:205} WARNING - Dependency <Task(BashOperator): create_tag>, delete_tag already registered for DAG: example_complex
[2025-06-17T13:26:04.247+0200] {logging_mixin.py:137} INFO - [2025-06-17T13:26:04.247+0200] {taskmixin.py:205} WARNING - Dependency <Task(BashOperator): delete_tag>, create_tag already registered for DAG: example_complex
[2025-06-17T13:26:04.248+0200] {processor.py:753} INFO - DAG(s) dict_keys(['example_complex']) retrieved from /home/monica.fernandez/practica_creativa/venv-airflow/lib/python3.11/site-packages/airflow/example_dags/example_complex.py
[2025-06-17T13:26:04.289+0200] {logging_mixin.py:137} INFO - [2025-06-17T13:26:04.289+0200] {dag.py:2690} INFO - Sync 1 DAGs
[2025-06-17T13:26:04.319+0200] {logging_mixin.py:137} INFO - [2025-06-17T13:26:04.319+0200] {dag.py:3437} INFO - Setting next_dagrun for example_complex to None, run_after=None
[2025-06-17T13:26:04.381+0200] {processor.py:175} INFO - Processing /home/monica.fernandez/practica_creativa/venv-airflow/lib/python3.11/site-packages/airflow/example_dags/example_complex.py took 0.151 seconds
[2025-06-17T13:26:57.564+0200] {processor.py:153} INFO - Started process (PID=96290) to work on /home/monica.fernandez/practica_creativa/venv-airflow/lib/python3.11/site-packages/airflow/example_dags/example_complex.py
[2025-06-17T13:26:57.565+0200] {processor.py:743} INFO - Processing file /home/monica.fernandez/practica_creativa/venv-airflow/lib/python3.11/site-packages/airflow/example_dags/example_complex.py for tasks to queue
[2025-06-17T13:26:57.566+0200] {logging_mixin.py:137} INFO - [2025-06-17T13:26:57.565+0200] {dagbag.py:538} INFO - Filling up the DagBag from /home/monica.fernandez/practica_creativa/venv-airflow/lib/python3.11/site-packages/airflow/example_dags/example_complex.py
[2025-06-17T13:26:57.579+0200] {logging_mixin.py:137} INFO - [2025-06-17T13:26:57.579+0200] {taskmixin.py:205} WARNING - Dependency <Task(BashOperator): create_entry_group>, delete_entry_group already registered for DAG: example_complex
[2025-06-17T13:26:57.579+0200] {logging_mixin.py:137} INFO - [2025-06-17T13:26:57.579+0200] {taskmixin.py:205} WARNING - Dependency <Task(BashOperator): delete_entry_group>, create_entry_group already registered for DAG: example_complex
[2025-06-17T13:26:57.580+0200] {logging_mixin.py:137} INFO - [2025-06-17T13:26:57.580+0200] {taskmixin.py:205} WARNING - Dependency <Task(BashOperator): create_entry_gcs>, delete_entry already registered for DAG: example_complex
[2025-06-17T13:26:57.580+0200] {logging_mixin.py:137} INFO - [2025-06-17T13:26:57.580+0200] {taskmixin.py:205} WARNING - Dependency <Task(BashOperator): delete_entry>, create_entry_gcs already registered for DAG: example_complex
[2025-06-17T13:26:57.580+0200] {logging_mixin.py:137} INFO - [2025-06-17T13:26:57.580+0200] {taskmixin.py:205} WARNING - Dependency <Task(BashOperator): create_tag>, delete_tag already registered for DAG: example_complex
[2025-06-17T13:26:57.580+0200] {logging_mixin.py:137} INFO - [2025-06-17T13:26:57.580+0200] {taskmixin.py:205} WARNING - Dependency <Task(BashOperator): delete_tag>, create_tag already registered for DAG: example_complex
[2025-06-17T13:26:57.581+0200] {processor.py:753} INFO - DAG(s) dict_keys(['example_complex']) retrieved from /home/monica.fernandez/practica_creativa/venv-airflow/lib/python3.11/site-packages/airflow/example_dags/example_complex.py
[2025-06-17T13:26:57.633+0200] {logging_mixin.py:137} INFO - [2025-06-17T13:26:57.633+0200] {dag.py:2690} INFO - Sync 1 DAGs
[2025-06-17T13:26:57.666+0200] {logging_mixin.py:137} INFO - [2025-06-17T13:26:57.666+0200] {dag.py:3437} INFO - Setting next_dagrun for example_complex to None, run_after=None
[2025-06-17T13:26:57.741+0200] {processor.py:175} INFO - Processing /home/monica.fernandez/practica_creativa/venv-airflow/lib/python3.11/site-packages/airflow/example_dags/example_complex.py took 0.180 seconds
[2025-06-17T13:27:05.399+0200] {processor.py:153} INFO - Started process (PID=96335) to work on /home/monica.fernandez/practica_creativa/venv-airflow/lib/python3.11/site-packages/airflow/example_dags/example_complex.py
[2025-06-17T13:27:05.400+0200] {processor.py:743} INFO - Processing file /home/monica.fernandez/practica_creativa/venv-airflow/lib/python3.11/site-packages/airflow/example_dags/example_complex.py for tasks to queue
[2025-06-17T13:27:05.401+0200] {logging_mixin.py:137} INFO - [2025-06-17T13:27:05.401+0200] {dagbag.py:538} INFO - Filling up the DagBag from /home/monica.fernandez/practica_creativa/venv-airflow/lib/python3.11/site-packages/airflow/example_dags/example_complex.py
[2025-06-17T13:27:05.421+0200] {logging_mixin.py:137} INFO - [2025-06-17T13:27:05.421+0200] {taskmixin.py:205} WARNING - Dependency <Task(BashOperator): create_entry_group>, delete_entry_group already registered for DAG: example_complex
[2025-06-17T13:27:05.421+0200] {logging_mixin.py:137} INFO - [2025-06-17T13:27:05.421+0200] {taskmixin.py:205} WARNING - Dependency <Task(BashOperator): delete_entry_group>, create_entry_group already registered for DAG: example_complex
[2025-06-17T13:27:05.421+0200] {logging_mixin.py:137} INFO - [2025-06-17T13:27:05.421+0200] {taskmixin.py:205} WARNING - Dependency <Task(BashOperator): create_entry_gcs>, delete_entry already registered for DAG: example_complex
[2025-06-17T13:27:05.422+0200] {logging_mixin.py:137} INFO - [2025-06-17T13:27:05.422+0200] {taskmixin.py:205} WARNING - Dependency <Task(BashOperator): delete_entry>, create_entry_gcs already registered for DAG: example_complex
[2025-06-17T13:27:05.422+0200] {logging_mixin.py:137} INFO - [2025-06-17T13:27:05.422+0200] {taskmixin.py:205} WARNING - Dependency <Task(BashOperator): create_tag>, delete_tag already registered for DAG: example_complex
[2025-06-17T13:27:05.422+0200] {logging_mixin.py:137} INFO - [2025-06-17T13:27:05.422+0200] {taskmixin.py:205} WARNING - Dependency <Task(BashOperator): delete_tag>, create_tag already registered for DAG: example_complex
[2025-06-17T13:27:05.424+0200] {processor.py:753} INFO - DAG(s) dict_keys(['example_complex']) retrieved from /home/monica.fernandez/practica_creativa/venv-airflow/lib/python3.11/site-packages/airflow/example_dags/example_complex.py
[2025-06-17T13:27:05.474+0200] {logging_mixin.py:137} INFO - [2025-06-17T13:27:05.474+0200] {dag.py:2690} INFO - Sync 1 DAGs
[2025-06-17T13:27:05.501+0200] {logging_mixin.py:137} INFO - [2025-06-17T13:27:05.500+0200] {dag.py:3437} INFO - Setting next_dagrun for example_complex to None, run_after=None
[2025-06-17T13:27:05.558+0200] {processor.py:175} INFO - Processing /home/monica.fernandez/practica_creativa/venv-airflow/lib/python3.11/site-packages/airflow/example_dags/example_complex.py took 0.164 seconds
[2025-06-17T13:27:50.656+0200] {processor.py:153} INFO - Started process (PID=96807) to work on /home/monica.fernandez/practica_creativa/venv-airflow/lib/python3.11/site-packages/airflow/example_dags/example_complex.py
[2025-06-17T13:27:50.656+0200] {processor.py:743} INFO - Processing file /home/monica.fernandez/practica_creativa/venv-airflow/lib/python3.11/site-packages/airflow/example_dags/example_complex.py for tasks to queue
[2025-06-17T13:27:50.657+0200] {logging_mixin.py:137} INFO - [2025-06-17T13:27:50.657+0200] {dagbag.py:538} INFO - Filling up the DagBag from /home/monica.fernandez/practica_creativa/venv-airflow/lib/python3.11/site-packages/airflow/example_dags/example_complex.py
[2025-06-17T13:27:50.669+0200] {logging_mixin.py:137} INFO - [2025-06-17T13:27:50.669+0200] {taskmixin.py:205} WARNING - Dependency <Task(BashOperator): create_entry_group>, delete_entry_group already registered for DAG: example_complex
[2025-06-17T13:27:50.669+0200] {logging_mixin.py:137} INFO - [2025-06-17T13:27:50.669+0200] {taskmixin.py:205} WARNING - Dependency <Task(BashOperator): delete_entry_group>, create_entry_group already registered for DAG: example_complex
[2025-06-17T13:27:50.669+0200] {logging_mixin.py:137} INFO - [2025-06-17T13:27:50.669+0200] {taskmixin.py:205} WARNING - Dependency <Task(BashOperator): create_entry_gcs>, delete_entry already registered for DAG: example_complex
[2025-06-17T13:27:50.669+0200] {logging_mixin.py:137} INFO - [2025-06-17T13:27:50.669+0200] {taskmixin.py:205} WARNING - Dependency <Task(BashOperator): delete_entry>, create_entry_gcs already registered for DAG: example_complex
[2025-06-17T13:27:50.670+0200] {logging_mixin.py:137} INFO - [2025-06-17T13:27:50.670+0200] {taskmixin.py:205} WARNING - Dependency <Task(BashOperator): create_tag>, delete_tag already registered for DAG: example_complex
[2025-06-17T13:27:50.670+0200] {logging_mixin.py:137} INFO - [2025-06-17T13:27:50.670+0200] {taskmixin.py:205} WARNING - Dependency <Task(BashOperator): delete_tag>, create_tag already registered for DAG: example_complex
[2025-06-17T13:27:50.673+0200] {processor.py:753} INFO - DAG(s) dict_keys(['example_complex']) retrieved from /home/monica.fernandez/practica_creativa/venv-airflow/lib/python3.11/site-packages/airflow/example_dags/example_complex.py
[2025-06-17T13:27:50.722+0200] {logging_mixin.py:137} INFO - [2025-06-17T13:27:50.721+0200] {dag.py:2690} INFO - Sync 1 DAGs
[2025-06-17T13:27:50.780+0200] {logging_mixin.py:137} INFO - [2025-06-17T13:27:50.780+0200] {dag.py:3437} INFO - Setting next_dagrun for example_complex to None, run_after=None
[2025-06-17T13:27:50.871+0200] {processor.py:175} INFO - Processing /home/monica.fernandez/practica_creativa/venv-airflow/lib/python3.11/site-packages/airflow/example_dags/example_complex.py took 0.220 seconds
[2025-06-17T13:28:01.084+0200] {processor.py:153} INFO - Started process (PID=96854) to work on /home/monica.fernandez/practica_creativa/venv-airflow/lib/python3.11/site-packages/airflow/example_dags/example_complex.py
[2025-06-17T13:28:01.085+0200] {processor.py:743} INFO - Processing file /home/monica.fernandez/practica_creativa/venv-airflow/lib/python3.11/site-packages/airflow/example_dags/example_complex.py for tasks to queue
[2025-06-17T13:28:01.089+0200] {logging_mixin.py:137} INFO - [2025-06-17T13:28:01.088+0200] {dagbag.py:538} INFO - Filling up the DagBag from /home/monica.fernandez/practica_creativa/venv-airflow/lib/python3.11/site-packages/airflow/example_dags/example_complex.py
[2025-06-17T13:28:01.119+0200] {logging_mixin.py:137} INFO - [2025-06-17T13:28:01.118+0200] {taskmixin.py:205} WARNING - Dependency <Task(BashOperator): create_entry_group>, delete_entry_group already registered for DAG: example_complex
[2025-06-17T13:28:01.119+0200] {logging_mixin.py:137} INFO - [2025-06-17T13:28:01.119+0200] {taskmixin.py:205} WARNING - Dependency <Task(BashOperator): delete_entry_group>, create_entry_group already registered for DAG: example_complex
[2025-06-17T13:28:01.119+0200] {logging_mixin.py:137} INFO - [2025-06-17T13:28:01.119+0200] {taskmixin.py:205} WARNING - Dependency <Task(BashOperator): create_entry_gcs>, delete_entry already registered for DAG: example_complex
[2025-06-17T13:28:01.119+0200] {logging_mixin.py:137} INFO - [2025-06-17T13:28:01.119+0200] {taskmixin.py:205} WARNING - Dependency <Task(BashOperator): delete_entry>, create_entry_gcs already registered for DAG: example_complex
[2025-06-17T13:28:01.119+0200] {logging_mixin.py:137} INFO - [2025-06-17T13:28:01.119+0200] {taskmixin.py:205} WARNING - Dependency <Task(BashOperator): create_tag>, delete_tag already registered for DAG: example_complex
[2025-06-17T13:28:01.120+0200] {logging_mixin.py:137} INFO - [2025-06-17T13:28:01.120+0200] {taskmixin.py:205} WARNING - Dependency <Task(BashOperator): delete_tag>, create_tag already registered for DAG: example_complex
[2025-06-17T13:28:01.123+0200] {processor.py:753} INFO - DAG(s) dict_keys(['example_complex']) retrieved from /home/monica.fernandez/practica_creativa/venv-airflow/lib/python3.11/site-packages/airflow/example_dags/example_complex.py
[2025-06-17T13:28:01.179+0200] {logging_mixin.py:137} INFO - [2025-06-17T13:28:01.179+0200] {dag.py:2690} INFO - Sync 1 DAGs
[2025-06-17T13:28:01.268+0200] {logging_mixin.py:137} INFO - [2025-06-17T13:28:01.267+0200] {dag.py:3437} INFO - Setting next_dagrun for example_complex to None, run_after=None
[2025-06-17T13:28:01.392+0200] {processor.py:175} INFO - Processing /home/monica.fernandez/practica_creativa/venv-airflow/lib/python3.11/site-packages/airflow/example_dags/example_complex.py took 0.310 seconds
[2025-06-17T13:28:58.999+0200] {processor.py:153} INFO - Started process (PID=97389) to work on /home/monica.fernandez/practica_creativa/venv-airflow/lib/python3.11/site-packages/airflow/example_dags/example_complex.py
[2025-06-17T13:28:59.001+0200] {processor.py:743} INFO - Processing file /home/monica.fernandez/practica_creativa/venv-airflow/lib/python3.11/site-packages/airflow/example_dags/example_complex.py for tasks to queue
[2025-06-17T13:28:59.002+0200] {logging_mixin.py:137} INFO - [2025-06-17T13:28:59.002+0200] {dagbag.py:538} INFO - Filling up the DagBag from /home/monica.fernandez/practica_creativa/venv-airflow/lib/python3.11/site-packages/airflow/example_dags/example_complex.py
[2025-06-17T13:28:59.013+0200] {logging_mixin.py:137} INFO - [2025-06-17T13:28:59.013+0200] {taskmixin.py:205} WARNING - Dependency <Task(BashOperator): create_entry_group>, delete_entry_group already registered for DAG: example_complex
[2025-06-17T13:28:59.013+0200] {logging_mixin.py:137} INFO - [2025-06-17T13:28:59.013+0200] {taskmixin.py:205} WARNING - Dependency <Task(BashOperator): delete_entry_group>, create_entry_group already registered for DAG: example_complex
[2025-06-17T13:28:59.013+0200] {logging_mixin.py:137} INFO - [2025-06-17T13:28:59.013+0200] {taskmixin.py:205} WARNING - Dependency <Task(BashOperator): create_entry_gcs>, delete_entry already registered for DAG: example_complex
[2025-06-17T13:28:59.013+0200] {logging_mixin.py:137} INFO - [2025-06-17T13:28:59.013+0200] {taskmixin.py:205} WARNING - Dependency <Task(BashOperator): delete_entry>, create_entry_gcs already registered for DAG: example_complex
[2025-06-17T13:28:59.014+0200] {logging_mixin.py:137} INFO - [2025-06-17T13:28:59.013+0200] {taskmixin.py:205} WARNING - Dependency <Task(BashOperator): create_tag>, delete_tag already registered for DAG: example_complex
[2025-06-17T13:28:59.014+0200] {logging_mixin.py:137} INFO - [2025-06-17T13:28:59.014+0200] {taskmixin.py:205} WARNING - Dependency <Task(BashOperator): delete_tag>, create_tag already registered for DAG: example_complex
[2025-06-17T13:28:59.015+0200] {processor.py:753} INFO - DAG(s) dict_keys(['example_complex']) retrieved from /home/monica.fernandez/practica_creativa/venv-airflow/lib/python3.11/site-packages/airflow/example_dags/example_complex.py
[2025-06-17T13:28:59.052+0200] {logging_mixin.py:137} INFO - [2025-06-17T13:28:59.052+0200] {dag.py:2690} INFO - Sync 1 DAGs
[2025-06-17T13:28:59.080+0200] {logging_mixin.py:137} INFO - [2025-06-17T13:28:59.080+0200] {dag.py:3437} INFO - Setting next_dagrun for example_complex to None, run_after=None
[2025-06-17T13:28:59.175+0200] {processor.py:175} INFO - Processing /home/monica.fernandez/practica_creativa/venv-airflow/lib/python3.11/site-packages/airflow/example_dags/example_complex.py took 0.180 seconds
[2025-06-17T13:32:34.315+0200] {processor.py:153} INFO - Started process (PID=100375) to work on /home/monica.fernandez/practica_creativa/venv-airflow/lib/python3.11/site-packages/airflow/example_dags/example_complex.py
[2025-06-17T13:32:34.316+0200] {processor.py:743} INFO - Processing file /home/monica.fernandez/practica_creativa/venv-airflow/lib/python3.11/site-packages/airflow/example_dags/example_complex.py for tasks to queue
[2025-06-17T13:32:34.317+0200] {logging_mixin.py:137} INFO - [2025-06-17T13:32:34.317+0200] {dagbag.py:538} INFO - Filling up the DagBag from /home/monica.fernandez/practica_creativa/venv-airflow/lib/python3.11/site-packages/airflow/example_dags/example_complex.py
[2025-06-17T13:32:34.335+0200] {logging_mixin.py:137} INFO - [2025-06-17T13:32:34.335+0200] {taskmixin.py:205} WARNING - Dependency <Task(BashOperator): create_entry_group>, delete_entry_group already registered for DAG: example_complex
[2025-06-17T13:32:34.335+0200] {logging_mixin.py:137} INFO - [2025-06-17T13:32:34.335+0200] {taskmixin.py:205} WARNING - Dependency <Task(BashOperator): delete_entry_group>, create_entry_group already registered for DAG: example_complex
[2025-06-17T13:32:34.335+0200] {logging_mixin.py:137} INFO - [2025-06-17T13:32:34.335+0200] {taskmixin.py:205} WARNING - Dependency <Task(BashOperator): create_entry_gcs>, delete_entry already registered for DAG: example_complex
[2025-06-17T13:32:34.335+0200] {logging_mixin.py:137} INFO - [2025-06-17T13:32:34.335+0200] {taskmixin.py:205} WARNING - Dependency <Task(BashOperator): delete_entry>, create_entry_gcs already registered for DAG: example_complex
[2025-06-17T13:32:34.336+0200] {logging_mixin.py:137} INFO - [2025-06-17T13:32:34.336+0200] {taskmixin.py:205} WARNING - Dependency <Task(BashOperator): create_tag>, delete_tag already registered for DAG: example_complex
[2025-06-17T13:32:34.336+0200] {logging_mixin.py:137} INFO - [2025-06-17T13:32:34.336+0200] {taskmixin.py:205} WARNING - Dependency <Task(BashOperator): delete_tag>, create_tag already registered for DAG: example_complex
[2025-06-17T13:32:34.337+0200] {processor.py:753} INFO - DAG(s) dict_keys(['example_complex']) retrieved from /home/monica.fernandez/practica_creativa/venv-airflow/lib/python3.11/site-packages/airflow/example_dags/example_complex.py
[2025-06-17T13:32:34.388+0200] {logging_mixin.py:137} INFO - [2025-06-17T13:32:34.388+0200] {dag.py:2690} INFO - Sync 1 DAGs
[2025-06-17T13:32:34.426+0200] {logging_mixin.py:137} INFO - [2025-06-17T13:32:34.425+0200] {dag.py:3437} INFO - Setting next_dagrun for example_complex to None, run_after=None
[2025-06-17T13:32:34.523+0200] {processor.py:175} INFO - Processing /home/monica.fernandez/practica_creativa/venv-airflow/lib/python3.11/site-packages/airflow/example_dags/example_complex.py took 0.210 seconds
[2025-06-17T13:33:29.582+0200] {processor.py:153} INFO - Started process (PID=101039) to work on /home/monica.fernandez/practica_creativa/venv-airflow/lib/python3.11/site-packages/airflow/example_dags/example_complex.py
[2025-06-17T13:33:29.585+0200] {processor.py:743} INFO - Processing file /home/monica.fernandez/practica_creativa/venv-airflow/lib/python3.11/site-packages/airflow/example_dags/example_complex.py for tasks to queue
[2025-06-17T13:33:29.586+0200] {logging_mixin.py:137} INFO - [2025-06-17T13:33:29.586+0200] {dagbag.py:538} INFO - Filling up the DagBag from /home/monica.fernandez/practica_creativa/venv-airflow/lib/python3.11/site-packages/airflow/example_dags/example_complex.py
[2025-06-17T13:33:29.598+0200] {logging_mixin.py:137} INFO - [2025-06-17T13:33:29.598+0200] {taskmixin.py:205} WARNING - Dependency <Task(BashOperator): create_entry_group>, delete_entry_group already registered for DAG: example_complex
[2025-06-17T13:33:29.598+0200] {logging_mixin.py:137} INFO - [2025-06-17T13:33:29.598+0200] {taskmixin.py:205} WARNING - Dependency <Task(BashOperator): delete_entry_group>, create_entry_group already registered for DAG: example_complex
[2025-06-17T13:33:29.599+0200] {logging_mixin.py:137} INFO - [2025-06-17T13:33:29.599+0200] {taskmixin.py:205} WARNING - Dependency <Task(BashOperator): create_entry_gcs>, delete_entry already registered for DAG: example_complex
[2025-06-17T13:33:29.599+0200] {logging_mixin.py:137} INFO - [2025-06-17T13:33:29.599+0200] {taskmixin.py:205} WARNING - Dependency <Task(BashOperator): delete_entry>, create_entry_gcs already registered for DAG: example_complex
[2025-06-17T13:33:29.599+0200] {logging_mixin.py:137} INFO - [2025-06-17T13:33:29.599+0200] {taskmixin.py:205} WARNING - Dependency <Task(BashOperator): create_tag>, delete_tag already registered for DAG: example_complex
[2025-06-17T13:33:29.599+0200] {logging_mixin.py:137} INFO - [2025-06-17T13:33:29.599+0200] {taskmixin.py:205} WARNING - Dependency <Task(BashOperator): delete_tag>, create_tag already registered for DAG: example_complex
[2025-06-17T13:33:29.600+0200] {processor.py:753} INFO - DAG(s) dict_keys(['example_complex']) retrieved from /home/monica.fernandez/practica_creativa/venv-airflow/lib/python3.11/site-packages/airflow/example_dags/example_complex.py
[2025-06-17T13:33:29.643+0200] {logging_mixin.py:137} INFO - [2025-06-17T13:33:29.643+0200] {dag.py:2690} INFO - Sync 1 DAGs
[2025-06-17T13:33:29.681+0200] {logging_mixin.py:137} INFO - [2025-06-17T13:33:29.680+0200] {dag.py:3437} INFO - Setting next_dagrun for example_complex to None, run_after=None
[2025-06-17T13:33:29.757+0200] {processor.py:175} INFO - Processing /home/monica.fernandez/practica_creativa/venv-airflow/lib/python3.11/site-packages/airflow/example_dags/example_complex.py took 0.178 seconds
[2025-06-17T13:34:39.257+0200] {processor.py:153} INFO - Started process (PID=101855) to work on /home/monica.fernandez/practica_creativa/venv-airflow/lib/python3.11/site-packages/airflow/example_dags/example_complex.py
[2025-06-17T13:34:39.258+0200] {processor.py:743} INFO - Processing file /home/monica.fernandez/practica_creativa/venv-airflow/lib/python3.11/site-packages/airflow/example_dags/example_complex.py for tasks to queue
[2025-06-17T13:34:39.258+0200] {logging_mixin.py:137} INFO - [2025-06-17T13:34:39.258+0200] {dagbag.py:538} INFO - Filling up the DagBag from /home/monica.fernandez/practica_creativa/venv-airflow/lib/python3.11/site-packages/airflow/example_dags/example_complex.py
[2025-06-17T13:34:39.274+0200] {logging_mixin.py:137} INFO - [2025-06-17T13:34:39.273+0200] {taskmixin.py:205} WARNING - Dependency <Task(BashOperator): create_entry_group>, delete_entry_group already registered for DAG: example_complex
[2025-06-17T13:34:39.274+0200] {logging_mixin.py:137} INFO - [2025-06-17T13:34:39.274+0200] {taskmixin.py:205} WARNING - Dependency <Task(BashOperator): delete_entry_group>, create_entry_group already registered for DAG: example_complex
[2025-06-17T13:34:39.274+0200] {logging_mixin.py:137} INFO - [2025-06-17T13:34:39.274+0200] {taskmixin.py:205} WARNING - Dependency <Task(BashOperator): create_entry_gcs>, delete_entry already registered for DAG: example_complex
[2025-06-17T13:34:39.274+0200] {logging_mixin.py:137} INFO - [2025-06-17T13:34:39.274+0200] {taskmixin.py:205} WARNING - Dependency <Task(BashOperator): delete_entry>, create_entry_gcs already registered for DAG: example_complex
[2025-06-17T13:34:39.275+0200] {logging_mixin.py:137} INFO - [2025-06-17T13:34:39.275+0200] {taskmixin.py:205} WARNING - Dependency <Task(BashOperator): create_tag>, delete_tag already registered for DAG: example_complex
[2025-06-17T13:34:39.275+0200] {logging_mixin.py:137} INFO - [2025-06-17T13:34:39.275+0200] {taskmixin.py:205} WARNING - Dependency <Task(BashOperator): delete_tag>, create_tag already registered for DAG: example_complex
[2025-06-17T13:34:39.276+0200] {processor.py:753} INFO - DAG(s) dict_keys(['example_complex']) retrieved from /home/monica.fernandez/practica_creativa/venv-airflow/lib/python3.11/site-packages/airflow/example_dags/example_complex.py
[2025-06-17T13:34:39.313+0200] {logging_mixin.py:137} INFO - [2025-06-17T13:34:39.313+0200] {dag.py:2690} INFO - Sync 1 DAGs
[2025-06-17T13:34:39.335+0200] {logging_mixin.py:137} INFO - [2025-06-17T13:34:39.335+0200] {dag.py:3437} INFO - Setting next_dagrun for example_complex to None, run_after=None
[2025-06-17T13:34:39.393+0200] {processor.py:175} INFO - Processing /home/monica.fernandez/practica_creativa/venv-airflow/lib/python3.11/site-packages/airflow/example_dags/example_complex.py took 0.139 seconds
[2025-06-17T13:34:48.911+0200] {processor.py:153} INFO - Started process (PID=101986) to work on /home/monica.fernandez/practica_creativa/venv-airflow/lib/python3.11/site-packages/airflow/example_dags/example_complex.py
[2025-06-17T13:34:48.912+0200] {processor.py:743} INFO - Processing file /home/monica.fernandez/practica_creativa/venv-airflow/lib/python3.11/site-packages/airflow/example_dags/example_complex.py for tasks to queue
[2025-06-17T13:34:48.912+0200] {logging_mixin.py:137} INFO - [2025-06-17T13:34:48.912+0200] {dagbag.py:538} INFO - Filling up the DagBag from /home/monica.fernandez/practica_creativa/venv-airflow/lib/python3.11/site-packages/airflow/example_dags/example_complex.py
[2025-06-17T13:34:48.924+0200] {logging_mixin.py:137} INFO - [2025-06-17T13:34:48.924+0200] {taskmixin.py:205} WARNING - Dependency <Task(BashOperator): create_entry_group>, delete_entry_group already registered for DAG: example_complex
[2025-06-17T13:34:48.925+0200] {logging_mixin.py:137} INFO - [2025-06-17T13:34:48.925+0200] {taskmixin.py:205} WARNING - Dependency <Task(BashOperator): delete_entry_group>, create_entry_group already registered for DAG: example_complex
[2025-06-17T13:34:48.925+0200] {logging_mixin.py:137} INFO - [2025-06-17T13:34:48.925+0200] {taskmixin.py:205} WARNING - Dependency <Task(BashOperator): create_entry_gcs>, delete_entry already registered for DAG: example_complex
[2025-06-17T13:34:48.925+0200] {logging_mixin.py:137} INFO - [2025-06-17T13:34:48.925+0200] {taskmixin.py:205} WARNING - Dependency <Task(BashOperator): delete_entry>, create_entry_gcs already registered for DAG: example_complex
[2025-06-17T13:34:48.925+0200] {logging_mixin.py:137} INFO - [2025-06-17T13:34:48.925+0200] {taskmixin.py:205} WARNING - Dependency <Task(BashOperator): create_tag>, delete_tag already registered for DAG: example_complex
[2025-06-17T13:34:48.925+0200] {logging_mixin.py:137} INFO - [2025-06-17T13:34:48.925+0200] {taskmixin.py:205} WARNING - Dependency <Task(BashOperator): delete_tag>, create_tag already registered for DAG: example_complex
[2025-06-17T13:34:48.927+0200] {processor.py:753} INFO - DAG(s) dict_keys(['example_complex']) retrieved from /home/monica.fernandez/practica_creativa/venv-airflow/lib/python3.11/site-packages/airflow/example_dags/example_complex.py
[2025-06-17T13:34:48.964+0200] {logging_mixin.py:137} INFO - [2025-06-17T13:34:48.964+0200] {dag.py:2690} INFO - Sync 1 DAGs
[2025-06-17T13:34:48.988+0200] {logging_mixin.py:137} INFO - [2025-06-17T13:34:48.988+0200] {dag.py:3437} INFO - Setting next_dagrun for example_complex to None, run_after=None
[2025-06-17T13:34:49.075+0200] {processor.py:175} INFO - Processing /home/monica.fernandez/practica_creativa/venv-airflow/lib/python3.11/site-packages/airflow/example_dags/example_complex.py took 0.167 seconds
[2025-06-17T13:35:32.106+0200] {processor.py:153} INFO - Started process (PID=102381) to work on /home/monica.fernandez/practica_creativa/venv-airflow/lib/python3.11/site-packages/airflow/example_dags/example_complex.py
[2025-06-17T13:35:32.107+0200] {processor.py:743} INFO - Processing file /home/monica.fernandez/practica_creativa/venv-airflow/lib/python3.11/site-packages/airflow/example_dags/example_complex.py for tasks to queue
[2025-06-17T13:35:32.108+0200] {logging_mixin.py:137} INFO - [2025-06-17T13:35:32.108+0200] {dagbag.py:538} INFO - Filling up the DagBag from /home/monica.fernandez/practica_creativa/venv-airflow/lib/python3.11/site-packages/airflow/example_dags/example_complex.py
[2025-06-17T13:35:32.122+0200] {logging_mixin.py:137} INFO - [2025-06-17T13:35:32.122+0200] {taskmixin.py:205} WARNING - Dependency <Task(BashOperator): create_entry_group>, delete_entry_group already registered for DAG: example_complex
[2025-06-17T13:35:32.122+0200] {logging_mixin.py:137} INFO - [2025-06-17T13:35:32.122+0200] {taskmixin.py:205} WARNING - Dependency <Task(BashOperator): delete_entry_group>, create_entry_group already registered for DAG: example_complex
[2025-06-17T13:35:32.123+0200] {logging_mixin.py:137} INFO - [2025-06-17T13:35:32.123+0200] {taskmixin.py:205} WARNING - Dependency <Task(BashOperator): create_entry_gcs>, delete_entry already registered for DAG: example_complex
[2025-06-17T13:35:32.123+0200] {logging_mixin.py:137} INFO - [2025-06-17T13:35:32.123+0200] {taskmixin.py:205} WARNING - Dependency <Task(BashOperator): delete_entry>, create_entry_gcs already registered for DAG: example_complex
[2025-06-17T13:35:32.123+0200] {logging_mixin.py:137} INFO - [2025-06-17T13:35:32.123+0200] {taskmixin.py:205} WARNING - Dependency <Task(BashOperator): create_tag>, delete_tag already registered for DAG: example_complex
[2025-06-17T13:35:32.123+0200] {logging_mixin.py:137} INFO - [2025-06-17T13:35:32.123+0200] {taskmixin.py:205} WARNING - Dependency <Task(BashOperator): delete_tag>, create_tag already registered for DAG: example_complex
[2025-06-17T13:35:32.125+0200] {processor.py:753} INFO - DAG(s) dict_keys(['example_complex']) retrieved from /home/monica.fernandez/practica_creativa/venv-airflow/lib/python3.11/site-packages/airflow/example_dags/example_complex.py
[2025-06-17T13:35:32.166+0200] {logging_mixin.py:137} INFO - [2025-06-17T13:35:32.165+0200] {dag.py:2690} INFO - Sync 1 DAGs
[2025-06-17T13:35:32.193+0200] {logging_mixin.py:137} INFO - [2025-06-17T13:35:32.192+0200] {dag.py:3437} INFO - Setting next_dagrun for example_complex to None, run_after=None
[2025-06-17T13:35:32.266+0200] {processor.py:175} INFO - Processing /home/monica.fernandez/practica_creativa/venv-airflow/lib/python3.11/site-packages/airflow/example_dags/example_complex.py took 0.163 seconds
[2025-06-17T13:35:50.591+0200] {processor.py:153} INFO - Started process (PID=102586) to work on /home/monica.fernandez/practica_creativa/venv-airflow/lib/python3.11/site-packages/airflow/example_dags/example_complex.py
[2025-06-17T13:35:50.592+0200] {processor.py:743} INFO - Processing file /home/monica.fernandez/practica_creativa/venv-airflow/lib/python3.11/site-packages/airflow/example_dags/example_complex.py for tasks to queue
[2025-06-17T13:35:50.593+0200] {logging_mixin.py:137} INFO - [2025-06-17T13:35:50.592+0200] {dagbag.py:538} INFO - Filling up the DagBag from /home/monica.fernandez/practica_creativa/venv-airflow/lib/python3.11/site-packages/airflow/example_dags/example_complex.py
[2025-06-17T13:35:50.620+0200] {logging_mixin.py:137} INFO - [2025-06-17T13:35:50.620+0200] {taskmixin.py:205} WARNING - Dependency <Task(BashOperator): create_entry_group>, delete_entry_group already registered for DAG: example_complex
[2025-06-17T13:35:50.620+0200] {logging_mixin.py:137} INFO - [2025-06-17T13:35:50.620+0200] {taskmixin.py:205} WARNING - Dependency <Task(BashOperator): delete_entry_group>, create_entry_group already registered for DAG: example_complex
[2025-06-17T13:35:50.620+0200] {logging_mixin.py:137} INFO - [2025-06-17T13:35:50.620+0200] {taskmixin.py:205} WARNING - Dependency <Task(BashOperator): create_entry_gcs>, delete_entry already registered for DAG: example_complex
[2025-06-17T13:35:50.621+0200] {logging_mixin.py:137} INFO - [2025-06-17T13:35:50.621+0200] {taskmixin.py:205} WARNING - Dependency <Task(BashOperator): delete_entry>, create_entry_gcs already registered for DAG: example_complex
[2025-06-17T13:35:50.621+0200] {logging_mixin.py:137} INFO - [2025-06-17T13:35:50.621+0200] {taskmixin.py:205} WARNING - Dependency <Task(BashOperator): create_tag>, delete_tag already registered for DAG: example_complex
[2025-06-17T13:35:50.621+0200] {logging_mixin.py:137} INFO - [2025-06-17T13:35:50.621+0200] {taskmixin.py:205} WARNING - Dependency <Task(BashOperator): delete_tag>, create_tag already registered for DAG: example_complex
[2025-06-17T13:35:50.622+0200] {processor.py:753} INFO - DAG(s) dict_keys(['example_complex']) retrieved from /home/monica.fernandez/practica_creativa/venv-airflow/lib/python3.11/site-packages/airflow/example_dags/example_complex.py
[2025-06-17T13:35:50.675+0200] {logging_mixin.py:137} INFO - [2025-06-17T13:35:50.675+0200] {dag.py:2690} INFO - Sync 1 DAGs
[2025-06-17T13:35:50.729+0200] {logging_mixin.py:137} INFO - [2025-06-17T13:35:50.729+0200] {dag.py:3437} INFO - Setting next_dagrun for example_complex to None, run_after=None
[2025-06-17T13:35:50.841+0200] {processor.py:175} INFO - Processing /home/monica.fernandez/practica_creativa/venv-airflow/lib/python3.11/site-packages/airflow/example_dags/example_complex.py took 0.253 seconds
[2025-06-17T13:36:45.353+0200] {processor.py:153} INFO - Started process (PID=103188) to work on /home/monica.fernandez/practica_creativa/venv-airflow/lib/python3.11/site-packages/airflow/example_dags/example_complex.py
[2025-06-17T13:36:45.354+0200] {processor.py:743} INFO - Processing file /home/monica.fernandez/practica_creativa/venv-airflow/lib/python3.11/site-packages/airflow/example_dags/example_complex.py for tasks to queue
[2025-06-17T13:36:45.354+0200] {logging_mixin.py:137} INFO - [2025-06-17T13:36:45.354+0200] {dagbag.py:538} INFO - Filling up the DagBag from /home/monica.fernandez/practica_creativa/venv-airflow/lib/python3.11/site-packages/airflow/example_dags/example_complex.py
[2025-06-17T13:36:45.372+0200] {logging_mixin.py:137} INFO - [2025-06-17T13:36:45.372+0200] {taskmixin.py:205} WARNING - Dependency <Task(BashOperator): create_entry_group>, delete_entry_group already registered for DAG: example_complex
[2025-06-17T13:36:45.372+0200] {logging_mixin.py:137} INFO - [2025-06-17T13:36:45.372+0200] {taskmixin.py:205} WARNING - Dependency <Task(BashOperator): delete_entry_group>, create_entry_group already registered for DAG: example_complex
[2025-06-17T13:36:45.373+0200] {logging_mixin.py:137} INFO - [2025-06-17T13:36:45.373+0200] {taskmixin.py:205} WARNING - Dependency <Task(BashOperator): create_entry_gcs>, delete_entry already registered for DAG: example_complex
[2025-06-17T13:36:45.373+0200] {logging_mixin.py:137} INFO - [2025-06-17T13:36:45.373+0200] {taskmixin.py:205} WARNING - Dependency <Task(BashOperator): delete_entry>, create_entry_gcs already registered for DAG: example_complex
[2025-06-17T13:36:45.373+0200] {logging_mixin.py:137} INFO - [2025-06-17T13:36:45.373+0200] {taskmixin.py:205} WARNING - Dependency <Task(BashOperator): create_tag>, delete_tag already registered for DAG: example_complex
[2025-06-17T13:36:45.373+0200] {logging_mixin.py:137} INFO - [2025-06-17T13:36:45.373+0200] {taskmixin.py:205} WARNING - Dependency <Task(BashOperator): delete_tag>, create_tag already registered for DAG: example_complex
[2025-06-17T13:36:45.375+0200] {processor.py:753} INFO - DAG(s) dict_keys(['example_complex']) retrieved from /home/monica.fernandez/practica_creativa/venv-airflow/lib/python3.11/site-packages/airflow/example_dags/example_complex.py
[2025-06-17T13:36:45.422+0200] {logging_mixin.py:137} INFO - [2025-06-17T13:36:45.422+0200] {dag.py:2690} INFO - Sync 1 DAGs
[2025-06-17T13:36:45.455+0200] {logging_mixin.py:137} INFO - [2025-06-17T13:36:45.455+0200] {dag.py:3437} INFO - Setting next_dagrun for example_complex to None, run_after=None
[2025-06-17T13:36:45.535+0200] {processor.py:175} INFO - Processing /home/monica.fernandez/practica_creativa/venv-airflow/lib/python3.11/site-packages/airflow/example_dags/example_complex.py took 0.186 seconds
[2025-06-17T13:36:46.643+0200] {processor.py:153} INFO - Started process (PID=103194) to work on /home/monica.fernandez/practica_creativa/venv-airflow/lib/python3.11/site-packages/airflow/example_dags/example_complex.py
[2025-06-17T13:36:46.644+0200] {processor.py:743} INFO - Processing file /home/monica.fernandez/practica_creativa/venv-airflow/lib/python3.11/site-packages/airflow/example_dags/example_complex.py for tasks to queue
[2025-06-17T13:36:46.645+0200] {logging_mixin.py:137} INFO - [2025-06-17T13:36:46.645+0200] {dagbag.py:538} INFO - Filling up the DagBag from /home/monica.fernandez/practica_creativa/venv-airflow/lib/python3.11/site-packages/airflow/example_dags/example_complex.py
[2025-06-17T13:36:46.661+0200] {logging_mixin.py:137} INFO - [2025-06-17T13:36:46.661+0200] {taskmixin.py:205} WARNING - Dependency <Task(BashOperator): create_entry_group>, delete_entry_group already registered for DAG: example_complex
[2025-06-17T13:36:46.662+0200] {logging_mixin.py:137} INFO - [2025-06-17T13:36:46.662+0200] {taskmixin.py:205} WARNING - Dependency <Task(BashOperator): delete_entry_group>, create_entry_group already registered for DAG: example_complex
[2025-06-17T13:36:46.662+0200] {logging_mixin.py:137} INFO - [2025-06-17T13:36:46.662+0200] {taskmixin.py:205} WARNING - Dependency <Task(BashOperator): create_entry_gcs>, delete_entry already registered for DAG: example_complex
[2025-06-17T13:36:46.662+0200] {logging_mixin.py:137} INFO - [2025-06-17T13:36:46.662+0200] {taskmixin.py:205} WARNING - Dependency <Task(BashOperator): delete_entry>, create_entry_gcs already registered for DAG: example_complex
[2025-06-17T13:36:46.663+0200] {logging_mixin.py:137} INFO - [2025-06-17T13:36:46.663+0200] {taskmixin.py:205} WARNING - Dependency <Task(BashOperator): create_tag>, delete_tag already registered for DAG: example_complex
[2025-06-17T13:36:46.663+0200] {logging_mixin.py:137} INFO - [2025-06-17T13:36:46.663+0200] {taskmixin.py:205} WARNING - Dependency <Task(BashOperator): delete_tag>, create_tag already registered for DAG: example_complex
[2025-06-17T13:36:46.665+0200] {processor.py:753} INFO - DAG(s) dict_keys(['example_complex']) retrieved from /home/monica.fernandez/practica_creativa/venv-airflow/lib/python3.11/site-packages/airflow/example_dags/example_complex.py
[2025-06-17T13:36:46.750+0200] {logging_mixin.py:137} INFO - [2025-06-17T13:36:46.749+0200] {dag.py:2690} INFO - Sync 1 DAGs
[2025-06-17T13:36:46.780+0200] {logging_mixin.py:137} INFO - [2025-06-17T13:36:46.780+0200] {dag.py:3437} INFO - Setting next_dagrun for example_complex to None, run_after=None
[2025-06-17T13:36:46.843+0200] {processor.py:175} INFO - Processing /home/monica.fernandez/practica_creativa/venv-airflow/lib/python3.11/site-packages/airflow/example_dags/example_complex.py took 0.205 seconds
[2025-06-17T13:37:36.783+0200] {processor.py:153} INFO - Started process (PID=103801) to work on /home/monica.fernandez/practica_creativa/venv-airflow/lib/python3.11/site-packages/airflow/example_dags/example_complex.py
[2025-06-17T13:37:36.789+0200] {processor.py:743} INFO - Processing file /home/monica.fernandez/practica_creativa/venv-airflow/lib/python3.11/site-packages/airflow/example_dags/example_complex.py for tasks to queue
[2025-06-17T13:37:36.793+0200] {logging_mixin.py:137} INFO - [2025-06-17T13:37:36.792+0200] {dagbag.py:538} INFO - Filling up the DagBag from /home/monica.fernandez/practica_creativa/venv-airflow/lib/python3.11/site-packages/airflow/example_dags/example_complex.py
[2025-06-17T13:37:36.828+0200] {logging_mixin.py:137} INFO - [2025-06-17T13:37:36.827+0200] {taskmixin.py:205} WARNING - Dependency <Task(BashOperator): create_entry_group>, delete_entry_group already registered for DAG: example_complex
[2025-06-17T13:37:36.828+0200] {logging_mixin.py:137} INFO - [2025-06-17T13:37:36.828+0200] {taskmixin.py:205} WARNING - Dependency <Task(BashOperator): delete_entry_group>, create_entry_group already registered for DAG: example_complex
[2025-06-17T13:37:36.829+0200] {logging_mixin.py:137} INFO - [2025-06-17T13:37:36.829+0200] {taskmixin.py:205} WARNING - Dependency <Task(BashOperator): create_entry_gcs>, delete_entry already registered for DAG: example_complex
[2025-06-17T13:37:36.829+0200] {logging_mixin.py:137} INFO - [2025-06-17T13:37:36.829+0200] {taskmixin.py:205} WARNING - Dependency <Task(BashOperator): delete_entry>, create_entry_gcs already registered for DAG: example_complex
[2025-06-17T13:37:36.830+0200] {logging_mixin.py:137} INFO - [2025-06-17T13:37:36.830+0200] {taskmixin.py:205} WARNING - Dependency <Task(BashOperator): create_tag>, delete_tag already registered for DAG: example_complex
[2025-06-17T13:37:36.831+0200] {logging_mixin.py:137} INFO - [2025-06-17T13:37:36.830+0200] {taskmixin.py:205} WARNING - Dependency <Task(BashOperator): delete_tag>, create_tag already registered for DAG: example_complex
[2025-06-17T13:37:36.832+0200] {processor.py:753} INFO - DAG(s) dict_keys(['example_complex']) retrieved from /home/monica.fernandez/practica_creativa/venv-airflow/lib/python3.11/site-packages/airflow/example_dags/example_complex.py
[2025-06-17T13:37:36.925+0200] {logging_mixin.py:137} INFO - [2025-06-17T13:37:36.922+0200] {dag.py:2690} INFO - Sync 1 DAGs
[2025-06-17T13:37:36.980+0200] {logging_mixin.py:137} INFO - [2025-06-17T13:37:36.980+0200] {dag.py:3437} INFO - Setting next_dagrun for example_complex to None, run_after=None
[2025-06-17T13:37:37.116+0200] {processor.py:175} INFO - Processing /home/monica.fernandez/practica_creativa/venv-airflow/lib/python3.11/site-packages/airflow/example_dags/example_complex.py took 0.338 seconds
[2025-06-17T13:38:39.762+0200] {processor.py:153} INFO - Started process (PID=104608) to work on /home/monica.fernandez/practica_creativa/venv-airflow/lib/python3.11/site-packages/airflow/example_dags/example_complex.py
[2025-06-17T13:38:39.763+0200] {processor.py:743} INFO - Processing file /home/monica.fernandez/practica_creativa/venv-airflow/lib/python3.11/site-packages/airflow/example_dags/example_complex.py for tasks to queue
[2025-06-17T13:38:39.763+0200] {logging_mixin.py:137} INFO - [2025-06-17T13:38:39.763+0200] {dagbag.py:538} INFO - Filling up the DagBag from /home/monica.fernandez/practica_creativa/venv-airflow/lib/python3.11/site-packages/airflow/example_dags/example_complex.py
[2025-06-17T13:38:39.775+0200] {logging_mixin.py:137} INFO - [2025-06-17T13:38:39.775+0200] {taskmixin.py:205} WARNING - Dependency <Task(BashOperator): create_entry_group>, delete_entry_group already registered for DAG: example_complex
[2025-06-17T13:38:39.775+0200] {logging_mixin.py:137} INFO - [2025-06-17T13:38:39.775+0200] {taskmixin.py:205} WARNING - Dependency <Task(BashOperator): delete_entry_group>, create_entry_group already registered for DAG: example_complex
[2025-06-17T13:38:39.776+0200] {logging_mixin.py:137} INFO - [2025-06-17T13:38:39.775+0200] {taskmixin.py:205} WARNING - Dependency <Task(BashOperator): create_entry_gcs>, delete_entry already registered for DAG: example_complex
[2025-06-17T13:38:39.776+0200] {logging_mixin.py:137} INFO - [2025-06-17T13:38:39.776+0200] {taskmixin.py:205} WARNING - Dependency <Task(BashOperator): delete_entry>, create_entry_gcs already registered for DAG: example_complex
[2025-06-17T13:38:39.776+0200] {logging_mixin.py:137} INFO - [2025-06-17T13:38:39.776+0200] {taskmixin.py:205} WARNING - Dependency <Task(BashOperator): create_tag>, delete_tag already registered for DAG: example_complex
[2025-06-17T13:38:39.776+0200] {logging_mixin.py:137} INFO - [2025-06-17T13:38:39.776+0200] {taskmixin.py:205} WARNING - Dependency <Task(BashOperator): delete_tag>, create_tag already registered for DAG: example_complex
[2025-06-17T13:38:39.777+0200] {processor.py:753} INFO - DAG(s) dict_keys(['example_complex']) retrieved from /home/monica.fernandez/practica_creativa/venv-airflow/lib/python3.11/site-packages/airflow/example_dags/example_complex.py
[2025-06-17T13:38:39.824+0200] {logging_mixin.py:137} INFO - [2025-06-17T13:38:39.823+0200] {dag.py:2690} INFO - Sync 1 DAGs
[2025-06-17T13:38:39.867+0200] {logging_mixin.py:137} INFO - [2025-06-17T13:38:39.867+0200] {dag.py:3437} INFO - Setting next_dagrun for example_complex to None, run_after=None
[2025-06-17T13:38:39.962+0200] {processor.py:175} INFO - Processing /home/monica.fernandez/practica_creativa/venv-airflow/lib/python3.11/site-packages/airflow/example_dags/example_complex.py took 0.206 seconds
[2025-06-17T13:43:13.854+0200] {processor.py:153} INFO - Started process (PID=107911) to work on /home/monica.fernandez/practica_creativa/venv-airflow/lib/python3.11/site-packages/airflow/example_dags/example_complex.py
[2025-06-17T13:43:13.854+0200] {processor.py:743} INFO - Processing file /home/monica.fernandez/practica_creativa/venv-airflow/lib/python3.11/site-packages/airflow/example_dags/example_complex.py for tasks to queue
[2025-06-17T13:43:13.856+0200] {logging_mixin.py:137} INFO - [2025-06-17T13:43:13.856+0200] {dagbag.py:538} INFO - Filling up the DagBag from /home/monica.fernandez/practica_creativa/venv-airflow/lib/python3.11/site-packages/airflow/example_dags/example_complex.py
[2025-06-17T13:43:13.882+0200] {logging_mixin.py:137} INFO - [2025-06-17T13:43:13.882+0200] {taskmixin.py:205} WARNING - Dependency <Task(BashOperator): create_entry_group>, delete_entry_group already registered for DAG: example_complex
[2025-06-17T13:43:13.882+0200] {logging_mixin.py:137} INFO - [2025-06-17T13:43:13.882+0200] {taskmixin.py:205} WARNING - Dependency <Task(BashOperator): delete_entry_group>, create_entry_group already registered for DAG: example_complex
[2025-06-17T13:43:13.882+0200] {logging_mixin.py:137} INFO - [2025-06-17T13:43:13.882+0200] {taskmixin.py:205} WARNING - Dependency <Task(BashOperator): create_entry_gcs>, delete_entry already registered for DAG: example_complex
[2025-06-17T13:43:13.883+0200] {logging_mixin.py:137} INFO - [2025-06-17T13:43:13.883+0200] {taskmixin.py:205} WARNING - Dependency <Task(BashOperator): delete_entry>, create_entry_gcs already registered for DAG: example_complex
[2025-06-17T13:43:13.884+0200] {logging_mixin.py:137} INFO - [2025-06-17T13:43:13.883+0200] {taskmixin.py:205} WARNING - Dependency <Task(BashOperator): create_tag>, delete_tag already registered for DAG: example_complex
[2025-06-17T13:43:13.884+0200] {logging_mixin.py:137} INFO - [2025-06-17T13:43:13.884+0200] {taskmixin.py:205} WARNING - Dependency <Task(BashOperator): delete_tag>, create_tag already registered for DAG: example_complex
[2025-06-17T13:43:13.898+0200] {processor.py:753} INFO - DAG(s) dict_keys(['example_complex']) retrieved from /home/monica.fernandez/practica_creativa/venv-airflow/lib/python3.11/site-packages/airflow/example_dags/example_complex.py
[2025-06-17T13:43:13.953+0200] {logging_mixin.py:137} INFO - [2025-06-17T13:43:13.953+0200] {dag.py:2690} INFO - Sync 1 DAGs
[2025-06-17T13:43:14.019+0200] {logging_mixin.py:137} INFO - [2025-06-17T13:43:14.018+0200] {dag.py:3437} INFO - Setting next_dagrun for example_complex to None, run_after=None
[2025-06-17T13:43:14.135+0200] {processor.py:175} INFO - Processing /home/monica.fernandez/practica_creativa/venv-airflow/lib/python3.11/site-packages/airflow/example_dags/example_complex.py took 0.289 seconds
[2025-06-17T13:44:11.858+0200] {processor.py:153} INFO - Started process (PID=108416) to work on /home/monica.fernandez/practica_creativa/venv-airflow/lib/python3.11/site-packages/airflow/example_dags/example_complex.py
[2025-06-17T13:44:11.859+0200] {processor.py:743} INFO - Processing file /home/monica.fernandez/practica_creativa/venv-airflow/lib/python3.11/site-packages/airflow/example_dags/example_complex.py for tasks to queue
[2025-06-17T13:44:11.860+0200] {logging_mixin.py:137} INFO - [2025-06-17T13:44:11.860+0200] {dagbag.py:538} INFO - Filling up the DagBag from /home/monica.fernandez/practica_creativa/venv-airflow/lib/python3.11/site-packages/airflow/example_dags/example_complex.py
[2025-06-17T13:44:11.877+0200] {logging_mixin.py:137} INFO - [2025-06-17T13:44:11.876+0200] {taskmixin.py:205} WARNING - Dependency <Task(BashOperator): create_entry_group>, delete_entry_group already registered for DAG: example_complex
[2025-06-17T13:44:11.877+0200] {logging_mixin.py:137} INFO - [2025-06-17T13:44:11.877+0200] {taskmixin.py:205} WARNING - Dependency <Task(BashOperator): delete_entry_group>, create_entry_group already registered for DAG: example_complex
[2025-06-17T13:44:11.877+0200] {logging_mixin.py:137} INFO - [2025-06-17T13:44:11.877+0200] {taskmixin.py:205} WARNING - Dependency <Task(BashOperator): create_entry_gcs>, delete_entry already registered for DAG: example_complex
[2025-06-17T13:44:11.877+0200] {logging_mixin.py:137} INFO - [2025-06-17T13:44:11.877+0200] {taskmixin.py:205} WARNING - Dependency <Task(BashOperator): delete_entry>, create_entry_gcs already registered for DAG: example_complex
[2025-06-17T13:44:11.878+0200] {logging_mixin.py:137} INFO - [2025-06-17T13:44:11.878+0200] {taskmixin.py:205} WARNING - Dependency <Task(BashOperator): create_tag>, delete_tag already registered for DAG: example_complex
[2025-06-17T13:44:11.878+0200] {logging_mixin.py:137} INFO - [2025-06-17T13:44:11.878+0200] {taskmixin.py:205} WARNING - Dependency <Task(BashOperator): delete_tag>, create_tag already registered for DAG: example_complex
[2025-06-17T13:44:11.880+0200] {processor.py:753} INFO - DAG(s) dict_keys(['example_complex']) retrieved from /home/monica.fernandez/practica_creativa/venv-airflow/lib/python3.11/site-packages/airflow/example_dags/example_complex.py
[2025-06-17T13:44:11.925+0200] {logging_mixin.py:137} INFO - [2025-06-17T13:44:11.925+0200] {dag.py:2690} INFO - Sync 1 DAGs
[2025-06-17T13:44:11.957+0200] {logging_mixin.py:137} INFO - [2025-06-17T13:44:11.957+0200] {dag.py:3437} INFO - Setting next_dagrun for example_complex to None, run_after=None
[2025-06-17T13:44:12.035+0200] {processor.py:175} INFO - Processing /home/monica.fernandez/practica_creativa/venv-airflow/lib/python3.11/site-packages/airflow/example_dags/example_complex.py took 0.181 seconds
[2025-06-17T13:45:08.399+0200] {processor.py:153} INFO - Started process (PID=109069) to work on /home/monica.fernandez/practica_creativa/venv-airflow/lib/python3.11/site-packages/airflow/example_dags/example_complex.py
[2025-06-17T13:45:08.407+0200] {processor.py:743} INFO - Processing file /home/monica.fernandez/practica_creativa/venv-airflow/lib/python3.11/site-packages/airflow/example_dags/example_complex.py for tasks to queue
[2025-06-17T13:45:08.408+0200] {logging_mixin.py:137} INFO - [2025-06-17T13:45:08.408+0200] {dagbag.py:538} INFO - Filling up the DagBag from /home/monica.fernandez/practica_creativa/venv-airflow/lib/python3.11/site-packages/airflow/example_dags/example_complex.py
[2025-06-17T13:45:08.438+0200] {logging_mixin.py:137} INFO - [2025-06-17T13:45:08.438+0200] {taskmixin.py:205} WARNING - Dependency <Task(BashOperator): create_entry_group>, delete_entry_group already registered for DAG: example_complex
[2025-06-17T13:45:08.439+0200] {logging_mixin.py:137} INFO - [2025-06-17T13:45:08.439+0200] {taskmixin.py:205} WARNING - Dependency <Task(BashOperator): delete_entry_group>, create_entry_group already registered for DAG: example_complex
[2025-06-17T13:45:08.439+0200] {logging_mixin.py:137} INFO - [2025-06-17T13:45:08.439+0200] {taskmixin.py:205} WARNING - Dependency <Task(BashOperator): create_entry_gcs>, delete_entry already registered for DAG: example_complex
[2025-06-17T13:45:08.439+0200] {logging_mixin.py:137} INFO - [2025-06-17T13:45:08.439+0200] {taskmixin.py:205} WARNING - Dependency <Task(BashOperator): delete_entry>, create_entry_gcs already registered for DAG: example_complex
[2025-06-17T13:45:08.445+0200] {logging_mixin.py:137} INFO - [2025-06-17T13:45:08.444+0200] {taskmixin.py:205} WARNING - Dependency <Task(BashOperator): create_tag>, delete_tag already registered for DAG: example_complex
[2025-06-17T13:45:08.445+0200] {logging_mixin.py:137} INFO - [2025-06-17T13:45:08.445+0200] {taskmixin.py:205} WARNING - Dependency <Task(BashOperator): delete_tag>, create_tag already registered for DAG: example_complex
[2025-06-17T13:45:08.446+0200] {processor.py:753} INFO - DAG(s) dict_keys(['example_complex']) retrieved from /home/monica.fernandez/practica_creativa/venv-airflow/lib/python3.11/site-packages/airflow/example_dags/example_complex.py
[2025-06-17T13:45:08.561+0200] {logging_mixin.py:137} INFO - [2025-06-17T13:45:08.561+0200] {dag.py:2690} INFO - Sync 1 DAGs
[2025-06-17T13:45:08.631+0200] {logging_mixin.py:137} INFO - [2025-06-17T13:45:08.631+0200] {dag.py:3437} INFO - Setting next_dagrun for example_complex to None, run_after=None
[2025-06-17T13:45:08.748+0200] {processor.py:175} INFO - Processing /home/monica.fernandez/practica_creativa/venv-airflow/lib/python3.11/site-packages/airflow/example_dags/example_complex.py took 0.357 seconds
[2025-06-17T13:46:07.970+0200] {processor.py:153} INFO - Started process (PID=109796) to work on /home/monica.fernandez/practica_creativa/venv-airflow/lib/python3.11/site-packages/airflow/example_dags/example_complex.py
[2025-06-17T13:46:07.971+0200] {processor.py:743} INFO - Processing file /home/monica.fernandez/practica_creativa/venv-airflow/lib/python3.11/site-packages/airflow/example_dags/example_complex.py for tasks to queue
[2025-06-17T13:46:07.972+0200] {logging_mixin.py:137} INFO - [2025-06-17T13:46:07.972+0200] {dagbag.py:538} INFO - Filling up the DagBag from /home/monica.fernandez/practica_creativa/venv-airflow/lib/python3.11/site-packages/airflow/example_dags/example_complex.py
[2025-06-17T13:46:07.983+0200] {logging_mixin.py:137} INFO - [2025-06-17T13:46:07.983+0200] {taskmixin.py:205} WARNING - Dependency <Task(BashOperator): create_entry_group>, delete_entry_group already registered for DAG: example_complex
[2025-06-17T13:46:07.984+0200] {logging_mixin.py:137} INFO - [2025-06-17T13:46:07.983+0200] {taskmixin.py:205} WARNING - Dependency <Task(BashOperator): delete_entry_group>, create_entry_group already registered for DAG: example_complex
[2025-06-17T13:46:07.984+0200] {logging_mixin.py:137} INFO - [2025-06-17T13:46:07.984+0200] {taskmixin.py:205} WARNING - Dependency <Task(BashOperator): create_entry_gcs>, delete_entry already registered for DAG: example_complex
[2025-06-17T13:46:07.984+0200] {logging_mixin.py:137} INFO - [2025-06-17T13:46:07.984+0200] {taskmixin.py:205} WARNING - Dependency <Task(BashOperator): delete_entry>, create_entry_gcs already registered for DAG: example_complex
[2025-06-17T13:46:07.984+0200] {logging_mixin.py:137} INFO - [2025-06-17T13:46:07.984+0200] {taskmixin.py:205} WARNING - Dependency <Task(BashOperator): create_tag>, delete_tag already registered for DAG: example_complex
[2025-06-17T13:46:07.984+0200] {logging_mixin.py:137} INFO - [2025-06-17T13:46:07.984+0200] {taskmixin.py:205} WARNING - Dependency <Task(BashOperator): delete_tag>, create_tag already registered for DAG: example_complex
[2025-06-17T13:46:07.985+0200] {processor.py:753} INFO - DAG(s) dict_keys(['example_complex']) retrieved from /home/monica.fernandez/practica_creativa/venv-airflow/lib/python3.11/site-packages/airflow/example_dags/example_complex.py
[2025-06-17T13:46:08.021+0200] {logging_mixin.py:137} INFO - [2025-06-17T13:46:08.021+0200] {dag.py:2690} INFO - Sync 1 DAGs
[2025-06-17T13:46:08.048+0200] {logging_mixin.py:137} INFO - [2025-06-17T13:46:08.048+0200] {dag.py:3437} INFO - Setting next_dagrun for example_complex to None, run_after=None
[2025-06-17T13:46:08.103+0200] {processor.py:175} INFO - Processing /home/monica.fernandez/practica_creativa/venv-airflow/lib/python3.11/site-packages/airflow/example_dags/example_complex.py took 0.135 seconds
[2025-06-17T13:47:07.091+0200] {processor.py:153} INFO - Started process (PID=110637) to work on /home/monica.fernandez/practica_creativa/venv-airflow/lib/python3.11/site-packages/airflow/example_dags/example_complex.py
[2025-06-17T13:47:07.092+0200] {processor.py:743} INFO - Processing file /home/monica.fernandez/practica_creativa/venv-airflow/lib/python3.11/site-packages/airflow/example_dags/example_complex.py for tasks to queue
[2025-06-17T13:47:07.092+0200] {logging_mixin.py:137} INFO - [2025-06-17T13:47:07.092+0200] {dagbag.py:538} INFO - Filling up the DagBag from /home/monica.fernandez/practica_creativa/venv-airflow/lib/python3.11/site-packages/airflow/example_dags/example_complex.py
[2025-06-17T13:47:07.103+0200] {logging_mixin.py:137} INFO - [2025-06-17T13:47:07.103+0200] {taskmixin.py:205} WARNING - Dependency <Task(BashOperator): create_entry_group>, delete_entry_group already registered for DAG: example_complex
[2025-06-17T13:47:07.103+0200] {logging_mixin.py:137} INFO - [2025-06-17T13:47:07.103+0200] {taskmixin.py:205} WARNING - Dependency <Task(BashOperator): delete_entry_group>, create_entry_group already registered for DAG: example_complex
[2025-06-17T13:47:07.103+0200] {logging_mixin.py:137} INFO - [2025-06-17T13:47:07.103+0200] {taskmixin.py:205} WARNING - Dependency <Task(BashOperator): create_entry_gcs>, delete_entry already registered for DAG: example_complex
[2025-06-17T13:47:07.103+0200] {logging_mixin.py:137} INFO - [2025-06-17T13:47:07.103+0200] {taskmixin.py:205} WARNING - Dependency <Task(BashOperator): delete_entry>, create_entry_gcs already registered for DAG: example_complex
[2025-06-17T13:47:07.104+0200] {logging_mixin.py:137} INFO - [2025-06-17T13:47:07.104+0200] {taskmixin.py:205} WARNING - Dependency <Task(BashOperator): create_tag>, delete_tag already registered for DAG: example_complex
[2025-06-17T13:47:07.104+0200] {logging_mixin.py:137} INFO - [2025-06-17T13:47:07.104+0200] {taskmixin.py:205} WARNING - Dependency <Task(BashOperator): delete_tag>, create_tag already registered for DAG: example_complex
[2025-06-17T13:47:07.105+0200] {processor.py:753} INFO - DAG(s) dict_keys(['example_complex']) retrieved from /home/monica.fernandez/practica_creativa/venv-airflow/lib/python3.11/site-packages/airflow/example_dags/example_complex.py
[2025-06-17T13:47:07.136+0200] {logging_mixin.py:137} INFO - [2025-06-17T13:47:07.136+0200] {dag.py:2690} INFO - Sync 1 DAGs
[2025-06-17T13:47:07.158+0200] {logging_mixin.py:137} INFO - [2025-06-17T13:47:07.158+0200] {dag.py:3437} INFO - Setting next_dagrun for example_complex to None, run_after=None
[2025-06-17T13:47:07.208+0200] {processor.py:175} INFO - Processing /home/monica.fernandez/practica_creativa/venv-airflow/lib/python3.11/site-packages/airflow/example_dags/example_complex.py took 0.120 seconds
[2025-06-17T13:50:19.363+0200] {processor.py:153} INFO - Started process (PID=113451) to work on /home/monica.fernandez/practica_creativa/venv-airflow/lib/python3.11/site-packages/airflow/example_dags/example_complex.py
[2025-06-17T13:50:19.364+0200] {processor.py:743} INFO - Processing file /home/monica.fernandez/practica_creativa/venv-airflow/lib/python3.11/site-packages/airflow/example_dags/example_complex.py for tasks to queue
[2025-06-17T13:50:19.365+0200] {logging_mixin.py:137} INFO - [2025-06-17T13:50:19.365+0200] {dagbag.py:538} INFO - Filling up the DagBag from /home/monica.fernandez/practica_creativa/venv-airflow/lib/python3.11/site-packages/airflow/example_dags/example_complex.py
[2025-06-17T13:50:19.386+0200] {logging_mixin.py:137} INFO - [2025-06-17T13:50:19.386+0200] {taskmixin.py:205} WARNING - Dependency <Task(BashOperator): create_entry_group>, delete_entry_group already registered for DAG: example_complex
[2025-06-17T13:50:19.386+0200] {logging_mixin.py:137} INFO - [2025-06-17T13:50:19.386+0200] {taskmixin.py:205} WARNING - Dependency <Task(BashOperator): delete_entry_group>, create_entry_group already registered for DAG: example_complex
[2025-06-17T13:50:19.387+0200] {logging_mixin.py:137} INFO - [2025-06-17T13:50:19.387+0200] {taskmixin.py:205} WARNING - Dependency <Task(BashOperator): create_entry_gcs>, delete_entry already registered for DAG: example_complex
[2025-06-17T13:50:19.387+0200] {logging_mixin.py:137} INFO - [2025-06-17T13:50:19.387+0200] {taskmixin.py:205} WARNING - Dependency <Task(BashOperator): delete_entry>, create_entry_gcs already registered for DAG: example_complex
[2025-06-17T13:50:19.387+0200] {logging_mixin.py:137} INFO - [2025-06-17T13:50:19.387+0200] {taskmixin.py:205} WARNING - Dependency <Task(BashOperator): create_tag>, delete_tag already registered for DAG: example_complex
[2025-06-17T13:50:19.388+0200] {logging_mixin.py:137} INFO - [2025-06-17T13:50:19.387+0200] {taskmixin.py:205} WARNING - Dependency <Task(BashOperator): delete_tag>, create_tag already registered for DAG: example_complex
[2025-06-17T13:50:19.389+0200] {processor.py:753} INFO - DAG(s) dict_keys(['example_complex']) retrieved from /home/monica.fernandez/practica_creativa/venv-airflow/lib/python3.11/site-packages/airflow/example_dags/example_complex.py
[2025-06-17T13:50:19.434+0200] {logging_mixin.py:137} INFO - [2025-06-17T13:50:19.434+0200] {dag.py:2690} INFO - Sync 1 DAGs
[2025-06-17T13:50:19.470+0200] {logging_mixin.py:137} INFO - [2025-06-17T13:50:19.470+0200] {dag.py:3437} INFO - Setting next_dagrun for example_complex to None, run_after=None
[2025-06-17T13:50:19.544+0200] {processor.py:175} INFO - Processing /home/monica.fernandez/practica_creativa/venv-airflow/lib/python3.11/site-packages/airflow/example_dags/example_complex.py took 0.186 seconds
[2025-06-17T19:24:57.366+0200] {processor.py:153} INFO - Started process (PID=159542) to work on /home/monica.fernandez/practica_creativa/venv-airflow/lib/python3.11/site-packages/airflow/example_dags/example_complex.py
[2025-06-17T19:24:57.367+0200] {processor.py:743} INFO - Processing file /home/monica.fernandez/practica_creativa/venv-airflow/lib/python3.11/site-packages/airflow/example_dags/example_complex.py for tasks to queue
[2025-06-17T19:24:57.368+0200] {logging_mixin.py:137} INFO - [2025-06-17T19:24:57.368+0200] {dagbag.py:538} INFO - Filling up the DagBag from /home/monica.fernandez/practica_creativa/venv-airflow/lib/python3.11/site-packages/airflow/example_dags/example_complex.py
[2025-06-17T19:24:57.381+0200] {logging_mixin.py:137} INFO - [2025-06-17T19:24:57.381+0200] {taskmixin.py:205} WARNING - Dependency <Task(BashOperator): create_entry_group>, delete_entry_group already registered for DAG: example_complex
[2025-06-17T19:24:57.382+0200] {logging_mixin.py:137} INFO - [2025-06-17T19:24:57.382+0200] {taskmixin.py:205} WARNING - Dependency <Task(BashOperator): delete_entry_group>, create_entry_group already registered for DAG: example_complex
[2025-06-17T19:24:57.382+0200] {logging_mixin.py:137} INFO - [2025-06-17T19:24:57.382+0200] {taskmixin.py:205} WARNING - Dependency <Task(BashOperator): create_entry_gcs>, delete_entry already registered for DAG: example_complex
[2025-06-17T19:24:57.382+0200] {logging_mixin.py:137} INFO - [2025-06-17T19:24:57.382+0200] {taskmixin.py:205} WARNING - Dependency <Task(BashOperator): delete_entry>, create_entry_gcs already registered for DAG: example_complex
[2025-06-17T19:24:57.382+0200] {logging_mixin.py:137} INFO - [2025-06-17T19:24:57.382+0200] {taskmixin.py:205} WARNING - Dependency <Task(BashOperator): create_tag>, delete_tag already registered for DAG: example_complex
[2025-06-17T19:24:57.382+0200] {logging_mixin.py:137} INFO - [2025-06-17T19:24:57.382+0200] {taskmixin.py:205} WARNING - Dependency <Task(BashOperator): delete_tag>, create_tag already registered for DAG: example_complex
[2025-06-17T19:24:57.392+0200] {processor.py:753} INFO - DAG(s) dict_keys(['example_complex']) retrieved from /home/monica.fernandez/practica_creativa/venv-airflow/lib/python3.11/site-packages/airflow/example_dags/example_complex.py
[2025-06-17T19:24:57.424+0200] {logging_mixin.py:137} INFO - [2025-06-17T19:24:57.424+0200] {dag.py:2690} INFO - Sync 1 DAGs
[2025-06-17T19:24:57.449+0200] {logging_mixin.py:137} INFO - [2025-06-17T19:24:57.448+0200] {dag.py:3437} INFO - Setting next_dagrun for example_complex to None, run_after=None
[2025-06-17T19:24:57.503+0200] {processor.py:175} INFO - Processing /home/monica.fernandez/practica_creativa/venv-airflow/lib/python3.11/site-packages/airflow/example_dags/example_complex.py took 0.141 seconds
[2025-06-17T19:25:51.037+0200] {processor.py:153} INFO - Started process (PID=160003) to work on /home/monica.fernandez/practica_creativa/venv-airflow/lib/python3.11/site-packages/airflow/example_dags/example_complex.py
[2025-06-17T19:25:51.038+0200] {processor.py:743} INFO - Processing file /home/monica.fernandez/practica_creativa/venv-airflow/lib/python3.11/site-packages/airflow/example_dags/example_complex.py for tasks to queue
[2025-06-17T19:25:51.038+0200] {logging_mixin.py:137} INFO - [2025-06-17T19:25:51.038+0200] {dagbag.py:538} INFO - Filling up the DagBag from /home/monica.fernandez/practica_creativa/venv-airflow/lib/python3.11/site-packages/airflow/example_dags/example_complex.py
[2025-06-17T19:25:51.055+0200] {logging_mixin.py:137} INFO - [2025-06-17T19:25:51.055+0200] {taskmixin.py:205} WARNING - Dependency <Task(BashOperator): create_entry_group>, delete_entry_group already registered for DAG: example_complex
[2025-06-17T19:25:51.056+0200] {logging_mixin.py:137} INFO - [2025-06-17T19:25:51.056+0200] {taskmixin.py:205} WARNING - Dependency <Task(BashOperator): delete_entry_group>, create_entry_group already registered for DAG: example_complex
[2025-06-17T19:25:51.056+0200] {logging_mixin.py:137} INFO - [2025-06-17T19:25:51.056+0200] {taskmixin.py:205} WARNING - Dependency <Task(BashOperator): create_entry_gcs>, delete_entry already registered for DAG: example_complex
[2025-06-17T19:25:51.056+0200] {logging_mixin.py:137} INFO - [2025-06-17T19:25:51.056+0200] {taskmixin.py:205} WARNING - Dependency <Task(BashOperator): delete_entry>, create_entry_gcs already registered for DAG: example_complex
[2025-06-17T19:25:51.057+0200] {logging_mixin.py:137} INFO - [2025-06-17T19:25:51.056+0200] {taskmixin.py:205} WARNING - Dependency <Task(BashOperator): create_tag>, delete_tag already registered for DAG: example_complex
[2025-06-17T19:25:51.057+0200] {logging_mixin.py:137} INFO - [2025-06-17T19:25:51.057+0200] {taskmixin.py:205} WARNING - Dependency <Task(BashOperator): delete_tag>, create_tag already registered for DAG: example_complex
[2025-06-17T19:25:51.071+0200] {processor.py:753} INFO - DAG(s) dict_keys(['example_complex']) retrieved from /home/monica.fernandez/practica_creativa/venv-airflow/lib/python3.11/site-packages/airflow/example_dags/example_complex.py
[2025-06-17T19:25:51.116+0200] {logging_mixin.py:137} INFO - [2025-06-17T19:25:51.116+0200] {dag.py:2690} INFO - Sync 1 DAGs
[2025-06-17T19:25:51.151+0200] {logging_mixin.py:137} INFO - [2025-06-17T19:25:51.150+0200] {dag.py:3437} INFO - Setting next_dagrun for example_complex to None, run_after=None
[2025-06-17T19:25:51.221+0200] {processor.py:175} INFO - Processing /home/monica.fernandez/practica_creativa/venv-airflow/lib/python3.11/site-packages/airflow/example_dags/example_complex.py took 0.188 seconds
[2025-06-17T19:26:50.678+0200] {processor.py:153} INFO - Started process (PID=160712) to work on /home/monica.fernandez/practica_creativa/venv-airflow/lib/python3.11/site-packages/airflow/example_dags/example_complex.py
[2025-06-17T19:26:50.679+0200] {processor.py:743} INFO - Processing file /home/monica.fernandez/practica_creativa/venv-airflow/lib/python3.11/site-packages/airflow/example_dags/example_complex.py for tasks to queue
[2025-06-17T19:26:50.680+0200] {logging_mixin.py:137} INFO - [2025-06-17T19:26:50.679+0200] {dagbag.py:538} INFO - Filling up the DagBag from /home/monica.fernandez/practica_creativa/venv-airflow/lib/python3.11/site-packages/airflow/example_dags/example_complex.py
[2025-06-17T19:26:50.698+0200] {logging_mixin.py:137} INFO - [2025-06-17T19:26:50.698+0200] {taskmixin.py:205} WARNING - Dependency <Task(BashOperator): create_entry_group>, delete_entry_group already registered for DAG: example_complex
[2025-06-17T19:26:50.699+0200] {logging_mixin.py:137} INFO - [2025-06-17T19:26:50.698+0200] {taskmixin.py:205} WARNING - Dependency <Task(BashOperator): delete_entry_group>, create_entry_group already registered for DAG: example_complex
[2025-06-17T19:26:50.699+0200] {logging_mixin.py:137} INFO - [2025-06-17T19:26:50.699+0200] {taskmixin.py:205} WARNING - Dependency <Task(BashOperator): create_entry_gcs>, delete_entry already registered for DAG: example_complex
[2025-06-17T19:26:50.699+0200] {logging_mixin.py:137} INFO - [2025-06-17T19:26:50.699+0200] {taskmixin.py:205} WARNING - Dependency <Task(BashOperator): delete_entry>, create_entry_gcs already registered for DAG: example_complex
[2025-06-17T19:26:50.700+0200] {logging_mixin.py:137} INFO - [2025-06-17T19:26:50.699+0200] {taskmixin.py:205} WARNING - Dependency <Task(BashOperator): create_tag>, delete_tag already registered for DAG: example_complex
[2025-06-17T19:26:50.700+0200] {logging_mixin.py:137} INFO - [2025-06-17T19:26:50.700+0200] {taskmixin.py:205} WARNING - Dependency <Task(BashOperator): delete_tag>, create_tag already registered for DAG: example_complex
[2025-06-17T19:26:50.719+0200] {processor.py:753} INFO - DAG(s) dict_keys(['example_complex']) retrieved from /home/monica.fernandez/practica_creativa/venv-airflow/lib/python3.11/site-packages/airflow/example_dags/example_complex.py
[2025-06-17T19:26:50.764+0200] {logging_mixin.py:137} INFO - [2025-06-17T19:26:50.763+0200] {dag.py:2690} INFO - Sync 1 DAGs
[2025-06-17T19:26:50.799+0200] {logging_mixin.py:137} INFO - [2025-06-17T19:26:50.799+0200] {dag.py:3437} INFO - Setting next_dagrun for example_complex to None, run_after=None
[2025-06-17T19:26:50.869+0200] {processor.py:175} INFO - Processing /home/monica.fernandez/practica_creativa/venv-airflow/lib/python3.11/site-packages/airflow/example_dags/example_complex.py took 0.195 seconds
[2025-06-17T19:27:50.173+0200] {processor.py:153} INFO - Started process (PID=161249) to work on /home/monica.fernandez/practica_creativa/venv-airflow/lib/python3.11/site-packages/airflow/example_dags/example_complex.py
[2025-06-17T19:27:50.174+0200] {processor.py:743} INFO - Processing file /home/monica.fernandez/practica_creativa/venv-airflow/lib/python3.11/site-packages/airflow/example_dags/example_complex.py for tasks to queue
[2025-06-17T19:27:50.175+0200] {logging_mixin.py:137} INFO - [2025-06-17T19:27:50.175+0200] {dagbag.py:538} INFO - Filling up the DagBag from /home/monica.fernandez/practica_creativa/venv-airflow/lib/python3.11/site-packages/airflow/example_dags/example_complex.py
[2025-06-17T19:27:50.194+0200] {logging_mixin.py:137} INFO - [2025-06-17T19:27:50.194+0200] {taskmixin.py:205} WARNING - Dependency <Task(BashOperator): create_entry_group>, delete_entry_group already registered for DAG: example_complex
[2025-06-17T19:27:50.195+0200] {logging_mixin.py:137} INFO - [2025-06-17T19:27:50.195+0200] {taskmixin.py:205} WARNING - Dependency <Task(BashOperator): delete_entry_group>, create_entry_group already registered for DAG: example_complex
[2025-06-17T19:27:50.195+0200] {logging_mixin.py:137} INFO - [2025-06-17T19:27:50.195+0200] {taskmixin.py:205} WARNING - Dependency <Task(BashOperator): create_entry_gcs>, delete_entry already registered for DAG: example_complex
[2025-06-17T19:27:50.195+0200] {logging_mixin.py:137} INFO - [2025-06-17T19:27:50.195+0200] {taskmixin.py:205} WARNING - Dependency <Task(BashOperator): delete_entry>, create_entry_gcs already registered for DAG: example_complex
[2025-06-17T19:27:50.196+0200] {logging_mixin.py:137} INFO - [2025-06-17T19:27:50.196+0200] {taskmixin.py:205} WARNING - Dependency <Task(BashOperator): create_tag>, delete_tag already registered for DAG: example_complex
[2025-06-17T19:27:50.196+0200] {logging_mixin.py:137} INFO - [2025-06-17T19:27:50.196+0200] {taskmixin.py:205} WARNING - Dependency <Task(BashOperator): delete_tag>, create_tag already registered for DAG: example_complex
[2025-06-17T19:27:50.216+0200] {processor.py:753} INFO - DAG(s) dict_keys(['example_complex']) retrieved from /home/monica.fernandez/practica_creativa/venv-airflow/lib/python3.11/site-packages/airflow/example_dags/example_complex.py
[2025-06-17T19:27:50.266+0200] {logging_mixin.py:137} INFO - [2025-06-17T19:27:50.266+0200] {dag.py:2690} INFO - Sync 1 DAGs
[2025-06-17T19:27:50.304+0200] {logging_mixin.py:137} INFO - [2025-06-17T19:27:50.303+0200] {dag.py:3437} INFO - Setting next_dagrun for example_complex to None, run_after=None
[2025-06-17T19:27:50.372+0200] {processor.py:175} INFO - Processing /home/monica.fernandez/practica_creativa/venv-airflow/lib/python3.11/site-packages/airflow/example_dags/example_complex.py took 0.204 seconds
[2025-06-17T19:28:47.084+0200] {processor.py:153} INFO - Started process (PID=161607) to work on /home/monica.fernandez/practica_creativa/venv-airflow/lib/python3.11/site-packages/airflow/example_dags/example_complex.py
[2025-06-17T19:28:47.086+0200] {processor.py:743} INFO - Processing file /home/monica.fernandez/practica_creativa/venv-airflow/lib/python3.11/site-packages/airflow/example_dags/example_complex.py for tasks to queue
[2025-06-17T19:28:47.086+0200] {logging_mixin.py:137} INFO - [2025-06-17T19:28:47.086+0200] {dagbag.py:538} INFO - Filling up the DagBag from /home/monica.fernandez/practica_creativa/venv-airflow/lib/python3.11/site-packages/airflow/example_dags/example_complex.py
[2025-06-17T19:28:47.104+0200] {logging_mixin.py:137} INFO - [2025-06-17T19:28:47.104+0200] {taskmixin.py:205} WARNING - Dependency <Task(BashOperator): create_entry_group>, delete_entry_group already registered for DAG: example_complex
[2025-06-17T19:28:47.104+0200] {logging_mixin.py:137} INFO - [2025-06-17T19:28:47.104+0200] {taskmixin.py:205} WARNING - Dependency <Task(BashOperator): delete_entry_group>, create_entry_group already registered for DAG: example_complex
[2025-06-17T19:28:47.105+0200] {logging_mixin.py:137} INFO - [2025-06-17T19:28:47.105+0200] {taskmixin.py:205} WARNING - Dependency <Task(BashOperator): create_entry_gcs>, delete_entry already registered for DAG: example_complex
[2025-06-17T19:28:47.105+0200] {logging_mixin.py:137} INFO - [2025-06-17T19:28:47.105+0200] {taskmixin.py:205} WARNING - Dependency <Task(BashOperator): delete_entry>, create_entry_gcs already registered for DAG: example_complex
[2025-06-17T19:28:47.105+0200] {logging_mixin.py:137} INFO - [2025-06-17T19:28:47.105+0200] {taskmixin.py:205} WARNING - Dependency <Task(BashOperator): create_tag>, delete_tag already registered for DAG: example_complex
[2025-06-17T19:28:47.106+0200] {logging_mixin.py:137} INFO - [2025-06-17T19:28:47.106+0200] {taskmixin.py:205} WARNING - Dependency <Task(BashOperator): delete_tag>, create_tag already registered for DAG: example_complex
[2025-06-17T19:28:47.121+0200] {processor.py:753} INFO - DAG(s) dict_keys(['example_complex']) retrieved from /home/monica.fernandez/practica_creativa/venv-airflow/lib/python3.11/site-packages/airflow/example_dags/example_complex.py
[2025-06-17T19:28:47.171+0200] {logging_mixin.py:137} INFO - [2025-06-17T19:28:47.171+0200] {dag.py:2690} INFO - Sync 1 DAGs
[2025-06-17T19:28:47.210+0200] {logging_mixin.py:137} INFO - [2025-06-17T19:28:47.210+0200] {dag.py:3437} INFO - Setting next_dagrun for example_complex to None, run_after=None
[2025-06-17T19:28:47.284+0200] {processor.py:175} INFO - Processing /home/monica.fernandez/practica_creativa/venv-airflow/lib/python3.11/site-packages/airflow/example_dags/example_complex.py took 0.204 seconds
[2025-06-17T19:34:38.751+0200] {processor.py:153} INFO - Started process (PID=165523) to work on /home/monica.fernandez/practica_creativa/venv-airflow/lib/python3.11/site-packages/airflow/example_dags/example_complex.py
[2025-06-17T19:34:38.753+0200] {processor.py:743} INFO - Processing file /home/monica.fernandez/practica_creativa/venv-airflow/lib/python3.11/site-packages/airflow/example_dags/example_complex.py for tasks to queue
[2025-06-17T19:34:38.754+0200] {logging_mixin.py:137} INFO - [2025-06-17T19:34:38.753+0200] {dagbag.py:538} INFO - Filling up the DagBag from /home/monica.fernandez/practica_creativa/venv-airflow/lib/python3.11/site-packages/airflow/example_dags/example_complex.py
[2025-06-17T19:34:38.772+0200] {logging_mixin.py:137} INFO - [2025-06-17T19:34:38.772+0200] {taskmixin.py:205} WARNING - Dependency <Task(BashOperator): create_entry_group>, delete_entry_group already registered for DAG: example_complex
[2025-06-17T19:34:38.772+0200] {logging_mixin.py:137} INFO - [2025-06-17T19:34:38.772+0200] {taskmixin.py:205} WARNING - Dependency <Task(BashOperator): delete_entry_group>, create_entry_group already registered for DAG: example_complex
[2025-06-17T19:34:38.773+0200] {logging_mixin.py:137} INFO - [2025-06-17T19:34:38.773+0200] {taskmixin.py:205} WARNING - Dependency <Task(BashOperator): create_entry_gcs>, delete_entry already registered for DAG: example_complex
[2025-06-17T19:34:38.773+0200] {logging_mixin.py:137} INFO - [2025-06-17T19:34:38.773+0200] {taskmixin.py:205} WARNING - Dependency <Task(BashOperator): delete_entry>, create_entry_gcs already registered for DAG: example_complex
[2025-06-17T19:34:38.773+0200] {logging_mixin.py:137} INFO - [2025-06-17T19:34:38.773+0200] {taskmixin.py:205} WARNING - Dependency <Task(BashOperator): create_tag>, delete_tag already registered for DAG: example_complex
[2025-06-17T19:34:38.774+0200] {logging_mixin.py:137} INFO - [2025-06-17T19:34:38.774+0200] {taskmixin.py:205} WARNING - Dependency <Task(BashOperator): delete_tag>, create_tag already registered for DAG: example_complex
[2025-06-17T19:34:38.775+0200] {processor.py:753} INFO - DAG(s) dict_keys(['example_complex']) retrieved from /home/monica.fernandez/practica_creativa/venv-airflow/lib/python3.11/site-packages/airflow/example_dags/example_complex.py
[2025-06-17T19:34:38.820+0200] {logging_mixin.py:137} INFO - [2025-06-17T19:34:38.820+0200] {dag.py:2690} INFO - Sync 1 DAGs
[2025-06-17T19:34:38.854+0200] {logging_mixin.py:137} INFO - [2025-06-17T19:34:38.854+0200] {dag.py:3437} INFO - Setting next_dagrun for example_complex to None, run_after=None
[2025-06-17T19:34:38.926+0200] {processor.py:175} INFO - Processing /home/monica.fernandez/practica_creativa/venv-airflow/lib/python3.11/site-packages/airflow/example_dags/example_complex.py took 0.178 seconds
[2025-06-17T19:35:28.940+0200] {processor.py:153} INFO - Started process (PID=165943) to work on /home/monica.fernandez/practica_creativa/venv-airflow/lib/python3.11/site-packages/airflow/example_dags/example_complex.py
[2025-06-17T19:35:28.941+0200] {processor.py:743} INFO - Processing file /home/monica.fernandez/practica_creativa/venv-airflow/lib/python3.11/site-packages/airflow/example_dags/example_complex.py for tasks to queue
[2025-06-17T19:35:28.942+0200] {logging_mixin.py:137} INFO - [2025-06-17T19:35:28.942+0200] {dagbag.py:538} INFO - Filling up the DagBag from /home/monica.fernandez/practica_creativa/venv-airflow/lib/python3.11/site-packages/airflow/example_dags/example_complex.py
[2025-06-17T19:35:28.957+0200] {logging_mixin.py:137} INFO - [2025-06-17T19:35:28.956+0200] {taskmixin.py:205} WARNING - Dependency <Task(BashOperator): create_entry_group>, delete_entry_group already registered for DAG: example_complex
[2025-06-17T19:35:28.957+0200] {logging_mixin.py:137} INFO - [2025-06-17T19:35:28.957+0200] {taskmixin.py:205} WARNING - Dependency <Task(BashOperator): delete_entry_group>, create_entry_group already registered for DAG: example_complex
[2025-06-17T19:35:28.957+0200] {logging_mixin.py:137} INFO - [2025-06-17T19:35:28.957+0200] {taskmixin.py:205} WARNING - Dependency <Task(BashOperator): create_entry_gcs>, delete_entry already registered for DAG: example_complex
[2025-06-17T19:35:28.957+0200] {logging_mixin.py:137} INFO - [2025-06-17T19:35:28.957+0200] {taskmixin.py:205} WARNING - Dependency <Task(BashOperator): delete_entry>, create_entry_gcs already registered for DAG: example_complex
[2025-06-17T19:35:28.958+0200] {logging_mixin.py:137} INFO - [2025-06-17T19:35:28.957+0200] {taskmixin.py:205} WARNING - Dependency <Task(BashOperator): create_tag>, delete_tag already registered for DAG: example_complex
[2025-06-17T19:35:28.958+0200] {logging_mixin.py:137} INFO - [2025-06-17T19:35:28.958+0200] {taskmixin.py:205} WARNING - Dependency <Task(BashOperator): delete_tag>, create_tag already registered for DAG: example_complex
[2025-06-17T19:35:28.959+0200] {processor.py:753} INFO - DAG(s) dict_keys(['example_complex']) retrieved from /home/monica.fernandez/practica_creativa/venv-airflow/lib/python3.11/site-packages/airflow/example_dags/example_complex.py
[2025-06-17T19:35:29.020+0200] {logging_mixin.py:137} INFO - [2025-06-17T19:35:29.020+0200] {dag.py:2690} INFO - Sync 1 DAGs
[2025-06-17T19:35:29.077+0200] {logging_mixin.py:137} INFO - [2025-06-17T19:35:29.077+0200] {dag.py:3437} INFO - Setting next_dagrun for example_complex to None, run_after=None
[2025-06-17T19:35:29.172+0200] {processor.py:175} INFO - Processing /home/monica.fernandez/practica_creativa/venv-airflow/lib/python3.11/site-packages/airflow/example_dags/example_complex.py took 0.235 seconds
[2025-06-17T19:36:31.652+0200] {processor.py:153} INFO - Started process (PID=166698) to work on /home/monica.fernandez/practica_creativa/venv-airflow/lib/python3.11/site-packages/airflow/example_dags/example_complex.py
[2025-06-17T19:36:31.654+0200] {processor.py:743} INFO - Processing file /home/monica.fernandez/practica_creativa/venv-airflow/lib/python3.11/site-packages/airflow/example_dags/example_complex.py for tasks to queue
[2025-06-17T19:36:31.656+0200] {logging_mixin.py:137} INFO - [2025-06-17T19:36:31.655+0200] {dagbag.py:538} INFO - Filling up the DagBag from /home/monica.fernandez/practica_creativa/venv-airflow/lib/python3.11/site-packages/airflow/example_dags/example_complex.py
[2025-06-17T19:36:31.679+0200] {logging_mixin.py:137} INFO - [2025-06-17T19:36:31.678+0200] {taskmixin.py:205} WARNING - Dependency <Task(BashOperator): create_entry_group>, delete_entry_group already registered for DAG: example_complex
[2025-06-17T19:36:31.679+0200] {logging_mixin.py:137} INFO - [2025-06-17T19:36:31.679+0200] {taskmixin.py:205} WARNING - Dependency <Task(BashOperator): delete_entry_group>, create_entry_group already registered for DAG: example_complex
[2025-06-17T19:36:31.679+0200] {logging_mixin.py:137} INFO - [2025-06-17T19:36:31.679+0200] {taskmixin.py:205} WARNING - Dependency <Task(BashOperator): create_entry_gcs>, delete_entry already registered for DAG: example_complex
[2025-06-17T19:36:31.679+0200] {logging_mixin.py:137} INFO - [2025-06-17T19:36:31.679+0200] {taskmixin.py:205} WARNING - Dependency <Task(BashOperator): delete_entry>, create_entry_gcs already registered for DAG: example_complex
[2025-06-17T19:36:31.680+0200] {logging_mixin.py:137} INFO - [2025-06-17T19:36:31.680+0200] {taskmixin.py:205} WARNING - Dependency <Task(BashOperator): create_tag>, delete_tag already registered for DAG: example_complex
[2025-06-17T19:36:31.680+0200] {logging_mixin.py:137} INFO - [2025-06-17T19:36:31.680+0200] {taskmixin.py:205} WARNING - Dependency <Task(BashOperator): delete_tag>, create_tag already registered for DAG: example_complex
[2025-06-17T19:36:31.681+0200] {processor.py:753} INFO - DAG(s) dict_keys(['example_complex']) retrieved from /home/monica.fernandez/practica_creativa/venv-airflow/lib/python3.11/site-packages/airflow/example_dags/example_complex.py
[2025-06-17T19:36:31.713+0200] {logging_mixin.py:137} INFO - [2025-06-17T19:36:31.713+0200] {dag.py:2690} INFO - Sync 1 DAGs
[2025-06-17T19:36:31.736+0200] {logging_mixin.py:137} INFO - [2025-06-17T19:36:31.736+0200] {dag.py:3437} INFO - Setting next_dagrun for example_complex to None, run_after=None
[2025-06-17T19:36:31.791+0200] {processor.py:175} INFO - Processing /home/monica.fernandez/practica_creativa/venv-airflow/lib/python3.11/site-packages/airflow/example_dags/example_complex.py took 0.147 seconds
