[2025-06-17T13:18:11.370+0200] {processor.py:153} INFO - Started process (PID=90334) to work on /home/monica.fernandez/practica_creativa/venv-airflow/lib/python3.11/site-packages/airflow/example_dags/example_sensor_decorator.py
[2025-06-17T13:18:11.370+0200] {processor.py:743} INFO - Processing file /home/monica.fernandez/practica_creativa/venv-airflow/lib/python3.11/site-packages/airflow/example_dags/example_sensor_decorator.py for tasks to queue
[2025-06-17T13:18:11.371+0200] {logging_mixin.py:137} INFO - [2025-06-17T13:18:11.371+0200] {dagbag.py:538} INFO - Filling up the DagBag from /home/monica.fernandez/practica_creativa/venv-airflow/lib/python3.11/site-packages/airflow/example_dags/example_sensor_decorator.py
[2025-06-17T13:18:11.407+0200] {processor.py:753} INFO - DAG(s) dict_keys(['example_sensor_decorator']) retrieved from /home/monica.fernandez/practica_creativa/venv-airflow/lib/python3.11/site-packages/airflow/example_dags/example_sensor_decorator.py
[2025-06-17T13:18:11.444+0200] {logging_mixin.py:137} INFO - [2025-06-17T13:18:11.444+0200] {dag.py:2690} INFO - Sync 1 DAGs
[2025-06-17T13:18:11.491+0200] {logging_mixin.py:137} INFO - [2025-06-17T13:18:11.491+0200] {dag.py:3437} INFO - Setting next_dagrun for example_sensor_decorator to None, run_after=None
[2025-06-17T13:18:11.561+0200] {processor.py:175} INFO - Processing /home/monica.fernandez/practica_creativa/venv-airflow/lib/python3.11/site-packages/airflow/example_dags/example_sensor_decorator.py took 0.195 seconds
[2025-06-17T13:20:36.583+0200] {processor.py:153} INFO - Started process (PID=91777) to work on /home/monica.fernandez/practica_creativa/venv-airflow/lib/python3.11/site-packages/airflow/example_dags/example_sensor_decorator.py
[2025-06-17T13:20:36.583+0200] {processor.py:743} INFO - Processing file /home/monica.fernandez/practica_creativa/venv-airflow/lib/python3.11/site-packages/airflow/example_dags/example_sensor_decorator.py for tasks to queue
[2025-06-17T13:20:36.584+0200] {logging_mixin.py:137} INFO - [2025-06-17T13:20:36.584+0200] {dagbag.py:538} INFO - Filling up the DagBag from /home/monica.fernandez/practica_creativa/venv-airflow/lib/python3.11/site-packages/airflow/example_dags/example_sensor_decorator.py
[2025-06-17T13:20:36.606+0200] {processor.py:753} INFO - DAG(s) dict_keys(['example_sensor_decorator']) retrieved from /home/monica.fernandez/practica_creativa/venv-airflow/lib/python3.11/site-packages/airflow/example_dags/example_sensor_decorator.py
[2025-06-17T13:20:36.649+0200] {logging_mixin.py:137} INFO - [2025-06-17T13:20:36.648+0200] {dag.py:2690} INFO - Sync 1 DAGs
[2025-06-17T13:20:36.678+0200] {logging_mixin.py:137} INFO - [2025-06-17T13:20:36.678+0200] {dag.py:3437} INFO - Setting next_dagrun for example_sensor_decorator to None, run_after=None
[2025-06-17T13:20:36.763+0200] {processor.py:175} INFO - Processing /home/monica.fernandez/practica_creativa/venv-airflow/lib/python3.11/site-packages/airflow/example_dags/example_sensor_decorator.py took 0.183 seconds
[2025-06-17T13:20:42.720+0200] {processor.py:153} INFO - Started process (PID=91905) to work on /home/monica.fernandez/practica_creativa/venv-airflow/lib/python3.11/site-packages/airflow/example_dags/example_sensor_decorator.py
[2025-06-17T13:20:42.721+0200] {processor.py:743} INFO - Processing file /home/monica.fernandez/practica_creativa/venv-airflow/lib/python3.11/site-packages/airflow/example_dags/example_sensor_decorator.py for tasks to queue
[2025-06-17T13:20:42.721+0200] {logging_mixin.py:137} INFO - [2025-06-17T13:20:42.721+0200] {dagbag.py:538} INFO - Filling up the DagBag from /home/monica.fernandez/practica_creativa/venv-airflow/lib/python3.11/site-packages/airflow/example_dags/example_sensor_decorator.py
[2025-06-17T13:20:42.757+0200] {processor.py:753} INFO - DAG(s) dict_keys(['example_sensor_decorator']) retrieved from /home/monica.fernandez/practica_creativa/venv-airflow/lib/python3.11/site-packages/airflow/example_dags/example_sensor_decorator.py
[2025-06-17T13:20:42.790+0200] {logging_mixin.py:137} INFO - [2025-06-17T13:20:42.789+0200] {dag.py:2690} INFO - Sync 1 DAGs
[2025-06-17T13:20:42.823+0200] {logging_mixin.py:137} INFO - [2025-06-17T13:20:42.823+0200] {dag.py:3437} INFO - Setting next_dagrun for example_sensor_decorator to None, run_after=None
[2025-06-17T13:20:42.881+0200] {processor.py:175} INFO - Processing /home/monica.fernandez/practica_creativa/venv-airflow/lib/python3.11/site-packages/airflow/example_dags/example_sensor_decorator.py took 0.164 seconds
[2025-06-17T13:24:34.161+0200] {processor.py:153} INFO - Started process (PID=94895) to work on /home/monica.fernandez/practica_creativa/venv-airflow/lib/python3.11/site-packages/airflow/example_dags/example_sensor_decorator.py
[2025-06-17T13:24:34.164+0200] {processor.py:743} INFO - Processing file /home/monica.fernandez/practica_creativa/venv-airflow/lib/python3.11/site-packages/airflow/example_dags/example_sensor_decorator.py for tasks to queue
[2025-06-17T13:24:34.168+0200] {logging_mixin.py:137} INFO - [2025-06-17T13:24:34.167+0200] {dagbag.py:538} INFO - Filling up the DagBag from /home/monica.fernandez/practica_creativa/venv-airflow/lib/python3.11/site-packages/airflow/example_dags/example_sensor_decorator.py
[2025-06-17T13:24:34.539+0200] {processor.py:753} INFO - DAG(s) dict_keys(['example_sensor_decorator']) retrieved from /home/monica.fernandez/practica_creativa/venv-airflow/lib/python3.11/site-packages/airflow/example_dags/example_sensor_decorator.py
[2025-06-17T13:24:34.665+0200] {logging_mixin.py:137} INFO - [2025-06-17T13:24:34.665+0200] {dag.py:2690} INFO - Sync 1 DAGs
[2025-06-17T13:24:34.872+0200] {logging_mixin.py:137} INFO - [2025-06-17T13:24:34.867+0200] {dag.py:3437} INFO - Setting next_dagrun for example_sensor_decorator to None, run_after=None
[2025-06-17T13:24:35.015+0200] {processor.py:175} INFO - Processing /home/monica.fernandez/practica_creativa/venv-airflow/lib/python3.11/site-packages/airflow/example_dags/example_sensor_decorator.py took 0.870 seconds
[2025-06-17T13:25:39.050+0200] {processor.py:153} INFO - Started process (PID=95520) to work on /home/monica.fernandez/practica_creativa/venv-airflow/lib/python3.11/site-packages/airflow/example_dags/example_sensor_decorator.py
[2025-06-17T13:25:39.051+0200] {processor.py:743} INFO - Processing file /home/monica.fernandez/practica_creativa/venv-airflow/lib/python3.11/site-packages/airflow/example_dags/example_sensor_decorator.py for tasks to queue
[2025-06-17T13:25:39.051+0200] {logging_mixin.py:137} INFO - [2025-06-17T13:25:39.051+0200] {dagbag.py:538} INFO - Filling up the DagBag from /home/monica.fernandez/practica_creativa/venv-airflow/lib/python3.11/site-packages/airflow/example_dags/example_sensor_decorator.py
[2025-06-17T13:25:39.077+0200] {processor.py:753} INFO - DAG(s) dict_keys(['example_sensor_decorator']) retrieved from /home/monica.fernandez/practica_creativa/venv-airflow/lib/python3.11/site-packages/airflow/example_dags/example_sensor_decorator.py
[2025-06-17T13:25:39.110+0200] {logging_mixin.py:137} INFO - [2025-06-17T13:25:39.110+0200] {dag.py:2690} INFO - Sync 1 DAGs
[2025-06-17T13:25:39.145+0200] {logging_mixin.py:137} INFO - [2025-06-17T13:25:39.145+0200] {dag.py:3437} INFO - Setting next_dagrun for example_sensor_decorator to None, run_after=None
[2025-06-17T13:25:39.220+0200] {processor.py:175} INFO - Processing /home/monica.fernandez/practica_creativa/venv-airflow/lib/python3.11/site-packages/airflow/example_dags/example_sensor_decorator.py took 0.176 seconds
[2025-06-17T13:25:43.234+0200] {processor.py:153} INFO - Started process (PID=95646) to work on /home/monica.fernandez/practica_creativa/venv-airflow/lib/python3.11/site-packages/airflow/example_dags/example_sensor_decorator.py
[2025-06-17T13:25:43.235+0200] {processor.py:743} INFO - Processing file /home/monica.fernandez/practica_creativa/venv-airflow/lib/python3.11/site-packages/airflow/example_dags/example_sensor_decorator.py for tasks to queue
[2025-06-17T13:25:43.235+0200] {logging_mixin.py:137} INFO - [2025-06-17T13:25:43.235+0200] {dagbag.py:538} INFO - Filling up the DagBag from /home/monica.fernandez/practica_creativa/venv-airflow/lib/python3.11/site-packages/airflow/example_dags/example_sensor_decorator.py
[2025-06-17T13:25:43.259+0200] {processor.py:753} INFO - DAG(s) dict_keys(['example_sensor_decorator']) retrieved from /home/monica.fernandez/practica_creativa/venv-airflow/lib/python3.11/site-packages/airflow/example_dags/example_sensor_decorator.py
[2025-06-17T13:25:43.303+0200] {logging_mixin.py:137} INFO - [2025-06-17T13:25:43.302+0200] {dag.py:2690} INFO - Sync 1 DAGs
[2025-06-17T13:25:43.345+0200] {logging_mixin.py:137} INFO - [2025-06-17T13:25:43.345+0200] {dag.py:3437} INFO - Setting next_dagrun for example_sensor_decorator to None, run_after=None
[2025-06-17T13:25:43.447+0200] {processor.py:175} INFO - Processing /home/monica.fernandez/practica_creativa/venv-airflow/lib/python3.11/site-packages/airflow/example_dags/example_sensor_decorator.py took 0.216 seconds
[2025-06-17T13:26:29.091+0200] {processor.py:153} INFO - Started process (PID=96042) to work on /home/monica.fernandez/practica_creativa/venv-airflow/lib/python3.11/site-packages/airflow/example_dags/example_sensor_decorator.py
[2025-06-17T13:26:29.092+0200] {processor.py:743} INFO - Processing file /home/monica.fernandez/practica_creativa/venv-airflow/lib/python3.11/site-packages/airflow/example_dags/example_sensor_decorator.py for tasks to queue
[2025-06-17T13:26:29.094+0200] {logging_mixin.py:137} INFO - [2025-06-17T13:26:29.094+0200] {dagbag.py:538} INFO - Filling up the DagBag from /home/monica.fernandez/practica_creativa/venv-airflow/lib/python3.11/site-packages/airflow/example_dags/example_sensor_decorator.py
[2025-06-17T13:26:29.113+0200] {processor.py:753} INFO - DAG(s) dict_keys(['example_sensor_decorator']) retrieved from /home/monica.fernandez/practica_creativa/venv-airflow/lib/python3.11/site-packages/airflow/example_dags/example_sensor_decorator.py
[2025-06-17T13:26:29.148+0200] {logging_mixin.py:137} INFO - [2025-06-17T13:26:29.148+0200] {dag.py:2690} INFO - Sync 1 DAGs
[2025-06-17T13:26:29.175+0200] {logging_mixin.py:137} INFO - [2025-06-17T13:26:29.175+0200] {dag.py:3437} INFO - Setting next_dagrun for example_sensor_decorator to None, run_after=None
[2025-06-17T13:26:29.250+0200] {processor.py:175} INFO - Processing /home/monica.fernandez/practica_creativa/venv-airflow/lib/python3.11/site-packages/airflow/example_dags/example_sensor_decorator.py took 0.162 seconds
[2025-06-17T13:26:37.119+0200] {processor.py:153} INFO - Started process (PID=96086) to work on /home/monica.fernandez/practica_creativa/venv-airflow/lib/python3.11/site-packages/airflow/example_dags/example_sensor_decorator.py
[2025-06-17T13:26:37.120+0200] {processor.py:743} INFO - Processing file /home/monica.fernandez/practica_creativa/venv-airflow/lib/python3.11/site-packages/airflow/example_dags/example_sensor_decorator.py for tasks to queue
[2025-06-17T13:26:37.120+0200] {logging_mixin.py:137} INFO - [2025-06-17T13:26:37.120+0200] {dagbag.py:538} INFO - Filling up the DagBag from /home/monica.fernandez/practica_creativa/venv-airflow/lib/python3.11/site-packages/airflow/example_dags/example_sensor_decorator.py
[2025-06-17T13:26:37.145+0200] {processor.py:753} INFO - DAG(s) dict_keys(['example_sensor_decorator']) retrieved from /home/monica.fernandez/practica_creativa/venv-airflow/lib/python3.11/site-packages/airflow/example_dags/example_sensor_decorator.py
[2025-06-17T13:26:37.177+0200] {logging_mixin.py:137} INFO - [2025-06-17T13:26:37.177+0200] {dag.py:2690} INFO - Sync 1 DAGs
[2025-06-17T13:26:37.211+0200] {logging_mixin.py:137} INFO - [2025-06-17T13:26:37.211+0200] {dag.py:3437} INFO - Setting next_dagrun for example_sensor_decorator to None, run_after=None
[2025-06-17T13:26:37.375+0200] {processor.py:175} INFO - Processing /home/monica.fernandez/practica_creativa/venv-airflow/lib/python3.11/site-packages/airflow/example_dags/example_sensor_decorator.py took 0.261 seconds
[2025-06-17T13:27:20.962+0200] {processor.py:153} INFO - Started process (PID=96550) to work on /home/monica.fernandez/practica_creativa/venv-airflow/lib/python3.11/site-packages/airflow/example_dags/example_sensor_decorator.py
[2025-06-17T13:27:20.963+0200] {processor.py:743} INFO - Processing file /home/monica.fernandez/practica_creativa/venv-airflow/lib/python3.11/site-packages/airflow/example_dags/example_sensor_decorator.py for tasks to queue
[2025-06-17T13:27:20.964+0200] {logging_mixin.py:137} INFO - [2025-06-17T13:27:20.964+0200] {dagbag.py:538} INFO - Filling up the DagBag from /home/monica.fernandez/practica_creativa/venv-airflow/lib/python3.11/site-packages/airflow/example_dags/example_sensor_decorator.py
[2025-06-17T13:27:20.998+0200] {processor.py:753} INFO - DAG(s) dict_keys(['example_sensor_decorator']) retrieved from /home/monica.fernandez/practica_creativa/venv-airflow/lib/python3.11/site-packages/airflow/example_dags/example_sensor_decorator.py
[2025-06-17T13:27:21.037+0200] {logging_mixin.py:137} INFO - [2025-06-17T13:27:21.037+0200] {dag.py:2690} INFO - Sync 1 DAGs
[2025-06-17T13:27:21.065+0200] {logging_mixin.py:137} INFO - [2025-06-17T13:27:21.065+0200] {dag.py:3437} INFO - Setting next_dagrun for example_sensor_decorator to None, run_after=None
[2025-06-17T13:27:21.132+0200] {processor.py:175} INFO - Processing /home/monica.fernandez/practica_creativa/venv-airflow/lib/python3.11/site-packages/airflow/example_dags/example_sensor_decorator.py took 0.175 seconds
[2025-06-17T13:27:29.604+0200] {processor.py:153} INFO - Started process (PID=96595) to work on /home/monica.fernandez/practica_creativa/venv-airflow/lib/python3.11/site-packages/airflow/example_dags/example_sensor_decorator.py
[2025-06-17T13:27:29.605+0200] {processor.py:743} INFO - Processing file /home/monica.fernandez/practica_creativa/venv-airflow/lib/python3.11/site-packages/airflow/example_dags/example_sensor_decorator.py for tasks to queue
[2025-06-17T13:27:29.605+0200] {logging_mixin.py:137} INFO - [2025-06-17T13:27:29.605+0200] {dagbag.py:538} INFO - Filling up the DagBag from /home/monica.fernandez/practica_creativa/venv-airflow/lib/python3.11/site-packages/airflow/example_dags/example_sensor_decorator.py
[2025-06-17T13:27:29.630+0200] {processor.py:753} INFO - DAG(s) dict_keys(['example_sensor_decorator']) retrieved from /home/monica.fernandez/practica_creativa/venv-airflow/lib/python3.11/site-packages/airflow/example_dags/example_sensor_decorator.py
[2025-06-17T13:27:29.701+0200] {logging_mixin.py:137} INFO - [2025-06-17T13:27:29.701+0200] {dag.py:2690} INFO - Sync 1 DAGs
[2025-06-17T13:27:29.737+0200] {logging_mixin.py:137} INFO - [2025-06-17T13:27:29.737+0200] {dag.py:3437} INFO - Setting next_dagrun for example_sensor_decorator to None, run_after=None
[2025-06-17T13:27:29.833+0200] {processor.py:175} INFO - Processing /home/monica.fernandez/practica_creativa/venv-airflow/lib/python3.11/site-packages/airflow/example_dags/example_sensor_decorator.py took 0.232 seconds
[2025-06-17T13:28:07.734+0200] {processor.py:153} INFO - Started process (PID=96922) to work on /home/monica.fernandez/practica_creativa/venv-airflow/lib/python3.11/site-packages/airflow/example_dags/example_sensor_decorator.py
[2025-06-17T13:28:07.738+0200] {processor.py:743} INFO - Processing file /home/monica.fernandez/practica_creativa/venv-airflow/lib/python3.11/site-packages/airflow/example_dags/example_sensor_decorator.py for tasks to queue
[2025-06-17T13:28:07.739+0200] {logging_mixin.py:137} INFO - [2025-06-17T13:28:07.739+0200] {dagbag.py:538} INFO - Filling up the DagBag from /home/monica.fernandez/practica_creativa/venv-airflow/lib/python3.11/site-packages/airflow/example_dags/example_sensor_decorator.py
[2025-06-17T13:28:07.776+0200] {processor.py:753} INFO - DAG(s) dict_keys(['example_sensor_decorator']) retrieved from /home/monica.fernandez/practica_creativa/venv-airflow/lib/python3.11/site-packages/airflow/example_dags/example_sensor_decorator.py
[2025-06-17T13:28:07.826+0200] {logging_mixin.py:137} INFO - [2025-06-17T13:28:07.826+0200] {dag.py:2690} INFO - Sync 1 DAGs
[2025-06-17T13:28:07.863+0200] {logging_mixin.py:137} INFO - [2025-06-17T13:28:07.862+0200] {dag.py:3437} INFO - Setting next_dagrun for example_sensor_decorator to None, run_after=None
[2025-06-17T13:28:07.962+0200] {processor.py:175} INFO - Processing /home/monica.fernandez/practica_creativa/venv-airflow/lib/python3.11/site-packages/airflow/example_dags/example_sensor_decorator.py took 0.230 seconds
[2025-06-17T13:28:18.559+0200] {processor.py:153} INFO - Started process (PID=97077) to work on /home/monica.fernandez/practica_creativa/venv-airflow/lib/python3.11/site-packages/airflow/example_dags/example_sensor_decorator.py
[2025-06-17T13:28:18.560+0200] {processor.py:743} INFO - Processing file /home/monica.fernandez/practica_creativa/venv-airflow/lib/python3.11/site-packages/airflow/example_dags/example_sensor_decorator.py for tasks to queue
[2025-06-17T13:28:18.561+0200] {logging_mixin.py:137} INFO - [2025-06-17T13:28:18.561+0200] {dagbag.py:538} INFO - Filling up the DagBag from /home/monica.fernandez/practica_creativa/venv-airflow/lib/python3.11/site-packages/airflow/example_dags/example_sensor_decorator.py
[2025-06-17T13:28:18.582+0200] {processor.py:753} INFO - DAG(s) dict_keys(['example_sensor_decorator']) retrieved from /home/monica.fernandez/practica_creativa/venv-airflow/lib/python3.11/site-packages/airflow/example_dags/example_sensor_decorator.py
[2025-06-17T13:28:18.617+0200] {logging_mixin.py:137} INFO - [2025-06-17T13:28:18.617+0200] {dag.py:2690} INFO - Sync 1 DAGs
[2025-06-17T13:28:18.660+0200] {logging_mixin.py:137} INFO - [2025-06-17T13:28:18.659+0200] {dag.py:3437} INFO - Setting next_dagrun for example_sensor_decorator to None, run_after=None
[2025-06-17T13:28:18.733+0200] {processor.py:175} INFO - Processing /home/monica.fernandez/practica_creativa/venv-airflow/lib/python3.11/site-packages/airflow/example_dags/example_sensor_decorator.py took 0.178 seconds
[2025-06-17T13:28:54.360+0200] {processor.py:153} INFO - Started process (PID=97369) to work on /home/monica.fernandez/practica_creativa/venv-airflow/lib/python3.11/site-packages/airflow/example_dags/example_sensor_decorator.py
[2025-06-17T13:28:54.360+0200] {processor.py:743} INFO - Processing file /home/monica.fernandez/practica_creativa/venv-airflow/lib/python3.11/site-packages/airflow/example_dags/example_sensor_decorator.py for tasks to queue
[2025-06-17T13:28:54.361+0200] {logging_mixin.py:137} INFO - [2025-06-17T13:28:54.361+0200] {dagbag.py:538} INFO - Filling up the DagBag from /home/monica.fernandez/practica_creativa/venv-airflow/lib/python3.11/site-packages/airflow/example_dags/example_sensor_decorator.py
[2025-06-17T13:28:54.382+0200] {processor.py:753} INFO - DAG(s) dict_keys(['example_sensor_decorator']) retrieved from /home/monica.fernandez/practica_creativa/venv-airflow/lib/python3.11/site-packages/airflow/example_dags/example_sensor_decorator.py
[2025-06-17T13:28:54.421+0200] {logging_mixin.py:137} INFO - [2025-06-17T13:28:54.421+0200] {dag.py:2690} INFO - Sync 1 DAGs
[2025-06-17T13:28:54.447+0200] {logging_mixin.py:137} INFO - [2025-06-17T13:28:54.447+0200] {dag.py:3437} INFO - Setting next_dagrun for example_sensor_decorator to None, run_after=None
[2025-06-17T13:28:54.550+0200] {processor.py:175} INFO - Processing /home/monica.fernandez/practica_creativa/venv-airflow/lib/python3.11/site-packages/airflow/example_dags/example_sensor_decorator.py took 0.194 seconds
[2025-06-17T13:32:15.861+0200] {processor.py:153} INFO - Started process (PID=100232) to work on /home/monica.fernandez/practica_creativa/venv-airflow/lib/python3.11/site-packages/airflow/example_dags/example_sensor_decorator.py
[2025-06-17T13:32:15.862+0200] {processor.py:743} INFO - Processing file /home/monica.fernandez/practica_creativa/venv-airflow/lib/python3.11/site-packages/airflow/example_dags/example_sensor_decorator.py for tasks to queue
[2025-06-17T13:32:15.863+0200] {logging_mixin.py:137} INFO - [2025-06-17T13:32:15.862+0200] {dagbag.py:538} INFO - Filling up the DagBag from /home/monica.fernandez/practica_creativa/venv-airflow/lib/python3.11/site-packages/airflow/example_dags/example_sensor_decorator.py
[2025-06-17T13:32:15.884+0200] {processor.py:753} INFO - DAG(s) dict_keys(['example_sensor_decorator']) retrieved from /home/monica.fernandez/practica_creativa/venv-airflow/lib/python3.11/site-packages/airflow/example_dags/example_sensor_decorator.py
[2025-06-17T13:32:15.928+0200] {logging_mixin.py:137} INFO - [2025-06-17T13:32:15.928+0200] {dag.py:2690} INFO - Sync 1 DAGs
[2025-06-17T13:32:15.957+0200] {logging_mixin.py:137} INFO - [2025-06-17T13:32:15.957+0200] {dag.py:3437} INFO - Setting next_dagrun for example_sensor_decorator to None, run_after=None
[2025-06-17T13:32:16.081+0200] {processor.py:175} INFO - Processing /home/monica.fernandez/practica_creativa/venv-airflow/lib/python3.11/site-packages/airflow/example_dags/example_sensor_decorator.py took 0.223 seconds
[2025-06-17T13:33:12.110+0200] {processor.py:153} INFO - Started process (PID=100849) to work on /home/monica.fernandez/practica_creativa/venv-airflow/lib/python3.11/site-packages/airflow/example_dags/example_sensor_decorator.py
[2025-06-17T13:33:12.111+0200] {processor.py:743} INFO - Processing file /home/monica.fernandez/practica_creativa/venv-airflow/lib/python3.11/site-packages/airflow/example_dags/example_sensor_decorator.py for tasks to queue
[2025-06-17T13:33:12.112+0200] {logging_mixin.py:137} INFO - [2025-06-17T13:33:12.111+0200] {dagbag.py:538} INFO - Filling up the DagBag from /home/monica.fernandez/practica_creativa/venv-airflow/lib/python3.11/site-packages/airflow/example_dags/example_sensor_decorator.py
[2025-06-17T13:33:12.133+0200] {processor.py:753} INFO - DAG(s) dict_keys(['example_sensor_decorator']) retrieved from /home/monica.fernandez/practica_creativa/venv-airflow/lib/python3.11/site-packages/airflow/example_dags/example_sensor_decorator.py
[2025-06-17T13:33:12.210+0200] {logging_mixin.py:137} INFO - [2025-06-17T13:33:12.210+0200] {dag.py:2690} INFO - Sync 1 DAGs
[2025-06-17T13:33:12.263+0200] {logging_mixin.py:137} INFO - [2025-06-17T13:33:12.263+0200] {dag.py:3437} INFO - Setting next_dagrun for example_sensor_decorator to None, run_after=None
[2025-06-17T13:33:12.360+0200] {processor.py:175} INFO - Processing /home/monica.fernandez/practica_creativa/venv-airflow/lib/python3.11/site-packages/airflow/example_dags/example_sensor_decorator.py took 0.253 seconds
[2025-06-17T13:34:24.546+0200] {processor.py:153} INFO - Started process (PID=101747) to work on /home/monica.fernandez/practica_creativa/venv-airflow/lib/python3.11/site-packages/airflow/example_dags/example_sensor_decorator.py
[2025-06-17T13:34:24.547+0200] {processor.py:743} INFO - Processing file /home/monica.fernandez/practica_creativa/venv-airflow/lib/python3.11/site-packages/airflow/example_dags/example_sensor_decorator.py for tasks to queue
[2025-06-17T13:34:24.548+0200] {logging_mixin.py:137} INFO - [2025-06-17T13:34:24.548+0200] {dagbag.py:538} INFO - Filling up the DagBag from /home/monica.fernandez/practica_creativa/venv-airflow/lib/python3.11/site-packages/airflow/example_dags/example_sensor_decorator.py
[2025-06-17T13:34:24.566+0200] {processor.py:753} INFO - DAG(s) dict_keys(['example_sensor_decorator']) retrieved from /home/monica.fernandez/practica_creativa/venv-airflow/lib/python3.11/site-packages/airflow/example_dags/example_sensor_decorator.py
[2025-06-17T13:34:24.601+0200] {logging_mixin.py:137} INFO - [2025-06-17T13:34:24.600+0200] {dag.py:2690} INFO - Sync 1 DAGs
[2025-06-17T13:34:24.631+0200] {logging_mixin.py:137} INFO - [2025-06-17T13:34:24.630+0200] {dag.py:3437} INFO - Setting next_dagrun for example_sensor_decorator to None, run_after=None
[2025-06-17T13:34:24.733+0200] {processor.py:175} INFO - Processing /home/monica.fernandez/practica_creativa/venv-airflow/lib/python3.11/site-packages/airflow/example_dags/example_sensor_decorator.py took 0.189 seconds
[2025-06-17T13:34:32.951+0200] {processor.py:153} INFO - Started process (PID=101817) to work on /home/monica.fernandez/practica_creativa/venv-airflow/lib/python3.11/site-packages/airflow/example_dags/example_sensor_decorator.py
[2025-06-17T13:34:32.952+0200] {processor.py:743} INFO - Processing file /home/monica.fernandez/practica_creativa/venv-airflow/lib/python3.11/site-packages/airflow/example_dags/example_sensor_decorator.py for tasks to queue
[2025-06-17T13:34:32.953+0200] {logging_mixin.py:137} INFO - [2025-06-17T13:34:32.953+0200] {dagbag.py:538} INFO - Filling up the DagBag from /home/monica.fernandez/practica_creativa/venv-airflow/lib/python3.11/site-packages/airflow/example_dags/example_sensor_decorator.py
[2025-06-17T13:34:32.972+0200] {processor.py:753} INFO - DAG(s) dict_keys(['example_sensor_decorator']) retrieved from /home/monica.fernandez/practica_creativa/venv-airflow/lib/python3.11/site-packages/airflow/example_dags/example_sensor_decorator.py
[2025-06-17T13:34:33.001+0200] {logging_mixin.py:137} INFO - [2025-06-17T13:34:33.001+0200] {dag.py:2690} INFO - Sync 1 DAGs
[2025-06-17T13:34:33.025+0200] {logging_mixin.py:137} INFO - [2025-06-17T13:34:33.024+0200] {dag.py:3437} INFO - Setting next_dagrun for example_sensor_decorator to None, run_after=None
[2025-06-17T13:34:33.081+0200] {processor.py:175} INFO - Processing /home/monica.fernandez/practica_creativa/venv-airflow/lib/python3.11/site-packages/airflow/example_dags/example_sensor_decorator.py took 0.133 seconds
[2025-06-17T13:35:10.609+0200] {processor.py:153} INFO - Started process (PID=102162) to work on /home/monica.fernandez/practica_creativa/venv-airflow/lib/python3.11/site-packages/airflow/example_dags/example_sensor_decorator.py
[2025-06-17T13:35:10.610+0200] {processor.py:743} INFO - Processing file /home/monica.fernandez/practica_creativa/venv-airflow/lib/python3.11/site-packages/airflow/example_dags/example_sensor_decorator.py for tasks to queue
[2025-06-17T13:35:10.610+0200] {logging_mixin.py:137} INFO - [2025-06-17T13:35:10.610+0200] {dagbag.py:538} INFO - Filling up the DagBag from /home/monica.fernandez/practica_creativa/venv-airflow/lib/python3.11/site-packages/airflow/example_dags/example_sensor_decorator.py
[2025-06-17T13:35:10.634+0200] {processor.py:753} INFO - DAG(s) dict_keys(['example_sensor_decorator']) retrieved from /home/monica.fernandez/practica_creativa/venv-airflow/lib/python3.11/site-packages/airflow/example_dags/example_sensor_decorator.py
[2025-06-17T13:35:10.682+0200] {logging_mixin.py:137} INFO - [2025-06-17T13:35:10.682+0200] {dag.py:2690} INFO - Sync 1 DAGs
[2025-06-17T13:35:10.724+0200] {logging_mixin.py:137} INFO - [2025-06-17T13:35:10.724+0200] {dag.py:3437} INFO - Setting next_dagrun for example_sensor_decorator to None, run_after=None
[2025-06-17T13:35:10.800+0200] {processor.py:175} INFO - Processing /home/monica.fernandez/practica_creativa/venv-airflow/lib/python3.11/site-packages/airflow/example_dags/example_sensor_decorator.py took 0.194 seconds
[2025-06-17T13:35:22.668+0200] {processor.py:153} INFO - Started process (PID=102312) to work on /home/monica.fernandez/practica_creativa/venv-airflow/lib/python3.11/site-packages/airflow/example_dags/example_sensor_decorator.py
[2025-06-17T13:35:22.669+0200] {processor.py:743} INFO - Processing file /home/monica.fernandez/practica_creativa/venv-airflow/lib/python3.11/site-packages/airflow/example_dags/example_sensor_decorator.py for tasks to queue
[2025-06-17T13:35:22.670+0200] {logging_mixin.py:137} INFO - [2025-06-17T13:35:22.670+0200] {dagbag.py:538} INFO - Filling up the DagBag from /home/monica.fernandez/practica_creativa/venv-airflow/lib/python3.11/site-packages/airflow/example_dags/example_sensor_decorator.py
[2025-06-17T13:35:22.718+0200] {processor.py:753} INFO - DAG(s) dict_keys(['example_sensor_decorator']) retrieved from /home/monica.fernandez/practica_creativa/venv-airflow/lib/python3.11/site-packages/airflow/example_dags/example_sensor_decorator.py
[2025-06-17T13:35:22.756+0200] {logging_mixin.py:137} INFO - [2025-06-17T13:35:22.755+0200] {dag.py:2690} INFO - Sync 1 DAGs
[2025-06-17T13:35:22.799+0200] {logging_mixin.py:137} INFO - [2025-06-17T13:35:22.798+0200] {dag.py:3437} INFO - Setting next_dagrun for example_sensor_decorator to None, run_after=None
[2025-06-17T13:35:22.867+0200] {processor.py:175} INFO - Processing /home/monica.fernandez/practica_creativa/venv-airflow/lib/python3.11/site-packages/airflow/example_dags/example_sensor_decorator.py took 0.203 seconds
[2025-06-17T13:36:07.295+0200] {processor.py:153} INFO - Started process (PID=102749) to work on /home/monica.fernandez/practica_creativa/venv-airflow/lib/python3.11/site-packages/airflow/example_dags/example_sensor_decorator.py
[2025-06-17T13:36:07.296+0200] {processor.py:743} INFO - Processing file /home/monica.fernandez/practica_creativa/venv-airflow/lib/python3.11/site-packages/airflow/example_dags/example_sensor_decorator.py for tasks to queue
[2025-06-17T13:36:07.297+0200] {logging_mixin.py:137} INFO - [2025-06-17T13:36:07.297+0200] {dagbag.py:538} INFO - Filling up the DagBag from /home/monica.fernandez/practica_creativa/venv-airflow/lib/python3.11/site-packages/airflow/example_dags/example_sensor_decorator.py
[2025-06-17T13:36:07.343+0200] {processor.py:753} INFO - DAG(s) dict_keys(['example_sensor_decorator']) retrieved from /home/monica.fernandez/practica_creativa/venv-airflow/lib/python3.11/site-packages/airflow/example_dags/example_sensor_decorator.py
[2025-06-17T13:36:07.391+0200] {logging_mixin.py:137} INFO - [2025-06-17T13:36:07.391+0200] {dag.py:2690} INFO - Sync 1 DAGs
[2025-06-17T13:36:07.435+0200] {logging_mixin.py:137} INFO - [2025-06-17T13:36:07.435+0200] {dag.py:3437} INFO - Setting next_dagrun for example_sensor_decorator to None, run_after=None
[2025-06-17T13:36:07.582+0200] {processor.py:175} INFO - Processing /home/monica.fernandez/practica_creativa/venv-airflow/lib/python3.11/site-packages/airflow/example_dags/example_sensor_decorator.py took 0.305 seconds
[2025-06-17T13:36:15.411+0200] {processor.py:153} INFO - Started process (PID=102891) to work on /home/monica.fernandez/practica_creativa/venv-airflow/lib/python3.11/site-packages/airflow/example_dags/example_sensor_decorator.py
[2025-06-17T13:36:15.412+0200] {processor.py:743} INFO - Processing file /home/monica.fernandez/practica_creativa/venv-airflow/lib/python3.11/site-packages/airflow/example_dags/example_sensor_decorator.py for tasks to queue
[2025-06-17T13:36:15.412+0200] {logging_mixin.py:137} INFO - [2025-06-17T13:36:15.412+0200] {dagbag.py:538} INFO - Filling up the DagBag from /home/monica.fernandez/practica_creativa/venv-airflow/lib/python3.11/site-packages/airflow/example_dags/example_sensor_decorator.py
[2025-06-17T13:36:15.427+0200] {processor.py:753} INFO - DAG(s) dict_keys(['example_sensor_decorator']) retrieved from /home/monica.fernandez/practica_creativa/venv-airflow/lib/python3.11/site-packages/airflow/example_dags/example_sensor_decorator.py
[2025-06-17T13:36:15.486+0200] {logging_mixin.py:137} INFO - [2025-06-17T13:36:15.486+0200] {dag.py:2690} INFO - Sync 1 DAGs
[2025-06-17T13:36:15.546+0200] {logging_mixin.py:137} INFO - [2025-06-17T13:36:15.546+0200] {dag.py:3437} INFO - Setting next_dagrun for example_sensor_decorator to None, run_after=None
[2025-06-17T13:36:15.663+0200] {processor.py:175} INFO - Processing /home/monica.fernandez/practica_creativa/venv-airflow/lib/python3.11/site-packages/airflow/example_dags/example_sensor_decorator.py took 0.256 seconds
[2025-06-17T13:37:08.383+0200] {processor.py:153} INFO - Started process (PID=103479) to work on /home/monica.fernandez/practica_creativa/venv-airflow/lib/python3.11/site-packages/airflow/example_dags/example_sensor_decorator.py
[2025-06-17T13:37:08.386+0200] {processor.py:743} INFO - Processing file /home/monica.fernandez/practica_creativa/venv-airflow/lib/python3.11/site-packages/airflow/example_dags/example_sensor_decorator.py for tasks to queue
[2025-06-17T13:37:08.387+0200] {logging_mixin.py:137} INFO - [2025-06-17T13:37:08.387+0200] {dagbag.py:538} INFO - Filling up the DagBag from /home/monica.fernandez/practica_creativa/venv-airflow/lib/python3.11/site-packages/airflow/example_dags/example_sensor_decorator.py
[2025-06-17T13:37:08.460+0200] {processor.py:753} INFO - DAG(s) dict_keys(['example_sensor_decorator']) retrieved from /home/monica.fernandez/practica_creativa/venv-airflow/lib/python3.11/site-packages/airflow/example_dags/example_sensor_decorator.py
[2025-06-17T13:37:08.539+0200] {logging_mixin.py:137} INFO - [2025-06-17T13:37:08.539+0200] {dag.py:2690} INFO - Sync 1 DAGs
[2025-06-17T13:37:08.605+0200] {logging_mixin.py:137} INFO - [2025-06-17T13:37:08.605+0200] {dag.py:3437} INFO - Setting next_dagrun for example_sensor_decorator to None, run_after=None
[2025-06-17T13:37:08.707+0200] {processor.py:175} INFO - Processing /home/monica.fernandez/practica_creativa/venv-airflow/lib/python3.11/site-packages/airflow/example_dags/example_sensor_decorator.py took 0.334 seconds
[2025-06-17T13:37:54.814+0200] {processor.py:153} INFO - Started process (PID=104037) to work on /home/monica.fernandez/practica_creativa/venv-airflow/lib/python3.11/site-packages/airflow/example_dags/example_sensor_decorator.py
[2025-06-17T13:37:54.815+0200] {processor.py:743} INFO - Processing file /home/monica.fernandez/practica_creativa/venv-airflow/lib/python3.11/site-packages/airflow/example_dags/example_sensor_decorator.py for tasks to queue
[2025-06-17T13:37:54.815+0200] {logging_mixin.py:137} INFO - [2025-06-17T13:37:54.815+0200] {dagbag.py:538} INFO - Filling up the DagBag from /home/monica.fernandez/practica_creativa/venv-airflow/lib/python3.11/site-packages/airflow/example_dags/example_sensor_decorator.py
[2025-06-17T13:37:54.841+0200] {processor.py:753} INFO - DAG(s) dict_keys(['example_sensor_decorator']) retrieved from /home/monica.fernandez/practica_creativa/venv-airflow/lib/python3.11/site-packages/airflow/example_dags/example_sensor_decorator.py
[2025-06-17T13:37:54.880+0200] {logging_mixin.py:137} INFO - [2025-06-17T13:37:54.880+0200] {dag.py:2690} INFO - Sync 1 DAGs
[2025-06-17T13:37:54.930+0200] {logging_mixin.py:137} INFO - [2025-06-17T13:37:54.930+0200] {dag.py:3437} INFO - Setting next_dagrun for example_sensor_decorator to None, run_after=None
[2025-06-17T13:37:55.010+0200] {processor.py:175} INFO - Processing /home/monica.fernandez/practica_creativa/venv-airflow/lib/python3.11/site-packages/airflow/example_dags/example_sensor_decorator.py took 0.199 seconds
[2025-06-17T13:38:55.812+0200] {processor.py:153} INFO - Started process (PID=104912) to work on /home/monica.fernandez/practica_creativa/venv-airflow/lib/python3.11/site-packages/airflow/example_dags/example_sensor_decorator.py
[2025-06-17T13:38:55.812+0200] {processor.py:743} INFO - Processing file /home/monica.fernandez/practica_creativa/venv-airflow/lib/python3.11/site-packages/airflow/example_dags/example_sensor_decorator.py for tasks to queue
[2025-06-17T13:38:55.813+0200] {logging_mixin.py:137} INFO - [2025-06-17T13:38:55.813+0200] {dagbag.py:538} INFO - Filling up the DagBag from /home/monica.fernandez/practica_creativa/venv-airflow/lib/python3.11/site-packages/airflow/example_dags/example_sensor_decorator.py
[2025-06-17T13:38:55.863+0200] {processor.py:753} INFO - DAG(s) dict_keys(['example_sensor_decorator']) retrieved from /home/monica.fernandez/practica_creativa/venv-airflow/lib/python3.11/site-packages/airflow/example_dags/example_sensor_decorator.py
[2025-06-17T13:38:55.911+0200] {logging_mixin.py:137} INFO - [2025-06-17T13:38:55.911+0200] {dag.py:2690} INFO - Sync 1 DAGs
[2025-06-17T13:38:55.954+0200] {logging_mixin.py:137} INFO - [2025-06-17T13:38:55.954+0200] {dag.py:3437} INFO - Setting next_dagrun for example_sensor_decorator to None, run_after=None
[2025-06-17T13:38:56.033+0200] {processor.py:175} INFO - Processing /home/monica.fernandez/practica_creativa/venv-airflow/lib/python3.11/site-packages/airflow/example_dags/example_sensor_decorator.py took 0.227 seconds
[2025-06-17T13:42:57.327+0200] {processor.py:153} INFO - Started process (PID=107740) to work on /home/monica.fernandez/practica_creativa/venv-airflow/lib/python3.11/site-packages/airflow/example_dags/example_sensor_decorator.py
[2025-06-17T13:42:57.328+0200] {processor.py:743} INFO - Processing file /home/monica.fernandez/practica_creativa/venv-airflow/lib/python3.11/site-packages/airflow/example_dags/example_sensor_decorator.py for tasks to queue
[2025-06-17T13:42:57.329+0200] {logging_mixin.py:137} INFO - [2025-06-17T13:42:57.328+0200] {dagbag.py:538} INFO - Filling up the DagBag from /home/monica.fernandez/practica_creativa/venv-airflow/lib/python3.11/site-packages/airflow/example_dags/example_sensor_decorator.py
[2025-06-17T13:42:57.365+0200] {processor.py:753} INFO - DAG(s) dict_keys(['example_sensor_decorator']) retrieved from /home/monica.fernandez/practica_creativa/venv-airflow/lib/python3.11/site-packages/airflow/example_dags/example_sensor_decorator.py
[2025-06-17T13:42:57.406+0200] {logging_mixin.py:137} INFO - [2025-06-17T13:42:57.406+0200] {dag.py:2690} INFO - Sync 1 DAGs
[2025-06-17T13:42:57.443+0200] {logging_mixin.py:137} INFO - [2025-06-17T13:42:57.443+0200] {dag.py:3437} INFO - Setting next_dagrun for example_sensor_decorator to None, run_after=None
[2025-06-17T13:42:57.507+0200] {processor.py:175} INFO - Processing /home/monica.fernandez/practica_creativa/venv-airflow/lib/python3.11/site-packages/airflow/example_dags/example_sensor_decorator.py took 0.185 seconds
[2025-06-17T13:43:46.378+0200] {processor.py:153} INFO - Started process (PID=108210) to work on /home/monica.fernandez/practica_creativa/venv-airflow/lib/python3.11/site-packages/airflow/example_dags/example_sensor_decorator.py
[2025-06-17T13:43:46.379+0200] {processor.py:743} INFO - Processing file /home/monica.fernandez/practica_creativa/venv-airflow/lib/python3.11/site-packages/airflow/example_dags/example_sensor_decorator.py for tasks to queue
[2025-06-17T13:43:46.381+0200] {logging_mixin.py:137} INFO - [2025-06-17T13:43:46.380+0200] {dagbag.py:538} INFO - Filling up the DagBag from /home/monica.fernandez/practica_creativa/venv-airflow/lib/python3.11/site-packages/airflow/example_dags/example_sensor_decorator.py
[2025-06-17T13:43:46.409+0200] {processor.py:753} INFO - DAG(s) dict_keys(['example_sensor_decorator']) retrieved from /home/monica.fernandez/practica_creativa/venv-airflow/lib/python3.11/site-packages/airflow/example_dags/example_sensor_decorator.py
[2025-06-17T13:43:46.442+0200] {logging_mixin.py:137} INFO - [2025-06-17T13:43:46.442+0200] {dag.py:2690} INFO - Sync 1 DAGs
[2025-06-17T13:43:46.471+0200] {logging_mixin.py:137} INFO - [2025-06-17T13:43:46.471+0200] {dag.py:3437} INFO - Setting next_dagrun for example_sensor_decorator to None, run_after=None
[2025-06-17T13:43:46.540+0200] {processor.py:175} INFO - Processing /home/monica.fernandez/practica_creativa/venv-airflow/lib/python3.11/site-packages/airflow/example_dags/example_sensor_decorator.py took 0.166 seconds
[2025-06-17T13:44:34.740+0200] {processor.py:153} INFO - Started process (PID=108630) to work on /home/monica.fernandez/practica_creativa/venv-airflow/lib/python3.11/site-packages/airflow/example_dags/example_sensor_decorator.py
[2025-06-17T13:44:34.741+0200] {processor.py:743} INFO - Processing file /home/monica.fernandez/practica_creativa/venv-airflow/lib/python3.11/site-packages/airflow/example_dags/example_sensor_decorator.py for tasks to queue
[2025-06-17T13:44:34.742+0200] {logging_mixin.py:137} INFO - [2025-06-17T13:44:34.742+0200] {dagbag.py:538} INFO - Filling up the DagBag from /home/monica.fernandez/practica_creativa/venv-airflow/lib/python3.11/site-packages/airflow/example_dags/example_sensor_decorator.py
[2025-06-17T13:44:34.777+0200] {processor.py:753} INFO - DAG(s) dict_keys(['example_sensor_decorator']) retrieved from /home/monica.fernandez/practica_creativa/venv-airflow/lib/python3.11/site-packages/airflow/example_dags/example_sensor_decorator.py
[2025-06-17T13:44:34.820+0200] {logging_mixin.py:137} INFO - [2025-06-17T13:44:34.819+0200] {dag.py:2690} INFO - Sync 1 DAGs
[2025-06-17T13:44:34.850+0200] {logging_mixin.py:137} INFO - [2025-06-17T13:44:34.850+0200] {dag.py:3437} INFO - Setting next_dagrun for example_sensor_decorator to None, run_after=None
[2025-06-17T13:44:34.917+0200] {processor.py:175} INFO - Processing /home/monica.fernandez/practica_creativa/venv-airflow/lib/python3.11/site-packages/airflow/example_dags/example_sensor_decorator.py took 0.183 seconds
[2025-06-17T13:45:32.289+0200] {processor.py:153} INFO - Started process (PID=109345) to work on /home/monica.fernandez/practica_creativa/venv-airflow/lib/python3.11/site-packages/airflow/example_dags/example_sensor_decorator.py
[2025-06-17T13:45:32.289+0200] {processor.py:743} INFO - Processing file /home/monica.fernandez/practica_creativa/venv-airflow/lib/python3.11/site-packages/airflow/example_dags/example_sensor_decorator.py for tasks to queue
[2025-06-17T13:45:32.290+0200] {logging_mixin.py:137} INFO - [2025-06-17T13:45:32.290+0200] {dagbag.py:538} INFO - Filling up the DagBag from /home/monica.fernandez/practica_creativa/venv-airflow/lib/python3.11/site-packages/airflow/example_dags/example_sensor_decorator.py
[2025-06-17T13:45:32.325+0200] {processor.py:753} INFO - DAG(s) dict_keys(['example_sensor_decorator']) retrieved from /home/monica.fernandez/practica_creativa/venv-airflow/lib/python3.11/site-packages/airflow/example_dags/example_sensor_decorator.py
[2025-06-17T13:45:32.366+0200] {logging_mixin.py:137} INFO - [2025-06-17T13:45:32.366+0200] {dag.py:2690} INFO - Sync 1 DAGs
[2025-06-17T13:45:32.391+0200] {logging_mixin.py:137} INFO - [2025-06-17T13:45:32.390+0200] {dag.py:3437} INFO - Setting next_dagrun for example_sensor_decorator to None, run_after=None
[2025-06-17T13:45:32.466+0200] {processor.py:175} INFO - Processing /home/monica.fernandez/practica_creativa/venv-airflow/lib/python3.11/site-packages/airflow/example_dags/example_sensor_decorator.py took 0.186 seconds
[2025-06-17T13:46:30.750+0200] {processor.py:153} INFO - Started process (PID=110118) to work on /home/monica.fernandez/practica_creativa/venv-airflow/lib/python3.11/site-packages/airflow/example_dags/example_sensor_decorator.py
[2025-06-17T13:46:30.751+0200] {processor.py:743} INFO - Processing file /home/monica.fernandez/practica_creativa/venv-airflow/lib/python3.11/site-packages/airflow/example_dags/example_sensor_decorator.py for tasks to queue
[2025-06-17T13:46:30.752+0200] {logging_mixin.py:137} INFO - [2025-06-17T13:46:30.752+0200] {dagbag.py:538} INFO - Filling up the DagBag from /home/monica.fernandez/practica_creativa/venv-airflow/lib/python3.11/site-packages/airflow/example_dags/example_sensor_decorator.py
[2025-06-17T13:46:30.785+0200] {processor.py:753} INFO - DAG(s) dict_keys(['example_sensor_decorator']) retrieved from /home/monica.fernandez/practica_creativa/venv-airflow/lib/python3.11/site-packages/airflow/example_dags/example_sensor_decorator.py
[2025-06-17T13:46:30.832+0200] {logging_mixin.py:137} INFO - [2025-06-17T13:46:30.832+0200] {dag.py:2690} INFO - Sync 1 DAGs
[2025-06-17T13:46:30.874+0200] {logging_mixin.py:137} INFO - [2025-06-17T13:46:30.874+0200] {dag.py:3437} INFO - Setting next_dagrun for example_sensor_decorator to None, run_after=None
[2025-06-17T13:46:30.949+0200] {processor.py:175} INFO - Processing /home/monica.fernandez/practica_creativa/venv-airflow/lib/python3.11/site-packages/airflow/example_dags/example_sensor_decorator.py took 0.201 seconds
[2025-06-17T13:47:28.075+0200] {processor.py:153} INFO - Started process (PID=110904) to work on /home/monica.fernandez/practica_creativa/venv-airflow/lib/python3.11/site-packages/airflow/example_dags/example_sensor_decorator.py
[2025-06-17T13:47:28.076+0200] {processor.py:743} INFO - Processing file /home/monica.fernandez/practica_creativa/venv-airflow/lib/python3.11/site-packages/airflow/example_dags/example_sensor_decorator.py for tasks to queue
[2025-06-17T13:47:28.077+0200] {logging_mixin.py:137} INFO - [2025-06-17T13:47:28.077+0200] {dagbag.py:538} INFO - Filling up the DagBag from /home/monica.fernandez/practica_creativa/venv-airflow/lib/python3.11/site-packages/airflow/example_dags/example_sensor_decorator.py
[2025-06-17T13:47:28.106+0200] {processor.py:753} INFO - DAG(s) dict_keys(['example_sensor_decorator']) retrieved from /home/monica.fernandez/practica_creativa/venv-airflow/lib/python3.11/site-packages/airflow/example_dags/example_sensor_decorator.py
[2025-06-17T13:47:28.147+0200] {logging_mixin.py:137} INFO - [2025-06-17T13:47:28.147+0200] {dag.py:2690} INFO - Sync 1 DAGs
[2025-06-17T13:47:28.175+0200] {logging_mixin.py:137} INFO - [2025-06-17T13:47:28.175+0200] {dag.py:3437} INFO - Setting next_dagrun for example_sensor_decorator to None, run_after=None
[2025-06-17T13:47:28.261+0200] {processor.py:175} INFO - Processing /home/monica.fernandez/practica_creativa/venv-airflow/lib/python3.11/site-packages/airflow/example_dags/example_sensor_decorator.py took 0.189 seconds
[2025-06-17T13:50:01.928+0200] {processor.py:153} INFO - Started process (PID=113222) to work on /home/monica.fernandez/practica_creativa/venv-airflow/lib/python3.11/site-packages/airflow/example_dags/example_sensor_decorator.py
[2025-06-17T13:50:01.929+0200] {processor.py:743} INFO - Processing file /home/monica.fernandez/practica_creativa/venv-airflow/lib/python3.11/site-packages/airflow/example_dags/example_sensor_decorator.py for tasks to queue
[2025-06-17T13:50:01.930+0200] {logging_mixin.py:137} INFO - [2025-06-17T13:50:01.930+0200] {dagbag.py:538} INFO - Filling up the DagBag from /home/monica.fernandez/practica_creativa/venv-airflow/lib/python3.11/site-packages/airflow/example_dags/example_sensor_decorator.py
[2025-06-17T13:50:01.950+0200] {processor.py:753} INFO - DAG(s) dict_keys(['example_sensor_decorator']) retrieved from /home/monica.fernandez/practica_creativa/venv-airflow/lib/python3.11/site-packages/airflow/example_dags/example_sensor_decorator.py
[2025-06-17T13:50:01.991+0200] {logging_mixin.py:137} INFO - [2025-06-17T13:50:01.991+0200] {dag.py:2690} INFO - Sync 1 DAGs
[2025-06-17T13:50:02.021+0200] {logging_mixin.py:137} INFO - [2025-06-17T13:50:02.021+0200] {dag.py:3437} INFO - Setting next_dagrun for example_sensor_decorator to None, run_after=None
[2025-06-17T13:50:02.075+0200] {processor.py:175} INFO - Processing /home/monica.fernandez/practica_creativa/venv-airflow/lib/python3.11/site-packages/airflow/example_dags/example_sensor_decorator.py took 0.151 seconds
[2025-06-17T13:51:30.055+0200] {processor.py:153} INFO - Started process (PID=114417) to work on /home/monica.fernandez/practica_creativa/venv-airflow/lib/python3.11/site-packages/airflow/example_dags/example_sensor_decorator.py
[2025-06-17T13:51:30.056+0200] {processor.py:743} INFO - Processing file /home/monica.fernandez/practica_creativa/venv-airflow/lib/python3.11/site-packages/airflow/example_dags/example_sensor_decorator.py for tasks to queue
[2025-06-17T13:51:30.056+0200] {logging_mixin.py:137} INFO - [2025-06-17T13:51:30.056+0200] {dagbag.py:538} INFO - Filling up the DagBag from /home/monica.fernandez/practica_creativa/venv-airflow/lib/python3.11/site-packages/airflow/example_dags/example_sensor_decorator.py
[2025-06-17T13:51:30.083+0200] {processor.py:753} INFO - DAG(s) dict_keys(['example_sensor_decorator']) retrieved from /home/monica.fernandez/practica_creativa/venv-airflow/lib/python3.11/site-packages/airflow/example_dags/example_sensor_decorator.py
[2025-06-17T13:51:30.115+0200] {logging_mixin.py:137} INFO - [2025-06-17T13:51:30.115+0200] {dag.py:2690} INFO - Sync 1 DAGs
[2025-06-17T13:51:30.150+0200] {logging_mixin.py:137} INFO - [2025-06-17T13:51:30.150+0200] {dag.py:3437} INFO - Setting next_dagrun for example_sensor_decorator to None, run_after=None
[2025-06-17T13:51:30.231+0200] {processor.py:175} INFO - Processing /home/monica.fernandez/practica_creativa/venv-airflow/lib/python3.11/site-packages/airflow/example_dags/example_sensor_decorator.py took 0.179 seconds
[2025-06-17T14:00:16.802+0200] {processor.py:153} INFO - Started process (PID=121244) to work on /home/monica.fernandez/practica_creativa/venv-airflow/lib/python3.11/site-packages/airflow/example_dags/example_sensor_decorator.py
[2025-06-17T14:00:16.803+0200] {processor.py:743} INFO - Processing file /home/monica.fernandez/practica_creativa/venv-airflow/lib/python3.11/site-packages/airflow/example_dags/example_sensor_decorator.py for tasks to queue
[2025-06-17T14:00:16.804+0200] {logging_mixin.py:137} INFO - [2025-06-17T14:00:16.804+0200] {dagbag.py:538} INFO - Filling up the DagBag from /home/monica.fernandez/practica_creativa/venv-airflow/lib/python3.11/site-packages/airflow/example_dags/example_sensor_decorator.py
[2025-06-17T14:00:16.822+0200] {processor.py:753} INFO - DAG(s) dict_keys(['example_sensor_decorator']) retrieved from /home/monica.fernandez/practica_creativa/venv-airflow/lib/python3.11/site-packages/airflow/example_dags/example_sensor_decorator.py
[2025-06-17T14:00:16.862+0200] {logging_mixin.py:137} INFO - [2025-06-17T14:00:16.862+0200] {dag.py:2690} INFO - Sync 1 DAGs
[2025-06-17T14:00:16.888+0200] {logging_mixin.py:137} INFO - [2025-06-17T14:00:16.888+0200] {dag.py:3437} INFO - Setting next_dagrun for example_sensor_decorator to None, run_after=None
[2025-06-17T14:00:16.965+0200] {processor.py:175} INFO - Processing /home/monica.fernandez/practica_creativa/venv-airflow/lib/python3.11/site-packages/airflow/example_dags/example_sensor_decorator.py took 0.166 seconds
[2025-06-17T19:24:41.850+0200] {processor.py:153} INFO - Started process (PID=159362) to work on /home/monica.fernandez/practica_creativa/venv-airflow/lib/python3.11/site-packages/airflow/example_dags/example_sensor_decorator.py
[2025-06-17T19:24:41.851+0200] {processor.py:743} INFO - Processing file /home/monica.fernandez/practica_creativa/venv-airflow/lib/python3.11/site-packages/airflow/example_dags/example_sensor_decorator.py for tasks to queue
[2025-06-17T19:24:41.852+0200] {logging_mixin.py:137} INFO - [2025-06-17T19:24:41.851+0200] {dagbag.py:538} INFO - Filling up the DagBag from /home/monica.fernandez/practica_creativa/venv-airflow/lib/python3.11/site-packages/airflow/example_dags/example_sensor_decorator.py
[2025-06-17T19:24:41.885+0200] {processor.py:753} INFO - DAG(s) dict_keys(['example_sensor_decorator']) retrieved from /home/monica.fernandez/practica_creativa/venv-airflow/lib/python3.11/site-packages/airflow/example_dags/example_sensor_decorator.py
[2025-06-17T19:24:41.910+0200] {logging_mixin.py:137} INFO - [2025-06-17T19:24:41.909+0200] {dag.py:2690} INFO - Sync 1 DAGs
[2025-06-17T19:24:41.935+0200] {logging_mixin.py:137} INFO - [2025-06-17T19:24:41.935+0200] {dag.py:3437} INFO - Setting next_dagrun for example_sensor_decorator to None, run_after=None
[2025-06-17T19:24:41.995+0200] {processor.py:175} INFO - Processing /home/monica.fernandez/practica_creativa/venv-airflow/lib/python3.11/site-packages/airflow/example_dags/example_sensor_decorator.py took 0.151 seconds
[2025-06-17T19:25:29.544+0200] {processor.py:153} INFO - Started process (PID=159805) to work on /home/monica.fernandez/practica_creativa/venv-airflow/lib/python3.11/site-packages/airflow/example_dags/example_sensor_decorator.py
[2025-06-17T19:25:29.545+0200] {processor.py:743} INFO - Processing file /home/monica.fernandez/practica_creativa/venv-airflow/lib/python3.11/site-packages/airflow/example_dags/example_sensor_decorator.py for tasks to queue
[2025-06-17T19:25:29.546+0200] {logging_mixin.py:137} INFO - [2025-06-17T19:25:29.546+0200] {dagbag.py:538} INFO - Filling up the DagBag from /home/monica.fernandez/practica_creativa/venv-airflow/lib/python3.11/site-packages/airflow/example_dags/example_sensor_decorator.py
[2025-06-17T19:25:29.589+0200] {processor.py:753} INFO - DAG(s) dict_keys(['example_sensor_decorator']) retrieved from /home/monica.fernandez/practica_creativa/venv-airflow/lib/python3.11/site-packages/airflow/example_dags/example_sensor_decorator.py
[2025-06-17T19:25:29.618+0200] {logging_mixin.py:137} INFO - [2025-06-17T19:25:29.618+0200] {dag.py:2690} INFO - Sync 1 DAGs
[2025-06-17T19:25:29.645+0200] {logging_mixin.py:137} INFO - [2025-06-17T19:25:29.645+0200] {dag.py:3437} INFO - Setting next_dagrun for example_sensor_decorator to None, run_after=None
[2025-06-17T19:25:29.703+0200] {processor.py:175} INFO - Processing /home/monica.fernandez/practica_creativa/venv-airflow/lib/python3.11/site-packages/airflow/example_dags/example_sensor_decorator.py took 0.165 seconds
[2025-06-17T19:26:18.123+0200] {processor.py:153} INFO - Started process (PID=160150) to work on /home/monica.fernandez/practica_creativa/venv-airflow/lib/python3.11/site-packages/airflow/example_dags/example_sensor_decorator.py
[2025-06-17T19:26:18.124+0200] {processor.py:743} INFO - Processing file /home/monica.fernandez/practica_creativa/venv-airflow/lib/python3.11/site-packages/airflow/example_dags/example_sensor_decorator.py for tasks to queue
[2025-06-17T19:26:18.124+0200] {logging_mixin.py:137} INFO - [2025-06-17T19:26:18.124+0200] {dagbag.py:538} INFO - Filling up the DagBag from /home/monica.fernandez/practica_creativa/venv-airflow/lib/python3.11/site-packages/airflow/example_dags/example_sensor_decorator.py
[2025-06-17T19:26:18.156+0200] {processor.py:753} INFO - DAG(s) dict_keys(['example_sensor_decorator']) retrieved from /home/monica.fernandez/practica_creativa/venv-airflow/lib/python3.11/site-packages/airflow/example_dags/example_sensor_decorator.py
[2025-06-17T19:26:18.180+0200] {logging_mixin.py:137} INFO - [2025-06-17T19:26:18.180+0200] {dag.py:2690} INFO - Sync 1 DAGs
[2025-06-17T19:26:18.204+0200] {logging_mixin.py:137} INFO - [2025-06-17T19:26:18.204+0200] {dag.py:3437} INFO - Setting next_dagrun for example_sensor_decorator to None, run_after=None
[2025-06-17T19:26:18.268+0200] {processor.py:175} INFO - Processing /home/monica.fernandez/practica_creativa/venv-airflow/lib/python3.11/site-packages/airflow/example_dags/example_sensor_decorator.py took 0.151 seconds
[2025-06-17T19:27:14.045+0200] {processor.py:153} INFO - Started process (PID=160878) to work on /home/monica.fernandez/practica_creativa/venv-airflow/lib/python3.11/site-packages/airflow/example_dags/example_sensor_decorator.py
[2025-06-17T19:27:14.046+0200] {processor.py:743} INFO - Processing file /home/monica.fernandez/practica_creativa/venv-airflow/lib/python3.11/site-packages/airflow/example_dags/example_sensor_decorator.py for tasks to queue
[2025-06-17T19:27:14.047+0200] {logging_mixin.py:137} INFO - [2025-06-17T19:27:14.047+0200] {dagbag.py:538} INFO - Filling up the DagBag from /home/monica.fernandez/practica_creativa/venv-airflow/lib/python3.11/site-packages/airflow/example_dags/example_sensor_decorator.py
[2025-06-17T19:27:14.076+0200] {processor.py:753} INFO - DAG(s) dict_keys(['example_sensor_decorator']) retrieved from /home/monica.fernandez/practica_creativa/venv-airflow/lib/python3.11/site-packages/airflow/example_dags/example_sensor_decorator.py
[2025-06-17T19:27:14.099+0200] {logging_mixin.py:137} INFO - [2025-06-17T19:27:14.098+0200] {dag.py:2690} INFO - Sync 1 DAGs
[2025-06-17T19:27:14.122+0200] {logging_mixin.py:137} INFO - [2025-06-17T19:27:14.122+0200] {dag.py:3437} INFO - Setting next_dagrun for example_sensor_decorator to None, run_after=None
[2025-06-17T19:27:14.173+0200] {processor.py:175} INFO - Processing /home/monica.fernandez/practica_creativa/venv-airflow/lib/python3.11/site-packages/airflow/example_dags/example_sensor_decorator.py took 0.133 seconds
[2025-06-17T19:28:12.604+0200] {processor.py:153} INFO - Started process (PID=161335) to work on /home/monica.fernandez/practica_creativa/venv-airflow/lib/python3.11/site-packages/airflow/example_dags/example_sensor_decorator.py
[2025-06-17T19:28:12.604+0200] {processor.py:743} INFO - Processing file /home/monica.fernandez/practica_creativa/venv-airflow/lib/python3.11/site-packages/airflow/example_dags/example_sensor_decorator.py for tasks to queue
[2025-06-17T19:28:12.605+0200] {logging_mixin.py:137} INFO - [2025-06-17T19:28:12.604+0200] {dagbag.py:538} INFO - Filling up the DagBag from /home/monica.fernandez/practica_creativa/venv-airflow/lib/python3.11/site-packages/airflow/example_dags/example_sensor_decorator.py
[2025-06-17T19:28:12.631+0200] {processor.py:753} INFO - DAG(s) dict_keys(['example_sensor_decorator']) retrieved from /home/monica.fernandez/practica_creativa/venv-airflow/lib/python3.11/site-packages/airflow/example_dags/example_sensor_decorator.py
[2025-06-17T19:28:12.667+0200] {logging_mixin.py:137} INFO - [2025-06-17T19:28:12.667+0200] {dag.py:2690} INFO - Sync 1 DAGs
[2025-06-17T19:28:12.692+0200] {logging_mixin.py:137} INFO - [2025-06-17T19:28:12.692+0200] {dag.py:3437} INFO - Setting next_dagrun for example_sensor_decorator to None, run_after=None
[2025-06-17T19:28:12.826+0200] {processor.py:175} INFO - Processing /home/monica.fernandez/practica_creativa/venv-airflow/lib/python3.11/site-packages/airflow/example_dags/example_sensor_decorator.py took 0.225 seconds
[2025-06-17T19:29:07.258+0200] {processor.py:153} INFO - Started process (PID=161789) to work on /home/monica.fernandez/practica_creativa/venv-airflow/lib/python3.11/site-packages/airflow/example_dags/example_sensor_decorator.py
[2025-06-17T19:29:07.259+0200] {processor.py:743} INFO - Processing file /home/monica.fernandez/practica_creativa/venv-airflow/lib/python3.11/site-packages/airflow/example_dags/example_sensor_decorator.py for tasks to queue
[2025-06-17T19:29:07.261+0200] {logging_mixin.py:137} INFO - [2025-06-17T19:29:07.260+0200] {dagbag.py:538} INFO - Filling up the DagBag from /home/monica.fernandez/practica_creativa/venv-airflow/lib/python3.11/site-packages/airflow/example_dags/example_sensor_decorator.py
[2025-06-17T19:29:07.314+0200] {processor.py:753} INFO - DAG(s) dict_keys(['example_sensor_decorator']) retrieved from /home/monica.fernandez/practica_creativa/venv-airflow/lib/python3.11/site-packages/airflow/example_dags/example_sensor_decorator.py
[2025-06-17T19:29:07.357+0200] {logging_mixin.py:137} INFO - [2025-06-17T19:29:07.357+0200] {dag.py:2690} INFO - Sync 1 DAGs
[2025-06-17T19:29:07.399+0200] {logging_mixin.py:137} INFO - [2025-06-17T19:29:07.399+0200] {dag.py:3437} INFO - Setting next_dagrun for example_sensor_decorator to None, run_after=None
[2025-06-17T19:29:07.508+0200] {processor.py:175} INFO - Processing /home/monica.fernandez/practica_creativa/venv-airflow/lib/python3.11/site-packages/airflow/example_dags/example_sensor_decorator.py took 0.256 seconds
[2025-06-17T19:34:22.244+0200] {processor.py:153} INFO - Started process (PID=165466) to work on /home/monica.fernandez/practica_creativa/venv-airflow/lib/python3.11/site-packages/airflow/example_dags/example_sensor_decorator.py
[2025-06-17T19:34:22.245+0200] {processor.py:743} INFO - Processing file /home/monica.fernandez/practica_creativa/venv-airflow/lib/python3.11/site-packages/airflow/example_dags/example_sensor_decorator.py for tasks to queue
[2025-06-17T19:34:22.245+0200] {logging_mixin.py:137} INFO - [2025-06-17T19:34:22.245+0200] {dagbag.py:538} INFO - Filling up the DagBag from /home/monica.fernandez/practica_creativa/venv-airflow/lib/python3.11/site-packages/airflow/example_dags/example_sensor_decorator.py
[2025-06-17T19:34:22.276+0200] {processor.py:753} INFO - DAG(s) dict_keys(['example_sensor_decorator']) retrieved from /home/monica.fernandez/practica_creativa/venv-airflow/lib/python3.11/site-packages/airflow/example_dags/example_sensor_decorator.py
[2025-06-17T19:34:22.365+0200] {logging_mixin.py:137} INFO - [2025-06-17T19:34:22.365+0200] {dag.py:2690} INFO - Sync 1 DAGs
[2025-06-17T19:34:22.432+0200] {logging_mixin.py:137} INFO - [2025-06-17T19:34:22.432+0200] {dag.py:3437} INFO - Setting next_dagrun for example_sensor_decorator to None, run_after=None
[2025-06-17T19:34:22.527+0200] {processor.py:175} INFO - Processing /home/monica.fernandez/practica_creativa/venv-airflow/lib/python3.11/site-packages/airflow/example_dags/example_sensor_decorator.py took 0.286 seconds
[2025-06-17T19:35:12.969+0200] {processor.py:153} INFO - Started process (PID=165757) to work on /home/monica.fernandez/practica_creativa/venv-airflow/lib/python3.11/site-packages/airflow/example_dags/example_sensor_decorator.py
[2025-06-17T19:35:12.971+0200] {processor.py:743} INFO - Processing file /home/monica.fernandez/practica_creativa/venv-airflow/lib/python3.11/site-packages/airflow/example_dags/example_sensor_decorator.py for tasks to queue
[2025-06-17T19:35:12.971+0200] {logging_mixin.py:137} INFO - [2025-06-17T19:35:12.971+0200] {dagbag.py:538} INFO - Filling up the DagBag from /home/monica.fernandez/practica_creativa/venv-airflow/lib/python3.11/site-packages/airflow/example_dags/example_sensor_decorator.py
[2025-06-17T19:35:13.003+0200] {processor.py:753} INFO - DAG(s) dict_keys(['example_sensor_decorator']) retrieved from /home/monica.fernandez/practica_creativa/venv-airflow/lib/python3.11/site-packages/airflow/example_dags/example_sensor_decorator.py
[2025-06-17T19:35:13.036+0200] {logging_mixin.py:137} INFO - [2025-06-17T19:35:13.035+0200] {dag.py:2690} INFO - Sync 1 DAGs
[2025-06-17T19:35:13.070+0200] {logging_mixin.py:137} INFO - [2025-06-17T19:35:13.069+0200] {dag.py:3437} INFO - Setting next_dagrun for example_sensor_decorator to None, run_after=None
[2025-06-17T19:35:13.155+0200] {processor.py:175} INFO - Processing /home/monica.fernandez/practica_creativa/venv-airflow/lib/python3.11/site-packages/airflow/example_dags/example_sensor_decorator.py took 0.190 seconds
[2025-06-17T19:36:03.559+0200] {processor.py:153} INFO - Started process (PID=166271) to work on /home/monica.fernandez/practica_creativa/venv-airflow/lib/python3.11/site-packages/airflow/example_dags/example_sensor_decorator.py
[2025-06-17T19:36:03.560+0200] {processor.py:743} INFO - Processing file /home/monica.fernandez/practica_creativa/venv-airflow/lib/python3.11/site-packages/airflow/example_dags/example_sensor_decorator.py for tasks to queue
[2025-06-17T19:36:03.560+0200] {logging_mixin.py:137} INFO - [2025-06-17T19:36:03.560+0200] {dagbag.py:538} INFO - Filling up the DagBag from /home/monica.fernandez/practica_creativa/venv-airflow/lib/python3.11/site-packages/airflow/example_dags/example_sensor_decorator.py
[2025-06-17T19:36:03.589+0200] {processor.py:753} INFO - DAG(s) dict_keys(['example_sensor_decorator']) retrieved from /home/monica.fernandez/practica_creativa/venv-airflow/lib/python3.11/site-packages/airflow/example_dags/example_sensor_decorator.py
[2025-06-17T19:36:03.635+0200] {logging_mixin.py:137} INFO - [2025-06-17T19:36:03.635+0200] {dag.py:2690} INFO - Sync 1 DAGs
[2025-06-17T19:36:03.667+0200] {logging_mixin.py:137} INFO - [2025-06-17T19:36:03.667+0200] {dag.py:3437} INFO - Setting next_dagrun for example_sensor_decorator to None, run_after=None
[2025-06-17T19:36:03.795+0200] {processor.py:175} INFO - Processing /home/monica.fernandez/practica_creativa/venv-airflow/lib/python3.11/site-packages/airflow/example_dags/example_sensor_decorator.py took 0.241 seconds
