[2025-06-26T00:15:25.807+0200] {processor.py:153} INFO - Started process (PID=226827) to work on /home/monica.fernandez/practica_creativa/venv-airflow/lib/python3.11/site-packages/airflow/example_dags/subdags/subdag.py
[2025-06-26T00:15:25.808+0200] {processor.py:743} INFO - Processing file /home/monica.fernandez/practica_creativa/venv-airflow/lib/python3.11/site-packages/airflow/example_dags/subdags/subdag.py for tasks to queue
[2025-06-26T00:15:25.808+0200] {logging_mixin.py:137} INFO - [2025-06-26T00:15:25.808+0200] {dagbag.py:538} INFO - Filling up the DagBag from /home/monica.fernandez/practica_creativa/venv-airflow/lib/python3.11/site-packages/airflow/example_dags/subdags/subdag.py
[2025-06-26T00:15:25.811+0200] {processor.py:755} WARNING - No viable dags retrieved from /home/monica.fernandez/practica_creativa/venv-airflow/lib/python3.11/site-packages/airflow/example_dags/subdags/subdag.py
[2025-06-26T00:15:25.831+0200] {processor.py:175} INFO - Processing /home/monica.fernandez/practica_creativa/venv-airflow/lib/python3.11/site-packages/airflow/example_dags/subdags/subdag.py took 0.027 seconds
[2025-06-26T00:16:24.767+0200] {processor.py:153} INFO - Started process (PID=227668) to work on /home/monica.fernandez/practica_creativa/venv-airflow/lib/python3.11/site-packages/airflow/example_dags/subdags/subdag.py
[2025-06-26T00:16:24.769+0200] {processor.py:743} INFO - Processing file /home/monica.fernandez/practica_creativa/venv-airflow/lib/python3.11/site-packages/airflow/example_dags/subdags/subdag.py for tasks to queue
[2025-06-26T00:16:24.771+0200] {logging_mixin.py:137} INFO - [2025-06-26T00:16:24.770+0200] {dagbag.py:538} INFO - Filling up the DagBag from /home/monica.fernandez/practica_creativa/venv-airflow/lib/python3.11/site-packages/airflow/example_dags/subdags/subdag.py
[2025-06-26T00:16:24.792+0200] {processor.py:755} WARNING - No viable dags retrieved from /home/monica.fernandez/practica_creativa/venv-airflow/lib/python3.11/site-packages/airflow/example_dags/subdags/subdag.py
[2025-06-26T00:16:24.909+0200] {processor.py:175} INFO - Processing /home/monica.fernandez/practica_creativa/venv-airflow/lib/python3.11/site-packages/airflow/example_dags/subdags/subdag.py took 0.149 seconds
[2025-06-26T00:17:01.453+0200] {processor.py:153} INFO - Started process (PID=228178) to work on /home/monica.fernandez/practica_creativa/venv-airflow/lib/python3.11/site-packages/airflow/example_dags/subdags/subdag.py
[2025-06-26T00:17:01.455+0200] {processor.py:743} INFO - Processing file /home/monica.fernandez/practica_creativa/venv-airflow/lib/python3.11/site-packages/airflow/example_dags/subdags/subdag.py for tasks to queue
[2025-06-26T00:17:01.456+0200] {logging_mixin.py:137} INFO - [2025-06-26T00:17:01.456+0200] {dagbag.py:538} INFO - Filling up the DagBag from /home/monica.fernandez/practica_creativa/venv-airflow/lib/python3.11/site-packages/airflow/example_dags/subdags/subdag.py
[2025-06-26T00:17:01.464+0200] {processor.py:755} WARNING - No viable dags retrieved from /home/monica.fernandez/practica_creativa/venv-airflow/lib/python3.11/site-packages/airflow/example_dags/subdags/subdag.py
[2025-06-26T00:17:01.487+0200] {processor.py:175} INFO - Processing /home/monica.fernandez/practica_creativa/venv-airflow/lib/python3.11/site-packages/airflow/example_dags/subdags/subdag.py took 0.042 seconds
[2025-06-26T00:21:46.101+0200] {processor.py:153} INFO - Started process (PID=233577) to work on /home/monica.fernandez/practica_creativa/venv-airflow/lib/python3.11/site-packages/airflow/example_dags/subdags/subdag.py
[2025-06-26T00:21:46.103+0200] {processor.py:743} INFO - Processing file /home/monica.fernandez/practica_creativa/venv-airflow/lib/python3.11/site-packages/airflow/example_dags/subdags/subdag.py for tasks to queue
[2025-06-26T00:21:46.104+0200] {logging_mixin.py:137} INFO - [2025-06-26T00:21:46.104+0200] {dagbag.py:538} INFO - Filling up the DagBag from /home/monica.fernandez/practica_creativa/venv-airflow/lib/python3.11/site-packages/airflow/example_dags/subdags/subdag.py
[2025-06-26T00:21:46.111+0200] {processor.py:755} WARNING - No viable dags retrieved from /home/monica.fernandez/practica_creativa/venv-airflow/lib/python3.11/site-packages/airflow/example_dags/subdags/subdag.py
[2025-06-26T00:21:46.151+0200] {processor.py:175} INFO - Processing /home/monica.fernandez/practica_creativa/venv-airflow/lib/python3.11/site-packages/airflow/example_dags/subdags/subdag.py took 0.056 seconds
[2025-06-26T00:22:32.256+0200] {processor.py:153} INFO - Started process (PID=234180) to work on /home/monica.fernandez/practica_creativa/venv-airflow/lib/python3.11/site-packages/airflow/example_dags/subdags/subdag.py
[2025-06-26T00:22:32.258+0200] {processor.py:743} INFO - Processing file /home/monica.fernandez/practica_creativa/venv-airflow/lib/python3.11/site-packages/airflow/example_dags/subdags/subdag.py for tasks to queue
[2025-06-26T00:22:32.259+0200] {logging_mixin.py:137} INFO - [2025-06-26T00:22:32.258+0200] {dagbag.py:538} INFO - Filling up the DagBag from /home/monica.fernandez/practica_creativa/venv-airflow/lib/python3.11/site-packages/airflow/example_dags/subdags/subdag.py
[2025-06-26T00:22:32.262+0200] {processor.py:755} WARNING - No viable dags retrieved from /home/monica.fernandez/practica_creativa/venv-airflow/lib/python3.11/site-packages/airflow/example_dags/subdags/subdag.py
[2025-06-26T00:22:32.282+0200] {processor.py:175} INFO - Processing /home/monica.fernandez/practica_creativa/venv-airflow/lib/python3.11/site-packages/airflow/example_dags/subdags/subdag.py took 0.032 seconds
[2025-06-26T00:23:05.386+0200] {processor.py:153} INFO - Started process (PID=234659) to work on /home/monica.fernandez/practica_creativa/venv-airflow/lib/python3.11/site-packages/airflow/example_dags/subdags/subdag.py
[2025-06-26T00:23:05.388+0200] {processor.py:743} INFO - Processing file /home/monica.fernandez/practica_creativa/venv-airflow/lib/python3.11/site-packages/airflow/example_dags/subdags/subdag.py for tasks to queue
[2025-06-26T00:23:05.388+0200] {logging_mixin.py:137} INFO - [2025-06-26T00:23:05.388+0200] {dagbag.py:538} INFO - Filling up the DagBag from /home/monica.fernandez/practica_creativa/venv-airflow/lib/python3.11/site-packages/airflow/example_dags/subdags/subdag.py
[2025-06-26T00:23:05.393+0200] {processor.py:755} WARNING - No viable dags retrieved from /home/monica.fernandez/practica_creativa/venv-airflow/lib/python3.11/site-packages/airflow/example_dags/subdags/subdag.py
[2025-06-26T00:23:05.418+0200] {processor.py:175} INFO - Processing /home/monica.fernandez/practica_creativa/venv-airflow/lib/python3.11/site-packages/airflow/example_dags/subdags/subdag.py took 0.038 seconds
[2025-06-26T00:23:43.533+0200] {processor.py:153} INFO - Started process (PID=235234) to work on /home/monica.fernandez/practica_creativa/venv-airflow/lib/python3.11/site-packages/airflow/example_dags/subdags/subdag.py
[2025-06-26T00:23:43.535+0200] {processor.py:743} INFO - Processing file /home/monica.fernandez/practica_creativa/venv-airflow/lib/python3.11/site-packages/airflow/example_dags/subdags/subdag.py for tasks to queue
[2025-06-26T00:23:43.537+0200] {logging_mixin.py:137} INFO - [2025-06-26T00:23:43.537+0200] {dagbag.py:538} INFO - Filling up the DagBag from /home/monica.fernandez/practica_creativa/venv-airflow/lib/python3.11/site-packages/airflow/example_dags/subdags/subdag.py
[2025-06-26T00:23:43.551+0200] {processor.py:755} WARNING - No viable dags retrieved from /home/monica.fernandez/practica_creativa/venv-airflow/lib/python3.11/site-packages/airflow/example_dags/subdags/subdag.py
[2025-06-26T00:23:43.583+0200] {processor.py:175} INFO - Processing /home/monica.fernandez/practica_creativa/venv-airflow/lib/python3.11/site-packages/airflow/example_dags/subdags/subdag.py took 0.059 seconds
[2025-06-26T00:24:22.640+0200] {processor.py:153} INFO - Started process (PID=235793) to work on /home/monica.fernandez/practica_creativa/venv-airflow/lib/python3.11/site-packages/airflow/example_dags/subdags/subdag.py
[2025-06-26T00:24:22.642+0200] {processor.py:743} INFO - Processing file /home/monica.fernandez/practica_creativa/venv-airflow/lib/python3.11/site-packages/airflow/example_dags/subdags/subdag.py for tasks to queue
[2025-06-26T00:24:22.644+0200] {logging_mixin.py:137} INFO - [2025-06-26T00:24:22.644+0200] {dagbag.py:538} INFO - Filling up the DagBag from /home/monica.fernandez/practica_creativa/venv-airflow/lib/python3.11/site-packages/airflow/example_dags/subdags/subdag.py
[2025-06-26T00:24:22.652+0200] {processor.py:755} WARNING - No viable dags retrieved from /home/monica.fernandez/practica_creativa/venv-airflow/lib/python3.11/site-packages/airflow/example_dags/subdags/subdag.py
[2025-06-26T00:24:22.699+0200] {processor.py:175} INFO - Processing /home/monica.fernandez/practica_creativa/venv-airflow/lib/python3.11/site-packages/airflow/example_dags/subdags/subdag.py took 0.067 seconds
[2025-06-26T00:25:05.892+0200] {processor.py:153} INFO - Started process (PID=236590) to work on /home/monica.fernandez/practica_creativa/venv-airflow/lib/python3.11/site-packages/airflow/example_dags/subdags/subdag.py
[2025-06-26T00:25:05.893+0200] {processor.py:743} INFO - Processing file /home/monica.fernandez/practica_creativa/venv-airflow/lib/python3.11/site-packages/airflow/example_dags/subdags/subdag.py for tasks to queue
[2025-06-26T00:25:05.893+0200] {logging_mixin.py:137} INFO - [2025-06-26T00:25:05.893+0200] {dagbag.py:538} INFO - Filling up the DagBag from /home/monica.fernandez/practica_creativa/venv-airflow/lib/python3.11/site-packages/airflow/example_dags/subdags/subdag.py
[2025-06-26T00:25:05.900+0200] {processor.py:755} WARNING - No viable dags retrieved from /home/monica.fernandez/practica_creativa/venv-airflow/lib/python3.11/site-packages/airflow/example_dags/subdags/subdag.py
[2025-06-26T00:25:05.918+0200] {processor.py:175} INFO - Processing /home/monica.fernandez/practica_creativa/venv-airflow/lib/python3.11/site-packages/airflow/example_dags/subdags/subdag.py took 0.028 seconds
[2025-06-26T00:25:42.928+0200] {processor.py:153} INFO - Started process (PID=237202) to work on /home/monica.fernandez/practica_creativa/venv-airflow/lib/python3.11/site-packages/airflow/example_dags/subdags/subdag.py
[2025-06-26T00:25:42.929+0200] {processor.py:743} INFO - Processing file /home/monica.fernandez/practica_creativa/venv-airflow/lib/python3.11/site-packages/airflow/example_dags/subdags/subdag.py for tasks to queue
[2025-06-26T00:25:42.930+0200] {logging_mixin.py:137} INFO - [2025-06-26T00:25:42.929+0200] {dagbag.py:538} INFO - Filling up the DagBag from /home/monica.fernandez/practica_creativa/venv-airflow/lib/python3.11/site-packages/airflow/example_dags/subdags/subdag.py
[2025-06-26T00:25:42.933+0200] {processor.py:755} WARNING - No viable dags retrieved from /home/monica.fernandez/practica_creativa/venv-airflow/lib/python3.11/site-packages/airflow/example_dags/subdags/subdag.py
[2025-06-26T00:25:42.958+0200] {processor.py:175} INFO - Processing /home/monica.fernandez/practica_creativa/venv-airflow/lib/python3.11/site-packages/airflow/example_dags/subdags/subdag.py took 0.033 seconds
[2025-06-26T00:26:20.056+0200] {processor.py:153} INFO - Started process (PID=237720) to work on /home/monica.fernandez/practica_creativa/venv-airflow/lib/python3.11/site-packages/airflow/example_dags/subdags/subdag.py
[2025-06-26T00:26:20.057+0200] {processor.py:743} INFO - Processing file /home/monica.fernandez/practica_creativa/venv-airflow/lib/python3.11/site-packages/airflow/example_dags/subdags/subdag.py for tasks to queue
[2025-06-26T00:26:20.058+0200] {logging_mixin.py:137} INFO - [2025-06-26T00:26:20.058+0200] {dagbag.py:538} INFO - Filling up the DagBag from /home/monica.fernandez/practica_creativa/venv-airflow/lib/python3.11/site-packages/airflow/example_dags/subdags/subdag.py
[2025-06-26T00:26:20.062+0200] {processor.py:755} WARNING - No viable dags retrieved from /home/monica.fernandez/practica_creativa/venv-airflow/lib/python3.11/site-packages/airflow/example_dags/subdags/subdag.py
[2025-06-26T00:26:20.084+0200] {processor.py:175} INFO - Processing /home/monica.fernandez/practica_creativa/venv-airflow/lib/python3.11/site-packages/airflow/example_dags/subdags/subdag.py took 0.034 seconds
[2025-06-26T00:27:02.770+0200] {processor.py:153} INFO - Started process (PID=238338) to work on /home/monica.fernandez/practica_creativa/venv-airflow/lib/python3.11/site-packages/airflow/example_dags/subdags/subdag.py
[2025-06-26T00:27:02.771+0200] {processor.py:743} INFO - Processing file /home/monica.fernandez/practica_creativa/venv-airflow/lib/python3.11/site-packages/airflow/example_dags/subdags/subdag.py for tasks to queue
[2025-06-26T00:27:02.771+0200] {logging_mixin.py:137} INFO - [2025-06-26T00:27:02.771+0200] {dagbag.py:538} INFO - Filling up the DagBag from /home/monica.fernandez/practica_creativa/venv-airflow/lib/python3.11/site-packages/airflow/example_dags/subdags/subdag.py
[2025-06-26T00:27:02.774+0200] {processor.py:755} WARNING - No viable dags retrieved from /home/monica.fernandez/practica_creativa/venv-airflow/lib/python3.11/site-packages/airflow/example_dags/subdags/subdag.py
[2025-06-26T00:27:02.862+0200] {processor.py:175} INFO - Processing /home/monica.fernandez/practica_creativa/venv-airflow/lib/python3.11/site-packages/airflow/example_dags/subdags/subdag.py took 0.094 seconds
