[2025-07-10T12:19:51.482+0200] {taskinstance.py:1083} INFO - Dependencies all met for <TaskInstance: agile_data_science_batch_prediction_model_training.pyspark_train_classifier_model manual__2025-07-10T10:02:45.624160+00:00 [queued]>
[2025-07-10T12:19:51.500+0200] {taskinstance.py:1083} INFO - Dependencies all met for <TaskInstance: agile_data_science_batch_prediction_model_training.pyspark_train_classifier_model manual__2025-07-10T10:02:45.624160+00:00 [queued]>
[2025-07-10T12:19:51.501+0200] {taskinstance.py:1279} INFO - 
--------------------------------------------------------------------------------
[2025-07-10T12:19:51.501+0200] {taskinstance.py:1280} INFO - Starting attempt 4 of 4
[2025-07-10T12:19:51.501+0200] {taskinstance.py:1281} INFO - 
--------------------------------------------------------------------------------
[2025-07-10T12:19:51.530+0200] {taskinstance.py:1300} INFO - Executing <Task(BashOperator): pyspark_train_classifier_model> on 2025-07-10 10:02:45.624160+00:00
[2025-07-10T12:19:51.537+0200] {standard_task_runner.py:55} INFO - Started process 135734 to run task
[2025-07-10T12:19:51.547+0200] {standard_task_runner.py:82} INFO - Running: ['airflow', 'tasks', 'run', 'agile_data_science_batch_prediction_model_training', 'pyspark_train_classifier_model', 'manual__2025-07-10T10:02:45.624160+00:00', '--job-id', '130', '--raw', '--subdir', 'DAGS_FOLDER/setup.py', '--cfg-path', '/tmp/tmpr992w9pf']
[2025-07-10T12:19:51.551+0200] {standard_task_runner.py:83} INFO - Job 130: Subtask pyspark_train_classifier_model
[2025-07-10T12:19:51.668+0200] {task_command.py:388} INFO - Running <TaskInstance: agile_data_science_batch_prediction_model_training.pyspark_train_classifier_model manual__2025-07-10T10:02:45.624160+00:00 [running]> on host l017.lab.dit.upm.es
[2025-07-10T12:19:51.758+0200] {taskinstance.py:1507} INFO - Exporting the following env vars:
AIRFLOW_CTX_DAG_OWNER=airflow
AIRFLOW_CTX_DAG_ID=agile_data_science_batch_prediction_model_training
AIRFLOW_CTX_TASK_ID=pyspark_train_classifier_model
AIRFLOW_CTX_EXECUTION_DATE=2025-07-10T10:02:45.624160+00:00
AIRFLOW_CTX_TRY_NUMBER=4
AIRFLOW_CTX_DAG_RUN_ID=manual__2025-07-10T10:02:45.624160+00:00
[2025-07-10T12:19:51.760+0200] {subprocess.py:63} INFO - Tmp dir root location: 
 /tmp
[2025-07-10T12:19:51.760+0200] {subprocess.py:75} INFO - Running command: ['/usr/bin/bash', '-c', '\nspark-submit --master local[4]   --packages com.datastax.spark:spark-cassandra-connector_2.12:3.5.0   /home/monica.fernandez/practica_creativa/resources/train_spark_mllib_model.py   /home/monica.fernandez/practica_creativa']
[2025-07-10T12:19:51.766+0200] {subprocess.py:86} INFO - Output:
[2025-07-10T12:19:52.988+0200] {subprocess.py:93} INFO - 25/07/10 12:19:52 WARN Utils: Your hostname, l017 resolves to a loopback address: 127.0.1.1; using 138.4.31.17 instead (on interface enp1s0)
[2025-07-10T12:19:52.990+0200] {subprocess.py:93} INFO - 25/07/10 12:19:52 WARN Utils: Set SPARK_LOCAL_IP if you need to bind to another address
[2025-07-10T12:19:53.148+0200] {subprocess.py:93} INFO - :: loading settings :: url = jar:file:/home/monica.fernandez/.sdkman/candidates/spark/3.5.3/jars/ivy-2.5.1.jar!/org/apache/ivy/core/settings/ivysettings.xml
[2025-07-10T12:19:53.208+0200] {subprocess.py:93} INFO - Ivy Default Cache set to: /home/monica.fernandez/.ivy2/cache
[2025-07-10T12:19:53.208+0200] {subprocess.py:93} INFO - The jars for the packages stored in: /home/monica.fernandez/.ivy2/jars
[2025-07-10T12:19:53.212+0200] {subprocess.py:93} INFO - com.datastax.spark#spark-cassandra-connector_2.12 added as a dependency
[2025-07-10T12:19:53.213+0200] {subprocess.py:93} INFO - :: resolving dependencies :: org.apache.spark#spark-submit-parent-abee870e-af0e-48e9-87ef-447dac347085;1.0
[2025-07-10T12:19:53.213+0200] {subprocess.py:93} INFO - 	confs: [default]
[2025-07-10T12:19:53.317+0200] {subprocess.py:93} INFO - 	found com.datastax.spark#spark-cassandra-connector_2.12;3.5.0 in central
[2025-07-10T12:19:53.346+0200] {subprocess.py:93} INFO - 	found com.datastax.spark#spark-cassandra-connector-driver_2.12;3.5.0 in central
[2025-07-10T12:19:53.376+0200] {subprocess.py:93} INFO - 	found org.scala-lang.modules#scala-collection-compat_2.12;2.11.0 in central
[2025-07-10T12:19:53.411+0200] {subprocess.py:93} INFO - 	found com.datastax.oss#java-driver-core-shaded;4.13.0 in central
[2025-07-10T12:19:53.438+0200] {subprocess.py:93} INFO - 	found com.datastax.oss#native-protocol;1.5.0 in central
[2025-07-10T12:19:53.462+0200] {subprocess.py:93} INFO - 	found com.datastax.oss#java-driver-shaded-guava;25.1-jre-graal-sub-1 in central
[2025-07-10T12:19:53.500+0200] {subprocess.py:93} INFO - 	found com.typesafe#config;1.4.1 in central
[2025-07-10T12:19:53.536+0200] {subprocess.py:93} INFO - 	found org.slf4j#slf4j-api;1.7.26 in central
[2025-07-10T12:19:53.561+0200] {subprocess.py:93} INFO - 	found io.dropwizard.metrics#metrics-core;4.1.18 in central
[2025-07-10T12:19:53.581+0200] {subprocess.py:93} INFO - 	found org.hdrhistogram#HdrHistogram;2.1.12 in central
[2025-07-10T12:19:53.598+0200] {subprocess.py:93} INFO - 	found org.reactivestreams#reactive-streams;1.0.3 in central
[2025-07-10T12:19:53.615+0200] {subprocess.py:93} INFO - 	found com.github.stephenc.jcip#jcip-annotations;1.0-1 in central
[2025-07-10T12:19:53.633+0200] {subprocess.py:93} INFO - 	found com.github.spotbugs#spotbugs-annotations;3.1.12 in central
[2025-07-10T12:19:53.655+0200] {subprocess.py:93} INFO - 	found com.google.code.findbugs#jsr305;3.0.2 in central
[2025-07-10T12:19:53.676+0200] {subprocess.py:93} INFO - 	found com.datastax.oss#java-driver-mapper-runtime;4.13.0 in central
[2025-07-10T12:19:53.697+0200] {subprocess.py:93} INFO - 	found com.datastax.oss#java-driver-query-builder;4.13.0 in central
[2025-07-10T12:19:53.722+0200] {subprocess.py:93} INFO - 	found org.apache.commons#commons-lang3;3.10 in central
[2025-07-10T12:19:53.741+0200] {subprocess.py:93} INFO - 	found com.thoughtworks.paranamer#paranamer;2.8 in central
[2025-07-10T12:19:53.761+0200] {subprocess.py:93} INFO - 	found org.scala-lang#scala-reflect;2.12.11 in central
[2025-07-10T12:19:53.822+0200] {subprocess.py:93} INFO - :: resolution report :: resolve 569ms :: artifacts dl 40ms
[2025-07-10T12:19:53.822+0200] {subprocess.py:93} INFO - 	:: modules in use:
[2025-07-10T12:19:53.823+0200] {subprocess.py:93} INFO - 	com.datastax.oss#java-driver-core-shaded;4.13.0 from central in [default]
[2025-07-10T12:19:53.823+0200] {subprocess.py:93} INFO - 	com.datastax.oss#java-driver-mapper-runtime;4.13.0 from central in [default]
[2025-07-10T12:19:53.823+0200] {subprocess.py:93} INFO - 	com.datastax.oss#java-driver-query-builder;4.13.0 from central in [default]
[2025-07-10T12:19:53.824+0200] {subprocess.py:93} INFO - 	com.datastax.oss#java-driver-shaded-guava;25.1-jre-graal-sub-1 from central in [default]
[2025-07-10T12:19:53.824+0200] {subprocess.py:93} INFO - 	com.datastax.oss#native-protocol;1.5.0 from central in [default]
[2025-07-10T12:19:53.825+0200] {subprocess.py:93} INFO - 	com.datastax.spark#spark-cassandra-connector-driver_2.12;3.5.0 from central in [default]
[2025-07-10T12:19:53.825+0200] {subprocess.py:93} INFO - 	com.datastax.spark#spark-cassandra-connector_2.12;3.5.0 from central in [default]
[2025-07-10T12:19:53.825+0200] {subprocess.py:93} INFO - 	com.github.spotbugs#spotbugs-annotations;3.1.12 from central in [default]
[2025-07-10T12:19:53.825+0200] {subprocess.py:93} INFO - 	com.github.stephenc.jcip#jcip-annotations;1.0-1 from central in [default]
[2025-07-10T12:19:53.825+0200] {subprocess.py:93} INFO - 	com.google.code.findbugs#jsr305;3.0.2 from central in [default]
[2025-07-10T12:19:53.825+0200] {subprocess.py:93} INFO - 	com.thoughtworks.paranamer#paranamer;2.8 from central in [default]
[2025-07-10T12:19:53.825+0200] {subprocess.py:93} INFO - 	com.typesafe#config;1.4.1 from central in [default]
[2025-07-10T12:19:53.829+0200] {subprocess.py:93} INFO - 	io.dropwizard.metrics#metrics-core;4.1.18 from central in [default]
[2025-07-10T12:19:53.830+0200] {subprocess.py:93} INFO - 	org.apache.commons#commons-lang3;3.10 from central in [default]
[2025-07-10T12:19:53.830+0200] {subprocess.py:93} INFO - 	org.hdrhistogram#HdrHistogram;2.1.12 from central in [default]
[2025-07-10T12:19:53.830+0200] {subprocess.py:93} INFO - 	org.reactivestreams#reactive-streams;1.0.3 from central in [default]
[2025-07-10T12:19:53.830+0200] {subprocess.py:93} INFO - 	org.scala-lang#scala-reflect;2.12.11 from central in [default]
[2025-07-10T12:19:53.831+0200] {subprocess.py:93} INFO - 	org.scala-lang.modules#scala-collection-compat_2.12;2.11.0 from central in [default]
[2025-07-10T12:19:53.831+0200] {subprocess.py:93} INFO - 	org.slf4j#slf4j-api;1.7.26 from central in [default]
[2025-07-10T12:19:53.831+0200] {subprocess.py:93} INFO - 	---------------------------------------------------------------------
[2025-07-10T12:19:53.831+0200] {subprocess.py:93} INFO - 	|                  |            modules            ||   artifacts   |
[2025-07-10T12:19:53.832+0200] {subprocess.py:93} INFO - 	|       conf       | number| search|dwnlded|evicted|| number|dwnlded|
[2025-07-10T12:19:53.832+0200] {subprocess.py:93} INFO - 	---------------------------------------------------------------------
[2025-07-10T12:19:53.832+0200] {subprocess.py:93} INFO - 	|      default     |   19  |   0   |   0   |   0   ||   19  |   0   |
[2025-07-10T12:19:53.832+0200] {subprocess.py:93} INFO - 	---------------------------------------------------------------------
[2025-07-10T12:19:53.861+0200] {subprocess.py:93} INFO - :: retrieving :: org.apache.spark#spark-submit-parent-abee870e-af0e-48e9-87ef-447dac347085
[2025-07-10T12:19:53.862+0200] {subprocess.py:93} INFO - 	confs: [default]
[2025-07-10T12:19:53.895+0200] {subprocess.py:93} INFO - 	0 artifacts copied, 19 already retrieved (0kB/32ms)
[2025-07-10T12:19:54.187+0200] {subprocess.py:93} INFO - 25/07/10 12:19:54 WARN NativeCodeLoader: Unable to load native-hadoop library for your platform... using builtin-java classes where applicable
[2025-07-10T12:19:59.624+0200] {subprocess.py:93} INFO - 25/07/10 12:19:59 INFO SparkContext: Running Spark version 3.5.3
[2025-07-10T12:19:59.625+0200] {subprocess.py:93} INFO - 25/07/10 12:19:59 INFO SparkContext: OS info Linux, 6.1.0-35-amd64, amd64
[2025-07-10T12:19:59.627+0200] {subprocess.py:93} INFO - 25/07/10 12:19:59 INFO SparkContext: Java version 17.0.14
[2025-07-10T12:19:59.654+0200] {subprocess.py:93} INFO - 25/07/10 12:19:59 INFO ResourceUtils: ==============================================================
[2025-07-10T12:19:59.655+0200] {subprocess.py:93} INFO - 25/07/10 12:19:59 INFO ResourceUtils: No custom resources configured for spark.driver.
[2025-07-10T12:19:59.656+0200] {subprocess.py:93} INFO - 25/07/10 12:19:59 INFO ResourceUtils: ==============================================================
[2025-07-10T12:19:59.656+0200] {subprocess.py:93} INFO - 25/07/10 12:19:59 INFO SparkContext: Submitted application: train_spark_mllib_model.py
[2025-07-10T12:19:59.689+0200] {subprocess.py:93} INFO - 25/07/10 12:19:59 INFO ResourceProfile: Default ResourceProfile created, executor resources: Map(cores -> name: cores, amount: 1, script: , vendor: , memory -> name: memory, amount: 1024, script: , vendor: , offHeap -> name: offHeap, amount: 0, script: , vendor: ), task resources: Map(cpus -> name: cpus, amount: 1.0)
[2025-07-10T12:19:59.697+0200] {subprocess.py:93} INFO - 25/07/10 12:19:59 INFO ResourceProfile: Limiting resource is cpu
[2025-07-10T12:19:59.698+0200] {subprocess.py:93} INFO - 25/07/10 12:19:59 INFO ResourceProfileManager: Added ResourceProfile id: 0
[2025-07-10T12:19:59.791+0200] {subprocess.py:93} INFO - 25/07/10 12:19:59 INFO SecurityManager: Changing view acls to: monica.fernandez
[2025-07-10T12:19:59.792+0200] {subprocess.py:93} INFO - 25/07/10 12:19:59 INFO SecurityManager: Changing modify acls to: monica.fernandez
[2025-07-10T12:19:59.793+0200] {subprocess.py:93} INFO - 25/07/10 12:19:59 INFO SecurityManager: Changing view acls groups to:
[2025-07-10T12:19:59.793+0200] {subprocess.py:93} INFO - 25/07/10 12:19:59 INFO SecurityManager: Changing modify acls groups to:
[2025-07-10T12:19:59.794+0200] {subprocess.py:93} INFO - 25/07/10 12:19:59 INFO SecurityManager: SecurityManager: authentication disabled; ui acls disabled; users with view permissions: monica.fernandez; groups with view permissions: EMPTY; users with modify permissions: monica.fernandez; groups with modify permissions: EMPTY
[2025-07-10T12:20:00.102+0200] {subprocess.py:93} INFO - 25/07/10 12:20:00 INFO Utils: Successfully started service 'sparkDriver' on port 43733.
[2025-07-10T12:20:00.183+0200] {subprocess.py:93} INFO - 25/07/10 12:20:00 INFO SparkEnv: Registering MapOutputTracker
[2025-07-10T12:20:00.230+0200] {subprocess.py:93} INFO - 25/07/10 12:20:00 INFO SparkEnv: Registering BlockManagerMaster
[2025-07-10T12:20:00.265+0200] {subprocess.py:93} INFO - 25/07/10 12:20:00 INFO BlockManagerMasterEndpoint: Using org.apache.spark.storage.DefaultTopologyMapper for getting topology information
[2025-07-10T12:20:00.265+0200] {subprocess.py:93} INFO - 25/07/10 12:20:00 INFO BlockManagerMasterEndpoint: BlockManagerMasterEndpoint up
[2025-07-10T12:20:00.274+0200] {subprocess.py:93} INFO - 25/07/10 12:20:00 INFO SparkEnv: Registering BlockManagerMasterHeartbeat
[2025-07-10T12:20:00.314+0200] {subprocess.py:93} INFO - 25/07/10 12:20:00 INFO DiskBlockManager: Created local directory at /tmp/blockmgr-612facb4-7b24-4458-a983-3bd8916fbf17
[2025-07-10T12:20:00.334+0200] {subprocess.py:93} INFO - 25/07/10 12:20:00 INFO MemoryStore: MemoryStore started with capacity 434.4 MiB
[2025-07-10T12:20:00.357+0200] {subprocess.py:93} INFO - 25/07/10 12:20:00 INFO SparkEnv: Registering OutputCommitCoordinator
[2025-07-10T12:20:00.525+0200] {subprocess.py:93} INFO - 25/07/10 12:20:00 INFO JettyUtils: Start Jetty 0.0.0.0:4040 for SparkUI
[2025-07-10T12:20:00.593+0200] {subprocess.py:93} INFO - 25/07/10 12:20:00 WARN Utils: Service 'SparkUI' could not bind on port 4040. Attempting port 4041.
[2025-07-10T12:20:00.602+0200] {subprocess.py:93} INFO - 25/07/10 12:20:00 INFO Utils: Successfully started service 'SparkUI' on port 4041.
[2025-07-10T12:20:00.639+0200] {subprocess.py:93} INFO - 25/07/10 12:20:00 INFO SparkContext: Added JAR file:///home/monica.fernandez/.ivy2/jars/com.datastax.spark_spark-cassandra-connector_2.12-3.5.0.jar at spark://138.4.31.17:43733/jars/com.datastax.spark_spark-cassandra-connector_2.12-3.5.0.jar with timestamp 1752142799615
[2025-07-10T12:20:00.640+0200] {subprocess.py:93} INFO - 25/07/10 12:20:00 INFO SparkContext: Added JAR file:///home/monica.fernandez/.ivy2/jars/com.datastax.spark_spark-cassandra-connector-driver_2.12-3.5.0.jar at spark://138.4.31.17:43733/jars/com.datastax.spark_spark-cassandra-connector-driver_2.12-3.5.0.jar with timestamp 1752142799615
[2025-07-10T12:20:00.640+0200] {subprocess.py:93} INFO - 25/07/10 12:20:00 INFO SparkContext: Added JAR file:///home/monica.fernandez/.ivy2/jars/org.scala-lang.modules_scala-collection-compat_2.12-2.11.0.jar at spark://138.4.31.17:43733/jars/org.scala-lang.modules_scala-collection-compat_2.12-2.11.0.jar with timestamp 1752142799615
[2025-07-10T12:20:00.641+0200] {subprocess.py:93} INFO - 25/07/10 12:20:00 INFO SparkContext: Added JAR file:///home/monica.fernandez/.ivy2/jars/com.datastax.oss_java-driver-core-shaded-4.13.0.jar at spark://138.4.31.17:43733/jars/com.datastax.oss_java-driver-core-shaded-4.13.0.jar with timestamp 1752142799615
[2025-07-10T12:20:00.642+0200] {subprocess.py:93} INFO - 25/07/10 12:20:00 INFO SparkContext: Added JAR file:///home/monica.fernandez/.ivy2/jars/com.datastax.oss_java-driver-mapper-runtime-4.13.0.jar at spark://138.4.31.17:43733/jars/com.datastax.oss_java-driver-mapper-runtime-4.13.0.jar with timestamp 1752142799615
[2025-07-10T12:20:00.643+0200] {subprocess.py:93} INFO - 25/07/10 12:20:00 INFO SparkContext: Added JAR file:///home/monica.fernandez/.ivy2/jars/org.apache.commons_commons-lang3-3.10.jar at spark://138.4.31.17:43733/jars/org.apache.commons_commons-lang3-3.10.jar with timestamp 1752142799615
[2025-07-10T12:20:00.643+0200] {subprocess.py:93} INFO - 25/07/10 12:20:00 INFO SparkContext: Added JAR file:///home/monica.fernandez/.ivy2/jars/com.thoughtworks.paranamer_paranamer-2.8.jar at spark://138.4.31.17:43733/jars/com.thoughtworks.paranamer_paranamer-2.8.jar with timestamp 1752142799615
[2025-07-10T12:20:00.644+0200] {subprocess.py:93} INFO - 25/07/10 12:20:00 INFO SparkContext: Added JAR file:///home/monica.fernandez/.ivy2/jars/org.scala-lang_scala-reflect-2.12.11.jar at spark://138.4.31.17:43733/jars/org.scala-lang_scala-reflect-2.12.11.jar with timestamp 1752142799615
[2025-07-10T12:20:00.644+0200] {subprocess.py:93} INFO - 25/07/10 12:20:00 INFO SparkContext: Added JAR file:///home/monica.fernandez/.ivy2/jars/com.datastax.oss_native-protocol-1.5.0.jar at spark://138.4.31.17:43733/jars/com.datastax.oss_native-protocol-1.5.0.jar with timestamp 1752142799615
[2025-07-10T12:20:00.645+0200] {subprocess.py:93} INFO - 25/07/10 12:20:00 INFO SparkContext: Added JAR file:///home/monica.fernandez/.ivy2/jars/com.datastax.oss_java-driver-shaded-guava-25.1-jre-graal-sub-1.jar at spark://138.4.31.17:43733/jars/com.datastax.oss_java-driver-shaded-guava-25.1-jre-graal-sub-1.jar with timestamp 1752142799615
[2025-07-10T12:20:00.645+0200] {subprocess.py:93} INFO - 25/07/10 12:20:00 INFO SparkContext: Added JAR file:///home/monica.fernandez/.ivy2/jars/com.typesafe_config-1.4.1.jar at spark://138.4.31.17:43733/jars/com.typesafe_config-1.4.1.jar with timestamp 1752142799615
[2025-07-10T12:20:00.646+0200] {subprocess.py:93} INFO - 25/07/10 12:20:00 INFO SparkContext: Added JAR file:///home/monica.fernandez/.ivy2/jars/org.slf4j_slf4j-api-1.7.26.jar at spark://138.4.31.17:43733/jars/org.slf4j_slf4j-api-1.7.26.jar with timestamp 1752142799615
[2025-07-10T12:20:00.647+0200] {subprocess.py:93} INFO - 25/07/10 12:20:00 INFO SparkContext: Added JAR file:///home/monica.fernandez/.ivy2/jars/io.dropwizard.metrics_metrics-core-4.1.18.jar at spark://138.4.31.17:43733/jars/io.dropwizard.metrics_metrics-core-4.1.18.jar with timestamp 1752142799615
[2025-07-10T12:20:00.648+0200] {subprocess.py:93} INFO - 25/07/10 12:20:00 INFO SparkContext: Added JAR file:///home/monica.fernandez/.ivy2/jars/org.hdrhistogram_HdrHistogram-2.1.12.jar at spark://138.4.31.17:43733/jars/org.hdrhistogram_HdrHistogram-2.1.12.jar with timestamp 1752142799615
[2025-07-10T12:20:00.648+0200] {subprocess.py:93} INFO - 25/07/10 12:20:00 INFO SparkContext: Added JAR file:///home/monica.fernandez/.ivy2/jars/org.reactivestreams_reactive-streams-1.0.3.jar at spark://138.4.31.17:43733/jars/org.reactivestreams_reactive-streams-1.0.3.jar with timestamp 1752142799615
[2025-07-10T12:20:00.649+0200] {subprocess.py:93} INFO - 25/07/10 12:20:00 INFO SparkContext: Added JAR file:///home/monica.fernandez/.ivy2/jars/com.github.stephenc.jcip_jcip-annotations-1.0-1.jar at spark://138.4.31.17:43733/jars/com.github.stephenc.jcip_jcip-annotations-1.0-1.jar with timestamp 1752142799615
[2025-07-10T12:20:00.650+0200] {subprocess.py:93} INFO - 25/07/10 12:20:00 INFO SparkContext: Added JAR file:///home/monica.fernandez/.ivy2/jars/com.github.spotbugs_spotbugs-annotations-3.1.12.jar at spark://138.4.31.17:43733/jars/com.github.spotbugs_spotbugs-annotations-3.1.12.jar with timestamp 1752142799615
[2025-07-10T12:20:00.650+0200] {subprocess.py:93} INFO - 25/07/10 12:20:00 INFO SparkContext: Added JAR file:///home/monica.fernandez/.ivy2/jars/com.google.code.findbugs_jsr305-3.0.2.jar at spark://138.4.31.17:43733/jars/com.google.code.findbugs_jsr305-3.0.2.jar with timestamp 1752142799615
[2025-07-10T12:20:00.650+0200] {subprocess.py:93} INFO - 25/07/10 12:20:00 INFO SparkContext: Added JAR file:///home/monica.fernandez/.ivy2/jars/com.datastax.oss_java-driver-query-builder-4.13.0.jar at spark://138.4.31.17:43733/jars/com.datastax.oss_java-driver-query-builder-4.13.0.jar with timestamp 1752142799615
[2025-07-10T12:20:00.653+0200] {subprocess.py:93} INFO - 25/07/10 12:20:00 INFO SparkContext: Added file file:///home/monica.fernandez/.ivy2/jars/com.datastax.spark_spark-cassandra-connector_2.12-3.5.0.jar at file:///home/monica.fernandez/.ivy2/jars/com.datastax.spark_spark-cassandra-connector_2.12-3.5.0.jar with timestamp 1752142799615
[2025-07-10T12:20:00.654+0200] {subprocess.py:93} INFO - 25/07/10 12:20:00 INFO Utils: Copying /home/monica.fernandez/.ivy2/jars/com.datastax.spark_spark-cassandra-connector_2.12-3.5.0.jar to /tmp/spark-a17c219b-b2c3-410c-a821-3bc1e572625c/userFiles-ed0398cb-85b0-421c-92d6-37d8bd928f5f/com.datastax.spark_spark-cassandra-connector_2.12-3.5.0.jar
[2025-07-10T12:20:00.681+0200] {subprocess.py:93} INFO - 25/07/10 12:20:00 INFO SparkContext: Added file file:///home/monica.fernandez/.ivy2/jars/com.datastax.spark_spark-cassandra-connector-driver_2.12-3.5.0.jar at file:///home/monica.fernandez/.ivy2/jars/com.datastax.spark_spark-cassandra-connector-driver_2.12-3.5.0.jar with timestamp 1752142799615
[2025-07-10T12:20:00.681+0200] {subprocess.py:93} INFO - 25/07/10 12:20:00 INFO Utils: Copying /home/monica.fernandez/.ivy2/jars/com.datastax.spark_spark-cassandra-connector-driver_2.12-3.5.0.jar to /tmp/spark-a17c219b-b2c3-410c-a821-3bc1e572625c/userFiles-ed0398cb-85b0-421c-92d6-37d8bd928f5f/com.datastax.spark_spark-cassandra-connector-driver_2.12-3.5.0.jar
[2025-07-10T12:20:00.695+0200] {subprocess.py:93} INFO - 25/07/10 12:20:00 INFO SparkContext: Added file file:///home/monica.fernandez/.ivy2/jars/org.scala-lang.modules_scala-collection-compat_2.12-2.11.0.jar at file:///home/monica.fernandez/.ivy2/jars/org.scala-lang.modules_scala-collection-compat_2.12-2.11.0.jar with timestamp 1752142799615
[2025-07-10T12:20:00.695+0200] {subprocess.py:93} INFO - 25/07/10 12:20:00 INFO Utils: Copying /home/monica.fernandez/.ivy2/jars/org.scala-lang.modules_scala-collection-compat_2.12-2.11.0.jar to /tmp/spark-a17c219b-b2c3-410c-a821-3bc1e572625c/userFiles-ed0398cb-85b0-421c-92d6-37d8bd928f5f/org.scala-lang.modules_scala-collection-compat_2.12-2.11.0.jar
[2025-07-10T12:20:00.701+0200] {subprocess.py:93} INFO - 25/07/10 12:20:00 INFO SparkContext: Added file file:///home/monica.fernandez/.ivy2/jars/com.datastax.oss_java-driver-core-shaded-4.13.0.jar at file:///home/monica.fernandez/.ivy2/jars/com.datastax.oss_java-driver-core-shaded-4.13.0.jar with timestamp 1752142799615
[2025-07-10T12:20:00.701+0200] {subprocess.py:93} INFO - 25/07/10 12:20:00 INFO Utils: Copying /home/monica.fernandez/.ivy2/jars/com.datastax.oss_java-driver-core-shaded-4.13.0.jar to /tmp/spark-a17c219b-b2c3-410c-a821-3bc1e572625c/userFiles-ed0398cb-85b0-421c-92d6-37d8bd928f5f/com.datastax.oss_java-driver-core-shaded-4.13.0.jar
[2025-07-10T12:20:00.764+0200] {subprocess.py:93} INFO - 25/07/10 12:20:00 INFO SparkContext: Added file file:///home/monica.fernandez/.ivy2/jars/com.datastax.oss_java-driver-mapper-runtime-4.13.0.jar at file:///home/monica.fernandez/.ivy2/jars/com.datastax.oss_java-driver-mapper-runtime-4.13.0.jar with timestamp 1752142799615
[2025-07-10T12:20:00.764+0200] {subprocess.py:93} INFO - 25/07/10 12:20:00 INFO Utils: Copying /home/monica.fernandez/.ivy2/jars/com.datastax.oss_java-driver-mapper-runtime-4.13.0.jar to /tmp/spark-a17c219b-b2c3-410c-a821-3bc1e572625c/userFiles-ed0398cb-85b0-421c-92d6-37d8bd928f5f/com.datastax.oss_java-driver-mapper-runtime-4.13.0.jar
[2025-07-10T12:20:00.769+0200] {subprocess.py:93} INFO - 25/07/10 12:20:00 INFO SparkContext: Added file file:///home/monica.fernandez/.ivy2/jars/org.apache.commons_commons-lang3-3.10.jar at file:///home/monica.fernandez/.ivy2/jars/org.apache.commons_commons-lang3-3.10.jar with timestamp 1752142799615
[2025-07-10T12:20:00.769+0200] {subprocess.py:93} INFO - 25/07/10 12:20:00 INFO Utils: Copying /home/monica.fernandez/.ivy2/jars/org.apache.commons_commons-lang3-3.10.jar to /tmp/spark-a17c219b-b2c3-410c-a821-3bc1e572625c/userFiles-ed0398cb-85b0-421c-92d6-37d8bd928f5f/org.apache.commons_commons-lang3-3.10.jar
[2025-07-10T12:20:00.777+0200] {subprocess.py:93} INFO - 25/07/10 12:20:00 INFO SparkContext: Added file file:///home/monica.fernandez/.ivy2/jars/com.thoughtworks.paranamer_paranamer-2.8.jar at file:///home/monica.fernandez/.ivy2/jars/com.thoughtworks.paranamer_paranamer-2.8.jar with timestamp 1752142799615
[2025-07-10T12:20:00.778+0200] {subprocess.py:93} INFO - 25/07/10 12:20:00 INFO Utils: Copying /home/monica.fernandez/.ivy2/jars/com.thoughtworks.paranamer_paranamer-2.8.jar to /tmp/spark-a17c219b-b2c3-410c-a821-3bc1e572625c/userFiles-ed0398cb-85b0-421c-92d6-37d8bd928f5f/com.thoughtworks.paranamer_paranamer-2.8.jar
[2025-07-10T12:20:00.791+0200] {subprocess.py:93} INFO - 25/07/10 12:20:00 INFO SparkContext: Added file file:///home/monica.fernandez/.ivy2/jars/org.scala-lang_scala-reflect-2.12.11.jar at file:///home/monica.fernandez/.ivy2/jars/org.scala-lang_scala-reflect-2.12.11.jar with timestamp 1752142799615
[2025-07-10T12:20:00.792+0200] {subprocess.py:93} INFO - 25/07/10 12:20:00 INFO Utils: Copying /home/monica.fernandez/.ivy2/jars/org.scala-lang_scala-reflect-2.12.11.jar to /tmp/spark-a17c219b-b2c3-410c-a821-3bc1e572625c/userFiles-ed0398cb-85b0-421c-92d6-37d8bd928f5f/org.scala-lang_scala-reflect-2.12.11.jar
[2025-07-10T12:20:00.834+0200] {subprocess.py:93} INFO - 25/07/10 12:20:00 INFO SparkContext: Added file file:///home/monica.fernandez/.ivy2/jars/com.datastax.oss_native-protocol-1.5.0.jar at file:///home/monica.fernandez/.ivy2/jars/com.datastax.oss_native-protocol-1.5.0.jar with timestamp 1752142799615
[2025-07-10T12:20:00.835+0200] {subprocess.py:93} INFO - 25/07/10 12:20:00 INFO Utils: Copying /home/monica.fernandez/.ivy2/jars/com.datastax.oss_native-protocol-1.5.0.jar to /tmp/spark-a17c219b-b2c3-410c-a821-3bc1e572625c/userFiles-ed0398cb-85b0-421c-92d6-37d8bd928f5f/com.datastax.oss_native-protocol-1.5.0.jar
[2025-07-10T12:20:00.845+0200] {subprocess.py:93} INFO - 25/07/10 12:20:00 INFO SparkContext: Added file file:///home/monica.fernandez/.ivy2/jars/com.datastax.oss_java-driver-shaded-guava-25.1-jre-graal-sub-1.jar at file:///home/monica.fernandez/.ivy2/jars/com.datastax.oss_java-driver-shaded-guava-25.1-jre-graal-sub-1.jar with timestamp 1752142799615
[2025-07-10T12:20:00.846+0200] {subprocess.py:93} INFO - 25/07/10 12:20:00 INFO Utils: Copying /home/monica.fernandez/.ivy2/jars/com.datastax.oss_java-driver-shaded-guava-25.1-jre-graal-sub-1.jar to /tmp/spark-a17c219b-b2c3-410c-a821-3bc1e572625c/userFiles-ed0398cb-85b0-421c-92d6-37d8bd928f5f/com.datastax.oss_java-driver-shaded-guava-25.1-jre-graal-sub-1.jar
[2025-07-10T12:20:00.878+0200] {subprocess.py:93} INFO - 25/07/10 12:20:00 INFO SparkContext: Added file file:///home/monica.fernandez/.ivy2/jars/com.typesafe_config-1.4.1.jar at file:///home/monica.fernandez/.ivy2/jars/com.typesafe_config-1.4.1.jar with timestamp 1752142799615
[2025-07-10T12:20:00.879+0200] {subprocess.py:93} INFO - 25/07/10 12:20:00 INFO Utils: Copying /home/monica.fernandez/.ivy2/jars/com.typesafe_config-1.4.1.jar to /tmp/spark-a17c219b-b2c3-410c-a821-3bc1e572625c/userFiles-ed0398cb-85b0-421c-92d6-37d8bd928f5f/com.typesafe_config-1.4.1.jar
[2025-07-10T12:20:00.891+0200] {subprocess.py:93} INFO - 25/07/10 12:20:00 INFO SparkContext: Added file file:///home/monica.fernandez/.ivy2/jars/org.slf4j_slf4j-api-1.7.26.jar at file:///home/monica.fernandez/.ivy2/jars/org.slf4j_slf4j-api-1.7.26.jar with timestamp 1752142799615
[2025-07-10T12:20:00.891+0200] {subprocess.py:93} INFO - 25/07/10 12:20:00 INFO Utils: Copying /home/monica.fernandez/.ivy2/jars/org.slf4j_slf4j-api-1.7.26.jar to /tmp/spark-a17c219b-b2c3-410c-a821-3bc1e572625c/userFiles-ed0398cb-85b0-421c-92d6-37d8bd928f5f/org.slf4j_slf4j-api-1.7.26.jar
[2025-07-10T12:20:00.901+0200] {subprocess.py:93} INFO - 25/07/10 12:20:00 INFO SparkContext: Added file file:///home/monica.fernandez/.ivy2/jars/io.dropwizard.metrics_metrics-core-4.1.18.jar at file:///home/monica.fernandez/.ivy2/jars/io.dropwizard.metrics_metrics-core-4.1.18.jar with timestamp 1752142799615
[2025-07-10T12:20:00.901+0200] {subprocess.py:93} INFO - 25/07/10 12:20:00 INFO Utils: Copying /home/monica.fernandez/.ivy2/jars/io.dropwizard.metrics_metrics-core-4.1.18.jar to /tmp/spark-a17c219b-b2c3-410c-a821-3bc1e572625c/userFiles-ed0398cb-85b0-421c-92d6-37d8bd928f5f/io.dropwizard.metrics_metrics-core-4.1.18.jar
[2025-07-10T12:20:00.910+0200] {subprocess.py:93} INFO - 25/07/10 12:20:00 INFO SparkContext: Added file file:///home/monica.fernandez/.ivy2/jars/org.hdrhistogram_HdrHistogram-2.1.12.jar at file:///home/monica.fernandez/.ivy2/jars/org.hdrhistogram_HdrHistogram-2.1.12.jar with timestamp 1752142799615
[2025-07-10T12:20:00.911+0200] {subprocess.py:93} INFO - 25/07/10 12:20:00 INFO Utils: Copying /home/monica.fernandez/.ivy2/jars/org.hdrhistogram_HdrHistogram-2.1.12.jar to /tmp/spark-a17c219b-b2c3-410c-a821-3bc1e572625c/userFiles-ed0398cb-85b0-421c-92d6-37d8bd928f5f/org.hdrhistogram_HdrHistogram-2.1.12.jar
[2025-07-10T12:20:00.921+0200] {subprocess.py:93} INFO - 25/07/10 12:20:00 INFO SparkContext: Added file file:///home/monica.fernandez/.ivy2/jars/org.reactivestreams_reactive-streams-1.0.3.jar at file:///home/monica.fernandez/.ivy2/jars/org.reactivestreams_reactive-streams-1.0.3.jar with timestamp 1752142799615
[2025-07-10T12:20:00.921+0200] {subprocess.py:93} INFO - 25/07/10 12:20:00 INFO Utils: Copying /home/monica.fernandez/.ivy2/jars/org.reactivestreams_reactive-streams-1.0.3.jar to /tmp/spark-a17c219b-b2c3-410c-a821-3bc1e572625c/userFiles-ed0398cb-85b0-421c-92d6-37d8bd928f5f/org.reactivestreams_reactive-streams-1.0.3.jar
[2025-07-10T12:20:00.929+0200] {subprocess.py:93} INFO - 25/07/10 12:20:00 INFO SparkContext: Added file file:///home/monica.fernandez/.ivy2/jars/com.github.stephenc.jcip_jcip-annotations-1.0-1.jar at file:///home/monica.fernandez/.ivy2/jars/com.github.stephenc.jcip_jcip-annotations-1.0-1.jar with timestamp 1752142799615
[2025-07-10T12:20:00.930+0200] {subprocess.py:93} INFO - 25/07/10 12:20:00 INFO Utils: Copying /home/monica.fernandez/.ivy2/jars/com.github.stephenc.jcip_jcip-annotations-1.0-1.jar to /tmp/spark-a17c219b-b2c3-410c-a821-3bc1e572625c/userFiles-ed0398cb-85b0-421c-92d6-37d8bd928f5f/com.github.stephenc.jcip_jcip-annotations-1.0-1.jar
[2025-07-10T12:20:00.937+0200] {subprocess.py:93} INFO - 25/07/10 12:20:00 INFO SparkContext: Added file file:///home/monica.fernandez/.ivy2/jars/com.github.spotbugs_spotbugs-annotations-3.1.12.jar at file:///home/monica.fernandez/.ivy2/jars/com.github.spotbugs_spotbugs-annotations-3.1.12.jar with timestamp 1752142799615
[2025-07-10T12:20:00.937+0200] {subprocess.py:93} INFO - 25/07/10 12:20:00 INFO Utils: Copying /home/monica.fernandez/.ivy2/jars/com.github.spotbugs_spotbugs-annotations-3.1.12.jar to /tmp/spark-a17c219b-b2c3-410c-a821-3bc1e572625c/userFiles-ed0398cb-85b0-421c-92d6-37d8bd928f5f/com.github.spotbugs_spotbugs-annotations-3.1.12.jar
[2025-07-10T12:20:00.945+0200] {subprocess.py:93} INFO - 25/07/10 12:20:00 INFO SparkContext: Added file file:///home/monica.fernandez/.ivy2/jars/com.google.code.findbugs_jsr305-3.0.2.jar at file:///home/monica.fernandez/.ivy2/jars/com.google.code.findbugs_jsr305-3.0.2.jar with timestamp 1752142799615
[2025-07-10T12:20:00.945+0200] {subprocess.py:93} INFO - 25/07/10 12:20:00 INFO Utils: Copying /home/monica.fernandez/.ivy2/jars/com.google.code.findbugs_jsr305-3.0.2.jar to /tmp/spark-a17c219b-b2c3-410c-a821-3bc1e572625c/userFiles-ed0398cb-85b0-421c-92d6-37d8bd928f5f/com.google.code.findbugs_jsr305-3.0.2.jar
[2025-07-10T12:20:00.953+0200] {subprocess.py:93} INFO - 25/07/10 12:20:00 INFO SparkContext: Added file file:///home/monica.fernandez/.ivy2/jars/com.datastax.oss_java-driver-query-builder-4.13.0.jar at file:///home/monica.fernandez/.ivy2/jars/com.datastax.oss_java-driver-query-builder-4.13.0.jar with timestamp 1752142799615
[2025-07-10T12:20:00.953+0200] {subprocess.py:93} INFO - 25/07/10 12:20:00 INFO Utils: Copying /home/monica.fernandez/.ivy2/jars/com.datastax.oss_java-driver-query-builder-4.13.0.jar to /tmp/spark-a17c219b-b2c3-410c-a821-3bc1e572625c/userFiles-ed0398cb-85b0-421c-92d6-37d8bd928f5f/com.datastax.oss_java-driver-query-builder-4.13.0.jar
[2025-07-10T12:20:01.102+0200] {subprocess.py:93} INFO - 25/07/10 12:20:01 INFO Executor: Starting executor ID driver on host 138.4.31.17
[2025-07-10T12:20:01.111+0200] {subprocess.py:93} INFO - 25/07/10 12:20:01 INFO Executor: OS info Linux, 6.1.0-35-amd64, amd64
[2025-07-10T12:20:01.112+0200] {subprocess.py:93} INFO - 25/07/10 12:20:01 INFO Executor: Java version 17.0.14
[2025-07-10T12:20:01.120+0200] {subprocess.py:93} INFO - 25/07/10 12:20:01 INFO Executor: Starting executor with user classpath (userClassPathFirst = false): ''
[2025-07-10T12:20:01.121+0200] {subprocess.py:93} INFO - 25/07/10 12:20:01 INFO Executor: Created or updated repl class loader org.apache.spark.util.MutableURLClassLoader@5f214987 for default.
[2025-07-10T12:20:01.133+0200] {subprocess.py:93} INFO - 25/07/10 12:20:01 INFO Executor: Fetching file:///home/monica.fernandez/.ivy2/jars/com.datastax.spark_spark-cassandra-connector-driver_2.12-3.5.0.jar with timestamp 1752142799615
[2025-07-10T12:20:01.158+0200] {subprocess.py:93} INFO - 25/07/10 12:20:01 INFO Utils: /home/monica.fernandez/.ivy2/jars/com.datastax.spark_spark-cassandra-connector-driver_2.12-3.5.0.jar has been previously copied to /tmp/spark-a17c219b-b2c3-410c-a821-3bc1e572625c/userFiles-ed0398cb-85b0-421c-92d6-37d8bd928f5f/com.datastax.spark_spark-cassandra-connector-driver_2.12-3.5.0.jar
[2025-07-10T12:20:01.163+0200] {subprocess.py:93} INFO - 25/07/10 12:20:01 INFO Executor: Fetching file:///home/monica.fernandez/.ivy2/jars/com.google.code.findbugs_jsr305-3.0.2.jar with timestamp 1752142799615
[2025-07-10T12:20:01.163+0200] {subprocess.py:93} INFO - 25/07/10 12:20:01 INFO Utils: /home/monica.fernandez/.ivy2/jars/com.google.code.findbugs_jsr305-3.0.2.jar has been previously copied to /tmp/spark-a17c219b-b2c3-410c-a821-3bc1e572625c/userFiles-ed0398cb-85b0-421c-92d6-37d8bd928f5f/com.google.code.findbugs_jsr305-3.0.2.jar
[2025-07-10T12:20:01.166+0200] {subprocess.py:93} INFO - 25/07/10 12:20:01 INFO Executor: Fetching file:///home/monica.fernandez/.ivy2/jars/com.typesafe_config-1.4.1.jar with timestamp 1752142799615
[2025-07-10T12:20:01.167+0200] {subprocess.py:93} INFO - 25/07/10 12:20:01 INFO Utils: /home/monica.fernandez/.ivy2/jars/com.typesafe_config-1.4.1.jar has been previously copied to /tmp/spark-a17c219b-b2c3-410c-a821-3bc1e572625c/userFiles-ed0398cb-85b0-421c-92d6-37d8bd928f5f/com.typesafe_config-1.4.1.jar
[2025-07-10T12:20:01.171+0200] {subprocess.py:93} INFO - 25/07/10 12:20:01 INFO Executor: Fetching file:///home/monica.fernandez/.ivy2/jars/com.thoughtworks.paranamer_paranamer-2.8.jar with timestamp 1752142799615
[2025-07-10T12:20:01.172+0200] {subprocess.py:93} INFO - 25/07/10 12:20:01 INFO Utils: /home/monica.fernandez/.ivy2/jars/com.thoughtworks.paranamer_paranamer-2.8.jar has been previously copied to /tmp/spark-a17c219b-b2c3-410c-a821-3bc1e572625c/userFiles-ed0398cb-85b0-421c-92d6-37d8bd928f5f/com.thoughtworks.paranamer_paranamer-2.8.jar
[2025-07-10T12:20:01.175+0200] {subprocess.py:93} INFO - 25/07/10 12:20:01 INFO Executor: Fetching file:///home/monica.fernandez/.ivy2/jars/org.hdrhistogram_HdrHistogram-2.1.12.jar with timestamp 1752142799615
[2025-07-10T12:20:01.176+0200] {subprocess.py:93} INFO - 25/07/10 12:20:01 INFO Utils: /home/monica.fernandez/.ivy2/jars/org.hdrhistogram_HdrHistogram-2.1.12.jar has been previously copied to /tmp/spark-a17c219b-b2c3-410c-a821-3bc1e572625c/userFiles-ed0398cb-85b0-421c-92d6-37d8bd928f5f/org.hdrhistogram_HdrHistogram-2.1.12.jar
[2025-07-10T12:20:01.178+0200] {subprocess.py:93} INFO - 25/07/10 12:20:01 INFO Executor: Fetching file:///home/monica.fernandez/.ivy2/jars/com.github.spotbugs_spotbugs-annotations-3.1.12.jar with timestamp 1752142799615
[2025-07-10T12:20:01.182+0200] {subprocess.py:93} INFO - 25/07/10 12:20:01 INFO Utils: /home/monica.fernandez/.ivy2/jars/com.github.spotbugs_spotbugs-annotations-3.1.12.jar has been previously copied to /tmp/spark-a17c219b-b2c3-410c-a821-3bc1e572625c/userFiles-ed0398cb-85b0-421c-92d6-37d8bd928f5f/com.github.spotbugs_spotbugs-annotations-3.1.12.jar
[2025-07-10T12:20:01.183+0200] {subprocess.py:93} INFO - 25/07/10 12:20:01 INFO Executor: Fetching file:///home/monica.fernandez/.ivy2/jars/org.apache.commons_commons-lang3-3.10.jar with timestamp 1752142799615
[2025-07-10T12:20:01.184+0200] {subprocess.py:93} INFO - 25/07/10 12:20:01 INFO Utils: /home/monica.fernandez/.ivy2/jars/org.apache.commons_commons-lang3-3.10.jar has been previously copied to /tmp/spark-a17c219b-b2c3-410c-a821-3bc1e572625c/userFiles-ed0398cb-85b0-421c-92d6-37d8bd928f5f/org.apache.commons_commons-lang3-3.10.jar
[2025-07-10T12:20:01.187+0200] {subprocess.py:93} INFO - 25/07/10 12:20:01 INFO Executor: Fetching file:///home/monica.fernandez/.ivy2/jars/io.dropwizard.metrics_metrics-core-4.1.18.jar with timestamp 1752142799615
[2025-07-10T12:20:01.188+0200] {subprocess.py:93} INFO - 25/07/10 12:20:01 INFO Utils: /home/monica.fernandez/.ivy2/jars/io.dropwizard.metrics_metrics-core-4.1.18.jar has been previously copied to /tmp/spark-a17c219b-b2c3-410c-a821-3bc1e572625c/userFiles-ed0398cb-85b0-421c-92d6-37d8bd928f5f/io.dropwizard.metrics_metrics-core-4.1.18.jar
[2025-07-10T12:20:01.191+0200] {subprocess.py:93} INFO - 25/07/10 12:20:01 INFO Executor: Fetching file:///home/monica.fernandez/.ivy2/jars/com.datastax.oss_java-driver-shaded-guava-25.1-jre-graal-sub-1.jar with timestamp 1752142799615
[2025-07-10T12:20:01.195+0200] {subprocess.py:93} INFO - 25/07/10 12:20:01 INFO Utils: /home/monica.fernandez/.ivy2/jars/com.datastax.oss_java-driver-shaded-guava-25.1-jre-graal-sub-1.jar has been previously copied to /tmp/spark-a17c219b-b2c3-410c-a821-3bc1e572625c/userFiles-ed0398cb-85b0-421c-92d6-37d8bd928f5f/com.datastax.oss_java-driver-shaded-guava-25.1-jre-graal-sub-1.jar
[2025-07-10T12:20:01.200+0200] {subprocess.py:93} INFO - 25/07/10 12:20:01 INFO Executor: Fetching file:///home/monica.fernandez/.ivy2/jars/com.datastax.oss_java-driver-core-shaded-4.13.0.jar with timestamp 1752142799615
[2025-07-10T12:20:01.209+0200] {subprocess.py:93} INFO - 25/07/10 12:20:01 INFO Utils: /home/monica.fernandez/.ivy2/jars/com.datastax.oss_java-driver-core-shaded-4.13.0.jar has been previously copied to /tmp/spark-a17c219b-b2c3-410c-a821-3bc1e572625c/userFiles-ed0398cb-85b0-421c-92d6-37d8bd928f5f/com.datastax.oss_java-driver-core-shaded-4.13.0.jar
[2025-07-10T12:20:01.212+0200] {subprocess.py:93} INFO - 25/07/10 12:20:01 INFO Executor: Fetching file:///home/monica.fernandez/.ivy2/jars/com.datastax.oss_native-protocol-1.5.0.jar with timestamp 1752142799615
[2025-07-10T12:20:01.214+0200] {subprocess.py:93} INFO - 25/07/10 12:20:01 INFO Utils: /home/monica.fernandez/.ivy2/jars/com.datastax.oss_native-protocol-1.5.0.jar has been previously copied to /tmp/spark-a17c219b-b2c3-410c-a821-3bc1e572625c/userFiles-ed0398cb-85b0-421c-92d6-37d8bd928f5f/com.datastax.oss_native-protocol-1.5.0.jar
[2025-07-10T12:20:01.217+0200] {subprocess.py:93} INFO - 25/07/10 12:20:01 INFO Executor: Fetching file:///home/monica.fernandez/.ivy2/jars/org.slf4j_slf4j-api-1.7.26.jar with timestamp 1752142799615
[2025-07-10T12:20:01.218+0200] {subprocess.py:93} INFO - 25/07/10 12:20:01 INFO Utils: /home/monica.fernandez/.ivy2/jars/org.slf4j_slf4j-api-1.7.26.jar has been previously copied to /tmp/spark-a17c219b-b2c3-410c-a821-3bc1e572625c/userFiles-ed0398cb-85b0-421c-92d6-37d8bd928f5f/org.slf4j_slf4j-api-1.7.26.jar
[2025-07-10T12:20:01.221+0200] {subprocess.py:93} INFO - 25/07/10 12:20:01 INFO Executor: Fetching file:///home/monica.fernandez/.ivy2/jars/org.scala-lang.modules_scala-collection-compat_2.12-2.11.0.jar with timestamp 1752142799615
[2025-07-10T12:20:01.222+0200] {subprocess.py:93} INFO - 25/07/10 12:20:01 INFO Utils: /home/monica.fernandez/.ivy2/jars/org.scala-lang.modules_scala-collection-compat_2.12-2.11.0.jar has been previously copied to /tmp/spark-a17c219b-b2c3-410c-a821-3bc1e572625c/userFiles-ed0398cb-85b0-421c-92d6-37d8bd928f5f/org.scala-lang.modules_scala-collection-compat_2.12-2.11.0.jar
[2025-07-10T12:20:01.226+0200] {subprocess.py:93} INFO - 25/07/10 12:20:01 INFO Executor: Fetching file:///home/monica.fernandez/.ivy2/jars/com.datastax.spark_spark-cassandra-connector_2.12-3.5.0.jar with timestamp 1752142799615
[2025-07-10T12:20:01.230+0200] {subprocess.py:93} INFO - 25/07/10 12:20:01 INFO Utils: /home/monica.fernandez/.ivy2/jars/com.datastax.spark_spark-cassandra-connector_2.12-3.5.0.jar has been previously copied to /tmp/spark-a17c219b-b2c3-410c-a821-3bc1e572625c/userFiles-ed0398cb-85b0-421c-92d6-37d8bd928f5f/com.datastax.spark_spark-cassandra-connector_2.12-3.5.0.jar
[2025-07-10T12:20:01.234+0200] {subprocess.py:93} INFO - 25/07/10 12:20:01 INFO Executor: Fetching file:///home/monica.fernandez/.ivy2/jars/com.datastax.oss_java-driver-query-builder-4.13.0.jar with timestamp 1752142799615
[2025-07-10T12:20:01.236+0200] {subprocess.py:93} INFO - 25/07/10 12:20:01 INFO Utils: /home/monica.fernandez/.ivy2/jars/com.datastax.oss_java-driver-query-builder-4.13.0.jar has been previously copied to /tmp/spark-a17c219b-b2c3-410c-a821-3bc1e572625c/userFiles-ed0398cb-85b0-421c-92d6-37d8bd928f5f/com.datastax.oss_java-driver-query-builder-4.13.0.jar
[2025-07-10T12:20:01.238+0200] {subprocess.py:93} INFO - 25/07/10 12:20:01 INFO Executor: Fetching file:///home/monica.fernandez/.ivy2/jars/com.github.stephenc.jcip_jcip-annotations-1.0-1.jar with timestamp 1752142799615
[2025-07-10T12:20:01.239+0200] {subprocess.py:93} INFO - 25/07/10 12:20:01 INFO Utils: /home/monica.fernandez/.ivy2/jars/com.github.stephenc.jcip_jcip-annotations-1.0-1.jar has been previously copied to /tmp/spark-a17c219b-b2c3-410c-a821-3bc1e572625c/userFiles-ed0398cb-85b0-421c-92d6-37d8bd928f5f/com.github.stephenc.jcip_jcip-annotations-1.0-1.jar
[2025-07-10T12:20:01.242+0200] {subprocess.py:93} INFO - 25/07/10 12:20:01 INFO Executor: Fetching file:///home/monica.fernandez/.ivy2/jars/org.reactivestreams_reactive-streams-1.0.3.jar with timestamp 1752142799615
[2025-07-10T12:20:01.242+0200] {subprocess.py:93} INFO - 25/07/10 12:20:01 INFO Utils: /home/monica.fernandez/.ivy2/jars/org.reactivestreams_reactive-streams-1.0.3.jar has been previously copied to /tmp/spark-a17c219b-b2c3-410c-a821-3bc1e572625c/userFiles-ed0398cb-85b0-421c-92d6-37d8bd928f5f/org.reactivestreams_reactive-streams-1.0.3.jar
[2025-07-10T12:20:01.246+0200] {subprocess.py:93} INFO - 25/07/10 12:20:01 INFO Executor: Fetching file:///home/monica.fernandez/.ivy2/jars/com.datastax.oss_java-driver-mapper-runtime-4.13.0.jar with timestamp 1752142799615
[2025-07-10T12:20:01.250+0200] {subprocess.py:93} INFO - 25/07/10 12:20:01 INFO Utils: /home/monica.fernandez/.ivy2/jars/com.datastax.oss_java-driver-mapper-runtime-4.13.0.jar has been previously copied to /tmp/spark-a17c219b-b2c3-410c-a821-3bc1e572625c/userFiles-ed0398cb-85b0-421c-92d6-37d8bd928f5f/com.datastax.oss_java-driver-mapper-runtime-4.13.0.jar
[2025-07-10T12:20:01.253+0200] {subprocess.py:93} INFO - 25/07/10 12:20:01 INFO Executor: Fetching file:///home/monica.fernandez/.ivy2/jars/org.scala-lang_scala-reflect-2.12.11.jar with timestamp 1752142799615
[2025-07-10T12:20:01.258+0200] {subprocess.py:93} INFO - 25/07/10 12:20:01 INFO Utils: /home/monica.fernandez/.ivy2/jars/org.scala-lang_scala-reflect-2.12.11.jar has been previously copied to /tmp/spark-a17c219b-b2c3-410c-a821-3bc1e572625c/userFiles-ed0398cb-85b0-421c-92d6-37d8bd928f5f/org.scala-lang_scala-reflect-2.12.11.jar
[2025-07-10T12:20:01.262+0200] {subprocess.py:93} INFO - 25/07/10 12:20:01 INFO Executor: Fetching spark://138.4.31.17:43733/jars/com.datastax.oss_java-driver-mapper-runtime-4.13.0.jar with timestamp 1752142799615
[2025-07-10T12:20:01.302+0200] {subprocess.py:93} INFO - 25/07/10 12:20:01 INFO TransportClientFactory: Successfully created connection to /138.4.31.17:43733 after 25 ms (0 ms spent in bootstraps)
[2025-07-10T12:20:01.309+0200] {subprocess.py:93} INFO - 25/07/10 12:20:01 INFO Utils: Fetching spark://138.4.31.17:43733/jars/com.datastax.oss_java-driver-mapper-runtime-4.13.0.jar to /tmp/spark-a17c219b-b2c3-410c-a821-3bc1e572625c/userFiles-ed0398cb-85b0-421c-92d6-37d8bd928f5f/fetchFileTemp12104998993204315861.tmp
[2025-07-10T12:20:01.334+0200] {subprocess.py:93} INFO - 25/07/10 12:20:01 INFO Utils: /tmp/spark-a17c219b-b2c3-410c-a821-3bc1e572625c/userFiles-ed0398cb-85b0-421c-92d6-37d8bd928f5f/fetchFileTemp12104998993204315861.tmp has been previously copied to /tmp/spark-a17c219b-b2c3-410c-a821-3bc1e572625c/userFiles-ed0398cb-85b0-421c-92d6-37d8bd928f5f/com.datastax.oss_java-driver-mapper-runtime-4.13.0.jar
[2025-07-10T12:20:01.339+0200] {subprocess.py:93} INFO - 25/07/10 12:20:01 INFO Executor: Adding file:/tmp/spark-a17c219b-b2c3-410c-a821-3bc1e572625c/userFiles-ed0398cb-85b0-421c-92d6-37d8bd928f5f/com.datastax.oss_java-driver-mapper-runtime-4.13.0.jar to class loader default
[2025-07-10T12:20:01.339+0200] {subprocess.py:93} INFO - 25/07/10 12:20:01 INFO Executor: Fetching spark://138.4.31.17:43733/jars/com.github.stephenc.jcip_jcip-annotations-1.0-1.jar with timestamp 1752142799615
[2025-07-10T12:20:01.340+0200] {subprocess.py:93} INFO - 25/07/10 12:20:01 INFO Utils: Fetching spark://138.4.31.17:43733/jars/com.github.stephenc.jcip_jcip-annotations-1.0-1.jar to /tmp/spark-a17c219b-b2c3-410c-a821-3bc1e572625c/userFiles-ed0398cb-85b0-421c-92d6-37d8bd928f5f/fetchFileTemp17443017485627731461.tmp
[2025-07-10T12:20:01.341+0200] {subprocess.py:93} INFO - 25/07/10 12:20:01 INFO Utils: /tmp/spark-a17c219b-b2c3-410c-a821-3bc1e572625c/userFiles-ed0398cb-85b0-421c-92d6-37d8bd928f5f/fetchFileTemp17443017485627731461.tmp has been previously copied to /tmp/spark-a17c219b-b2c3-410c-a821-3bc1e572625c/userFiles-ed0398cb-85b0-421c-92d6-37d8bd928f5f/com.github.stephenc.jcip_jcip-annotations-1.0-1.jar
[2025-07-10T12:20:01.349+0200] {subprocess.py:93} INFO - 25/07/10 12:20:01 INFO Executor: Adding file:/tmp/spark-a17c219b-b2c3-410c-a821-3bc1e572625c/userFiles-ed0398cb-85b0-421c-92d6-37d8bd928f5f/com.github.stephenc.jcip_jcip-annotations-1.0-1.jar to class loader default
[2025-07-10T12:20:01.349+0200] {subprocess.py:93} INFO - 25/07/10 12:20:01 INFO Executor: Fetching spark://138.4.31.17:43733/jars/com.datastax.oss_java-driver-shaded-guava-25.1-jre-graal-sub-1.jar with timestamp 1752142799615
[2025-07-10T12:20:01.349+0200] {subprocess.py:93} INFO - 25/07/10 12:20:01 INFO Utils: Fetching spark://138.4.31.17:43733/jars/com.datastax.oss_java-driver-shaded-guava-25.1-jre-graal-sub-1.jar to /tmp/spark-a17c219b-b2c3-410c-a821-3bc1e572625c/userFiles-ed0398cb-85b0-421c-92d6-37d8bd928f5f/fetchFileTemp4153704178282305279.tmp
[2025-07-10T12:20:01.368+0200] {subprocess.py:93} INFO - 25/07/10 12:20:01 INFO Utils: /tmp/spark-a17c219b-b2c3-410c-a821-3bc1e572625c/userFiles-ed0398cb-85b0-421c-92d6-37d8bd928f5f/fetchFileTemp4153704178282305279.tmp has been previously copied to /tmp/spark-a17c219b-b2c3-410c-a821-3bc1e572625c/userFiles-ed0398cb-85b0-421c-92d6-37d8bd928f5f/com.datastax.oss_java-driver-shaded-guava-25.1-jre-graal-sub-1.jar
[2025-07-10T12:20:01.372+0200] {subprocess.py:93} INFO - 25/07/10 12:20:01 INFO Executor: Adding file:/tmp/spark-a17c219b-b2c3-410c-a821-3bc1e572625c/userFiles-ed0398cb-85b0-421c-92d6-37d8bd928f5f/com.datastax.oss_java-driver-shaded-guava-25.1-jre-graal-sub-1.jar to class loader default
[2025-07-10T12:20:01.372+0200] {subprocess.py:93} INFO - 25/07/10 12:20:01 INFO Executor: Fetching spark://138.4.31.17:43733/jars/org.apache.commons_commons-lang3-3.10.jar with timestamp 1752142799615
[2025-07-10T12:20:01.373+0200] {subprocess.py:93} INFO - 25/07/10 12:20:01 INFO Utils: Fetching spark://138.4.31.17:43733/jars/org.apache.commons_commons-lang3-3.10.jar to /tmp/spark-a17c219b-b2c3-410c-a821-3bc1e572625c/userFiles-ed0398cb-85b0-421c-92d6-37d8bd928f5f/fetchFileTemp10217281530227116275.tmp
[2025-07-10T12:20:01.377+0200] {subprocess.py:93} INFO - 25/07/10 12:20:01 INFO Utils: /tmp/spark-a17c219b-b2c3-410c-a821-3bc1e572625c/userFiles-ed0398cb-85b0-421c-92d6-37d8bd928f5f/fetchFileTemp10217281530227116275.tmp has been previously copied to /tmp/spark-a17c219b-b2c3-410c-a821-3bc1e572625c/userFiles-ed0398cb-85b0-421c-92d6-37d8bd928f5f/org.apache.commons_commons-lang3-3.10.jar
[2025-07-10T12:20:01.381+0200] {subprocess.py:93} INFO - 25/07/10 12:20:01 INFO Executor: Adding file:/tmp/spark-a17c219b-b2c3-410c-a821-3bc1e572625c/userFiles-ed0398cb-85b0-421c-92d6-37d8bd928f5f/org.apache.commons_commons-lang3-3.10.jar to class loader default
[2025-07-10T12:20:01.381+0200] {subprocess.py:93} INFO - 25/07/10 12:20:01 INFO Executor: Fetching spark://138.4.31.17:43733/jars/com.datastax.oss_java-driver-query-builder-4.13.0.jar with timestamp 1752142799615
[2025-07-10T12:20:01.381+0200] {subprocess.py:93} INFO - 25/07/10 12:20:01 INFO Utils: Fetching spark://138.4.31.17:43733/jars/com.datastax.oss_java-driver-query-builder-4.13.0.jar to /tmp/spark-a17c219b-b2c3-410c-a821-3bc1e572625c/userFiles-ed0398cb-85b0-421c-92d6-37d8bd928f5f/fetchFileTemp10070581443925546555.tmp
[2025-07-10T12:20:01.385+0200] {subprocess.py:93} INFO - 25/07/10 12:20:01 INFO Utils: /tmp/spark-a17c219b-b2c3-410c-a821-3bc1e572625c/userFiles-ed0398cb-85b0-421c-92d6-37d8bd928f5f/fetchFileTemp10070581443925546555.tmp has been previously copied to /tmp/spark-a17c219b-b2c3-410c-a821-3bc1e572625c/userFiles-ed0398cb-85b0-421c-92d6-37d8bd928f5f/com.datastax.oss_java-driver-query-builder-4.13.0.jar
[2025-07-10T12:20:01.389+0200] {subprocess.py:93} INFO - 25/07/10 12:20:01 INFO Executor: Adding file:/tmp/spark-a17c219b-b2c3-410c-a821-3bc1e572625c/userFiles-ed0398cb-85b0-421c-92d6-37d8bd928f5f/com.datastax.oss_java-driver-query-builder-4.13.0.jar to class loader default
[2025-07-10T12:20:01.389+0200] {subprocess.py:93} INFO - 25/07/10 12:20:01 INFO Executor: Fetching spark://138.4.31.17:43733/jars/com.datastax.oss_java-driver-core-shaded-4.13.0.jar with timestamp 1752142799615
[2025-07-10T12:20:01.390+0200] {subprocess.py:93} INFO - 25/07/10 12:20:01 INFO Utils: Fetching spark://138.4.31.17:43733/jars/com.datastax.oss_java-driver-core-shaded-4.13.0.jar to /tmp/spark-a17c219b-b2c3-410c-a821-3bc1e572625c/userFiles-ed0398cb-85b0-421c-92d6-37d8bd928f5f/fetchFileTemp8083921780158413451.tmp
[2025-07-10T12:20:01.426+0200] {subprocess.py:93} INFO - 25/07/10 12:20:01 INFO Utils: /tmp/spark-a17c219b-b2c3-410c-a821-3bc1e572625c/userFiles-ed0398cb-85b0-421c-92d6-37d8bd928f5f/fetchFileTemp8083921780158413451.tmp has been previously copied to /tmp/spark-a17c219b-b2c3-410c-a821-3bc1e572625c/userFiles-ed0398cb-85b0-421c-92d6-37d8bd928f5f/com.datastax.oss_java-driver-core-shaded-4.13.0.jar
[2025-07-10T12:20:01.431+0200] {subprocess.py:93} INFO - 25/07/10 12:20:01 INFO Executor: Adding file:/tmp/spark-a17c219b-b2c3-410c-a821-3bc1e572625c/userFiles-ed0398cb-85b0-421c-92d6-37d8bd928f5f/com.datastax.oss_java-driver-core-shaded-4.13.0.jar to class loader default
[2025-07-10T12:20:01.431+0200] {subprocess.py:93} INFO - 25/07/10 12:20:01 INFO Executor: Fetching spark://138.4.31.17:43733/jars/com.datastax.oss_native-protocol-1.5.0.jar with timestamp 1752142799615
[2025-07-10T12:20:01.431+0200] {subprocess.py:93} INFO - 25/07/10 12:20:01 INFO Utils: Fetching spark://138.4.31.17:43733/jars/com.datastax.oss_native-protocol-1.5.0.jar to /tmp/spark-a17c219b-b2c3-410c-a821-3bc1e572625c/userFiles-ed0398cb-85b0-421c-92d6-37d8bd928f5f/fetchFileTemp14379697353614342888.tmp
[2025-07-10T12:20:01.434+0200] {subprocess.py:93} INFO - 25/07/10 12:20:01 INFO Utils: /tmp/spark-a17c219b-b2c3-410c-a821-3bc1e572625c/userFiles-ed0398cb-85b0-421c-92d6-37d8bd928f5f/fetchFileTemp14379697353614342888.tmp has been previously copied to /tmp/spark-a17c219b-b2c3-410c-a821-3bc1e572625c/userFiles-ed0398cb-85b0-421c-92d6-37d8bd928f5f/com.datastax.oss_native-protocol-1.5.0.jar
[2025-07-10T12:20:01.437+0200] {subprocess.py:93} INFO - 25/07/10 12:20:01 INFO Executor: Adding file:/tmp/spark-a17c219b-b2c3-410c-a821-3bc1e572625c/userFiles-ed0398cb-85b0-421c-92d6-37d8bd928f5f/com.datastax.oss_native-protocol-1.5.0.jar to class loader default
[2025-07-10T12:20:01.438+0200] {subprocess.py:93} INFO - 25/07/10 12:20:01 INFO Executor: Fetching spark://138.4.31.17:43733/jars/org.hdrhistogram_HdrHistogram-2.1.12.jar with timestamp 1752142799615
[2025-07-10T12:20:01.438+0200] {subprocess.py:93} INFO - 25/07/10 12:20:01 INFO Utils: Fetching spark://138.4.31.17:43733/jars/org.hdrhistogram_HdrHistogram-2.1.12.jar to /tmp/spark-a17c219b-b2c3-410c-a821-3bc1e572625c/userFiles-ed0398cb-85b0-421c-92d6-37d8bd928f5f/fetchFileTemp8781765992663683848.tmp
[2025-07-10T12:20:01.440+0200] {subprocess.py:93} INFO - 25/07/10 12:20:01 INFO Utils: /tmp/spark-a17c219b-b2c3-410c-a821-3bc1e572625c/userFiles-ed0398cb-85b0-421c-92d6-37d8bd928f5f/fetchFileTemp8781765992663683848.tmp has been previously copied to /tmp/spark-a17c219b-b2c3-410c-a821-3bc1e572625c/userFiles-ed0398cb-85b0-421c-92d6-37d8bd928f5f/org.hdrhistogram_HdrHistogram-2.1.12.jar
[2025-07-10T12:20:01.444+0200] {subprocess.py:93} INFO - 25/07/10 12:20:01 INFO Executor: Adding file:/tmp/spark-a17c219b-b2c3-410c-a821-3bc1e572625c/userFiles-ed0398cb-85b0-421c-92d6-37d8bd928f5f/org.hdrhistogram_HdrHistogram-2.1.12.jar to class loader default
[2025-07-10T12:20:01.444+0200] {subprocess.py:93} INFO - 25/07/10 12:20:01 INFO Executor: Fetching spark://138.4.31.17:43733/jars/org.reactivestreams_reactive-streams-1.0.3.jar with timestamp 1752142799615
[2025-07-10T12:20:01.445+0200] {subprocess.py:93} INFO - 25/07/10 12:20:01 INFO Utils: Fetching spark://138.4.31.17:43733/jars/org.reactivestreams_reactive-streams-1.0.3.jar to /tmp/spark-a17c219b-b2c3-410c-a821-3bc1e572625c/userFiles-ed0398cb-85b0-421c-92d6-37d8bd928f5f/fetchFileTemp8548399043237498985.tmp
[2025-07-10T12:20:01.447+0200] {subprocess.py:93} INFO - 25/07/10 12:20:01 INFO Utils: /tmp/spark-a17c219b-b2c3-410c-a821-3bc1e572625c/userFiles-ed0398cb-85b0-421c-92d6-37d8bd928f5f/fetchFileTemp8548399043237498985.tmp has been previously copied to /tmp/spark-a17c219b-b2c3-410c-a821-3bc1e572625c/userFiles-ed0398cb-85b0-421c-92d6-37d8bd928f5f/org.reactivestreams_reactive-streams-1.0.3.jar
[2025-07-10T12:20:01.450+0200] {subprocess.py:93} INFO - 25/07/10 12:20:01 INFO Executor: Adding file:/tmp/spark-a17c219b-b2c3-410c-a821-3bc1e572625c/userFiles-ed0398cb-85b0-421c-92d6-37d8bd928f5f/org.reactivestreams_reactive-streams-1.0.3.jar to class loader default
[2025-07-10T12:20:01.450+0200] {subprocess.py:93} INFO - 25/07/10 12:20:01 INFO Executor: Fetching spark://138.4.31.17:43733/jars/com.google.code.findbugs_jsr305-3.0.2.jar with timestamp 1752142799615
[2025-07-10T12:20:01.450+0200] {subprocess.py:93} INFO - 25/07/10 12:20:01 INFO Utils: Fetching spark://138.4.31.17:43733/jars/com.google.code.findbugs_jsr305-3.0.2.jar to /tmp/spark-a17c219b-b2c3-410c-a821-3bc1e572625c/userFiles-ed0398cb-85b0-421c-92d6-37d8bd928f5f/fetchFileTemp8059619931861259590.tmp
[2025-07-10T12:20:01.453+0200] {subprocess.py:93} INFO - 25/07/10 12:20:01 INFO Utils: /tmp/spark-a17c219b-b2c3-410c-a821-3bc1e572625c/userFiles-ed0398cb-85b0-421c-92d6-37d8bd928f5f/fetchFileTemp8059619931861259590.tmp has been previously copied to /tmp/spark-a17c219b-b2c3-410c-a821-3bc1e572625c/userFiles-ed0398cb-85b0-421c-92d6-37d8bd928f5f/com.google.code.findbugs_jsr305-3.0.2.jar
[2025-07-10T12:20:01.456+0200] {subprocess.py:93} INFO - 25/07/10 12:20:01 INFO Executor: Adding file:/tmp/spark-a17c219b-b2c3-410c-a821-3bc1e572625c/userFiles-ed0398cb-85b0-421c-92d6-37d8bd928f5f/com.google.code.findbugs_jsr305-3.0.2.jar to class loader default
[2025-07-10T12:20:01.456+0200] {subprocess.py:93} INFO - 25/07/10 12:20:01 INFO Executor: Fetching spark://138.4.31.17:43733/jars/org.scala-lang_scala-reflect-2.12.11.jar with timestamp 1752142799615
[2025-07-10T12:20:01.457+0200] {subprocess.py:93} INFO - 25/07/10 12:20:01 INFO Utils: Fetching spark://138.4.31.17:43733/jars/org.scala-lang_scala-reflect-2.12.11.jar to /tmp/spark-a17c219b-b2c3-410c-a821-3bc1e572625c/userFiles-ed0398cb-85b0-421c-92d6-37d8bd928f5f/fetchFileTemp8567506507954813472.tmp
[2025-07-10T12:20:01.474+0200] {subprocess.py:93} INFO - 25/07/10 12:20:01 INFO Utils: /tmp/spark-a17c219b-b2c3-410c-a821-3bc1e572625c/userFiles-ed0398cb-85b0-421c-92d6-37d8bd928f5f/fetchFileTemp8567506507954813472.tmp has been previously copied to /tmp/spark-a17c219b-b2c3-410c-a821-3bc1e572625c/userFiles-ed0398cb-85b0-421c-92d6-37d8bd928f5f/org.scala-lang_scala-reflect-2.12.11.jar
[2025-07-10T12:20:01.479+0200] {subprocess.py:93} INFO - 25/07/10 12:20:01 INFO Executor: Adding file:/tmp/spark-a17c219b-b2c3-410c-a821-3bc1e572625c/userFiles-ed0398cb-85b0-421c-92d6-37d8bd928f5f/org.scala-lang_scala-reflect-2.12.11.jar to class loader default
[2025-07-10T12:20:01.479+0200] {subprocess.py:93} INFO - 25/07/10 12:20:01 INFO Executor: Fetching spark://138.4.31.17:43733/jars/org.slf4j_slf4j-api-1.7.26.jar with timestamp 1752142799615
[2025-07-10T12:20:01.479+0200] {subprocess.py:93} INFO - 25/07/10 12:20:01 INFO Utils: Fetching spark://138.4.31.17:43733/jars/org.slf4j_slf4j-api-1.7.26.jar to /tmp/spark-a17c219b-b2c3-410c-a821-3bc1e572625c/userFiles-ed0398cb-85b0-421c-92d6-37d8bd928f5f/fetchFileTemp4240419228738435421.tmp
[2025-07-10T12:20:01.481+0200] {subprocess.py:93} INFO - 25/07/10 12:20:01 INFO Utils: /tmp/spark-a17c219b-b2c3-410c-a821-3bc1e572625c/userFiles-ed0398cb-85b0-421c-92d6-37d8bd928f5f/fetchFileTemp4240419228738435421.tmp has been previously copied to /tmp/spark-a17c219b-b2c3-410c-a821-3bc1e572625c/userFiles-ed0398cb-85b0-421c-92d6-37d8bd928f5f/org.slf4j_slf4j-api-1.7.26.jar
[2025-07-10T12:20:01.484+0200] {subprocess.py:93} INFO - 25/07/10 12:20:01 INFO Executor: Adding file:/tmp/spark-a17c219b-b2c3-410c-a821-3bc1e572625c/userFiles-ed0398cb-85b0-421c-92d6-37d8bd928f5f/org.slf4j_slf4j-api-1.7.26.jar to class loader default
[2025-07-10T12:20:01.485+0200] {subprocess.py:93} INFO - 25/07/10 12:20:01 INFO Executor: Fetching spark://138.4.31.17:43733/jars/com.datastax.spark_spark-cassandra-connector_2.12-3.5.0.jar with timestamp 1752142799615
[2025-07-10T12:20:01.485+0200] {subprocess.py:93} INFO - 25/07/10 12:20:01 INFO Utils: Fetching spark://138.4.31.17:43733/jars/com.datastax.spark_spark-cassandra-connector_2.12-3.5.0.jar to /tmp/spark-a17c219b-b2c3-410c-a821-3bc1e572625c/userFiles-ed0398cb-85b0-421c-92d6-37d8bd928f5f/fetchFileTemp1502134899515016715.tmp
[2025-07-10T12:20:01.493+0200] {subprocess.py:93} INFO - 25/07/10 12:20:01 INFO Utils: /tmp/spark-a17c219b-b2c3-410c-a821-3bc1e572625c/userFiles-ed0398cb-85b0-421c-92d6-37d8bd928f5f/fetchFileTemp1502134899515016715.tmp has been previously copied to /tmp/spark-a17c219b-b2c3-410c-a821-3bc1e572625c/userFiles-ed0398cb-85b0-421c-92d6-37d8bd928f5f/com.datastax.spark_spark-cassandra-connector_2.12-3.5.0.jar
[2025-07-10T12:20:01.499+0200] {subprocess.py:93} INFO - 25/07/10 12:20:01 INFO Executor: Adding file:/tmp/spark-a17c219b-b2c3-410c-a821-3bc1e572625c/userFiles-ed0398cb-85b0-421c-92d6-37d8bd928f5f/com.datastax.spark_spark-cassandra-connector_2.12-3.5.0.jar to class loader default
[2025-07-10T12:20:01.500+0200] {subprocess.py:93} INFO - 25/07/10 12:20:01 INFO Executor: Fetching spark://138.4.31.17:43733/jars/io.dropwizard.metrics_metrics-core-4.1.18.jar with timestamp 1752142799615
[2025-07-10T12:20:01.500+0200] {subprocess.py:93} INFO - 25/07/10 12:20:01 INFO Utils: Fetching spark://138.4.31.17:43733/jars/io.dropwizard.metrics_metrics-core-4.1.18.jar to /tmp/spark-a17c219b-b2c3-410c-a821-3bc1e572625c/userFiles-ed0398cb-85b0-421c-92d6-37d8bd928f5f/fetchFileTemp4416336832802350879.tmp
[2025-07-10T12:20:01.501+0200] {subprocess.py:93} INFO - 25/07/10 12:20:01 INFO Utils: /tmp/spark-a17c219b-b2c3-410c-a821-3bc1e572625c/userFiles-ed0398cb-85b0-421c-92d6-37d8bd928f5f/fetchFileTemp4416336832802350879.tmp has been previously copied to /tmp/spark-a17c219b-b2c3-410c-a821-3bc1e572625c/userFiles-ed0398cb-85b0-421c-92d6-37d8bd928f5f/io.dropwizard.metrics_metrics-core-4.1.18.jar
[2025-07-10T12:20:01.505+0200] {subprocess.py:93} INFO - 25/07/10 12:20:01 INFO Executor: Adding file:/tmp/spark-a17c219b-b2c3-410c-a821-3bc1e572625c/userFiles-ed0398cb-85b0-421c-92d6-37d8bd928f5f/io.dropwizard.metrics_metrics-core-4.1.18.jar to class loader default
[2025-07-10T12:20:01.505+0200] {subprocess.py:93} INFO - 25/07/10 12:20:01 INFO Executor: Fetching spark://138.4.31.17:43733/jars/com.github.spotbugs_spotbugs-annotations-3.1.12.jar with timestamp 1752142799615
[2025-07-10T12:20:01.505+0200] {subprocess.py:93} INFO - 25/07/10 12:20:01 INFO Utils: Fetching spark://138.4.31.17:43733/jars/com.github.spotbugs_spotbugs-annotations-3.1.12.jar to /tmp/spark-a17c219b-b2c3-410c-a821-3bc1e572625c/userFiles-ed0398cb-85b0-421c-92d6-37d8bd928f5f/fetchFileTemp5013756132269266539.tmp
[2025-07-10T12:20:01.507+0200] {subprocess.py:93} INFO - 25/07/10 12:20:01 INFO Utils: /tmp/spark-a17c219b-b2c3-410c-a821-3bc1e572625c/userFiles-ed0398cb-85b0-421c-92d6-37d8bd928f5f/fetchFileTemp5013756132269266539.tmp has been previously copied to /tmp/spark-a17c219b-b2c3-410c-a821-3bc1e572625c/userFiles-ed0398cb-85b0-421c-92d6-37d8bd928f5f/com.github.spotbugs_spotbugs-annotations-3.1.12.jar
[2025-07-10T12:20:01.511+0200] {subprocess.py:93} INFO - 25/07/10 12:20:01 INFO Executor: Adding file:/tmp/spark-a17c219b-b2c3-410c-a821-3bc1e572625c/userFiles-ed0398cb-85b0-421c-92d6-37d8bd928f5f/com.github.spotbugs_spotbugs-annotations-3.1.12.jar to class loader default
[2025-07-10T12:20:01.513+0200] {subprocess.py:93} INFO - 25/07/10 12:20:01 INFO Executor: Fetching spark://138.4.31.17:43733/jars/com.thoughtworks.paranamer_paranamer-2.8.jar with timestamp 1752142799615
[2025-07-10T12:20:01.514+0200] {subprocess.py:93} INFO - 25/07/10 12:20:01 INFO Utils: Fetching spark://138.4.31.17:43733/jars/com.thoughtworks.paranamer_paranamer-2.8.jar to /tmp/spark-a17c219b-b2c3-410c-a821-3bc1e572625c/userFiles-ed0398cb-85b0-421c-92d6-37d8bd928f5f/fetchFileTemp18028641658055239081.tmp
[2025-07-10T12:20:01.520+0200] {subprocess.py:93} INFO - 25/07/10 12:20:01 INFO Utils: /tmp/spark-a17c219b-b2c3-410c-a821-3bc1e572625c/userFiles-ed0398cb-85b0-421c-92d6-37d8bd928f5f/fetchFileTemp18028641658055239081.tmp has been previously copied to /tmp/spark-a17c219b-b2c3-410c-a821-3bc1e572625c/userFiles-ed0398cb-85b0-421c-92d6-37d8bd928f5f/com.thoughtworks.paranamer_paranamer-2.8.jar
[2025-07-10T12:20:01.522+0200] {subprocess.py:93} INFO - 25/07/10 12:20:01 INFO Executor: Adding file:/tmp/spark-a17c219b-b2c3-410c-a821-3bc1e572625c/userFiles-ed0398cb-85b0-421c-92d6-37d8bd928f5f/com.thoughtworks.paranamer_paranamer-2.8.jar to class loader default
[2025-07-10T12:20:01.522+0200] {subprocess.py:93} INFO - 25/07/10 12:20:01 INFO Executor: Fetching spark://138.4.31.17:43733/jars/org.scala-lang.modules_scala-collection-compat_2.12-2.11.0.jar with timestamp 1752142799615
[2025-07-10T12:20:01.522+0200] {subprocess.py:93} INFO - 25/07/10 12:20:01 INFO Utils: Fetching spark://138.4.31.17:43733/jars/org.scala-lang.modules_scala-collection-compat_2.12-2.11.0.jar to /tmp/spark-a17c219b-b2c3-410c-a821-3bc1e572625c/userFiles-ed0398cb-85b0-421c-92d6-37d8bd928f5f/fetchFileTemp1257307183434654435.tmp
[2025-07-10T12:20:01.524+0200] {subprocess.py:93} INFO - 25/07/10 12:20:01 INFO Utils: /tmp/spark-a17c219b-b2c3-410c-a821-3bc1e572625c/userFiles-ed0398cb-85b0-421c-92d6-37d8bd928f5f/fetchFileTemp1257307183434654435.tmp has been previously copied to /tmp/spark-a17c219b-b2c3-410c-a821-3bc1e572625c/userFiles-ed0398cb-85b0-421c-92d6-37d8bd928f5f/org.scala-lang.modules_scala-collection-compat_2.12-2.11.0.jar
[2025-07-10T12:20:01.529+0200] {subprocess.py:93} INFO - 25/07/10 12:20:01 INFO Executor: Adding file:/tmp/spark-a17c219b-b2c3-410c-a821-3bc1e572625c/userFiles-ed0398cb-85b0-421c-92d6-37d8bd928f5f/org.scala-lang.modules_scala-collection-compat_2.12-2.11.0.jar to class loader default
[2025-07-10T12:20:01.529+0200] {subprocess.py:93} INFO - 25/07/10 12:20:01 INFO Executor: Fetching spark://138.4.31.17:43733/jars/com.typesafe_config-1.4.1.jar with timestamp 1752142799615
[2025-07-10T12:20:01.530+0200] {subprocess.py:93} INFO - 25/07/10 12:20:01 INFO Utils: Fetching spark://138.4.31.17:43733/jars/com.typesafe_config-1.4.1.jar to /tmp/spark-a17c219b-b2c3-410c-a821-3bc1e572625c/userFiles-ed0398cb-85b0-421c-92d6-37d8bd928f5f/fetchFileTemp2725905710461507280.tmp
[2025-07-10T12:20:01.532+0200] {subprocess.py:93} INFO - 25/07/10 12:20:01 INFO Utils: /tmp/spark-a17c219b-b2c3-410c-a821-3bc1e572625c/userFiles-ed0398cb-85b0-421c-92d6-37d8bd928f5f/fetchFileTemp2725905710461507280.tmp has been previously copied to /tmp/spark-a17c219b-b2c3-410c-a821-3bc1e572625c/userFiles-ed0398cb-85b0-421c-92d6-37d8bd928f5f/com.typesafe_config-1.4.1.jar
[2025-07-10T12:20:01.535+0200] {subprocess.py:93} INFO - 25/07/10 12:20:01 INFO Executor: Adding file:/tmp/spark-a17c219b-b2c3-410c-a821-3bc1e572625c/userFiles-ed0398cb-85b0-421c-92d6-37d8bd928f5f/com.typesafe_config-1.4.1.jar to class loader default
[2025-07-10T12:20:01.535+0200] {subprocess.py:93} INFO - 25/07/10 12:20:01 INFO Executor: Fetching spark://138.4.31.17:43733/jars/com.datastax.spark_spark-cassandra-connector-driver_2.12-3.5.0.jar with timestamp 1752142799615
[2025-07-10T12:20:01.536+0200] {subprocess.py:93} INFO - 25/07/10 12:20:01 INFO Utils: Fetching spark://138.4.31.17:43733/jars/com.datastax.spark_spark-cassandra-connector-driver_2.12-3.5.0.jar to /tmp/spark-a17c219b-b2c3-410c-a821-3bc1e572625c/userFiles-ed0398cb-85b0-421c-92d6-37d8bd928f5f/fetchFileTemp218240655691625487.tmp
[2025-07-10T12:20:01.541+0200] {subprocess.py:93} INFO - 25/07/10 12:20:01 INFO Utils: /tmp/spark-a17c219b-b2c3-410c-a821-3bc1e572625c/userFiles-ed0398cb-85b0-421c-92d6-37d8bd928f5f/fetchFileTemp218240655691625487.tmp has been previously copied to /tmp/spark-a17c219b-b2c3-410c-a821-3bc1e572625c/userFiles-ed0398cb-85b0-421c-92d6-37d8bd928f5f/com.datastax.spark_spark-cassandra-connector-driver_2.12-3.5.0.jar
[2025-07-10T12:20:01.545+0200] {subprocess.py:93} INFO - 25/07/10 12:20:01 INFO Executor: Adding file:/tmp/spark-a17c219b-b2c3-410c-a821-3bc1e572625c/userFiles-ed0398cb-85b0-421c-92d6-37d8bd928f5f/com.datastax.spark_spark-cassandra-connector-driver_2.12-3.5.0.jar to class loader default
[2025-07-10T12:20:01.555+0200] {subprocess.py:93} INFO - 25/07/10 12:20:01 INFO Utils: Successfully started service 'org.apache.spark.network.netty.NettyBlockTransferService' on port 39195.
[2025-07-10T12:20:01.555+0200] {subprocess.py:93} INFO - 25/07/10 12:20:01 INFO NettyBlockTransferService: Server created on 138.4.31.17:39195
[2025-07-10T12:20:01.559+0200] {subprocess.py:93} INFO - 25/07/10 12:20:01 INFO BlockManager: Using org.apache.spark.storage.RandomBlockReplicationPolicy for block replication policy
[2025-07-10T12:20:01.569+0200] {subprocess.py:93} INFO - 25/07/10 12:20:01 INFO BlockManagerMaster: Registering BlockManager BlockManagerId(driver, 138.4.31.17, 39195, None)
[2025-07-10T12:20:01.574+0200] {subprocess.py:93} INFO - 25/07/10 12:20:01 INFO BlockManagerMasterEndpoint: Registering block manager 138.4.31.17:39195 with 434.4 MiB RAM, BlockManagerId(driver, 138.4.31.17, 39195, None)
[2025-07-10T12:20:01.578+0200] {subprocess.py:93} INFO - 25/07/10 12:20:01 INFO BlockManagerMaster: Registered BlockManager BlockManagerId(driver, 138.4.31.17, 39195, None)
[2025-07-10T12:20:01.579+0200] {subprocess.py:93} INFO - 25/07/10 12:20:01 INFO BlockManager: Initialized BlockManager: BlockManagerId(driver, 138.4.31.17, 39195, None)
[2025-07-10T12:20:02.098+0200] {subprocess.py:93} INFO - 25/07/10 12:20:02 INFO SharedState: Setting hive.metastore.warehouse.dir ('null') to the value of spark.sql.warehouse.dir.
[2025-07-10T12:20:02.100+0200] {subprocess.py:93} INFO - 25/07/10 12:20:02 INFO SharedState: Warehouse path is 'file:/tmp/airflowtmpucpn5dlt/spark-warehouse'.
[2025-07-10T12:20:03.169+0200] {subprocess.py:93} INFO - 25/07/10 12:20:03 WARN SparkSession: Using an existing Spark session; only runtime SQL configurations will take effect.
[2025-07-10T12:20:04.905+0200] {subprocess.py:93} INFO - MLflow Run ID: f11e6e03e5c946a68f6c98b662bd307b
[2025-07-10T12:20:04.905+0200] {subprocess.py:93} INFO - MLflow Tracking URI: file:///home/monica.fernandez/practica_creativa/mlruns
[2025-07-10T12:20:05.124+0200] {subprocess.py:93} INFO - 25/07/10 12:20:05 INFO InMemoryFileIndex: It took 39 ms to list leaf files for 1 paths.
[2025-07-10T12:20:07.097+0200] {subprocess.py:93} INFO - 25/07/10 12:20:07 INFO DefaultMavenCoordinates: DataStax Java driver for Apache Cassandra(R) (com.datastax.oss:java-driver-core-shaded) version 4.13.0
[2025-07-10T12:20:07.205+0200] {subprocess.py:93} INFO - 25/07/10 12:20:07 INFO Native: Unable to load JNR native implementation. This could be normal if JNR is excluded from the classpath
[2025-07-10T12:20:07.205+0200] {subprocess.py:93} INFO - java.lang.NoClassDefFoundError: jnr/posix/POSIXHandler
[2025-07-10T12:20:07.205+0200] {subprocess.py:93} INFO - 	at com.datastax.oss.driver.internal.core.os.Native$LibcLoader.load(Native.java:42)
[2025-07-10T12:20:07.205+0200] {subprocess.py:93} INFO - 	at com.datastax.oss.driver.internal.core.os.Native.<clinit>(Native.java:59)
[2025-07-10T12:20:07.205+0200] {subprocess.py:93} INFO - 	at com.datastax.oss.driver.internal.core.time.Clock.getInstance(Clock.java:41)
[2025-07-10T12:20:07.205+0200] {subprocess.py:93} INFO - 	at com.datastax.oss.driver.internal.core.time.MonotonicTimestampGenerator.buildClock(MonotonicTimestampGenerator.java:109)
[2025-07-10T12:20:07.205+0200] {subprocess.py:93} INFO - 	at com.datastax.oss.driver.internal.core.time.MonotonicTimestampGenerator.<init>(MonotonicTimestampGenerator.java:43)
[2025-07-10T12:20:07.205+0200] {subprocess.py:93} INFO - 	at com.datastax.oss.driver.internal.core.time.AtomicTimestampGenerator.<init>(AtomicTimestampGenerator.java:52)
[2025-07-10T12:20:07.205+0200] {subprocess.py:93} INFO - 	at java.base/jdk.internal.reflect.NativeConstructorAccessorImpl.newInstance0(Native Method)
[2025-07-10T12:20:07.205+0200] {subprocess.py:93} INFO - 	at java.base/jdk.internal.reflect.NativeConstructorAccessorImpl.newInstance(NativeConstructorAccessorImpl.java:77)
[2025-07-10T12:20:07.205+0200] {subprocess.py:93} INFO - 	at java.base/jdk.internal.reflect.DelegatingConstructorAccessorImpl.newInstance(DelegatingConstructorAccessorImpl.java:45)
[2025-07-10T12:20:07.205+0200] {subprocess.py:93} INFO - 	at java.base/java.lang.reflect.Constructor.newInstanceWithCaller(Constructor.java:500)
[2025-07-10T12:20:07.205+0200] {subprocess.py:93} INFO - 	at java.base/java.lang.reflect.Constructor.newInstance(Constructor.java:481)
[2025-07-10T12:20:07.205+0200] {subprocess.py:93} INFO - 	at com.datastax.oss.driver.internal.core.util.Reflection.resolveClass(Reflection.java:329)
[2025-07-10T12:20:07.205+0200] {subprocess.py:93} INFO - 	at com.datastax.oss.driver.internal.core.util.Reflection.buildFromConfig(Reflection.java:235)
[2025-07-10T12:20:07.206+0200] {subprocess.py:93} INFO - 	at com.datastax.oss.driver.internal.core.util.Reflection.buildFromConfig(Reflection.java:110)
[2025-07-10T12:20:07.206+0200] {subprocess.py:93} INFO - 	at com.datastax.oss.driver.internal.core.context.DefaultDriverContext.buildTimestampGenerator(DefaultDriverContext.java:377)
[2025-07-10T12:20:07.206+0200] {subprocess.py:93} INFO - 	at com.datastax.oss.driver.internal.core.util.concurrent.LazyReference.get(LazyReference.java:55)
[2025-07-10T12:20:07.206+0200] {subprocess.py:93} INFO - 	at com.datastax.oss.driver.internal.core.context.DefaultDriverContext.getTimestampGenerator(DefaultDriverContext.java:773)
[2025-07-10T12:20:07.206+0200] {subprocess.py:93} INFO - 	at com.datastax.oss.driver.internal.core.session.DefaultSession$SingleThreaded.init(DefaultSession.java:349)
[2025-07-10T12:20:07.206+0200] {subprocess.py:93} INFO - 	at com.datastax.oss.driver.internal.core.session.DefaultSession$SingleThreaded.access$1100(DefaultSession.java:300)
[2025-07-10T12:20:07.206+0200] {subprocess.py:93} INFO - 	at com.datastax.oss.driver.internal.core.session.DefaultSession.lambda$init$0(DefaultSession.java:146)
[2025-07-10T12:20:07.206+0200] {subprocess.py:93} INFO - 	at com.datastax.oss.driver.shaded.netty.util.concurrent.PromiseTask.runTask(PromiseTask.java:98)
[2025-07-10T12:20:07.206+0200] {subprocess.py:93} INFO - 	at com.datastax.oss.driver.shaded.netty.util.concurrent.PromiseTask.run(PromiseTask.java:106)
[2025-07-10T12:20:07.206+0200] {subprocess.py:93} INFO - 	at com.datastax.oss.driver.shaded.netty.channel.DefaultEventLoop.run(DefaultEventLoop.java:54)
[2025-07-10T12:20:07.206+0200] {subprocess.py:93} INFO - 	at com.datastax.oss.driver.shaded.netty.util.concurrent.SingleThreadEventExecutor$4.run(SingleThreadEventExecutor.java:989)
[2025-07-10T12:20:07.206+0200] {subprocess.py:93} INFO - 	at com.datastax.oss.driver.shaded.netty.util.internal.ThreadExecutorMap$2.run(ThreadExecutorMap.java:74)
[2025-07-10T12:20:07.206+0200] {subprocess.py:93} INFO - 	at com.datastax.oss.driver.shaded.netty.util.concurrent.FastThreadLocalRunnable.run(FastThreadLocalRunnable.java:30)
[2025-07-10T12:20:07.206+0200] {subprocess.py:93} INFO - 	at java.base/java.lang.Thread.run(Thread.java:840)
[2025-07-10T12:20:07.206+0200] {subprocess.py:93} INFO - Caused by: java.lang.ClassNotFoundException: jnr.posix.POSIXHandler
[2025-07-10T12:20:07.206+0200] {subprocess.py:93} INFO - 	at java.base/java.net.URLClassLoader.findClass(URLClassLoader.java:445)
[2025-07-10T12:20:07.206+0200] {subprocess.py:93} INFO - 	at java.base/java.lang.ClassLoader.loadClass(ClassLoader.java:592)
[2025-07-10T12:20:07.206+0200] {subprocess.py:93} INFO - 	at java.base/java.lang.ClassLoader.loadClass(ClassLoader.java:525)
[2025-07-10T12:20:07.206+0200] {subprocess.py:93} INFO - 	... 27 more
[2025-07-10T12:20:07.207+0200] {subprocess.py:93} INFO - 25/07/10 12:20:07 INFO Clock: Could not access native clock (see debug logs for details), falling back to Java system clock
[2025-07-10T12:20:09.140+0200] {subprocess.py:93} INFO - 25/07/10 12:20:09 INFO CassandraConnector: Connected to Cassandra cluster.
[2025-07-10T12:20:09.187+0200] {subprocess.py:93} INFO - Traceback (most recent call last):
[2025-07-10T12:20:09.188+0200] {subprocess.py:93} INFO -   File "/home/monica.fernandez/practica_creativa/resources/train_spark_mllib_model.py", line 147, in <module>
[2025-07-10T12:20:09.188+0200] {subprocess.py:93} INFO -     main(sys.argv[1] if len(sys.argv) > 1 else ".")
[2025-07-10T12:20:09.188+0200] {subprocess.py:93} INFO -   File "/home/monica.fernandez/practica_creativa/resources/train_spark_mllib_model.py", line 64, in main
[2025-07-10T12:20:09.188+0200] {subprocess.py:93} INFO -     .load()
[2025-07-10T12:20:09.188+0200] {subprocess.py:93} INFO -      ^^^^^^
[2025-07-10T12:20:09.188+0200] {subprocess.py:93} INFO -   File "/home/monica.fernandez/.sdkman/candidates/spark/current/python/lib/pyspark.zip/pyspark/sql/readwriter.py", line 314, in load
[2025-07-10T12:20:09.190+0200] {subprocess.py:93} INFO -   File "/home/monica.fernandez/.sdkman/candidates/spark/current/python/lib/py4j-0.10.9.7-src.zip/py4j/java_gateway.py", line 1322, in __call__
[2025-07-10T12:20:09.190+0200] {subprocess.py:93} INFO -   File "/home/monica.fernandez/.sdkman/candidates/spark/current/python/lib/pyspark.zip/pyspark/errors/exceptions/captured.py", line 185, in deco
[2025-07-10T12:20:09.199+0200] {subprocess.py:93} INFO - pyspark.errors.exceptions.captured.AnalysisException: Couldn't find keyspace flight_delay - Found similar keyspaces:
[2025-07-10T12:20:09.200+0200] {subprocess.py:93} INFO - flights
[2025-07-10T12:20:09.200+0200] {subprocess.py:93} INFO - 
[2025-07-10T12:20:09.570+0200] {subprocess.py:93} INFO - 25/07/10 12:20:09 INFO SparkContext: Invoking stop() from shutdown hook
[2025-07-10T12:20:09.570+0200] {subprocess.py:93} INFO - 25/07/10 12:20:09 INFO SparkContext: SparkContext is stopping with exitCode 0.
[2025-07-10T12:20:09.581+0200] {subprocess.py:93} INFO - 25/07/10 12:20:09 INFO SparkUI: Stopped Spark web UI at http://138.4.31.17:4041
[2025-07-10T12:20:09.582+0200] {subprocess.py:93} INFO - 25/07/10 12:20:09 INFO CassandraConnector: Disconnected from Cassandra cluster.
[2025-07-10T12:20:09.583+0200] {subprocess.py:93} INFO - 25/07/10 12:20:09 INFO SerialShutdownHooks: Successfully executed shutdown hook: Clearing session cache for C* connector
[2025-07-10T12:20:09.592+0200] {subprocess.py:93} INFO - 25/07/10 12:20:09 INFO MapOutputTrackerMasterEndpoint: MapOutputTrackerMasterEndpoint stopped!
[2025-07-10T12:20:09.608+0200] {subprocess.py:93} INFO - 25/07/10 12:20:09 INFO MemoryStore: MemoryStore cleared
[2025-07-10T12:20:09.608+0200] {subprocess.py:93} INFO - 25/07/10 12:20:09 INFO BlockManager: BlockManager stopped
[2025-07-10T12:20:09.615+0200] {subprocess.py:93} INFO - 25/07/10 12:20:09 INFO BlockManagerMaster: BlockManagerMaster stopped
[2025-07-10T12:20:09.618+0200] {subprocess.py:93} INFO - 25/07/10 12:20:09 INFO OutputCommitCoordinator$OutputCommitCoordinatorEndpoint: OutputCommitCoordinator stopped!
[2025-07-10T12:20:09.629+0200] {subprocess.py:93} INFO - 25/07/10 12:20:09 INFO SparkContext: Successfully stopped SparkContext
[2025-07-10T12:20:09.629+0200] {subprocess.py:93} INFO - 25/07/10 12:20:09 INFO ShutdownHookManager: Shutdown hook called
[2025-07-10T12:20:09.629+0200] {subprocess.py:93} INFO - 25/07/10 12:20:09 INFO ShutdownHookManager: Deleting directory /tmp/spark-a17c219b-b2c3-410c-a821-3bc1e572625c/pyspark-7f742b40-5c9c-4299-825b-fe7d16ff57ee
[2025-07-10T12:20:09.633+0200] {subprocess.py:93} INFO - 25/07/10 12:20:09 INFO ShutdownHookManager: Deleting directory /tmp/spark-cb9729bb-53bb-4da4-87ed-458fe1fc701a
[2025-07-10T12:20:09.636+0200] {subprocess.py:93} INFO - 25/07/10 12:20:09 INFO ShutdownHookManager: Deleting directory /tmp/spark-a17c219b-b2c3-410c-a821-3bc1e572625c
[2025-07-10T12:20:09.727+0200] {subprocess.py:97} INFO - Command exited with return code 1
[2025-07-10T12:20:09.740+0200] {taskinstance.py:1768} ERROR - Task failed with exception
Traceback (most recent call last):
  File "/home/monica.fernandez/practica_creativa/venv-airflow/lib/python3.11/site-packages/airflow/operators/bash.py", line 196, in execute
    raise AirflowException(
airflow.exceptions.AirflowException: Bash command failed. The command returned a non-zero exit code 1.
[2025-07-10T12:20:09.744+0200] {taskinstance.py:1318} INFO - Marking task as FAILED. dag_id=agile_data_science_batch_prediction_model_training, task_id=pyspark_train_classifier_model, execution_date=20250710T100245, start_date=20250710T101951, end_date=20250710T102009
[2025-07-10T12:20:09.766+0200] {standard_task_runner.py:100} ERROR - Failed to execute job 130 for task pyspark_train_classifier_model (Bash command failed. The command returned a non-zero exit code 1.; 135734)
[2025-07-10T12:20:09.794+0200] {local_task_job.py:208} INFO - Task exited with return code 1
[2025-07-10T12:20:09.814+0200] {taskinstance.py:2578} INFO - 0 downstream tasks scheduled from follow-on schedule check
