[2025-06-16T18:34:39.481+0200] {taskinstance.py:1083} INFO - Dependencies all met for <TaskInstance: agile_data_science_batch_prediction_model_training.pyspark_train_classifier_model manual__2025-06-16T16:34:35.725251+00:00 [queued]>
[2025-06-16T18:34:39.501+0200] {taskinstance.py:1083} INFO - Dependencies all met for <TaskInstance: agile_data_science_batch_prediction_model_training.pyspark_train_classifier_model manual__2025-06-16T16:34:35.725251+00:00 [queued]>
[2025-06-16T18:34:39.501+0200] {taskinstance.py:1279} INFO - 
--------------------------------------------------------------------------------
[2025-06-16T18:34:39.501+0200] {taskinstance.py:1280} INFO - Starting attempt 1 of 4
[2025-06-16T18:34:39.501+0200] {taskinstance.py:1281} INFO - 
--------------------------------------------------------------------------------
[2025-06-16T18:34:39.523+0200] {taskinstance.py:1300} INFO - Executing <Task(BashOperator): pyspark_train_classifier_model> on 2025-06-16 16:34:35.725251+00:00
[2025-06-16T18:34:39.527+0200] {standard_task_runner.py:55} INFO - Started process 207952 to run task
[2025-06-16T18:34:39.530+0200] {standard_task_runner.py:82} INFO - Running: ['airflow', 'tasks', 'run', 'agile_data_science_batch_prediction_model_training', 'pyspark_train_classifier_model', 'manual__2025-06-16T16:34:35.725251+00:00', '--job-id', '2', '--raw', '--subdir', 'DAGS_FOLDER/setup.py', '--cfg-path', '/tmp/tmpbd_g44c7']
[2025-06-16T18:34:39.531+0200] {standard_task_runner.py:83} INFO - Job 2: Subtask pyspark_train_classifier_model
[2025-06-16T18:34:39.672+0200] {task_command.py:388} INFO - Running <TaskInstance: agile_data_science_batch_prediction_model_training.pyspark_train_classifier_model manual__2025-06-16T16:34:35.725251+00:00 [running]> on host l014.lab.dit.upm.es
[2025-06-16T18:34:39.782+0200] {taskinstance.py:1507} INFO - Exporting the following env vars:
AIRFLOW_CTX_DAG_OWNER=airflow
AIRFLOW_CTX_DAG_ID=agile_data_science_batch_prediction_model_training
AIRFLOW_CTX_TASK_ID=pyspark_train_classifier_model
AIRFLOW_CTX_EXECUTION_DATE=2025-06-16T16:34:35.725251+00:00
AIRFLOW_CTX_TRY_NUMBER=1
AIRFLOW_CTX_DAG_RUN_ID=manual__2025-06-16T16:34:35.725251+00:00
[2025-06-16T18:34:39.784+0200] {subprocess.py:63} INFO - Tmp dir root location: 
 /tmp
[2025-06-16T18:34:39.785+0200] {subprocess.py:75} INFO - Running command: ['/usr/bin/bash', '-c', '\nspark-submit --master local[4]   /home/monica.fernandez/practica_creativa//resources/train_spark_mllib_model.py   /home/monica.fernandez/practica_creativa/']
[2025-06-16T18:34:39.793+0200] {subprocess.py:86} INFO - Output:
[2025-06-16T18:34:43.588+0200] {subprocess.py:93} INFO - 25/06/16 18:34:43 WARN Utils: Your hostname, l014 resolves to a loopback address: 127.0.1.1; using 138.4.31.14 instead (on interface enp1s0)
[2025-06-16T18:34:43.591+0200] {subprocess.py:93} INFO - 25/06/16 18:34:43 WARN Utils: Set SPARK_LOCAL_IP if you need to bind to another address
[2025-06-16T18:34:50.797+0200] {subprocess.py:93} INFO - 25/06/16 18:34:50 INFO SparkContext: Running Spark version 3.5.3
[2025-06-16T18:34:50.798+0200] {subprocess.py:93} INFO - 25/06/16 18:34:50 INFO SparkContext: OS info Linux, 6.1.0-32-amd64, amd64
[2025-06-16T18:34:50.798+0200] {subprocess.py:93} INFO - 25/06/16 18:34:50 INFO SparkContext: Java version 17.0.14
[2025-06-16T18:34:50.913+0200] {subprocess.py:93} INFO - 25/06/16 18:34:50 WARN NativeCodeLoader: Unable to load native-hadoop library for your platform... using builtin-java classes where applicable
[2025-06-16T18:34:51.065+0200] {subprocess.py:93} INFO - 25/06/16 18:34:51 INFO ResourceUtils: ==============================================================
[2025-06-16T18:34:51.065+0200] {subprocess.py:93} INFO - 25/06/16 18:34:51 INFO ResourceUtils: No custom resources configured for spark.driver.
[2025-06-16T18:34:51.065+0200] {subprocess.py:93} INFO - 25/06/16 18:34:51 INFO ResourceUtils: ==============================================================
[2025-06-16T18:34:51.066+0200] {subprocess.py:93} INFO - 25/06/16 18:34:51 INFO SparkContext: Submitted application: train_spark_mllib_model.py
[2025-06-16T18:34:51.092+0200] {subprocess.py:93} INFO - 25/06/16 18:34:51 INFO ResourceProfile: Default ResourceProfile created, executor resources: Map(cores -> name: cores, amount: 1, script: , vendor: , memory -> name: memory, amount: 1024, script: , vendor: , offHeap -> name: offHeap, amount: 0, script: , vendor: ), task resources: Map(cpus -> name: cpus, amount: 1.0)
[2025-06-16T18:34:51.101+0200] {subprocess.py:93} INFO - 25/06/16 18:34:51 INFO ResourceProfile: Limiting resource is cpu
[2025-06-16T18:34:51.101+0200] {subprocess.py:93} INFO - 25/06/16 18:34:51 INFO ResourceProfileManager: Added ResourceProfile id: 0
[2025-06-16T18:34:51.193+0200] {subprocess.py:93} INFO - 25/06/16 18:34:51 INFO SecurityManager: Changing view acls to: monica.fernandez
[2025-06-16T18:34:51.194+0200] {subprocess.py:93} INFO - 25/06/16 18:34:51 INFO SecurityManager: Changing modify acls to: monica.fernandez
[2025-06-16T18:34:51.195+0200] {subprocess.py:93} INFO - 25/06/16 18:34:51 INFO SecurityManager: Changing view acls groups to:
[2025-06-16T18:34:51.195+0200] {subprocess.py:93} INFO - 25/06/16 18:34:51 INFO SecurityManager: Changing modify acls groups to:
[2025-06-16T18:34:51.196+0200] {subprocess.py:93} INFO - 25/06/16 18:34:51 INFO SecurityManager: SecurityManager: authentication disabled; ui acls disabled; users with view permissions: monica.fernandez; groups with view permissions: EMPTY; users with modify permissions: monica.fernandez; groups with modify permissions: EMPTY
[2025-06-16T18:34:51.512+0200] {subprocess.py:93} INFO - 25/06/16 18:34:51 INFO Utils: Successfully started service 'sparkDriver' on port 45047.
[2025-06-16T18:34:51.556+0200] {subprocess.py:93} INFO - 25/06/16 18:34:51 INFO SparkEnv: Registering MapOutputTracker
[2025-06-16T18:34:51.605+0200] {subprocess.py:93} INFO - 25/06/16 18:34:51 INFO SparkEnv: Registering BlockManagerMaster
[2025-06-16T18:34:51.630+0200] {subprocess.py:93} INFO - 25/06/16 18:34:51 INFO BlockManagerMasterEndpoint: Using org.apache.spark.storage.DefaultTopologyMapper for getting topology information
[2025-06-16T18:34:51.630+0200] {subprocess.py:93} INFO - 25/06/16 18:34:51 INFO BlockManagerMasterEndpoint: BlockManagerMasterEndpoint up
[2025-06-16T18:34:51.636+0200] {subprocess.py:93} INFO - 25/06/16 18:34:51 INFO SparkEnv: Registering BlockManagerMasterHeartbeat
[2025-06-16T18:34:51.672+0200] {subprocess.py:93} INFO - 25/06/16 18:34:51 INFO DiskBlockManager: Created local directory at /tmp/blockmgr-11643b5f-50a7-4bcc-a3b5-47b1a6eec6de
[2025-06-16T18:34:51.691+0200] {subprocess.py:93} INFO - 25/06/16 18:34:51 INFO MemoryStore: MemoryStore started with capacity 434.4 MiB
[2025-06-16T18:34:51.707+0200] {subprocess.py:93} INFO - 25/06/16 18:34:51 INFO SparkEnv: Registering OutputCommitCoordinator
[2025-06-16T18:34:51.873+0200] {subprocess.py:93} INFO - 25/06/16 18:34:51 INFO JettyUtils: Start Jetty 0.0.0.0:4040 for SparkUI
[2025-06-16T18:34:51.951+0200] {subprocess.py:93} INFO - 25/06/16 18:34:51 WARN Utils: Service 'SparkUI' could not bind on port 4040. Attempting port 4041.
[2025-06-16T18:34:51.959+0200] {subprocess.py:93} INFO - 25/06/16 18:34:51 INFO Utils: Successfully started service 'SparkUI' on port 4041.
[2025-06-16T18:34:52.094+0200] {subprocess.py:93} INFO - 25/06/16 18:34:52 INFO Executor: Starting executor ID driver on host 138.4.31.14
[2025-06-16T18:34:52.094+0200] {subprocess.py:93} INFO - 25/06/16 18:34:52 INFO Executor: OS info Linux, 6.1.0-32-amd64, amd64
[2025-06-16T18:34:52.094+0200] {subprocess.py:93} INFO - 25/06/16 18:34:52 INFO Executor: Java version 17.0.14
[2025-06-16T18:34:52.102+0200] {subprocess.py:93} INFO - 25/06/16 18:34:52 INFO Executor: Starting executor with user classpath (userClassPathFirst = false): ''
[2025-06-16T18:34:52.103+0200] {subprocess.py:93} INFO - 25/06/16 18:34:52 INFO Executor: Created or updated repl class loader org.apache.spark.util.MutableURLClassLoader@350e44ae for default.
[2025-06-16T18:34:52.127+0200] {subprocess.py:93} INFO - 25/06/16 18:34:52 INFO Utils: Successfully started service 'org.apache.spark.network.netty.NettyBlockTransferService' on port 37511.
[2025-06-16T18:34:52.127+0200] {subprocess.py:93} INFO - 25/06/16 18:34:52 INFO NettyBlockTransferService: Server created on 138.4.31.14:37511
[2025-06-16T18:34:52.130+0200] {subprocess.py:93} INFO - 25/06/16 18:34:52 INFO BlockManager: Using org.apache.spark.storage.RandomBlockReplicationPolicy for block replication policy
[2025-06-16T18:34:52.136+0200] {subprocess.py:93} INFO - 25/06/16 18:34:52 INFO BlockManagerMaster: Registering BlockManager BlockManagerId(driver, 138.4.31.14, 37511, None)
[2025-06-16T18:34:52.141+0200] {subprocess.py:93} INFO - 25/06/16 18:34:52 INFO BlockManagerMasterEndpoint: Registering block manager 138.4.31.14:37511 with 434.4 MiB RAM, BlockManagerId(driver, 138.4.31.14, 37511, None)
[2025-06-16T18:34:52.144+0200] {subprocess.py:93} INFO - 25/06/16 18:34:52 INFO BlockManagerMaster: Registered BlockManager BlockManagerId(driver, 138.4.31.14, 37511, None)
[2025-06-16T18:34:52.146+0200] {subprocess.py:93} INFO - 25/06/16 18:34:52 INFO BlockManager: Initialized BlockManager: BlockManagerId(driver, 138.4.31.14, 37511, None)
[2025-06-16T18:34:52.903+0200] {subprocess.py:93} INFO - 25/06/16 18:34:52 INFO SharedState: Setting hive.metastore.warehouse.dir ('null') to the value of spark.sql.warehouse.dir.
[2025-06-16T18:34:52.915+0200] {subprocess.py:93} INFO - 25/06/16 18:34:52 INFO SharedState: Warehouse path is 'file:/tmp/airflowtmpg05cjsrs/spark-warehouse'.
[2025-06-16T18:34:55.743+0200] {subprocess.py:93} INFO - Traceback (most recent call last):
[2025-06-16T18:34:55.743+0200] {subprocess.py:93} INFO -   File "/home/monica.fernandez/practica_creativa/resources/train_spark_mllib_model.py", line 151, in <module>
[2025-06-16T18:34:55.744+0200] {subprocess.py:93} INFO -     main(sys.argv[1])
[2025-06-16T18:34:55.744+0200] {subprocess.py:93} INFO -   File "/home/monica.fernandez/practica_creativa/resources/train_spark_mllib_model.py", line 26, in main
[2025-06-16T18:34:55.744+0200] {subprocess.py:93} INFO -     with mlflow.start_run() as run:
[2025-06-16T18:34:55.744+0200] {subprocess.py:93} INFO -          ^^^^^^^^^^^^^^^^^^
[2025-06-16T18:34:55.744+0200] {subprocess.py:93} INFO -   File "/home/monica.fernandez/practica_creativa/venv-airflow/lib/python3.11/site-packages/mlflow/tracking/fluent.py", line 474, in start_run
[2025-06-16T18:34:55.751+0200] {subprocess.py:93} INFO -     active_run_obj = client.create_run(
[2025-06-16T18:34:55.751+0200] {subprocess.py:93} INFO -                      ^^^^^^^^^^^^^^^^^^
[2025-06-16T18:34:55.752+0200] {subprocess.py:93} INFO -   File "/home/monica.fernandez/practica_creativa/venv-airflow/lib/python3.11/site-packages/mlflow/tracking/client.py", line 434, in create_run
[2025-06-16T18:34:55.753+0200] {subprocess.py:93} INFO -     return self._tracking_client.create_run(experiment_id, start_time, tags, run_name)
[2025-06-16T18:34:55.758+0200] {subprocess.py:93} INFO -            ^^^^^^^^^^^^^^^^^^^^^^^^^^^^^^^^^^^^^^^^^^^^^^^^^^^^^^^^^^^^^^^^^^^^^^^^^^^
[2025-06-16T18:34:55.758+0200] {subprocess.py:93} INFO -   File "/home/monica.fernandez/practica_creativa/venv-airflow/lib/python3.11/site-packages/mlflow/tracking/_tracking_service/client.py", line 161, in create_run
[2025-06-16T18:34:55.758+0200] {subprocess.py:93} INFO -     return self.store.create_run(
[2025-06-16T18:34:55.758+0200] {subprocess.py:93} INFO -            ^^^^^^^^^^^^^^^^^^^^^^
[2025-06-16T18:34:55.758+0200] {subprocess.py:93} INFO -   File "/home/monica.fernandez/practica_creativa/venv-airflow/lib/python3.11/site-packages/mlflow/store/tracking/file_store.py", line 662, in create_run
[2025-06-16T18:34:55.760+0200] {subprocess.py:93} INFO -     experiment = self.get_experiment(experiment_id)
[2025-06-16T18:34:55.760+0200] {subprocess.py:93} INFO -                  ^^^^^^^^^^^^^^^^^^^^^^^^^^^^^^^^^^
[2025-06-16T18:34:55.760+0200] {subprocess.py:93} INFO -   File "/home/monica.fernandez/practica_creativa/venv-airflow/lib/python3.11/site-packages/mlflow/store/tracking/file_store.py", line 471, in get_experiment
[2025-06-16T18:34:55.760+0200] {subprocess.py:93} INFO -     experiment = self._get_experiment(experiment_id)
[2025-06-16T18:34:55.760+0200] {subprocess.py:93} INFO -                  ^^^^^^^^^^^^^^^^^^^^^^^^^^^^^^^^^^^
[2025-06-16T18:34:55.761+0200] {subprocess.py:93} INFO -   File "/home/monica.fernandez/practica_creativa/venv-airflow/lib/python3.11/site-packages/mlflow/store/tracking/file_store.py", line 441, in _get_experiment
[2025-06-16T18:34:55.761+0200] {subprocess.py:93} INFO -     raise MlflowException(
[2025-06-16T18:34:55.761+0200] {subprocess.py:93} INFO - mlflow.exceptions.MlflowException: Could not find experiment with ID 0
[2025-06-16T18:34:56.166+0200] {subprocess.py:93} INFO - 25/06/16 18:34:56 INFO SparkContext: Invoking stop() from shutdown hook
[2025-06-16T18:34:56.167+0200] {subprocess.py:93} INFO - 25/06/16 18:34:56 INFO SparkContext: SparkContext is stopping with exitCode 0.
[2025-06-16T18:34:56.181+0200] {subprocess.py:93} INFO - 25/06/16 18:34:56 INFO SparkUI: Stopped Spark web UI at http://138.4.31.14:4041
[2025-06-16T18:34:56.200+0200] {subprocess.py:93} INFO - 25/06/16 18:34:56 INFO MapOutputTrackerMasterEndpoint: MapOutputTrackerMasterEndpoint stopped!
[2025-06-16T18:34:56.221+0200] {subprocess.py:93} INFO - 25/06/16 18:34:56 INFO MemoryStore: MemoryStore cleared
[2025-06-16T18:34:56.222+0200] {subprocess.py:93} INFO - 25/06/16 18:34:56 INFO BlockManager: BlockManager stopped
[2025-06-16T18:34:56.228+0200] {subprocess.py:93} INFO - 25/06/16 18:34:56 INFO BlockManagerMaster: BlockManagerMaster stopped
[2025-06-16T18:34:56.231+0200] {subprocess.py:93} INFO - 25/06/16 18:34:56 INFO OutputCommitCoordinator$OutputCommitCoordinatorEndpoint: OutputCommitCoordinator stopped!
[2025-06-16T18:34:56.239+0200] {subprocess.py:93} INFO - 25/06/16 18:34:56 INFO SparkContext: Successfully stopped SparkContext
[2025-06-16T18:34:56.240+0200] {subprocess.py:93} INFO - 25/06/16 18:34:56 INFO ShutdownHookManager: Shutdown hook called
[2025-06-16T18:34:56.240+0200] {subprocess.py:93} INFO - 25/06/16 18:34:56 INFO ShutdownHookManager: Deleting directory /tmp/spark-d53dc4a5-6ed6-4ebb-945d-0926b1bcf08a
[2025-06-16T18:34:56.245+0200] {subprocess.py:93} INFO - 25/06/16 18:34:56 INFO ShutdownHookManager: Deleting directory /tmp/spark-d53dc4a5-6ed6-4ebb-945d-0926b1bcf08a/pyspark-605d3934-4e8c-4282-8f40-17878a598828
[2025-06-16T18:34:56.248+0200] {subprocess.py:93} INFO - 25/06/16 18:34:56 INFO ShutdownHookManager: Deleting directory /tmp/spark-c88eb723-251b-4d75-bf88-2c6718d23d39
[2025-06-16T18:34:56.317+0200] {subprocess.py:97} INFO - Command exited with return code 1
[2025-06-16T18:34:56.333+0200] {taskinstance.py:1768} ERROR - Task failed with exception
Traceback (most recent call last):
  File "/home/monica.fernandez/practica_creativa/venv-airflow/lib/python3.11/site-packages/airflow/operators/bash.py", line 196, in execute
    raise AirflowException(
airflow.exceptions.AirflowException: Bash command failed. The command returned a non-zero exit code 1.
[2025-06-16T18:34:56.342+0200] {taskinstance.py:1318} INFO - Marking task as UP_FOR_RETRY. dag_id=agile_data_science_batch_prediction_model_training, task_id=pyspark_train_classifier_model, execution_date=20250616T163435, start_date=20250616T163439, end_date=20250616T163456
[2025-06-16T18:34:56.376+0200] {standard_task_runner.py:100} ERROR - Failed to execute job 2 for task pyspark_train_classifier_model (Bash command failed. The command returned a non-zero exit code 1.; 207952)
[2025-06-16T18:34:56.403+0200] {local_task_job.py:208} INFO - Task exited with return code 1
[2025-06-16T18:34:56.446+0200] {taskinstance.py:2578} INFO - 0 downstream tasks scheduled from follow-on schedule check
