[2025-06-13T17:10:51.865+0200] {taskinstance.py:1083} INFO - Dependencies all met for <TaskInstance: agile_data_science_batch_prediction_model_training.pyspark_train_classifier_model manual__2025-06-11T16:06:28.264231+00:00 [queued]>
[2025-06-13T17:10:51.885+0200] {taskinstance.py:1083} INFO - Dependencies all met for <TaskInstance: agile_data_science_batch_prediction_model_training.pyspark_train_classifier_model manual__2025-06-11T16:06:28.264231+00:00 [queued]>
[2025-06-13T17:10:51.885+0200] {taskinstance.py:1279} INFO - 
--------------------------------------------------------------------------------
[2025-06-13T17:10:51.886+0200] {taskinstance.py:1280} INFO - Starting attempt 4 of 4
[2025-06-13T17:10:51.886+0200] {taskinstance.py:1281} INFO - 
--------------------------------------------------------------------------------
[2025-06-13T17:10:51.911+0200] {taskinstance.py:1300} INFO - Executing <Task(BashOperator): pyspark_train_classifier_model> on 2025-06-11 16:06:28.264231+00:00
[2025-06-13T17:10:51.914+0200] {standard_task_runner.py:55} INFO - Started process 31999 to run task
[2025-06-13T17:10:51.918+0200] {standard_task_runner.py:82} INFO - Running: ['airflow', 'tasks', 'run', 'agile_data_science_batch_prediction_model_training', 'pyspark_train_classifier_model', 'manual__2025-06-11T16:06:28.264231+00:00', '--job-id', '50', '--raw', '--subdir', 'DAGS_FOLDER/setup.py', '--cfg-path', '/tmp/tmpqs_lt636']
[2025-06-13T17:10:51.920+0200] {standard_task_runner.py:83} INFO - Job 50: Subtask pyspark_train_classifier_model
[2025-06-13T17:10:52.019+0200] {task_command.py:388} INFO - Running <TaskInstance: agile_data_science_batch_prediction_model_training.pyspark_train_classifier_model manual__2025-06-11T16:06:28.264231+00:00 [running]> on host l089.lab.dit.upm.es
[2025-06-13T17:10:52.106+0200] {taskinstance.py:1507} INFO - Exporting the following env vars:
AIRFLOW_CTX_DAG_OWNER=airflow
AIRFLOW_CTX_DAG_ID=agile_data_science_batch_prediction_model_training
AIRFLOW_CTX_TASK_ID=pyspark_train_classifier_model
AIRFLOW_CTX_EXECUTION_DATE=2025-06-11T16:06:28.264231+00:00
AIRFLOW_CTX_TRY_NUMBER=4
AIRFLOW_CTX_DAG_RUN_ID=manual__2025-06-11T16:06:28.264231+00:00
[2025-06-13T17:10:52.107+0200] {subprocess.py:63} INFO - Tmp dir root location: 
 /tmp
[2025-06-13T17:10:52.108+0200] {subprocess.py:75} INFO - Running command: ['/usr/bin/bash', '-c', '\nspark-submit --master local[4]   /home/monica.fernandez/practica_creativa//resources/train_spark_mllib_model.py   /home/monica.fernandez/practica_creativa/']
[2025-06-13T17:10:52.116+0200] {subprocess.py:86} INFO - Output:
[2025-06-13T17:10:55.415+0200] {subprocess.py:93} INFO - 25/06/13 17:10:55 WARN Utils: Your hostname, l089 resolves to a loopback address: 127.0.1.1; using 138.4.31.89 instead (on interface enp3s0)
[2025-06-13T17:10:55.419+0200] {subprocess.py:93} INFO - 25/06/13 17:10:55 WARN Utils: Set SPARK_LOCAL_IP if you need to bind to another address
[2025-06-13T17:11:00.729+0200] {subprocess.py:93} INFO - 25/06/13 17:11:00 INFO SparkContext: Running Spark version 3.5.3
[2025-06-13T17:11:00.730+0200] {subprocess.py:93} INFO - 25/06/13 17:11:00 INFO SparkContext: OS info Linux, 6.1.0-32-amd64, amd64
[2025-06-13T17:11:00.731+0200] {subprocess.py:93} INFO - 25/06/13 17:11:00 INFO SparkContext: Java version 17.0.14
[2025-06-13T17:11:00.843+0200] {subprocess.py:93} INFO - 25/06/13 17:11:00 WARN NativeCodeLoader: Unable to load native-hadoop library for your platform... using builtin-java classes where applicable
[2025-06-13T17:11:01.097+0200] {subprocess.py:93} INFO - 25/06/13 17:11:01 INFO ResourceUtils: ==============================================================
[2025-06-13T17:11:01.098+0200] {subprocess.py:93} INFO - 25/06/13 17:11:01 INFO ResourceUtils: No custom resources configured for spark.driver.
[2025-06-13T17:11:01.098+0200] {subprocess.py:93} INFO - 25/06/13 17:11:01 INFO ResourceUtils: ==============================================================
[2025-06-13T17:11:01.111+0200] {subprocess.py:93} INFO - 25/06/13 17:11:01 INFO SparkContext: Submitted application: train_spark_mllib_model.py
[2025-06-13T17:11:01.146+0200] {subprocess.py:93} INFO - 25/06/13 17:11:01 INFO ResourceProfile: Default ResourceProfile created, executor resources: Map(cores -> name: cores, amount: 1, script: , vendor: , memory -> name: memory, amount: 1024, script: , vendor: , offHeap -> name: offHeap, amount: 0, script: , vendor: ), task resources: Map(cpus -> name: cpus, amount: 1.0)
[2025-06-13T17:11:01.157+0200] {subprocess.py:93} INFO - 25/06/13 17:11:01 INFO ResourceProfile: Limiting resource is cpu
[2025-06-13T17:11:01.164+0200] {subprocess.py:93} INFO - 25/06/13 17:11:01 INFO ResourceProfileManager: Added ResourceProfile id: 0
[2025-06-13T17:11:01.224+0200] {subprocess.py:93} INFO - 25/06/13 17:11:01 INFO SecurityManager: Changing view acls to: monica.fernandez
[2025-06-13T17:11:01.225+0200] {subprocess.py:93} INFO - 25/06/13 17:11:01 INFO SecurityManager: Changing modify acls to: monica.fernandez
[2025-06-13T17:11:01.226+0200] {subprocess.py:93} INFO - 25/06/13 17:11:01 INFO SecurityManager: Changing view acls groups to:
[2025-06-13T17:11:01.226+0200] {subprocess.py:93} INFO - 25/06/13 17:11:01 INFO SecurityManager: Changing modify acls groups to:
[2025-06-13T17:11:01.227+0200] {subprocess.py:93} INFO - 25/06/13 17:11:01 INFO SecurityManager: SecurityManager: authentication disabled; ui acls disabled; users with view permissions: monica.fernandez; groups with view permissions: EMPTY; users with modify permissions: monica.fernandez; groups with modify permissions: EMPTY
[2025-06-13T17:11:01.703+0200] {subprocess.py:93} INFO - 25/06/13 17:11:01 INFO Utils: Successfully started service 'sparkDriver' on port 41887.
[2025-06-13T17:11:01.793+0200] {subprocess.py:93} INFO - 25/06/13 17:11:01 INFO SparkEnv: Registering MapOutputTracker
[2025-06-13T17:11:01.863+0200] {subprocess.py:93} INFO - 25/06/13 17:11:01 INFO SparkEnv: Registering BlockManagerMaster
[2025-06-13T17:11:01.906+0200] {subprocess.py:93} INFO - 25/06/13 17:11:01 INFO BlockManagerMasterEndpoint: Using org.apache.spark.storage.DefaultTopologyMapper for getting topology information
[2025-06-13T17:11:01.907+0200] {subprocess.py:93} INFO - 25/06/13 17:11:01 INFO BlockManagerMasterEndpoint: BlockManagerMasterEndpoint up
[2025-06-13T17:11:01.912+0200] {subprocess.py:93} INFO - 25/06/13 17:11:01 INFO SparkEnv: Registering BlockManagerMasterHeartbeat
[2025-06-13T17:11:01.955+0200] {subprocess.py:93} INFO - 25/06/13 17:11:01 INFO DiskBlockManager: Created local directory at /tmp/blockmgr-61c199f0-00ab-411c-80b7-d90f52202212
[2025-06-13T17:11:01.999+0200] {subprocess.py:93} INFO - 25/06/13 17:11:01 INFO MemoryStore: MemoryStore started with capacity 434.4 MiB
[2025-06-13T17:11:02.066+0200] {subprocess.py:93} INFO - 25/06/13 17:11:02 INFO SparkEnv: Registering OutputCommitCoordinator
[2025-06-13T17:11:02.348+0200] {subprocess.py:93} INFO - 25/06/13 17:11:02 INFO JettyUtils: Start Jetty 0.0.0.0:4040 for SparkUI
[2025-06-13T17:11:02.597+0200] {subprocess.py:93} INFO - 25/06/13 17:11:02 WARN Utils: Service 'SparkUI' could not bind on port 4040. Attempting port 4041.
[2025-06-13T17:11:02.628+0200] {subprocess.py:93} INFO - 25/06/13 17:11:02 INFO Utils: Successfully started service 'SparkUI' on port 4041.
[2025-06-13T17:11:02.926+0200] {subprocess.py:93} INFO - 25/06/13 17:11:02 INFO Executor: Starting executor ID driver on host 138.4.31.89
[2025-06-13T17:11:02.927+0200] {subprocess.py:93} INFO - 25/06/13 17:11:02 INFO Executor: OS info Linux, 6.1.0-32-amd64, amd64
[2025-06-13T17:11:02.928+0200] {subprocess.py:93} INFO - 25/06/13 17:11:02 INFO Executor: Java version 17.0.14
[2025-06-13T17:11:02.941+0200] {subprocess.py:93} INFO - 25/06/13 17:11:02 INFO Executor: Starting executor with user classpath (userClassPathFirst = false): ''
[2025-06-13T17:11:02.946+0200] {subprocess.py:93} INFO - 25/06/13 17:11:02 INFO Executor: Created or updated repl class loader org.apache.spark.util.MutableURLClassLoader@1405ffd2 for default.
[2025-06-13T17:11:02.997+0200] {subprocess.py:93} INFO - 25/06/13 17:11:02 INFO Utils: Successfully started service 'org.apache.spark.network.netty.NettyBlockTransferService' on port 39123.
[2025-06-13T17:11:02.998+0200] {subprocess.py:93} INFO - 25/06/13 17:11:02 INFO NettyBlockTransferService: Server created on 138.4.31.89:39123
[2025-06-13T17:11:03.004+0200] {subprocess.py:93} INFO - 25/06/13 17:11:03 INFO BlockManager: Using org.apache.spark.storage.RandomBlockReplicationPolicy for block replication policy
[2025-06-13T17:11:03.010+0200] {subprocess.py:93} INFO - 25/06/13 17:11:03 INFO BlockManagerMaster: Registering BlockManager BlockManagerId(driver, 138.4.31.89, 39123, None)
[2025-06-13T17:11:03.015+0200] {subprocess.py:93} INFO - 25/06/13 17:11:03 INFO BlockManagerMasterEndpoint: Registering block manager 138.4.31.89:39123 with 434.4 MiB RAM, BlockManagerId(driver, 138.4.31.89, 39123, None)
[2025-06-13T17:11:03.039+0200] {subprocess.py:93} INFO - 25/06/13 17:11:03 INFO BlockManagerMaster: Registered BlockManager BlockManagerId(driver, 138.4.31.89, 39123, None)
[2025-06-13T17:11:03.041+0200] {subprocess.py:93} INFO - 25/06/13 17:11:03 INFO BlockManager: Initialized BlockManager: BlockManagerId(driver, 138.4.31.89, 39123, None)
[2025-06-13T17:11:04.124+0200] {subprocess.py:93} INFO - 25/06/13 17:11:04 INFO SharedState: Setting hive.metastore.warehouse.dir ('null') to the value of spark.sql.warehouse.dir.
[2025-06-13T17:11:04.135+0200] {subprocess.py:93} INFO - 25/06/13 17:11:04 INFO SharedState: Warehouse path is 'file:/tmp/airflowtmptnnsepv1/spark-warehouse'.
[2025-06-13T17:11:06.816+0200] {subprocess.py:93} INFO - MLflow Run ID: d5bb9d343ca645bdb8d44e448d87e110, Experiment ID: 0
[2025-06-13T17:11:06.817+0200] {subprocess.py:93} INFO - MLflow Tracking URI: file:///tmp/airflowtmptnnsepv1/mlruns
[2025-06-13T17:11:07.726+0200] {subprocess.py:93} INFO - Traceback (most recent call last):
[2025-06-13T17:11:07.726+0200] {subprocess.py:93} INFO -   File "/home/monica.fernandez/practica_creativa/resources/train_spark_mllib_model.py", line 216, in <module>
[2025-06-13T17:11:07.726+0200] {subprocess.py:93} INFO -     main(sys.argv[1])
[2025-06-13T17:11:07.727+0200] {subprocess.py:93} INFO -   File "/home/monica.fernandez/practica_creativa/resources/train_spark_mllib_model.py", line 65, in main
[2025-06-13T17:11:07.730+0200] {subprocess.py:93} INFO -     features = spark.read.json(input_path, schema=schema)
[2025-06-13T17:11:07.730+0200] {subprocess.py:93} INFO -                ^^^^^^^^^^^^^^^^^^^^^^^^^^^^^^^^^^^^^^^^^^
[2025-06-13T17:11:07.730+0200] {subprocess.py:93} INFO -   File "/home/monica.fernandez/.sdkman/candidates/spark/current/python/lib/pyspark.zip/pyspark/sql/readwriter.py", line 425, in json
[2025-06-13T17:11:07.730+0200] {subprocess.py:93} INFO -   File "/home/monica.fernandez/.sdkman/candidates/spark/current/python/lib/py4j-0.10.9.7-src.zip/py4j/java_gateway.py", line 1322, in __call__
[2025-06-13T17:11:07.730+0200] {subprocess.py:93} INFO -   File "/home/monica.fernandez/.sdkman/candidates/spark/current/python/lib/pyspark.zip/pyspark/errors/exceptions/captured.py", line 185, in deco
[2025-06-13T17:11:07.746+0200] {subprocess.py:93} INFO - pyspark.errors.exceptions.captured.AnalysisException: [PATH_NOT_FOUND] Path does not exist: file:/data/simple_flight_delay_features.jsonl.bz2.
[2025-06-13T17:11:08.123+0200] {subprocess.py:93} INFO - 25/06/13 17:11:08 INFO SparkContext: Invoking stop() from shutdown hook
[2025-06-13T17:11:08.125+0200] {subprocess.py:93} INFO - 25/06/13 17:11:08 INFO SparkContext: SparkContext is stopping with exitCode 0.
[2025-06-13T17:11:08.140+0200] {subprocess.py:93} INFO - 25/06/13 17:11:08 INFO SparkUI: Stopped Spark web UI at http://138.4.31.89:4041
[2025-06-13T17:11:08.180+0200] {subprocess.py:93} INFO - 25/06/13 17:11:08 INFO MapOutputTrackerMasterEndpoint: MapOutputTrackerMasterEndpoint stopped!
[2025-06-13T17:11:08.235+0200] {subprocess.py:93} INFO - 25/06/13 17:11:08 INFO MemoryStore: MemoryStore cleared
[2025-06-13T17:11:08.235+0200] {subprocess.py:93} INFO - 25/06/13 17:11:08 INFO BlockManager: BlockManager stopped
[2025-06-13T17:11:08.247+0200] {subprocess.py:93} INFO - 25/06/13 17:11:08 INFO BlockManagerMaster: BlockManagerMaster stopped
[2025-06-13T17:11:08.251+0200] {subprocess.py:93} INFO - 25/06/13 17:11:08 INFO OutputCommitCoordinator$OutputCommitCoordinatorEndpoint: OutputCommitCoordinator stopped!
[2025-06-13T17:11:08.286+0200] {subprocess.py:93} INFO - 25/06/13 17:11:08 INFO SparkContext: Successfully stopped SparkContext
[2025-06-13T17:11:08.286+0200] {subprocess.py:93} INFO - 25/06/13 17:11:08 INFO ShutdownHookManager: Shutdown hook called
[2025-06-13T17:11:08.287+0200] {subprocess.py:93} INFO - 25/06/13 17:11:08 INFO ShutdownHookManager: Deleting directory /tmp/spark-f4cb7d96-d6b6-4284-9ab2-deb076015366
[2025-06-13T17:11:08.297+0200] {subprocess.py:93} INFO - 25/06/13 17:11:08 INFO ShutdownHookManager: Deleting directory /tmp/spark-6e37187d-9b96-416c-8e23-fd7b80151f90/pyspark-afda2715-47d8-45cd-8b76-d74225b459d2
[2025-06-13T17:11:08.309+0200] {subprocess.py:93} INFO - 25/06/13 17:11:08 INFO ShutdownHookManager: Deleting directory /tmp/spark-6e37187d-9b96-416c-8e23-fd7b80151f90
[2025-06-13T17:11:08.397+0200] {subprocess.py:97} INFO - Command exited with return code 1
[2025-06-13T17:11:08.419+0200] {taskinstance.py:1768} ERROR - Task failed with exception
Traceback (most recent call last):
  File "/home/monica.fernandez/practica_creativa/venv-airflow/lib/python3.11/site-packages/airflow/operators/bash.py", line 196, in execute
    raise AirflowException(
airflow.exceptions.AirflowException: Bash command failed. The command returned a non-zero exit code 1.
[2025-06-13T17:11:08.425+0200] {taskinstance.py:1318} INFO - Marking task as FAILED. dag_id=agile_data_science_batch_prediction_model_training, task_id=pyspark_train_classifier_model, execution_date=20250611T160628, start_date=20250613T151051, end_date=20250613T151108
[2025-06-13T17:11:08.488+0200] {standard_task_runner.py:100} ERROR - Failed to execute job 50 for task pyspark_train_classifier_model (Bash command failed. The command returned a non-zero exit code 1.; 31999)
[2025-06-13T17:11:08.516+0200] {local_task_job.py:208} INFO - Task exited with return code 1
[2025-06-13T17:11:08.552+0200] {taskinstance.py:2578} INFO - 0 downstream tasks scheduled from follow-on schedule check
