[2025-06-13T17:01:29.758+0200] {processor.py:153} INFO - Started process (PID=26356) to work on /home/monica.fernandez/practica_creativa/venv-airflow/lib/python3.11/site-packages/airflow/example_dags/example_dag_decorator.py
[2025-06-13T17:01:29.761+0200] {processor.py:743} INFO - Processing file /home/monica.fernandez/practica_creativa/venv-airflow/lib/python3.11/site-packages/airflow/example_dags/example_dag_decorator.py for tasks to queue
[2025-06-13T17:01:29.765+0200] {logging_mixin.py:137} INFO - [2025-06-13T17:01:29.765+0200] {dagbag.py:538} INFO - Filling up the DagBag from /home/monica.fernandez/practica_creativa/venv-airflow/lib/python3.11/site-packages/airflow/example_dags/example_dag_decorator.py
[2025-06-13T17:01:29.812+0200] {logging_mixin.py:137} INFO - [2025-06-13T17:01:29.812+0200] {taskmixin.py:205} WARNING - Dependency <Task(_PythonDecoratedOperator): prepare_email>, send_email already registered for DAG: example_dag_decorator
[2025-06-13T17:01:29.812+0200] {logging_mixin.py:137} INFO - [2025-06-13T17:01:29.812+0200] {taskmixin.py:205} WARNING - Dependency <Task(EmailOperator): send_email>, prepare_email already registered for DAG: example_dag_decorator
[2025-06-13T17:01:29.830+0200] {processor.py:753} INFO - DAG(s) dict_keys(['example_dag_decorator']) retrieved from /home/monica.fernandez/practica_creativa/venv-airflow/lib/python3.11/site-packages/airflow/example_dags/example_dag_decorator.py
[2025-06-13T17:01:29.974+0200] {logging_mixin.py:137} INFO - [2025-06-13T17:01:29.974+0200] {dag.py:2690} INFO - Sync 1 DAGs
[2025-06-13T17:01:30.033+0200] {logging_mixin.py:137} INFO - [2025-06-13T17:01:30.032+0200] {dag.py:3437} INFO - Setting next_dagrun for example_dag_decorator to None, run_after=None
[2025-06-13T17:01:30.134+0200] {processor.py:175} INFO - Processing /home/monica.fernandez/practica_creativa/venv-airflow/lib/python3.11/site-packages/airflow/example_dags/example_dag_decorator.py took 0.384 seconds
[2025-06-13T17:02:22.070+0200] {processor.py:153} INFO - Started process (PID=26739) to work on /home/monica.fernandez/practica_creativa/venv-airflow/lib/python3.11/site-packages/airflow/example_dags/example_dag_decorator.py
[2025-06-13T17:02:22.071+0200] {processor.py:743} INFO - Processing file /home/monica.fernandez/practica_creativa/venv-airflow/lib/python3.11/site-packages/airflow/example_dags/example_dag_decorator.py for tasks to queue
[2025-06-13T17:02:22.072+0200] {logging_mixin.py:137} INFO - [2025-06-13T17:02:22.072+0200] {dagbag.py:538} INFO - Filling up the DagBag from /home/monica.fernandez/practica_creativa/venv-airflow/lib/python3.11/site-packages/airflow/example_dags/example_dag_decorator.py
[2025-06-13T17:02:22.108+0200] {logging_mixin.py:137} INFO - [2025-06-13T17:02:22.108+0200] {taskmixin.py:205} WARNING - Dependency <Task(_PythonDecoratedOperator): prepare_email>, send_email already registered for DAG: example_dag_decorator
[2025-06-13T17:02:22.108+0200] {logging_mixin.py:137} INFO - [2025-06-13T17:02:22.108+0200] {taskmixin.py:205} WARNING - Dependency <Task(EmailOperator): send_email>, prepare_email already registered for DAG: example_dag_decorator
[2025-06-13T17:02:22.132+0200] {processor.py:753} INFO - DAG(s) dict_keys(['example_dag_decorator']) retrieved from /home/monica.fernandez/practica_creativa/venv-airflow/lib/python3.11/site-packages/airflow/example_dags/example_dag_decorator.py
[2025-06-13T17:02:22.358+0200] {logging_mixin.py:137} INFO - [2025-06-13T17:02:22.358+0200] {dag.py:2690} INFO - Sync 1 DAGs
[2025-06-13T17:02:22.386+0200] {logging_mixin.py:137} INFO - [2025-06-13T17:02:22.386+0200] {dag.py:3437} INFO - Setting next_dagrun for example_dag_decorator to None, run_after=None
[2025-06-13T17:02:22.452+0200] {processor.py:175} INFO - Processing /home/monica.fernandez/practica_creativa/venv-airflow/lib/python3.11/site-packages/airflow/example_dags/example_dag_decorator.py took 0.387 seconds
[2025-06-13T17:03:19.798+0200] {processor.py:153} INFO - Started process (PID=27256) to work on /home/monica.fernandez/practica_creativa/venv-airflow/lib/python3.11/site-packages/airflow/example_dags/example_dag_decorator.py
[2025-06-13T17:03:19.799+0200] {processor.py:743} INFO - Processing file /home/monica.fernandez/practica_creativa/venv-airflow/lib/python3.11/site-packages/airflow/example_dags/example_dag_decorator.py for tasks to queue
[2025-06-13T17:03:19.800+0200] {logging_mixin.py:137} INFO - [2025-06-13T17:03:19.799+0200] {dagbag.py:538} INFO - Filling up the DagBag from /home/monica.fernandez/practica_creativa/venv-airflow/lib/python3.11/site-packages/airflow/example_dags/example_dag_decorator.py
[2025-06-13T17:03:19.822+0200] {logging_mixin.py:137} INFO - [2025-06-13T17:03:19.822+0200] {taskmixin.py:205} WARNING - Dependency <Task(_PythonDecoratedOperator): prepare_email>, send_email already registered for DAG: example_dag_decorator
[2025-06-13T17:03:19.822+0200] {logging_mixin.py:137} INFO - [2025-06-13T17:03:19.822+0200] {taskmixin.py:205} WARNING - Dependency <Task(EmailOperator): send_email>, prepare_email already registered for DAG: example_dag_decorator
[2025-06-13T17:03:19.830+0200] {processor.py:753} INFO - DAG(s) dict_keys(['example_dag_decorator']) retrieved from /home/monica.fernandez/practica_creativa/venv-airflow/lib/python3.11/site-packages/airflow/example_dags/example_dag_decorator.py
[2025-06-13T17:03:19.908+0200] {logging_mixin.py:137} INFO - [2025-06-13T17:03:19.908+0200] {dag.py:2690} INFO - Sync 1 DAGs
[2025-06-13T17:03:19.933+0200] {logging_mixin.py:137} INFO - [2025-06-13T17:03:19.933+0200] {dag.py:3437} INFO - Setting next_dagrun for example_dag_decorator to None, run_after=None
[2025-06-13T17:03:20.006+0200] {processor.py:175} INFO - Processing /home/monica.fernandez/practica_creativa/venv-airflow/lib/python3.11/site-packages/airflow/example_dags/example_dag_decorator.py took 0.212 seconds
[2025-06-13T17:04:27.917+0200] {processor.py:153} INFO - Started process (PID=28550) to work on /home/monica.fernandez/practica_creativa/venv-airflow/lib/python3.11/site-packages/airflow/example_dags/example_dag_decorator.py
[2025-06-13T17:04:27.918+0200] {processor.py:743} INFO - Processing file /home/monica.fernandez/practica_creativa/venv-airflow/lib/python3.11/site-packages/airflow/example_dags/example_dag_decorator.py for tasks to queue
[2025-06-13T17:04:27.919+0200] {logging_mixin.py:137} INFO - [2025-06-13T17:04:27.918+0200] {dagbag.py:538} INFO - Filling up the DagBag from /home/monica.fernandez/practica_creativa/venv-airflow/lib/python3.11/site-packages/airflow/example_dags/example_dag_decorator.py
[2025-06-13T17:04:27.945+0200] {logging_mixin.py:137} INFO - [2025-06-13T17:04:27.945+0200] {taskmixin.py:205} WARNING - Dependency <Task(_PythonDecoratedOperator): prepare_email>, send_email already registered for DAG: example_dag_decorator
[2025-06-13T17:04:27.945+0200] {logging_mixin.py:137} INFO - [2025-06-13T17:04:27.945+0200] {taskmixin.py:205} WARNING - Dependency <Task(EmailOperator): send_email>, prepare_email already registered for DAG: example_dag_decorator
[2025-06-13T17:04:27.952+0200] {processor.py:753} INFO - DAG(s) dict_keys(['example_dag_decorator']) retrieved from /home/monica.fernandez/practica_creativa/venv-airflow/lib/python3.11/site-packages/airflow/example_dags/example_dag_decorator.py
[2025-06-13T17:04:28.015+0200] {logging_mixin.py:137} INFO - [2025-06-13T17:04:28.015+0200] {dag.py:2690} INFO - Sync 1 DAGs
[2025-06-13T17:04:28.036+0200] {logging_mixin.py:137} INFO - [2025-06-13T17:04:28.036+0200] {dag.py:3437} INFO - Setting next_dagrun for example_dag_decorator to None, run_after=None
[2025-06-13T17:04:28.099+0200] {processor.py:175} INFO - Processing /home/monica.fernandez/practica_creativa/venv-airflow/lib/python3.11/site-packages/airflow/example_dags/example_dag_decorator.py took 0.186 seconds
[2025-06-13T17:06:09.241+0200] {processor.py:153} INFO - Started process (PID=29606) to work on /home/monica.fernandez/practica_creativa/venv-airflow/lib/python3.11/site-packages/airflow/example_dags/example_dag_decorator.py
[2025-06-13T17:06:09.242+0200] {processor.py:743} INFO - Processing file /home/monica.fernandez/practica_creativa/venv-airflow/lib/python3.11/site-packages/airflow/example_dags/example_dag_decorator.py for tasks to queue
[2025-06-13T17:06:09.243+0200] {logging_mixin.py:137} INFO - [2025-06-13T17:06:09.243+0200] {dagbag.py:538} INFO - Filling up the DagBag from /home/monica.fernandez/practica_creativa/venv-airflow/lib/python3.11/site-packages/airflow/example_dags/example_dag_decorator.py
[2025-06-13T17:06:09.263+0200] {logging_mixin.py:137} INFO - [2025-06-13T17:06:09.263+0200] {taskmixin.py:205} WARNING - Dependency <Task(_PythonDecoratedOperator): prepare_email>, send_email already registered for DAG: example_dag_decorator
[2025-06-13T17:06:09.263+0200] {logging_mixin.py:137} INFO - [2025-06-13T17:06:09.263+0200] {taskmixin.py:205} WARNING - Dependency <Task(EmailOperator): send_email>, prepare_email already registered for DAG: example_dag_decorator
[2025-06-13T17:06:09.270+0200] {processor.py:753} INFO - DAG(s) dict_keys(['example_dag_decorator']) retrieved from /home/monica.fernandez/practica_creativa/venv-airflow/lib/python3.11/site-packages/airflow/example_dags/example_dag_decorator.py
[2025-06-13T17:06:09.340+0200] {logging_mixin.py:137} INFO - [2025-06-13T17:06:09.339+0200] {dag.py:2690} INFO - Sync 1 DAGs
[2025-06-13T17:06:09.363+0200] {logging_mixin.py:137} INFO - [2025-06-13T17:06:09.363+0200] {dag.py:3437} INFO - Setting next_dagrun for example_dag_decorator to None, run_after=None
[2025-06-13T17:06:09.438+0200] {processor.py:175} INFO - Processing /home/monica.fernandez/practica_creativa/venv-airflow/lib/python3.11/site-packages/airflow/example_dags/example_dag_decorator.py took 0.200 seconds
[2025-06-13T17:07:14.651+0200] {processor.py:153} INFO - Started process (PID=30104) to work on /home/monica.fernandez/practica_creativa/venv-airflow/lib/python3.11/site-packages/airflow/example_dags/example_dag_decorator.py
[2025-06-13T17:07:14.654+0200] {processor.py:743} INFO - Processing file /home/monica.fernandez/practica_creativa/venv-airflow/lib/python3.11/site-packages/airflow/example_dags/example_dag_decorator.py for tasks to queue
[2025-06-13T17:07:14.654+0200] {logging_mixin.py:137} INFO - [2025-06-13T17:07:14.654+0200] {dagbag.py:538} INFO - Filling up the DagBag from /home/monica.fernandez/practica_creativa/venv-airflow/lib/python3.11/site-packages/airflow/example_dags/example_dag_decorator.py
[2025-06-13T17:07:14.702+0200] {logging_mixin.py:137} INFO - [2025-06-13T17:07:14.702+0200] {taskmixin.py:205} WARNING - Dependency <Task(_PythonDecoratedOperator): prepare_email>, send_email already registered for DAG: example_dag_decorator
[2025-06-13T17:07:14.702+0200] {logging_mixin.py:137} INFO - [2025-06-13T17:07:14.702+0200] {taskmixin.py:205} WARNING - Dependency <Task(EmailOperator): send_email>, prepare_email already registered for DAG: example_dag_decorator
[2025-06-13T17:07:14.719+0200] {processor.py:753} INFO - DAG(s) dict_keys(['example_dag_decorator']) retrieved from /home/monica.fernandez/practica_creativa/venv-airflow/lib/python3.11/site-packages/airflow/example_dags/example_dag_decorator.py
[2025-06-13T17:07:14.871+0200] {logging_mixin.py:137} INFO - [2025-06-13T17:07:14.871+0200] {dag.py:2690} INFO - Sync 1 DAGs
[2025-06-13T17:07:14.928+0200] {logging_mixin.py:137} INFO - [2025-06-13T17:07:14.928+0200] {dag.py:3437} INFO - Setting next_dagrun for example_dag_decorator to None, run_after=None
[2025-06-13T17:07:15.072+0200] {processor.py:175} INFO - Processing /home/monica.fernandez/practica_creativa/venv-airflow/lib/python3.11/site-packages/airflow/example_dags/example_dag_decorator.py took 0.428 seconds
[2025-06-13T17:08:16.062+0200] {processor.py:153} INFO - Started process (PID=30583) to work on /home/monica.fernandez/practica_creativa/venv-airflow/lib/python3.11/site-packages/airflow/example_dags/example_dag_decorator.py
[2025-06-13T17:08:16.063+0200] {processor.py:743} INFO - Processing file /home/monica.fernandez/practica_creativa/venv-airflow/lib/python3.11/site-packages/airflow/example_dags/example_dag_decorator.py for tasks to queue
[2025-06-13T17:08:16.064+0200] {logging_mixin.py:137} INFO - [2025-06-13T17:08:16.064+0200] {dagbag.py:538} INFO - Filling up the DagBag from /home/monica.fernandez/practica_creativa/venv-airflow/lib/python3.11/site-packages/airflow/example_dags/example_dag_decorator.py
[2025-06-13T17:08:16.092+0200] {logging_mixin.py:137} INFO - [2025-06-13T17:08:16.091+0200] {taskmixin.py:205} WARNING - Dependency <Task(_PythonDecoratedOperator): prepare_email>, send_email already registered for DAG: example_dag_decorator
[2025-06-13T17:08:16.092+0200] {logging_mixin.py:137} INFO - [2025-06-13T17:08:16.092+0200] {taskmixin.py:205} WARNING - Dependency <Task(EmailOperator): send_email>, prepare_email already registered for DAG: example_dag_decorator
[2025-06-13T17:08:16.106+0200] {processor.py:753} INFO - DAG(s) dict_keys(['example_dag_decorator']) retrieved from /home/monica.fernandez/practica_creativa/venv-airflow/lib/python3.11/site-packages/airflow/example_dags/example_dag_decorator.py
[2025-06-13T17:08:16.233+0200] {logging_mixin.py:137} INFO - [2025-06-13T17:08:16.233+0200] {dag.py:2690} INFO - Sync 1 DAGs
[2025-06-13T17:08:16.281+0200] {logging_mixin.py:137} INFO - [2025-06-13T17:08:16.281+0200] {dag.py:3437} INFO - Setting next_dagrun for example_dag_decorator to None, run_after=None
[2025-06-13T17:08:16.415+0200] {processor.py:175} INFO - Processing /home/monica.fernandez/practica_creativa/venv-airflow/lib/python3.11/site-packages/airflow/example_dags/example_dag_decorator.py took 0.367 seconds
[2025-06-13T17:09:07.359+0200] {processor.py:153} INFO - Started process (PID=31127) to work on /home/monica.fernandez/practica_creativa/venv-airflow/lib/python3.11/site-packages/airflow/example_dags/example_dag_decorator.py
[2025-06-13T17:09:07.360+0200] {processor.py:743} INFO - Processing file /home/monica.fernandez/practica_creativa/venv-airflow/lib/python3.11/site-packages/airflow/example_dags/example_dag_decorator.py for tasks to queue
[2025-06-13T17:09:07.360+0200] {logging_mixin.py:137} INFO - [2025-06-13T17:09:07.360+0200] {dagbag.py:538} INFO - Filling up the DagBag from /home/monica.fernandez/practica_creativa/venv-airflow/lib/python3.11/site-packages/airflow/example_dags/example_dag_decorator.py
[2025-06-13T17:09:07.380+0200] {logging_mixin.py:137} INFO - [2025-06-13T17:09:07.380+0200] {taskmixin.py:205} WARNING - Dependency <Task(_PythonDecoratedOperator): prepare_email>, send_email already registered for DAG: example_dag_decorator
[2025-06-13T17:09:07.380+0200] {logging_mixin.py:137} INFO - [2025-06-13T17:09:07.380+0200] {taskmixin.py:205} WARNING - Dependency <Task(EmailOperator): send_email>, prepare_email already registered for DAG: example_dag_decorator
[2025-06-13T17:09:07.386+0200] {processor.py:753} INFO - DAG(s) dict_keys(['example_dag_decorator']) retrieved from /home/monica.fernandez/practica_creativa/venv-airflow/lib/python3.11/site-packages/airflow/example_dags/example_dag_decorator.py
[2025-06-13T17:09:07.419+0200] {logging_mixin.py:137} INFO - [2025-06-13T17:09:07.419+0200] {dag.py:2690} INFO - Sync 1 DAGs
[2025-06-13T17:09:07.447+0200] {logging_mixin.py:137} INFO - [2025-06-13T17:09:07.446+0200] {dag.py:3437} INFO - Setting next_dagrun for example_dag_decorator to None, run_after=None
[2025-06-13T17:09:07.529+0200] {processor.py:175} INFO - Processing /home/monica.fernandez/practica_creativa/venv-airflow/lib/python3.11/site-packages/airflow/example_dags/example_dag_decorator.py took 0.172 seconds
[2025-06-13T17:10:15.057+0200] {processor.py:153} INFO - Started process (PID=31705) to work on /home/monica.fernandez/practica_creativa/venv-airflow/lib/python3.11/site-packages/airflow/example_dags/example_dag_decorator.py
[2025-06-13T17:10:15.058+0200] {processor.py:743} INFO - Processing file /home/monica.fernandez/practica_creativa/venv-airflow/lib/python3.11/site-packages/airflow/example_dags/example_dag_decorator.py for tasks to queue
[2025-06-13T17:10:15.059+0200] {logging_mixin.py:137} INFO - [2025-06-13T17:10:15.059+0200] {dagbag.py:538} INFO - Filling up the DagBag from /home/monica.fernandez/practica_creativa/venv-airflow/lib/python3.11/site-packages/airflow/example_dags/example_dag_decorator.py
[2025-06-13T17:10:15.096+0200] {logging_mixin.py:137} INFO - [2025-06-13T17:10:15.095+0200] {taskmixin.py:205} WARNING - Dependency <Task(_PythonDecoratedOperator): prepare_email>, send_email already registered for DAG: example_dag_decorator
[2025-06-13T17:10:15.096+0200] {logging_mixin.py:137} INFO - [2025-06-13T17:10:15.096+0200] {taskmixin.py:205} WARNING - Dependency <Task(EmailOperator): send_email>, prepare_email already registered for DAG: example_dag_decorator
[2025-06-13T17:10:15.115+0200] {processor.py:753} INFO - DAG(s) dict_keys(['example_dag_decorator']) retrieved from /home/monica.fernandez/practica_creativa/venv-airflow/lib/python3.11/site-packages/airflow/example_dags/example_dag_decorator.py
[2025-06-13T17:10:15.162+0200] {logging_mixin.py:137} INFO - [2025-06-13T17:10:15.162+0200] {dag.py:2690} INFO - Sync 1 DAGs
[2025-06-13T17:10:15.227+0200] {logging_mixin.py:137} INFO - [2025-06-13T17:10:15.226+0200] {dag.py:3437} INFO - Setting next_dagrun for example_dag_decorator to None, run_after=None
[2025-06-13T17:10:15.342+0200] {processor.py:175} INFO - Processing /home/monica.fernandez/practica_creativa/venv-airflow/lib/python3.11/site-packages/airflow/example_dags/example_dag_decorator.py took 0.290 seconds
[2025-06-13T17:12:06.928+0200] {processor.py:153} INFO - Started process (PID=32924) to work on /home/monica.fernandez/practica_creativa/venv-airflow/lib/python3.11/site-packages/airflow/example_dags/example_dag_decorator.py
[2025-06-13T17:12:06.929+0200] {processor.py:743} INFO - Processing file /home/monica.fernandez/practica_creativa/venv-airflow/lib/python3.11/site-packages/airflow/example_dags/example_dag_decorator.py for tasks to queue
[2025-06-13T17:12:06.929+0200] {logging_mixin.py:137} INFO - [2025-06-13T17:12:06.929+0200] {dagbag.py:538} INFO - Filling up the DagBag from /home/monica.fernandez/practica_creativa/venv-airflow/lib/python3.11/site-packages/airflow/example_dags/example_dag_decorator.py
[2025-06-13T17:12:06.946+0200] {logging_mixin.py:137} INFO - [2025-06-13T17:12:06.945+0200] {taskmixin.py:205} WARNING - Dependency <Task(_PythonDecoratedOperator): prepare_email>, send_email already registered for DAG: example_dag_decorator
[2025-06-13T17:12:06.946+0200] {logging_mixin.py:137} INFO - [2025-06-13T17:12:06.946+0200] {taskmixin.py:205} WARNING - Dependency <Task(EmailOperator): send_email>, prepare_email already registered for DAG: example_dag_decorator
[2025-06-13T17:12:06.952+0200] {processor.py:753} INFO - DAG(s) dict_keys(['example_dag_decorator']) retrieved from /home/monica.fernandez/practica_creativa/venv-airflow/lib/python3.11/site-packages/airflow/example_dags/example_dag_decorator.py
[2025-06-13T17:12:06.982+0200] {logging_mixin.py:137} INFO - [2025-06-13T17:12:06.981+0200] {dag.py:2690} INFO - Sync 1 DAGs
[2025-06-13T17:12:07.006+0200] {logging_mixin.py:137} INFO - [2025-06-13T17:12:07.006+0200] {dag.py:3437} INFO - Setting next_dagrun for example_dag_decorator to None, run_after=None
[2025-06-13T17:12:07.065+0200] {processor.py:175} INFO - Processing /home/monica.fernandez/practica_creativa/venv-airflow/lib/python3.11/site-packages/airflow/example_dags/example_dag_decorator.py took 0.139 seconds
[2025-06-13T17:13:37.352+0200] {processor.py:153} INFO - Started process (PID=33674) to work on /home/monica.fernandez/practica_creativa/venv-airflow/lib/python3.11/site-packages/airflow/example_dags/example_dag_decorator.py
[2025-06-13T17:13:37.353+0200] {processor.py:743} INFO - Processing file /home/monica.fernandez/practica_creativa/venv-airflow/lib/python3.11/site-packages/airflow/example_dags/example_dag_decorator.py for tasks to queue
[2025-06-13T17:13:37.353+0200] {logging_mixin.py:137} INFO - [2025-06-13T17:13:37.353+0200] {dagbag.py:538} INFO - Filling up the DagBag from /home/monica.fernandez/practica_creativa/venv-airflow/lib/python3.11/site-packages/airflow/example_dags/example_dag_decorator.py
[2025-06-13T17:13:37.397+0200] {logging_mixin.py:137} INFO - [2025-06-13T17:13:37.397+0200] {taskmixin.py:205} WARNING - Dependency <Task(_PythonDecoratedOperator): prepare_email>, send_email already registered for DAG: example_dag_decorator
[2025-06-13T17:13:37.398+0200] {logging_mixin.py:137} INFO - [2025-06-13T17:13:37.398+0200] {taskmixin.py:205} WARNING - Dependency <Task(EmailOperator): send_email>, prepare_email already registered for DAG: example_dag_decorator
[2025-06-13T17:13:37.416+0200] {processor.py:753} INFO - DAG(s) dict_keys(['example_dag_decorator']) retrieved from /home/monica.fernandez/practica_creativa/venv-airflow/lib/python3.11/site-packages/airflow/example_dags/example_dag_decorator.py
[2025-06-13T17:13:37.531+0200] {logging_mixin.py:137} INFO - [2025-06-13T17:13:37.530+0200] {dag.py:2690} INFO - Sync 1 DAGs
[2025-06-13T17:13:37.565+0200] {logging_mixin.py:137} INFO - [2025-06-13T17:13:37.565+0200] {dag.py:3437} INFO - Setting next_dagrun for example_dag_decorator to None, run_after=None
[2025-06-13T17:13:37.660+0200] {processor.py:175} INFO - Processing /home/monica.fernandez/practica_creativa/venv-airflow/lib/python3.11/site-packages/airflow/example_dags/example_dag_decorator.py took 0.312 seconds
[2025-06-13T17:14:32.850+0200] {processor.py:153} INFO - Started process (PID=34136) to work on /home/monica.fernandez/practica_creativa/venv-airflow/lib/python3.11/site-packages/airflow/example_dags/example_dag_decorator.py
[2025-06-13T17:14:32.850+0200] {processor.py:743} INFO - Processing file /home/monica.fernandez/practica_creativa/venv-airflow/lib/python3.11/site-packages/airflow/example_dags/example_dag_decorator.py for tasks to queue
[2025-06-13T17:14:32.851+0200] {logging_mixin.py:137} INFO - [2025-06-13T17:14:32.851+0200] {dagbag.py:538} INFO - Filling up the DagBag from /home/monica.fernandez/practica_creativa/venv-airflow/lib/python3.11/site-packages/airflow/example_dags/example_dag_decorator.py
[2025-06-13T17:14:32.875+0200] {logging_mixin.py:137} INFO - [2025-06-13T17:14:32.875+0200] {taskmixin.py:205} WARNING - Dependency <Task(_PythonDecoratedOperator): prepare_email>, send_email already registered for DAG: example_dag_decorator
[2025-06-13T17:14:32.876+0200] {logging_mixin.py:137} INFO - [2025-06-13T17:14:32.876+0200] {taskmixin.py:205} WARNING - Dependency <Task(EmailOperator): send_email>, prepare_email already registered for DAG: example_dag_decorator
[2025-06-13T17:14:32.896+0200] {processor.py:753} INFO - DAG(s) dict_keys(['example_dag_decorator']) retrieved from /home/monica.fernandez/practica_creativa/venv-airflow/lib/python3.11/site-packages/airflow/example_dags/example_dag_decorator.py
[2025-06-13T17:14:33.030+0200] {logging_mixin.py:137} INFO - [2025-06-13T17:14:33.030+0200] {dag.py:2690} INFO - Sync 1 DAGs
[2025-06-13T17:14:33.096+0200] {logging_mixin.py:137} INFO - [2025-06-13T17:14:33.096+0200] {dag.py:3437} INFO - Setting next_dagrun for example_dag_decorator to None, run_after=None
[2025-06-13T17:14:33.256+0200] {processor.py:175} INFO - Processing /home/monica.fernandez/practica_creativa/venv-airflow/lib/python3.11/site-packages/airflow/example_dags/example_dag_decorator.py took 0.411 seconds
[2025-06-13T17:15:45.152+0200] {processor.py:153} INFO - Started process (PID=34821) to work on /home/monica.fernandez/practica_creativa/venv-airflow/lib/python3.11/site-packages/airflow/example_dags/example_dag_decorator.py
[2025-06-13T17:15:45.154+0200] {processor.py:743} INFO - Processing file /home/monica.fernandez/practica_creativa/venv-airflow/lib/python3.11/site-packages/airflow/example_dags/example_dag_decorator.py for tasks to queue
[2025-06-13T17:15:45.155+0200] {logging_mixin.py:137} INFO - [2025-06-13T17:15:45.155+0200] {dagbag.py:538} INFO - Filling up the DagBag from /home/monica.fernandez/practica_creativa/venv-airflow/lib/python3.11/site-packages/airflow/example_dags/example_dag_decorator.py
[2025-06-13T17:15:45.199+0200] {logging_mixin.py:137} INFO - [2025-06-13T17:15:45.198+0200] {taskmixin.py:205} WARNING - Dependency <Task(_PythonDecoratedOperator): prepare_email>, send_email already registered for DAG: example_dag_decorator
[2025-06-13T17:15:45.200+0200] {logging_mixin.py:137} INFO - [2025-06-13T17:15:45.199+0200] {taskmixin.py:205} WARNING - Dependency <Task(EmailOperator): send_email>, prepare_email already registered for DAG: example_dag_decorator
[2025-06-13T17:15:45.229+0200] {processor.py:753} INFO - DAG(s) dict_keys(['example_dag_decorator']) retrieved from /home/monica.fernandez/practica_creativa/venv-airflow/lib/python3.11/site-packages/airflow/example_dags/example_dag_decorator.py
[2025-06-13T17:15:45.343+0200] {logging_mixin.py:137} INFO - [2025-06-13T17:15:45.343+0200] {dag.py:2690} INFO - Sync 1 DAGs
[2025-06-13T17:15:45.376+0200] {logging_mixin.py:137} INFO - [2025-06-13T17:15:45.376+0200] {dag.py:3437} INFO - Setting next_dagrun for example_dag_decorator to None, run_after=None
[2025-06-13T17:15:45.482+0200] {processor.py:175} INFO - Processing /home/monica.fernandez/practica_creativa/venv-airflow/lib/python3.11/site-packages/airflow/example_dags/example_dag_decorator.py took 0.340 seconds
[2025-06-13T17:16:37.511+0200] {processor.py:153} INFO - Started process (PID=35261) to work on /home/monica.fernandez/practica_creativa/venv-airflow/lib/python3.11/site-packages/airflow/example_dags/example_dag_decorator.py
[2025-06-13T17:16:37.512+0200] {processor.py:743} INFO - Processing file /home/monica.fernandez/practica_creativa/venv-airflow/lib/python3.11/site-packages/airflow/example_dags/example_dag_decorator.py for tasks to queue
[2025-06-13T17:16:37.513+0200] {logging_mixin.py:137} INFO - [2025-06-13T17:16:37.513+0200] {dagbag.py:538} INFO - Filling up the DagBag from /home/monica.fernandez/practica_creativa/venv-airflow/lib/python3.11/site-packages/airflow/example_dags/example_dag_decorator.py
[2025-06-13T17:16:37.564+0200] {logging_mixin.py:137} INFO - [2025-06-13T17:16:37.564+0200] {taskmixin.py:205} WARNING - Dependency <Task(_PythonDecoratedOperator): prepare_email>, send_email already registered for DAG: example_dag_decorator
[2025-06-13T17:16:37.565+0200] {logging_mixin.py:137} INFO - [2025-06-13T17:16:37.565+0200] {taskmixin.py:205} WARNING - Dependency <Task(EmailOperator): send_email>, prepare_email already registered for DAG: example_dag_decorator
[2025-06-13T17:16:37.613+0200] {processor.py:753} INFO - DAG(s) dict_keys(['example_dag_decorator']) retrieved from /home/monica.fernandez/practica_creativa/venv-airflow/lib/python3.11/site-packages/airflow/example_dags/example_dag_decorator.py
[2025-06-13T17:16:37.797+0200] {logging_mixin.py:137} INFO - [2025-06-13T17:16:37.794+0200] {dag.py:2690} INFO - Sync 1 DAGs
[2025-06-13T17:16:37.942+0200] {logging_mixin.py:137} INFO - [2025-06-13T17:16:37.942+0200] {dag.py:3437} INFO - Setting next_dagrun for example_dag_decorator to None, run_after=None
[2025-06-13T17:16:38.220+0200] {processor.py:175} INFO - Processing /home/monica.fernandez/practica_creativa/venv-airflow/lib/python3.11/site-packages/airflow/example_dags/example_dag_decorator.py took 0.716 seconds
[2025-06-13T17:17:35.877+0200] {processor.py:153} INFO - Started process (PID=35836) to work on /home/monica.fernandez/practica_creativa/venv-airflow/lib/python3.11/site-packages/airflow/example_dags/example_dag_decorator.py
[2025-06-13T17:17:35.878+0200] {processor.py:743} INFO - Processing file /home/monica.fernandez/practica_creativa/venv-airflow/lib/python3.11/site-packages/airflow/example_dags/example_dag_decorator.py for tasks to queue
[2025-06-13T17:17:35.879+0200] {logging_mixin.py:137} INFO - [2025-06-13T17:17:35.879+0200] {dagbag.py:538} INFO - Filling up the DagBag from /home/monica.fernandez/practica_creativa/venv-airflow/lib/python3.11/site-packages/airflow/example_dags/example_dag_decorator.py
[2025-06-13T17:17:35.910+0200] {logging_mixin.py:137} INFO - [2025-06-13T17:17:35.910+0200] {taskmixin.py:205} WARNING - Dependency <Task(_PythonDecoratedOperator): prepare_email>, send_email already registered for DAG: example_dag_decorator
[2025-06-13T17:17:35.911+0200] {logging_mixin.py:137} INFO - [2025-06-13T17:17:35.911+0200] {taskmixin.py:205} WARNING - Dependency <Task(EmailOperator): send_email>, prepare_email already registered for DAG: example_dag_decorator
[2025-06-13T17:17:35.927+0200] {processor.py:753} INFO - DAG(s) dict_keys(['example_dag_decorator']) retrieved from /home/monica.fernandez/practica_creativa/venv-airflow/lib/python3.11/site-packages/airflow/example_dags/example_dag_decorator.py
[2025-06-13T17:17:35.996+0200] {logging_mixin.py:137} INFO - [2025-06-13T17:17:35.996+0200] {dag.py:2690} INFO - Sync 1 DAGs
[2025-06-13T17:17:36.022+0200] {logging_mixin.py:137} INFO - [2025-06-13T17:17:36.022+0200] {dag.py:3437} INFO - Setting next_dagrun for example_dag_decorator to None, run_after=None
[2025-06-13T17:17:36.097+0200] {processor.py:175} INFO - Processing /home/monica.fernandez/practica_creativa/venv-airflow/lib/python3.11/site-packages/airflow/example_dags/example_dag_decorator.py took 0.224 seconds
[2025-06-13T17:18:41.554+0200] {processor.py:153} INFO - Started process (PID=36389) to work on /home/monica.fernandez/practica_creativa/venv-airflow/lib/python3.11/site-packages/airflow/example_dags/example_dag_decorator.py
[2025-06-13T17:18:41.555+0200] {processor.py:743} INFO - Processing file /home/monica.fernandez/practica_creativa/venv-airflow/lib/python3.11/site-packages/airflow/example_dags/example_dag_decorator.py for tasks to queue
[2025-06-13T17:18:41.555+0200] {logging_mixin.py:137} INFO - [2025-06-13T17:18:41.555+0200] {dagbag.py:538} INFO - Filling up the DagBag from /home/monica.fernandez/practica_creativa/venv-airflow/lib/python3.11/site-packages/airflow/example_dags/example_dag_decorator.py
[2025-06-13T17:18:41.583+0200] {logging_mixin.py:137} INFO - [2025-06-13T17:18:41.583+0200] {taskmixin.py:205} WARNING - Dependency <Task(_PythonDecoratedOperator): prepare_email>, send_email already registered for DAG: example_dag_decorator
[2025-06-13T17:18:41.583+0200] {logging_mixin.py:137} INFO - [2025-06-13T17:18:41.583+0200] {taskmixin.py:205} WARNING - Dependency <Task(EmailOperator): send_email>, prepare_email already registered for DAG: example_dag_decorator
[2025-06-13T17:18:41.605+0200] {processor.py:753} INFO - DAG(s) dict_keys(['example_dag_decorator']) retrieved from /home/monica.fernandez/practica_creativa/venv-airflow/lib/python3.11/site-packages/airflow/example_dags/example_dag_decorator.py
[2025-06-13T17:18:41.692+0200] {logging_mixin.py:137} INFO - [2025-06-13T17:18:41.692+0200] {dag.py:2690} INFO - Sync 1 DAGs
[2025-06-13T17:18:41.731+0200] {logging_mixin.py:137} INFO - [2025-06-13T17:18:41.731+0200] {dag.py:3437} INFO - Setting next_dagrun for example_dag_decorator to None, run_after=None
[2025-06-13T17:18:41.859+0200] {processor.py:175} INFO - Processing /home/monica.fernandez/practica_creativa/venv-airflow/lib/python3.11/site-packages/airflow/example_dags/example_dag_decorator.py took 0.309 seconds
[2025-06-13T17:19:48.696+0200] {processor.py:153} INFO - Started process (PID=36938) to work on /home/monica.fernandez/practica_creativa/venv-airflow/lib/python3.11/site-packages/airflow/example_dags/example_dag_decorator.py
[2025-06-13T17:19:48.697+0200] {processor.py:743} INFO - Processing file /home/monica.fernandez/practica_creativa/venv-airflow/lib/python3.11/site-packages/airflow/example_dags/example_dag_decorator.py for tasks to queue
[2025-06-13T17:19:48.698+0200] {logging_mixin.py:137} INFO - [2025-06-13T17:19:48.698+0200] {dagbag.py:538} INFO - Filling up the DagBag from /home/monica.fernandez/practica_creativa/venv-airflow/lib/python3.11/site-packages/airflow/example_dags/example_dag_decorator.py
[2025-06-13T17:19:48.729+0200] {logging_mixin.py:137} INFO - [2025-06-13T17:19:48.729+0200] {taskmixin.py:205} WARNING - Dependency <Task(_PythonDecoratedOperator): prepare_email>, send_email already registered for DAG: example_dag_decorator
[2025-06-13T17:19:48.729+0200] {logging_mixin.py:137} INFO - [2025-06-13T17:19:48.729+0200] {taskmixin.py:205} WARNING - Dependency <Task(EmailOperator): send_email>, prepare_email already registered for DAG: example_dag_decorator
[2025-06-13T17:19:48.749+0200] {processor.py:753} INFO - DAG(s) dict_keys(['example_dag_decorator']) retrieved from /home/monica.fernandez/practica_creativa/venv-airflow/lib/python3.11/site-packages/airflow/example_dags/example_dag_decorator.py
[2025-06-13T17:19:48.850+0200] {logging_mixin.py:137} INFO - [2025-06-13T17:19:48.850+0200] {dag.py:2690} INFO - Sync 1 DAGs
[2025-06-13T17:19:48.875+0200] {logging_mixin.py:137} INFO - [2025-06-13T17:19:48.875+0200] {dag.py:3437} INFO - Setting next_dagrun for example_dag_decorator to None, run_after=None
[2025-06-13T17:19:48.950+0200] {processor.py:175} INFO - Processing /home/monica.fernandez/practica_creativa/venv-airflow/lib/python3.11/site-packages/airflow/example_dags/example_dag_decorator.py took 0.258 seconds
[2025-06-13T17:21:26.818+0200] {processor.py:153} INFO - Started process (PID=37994) to work on /home/monica.fernandez/practica_creativa/venv-airflow/lib/python3.11/site-packages/airflow/example_dags/example_dag_decorator.py
[2025-06-13T17:21:26.819+0200] {processor.py:743} INFO - Processing file /home/monica.fernandez/practica_creativa/venv-airflow/lib/python3.11/site-packages/airflow/example_dags/example_dag_decorator.py for tasks to queue
[2025-06-13T17:21:26.820+0200] {logging_mixin.py:137} INFO - [2025-06-13T17:21:26.820+0200] {dagbag.py:538} INFO - Filling up the DagBag from /home/monica.fernandez/practica_creativa/venv-airflow/lib/python3.11/site-packages/airflow/example_dags/example_dag_decorator.py
[2025-06-13T17:21:26.853+0200] {logging_mixin.py:137} INFO - [2025-06-13T17:21:26.853+0200] {taskmixin.py:205} WARNING - Dependency <Task(_PythonDecoratedOperator): prepare_email>, send_email already registered for DAG: example_dag_decorator
[2025-06-13T17:21:26.853+0200] {logging_mixin.py:137} INFO - [2025-06-13T17:21:26.853+0200] {taskmixin.py:205} WARNING - Dependency <Task(EmailOperator): send_email>, prepare_email already registered for DAG: example_dag_decorator
[2025-06-13T17:21:26.877+0200] {processor.py:753} INFO - DAG(s) dict_keys(['example_dag_decorator']) retrieved from /home/monica.fernandez/practica_creativa/venv-airflow/lib/python3.11/site-packages/airflow/example_dags/example_dag_decorator.py
[2025-06-13T17:21:26.964+0200] {logging_mixin.py:137} INFO - [2025-06-13T17:21:26.963+0200] {dag.py:2690} INFO - Sync 1 DAGs
[2025-06-13T17:21:26.997+0200] {logging_mixin.py:137} INFO - [2025-06-13T17:21:26.997+0200] {dag.py:3437} INFO - Setting next_dagrun for example_dag_decorator to None, run_after=None
[2025-06-13T17:21:27.077+0200] {processor.py:175} INFO - Processing /home/monica.fernandez/practica_creativa/venv-airflow/lib/python3.11/site-packages/airflow/example_dags/example_dag_decorator.py took 0.263 seconds
[2025-06-13T17:22:18.499+0200] {processor.py:153} INFO - Started process (PID=38431) to work on /home/monica.fernandez/practica_creativa/venv-airflow/lib/python3.11/site-packages/airflow/example_dags/example_dag_decorator.py
[2025-06-13T17:22:18.501+0200] {processor.py:743} INFO - Processing file /home/monica.fernandez/practica_creativa/venv-airflow/lib/python3.11/site-packages/airflow/example_dags/example_dag_decorator.py for tasks to queue
[2025-06-13T17:22:18.502+0200] {logging_mixin.py:137} INFO - [2025-06-13T17:22:18.502+0200] {dagbag.py:538} INFO - Filling up the DagBag from /home/monica.fernandez/practica_creativa/venv-airflow/lib/python3.11/site-packages/airflow/example_dags/example_dag_decorator.py
[2025-06-13T17:22:18.551+0200] {logging_mixin.py:137} INFO - [2025-06-13T17:22:18.551+0200] {taskmixin.py:205} WARNING - Dependency <Task(_PythonDecoratedOperator): prepare_email>, send_email already registered for DAG: example_dag_decorator
[2025-06-13T17:22:18.551+0200] {logging_mixin.py:137} INFO - [2025-06-13T17:22:18.551+0200] {taskmixin.py:205} WARNING - Dependency <Task(EmailOperator): send_email>, prepare_email already registered for DAG: example_dag_decorator
[2025-06-13T17:22:18.592+0200] {processor.py:753} INFO - DAG(s) dict_keys(['example_dag_decorator']) retrieved from /home/monica.fernandez/practica_creativa/venv-airflow/lib/python3.11/site-packages/airflow/example_dags/example_dag_decorator.py
[2025-06-13T17:22:18.751+0200] {logging_mixin.py:137} INFO - [2025-06-13T17:22:18.751+0200] {dag.py:2690} INFO - Sync 1 DAGs
[2025-06-13T17:22:18.793+0200] {logging_mixin.py:137} INFO - [2025-06-13T17:22:18.793+0200] {dag.py:3437} INFO - Setting next_dagrun for example_dag_decorator to None, run_after=None
[2025-06-13T17:22:18.863+0200] {processor.py:175} INFO - Processing /home/monica.fernandez/practica_creativa/venv-airflow/lib/python3.11/site-packages/airflow/example_dags/example_dag_decorator.py took 0.370 seconds
[2025-06-13T17:23:29.722+0200] {processor.py:153} INFO - Started process (PID=39094) to work on /home/monica.fernandez/practica_creativa/venv-airflow/lib/python3.11/site-packages/airflow/example_dags/example_dag_decorator.py
[2025-06-13T17:23:29.723+0200] {processor.py:743} INFO - Processing file /home/monica.fernandez/practica_creativa/venv-airflow/lib/python3.11/site-packages/airflow/example_dags/example_dag_decorator.py for tasks to queue
[2025-06-13T17:23:29.724+0200] {logging_mixin.py:137} INFO - [2025-06-13T17:23:29.724+0200] {dagbag.py:538} INFO - Filling up the DagBag from /home/monica.fernandez/practica_creativa/venv-airflow/lib/python3.11/site-packages/airflow/example_dags/example_dag_decorator.py
[2025-06-13T17:23:29.765+0200] {logging_mixin.py:137} INFO - [2025-06-13T17:23:29.765+0200] {taskmixin.py:205} WARNING - Dependency <Task(_PythonDecoratedOperator): prepare_email>, send_email already registered for DAG: example_dag_decorator
[2025-06-13T17:23:29.765+0200] {logging_mixin.py:137} INFO - [2025-06-13T17:23:29.765+0200] {taskmixin.py:205} WARNING - Dependency <Task(EmailOperator): send_email>, prepare_email already registered for DAG: example_dag_decorator
[2025-06-13T17:23:29.802+0200] {processor.py:753} INFO - DAG(s) dict_keys(['example_dag_decorator']) retrieved from /home/monica.fernandez/practica_creativa/venv-airflow/lib/python3.11/site-packages/airflow/example_dags/example_dag_decorator.py
[2025-06-13T17:23:29.983+0200] {logging_mixin.py:137} INFO - [2025-06-13T17:23:29.982+0200] {dag.py:2690} INFO - Sync 1 DAGs
[2025-06-13T17:23:30.042+0200] {logging_mixin.py:137} INFO - [2025-06-13T17:23:30.041+0200] {dag.py:3437} INFO - Setting next_dagrun for example_dag_decorator to None, run_after=None
[2025-06-13T17:23:30.152+0200] {processor.py:175} INFO - Processing /home/monica.fernandez/practica_creativa/venv-airflow/lib/python3.11/site-packages/airflow/example_dags/example_dag_decorator.py took 0.446 seconds
[2025-06-13T17:24:24.630+0200] {processor.py:153} INFO - Started process (PID=39874) to work on /home/monica.fernandez/practica_creativa/venv-airflow/lib/python3.11/site-packages/airflow/example_dags/example_dag_decorator.py
[2025-06-13T17:24:24.631+0200] {processor.py:743} INFO - Processing file /home/monica.fernandez/practica_creativa/venv-airflow/lib/python3.11/site-packages/airflow/example_dags/example_dag_decorator.py for tasks to queue
[2025-06-13T17:24:24.631+0200] {logging_mixin.py:137} INFO - [2025-06-13T17:24:24.631+0200] {dagbag.py:538} INFO - Filling up the DagBag from /home/monica.fernandez/practica_creativa/venv-airflow/lib/python3.11/site-packages/airflow/example_dags/example_dag_decorator.py
[2025-06-13T17:24:24.655+0200] {logging_mixin.py:137} INFO - [2025-06-13T17:24:24.655+0200] {taskmixin.py:205} WARNING - Dependency <Task(_PythonDecoratedOperator): prepare_email>, send_email already registered for DAG: example_dag_decorator
[2025-06-13T17:24:24.656+0200] {logging_mixin.py:137} INFO - [2025-06-13T17:24:24.655+0200] {taskmixin.py:205} WARNING - Dependency <Task(EmailOperator): send_email>, prepare_email already registered for DAG: example_dag_decorator
[2025-06-13T17:24:24.672+0200] {processor.py:753} INFO - DAG(s) dict_keys(['example_dag_decorator']) retrieved from /home/monica.fernandez/practica_creativa/venv-airflow/lib/python3.11/site-packages/airflow/example_dags/example_dag_decorator.py
[2025-06-13T17:24:24.749+0200] {logging_mixin.py:137} INFO - [2025-06-13T17:24:24.748+0200] {dag.py:2690} INFO - Sync 1 DAGs
[2025-06-13T17:24:24.776+0200] {logging_mixin.py:137} INFO - [2025-06-13T17:24:24.776+0200] {dag.py:3437} INFO - Setting next_dagrun for example_dag_decorator to None, run_after=None
[2025-06-13T17:24:24.838+0200] {processor.py:175} INFO - Processing /home/monica.fernandez/practica_creativa/venv-airflow/lib/python3.11/site-packages/airflow/example_dags/example_dag_decorator.py took 0.211 seconds
[2025-06-13T17:25:45.378+0200] {processor.py:153} INFO - Started process (PID=40685) to work on /home/monica.fernandez/practica_creativa/venv-airflow/lib/python3.11/site-packages/airflow/example_dags/example_dag_decorator.py
[2025-06-13T17:25:45.378+0200] {processor.py:743} INFO - Processing file /home/monica.fernandez/practica_creativa/venv-airflow/lib/python3.11/site-packages/airflow/example_dags/example_dag_decorator.py for tasks to queue
[2025-06-13T17:25:45.379+0200] {logging_mixin.py:137} INFO - [2025-06-13T17:25:45.379+0200] {dagbag.py:538} INFO - Filling up the DagBag from /home/monica.fernandez/practica_creativa/venv-airflow/lib/python3.11/site-packages/airflow/example_dags/example_dag_decorator.py
[2025-06-13T17:25:45.408+0200] {logging_mixin.py:137} INFO - [2025-06-13T17:25:45.408+0200] {taskmixin.py:205} WARNING - Dependency <Task(_PythonDecoratedOperator): prepare_email>, send_email already registered for DAG: example_dag_decorator
[2025-06-13T17:25:45.409+0200] {logging_mixin.py:137} INFO - [2025-06-13T17:25:45.408+0200] {taskmixin.py:205} WARNING - Dependency <Task(EmailOperator): send_email>, prepare_email already registered for DAG: example_dag_decorator
[2025-06-13T17:25:45.426+0200] {processor.py:753} INFO - DAG(s) dict_keys(['example_dag_decorator']) retrieved from /home/monica.fernandez/practica_creativa/venv-airflow/lib/python3.11/site-packages/airflow/example_dags/example_dag_decorator.py
[2025-06-13T17:25:45.502+0200] {logging_mixin.py:137} INFO - [2025-06-13T17:25:45.502+0200] {dag.py:2690} INFO - Sync 1 DAGs
[2025-06-13T17:25:45.531+0200] {logging_mixin.py:137} INFO - [2025-06-13T17:25:45.531+0200] {dag.py:3437} INFO - Setting next_dagrun for example_dag_decorator to None, run_after=None
[2025-06-13T17:25:45.599+0200] {processor.py:175} INFO - Processing /home/monica.fernandez/practica_creativa/venv-airflow/lib/python3.11/site-packages/airflow/example_dags/example_dag_decorator.py took 0.225 seconds
[2025-06-13T17:27:21.044+0200] {processor.py:153} INFO - Started process (PID=41616) to work on /home/monica.fernandez/practica_creativa/venv-airflow/lib/python3.11/site-packages/airflow/example_dags/example_dag_decorator.py
[2025-06-13T17:27:21.045+0200] {processor.py:743} INFO - Processing file /home/monica.fernandez/practica_creativa/venv-airflow/lib/python3.11/site-packages/airflow/example_dags/example_dag_decorator.py for tasks to queue
[2025-06-13T17:27:21.046+0200] {logging_mixin.py:137} INFO - [2025-06-13T17:27:21.046+0200] {dagbag.py:538} INFO - Filling up the DagBag from /home/monica.fernandez/practica_creativa/venv-airflow/lib/python3.11/site-packages/airflow/example_dags/example_dag_decorator.py
[2025-06-13T17:27:21.076+0200] {logging_mixin.py:137} INFO - [2025-06-13T17:27:21.075+0200] {taskmixin.py:205} WARNING - Dependency <Task(_PythonDecoratedOperator): prepare_email>, send_email already registered for DAG: example_dag_decorator
[2025-06-13T17:27:21.076+0200] {logging_mixin.py:137} INFO - [2025-06-13T17:27:21.076+0200] {taskmixin.py:205} WARNING - Dependency <Task(EmailOperator): send_email>, prepare_email already registered for DAG: example_dag_decorator
[2025-06-13T17:27:21.094+0200] {processor.py:753} INFO - DAG(s) dict_keys(['example_dag_decorator']) retrieved from /home/monica.fernandez/practica_creativa/venv-airflow/lib/python3.11/site-packages/airflow/example_dags/example_dag_decorator.py
[2025-06-13T17:27:21.176+0200] {logging_mixin.py:137} INFO - [2025-06-13T17:27:21.176+0200] {dag.py:2690} INFO - Sync 1 DAGs
[2025-06-13T17:27:21.208+0200] {logging_mixin.py:137} INFO - [2025-06-13T17:27:21.207+0200] {dag.py:3437} INFO - Setting next_dagrun for example_dag_decorator to None, run_after=None
[2025-06-13T17:27:21.283+0200] {processor.py:175} INFO - Processing /home/monica.fernandez/practica_creativa/venv-airflow/lib/python3.11/site-packages/airflow/example_dags/example_dag_decorator.py took 0.243 seconds
[2025-06-13T17:28:26.845+0200] {processor.py:153} INFO - Started process (PID=42207) to work on /home/monica.fernandez/practica_creativa/venv-airflow/lib/python3.11/site-packages/airflow/example_dags/example_dag_decorator.py
[2025-06-13T17:28:26.846+0200] {processor.py:743} INFO - Processing file /home/monica.fernandez/practica_creativa/venv-airflow/lib/python3.11/site-packages/airflow/example_dags/example_dag_decorator.py for tasks to queue
[2025-06-13T17:28:26.847+0200] {logging_mixin.py:137} INFO - [2025-06-13T17:28:26.846+0200] {dagbag.py:538} INFO - Filling up the DagBag from /home/monica.fernandez/practica_creativa/venv-airflow/lib/python3.11/site-packages/airflow/example_dags/example_dag_decorator.py
[2025-06-13T17:28:26.879+0200] {logging_mixin.py:137} INFO - [2025-06-13T17:28:26.879+0200] {taskmixin.py:205} WARNING - Dependency <Task(_PythonDecoratedOperator): prepare_email>, send_email already registered for DAG: example_dag_decorator
[2025-06-13T17:28:26.880+0200] {logging_mixin.py:137} INFO - [2025-06-13T17:28:26.879+0200] {taskmixin.py:205} WARNING - Dependency <Task(EmailOperator): send_email>, prepare_email already registered for DAG: example_dag_decorator
[2025-06-13T17:28:26.901+0200] {processor.py:753} INFO - DAG(s) dict_keys(['example_dag_decorator']) retrieved from /home/monica.fernandez/practica_creativa/venv-airflow/lib/python3.11/site-packages/airflow/example_dags/example_dag_decorator.py
[2025-06-13T17:28:26.941+0200] {logging_mixin.py:137} INFO - [2025-06-13T17:28:26.941+0200] {dag.py:2690} INFO - Sync 1 DAGs
[2025-06-13T17:28:26.980+0200] {logging_mixin.py:137} INFO - [2025-06-13T17:28:26.980+0200] {dag.py:3437} INFO - Setting next_dagrun for example_dag_decorator to None, run_after=None
[2025-06-13T17:28:27.083+0200] {processor.py:175} INFO - Processing /home/monica.fernandez/practica_creativa/venv-airflow/lib/python3.11/site-packages/airflow/example_dags/example_dag_decorator.py took 0.242 seconds
[2025-06-13T17:29:34.754+0200] {processor.py:153} INFO - Started process (PID=42856) to work on /home/monica.fernandez/practica_creativa/venv-airflow/lib/python3.11/site-packages/airflow/example_dags/example_dag_decorator.py
[2025-06-13T17:29:34.755+0200] {processor.py:743} INFO - Processing file /home/monica.fernandez/practica_creativa/venv-airflow/lib/python3.11/site-packages/airflow/example_dags/example_dag_decorator.py for tasks to queue
[2025-06-13T17:29:34.755+0200] {logging_mixin.py:137} INFO - [2025-06-13T17:29:34.755+0200] {dagbag.py:538} INFO - Filling up the DagBag from /home/monica.fernandez/practica_creativa/venv-airflow/lib/python3.11/site-packages/airflow/example_dags/example_dag_decorator.py
[2025-06-13T17:29:34.779+0200] {logging_mixin.py:137} INFO - [2025-06-13T17:29:34.779+0200] {taskmixin.py:205} WARNING - Dependency <Task(_PythonDecoratedOperator): prepare_email>, send_email already registered for DAG: example_dag_decorator
[2025-06-13T17:29:34.779+0200] {logging_mixin.py:137} INFO - [2025-06-13T17:29:34.779+0200] {taskmixin.py:205} WARNING - Dependency <Task(EmailOperator): send_email>, prepare_email already registered for DAG: example_dag_decorator
[2025-06-13T17:29:34.793+0200] {processor.py:753} INFO - DAG(s) dict_keys(['example_dag_decorator']) retrieved from /home/monica.fernandez/practica_creativa/venv-airflow/lib/python3.11/site-packages/airflow/example_dags/example_dag_decorator.py
[2025-06-13T17:29:34.858+0200] {logging_mixin.py:137} INFO - [2025-06-13T17:29:34.858+0200] {dag.py:2690} INFO - Sync 1 DAGs
[2025-06-13T17:29:34.884+0200] {logging_mixin.py:137} INFO - [2025-06-13T17:29:34.883+0200] {dag.py:3437} INFO - Setting next_dagrun for example_dag_decorator to None, run_after=None
[2025-06-13T17:29:34.946+0200] {processor.py:175} INFO - Processing /home/monica.fernandez/practica_creativa/venv-airflow/lib/python3.11/site-packages/airflow/example_dags/example_dag_decorator.py took 0.195 seconds
[2025-06-13T17:31:03.767+0200] {processor.py:153} INFO - Started process (PID=43848) to work on /home/monica.fernandez/practica_creativa/venv-airflow/lib/python3.11/site-packages/airflow/example_dags/example_dag_decorator.py
[2025-06-13T17:31:03.768+0200] {processor.py:743} INFO - Processing file /home/monica.fernandez/practica_creativa/venv-airflow/lib/python3.11/site-packages/airflow/example_dags/example_dag_decorator.py for tasks to queue
[2025-06-13T17:31:03.768+0200] {logging_mixin.py:137} INFO - [2025-06-13T17:31:03.768+0200] {dagbag.py:538} INFO - Filling up the DagBag from /home/monica.fernandez/practica_creativa/venv-airflow/lib/python3.11/site-packages/airflow/example_dags/example_dag_decorator.py
[2025-06-13T17:31:03.793+0200] {logging_mixin.py:137} INFO - [2025-06-13T17:31:03.793+0200] {taskmixin.py:205} WARNING - Dependency <Task(_PythonDecoratedOperator): prepare_email>, send_email already registered for DAG: example_dag_decorator
[2025-06-13T17:31:03.793+0200] {logging_mixin.py:137} INFO - [2025-06-13T17:31:03.793+0200] {taskmixin.py:205} WARNING - Dependency <Task(EmailOperator): send_email>, prepare_email already registered for DAG: example_dag_decorator
[2025-06-13T17:31:03.807+0200] {processor.py:753} INFO - DAG(s) dict_keys(['example_dag_decorator']) retrieved from /home/monica.fernandez/practica_creativa/venv-airflow/lib/python3.11/site-packages/airflow/example_dags/example_dag_decorator.py
[2025-06-13T17:31:03.873+0200] {logging_mixin.py:137} INFO - [2025-06-13T17:31:03.872+0200] {dag.py:2690} INFO - Sync 1 DAGs
[2025-06-13T17:31:03.899+0200] {logging_mixin.py:137} INFO - [2025-06-13T17:31:03.899+0200] {dag.py:3437} INFO - Setting next_dagrun for example_dag_decorator to None, run_after=None
[2025-06-13T17:31:03.960+0200] {processor.py:175} INFO - Processing /home/monica.fernandez/practica_creativa/venv-airflow/lib/python3.11/site-packages/airflow/example_dags/example_dag_decorator.py took 0.196 seconds
[2025-06-13T17:32:21.476+0200] {processor.py:153} INFO - Started process (PID=44630) to work on /home/monica.fernandez/practica_creativa/venv-airflow/lib/python3.11/site-packages/airflow/example_dags/example_dag_decorator.py
[2025-06-13T17:32:21.476+0200] {processor.py:743} INFO - Processing file /home/monica.fernandez/practica_creativa/venv-airflow/lib/python3.11/site-packages/airflow/example_dags/example_dag_decorator.py for tasks to queue
[2025-06-13T17:32:21.477+0200] {logging_mixin.py:137} INFO - [2025-06-13T17:32:21.477+0200] {dagbag.py:538} INFO - Filling up the DagBag from /home/monica.fernandez/practica_creativa/venv-airflow/lib/python3.11/site-packages/airflow/example_dags/example_dag_decorator.py
[2025-06-13T17:32:21.500+0200] {logging_mixin.py:137} INFO - [2025-06-13T17:32:21.500+0200] {taskmixin.py:205} WARNING - Dependency <Task(_PythonDecoratedOperator): prepare_email>, send_email already registered for DAG: example_dag_decorator
[2025-06-13T17:32:21.501+0200] {logging_mixin.py:137} INFO - [2025-06-13T17:32:21.501+0200] {taskmixin.py:205} WARNING - Dependency <Task(EmailOperator): send_email>, prepare_email already registered for DAG: example_dag_decorator
[2025-06-13T17:32:21.518+0200] {processor.py:753} INFO - DAG(s) dict_keys(['example_dag_decorator']) retrieved from /home/monica.fernandez/practica_creativa/venv-airflow/lib/python3.11/site-packages/airflow/example_dags/example_dag_decorator.py
[2025-06-13T17:32:21.597+0200] {logging_mixin.py:137} INFO - [2025-06-13T17:32:21.597+0200] {dag.py:2690} INFO - Sync 1 DAGs
[2025-06-13T17:32:21.627+0200] {logging_mixin.py:137} INFO - [2025-06-13T17:32:21.627+0200] {dag.py:3437} INFO - Setting next_dagrun for example_dag_decorator to None, run_after=None
[2025-06-13T17:32:21.691+0200] {processor.py:175} INFO - Processing /home/monica.fernandez/practica_creativa/venv-airflow/lib/python3.11/site-packages/airflow/example_dags/example_dag_decorator.py took 0.219 seconds
[2025-06-13T17:33:28.905+0200] {processor.py:153} INFO - Started process (PID=45219) to work on /home/monica.fernandez/practica_creativa/venv-airflow/lib/python3.11/site-packages/airflow/example_dags/example_dag_decorator.py
[2025-06-13T17:33:28.907+0200] {processor.py:743} INFO - Processing file /home/monica.fernandez/practica_creativa/venv-airflow/lib/python3.11/site-packages/airflow/example_dags/example_dag_decorator.py for tasks to queue
[2025-06-13T17:33:28.907+0200] {logging_mixin.py:137} INFO - [2025-06-13T17:33:28.907+0200] {dagbag.py:538} INFO - Filling up the DagBag from /home/monica.fernandez/practica_creativa/venv-airflow/lib/python3.11/site-packages/airflow/example_dags/example_dag_decorator.py
[2025-06-13T17:33:28.938+0200] {logging_mixin.py:137} INFO - [2025-06-13T17:33:28.938+0200] {taskmixin.py:205} WARNING - Dependency <Task(_PythonDecoratedOperator): prepare_email>, send_email already registered for DAG: example_dag_decorator
[2025-06-13T17:33:28.939+0200] {logging_mixin.py:137} INFO - [2025-06-13T17:33:28.939+0200] {taskmixin.py:205} WARNING - Dependency <Task(EmailOperator): send_email>, prepare_email already registered for DAG: example_dag_decorator
[2025-06-13T17:33:28.961+0200] {processor.py:753} INFO - DAG(s) dict_keys(['example_dag_decorator']) retrieved from /home/monica.fernandez/practica_creativa/venv-airflow/lib/python3.11/site-packages/airflow/example_dags/example_dag_decorator.py
[2025-06-13T17:33:29.048+0200] {logging_mixin.py:137} INFO - [2025-06-13T17:33:29.048+0200] {dag.py:2690} INFO - Sync 1 DAGs
[2025-06-13T17:33:29.079+0200] {logging_mixin.py:137} INFO - [2025-06-13T17:33:29.079+0200] {dag.py:3437} INFO - Setting next_dagrun for example_dag_decorator to None, run_after=None
[2025-06-13T17:33:29.157+0200] {processor.py:175} INFO - Processing /home/monica.fernandez/practica_creativa/venv-airflow/lib/python3.11/site-packages/airflow/example_dags/example_dag_decorator.py took 0.256 seconds
[2025-06-13T17:34:28.727+0200] {processor.py:153} INFO - Started process (PID=45751) to work on /home/monica.fernandez/practica_creativa/venv-airflow/lib/python3.11/site-packages/airflow/example_dags/example_dag_decorator.py
[2025-06-13T17:34:28.732+0200] {processor.py:743} INFO - Processing file /home/monica.fernandez/practica_creativa/venv-airflow/lib/python3.11/site-packages/airflow/example_dags/example_dag_decorator.py for tasks to queue
[2025-06-13T17:34:28.735+0200] {logging_mixin.py:137} INFO - [2025-06-13T17:34:28.733+0200] {dagbag.py:538} INFO - Filling up the DagBag from /home/monica.fernandez/practica_creativa/venv-airflow/lib/python3.11/site-packages/airflow/example_dags/example_dag_decorator.py
[2025-06-13T17:34:28.782+0200] {logging_mixin.py:137} INFO - [2025-06-13T17:34:28.782+0200] {taskmixin.py:205} WARNING - Dependency <Task(_PythonDecoratedOperator): prepare_email>, send_email already registered for DAG: example_dag_decorator
[2025-06-13T17:34:28.782+0200] {logging_mixin.py:137} INFO - [2025-06-13T17:34:28.782+0200] {taskmixin.py:205} WARNING - Dependency <Task(EmailOperator): send_email>, prepare_email already registered for DAG: example_dag_decorator
[2025-06-13T17:34:28.798+0200] {processor.py:753} INFO - DAG(s) dict_keys(['example_dag_decorator']) retrieved from /home/monica.fernandez/practica_creativa/venv-airflow/lib/python3.11/site-packages/airflow/example_dags/example_dag_decorator.py
[2025-06-13T17:34:28.867+0200] {logging_mixin.py:137} INFO - [2025-06-13T17:34:28.867+0200] {dag.py:2690} INFO - Sync 1 DAGs
[2025-06-13T17:34:28.893+0200] {logging_mixin.py:137} INFO - [2025-06-13T17:34:28.893+0200] {dag.py:3437} INFO - Setting next_dagrun for example_dag_decorator to None, run_after=None
[2025-06-13T17:34:28.954+0200] {processor.py:175} INFO - Processing /home/monica.fernandez/practica_creativa/venv-airflow/lib/python3.11/site-packages/airflow/example_dags/example_dag_decorator.py took 0.235 seconds
[2025-06-13T17:35:27.713+0200] {processor.py:153} INFO - Started process (PID=46352) to work on /home/monica.fernandez/practica_creativa/venv-airflow/lib/python3.11/site-packages/airflow/example_dags/example_dag_decorator.py
[2025-06-13T17:35:27.713+0200] {processor.py:743} INFO - Processing file /home/monica.fernandez/practica_creativa/venv-airflow/lib/python3.11/site-packages/airflow/example_dags/example_dag_decorator.py for tasks to queue
[2025-06-13T17:35:27.714+0200] {logging_mixin.py:137} INFO - [2025-06-13T17:35:27.714+0200] {dagbag.py:538} INFO - Filling up the DagBag from /home/monica.fernandez/practica_creativa/venv-airflow/lib/python3.11/site-packages/airflow/example_dags/example_dag_decorator.py
[2025-06-13T17:35:27.735+0200] {logging_mixin.py:137} INFO - [2025-06-13T17:35:27.735+0200] {taskmixin.py:205} WARNING - Dependency <Task(_PythonDecoratedOperator): prepare_email>, send_email already registered for DAG: example_dag_decorator
[2025-06-13T17:35:27.735+0200] {logging_mixin.py:137} INFO - [2025-06-13T17:35:27.735+0200] {taskmixin.py:205} WARNING - Dependency <Task(EmailOperator): send_email>, prepare_email already registered for DAG: example_dag_decorator
[2025-06-13T17:35:27.749+0200] {processor.py:753} INFO - DAG(s) dict_keys(['example_dag_decorator']) retrieved from /home/monica.fernandez/practica_creativa/venv-airflow/lib/python3.11/site-packages/airflow/example_dags/example_dag_decorator.py
[2025-06-13T17:35:27.815+0200] {logging_mixin.py:137} INFO - [2025-06-13T17:35:27.814+0200] {dag.py:2690} INFO - Sync 1 DAGs
[2025-06-13T17:35:27.841+0200] {logging_mixin.py:137} INFO - [2025-06-13T17:35:27.841+0200] {dag.py:3437} INFO - Setting next_dagrun for example_dag_decorator to None, run_after=None
[2025-06-13T17:35:27.905+0200] {processor.py:175} INFO - Processing /home/monica.fernandez/practica_creativa/venv-airflow/lib/python3.11/site-packages/airflow/example_dags/example_dag_decorator.py took 0.196 seconds
[2025-06-13T17:37:24.104+0200] {processor.py:153} INFO - Started process (PID=47490) to work on /home/monica.fernandez/practica_creativa/venv-airflow/lib/python3.11/site-packages/airflow/example_dags/example_dag_decorator.py
[2025-06-13T17:37:24.104+0200] {processor.py:743} INFO - Processing file /home/monica.fernandez/practica_creativa/venv-airflow/lib/python3.11/site-packages/airflow/example_dags/example_dag_decorator.py for tasks to queue
[2025-06-13T17:37:24.106+0200] {logging_mixin.py:137} INFO - [2025-06-13T17:37:24.105+0200] {dagbag.py:538} INFO - Filling up the DagBag from /home/monica.fernandez/practica_creativa/venv-airflow/lib/python3.11/site-packages/airflow/example_dags/example_dag_decorator.py
[2025-06-13T17:37:24.140+0200] {logging_mixin.py:137} INFO - [2025-06-13T17:37:24.140+0200] {taskmixin.py:205} WARNING - Dependency <Task(_PythonDecoratedOperator): prepare_email>, send_email already registered for DAG: example_dag_decorator
[2025-06-13T17:37:24.140+0200] {logging_mixin.py:137} INFO - [2025-06-13T17:37:24.140+0200] {taskmixin.py:205} WARNING - Dependency <Task(EmailOperator): send_email>, prepare_email already registered for DAG: example_dag_decorator
[2025-06-13T17:37:24.175+0200] {processor.py:753} INFO - DAG(s) dict_keys(['example_dag_decorator']) retrieved from /home/monica.fernandez/practica_creativa/venv-airflow/lib/python3.11/site-packages/airflow/example_dags/example_dag_decorator.py
[2025-06-13T17:37:24.313+0200] {logging_mixin.py:137} INFO - [2025-06-13T17:37:24.312+0200] {dag.py:2690} INFO - Sync 1 DAGs
[2025-06-13T17:37:24.390+0200] {logging_mixin.py:137} INFO - [2025-06-13T17:37:24.390+0200] {dag.py:3437} INFO - Setting next_dagrun for example_dag_decorator to None, run_after=None
[2025-06-13T17:37:24.535+0200] {processor.py:175} INFO - Processing /home/monica.fernandez/practica_creativa/venv-airflow/lib/python3.11/site-packages/airflow/example_dags/example_dag_decorator.py took 0.435 seconds
[2025-06-13T17:38:25.471+0200] {processor.py:153} INFO - Started process (PID=48020) to work on /home/monica.fernandez/practica_creativa/venv-airflow/lib/python3.11/site-packages/airflow/example_dags/example_dag_decorator.py
[2025-06-13T17:38:25.472+0200] {processor.py:743} INFO - Processing file /home/monica.fernandez/practica_creativa/venv-airflow/lib/python3.11/site-packages/airflow/example_dags/example_dag_decorator.py for tasks to queue
[2025-06-13T17:38:25.473+0200] {logging_mixin.py:137} INFO - [2025-06-13T17:38:25.473+0200] {dagbag.py:538} INFO - Filling up the DagBag from /home/monica.fernandez/practica_creativa/venv-airflow/lib/python3.11/site-packages/airflow/example_dags/example_dag_decorator.py
[2025-06-13T17:38:25.500+0200] {logging_mixin.py:137} INFO - [2025-06-13T17:38:25.500+0200] {taskmixin.py:205} WARNING - Dependency <Task(_PythonDecoratedOperator): prepare_email>, send_email already registered for DAG: example_dag_decorator
[2025-06-13T17:38:25.500+0200] {logging_mixin.py:137} INFO - [2025-06-13T17:38:25.500+0200] {taskmixin.py:205} WARNING - Dependency <Task(EmailOperator): send_email>, prepare_email already registered for DAG: example_dag_decorator
[2025-06-13T17:38:25.520+0200] {processor.py:753} INFO - DAG(s) dict_keys(['example_dag_decorator']) retrieved from /home/monica.fernandez/practica_creativa/venv-airflow/lib/python3.11/site-packages/airflow/example_dags/example_dag_decorator.py
[2025-06-13T17:38:25.603+0200] {logging_mixin.py:137} INFO - [2025-06-13T17:38:25.603+0200] {dag.py:2690} INFO - Sync 1 DAGs
[2025-06-13T17:38:25.634+0200] {logging_mixin.py:137} INFO - [2025-06-13T17:38:25.634+0200] {dag.py:3437} INFO - Setting next_dagrun for example_dag_decorator to None, run_after=None
[2025-06-13T17:38:25.703+0200] {processor.py:175} INFO - Processing /home/monica.fernandez/practica_creativa/venv-airflow/lib/python3.11/site-packages/airflow/example_dags/example_dag_decorator.py took 0.236 seconds
[2025-06-13T17:39:19.130+0200] {processor.py:153} INFO - Started process (PID=48503) to work on /home/monica.fernandez/practica_creativa/venv-airflow/lib/python3.11/site-packages/airflow/example_dags/example_dag_decorator.py
[2025-06-13T17:39:19.131+0200] {processor.py:743} INFO - Processing file /home/monica.fernandez/practica_creativa/venv-airflow/lib/python3.11/site-packages/airflow/example_dags/example_dag_decorator.py for tasks to queue
[2025-06-13T17:39:19.131+0200] {logging_mixin.py:137} INFO - [2025-06-13T17:39:19.131+0200] {dagbag.py:538} INFO - Filling up the DagBag from /home/monica.fernandez/practica_creativa/venv-airflow/lib/python3.11/site-packages/airflow/example_dags/example_dag_decorator.py
[2025-06-13T17:39:19.160+0200] {logging_mixin.py:137} INFO - [2025-06-13T17:39:19.160+0200] {taskmixin.py:205} WARNING - Dependency <Task(_PythonDecoratedOperator): prepare_email>, send_email already registered for DAG: example_dag_decorator
[2025-06-13T17:39:19.161+0200] {logging_mixin.py:137} INFO - [2025-06-13T17:39:19.161+0200] {taskmixin.py:205} WARNING - Dependency <Task(EmailOperator): send_email>, prepare_email already registered for DAG: example_dag_decorator
[2025-06-13T17:39:19.180+0200] {processor.py:753} INFO - DAG(s) dict_keys(['example_dag_decorator']) retrieved from /home/monica.fernandez/practica_creativa/venv-airflow/lib/python3.11/site-packages/airflow/example_dags/example_dag_decorator.py
[2025-06-13T17:39:19.265+0200] {logging_mixin.py:137} INFO - [2025-06-13T17:39:19.264+0200] {dag.py:2690} INFO - Sync 1 DAGs
[2025-06-13T17:39:19.295+0200] {logging_mixin.py:137} INFO - [2025-06-13T17:39:19.295+0200] {dag.py:3437} INFO - Setting next_dagrun for example_dag_decorator to None, run_after=None
[2025-06-13T17:39:19.366+0200] {processor.py:175} INFO - Processing /home/monica.fernandez/practica_creativa/venv-airflow/lib/python3.11/site-packages/airflow/example_dags/example_dag_decorator.py took 0.240 seconds
[2025-06-13T17:40:13.570+0200] {processor.py:153} INFO - Started process (PID=49003) to work on /home/monica.fernandez/practica_creativa/venv-airflow/lib/python3.11/site-packages/airflow/example_dags/example_dag_decorator.py
[2025-06-13T17:40:13.571+0200] {processor.py:743} INFO - Processing file /home/monica.fernandez/practica_creativa/venv-airflow/lib/python3.11/site-packages/airflow/example_dags/example_dag_decorator.py for tasks to queue
[2025-06-13T17:40:13.571+0200] {logging_mixin.py:137} INFO - [2025-06-13T17:40:13.571+0200] {dagbag.py:538} INFO - Filling up the DagBag from /home/monica.fernandez/practica_creativa/venv-airflow/lib/python3.11/site-packages/airflow/example_dags/example_dag_decorator.py
[2025-06-13T17:40:13.589+0200] {logging_mixin.py:137} INFO - [2025-06-13T17:40:13.589+0200] {taskmixin.py:205} WARNING - Dependency <Task(_PythonDecoratedOperator): prepare_email>, send_email already registered for DAG: example_dag_decorator
[2025-06-13T17:40:13.589+0200] {logging_mixin.py:137} INFO - [2025-06-13T17:40:13.589+0200] {taskmixin.py:205} WARNING - Dependency <Task(EmailOperator): send_email>, prepare_email already registered for DAG: example_dag_decorator
[2025-06-13T17:40:13.602+0200] {processor.py:753} INFO - DAG(s) dict_keys(['example_dag_decorator']) retrieved from /home/monica.fernandez/practica_creativa/venv-airflow/lib/python3.11/site-packages/airflow/example_dags/example_dag_decorator.py
[2025-06-13T17:40:13.660+0200] {logging_mixin.py:137} INFO - [2025-06-13T17:40:13.660+0200] {dag.py:2690} INFO - Sync 1 DAGs
[2025-06-13T17:40:13.683+0200] {logging_mixin.py:137} INFO - [2025-06-13T17:40:13.683+0200] {dag.py:3437} INFO - Setting next_dagrun for example_dag_decorator to None, run_after=None
[2025-06-13T17:40:13.841+0200] {processor.py:175} INFO - Processing /home/monica.fernandez/practica_creativa/venv-airflow/lib/python3.11/site-packages/airflow/example_dags/example_dag_decorator.py took 0.274 seconds
[2025-06-13T17:41:09.939+0200] {processor.py:153} INFO - Started process (PID=49503) to work on /home/monica.fernandez/practica_creativa/venv-airflow/lib/python3.11/site-packages/airflow/example_dags/example_dag_decorator.py
[2025-06-13T17:41:09.939+0200] {processor.py:743} INFO - Processing file /home/monica.fernandez/practica_creativa/venv-airflow/lib/python3.11/site-packages/airflow/example_dags/example_dag_decorator.py for tasks to queue
[2025-06-13T17:41:09.940+0200] {logging_mixin.py:137} INFO - [2025-06-13T17:41:09.940+0200] {dagbag.py:538} INFO - Filling up the DagBag from /home/monica.fernandez/practica_creativa/venv-airflow/lib/python3.11/site-packages/airflow/example_dags/example_dag_decorator.py
[2025-06-13T17:41:09.960+0200] {logging_mixin.py:137} INFO - [2025-06-13T17:41:09.960+0200] {taskmixin.py:205} WARNING - Dependency <Task(_PythonDecoratedOperator): prepare_email>, send_email already registered for DAG: example_dag_decorator
[2025-06-13T17:41:09.960+0200] {logging_mixin.py:137} INFO - [2025-06-13T17:41:09.960+0200] {taskmixin.py:205} WARNING - Dependency <Task(EmailOperator): send_email>, prepare_email already registered for DAG: example_dag_decorator
[2025-06-13T17:41:09.972+0200] {processor.py:753} INFO - DAG(s) dict_keys(['example_dag_decorator']) retrieved from /home/monica.fernandez/practica_creativa/venv-airflow/lib/python3.11/site-packages/airflow/example_dags/example_dag_decorator.py
[2025-06-13T17:41:10.069+0200] {logging_mixin.py:137} INFO - [2025-06-13T17:41:10.069+0200] {dag.py:2690} INFO - Sync 1 DAGs
[2025-06-13T17:41:10.217+0200] {logging_mixin.py:137} INFO - [2025-06-13T17:41:10.217+0200] {dag.py:3437} INFO - Setting next_dagrun for example_dag_decorator to None, run_after=None
[2025-06-13T17:41:10.287+0200] {processor.py:175} INFO - Processing /home/monica.fernandez/practica_creativa/venv-airflow/lib/python3.11/site-packages/airflow/example_dags/example_dag_decorator.py took 0.352 seconds
[2025-06-13T17:42:02.366+0200] {processor.py:153} INFO - Started process (PID=49975) to work on /home/monica.fernandez/practica_creativa/venv-airflow/lib/python3.11/site-packages/airflow/example_dags/example_dag_decorator.py
[2025-06-13T17:42:02.367+0200] {processor.py:743} INFO - Processing file /home/monica.fernandez/practica_creativa/venv-airflow/lib/python3.11/site-packages/airflow/example_dags/example_dag_decorator.py for tasks to queue
[2025-06-13T17:42:02.368+0200] {logging_mixin.py:137} INFO - [2025-06-13T17:42:02.367+0200] {dagbag.py:538} INFO - Filling up the DagBag from /home/monica.fernandez/practica_creativa/venv-airflow/lib/python3.11/site-packages/airflow/example_dags/example_dag_decorator.py
[2025-06-13T17:42:02.399+0200] {logging_mixin.py:137} INFO - [2025-06-13T17:42:02.399+0200] {taskmixin.py:205} WARNING - Dependency <Task(_PythonDecoratedOperator): prepare_email>, send_email already registered for DAG: example_dag_decorator
[2025-06-13T17:42:02.400+0200] {logging_mixin.py:137} INFO - [2025-06-13T17:42:02.400+0200] {taskmixin.py:205} WARNING - Dependency <Task(EmailOperator): send_email>, prepare_email already registered for DAG: example_dag_decorator
[2025-06-13T17:42:02.415+0200] {processor.py:753} INFO - DAG(s) dict_keys(['example_dag_decorator']) retrieved from /home/monica.fernandez/practica_creativa/venv-airflow/lib/python3.11/site-packages/airflow/example_dags/example_dag_decorator.py
[2025-06-13T17:42:02.488+0200] {logging_mixin.py:137} INFO - [2025-06-13T17:42:02.488+0200] {dag.py:2690} INFO - Sync 1 DAGs
[2025-06-13T17:42:02.621+0200] {logging_mixin.py:137} INFO - [2025-06-13T17:42:02.621+0200] {dag.py:3437} INFO - Setting next_dagrun for example_dag_decorator to None, run_after=None
[2025-06-13T17:42:02.676+0200] {processor.py:175} INFO - Processing /home/monica.fernandez/practica_creativa/venv-airflow/lib/python3.11/site-packages/airflow/example_dags/example_dag_decorator.py took 0.315 seconds
[2025-06-13T17:42:54.060+0200] {processor.py:153} INFO - Started process (PID=50404) to work on /home/monica.fernandez/practica_creativa/venv-airflow/lib/python3.11/site-packages/airflow/example_dags/example_dag_decorator.py
[2025-06-13T17:42:54.061+0200] {processor.py:743} INFO - Processing file /home/monica.fernandez/practica_creativa/venv-airflow/lib/python3.11/site-packages/airflow/example_dags/example_dag_decorator.py for tasks to queue
[2025-06-13T17:42:54.062+0200] {logging_mixin.py:137} INFO - [2025-06-13T17:42:54.061+0200] {dagbag.py:538} INFO - Filling up the DagBag from /home/monica.fernandez/practica_creativa/venv-airflow/lib/python3.11/site-packages/airflow/example_dags/example_dag_decorator.py
[2025-06-13T17:42:54.095+0200] {logging_mixin.py:137} INFO - [2025-06-13T17:42:54.095+0200] {taskmixin.py:205} WARNING - Dependency <Task(_PythonDecoratedOperator): prepare_email>, send_email already registered for DAG: example_dag_decorator
[2025-06-13T17:42:54.096+0200] {logging_mixin.py:137} INFO - [2025-06-13T17:42:54.096+0200] {taskmixin.py:205} WARNING - Dependency <Task(EmailOperator): send_email>, prepare_email already registered for DAG: example_dag_decorator
[2025-06-13T17:42:54.109+0200] {processor.py:753} INFO - DAG(s) dict_keys(['example_dag_decorator']) retrieved from /home/monica.fernandez/practica_creativa/venv-airflow/lib/python3.11/site-packages/airflow/example_dags/example_dag_decorator.py
[2025-06-13T17:42:54.269+0200] {logging_mixin.py:137} INFO - [2025-06-13T17:42:54.269+0200] {dag.py:2690} INFO - Sync 1 DAGs
[2025-06-13T17:42:54.292+0200] {logging_mixin.py:137} INFO - [2025-06-13T17:42:54.291+0200] {dag.py:3437} INFO - Setting next_dagrun for example_dag_decorator to None, run_after=None
[2025-06-13T17:42:54.351+0200] {processor.py:175} INFO - Processing /home/monica.fernandez/practica_creativa/venv-airflow/lib/python3.11/site-packages/airflow/example_dags/example_dag_decorator.py took 0.296 seconds
[2025-06-13T17:43:49.624+0200] {processor.py:153} INFO - Started process (PID=50896) to work on /home/monica.fernandez/practica_creativa/venv-airflow/lib/python3.11/site-packages/airflow/example_dags/example_dag_decorator.py
[2025-06-13T17:43:49.625+0200] {processor.py:743} INFO - Processing file /home/monica.fernandez/practica_creativa/venv-airflow/lib/python3.11/site-packages/airflow/example_dags/example_dag_decorator.py for tasks to queue
[2025-06-13T17:43:49.625+0200] {logging_mixin.py:137} INFO - [2025-06-13T17:43:49.625+0200] {dagbag.py:538} INFO - Filling up the DagBag from /home/monica.fernandez/practica_creativa/venv-airflow/lib/python3.11/site-packages/airflow/example_dags/example_dag_decorator.py
[2025-06-13T17:43:49.657+0200] {logging_mixin.py:137} INFO - [2025-06-13T17:43:49.656+0200] {taskmixin.py:205} WARNING - Dependency <Task(_PythonDecoratedOperator): prepare_email>, send_email already registered for DAG: example_dag_decorator
[2025-06-13T17:43:49.657+0200] {logging_mixin.py:137} INFO - [2025-06-13T17:43:49.657+0200] {taskmixin.py:205} WARNING - Dependency <Task(EmailOperator): send_email>, prepare_email already registered for DAG: example_dag_decorator
[2025-06-13T17:43:49.679+0200] {processor.py:753} INFO - DAG(s) dict_keys(['example_dag_decorator']) retrieved from /home/monica.fernandez/practica_creativa/venv-airflow/lib/python3.11/site-packages/airflow/example_dags/example_dag_decorator.py
[2025-06-13T17:43:49.877+0200] {logging_mixin.py:137} INFO - [2025-06-13T17:43:49.877+0200] {dag.py:2690} INFO - Sync 1 DAGs
[2025-06-13T17:43:49.900+0200] {logging_mixin.py:137} INFO - [2025-06-13T17:43:49.900+0200] {dag.py:3437} INFO - Setting next_dagrun for example_dag_decorator to None, run_after=None
[2025-06-13T17:43:49.953+0200] {processor.py:175} INFO - Processing /home/monica.fernandez/practica_creativa/venv-airflow/lib/python3.11/site-packages/airflow/example_dags/example_dag_decorator.py took 0.334 seconds
[2025-06-13T17:44:58.813+0200] {processor.py:153} INFO - Started process (PID=51797) to work on /home/monica.fernandez/practica_creativa/venv-airflow/lib/python3.11/site-packages/airflow/example_dags/example_dag_decorator.py
[2025-06-13T17:44:58.813+0200] {processor.py:743} INFO - Processing file /home/monica.fernandez/practica_creativa/venv-airflow/lib/python3.11/site-packages/airflow/example_dags/example_dag_decorator.py for tasks to queue
[2025-06-13T17:44:58.814+0200] {logging_mixin.py:137} INFO - [2025-06-13T17:44:58.814+0200] {dagbag.py:538} INFO - Filling up the DagBag from /home/monica.fernandez/practica_creativa/venv-airflow/lib/python3.11/site-packages/airflow/example_dags/example_dag_decorator.py
[2025-06-13T17:44:58.834+0200] {logging_mixin.py:137} INFO - [2025-06-13T17:44:58.834+0200] {taskmixin.py:205} WARNING - Dependency <Task(_PythonDecoratedOperator): prepare_email>, send_email already registered for DAG: example_dag_decorator
[2025-06-13T17:44:58.834+0200] {logging_mixin.py:137} INFO - [2025-06-13T17:44:58.834+0200] {taskmixin.py:205} WARNING - Dependency <Task(EmailOperator): send_email>, prepare_email already registered for DAG: example_dag_decorator
[2025-06-13T17:44:58.848+0200] {processor.py:753} INFO - DAG(s) dict_keys(['example_dag_decorator']) retrieved from /home/monica.fernandez/practica_creativa/venv-airflow/lib/python3.11/site-packages/airflow/example_dags/example_dag_decorator.py
[2025-06-13T17:44:59.034+0200] {logging_mixin.py:137} INFO - [2025-06-13T17:44:59.034+0200] {dag.py:2690} INFO - Sync 1 DAGs
[2025-06-13T17:44:59.080+0200] {logging_mixin.py:137} INFO - [2025-06-13T17:44:59.080+0200] {dag.py:3437} INFO - Setting next_dagrun for example_dag_decorator to None, run_after=None
[2025-06-13T17:44:59.142+0200] {processor.py:175} INFO - Processing /home/monica.fernandez/practica_creativa/venv-airflow/lib/python3.11/site-packages/airflow/example_dags/example_dag_decorator.py took 0.332 seconds
[2025-06-13T17:46:06.881+0200] {processor.py:153} INFO - Started process (PID=52457) to work on /home/monica.fernandez/practica_creativa/venv-airflow/lib/python3.11/site-packages/airflow/example_dags/example_dag_decorator.py
[2025-06-13T17:46:06.882+0200] {processor.py:743} INFO - Processing file /home/monica.fernandez/practica_creativa/venv-airflow/lib/python3.11/site-packages/airflow/example_dags/example_dag_decorator.py for tasks to queue
[2025-06-13T17:46:06.883+0200] {logging_mixin.py:137} INFO - [2025-06-13T17:46:06.882+0200] {dagbag.py:538} INFO - Filling up the DagBag from /home/monica.fernandez/practica_creativa/venv-airflow/lib/python3.11/site-packages/airflow/example_dags/example_dag_decorator.py
[2025-06-13T17:46:06.914+0200] {logging_mixin.py:137} INFO - [2025-06-13T17:46:06.914+0200] {taskmixin.py:205} WARNING - Dependency <Task(_PythonDecoratedOperator): prepare_email>, send_email already registered for DAG: example_dag_decorator
[2025-06-13T17:46:06.914+0200] {logging_mixin.py:137} INFO - [2025-06-13T17:46:06.914+0200] {taskmixin.py:205} WARNING - Dependency <Task(EmailOperator): send_email>, prepare_email already registered for DAG: example_dag_decorator
[2025-06-13T17:46:06.945+0200] {processor.py:753} INFO - DAG(s) dict_keys(['example_dag_decorator']) retrieved from /home/monica.fernandez/practica_creativa/venv-airflow/lib/python3.11/site-packages/airflow/example_dags/example_dag_decorator.py
[2025-06-13T17:46:07.147+0200] {logging_mixin.py:137} INFO - [2025-06-13T17:46:07.147+0200] {dag.py:2690} INFO - Sync 1 DAGs
[2025-06-13T17:46:07.169+0200] {logging_mixin.py:137} INFO - [2025-06-13T17:46:07.169+0200] {dag.py:3437} INFO - Setting next_dagrun for example_dag_decorator to None, run_after=None
[2025-06-13T17:46:07.222+0200] {processor.py:175} INFO - Processing /home/monica.fernandez/practica_creativa/venv-airflow/lib/python3.11/site-packages/airflow/example_dags/example_dag_decorator.py took 0.346 seconds
[2025-06-13T17:47:14.204+0200] {processor.py:153} INFO - Started process (PID=53008) to work on /home/monica.fernandez/practica_creativa/venv-airflow/lib/python3.11/site-packages/airflow/example_dags/example_dag_decorator.py
[2025-06-13T17:47:14.205+0200] {processor.py:743} INFO - Processing file /home/monica.fernandez/practica_creativa/venv-airflow/lib/python3.11/site-packages/airflow/example_dags/example_dag_decorator.py for tasks to queue
[2025-06-13T17:47:14.206+0200] {logging_mixin.py:137} INFO - [2025-06-13T17:47:14.206+0200] {dagbag.py:538} INFO - Filling up the DagBag from /home/monica.fernandez/practica_creativa/venv-airflow/lib/python3.11/site-packages/airflow/example_dags/example_dag_decorator.py
[2025-06-13T17:47:14.240+0200] {logging_mixin.py:137} INFO - [2025-06-13T17:47:14.240+0200] {taskmixin.py:205} WARNING - Dependency <Task(_PythonDecoratedOperator): prepare_email>, send_email already registered for DAG: example_dag_decorator
[2025-06-13T17:47:14.241+0200] {logging_mixin.py:137} INFO - [2025-06-13T17:47:14.240+0200] {taskmixin.py:205} WARNING - Dependency <Task(EmailOperator): send_email>, prepare_email already registered for DAG: example_dag_decorator
[2025-06-13T17:47:14.264+0200] {processor.py:753} INFO - DAG(s) dict_keys(['example_dag_decorator']) retrieved from /home/monica.fernandez/practica_creativa/venv-airflow/lib/python3.11/site-packages/airflow/example_dags/example_dag_decorator.py
[2025-06-13T17:47:14.355+0200] {logging_mixin.py:137} INFO - [2025-06-13T17:47:14.355+0200] {dag.py:2690} INFO - Sync 1 DAGs
[2025-06-13T17:47:14.502+0200] {logging_mixin.py:137} INFO - [2025-06-13T17:47:14.502+0200] {dag.py:3437} INFO - Setting next_dagrun for example_dag_decorator to None, run_after=None
[2025-06-13T17:47:14.558+0200] {processor.py:175} INFO - Processing /home/monica.fernandez/practica_creativa/venv-airflow/lib/python3.11/site-packages/airflow/example_dags/example_dag_decorator.py took 0.358 seconds
[2025-06-13T17:48:08.057+0200] {processor.py:153} INFO - Started process (PID=53516) to work on /home/monica.fernandez/practica_creativa/venv-airflow/lib/python3.11/site-packages/airflow/example_dags/example_dag_decorator.py
[2025-06-13T17:48:08.058+0200] {processor.py:743} INFO - Processing file /home/monica.fernandez/practica_creativa/venv-airflow/lib/python3.11/site-packages/airflow/example_dags/example_dag_decorator.py for tasks to queue
[2025-06-13T17:48:08.058+0200] {logging_mixin.py:137} INFO - [2025-06-13T17:48:08.058+0200] {dagbag.py:538} INFO - Filling up the DagBag from /home/monica.fernandez/practica_creativa/venv-airflow/lib/python3.11/site-packages/airflow/example_dags/example_dag_decorator.py
[2025-06-13T17:48:08.076+0200] {logging_mixin.py:137} INFO - [2025-06-13T17:48:08.076+0200] {taskmixin.py:205} WARNING - Dependency <Task(_PythonDecoratedOperator): prepare_email>, send_email already registered for DAG: example_dag_decorator
[2025-06-13T17:48:08.076+0200] {logging_mixin.py:137} INFO - [2025-06-13T17:48:08.076+0200] {taskmixin.py:205} WARNING - Dependency <Task(EmailOperator): send_email>, prepare_email already registered for DAG: example_dag_decorator
[2025-06-13T17:48:08.089+0200] {processor.py:753} INFO - DAG(s) dict_keys(['example_dag_decorator']) retrieved from /home/monica.fernandez/practica_creativa/venv-airflow/lib/python3.11/site-packages/airflow/example_dags/example_dag_decorator.py
[2025-06-13T17:48:08.119+0200] {logging_mixin.py:137} INFO - [2025-06-13T17:48:08.119+0200] {dag.py:2690} INFO - Sync 1 DAGs
[2025-06-13T17:48:08.144+0200] {logging_mixin.py:137} INFO - [2025-06-13T17:48:08.144+0200] {dag.py:3437} INFO - Setting next_dagrun for example_dag_decorator to None, run_after=None
[2025-06-13T17:48:08.314+0200] {processor.py:175} INFO - Processing /home/monica.fernandez/practica_creativa/venv-airflow/lib/python3.11/site-packages/airflow/example_dags/example_dag_decorator.py took 0.260 seconds
[2025-06-13T17:49:04.756+0200] {processor.py:153} INFO - Started process (PID=53976) to work on /home/monica.fernandez/practica_creativa/venv-airflow/lib/python3.11/site-packages/airflow/example_dags/example_dag_decorator.py
[2025-06-13T17:49:04.756+0200] {processor.py:743} INFO - Processing file /home/monica.fernandez/practica_creativa/venv-airflow/lib/python3.11/site-packages/airflow/example_dags/example_dag_decorator.py for tasks to queue
[2025-06-13T17:49:04.758+0200] {logging_mixin.py:137} INFO - [2025-06-13T17:49:04.757+0200] {dagbag.py:538} INFO - Filling up the DagBag from /home/monica.fernandez/practica_creativa/venv-airflow/lib/python3.11/site-packages/airflow/example_dags/example_dag_decorator.py
[2025-06-13T17:49:04.793+0200] {logging_mixin.py:137} INFO - [2025-06-13T17:49:04.792+0200] {taskmixin.py:205} WARNING - Dependency <Task(_PythonDecoratedOperator): prepare_email>, send_email already registered for DAG: example_dag_decorator
[2025-06-13T17:49:04.793+0200] {logging_mixin.py:137} INFO - [2025-06-13T17:49:04.793+0200] {taskmixin.py:205} WARNING - Dependency <Task(EmailOperator): send_email>, prepare_email already registered for DAG: example_dag_decorator
[2025-06-13T17:49:04.809+0200] {processor.py:753} INFO - DAG(s) dict_keys(['example_dag_decorator']) retrieved from /home/monica.fernandez/practica_creativa/venv-airflow/lib/python3.11/site-packages/airflow/example_dags/example_dag_decorator.py
[2025-06-13T17:49:05.062+0200] {logging_mixin.py:137} INFO - [2025-06-13T17:49:05.061+0200] {dag.py:2690} INFO - Sync 1 DAGs
[2025-06-13T17:49:05.094+0200] {logging_mixin.py:137} INFO - [2025-06-13T17:49:05.093+0200] {dag.py:3437} INFO - Setting next_dagrun for example_dag_decorator to None, run_after=None
[2025-06-13T17:49:05.201+0200] {processor.py:175} INFO - Processing /home/monica.fernandez/practica_creativa/venv-airflow/lib/python3.11/site-packages/airflow/example_dags/example_dag_decorator.py took 0.449 seconds
[2025-06-13T17:50:09.172+0200] {processor.py:153} INFO - Started process (PID=54561) to work on /home/monica.fernandez/practica_creativa/venv-airflow/lib/python3.11/site-packages/airflow/example_dags/example_dag_decorator.py
[2025-06-13T17:50:09.173+0200] {processor.py:743} INFO - Processing file /home/monica.fernandez/practica_creativa/venv-airflow/lib/python3.11/site-packages/airflow/example_dags/example_dag_decorator.py for tasks to queue
[2025-06-13T17:50:09.174+0200] {logging_mixin.py:137} INFO - [2025-06-13T17:50:09.174+0200] {dagbag.py:538} INFO - Filling up the DagBag from /home/monica.fernandez/practica_creativa/venv-airflow/lib/python3.11/site-packages/airflow/example_dags/example_dag_decorator.py
[2025-06-13T17:50:09.205+0200] {logging_mixin.py:137} INFO - [2025-06-13T17:50:09.205+0200] {taskmixin.py:205} WARNING - Dependency <Task(_PythonDecoratedOperator): prepare_email>, send_email already registered for DAG: example_dag_decorator
[2025-06-13T17:50:09.205+0200] {logging_mixin.py:137} INFO - [2025-06-13T17:50:09.205+0200] {taskmixin.py:205} WARNING - Dependency <Task(EmailOperator): send_email>, prepare_email already registered for DAG: example_dag_decorator
[2025-06-13T17:50:09.228+0200] {processor.py:753} INFO - DAG(s) dict_keys(['example_dag_decorator']) retrieved from /home/monica.fernandez/practica_creativa/venv-airflow/lib/python3.11/site-packages/airflow/example_dags/example_dag_decorator.py
[2025-06-13T17:50:09.473+0200] {logging_mixin.py:137} INFO - [2025-06-13T17:50:09.473+0200] {dag.py:2690} INFO - Sync 1 DAGs
[2025-06-13T17:50:09.498+0200] {logging_mixin.py:137} INFO - [2025-06-13T17:50:09.498+0200] {dag.py:3437} INFO - Setting next_dagrun for example_dag_decorator to None, run_after=None
[2025-06-13T17:50:09.576+0200] {processor.py:175} INFO - Processing /home/monica.fernandez/practica_creativa/venv-airflow/lib/python3.11/site-packages/airflow/example_dags/example_dag_decorator.py took 0.407 seconds
