[2025-06-13T17:00:59.797+0200] {processor.py:153} INFO - Started process (PID=26092) to work on /home/monica.fernandez/practica_creativa/venv-airflow/lib/python3.11/site-packages/airflow/example_dags/example_task_group.py
[2025-06-13T17:00:59.799+0200] {processor.py:743} INFO - Processing file /home/monica.fernandez/practica_creativa/venv-airflow/lib/python3.11/site-packages/airflow/example_dags/example_task_group.py for tasks to queue
[2025-06-13T17:00:59.800+0200] {logging_mixin.py:137} INFO - [2025-06-13T17:00:59.800+0200] {dagbag.py:538} INFO - Filling up the DagBag from /home/monica.fernandez/practica_creativa/venv-airflow/lib/python3.11/site-packages/airflow/example_dags/example_task_group.py
[2025-06-13T17:00:59.822+0200] {processor.py:753} INFO - DAG(s) dict_keys(['example_task_group']) retrieved from /home/monica.fernandez/practica_creativa/venv-airflow/lib/python3.11/site-packages/airflow/example_dags/example_task_group.py
[2025-06-13T17:00:59.877+0200] {logging_mixin.py:137} INFO - [2025-06-13T17:00:59.876+0200] {dag.py:2690} INFO - Sync 1 DAGs
[2025-06-13T17:00:59.911+0200] {logging_mixin.py:137} INFO - [2025-06-13T17:00:59.911+0200] {dag.py:3437} INFO - Setting next_dagrun for example_task_group to 2025-06-12T15:00:59.911069+00:00, run_after=2025-06-13T15:00:59.911069+00:00
[2025-06-13T17:01:00.035+0200] {processor.py:175} INFO - Processing /home/monica.fernandez/practica_creativa/venv-airflow/lib/python3.11/site-packages/airflow/example_dags/example_task_group.py took 0.244 seconds
[2025-06-13T17:01:56.526+0200] {processor.py:153} INFO - Started process (PID=26595) to work on /home/monica.fernandez/practica_creativa/venv-airflow/lib/python3.11/site-packages/airflow/example_dags/example_task_group.py
[2025-06-13T17:01:56.527+0200] {processor.py:743} INFO - Processing file /home/monica.fernandez/practica_creativa/venv-airflow/lib/python3.11/site-packages/airflow/example_dags/example_task_group.py for tasks to queue
[2025-06-13T17:01:56.528+0200] {logging_mixin.py:137} INFO - [2025-06-13T17:01:56.528+0200] {dagbag.py:538} INFO - Filling up the DagBag from /home/monica.fernandez/practica_creativa/venv-airflow/lib/python3.11/site-packages/airflow/example_dags/example_task_group.py
[2025-06-13T17:01:56.538+0200] {processor.py:753} INFO - DAG(s) dict_keys(['example_task_group']) retrieved from /home/monica.fernandez/practica_creativa/venv-airflow/lib/python3.11/site-packages/airflow/example_dags/example_task_group.py
[2025-06-13T17:01:56.607+0200] {logging_mixin.py:137} INFO - [2025-06-13T17:01:56.607+0200] {dag.py:2690} INFO - Sync 1 DAGs
[2025-06-13T17:01:56.670+0200] {logging_mixin.py:137} INFO - [2025-06-13T17:01:56.669+0200] {dag.py:3437} INFO - Setting next_dagrun for example_task_group to 2025-06-12T15:01:56.668621+00:00, run_after=2025-06-13T15:01:56.668621+00:00
[2025-06-13T17:01:56.754+0200] {processor.py:175} INFO - Processing /home/monica.fernandez/practica_creativa/venv-airflow/lib/python3.11/site-packages/airflow/example_dags/example_task_group.py took 0.236 seconds
[2025-06-13T17:02:42.994+0200] {processor.py:153} INFO - Started process (PID=26955) to work on /home/monica.fernandez/practica_creativa/venv-airflow/lib/python3.11/site-packages/airflow/example_dags/example_task_group.py
[2025-06-13T17:02:42.995+0200] {processor.py:743} INFO - Processing file /home/monica.fernandez/practica_creativa/venv-airflow/lib/python3.11/site-packages/airflow/example_dags/example_task_group.py for tasks to queue
[2025-06-13T17:02:42.996+0200] {logging_mixin.py:137} INFO - [2025-06-13T17:02:42.996+0200] {dagbag.py:538} INFO - Filling up the DagBag from /home/monica.fernandez/practica_creativa/venv-airflow/lib/python3.11/site-packages/airflow/example_dags/example_task_group.py
[2025-06-13T17:02:43.008+0200] {processor.py:753} INFO - DAG(s) dict_keys(['example_task_group']) retrieved from /home/monica.fernandez/practica_creativa/venv-airflow/lib/python3.11/site-packages/airflow/example_dags/example_task_group.py
[2025-06-13T17:02:43.045+0200] {logging_mixin.py:137} INFO - [2025-06-13T17:02:43.045+0200] {dag.py:2690} INFO - Sync 1 DAGs
[2025-06-13T17:02:43.074+0200] {logging_mixin.py:137} INFO - [2025-06-13T17:02:43.074+0200] {dag.py:3437} INFO - Setting next_dagrun for example_task_group to 2025-06-12T15:02:43.074171+00:00, run_after=2025-06-13T15:02:43.074171+00:00
[2025-06-13T17:02:43.167+0200] {processor.py:175} INFO - Processing /home/monica.fernandez/practica_creativa/venv-airflow/lib/python3.11/site-packages/airflow/example_dags/example_task_group.py took 0.175 seconds
[2025-06-13T17:03:30.193+0200] {processor.py:153} INFO - Started process (PID=27485) to work on /home/monica.fernandez/practica_creativa/venv-airflow/lib/python3.11/site-packages/airflow/example_dags/example_task_group.py
[2025-06-13T17:03:30.193+0200] {processor.py:743} INFO - Processing file /home/monica.fernandez/practica_creativa/venv-airflow/lib/python3.11/site-packages/airflow/example_dags/example_task_group.py for tasks to queue
[2025-06-13T17:03:30.194+0200] {logging_mixin.py:137} INFO - [2025-06-13T17:03:30.194+0200] {dagbag.py:538} INFO - Filling up the DagBag from /home/monica.fernandez/practica_creativa/venv-airflow/lib/python3.11/site-packages/airflow/example_dags/example_task_group.py
[2025-06-13T17:03:30.205+0200] {processor.py:753} INFO - DAG(s) dict_keys(['example_task_group']) retrieved from /home/monica.fernandez/practica_creativa/venv-airflow/lib/python3.11/site-packages/airflow/example_dags/example_task_group.py
[2025-06-13T17:03:30.250+0200] {logging_mixin.py:137} INFO - [2025-06-13T17:03:30.249+0200] {dag.py:2690} INFO - Sync 1 DAGs
[2025-06-13T17:03:30.294+0200] {logging_mixin.py:137} INFO - [2025-06-13T17:03:30.293+0200] {dag.py:3437} INFO - Setting next_dagrun for example_task_group to 2025-06-12T15:03:30.291975+00:00, run_after=2025-06-13T15:03:30.291975+00:00
[2025-06-13T17:03:30.395+0200] {processor.py:175} INFO - Processing /home/monica.fernandez/practica_creativa/venv-airflow/lib/python3.11/site-packages/airflow/example_dags/example_task_group.py took 0.205 seconds
[2025-06-13T17:04:16.993+0200] {processor.py:153} INFO - Started process (PID=28387) to work on /home/monica.fernandez/practica_creativa/venv-airflow/lib/python3.11/site-packages/airflow/example_dags/example_task_group.py
[2025-06-13T17:04:16.994+0200] {processor.py:743} INFO - Processing file /home/monica.fernandez/practica_creativa/venv-airflow/lib/python3.11/site-packages/airflow/example_dags/example_task_group.py for tasks to queue
[2025-06-13T17:04:16.994+0200] {logging_mixin.py:137} INFO - [2025-06-13T17:04:16.994+0200] {dagbag.py:538} INFO - Filling up the DagBag from /home/monica.fernandez/practica_creativa/venv-airflow/lib/python3.11/site-packages/airflow/example_dags/example_task_group.py
[2025-06-13T17:04:17.006+0200] {processor.py:753} INFO - DAG(s) dict_keys(['example_task_group']) retrieved from /home/monica.fernandez/practica_creativa/venv-airflow/lib/python3.11/site-packages/airflow/example_dags/example_task_group.py
[2025-06-13T17:04:17.042+0200] {logging_mixin.py:137} INFO - [2025-06-13T17:04:17.042+0200] {dag.py:2690} INFO - Sync 1 DAGs
[2025-06-13T17:04:17.070+0200] {logging_mixin.py:137} INFO - [2025-06-13T17:04:17.070+0200] {dag.py:3437} INFO - Setting next_dagrun for example_task_group to 2025-06-12T15:04:17.069874+00:00, run_after=2025-06-13T15:04:17.069874+00:00
[2025-06-13T17:04:17.166+0200] {processor.py:175} INFO - Processing /home/monica.fernandez/practica_creativa/venv-airflow/lib/python3.11/site-packages/airflow/example_dags/example_task_group.py took 0.177 seconds
[2025-06-13T17:04:59.079+0200] {processor.py:153} INFO - Started process (PID=28783) to work on /home/monica.fernandez/practica_creativa/venv-airflow/lib/python3.11/site-packages/airflow/example_dags/example_task_group.py
[2025-06-13T17:04:59.080+0200] {processor.py:743} INFO - Processing file /home/monica.fernandez/practica_creativa/venv-airflow/lib/python3.11/site-packages/airflow/example_dags/example_task_group.py for tasks to queue
[2025-06-13T17:04:59.080+0200] {logging_mixin.py:137} INFO - [2025-06-13T17:04:59.080+0200] {dagbag.py:538} INFO - Filling up the DagBag from /home/monica.fernandez/practica_creativa/venv-airflow/lib/python3.11/site-packages/airflow/example_dags/example_task_group.py
[2025-06-13T17:04:59.092+0200] {processor.py:753} INFO - DAG(s) dict_keys(['example_task_group']) retrieved from /home/monica.fernandez/practica_creativa/venv-airflow/lib/python3.11/site-packages/airflow/example_dags/example_task_group.py
[2025-06-13T17:04:59.122+0200] {logging_mixin.py:137} INFO - [2025-06-13T17:04:59.121+0200] {dag.py:2690} INFO - Sync 1 DAGs
[2025-06-13T17:04:59.146+0200] {logging_mixin.py:137} INFO - [2025-06-13T17:04:59.146+0200] {dag.py:3437} INFO - Setting next_dagrun for example_task_group to 2025-06-12T15:04:59.146189+00:00, run_after=2025-06-13T15:04:59.146189+00:00
[2025-06-13T17:04:59.210+0200] {processor.py:175} INFO - Processing /home/monica.fernandez/practica_creativa/venv-airflow/lib/python3.11/site-packages/airflow/example_dags/example_task_group.py took 0.135 seconds
[2025-06-13T17:06:28.689+0200] {processor.py:153} INFO - Started process (PID=29806) to work on /home/monica.fernandez/practica_creativa/venv-airflow/lib/python3.11/site-packages/airflow/example_dags/example_task_group.py
[2025-06-13T17:06:28.691+0200] {processor.py:743} INFO - Processing file /home/monica.fernandez/practica_creativa/venv-airflow/lib/python3.11/site-packages/airflow/example_dags/example_task_group.py for tasks to queue
[2025-06-13T17:06:28.692+0200] {logging_mixin.py:137} INFO - [2025-06-13T17:06:28.692+0200] {dagbag.py:538} INFO - Filling up the DagBag from /home/monica.fernandez/practica_creativa/venv-airflow/lib/python3.11/site-packages/airflow/example_dags/example_task_group.py
[2025-06-13T17:06:28.706+0200] {processor.py:753} INFO - DAG(s) dict_keys(['example_task_group']) retrieved from /home/monica.fernandez/practica_creativa/venv-airflow/lib/python3.11/site-packages/airflow/example_dags/example_task_group.py
[2025-06-13T17:06:28.769+0200] {logging_mixin.py:137} INFO - [2025-06-13T17:06:28.769+0200] {dag.py:2690} INFO - Sync 1 DAGs
[2025-06-13T17:06:28.807+0200] {logging_mixin.py:137} INFO - [2025-06-13T17:06:28.806+0200] {dag.py:3437} INFO - Setting next_dagrun for example_task_group to 2025-06-12T15:06:28.806125+00:00, run_after=2025-06-13T15:06:28.806125+00:00
[2025-06-13T17:06:28.930+0200] {processor.py:175} INFO - Processing /home/monica.fernandez/practica_creativa/venv-airflow/lib/python3.11/site-packages/airflow/example_dags/example_task_group.py took 0.246 seconds
[2025-06-13T17:07:24.838+0200] {processor.py:153} INFO - Started process (PID=30218) to work on /home/monica.fernandez/practica_creativa/venv-airflow/lib/python3.11/site-packages/airflow/example_dags/example_task_group.py
[2025-06-13T17:07:24.839+0200] {processor.py:743} INFO - Processing file /home/monica.fernandez/practica_creativa/venv-airflow/lib/python3.11/site-packages/airflow/example_dags/example_task_group.py for tasks to queue
[2025-06-13T17:07:24.840+0200] {logging_mixin.py:137} INFO - [2025-06-13T17:07:24.839+0200] {dagbag.py:538} INFO - Filling up the DagBag from /home/monica.fernandez/practica_creativa/venv-airflow/lib/python3.11/site-packages/airflow/example_dags/example_task_group.py
[2025-06-13T17:07:24.854+0200] {processor.py:753} INFO - DAG(s) dict_keys(['example_task_group']) retrieved from /home/monica.fernandez/practica_creativa/venv-airflow/lib/python3.11/site-packages/airflow/example_dags/example_task_group.py
[2025-06-13T17:07:24.912+0200] {logging_mixin.py:137} INFO - [2025-06-13T17:07:24.912+0200] {dag.py:2690} INFO - Sync 1 DAGs
[2025-06-13T17:07:24.952+0200] {logging_mixin.py:137} INFO - [2025-06-13T17:07:24.952+0200] {dag.py:3437} INFO - Setting next_dagrun for example_task_group to 2025-06-12T15:07:24.952010+00:00, run_after=2025-06-13T15:07:24.952010+00:00
[2025-06-13T17:07:25.112+0200] {processor.py:175} INFO - Processing /home/monica.fernandez/practica_creativa/venv-airflow/lib/python3.11/site-packages/airflow/example_dags/example_task_group.py took 0.280 seconds
[2025-06-13T17:08:26.883+0200] {processor.py:153} INFO - Started process (PID=30753) to work on /home/monica.fernandez/practica_creativa/venv-airflow/lib/python3.11/site-packages/airflow/example_dags/example_task_group.py
[2025-06-13T17:08:26.884+0200] {processor.py:743} INFO - Processing file /home/monica.fernandez/practica_creativa/venv-airflow/lib/python3.11/site-packages/airflow/example_dags/example_task_group.py for tasks to queue
[2025-06-13T17:08:26.884+0200] {logging_mixin.py:137} INFO - [2025-06-13T17:08:26.884+0200] {dagbag.py:538} INFO - Filling up the DagBag from /home/monica.fernandez/practica_creativa/venv-airflow/lib/python3.11/site-packages/airflow/example_dags/example_task_group.py
[2025-06-13T17:08:26.893+0200] {processor.py:753} INFO - DAG(s) dict_keys(['example_task_group']) retrieved from /home/monica.fernandez/practica_creativa/venv-airflow/lib/python3.11/site-packages/airflow/example_dags/example_task_group.py
[2025-06-13T17:08:26.922+0200] {logging_mixin.py:137} INFO - [2025-06-13T17:08:26.922+0200] {dag.py:2690} INFO - Sync 1 DAGs
[2025-06-13T17:08:26.945+0200] {logging_mixin.py:137} INFO - [2025-06-13T17:08:26.945+0200] {dag.py:3437} INFO - Setting next_dagrun for example_task_group to 2025-06-12T15:08:26.944867+00:00, run_after=2025-06-13T15:08:26.944867+00:00
[2025-06-13T17:08:27.006+0200] {processor.py:175} INFO - Processing /home/monica.fernandez/practica_creativa/venv-airflow/lib/python3.11/site-packages/airflow/example_dags/example_task_group.py took 0.125 seconds
[2025-06-13T17:09:14.146+0200] {processor.py:153} INFO - Started process (PID=31158) to work on /home/monica.fernandez/practica_creativa/venv-airflow/lib/python3.11/site-packages/airflow/example_dags/example_task_group.py
[2025-06-13T17:09:14.147+0200] {processor.py:743} INFO - Processing file /home/monica.fernandez/practica_creativa/venv-airflow/lib/python3.11/site-packages/airflow/example_dags/example_task_group.py for tasks to queue
[2025-06-13T17:09:14.147+0200] {logging_mixin.py:137} INFO - [2025-06-13T17:09:14.147+0200] {dagbag.py:538} INFO - Filling up the DagBag from /home/monica.fernandez/practica_creativa/venv-airflow/lib/python3.11/site-packages/airflow/example_dags/example_task_group.py
[2025-06-13T17:09:14.157+0200] {processor.py:753} INFO - DAG(s) dict_keys(['example_task_group']) retrieved from /home/monica.fernandez/practica_creativa/venv-airflow/lib/python3.11/site-packages/airflow/example_dags/example_task_group.py
[2025-06-13T17:09:14.189+0200] {logging_mixin.py:137} INFO - [2025-06-13T17:09:14.188+0200] {dag.py:2690} INFO - Sync 1 DAGs
[2025-06-13T17:09:14.213+0200] {logging_mixin.py:137} INFO - [2025-06-13T17:09:14.213+0200] {dag.py:3437} INFO - Setting next_dagrun for example_task_group to 2025-06-12T15:09:14.213141+00:00, run_after=2025-06-13T15:09:14.213141+00:00
[2025-06-13T17:09:14.281+0200] {processor.py:175} INFO - Processing /home/monica.fernandez/practica_creativa/venv-airflow/lib/python3.11/site-packages/airflow/example_dags/example_task_group.py took 0.138 seconds
[2025-06-13T17:09:56.175+0200] {processor.py:153} INFO - Started process (PID=31592) to work on /home/monica.fernandez/practica_creativa/venv-airflow/lib/python3.11/site-packages/airflow/example_dags/example_task_group.py
[2025-06-13T17:09:56.175+0200] {processor.py:743} INFO - Processing file /home/monica.fernandez/practica_creativa/venv-airflow/lib/python3.11/site-packages/airflow/example_dags/example_task_group.py for tasks to queue
[2025-06-13T17:09:56.176+0200] {logging_mixin.py:137} INFO - [2025-06-13T17:09:56.176+0200] {dagbag.py:538} INFO - Filling up the DagBag from /home/monica.fernandez/practica_creativa/venv-airflow/lib/python3.11/site-packages/airflow/example_dags/example_task_group.py
[2025-06-13T17:09:56.188+0200] {processor.py:753} INFO - DAG(s) dict_keys(['example_task_group']) retrieved from /home/monica.fernandez/practica_creativa/venv-airflow/lib/python3.11/site-packages/airflow/example_dags/example_task_group.py
[2025-06-13T17:09:56.236+0200] {logging_mixin.py:137} INFO - [2025-06-13T17:09:56.235+0200] {dag.py:2690} INFO - Sync 1 DAGs
[2025-06-13T17:09:56.276+0200] {logging_mixin.py:137} INFO - [2025-06-13T17:09:56.276+0200] {dag.py:3437} INFO - Setting next_dagrun for example_task_group to 2025-06-12T15:09:56.276421+00:00, run_after=2025-06-13T15:09:56.276421+00:00
[2025-06-13T17:09:56.362+0200] {processor.py:175} INFO - Processing /home/monica.fernandez/practica_creativa/venv-airflow/lib/python3.11/site-packages/airflow/example_dags/example_task_group.py took 0.190 seconds
[2025-06-13T17:11:45.120+0200] {processor.py:153} INFO - Started process (PID=32725) to work on /home/monica.fernandez/practica_creativa/venv-airflow/lib/python3.11/site-packages/airflow/example_dags/example_task_group.py
[2025-06-13T17:11:45.121+0200] {processor.py:743} INFO - Processing file /home/monica.fernandez/practica_creativa/venv-airflow/lib/python3.11/site-packages/airflow/example_dags/example_task_group.py for tasks to queue
[2025-06-13T17:11:45.121+0200] {logging_mixin.py:137} INFO - [2025-06-13T17:11:45.121+0200] {dagbag.py:538} INFO - Filling up the DagBag from /home/monica.fernandez/practica_creativa/venv-airflow/lib/python3.11/site-packages/airflow/example_dags/example_task_group.py
[2025-06-13T17:11:45.133+0200] {processor.py:753} INFO - DAG(s) dict_keys(['example_task_group']) retrieved from /home/monica.fernandez/practica_creativa/venv-airflow/lib/python3.11/site-packages/airflow/example_dags/example_task_group.py
[2025-06-13T17:11:45.189+0200] {logging_mixin.py:137} INFO - [2025-06-13T17:11:45.189+0200] {dag.py:2690} INFO - Sync 1 DAGs
[2025-06-13T17:11:45.234+0200] {logging_mixin.py:137} INFO - [2025-06-13T17:11:45.234+0200] {dag.py:3437} INFO - Setting next_dagrun for example_task_group to 2025-06-12T15:11:45.234152+00:00, run_after=2025-06-13T15:11:45.234152+00:00
[2025-06-13T17:11:45.303+0200] {processor.py:175} INFO - Processing /home/monica.fernandez/practica_creativa/venv-airflow/lib/python3.11/site-packages/airflow/example_dags/example_task_group.py took 0.186 seconds
[2025-06-13T17:13:12.005+0200] {processor.py:153} INFO - Started process (PID=33428) to work on /home/monica.fernandez/practica_creativa/venv-airflow/lib/python3.11/site-packages/airflow/example_dags/example_task_group.py
[2025-06-13T17:13:12.007+0200] {processor.py:743} INFO - Processing file /home/monica.fernandez/practica_creativa/venv-airflow/lib/python3.11/site-packages/airflow/example_dags/example_task_group.py for tasks to queue
[2025-06-13T17:13:12.007+0200] {logging_mixin.py:137} INFO - [2025-06-13T17:13:12.007+0200] {dagbag.py:538} INFO - Filling up the DagBag from /home/monica.fernandez/practica_creativa/venv-airflow/lib/python3.11/site-packages/airflow/example_dags/example_task_group.py
[2025-06-13T17:13:12.040+0200] {processor.py:753} INFO - DAG(s) dict_keys(['example_task_group']) retrieved from /home/monica.fernandez/practica_creativa/venv-airflow/lib/python3.11/site-packages/airflow/example_dags/example_task_group.py
[2025-06-13T17:13:12.083+0200] {logging_mixin.py:137} INFO - [2025-06-13T17:13:12.083+0200] {dag.py:2690} INFO - Sync 1 DAGs
[2025-06-13T17:13:12.122+0200] {logging_mixin.py:137} INFO - [2025-06-13T17:13:12.122+0200] {dag.py:3437} INFO - Setting next_dagrun for example_task_group to 2025-06-12T15:13:12.122248+00:00, run_after=2025-06-13T15:13:12.122248+00:00
[2025-06-13T17:13:12.189+0200] {processor.py:175} INFO - Processing /home/monica.fernandez/practica_creativa/venv-airflow/lib/python3.11/site-packages/airflow/example_dags/example_task_group.py took 0.188 seconds
[2025-06-13T17:13:58.755+0200] {processor.py:153} INFO - Started process (PID=33851) to work on /home/monica.fernandez/practica_creativa/venv-airflow/lib/python3.11/site-packages/airflow/example_dags/example_task_group.py
[2025-06-13T17:13:58.756+0200] {processor.py:743} INFO - Processing file /home/monica.fernandez/practica_creativa/venv-airflow/lib/python3.11/site-packages/airflow/example_dags/example_task_group.py for tasks to queue
[2025-06-13T17:13:58.757+0200] {logging_mixin.py:137} INFO - [2025-06-13T17:13:58.756+0200] {dagbag.py:538} INFO - Filling up the DagBag from /home/monica.fernandez/practica_creativa/venv-airflow/lib/python3.11/site-packages/airflow/example_dags/example_task_group.py
[2025-06-13T17:13:58.791+0200] {processor.py:753} INFO - DAG(s) dict_keys(['example_task_group']) retrieved from /home/monica.fernandez/practica_creativa/venv-airflow/lib/python3.11/site-packages/airflow/example_dags/example_task_group.py
[2025-06-13T17:13:58.820+0200] {logging_mixin.py:137} INFO - [2025-06-13T17:13:58.819+0200] {dag.py:2690} INFO - Sync 1 DAGs
[2025-06-13T17:13:58.855+0200] {logging_mixin.py:137} INFO - [2025-06-13T17:13:58.854+0200] {dag.py:3437} INFO - Setting next_dagrun for example_task_group to 2025-06-12T15:13:58.854630+00:00, run_after=2025-06-13T15:13:58.854630+00:00
[2025-06-13T17:13:58.969+0200] {processor.py:175} INFO - Processing /home/monica.fernandez/practica_creativa/venv-airflow/lib/python3.11/site-packages/airflow/example_dags/example_task_group.py took 0.219 seconds
[2025-06-13T17:15:08.876+0200] {processor.py:153} INFO - Started process (PID=34539) to work on /home/monica.fernandez/practica_creativa/venv-airflow/lib/python3.11/site-packages/airflow/example_dags/example_task_group.py
[2025-06-13T17:15:08.876+0200] {processor.py:743} INFO - Processing file /home/monica.fernandez/practica_creativa/venv-airflow/lib/python3.11/site-packages/airflow/example_dags/example_task_group.py for tasks to queue
[2025-06-13T17:15:08.877+0200] {logging_mixin.py:137} INFO - [2025-06-13T17:15:08.877+0200] {dagbag.py:538} INFO - Filling up the DagBag from /home/monica.fernandez/practica_creativa/venv-airflow/lib/python3.11/site-packages/airflow/example_dags/example_task_group.py
[2025-06-13T17:15:08.905+0200] {processor.py:753} INFO - DAG(s) dict_keys(['example_task_group']) retrieved from /home/monica.fernandez/practica_creativa/venv-airflow/lib/python3.11/site-packages/airflow/example_dags/example_task_group.py
[2025-06-13T17:15:08.951+0200] {logging_mixin.py:137} INFO - [2025-06-13T17:15:08.950+0200] {dag.py:2690} INFO - Sync 1 DAGs
[2025-06-13T17:15:08.986+0200] {logging_mixin.py:137} INFO - [2025-06-13T17:15:08.986+0200] {dag.py:3437} INFO - Setting next_dagrun for example_task_group to 2025-06-12T15:15:08.986194+00:00, run_after=2025-06-13T15:15:08.986194+00:00
[2025-06-13T17:15:09.099+0200] {processor.py:175} INFO - Processing /home/monica.fernandez/practica_creativa/venv-airflow/lib/python3.11/site-packages/airflow/example_dags/example_task_group.py took 0.227 seconds
[2025-06-13T17:16:01.918+0200] {processor.py:153} INFO - Started process (PID=34971) to work on /home/monica.fernandez/practica_creativa/venv-airflow/lib/python3.11/site-packages/airflow/example_dags/example_task_group.py
[2025-06-13T17:16:01.919+0200] {processor.py:743} INFO - Processing file /home/monica.fernandez/practica_creativa/venv-airflow/lib/python3.11/site-packages/airflow/example_dags/example_task_group.py for tasks to queue
[2025-06-13T17:16:01.919+0200] {logging_mixin.py:137} INFO - [2025-06-13T17:16:01.919+0200] {dagbag.py:538} INFO - Filling up the DagBag from /home/monica.fernandez/practica_creativa/venv-airflow/lib/python3.11/site-packages/airflow/example_dags/example_task_group.py
[2025-06-13T17:16:01.990+0200] {processor.py:753} INFO - DAG(s) dict_keys(['example_task_group']) retrieved from /home/monica.fernandez/practica_creativa/venv-airflow/lib/python3.11/site-packages/airflow/example_dags/example_task_group.py
[2025-06-13T17:16:02.035+0200] {logging_mixin.py:137} INFO - [2025-06-13T17:16:02.035+0200] {dag.py:2690} INFO - Sync 1 DAGs
[2025-06-13T17:16:02.081+0200] {logging_mixin.py:137} INFO - [2025-06-13T17:16:02.078+0200] {dag.py:3437} INFO - Setting next_dagrun for example_task_group to 2025-06-12T15:16:02.077865+00:00, run_after=2025-06-13T15:16:02.077865+00:00
[2025-06-13T17:16:02.197+0200] {processor.py:175} INFO - Processing /home/monica.fernandez/practica_creativa/venv-airflow/lib/python3.11/site-packages/airflow/example_dags/example_task_group.py took 0.282 seconds
[2025-06-13T17:16:50.253+0200] {processor.py:153} INFO - Started process (PID=35304) to work on /home/monica.fernandez/practica_creativa/venv-airflow/lib/python3.11/site-packages/airflow/example_dags/example_task_group.py
[2025-06-13T17:16:50.256+0200] {processor.py:743} INFO - Processing file /home/monica.fernandez/practica_creativa/venv-airflow/lib/python3.11/site-packages/airflow/example_dags/example_task_group.py for tasks to queue
[2025-06-13T17:16:50.257+0200] {logging_mixin.py:137} INFO - [2025-06-13T17:16:50.257+0200] {dagbag.py:538} INFO - Filling up the DagBag from /home/monica.fernandez/practica_creativa/venv-airflow/lib/python3.11/site-packages/airflow/example_dags/example_task_group.py
[2025-06-13T17:16:50.290+0200] {processor.py:753} INFO - DAG(s) dict_keys(['example_task_group']) retrieved from /home/monica.fernandez/practica_creativa/venv-airflow/lib/python3.11/site-packages/airflow/example_dags/example_task_group.py
[2025-06-13T17:16:50.344+0200] {logging_mixin.py:137} INFO - [2025-06-13T17:16:50.344+0200] {dag.py:2690} INFO - Sync 1 DAGs
[2025-06-13T17:16:50.427+0200] {logging_mixin.py:137} INFO - [2025-06-13T17:16:50.427+0200] {dag.py:3437} INFO - Setting next_dagrun for example_task_group to 2025-06-12T15:16:50.426891+00:00, run_after=2025-06-13T15:16:50.426891+00:00
[2025-06-13T17:16:50.525+0200] {processor.py:175} INFO - Processing /home/monica.fernandez/practica_creativa/venv-airflow/lib/python3.11/site-packages/airflow/example_dags/example_task_group.py took 0.275 seconds
[2025-06-13T17:17:44.863+0200] {processor.py:153} INFO - Started process (PID=35885) to work on /home/monica.fernandez/practica_creativa/venv-airflow/lib/python3.11/site-packages/airflow/example_dags/example_task_group.py
[2025-06-13T17:17:44.863+0200] {processor.py:743} INFO - Processing file /home/monica.fernandez/practica_creativa/venv-airflow/lib/python3.11/site-packages/airflow/example_dags/example_task_group.py for tasks to queue
[2025-06-13T17:17:44.864+0200] {logging_mixin.py:137} INFO - [2025-06-13T17:17:44.864+0200] {dagbag.py:538} INFO - Filling up the DagBag from /home/monica.fernandez/practica_creativa/venv-airflow/lib/python3.11/site-packages/airflow/example_dags/example_task_group.py
[2025-06-13T17:17:44.902+0200] {processor.py:753} INFO - DAG(s) dict_keys(['example_task_group']) retrieved from /home/monica.fernandez/practica_creativa/venv-airflow/lib/python3.11/site-packages/airflow/example_dags/example_task_group.py
[2025-06-13T17:17:44.947+0200] {logging_mixin.py:137} INFO - [2025-06-13T17:17:44.946+0200] {dag.py:2690} INFO - Sync 1 DAGs
[2025-06-13T17:17:44.977+0200] {logging_mixin.py:137} INFO - [2025-06-13T17:17:44.976+0200] {dag.py:3437} INFO - Setting next_dagrun for example_task_group to 2025-06-12T15:17:44.975824+00:00, run_after=2025-06-13T15:17:44.975824+00:00
[2025-06-13T17:17:45.070+0200] {processor.py:175} INFO - Processing /home/monica.fernandez/practica_creativa/venv-airflow/lib/python3.11/site-packages/airflow/example_dags/example_task_group.py took 0.211 seconds
[2025-06-13T17:18:29.732+0200] {processor.py:153} INFO - Started process (PID=36303) to work on /home/monica.fernandez/practica_creativa/venv-airflow/lib/python3.11/site-packages/airflow/example_dags/example_task_group.py
[2025-06-13T17:18:29.733+0200] {processor.py:743} INFO - Processing file /home/monica.fernandez/practica_creativa/venv-airflow/lib/python3.11/site-packages/airflow/example_dags/example_task_group.py for tasks to queue
[2025-06-13T17:18:29.733+0200] {logging_mixin.py:137} INFO - [2025-06-13T17:18:29.733+0200] {dagbag.py:538} INFO - Filling up the DagBag from /home/monica.fernandez/practica_creativa/venv-airflow/lib/python3.11/site-packages/airflow/example_dags/example_task_group.py
[2025-06-13T17:18:29.754+0200] {processor.py:753} INFO - DAG(s) dict_keys(['example_task_group']) retrieved from /home/monica.fernandez/practica_creativa/venv-airflow/lib/python3.11/site-packages/airflow/example_dags/example_task_group.py
[2025-06-13T17:18:29.781+0200] {logging_mixin.py:137} INFO - [2025-06-13T17:18:29.781+0200] {dag.py:2690} INFO - Sync 1 DAGs
[2025-06-13T17:18:29.808+0200] {logging_mixin.py:137} INFO - [2025-06-13T17:18:29.808+0200] {dag.py:3437} INFO - Setting next_dagrun for example_task_group to 2025-06-12T15:18:29.808511+00:00, run_after=2025-06-13T15:18:29.808511+00:00
[2025-06-13T17:18:29.875+0200] {processor.py:175} INFO - Processing /home/monica.fernandez/practica_creativa/venv-airflow/lib/python3.11/site-packages/airflow/example_dags/example_task_group.py took 0.147 seconds
[2025-06-13T17:19:22.948+0200] {processor.py:153} INFO - Started process (PID=36707) to work on /home/monica.fernandez/practica_creativa/venv-airflow/lib/python3.11/site-packages/airflow/example_dags/example_task_group.py
[2025-06-13T17:19:22.949+0200] {processor.py:743} INFO - Processing file /home/monica.fernandez/practica_creativa/venv-airflow/lib/python3.11/site-packages/airflow/example_dags/example_task_group.py for tasks to queue
[2025-06-13T17:19:22.950+0200] {logging_mixin.py:137} INFO - [2025-06-13T17:19:22.949+0200] {dagbag.py:538} INFO - Filling up the DagBag from /home/monica.fernandez/practica_creativa/venv-airflow/lib/python3.11/site-packages/airflow/example_dags/example_task_group.py
[2025-06-13T17:19:22.978+0200] {processor.py:753} INFO - DAG(s) dict_keys(['example_task_group']) retrieved from /home/monica.fernandez/practica_creativa/venv-airflow/lib/python3.11/site-packages/airflow/example_dags/example_task_group.py
[2025-06-13T17:19:23.014+0200] {logging_mixin.py:137} INFO - [2025-06-13T17:19:23.014+0200] {dag.py:2690} INFO - Sync 1 DAGs
[2025-06-13T17:19:23.050+0200] {logging_mixin.py:137} INFO - [2025-06-13T17:19:23.050+0200] {dag.py:3437} INFO - Setting next_dagrun for example_task_group to 2025-06-12T15:19:23.049812+00:00, run_after=2025-06-13T15:19:23.049812+00:00
[2025-06-13T17:19:23.116+0200] {processor.py:175} INFO - Processing /home/monica.fernandez/practica_creativa/venv-airflow/lib/python3.11/site-packages/airflow/example_dags/example_task_group.py took 0.172 seconds
[2025-06-13T17:20:54.196+0200] {processor.py:153} INFO - Started process (PID=37718) to work on /home/monica.fernandez/practica_creativa/venv-airflow/lib/python3.11/site-packages/airflow/example_dags/example_task_group.py
[2025-06-13T17:20:54.197+0200] {processor.py:743} INFO - Processing file /home/monica.fernandez/practica_creativa/venv-airflow/lib/python3.11/site-packages/airflow/example_dags/example_task_group.py for tasks to queue
[2025-06-13T17:20:54.198+0200] {logging_mixin.py:137} INFO - [2025-06-13T17:20:54.197+0200] {dagbag.py:538} INFO - Filling up the DagBag from /home/monica.fernandez/practica_creativa/venv-airflow/lib/python3.11/site-packages/airflow/example_dags/example_task_group.py
[2025-06-13T17:20:54.220+0200] {processor.py:753} INFO - DAG(s) dict_keys(['example_task_group']) retrieved from /home/monica.fernandez/practica_creativa/venv-airflow/lib/python3.11/site-packages/airflow/example_dags/example_task_group.py
[2025-06-13T17:20:54.260+0200] {logging_mixin.py:137} INFO - [2025-06-13T17:20:54.260+0200] {dag.py:2690} INFO - Sync 1 DAGs
[2025-06-13T17:20:54.293+0200] {logging_mixin.py:137} INFO - [2025-06-13T17:20:54.293+0200] {dag.py:3437} INFO - Setting next_dagrun for example_task_group to 2025-06-12T15:20:54.292975+00:00, run_after=2025-06-13T15:20:54.292975+00:00
[2025-06-13T17:20:54.358+0200] {processor.py:175} INFO - Processing /home/monica.fernandez/practica_creativa/venv-airflow/lib/python3.11/site-packages/airflow/example_dags/example_task_group.py took 0.165 seconds
[2025-06-13T17:21:50.755+0200] {processor.py:153} INFO - Started process (PID=38209) to work on /home/monica.fernandez/practica_creativa/venv-airflow/lib/python3.11/site-packages/airflow/example_dags/example_task_group.py
[2025-06-13T17:21:50.756+0200] {processor.py:743} INFO - Processing file /home/monica.fernandez/practica_creativa/venv-airflow/lib/python3.11/site-packages/airflow/example_dags/example_task_group.py for tasks to queue
[2025-06-13T17:21:50.756+0200] {logging_mixin.py:137} INFO - [2025-06-13T17:21:50.756+0200] {dagbag.py:538} INFO - Filling up the DagBag from /home/monica.fernandez/practica_creativa/venv-airflow/lib/python3.11/site-packages/airflow/example_dags/example_task_group.py
[2025-06-13T17:21:50.780+0200] {processor.py:753} INFO - DAG(s) dict_keys(['example_task_group']) retrieved from /home/monica.fernandez/practica_creativa/venv-airflow/lib/python3.11/site-packages/airflow/example_dags/example_task_group.py
[2025-06-13T17:21:50.812+0200] {logging_mixin.py:137} INFO - [2025-06-13T17:21:50.812+0200] {dag.py:2690} INFO - Sync 1 DAGs
[2025-06-13T17:21:50.840+0200] {logging_mixin.py:137} INFO - [2025-06-13T17:21:50.839+0200] {dag.py:3437} INFO - Setting next_dagrun for example_task_group to 2025-06-12T15:21:50.839590+00:00, run_after=2025-06-13T15:21:50.839590+00:00
[2025-06-13T17:21:50.900+0200] {processor.py:175} INFO - Processing /home/monica.fernandez/practica_creativa/venv-airflow/lib/python3.11/site-packages/airflow/example_dags/example_task_group.py took 0.149 seconds
[2025-06-13T17:22:36.194+0200] {processor.py:153} INFO - Started process (PID=38655) to work on /home/monica.fernandez/practica_creativa/venv-airflow/lib/python3.11/site-packages/airflow/example_dags/example_task_group.py
[2025-06-13T17:22:36.195+0200] {processor.py:743} INFO - Processing file /home/monica.fernandez/practica_creativa/venv-airflow/lib/python3.11/site-packages/airflow/example_dags/example_task_group.py for tasks to queue
[2025-06-13T17:22:36.196+0200] {logging_mixin.py:137} INFO - [2025-06-13T17:22:36.196+0200] {dagbag.py:538} INFO - Filling up the DagBag from /home/monica.fernandez/practica_creativa/venv-airflow/lib/python3.11/site-packages/airflow/example_dags/example_task_group.py
[2025-06-13T17:22:36.226+0200] {processor.py:753} INFO - DAG(s) dict_keys(['example_task_group']) retrieved from /home/monica.fernandez/practica_creativa/venv-airflow/lib/python3.11/site-packages/airflow/example_dags/example_task_group.py
[2025-06-13T17:22:36.263+0200] {logging_mixin.py:137} INFO - [2025-06-13T17:22:36.263+0200] {dag.py:2690} INFO - Sync 1 DAGs
[2025-06-13T17:22:36.298+0200] {logging_mixin.py:137} INFO - [2025-06-13T17:22:36.297+0200] {dag.py:3437} INFO - Setting next_dagrun for example_task_group to 2025-06-12T15:22:36.297555+00:00, run_after=2025-06-13T15:22:36.297555+00:00
[2025-06-13T17:22:36.368+0200] {processor.py:175} INFO - Processing /home/monica.fernandez/practica_creativa/venv-airflow/lib/python3.11/site-packages/airflow/example_dags/example_task_group.py took 0.178 seconds
[2025-06-13T17:23:24.096+0200] {processor.py:153} INFO - Started process (PID=39015) to work on /home/monica.fernandez/practica_creativa/venv-airflow/lib/python3.11/site-packages/airflow/example_dags/example_task_group.py
[2025-06-13T17:23:24.097+0200] {processor.py:743} INFO - Processing file /home/monica.fernandez/practica_creativa/venv-airflow/lib/python3.11/site-packages/airflow/example_dags/example_task_group.py for tasks to queue
[2025-06-13T17:23:24.098+0200] {logging_mixin.py:137} INFO - [2025-06-13T17:23:24.098+0200] {dagbag.py:538} INFO - Filling up the DagBag from /home/monica.fernandez/practica_creativa/venv-airflow/lib/python3.11/site-packages/airflow/example_dags/example_task_group.py
[2025-06-13T17:23:24.131+0200] {processor.py:753} INFO - DAG(s) dict_keys(['example_task_group']) retrieved from /home/monica.fernandez/practica_creativa/venv-airflow/lib/python3.11/site-packages/airflow/example_dags/example_task_group.py
[2025-06-13T17:23:24.197+0200] {logging_mixin.py:137} INFO - [2025-06-13T17:23:24.195+0200] {dag.py:2690} INFO - Sync 1 DAGs
[2025-06-13T17:23:24.246+0200] {logging_mixin.py:137} INFO - [2025-06-13T17:23:24.245+0200] {dag.py:3437} INFO - Setting next_dagrun for example_task_group to 2025-06-12T15:23:24.244198+00:00, run_after=2025-06-13T15:23:24.244198+00:00
[2025-06-13T17:23:24.365+0200] {processor.py:175} INFO - Processing /home/monica.fernandez/practica_creativa/venv-airflow/lib/python3.11/site-packages/airflow/example_dags/example_task_group.py took 0.273 seconds
[2025-06-13T17:24:15.608+0200] {processor.py:153} INFO - Started process (PID=39780) to work on /home/monica.fernandez/practica_creativa/venv-airflow/lib/python3.11/site-packages/airflow/example_dags/example_task_group.py
[2025-06-13T17:24:15.609+0200] {processor.py:743} INFO - Processing file /home/monica.fernandez/practica_creativa/venv-airflow/lib/python3.11/site-packages/airflow/example_dags/example_task_group.py for tasks to queue
[2025-06-13T17:24:15.609+0200] {logging_mixin.py:137} INFO - [2025-06-13T17:24:15.609+0200] {dagbag.py:538} INFO - Filling up the DagBag from /home/monica.fernandez/practica_creativa/venv-airflow/lib/python3.11/site-packages/airflow/example_dags/example_task_group.py
[2025-06-13T17:24:15.636+0200] {processor.py:753} INFO - DAG(s) dict_keys(['example_task_group']) retrieved from /home/monica.fernandez/practica_creativa/venv-airflow/lib/python3.11/site-packages/airflow/example_dags/example_task_group.py
[2025-06-13T17:24:15.670+0200] {logging_mixin.py:137} INFO - [2025-06-13T17:24:15.670+0200] {dag.py:2690} INFO - Sync 1 DAGs
[2025-06-13T17:24:15.701+0200] {logging_mixin.py:137} INFO - [2025-06-13T17:24:15.701+0200] {dag.py:3437} INFO - Setting next_dagrun for example_task_group to 2025-06-12T15:24:15.701358+00:00, run_after=2025-06-13T15:24:15.701358+00:00
[2025-06-13T17:24:15.774+0200] {processor.py:175} INFO - Processing /home/monica.fernandez/practica_creativa/venv-airflow/lib/python3.11/site-packages/airflow/example_dags/example_task_group.py took 0.171 seconds
[2025-06-13T17:24:59.843+0200] {processor.py:153} INFO - Started process (PID=40201) to work on /home/monica.fernandez/practica_creativa/venv-airflow/lib/python3.11/site-packages/airflow/example_dags/example_task_group.py
[2025-06-13T17:24:59.844+0200] {processor.py:743} INFO - Processing file /home/monica.fernandez/practica_creativa/venv-airflow/lib/python3.11/site-packages/airflow/example_dags/example_task_group.py for tasks to queue
[2025-06-13T17:24:59.845+0200] {logging_mixin.py:137} INFO - [2025-06-13T17:24:59.845+0200] {dagbag.py:538} INFO - Filling up the DagBag from /home/monica.fernandez/practica_creativa/venv-airflow/lib/python3.11/site-packages/airflow/example_dags/example_task_group.py
[2025-06-13T17:24:59.869+0200] {processor.py:753} INFO - DAG(s) dict_keys(['example_task_group']) retrieved from /home/monica.fernandez/practica_creativa/venv-airflow/lib/python3.11/site-packages/airflow/example_dags/example_task_group.py
[2025-06-13T17:24:59.903+0200] {logging_mixin.py:137} INFO - [2025-06-13T17:24:59.903+0200] {dag.py:2690} INFO - Sync 1 DAGs
[2025-06-13T17:24:59.934+0200] {logging_mixin.py:137} INFO - [2025-06-13T17:24:59.934+0200] {dag.py:3437} INFO - Setting next_dagrun for example_task_group to 2025-06-12T15:24:59.934516+00:00, run_after=2025-06-13T15:24:59.934516+00:00
[2025-06-13T17:25:00.009+0200] {processor.py:175} INFO - Processing /home/monica.fernandez/practica_creativa/venv-airflow/lib/python3.11/site-packages/airflow/example_dags/example_task_group.py took 0.170 seconds
[2025-06-13T17:26:20.045+0200] {processor.py:153} INFO - Started process (PID=41113) to work on /home/monica.fernandez/practica_creativa/venv-airflow/lib/python3.11/site-packages/airflow/example_dags/example_task_group.py
[2025-06-13T17:26:20.046+0200] {processor.py:743} INFO - Processing file /home/monica.fernandez/practica_creativa/venv-airflow/lib/python3.11/site-packages/airflow/example_dags/example_task_group.py for tasks to queue
[2025-06-13T17:26:20.046+0200] {logging_mixin.py:137} INFO - [2025-06-13T17:26:20.046+0200] {dagbag.py:538} INFO - Filling up the DagBag from /home/monica.fernandez/practica_creativa/venv-airflow/lib/python3.11/site-packages/airflow/example_dags/example_task_group.py
[2025-06-13T17:26:20.079+0200] {processor.py:753} INFO - DAG(s) dict_keys(['example_task_group']) retrieved from /home/monica.fernandez/practica_creativa/venv-airflow/lib/python3.11/site-packages/airflow/example_dags/example_task_group.py
[2025-06-13T17:26:20.127+0200] {logging_mixin.py:137} INFO - [2025-06-13T17:26:20.126+0200] {dag.py:2690} INFO - Sync 1 DAGs
[2025-06-13T17:26:20.164+0200] {logging_mixin.py:137} INFO - [2025-06-13T17:26:20.164+0200] {dag.py:3437} INFO - Setting next_dagrun for example_task_group to 2025-06-12T15:26:20.164027+00:00, run_after=2025-06-13T15:26:20.164027+00:00
[2025-06-13T17:26:20.234+0200] {processor.py:175} INFO - Processing /home/monica.fernandez/practica_creativa/venv-airflow/lib/python3.11/site-packages/airflow/example_dags/example_task_group.py took 0.193 seconds
[2025-06-13T17:27:11.684+0200] {processor.py:153} INFO - Started process (PID=41526) to work on /home/monica.fernandez/practica_creativa/venv-airflow/lib/python3.11/site-packages/airflow/example_dags/example_task_group.py
[2025-06-13T17:27:11.685+0200] {processor.py:743} INFO - Processing file /home/monica.fernandez/practica_creativa/venv-airflow/lib/python3.11/site-packages/airflow/example_dags/example_task_group.py for tasks to queue
[2025-06-13T17:27:11.686+0200] {logging_mixin.py:137} INFO - [2025-06-13T17:27:11.686+0200] {dagbag.py:538} INFO - Filling up the DagBag from /home/monica.fernandez/practica_creativa/venv-airflow/lib/python3.11/site-packages/airflow/example_dags/example_task_group.py
[2025-06-13T17:27:11.716+0200] {processor.py:753} INFO - DAG(s) dict_keys(['example_task_group']) retrieved from /home/monica.fernandez/practica_creativa/venv-airflow/lib/python3.11/site-packages/airflow/example_dags/example_task_group.py
[2025-06-13T17:27:11.749+0200] {logging_mixin.py:137} INFO - [2025-06-13T17:27:11.749+0200] {dag.py:2690} INFO - Sync 1 DAGs
[2025-06-13T17:27:11.781+0200] {logging_mixin.py:137} INFO - [2025-06-13T17:27:11.781+0200] {dag.py:3437} INFO - Setting next_dagrun for example_task_group to 2025-06-12T15:27:11.780764+00:00, run_after=2025-06-13T15:27:11.780764+00:00
[2025-06-13T17:27:11.857+0200] {processor.py:175} INFO - Processing /home/monica.fernandez/practica_creativa/venv-airflow/lib/python3.11/site-packages/airflow/example_dags/example_task_group.py took 0.177 seconds
[2025-06-13T17:27:59.935+0200] {processor.py:153} INFO - Started process (PID=41960) to work on /home/monica.fernandez/practica_creativa/venv-airflow/lib/python3.11/site-packages/airflow/example_dags/example_task_group.py
[2025-06-13T17:27:59.936+0200] {processor.py:743} INFO - Processing file /home/monica.fernandez/practica_creativa/venv-airflow/lib/python3.11/site-packages/airflow/example_dags/example_task_group.py for tasks to queue
[2025-06-13T17:27:59.936+0200] {logging_mixin.py:137} INFO - [2025-06-13T17:27:59.936+0200] {dagbag.py:538} INFO - Filling up the DagBag from /home/monica.fernandez/practica_creativa/venv-airflow/lib/python3.11/site-packages/airflow/example_dags/example_task_group.py
[2025-06-13T17:27:59.962+0200] {processor.py:753} INFO - DAG(s) dict_keys(['example_task_group']) retrieved from /home/monica.fernandez/practica_creativa/venv-airflow/lib/python3.11/site-packages/airflow/example_dags/example_task_group.py
[2025-06-13T17:27:59.995+0200] {logging_mixin.py:137} INFO - [2025-06-13T17:27:59.995+0200] {dag.py:2690} INFO - Sync 1 DAGs
[2025-06-13T17:28:00.027+0200] {logging_mixin.py:137} INFO - [2025-06-13T17:28:00.027+0200] {dag.py:3437} INFO - Setting next_dagrun for example_task_group to 2025-06-12T15:28:00.026759+00:00, run_after=2025-06-13T15:28:00.026759+00:00
[2025-06-13T17:28:00.090+0200] {processor.py:175} INFO - Processing /home/monica.fernandez/practica_creativa/venv-airflow/lib/python3.11/site-packages/airflow/example_dags/example_task_group.py took 0.158 seconds
[2025-06-13T17:28:52.583+0200] {processor.py:153} INFO - Started process (PID=42446) to work on /home/monica.fernandez/practica_creativa/venv-airflow/lib/python3.11/site-packages/airflow/example_dags/example_task_group.py
[2025-06-13T17:28:52.584+0200] {processor.py:743} INFO - Processing file /home/monica.fernandez/practica_creativa/venv-airflow/lib/python3.11/site-packages/airflow/example_dags/example_task_group.py for tasks to queue
[2025-06-13T17:28:52.585+0200] {logging_mixin.py:137} INFO - [2025-06-13T17:28:52.584+0200] {dagbag.py:538} INFO - Filling up the DagBag from /home/monica.fernandez/practica_creativa/venv-airflow/lib/python3.11/site-packages/airflow/example_dags/example_task_group.py
[2025-06-13T17:28:52.612+0200] {processor.py:753} INFO - DAG(s) dict_keys(['example_task_group']) retrieved from /home/monica.fernandez/practica_creativa/venv-airflow/lib/python3.11/site-packages/airflow/example_dags/example_task_group.py
[2025-06-13T17:28:52.654+0200] {logging_mixin.py:137} INFO - [2025-06-13T17:28:52.654+0200] {dag.py:2690} INFO - Sync 1 DAGs
[2025-06-13T17:28:52.699+0200] {logging_mixin.py:137} INFO - [2025-06-13T17:28:52.699+0200] {dag.py:3437} INFO - Setting next_dagrun for example_task_group to 2025-06-12T15:28:52.699295+00:00, run_after=2025-06-13T15:28:52.699295+00:00
[2025-06-13T17:28:52.774+0200] {processor.py:175} INFO - Processing /home/monica.fernandez/practica_creativa/venv-airflow/lib/python3.11/site-packages/airflow/example_dags/example_task_group.py took 0.195 seconds
[2025-06-13T17:29:36.892+0200] {processor.py:153} INFO - Started process (PID=42872) to work on /home/monica.fernandez/practica_creativa/venv-airflow/lib/python3.11/site-packages/airflow/example_dags/example_task_group.py
[2025-06-13T17:29:36.893+0200] {processor.py:743} INFO - Processing file /home/monica.fernandez/practica_creativa/venv-airflow/lib/python3.11/site-packages/airflow/example_dags/example_task_group.py for tasks to queue
[2025-06-13T17:29:36.894+0200] {logging_mixin.py:137} INFO - [2025-06-13T17:29:36.893+0200] {dagbag.py:538} INFO - Filling up the DagBag from /home/monica.fernandez/practica_creativa/venv-airflow/lib/python3.11/site-packages/airflow/example_dags/example_task_group.py
[2025-06-13T17:29:36.919+0200] {processor.py:753} INFO - DAG(s) dict_keys(['example_task_group']) retrieved from /home/monica.fernandez/practica_creativa/venv-airflow/lib/python3.11/site-packages/airflow/example_dags/example_task_group.py
[2025-06-13T17:29:36.951+0200] {logging_mixin.py:137} INFO - [2025-06-13T17:29:36.951+0200] {dag.py:2690} INFO - Sync 1 DAGs
[2025-06-13T17:29:36.989+0200] {logging_mixin.py:137} INFO - [2025-06-13T17:29:36.989+0200] {dag.py:3437} INFO - Setting next_dagrun for example_task_group to 2025-06-12T15:29:36.989497+00:00, run_after=2025-06-13T15:29:36.989497+00:00
[2025-06-13T17:29:37.127+0200] {processor.py:175} INFO - Processing /home/monica.fernandez/practica_creativa/venv-airflow/lib/python3.11/site-packages/airflow/example_dags/example_task_group.py took 0.240 seconds
[2025-06-13T17:30:28.493+0200] {processor.py:153} INFO - Started process (PID=43372) to work on /home/monica.fernandez/practica_creativa/venv-airflow/lib/python3.11/site-packages/airflow/example_dags/example_task_group.py
[2025-06-13T17:30:28.494+0200] {processor.py:743} INFO - Processing file /home/monica.fernandez/practica_creativa/venv-airflow/lib/python3.11/site-packages/airflow/example_dags/example_task_group.py for tasks to queue
[2025-06-13T17:30:28.494+0200] {logging_mixin.py:137} INFO - [2025-06-13T17:30:28.494+0200] {dagbag.py:538} INFO - Filling up the DagBag from /home/monica.fernandez/practica_creativa/venv-airflow/lib/python3.11/site-packages/airflow/example_dags/example_task_group.py
[2025-06-13T17:30:28.519+0200] {processor.py:753} INFO - DAG(s) dict_keys(['example_task_group']) retrieved from /home/monica.fernandez/practica_creativa/venv-airflow/lib/python3.11/site-packages/airflow/example_dags/example_task_group.py
[2025-06-13T17:30:28.552+0200] {logging_mixin.py:137} INFO - [2025-06-13T17:30:28.552+0200] {dag.py:2690} INFO - Sync 1 DAGs
[2025-06-13T17:30:28.583+0200] {logging_mixin.py:137} INFO - [2025-06-13T17:30:28.583+0200] {dag.py:3437} INFO - Setting next_dagrun for example_task_group to 2025-06-12T15:30:28.583168+00:00, run_after=2025-06-13T15:30:28.583168+00:00
[2025-06-13T17:30:28.642+0200] {processor.py:175} INFO - Processing /home/monica.fernandez/practica_creativa/venv-airflow/lib/python3.11/site-packages/airflow/example_dags/example_task_group.py took 0.155 seconds
[2025-06-13T17:31:35.494+0200] {processor.py:153} INFO - Started process (PID=44257) to work on /home/monica.fernandez/practica_creativa/venv-airflow/lib/python3.11/site-packages/airflow/example_dags/example_task_group.py
[2025-06-13T17:31:35.494+0200] {processor.py:743} INFO - Processing file /home/monica.fernandez/practica_creativa/venv-airflow/lib/python3.11/site-packages/airflow/example_dags/example_task_group.py for tasks to queue
[2025-06-13T17:31:35.495+0200] {logging_mixin.py:137} INFO - [2025-06-13T17:31:35.495+0200] {dagbag.py:538} INFO - Filling up the DagBag from /home/monica.fernandez/practica_creativa/venv-airflow/lib/python3.11/site-packages/airflow/example_dags/example_task_group.py
[2025-06-13T17:31:35.517+0200] {processor.py:753} INFO - DAG(s) dict_keys(['example_task_group']) retrieved from /home/monica.fernandez/practica_creativa/venv-airflow/lib/python3.11/site-packages/airflow/example_dags/example_task_group.py
[2025-06-13T17:31:35.553+0200] {logging_mixin.py:137} INFO - [2025-06-13T17:31:35.552+0200] {dag.py:2690} INFO - Sync 1 DAGs
[2025-06-13T17:31:35.582+0200] {logging_mixin.py:137} INFO - [2025-06-13T17:31:35.582+0200] {dag.py:3437} INFO - Setting next_dagrun for example_task_group to 2025-06-12T15:31:35.582311+00:00, run_after=2025-06-13T15:31:35.582311+00:00
[2025-06-13T17:31:35.641+0200] {processor.py:175} INFO - Processing /home/monica.fernandez/practica_creativa/venv-airflow/lib/python3.11/site-packages/airflow/example_dags/example_task_group.py took 0.150 seconds
[2025-06-13T17:32:20.594+0200] {processor.py:153} INFO - Started process (PID=44627) to work on /home/monica.fernandez/practica_creativa/venv-airflow/lib/python3.11/site-packages/airflow/example_dags/example_task_group.py
[2025-06-13T17:32:20.595+0200] {processor.py:743} INFO - Processing file /home/monica.fernandez/practica_creativa/venv-airflow/lib/python3.11/site-packages/airflow/example_dags/example_task_group.py for tasks to queue
[2025-06-13T17:32:20.596+0200] {logging_mixin.py:137} INFO - [2025-06-13T17:32:20.595+0200] {dagbag.py:538} INFO - Filling up the DagBag from /home/monica.fernandez/practica_creativa/venv-airflow/lib/python3.11/site-packages/airflow/example_dags/example_task_group.py
[2025-06-13T17:32:20.624+0200] {processor.py:753} INFO - DAG(s) dict_keys(['example_task_group']) retrieved from /home/monica.fernandez/practica_creativa/venv-airflow/lib/python3.11/site-packages/airflow/example_dags/example_task_group.py
[2025-06-13T17:32:20.666+0200] {logging_mixin.py:137} INFO - [2025-06-13T17:32:20.666+0200] {dag.py:2690} INFO - Sync 1 DAGs
[2025-06-13T17:32:20.696+0200] {logging_mixin.py:137} INFO - [2025-06-13T17:32:20.695+0200] {dag.py:3437} INFO - Setting next_dagrun for example_task_group to 2025-06-12T15:32:20.695611+00:00, run_after=2025-06-13T15:32:20.695611+00:00
[2025-06-13T17:32:20.768+0200] {processor.py:175} INFO - Processing /home/monica.fernandez/practica_creativa/venv-airflow/lib/python3.11/site-packages/airflow/example_dags/example_task_group.py took 0.177 seconds
[2025-06-13T17:33:13.265+0200] {processor.py:153} INFO - Started process (PID=45098) to work on /home/monica.fernandez/practica_creativa/venv-airflow/lib/python3.11/site-packages/airflow/example_dags/example_task_group.py
[2025-06-13T17:33:13.266+0200] {processor.py:743} INFO - Processing file /home/monica.fernandez/practica_creativa/venv-airflow/lib/python3.11/site-packages/airflow/example_dags/example_task_group.py for tasks to queue
[2025-06-13T17:33:13.267+0200] {logging_mixin.py:137} INFO - [2025-06-13T17:33:13.266+0200] {dagbag.py:538} INFO - Filling up the DagBag from /home/monica.fernandez/practica_creativa/venv-airflow/lib/python3.11/site-packages/airflow/example_dags/example_task_group.py
[2025-06-13T17:33:13.301+0200] {processor.py:753} INFO - DAG(s) dict_keys(['example_task_group']) retrieved from /home/monica.fernandez/practica_creativa/venv-airflow/lib/python3.11/site-packages/airflow/example_dags/example_task_group.py
[2025-06-13T17:33:13.332+0200] {logging_mixin.py:137} INFO - [2025-06-13T17:33:13.332+0200] {dag.py:2690} INFO - Sync 1 DAGs
[2025-06-13T17:33:13.362+0200] {logging_mixin.py:137} INFO - [2025-06-13T17:33:13.362+0200] {dag.py:3437} INFO - Setting next_dagrun for example_task_group to 2025-06-12T15:33:13.362132+00:00, run_after=2025-06-13T15:33:13.362132+00:00
[2025-06-13T17:33:13.425+0200] {processor.py:175} INFO - Processing /home/monica.fernandez/practica_creativa/venv-airflow/lib/python3.11/site-packages/airflow/example_dags/example_task_group.py took 0.165 seconds
[2025-06-13T17:33:55.341+0200] {processor.py:153} INFO - Started process (PID=45460) to work on /home/monica.fernandez/practica_creativa/venv-airflow/lib/python3.11/site-packages/airflow/example_dags/example_task_group.py
[2025-06-13T17:33:55.342+0200] {processor.py:743} INFO - Processing file /home/monica.fernandez/practica_creativa/venv-airflow/lib/python3.11/site-packages/airflow/example_dags/example_task_group.py for tasks to queue
[2025-06-13T17:33:55.343+0200] {logging_mixin.py:137} INFO - [2025-06-13T17:33:55.342+0200] {dagbag.py:538} INFO - Filling up the DagBag from /home/monica.fernandez/practica_creativa/venv-airflow/lib/python3.11/site-packages/airflow/example_dags/example_task_group.py
[2025-06-13T17:33:55.366+0200] {processor.py:753} INFO - DAG(s) dict_keys(['example_task_group']) retrieved from /home/monica.fernandez/practica_creativa/venv-airflow/lib/python3.11/site-packages/airflow/example_dags/example_task_group.py
[2025-06-13T17:33:55.391+0200] {logging_mixin.py:137} INFO - [2025-06-13T17:33:55.390+0200] {dag.py:2690} INFO - Sync 1 DAGs
[2025-06-13T17:33:55.416+0200] {logging_mixin.py:137} INFO - [2025-06-13T17:33:55.416+0200] {dag.py:3437} INFO - Setting next_dagrun for example_task_group to 2025-06-12T15:33:55.416634+00:00, run_after=2025-06-13T15:33:55.416634+00:00
[2025-06-13T17:33:55.470+0200] {processor.py:175} INFO - Processing /home/monica.fernandez/practica_creativa/venv-airflow/lib/python3.11/site-packages/airflow/example_dags/example_task_group.py took 0.133 seconds
[2025-06-13T17:34:35.581+0200] {processor.py:153} INFO - Started process (PID=45865) to work on /home/monica.fernandez/practica_creativa/venv-airflow/lib/python3.11/site-packages/airflow/example_dags/example_task_group.py
[2025-06-13T17:34:35.582+0200] {processor.py:743} INFO - Processing file /home/monica.fernandez/practica_creativa/venv-airflow/lib/python3.11/site-packages/airflow/example_dags/example_task_group.py for tasks to queue
[2025-06-13T17:34:35.583+0200] {logging_mixin.py:137} INFO - [2025-06-13T17:34:35.583+0200] {dagbag.py:538} INFO - Filling up the DagBag from /home/monica.fernandez/practica_creativa/venv-airflow/lib/python3.11/site-packages/airflow/example_dags/example_task_group.py
[2025-06-13T17:34:35.614+0200] {processor.py:753} INFO - DAG(s) dict_keys(['example_task_group']) retrieved from /home/monica.fernandez/practica_creativa/venv-airflow/lib/python3.11/site-packages/airflow/example_dags/example_task_group.py
[2025-06-13T17:34:35.655+0200] {logging_mixin.py:137} INFO - [2025-06-13T17:34:35.655+0200] {dag.py:2690} INFO - Sync 1 DAGs
[2025-06-13T17:34:35.691+0200] {logging_mixin.py:137} INFO - [2025-06-13T17:34:35.691+0200] {dag.py:3437} INFO - Setting next_dagrun for example_task_group to 2025-06-12T15:34:35.691229+00:00, run_after=2025-06-13T15:34:35.691229+00:00
[2025-06-13T17:34:35.761+0200] {processor.py:175} INFO - Processing /home/monica.fernandez/practica_creativa/venv-airflow/lib/python3.11/site-packages/airflow/example_dags/example_task_group.py took 0.183 seconds
[2025-06-13T17:35:15.660+0200] {processor.py:153} INFO - Started process (PID=46243) to work on /home/monica.fernandez/practica_creativa/venv-airflow/lib/python3.11/site-packages/airflow/example_dags/example_task_group.py
[2025-06-13T17:35:15.661+0200] {processor.py:743} INFO - Processing file /home/monica.fernandez/practica_creativa/venv-airflow/lib/python3.11/site-packages/airflow/example_dags/example_task_group.py for tasks to queue
[2025-06-13T17:35:15.662+0200] {logging_mixin.py:137} INFO - [2025-06-13T17:35:15.661+0200] {dagbag.py:538} INFO - Filling up the DagBag from /home/monica.fernandez/practica_creativa/venv-airflow/lib/python3.11/site-packages/airflow/example_dags/example_task_group.py
[2025-06-13T17:35:15.686+0200] {processor.py:753} INFO - DAG(s) dict_keys(['example_task_group']) retrieved from /home/monica.fernandez/practica_creativa/venv-airflow/lib/python3.11/site-packages/airflow/example_dags/example_task_group.py
[2025-06-13T17:35:15.722+0200] {logging_mixin.py:137} INFO - [2025-06-13T17:35:15.722+0200] {dag.py:2690} INFO - Sync 1 DAGs
[2025-06-13T17:35:15.751+0200] {logging_mixin.py:137} INFO - [2025-06-13T17:35:15.751+0200] {dag.py:3437} INFO - Setting next_dagrun for example_task_group to 2025-06-12T15:35:15.750929+00:00, run_after=2025-06-13T15:35:15.750929+00:00
[2025-06-13T17:35:15.814+0200] {processor.py:175} INFO - Processing /home/monica.fernandez/practica_creativa/venv-airflow/lib/python3.11/site-packages/airflow/example_dags/example_task_group.py took 0.157 seconds
[2025-06-13T17:35:54.977+0200] {processor.py:153} INFO - Started process (PID=46597) to work on /home/monica.fernandez/practica_creativa/venv-airflow/lib/python3.11/site-packages/airflow/example_dags/example_task_group.py
[2025-06-13T17:35:54.978+0200] {processor.py:743} INFO - Processing file /home/monica.fernandez/practica_creativa/venv-airflow/lib/python3.11/site-packages/airflow/example_dags/example_task_group.py for tasks to queue
[2025-06-13T17:35:54.979+0200] {logging_mixin.py:137} INFO - [2025-06-13T17:35:54.979+0200] {dagbag.py:538} INFO - Filling up the DagBag from /home/monica.fernandez/practica_creativa/venv-airflow/lib/python3.11/site-packages/airflow/example_dags/example_task_group.py
[2025-06-13T17:35:55.001+0200] {processor.py:753} INFO - DAG(s) dict_keys(['example_task_group']) retrieved from /home/monica.fernandez/practica_creativa/venv-airflow/lib/python3.11/site-packages/airflow/example_dags/example_task_group.py
[2025-06-13T17:35:55.046+0200] {logging_mixin.py:137} INFO - [2025-06-13T17:35:55.046+0200] {dag.py:2690} INFO - Sync 1 DAGs
[2025-06-13T17:35:55.080+0200] {logging_mixin.py:137} INFO - [2025-06-13T17:35:55.079+0200] {dag.py:3437} INFO - Setting next_dagrun for example_task_group to 2025-06-12T15:35:55.076783+00:00, run_after=2025-06-13T15:35:55.076783+00:00
[2025-06-13T17:35:55.148+0200] {processor.py:175} INFO - Processing /home/monica.fernandez/practica_creativa/venv-airflow/lib/python3.11/site-packages/airflow/example_dags/example_task_group.py took 0.174 seconds
[2025-06-13T17:36:56.700+0200] {processor.py:153} INFO - Started process (PID=47228) to work on /home/monica.fernandez/practica_creativa/venv-airflow/lib/python3.11/site-packages/airflow/example_dags/example_task_group.py
[2025-06-13T17:36:56.701+0200] {processor.py:743} INFO - Processing file /home/monica.fernandez/practica_creativa/venv-airflow/lib/python3.11/site-packages/airflow/example_dags/example_task_group.py for tasks to queue
[2025-06-13T17:36:56.702+0200] {logging_mixin.py:137} INFO - [2025-06-13T17:36:56.702+0200] {dagbag.py:538} INFO - Filling up the DagBag from /home/monica.fernandez/practica_creativa/venv-airflow/lib/python3.11/site-packages/airflow/example_dags/example_task_group.py
[2025-06-13T17:36:56.739+0200] {processor.py:753} INFO - DAG(s) dict_keys(['example_task_group']) retrieved from /home/monica.fernandez/practica_creativa/venv-airflow/lib/python3.11/site-packages/airflow/example_dags/example_task_group.py
[2025-06-13T17:36:56.777+0200] {logging_mixin.py:137} INFO - [2025-06-13T17:36:56.777+0200] {dag.py:2690} INFO - Sync 1 DAGs
[2025-06-13T17:36:56.835+0200] {logging_mixin.py:137} INFO - [2025-06-13T17:36:56.834+0200] {dag.py:3437} INFO - Setting next_dagrun for example_task_group to 2025-06-12T15:36:56.834688+00:00, run_after=2025-06-13T15:36:56.834688+00:00
[2025-06-13T17:36:56.935+0200] {processor.py:175} INFO - Processing /home/monica.fernandez/practica_creativa/venv-airflow/lib/python3.11/site-packages/airflow/example_dags/example_task_group.py took 0.239 seconds
[2025-06-13T17:37:40.817+0200] {processor.py:153} INFO - Started process (PID=47663) to work on /home/monica.fernandez/practica_creativa/venv-airflow/lib/python3.11/site-packages/airflow/example_dags/example_task_group.py
[2025-06-13T17:37:40.818+0200] {processor.py:743} INFO - Processing file /home/monica.fernandez/practica_creativa/venv-airflow/lib/python3.11/site-packages/airflow/example_dags/example_task_group.py for tasks to queue
[2025-06-13T17:37:40.819+0200] {logging_mixin.py:137} INFO - [2025-06-13T17:37:40.819+0200] {dagbag.py:538} INFO - Filling up the DagBag from /home/monica.fernandez/practica_creativa/venv-airflow/lib/python3.11/site-packages/airflow/example_dags/example_task_group.py
[2025-06-13T17:37:40.847+0200] {processor.py:753} INFO - DAG(s) dict_keys(['example_task_group']) retrieved from /home/monica.fernandez/practica_creativa/venv-airflow/lib/python3.11/site-packages/airflow/example_dags/example_task_group.py
[2025-06-13T17:37:40.888+0200] {logging_mixin.py:137} INFO - [2025-06-13T17:37:40.887+0200] {dag.py:2690} INFO - Sync 1 DAGs
[2025-06-13T17:37:40.925+0200] {logging_mixin.py:137} INFO - [2025-06-13T17:37:40.925+0200] {dag.py:3437} INFO - Setting next_dagrun for example_task_group to 2025-06-12T15:37:40.925297+00:00, run_after=2025-06-13T15:37:40.925297+00:00
[2025-06-13T17:37:40.994+0200] {processor.py:175} INFO - Processing /home/monica.fernandez/practica_creativa/venv-airflow/lib/python3.11/site-packages/airflow/example_dags/example_task_group.py took 0.181 seconds
[2025-06-13T17:38:30.933+0200] {processor.py:153} INFO - Started process (PID=48070) to work on /home/monica.fernandez/practica_creativa/venv-airflow/lib/python3.11/site-packages/airflow/example_dags/example_task_group.py
[2025-06-13T17:38:30.934+0200] {processor.py:743} INFO - Processing file /home/monica.fernandez/practica_creativa/venv-airflow/lib/python3.11/site-packages/airflow/example_dags/example_task_group.py for tasks to queue
[2025-06-13T17:38:30.935+0200] {logging_mixin.py:137} INFO - [2025-06-13T17:38:30.935+0200] {dagbag.py:538} INFO - Filling up the DagBag from /home/monica.fernandez/practica_creativa/venv-airflow/lib/python3.11/site-packages/airflow/example_dags/example_task_group.py
[2025-06-13T17:38:30.971+0200] {processor.py:753} INFO - DAG(s) dict_keys(['example_task_group']) retrieved from /home/monica.fernandez/practica_creativa/venv-airflow/lib/python3.11/site-packages/airflow/example_dags/example_task_group.py
[2025-06-13T17:38:30.996+0200] {logging_mixin.py:137} INFO - [2025-06-13T17:38:30.996+0200] {dag.py:2690} INFO - Sync 1 DAGs
[2025-06-13T17:38:31.021+0200] {logging_mixin.py:137} INFO - [2025-06-13T17:38:31.021+0200] {dag.py:3437} INFO - Setting next_dagrun for example_task_group to 2025-06-12T15:38:31.021143+00:00, run_after=2025-06-13T15:38:31.021143+00:00
[2025-06-13T17:38:31.074+0200] {processor.py:175} INFO - Processing /home/monica.fernandez/practica_creativa/venv-airflow/lib/python3.11/site-packages/airflow/example_dags/example_task_group.py took 0.145 seconds
[2025-06-13T17:39:08.378+0200] {processor.py:153} INFO - Started process (PID=48414) to work on /home/monica.fernandez/practica_creativa/venv-airflow/lib/python3.11/site-packages/airflow/example_dags/example_task_group.py
[2025-06-13T17:39:08.378+0200] {processor.py:743} INFO - Processing file /home/monica.fernandez/practica_creativa/venv-airflow/lib/python3.11/site-packages/airflow/example_dags/example_task_group.py for tasks to queue
[2025-06-13T17:39:08.379+0200] {logging_mixin.py:137} INFO - [2025-06-13T17:39:08.379+0200] {dagbag.py:538} INFO - Filling up the DagBag from /home/monica.fernandez/practica_creativa/venv-airflow/lib/python3.11/site-packages/airflow/example_dags/example_task_group.py
[2025-06-13T17:39:08.401+0200] {processor.py:753} INFO - DAG(s) dict_keys(['example_task_group']) retrieved from /home/monica.fernandez/practica_creativa/venv-airflow/lib/python3.11/site-packages/airflow/example_dags/example_task_group.py
[2025-06-13T17:39:08.432+0200] {logging_mixin.py:137} INFO - [2025-06-13T17:39:08.432+0200] {dag.py:2690} INFO - Sync 1 DAGs
[2025-06-13T17:39:08.463+0200] {logging_mixin.py:137} INFO - [2025-06-13T17:39:08.463+0200] {dag.py:3437} INFO - Setting next_dagrun for example_task_group to 2025-06-12T15:39:08.462792+00:00, run_after=2025-06-13T15:39:08.462792+00:00
[2025-06-13T17:39:08.521+0200] {processor.py:175} INFO - Processing /home/monica.fernandez/practica_creativa/venv-airflow/lib/python3.11/site-packages/airflow/example_dags/example_task_group.py took 0.146 seconds
[2025-06-13T17:39:48.339+0200] {processor.py:153} INFO - Started process (PID=48778) to work on /home/monica.fernandez/practica_creativa/venv-airflow/lib/python3.11/site-packages/airflow/example_dags/example_task_group.py
[2025-06-13T17:39:48.339+0200] {processor.py:743} INFO - Processing file /home/monica.fernandez/practica_creativa/venv-airflow/lib/python3.11/site-packages/airflow/example_dags/example_task_group.py for tasks to queue
[2025-06-13T17:39:48.340+0200] {logging_mixin.py:137} INFO - [2025-06-13T17:39:48.340+0200] {dagbag.py:538} INFO - Filling up the DagBag from /home/monica.fernandez/practica_creativa/venv-airflow/lib/python3.11/site-packages/airflow/example_dags/example_task_group.py
[2025-06-13T17:39:48.358+0200] {processor.py:753} INFO - DAG(s) dict_keys(['example_task_group']) retrieved from /home/monica.fernandez/practica_creativa/venv-airflow/lib/python3.11/site-packages/airflow/example_dags/example_task_group.py
[2025-06-13T17:39:48.385+0200] {logging_mixin.py:137} INFO - [2025-06-13T17:39:48.384+0200] {dag.py:2690} INFO - Sync 1 DAGs
[2025-06-13T17:39:48.410+0200] {logging_mixin.py:137} INFO - [2025-06-13T17:39:48.410+0200] {dag.py:3437} INFO - Setting next_dagrun for example_task_group to 2025-06-12T15:39:48.410091+00:00, run_after=2025-06-13T15:39:48.410091+00:00
[2025-06-13T17:39:48.461+0200] {processor.py:175} INFO - Processing /home/monica.fernandez/practica_creativa/venv-airflow/lib/python3.11/site-packages/airflow/example_dags/example_task_group.py took 0.125 seconds
[2025-06-13T17:40:41.874+0200] {processor.py:153} INFO - Started process (PID=49280) to work on /home/monica.fernandez/practica_creativa/venv-airflow/lib/python3.11/site-packages/airflow/example_dags/example_task_group.py
[2025-06-13T17:40:41.875+0200] {processor.py:743} INFO - Processing file /home/monica.fernandez/practica_creativa/venv-airflow/lib/python3.11/site-packages/airflow/example_dags/example_task_group.py for tasks to queue
[2025-06-13T17:40:41.876+0200] {logging_mixin.py:137} INFO - [2025-06-13T17:40:41.876+0200] {dagbag.py:538} INFO - Filling up the DagBag from /home/monica.fernandez/practica_creativa/venv-airflow/lib/python3.11/site-packages/airflow/example_dags/example_task_group.py
[2025-06-13T17:40:41.916+0200] {processor.py:753} INFO - DAG(s) dict_keys(['example_task_group']) retrieved from /home/monica.fernandez/practica_creativa/venv-airflow/lib/python3.11/site-packages/airflow/example_dags/example_task_group.py
[2025-06-13T17:40:41.965+0200] {logging_mixin.py:137} INFO - [2025-06-13T17:40:41.965+0200] {dag.py:2690} INFO - Sync 1 DAGs
[2025-06-13T17:40:41.995+0200] {logging_mixin.py:137} INFO - [2025-06-13T17:40:41.995+0200] {dag.py:3437} INFO - Setting next_dagrun for example_task_group to 2025-06-12T15:40:41.995597+00:00, run_after=2025-06-13T15:40:41.995597+00:00
[2025-06-13T17:40:42.062+0200] {processor.py:175} INFO - Processing /home/monica.fernandez/practica_creativa/venv-airflow/lib/python3.11/site-packages/airflow/example_dags/example_task_group.py took 0.193 seconds
[2025-06-13T17:41:18.675+0200] {processor.py:153} INFO - Started process (PID=49545) to work on /home/monica.fernandez/practica_creativa/venv-airflow/lib/python3.11/site-packages/airflow/example_dags/example_task_group.py
[2025-06-13T17:41:18.676+0200] {processor.py:743} INFO - Processing file /home/monica.fernandez/practica_creativa/venv-airflow/lib/python3.11/site-packages/airflow/example_dags/example_task_group.py for tasks to queue
[2025-06-13T17:41:18.677+0200] {logging_mixin.py:137} INFO - [2025-06-13T17:41:18.677+0200] {dagbag.py:538} INFO - Filling up the DagBag from /home/monica.fernandez/practica_creativa/venv-airflow/lib/python3.11/site-packages/airflow/example_dags/example_task_group.py
[2025-06-13T17:41:18.710+0200] {processor.py:753} INFO - DAG(s) dict_keys(['example_task_group']) retrieved from /home/monica.fernandez/practica_creativa/venv-airflow/lib/python3.11/site-packages/airflow/example_dags/example_task_group.py
[2025-06-13T17:41:18.750+0200] {logging_mixin.py:137} INFO - [2025-06-13T17:41:18.750+0200] {dag.py:2690} INFO - Sync 1 DAGs
[2025-06-13T17:41:18.782+0200] {logging_mixin.py:137} INFO - [2025-06-13T17:41:18.782+0200] {dag.py:3437} INFO - Setting next_dagrun for example_task_group to 2025-06-12T15:41:18.782099+00:00, run_after=2025-06-13T15:41:18.782099+00:00
[2025-06-13T17:41:18.850+0200] {processor.py:175} INFO - Processing /home/monica.fernandez/practica_creativa/venv-airflow/lib/python3.11/site-packages/airflow/example_dags/example_task_group.py took 0.179 seconds
[2025-06-13T17:42:11.605+0200] {processor.py:153} INFO - Started process (PID=50039) to work on /home/monica.fernandez/practica_creativa/venv-airflow/lib/python3.11/site-packages/airflow/example_dags/example_task_group.py
[2025-06-13T17:42:11.606+0200] {processor.py:743} INFO - Processing file /home/monica.fernandez/practica_creativa/venv-airflow/lib/python3.11/site-packages/airflow/example_dags/example_task_group.py for tasks to queue
[2025-06-13T17:42:11.607+0200] {logging_mixin.py:137} INFO - [2025-06-13T17:42:11.607+0200] {dagbag.py:538} INFO - Filling up the DagBag from /home/monica.fernandez/practica_creativa/venv-airflow/lib/python3.11/site-packages/airflow/example_dags/example_task_group.py
[2025-06-13T17:42:11.630+0200] {processor.py:753} INFO - DAG(s) dict_keys(['example_task_group']) retrieved from /home/monica.fernandez/practica_creativa/venv-airflow/lib/python3.11/site-packages/airflow/example_dags/example_task_group.py
[2025-06-13T17:42:11.664+0200] {logging_mixin.py:137} INFO - [2025-06-13T17:42:11.664+0200] {dag.py:2690} INFO - Sync 1 DAGs
[2025-06-13T17:42:11.692+0200] {logging_mixin.py:137} INFO - [2025-06-13T17:42:11.692+0200] {dag.py:3437} INFO - Setting next_dagrun for example_task_group to 2025-06-12T15:42:11.692129+00:00, run_after=2025-06-13T15:42:11.692129+00:00
[2025-06-13T17:42:11.759+0200] {processor.py:175} INFO - Processing /home/monica.fernandez/practica_creativa/venv-airflow/lib/python3.11/site-packages/airflow/example_dags/example_task_group.py took 0.156 seconds
[2025-06-13T17:43:01.986+0200] {processor.py:153} INFO - Started process (PID=50471) to work on /home/monica.fernandez/practica_creativa/venv-airflow/lib/python3.11/site-packages/airflow/example_dags/example_task_group.py
[2025-06-13T17:43:01.987+0200] {processor.py:743} INFO - Processing file /home/monica.fernandez/practica_creativa/venv-airflow/lib/python3.11/site-packages/airflow/example_dags/example_task_group.py for tasks to queue
[2025-06-13T17:43:01.988+0200] {logging_mixin.py:137} INFO - [2025-06-13T17:43:01.988+0200] {dagbag.py:538} INFO - Filling up the DagBag from /home/monica.fernandez/practica_creativa/venv-airflow/lib/python3.11/site-packages/airflow/example_dags/example_task_group.py
[2025-06-13T17:43:02.011+0200] {processor.py:753} INFO - DAG(s) dict_keys(['example_task_group']) retrieved from /home/monica.fernandez/practica_creativa/venv-airflow/lib/python3.11/site-packages/airflow/example_dags/example_task_group.py
[2025-06-13T17:43:02.040+0200] {logging_mixin.py:137} INFO - [2025-06-13T17:43:02.040+0200] {dag.py:2690} INFO - Sync 1 DAGs
[2025-06-13T17:43:02.070+0200] {logging_mixin.py:137} INFO - [2025-06-13T17:43:02.070+0200] {dag.py:3437} INFO - Setting next_dagrun for example_task_group to 2025-06-12T15:43:02.070183+00:00, run_after=2025-06-13T15:43:02.070183+00:00
[2025-06-13T17:43:02.141+0200] {processor.py:175} INFO - Processing /home/monica.fernandez/practica_creativa/venv-airflow/lib/python3.11/site-packages/airflow/example_dags/example_task_group.py took 0.160 seconds
[2025-06-13T17:43:40.016+0200] {processor.py:153} INFO - Started process (PID=50853) to work on /home/monica.fernandez/practica_creativa/venv-airflow/lib/python3.11/site-packages/airflow/example_dags/example_task_group.py
[2025-06-13T17:43:40.016+0200] {processor.py:743} INFO - Processing file /home/monica.fernandez/practica_creativa/venv-airflow/lib/python3.11/site-packages/airflow/example_dags/example_task_group.py for tasks to queue
[2025-06-13T17:43:40.017+0200] {logging_mixin.py:137} INFO - [2025-06-13T17:43:40.017+0200] {dagbag.py:538} INFO - Filling up the DagBag from /home/monica.fernandez/practica_creativa/venv-airflow/lib/python3.11/site-packages/airflow/example_dags/example_task_group.py
[2025-06-13T17:43:40.055+0200] {processor.py:753} INFO - DAG(s) dict_keys(['example_task_group']) retrieved from /home/monica.fernandez/practica_creativa/venv-airflow/lib/python3.11/site-packages/airflow/example_dags/example_task_group.py
[2025-06-13T17:43:40.108+0200] {logging_mixin.py:137} INFO - [2025-06-13T17:43:40.108+0200] {dag.py:2690} INFO - Sync 1 DAGs
[2025-06-13T17:43:40.156+0200] {logging_mixin.py:137} INFO - [2025-06-13T17:43:40.156+0200] {dag.py:3437} INFO - Setting next_dagrun for example_task_group to 2025-06-12T15:43:40.155936+00:00, run_after=2025-06-13T15:43:40.155936+00:00
[2025-06-13T17:43:40.342+0200] {processor.py:175} INFO - Processing /home/monica.fernandez/practica_creativa/venv-airflow/lib/python3.11/site-packages/airflow/example_dags/example_task_group.py took 0.330 seconds
[2025-06-13T17:44:24.588+0200] {processor.py:153} INFO - Started process (PID=51536) to work on /home/monica.fernandez/practica_creativa/venv-airflow/lib/python3.11/site-packages/airflow/example_dags/example_task_group.py
[2025-06-13T17:44:24.589+0200] {processor.py:743} INFO - Processing file /home/monica.fernandez/practica_creativa/venv-airflow/lib/python3.11/site-packages/airflow/example_dags/example_task_group.py for tasks to queue
[2025-06-13T17:44:24.590+0200] {logging_mixin.py:137} INFO - [2025-06-13T17:44:24.590+0200] {dagbag.py:538} INFO - Filling up the DagBag from /home/monica.fernandez/practica_creativa/venv-airflow/lib/python3.11/site-packages/airflow/example_dags/example_task_group.py
[2025-06-13T17:44:24.626+0200] {processor.py:753} INFO - DAG(s) dict_keys(['example_task_group']) retrieved from /home/monica.fernandez/practica_creativa/venv-airflow/lib/python3.11/site-packages/airflow/example_dags/example_task_group.py
[2025-06-13T17:44:24.662+0200] {logging_mixin.py:137} INFO - [2025-06-13T17:44:24.662+0200] {dag.py:2690} INFO - Sync 1 DAGs
[2025-06-13T17:44:24.695+0200] {logging_mixin.py:137} INFO - [2025-06-13T17:44:24.695+0200] {dag.py:3437} INFO - Setting next_dagrun for example_task_group to 2025-06-12T15:44:24.695548+00:00, run_after=2025-06-13T15:44:24.695548+00:00
[2025-06-13T17:44:24.869+0200] {processor.py:175} INFO - Processing /home/monica.fernandez/practica_creativa/venv-airflow/lib/python3.11/site-packages/airflow/example_dags/example_task_group.py took 0.287 seconds
[2025-06-13T17:45:11.670+0200] {processor.py:153} INFO - Started process (PID=51962) to work on /home/monica.fernandez/practica_creativa/venv-airflow/lib/python3.11/site-packages/airflow/example_dags/example_task_group.py
[2025-06-13T17:45:11.671+0200] {processor.py:743} INFO - Processing file /home/monica.fernandez/practica_creativa/venv-airflow/lib/python3.11/site-packages/airflow/example_dags/example_task_group.py for tasks to queue
[2025-06-13T17:45:11.672+0200] {logging_mixin.py:137} INFO - [2025-06-13T17:45:11.672+0200] {dagbag.py:538} INFO - Filling up the DagBag from /home/monica.fernandez/practica_creativa/venv-airflow/lib/python3.11/site-packages/airflow/example_dags/example_task_group.py
[2025-06-13T17:45:11.705+0200] {processor.py:753} INFO - DAG(s) dict_keys(['example_task_group']) retrieved from /home/monica.fernandez/practica_creativa/venv-airflow/lib/python3.11/site-packages/airflow/example_dags/example_task_group.py
[2025-06-13T17:45:11.747+0200] {logging_mixin.py:137} INFO - [2025-06-13T17:45:11.747+0200] {dag.py:2690} INFO - Sync 1 DAGs
[2025-06-13T17:45:11.900+0200] {logging_mixin.py:137} INFO - [2025-06-13T17:45:11.900+0200] {dag.py:3437} INFO - Setting next_dagrun for example_task_group to 2025-06-12T15:45:11.900199+00:00, run_after=2025-06-13T15:45:11.900199+00:00
[2025-06-13T17:45:11.957+0200] {processor.py:175} INFO - Processing /home/monica.fernandez/practica_creativa/venv-airflow/lib/python3.11/site-packages/airflow/example_dags/example_task_group.py took 0.291 seconds
[2025-06-13T17:45:57.449+0200] {processor.py:153} INFO - Started process (PID=52313) to work on /home/monica.fernandez/practica_creativa/venv-airflow/lib/python3.11/site-packages/airflow/example_dags/example_task_group.py
[2025-06-13T17:45:57.450+0200] {processor.py:743} INFO - Processing file /home/monica.fernandez/practica_creativa/venv-airflow/lib/python3.11/site-packages/airflow/example_dags/example_task_group.py for tasks to queue
[2025-06-13T17:45:57.451+0200] {logging_mixin.py:137} INFO - [2025-06-13T17:45:57.451+0200] {dagbag.py:538} INFO - Filling up the DagBag from /home/monica.fernandez/practica_creativa/venv-airflow/lib/python3.11/site-packages/airflow/example_dags/example_task_group.py
[2025-06-13T17:45:57.487+0200] {processor.py:753} INFO - DAG(s) dict_keys(['example_task_group']) retrieved from /home/monica.fernandez/practica_creativa/venv-airflow/lib/python3.11/site-packages/airflow/example_dags/example_task_group.py
[2025-06-13T17:45:57.520+0200] {logging_mixin.py:137} INFO - [2025-06-13T17:45:57.520+0200] {dag.py:2690} INFO - Sync 1 DAGs
[2025-06-13T17:45:57.659+0200] {logging_mixin.py:137} INFO - [2025-06-13T17:45:57.659+0200] {dag.py:3437} INFO - Setting next_dagrun for example_task_group to 2025-06-12T15:45:57.659412+00:00, run_after=2025-06-13T15:45:57.659412+00:00
[2025-06-13T17:45:57.714+0200] {processor.py:175} INFO - Processing /home/monica.fernandez/practica_creativa/venv-airflow/lib/python3.11/site-packages/airflow/example_dags/example_task_group.py took 0.270 seconds
[2025-06-13T17:46:41.441+0200] {processor.py:153} INFO - Started process (PID=52749) to work on /home/monica.fernandez/practica_creativa/venv-airflow/lib/python3.11/site-packages/airflow/example_dags/example_task_group.py
[2025-06-13T17:46:41.442+0200] {processor.py:743} INFO - Processing file /home/monica.fernandez/practica_creativa/venv-airflow/lib/python3.11/site-packages/airflow/example_dags/example_task_group.py for tasks to queue
[2025-06-13T17:46:41.443+0200] {logging_mixin.py:137} INFO - [2025-06-13T17:46:41.443+0200] {dagbag.py:538} INFO - Filling up the DagBag from /home/monica.fernandez/practica_creativa/venv-airflow/lib/python3.11/site-packages/airflow/example_dags/example_task_group.py
[2025-06-13T17:46:41.476+0200] {processor.py:753} INFO - DAG(s) dict_keys(['example_task_group']) retrieved from /home/monica.fernandez/practica_creativa/venv-airflow/lib/python3.11/site-packages/airflow/example_dags/example_task_group.py
[2025-06-13T17:46:41.643+0200] {logging_mixin.py:137} INFO - [2025-06-13T17:46:41.643+0200] {dag.py:2690} INFO - Sync 1 DAGs
[2025-06-13T17:46:41.688+0200] {logging_mixin.py:137} INFO - [2025-06-13T17:46:41.688+0200] {dag.py:3437} INFO - Setting next_dagrun for example_task_group to 2025-06-12T15:46:41.688625+00:00, run_after=2025-06-13T15:46:41.688625+00:00
[2025-06-13T17:46:41.785+0200] {processor.py:175} INFO - Processing /home/monica.fernandez/practica_creativa/venv-airflow/lib/python3.11/site-packages/airflow/example_dags/example_task_group.py took 0.348 seconds
[2025-06-13T17:47:26.042+0200] {processor.py:153} INFO - Started process (PID=53093) to work on /home/monica.fernandez/practica_creativa/venv-airflow/lib/python3.11/site-packages/airflow/example_dags/example_task_group.py
[2025-06-13T17:47:26.043+0200] {processor.py:743} INFO - Processing file /home/monica.fernandez/practica_creativa/venv-airflow/lib/python3.11/site-packages/airflow/example_dags/example_task_group.py for tasks to queue
[2025-06-13T17:47:26.044+0200] {logging_mixin.py:137} INFO - [2025-06-13T17:47:26.044+0200] {dagbag.py:538} INFO - Filling up the DagBag from /home/monica.fernandez/practica_creativa/venv-airflow/lib/python3.11/site-packages/airflow/example_dags/example_task_group.py
[2025-06-13T17:47:26.079+0200] {processor.py:753} INFO - DAG(s) dict_keys(['example_task_group']) retrieved from /home/monica.fernandez/practica_creativa/venv-airflow/lib/python3.11/site-packages/airflow/example_dags/example_task_group.py
[2025-06-13T17:47:26.126+0200] {logging_mixin.py:137} INFO - [2025-06-13T17:47:26.126+0200] {dag.py:2690} INFO - Sync 1 DAGs
[2025-06-13T17:47:26.157+0200] {logging_mixin.py:137} INFO - [2025-06-13T17:47:26.157+0200] {dag.py:3437} INFO - Setting next_dagrun for example_task_group to 2025-06-12T15:47:26.157431+00:00, run_after=2025-06-13T15:47:26.157431+00:00
[2025-06-13T17:47:26.219+0200] {processor.py:175} INFO - Processing /home/monica.fernandez/practica_creativa/venv-airflow/lib/python3.11/site-packages/airflow/example_dags/example_task_group.py took 0.181 seconds
[2025-06-13T17:48:04.001+0200] {processor.py:153} INFO - Started process (PID=53455) to work on /home/monica.fernandez/practica_creativa/venv-airflow/lib/python3.11/site-packages/airflow/example_dags/example_task_group.py
[2025-06-13T17:48:04.002+0200] {processor.py:743} INFO - Processing file /home/monica.fernandez/practica_creativa/venv-airflow/lib/python3.11/site-packages/airflow/example_dags/example_task_group.py for tasks to queue
[2025-06-13T17:48:04.002+0200] {logging_mixin.py:137} INFO - [2025-06-13T17:48:04.002+0200] {dagbag.py:538} INFO - Filling up the DagBag from /home/monica.fernandez/practica_creativa/venv-airflow/lib/python3.11/site-packages/airflow/example_dags/example_task_group.py
[2025-06-13T17:48:04.020+0200] {processor.py:753} INFO - DAG(s) dict_keys(['example_task_group']) retrieved from /home/monica.fernandez/practica_creativa/venv-airflow/lib/python3.11/site-packages/airflow/example_dags/example_task_group.py
[2025-06-13T17:48:04.046+0200] {logging_mixin.py:137} INFO - [2025-06-13T17:48:04.045+0200] {dag.py:2690} INFO - Sync 1 DAGs
[2025-06-13T17:48:04.072+0200] {logging_mixin.py:137} INFO - [2025-06-13T17:48:04.072+0200] {dag.py:3437} INFO - Setting next_dagrun for example_task_group to 2025-06-12T15:48:04.071708+00:00, run_after=2025-06-13T15:48:04.071708+00:00
[2025-06-13T17:48:04.124+0200] {processor.py:175} INFO - Processing /home/monica.fernandez/practica_creativa/venv-airflow/lib/python3.11/site-packages/airflow/example_dags/example_task_group.py took 0.126 seconds
[2025-06-13T17:48:55.079+0200] {processor.py:153} INFO - Started process (PID=53868) to work on /home/monica.fernandez/practica_creativa/venv-airflow/lib/python3.11/site-packages/airflow/example_dags/example_task_group.py
[2025-06-13T17:48:55.080+0200] {processor.py:743} INFO - Processing file /home/monica.fernandez/practica_creativa/venv-airflow/lib/python3.11/site-packages/airflow/example_dags/example_task_group.py for tasks to queue
[2025-06-13T17:48:55.081+0200] {logging_mixin.py:137} INFO - [2025-06-13T17:48:55.080+0200] {dagbag.py:538} INFO - Filling up the DagBag from /home/monica.fernandez/practica_creativa/venv-airflow/lib/python3.11/site-packages/airflow/example_dags/example_task_group.py
[2025-06-13T17:48:55.105+0200] {processor.py:753} INFO - DAG(s) dict_keys(['example_task_group']) retrieved from /home/monica.fernandez/practica_creativa/venv-airflow/lib/python3.11/site-packages/airflow/example_dags/example_task_group.py
[2025-06-13T17:48:55.150+0200] {logging_mixin.py:137} INFO - [2025-06-13T17:48:55.150+0200] {dag.py:2690} INFO - Sync 1 DAGs
[2025-06-13T17:48:55.179+0200] {logging_mixin.py:137} INFO - [2025-06-13T17:48:55.178+0200] {dag.py:3437} INFO - Setting next_dagrun for example_task_group to 2025-06-12T15:48:55.178736+00:00, run_after=2025-06-13T15:48:55.178736+00:00
[2025-06-13T17:48:55.239+0200] {processor.py:175} INFO - Processing /home/monica.fernandez/practica_creativa/venv-airflow/lib/python3.11/site-packages/airflow/example_dags/example_task_group.py took 0.163 seconds
[2025-06-13T17:49:36.816+0200] {processor.py:153} INFO - Started process (PID=54318) to work on /home/monica.fernandez/practica_creativa/venv-airflow/lib/python3.11/site-packages/airflow/example_dags/example_task_group.py
[2025-06-13T17:49:36.817+0200] {processor.py:743} INFO - Processing file /home/monica.fernandez/practica_creativa/venv-airflow/lib/python3.11/site-packages/airflow/example_dags/example_task_group.py for tasks to queue
[2025-06-13T17:49:36.817+0200] {logging_mixin.py:137} INFO - [2025-06-13T17:49:36.817+0200] {dagbag.py:538} INFO - Filling up the DagBag from /home/monica.fernandez/practica_creativa/venv-airflow/lib/python3.11/site-packages/airflow/example_dags/example_task_group.py
[2025-06-13T17:49:36.839+0200] {processor.py:753} INFO - DAG(s) dict_keys(['example_task_group']) retrieved from /home/monica.fernandez/practica_creativa/venv-airflow/lib/python3.11/site-packages/airflow/example_dags/example_task_group.py
[2025-06-13T17:49:36.873+0200] {logging_mixin.py:137} INFO - [2025-06-13T17:49:36.873+0200] {dag.py:2690} INFO - Sync 1 DAGs
[2025-06-13T17:49:36.902+0200] {logging_mixin.py:137} INFO - [2025-06-13T17:49:36.902+0200] {dag.py:3437} INFO - Setting next_dagrun for example_task_group to 2025-06-12T15:49:36.902321+00:00, run_after=2025-06-13T15:49:36.902321+00:00
[2025-06-13T17:49:37.074+0200] {processor.py:175} INFO - Processing /home/monica.fernandez/practica_creativa/venv-airflow/lib/python3.11/site-packages/airflow/example_dags/example_task_group.py took 0.261 seconds
[2025-06-13T17:50:21.337+0200] {processor.py:153} INFO - Started process (PID=54681) to work on /home/monica.fernandez/practica_creativa/venv-airflow/lib/python3.11/site-packages/airflow/example_dags/example_task_group.py
[2025-06-13T17:50:21.338+0200] {processor.py:743} INFO - Processing file /home/monica.fernandez/practica_creativa/venv-airflow/lib/python3.11/site-packages/airflow/example_dags/example_task_group.py for tasks to queue
[2025-06-13T17:50:21.338+0200] {logging_mixin.py:137} INFO - [2025-06-13T17:50:21.338+0200] {dagbag.py:538} INFO - Filling up the DagBag from /home/monica.fernandez/practica_creativa/venv-airflow/lib/python3.11/site-packages/airflow/example_dags/example_task_group.py
[2025-06-13T17:50:21.367+0200] {processor.py:753} INFO - DAG(s) dict_keys(['example_task_group']) retrieved from /home/monica.fernandez/practica_creativa/venv-airflow/lib/python3.11/site-packages/airflow/example_dags/example_task_group.py
[2025-06-13T17:50:21.401+0200] {logging_mixin.py:137} INFO - [2025-06-13T17:50:21.401+0200] {dag.py:2690} INFO - Sync 1 DAGs
[2025-06-13T17:50:21.585+0200] {logging_mixin.py:137} INFO - [2025-06-13T17:50:21.585+0200] {dag.py:3437} INFO - Setting next_dagrun for example_task_group to 2025-06-12T15:50:21.585001+00:00, run_after=2025-06-13T15:50:21.585001+00:00
[2025-06-13T17:50:21.657+0200] {processor.py:175} INFO - Processing /home/monica.fernandez/practica_creativa/venv-airflow/lib/python3.11/site-packages/airflow/example_dags/example_task_group.py took 0.323 seconds
