[2025-06-13T17:01:08.546+0200] {processor.py:153} INFO - Started process (PID=26127) to work on /home/monica.fernandez/practica_creativa/venv-airflow/lib/python3.11/site-packages/airflow/example_dags/example_sensors.py
[2025-06-13T17:01:08.547+0200] {processor.py:743} INFO - Processing file /home/monica.fernandez/practica_creativa/venv-airflow/lib/python3.11/site-packages/airflow/example_dags/example_sensors.py for tasks to queue
[2025-06-13T17:01:08.548+0200] {logging_mixin.py:137} INFO - [2025-06-13T17:01:08.548+0200] {dagbag.py:538} INFO - Filling up the DagBag from /home/monica.fernandez/practica_creativa/venv-airflow/lib/python3.11/site-packages/airflow/example_dags/example_sensors.py
[2025-06-13T17:01:08.595+0200] {processor.py:753} INFO - DAG(s) dict_keys(['example_sensors']) retrieved from /home/monica.fernandez/practica_creativa/venv-airflow/lib/python3.11/site-packages/airflow/example_dags/example_sensors.py
[2025-06-13T17:01:08.672+0200] {logging_mixin.py:137} INFO - [2025-06-13T17:01:08.672+0200] {dag.py:2690} INFO - Sync 1 DAGs
[2025-06-13T17:01:08.711+0200] {logging_mixin.py:137} INFO - [2025-06-13T17:01:08.711+0200] {dag.py:3437} INFO - Setting next_dagrun for example_sensors to None, run_after=None
[2025-06-13T17:01:08.816+0200] {processor.py:175} INFO - Processing /home/monica.fernandez/practica_creativa/venv-airflow/lib/python3.11/site-packages/airflow/example_dags/example_sensors.py took 0.272 seconds
[2025-06-13T17:02:03.398+0200] {processor.py:153} INFO - Started process (PID=26627) to work on /home/monica.fernandez/practica_creativa/venv-airflow/lib/python3.11/site-packages/airflow/example_dags/example_sensors.py
[2025-06-13T17:02:03.399+0200] {processor.py:743} INFO - Processing file /home/monica.fernandez/practica_creativa/venv-airflow/lib/python3.11/site-packages/airflow/example_dags/example_sensors.py for tasks to queue
[2025-06-13T17:02:03.399+0200] {logging_mixin.py:137} INFO - [2025-06-13T17:02:03.399+0200] {dagbag.py:538} INFO - Filling up the DagBag from /home/monica.fernandez/practica_creativa/venv-airflow/lib/python3.11/site-packages/airflow/example_dags/example_sensors.py
[2025-06-13T17:02:03.424+0200] {processor.py:753} INFO - DAG(s) dict_keys(['example_sensors']) retrieved from /home/monica.fernandez/practica_creativa/venv-airflow/lib/python3.11/site-packages/airflow/example_dags/example_sensors.py
[2025-06-13T17:02:03.462+0200] {logging_mixin.py:137} INFO - [2025-06-13T17:02:03.462+0200] {dag.py:2690} INFO - Sync 1 DAGs
[2025-06-13T17:02:03.488+0200] {logging_mixin.py:137} INFO - [2025-06-13T17:02:03.488+0200] {dag.py:3437} INFO - Setting next_dagrun for example_sensors to None, run_after=None
[2025-06-13T17:02:03.547+0200] {processor.py:175} INFO - Processing /home/monica.fernandez/practica_creativa/venv-airflow/lib/python3.11/site-packages/airflow/example_dags/example_sensors.py took 0.154 seconds
[2025-06-13T17:02:52.297+0200] {processor.py:153} INFO - Started process (PID=27000) to work on /home/monica.fernandez/practica_creativa/venv-airflow/lib/python3.11/site-packages/airflow/example_dags/example_sensors.py
[2025-06-13T17:02:52.298+0200] {processor.py:743} INFO - Processing file /home/monica.fernandez/practica_creativa/venv-airflow/lib/python3.11/site-packages/airflow/example_dags/example_sensors.py for tasks to queue
[2025-06-13T17:02:52.298+0200] {logging_mixin.py:137} INFO - [2025-06-13T17:02:52.298+0200] {dagbag.py:538} INFO - Filling up the DagBag from /home/monica.fernandez/practica_creativa/venv-airflow/lib/python3.11/site-packages/airflow/example_dags/example_sensors.py
[2025-06-13T17:02:52.327+0200] {processor.py:753} INFO - DAG(s) dict_keys(['example_sensors']) retrieved from /home/monica.fernandez/practica_creativa/venv-airflow/lib/python3.11/site-packages/airflow/example_dags/example_sensors.py
[2025-06-13T17:02:52.394+0200] {logging_mixin.py:137} INFO - [2025-06-13T17:02:52.394+0200] {dag.py:2690} INFO - Sync 1 DAGs
[2025-06-13T17:02:52.436+0200] {logging_mixin.py:137} INFO - [2025-06-13T17:02:52.436+0200] {dag.py:3437} INFO - Setting next_dagrun for example_sensors to None, run_after=None
[2025-06-13T17:02:52.522+0200] {processor.py:175} INFO - Processing /home/monica.fernandez/practica_creativa/venv-airflow/lib/python3.11/site-packages/airflow/example_dags/example_sensors.py took 0.229 seconds
[2025-06-13T17:03:39.748+0200] {processor.py:153} INFO - Started process (PID=27808) to work on /home/monica.fernandez/practica_creativa/venv-airflow/lib/python3.11/site-packages/airflow/example_dags/example_sensors.py
[2025-06-13T17:03:39.749+0200] {processor.py:743} INFO - Processing file /home/monica.fernandez/practica_creativa/venv-airflow/lib/python3.11/site-packages/airflow/example_dags/example_sensors.py for tasks to queue
[2025-06-13T17:03:39.749+0200] {logging_mixin.py:137} INFO - [2025-06-13T17:03:39.749+0200] {dagbag.py:538} INFO - Filling up the DagBag from /home/monica.fernandez/practica_creativa/venv-airflow/lib/python3.11/site-packages/airflow/example_dags/example_sensors.py
[2025-06-13T17:03:39.766+0200] {processor.py:753} INFO - DAG(s) dict_keys(['example_sensors']) retrieved from /home/monica.fernandez/practica_creativa/venv-airflow/lib/python3.11/site-packages/airflow/example_dags/example_sensors.py
[2025-06-13T17:03:39.798+0200] {logging_mixin.py:137} INFO - [2025-06-13T17:03:39.798+0200] {dag.py:2690} INFO - Sync 1 DAGs
[2025-06-13T17:03:39.822+0200] {logging_mixin.py:137} INFO - [2025-06-13T17:03:39.822+0200] {dag.py:3437} INFO - Setting next_dagrun for example_sensors to None, run_after=None
[2025-06-13T17:03:39.882+0200] {processor.py:175} INFO - Processing /home/monica.fernandez/practica_creativa/venv-airflow/lib/python3.11/site-packages/airflow/example_dags/example_sensors.py took 0.137 seconds
[2025-06-13T17:04:24.289+0200] {processor.py:153} INFO - Started process (PID=28493) to work on /home/monica.fernandez/practica_creativa/venv-airflow/lib/python3.11/site-packages/airflow/example_dags/example_sensors.py
[2025-06-13T17:04:24.290+0200] {processor.py:743} INFO - Processing file /home/monica.fernandez/practica_creativa/venv-airflow/lib/python3.11/site-packages/airflow/example_dags/example_sensors.py for tasks to queue
[2025-06-13T17:04:24.290+0200] {logging_mixin.py:137} INFO - [2025-06-13T17:04:24.290+0200] {dagbag.py:538} INFO - Filling up the DagBag from /home/monica.fernandez/practica_creativa/venv-airflow/lib/python3.11/site-packages/airflow/example_dags/example_sensors.py
[2025-06-13T17:04:24.306+0200] {processor.py:753} INFO - DAG(s) dict_keys(['example_sensors']) retrieved from /home/monica.fernandez/practica_creativa/venv-airflow/lib/python3.11/site-packages/airflow/example_dags/example_sensors.py
[2025-06-13T17:04:24.352+0200] {logging_mixin.py:137} INFO - [2025-06-13T17:04:24.351+0200] {dag.py:2690} INFO - Sync 1 DAGs
[2025-06-13T17:04:24.397+0200] {logging_mixin.py:137} INFO - [2025-06-13T17:04:24.396+0200] {dag.py:3437} INFO - Setting next_dagrun for example_sensors to None, run_after=None
[2025-06-13T17:04:24.464+0200] {processor.py:175} INFO - Processing /home/monica.fernandez/practica_creativa/venv-airflow/lib/python3.11/site-packages/airflow/example_dags/example_sensors.py took 0.178 seconds
[2025-06-13T17:05:07.211+0200] {processor.py:153} INFO - Started process (PID=28835) to work on /home/monica.fernandez/practica_creativa/venv-airflow/lib/python3.11/site-packages/airflow/example_dags/example_sensors.py
[2025-06-13T17:05:07.211+0200] {processor.py:743} INFO - Processing file /home/monica.fernandez/practica_creativa/venv-airflow/lib/python3.11/site-packages/airflow/example_dags/example_sensors.py for tasks to queue
[2025-06-13T17:05:07.212+0200] {logging_mixin.py:137} INFO - [2025-06-13T17:05:07.212+0200] {dagbag.py:538} INFO - Filling up the DagBag from /home/monica.fernandez/practica_creativa/venv-airflow/lib/python3.11/site-packages/airflow/example_dags/example_sensors.py
[2025-06-13T17:05:07.227+0200] {processor.py:753} INFO - DAG(s) dict_keys(['example_sensors']) retrieved from /home/monica.fernandez/practica_creativa/venv-airflow/lib/python3.11/site-packages/airflow/example_dags/example_sensors.py
[2025-06-13T17:05:07.256+0200] {logging_mixin.py:137} INFO - [2025-06-13T17:05:07.256+0200] {dag.py:2690} INFO - Sync 1 DAGs
[2025-06-13T17:05:07.280+0200] {logging_mixin.py:137} INFO - [2025-06-13T17:05:07.280+0200] {dag.py:3437} INFO - Setting next_dagrun for example_sensors to None, run_after=None
[2025-06-13T17:05:07.340+0200] {processor.py:175} INFO - Processing /home/monica.fernandez/practica_creativa/venv-airflow/lib/python3.11/site-packages/airflow/example_dags/example_sensors.py took 0.132 seconds
[2025-06-13T17:06:35.540+0200] {processor.py:153} INFO - Started process (PID=29859) to work on /home/monica.fernandez/practica_creativa/venv-airflow/lib/python3.11/site-packages/airflow/example_dags/example_sensors.py
[2025-06-13T17:06:35.541+0200] {processor.py:743} INFO - Processing file /home/monica.fernandez/practica_creativa/venv-airflow/lib/python3.11/site-packages/airflow/example_dags/example_sensors.py for tasks to queue
[2025-06-13T17:06:35.542+0200] {logging_mixin.py:137} INFO - [2025-06-13T17:06:35.542+0200] {dagbag.py:538} INFO - Filling up the DagBag from /home/monica.fernandez/practica_creativa/venv-airflow/lib/python3.11/site-packages/airflow/example_dags/example_sensors.py
[2025-06-13T17:06:35.565+0200] {processor.py:753} INFO - DAG(s) dict_keys(['example_sensors']) retrieved from /home/monica.fernandez/practica_creativa/venv-airflow/lib/python3.11/site-packages/airflow/example_dags/example_sensors.py
[2025-06-13T17:06:35.599+0200] {logging_mixin.py:137} INFO - [2025-06-13T17:06:35.598+0200] {dag.py:2690} INFO - Sync 1 DAGs
[2025-06-13T17:06:35.623+0200] {logging_mixin.py:137} INFO - [2025-06-13T17:06:35.623+0200] {dag.py:3437} INFO - Setting next_dagrun for example_sensors to None, run_after=None
[2025-06-13T17:06:35.705+0200] {processor.py:175} INFO - Processing /home/monica.fernandez/practica_creativa/venv-airflow/lib/python3.11/site-packages/airflow/example_dags/example_sensors.py took 0.168 seconds
[2025-06-13T17:07:33.577+0200] {processor.py:153} INFO - Started process (PID=30323) to work on /home/monica.fernandez/practica_creativa/venv-airflow/lib/python3.11/site-packages/airflow/example_dags/example_sensors.py
[2025-06-13T17:07:33.585+0200] {processor.py:743} INFO - Processing file /home/monica.fernandez/practica_creativa/venv-airflow/lib/python3.11/site-packages/airflow/example_dags/example_sensors.py for tasks to queue
[2025-06-13T17:07:33.588+0200] {logging_mixin.py:137} INFO - [2025-06-13T17:07:33.587+0200] {dagbag.py:538} INFO - Filling up the DagBag from /home/monica.fernandez/practica_creativa/venv-airflow/lib/python3.11/site-packages/airflow/example_dags/example_sensors.py
[2025-06-13T17:07:33.663+0200] {processor.py:753} INFO - DAG(s) dict_keys(['example_sensors']) retrieved from /home/monica.fernandez/practica_creativa/venv-airflow/lib/python3.11/site-packages/airflow/example_dags/example_sensors.py
[2025-06-13T17:07:33.744+0200] {logging_mixin.py:137} INFO - [2025-06-13T17:07:33.744+0200] {dag.py:2690} INFO - Sync 1 DAGs
[2025-06-13T17:07:33.828+0200] {logging_mixin.py:137} INFO - [2025-06-13T17:07:33.827+0200] {dag.py:3437} INFO - Setting next_dagrun for example_sensors to None, run_after=None
[2025-06-13T17:07:33.961+0200] {processor.py:175} INFO - Processing /home/monica.fernandez/practica_creativa/venv-airflow/lib/python3.11/site-packages/airflow/example_dags/example_sensors.py took 0.408 seconds
[2025-06-13T17:08:34.138+0200] {processor.py:153} INFO - Started process (PID=30801) to work on /home/monica.fernandez/practica_creativa/venv-airflow/lib/python3.11/site-packages/airflow/example_dags/example_sensors.py
[2025-06-13T17:08:34.139+0200] {processor.py:743} INFO - Processing file /home/monica.fernandez/practica_creativa/venv-airflow/lib/python3.11/site-packages/airflow/example_dags/example_sensors.py for tasks to queue
[2025-06-13T17:08:34.140+0200] {logging_mixin.py:137} INFO - [2025-06-13T17:08:34.140+0200] {dagbag.py:538} INFO - Filling up the DagBag from /home/monica.fernandez/practica_creativa/venv-airflow/lib/python3.11/site-packages/airflow/example_dags/example_sensors.py
[2025-06-13T17:08:34.167+0200] {processor.py:753} INFO - DAG(s) dict_keys(['example_sensors']) retrieved from /home/monica.fernandez/practica_creativa/venv-airflow/lib/python3.11/site-packages/airflow/example_dags/example_sensors.py
[2025-06-13T17:08:34.203+0200] {logging_mixin.py:137} INFO - [2025-06-13T17:08:34.203+0200] {dag.py:2690} INFO - Sync 1 DAGs
[2025-06-13T17:08:34.226+0200] {logging_mixin.py:137} INFO - [2025-06-13T17:08:34.226+0200] {dag.py:3437} INFO - Setting next_dagrun for example_sensors to None, run_after=None
[2025-06-13T17:08:34.291+0200] {processor.py:175} INFO - Processing /home/monica.fernandez/practica_creativa/venv-airflow/lib/python3.11/site-packages/airflow/example_dags/example_sensors.py took 0.157 seconds
[2025-06-13T17:09:21.779+0200] {processor.py:153} INFO - Started process (PID=31270) to work on /home/monica.fernandez/practica_creativa/venv-airflow/lib/python3.11/site-packages/airflow/example_dags/example_sensors.py
[2025-06-13T17:09:21.780+0200] {processor.py:743} INFO - Processing file /home/monica.fernandez/practica_creativa/venv-airflow/lib/python3.11/site-packages/airflow/example_dags/example_sensors.py for tasks to queue
[2025-06-13T17:09:21.781+0200] {logging_mixin.py:137} INFO - [2025-06-13T17:09:21.780+0200] {dagbag.py:538} INFO - Filling up the DagBag from /home/monica.fernandez/practica_creativa/venv-airflow/lib/python3.11/site-packages/airflow/example_dags/example_sensors.py
[2025-06-13T17:09:21.799+0200] {processor.py:753} INFO - DAG(s) dict_keys(['example_sensors']) retrieved from /home/monica.fernandez/practica_creativa/venv-airflow/lib/python3.11/site-packages/airflow/example_dags/example_sensors.py
[2025-06-13T17:09:21.833+0200] {logging_mixin.py:137} INFO - [2025-06-13T17:09:21.833+0200] {dag.py:2690} INFO - Sync 1 DAGs
[2025-06-13T17:09:21.859+0200] {logging_mixin.py:137} INFO - [2025-06-13T17:09:21.859+0200] {dag.py:3437} INFO - Setting next_dagrun for example_sensors to None, run_after=None
[2025-06-13T17:09:21.927+0200] {processor.py:175} INFO - Processing /home/monica.fernandez/practica_creativa/venv-airflow/lib/python3.11/site-packages/airflow/example_dags/example_sensors.py took 0.151 seconds
[2025-06-13T17:10:04.878+0200] {processor.py:153} INFO - Started process (PID=31667) to work on /home/monica.fernandez/practica_creativa/venv-airflow/lib/python3.11/site-packages/airflow/example_dags/example_sensors.py
[2025-06-13T17:10:04.879+0200] {processor.py:743} INFO - Processing file /home/monica.fernandez/practica_creativa/venv-airflow/lib/python3.11/site-packages/airflow/example_dags/example_sensors.py for tasks to queue
[2025-06-13T17:10:04.881+0200] {logging_mixin.py:137} INFO - [2025-06-13T17:10:04.880+0200] {dagbag.py:538} INFO - Filling up the DagBag from /home/monica.fernandez/practica_creativa/venv-airflow/lib/python3.11/site-packages/airflow/example_dags/example_sensors.py
[2025-06-13T17:10:04.917+0200] {processor.py:753} INFO - DAG(s) dict_keys(['example_sensors']) retrieved from /home/monica.fernandez/practica_creativa/venv-airflow/lib/python3.11/site-packages/airflow/example_dags/example_sensors.py
[2025-06-13T17:10:04.986+0200] {logging_mixin.py:137} INFO - [2025-06-13T17:10:04.985+0200] {dag.py:2690} INFO - Sync 1 DAGs
[2025-06-13T17:10:05.049+0200] {logging_mixin.py:137} INFO - [2025-06-13T17:10:05.048+0200] {dag.py:3437} INFO - Setting next_dagrun for example_sensors to None, run_after=None
[2025-06-13T17:10:05.206+0200] {processor.py:175} INFO - Processing /home/monica.fernandez/practica_creativa/venv-airflow/lib/python3.11/site-packages/airflow/example_dags/example_sensors.py took 0.335 seconds
[2025-06-13T17:11:52.743+0200] {processor.py:153} INFO - Started process (PID=32760) to work on /home/monica.fernandez/practica_creativa/venv-airflow/lib/python3.11/site-packages/airflow/example_dags/example_sensors.py
[2025-06-13T17:11:52.744+0200] {processor.py:743} INFO - Processing file /home/monica.fernandez/practica_creativa/venv-airflow/lib/python3.11/site-packages/airflow/example_dags/example_sensors.py for tasks to queue
[2025-06-13T17:11:52.744+0200] {logging_mixin.py:137} INFO - [2025-06-13T17:11:52.744+0200] {dagbag.py:538} INFO - Filling up the DagBag from /home/monica.fernandez/practica_creativa/venv-airflow/lib/python3.11/site-packages/airflow/example_dags/example_sensors.py
[2025-06-13T17:11:52.761+0200] {processor.py:753} INFO - DAG(s) dict_keys(['example_sensors']) retrieved from /home/monica.fernandez/practica_creativa/venv-airflow/lib/python3.11/site-packages/airflow/example_dags/example_sensors.py
[2025-06-13T17:11:52.792+0200] {logging_mixin.py:137} INFO - [2025-06-13T17:11:52.792+0200] {dag.py:2690} INFO - Sync 1 DAGs
[2025-06-13T17:11:52.816+0200] {logging_mixin.py:137} INFO - [2025-06-13T17:11:52.816+0200] {dag.py:3437} INFO - Setting next_dagrun for example_sensors to None, run_after=None
[2025-06-13T17:11:52.873+0200] {processor.py:175} INFO - Processing /home/monica.fernandez/practica_creativa/venv-airflow/lib/python3.11/site-packages/airflow/example_dags/example_sensors.py took 0.133 seconds
[2025-06-13T17:13:18.762+0200] {processor.py:153} INFO - Started process (PID=33453) to work on /home/monica.fernandez/practica_creativa/venv-airflow/lib/python3.11/site-packages/airflow/example_dags/example_sensors.py
[2025-06-13T17:13:18.763+0200] {processor.py:743} INFO - Processing file /home/monica.fernandez/practica_creativa/venv-airflow/lib/python3.11/site-packages/airflow/example_dags/example_sensors.py for tasks to queue
[2025-06-13T17:13:18.764+0200] {logging_mixin.py:137} INFO - [2025-06-13T17:13:18.764+0200] {dagbag.py:538} INFO - Filling up the DagBag from /home/monica.fernandez/practica_creativa/venv-airflow/lib/python3.11/site-packages/airflow/example_dags/example_sensors.py
[2025-06-13T17:13:18.806+0200] {processor.py:753} INFO - DAG(s) dict_keys(['example_sensors']) retrieved from /home/monica.fernandez/practica_creativa/venv-airflow/lib/python3.11/site-packages/airflow/example_dags/example_sensors.py
[2025-06-13T17:13:18.833+0200] {logging_mixin.py:137} INFO - [2025-06-13T17:13:18.833+0200] {dag.py:2690} INFO - Sync 1 DAGs
[2025-06-13T17:13:18.858+0200] {logging_mixin.py:137} INFO - [2025-06-13T17:13:18.858+0200] {dag.py:3437} INFO - Setting next_dagrun for example_sensors to None, run_after=None
[2025-06-13T17:13:18.918+0200] {processor.py:175} INFO - Processing /home/monica.fernandez/practica_creativa/venv-airflow/lib/python3.11/site-packages/airflow/example_dags/example_sensors.py took 0.161 seconds
[2025-06-13T17:14:07.206+0200] {processor.py:153} INFO - Started process (PID=33909) to work on /home/monica.fernandez/practica_creativa/venv-airflow/lib/python3.11/site-packages/airflow/example_dags/example_sensors.py
[2025-06-13T17:14:07.207+0200] {processor.py:743} INFO - Processing file /home/monica.fernandez/practica_creativa/venv-airflow/lib/python3.11/site-packages/airflow/example_dags/example_sensors.py for tasks to queue
[2025-06-13T17:14:07.208+0200] {logging_mixin.py:137} INFO - [2025-06-13T17:14:07.208+0200] {dagbag.py:538} INFO - Filling up the DagBag from /home/monica.fernandez/practica_creativa/venv-airflow/lib/python3.11/site-packages/airflow/example_dags/example_sensors.py
[2025-06-13T17:14:07.238+0200] {processor.py:753} INFO - DAG(s) dict_keys(['example_sensors']) retrieved from /home/monica.fernandez/practica_creativa/venv-airflow/lib/python3.11/site-packages/airflow/example_dags/example_sensors.py
[2025-06-13T17:14:07.277+0200] {logging_mixin.py:137} INFO - [2025-06-13T17:14:07.276+0200] {dag.py:2690} INFO - Sync 1 DAGs
[2025-06-13T17:14:07.307+0200] {logging_mixin.py:137} INFO - [2025-06-13T17:14:07.306+0200] {dag.py:3437} INFO - Setting next_dagrun for example_sensors to None, run_after=None
[2025-06-13T17:14:07.397+0200] {processor.py:175} INFO - Processing /home/monica.fernandez/practica_creativa/venv-airflow/lib/python3.11/site-packages/airflow/example_dags/example_sensors.py took 0.194 seconds
[2025-06-13T17:15:15.113+0200] {processor.py:153} INFO - Started process (PID=34559) to work on /home/monica.fernandez/practica_creativa/venv-airflow/lib/python3.11/site-packages/airflow/example_dags/example_sensors.py
[2025-06-13T17:15:15.114+0200] {processor.py:743} INFO - Processing file /home/monica.fernandez/practica_creativa/venv-airflow/lib/python3.11/site-packages/airflow/example_dags/example_sensors.py for tasks to queue
[2025-06-13T17:15:15.115+0200] {logging_mixin.py:137} INFO - [2025-06-13T17:15:15.115+0200] {dagbag.py:538} INFO - Filling up the DagBag from /home/monica.fernandez/practica_creativa/venv-airflow/lib/python3.11/site-packages/airflow/example_dags/example_sensors.py
[2025-06-13T17:15:15.138+0200] {processor.py:753} INFO - DAG(s) dict_keys(['example_sensors']) retrieved from /home/monica.fernandez/practica_creativa/venv-airflow/lib/python3.11/site-packages/airflow/example_dags/example_sensors.py
[2025-06-13T17:15:15.171+0200] {logging_mixin.py:137} INFO - [2025-06-13T17:15:15.171+0200] {dag.py:2690} INFO - Sync 1 DAGs
[2025-06-13T17:15:15.196+0200] {logging_mixin.py:137} INFO - [2025-06-13T17:15:15.196+0200] {dag.py:3437} INFO - Setting next_dagrun for example_sensors to None, run_after=None
[2025-06-13T17:15:15.319+0200] {processor.py:175} INFO - Processing /home/monica.fernandez/practica_creativa/venv-airflow/lib/python3.11/site-packages/airflow/example_dags/example_sensors.py took 0.209 seconds
[2025-06-13T17:16:10.109+0200] {processor.py:153} INFO - Started process (PID=35021) to work on /home/monica.fernandez/practica_creativa/venv-airflow/lib/python3.11/site-packages/airflow/example_dags/example_sensors.py
[2025-06-13T17:16:10.110+0200] {processor.py:743} INFO - Processing file /home/monica.fernandez/practica_creativa/venv-airflow/lib/python3.11/site-packages/airflow/example_dags/example_sensors.py for tasks to queue
[2025-06-13T17:16:10.110+0200] {logging_mixin.py:137} INFO - [2025-06-13T17:16:10.110+0200] {dagbag.py:538} INFO - Filling up the DagBag from /home/monica.fernandez/practica_creativa/venv-airflow/lib/python3.11/site-packages/airflow/example_dags/example_sensors.py
[2025-06-13T17:16:10.196+0200] {processor.py:753} INFO - DAG(s) dict_keys(['example_sensors']) retrieved from /home/monica.fernandez/practica_creativa/venv-airflow/lib/python3.11/site-packages/airflow/example_dags/example_sensors.py
[2025-06-13T17:16:10.257+0200] {logging_mixin.py:137} INFO - [2025-06-13T17:16:10.257+0200] {dag.py:2690} INFO - Sync 1 DAGs
[2025-06-13T17:16:10.316+0200] {logging_mixin.py:137} INFO - [2025-06-13T17:16:10.316+0200] {dag.py:3437} INFO - Setting next_dagrun for example_sensors to None, run_after=None
[2025-06-13T17:16:10.448+0200] {processor.py:175} INFO - Processing /home/monica.fernandez/practica_creativa/venv-airflow/lib/python3.11/site-packages/airflow/example_dags/example_sensors.py took 0.358 seconds
[2025-06-13T17:16:59.295+0200] {processor.py:153} INFO - Started process (PID=35421) to work on /home/monica.fernandez/practica_creativa/venv-airflow/lib/python3.11/site-packages/airflow/example_dags/example_sensors.py
[2025-06-13T17:16:59.296+0200] {processor.py:743} INFO - Processing file /home/monica.fernandez/practica_creativa/venv-airflow/lib/python3.11/site-packages/airflow/example_dags/example_sensors.py for tasks to queue
[2025-06-13T17:16:59.297+0200] {logging_mixin.py:137} INFO - [2025-06-13T17:16:59.297+0200] {dagbag.py:538} INFO - Filling up the DagBag from /home/monica.fernandez/practica_creativa/venv-airflow/lib/python3.11/site-packages/airflow/example_dags/example_sensors.py
[2025-06-13T17:16:59.353+0200] {processor.py:753} INFO - DAG(s) dict_keys(['example_sensors']) retrieved from /home/monica.fernandez/practica_creativa/venv-airflow/lib/python3.11/site-packages/airflow/example_dags/example_sensors.py
[2025-06-13T17:16:59.435+0200] {logging_mixin.py:137} INFO - [2025-06-13T17:16:59.435+0200] {dag.py:2690} INFO - Sync 1 DAGs
[2025-06-13T17:16:59.479+0200] {logging_mixin.py:137} INFO - [2025-06-13T17:16:59.478+0200] {dag.py:3437} INFO - Setting next_dagrun for example_sensors to None, run_after=None
[2025-06-13T17:16:59.586+0200] {processor.py:175} INFO - Processing /home/monica.fernandez/practica_creativa/venv-airflow/lib/python3.11/site-packages/airflow/example_dags/example_sensors.py took 0.300 seconds
[2025-06-13T17:17:52.973+0200] {processor.py:153} INFO - Started process (PID=35923) to work on /home/monica.fernandez/practica_creativa/venv-airflow/lib/python3.11/site-packages/airflow/example_dags/example_sensors.py
[2025-06-13T17:17:52.974+0200] {processor.py:743} INFO - Processing file /home/monica.fernandez/practica_creativa/venv-airflow/lib/python3.11/site-packages/airflow/example_dags/example_sensors.py for tasks to queue
[2025-06-13T17:17:52.975+0200] {logging_mixin.py:137} INFO - [2025-06-13T17:17:52.975+0200] {dagbag.py:538} INFO - Filling up the DagBag from /home/monica.fernandez/practica_creativa/venv-airflow/lib/python3.11/site-packages/airflow/example_dags/example_sensors.py
[2025-06-13T17:17:53.004+0200] {processor.py:753} INFO - DAG(s) dict_keys(['example_sensors']) retrieved from /home/monica.fernandez/practica_creativa/venv-airflow/lib/python3.11/site-packages/airflow/example_dags/example_sensors.py
[2025-06-13T17:17:53.037+0200] {logging_mixin.py:137} INFO - [2025-06-13T17:17:53.037+0200] {dag.py:2690} INFO - Sync 1 DAGs
[2025-06-13T17:17:53.064+0200] {logging_mixin.py:137} INFO - [2025-06-13T17:17:53.064+0200] {dag.py:3437} INFO - Setting next_dagrun for example_sensors to None, run_after=None
[2025-06-13T17:17:53.125+0200] {processor.py:175} INFO - Processing /home/monica.fernandez/practica_creativa/venv-airflow/lib/python3.11/site-packages/airflow/example_dags/example_sensors.py took 0.155 seconds
[2025-06-13T17:18:50.127+0200] {processor.py:153} INFO - Started process (PID=36419) to work on /home/monica.fernandez/practica_creativa/venv-airflow/lib/python3.11/site-packages/airflow/example_dags/example_sensors.py
[2025-06-13T17:18:50.128+0200] {processor.py:743} INFO - Processing file /home/monica.fernandez/practica_creativa/venv-airflow/lib/python3.11/site-packages/airflow/example_dags/example_sensors.py for tasks to queue
[2025-06-13T17:18:50.129+0200] {logging_mixin.py:137} INFO - [2025-06-13T17:18:50.129+0200] {dagbag.py:538} INFO - Filling up the DagBag from /home/monica.fernandez/practica_creativa/venv-airflow/lib/python3.11/site-packages/airflow/example_dags/example_sensors.py
[2025-06-13T17:18:50.217+0200] {processor.py:753} INFO - DAG(s) dict_keys(['example_sensors']) retrieved from /home/monica.fernandez/practica_creativa/venv-airflow/lib/python3.11/site-packages/airflow/example_dags/example_sensors.py
[2025-06-13T17:18:50.300+0200] {logging_mixin.py:137} INFO - [2025-06-13T17:18:50.300+0200] {dag.py:2690} INFO - Sync 1 DAGs
[2025-06-13T17:18:50.354+0200] {logging_mixin.py:137} INFO - [2025-06-13T17:18:50.354+0200] {dag.py:3437} INFO - Setting next_dagrun for example_sensors to None, run_after=None
[2025-06-13T17:18:50.469+0200] {processor.py:175} INFO - Processing /home/monica.fernandez/practica_creativa/venv-airflow/lib/python3.11/site-packages/airflow/example_dags/example_sensors.py took 0.346 seconds
[2025-06-13T17:19:29.783+0200] {processor.py:153} INFO - Started process (PID=36817) to work on /home/monica.fernandez/practica_creativa/venv-airflow/lib/python3.11/site-packages/airflow/example_dags/example_sensors.py
[2025-06-13T17:19:29.784+0200] {processor.py:743} INFO - Processing file /home/monica.fernandez/practica_creativa/venv-airflow/lib/python3.11/site-packages/airflow/example_dags/example_sensors.py for tasks to queue
[2025-06-13T17:19:29.785+0200] {logging_mixin.py:137} INFO - [2025-06-13T17:19:29.784+0200] {dagbag.py:538} INFO - Filling up the DagBag from /home/monica.fernandez/practica_creativa/venv-airflow/lib/python3.11/site-packages/airflow/example_dags/example_sensors.py
[2025-06-13T17:19:29.822+0200] {processor.py:753} INFO - DAG(s) dict_keys(['example_sensors']) retrieved from /home/monica.fernandez/practica_creativa/venv-airflow/lib/python3.11/site-packages/airflow/example_dags/example_sensors.py
[2025-06-13T17:19:29.864+0200] {logging_mixin.py:137} INFO - [2025-06-13T17:19:29.864+0200] {dag.py:2690} INFO - Sync 1 DAGs
[2025-06-13T17:19:29.902+0200] {logging_mixin.py:137} INFO - [2025-06-13T17:19:29.902+0200] {dag.py:3437} INFO - Setting next_dagrun for example_sensors to None, run_after=None
[2025-06-13T17:19:29.969+0200] {processor.py:175} INFO - Processing /home/monica.fernandez/practica_creativa/venv-airflow/lib/python3.11/site-packages/airflow/example_dags/example_sensors.py took 0.191 seconds
[2025-06-13T17:21:05.967+0200] {processor.py:153} INFO - Started process (PID=37868) to work on /home/monica.fernandez/practica_creativa/venv-airflow/lib/python3.11/site-packages/airflow/example_dags/example_sensors.py
[2025-06-13T17:21:05.968+0200] {processor.py:743} INFO - Processing file /home/monica.fernandez/practica_creativa/venv-airflow/lib/python3.11/site-packages/airflow/example_dags/example_sensors.py for tasks to queue
[2025-06-13T17:21:05.968+0200] {logging_mixin.py:137} INFO - [2025-06-13T17:21:05.968+0200] {dagbag.py:538} INFO - Filling up the DagBag from /home/monica.fernandez/practica_creativa/venv-airflow/lib/python3.11/site-packages/airflow/example_dags/example_sensors.py
[2025-06-13T17:21:06.007+0200] {processor.py:753} INFO - DAG(s) dict_keys(['example_sensors']) retrieved from /home/monica.fernandez/practica_creativa/venv-airflow/lib/python3.11/site-packages/airflow/example_dags/example_sensors.py
[2025-06-13T17:21:06.076+0200] {logging_mixin.py:137} INFO - [2025-06-13T17:21:06.076+0200] {dag.py:2690} INFO - Sync 1 DAGs
[2025-06-13T17:21:06.165+0200] {logging_mixin.py:137} INFO - [2025-06-13T17:21:06.165+0200] {dag.py:3437} INFO - Setting next_dagrun for example_sensors to None, run_after=None
[2025-06-13T17:21:06.437+0200] {processor.py:175} INFO - Processing /home/monica.fernandez/practica_creativa/venv-airflow/lib/python3.11/site-packages/airflow/example_dags/example_sensors.py took 0.474 seconds
[2025-06-13T17:21:58.854+0200] {processor.py:153} INFO - Started process (PID=38304) to work on /home/monica.fernandez/practica_creativa/venv-airflow/lib/python3.11/site-packages/airflow/example_dags/example_sensors.py
[2025-06-13T17:21:58.855+0200] {processor.py:743} INFO - Processing file /home/monica.fernandez/practica_creativa/venv-airflow/lib/python3.11/site-packages/airflow/example_dags/example_sensors.py for tasks to queue
[2025-06-13T17:21:58.856+0200] {logging_mixin.py:137} INFO - [2025-06-13T17:21:58.856+0200] {dagbag.py:538} INFO - Filling up the DagBag from /home/monica.fernandez/practica_creativa/venv-airflow/lib/python3.11/site-packages/airflow/example_dags/example_sensors.py
[2025-06-13T17:21:58.895+0200] {processor.py:753} INFO - DAG(s) dict_keys(['example_sensors']) retrieved from /home/monica.fernandez/practica_creativa/venv-airflow/lib/python3.11/site-packages/airflow/example_dags/example_sensors.py
[2025-06-13T17:21:58.932+0200] {logging_mixin.py:137} INFO - [2025-06-13T17:21:58.932+0200] {dag.py:2690} INFO - Sync 1 DAGs
[2025-06-13T17:21:58.962+0200] {logging_mixin.py:137} INFO - [2025-06-13T17:21:58.962+0200] {dag.py:3437} INFO - Setting next_dagrun for example_sensors to None, run_after=None
[2025-06-13T17:21:59.021+0200] {processor.py:175} INFO - Processing /home/monica.fernandez/practica_creativa/venv-airflow/lib/python3.11/site-packages/airflow/example_dags/example_sensors.py took 0.171 seconds
[2025-06-13T17:22:50.879+0200] {processor.py:153} INFO - Started process (PID=38723) to work on /home/monica.fernandez/practica_creativa/venv-airflow/lib/python3.11/site-packages/airflow/example_dags/example_sensors.py
[2025-06-13T17:22:50.880+0200] {processor.py:743} INFO - Processing file /home/monica.fernandez/practica_creativa/venv-airflow/lib/python3.11/site-packages/airflow/example_dags/example_sensors.py for tasks to queue
[2025-06-13T17:22:50.881+0200] {logging_mixin.py:137} INFO - [2025-06-13T17:22:50.880+0200] {dagbag.py:538} INFO - Filling up the DagBag from /home/monica.fernandez/practica_creativa/venv-airflow/lib/python3.11/site-packages/airflow/example_dags/example_sensors.py
[2025-06-13T17:22:50.910+0200] {processor.py:753} INFO - DAG(s) dict_keys(['example_sensors']) retrieved from /home/monica.fernandez/practica_creativa/venv-airflow/lib/python3.11/site-packages/airflow/example_dags/example_sensors.py
[2025-06-13T17:22:50.940+0200] {logging_mixin.py:137} INFO - [2025-06-13T17:22:50.939+0200] {dag.py:2690} INFO - Sync 1 DAGs
[2025-06-13T17:22:50.965+0200] {logging_mixin.py:137} INFO - [2025-06-13T17:22:50.965+0200] {dag.py:3437} INFO - Setting next_dagrun for example_sensors to None, run_after=None
[2025-06-13T17:22:51.023+0200] {processor.py:175} INFO - Processing /home/monica.fernandez/practica_creativa/venv-airflow/lib/python3.11/site-packages/airflow/example_dags/example_sensors.py took 0.148 seconds
[2025-06-13T17:23:40.317+0200] {processor.py:153} INFO - Started process (PID=39190) to work on /home/monica.fernandez/practica_creativa/venv-airflow/lib/python3.11/site-packages/airflow/example_dags/example_sensors.py
[2025-06-13T17:23:40.318+0200] {processor.py:743} INFO - Processing file /home/monica.fernandez/practica_creativa/venv-airflow/lib/python3.11/site-packages/airflow/example_dags/example_sensors.py for tasks to queue
[2025-06-13T17:23:40.318+0200] {logging_mixin.py:137} INFO - [2025-06-13T17:23:40.318+0200] {dagbag.py:538} INFO - Filling up the DagBag from /home/monica.fernandez/practica_creativa/venv-airflow/lib/python3.11/site-packages/airflow/example_dags/example_sensors.py
[2025-06-13T17:23:40.351+0200] {processor.py:753} INFO - DAG(s) dict_keys(['example_sensors']) retrieved from /home/monica.fernandez/practica_creativa/venv-airflow/lib/python3.11/site-packages/airflow/example_dags/example_sensors.py
[2025-06-13T17:23:40.392+0200] {logging_mixin.py:137} INFO - [2025-06-13T17:23:40.391+0200] {dag.py:2690} INFO - Sync 1 DAGs
[2025-06-13T17:23:40.422+0200] {logging_mixin.py:137} INFO - [2025-06-13T17:23:40.422+0200] {dag.py:3437} INFO - Setting next_dagrun for example_sensors to None, run_after=None
[2025-06-13T17:23:40.483+0200] {processor.py:175} INFO - Processing /home/monica.fernandez/practica_creativa/venv-airflow/lib/python3.11/site-packages/airflow/example_dags/example_sensors.py took 0.169 seconds
[2025-06-13T17:24:31.392+0200] {processor.py:153} INFO - Started process (PID=39990) to work on /home/monica.fernandez/practica_creativa/venv-airflow/lib/python3.11/site-packages/airflow/example_dags/example_sensors.py
[2025-06-13T17:24:31.393+0200] {processor.py:743} INFO - Processing file /home/monica.fernandez/practica_creativa/venv-airflow/lib/python3.11/site-packages/airflow/example_dags/example_sensors.py for tasks to queue
[2025-06-13T17:24:31.394+0200] {logging_mixin.py:137} INFO - [2025-06-13T17:24:31.394+0200] {dagbag.py:538} INFO - Filling up the DagBag from /home/monica.fernandez/practica_creativa/venv-airflow/lib/python3.11/site-packages/airflow/example_dags/example_sensors.py
[2025-06-13T17:24:31.435+0200] {processor.py:753} INFO - DAG(s) dict_keys(['example_sensors']) retrieved from /home/monica.fernandez/practica_creativa/venv-airflow/lib/python3.11/site-packages/airflow/example_dags/example_sensors.py
[2025-06-13T17:24:31.477+0200] {logging_mixin.py:137} INFO - [2025-06-13T17:24:31.477+0200] {dag.py:2690} INFO - Sync 1 DAGs
[2025-06-13T17:24:31.515+0200] {logging_mixin.py:137} INFO - [2025-06-13T17:24:31.515+0200] {dag.py:3437} INFO - Setting next_dagrun for example_sensors to None, run_after=None
[2025-06-13T17:24:31.596+0200] {processor.py:175} INFO - Processing /home/monica.fernandez/practica_creativa/venv-airflow/lib/python3.11/site-packages/airflow/example_dags/example_sensors.py took 0.209 seconds
[2025-06-13T17:25:13.202+0200] {processor.py:153} INFO - Started process (PID=40281) to work on /home/monica.fernandez/practica_creativa/venv-airflow/lib/python3.11/site-packages/airflow/example_dags/example_sensors.py
[2025-06-13T17:25:13.203+0200] {processor.py:743} INFO - Processing file /home/monica.fernandez/practica_creativa/venv-airflow/lib/python3.11/site-packages/airflow/example_dags/example_sensors.py for tasks to queue
[2025-06-13T17:25:13.204+0200] {logging_mixin.py:137} INFO - [2025-06-13T17:25:13.204+0200] {dagbag.py:538} INFO - Filling up the DagBag from /home/monica.fernandez/practica_creativa/venv-airflow/lib/python3.11/site-packages/airflow/example_dags/example_sensors.py
[2025-06-13T17:25:13.234+0200] {processor.py:753} INFO - DAG(s) dict_keys(['example_sensors']) retrieved from /home/monica.fernandez/practica_creativa/venv-airflow/lib/python3.11/site-packages/airflow/example_dags/example_sensors.py
[2025-06-13T17:25:13.275+0200] {logging_mixin.py:137} INFO - [2025-06-13T17:25:13.275+0200] {dag.py:2690} INFO - Sync 1 DAGs
[2025-06-13T17:25:13.308+0200] {logging_mixin.py:137} INFO - [2025-06-13T17:25:13.308+0200] {dag.py:3437} INFO - Setting next_dagrun for example_sensors to None, run_after=None
[2025-06-13T17:25:13.372+0200] {processor.py:175} INFO - Processing /home/monica.fernandez/practica_creativa/venv-airflow/lib/python3.11/site-packages/airflow/example_dags/example_sensors.py took 0.174 seconds
[2025-06-13T17:26:26.810+0200] {processor.py:153} INFO - Started process (PID=41147) to work on /home/monica.fernandez/practica_creativa/venv-airflow/lib/python3.11/site-packages/airflow/example_dags/example_sensors.py
[2025-06-13T17:26:26.811+0200] {processor.py:743} INFO - Processing file /home/monica.fernandez/practica_creativa/venv-airflow/lib/python3.11/site-packages/airflow/example_dags/example_sensors.py for tasks to queue
[2025-06-13T17:26:26.812+0200] {logging_mixin.py:137} INFO - [2025-06-13T17:26:26.811+0200] {dagbag.py:538} INFO - Filling up the DagBag from /home/monica.fernandez/practica_creativa/venv-airflow/lib/python3.11/site-packages/airflow/example_dags/example_sensors.py
[2025-06-13T17:26:26.849+0200] {processor.py:753} INFO - DAG(s) dict_keys(['example_sensors']) retrieved from /home/monica.fernandez/practica_creativa/venv-airflow/lib/python3.11/site-packages/airflow/example_dags/example_sensors.py
[2025-06-13T17:26:26.893+0200] {logging_mixin.py:137} INFO - [2025-06-13T17:26:26.892+0200] {dag.py:2690} INFO - Sync 1 DAGs
[2025-06-13T17:26:26.928+0200] {logging_mixin.py:137} INFO - [2025-06-13T17:26:26.928+0200] {dag.py:3437} INFO - Setting next_dagrun for example_sensors to None, run_after=None
[2025-06-13T17:26:27.002+0200] {processor.py:175} INFO - Processing /home/monica.fernandez/practica_creativa/venv-airflow/lib/python3.11/site-packages/airflow/example_dags/example_sensors.py took 0.197 seconds
[2025-06-13T17:27:21.664+0200] {processor.py:153} INFO - Started process (PID=41623) to work on /home/monica.fernandez/practica_creativa/venv-airflow/lib/python3.11/site-packages/airflow/example_dags/example_sensors.py
[2025-06-13T17:27:21.664+0200] {processor.py:743} INFO - Processing file /home/monica.fernandez/practica_creativa/venv-airflow/lib/python3.11/site-packages/airflow/example_dags/example_sensors.py for tasks to queue
[2025-06-13T17:27:21.665+0200] {logging_mixin.py:137} INFO - [2025-06-13T17:27:21.665+0200] {dagbag.py:538} INFO - Filling up the DagBag from /home/monica.fernandez/practica_creativa/venv-airflow/lib/python3.11/site-packages/airflow/example_dags/example_sensors.py
[2025-06-13T17:27:21.711+0200] {processor.py:753} INFO - DAG(s) dict_keys(['example_sensors']) retrieved from /home/monica.fernandez/practica_creativa/venv-airflow/lib/python3.11/site-packages/airflow/example_dags/example_sensors.py
[2025-06-13T17:27:21.754+0200] {logging_mixin.py:137} INFO - [2025-06-13T17:27:21.753+0200] {dag.py:2690} INFO - Sync 1 DAGs
[2025-06-13T17:27:21.783+0200] {logging_mixin.py:137} INFO - [2025-06-13T17:27:21.782+0200] {dag.py:3437} INFO - Setting next_dagrun for example_sensors to None, run_after=None
[2025-06-13T17:27:21.848+0200] {processor.py:175} INFO - Processing /home/monica.fernandez/practica_creativa/venv-airflow/lib/python3.11/site-packages/airflow/example_dags/example_sensors.py took 0.188 seconds
[2025-06-13T17:28:11.762+0200] {processor.py:153} INFO - Started process (PID=42046) to work on /home/monica.fernandez/practica_creativa/venv-airflow/lib/python3.11/site-packages/airflow/example_dags/example_sensors.py
[2025-06-13T17:28:11.763+0200] {processor.py:743} INFO - Processing file /home/monica.fernandez/practica_creativa/venv-airflow/lib/python3.11/site-packages/airflow/example_dags/example_sensors.py for tasks to queue
[2025-06-13T17:28:11.764+0200] {logging_mixin.py:137} INFO - [2025-06-13T17:28:11.763+0200] {dagbag.py:538} INFO - Filling up the DagBag from /home/monica.fernandez/practica_creativa/venv-airflow/lib/python3.11/site-packages/airflow/example_dags/example_sensors.py
[2025-06-13T17:28:11.790+0200] {processor.py:753} INFO - DAG(s) dict_keys(['example_sensors']) retrieved from /home/monica.fernandez/practica_creativa/venv-airflow/lib/python3.11/site-packages/airflow/example_dags/example_sensors.py
[2025-06-13T17:28:11.821+0200] {logging_mixin.py:137} INFO - [2025-06-13T17:28:11.821+0200] {dag.py:2690} INFO - Sync 1 DAGs
[2025-06-13T17:28:11.851+0200] {logging_mixin.py:137} INFO - [2025-06-13T17:28:11.851+0200] {dag.py:3437} INFO - Setting next_dagrun for example_sensors to None, run_after=None
[2025-06-13T17:28:11.905+0200] {processor.py:175} INFO - Processing /home/monica.fernandez/practica_creativa/venv-airflow/lib/python3.11/site-packages/airflow/example_dags/example_sensors.py took 0.146 seconds
[2025-06-13T17:29:00.594+0200] {processor.py:153} INFO - Started process (PID=42538) to work on /home/monica.fernandez/practica_creativa/venv-airflow/lib/python3.11/site-packages/airflow/example_dags/example_sensors.py
[2025-06-13T17:29:00.595+0200] {processor.py:743} INFO - Processing file /home/monica.fernandez/practica_creativa/venv-airflow/lib/python3.11/site-packages/airflow/example_dags/example_sensors.py for tasks to queue
[2025-06-13T17:29:00.595+0200] {logging_mixin.py:137} INFO - [2025-06-13T17:29:00.595+0200] {dagbag.py:538} INFO - Filling up the DagBag from /home/monica.fernandez/practica_creativa/venv-airflow/lib/python3.11/site-packages/airflow/example_dags/example_sensors.py
[2025-06-13T17:29:00.630+0200] {processor.py:753} INFO - DAG(s) dict_keys(['example_sensors']) retrieved from /home/monica.fernandez/practica_creativa/venv-airflow/lib/python3.11/site-packages/airflow/example_dags/example_sensors.py
[2025-06-13T17:29:00.666+0200] {logging_mixin.py:137} INFO - [2025-06-13T17:29:00.666+0200] {dag.py:2690} INFO - Sync 1 DAGs
[2025-06-13T17:29:00.695+0200] {logging_mixin.py:137} INFO - [2025-06-13T17:29:00.694+0200] {dag.py:3437} INFO - Setting next_dagrun for example_sensors to None, run_after=None
[2025-06-13T17:29:00.763+0200] {processor.py:175} INFO - Processing /home/monica.fernandez/practica_creativa/venv-airflow/lib/python3.11/site-packages/airflow/example_dags/example_sensors.py took 0.173 seconds
[2025-06-13T17:29:45.619+0200] {processor.py:153} INFO - Started process (PID=42978) to work on /home/monica.fernandez/practica_creativa/venv-airflow/lib/python3.11/site-packages/airflow/example_dags/example_sensors.py
[2025-06-13T17:29:45.620+0200] {processor.py:743} INFO - Processing file /home/monica.fernandez/practica_creativa/venv-airflow/lib/python3.11/site-packages/airflow/example_dags/example_sensors.py for tasks to queue
[2025-06-13T17:29:45.620+0200] {logging_mixin.py:137} INFO - [2025-06-13T17:29:45.620+0200] {dagbag.py:538} INFO - Filling up the DagBag from /home/monica.fernandez/practica_creativa/venv-airflow/lib/python3.11/site-packages/airflow/example_dags/example_sensors.py
[2025-06-13T17:29:45.678+0200] {processor.py:753} INFO - DAG(s) dict_keys(['example_sensors']) retrieved from /home/monica.fernandez/practica_creativa/venv-airflow/lib/python3.11/site-packages/airflow/example_dags/example_sensors.py
[2025-06-13T17:29:45.748+0200] {logging_mixin.py:137} INFO - [2025-06-13T17:29:45.747+0200] {dag.py:2690} INFO - Sync 1 DAGs
[2025-06-13T17:29:45.813+0200] {logging_mixin.py:137} INFO - [2025-06-13T17:29:45.813+0200] {dag.py:3437} INFO - Setting next_dagrun for example_sensors to None, run_after=None
[2025-06-13T17:29:45.949+0200] {processor.py:175} INFO - Processing /home/monica.fernandez/practica_creativa/venv-airflow/lib/python3.11/site-packages/airflow/example_dags/example_sensors.py took 0.337 seconds
[2025-06-13T17:30:36.250+0200] {processor.py:153} INFO - Started process (PID=43489) to work on /home/monica.fernandez/practica_creativa/venv-airflow/lib/python3.11/site-packages/airflow/example_dags/example_sensors.py
[2025-06-13T17:30:36.251+0200] {processor.py:743} INFO - Processing file /home/monica.fernandez/practica_creativa/venv-airflow/lib/python3.11/site-packages/airflow/example_dags/example_sensors.py for tasks to queue
[2025-06-13T17:30:36.252+0200] {logging_mixin.py:137} INFO - [2025-06-13T17:30:36.251+0200] {dagbag.py:538} INFO - Filling up the DagBag from /home/monica.fernandez/practica_creativa/venv-airflow/lib/python3.11/site-packages/airflow/example_dags/example_sensors.py
[2025-06-13T17:30:36.292+0200] {processor.py:753} INFO - DAG(s) dict_keys(['example_sensors']) retrieved from /home/monica.fernandez/practica_creativa/venv-airflow/lib/python3.11/site-packages/airflow/example_dags/example_sensors.py
[2025-06-13T17:30:36.328+0200] {logging_mixin.py:137} INFO - [2025-06-13T17:30:36.328+0200] {dag.py:2690} INFO - Sync 1 DAGs
[2025-06-13T17:30:36.365+0200] {logging_mixin.py:137} INFO - [2025-06-13T17:30:36.365+0200] {dag.py:3437} INFO - Setting next_dagrun for example_sensors to None, run_after=None
[2025-06-13T17:30:36.443+0200] {processor.py:175} INFO - Processing /home/monica.fernandez/practica_creativa/venv-airflow/lib/python3.11/site-packages/airflow/example_dags/example_sensors.py took 0.197 seconds
[2025-06-13T17:31:41.354+0200] {processor.py:153} INFO - Started process (PID=44291) to work on /home/monica.fernandez/practica_creativa/venv-airflow/lib/python3.11/site-packages/airflow/example_dags/example_sensors.py
[2025-06-13T17:31:41.355+0200] {processor.py:743} INFO - Processing file /home/monica.fernandez/practica_creativa/venv-airflow/lib/python3.11/site-packages/airflow/example_dags/example_sensors.py for tasks to queue
[2025-06-13T17:31:41.355+0200] {logging_mixin.py:137} INFO - [2025-06-13T17:31:41.355+0200] {dagbag.py:538} INFO - Filling up the DagBag from /home/monica.fernandez/practica_creativa/venv-airflow/lib/python3.11/site-packages/airflow/example_dags/example_sensors.py
[2025-06-13T17:31:41.389+0200] {processor.py:753} INFO - DAG(s) dict_keys(['example_sensors']) retrieved from /home/monica.fernandez/practica_creativa/venv-airflow/lib/python3.11/site-packages/airflow/example_dags/example_sensors.py
[2025-06-13T17:31:41.426+0200] {logging_mixin.py:137} INFO - [2025-06-13T17:31:41.426+0200] {dag.py:2690} INFO - Sync 1 DAGs
[2025-06-13T17:31:41.469+0200] {logging_mixin.py:137} INFO - [2025-06-13T17:31:41.469+0200] {dag.py:3437} INFO - Setting next_dagrun for example_sensors to None, run_after=None
[2025-06-13T17:31:41.552+0200] {processor.py:175} INFO - Processing /home/monica.fernandez/practica_creativa/venv-airflow/lib/python3.11/site-packages/airflow/example_dags/example_sensors.py took 0.202 seconds
[2025-06-13T17:32:32.863+0200] {processor.py:153} INFO - Started process (PID=44810) to work on /home/monica.fernandez/practica_creativa/venv-airflow/lib/python3.11/site-packages/airflow/example_dags/example_sensors.py
[2025-06-13T17:32:32.863+0200] {processor.py:743} INFO - Processing file /home/monica.fernandez/practica_creativa/venv-airflow/lib/python3.11/site-packages/airflow/example_dags/example_sensors.py for tasks to queue
[2025-06-13T17:32:32.864+0200] {logging_mixin.py:137} INFO - [2025-06-13T17:32:32.864+0200] {dagbag.py:538} INFO - Filling up the DagBag from /home/monica.fernandez/practica_creativa/venv-airflow/lib/python3.11/site-packages/airflow/example_dags/example_sensors.py
[2025-06-13T17:32:32.900+0200] {processor.py:753} INFO - DAG(s) dict_keys(['example_sensors']) retrieved from /home/monica.fernandez/practica_creativa/venv-airflow/lib/python3.11/site-packages/airflow/example_dags/example_sensors.py
[2025-06-13T17:32:32.936+0200] {logging_mixin.py:137} INFO - [2025-06-13T17:32:32.936+0200] {dag.py:2690} INFO - Sync 1 DAGs
[2025-06-13T17:32:32.969+0200] {logging_mixin.py:137} INFO - [2025-06-13T17:32:32.969+0200] {dag.py:3437} INFO - Setting next_dagrun for example_sensors to None, run_after=None
[2025-06-13T17:32:33.033+0200] {processor.py:175} INFO - Processing /home/monica.fernandez/practica_creativa/venv-airflow/lib/python3.11/site-packages/airflow/example_dags/example_sensors.py took 0.173 seconds
[2025-06-13T17:33:21.241+0200] {processor.py:153} INFO - Started process (PID=45189) to work on /home/monica.fernandez/practica_creativa/venv-airflow/lib/python3.11/site-packages/airflow/example_dags/example_sensors.py
[2025-06-13T17:33:21.242+0200] {processor.py:743} INFO - Processing file /home/monica.fernandez/practica_creativa/venv-airflow/lib/python3.11/site-packages/airflow/example_dags/example_sensors.py for tasks to queue
[2025-06-13T17:33:21.243+0200] {logging_mixin.py:137} INFO - [2025-06-13T17:33:21.243+0200] {dagbag.py:538} INFO - Filling up the DagBag from /home/monica.fernandez/practica_creativa/venv-airflow/lib/python3.11/site-packages/airflow/example_dags/example_sensors.py
[2025-06-13T17:33:21.289+0200] {processor.py:753} INFO - DAG(s) dict_keys(['example_sensors']) retrieved from /home/monica.fernandez/practica_creativa/venv-airflow/lib/python3.11/site-packages/airflow/example_dags/example_sensors.py
[2025-06-13T17:33:21.330+0200] {logging_mixin.py:137} INFO - [2025-06-13T17:33:21.330+0200] {dag.py:2690} INFO - Sync 1 DAGs
[2025-06-13T17:33:21.367+0200] {logging_mixin.py:137} INFO - [2025-06-13T17:33:21.367+0200] {dag.py:3437} INFO - Setting next_dagrun for example_sensors to None, run_after=None
[2025-06-13T17:33:21.439+0200] {processor.py:175} INFO - Processing /home/monica.fernandez/practica_creativa/venv-airflow/lib/python3.11/site-packages/airflow/example_dags/example_sensors.py took 0.203 seconds
[2025-06-13T17:34:03.206+0200] {processor.py:153} INFO - Started process (PID=45582) to work on /home/monica.fernandez/practica_creativa/venv-airflow/lib/python3.11/site-packages/airflow/example_dags/example_sensors.py
[2025-06-13T17:34:03.208+0200] {processor.py:743} INFO - Processing file /home/monica.fernandez/practica_creativa/venv-airflow/lib/python3.11/site-packages/airflow/example_dags/example_sensors.py for tasks to queue
[2025-06-13T17:34:03.208+0200] {logging_mixin.py:137} INFO - [2025-06-13T17:34:03.208+0200] {dagbag.py:538} INFO - Filling up the DagBag from /home/monica.fernandez/practica_creativa/venv-airflow/lib/python3.11/site-packages/airflow/example_dags/example_sensors.py
[2025-06-13T17:34:03.233+0200] {processor.py:753} INFO - DAG(s) dict_keys(['example_sensors']) retrieved from /home/monica.fernandez/practica_creativa/venv-airflow/lib/python3.11/site-packages/airflow/example_dags/example_sensors.py
[2025-06-13T17:34:03.270+0200] {logging_mixin.py:137} INFO - [2025-06-13T17:34:03.270+0200] {dag.py:2690} INFO - Sync 1 DAGs
[2025-06-13T17:34:03.299+0200] {logging_mixin.py:137} INFO - [2025-06-13T17:34:03.298+0200] {dag.py:3437} INFO - Setting next_dagrun for example_sensors to None, run_after=None
[2025-06-13T17:34:03.355+0200] {processor.py:175} INFO - Processing /home/monica.fernandez/practica_creativa/venv-airflow/lib/python3.11/site-packages/airflow/example_dags/example_sensors.py took 0.152 seconds
[2025-06-13T17:35:00.890+0200] {processor.py:153} INFO - Started process (PID=46120) to work on /home/monica.fernandez/practica_creativa/venv-airflow/lib/python3.11/site-packages/airflow/example_dags/example_sensors.py
[2025-06-13T17:35:00.891+0200] {processor.py:743} INFO - Processing file /home/monica.fernandez/practica_creativa/venv-airflow/lib/python3.11/site-packages/airflow/example_dags/example_sensors.py for tasks to queue
[2025-06-13T17:35:00.892+0200] {logging_mixin.py:137} INFO - [2025-06-13T17:35:00.891+0200] {dagbag.py:538} INFO - Filling up the DagBag from /home/monica.fernandez/practica_creativa/venv-airflow/lib/python3.11/site-packages/airflow/example_dags/example_sensors.py
[2025-06-13T17:35:00.927+0200] {processor.py:753} INFO - DAG(s) dict_keys(['example_sensors']) retrieved from /home/monica.fernandez/practica_creativa/venv-airflow/lib/python3.11/site-packages/airflow/example_dags/example_sensors.py
[2025-06-13T17:35:00.967+0200] {logging_mixin.py:137} INFO - [2025-06-13T17:35:00.967+0200] {dag.py:2690} INFO - Sync 1 DAGs
[2025-06-13T17:35:01.004+0200] {logging_mixin.py:137} INFO - [2025-06-13T17:35:01.003+0200] {dag.py:3437} INFO - Setting next_dagrun for example_sensors to None, run_after=None
[2025-06-13T17:35:01.110+0200] {processor.py:175} INFO - Processing /home/monica.fernandez/practica_creativa/venv-airflow/lib/python3.11/site-packages/airflow/example_dags/example_sensors.py took 0.224 seconds
[2025-06-13T17:36:00.387+0200] {processor.py:153} INFO - Started process (PID=46638) to work on /home/monica.fernandez/practica_creativa/venv-airflow/lib/python3.11/site-packages/airflow/example_dags/example_sensors.py
[2025-06-13T17:36:00.388+0200] {processor.py:743} INFO - Processing file /home/monica.fernandez/practica_creativa/venv-airflow/lib/python3.11/site-packages/airflow/example_dags/example_sensors.py for tasks to queue
[2025-06-13T17:36:00.389+0200] {logging_mixin.py:137} INFO - [2025-06-13T17:36:00.389+0200] {dagbag.py:538} INFO - Filling up the DagBag from /home/monica.fernandez/practica_creativa/venv-airflow/lib/python3.11/site-packages/airflow/example_dags/example_sensors.py
[2025-06-13T17:36:00.427+0200] {processor.py:753} INFO - DAG(s) dict_keys(['example_sensors']) retrieved from /home/monica.fernandez/practica_creativa/venv-airflow/lib/python3.11/site-packages/airflow/example_dags/example_sensors.py
[2025-06-13T17:36:00.478+0200] {logging_mixin.py:137} INFO - [2025-06-13T17:36:00.478+0200] {dag.py:2690} INFO - Sync 1 DAGs
[2025-06-13T17:36:00.515+0200] {logging_mixin.py:137} INFO - [2025-06-13T17:36:00.515+0200] {dag.py:3437} INFO - Setting next_dagrun for example_sensors to None, run_after=None
[2025-06-13T17:36:00.609+0200] {processor.py:175} INFO - Processing /home/monica.fernandez/practica_creativa/venv-airflow/lib/python3.11/site-packages/airflow/example_dags/example_sensors.py took 0.226 seconds
[2025-06-13T17:37:05.052+0200] {processor.py:153} INFO - Started process (PID=47340) to work on /home/monica.fernandez/practica_creativa/venv-airflow/lib/python3.11/site-packages/airflow/example_dags/example_sensors.py
[2025-06-13T17:37:05.052+0200] {processor.py:743} INFO - Processing file /home/monica.fernandez/practica_creativa/venv-airflow/lib/python3.11/site-packages/airflow/example_dags/example_sensors.py for tasks to queue
[2025-06-13T17:37:05.053+0200] {logging_mixin.py:137} INFO - [2025-06-13T17:37:05.053+0200] {dagbag.py:538} INFO - Filling up the DagBag from /home/monica.fernandez/practica_creativa/venv-airflow/lib/python3.11/site-packages/airflow/example_dags/example_sensors.py
[2025-06-13T17:37:05.094+0200] {processor.py:753} INFO - DAG(s) dict_keys(['example_sensors']) retrieved from /home/monica.fernandez/practica_creativa/venv-airflow/lib/python3.11/site-packages/airflow/example_dags/example_sensors.py
[2025-06-13T17:37:05.154+0200] {logging_mixin.py:137} INFO - [2025-06-13T17:37:05.154+0200] {dag.py:2690} INFO - Sync 1 DAGs
[2025-06-13T17:37:05.207+0200] {logging_mixin.py:137} INFO - [2025-06-13T17:37:05.206+0200] {dag.py:3437} INFO - Setting next_dagrun for example_sensors to None, run_after=None
[2025-06-13T17:37:05.305+0200] {processor.py:175} INFO - Processing /home/monica.fernandez/practica_creativa/venv-airflow/lib/python3.11/site-packages/airflow/example_dags/example_sensors.py took 0.257 seconds
[2025-06-13T17:37:55.106+0200] {processor.py:153} INFO - Started process (PID=47750) to work on /home/monica.fernandez/practica_creativa/venv-airflow/lib/python3.11/site-packages/airflow/example_dags/example_sensors.py
[2025-06-13T17:37:55.106+0200] {processor.py:743} INFO - Processing file /home/monica.fernandez/practica_creativa/venv-airflow/lib/python3.11/site-packages/airflow/example_dags/example_sensors.py for tasks to queue
[2025-06-13T17:37:55.107+0200] {logging_mixin.py:137} INFO - [2025-06-13T17:37:55.107+0200] {dagbag.py:538} INFO - Filling up the DagBag from /home/monica.fernandez/practica_creativa/venv-airflow/lib/python3.11/site-packages/airflow/example_dags/example_sensors.py
[2025-06-13T17:37:55.139+0200] {processor.py:753} INFO - DAG(s) dict_keys(['example_sensors']) retrieved from /home/monica.fernandez/practica_creativa/venv-airflow/lib/python3.11/site-packages/airflow/example_dags/example_sensors.py
[2025-06-13T17:37:55.173+0200] {logging_mixin.py:137} INFO - [2025-06-13T17:37:55.173+0200] {dag.py:2690} INFO - Sync 1 DAGs
[2025-06-13T17:37:55.199+0200] {logging_mixin.py:137} INFO - [2025-06-13T17:37:55.199+0200] {dag.py:3437} INFO - Setting next_dagrun for example_sensors to None, run_after=None
[2025-06-13T17:37:55.255+0200] {processor.py:175} INFO - Processing /home/monica.fernandez/practica_creativa/venv-airflow/lib/python3.11/site-packages/airflow/example_dags/example_sensors.py took 0.153 seconds
[2025-06-13T17:38:38.169+0200] {processor.py:153} INFO - Started process (PID=48172) to work on /home/monica.fernandez/practica_creativa/venv-airflow/lib/python3.11/site-packages/airflow/example_dags/example_sensors.py
[2025-06-13T17:38:38.170+0200] {processor.py:743} INFO - Processing file /home/monica.fernandez/practica_creativa/venv-airflow/lib/python3.11/site-packages/airflow/example_dags/example_sensors.py for tasks to queue
[2025-06-13T17:38:38.171+0200] {logging_mixin.py:137} INFO - [2025-06-13T17:38:38.171+0200] {dagbag.py:538} INFO - Filling up the DagBag from /home/monica.fernandez/practica_creativa/venv-airflow/lib/python3.11/site-packages/airflow/example_dags/example_sensors.py
[2025-06-13T17:38:38.218+0200] {processor.py:753} INFO - DAG(s) dict_keys(['example_sensors']) retrieved from /home/monica.fernandez/practica_creativa/venv-airflow/lib/python3.11/site-packages/airflow/example_dags/example_sensors.py
[2025-06-13T17:38:38.249+0200] {logging_mixin.py:137} INFO - [2025-06-13T17:38:38.249+0200] {dag.py:2690} INFO - Sync 1 DAGs
[2025-06-13T17:38:38.272+0200] {logging_mixin.py:137} INFO - [2025-06-13T17:38:38.272+0200] {dag.py:3437} INFO - Setting next_dagrun for example_sensors to None, run_after=None
[2025-06-13T17:38:38.327+0200] {processor.py:175} INFO - Processing /home/monica.fernandez/practica_creativa/venv-airflow/lib/python3.11/site-packages/airflow/example_dags/example_sensors.py took 0.163 seconds
[2025-06-13T17:39:28.575+0200] {processor.py:153} INFO - Started process (PID=48599) to work on /home/monica.fernandez/practica_creativa/venv-airflow/lib/python3.11/site-packages/airflow/example_dags/example_sensors.py
[2025-06-13T17:39:28.576+0200] {processor.py:743} INFO - Processing file /home/monica.fernandez/practica_creativa/venv-airflow/lib/python3.11/site-packages/airflow/example_dags/example_sensors.py for tasks to queue
[2025-06-13T17:39:28.577+0200] {logging_mixin.py:137} INFO - [2025-06-13T17:39:28.577+0200] {dagbag.py:538} INFO - Filling up the DagBag from /home/monica.fernandez/practica_creativa/venv-airflow/lib/python3.11/site-packages/airflow/example_dags/example_sensors.py
[2025-06-13T17:39:28.611+0200] {processor.py:753} INFO - DAG(s) dict_keys(['example_sensors']) retrieved from /home/monica.fernandez/practica_creativa/venv-airflow/lib/python3.11/site-packages/airflow/example_dags/example_sensors.py
[2025-06-13T17:39:28.649+0200] {logging_mixin.py:137} INFO - [2025-06-13T17:39:28.649+0200] {dag.py:2690} INFO - Sync 1 DAGs
[2025-06-13T17:39:28.681+0200] {logging_mixin.py:137} INFO - [2025-06-13T17:39:28.681+0200] {dag.py:3437} INFO - Setting next_dagrun for example_sensors to None, run_after=None
[2025-06-13T17:39:28.744+0200] {processor.py:175} INFO - Processing /home/monica.fernandez/practica_creativa/venv-airflow/lib/python3.11/site-packages/airflow/example_dags/example_sensors.py took 0.172 seconds
[2025-06-13T17:40:25.351+0200] {processor.py:153} INFO - Started process (PID=49106) to work on /home/monica.fernandez/practica_creativa/venv-airflow/lib/python3.11/site-packages/airflow/example_dags/example_sensors.py
[2025-06-13T17:40:25.352+0200] {processor.py:743} INFO - Processing file /home/monica.fernandez/practica_creativa/venv-airflow/lib/python3.11/site-packages/airflow/example_dags/example_sensors.py for tasks to queue
[2025-06-13T17:40:25.353+0200] {logging_mixin.py:137} INFO - [2025-06-13T17:40:25.353+0200] {dagbag.py:538} INFO - Filling up the DagBag from /home/monica.fernandez/practica_creativa/venv-airflow/lib/python3.11/site-packages/airflow/example_dags/example_sensors.py
[2025-06-13T17:40:25.398+0200] {processor.py:753} INFO - DAG(s) dict_keys(['example_sensors']) retrieved from /home/monica.fernandez/practica_creativa/venv-airflow/lib/python3.11/site-packages/airflow/example_dags/example_sensors.py
[2025-06-13T17:40:25.441+0200] {logging_mixin.py:137} INFO - [2025-06-13T17:40:25.440+0200] {dag.py:2690} INFO - Sync 1 DAGs
[2025-06-13T17:40:25.478+0200] {logging_mixin.py:137} INFO - [2025-06-13T17:40:25.478+0200] {dag.py:3437} INFO - Setting next_dagrun for example_sensors to None, run_after=None
[2025-06-13T17:40:25.559+0200] {processor.py:175} INFO - Processing /home/monica.fernandez/practica_creativa/venv-airflow/lib/python3.11/site-packages/airflow/example_dags/example_sensors.py took 0.213 seconds
[2025-06-13T17:41:19.985+0200] {processor.py:153} INFO - Started process (PID=49550) to work on /home/monica.fernandez/practica_creativa/venv-airflow/lib/python3.11/site-packages/airflow/example_dags/example_sensors.py
[2025-06-13T17:41:19.986+0200] {processor.py:743} INFO - Processing file /home/monica.fernandez/practica_creativa/venv-airflow/lib/python3.11/site-packages/airflow/example_dags/example_sensors.py for tasks to queue
[2025-06-13T17:41:19.986+0200] {logging_mixin.py:137} INFO - [2025-06-13T17:41:19.986+0200] {dagbag.py:538} INFO - Filling up the DagBag from /home/monica.fernandez/practica_creativa/venv-airflow/lib/python3.11/site-packages/airflow/example_dags/example_sensors.py
[2025-06-13T17:41:20.015+0200] {processor.py:753} INFO - DAG(s) dict_keys(['example_sensors']) retrieved from /home/monica.fernandez/practica_creativa/venv-airflow/lib/python3.11/site-packages/airflow/example_dags/example_sensors.py
[2025-06-13T17:41:20.052+0200] {logging_mixin.py:137} INFO - [2025-06-13T17:41:20.052+0200] {dag.py:2690} INFO - Sync 1 DAGs
[2025-06-13T17:41:20.079+0200] {logging_mixin.py:137} INFO - [2025-06-13T17:41:20.079+0200] {dag.py:3437} INFO - Setting next_dagrun for example_sensors to None, run_after=None
[2025-06-13T17:41:20.148+0200] {processor.py:175} INFO - Processing /home/monica.fernandez/practica_creativa/venv-airflow/lib/python3.11/site-packages/airflow/example_dags/example_sensors.py took 0.165 seconds
[2025-06-13T17:42:12.947+0200] {processor.py:153} INFO - Started process (PID=50046) to work on /home/monica.fernandez/practica_creativa/venv-airflow/lib/python3.11/site-packages/airflow/example_dags/example_sensors.py
[2025-06-13T17:42:12.948+0200] {processor.py:743} INFO - Processing file /home/monica.fernandez/practica_creativa/venv-airflow/lib/python3.11/site-packages/airflow/example_dags/example_sensors.py for tasks to queue
[2025-06-13T17:42:12.948+0200] {logging_mixin.py:137} INFO - [2025-06-13T17:42:12.948+0200] {dagbag.py:538} INFO - Filling up the DagBag from /home/monica.fernandez/practica_creativa/venv-airflow/lib/python3.11/site-packages/airflow/example_dags/example_sensors.py
[2025-06-13T17:42:12.984+0200] {processor.py:753} INFO - DAG(s) dict_keys(['example_sensors']) retrieved from /home/monica.fernandez/practica_creativa/venv-airflow/lib/python3.11/site-packages/airflow/example_dags/example_sensors.py
[2025-06-13T17:42:13.036+0200] {logging_mixin.py:137} INFO - [2025-06-13T17:42:13.036+0200] {dag.py:2690} INFO - Sync 1 DAGs
[2025-06-13T17:42:13.068+0200] {logging_mixin.py:137} INFO - [2025-06-13T17:42:13.068+0200] {dag.py:3437} INFO - Setting next_dagrun for example_sensors to None, run_after=None
[2025-06-13T17:42:13.127+0200] {processor.py:175} INFO - Processing /home/monica.fernandez/practica_creativa/venv-airflow/lib/python3.11/site-packages/airflow/example_dags/example_sensors.py took 0.185 seconds
[2025-06-13T17:43:03.373+0200] {processor.py:153} INFO - Started process (PID=50523) to work on /home/monica.fernandez/practica_creativa/venv-airflow/lib/python3.11/site-packages/airflow/example_dags/example_sensors.py
[2025-06-13T17:43:03.374+0200] {processor.py:743} INFO - Processing file /home/monica.fernandez/practica_creativa/venv-airflow/lib/python3.11/site-packages/airflow/example_dags/example_sensors.py for tasks to queue
[2025-06-13T17:43:03.375+0200] {logging_mixin.py:137} INFO - [2025-06-13T17:43:03.375+0200] {dagbag.py:538} INFO - Filling up the DagBag from /home/monica.fernandez/practica_creativa/venv-airflow/lib/python3.11/site-packages/airflow/example_dags/example_sensors.py
[2025-06-13T17:43:03.422+0200] {processor.py:753} INFO - DAG(s) dict_keys(['example_sensors']) retrieved from /home/monica.fernandez/practica_creativa/venv-airflow/lib/python3.11/site-packages/airflow/example_dags/example_sensors.py
[2025-06-13T17:43:03.459+0200] {logging_mixin.py:137} INFO - [2025-06-13T17:43:03.459+0200] {dag.py:2690} INFO - Sync 1 DAGs
[2025-06-13T17:43:03.492+0200] {logging_mixin.py:137} INFO - [2025-06-13T17:43:03.492+0200] {dag.py:3437} INFO - Setting next_dagrun for example_sensors to None, run_after=None
[2025-06-13T17:43:03.558+0200] {processor.py:175} INFO - Processing /home/monica.fernandez/practica_creativa/venv-airflow/lib/python3.11/site-packages/airflow/example_dags/example_sensors.py took 0.198 seconds
[2025-06-13T17:44:05.209+0200] {processor.py:153} INFO - Started process (PID=51322) to work on /home/monica.fernandez/practica_creativa/venv-airflow/lib/python3.11/site-packages/airflow/example_dags/example_sensors.py
[2025-06-13T17:44:05.209+0200] {processor.py:743} INFO - Processing file /home/monica.fernandez/practica_creativa/venv-airflow/lib/python3.11/site-packages/airflow/example_dags/example_sensors.py for tasks to queue
[2025-06-13T17:44:05.210+0200] {logging_mixin.py:137} INFO - [2025-06-13T17:44:05.210+0200] {dagbag.py:538} INFO - Filling up the DagBag from /home/monica.fernandez/practica_creativa/venv-airflow/lib/python3.11/site-packages/airflow/example_dags/example_sensors.py
[2025-06-13T17:44:05.261+0200] {processor.py:753} INFO - DAG(s) dict_keys(['example_sensors']) retrieved from /home/monica.fernandez/practica_creativa/venv-airflow/lib/python3.11/site-packages/airflow/example_dags/example_sensors.py
[2025-06-13T17:44:05.329+0200] {logging_mixin.py:137} INFO - [2025-06-13T17:44:05.328+0200] {dag.py:2690} INFO - Sync 1 DAGs
[2025-06-13T17:44:05.379+0200] {logging_mixin.py:137} INFO - [2025-06-13T17:44:05.378+0200] {dag.py:3437} INFO - Setting next_dagrun for example_sensors to None, run_after=None
[2025-06-13T17:44:05.630+0200] {processor.py:175} INFO - Processing /home/monica.fernandez/practica_creativa/venv-airflow/lib/python3.11/site-packages/airflow/example_dags/example_sensors.py took 0.425 seconds
[2025-06-13T17:44:51.906+0200] {processor.py:153} INFO - Started process (PID=51772) to work on /home/monica.fernandez/practica_creativa/venv-airflow/lib/python3.11/site-packages/airflow/example_dags/example_sensors.py
[2025-06-13T17:44:51.907+0200] {processor.py:743} INFO - Processing file /home/monica.fernandez/practica_creativa/venv-airflow/lib/python3.11/site-packages/airflow/example_dags/example_sensors.py for tasks to queue
[2025-06-13T17:44:51.908+0200] {logging_mixin.py:137} INFO - [2025-06-13T17:44:51.908+0200] {dagbag.py:538} INFO - Filling up the DagBag from /home/monica.fernandez/practica_creativa/venv-airflow/lib/python3.11/site-packages/airflow/example_dags/example_sensors.py
[2025-06-13T17:44:51.943+0200] {processor.py:753} INFO - DAG(s) dict_keys(['example_sensors']) retrieved from /home/monica.fernandez/practica_creativa/venv-airflow/lib/python3.11/site-packages/airflow/example_dags/example_sensors.py
[2025-06-13T17:44:51.973+0200] {logging_mixin.py:137} INFO - [2025-06-13T17:44:51.973+0200] {dag.py:2690} INFO - Sync 1 DAGs
[2025-06-13T17:44:52.106+0200] {logging_mixin.py:137} INFO - [2025-06-13T17:44:52.106+0200] {dag.py:3437} INFO - Setting next_dagrun for example_sensors to None, run_after=None
[2025-06-13T17:44:52.170+0200] {processor.py:175} INFO - Processing /home/monica.fernandez/practica_creativa/venv-airflow/lib/python3.11/site-packages/airflow/example_dags/example_sensors.py took 0.269 seconds
[2025-06-13T17:45:36.906+0200] {processor.py:153} INFO - Started process (PID=52213) to work on /home/monica.fernandez/practica_creativa/venv-airflow/lib/python3.11/site-packages/airflow/example_dags/example_sensors.py
[2025-06-13T17:45:36.907+0200] {processor.py:743} INFO - Processing file /home/monica.fernandez/practica_creativa/venv-airflow/lib/python3.11/site-packages/airflow/example_dags/example_sensors.py for tasks to queue
[2025-06-13T17:45:36.908+0200] {logging_mixin.py:137} INFO - [2025-06-13T17:45:36.908+0200] {dagbag.py:538} INFO - Filling up the DagBag from /home/monica.fernandez/practica_creativa/venv-airflow/lib/python3.11/site-packages/airflow/example_dags/example_sensors.py
[2025-06-13T17:45:36.951+0200] {processor.py:753} INFO - DAG(s) dict_keys(['example_sensors']) retrieved from /home/monica.fernandez/practica_creativa/venv-airflow/lib/python3.11/site-packages/airflow/example_dags/example_sensors.py
[2025-06-13T17:45:37.000+0200] {logging_mixin.py:137} INFO - [2025-06-13T17:45:37.000+0200] {dag.py:2690} INFO - Sync 1 DAGs
[2025-06-13T17:45:37.146+0200] {logging_mixin.py:137} INFO - [2025-06-13T17:45:37.146+0200] {dag.py:3437} INFO - Setting next_dagrun for example_sensors to None, run_after=None
[2025-06-13T17:45:37.207+0200] {processor.py:175} INFO - Processing /home/monica.fernandez/practica_creativa/venv-airflow/lib/python3.11/site-packages/airflow/example_dags/example_sensors.py took 0.307 seconds
[2025-06-13T17:46:23.662+0200] {processor.py:153} INFO - Started process (PID=52564) to work on /home/monica.fernandez/practica_creativa/venv-airflow/lib/python3.11/site-packages/airflow/example_dags/example_sensors.py
[2025-06-13T17:46:23.663+0200] {processor.py:743} INFO - Processing file /home/monica.fernandez/practica_creativa/venv-airflow/lib/python3.11/site-packages/airflow/example_dags/example_sensors.py for tasks to queue
[2025-06-13T17:46:23.664+0200] {logging_mixin.py:137} INFO - [2025-06-13T17:46:23.664+0200] {dagbag.py:538} INFO - Filling up the DagBag from /home/monica.fernandez/practica_creativa/venv-airflow/lib/python3.11/site-packages/airflow/example_dags/example_sensors.py
[2025-06-13T17:46:23.700+0200] {processor.py:753} INFO - DAG(s) dict_keys(['example_sensors']) retrieved from /home/monica.fernandez/practica_creativa/venv-airflow/lib/python3.11/site-packages/airflow/example_dags/example_sensors.py
[2025-06-13T17:46:23.851+0200] {logging_mixin.py:137} INFO - [2025-06-13T17:46:23.851+0200] {dag.py:2690} INFO - Sync 1 DAGs
[2025-06-13T17:46:23.879+0200] {logging_mixin.py:137} INFO - [2025-06-13T17:46:23.879+0200] {dag.py:3437} INFO - Setting next_dagrun for example_sensors to None, run_after=None
[2025-06-13T17:46:23.969+0200] {processor.py:175} INFO - Processing /home/monica.fernandez/practica_creativa/venv-airflow/lib/python3.11/site-packages/airflow/example_dags/example_sensors.py took 0.312 seconds
[2025-06-13T17:47:07.378+0200] {processor.py:153} INFO - Started process (PID=52982) to work on /home/monica.fernandez/practica_creativa/venv-airflow/lib/python3.11/site-packages/airflow/example_dags/example_sensors.py
[2025-06-13T17:47:07.379+0200] {processor.py:743} INFO - Processing file /home/monica.fernandez/practica_creativa/venv-airflow/lib/python3.11/site-packages/airflow/example_dags/example_sensors.py for tasks to queue
[2025-06-13T17:47:07.380+0200] {logging_mixin.py:137} INFO - [2025-06-13T17:47:07.379+0200] {dagbag.py:538} INFO - Filling up the DagBag from /home/monica.fernandez/practica_creativa/venv-airflow/lib/python3.11/site-packages/airflow/example_dags/example_sensors.py
[2025-06-13T17:47:07.521+0200] {processor.py:753} INFO - DAG(s) dict_keys(['example_sensors']) retrieved from /home/monica.fernandez/practica_creativa/venv-airflow/lib/python3.11/site-packages/airflow/example_dags/example_sensors.py
[2025-06-13T17:47:07.549+0200] {logging_mixin.py:137} INFO - [2025-06-13T17:47:07.549+0200] {dag.py:2690} INFO - Sync 1 DAGs
[2025-06-13T17:47:07.575+0200] {logging_mixin.py:137} INFO - [2025-06-13T17:47:07.575+0200] {dag.py:3437} INFO - Setting next_dagrun for example_sensors to None, run_after=None
[2025-06-13T17:47:07.631+0200] {processor.py:175} INFO - Processing /home/monica.fernandez/practica_creativa/venv-airflow/lib/python3.11/site-packages/airflow/example_dags/example_sensors.py took 0.256 seconds
[2025-06-13T17:47:48.979+0200] {processor.py:153} INFO - Started process (PID=53321) to work on /home/monica.fernandez/practica_creativa/venv-airflow/lib/python3.11/site-packages/airflow/example_dags/example_sensors.py
[2025-06-13T17:47:48.980+0200] {processor.py:743} INFO - Processing file /home/monica.fernandez/practica_creativa/venv-airflow/lib/python3.11/site-packages/airflow/example_dags/example_sensors.py for tasks to queue
[2025-06-13T17:47:48.981+0200] {logging_mixin.py:137} INFO - [2025-06-13T17:47:48.981+0200] {dagbag.py:538} INFO - Filling up the DagBag from /home/monica.fernandez/practica_creativa/venv-airflow/lib/python3.11/site-packages/airflow/example_dags/example_sensors.py
[2025-06-13T17:47:49.019+0200] {processor.py:753} INFO - DAG(s) dict_keys(['example_sensors']) retrieved from /home/monica.fernandez/practica_creativa/venv-airflow/lib/python3.11/site-packages/airflow/example_dags/example_sensors.py
[2025-06-13T17:47:49.064+0200] {logging_mixin.py:137} INFO - [2025-06-13T17:47:49.064+0200] {dag.py:2690} INFO - Sync 1 DAGs
[2025-06-13T17:47:49.101+0200] {logging_mixin.py:137} INFO - [2025-06-13T17:47:49.100+0200] {dag.py:3437} INFO - Setting next_dagrun for example_sensors to None, run_after=None
[2025-06-13T17:47:49.174+0200] {processor.py:175} INFO - Processing /home/monica.fernandez/practica_creativa/venv-airflow/lib/python3.11/site-packages/airflow/example_dags/example_sensors.py took 0.199 seconds
[2025-06-13T17:48:44.155+0200] {processor.py:153} INFO - Started process (PID=53816) to work on /home/monica.fernandez/practica_creativa/venv-airflow/lib/python3.11/site-packages/airflow/example_dags/example_sensors.py
[2025-06-13T17:48:44.156+0200] {processor.py:743} INFO - Processing file /home/monica.fernandez/practica_creativa/venv-airflow/lib/python3.11/site-packages/airflow/example_dags/example_sensors.py for tasks to queue
[2025-06-13T17:48:44.157+0200] {logging_mixin.py:137} INFO - [2025-06-13T17:48:44.156+0200] {dagbag.py:538} INFO - Filling up the DagBag from /home/monica.fernandez/practica_creativa/venv-airflow/lib/python3.11/site-packages/airflow/example_dags/example_sensors.py
[2025-06-13T17:48:44.183+0200] {processor.py:753} INFO - DAG(s) dict_keys(['example_sensors']) retrieved from /home/monica.fernandez/practica_creativa/venv-airflow/lib/python3.11/site-packages/airflow/example_dags/example_sensors.py
[2025-06-13T17:48:44.217+0200] {logging_mixin.py:137} INFO - [2025-06-13T17:48:44.217+0200] {dag.py:2690} INFO - Sync 1 DAGs
[2025-06-13T17:48:44.249+0200] {logging_mixin.py:137} INFO - [2025-06-13T17:48:44.248+0200] {dag.py:3437} INFO - Setting next_dagrun for example_sensors to None, run_after=None
[2025-06-13T17:48:44.311+0200] {processor.py:175} INFO - Processing /home/monica.fernandez/practica_creativa/venv-airflow/lib/python3.11/site-packages/airflow/example_dags/example_sensors.py took 0.159 seconds
[2025-06-13T17:49:44.473+0200] {processor.py:153} INFO - Started process (PID=54353) to work on /home/monica.fernandez/practica_creativa/venv-airflow/lib/python3.11/site-packages/airflow/example_dags/example_sensors.py
[2025-06-13T17:49:44.473+0200] {processor.py:743} INFO - Processing file /home/monica.fernandez/practica_creativa/venv-airflow/lib/python3.11/site-packages/airflow/example_dags/example_sensors.py for tasks to queue
[2025-06-13T17:49:44.474+0200] {logging_mixin.py:137} INFO - [2025-06-13T17:49:44.474+0200] {dagbag.py:538} INFO - Filling up the DagBag from /home/monica.fernandez/practica_creativa/venv-airflow/lib/python3.11/site-packages/airflow/example_dags/example_sensors.py
[2025-06-13T17:49:44.513+0200] {processor.py:753} INFO - DAG(s) dict_keys(['example_sensors']) retrieved from /home/monica.fernandez/practica_creativa/venv-airflow/lib/python3.11/site-packages/airflow/example_dags/example_sensors.py
[2025-06-13T17:49:44.558+0200] {logging_mixin.py:137} INFO - [2025-06-13T17:49:44.558+0200] {dag.py:2690} INFO - Sync 1 DAGs
[2025-06-13T17:49:44.703+0200] {logging_mixin.py:137} INFO - [2025-06-13T17:49:44.703+0200] {dag.py:3437} INFO - Setting next_dagrun for example_sensors to None, run_after=None
[2025-06-13T17:49:44.760+0200] {processor.py:175} INFO - Processing /home/monica.fernandez/practica_creativa/venv-airflow/lib/python3.11/site-packages/airflow/example_dags/example_sensors.py took 0.291 seconds
[2025-06-13T17:50:29.315+0200] {processor.py:153} INFO - Started process (PID=54759) to work on /home/monica.fernandez/practica_creativa/venv-airflow/lib/python3.11/site-packages/airflow/example_dags/example_sensors.py
[2025-06-13T17:50:29.316+0200] {processor.py:743} INFO - Processing file /home/monica.fernandez/practica_creativa/venv-airflow/lib/python3.11/site-packages/airflow/example_dags/example_sensors.py for tasks to queue
[2025-06-13T17:50:29.316+0200] {logging_mixin.py:137} INFO - [2025-06-13T17:50:29.316+0200] {dagbag.py:538} INFO - Filling up the DagBag from /home/monica.fernandez/practica_creativa/venv-airflow/lib/python3.11/site-packages/airflow/example_dags/example_sensors.py
[2025-06-13T17:50:29.346+0200] {processor.py:753} INFO - DAG(s) dict_keys(['example_sensors']) retrieved from /home/monica.fernandez/practica_creativa/venv-airflow/lib/python3.11/site-packages/airflow/example_dags/example_sensors.py
[2025-06-13T17:50:29.394+0200] {logging_mixin.py:137} INFO - [2025-06-13T17:50:29.394+0200] {dag.py:2690} INFO - Sync 1 DAGs
[2025-06-13T17:50:29.542+0200] {logging_mixin.py:137} INFO - [2025-06-13T17:50:29.541+0200] {dag.py:3437} INFO - Setting next_dagrun for example_sensors to None, run_after=None
[2025-06-13T17:50:29.602+0200] {processor.py:175} INFO - Processing /home/monica.fernandez/practica_creativa/venv-airflow/lib/python3.11/site-packages/airflow/example_dags/example_sensors.py took 0.290 seconds
