[2025-06-13T17:01:02.933+0200] {processor.py:153} INFO - Started process (PID=26109) to work on /home/monica.fernandez/practica_creativa/venv-airflow/lib/python3.11/site-packages/airflow/example_dags/example_task_group_decorator.py
[2025-06-13T17:01:02.935+0200] {processor.py:743} INFO - Processing file /home/monica.fernandez/practica_creativa/venv-airflow/lib/python3.11/site-packages/airflow/example_dags/example_task_group_decorator.py for tasks to queue
[2025-06-13T17:01:02.939+0200] {logging_mixin.py:137} INFO - [2025-06-13T17:01:02.939+0200] {dagbag.py:538} INFO - Filling up the DagBag from /home/monica.fernandez/practica_creativa/venv-airflow/lib/python3.11/site-packages/airflow/example_dags/example_task_group_decorator.py
[2025-06-13T17:01:02.995+0200] {processor.py:753} INFO - DAG(s) dict_keys(['example_task_group_decorator']) retrieved from /home/monica.fernandez/practica_creativa/venv-airflow/lib/python3.11/site-packages/airflow/example_dags/example_task_group_decorator.py
[2025-06-13T17:01:03.041+0200] {logging_mixin.py:137} INFO - [2025-06-13T17:01:03.041+0200] {dag.py:2690} INFO - Sync 1 DAGs
[2025-06-13T17:01:03.075+0200] {logging_mixin.py:137} INFO - [2025-06-13T17:01:03.075+0200] {dag.py:3437} INFO - Setting next_dagrun for example_task_group_decorator to 2025-06-12T15:01:03.074838+00:00, run_after=2025-06-13T15:01:03.074838+00:00
[2025-06-13T17:01:03.146+0200] {processor.py:175} INFO - Processing /home/monica.fernandez/practica_creativa/venv-airflow/lib/python3.11/site-packages/airflow/example_dags/example_task_group_decorator.py took 0.221 seconds
[2025-06-13T17:01:58.587+0200] {processor.py:153} INFO - Started process (PID=26607) to work on /home/monica.fernandez/practica_creativa/venv-airflow/lib/python3.11/site-packages/airflow/example_dags/example_task_group_decorator.py
[2025-06-13T17:01:58.588+0200] {processor.py:743} INFO - Processing file /home/monica.fernandez/practica_creativa/venv-airflow/lib/python3.11/site-packages/airflow/example_dags/example_task_group_decorator.py for tasks to queue
[2025-06-13T17:01:58.588+0200] {logging_mixin.py:137} INFO - [2025-06-13T17:01:58.588+0200] {dagbag.py:538} INFO - Filling up the DagBag from /home/monica.fernandez/practica_creativa/venv-airflow/lib/python3.11/site-packages/airflow/example_dags/example_task_group_decorator.py
[2025-06-13T17:01:58.612+0200] {processor.py:753} INFO - DAG(s) dict_keys(['example_task_group_decorator']) retrieved from /home/monica.fernandez/practica_creativa/venv-airflow/lib/python3.11/site-packages/airflow/example_dags/example_task_group_decorator.py
[2025-06-13T17:01:58.645+0200] {logging_mixin.py:137} INFO - [2025-06-13T17:01:58.645+0200] {dag.py:2690} INFO - Sync 1 DAGs
[2025-06-13T17:01:58.668+0200] {logging_mixin.py:137} INFO - [2025-06-13T17:01:58.668+0200] {dag.py:3437} INFO - Setting next_dagrun for example_task_group_decorator to 2025-06-12T15:01:58.668384+00:00, run_after=2025-06-13T15:01:58.668384+00:00
[2025-06-13T17:01:58.734+0200] {processor.py:175} INFO - Processing /home/monica.fernandez/practica_creativa/venv-airflow/lib/python3.11/site-packages/airflow/example_dags/example_task_group_decorator.py took 0.149 seconds
[2025-06-13T17:02:44.699+0200] {processor.py:153} INFO - Started process (PID=26961) to work on /home/monica.fernandez/practica_creativa/venv-airflow/lib/python3.11/site-packages/airflow/example_dags/example_task_group_decorator.py
[2025-06-13T17:02:44.700+0200] {processor.py:743} INFO - Processing file /home/monica.fernandez/practica_creativa/venv-airflow/lib/python3.11/site-packages/airflow/example_dags/example_task_group_decorator.py for tasks to queue
[2025-06-13T17:02:44.701+0200] {logging_mixin.py:137} INFO - [2025-06-13T17:02:44.701+0200] {dagbag.py:538} INFO - Filling up the DagBag from /home/monica.fernandez/practica_creativa/venv-airflow/lib/python3.11/site-packages/airflow/example_dags/example_task_group_decorator.py
[2025-06-13T17:02:44.723+0200] {processor.py:753} INFO - DAG(s) dict_keys(['example_task_group_decorator']) retrieved from /home/monica.fernandez/practica_creativa/venv-airflow/lib/python3.11/site-packages/airflow/example_dags/example_task_group_decorator.py
[2025-06-13T17:02:44.755+0200] {logging_mixin.py:137} INFO - [2025-06-13T17:02:44.755+0200] {dag.py:2690} INFO - Sync 1 DAGs
[2025-06-13T17:02:44.779+0200] {logging_mixin.py:137} INFO - [2025-06-13T17:02:44.779+0200] {dag.py:3437} INFO - Setting next_dagrun for example_task_group_decorator to 2025-06-12T15:02:44.778913+00:00, run_after=2025-06-13T15:02:44.778913+00:00
[2025-06-13T17:02:44.841+0200] {processor.py:175} INFO - Processing /home/monica.fernandez/practica_creativa/venv-airflow/lib/python3.11/site-packages/airflow/example_dags/example_task_group_decorator.py took 0.144 seconds
[2025-06-13T17:03:32.861+0200] {processor.py:153} INFO - Started process (PID=27729) to work on /home/monica.fernandez/practica_creativa/venv-airflow/lib/python3.11/site-packages/airflow/example_dags/example_task_group_decorator.py
[2025-06-13T17:03:32.862+0200] {processor.py:743} INFO - Processing file /home/monica.fernandez/practica_creativa/venv-airflow/lib/python3.11/site-packages/airflow/example_dags/example_task_group_decorator.py for tasks to queue
[2025-06-13T17:03:32.863+0200] {logging_mixin.py:137} INFO - [2025-06-13T17:03:32.862+0200] {dagbag.py:538} INFO - Filling up the DagBag from /home/monica.fernandez/practica_creativa/venv-airflow/lib/python3.11/site-packages/airflow/example_dags/example_task_group_decorator.py
[2025-06-13T17:03:32.909+0200] {processor.py:753} INFO - DAG(s) dict_keys(['example_task_group_decorator']) retrieved from /home/monica.fernandez/practica_creativa/venv-airflow/lib/python3.11/site-packages/airflow/example_dags/example_task_group_decorator.py
[2025-06-13T17:03:32.979+0200] {logging_mixin.py:137} INFO - [2025-06-13T17:03:32.979+0200] {dag.py:2690} INFO - Sync 1 DAGs
[2025-06-13T17:03:33.043+0200] {logging_mixin.py:137} INFO - [2025-06-13T17:03:33.043+0200] {dag.py:3437} INFO - Setting next_dagrun for example_task_group_decorator to 2025-06-12T15:03:33.043253+00:00, run_after=2025-06-13T15:03:33.043253+00:00
[2025-06-13T17:03:33.184+0200] {processor.py:175} INFO - Processing /home/monica.fernandez/practica_creativa/venv-airflow/lib/python3.11/site-packages/airflow/example_dags/example_task_group_decorator.py took 0.329 seconds
[2025-06-13T17:04:19.783+0200] {processor.py:153} INFO - Started process (PID=28430) to work on /home/monica.fernandez/practica_creativa/venv-airflow/lib/python3.11/site-packages/airflow/example_dags/example_task_group_decorator.py
[2025-06-13T17:04:19.784+0200] {processor.py:743} INFO - Processing file /home/monica.fernandez/practica_creativa/venv-airflow/lib/python3.11/site-packages/airflow/example_dags/example_task_group_decorator.py for tasks to queue
[2025-06-13T17:04:19.786+0200] {logging_mixin.py:137} INFO - [2025-06-13T17:04:19.786+0200] {dagbag.py:538} INFO - Filling up the DagBag from /home/monica.fernandez/practica_creativa/venv-airflow/lib/python3.11/site-packages/airflow/example_dags/example_task_group_decorator.py
[2025-06-13T17:04:19.830+0200] {processor.py:753} INFO - DAG(s) dict_keys(['example_task_group_decorator']) retrieved from /home/monica.fernandez/practica_creativa/venv-airflow/lib/python3.11/site-packages/airflow/example_dags/example_task_group_decorator.py
[2025-06-13T17:04:19.864+0200] {logging_mixin.py:137} INFO - [2025-06-13T17:04:19.864+0200] {dag.py:2690} INFO - Sync 1 DAGs
[2025-06-13T17:04:19.891+0200] {logging_mixin.py:137} INFO - [2025-06-13T17:04:19.890+0200] {dag.py:3437} INFO - Setting next_dagrun for example_task_group_decorator to 2025-06-12T15:04:19.890645+00:00, run_after=2025-06-13T15:04:19.890645+00:00
[2025-06-13T17:04:19.952+0200] {processor.py:175} INFO - Processing /home/monica.fernandez/practica_creativa/venv-airflow/lib/python3.11/site-packages/airflow/example_dags/example_task_group_decorator.py took 0.180 seconds
[2025-06-13T17:05:01.758+0200] {processor.py:153} INFO - Started process (PID=28818) to work on /home/monica.fernandez/practica_creativa/venv-airflow/lib/python3.11/site-packages/airflow/example_dags/example_task_group_decorator.py
[2025-06-13T17:05:01.759+0200] {processor.py:743} INFO - Processing file /home/monica.fernandez/practica_creativa/venv-airflow/lib/python3.11/site-packages/airflow/example_dags/example_task_group_decorator.py for tasks to queue
[2025-06-13T17:05:01.759+0200] {logging_mixin.py:137} INFO - [2025-06-13T17:05:01.759+0200] {dagbag.py:538} INFO - Filling up the DagBag from /home/monica.fernandez/practica_creativa/venv-airflow/lib/python3.11/site-packages/airflow/example_dags/example_task_group_decorator.py
[2025-06-13T17:05:01.786+0200] {processor.py:753} INFO - DAG(s) dict_keys(['example_task_group_decorator']) retrieved from /home/monica.fernandez/practica_creativa/venv-airflow/lib/python3.11/site-packages/airflow/example_dags/example_task_group_decorator.py
[2025-06-13T17:05:01.821+0200] {logging_mixin.py:137} INFO - [2025-06-13T17:05:01.821+0200] {dag.py:2690} INFO - Sync 1 DAGs
[2025-06-13T17:05:01.846+0200] {logging_mixin.py:137} INFO - [2025-06-13T17:05:01.846+0200] {dag.py:3437} INFO - Setting next_dagrun for example_task_group_decorator to 2025-06-12T15:05:01.846395+00:00, run_after=2025-06-13T15:05:01.846395+00:00
[2025-06-13T17:05:01.910+0200] {processor.py:175} INFO - Processing /home/monica.fernandez/practica_creativa/venv-airflow/lib/python3.11/site-packages/airflow/example_dags/example_task_group_decorator.py took 0.155 seconds
[2025-06-13T17:06:31.219+0200] {processor.py:153} INFO - Started process (PID=29818) to work on /home/monica.fernandez/practica_creativa/venv-airflow/lib/python3.11/site-packages/airflow/example_dags/example_task_group_decorator.py
[2025-06-13T17:06:31.220+0200] {processor.py:743} INFO - Processing file /home/monica.fernandez/practica_creativa/venv-airflow/lib/python3.11/site-packages/airflow/example_dags/example_task_group_decorator.py for tasks to queue
[2025-06-13T17:06:31.220+0200] {logging_mixin.py:137} INFO - [2025-06-13T17:06:31.220+0200] {dagbag.py:538} INFO - Filling up the DagBag from /home/monica.fernandez/practica_creativa/venv-airflow/lib/python3.11/site-packages/airflow/example_dags/example_task_group_decorator.py
[2025-06-13T17:06:31.247+0200] {processor.py:753} INFO - DAG(s) dict_keys(['example_task_group_decorator']) retrieved from /home/monica.fernandez/practica_creativa/venv-airflow/lib/python3.11/site-packages/airflow/example_dags/example_task_group_decorator.py
[2025-06-13T17:06:31.284+0200] {logging_mixin.py:137} INFO - [2025-06-13T17:06:31.284+0200] {dag.py:2690} INFO - Sync 1 DAGs
[2025-06-13T17:06:31.311+0200] {logging_mixin.py:137} INFO - [2025-06-13T17:06:31.311+0200] {dag.py:3437} INFO - Setting next_dagrun for example_task_group_decorator to 2025-06-12T15:06:31.311117+00:00, run_after=2025-06-13T15:06:31.311117+00:00
[2025-06-13T17:06:31.390+0200] {processor.py:175} INFO - Processing /home/monica.fernandez/practica_creativa/venv-airflow/lib/python3.11/site-packages/airflow/example_dags/example_task_group_decorator.py took 0.175 seconds
[2025-06-13T17:07:27.344+0200] {processor.py:153} INFO - Started process (PID=30277) to work on /home/monica.fernandez/practica_creativa/venv-airflow/lib/python3.11/site-packages/airflow/example_dags/example_task_group_decorator.py
[2025-06-13T17:07:27.345+0200] {processor.py:743} INFO - Processing file /home/monica.fernandez/practica_creativa/venv-airflow/lib/python3.11/site-packages/airflow/example_dags/example_task_group_decorator.py for tasks to queue
[2025-06-13T17:07:27.349+0200] {logging_mixin.py:137} INFO - [2025-06-13T17:07:27.348+0200] {dagbag.py:538} INFO - Filling up the DagBag from /home/monica.fernandez/practica_creativa/venv-airflow/lib/python3.11/site-packages/airflow/example_dags/example_task_group_decorator.py
[2025-06-13T17:07:27.422+0200] {processor.py:753} INFO - DAG(s) dict_keys(['example_task_group_decorator']) retrieved from /home/monica.fernandez/practica_creativa/venv-airflow/lib/python3.11/site-packages/airflow/example_dags/example_task_group_decorator.py
[2025-06-13T17:07:27.478+0200] {logging_mixin.py:137} INFO - [2025-06-13T17:07:27.477+0200] {dag.py:2690} INFO - Sync 1 DAGs
[2025-06-13T17:07:27.535+0200] {logging_mixin.py:137} INFO - [2025-06-13T17:07:27.535+0200] {dag.py:3437} INFO - Setting next_dagrun for example_task_group_decorator to 2025-06-12T15:07:27.534951+00:00, run_after=2025-06-13T15:07:27.534951+00:00
[2025-06-13T17:07:27.664+0200] {processor.py:175} INFO - Processing /home/monica.fernandez/practica_creativa/venv-airflow/lib/python3.11/site-packages/airflow/example_dags/example_task_group_decorator.py took 0.328 seconds
[2025-06-13T17:08:28.724+0200] {processor.py:153} INFO - Started process (PID=30760) to work on /home/monica.fernandez/practica_creativa/venv-airflow/lib/python3.11/site-packages/airflow/example_dags/example_task_group_decorator.py
[2025-06-13T17:08:28.725+0200] {processor.py:743} INFO - Processing file /home/monica.fernandez/practica_creativa/venv-airflow/lib/python3.11/site-packages/airflow/example_dags/example_task_group_decorator.py for tasks to queue
[2025-06-13T17:08:28.726+0200] {logging_mixin.py:137} INFO - [2025-06-13T17:08:28.726+0200] {dagbag.py:538} INFO - Filling up the DagBag from /home/monica.fernandez/practica_creativa/venv-airflow/lib/python3.11/site-packages/airflow/example_dags/example_task_group_decorator.py
[2025-06-13T17:08:28.755+0200] {processor.py:753} INFO - DAG(s) dict_keys(['example_task_group_decorator']) retrieved from /home/monica.fernandez/practica_creativa/venv-airflow/lib/python3.11/site-packages/airflow/example_dags/example_task_group_decorator.py
[2025-06-13T17:08:28.819+0200] {logging_mixin.py:137} INFO - [2025-06-13T17:08:28.819+0200] {dag.py:2690} INFO - Sync 1 DAGs
[2025-06-13T17:08:28.859+0200] {logging_mixin.py:137} INFO - [2025-06-13T17:08:28.859+0200] {dag.py:3437} INFO - Setting next_dagrun for example_task_group_decorator to 2025-06-12T15:08:28.859221+00:00, run_after=2025-06-13T15:08:28.859221+00:00
[2025-06-13T17:08:28.931+0200] {processor.py:175} INFO - Processing /home/monica.fernandez/practica_creativa/venv-airflow/lib/python3.11/site-packages/airflow/example_dags/example_task_group_decorator.py took 0.210 seconds
[2025-06-13T17:09:16.927+0200] {processor.py:153} INFO - Started process (PID=31171) to work on /home/monica.fernandez/practica_creativa/venv-airflow/lib/python3.11/site-packages/airflow/example_dags/example_task_group_decorator.py
[2025-06-13T17:09:16.928+0200] {processor.py:743} INFO - Processing file /home/monica.fernandez/practica_creativa/venv-airflow/lib/python3.11/site-packages/airflow/example_dags/example_task_group_decorator.py for tasks to queue
[2025-06-13T17:09:16.928+0200] {logging_mixin.py:137} INFO - [2025-06-13T17:09:16.928+0200] {dagbag.py:538} INFO - Filling up the DagBag from /home/monica.fernandez/practica_creativa/venv-airflow/lib/python3.11/site-packages/airflow/example_dags/example_task_group_decorator.py
[2025-06-13T17:09:16.951+0200] {processor.py:753} INFO - DAG(s) dict_keys(['example_task_group_decorator']) retrieved from /home/monica.fernandez/practica_creativa/venv-airflow/lib/python3.11/site-packages/airflow/example_dags/example_task_group_decorator.py
[2025-06-13T17:09:16.980+0200] {logging_mixin.py:137} INFO - [2025-06-13T17:09:16.980+0200] {dag.py:2690} INFO - Sync 1 DAGs
[2025-06-13T17:09:17.004+0200] {logging_mixin.py:137} INFO - [2025-06-13T17:09:17.004+0200] {dag.py:3437} INFO - Setting next_dagrun for example_task_group_decorator to 2025-06-12T15:09:17.004326+00:00, run_after=2025-06-13T15:09:17.004326+00:00
[2025-06-13T17:09:17.091+0200] {processor.py:175} INFO - Processing /home/monica.fernandez/practica_creativa/venv-airflow/lib/python3.11/site-packages/airflow/example_dags/example_task_group_decorator.py took 0.167 seconds
[2025-06-13T17:09:59.393+0200] {processor.py:153} INFO - Started process (PID=31623) to work on /home/monica.fernandez/practica_creativa/venv-airflow/lib/python3.11/site-packages/airflow/example_dags/example_task_group_decorator.py
[2025-06-13T17:09:59.394+0200] {processor.py:743} INFO - Processing file /home/monica.fernandez/practica_creativa/venv-airflow/lib/python3.11/site-packages/airflow/example_dags/example_task_group_decorator.py for tasks to queue
[2025-06-13T17:09:59.408+0200] {logging_mixin.py:137} INFO - [2025-06-13T17:09:59.408+0200] {dagbag.py:538} INFO - Filling up the DagBag from /home/monica.fernandez/practica_creativa/venv-airflow/lib/python3.11/site-packages/airflow/example_dags/example_task_group_decorator.py
[2025-06-13T17:09:59.447+0200] {processor.py:753} INFO - DAG(s) dict_keys(['example_task_group_decorator']) retrieved from /home/monica.fernandez/practica_creativa/venv-airflow/lib/python3.11/site-packages/airflow/example_dags/example_task_group_decorator.py
[2025-06-13T17:09:59.511+0200] {logging_mixin.py:137} INFO - [2025-06-13T17:09:59.511+0200] {dag.py:2690} INFO - Sync 1 DAGs
[2025-06-13T17:09:59.553+0200] {logging_mixin.py:137} INFO - [2025-06-13T17:09:59.553+0200] {dag.py:3437} INFO - Setting next_dagrun for example_task_group_decorator to 2025-06-12T15:09:59.553471+00:00, run_after=2025-06-13T15:09:59.553471+00:00
[2025-06-13T17:09:59.644+0200] {processor.py:175} INFO - Processing /home/monica.fernandez/practica_creativa/venv-airflow/lib/python3.11/site-packages/airflow/example_dags/example_task_group_decorator.py took 0.254 seconds
[2025-06-13T17:11:47.597+0200] {processor.py:153} INFO - Started process (PID=32738) to work on /home/monica.fernandez/practica_creativa/venv-airflow/lib/python3.11/site-packages/airflow/example_dags/example_task_group_decorator.py
[2025-06-13T17:11:47.599+0200] {processor.py:743} INFO - Processing file /home/monica.fernandez/practica_creativa/venv-airflow/lib/python3.11/site-packages/airflow/example_dags/example_task_group_decorator.py for tasks to queue
[2025-06-13T17:11:47.607+0200] {logging_mixin.py:137} INFO - [2025-06-13T17:11:47.607+0200] {dagbag.py:538} INFO - Filling up the DagBag from /home/monica.fernandez/practica_creativa/venv-airflow/lib/python3.11/site-packages/airflow/example_dags/example_task_group_decorator.py
[2025-06-13T17:11:47.727+0200] {processor.py:753} INFO - DAG(s) dict_keys(['example_task_group_decorator']) retrieved from /home/monica.fernandez/practica_creativa/venv-airflow/lib/python3.11/site-packages/airflow/example_dags/example_task_group_decorator.py
[2025-06-13T17:11:47.803+0200] {logging_mixin.py:137} INFO - [2025-06-13T17:11:47.802+0200] {dag.py:2690} INFO - Sync 1 DAGs
[2025-06-13T17:11:47.836+0200] {logging_mixin.py:137} INFO - [2025-06-13T17:11:47.836+0200] {dag.py:3437} INFO - Setting next_dagrun for example_task_group_decorator to 2025-06-12T15:11:47.836488+00:00, run_after=2025-06-13T15:11:47.836488+00:00
[2025-06-13T17:11:47.902+0200] {processor.py:175} INFO - Processing /home/monica.fernandez/practica_creativa/venv-airflow/lib/python3.11/site-packages/airflow/example_dags/example_task_group_decorator.py took 0.317 seconds
[2025-06-13T17:13:13.878+0200] {processor.py:153} INFO - Started process (PID=33431) to work on /home/monica.fernandez/practica_creativa/venv-airflow/lib/python3.11/site-packages/airflow/example_dags/example_task_group_decorator.py
[2025-06-13T17:13:13.879+0200] {processor.py:743} INFO - Processing file /home/monica.fernandez/practica_creativa/venv-airflow/lib/python3.11/site-packages/airflow/example_dags/example_task_group_decorator.py for tasks to queue
[2025-06-13T17:13:13.879+0200] {logging_mixin.py:137} INFO - [2025-06-13T17:13:13.879+0200] {dagbag.py:538} INFO - Filling up the DagBag from /home/monica.fernandez/practica_creativa/venv-airflow/lib/python3.11/site-packages/airflow/example_dags/example_task_group_decorator.py
[2025-06-13T17:13:13.918+0200] {processor.py:753} INFO - DAG(s) dict_keys(['example_task_group_decorator']) retrieved from /home/monica.fernandez/practica_creativa/venv-airflow/lib/python3.11/site-packages/airflow/example_dags/example_task_group_decorator.py
[2025-06-13T17:13:13.965+0200] {logging_mixin.py:137} INFO - [2025-06-13T17:13:13.964+0200] {dag.py:2690} INFO - Sync 1 DAGs
[2025-06-13T17:13:13.998+0200] {logging_mixin.py:137} INFO - [2025-06-13T17:13:13.997+0200] {dag.py:3437} INFO - Setting next_dagrun for example_task_group_decorator to 2025-06-12T15:13:13.997745+00:00, run_after=2025-06-13T15:13:13.997745+00:00
[2025-06-13T17:13:14.101+0200] {processor.py:175} INFO - Processing /home/monica.fernandez/practica_creativa/venv-airflow/lib/python3.11/site-packages/airflow/example_dags/example_task_group_decorator.py took 0.226 seconds
[2025-06-13T17:14:01.587+0200] {processor.py:153} INFO - Started process (PID=33861) to work on /home/monica.fernandez/practica_creativa/venv-airflow/lib/python3.11/site-packages/airflow/example_dags/example_task_group_decorator.py
[2025-06-13T17:14:01.588+0200] {processor.py:743} INFO - Processing file /home/monica.fernandez/practica_creativa/venv-airflow/lib/python3.11/site-packages/airflow/example_dags/example_task_group_decorator.py for tasks to queue
[2025-06-13T17:14:01.589+0200] {logging_mixin.py:137} INFO - [2025-06-13T17:14:01.589+0200] {dagbag.py:538} INFO - Filling up the DagBag from /home/monica.fernandez/practica_creativa/venv-airflow/lib/python3.11/site-packages/airflow/example_dags/example_task_group_decorator.py
[2025-06-13T17:14:01.627+0200] {processor.py:753} INFO - DAG(s) dict_keys(['example_task_group_decorator']) retrieved from /home/monica.fernandez/practica_creativa/venv-airflow/lib/python3.11/site-packages/airflow/example_dags/example_task_group_decorator.py
[2025-06-13T17:14:01.656+0200] {logging_mixin.py:137} INFO - [2025-06-13T17:14:01.656+0200] {dag.py:2690} INFO - Sync 1 DAGs
[2025-06-13T17:14:01.682+0200] {logging_mixin.py:137} INFO - [2025-06-13T17:14:01.682+0200] {dag.py:3437} INFO - Setting next_dagrun for example_task_group_decorator to 2025-06-12T15:14:01.682060+00:00, run_after=2025-06-13T15:14:01.682060+00:00
[2025-06-13T17:14:01.755+0200] {processor.py:175} INFO - Processing /home/monica.fernandez/practica_creativa/venv-airflow/lib/python3.11/site-packages/airflow/example_dags/example_task_group_decorator.py took 0.173 seconds
[2025-06-13T17:15:11.083+0200] {processor.py:153} INFO - Started process (PID=34547) to work on /home/monica.fernandez/practica_creativa/venv-airflow/lib/python3.11/site-packages/airflow/example_dags/example_task_group_decorator.py
[2025-06-13T17:15:11.084+0200] {processor.py:743} INFO - Processing file /home/monica.fernandez/practica_creativa/venv-airflow/lib/python3.11/site-packages/airflow/example_dags/example_task_group_decorator.py for tasks to queue
[2025-06-13T17:15:11.084+0200] {logging_mixin.py:137} INFO - [2025-06-13T17:15:11.084+0200] {dagbag.py:538} INFO - Filling up the DagBag from /home/monica.fernandez/practica_creativa/venv-airflow/lib/python3.11/site-packages/airflow/example_dags/example_task_group_decorator.py
[2025-06-13T17:15:11.138+0200] {processor.py:753} INFO - DAG(s) dict_keys(['example_task_group_decorator']) retrieved from /home/monica.fernandez/practica_creativa/venv-airflow/lib/python3.11/site-packages/airflow/example_dags/example_task_group_decorator.py
[2025-06-13T17:15:11.183+0200] {logging_mixin.py:137} INFO - [2025-06-13T17:15:11.183+0200] {dag.py:2690} INFO - Sync 1 DAGs
[2025-06-13T17:15:11.213+0200] {logging_mixin.py:137} INFO - [2025-06-13T17:15:11.213+0200] {dag.py:3437} INFO - Setting next_dagrun for example_task_group_decorator to 2025-06-12T15:15:11.213553+00:00, run_after=2025-06-13T15:15:11.213553+00:00
[2025-06-13T17:15:11.288+0200] {processor.py:175} INFO - Processing /home/monica.fernandez/practica_creativa/venv-airflow/lib/python3.11/site-packages/airflow/example_dags/example_task_group_decorator.py took 0.208 seconds
[2025-06-13T17:16:04.493+0200] {processor.py:153} INFO - Started process (PID=35002) to work on /home/monica.fernandez/practica_creativa/venv-airflow/lib/python3.11/site-packages/airflow/example_dags/example_task_group_decorator.py
[2025-06-13T17:16:04.494+0200] {processor.py:743} INFO - Processing file /home/monica.fernandez/practica_creativa/venv-airflow/lib/python3.11/site-packages/airflow/example_dags/example_task_group_decorator.py for tasks to queue
[2025-06-13T17:16:04.494+0200] {logging_mixin.py:137} INFO - [2025-06-13T17:16:04.494+0200] {dagbag.py:538} INFO - Filling up the DagBag from /home/monica.fernandez/practica_creativa/venv-airflow/lib/python3.11/site-packages/airflow/example_dags/example_task_group_decorator.py
[2025-06-13T17:16:04.561+0200] {processor.py:753} INFO - DAG(s) dict_keys(['example_task_group_decorator']) retrieved from /home/monica.fernandez/practica_creativa/venv-airflow/lib/python3.11/site-packages/airflow/example_dags/example_task_group_decorator.py
[2025-06-13T17:16:04.619+0200] {logging_mixin.py:137} INFO - [2025-06-13T17:16:04.619+0200] {dag.py:2690} INFO - Sync 1 DAGs
[2025-06-13T17:16:04.673+0200] {logging_mixin.py:137} INFO - [2025-06-13T17:16:04.673+0200] {dag.py:3437} INFO - Setting next_dagrun for example_task_group_decorator to 2025-06-12T15:16:04.672772+00:00, run_after=2025-06-13T15:16:04.672772+00:00
[2025-06-13T17:16:04.751+0200] {processor.py:175} INFO - Processing /home/monica.fernandez/practica_creativa/venv-airflow/lib/python3.11/site-packages/airflow/example_dags/example_task_group_decorator.py took 0.262 seconds
[2025-06-13T17:16:52.391+0200] {processor.py:153} INFO - Started process (PID=35317) to work on /home/monica.fernandez/practica_creativa/venv-airflow/lib/python3.11/site-packages/airflow/example_dags/example_task_group_decorator.py
[2025-06-13T17:16:52.393+0200] {processor.py:743} INFO - Processing file /home/monica.fernandez/practica_creativa/venv-airflow/lib/python3.11/site-packages/airflow/example_dags/example_task_group_decorator.py for tasks to queue
[2025-06-13T17:16:52.394+0200] {logging_mixin.py:137} INFO - [2025-06-13T17:16:52.393+0200] {dagbag.py:538} INFO - Filling up the DagBag from /home/monica.fernandez/practica_creativa/venv-airflow/lib/python3.11/site-packages/airflow/example_dags/example_task_group_decorator.py
[2025-06-13T17:16:52.491+0200] {processor.py:753} INFO - DAG(s) dict_keys(['example_task_group_decorator']) retrieved from /home/monica.fernandez/practica_creativa/venv-airflow/lib/python3.11/site-packages/airflow/example_dags/example_task_group_decorator.py
[2025-06-13T17:16:52.547+0200] {logging_mixin.py:137} INFO - [2025-06-13T17:16:52.547+0200] {dag.py:2690} INFO - Sync 1 DAGs
[2025-06-13T17:16:52.594+0200] {logging_mixin.py:137} INFO - [2025-06-13T17:16:52.594+0200] {dag.py:3437} INFO - Setting next_dagrun for example_task_group_decorator to 2025-06-12T15:16:52.593955+00:00, run_after=2025-06-13T15:16:52.593955+00:00
[2025-06-13T17:16:52.704+0200] {processor.py:175} INFO - Processing /home/monica.fernandez/practica_creativa/venv-airflow/lib/python3.11/site-packages/airflow/example_dags/example_task_group_decorator.py took 0.322 seconds
[2025-06-13T17:17:47.689+0200] {processor.py:153} INFO - Started process (PID=35899) to work on /home/monica.fernandez/practica_creativa/venv-airflow/lib/python3.11/site-packages/airflow/example_dags/example_task_group_decorator.py
[2025-06-13T17:17:47.690+0200] {processor.py:743} INFO - Processing file /home/monica.fernandez/practica_creativa/venv-airflow/lib/python3.11/site-packages/airflow/example_dags/example_task_group_decorator.py for tasks to queue
[2025-06-13T17:17:47.691+0200] {logging_mixin.py:137} INFO - [2025-06-13T17:17:47.690+0200] {dagbag.py:538} INFO - Filling up the DagBag from /home/monica.fernandez/practica_creativa/venv-airflow/lib/python3.11/site-packages/airflow/example_dags/example_task_group_decorator.py
[2025-06-13T17:17:47.742+0200] {processor.py:753} INFO - DAG(s) dict_keys(['example_task_group_decorator']) retrieved from /home/monica.fernandez/practica_creativa/venv-airflow/lib/python3.11/site-packages/airflow/example_dags/example_task_group_decorator.py
[2025-06-13T17:17:47.834+0200] {logging_mixin.py:137} INFO - [2025-06-13T17:17:47.834+0200] {dag.py:2690} INFO - Sync 1 DAGs
[2025-06-13T17:17:47.903+0200] {logging_mixin.py:137} INFO - [2025-06-13T17:17:47.903+0200] {dag.py:3437} INFO - Setting next_dagrun for example_task_group_decorator to 2025-06-12T15:17:47.902905+00:00, run_after=2025-06-13T15:17:47.902905+00:00
[2025-06-13T17:17:48.029+0200] {processor.py:175} INFO - Processing /home/monica.fernandez/practica_creativa/venv-airflow/lib/python3.11/site-packages/airflow/example_dags/example_task_group_decorator.py took 0.345 seconds
[2025-06-13T17:18:31.862+0200] {processor.py:153} INFO - Started process (PID=36320) to work on /home/monica.fernandez/practica_creativa/venv-airflow/lib/python3.11/site-packages/airflow/example_dags/example_task_group_decorator.py
[2025-06-13T17:18:31.863+0200] {processor.py:743} INFO - Processing file /home/monica.fernandez/practica_creativa/venv-airflow/lib/python3.11/site-packages/airflow/example_dags/example_task_group_decorator.py for tasks to queue
[2025-06-13T17:18:31.864+0200] {logging_mixin.py:137} INFO - [2025-06-13T17:18:31.864+0200] {dagbag.py:538} INFO - Filling up the DagBag from /home/monica.fernandez/practica_creativa/venv-airflow/lib/python3.11/site-packages/airflow/example_dags/example_task_group_decorator.py
[2025-06-13T17:18:31.917+0200] {processor.py:753} INFO - DAG(s) dict_keys(['example_task_group_decorator']) retrieved from /home/monica.fernandez/practica_creativa/venv-airflow/lib/python3.11/site-packages/airflow/example_dags/example_task_group_decorator.py
[2025-06-13T17:18:31.947+0200] {logging_mixin.py:137} INFO - [2025-06-13T17:18:31.947+0200] {dag.py:2690} INFO - Sync 1 DAGs
[2025-06-13T17:18:31.975+0200] {logging_mixin.py:137} INFO - [2025-06-13T17:18:31.975+0200] {dag.py:3437} INFO - Setting next_dagrun for example_task_group_decorator to 2025-06-12T15:18:31.974982+00:00, run_after=2025-06-13T15:18:31.974982+00:00
[2025-06-13T17:18:32.037+0200] {processor.py:175} INFO - Processing /home/monica.fernandez/practica_creativa/venv-airflow/lib/python3.11/site-packages/airflow/example_dags/example_task_group_decorator.py took 0.182 seconds
[2025-06-13T17:19:24.789+0200] {processor.py:153} INFO - Started process (PID=36713) to work on /home/monica.fernandez/practica_creativa/venv-airflow/lib/python3.11/site-packages/airflow/example_dags/example_task_group_decorator.py
[2025-06-13T17:19:24.790+0200] {processor.py:743} INFO - Processing file /home/monica.fernandez/practica_creativa/venv-airflow/lib/python3.11/site-packages/airflow/example_dags/example_task_group_decorator.py for tasks to queue
[2025-06-13T17:19:24.791+0200] {logging_mixin.py:137} INFO - [2025-06-13T17:19:24.791+0200] {dagbag.py:538} INFO - Filling up the DagBag from /home/monica.fernandez/practica_creativa/venv-airflow/lib/python3.11/site-packages/airflow/example_dags/example_task_group_decorator.py
[2025-06-13T17:19:24.838+0200] {processor.py:753} INFO - DAG(s) dict_keys(['example_task_group_decorator']) retrieved from /home/monica.fernandez/practica_creativa/venv-airflow/lib/python3.11/site-packages/airflow/example_dags/example_task_group_decorator.py
[2025-06-13T17:19:24.878+0200] {logging_mixin.py:137} INFO - [2025-06-13T17:19:24.878+0200] {dag.py:2690} INFO - Sync 1 DAGs
[2025-06-13T17:19:24.914+0200] {logging_mixin.py:137} INFO - [2025-06-13T17:19:24.914+0200] {dag.py:3437} INFO - Setting next_dagrun for example_task_group_decorator to 2025-06-12T15:19:24.914083+00:00, run_after=2025-06-13T15:19:24.914083+00:00
[2025-06-13T17:19:24.981+0200] {processor.py:175} INFO - Processing /home/monica.fernandez/practica_creativa/venv-airflow/lib/python3.11/site-packages/airflow/example_dags/example_task_group_decorator.py took 0.196 seconds
[2025-06-13T17:20:57.035+0200] {processor.py:153} INFO - Started process (PID=37732) to work on /home/monica.fernandez/practica_creativa/venv-airflow/lib/python3.11/site-packages/airflow/example_dags/example_task_group_decorator.py
[2025-06-13T17:20:57.036+0200] {processor.py:743} INFO - Processing file /home/monica.fernandez/practica_creativa/venv-airflow/lib/python3.11/site-packages/airflow/example_dags/example_task_group_decorator.py for tasks to queue
[2025-06-13T17:20:57.037+0200] {logging_mixin.py:137} INFO - [2025-06-13T17:20:57.037+0200] {dagbag.py:538} INFO - Filling up the DagBag from /home/monica.fernandez/practica_creativa/venv-airflow/lib/python3.11/site-packages/airflow/example_dags/example_task_group_decorator.py
[2025-06-13T17:20:57.107+0200] {processor.py:753} INFO - DAG(s) dict_keys(['example_task_group_decorator']) retrieved from /home/monica.fernandez/practica_creativa/venv-airflow/lib/python3.11/site-packages/airflow/example_dags/example_task_group_decorator.py
[2025-06-13T17:20:57.152+0200] {logging_mixin.py:137} INFO - [2025-06-13T17:20:57.152+0200] {dag.py:2690} INFO - Sync 1 DAGs
[2025-06-13T17:20:57.196+0200] {logging_mixin.py:137} INFO - [2025-06-13T17:20:57.196+0200] {dag.py:3437} INFO - Setting next_dagrun for example_task_group_decorator to 2025-06-12T15:20:57.196395+00:00, run_after=2025-06-13T15:20:57.196395+00:00
[2025-06-13T17:20:57.283+0200] {processor.py:175} INFO - Processing /home/monica.fernandez/practica_creativa/venv-airflow/lib/python3.11/site-packages/airflow/example_dags/example_task_group_decorator.py took 0.252 seconds
[2025-06-13T17:21:53.446+0200] {processor.py:153} INFO - Started process (PID=38219) to work on /home/monica.fernandez/practica_creativa/venv-airflow/lib/python3.11/site-packages/airflow/example_dags/example_task_group_decorator.py
[2025-06-13T17:21:53.446+0200] {processor.py:743} INFO - Processing file /home/monica.fernandez/practica_creativa/venv-airflow/lib/python3.11/site-packages/airflow/example_dags/example_task_group_decorator.py for tasks to queue
[2025-06-13T17:21:53.447+0200] {logging_mixin.py:137} INFO - [2025-06-13T17:21:53.447+0200] {dagbag.py:538} INFO - Filling up the DagBag from /home/monica.fernandez/practica_creativa/venv-airflow/lib/python3.11/site-packages/airflow/example_dags/example_task_group_decorator.py
[2025-06-13T17:21:53.482+0200] {processor.py:753} INFO - DAG(s) dict_keys(['example_task_group_decorator']) retrieved from /home/monica.fernandez/practica_creativa/venv-airflow/lib/python3.11/site-packages/airflow/example_dags/example_task_group_decorator.py
[2025-06-13T17:21:53.511+0200] {logging_mixin.py:137} INFO - [2025-06-13T17:21:53.511+0200] {dag.py:2690} INFO - Sync 1 DAGs
[2025-06-13T17:21:53.540+0200] {logging_mixin.py:137} INFO - [2025-06-13T17:21:53.539+0200] {dag.py:3437} INFO - Setting next_dagrun for example_task_group_decorator to 2025-06-12T15:21:53.539702+00:00, run_after=2025-06-13T15:21:53.539702+00:00
[2025-06-13T17:21:53.597+0200] {processor.py:175} INFO - Processing /home/monica.fernandez/practica_creativa/venv-airflow/lib/python3.11/site-packages/airflow/example_dags/example_task_group_decorator.py took 0.155 seconds
[2025-06-13T17:22:45.706+0200] {processor.py:153} INFO - Started process (PID=38698) to work on /home/monica.fernandez/practica_creativa/venv-airflow/lib/python3.11/site-packages/airflow/example_dags/example_task_group_decorator.py
[2025-06-13T17:22:45.707+0200] {processor.py:743} INFO - Processing file /home/monica.fernandez/practica_creativa/venv-airflow/lib/python3.11/site-packages/airflow/example_dags/example_task_group_decorator.py for tasks to queue
[2025-06-13T17:22:45.708+0200] {logging_mixin.py:137} INFO - [2025-06-13T17:22:45.708+0200] {dagbag.py:538} INFO - Filling up the DagBag from /home/monica.fernandez/practica_creativa/venv-airflow/lib/python3.11/site-packages/airflow/example_dags/example_task_group_decorator.py
[2025-06-13T17:22:45.757+0200] {processor.py:753} INFO - DAG(s) dict_keys(['example_task_group_decorator']) retrieved from /home/monica.fernandez/practica_creativa/venv-airflow/lib/python3.11/site-packages/airflow/example_dags/example_task_group_decorator.py
[2025-06-13T17:22:45.841+0200] {logging_mixin.py:137} INFO - [2025-06-13T17:22:45.841+0200] {dag.py:2690} INFO - Sync 1 DAGs
[2025-06-13T17:22:45.875+0200] {logging_mixin.py:137} INFO - [2025-06-13T17:22:45.875+0200] {dag.py:3437} INFO - Setting next_dagrun for example_task_group_decorator to 2025-06-12T15:22:45.875116+00:00, run_after=2025-06-13T15:22:45.875116+00:00
[2025-06-13T17:22:45.933+0200] {processor.py:175} INFO - Processing /home/monica.fernandez/practica_creativa/venv-airflow/lib/python3.11/site-packages/airflow/example_dags/example_task_group_decorator.py took 0.231 seconds
[2025-06-13T17:23:34.079+0200] {processor.py:153} INFO - Started process (PID=39142) to work on /home/monica.fernandez/practica_creativa/venv-airflow/lib/python3.11/site-packages/airflow/example_dags/example_task_group_decorator.py
[2025-06-13T17:23:34.081+0200] {processor.py:743} INFO - Processing file /home/monica.fernandez/practica_creativa/venv-airflow/lib/python3.11/site-packages/airflow/example_dags/example_task_group_decorator.py for tasks to queue
[2025-06-13T17:23:34.081+0200] {logging_mixin.py:137} INFO - [2025-06-13T17:23:34.081+0200] {dagbag.py:538} INFO - Filling up the DagBag from /home/monica.fernandez/practica_creativa/venv-airflow/lib/python3.11/site-packages/airflow/example_dags/example_task_group_decorator.py
[2025-06-13T17:23:34.171+0200] {processor.py:753} INFO - DAG(s) dict_keys(['example_task_group_decorator']) retrieved from /home/monica.fernandez/practica_creativa/venv-airflow/lib/python3.11/site-packages/airflow/example_dags/example_task_group_decorator.py
[2025-06-13T17:23:34.228+0200] {logging_mixin.py:137} INFO - [2025-06-13T17:23:34.227+0200] {dag.py:2690} INFO - Sync 1 DAGs
[2025-06-13T17:23:34.272+0200] {logging_mixin.py:137} INFO - [2025-06-13T17:23:34.272+0200] {dag.py:3437} INFO - Setting next_dagrun for example_task_group_decorator to 2025-06-12T15:23:34.272271+00:00, run_after=2025-06-13T15:23:34.272271+00:00
[2025-06-13T17:23:34.370+0200] {processor.py:175} INFO - Processing /home/monica.fernandez/practica_creativa/venv-airflow/lib/python3.11/site-packages/airflow/example_dags/example_task_group_decorator.py took 0.301 seconds
[2025-06-13T17:24:25.431+0200] {processor.py:153} INFO - Started process (PID=39875) to work on /home/monica.fernandez/practica_creativa/venv-airflow/lib/python3.11/site-packages/airflow/example_dags/example_task_group_decorator.py
[2025-06-13T17:24:25.432+0200] {processor.py:743} INFO - Processing file /home/monica.fernandez/practica_creativa/venv-airflow/lib/python3.11/site-packages/airflow/example_dags/example_task_group_decorator.py for tasks to queue
[2025-06-13T17:24:25.432+0200] {logging_mixin.py:137} INFO - [2025-06-13T17:24:25.432+0200] {dagbag.py:538} INFO - Filling up the DagBag from /home/monica.fernandez/practica_creativa/venv-airflow/lib/python3.11/site-packages/airflow/example_dags/example_task_group_decorator.py
[2025-06-13T17:24:25.476+0200] {processor.py:753} INFO - DAG(s) dict_keys(['example_task_group_decorator']) retrieved from /home/monica.fernandez/practica_creativa/venv-airflow/lib/python3.11/site-packages/airflow/example_dags/example_task_group_decorator.py
[2025-06-13T17:24:25.514+0200] {logging_mixin.py:137} INFO - [2025-06-13T17:24:25.514+0200] {dag.py:2690} INFO - Sync 1 DAGs
[2025-06-13T17:24:25.547+0200] {logging_mixin.py:137} INFO - [2025-06-13T17:24:25.546+0200] {dag.py:3437} INFO - Setting next_dagrun for example_task_group_decorator to 2025-06-12T15:24:25.546565+00:00, run_after=2025-06-13T15:24:25.546565+00:00
[2025-06-13T17:24:25.613+0200] {processor.py:175} INFO - Processing /home/monica.fernandez/practica_creativa/venv-airflow/lib/python3.11/site-packages/airflow/example_dags/example_task_group_decorator.py took 0.186 seconds
[2025-06-13T17:25:07.797+0200] {processor.py:153} INFO - Started process (PID=40257) to work on /home/monica.fernandez/practica_creativa/venv-airflow/lib/python3.11/site-packages/airflow/example_dags/example_task_group_decorator.py
[2025-06-13T17:25:07.798+0200] {processor.py:743} INFO - Processing file /home/monica.fernandez/practica_creativa/venv-airflow/lib/python3.11/site-packages/airflow/example_dags/example_task_group_decorator.py for tasks to queue
[2025-06-13T17:25:07.798+0200] {logging_mixin.py:137} INFO - [2025-06-13T17:25:07.798+0200] {dagbag.py:538} INFO - Filling up the DagBag from /home/monica.fernandez/practica_creativa/venv-airflow/lib/python3.11/site-packages/airflow/example_dags/example_task_group_decorator.py
[2025-06-13T17:25:07.833+0200] {processor.py:753} INFO - DAG(s) dict_keys(['example_task_group_decorator']) retrieved from /home/monica.fernandez/practica_creativa/venv-airflow/lib/python3.11/site-packages/airflow/example_dags/example_task_group_decorator.py
[2025-06-13T17:25:07.865+0200] {logging_mixin.py:137} INFO - [2025-06-13T17:25:07.865+0200] {dag.py:2690} INFO - Sync 1 DAGs
[2025-06-13T17:25:07.893+0200] {logging_mixin.py:137} INFO - [2025-06-13T17:25:07.893+0200] {dag.py:3437} INFO - Setting next_dagrun for example_task_group_decorator to 2025-06-12T15:25:07.893417+00:00, run_after=2025-06-13T15:25:07.893417+00:00
[2025-06-13T17:25:07.949+0200] {processor.py:175} INFO - Processing /home/monica.fernandez/practica_creativa/venv-airflow/lib/python3.11/site-packages/airflow/example_dags/example_task_group_decorator.py took 0.156 seconds
[2025-06-13T17:26:21.191+0200] {processor.py:153} INFO - Started process (PID=41119) to work on /home/monica.fernandez/practica_creativa/venv-airflow/lib/python3.11/site-packages/airflow/example_dags/example_task_group_decorator.py
[2025-06-13T17:26:21.192+0200] {processor.py:743} INFO - Processing file /home/monica.fernandez/practica_creativa/venv-airflow/lib/python3.11/site-packages/airflow/example_dags/example_task_group_decorator.py for tasks to queue
[2025-06-13T17:26:21.192+0200] {logging_mixin.py:137} INFO - [2025-06-13T17:26:21.192+0200] {dagbag.py:538} INFO - Filling up the DagBag from /home/monica.fernandez/practica_creativa/venv-airflow/lib/python3.11/site-packages/airflow/example_dags/example_task_group_decorator.py
[2025-06-13T17:26:21.246+0200] {processor.py:753} INFO - DAG(s) dict_keys(['example_task_group_decorator']) retrieved from /home/monica.fernandez/practica_creativa/venv-airflow/lib/python3.11/site-packages/airflow/example_dags/example_task_group_decorator.py
[2025-06-13T17:26:21.282+0200] {logging_mixin.py:137} INFO - [2025-06-13T17:26:21.282+0200] {dag.py:2690} INFO - Sync 1 DAGs
[2025-06-13T17:26:21.314+0200] {logging_mixin.py:137} INFO - [2025-06-13T17:26:21.314+0200] {dag.py:3437} INFO - Setting next_dagrun for example_task_group_decorator to 2025-06-12T15:26:21.314357+00:00, run_after=2025-06-13T15:26:21.314357+00:00
[2025-06-13T17:26:21.384+0200] {processor.py:175} INFO - Processing /home/monica.fernandez/practica_creativa/venv-airflow/lib/python3.11/site-packages/airflow/example_dags/example_task_group_decorator.py took 0.197 seconds
[2025-06-13T17:27:14.939+0200] {processor.py:153} INFO - Started process (PID=41535) to work on /home/monica.fernandez/practica_creativa/venv-airflow/lib/python3.11/site-packages/airflow/example_dags/example_task_group_decorator.py
[2025-06-13T17:27:14.940+0200] {processor.py:743} INFO - Processing file /home/monica.fernandez/practica_creativa/venv-airflow/lib/python3.11/site-packages/airflow/example_dags/example_task_group_decorator.py for tasks to queue
[2025-06-13T17:27:14.940+0200] {logging_mixin.py:137} INFO - [2025-06-13T17:27:14.940+0200] {dagbag.py:538} INFO - Filling up the DagBag from /home/monica.fernandez/practica_creativa/venv-airflow/lib/python3.11/site-packages/airflow/example_dags/example_task_group_decorator.py
[2025-06-13T17:27:14.978+0200] {processor.py:753} INFO - DAG(s) dict_keys(['example_task_group_decorator']) retrieved from /home/monica.fernandez/practica_creativa/venv-airflow/lib/python3.11/site-packages/airflow/example_dags/example_task_group_decorator.py
[2025-06-13T17:27:15.026+0200] {logging_mixin.py:137} INFO - [2025-06-13T17:27:15.026+0200] {dag.py:2690} INFO - Sync 1 DAGs
[2025-06-13T17:27:15.087+0200] {logging_mixin.py:137} INFO - [2025-06-13T17:27:15.087+0200] {dag.py:3437} INFO - Setting next_dagrun for example_task_group_decorator to 2025-06-12T15:27:15.087334+00:00, run_after=2025-06-13T15:27:15.087334+00:00
[2025-06-13T17:27:15.350+0200] {processor.py:175} INFO - Processing /home/monica.fernandez/practica_creativa/venv-airflow/lib/python3.11/site-packages/airflow/example_dags/example_task_group_decorator.py took 0.414 seconds
[2025-06-13T17:28:02.668+0200] {processor.py:153} INFO - Started process (PID=41998) to work on /home/monica.fernandez/practica_creativa/venv-airflow/lib/python3.11/site-packages/airflow/example_dags/example_task_group_decorator.py
[2025-06-13T17:28:02.669+0200] {processor.py:743} INFO - Processing file /home/monica.fernandez/practica_creativa/venv-airflow/lib/python3.11/site-packages/airflow/example_dags/example_task_group_decorator.py for tasks to queue
[2025-06-13T17:28:02.670+0200] {logging_mixin.py:137} INFO - [2025-06-13T17:28:02.669+0200] {dagbag.py:538} INFO - Filling up the DagBag from /home/monica.fernandez/practica_creativa/venv-airflow/lib/python3.11/site-packages/airflow/example_dags/example_task_group_decorator.py
[2025-06-13T17:28:02.702+0200] {processor.py:753} INFO - DAG(s) dict_keys(['example_task_group_decorator']) retrieved from /home/monica.fernandez/practica_creativa/venv-airflow/lib/python3.11/site-packages/airflow/example_dags/example_task_group_decorator.py
[2025-06-13T17:28:02.733+0200] {logging_mixin.py:137} INFO - [2025-06-13T17:28:02.733+0200] {dag.py:2690} INFO - Sync 1 DAGs
[2025-06-13T17:28:02.758+0200] {logging_mixin.py:137} INFO - [2025-06-13T17:28:02.758+0200] {dag.py:3437} INFO - Setting next_dagrun for example_task_group_decorator to 2025-06-12T15:28:02.758031+00:00, run_after=2025-06-13T15:28:02.758031+00:00
[2025-06-13T17:28:02.813+0200] {processor.py:175} INFO - Processing /home/monica.fernandez/practica_creativa/venv-airflow/lib/python3.11/site-packages/airflow/example_dags/example_task_group_decorator.py took 0.149 seconds
[2025-06-13T17:28:55.514+0200] {processor.py:153} INFO - Started process (PID=42452) to work on /home/monica.fernandez/practica_creativa/venv-airflow/lib/python3.11/site-packages/airflow/example_dags/example_task_group_decorator.py
[2025-06-13T17:28:55.515+0200] {processor.py:743} INFO - Processing file /home/monica.fernandez/practica_creativa/venv-airflow/lib/python3.11/site-packages/airflow/example_dags/example_task_group_decorator.py for tasks to queue
[2025-06-13T17:28:55.515+0200] {logging_mixin.py:137} INFO - [2025-06-13T17:28:55.515+0200] {dagbag.py:538} INFO - Filling up the DagBag from /home/monica.fernandez/practica_creativa/venv-airflow/lib/python3.11/site-packages/airflow/example_dags/example_task_group_decorator.py
[2025-06-13T17:28:55.557+0200] {processor.py:753} INFO - DAG(s) dict_keys(['example_task_group_decorator']) retrieved from /home/monica.fernandez/practica_creativa/venv-airflow/lib/python3.11/site-packages/airflow/example_dags/example_task_group_decorator.py
[2025-06-13T17:28:55.594+0200] {logging_mixin.py:137} INFO - [2025-06-13T17:28:55.593+0200] {dag.py:2690} INFO - Sync 1 DAGs
[2025-06-13T17:28:55.622+0200] {logging_mixin.py:137} INFO - [2025-06-13T17:28:55.622+0200] {dag.py:3437} INFO - Setting next_dagrun for example_task_group_decorator to 2025-06-12T15:28:55.621872+00:00, run_after=2025-06-13T15:28:55.621872+00:00
[2025-06-13T17:28:55.683+0200] {processor.py:175} INFO - Processing /home/monica.fernandez/practica_creativa/venv-airflow/lib/python3.11/site-packages/airflow/example_dags/example_task_group_decorator.py took 0.172 seconds
[2025-06-13T17:29:39.856+0200] {processor.py:153} INFO - Started process (PID=42884) to work on /home/monica.fernandez/practica_creativa/venv-airflow/lib/python3.11/site-packages/airflow/example_dags/example_task_group_decorator.py
[2025-06-13T17:29:39.857+0200] {processor.py:743} INFO - Processing file /home/monica.fernandez/practica_creativa/venv-airflow/lib/python3.11/site-packages/airflow/example_dags/example_task_group_decorator.py for tasks to queue
[2025-06-13T17:29:39.857+0200] {logging_mixin.py:137} INFO - [2025-06-13T17:29:39.857+0200] {dagbag.py:538} INFO - Filling up the DagBag from /home/monica.fernandez/practica_creativa/venv-airflow/lib/python3.11/site-packages/airflow/example_dags/example_task_group_decorator.py
[2025-06-13T17:29:39.895+0200] {processor.py:753} INFO - DAG(s) dict_keys(['example_task_group_decorator']) retrieved from /home/monica.fernandez/practica_creativa/venv-airflow/lib/python3.11/site-packages/airflow/example_dags/example_task_group_decorator.py
[2025-06-13T17:29:39.925+0200] {logging_mixin.py:137} INFO - [2025-06-13T17:29:39.925+0200] {dag.py:2690} INFO - Sync 1 DAGs
[2025-06-13T17:29:39.953+0200] {logging_mixin.py:137} INFO - [2025-06-13T17:29:39.952+0200] {dag.py:3437} INFO - Setting next_dagrun for example_task_group_decorator to 2025-06-12T15:29:39.952413+00:00, run_after=2025-06-13T15:29:39.952413+00:00
[2025-06-13T17:29:40.013+0200] {processor.py:175} INFO - Processing /home/monica.fernandez/practica_creativa/venv-airflow/lib/python3.11/site-packages/airflow/example_dags/example_task_group_decorator.py took 0.160 seconds
[2025-06-13T17:30:31.112+0200] {processor.py:153} INFO - Started process (PID=43445) to work on /home/monica.fernandez/practica_creativa/venv-airflow/lib/python3.11/site-packages/airflow/example_dags/example_task_group_decorator.py
[2025-06-13T17:30:31.113+0200] {processor.py:743} INFO - Processing file /home/monica.fernandez/practica_creativa/venv-airflow/lib/python3.11/site-packages/airflow/example_dags/example_task_group_decorator.py for tasks to queue
[2025-06-13T17:30:31.113+0200] {logging_mixin.py:137} INFO - [2025-06-13T17:30:31.113+0200] {dagbag.py:538} INFO - Filling up the DagBag from /home/monica.fernandez/practica_creativa/venv-airflow/lib/python3.11/site-packages/airflow/example_dags/example_task_group_decorator.py
[2025-06-13T17:30:31.149+0200] {processor.py:753} INFO - DAG(s) dict_keys(['example_task_group_decorator']) retrieved from /home/monica.fernandez/practica_creativa/venv-airflow/lib/python3.11/site-packages/airflow/example_dags/example_task_group_decorator.py
[2025-06-13T17:30:31.180+0200] {logging_mixin.py:137} INFO - [2025-06-13T17:30:31.180+0200] {dag.py:2690} INFO - Sync 1 DAGs
[2025-06-13T17:30:31.205+0200] {logging_mixin.py:137} INFO - [2025-06-13T17:30:31.205+0200] {dag.py:3437} INFO - Setting next_dagrun for example_task_group_decorator to 2025-06-12T15:30:31.205550+00:00, run_after=2025-06-13T15:30:31.205550+00:00
[2025-06-13T17:30:31.266+0200] {processor.py:175} INFO - Processing /home/monica.fernandez/practica_creativa/venv-airflow/lib/python3.11/site-packages/airflow/example_dags/example_task_group_decorator.py took 0.158 seconds
[2025-06-13T17:31:37.365+0200] {processor.py:153} INFO - Started process (PID=44274) to work on /home/monica.fernandez/practica_creativa/venv-airflow/lib/python3.11/site-packages/airflow/example_dags/example_task_group_decorator.py
[2025-06-13T17:31:37.366+0200] {processor.py:743} INFO - Processing file /home/monica.fernandez/practica_creativa/venv-airflow/lib/python3.11/site-packages/airflow/example_dags/example_task_group_decorator.py for tasks to queue
[2025-06-13T17:31:37.366+0200] {logging_mixin.py:137} INFO - [2025-06-13T17:31:37.366+0200] {dagbag.py:538} INFO - Filling up the DagBag from /home/monica.fernandez/practica_creativa/venv-airflow/lib/python3.11/site-packages/airflow/example_dags/example_task_group_decorator.py
[2025-06-13T17:31:37.404+0200] {processor.py:753} INFO - DAG(s) dict_keys(['example_task_group_decorator']) retrieved from /home/monica.fernandez/practica_creativa/venv-airflow/lib/python3.11/site-packages/airflow/example_dags/example_task_group_decorator.py
[2025-06-13T17:31:37.437+0200] {logging_mixin.py:137} INFO - [2025-06-13T17:31:37.437+0200] {dag.py:2690} INFO - Sync 1 DAGs
[2025-06-13T17:31:37.464+0200] {logging_mixin.py:137} INFO - [2025-06-13T17:31:37.464+0200] {dag.py:3437} INFO - Setting next_dagrun for example_task_group_decorator to 2025-06-12T15:31:37.464423+00:00, run_after=2025-06-13T15:31:37.464423+00:00
[2025-06-13T17:31:37.526+0200] {processor.py:175} INFO - Processing /home/monica.fernandez/practica_creativa/venv-airflow/lib/python3.11/site-packages/airflow/example_dags/example_task_group_decorator.py took 0.166 seconds
[2025-06-13T17:32:26.025+0200] {processor.py:153} INFO - Started process (PID=44654) to work on /home/monica.fernandez/practica_creativa/venv-airflow/lib/python3.11/site-packages/airflow/example_dags/example_task_group_decorator.py
[2025-06-13T17:32:26.026+0200] {processor.py:743} INFO - Processing file /home/monica.fernandez/practica_creativa/venv-airflow/lib/python3.11/site-packages/airflow/example_dags/example_task_group_decorator.py for tasks to queue
[2025-06-13T17:32:26.026+0200] {logging_mixin.py:137} INFO - [2025-06-13T17:32:26.026+0200] {dagbag.py:538} INFO - Filling up the DagBag from /home/monica.fernandez/practica_creativa/venv-airflow/lib/python3.11/site-packages/airflow/example_dags/example_task_group_decorator.py
[2025-06-13T17:32:26.070+0200] {processor.py:753} INFO - DAG(s) dict_keys(['example_task_group_decorator']) retrieved from /home/monica.fernandez/practica_creativa/venv-airflow/lib/python3.11/site-packages/airflow/example_dags/example_task_group_decorator.py
[2025-06-13T17:32:26.109+0200] {logging_mixin.py:137} INFO - [2025-06-13T17:32:26.109+0200] {dag.py:2690} INFO - Sync 1 DAGs
[2025-06-13T17:32:26.141+0200] {logging_mixin.py:137} INFO - [2025-06-13T17:32:26.140+0200] {dag.py:3437} INFO - Setting next_dagrun for example_task_group_decorator to 2025-06-12T15:32:26.140618+00:00, run_after=2025-06-13T15:32:26.140618+00:00
[2025-06-13T17:32:26.225+0200] {processor.py:175} INFO - Processing /home/monica.fernandez/practica_creativa/venv-airflow/lib/python3.11/site-packages/airflow/example_dags/example_task_group_decorator.py took 0.204 seconds
[2025-06-13T17:33:15.571+0200] {processor.py:153} INFO - Started process (PID=45107) to work on /home/monica.fernandez/practica_creativa/venv-airflow/lib/python3.11/site-packages/airflow/example_dags/example_task_group_decorator.py
[2025-06-13T17:33:15.572+0200] {processor.py:743} INFO - Processing file /home/monica.fernandez/practica_creativa/venv-airflow/lib/python3.11/site-packages/airflow/example_dags/example_task_group_decorator.py for tasks to queue
[2025-06-13T17:33:15.573+0200] {logging_mixin.py:137} INFO - [2025-06-13T17:33:15.573+0200] {dagbag.py:538} INFO - Filling up the DagBag from /home/monica.fernandez/practica_creativa/venv-airflow/lib/python3.11/site-packages/airflow/example_dags/example_task_group_decorator.py
[2025-06-13T17:33:15.608+0200] {processor.py:753} INFO - DAG(s) dict_keys(['example_task_group_decorator']) retrieved from /home/monica.fernandez/practica_creativa/venv-airflow/lib/python3.11/site-packages/airflow/example_dags/example_task_group_decorator.py
[2025-06-13T17:33:15.636+0200] {logging_mixin.py:137} INFO - [2025-06-13T17:33:15.636+0200] {dag.py:2690} INFO - Sync 1 DAGs
[2025-06-13T17:33:15.661+0200] {logging_mixin.py:137} INFO - [2025-06-13T17:33:15.660+0200] {dag.py:3437} INFO - Setting next_dagrun for example_task_group_decorator to 2025-06-12T15:33:15.660753+00:00, run_after=2025-06-13T15:33:15.660753+00:00
[2025-06-13T17:33:15.717+0200] {processor.py:175} INFO - Processing /home/monica.fernandez/practica_creativa/venv-airflow/lib/python3.11/site-packages/airflow/example_dags/example_task_group_decorator.py took 0.149 seconds
[2025-06-13T17:33:57.627+0200] {processor.py:153} INFO - Started process (PID=45475) to work on /home/monica.fernandez/practica_creativa/venv-airflow/lib/python3.11/site-packages/airflow/example_dags/example_task_group_decorator.py
[2025-06-13T17:33:57.628+0200] {processor.py:743} INFO - Processing file /home/monica.fernandez/practica_creativa/venv-airflow/lib/python3.11/site-packages/airflow/example_dags/example_task_group_decorator.py for tasks to queue
[2025-06-13T17:33:57.628+0200] {logging_mixin.py:137} INFO - [2025-06-13T17:33:57.628+0200] {dagbag.py:538} INFO - Filling up the DagBag from /home/monica.fernandez/practica_creativa/venv-airflow/lib/python3.11/site-packages/airflow/example_dags/example_task_group_decorator.py
[2025-06-13T17:33:57.664+0200] {processor.py:753} INFO - DAG(s) dict_keys(['example_task_group_decorator']) retrieved from /home/monica.fernandez/practica_creativa/venv-airflow/lib/python3.11/site-packages/airflow/example_dags/example_task_group_decorator.py
[2025-06-13T17:33:57.696+0200] {logging_mixin.py:137} INFO - [2025-06-13T17:33:57.696+0200] {dag.py:2690} INFO - Sync 1 DAGs
[2025-06-13T17:33:57.722+0200] {logging_mixin.py:137} INFO - [2025-06-13T17:33:57.722+0200] {dag.py:3437} INFO - Setting next_dagrun for example_task_group_decorator to 2025-06-12T15:33:57.722343+00:00, run_after=2025-06-13T15:33:57.722343+00:00
[2025-06-13T17:33:57.779+0200] {processor.py:175} INFO - Processing /home/monica.fernandez/practica_creativa/venv-airflow/lib/python3.11/site-packages/airflow/example_dags/example_task_group_decorator.py took 0.156 seconds
[2025-06-13T17:34:38.128+0200] {processor.py:153} INFO - Started process (PID=45881) to work on /home/monica.fernandez/practica_creativa/venv-airflow/lib/python3.11/site-packages/airflow/example_dags/example_task_group_decorator.py
[2025-06-13T17:34:38.129+0200] {processor.py:743} INFO - Processing file /home/monica.fernandez/practica_creativa/venv-airflow/lib/python3.11/site-packages/airflow/example_dags/example_task_group_decorator.py for tasks to queue
[2025-06-13T17:34:38.129+0200] {logging_mixin.py:137} INFO - [2025-06-13T17:34:38.129+0200] {dagbag.py:538} INFO - Filling up the DagBag from /home/monica.fernandez/practica_creativa/venv-airflow/lib/python3.11/site-packages/airflow/example_dags/example_task_group_decorator.py
[2025-06-13T17:34:38.204+0200] {processor.py:753} INFO - DAG(s) dict_keys(['example_task_group_decorator']) retrieved from /home/monica.fernandez/practica_creativa/venv-airflow/lib/python3.11/site-packages/airflow/example_dags/example_task_group_decorator.py
[2025-06-13T17:34:38.262+0200] {logging_mixin.py:137} INFO - [2025-06-13T17:34:38.261+0200] {dag.py:2690} INFO - Sync 1 DAGs
[2025-06-13T17:34:38.314+0200] {logging_mixin.py:137} INFO - [2025-06-13T17:34:38.313+0200] {dag.py:3437} INFO - Setting next_dagrun for example_task_group_decorator to 2025-06-12T15:34:38.312726+00:00, run_after=2025-06-13T15:34:38.312726+00:00
[2025-06-13T17:34:38.421+0200] {processor.py:175} INFO - Processing /home/monica.fernandez/practica_creativa/venv-airflow/lib/python3.11/site-packages/airflow/example_dags/example_task_group_decorator.py took 0.297 seconds
[2025-06-13T17:35:17.925+0200] {processor.py:153} INFO - Started process (PID=46256) to work on /home/monica.fernandez/practica_creativa/venv-airflow/lib/python3.11/site-packages/airflow/example_dags/example_task_group_decorator.py
[2025-06-13T17:35:17.926+0200] {processor.py:743} INFO - Processing file /home/monica.fernandez/practica_creativa/venv-airflow/lib/python3.11/site-packages/airflow/example_dags/example_task_group_decorator.py for tasks to queue
[2025-06-13T17:35:17.926+0200] {logging_mixin.py:137} INFO - [2025-06-13T17:35:17.926+0200] {dagbag.py:538} INFO - Filling up the DagBag from /home/monica.fernandez/practica_creativa/venv-airflow/lib/python3.11/site-packages/airflow/example_dags/example_task_group_decorator.py
[2025-06-13T17:35:17.965+0200] {processor.py:753} INFO - DAG(s) dict_keys(['example_task_group_decorator']) retrieved from /home/monica.fernandez/practica_creativa/venv-airflow/lib/python3.11/site-packages/airflow/example_dags/example_task_group_decorator.py
[2025-06-13T17:35:17.993+0200] {logging_mixin.py:137} INFO - [2025-06-13T17:35:17.993+0200] {dag.py:2690} INFO - Sync 1 DAGs
[2025-06-13T17:35:18.018+0200] {logging_mixin.py:137} INFO - [2025-06-13T17:35:18.018+0200] {dag.py:3437} INFO - Setting next_dagrun for example_task_group_decorator to 2025-06-12T15:35:18.018535+00:00, run_after=2025-06-13T15:35:18.018535+00:00
[2025-06-13T17:35:18.074+0200] {processor.py:175} INFO - Processing /home/monica.fernandez/practica_creativa/venv-airflow/lib/python3.11/site-packages/airflow/example_dags/example_task_group_decorator.py took 0.153 seconds
[2025-06-13T17:35:57.275+0200] {processor.py:153} INFO - Started process (PID=46610) to work on /home/monica.fernandez/practica_creativa/venv-airflow/lib/python3.11/site-packages/airflow/example_dags/example_task_group_decorator.py
[2025-06-13T17:35:57.276+0200] {processor.py:743} INFO - Processing file /home/monica.fernandez/practica_creativa/venv-airflow/lib/python3.11/site-packages/airflow/example_dags/example_task_group_decorator.py for tasks to queue
[2025-06-13T17:35:57.277+0200] {logging_mixin.py:137} INFO - [2025-06-13T17:35:57.276+0200] {dagbag.py:538} INFO - Filling up the DagBag from /home/monica.fernandez/practica_creativa/venv-airflow/lib/python3.11/site-packages/airflow/example_dags/example_task_group_decorator.py
[2025-06-13T17:35:57.327+0200] {processor.py:753} INFO - DAG(s) dict_keys(['example_task_group_decorator']) retrieved from /home/monica.fernandez/practica_creativa/venv-airflow/lib/python3.11/site-packages/airflow/example_dags/example_task_group_decorator.py
[2025-06-13T17:35:57.364+0200] {logging_mixin.py:137} INFO - [2025-06-13T17:35:57.363+0200] {dag.py:2690} INFO - Sync 1 DAGs
[2025-06-13T17:35:57.394+0200] {logging_mixin.py:137} INFO - [2025-06-13T17:35:57.393+0200] {dag.py:3437} INFO - Setting next_dagrun for example_task_group_decorator to 2025-06-12T15:35:57.393671+00:00, run_after=2025-06-13T15:35:57.393671+00:00
[2025-06-13T17:35:57.460+0200] {processor.py:175} INFO - Processing /home/monica.fernandez/practica_creativa/venv-airflow/lib/python3.11/site-packages/airflow/example_dags/example_task_group_decorator.py took 0.190 seconds
[2025-06-13T17:36:59.670+0200] {processor.py:153} INFO - Started process (PID=47240) to work on /home/monica.fernandez/practica_creativa/venv-airflow/lib/python3.11/site-packages/airflow/example_dags/example_task_group_decorator.py
[2025-06-13T17:36:59.671+0200] {processor.py:743} INFO - Processing file /home/monica.fernandez/practica_creativa/venv-airflow/lib/python3.11/site-packages/airflow/example_dags/example_task_group_decorator.py for tasks to queue
[2025-06-13T17:36:59.672+0200] {logging_mixin.py:137} INFO - [2025-06-13T17:36:59.671+0200] {dagbag.py:538} INFO - Filling up the DagBag from /home/monica.fernandez/practica_creativa/venv-airflow/lib/python3.11/site-packages/airflow/example_dags/example_task_group_decorator.py
[2025-06-13T17:36:59.720+0200] {processor.py:753} INFO - DAG(s) dict_keys(['example_task_group_decorator']) retrieved from /home/monica.fernandez/practica_creativa/venv-airflow/lib/python3.11/site-packages/airflow/example_dags/example_task_group_decorator.py
[2025-06-13T17:36:59.760+0200] {logging_mixin.py:137} INFO - [2025-06-13T17:36:59.760+0200] {dag.py:2690} INFO - Sync 1 DAGs
[2025-06-13T17:36:59.835+0200] {logging_mixin.py:137} INFO - [2025-06-13T17:36:59.834+0200] {dag.py:3437} INFO - Setting next_dagrun for example_task_group_decorator to 2025-06-12T15:36:59.834254+00:00, run_after=2025-06-13T15:36:59.834254+00:00
[2025-06-13T17:36:59.989+0200] {processor.py:175} INFO - Processing /home/monica.fernandez/practica_creativa/venv-airflow/lib/python3.11/site-packages/airflow/example_dags/example_task_group_decorator.py took 0.322 seconds
[2025-06-13T17:37:49.844+0200] {processor.py:153} INFO - Started process (PID=47703) to work on /home/monica.fernandez/practica_creativa/venv-airflow/lib/python3.11/site-packages/airflow/example_dags/example_task_group_decorator.py
[2025-06-13T17:37:49.845+0200] {processor.py:743} INFO - Processing file /home/monica.fernandez/practica_creativa/venv-airflow/lib/python3.11/site-packages/airflow/example_dags/example_task_group_decorator.py for tasks to queue
[2025-06-13T17:37:49.846+0200] {logging_mixin.py:137} INFO - [2025-06-13T17:37:49.846+0200] {dagbag.py:538} INFO - Filling up the DagBag from /home/monica.fernandez/practica_creativa/venv-airflow/lib/python3.11/site-packages/airflow/example_dags/example_task_group_decorator.py
[2025-06-13T17:37:49.893+0200] {processor.py:753} INFO - DAG(s) dict_keys(['example_task_group_decorator']) retrieved from /home/monica.fernandez/practica_creativa/venv-airflow/lib/python3.11/site-packages/airflow/example_dags/example_task_group_decorator.py
[2025-06-13T17:37:49.930+0200] {logging_mixin.py:137} INFO - [2025-06-13T17:37:49.930+0200] {dag.py:2690} INFO - Sync 1 DAGs
[2025-06-13T17:37:49.964+0200] {logging_mixin.py:137} INFO - [2025-06-13T17:37:49.964+0200] {dag.py:3437} INFO - Setting next_dagrun for example_task_group_decorator to 2025-06-12T15:37:49.963777+00:00, run_after=2025-06-13T15:37:49.963777+00:00
[2025-06-13T17:37:50.036+0200] {processor.py:175} INFO - Processing /home/monica.fernandez/practica_creativa/venv-airflow/lib/python3.11/site-packages/airflow/example_dags/example_task_group_decorator.py took 0.196 seconds
[2025-06-13T17:38:33.749+0200] {processor.py:153} INFO - Started process (PID=48149) to work on /home/monica.fernandez/practica_creativa/venv-airflow/lib/python3.11/site-packages/airflow/example_dags/example_task_group_decorator.py
[2025-06-13T17:38:33.750+0200] {processor.py:743} INFO - Processing file /home/monica.fernandez/practica_creativa/venv-airflow/lib/python3.11/site-packages/airflow/example_dags/example_task_group_decorator.py for tasks to queue
[2025-06-13T17:38:33.751+0200] {logging_mixin.py:137} INFO - [2025-06-13T17:38:33.751+0200] {dagbag.py:538} INFO - Filling up the DagBag from /home/monica.fernandez/practica_creativa/venv-airflow/lib/python3.11/site-packages/airflow/example_dags/example_task_group_decorator.py
[2025-06-13T17:38:33.802+0200] {processor.py:753} INFO - DAG(s) dict_keys(['example_task_group_decorator']) retrieved from /home/monica.fernandez/practica_creativa/venv-airflow/lib/python3.11/site-packages/airflow/example_dags/example_task_group_decorator.py
[2025-06-13T17:38:33.843+0200] {logging_mixin.py:137} INFO - [2025-06-13T17:38:33.843+0200] {dag.py:2690} INFO - Sync 1 DAGs
[2025-06-13T17:38:33.884+0200] {logging_mixin.py:137} INFO - [2025-06-13T17:38:33.884+0200] {dag.py:3437} INFO - Setting next_dagrun for example_task_group_decorator to 2025-06-12T15:38:33.883685+00:00, run_after=2025-06-13T15:38:33.883685+00:00
[2025-06-13T17:38:33.955+0200] {processor.py:175} INFO - Processing /home/monica.fernandez/practica_creativa/venv-airflow/lib/python3.11/site-packages/airflow/example_dags/example_task_group_decorator.py took 0.210 seconds
[2025-06-13T17:39:10.981+0200] {processor.py:153} INFO - Started process (PID=48424) to work on /home/monica.fernandez/practica_creativa/venv-airflow/lib/python3.11/site-packages/airflow/example_dags/example_task_group_decorator.py
[2025-06-13T17:39:10.982+0200] {processor.py:743} INFO - Processing file /home/monica.fernandez/practica_creativa/venv-airflow/lib/python3.11/site-packages/airflow/example_dags/example_task_group_decorator.py for tasks to queue
[2025-06-13T17:39:10.983+0200] {logging_mixin.py:137} INFO - [2025-06-13T17:39:10.983+0200] {dagbag.py:538} INFO - Filling up the DagBag from /home/monica.fernandez/practica_creativa/venv-airflow/lib/python3.11/site-packages/airflow/example_dags/example_task_group_decorator.py
[2025-06-13T17:39:11.032+0200] {processor.py:753} INFO - DAG(s) dict_keys(['example_task_group_decorator']) retrieved from /home/monica.fernandez/practica_creativa/venv-airflow/lib/python3.11/site-packages/airflow/example_dags/example_task_group_decorator.py
[2025-06-13T17:39:11.082+0200] {logging_mixin.py:137} INFO - [2025-06-13T17:39:11.082+0200] {dag.py:2690} INFO - Sync 1 DAGs
[2025-06-13T17:39:11.116+0200] {logging_mixin.py:137} INFO - [2025-06-13T17:39:11.116+0200] {dag.py:3437} INFO - Setting next_dagrun for example_task_group_decorator to 2025-06-12T15:39:11.116491+00:00, run_after=2025-06-13T15:39:11.116491+00:00
[2025-06-13T17:39:11.187+0200] {processor.py:175} INFO - Processing /home/monica.fernandez/practica_creativa/venv-airflow/lib/python3.11/site-packages/airflow/example_dags/example_task_group_decorator.py took 0.210 seconds
[2025-06-13T17:40:04.133+0200] {processor.py:153} INFO - Started process (PID=48958) to work on /home/monica.fernandez/practica_creativa/venv-airflow/lib/python3.11/site-packages/airflow/example_dags/example_task_group_decorator.py
[2025-06-13T17:40:04.134+0200] {processor.py:743} INFO - Processing file /home/monica.fernandez/practica_creativa/venv-airflow/lib/python3.11/site-packages/airflow/example_dags/example_task_group_decorator.py for tasks to queue
[2025-06-13T17:40:04.135+0200] {logging_mixin.py:137} INFO - [2025-06-13T17:40:04.135+0200] {dagbag.py:538} INFO - Filling up the DagBag from /home/monica.fernandez/practica_creativa/venv-airflow/lib/python3.11/site-packages/airflow/example_dags/example_task_group_decorator.py
[2025-06-13T17:40:04.184+0200] {processor.py:753} INFO - DAG(s) dict_keys(['example_task_group_decorator']) retrieved from /home/monica.fernandez/practica_creativa/venv-airflow/lib/python3.11/site-packages/airflow/example_dags/example_task_group_decorator.py
[2025-06-13T17:40:04.225+0200] {logging_mixin.py:137} INFO - [2025-06-13T17:40:04.225+0200] {dag.py:2690} INFO - Sync 1 DAGs
[2025-06-13T17:40:04.261+0200] {logging_mixin.py:137} INFO - [2025-06-13T17:40:04.260+0200] {dag.py:3437} INFO - Setting next_dagrun for example_task_group_decorator to 2025-06-12T15:40:04.260501+00:00, run_after=2025-06-13T15:40:04.260501+00:00
[2025-06-13T17:40:04.359+0200] {processor.py:175} INFO - Processing /home/monica.fernandez/practica_creativa/venv-airflow/lib/python3.11/site-packages/airflow/example_dags/example_task_group_decorator.py took 0.230 seconds
[2025-06-13T17:40:43.757+0200] {processor.py:153} INFO - Started process (PID=49286) to work on /home/monica.fernandez/practica_creativa/venv-airflow/lib/python3.11/site-packages/airflow/example_dags/example_task_group_decorator.py
[2025-06-13T17:40:43.757+0200] {processor.py:743} INFO - Processing file /home/monica.fernandez/practica_creativa/venv-airflow/lib/python3.11/site-packages/airflow/example_dags/example_task_group_decorator.py for tasks to queue
[2025-06-13T17:40:43.758+0200] {logging_mixin.py:137} INFO - [2025-06-13T17:40:43.758+0200] {dagbag.py:538} INFO - Filling up the DagBag from /home/monica.fernandez/practica_creativa/venv-airflow/lib/python3.11/site-packages/airflow/example_dags/example_task_group_decorator.py
[2025-06-13T17:40:43.799+0200] {processor.py:753} INFO - DAG(s) dict_keys(['example_task_group_decorator']) retrieved from /home/monica.fernandez/practica_creativa/venv-airflow/lib/python3.11/site-packages/airflow/example_dags/example_task_group_decorator.py
[2025-06-13T17:40:43.834+0200] {logging_mixin.py:137} INFO - [2025-06-13T17:40:43.834+0200] {dag.py:2690} INFO - Sync 1 DAGs
[2025-06-13T17:40:43.861+0200] {logging_mixin.py:137} INFO - [2025-06-13T17:40:43.861+0200] {dag.py:3437} INFO - Setting next_dagrun for example_task_group_decorator to 2025-06-12T15:40:43.861147+00:00, run_after=2025-06-13T15:40:43.861147+00:00
[2025-06-13T17:40:43.918+0200] {processor.py:175} INFO - Processing /home/monica.fernandez/practica_creativa/venv-airflow/lib/python3.11/site-packages/airflow/example_dags/example_task_group_decorator.py took 0.165 seconds
[2025-06-13T17:41:37.184+0200] {processor.py:153} INFO - Started process (PID=49773) to work on /home/monica.fernandez/practica_creativa/venv-airflow/lib/python3.11/site-packages/airflow/example_dags/example_task_group_decorator.py
[2025-06-13T17:41:37.185+0200] {processor.py:743} INFO - Processing file /home/monica.fernandez/practica_creativa/venv-airflow/lib/python3.11/site-packages/airflow/example_dags/example_task_group_decorator.py for tasks to queue
[2025-06-13T17:41:37.187+0200] {logging_mixin.py:137} INFO - [2025-06-13T17:41:37.187+0200] {dagbag.py:538} INFO - Filling up the DagBag from /home/monica.fernandez/practica_creativa/venv-airflow/lib/python3.11/site-packages/airflow/example_dags/example_task_group_decorator.py
[2025-06-13T17:41:37.250+0200] {processor.py:753} INFO - DAG(s) dict_keys(['example_task_group_decorator']) retrieved from /home/monica.fernandez/practica_creativa/venv-airflow/lib/python3.11/site-packages/airflow/example_dags/example_task_group_decorator.py
[2025-06-13T17:41:37.292+0200] {logging_mixin.py:137} INFO - [2025-06-13T17:41:37.292+0200] {dag.py:2690} INFO - Sync 1 DAGs
[2025-06-13T17:41:37.332+0200] {logging_mixin.py:137} INFO - [2025-06-13T17:41:37.331+0200] {dag.py:3437} INFO - Setting next_dagrun for example_task_group_decorator to 2025-06-12T15:41:37.331573+00:00, run_after=2025-06-13T15:41:37.331573+00:00
[2025-06-13T17:41:37.396+0200] {processor.py:175} INFO - Processing /home/monica.fernandez/practica_creativa/venv-airflow/lib/python3.11/site-packages/airflow/example_dags/example_task_group_decorator.py took 0.218 seconds
[2025-06-13T17:42:29.677+0200] {processor.py:153} INFO - Started process (PID=50176) to work on /home/monica.fernandez/practica_creativa/venv-airflow/lib/python3.11/site-packages/airflow/example_dags/example_task_group_decorator.py
[2025-06-13T17:42:29.679+0200] {processor.py:743} INFO - Processing file /home/monica.fernandez/practica_creativa/venv-airflow/lib/python3.11/site-packages/airflow/example_dags/example_task_group_decorator.py for tasks to queue
[2025-06-13T17:42:29.681+0200] {logging_mixin.py:137} INFO - [2025-06-13T17:42:29.680+0200] {dagbag.py:538} INFO - Filling up the DagBag from /home/monica.fernandez/practica_creativa/venv-airflow/lib/python3.11/site-packages/airflow/example_dags/example_task_group_decorator.py
[2025-06-13T17:42:29.739+0200] {processor.py:753} INFO - DAG(s) dict_keys(['example_task_group_decorator']) retrieved from /home/monica.fernandez/practica_creativa/venv-airflow/lib/python3.11/site-packages/airflow/example_dags/example_task_group_decorator.py
[2025-06-13T17:42:29.785+0200] {logging_mixin.py:137} INFO - [2025-06-13T17:42:29.785+0200] {dag.py:2690} INFO - Sync 1 DAGs
[2025-06-13T17:42:29.839+0200] {logging_mixin.py:137} INFO - [2025-06-13T17:42:29.839+0200] {dag.py:3437} INFO - Setting next_dagrun for example_task_group_decorator to 2025-06-12T15:42:29.839433+00:00, run_after=2025-06-13T15:42:29.839433+00:00
[2025-06-13T17:42:29.925+0200] {processor.py:175} INFO - Processing /home/monica.fernandez/practica_creativa/venv-airflow/lib/python3.11/site-packages/airflow/example_dags/example_task_group_decorator.py took 0.254 seconds
[2025-06-13T17:43:22.315+0200] {processor.py:153} INFO - Started process (PID=50684) to work on /home/monica.fernandez/practica_creativa/venv-airflow/lib/python3.11/site-packages/airflow/example_dags/example_task_group_decorator.py
[2025-06-13T17:43:22.315+0200] {processor.py:743} INFO - Processing file /home/monica.fernandez/practica_creativa/venv-airflow/lib/python3.11/site-packages/airflow/example_dags/example_task_group_decorator.py for tasks to queue
[2025-06-13T17:43:22.316+0200] {logging_mixin.py:137} INFO - [2025-06-13T17:43:22.316+0200] {dagbag.py:538} INFO - Filling up the DagBag from /home/monica.fernandez/practica_creativa/venv-airflow/lib/python3.11/site-packages/airflow/example_dags/example_task_group_decorator.py
[2025-06-13T17:43:22.347+0200] {processor.py:753} INFO - DAG(s) dict_keys(['example_task_group_decorator']) retrieved from /home/monica.fernandez/practica_creativa/venv-airflow/lib/python3.11/site-packages/airflow/example_dags/example_task_group_decorator.py
[2025-06-13T17:43:22.378+0200] {logging_mixin.py:137} INFO - [2025-06-13T17:43:22.378+0200] {dag.py:2690} INFO - Sync 1 DAGs
[2025-06-13T17:43:22.410+0200] {logging_mixin.py:137} INFO - [2025-06-13T17:43:22.410+0200] {dag.py:3437} INFO - Setting next_dagrun for example_task_group_decorator to 2025-06-12T15:43:22.410566+00:00, run_after=2025-06-13T15:43:22.410566+00:00
[2025-06-13T17:43:22.581+0200] {processor.py:175} INFO - Processing /home/monica.fernandez/practica_creativa/venv-airflow/lib/python3.11/site-packages/airflow/example_dags/example_task_group_decorator.py took 0.270 seconds
[2025-06-13T17:44:02.275+0200] {processor.py:153} INFO - Started process (PID=50998) to work on /home/monica.fernandez/practica_creativa/venv-airflow/lib/python3.11/site-packages/airflow/example_dags/example_task_group_decorator.py
[2025-06-13T17:44:02.276+0200] {processor.py:743} INFO - Processing file /home/monica.fernandez/practica_creativa/venv-airflow/lib/python3.11/site-packages/airflow/example_dags/example_task_group_decorator.py for tasks to queue
[2025-06-13T17:44:02.276+0200] {logging_mixin.py:137} INFO - [2025-06-13T17:44:02.276+0200] {dagbag.py:538} INFO - Filling up the DagBag from /home/monica.fernandez/practica_creativa/venv-airflow/lib/python3.11/site-packages/airflow/example_dags/example_task_group_decorator.py
[2025-06-13T17:44:02.320+0200] {processor.py:753} INFO - DAG(s) dict_keys(['example_task_group_decorator']) retrieved from /home/monica.fernandez/practica_creativa/venv-airflow/lib/python3.11/site-packages/airflow/example_dags/example_task_group_decorator.py
[2025-06-13T17:44:02.365+0200] {logging_mixin.py:137} INFO - [2025-06-13T17:44:02.365+0200] {dag.py:2690} INFO - Sync 1 DAGs
[2025-06-13T17:44:02.508+0200] {logging_mixin.py:137} INFO - [2025-06-13T17:44:02.508+0200] {dag.py:3437} INFO - Setting next_dagrun for example_task_group_decorator to 2025-06-12T15:44:02.508597+00:00, run_after=2025-06-13T15:44:02.508597+00:00
[2025-06-13T17:44:02.565+0200] {processor.py:175} INFO - Processing /home/monica.fernandez/practica_creativa/venv-airflow/lib/python3.11/site-packages/airflow/example_dags/example_task_group_decorator.py took 0.294 seconds
[2025-06-13T17:44:49.414+0200] {processor.py:153} INFO - Started process (PID=51757) to work on /home/monica.fernandez/practica_creativa/venv-airflow/lib/python3.11/site-packages/airflow/example_dags/example_task_group_decorator.py
[2025-06-13T17:44:49.416+0200] {processor.py:743} INFO - Processing file /home/monica.fernandez/practica_creativa/venv-airflow/lib/python3.11/site-packages/airflow/example_dags/example_task_group_decorator.py for tasks to queue
[2025-06-13T17:44:49.416+0200] {logging_mixin.py:137} INFO - [2025-06-13T17:44:49.416+0200] {dagbag.py:538} INFO - Filling up the DagBag from /home/monica.fernandez/practica_creativa/venv-airflow/lib/python3.11/site-packages/airflow/example_dags/example_task_group_decorator.py
[2025-06-13T17:44:49.474+0200] {processor.py:753} INFO - DAG(s) dict_keys(['example_task_group_decorator']) retrieved from /home/monica.fernandez/practica_creativa/venv-airflow/lib/python3.11/site-packages/airflow/example_dags/example_task_group_decorator.py
[2025-06-13T17:44:49.506+0200] {logging_mixin.py:137} INFO - [2025-06-13T17:44:49.506+0200] {dag.py:2690} INFO - Sync 1 DAGs
[2025-06-13T17:44:49.636+0200] {logging_mixin.py:137} INFO - [2025-06-13T17:44:49.635+0200] {dag.py:3437} INFO - Setting next_dagrun for example_task_group_decorator to 2025-06-12T15:44:49.635788+00:00, run_after=2025-06-13T15:44:49.635788+00:00
[2025-06-13T17:44:49.690+0200] {processor.py:175} INFO - Processing /home/monica.fernandez/practica_creativa/venv-airflow/lib/python3.11/site-packages/airflow/example_dags/example_task_group_decorator.py took 0.281 seconds
[2025-06-13T17:45:34.796+0200] {processor.py:153} INFO - Started process (PID=52178) to work on /home/monica.fernandez/practica_creativa/venv-airflow/lib/python3.11/site-packages/airflow/example_dags/example_task_group_decorator.py
[2025-06-13T17:45:34.797+0200] {processor.py:743} INFO - Processing file /home/monica.fernandez/practica_creativa/venv-airflow/lib/python3.11/site-packages/airflow/example_dags/example_task_group_decorator.py for tasks to queue
[2025-06-13T17:45:34.797+0200] {logging_mixin.py:137} INFO - [2025-06-13T17:45:34.797+0200] {dagbag.py:538} INFO - Filling up the DagBag from /home/monica.fernandez/practica_creativa/venv-airflow/lib/python3.11/site-packages/airflow/example_dags/example_task_group_decorator.py
[2025-06-13T17:45:34.841+0200] {processor.py:753} INFO - DAG(s) dict_keys(['example_task_group_decorator']) retrieved from /home/monica.fernandez/practica_creativa/venv-airflow/lib/python3.11/site-packages/airflow/example_dags/example_task_group_decorator.py
[2025-06-13T17:45:34.987+0200] {logging_mixin.py:137} INFO - [2025-06-13T17:45:34.987+0200] {dag.py:2690} INFO - Sync 1 DAGs
[2025-06-13T17:45:35.012+0200] {logging_mixin.py:137} INFO - [2025-06-13T17:45:35.012+0200] {dag.py:3437} INFO - Setting next_dagrun for example_task_group_decorator to 2025-06-12T15:45:35.012475+00:00, run_after=2025-06-13T15:45:35.012475+00:00
[2025-06-13T17:45:35.065+0200] {processor.py:175} INFO - Processing /home/monica.fernandez/practica_creativa/venv-airflow/lib/python3.11/site-packages/airflow/example_dags/example_task_group_decorator.py took 0.273 seconds
[2025-06-13T17:46:21.060+0200] {processor.py:153} INFO - Started process (PID=52521) to work on /home/monica.fernandez/practica_creativa/venv-airflow/lib/python3.11/site-packages/airflow/example_dags/example_task_group_decorator.py
[2025-06-13T17:46:21.061+0200] {processor.py:743} INFO - Processing file /home/monica.fernandez/practica_creativa/venv-airflow/lib/python3.11/site-packages/airflow/example_dags/example_task_group_decorator.py for tasks to queue
[2025-06-13T17:46:21.062+0200] {logging_mixin.py:137} INFO - [2025-06-13T17:46:21.061+0200] {dagbag.py:538} INFO - Filling up the DagBag from /home/monica.fernandez/practica_creativa/venv-airflow/lib/python3.11/site-packages/airflow/example_dags/example_task_group_decorator.py
[2025-06-13T17:46:21.115+0200] {processor.py:753} INFO - DAG(s) dict_keys(['example_task_group_decorator']) retrieved from /home/monica.fernandez/practica_creativa/venv-airflow/lib/python3.11/site-packages/airflow/example_dags/example_task_group_decorator.py
[2025-06-13T17:46:21.272+0200] {logging_mixin.py:137} INFO - [2025-06-13T17:46:21.272+0200] {dag.py:2690} INFO - Sync 1 DAGs
[2025-06-13T17:46:21.295+0200] {logging_mixin.py:137} INFO - [2025-06-13T17:46:21.295+0200] {dag.py:3437} INFO - Setting next_dagrun for example_task_group_decorator to 2025-06-12T15:46:21.295600+00:00, run_after=2025-06-13T15:46:21.295600+00:00
[2025-06-13T17:46:21.347+0200] {processor.py:175} INFO - Processing /home/monica.fernandez/practica_creativa/venv-airflow/lib/python3.11/site-packages/airflow/example_dags/example_task_group_decorator.py took 0.291 seconds
[2025-06-13T17:47:05.475+0200] {processor.py:153} INFO - Started process (PID=52966) to work on /home/monica.fernandez/practica_creativa/venv-airflow/lib/python3.11/site-packages/airflow/example_dags/example_task_group_decorator.py
[2025-06-13T17:47:05.476+0200] {processor.py:743} INFO - Processing file /home/monica.fernandez/practica_creativa/venv-airflow/lib/python3.11/site-packages/airflow/example_dags/example_task_group_decorator.py for tasks to queue
[2025-06-13T17:47:05.477+0200] {logging_mixin.py:137} INFO - [2025-06-13T17:47:05.477+0200] {dagbag.py:538} INFO - Filling up the DagBag from /home/monica.fernandez/practica_creativa/venv-airflow/lib/python3.11/site-packages/airflow/example_dags/example_task_group_decorator.py
[2025-06-13T17:47:05.630+0200] {processor.py:753} INFO - DAG(s) dict_keys(['example_task_group_decorator']) retrieved from /home/monica.fernandez/practica_creativa/venv-airflow/lib/python3.11/site-packages/airflow/example_dags/example_task_group_decorator.py
[2025-06-13T17:47:05.657+0200] {logging_mixin.py:137} INFO - [2025-06-13T17:47:05.656+0200] {dag.py:2690} INFO - Sync 1 DAGs
[2025-06-13T17:47:05.681+0200] {logging_mixin.py:137} INFO - [2025-06-13T17:47:05.680+0200] {dag.py:3437} INFO - Setting next_dagrun for example_task_group_decorator to 2025-06-12T15:47:05.680794+00:00, run_after=2025-06-13T15:47:05.680794+00:00
[2025-06-13T17:47:05.745+0200] {processor.py:175} INFO - Processing /home/monica.fernandez/practica_creativa/venv-airflow/lib/python3.11/site-packages/airflow/example_dags/example_task_group_decorator.py took 0.275 seconds
[2025-06-13T17:47:46.719+0200] {processor.py:153} INFO - Started process (PID=53313) to work on /home/monica.fernandez/practica_creativa/venv-airflow/lib/python3.11/site-packages/airflow/example_dags/example_task_group_decorator.py
[2025-06-13T17:47:46.720+0200] {processor.py:743} INFO - Processing file /home/monica.fernandez/practica_creativa/venv-airflow/lib/python3.11/site-packages/airflow/example_dags/example_task_group_decorator.py for tasks to queue
[2025-06-13T17:47:46.721+0200] {logging_mixin.py:137} INFO - [2025-06-13T17:47:46.721+0200] {dagbag.py:538} INFO - Filling up the DagBag from /home/monica.fernandez/practica_creativa/venv-airflow/lib/python3.11/site-packages/airflow/example_dags/example_task_group_decorator.py
[2025-06-13T17:47:46.767+0200] {processor.py:753} INFO - DAG(s) dict_keys(['example_task_group_decorator']) retrieved from /home/monica.fernandez/practica_creativa/venv-airflow/lib/python3.11/site-packages/airflow/example_dags/example_task_group_decorator.py
[2025-06-13T17:47:46.805+0200] {logging_mixin.py:137} INFO - [2025-06-13T17:47:46.805+0200] {dag.py:2690} INFO - Sync 1 DAGs
[2025-06-13T17:47:46.829+0200] {logging_mixin.py:137} INFO - [2025-06-13T17:47:46.829+0200] {dag.py:3437} INFO - Setting next_dagrun for example_task_group_decorator to 2025-06-12T15:47:46.828788+00:00, run_after=2025-06-13T15:47:46.828788+00:00
[2025-06-13T17:47:46.885+0200] {processor.py:175} INFO - Processing /home/monica.fernandez/practica_creativa/venv-airflow/lib/python3.11/site-packages/airflow/example_dags/example_task_group_decorator.py took 0.170 seconds
[2025-06-13T17:48:41.539+0200] {processor.py:153} INFO - Started process (PID=53805) to work on /home/monica.fernandez/practica_creativa/venv-airflow/lib/python3.11/site-packages/airflow/example_dags/example_task_group_decorator.py
[2025-06-13T17:48:41.540+0200] {processor.py:743} INFO - Processing file /home/monica.fernandez/practica_creativa/venv-airflow/lib/python3.11/site-packages/airflow/example_dags/example_task_group_decorator.py for tasks to queue
[2025-06-13T17:48:41.540+0200] {logging_mixin.py:137} INFO - [2025-06-13T17:48:41.540+0200] {dagbag.py:538} INFO - Filling up the DagBag from /home/monica.fernandez/practica_creativa/venv-airflow/lib/python3.11/site-packages/airflow/example_dags/example_task_group_decorator.py
[2025-06-13T17:48:41.584+0200] {processor.py:753} INFO - DAG(s) dict_keys(['example_task_group_decorator']) retrieved from /home/monica.fernandez/practica_creativa/venv-airflow/lib/python3.11/site-packages/airflow/example_dags/example_task_group_decorator.py
[2025-06-13T17:48:41.618+0200] {logging_mixin.py:137} INFO - [2025-06-13T17:48:41.618+0200] {dag.py:2690} INFO - Sync 1 DAGs
[2025-06-13T17:48:41.649+0200] {logging_mixin.py:137} INFO - [2025-06-13T17:48:41.649+0200] {dag.py:3437} INFO - Setting next_dagrun for example_task_group_decorator to 2025-06-12T15:48:41.649415+00:00, run_after=2025-06-13T15:48:41.649415+00:00
[2025-06-13T17:48:41.985+0200] {processor.py:175} INFO - Processing /home/monica.fernandez/practica_creativa/venv-airflow/lib/python3.11/site-packages/airflow/example_dags/example_task_group_decorator.py took 0.449 seconds
[2025-06-13T17:49:39.195+0200] {processor.py:153} INFO - Started process (PID=54329) to work on /home/monica.fernandez/practica_creativa/venv-airflow/lib/python3.11/site-packages/airflow/example_dags/example_task_group_decorator.py
[2025-06-13T17:49:39.196+0200] {processor.py:743} INFO - Processing file /home/monica.fernandez/practica_creativa/venv-airflow/lib/python3.11/site-packages/airflow/example_dags/example_task_group_decorator.py for tasks to queue
[2025-06-13T17:49:39.196+0200] {logging_mixin.py:137} INFO - [2025-06-13T17:49:39.196+0200] {dagbag.py:538} INFO - Filling up the DagBag from /home/monica.fernandez/practica_creativa/venv-airflow/lib/python3.11/site-packages/airflow/example_dags/example_task_group_decorator.py
[2025-06-13T17:49:39.243+0200] {processor.py:753} INFO - DAG(s) dict_keys(['example_task_group_decorator']) retrieved from /home/monica.fernandez/practica_creativa/venv-airflow/lib/python3.11/site-packages/airflow/example_dags/example_task_group_decorator.py
[2025-06-13T17:49:39.282+0200] {logging_mixin.py:137} INFO - [2025-06-13T17:49:39.282+0200] {dag.py:2690} INFO - Sync 1 DAGs
[2025-06-13T17:49:39.442+0200] {logging_mixin.py:137} INFO - [2025-06-13T17:49:39.442+0200] {dag.py:3437} INFO - Setting next_dagrun for example_task_group_decorator to 2025-06-12T15:49:39.441972+00:00, run_after=2025-06-13T15:49:39.441972+00:00
[2025-06-13T17:49:39.497+0200] {processor.py:175} INFO - Processing /home/monica.fernandez/practica_creativa/venv-airflow/lib/python3.11/site-packages/airflow/example_dags/example_task_group_decorator.py took 0.307 seconds
[2025-06-13T17:50:23.168+0200] {processor.py:153} INFO - Started process (PID=54729) to work on /home/monica.fernandez/practica_creativa/venv-airflow/lib/python3.11/site-packages/airflow/example_dags/example_task_group_decorator.py
[2025-06-13T17:50:23.168+0200] {processor.py:743} INFO - Processing file /home/monica.fernandez/practica_creativa/venv-airflow/lib/python3.11/site-packages/airflow/example_dags/example_task_group_decorator.py for tasks to queue
[2025-06-13T17:50:23.169+0200] {logging_mixin.py:137} INFO - [2025-06-13T17:50:23.169+0200] {dagbag.py:538} INFO - Filling up the DagBag from /home/monica.fernandez/practica_creativa/venv-airflow/lib/python3.11/site-packages/airflow/example_dags/example_task_group_decorator.py
[2025-06-13T17:50:23.211+0200] {processor.py:753} INFO - DAG(s) dict_keys(['example_task_group_decorator']) retrieved from /home/monica.fernandez/practica_creativa/venv-airflow/lib/python3.11/site-packages/airflow/example_dags/example_task_group_decorator.py
[2025-06-13T17:50:23.252+0200] {logging_mixin.py:137} INFO - [2025-06-13T17:50:23.252+0200] {dag.py:2690} INFO - Sync 1 DAGs
[2025-06-13T17:50:23.409+0200] {logging_mixin.py:137} INFO - [2025-06-13T17:50:23.409+0200] {dag.py:3437} INFO - Setting next_dagrun for example_task_group_decorator to 2025-06-12T15:50:23.408910+00:00, run_after=2025-06-13T15:50:23.408910+00:00
[2025-06-13T17:50:23.475+0200] {processor.py:175} INFO - Processing /home/monica.fernandez/practica_creativa/venv-airflow/lib/python3.11/site-packages/airflow/example_dags/example_task_group_decorator.py took 0.310 seconds
