[2025-06-13T17:01:34.687+0200] {processor.py:153} INFO - Started process (PID=26381) to work on /home/monica.fernandez/practica_creativa/venv-airflow/lib/python3.11/site-packages/airflow/example_dags/example_branch_operator.py
[2025-06-13T17:01:34.688+0200] {processor.py:743} INFO - Processing file /home/monica.fernandez/practica_creativa/venv-airflow/lib/python3.11/site-packages/airflow/example_dags/example_branch_operator.py for tasks to queue
[2025-06-13T17:01:34.688+0200] {logging_mixin.py:137} INFO - [2025-06-13T17:01:34.688+0200] {dagbag.py:538} INFO - Filling up the DagBag from /home/monica.fernandez/practica_creativa/venv-airflow/lib/python3.11/site-packages/airflow/example_dags/example_branch_operator.py
[2025-06-13T17:01:34.716+0200] {processor.py:753} INFO - DAG(s) dict_keys(['example_branch_operator']) retrieved from /home/monica.fernandez/practica_creativa/venv-airflow/lib/python3.11/site-packages/airflow/example_dags/example_branch_operator.py
[2025-06-13T17:01:34.786+0200] {logging_mixin.py:137} INFO - [2025-06-13T17:01:34.785+0200] {dag.py:2690} INFO - Sync 1 DAGs
[2025-06-13T17:01:34.844+0200] {logging_mixin.py:137} INFO - [2025-06-13T17:01:34.843+0200] {dag.py:3437} INFO - Setting next_dagrun for example_branch_operator to 2025-06-12T00:00:00+00:00, run_after=2025-06-13T00:00:00+00:00
[2025-06-13T17:01:34.939+0200] {processor.py:175} INFO - Processing /home/monica.fernandez/practica_creativa/venv-airflow/lib/python3.11/site-packages/airflow/example_dags/example_branch_operator.py took 0.259 seconds
[2025-06-13T17:02:26.473+0200] {processor.py:153} INFO - Started process (PID=26843) to work on /home/monica.fernandez/practica_creativa/venv-airflow/lib/python3.11/site-packages/airflow/example_dags/example_branch_operator.py
[2025-06-13T17:02:26.474+0200] {processor.py:743} INFO - Processing file /home/monica.fernandez/practica_creativa/venv-airflow/lib/python3.11/site-packages/airflow/example_dags/example_branch_operator.py for tasks to queue
[2025-06-13T17:02:26.474+0200] {logging_mixin.py:137} INFO - [2025-06-13T17:02:26.474+0200] {dagbag.py:538} INFO - Filling up the DagBag from /home/monica.fernandez/practica_creativa/venv-airflow/lib/python3.11/site-packages/airflow/example_dags/example_branch_operator.py
[2025-06-13T17:02:26.488+0200] {processor.py:753} INFO - DAG(s) dict_keys(['example_branch_operator']) retrieved from /home/monica.fernandez/practica_creativa/venv-airflow/lib/python3.11/site-packages/airflow/example_dags/example_branch_operator.py
[2025-06-13T17:02:26.553+0200] {logging_mixin.py:137} INFO - [2025-06-13T17:02:26.553+0200] {dag.py:2690} INFO - Sync 1 DAGs
[2025-06-13T17:02:26.602+0200] {logging_mixin.py:137} INFO - [2025-06-13T17:02:26.601+0200] {dag.py:3437} INFO - Setting next_dagrun for example_branch_operator to 2025-06-12T00:00:00+00:00, run_after=2025-06-13T00:00:00+00:00
[2025-06-13T17:02:26.674+0200] {processor.py:175} INFO - Processing /home/monica.fernandez/practica_creativa/venv-airflow/lib/python3.11/site-packages/airflow/example_dags/example_branch_operator.py took 0.205 seconds
[2025-06-13T17:03:23.402+0200] {processor.py:153} INFO - Started process (PID=27290) to work on /home/monica.fernandez/practica_creativa/venv-airflow/lib/python3.11/site-packages/airflow/example_dags/example_branch_operator.py
[2025-06-13T17:03:23.405+0200] {processor.py:743} INFO - Processing file /home/monica.fernandez/practica_creativa/venv-airflow/lib/python3.11/site-packages/airflow/example_dags/example_branch_operator.py for tasks to queue
[2025-06-13T17:03:23.405+0200] {logging_mixin.py:137} INFO - [2025-06-13T17:03:23.405+0200] {dagbag.py:538} INFO - Filling up the DagBag from /home/monica.fernandez/practica_creativa/venv-airflow/lib/python3.11/site-packages/airflow/example_dags/example_branch_operator.py
[2025-06-13T17:03:23.428+0200] {processor.py:753} INFO - DAG(s) dict_keys(['example_branch_operator']) retrieved from /home/monica.fernandez/practica_creativa/venv-airflow/lib/python3.11/site-packages/airflow/example_dags/example_branch_operator.py
[2025-06-13T17:03:23.467+0200] {logging_mixin.py:137} INFO - [2025-06-13T17:03:23.467+0200] {dag.py:2690} INFO - Sync 1 DAGs
[2025-06-13T17:03:23.498+0200] {logging_mixin.py:137} INFO - [2025-06-13T17:03:23.498+0200] {dag.py:3437} INFO - Setting next_dagrun for example_branch_operator to 2025-06-12T00:00:00+00:00, run_after=2025-06-13T00:00:00+00:00
[2025-06-13T17:03:23.575+0200] {processor.py:175} INFO - Processing /home/monica.fernandez/practica_creativa/venv-airflow/lib/python3.11/site-packages/airflow/example_dags/example_branch_operator.py took 0.180 seconds
[2025-06-13T17:04:32.282+0200] {processor.py:153} INFO - Started process (PID=28588) to work on /home/monica.fernandez/practica_creativa/venv-airflow/lib/python3.11/site-packages/airflow/example_dags/example_branch_operator.py
[2025-06-13T17:04:32.283+0200] {processor.py:743} INFO - Processing file /home/monica.fernandez/practica_creativa/venv-airflow/lib/python3.11/site-packages/airflow/example_dags/example_branch_operator.py for tasks to queue
[2025-06-13T17:04:32.284+0200] {logging_mixin.py:137} INFO - [2025-06-13T17:04:32.283+0200] {dagbag.py:538} INFO - Filling up the DagBag from /home/monica.fernandez/practica_creativa/venv-airflow/lib/python3.11/site-packages/airflow/example_dags/example_branch_operator.py
[2025-06-13T17:04:32.300+0200] {processor.py:753} INFO - DAG(s) dict_keys(['example_branch_operator']) retrieved from /home/monica.fernandez/practica_creativa/venv-airflow/lib/python3.11/site-packages/airflow/example_dags/example_branch_operator.py
[2025-06-13T17:04:32.338+0200] {logging_mixin.py:137} INFO - [2025-06-13T17:04:32.338+0200] {dag.py:2690} INFO - Sync 1 DAGs
[2025-06-13T17:04:32.370+0200] {logging_mixin.py:137} INFO - [2025-06-13T17:04:32.369+0200] {dag.py:3437} INFO - Setting next_dagrun for example_branch_operator to 2025-06-12T00:00:00+00:00, run_after=2025-06-13T00:00:00+00:00
[2025-06-13T17:04:32.438+0200] {processor.py:175} INFO - Processing /home/monica.fernandez/practica_creativa/venv-airflow/lib/python3.11/site-packages/airflow/example_dags/example_branch_operator.py took 0.160 seconds
[2025-06-13T17:06:13.604+0200] {processor.py:153} INFO - Started process (PID=29623) to work on /home/monica.fernandez/practica_creativa/venv-airflow/lib/python3.11/site-packages/airflow/example_dags/example_branch_operator.py
[2025-06-13T17:06:13.605+0200] {processor.py:743} INFO - Processing file /home/monica.fernandez/practica_creativa/venv-airflow/lib/python3.11/site-packages/airflow/example_dags/example_branch_operator.py for tasks to queue
[2025-06-13T17:06:13.605+0200] {logging_mixin.py:137} INFO - [2025-06-13T17:06:13.605+0200] {dagbag.py:538} INFO - Filling up the DagBag from /home/monica.fernandez/practica_creativa/venv-airflow/lib/python3.11/site-packages/airflow/example_dags/example_branch_operator.py
[2025-06-13T17:06:13.616+0200] {processor.py:753} INFO - DAG(s) dict_keys(['example_branch_operator']) retrieved from /home/monica.fernandez/practica_creativa/venv-airflow/lib/python3.11/site-packages/airflow/example_dags/example_branch_operator.py
[2025-06-13T17:06:13.646+0200] {logging_mixin.py:137} INFO - [2025-06-13T17:06:13.645+0200] {dag.py:2690} INFO - Sync 1 DAGs
[2025-06-13T17:06:13.672+0200] {logging_mixin.py:137} INFO - [2025-06-13T17:06:13.672+0200] {dag.py:3437} INFO - Setting next_dagrun for example_branch_operator to 2025-06-12T00:00:00+00:00, run_after=2025-06-13T00:00:00+00:00
[2025-06-13T17:06:13.728+0200] {processor.py:175} INFO - Processing /home/monica.fernandez/practica_creativa/venv-airflow/lib/python3.11/site-packages/airflow/example_dags/example_branch_operator.py took 0.127 seconds
[2025-06-13T17:07:20.042+0200] {processor.py:153} INFO - Started process (PID=30159) to work on /home/monica.fernandez/practica_creativa/venv-airflow/lib/python3.11/site-packages/airflow/example_dags/example_branch_operator.py
[2025-06-13T17:07:20.043+0200] {processor.py:743} INFO - Processing file /home/monica.fernandez/practica_creativa/venv-airflow/lib/python3.11/site-packages/airflow/example_dags/example_branch_operator.py for tasks to queue
[2025-06-13T17:07:20.043+0200] {logging_mixin.py:137} INFO - [2025-06-13T17:07:20.043+0200] {dagbag.py:538} INFO - Filling up the DagBag from /home/monica.fernandez/practica_creativa/venv-airflow/lib/python3.11/site-packages/airflow/example_dags/example_branch_operator.py
[2025-06-13T17:07:20.080+0200] {processor.py:753} INFO - DAG(s) dict_keys(['example_branch_operator']) retrieved from /home/monica.fernandez/practica_creativa/venv-airflow/lib/python3.11/site-packages/airflow/example_dags/example_branch_operator.py
[2025-06-13T17:07:20.180+0200] {logging_mixin.py:137} INFO - [2025-06-13T17:07:20.180+0200] {dag.py:2690} INFO - Sync 1 DAGs
[2025-06-13T17:07:20.229+0200] {logging_mixin.py:137} INFO - [2025-06-13T17:07:20.229+0200] {dag.py:3437} INFO - Setting next_dagrun for example_branch_operator to 2025-06-12T00:00:00+00:00, run_after=2025-06-13T00:00:00+00:00
[2025-06-13T17:07:20.367+0200] {processor.py:175} INFO - Processing /home/monica.fernandez/practica_creativa/venv-airflow/lib/python3.11/site-packages/airflow/example_dags/example_branch_operator.py took 0.330 seconds
[2025-06-13T17:08:20.046+0200] {processor.py:153} INFO - Started process (PID=30633) to work on /home/monica.fernandez/practica_creativa/venv-airflow/lib/python3.11/site-packages/airflow/example_dags/example_branch_operator.py
[2025-06-13T17:08:20.048+0200] {processor.py:743} INFO - Processing file /home/monica.fernandez/practica_creativa/venv-airflow/lib/python3.11/site-packages/airflow/example_dags/example_branch_operator.py for tasks to queue
[2025-06-13T17:08:20.048+0200] {logging_mixin.py:137} INFO - [2025-06-13T17:08:20.048+0200] {dagbag.py:538} INFO - Filling up the DagBag from /home/monica.fernandez/practica_creativa/venv-airflow/lib/python3.11/site-packages/airflow/example_dags/example_branch_operator.py
[2025-06-13T17:08:20.065+0200] {processor.py:753} INFO - DAG(s) dict_keys(['example_branch_operator']) retrieved from /home/monica.fernandez/practica_creativa/venv-airflow/lib/python3.11/site-packages/airflow/example_dags/example_branch_operator.py
[2025-06-13T17:08:20.106+0200] {logging_mixin.py:137} INFO - [2025-06-13T17:08:20.106+0200] {dag.py:2690} INFO - Sync 1 DAGs
[2025-06-13T17:08:20.144+0200] {logging_mixin.py:137} INFO - [2025-06-13T17:08:20.144+0200] {dag.py:3437} INFO - Setting next_dagrun for example_branch_operator to 2025-06-12T00:00:00+00:00, run_after=2025-06-13T00:00:00+00:00
[2025-06-13T17:08:20.238+0200] {processor.py:175} INFO - Processing /home/monica.fernandez/practica_creativa/venv-airflow/lib/python3.11/site-packages/airflow/example_dags/example_branch_operator.py took 0.196 seconds
[2025-06-13T17:09:11.385+0200] {processor.py:153} INFO - Started process (PID=31148) to work on /home/monica.fernandez/practica_creativa/venv-airflow/lib/python3.11/site-packages/airflow/example_dags/example_branch_operator.py
[2025-06-13T17:09:11.386+0200] {processor.py:743} INFO - Processing file /home/monica.fernandez/practica_creativa/venv-airflow/lib/python3.11/site-packages/airflow/example_dags/example_branch_operator.py for tasks to queue
[2025-06-13T17:09:11.387+0200] {logging_mixin.py:137} INFO - [2025-06-13T17:09:11.387+0200] {dagbag.py:538} INFO - Filling up the DagBag from /home/monica.fernandez/practica_creativa/venv-airflow/lib/python3.11/site-packages/airflow/example_dags/example_branch_operator.py
[2025-06-13T17:09:11.404+0200] {processor.py:753} INFO - DAG(s) dict_keys(['example_branch_operator']) retrieved from /home/monica.fernandez/practica_creativa/venv-airflow/lib/python3.11/site-packages/airflow/example_dags/example_branch_operator.py
[2025-06-13T17:09:11.443+0200] {logging_mixin.py:137} INFO - [2025-06-13T17:09:11.443+0200] {dag.py:2690} INFO - Sync 1 DAGs
[2025-06-13T17:09:11.475+0200] {logging_mixin.py:137} INFO - [2025-06-13T17:09:11.475+0200] {dag.py:3437} INFO - Setting next_dagrun for example_branch_operator to 2025-06-12T00:00:00+00:00, run_after=2025-06-13T00:00:00+00:00
[2025-06-13T17:09:11.544+0200] {processor.py:175} INFO - Processing /home/monica.fernandez/practica_creativa/venv-airflow/lib/python3.11/site-packages/airflow/example_dags/example_branch_operator.py took 0.163 seconds
[2025-06-13T17:10:19.282+0200] {processor.py:153} INFO - Started process (PID=31755) to work on /home/monica.fernandez/practica_creativa/venv-airflow/lib/python3.11/site-packages/airflow/example_dags/example_branch_operator.py
[2025-06-13T17:10:19.284+0200] {processor.py:743} INFO - Processing file /home/monica.fernandez/practica_creativa/venv-airflow/lib/python3.11/site-packages/airflow/example_dags/example_branch_operator.py for tasks to queue
[2025-06-13T17:10:19.285+0200] {logging_mixin.py:137} INFO - [2025-06-13T17:10:19.285+0200] {dagbag.py:538} INFO - Filling up the DagBag from /home/monica.fernandez/practica_creativa/venv-airflow/lib/python3.11/site-packages/airflow/example_dags/example_branch_operator.py
[2025-06-13T17:10:19.319+0200] {processor.py:753} INFO - DAG(s) dict_keys(['example_branch_operator']) retrieved from /home/monica.fernandez/practica_creativa/venv-airflow/lib/python3.11/site-packages/airflow/example_dags/example_branch_operator.py
[2025-06-13T17:10:19.407+0200] {logging_mixin.py:137} INFO - [2025-06-13T17:10:19.407+0200] {dag.py:2690} INFO - Sync 1 DAGs
[2025-06-13T17:10:19.463+0200] {logging_mixin.py:137} INFO - [2025-06-13T17:10:19.463+0200] {dag.py:3437} INFO - Setting next_dagrun for example_branch_operator to 2025-06-12T00:00:00+00:00, run_after=2025-06-13T00:00:00+00:00
[2025-06-13T17:10:19.567+0200] {processor.py:175} INFO - Processing /home/monica.fernandez/practica_creativa/venv-airflow/lib/python3.11/site-packages/airflow/example_dags/example_branch_operator.py took 0.294 seconds
[2025-06-13T17:12:10.825+0200] {processor.py:153} INFO - Started process (PID=32936) to work on /home/monica.fernandez/practica_creativa/venv-airflow/lib/python3.11/site-packages/airflow/example_dags/example_branch_operator.py
[2025-06-13T17:12:10.826+0200] {processor.py:743} INFO - Processing file /home/monica.fernandez/practica_creativa/venv-airflow/lib/python3.11/site-packages/airflow/example_dags/example_branch_operator.py for tasks to queue
[2025-06-13T17:12:10.827+0200] {logging_mixin.py:137} INFO - [2025-06-13T17:12:10.827+0200] {dagbag.py:538} INFO - Filling up the DagBag from /home/monica.fernandez/practica_creativa/venv-airflow/lib/python3.11/site-packages/airflow/example_dags/example_branch_operator.py
[2025-06-13T17:12:10.843+0200] {processor.py:753} INFO - DAG(s) dict_keys(['example_branch_operator']) retrieved from /home/monica.fernandez/practica_creativa/venv-airflow/lib/python3.11/site-packages/airflow/example_dags/example_branch_operator.py
[2025-06-13T17:12:10.884+0200] {logging_mixin.py:137} INFO - [2025-06-13T17:12:10.884+0200] {dag.py:2690} INFO - Sync 1 DAGs
[2025-06-13T17:12:10.918+0200] {logging_mixin.py:137} INFO - [2025-06-13T17:12:10.918+0200] {dag.py:3437} INFO - Setting next_dagrun for example_branch_operator to 2025-06-12T00:00:00+00:00, run_after=2025-06-13T00:00:00+00:00
[2025-06-13T17:12:10.982+0200] {processor.py:175} INFO - Processing /home/monica.fernandez/practica_creativa/venv-airflow/lib/python3.11/site-packages/airflow/example_dags/example_branch_operator.py took 0.161 seconds
[2025-06-13T17:13:40.956+0200] {processor.py:153} INFO - Started process (PID=33692) to work on /home/monica.fernandez/practica_creativa/venv-airflow/lib/python3.11/site-packages/airflow/example_dags/example_branch_operator.py
[2025-06-13T17:13:40.957+0200] {processor.py:743} INFO - Processing file /home/monica.fernandez/practica_creativa/venv-airflow/lib/python3.11/site-packages/airflow/example_dags/example_branch_operator.py for tasks to queue
[2025-06-13T17:13:40.957+0200] {logging_mixin.py:137} INFO - [2025-06-13T17:13:40.957+0200] {dagbag.py:538} INFO - Filling up the DagBag from /home/monica.fernandez/practica_creativa/venv-airflow/lib/python3.11/site-packages/airflow/example_dags/example_branch_operator.py
[2025-06-13T17:13:40.985+0200] {processor.py:753} INFO - DAG(s) dict_keys(['example_branch_operator']) retrieved from /home/monica.fernandez/practica_creativa/venv-airflow/lib/python3.11/site-packages/airflow/example_dags/example_branch_operator.py
[2025-06-13T17:13:41.032+0200] {logging_mixin.py:137} INFO - [2025-06-13T17:13:41.032+0200] {dag.py:2690} INFO - Sync 1 DAGs
[2025-06-13T17:13:41.068+0200] {logging_mixin.py:137} INFO - [2025-06-13T17:13:41.068+0200] {dag.py:3437} INFO - Setting next_dagrun for example_branch_operator to 2025-06-12T00:00:00+00:00, run_after=2025-06-13T00:00:00+00:00
[2025-06-13T17:13:41.140+0200] {processor.py:175} INFO - Processing /home/monica.fernandez/practica_creativa/venv-airflow/lib/python3.11/site-packages/airflow/example_dags/example_branch_operator.py took 0.188 seconds
[2025-06-13T17:14:36.680+0200] {processor.py:153} INFO - Started process (PID=34176) to work on /home/monica.fernandez/practica_creativa/venv-airflow/lib/python3.11/site-packages/airflow/example_dags/example_branch_operator.py
[2025-06-13T17:14:36.681+0200] {processor.py:743} INFO - Processing file /home/monica.fernandez/practica_creativa/venv-airflow/lib/python3.11/site-packages/airflow/example_dags/example_branch_operator.py for tasks to queue
[2025-06-13T17:14:36.682+0200] {logging_mixin.py:137} INFO - [2025-06-13T17:14:36.682+0200] {dagbag.py:538} INFO - Filling up the DagBag from /home/monica.fernandez/practica_creativa/venv-airflow/lib/python3.11/site-packages/airflow/example_dags/example_branch_operator.py
[2025-06-13T17:14:36.714+0200] {processor.py:753} INFO - DAG(s) dict_keys(['example_branch_operator']) retrieved from /home/monica.fernandez/practica_creativa/venv-airflow/lib/python3.11/site-packages/airflow/example_dags/example_branch_operator.py
[2025-06-13T17:14:36.768+0200] {logging_mixin.py:137} INFO - [2025-06-13T17:14:36.768+0200] {dag.py:2690} INFO - Sync 1 DAGs
[2025-06-13T17:14:36.816+0200] {logging_mixin.py:137} INFO - [2025-06-13T17:14:36.816+0200] {dag.py:3437} INFO - Setting next_dagrun for example_branch_operator to 2025-06-12T00:00:00+00:00, run_after=2025-06-13T00:00:00+00:00
[2025-06-13T17:14:36.952+0200] {processor.py:175} INFO - Processing /home/monica.fernandez/practica_creativa/venv-airflow/lib/python3.11/site-packages/airflow/example_dags/example_branch_operator.py took 0.275 seconds
[2025-06-13T17:15:49.458+0200] {processor.py:153} INFO - Started process (PID=34837) to work on /home/monica.fernandez/practica_creativa/venv-airflow/lib/python3.11/site-packages/airflow/example_dags/example_branch_operator.py
[2025-06-13T17:15:49.461+0200] {processor.py:743} INFO - Processing file /home/monica.fernandez/practica_creativa/venv-airflow/lib/python3.11/site-packages/airflow/example_dags/example_branch_operator.py for tasks to queue
[2025-06-13T17:15:49.462+0200] {logging_mixin.py:137} INFO - [2025-06-13T17:15:49.462+0200] {dagbag.py:538} INFO - Filling up the DagBag from /home/monica.fernandez/practica_creativa/venv-airflow/lib/python3.11/site-packages/airflow/example_dags/example_branch_operator.py
[2025-06-13T17:15:49.488+0200] {processor.py:753} INFO - DAG(s) dict_keys(['example_branch_operator']) retrieved from /home/monica.fernandez/practica_creativa/venv-airflow/lib/python3.11/site-packages/airflow/example_dags/example_branch_operator.py
[2025-06-13T17:15:49.521+0200] {logging_mixin.py:137} INFO - [2025-06-13T17:15:49.521+0200] {dag.py:2690} INFO - Sync 1 DAGs
[2025-06-13T17:15:49.554+0200] {logging_mixin.py:137} INFO - [2025-06-13T17:15:49.554+0200] {dag.py:3437} INFO - Setting next_dagrun for example_branch_operator to 2025-06-12T00:00:00+00:00, run_after=2025-06-13T00:00:00+00:00
[2025-06-13T17:15:49.619+0200] {processor.py:175} INFO - Processing /home/monica.fernandez/practica_creativa/venv-airflow/lib/python3.11/site-packages/airflow/example_dags/example_branch_operator.py took 0.164 seconds
[2025-06-13T17:17:02.949+0200] {processor.py:153} INFO - Started process (PID=35459) to work on /home/monica.fernandez/practica_creativa/venv-airflow/lib/python3.11/site-packages/airflow/example_dags/example_branch_operator.py
[2025-06-13T17:17:02.951+0200] {processor.py:743} INFO - Processing file /home/monica.fernandez/practica_creativa/venv-airflow/lib/python3.11/site-packages/airflow/example_dags/example_branch_operator.py for tasks to queue
[2025-06-13T17:17:02.953+0200] {logging_mixin.py:137} INFO - [2025-06-13T17:17:02.953+0200] {dagbag.py:538} INFO - Filling up the DagBag from /home/monica.fernandez/practica_creativa/venv-airflow/lib/python3.11/site-packages/airflow/example_dags/example_branch_operator.py
[2025-06-13T17:17:03.026+0200] {processor.py:753} INFO - DAG(s) dict_keys(['example_branch_operator']) retrieved from /home/monica.fernandez/practica_creativa/venv-airflow/lib/python3.11/site-packages/airflow/example_dags/example_branch_operator.py
[2025-06-13T17:17:03.108+0200] {logging_mixin.py:137} INFO - [2025-06-13T17:17:03.108+0200] {dag.py:2690} INFO - Sync 1 DAGs
[2025-06-13T17:17:03.188+0200] {logging_mixin.py:137} INFO - [2025-06-13T17:17:03.186+0200] {dag.py:3437} INFO - Setting next_dagrun for example_branch_operator to 2025-06-12T00:00:00+00:00, run_after=2025-06-13T00:00:00+00:00
[2025-06-13T17:17:03.314+0200] {processor.py:175} INFO - Processing /home/monica.fernandez/practica_creativa/venv-airflow/lib/python3.11/site-packages/airflow/example_dags/example_branch_operator.py took 0.371 seconds
[2025-06-13T17:17:55.780+0200] {processor.py:153} INFO - Started process (PID=35934) to work on /home/monica.fernandez/practica_creativa/venv-airflow/lib/python3.11/site-packages/airflow/example_dags/example_branch_operator.py
[2025-06-13T17:17:55.781+0200] {processor.py:743} INFO - Processing file /home/monica.fernandez/practica_creativa/venv-airflow/lib/python3.11/site-packages/airflow/example_dags/example_branch_operator.py for tasks to queue
[2025-06-13T17:17:55.782+0200] {logging_mixin.py:137} INFO - [2025-06-13T17:17:55.782+0200] {dagbag.py:538} INFO - Filling up the DagBag from /home/monica.fernandez/practica_creativa/venv-airflow/lib/python3.11/site-packages/airflow/example_dags/example_branch_operator.py
[2025-06-13T17:17:55.815+0200] {processor.py:753} INFO - DAG(s) dict_keys(['example_branch_operator']) retrieved from /home/monica.fernandez/practica_creativa/venv-airflow/lib/python3.11/site-packages/airflow/example_dags/example_branch_operator.py
[2025-06-13T17:17:55.847+0200] {logging_mixin.py:137} INFO - [2025-06-13T17:17:55.847+0200] {dag.py:2690} INFO - Sync 1 DAGs
[2025-06-13T17:17:55.873+0200] {logging_mixin.py:137} INFO - [2025-06-13T17:17:55.873+0200] {dag.py:3437} INFO - Setting next_dagrun for example_branch_operator to 2025-06-12T00:00:00+00:00, run_after=2025-06-13T00:00:00+00:00
[2025-06-13T17:17:55.931+0200] {processor.py:175} INFO - Processing /home/monica.fernandez/practica_creativa/venv-airflow/lib/python3.11/site-packages/airflow/example_dags/example_branch_operator.py took 0.155 seconds
[2025-06-13T17:19:52.204+0200] {processor.py:153} INFO - Started process (PID=36957) to work on /home/monica.fernandez/practica_creativa/venv-airflow/lib/python3.11/site-packages/airflow/example_dags/example_branch_operator.py
[2025-06-13T17:19:52.205+0200] {processor.py:743} INFO - Processing file /home/monica.fernandez/practica_creativa/venv-airflow/lib/python3.11/site-packages/airflow/example_dags/example_branch_operator.py for tasks to queue
[2025-06-13T17:19:52.206+0200] {logging_mixin.py:137} INFO - [2025-06-13T17:19:52.206+0200] {dagbag.py:538} INFO - Filling up the DagBag from /home/monica.fernandez/practica_creativa/venv-airflow/lib/python3.11/site-packages/airflow/example_dags/example_branch_operator.py
[2025-06-13T17:19:52.279+0200] {processor.py:753} INFO - DAG(s) dict_keys(['example_branch_operator']) retrieved from /home/monica.fernandez/practica_creativa/venv-airflow/lib/python3.11/site-packages/airflow/example_dags/example_branch_operator.py
[2025-06-13T17:19:52.354+0200] {logging_mixin.py:137} INFO - [2025-06-13T17:19:52.354+0200] {dag.py:2690} INFO - Sync 1 DAGs
[2025-06-13T17:19:52.433+0200] {logging_mixin.py:137} INFO - [2025-06-13T17:19:52.432+0200] {dag.py:3437} INFO - Setting next_dagrun for example_branch_operator to 2025-06-12T00:00:00+00:00, run_after=2025-06-13T00:00:00+00:00
[2025-06-13T17:19:52.591+0200] {processor.py:175} INFO - Processing /home/monica.fernandez/practica_creativa/venv-airflow/lib/python3.11/site-packages/airflow/example_dags/example_branch_operator.py took 0.398 seconds
[2025-06-13T17:21:30.397+0200] {processor.py:153} INFO - Started process (PID=38083) to work on /home/monica.fernandez/practica_creativa/venv-airflow/lib/python3.11/site-packages/airflow/example_dags/example_branch_operator.py
[2025-06-13T17:21:30.399+0200] {processor.py:743} INFO - Processing file /home/monica.fernandez/practica_creativa/venv-airflow/lib/python3.11/site-packages/airflow/example_dags/example_branch_operator.py for tasks to queue
[2025-06-13T17:21:30.400+0200] {logging_mixin.py:137} INFO - [2025-06-13T17:21:30.400+0200] {dagbag.py:538} INFO - Filling up the DagBag from /home/monica.fernandez/practica_creativa/venv-airflow/lib/python3.11/site-packages/airflow/example_dags/example_branch_operator.py
[2025-06-13T17:21:30.430+0200] {processor.py:753} INFO - DAG(s) dict_keys(['example_branch_operator']) retrieved from /home/monica.fernandez/practica_creativa/venv-airflow/lib/python3.11/site-packages/airflow/example_dags/example_branch_operator.py
[2025-06-13T17:21:30.465+0200] {logging_mixin.py:137} INFO - [2025-06-13T17:21:30.464+0200] {dag.py:2690} INFO - Sync 1 DAGs
[2025-06-13T17:21:30.519+0200] {logging_mixin.py:137} INFO - [2025-06-13T17:21:30.519+0200] {dag.py:3437} INFO - Setting next_dagrun for example_branch_operator to 2025-06-12T00:00:00+00:00, run_after=2025-06-13T00:00:00+00:00
[2025-06-13T17:21:30.622+0200] {processor.py:175} INFO - Processing /home/monica.fernandez/practica_creativa/venv-airflow/lib/python3.11/site-packages/airflow/example_dags/example_branch_operator.py took 0.233 seconds
[2025-06-13T17:22:39.031+0200] {processor.py:153} INFO - Started process (PID=38669) to work on /home/monica.fernandez/practica_creativa/venv-airflow/lib/python3.11/site-packages/airflow/example_dags/example_branch_operator.py
[2025-06-13T17:22:39.033+0200] {processor.py:743} INFO - Processing file /home/monica.fernandez/practica_creativa/venv-airflow/lib/python3.11/site-packages/airflow/example_dags/example_branch_operator.py for tasks to queue
[2025-06-13T17:22:39.034+0200] {logging_mixin.py:137} INFO - [2025-06-13T17:22:39.033+0200] {dagbag.py:538} INFO - Filling up the DagBag from /home/monica.fernandez/practica_creativa/venv-airflow/lib/python3.11/site-packages/airflow/example_dags/example_branch_operator.py
[2025-06-13T17:22:39.080+0200] {processor.py:753} INFO - DAG(s) dict_keys(['example_branch_operator']) retrieved from /home/monica.fernandez/practica_creativa/venv-airflow/lib/python3.11/site-packages/airflow/example_dags/example_branch_operator.py
[2025-06-13T17:22:39.110+0200] {logging_mixin.py:137} INFO - [2025-06-13T17:22:39.110+0200] {dag.py:2690} INFO - Sync 1 DAGs
[2025-06-13T17:22:39.145+0200] {logging_mixin.py:137} INFO - [2025-06-13T17:22:39.145+0200] {dag.py:3437} INFO - Setting next_dagrun for example_branch_operator to 2025-06-12T00:00:00+00:00, run_after=2025-06-13T00:00:00+00:00
[2025-06-13T17:22:39.229+0200] {processor.py:175} INFO - Processing /home/monica.fernandez/practica_creativa/venv-airflow/lib/python3.11/site-packages/airflow/example_dags/example_branch_operator.py took 0.202 seconds
[2025-06-13T17:23:54.234+0200] {processor.py:153} INFO - Started process (PID=39607) to work on /home/monica.fernandez/practica_creativa/venv-airflow/lib/python3.11/site-packages/airflow/example_dags/example_branch_operator.py
[2025-06-13T17:23:54.235+0200] {processor.py:743} INFO - Processing file /home/monica.fernandez/practica_creativa/venv-airflow/lib/python3.11/site-packages/airflow/example_dags/example_branch_operator.py for tasks to queue
[2025-06-13T17:23:54.236+0200] {logging_mixin.py:137} INFO - [2025-06-13T17:23:54.236+0200] {dagbag.py:538} INFO - Filling up the DagBag from /home/monica.fernandez/practica_creativa/venv-airflow/lib/python3.11/site-packages/airflow/example_dags/example_branch_operator.py
[2025-06-13T17:23:54.266+0200] {processor.py:753} INFO - DAG(s) dict_keys(['example_branch_operator']) retrieved from /home/monica.fernandez/practica_creativa/venv-airflow/lib/python3.11/site-packages/airflow/example_dags/example_branch_operator.py
[2025-06-13T17:23:54.302+0200] {logging_mixin.py:137} INFO - [2025-06-13T17:23:54.302+0200] {dag.py:2690} INFO - Sync 1 DAGs
[2025-06-13T17:23:54.339+0200] {logging_mixin.py:137} INFO - [2025-06-13T17:23:54.339+0200] {dag.py:3437} INFO - Setting next_dagrun for example_branch_operator to 2025-06-12T00:00:00+00:00, run_after=2025-06-13T00:00:00+00:00
[2025-06-13T17:23:54.402+0200] {processor.py:175} INFO - Processing /home/monica.fernandez/practica_creativa/venv-airflow/lib/python3.11/site-packages/airflow/example_dags/example_branch_operator.py took 0.171 seconds
[2025-06-13T17:24:45.476+0200] {processor.py:153} INFO - Started process (PID=40052) to work on /home/monica.fernandez/practica_creativa/venv-airflow/lib/python3.11/site-packages/airflow/example_dags/example_branch_operator.py
[2025-06-13T17:24:45.477+0200] {processor.py:743} INFO - Processing file /home/monica.fernandez/practica_creativa/venv-airflow/lib/python3.11/site-packages/airflow/example_dags/example_branch_operator.py for tasks to queue
[2025-06-13T17:24:45.478+0200] {logging_mixin.py:137} INFO - [2025-06-13T17:24:45.478+0200] {dagbag.py:538} INFO - Filling up the DagBag from /home/monica.fernandez/practica_creativa/venv-airflow/lib/python3.11/site-packages/airflow/example_dags/example_branch_operator.py
[2025-06-13T17:24:45.507+0200] {processor.py:753} INFO - DAG(s) dict_keys(['example_branch_operator']) retrieved from /home/monica.fernandez/practica_creativa/venv-airflow/lib/python3.11/site-packages/airflow/example_dags/example_branch_operator.py
[2025-06-13T17:24:45.547+0200] {logging_mixin.py:137} INFO - [2025-06-13T17:24:45.547+0200] {dag.py:2690} INFO - Sync 1 DAGs
[2025-06-13T17:24:45.584+0200] {logging_mixin.py:137} INFO - [2025-06-13T17:24:45.584+0200] {dag.py:3437} INFO - Setting next_dagrun for example_branch_operator to 2025-06-12T00:00:00+00:00, run_after=2025-06-13T00:00:00+00:00
[2025-06-13T17:24:45.656+0200] {processor.py:175} INFO - Processing /home/monica.fernandez/practica_creativa/venv-airflow/lib/python3.11/site-packages/airflow/example_dags/example_branch_operator.py took 0.183 seconds
[2025-06-13T17:26:49.805+0200] {processor.py:153} INFO - Started process (PID=41348) to work on /home/monica.fernandez/practica_creativa/venv-airflow/lib/python3.11/site-packages/airflow/example_dags/example_branch_operator.py
[2025-06-13T17:26:49.806+0200] {processor.py:743} INFO - Processing file /home/monica.fernandez/practica_creativa/venv-airflow/lib/python3.11/site-packages/airflow/example_dags/example_branch_operator.py for tasks to queue
[2025-06-13T17:26:49.806+0200] {logging_mixin.py:137} INFO - [2025-06-13T17:26:49.806+0200] {dagbag.py:538} INFO - Filling up the DagBag from /home/monica.fernandez/practica_creativa/venv-airflow/lib/python3.11/site-packages/airflow/example_dags/example_branch_operator.py
[2025-06-13T17:26:49.833+0200] {processor.py:753} INFO - DAG(s) dict_keys(['example_branch_operator']) retrieved from /home/monica.fernandez/practica_creativa/venv-airflow/lib/python3.11/site-packages/airflow/example_dags/example_branch_operator.py
[2025-06-13T17:26:49.874+0200] {logging_mixin.py:137} INFO - [2025-06-13T17:26:49.873+0200] {dag.py:2690} INFO - Sync 1 DAGs
[2025-06-13T17:26:49.916+0200] {logging_mixin.py:137} INFO - [2025-06-13T17:26:49.916+0200] {dag.py:3437} INFO - Setting next_dagrun for example_branch_operator to 2025-06-12T00:00:00+00:00, run_after=2025-06-13T00:00:00+00:00
[2025-06-13T17:26:49.982+0200] {processor.py:175} INFO - Processing /home/monica.fernandez/practica_creativa/venv-airflow/lib/python3.11/site-packages/airflow/example_dags/example_branch_operator.py took 0.181 seconds
[2025-06-13T17:27:45.085+0200] {processor.py:153} INFO - Started process (PID=41814) to work on /home/monica.fernandez/practica_creativa/venv-airflow/lib/python3.11/site-packages/airflow/example_dags/example_branch_operator.py
[2025-06-13T17:27:45.086+0200] {processor.py:743} INFO - Processing file /home/monica.fernandez/practica_creativa/venv-airflow/lib/python3.11/site-packages/airflow/example_dags/example_branch_operator.py for tasks to queue
[2025-06-13T17:27:45.088+0200] {logging_mixin.py:137} INFO - [2025-06-13T17:27:45.087+0200] {dagbag.py:538} INFO - Filling up the DagBag from /home/monica.fernandez/practica_creativa/venv-airflow/lib/python3.11/site-packages/airflow/example_dags/example_branch_operator.py
[2025-06-13T17:27:45.115+0200] {processor.py:753} INFO - DAG(s) dict_keys(['example_branch_operator']) retrieved from /home/monica.fernandez/practica_creativa/venv-airflow/lib/python3.11/site-packages/airflow/example_dags/example_branch_operator.py
[2025-06-13T17:27:45.152+0200] {logging_mixin.py:137} INFO - [2025-06-13T17:27:45.152+0200] {dag.py:2690} INFO - Sync 1 DAGs
[2025-06-13T17:27:45.189+0200] {logging_mixin.py:137} INFO - [2025-06-13T17:27:45.189+0200] {dag.py:3437} INFO - Setting next_dagrun for example_branch_operator to 2025-06-12T00:00:00+00:00, run_after=2025-06-13T00:00:00+00:00
[2025-06-13T17:27:45.259+0200] {processor.py:175} INFO - Processing /home/monica.fernandez/practica_creativa/venv-airflow/lib/python3.11/site-packages/airflow/example_dags/example_branch_operator.py took 0.178 seconds
[2025-06-13T17:28:48.601+0200] {processor.py:153} INFO - Started process (PID=42423) to work on /home/monica.fernandez/practica_creativa/venv-airflow/lib/python3.11/site-packages/airflow/example_dags/example_branch_operator.py
[2025-06-13T17:28:48.602+0200] {processor.py:743} INFO - Processing file /home/monica.fernandez/practica_creativa/venv-airflow/lib/python3.11/site-packages/airflow/example_dags/example_branch_operator.py for tasks to queue
[2025-06-13T17:28:48.602+0200] {logging_mixin.py:137} INFO - [2025-06-13T17:28:48.602+0200] {dagbag.py:538} INFO - Filling up the DagBag from /home/monica.fernandez/practica_creativa/venv-airflow/lib/python3.11/site-packages/airflow/example_dags/example_branch_operator.py
[2025-06-13T17:28:48.624+0200] {processor.py:753} INFO - DAG(s) dict_keys(['example_branch_operator']) retrieved from /home/monica.fernandez/practica_creativa/venv-airflow/lib/python3.11/site-packages/airflow/example_dags/example_branch_operator.py
[2025-06-13T17:28:48.652+0200] {logging_mixin.py:137} INFO - [2025-06-13T17:28:48.652+0200] {dag.py:2690} INFO - Sync 1 DAGs
[2025-06-13T17:28:48.677+0200] {logging_mixin.py:137} INFO - [2025-06-13T17:28:48.677+0200] {dag.py:3437} INFO - Setting next_dagrun for example_branch_operator to 2025-06-12T00:00:00+00:00, run_after=2025-06-13T00:00:00+00:00
[2025-06-13T17:28:48.730+0200] {processor.py:175} INFO - Processing /home/monica.fernandez/practica_creativa/venv-airflow/lib/python3.11/site-packages/airflow/example_dags/example_branch_operator.py took 0.131 seconds
[2025-06-13T17:29:58.166+0200] {processor.py:153} INFO - Started process (PID=43070) to work on /home/monica.fernandez/practica_creativa/venv-airflow/lib/python3.11/site-packages/airflow/example_dags/example_branch_operator.py
[2025-06-13T17:29:58.167+0200] {processor.py:743} INFO - Processing file /home/monica.fernandez/practica_creativa/venv-airflow/lib/python3.11/site-packages/airflow/example_dags/example_branch_operator.py for tasks to queue
[2025-06-13T17:29:58.170+0200] {logging_mixin.py:137} INFO - [2025-06-13T17:29:58.168+0200] {dagbag.py:538} INFO - Filling up the DagBag from /home/monica.fernandez/practica_creativa/venv-airflow/lib/python3.11/site-packages/airflow/example_dags/example_branch_operator.py
[2025-06-13T17:29:58.209+0200] {processor.py:753} INFO - DAG(s) dict_keys(['example_branch_operator']) retrieved from /home/monica.fernandez/practica_creativa/venv-airflow/lib/python3.11/site-packages/airflow/example_dags/example_branch_operator.py
[2025-06-13T17:29:58.269+0200] {logging_mixin.py:137} INFO - [2025-06-13T17:29:58.269+0200] {dag.py:2690} INFO - Sync 1 DAGs
[2025-06-13T17:29:58.342+0200] {logging_mixin.py:137} INFO - [2025-06-13T17:29:58.342+0200] {dag.py:3437} INFO - Setting next_dagrun for example_branch_operator to 2025-06-12T00:00:00+00:00, run_after=2025-06-13T00:00:00+00:00
[2025-06-13T17:29:58.481+0200] {processor.py:175} INFO - Processing /home/monica.fernandez/practica_creativa/venv-airflow/lib/python3.11/site-packages/airflow/example_dags/example_branch_operator.py took 0.320 seconds
[2025-06-13T17:32:00.662+0200] {processor.py:153} INFO - Started process (PID=44460) to work on /home/monica.fernandez/practica_creativa/venv-airflow/lib/python3.11/site-packages/airflow/example_dags/example_branch_operator.py
[2025-06-13T17:32:00.663+0200] {processor.py:743} INFO - Processing file /home/monica.fernandez/practica_creativa/venv-airflow/lib/python3.11/site-packages/airflow/example_dags/example_branch_operator.py for tasks to queue
[2025-06-13T17:32:00.664+0200] {logging_mixin.py:137} INFO - [2025-06-13T17:32:00.664+0200] {dagbag.py:538} INFO - Filling up the DagBag from /home/monica.fernandez/practica_creativa/venv-airflow/lib/python3.11/site-packages/airflow/example_dags/example_branch_operator.py
[2025-06-13T17:32:00.688+0200] {processor.py:753} INFO - DAG(s) dict_keys(['example_branch_operator']) retrieved from /home/monica.fernandez/practica_creativa/venv-airflow/lib/python3.11/site-packages/airflow/example_dags/example_branch_operator.py
[2025-06-13T17:32:00.739+0200] {logging_mixin.py:137} INFO - [2025-06-13T17:32:00.739+0200] {dag.py:2690} INFO - Sync 1 DAGs
[2025-06-13T17:32:00.772+0200] {logging_mixin.py:137} INFO - [2025-06-13T17:32:00.772+0200] {dag.py:3437} INFO - Setting next_dagrun for example_branch_operator to 2025-06-12T00:00:00+00:00, run_after=2025-06-13T00:00:00+00:00
[2025-06-13T17:32:00.838+0200] {processor.py:175} INFO - Processing /home/monica.fernandez/practica_creativa/venv-airflow/lib/python3.11/site-packages/airflow/example_dags/example_branch_operator.py took 0.178 seconds
[2025-06-13T17:33:05.236+0200] {processor.py:153} INFO - Started process (PID=45062) to work on /home/monica.fernandez/practica_creativa/venv-airflow/lib/python3.11/site-packages/airflow/example_dags/example_branch_operator.py
[2025-06-13T17:33:05.237+0200] {processor.py:743} INFO - Processing file /home/monica.fernandez/practica_creativa/venv-airflow/lib/python3.11/site-packages/airflow/example_dags/example_branch_operator.py for tasks to queue
[2025-06-13T17:33:05.237+0200] {logging_mixin.py:137} INFO - [2025-06-13T17:33:05.237+0200] {dagbag.py:538} INFO - Filling up the DagBag from /home/monica.fernandez/practica_creativa/venv-airflow/lib/python3.11/site-packages/airflow/example_dags/example_branch_operator.py
[2025-06-13T17:33:05.265+0200] {processor.py:753} INFO - DAG(s) dict_keys(['example_branch_operator']) retrieved from /home/monica.fernandez/practica_creativa/venv-airflow/lib/python3.11/site-packages/airflow/example_dags/example_branch_operator.py
[2025-06-13T17:33:05.298+0200] {logging_mixin.py:137} INFO - [2025-06-13T17:33:05.298+0200] {dag.py:2690} INFO - Sync 1 DAGs
[2025-06-13T17:33:05.332+0200] {logging_mixin.py:137} INFO - [2025-06-13T17:33:05.332+0200] {dag.py:3437} INFO - Setting next_dagrun for example_branch_operator to 2025-06-12T00:00:00+00:00, run_after=2025-06-13T00:00:00+00:00
[2025-06-13T17:33:05.395+0200] {processor.py:175} INFO - Processing /home/monica.fernandez/practica_creativa/venv-airflow/lib/python3.11/site-packages/airflow/example_dags/example_branch_operator.py took 0.162 seconds
[2025-06-13T17:34:07.113+0200] {processor.py:153} INFO - Started process (PID=45601) to work on /home/monica.fernandez/practica_creativa/venv-airflow/lib/python3.11/site-packages/airflow/example_dags/example_branch_operator.py
[2025-06-13T17:34:07.114+0200] {processor.py:743} INFO - Processing file /home/monica.fernandez/practica_creativa/venv-airflow/lib/python3.11/site-packages/airflow/example_dags/example_branch_operator.py for tasks to queue
[2025-06-13T17:34:07.115+0200] {logging_mixin.py:137} INFO - [2025-06-13T17:34:07.115+0200] {dagbag.py:538} INFO - Filling up the DagBag from /home/monica.fernandez/practica_creativa/venv-airflow/lib/python3.11/site-packages/airflow/example_dags/example_branch_operator.py
[2025-06-13T17:34:07.153+0200] {processor.py:753} INFO - DAG(s) dict_keys(['example_branch_operator']) retrieved from /home/monica.fernandez/practica_creativa/venv-airflow/lib/python3.11/site-packages/airflow/example_dags/example_branch_operator.py
[2025-06-13T17:34:07.197+0200] {logging_mixin.py:137} INFO - [2025-06-13T17:34:07.197+0200] {dag.py:2690} INFO - Sync 1 DAGs
[2025-06-13T17:34:07.223+0200] {logging_mixin.py:137} INFO - [2025-06-13T17:34:07.223+0200] {dag.py:3437} INFO - Setting next_dagrun for example_branch_operator to 2025-06-12T00:00:00+00:00, run_after=2025-06-13T00:00:00+00:00
[2025-06-13T17:34:07.281+0200] {processor.py:175} INFO - Processing /home/monica.fernandez/practica_creativa/venv-airflow/lib/python3.11/site-packages/airflow/example_dags/example_branch_operator.py took 0.173 seconds
[2025-06-13T17:35:04.732+0200] {processor.py:153} INFO - Started process (PID=46159) to work on /home/monica.fernandez/practica_creativa/venv-airflow/lib/python3.11/site-packages/airflow/example_dags/example_branch_operator.py
[2025-06-13T17:35:04.733+0200] {processor.py:743} INFO - Processing file /home/monica.fernandez/practica_creativa/venv-airflow/lib/python3.11/site-packages/airflow/example_dags/example_branch_operator.py for tasks to queue
[2025-06-13T17:35:04.734+0200] {logging_mixin.py:137} INFO - [2025-06-13T17:35:04.734+0200] {dagbag.py:538} INFO - Filling up the DagBag from /home/monica.fernandez/practica_creativa/venv-airflow/lib/python3.11/site-packages/airflow/example_dags/example_branch_operator.py
[2025-06-13T17:35:04.764+0200] {processor.py:753} INFO - DAG(s) dict_keys(['example_branch_operator']) retrieved from /home/monica.fernandez/practica_creativa/venv-airflow/lib/python3.11/site-packages/airflow/example_dags/example_branch_operator.py
[2025-06-13T17:35:04.804+0200] {logging_mixin.py:137} INFO - [2025-06-13T17:35:04.803+0200] {dag.py:2690} INFO - Sync 1 DAGs
[2025-06-13T17:35:04.838+0200] {logging_mixin.py:137} INFO - [2025-06-13T17:35:04.838+0200] {dag.py:3437} INFO - Setting next_dagrun for example_branch_operator to 2025-06-12T00:00:00+00:00, run_after=2025-06-13T00:00:00+00:00
[2025-06-13T17:35:04.914+0200] {processor.py:175} INFO - Processing /home/monica.fernandez/practica_creativa/venv-airflow/lib/python3.11/site-packages/airflow/example_dags/example_branch_operator.py took 0.186 seconds
[2025-06-13T17:36:34.828+0200] {processor.py:153} INFO - Started process (PID=47110) to work on /home/monica.fernandez/practica_creativa/venv-airflow/lib/python3.11/site-packages/airflow/example_dags/example_branch_operator.py
[2025-06-13T17:36:34.829+0200] {processor.py:743} INFO - Processing file /home/monica.fernandez/practica_creativa/venv-airflow/lib/python3.11/site-packages/airflow/example_dags/example_branch_operator.py for tasks to queue
[2025-06-13T17:36:34.830+0200] {logging_mixin.py:137} INFO - [2025-06-13T17:36:34.830+0200] {dagbag.py:538} INFO - Filling up the DagBag from /home/monica.fernandez/practica_creativa/venv-airflow/lib/python3.11/site-packages/airflow/example_dags/example_branch_operator.py
[2025-06-13T17:36:34.900+0200] {processor.py:753} INFO - DAG(s) dict_keys(['example_branch_operator']) retrieved from /home/monica.fernandez/practica_creativa/venv-airflow/lib/python3.11/site-packages/airflow/example_dags/example_branch_operator.py
[2025-06-13T17:36:34.949+0200] {logging_mixin.py:137} INFO - [2025-06-13T17:36:34.949+0200] {dag.py:2690} INFO - Sync 1 DAGs
[2025-06-13T17:36:35.009+0200] {logging_mixin.py:137} INFO - [2025-06-13T17:36:35.009+0200] {dag.py:3437} INFO - Setting next_dagrun for example_branch_operator to 2025-06-12T00:00:00+00:00, run_after=2025-06-13T00:00:00+00:00
[2025-06-13T17:36:35.096+0200] {processor.py:175} INFO - Processing /home/monica.fernandez/practica_creativa/venv-airflow/lib/python3.11/site-packages/airflow/example_dags/example_branch_operator.py took 0.271 seconds
[2025-06-13T17:37:42.139+0200] {processor.py:153} INFO - Started process (PID=47673) to work on /home/monica.fernandez/practica_creativa/venv-airflow/lib/python3.11/site-packages/airflow/example_dags/example_branch_operator.py
[2025-06-13T17:37:42.140+0200] {processor.py:743} INFO - Processing file /home/monica.fernandez/practica_creativa/venv-airflow/lib/python3.11/site-packages/airflow/example_dags/example_branch_operator.py for tasks to queue
[2025-06-13T17:37:42.141+0200] {logging_mixin.py:137} INFO - [2025-06-13T17:37:42.140+0200] {dagbag.py:538} INFO - Filling up the DagBag from /home/monica.fernandez/practica_creativa/venv-airflow/lib/python3.11/site-packages/airflow/example_dags/example_branch_operator.py
[2025-06-13T17:37:42.171+0200] {processor.py:753} INFO - DAG(s) dict_keys(['example_branch_operator']) retrieved from /home/monica.fernandez/practica_creativa/venv-airflow/lib/python3.11/site-packages/airflow/example_dags/example_branch_operator.py
[2025-06-13T17:37:42.209+0200] {logging_mixin.py:137} INFO - [2025-06-13T17:37:42.208+0200] {dag.py:2690} INFO - Sync 1 DAGs
[2025-06-13T17:37:42.245+0200] {logging_mixin.py:137} INFO - [2025-06-13T17:37:42.245+0200] {dag.py:3437} INFO - Setting next_dagrun for example_branch_operator to 2025-06-12T00:00:00+00:00, run_after=2025-06-13T00:00:00+00:00
[2025-06-13T17:37:42.313+0200] {processor.py:175} INFO - Processing /home/monica.fernandez/practica_creativa/venv-airflow/lib/python3.11/site-packages/airflow/example_dags/example_branch_operator.py took 0.179 seconds
[2025-06-13T17:38:41.805+0200] {processor.py:153} INFO - Started process (PID=48194) to work on /home/monica.fernandez/practica_creativa/venv-airflow/lib/python3.11/site-packages/airflow/example_dags/example_branch_operator.py
[2025-06-13T17:38:41.806+0200] {processor.py:743} INFO - Processing file /home/monica.fernandez/practica_creativa/venv-airflow/lib/python3.11/site-packages/airflow/example_dags/example_branch_operator.py for tasks to queue
[2025-06-13T17:38:41.807+0200] {logging_mixin.py:137} INFO - [2025-06-13T17:38:41.807+0200] {dagbag.py:538} INFO - Filling up the DagBag from /home/monica.fernandez/practica_creativa/venv-airflow/lib/python3.11/site-packages/airflow/example_dags/example_branch_operator.py
[2025-06-13T17:38:41.832+0200] {processor.py:753} INFO - DAG(s) dict_keys(['example_branch_operator']) retrieved from /home/monica.fernandez/practica_creativa/venv-airflow/lib/python3.11/site-packages/airflow/example_dags/example_branch_operator.py
[2025-06-13T17:38:41.864+0200] {logging_mixin.py:137} INFO - [2025-06-13T17:38:41.864+0200] {dag.py:2690} INFO - Sync 1 DAGs
[2025-06-13T17:38:41.893+0200] {logging_mixin.py:137} INFO - [2025-06-13T17:38:41.893+0200] {dag.py:3437} INFO - Setting next_dagrun for example_branch_operator to 2025-06-12T00:00:00+00:00, run_after=2025-06-13T00:00:00+00:00
[2025-06-13T17:38:41.958+0200] {processor.py:175} INFO - Processing /home/monica.fernandez/practica_creativa/venv-airflow/lib/python3.11/site-packages/airflow/example_dags/example_branch_operator.py took 0.156 seconds
[2025-06-13T17:39:33.864+0200] {processor.py:153} INFO - Started process (PID=48708) to work on /home/monica.fernandez/practica_creativa/venv-airflow/lib/python3.11/site-packages/airflow/example_dags/example_branch_operator.py
[2025-06-13T17:39:33.865+0200] {processor.py:743} INFO - Processing file /home/monica.fernandez/practica_creativa/venv-airflow/lib/python3.11/site-packages/airflow/example_dags/example_branch_operator.py for tasks to queue
[2025-06-13T17:39:33.867+0200] {logging_mixin.py:137} INFO - [2025-06-13T17:39:33.867+0200] {dagbag.py:538} INFO - Filling up the DagBag from /home/monica.fernandez/practica_creativa/venv-airflow/lib/python3.11/site-packages/airflow/example_dags/example_branch_operator.py
[2025-06-13T17:39:33.907+0200] {processor.py:753} INFO - DAG(s) dict_keys(['example_branch_operator']) retrieved from /home/monica.fernandez/practica_creativa/venv-airflow/lib/python3.11/site-packages/airflow/example_dags/example_branch_operator.py
[2025-06-13T17:39:33.939+0200] {logging_mixin.py:137} INFO - [2025-06-13T17:39:33.939+0200] {dag.py:2690} INFO - Sync 1 DAGs
[2025-06-13T17:39:33.973+0200] {logging_mixin.py:137} INFO - [2025-06-13T17:39:33.973+0200] {dag.py:3437} INFO - Setting next_dagrun for example_branch_operator to 2025-06-12T00:00:00+00:00, run_after=2025-06-13T00:00:00+00:00
[2025-06-13T17:39:34.034+0200] {processor.py:175} INFO - Processing /home/monica.fernandez/practica_creativa/venv-airflow/lib/python3.11/site-packages/airflow/example_dags/example_branch_operator.py took 0.174 seconds
[2025-06-13T17:40:30.888+0200] {processor.py:153} INFO - Started process (PID=49134) to work on /home/monica.fernandez/practica_creativa/venv-airflow/lib/python3.11/site-packages/airflow/example_dags/example_branch_operator.py
[2025-06-13T17:40:30.889+0200] {processor.py:743} INFO - Processing file /home/monica.fernandez/practica_creativa/venv-airflow/lib/python3.11/site-packages/airflow/example_dags/example_branch_operator.py for tasks to queue
[2025-06-13T17:40:30.890+0200] {logging_mixin.py:137} INFO - [2025-06-13T17:40:30.889+0200] {dagbag.py:538} INFO - Filling up the DagBag from /home/monica.fernandez/practica_creativa/venv-airflow/lib/python3.11/site-packages/airflow/example_dags/example_branch_operator.py
[2025-06-13T17:40:30.910+0200] {processor.py:753} INFO - DAG(s) dict_keys(['example_branch_operator']) retrieved from /home/monica.fernandez/practica_creativa/venv-airflow/lib/python3.11/site-packages/airflow/example_dags/example_branch_operator.py
[2025-06-13T17:40:30.942+0200] {logging_mixin.py:137} INFO - [2025-06-13T17:40:30.942+0200] {dag.py:2690} INFO - Sync 1 DAGs
[2025-06-13T17:40:30.970+0200] {logging_mixin.py:137} INFO - [2025-06-13T17:40:30.970+0200] {dag.py:3437} INFO - Setting next_dagrun for example_branch_operator to 2025-06-12T00:00:00+00:00, run_after=2025-06-13T00:00:00+00:00
[2025-06-13T17:40:31.033+0200] {processor.py:175} INFO - Processing /home/monica.fernandez/practica_creativa/venv-airflow/lib/python3.11/site-packages/airflow/example_dags/example_branch_operator.py took 0.148 seconds
[2025-06-13T17:41:24.793+0200] {processor.py:153} INFO - Started process (PID=49626) to work on /home/monica.fernandez/practica_creativa/venv-airflow/lib/python3.11/site-packages/airflow/example_dags/example_branch_operator.py
[2025-06-13T17:41:24.794+0200] {processor.py:743} INFO - Processing file /home/monica.fernandez/practica_creativa/venv-airflow/lib/python3.11/site-packages/airflow/example_dags/example_branch_operator.py for tasks to queue
[2025-06-13T17:41:24.796+0200] {logging_mixin.py:137} INFO - [2025-06-13T17:41:24.795+0200] {dagbag.py:538} INFO - Filling up the DagBag from /home/monica.fernandez/practica_creativa/venv-airflow/lib/python3.11/site-packages/airflow/example_dags/example_branch_operator.py
[2025-06-13T17:41:24.818+0200] {processor.py:753} INFO - DAG(s) dict_keys(['example_branch_operator']) retrieved from /home/monica.fernandez/practica_creativa/venv-airflow/lib/python3.11/site-packages/airflow/example_dags/example_branch_operator.py
[2025-06-13T17:41:24.845+0200] {logging_mixin.py:137} INFO - [2025-06-13T17:41:24.845+0200] {dag.py:2690} INFO - Sync 1 DAGs
[2025-06-13T17:41:24.875+0200] {logging_mixin.py:137} INFO - [2025-06-13T17:41:24.875+0200] {dag.py:3437} INFO - Setting next_dagrun for example_branch_operator to 2025-06-12T00:00:00+00:00, run_after=2025-06-13T00:00:00+00:00
[2025-06-13T17:41:24.936+0200] {processor.py:175} INFO - Processing /home/monica.fernandez/practica_creativa/venv-airflow/lib/python3.11/site-packages/airflow/example_dags/example_branch_operator.py took 0.146 seconds
[2025-06-13T17:42:17.553+0200] {processor.py:153} INFO - Started process (PID=50068) to work on /home/monica.fernandez/practica_creativa/venv-airflow/lib/python3.11/site-packages/airflow/example_dags/example_branch_operator.py
[2025-06-13T17:42:17.554+0200] {processor.py:743} INFO - Processing file /home/monica.fernandez/practica_creativa/venv-airflow/lib/python3.11/site-packages/airflow/example_dags/example_branch_operator.py for tasks to queue
[2025-06-13T17:42:17.555+0200] {logging_mixin.py:137} INFO - [2025-06-13T17:42:17.555+0200] {dagbag.py:538} INFO - Filling up the DagBag from /home/monica.fernandez/practica_creativa/venv-airflow/lib/python3.11/site-packages/airflow/example_dags/example_branch_operator.py
[2025-06-13T17:42:17.588+0200] {processor.py:753} INFO - DAG(s) dict_keys(['example_branch_operator']) retrieved from /home/monica.fernandez/practica_creativa/venv-airflow/lib/python3.11/site-packages/airflow/example_dags/example_branch_operator.py
[2025-06-13T17:42:17.628+0200] {logging_mixin.py:137} INFO - [2025-06-13T17:42:17.628+0200] {dag.py:2690} INFO - Sync 1 DAGs
[2025-06-13T17:42:17.666+0200] {logging_mixin.py:137} INFO - [2025-06-13T17:42:17.666+0200] {dag.py:3437} INFO - Setting next_dagrun for example_branch_operator to 2025-06-12T00:00:00+00:00, run_after=2025-06-13T00:00:00+00:00
[2025-06-13T17:42:17.728+0200] {processor.py:175} INFO - Processing /home/monica.fernandez/practica_creativa/venv-airflow/lib/python3.11/site-packages/airflow/example_dags/example_branch_operator.py took 0.179 seconds
[2025-06-13T17:43:07.366+0200] {processor.py:153} INFO - Started process (PID=50563) to work on /home/monica.fernandez/practica_creativa/venv-airflow/lib/python3.11/site-packages/airflow/example_dags/example_branch_operator.py
[2025-06-13T17:43:07.368+0200] {processor.py:743} INFO - Processing file /home/monica.fernandez/practica_creativa/venv-airflow/lib/python3.11/site-packages/airflow/example_dags/example_branch_operator.py for tasks to queue
[2025-06-13T17:43:07.369+0200] {logging_mixin.py:137} INFO - [2025-06-13T17:43:07.369+0200] {dagbag.py:538} INFO - Filling up the DagBag from /home/monica.fernandez/practica_creativa/venv-airflow/lib/python3.11/site-packages/airflow/example_dags/example_branch_operator.py
[2025-06-13T17:43:07.401+0200] {processor.py:753} INFO - DAG(s) dict_keys(['example_branch_operator']) retrieved from /home/monica.fernandez/practica_creativa/venv-airflow/lib/python3.11/site-packages/airflow/example_dags/example_branch_operator.py
[2025-06-13T17:43:07.428+0200] {logging_mixin.py:137} INFO - [2025-06-13T17:43:07.428+0200] {dag.py:2690} INFO - Sync 1 DAGs
[2025-06-13T17:43:07.453+0200] {logging_mixin.py:137} INFO - [2025-06-13T17:43:07.453+0200] {dag.py:3437} INFO - Setting next_dagrun for example_branch_operator to 2025-06-12T00:00:00+00:00, run_after=2025-06-13T00:00:00+00:00
[2025-06-13T17:43:07.508+0200] {processor.py:175} INFO - Processing /home/monica.fernandez/practica_creativa/venv-airflow/lib/python3.11/site-packages/airflow/example_dags/example_branch_operator.py took 0.147 seconds
[2025-06-13T17:44:11.546+0200] {processor.py:153} INFO - Started process (PID=51447) to work on /home/monica.fernandez/practica_creativa/venv-airflow/lib/python3.11/site-packages/airflow/example_dags/example_branch_operator.py
[2025-06-13T17:44:11.547+0200] {processor.py:743} INFO - Processing file /home/monica.fernandez/practica_creativa/venv-airflow/lib/python3.11/site-packages/airflow/example_dags/example_branch_operator.py for tasks to queue
[2025-06-13T17:44:11.547+0200] {logging_mixin.py:137} INFO - [2025-06-13T17:44:11.547+0200] {dagbag.py:538} INFO - Filling up the DagBag from /home/monica.fernandez/practica_creativa/venv-airflow/lib/python3.11/site-packages/airflow/example_dags/example_branch_operator.py
[2025-06-13T17:44:11.579+0200] {processor.py:753} INFO - DAG(s) dict_keys(['example_branch_operator']) retrieved from /home/monica.fernandez/practica_creativa/venv-airflow/lib/python3.11/site-packages/airflow/example_dags/example_branch_operator.py
[2025-06-13T17:44:11.622+0200] {logging_mixin.py:137} INFO - [2025-06-13T17:44:11.622+0200] {dag.py:2690} INFO - Sync 1 DAGs
[2025-06-13T17:44:11.659+0200] {logging_mixin.py:137} INFO - [2025-06-13T17:44:11.658+0200] {dag.py:3437} INFO - Setting next_dagrun for example_branch_operator to 2025-06-12T00:00:00+00:00, run_after=2025-06-13T00:00:00+00:00
[2025-06-13T17:44:11.839+0200] {processor.py:175} INFO - Processing /home/monica.fernandez/practica_creativa/venv-airflow/lib/python3.11/site-packages/airflow/example_dags/example_branch_operator.py took 0.297 seconds
[2025-06-13T17:45:02.644+0200] {processor.py:153} INFO - Started process (PID=51878) to work on /home/monica.fernandez/practica_creativa/venv-airflow/lib/python3.11/site-packages/airflow/example_dags/example_branch_operator.py
[2025-06-13T17:45:02.644+0200] {processor.py:743} INFO - Processing file /home/monica.fernandez/practica_creativa/venv-airflow/lib/python3.11/site-packages/airflow/example_dags/example_branch_operator.py for tasks to queue
[2025-06-13T17:45:02.645+0200] {logging_mixin.py:137} INFO - [2025-06-13T17:45:02.645+0200] {dagbag.py:538} INFO - Filling up the DagBag from /home/monica.fernandez/practica_creativa/venv-airflow/lib/python3.11/site-packages/airflow/example_dags/example_branch_operator.py
[2025-06-13T17:45:02.667+0200] {processor.py:753} INFO - DAG(s) dict_keys(['example_branch_operator']) retrieved from /home/monica.fernandez/practica_creativa/venv-airflow/lib/python3.11/site-packages/airflow/example_dags/example_branch_operator.py
[2025-06-13T17:45:02.696+0200] {logging_mixin.py:137} INFO - [2025-06-13T17:45:02.696+0200] {dag.py:2690} INFO - Sync 1 DAGs
[2025-06-13T17:45:02.832+0200] {logging_mixin.py:137} INFO - [2025-06-13T17:45:02.832+0200] {dag.py:3437} INFO - Setting next_dagrun for example_branch_operator to 2025-06-12T00:00:00+00:00, run_after=2025-06-13T00:00:00+00:00
[2025-06-13T17:45:02.893+0200] {processor.py:175} INFO - Processing /home/monica.fernandez/practica_creativa/venv-airflow/lib/python3.11/site-packages/airflow/example_dags/example_branch_operator.py took 0.252 seconds
[2025-06-13T17:46:11.250+0200] {processor.py:153} INFO - Started process (PID=52473) to work on /home/monica.fernandez/practica_creativa/venv-airflow/lib/python3.11/site-packages/airflow/example_dags/example_branch_operator.py
[2025-06-13T17:46:11.252+0200] {processor.py:743} INFO - Processing file /home/monica.fernandez/practica_creativa/venv-airflow/lib/python3.11/site-packages/airflow/example_dags/example_branch_operator.py for tasks to queue
[2025-06-13T17:46:11.252+0200] {logging_mixin.py:137} INFO - [2025-06-13T17:46:11.252+0200] {dagbag.py:538} INFO - Filling up the DagBag from /home/monica.fernandez/practica_creativa/venv-airflow/lib/python3.11/site-packages/airflow/example_dags/example_branch_operator.py
[2025-06-13T17:46:11.285+0200] {processor.py:753} INFO - DAG(s) dict_keys(['example_branch_operator']) retrieved from /home/monica.fernandez/practica_creativa/venv-airflow/lib/python3.11/site-packages/airflow/example_dags/example_branch_operator.py
[2025-06-13T17:46:11.457+0200] {logging_mixin.py:137} INFO - [2025-06-13T17:46:11.457+0200] {dag.py:2690} INFO - Sync 1 DAGs
[2025-06-13T17:46:11.497+0200] {logging_mixin.py:137} INFO - [2025-06-13T17:46:11.497+0200] {dag.py:3437} INFO - Setting next_dagrun for example_branch_operator to 2025-06-12T00:00:00+00:00, run_after=2025-06-13T00:00:00+00:00
[2025-06-13T17:46:11.591+0200] {processor.py:175} INFO - Processing /home/monica.fernandez/practica_creativa/venv-airflow/lib/python3.11/site-packages/airflow/example_dags/example_branch_operator.py took 0.345 seconds
[2025-06-13T17:47:18.208+0200] {processor.py:153} INFO - Started process (PID=53029) to work on /home/monica.fernandez/practica_creativa/venv-airflow/lib/python3.11/site-packages/airflow/example_dags/example_branch_operator.py
[2025-06-13T17:47:18.209+0200] {processor.py:743} INFO - Processing file /home/monica.fernandez/practica_creativa/venv-airflow/lib/python3.11/site-packages/airflow/example_dags/example_branch_operator.py for tasks to queue
[2025-06-13T17:47:18.210+0200] {logging_mixin.py:137} INFO - [2025-06-13T17:47:18.209+0200] {dagbag.py:538} INFO - Filling up the DagBag from /home/monica.fernandez/practica_creativa/venv-airflow/lib/python3.11/site-packages/airflow/example_dags/example_branch_operator.py
[2025-06-13T17:47:18.243+0200] {processor.py:753} INFO - DAG(s) dict_keys(['example_branch_operator']) retrieved from /home/monica.fernandez/practica_creativa/venv-airflow/lib/python3.11/site-packages/airflow/example_dags/example_branch_operator.py
[2025-06-13T17:47:18.282+0200] {logging_mixin.py:137} INFO - [2025-06-13T17:47:18.282+0200] {dag.py:2690} INFO - Sync 1 DAGs
[2025-06-13T17:47:18.321+0200] {logging_mixin.py:137} INFO - [2025-06-13T17:47:18.321+0200] {dag.py:3437} INFO - Setting next_dagrun for example_branch_operator to 2025-06-12T00:00:00+00:00, run_after=2025-06-13T00:00:00+00:00
[2025-06-13T17:47:18.396+0200] {processor.py:175} INFO - Processing /home/monica.fernandez/practica_creativa/venv-airflow/lib/python3.11/site-packages/airflow/example_dags/example_branch_operator.py took 0.193 seconds
[2025-06-13T17:48:12.067+0200] {processor.py:153} INFO - Started process (PID=53532) to work on /home/monica.fernandez/practica_creativa/venv-airflow/lib/python3.11/site-packages/airflow/example_dags/example_branch_operator.py
[2025-06-13T17:48:12.068+0200] {processor.py:743} INFO - Processing file /home/monica.fernandez/practica_creativa/venv-airflow/lib/python3.11/site-packages/airflow/example_dags/example_branch_operator.py for tasks to queue
[2025-06-13T17:48:12.069+0200] {logging_mixin.py:137} INFO - [2025-06-13T17:48:12.069+0200] {dagbag.py:538} INFO - Filling up the DagBag from /home/monica.fernandez/practica_creativa/venv-airflow/lib/python3.11/site-packages/airflow/example_dags/example_branch_operator.py
[2025-06-13T17:48:12.099+0200] {processor.py:753} INFO - DAG(s) dict_keys(['example_branch_operator']) retrieved from /home/monica.fernandez/practica_creativa/venv-airflow/lib/python3.11/site-packages/airflow/example_dags/example_branch_operator.py
[2025-06-13T17:48:12.137+0200] {logging_mixin.py:137} INFO - [2025-06-13T17:48:12.137+0200] {dag.py:2690} INFO - Sync 1 DAGs
[2025-06-13T17:48:12.172+0200] {logging_mixin.py:137} INFO - [2025-06-13T17:48:12.172+0200] {dag.py:3437} INFO - Setting next_dagrun for example_branch_operator to 2025-06-12T00:00:00+00:00, run_after=2025-06-13T00:00:00+00:00
[2025-06-13T17:48:12.252+0200] {processor.py:175} INFO - Processing /home/monica.fernandez/practica_creativa/venv-airflow/lib/python3.11/site-packages/airflow/example_dags/example_branch_operator.py took 0.189 seconds
[2025-06-13T17:49:07.934+0200] {processor.py:153} INFO - Started process (PID=54043) to work on /home/monica.fernandez/practica_creativa/venv-airflow/lib/python3.11/site-packages/airflow/example_dags/example_branch_operator.py
[2025-06-13T17:49:07.935+0200] {processor.py:743} INFO - Processing file /home/monica.fernandez/practica_creativa/venv-airflow/lib/python3.11/site-packages/airflow/example_dags/example_branch_operator.py for tasks to queue
[2025-06-13T17:49:07.935+0200] {logging_mixin.py:137} INFO - [2025-06-13T17:49:07.935+0200] {dagbag.py:538} INFO - Filling up the DagBag from /home/monica.fernandez/practica_creativa/venv-airflow/lib/python3.11/site-packages/airflow/example_dags/example_branch_operator.py
[2025-06-13T17:49:07.978+0200] {processor.py:753} INFO - DAG(s) dict_keys(['example_branch_operator']) retrieved from /home/monica.fernandez/practica_creativa/venv-airflow/lib/python3.11/site-packages/airflow/example_dags/example_branch_operator.py
[2025-06-13T17:49:08.019+0200] {logging_mixin.py:137} INFO - [2025-06-13T17:49:08.019+0200] {dag.py:2690} INFO - Sync 1 DAGs
[2025-06-13T17:49:08.060+0200] {logging_mixin.py:137} INFO - [2025-06-13T17:49:08.059+0200] {dag.py:3437} INFO - Setting next_dagrun for example_branch_operator to 2025-06-12T00:00:00+00:00, run_after=2025-06-13T00:00:00+00:00
[2025-06-13T17:49:08.162+0200] {processor.py:175} INFO - Processing /home/monica.fernandez/practica_creativa/venv-airflow/lib/python3.11/site-packages/airflow/example_dags/example_branch_operator.py took 0.231 seconds
[2025-06-13T17:50:13.757+0200] {processor.py:153} INFO - Started process (PID=54596) to work on /home/monica.fernandez/practica_creativa/venv-airflow/lib/python3.11/site-packages/airflow/example_dags/example_branch_operator.py
[2025-06-13T17:50:13.759+0200] {processor.py:743} INFO - Processing file /home/monica.fernandez/practica_creativa/venv-airflow/lib/python3.11/site-packages/airflow/example_dags/example_branch_operator.py for tasks to queue
[2025-06-13T17:50:13.762+0200] {logging_mixin.py:137} INFO - [2025-06-13T17:50:13.761+0200] {dagbag.py:538} INFO - Filling up the DagBag from /home/monica.fernandez/practica_creativa/venv-airflow/lib/python3.11/site-packages/airflow/example_dags/example_branch_operator.py
[2025-06-13T17:50:13.791+0200] {processor.py:753} INFO - DAG(s) dict_keys(['example_branch_operator']) retrieved from /home/monica.fernandez/practica_creativa/venv-airflow/lib/python3.11/site-packages/airflow/example_dags/example_branch_operator.py
[2025-06-13T17:50:13.827+0200] {logging_mixin.py:137} INFO - [2025-06-13T17:50:13.827+0200] {dag.py:2690} INFO - Sync 1 DAGs
[2025-06-13T17:50:13.971+0200] {logging_mixin.py:137} INFO - [2025-06-13T17:50:13.971+0200] {dag.py:3437} INFO - Setting next_dagrun for example_branch_operator to 2025-06-12T00:00:00+00:00, run_after=2025-06-13T00:00:00+00:00
[2025-06-13T17:50:14.031+0200] {processor.py:175} INFO - Processing /home/monica.fernandez/practica_creativa/venv-airflow/lib/python3.11/site-packages/airflow/example_dags/example_branch_operator.py took 0.279 seconds
