[2025-06-13T17:01:16.653+0200] {processor.py:153} INFO - Started process (PID=26160) to work on /home/monica.fernandez/practica_creativa/venv-airflow/lib/python3.11/site-packages/airflow/example_dags/example_latest_only_with_trigger.py
[2025-06-13T17:01:16.655+0200] {processor.py:743} INFO - Processing file /home/monica.fernandez/practica_creativa/venv-airflow/lib/python3.11/site-packages/airflow/example_dags/example_latest_only_with_trigger.py for tasks to queue
[2025-06-13T17:01:16.656+0200] {logging_mixin.py:137} INFO - [2025-06-13T17:01:16.656+0200] {dagbag.py:538} INFO - Filling up the DagBag from /home/monica.fernandez/practica_creativa/venv-airflow/lib/python3.11/site-packages/airflow/example_dags/example_latest_only_with_trigger.py
[2025-06-13T17:01:16.702+0200] {processor.py:753} INFO - DAG(s) dict_keys(['latest_only_with_trigger']) retrieved from /home/monica.fernandez/practica_creativa/venv-airflow/lib/python3.11/site-packages/airflow/example_dags/example_latest_only_with_trigger.py
[2025-06-13T17:01:16.754+0200] {logging_mixin.py:137} INFO - [2025-06-13T17:01:16.754+0200] {dag.py:2690} INFO - Sync 1 DAGs
[2025-06-13T17:01:16.788+0200] {logging_mixin.py:137} INFO - [2025-06-13T17:01:16.788+0200] {dag.py:3437} INFO - Setting next_dagrun for latest_only_with_trigger to 2025-06-13T11:01:16.787969+00:00, run_after=2025-06-13T15:01:16.787969+00:00
[2025-06-13T17:01:16.874+0200] {processor.py:175} INFO - Processing /home/monica.fernandez/practica_creativa/venv-airflow/lib/python3.11/site-packages/airflow/example_dags/example_latest_only_with_trigger.py took 0.229 seconds
[2025-06-13T17:02:11.452+0200] {processor.py:153} INFO - Started process (PID=26658) to work on /home/monica.fernandez/practica_creativa/venv-airflow/lib/python3.11/site-packages/airflow/example_dags/example_latest_only_with_trigger.py
[2025-06-13T17:02:11.452+0200] {processor.py:743} INFO - Processing file /home/monica.fernandez/practica_creativa/venv-airflow/lib/python3.11/site-packages/airflow/example_dags/example_latest_only_with_trigger.py for tasks to queue
[2025-06-13T17:02:11.453+0200] {logging_mixin.py:137} INFO - [2025-06-13T17:02:11.453+0200] {dagbag.py:538} INFO - Filling up the DagBag from /home/monica.fernandez/practica_creativa/venv-airflow/lib/python3.11/site-packages/airflow/example_dags/example_latest_only_with_trigger.py
[2025-06-13T17:02:11.460+0200] {processor.py:753} INFO - DAG(s) dict_keys(['latest_only_with_trigger']) retrieved from /home/monica.fernandez/practica_creativa/venv-airflow/lib/python3.11/site-packages/airflow/example_dags/example_latest_only_with_trigger.py
[2025-06-13T17:02:11.486+0200] {logging_mixin.py:137} INFO - [2025-06-13T17:02:11.486+0200] {dag.py:2690} INFO - Sync 1 DAGs
[2025-06-13T17:02:11.508+0200] {logging_mixin.py:137} INFO - [2025-06-13T17:02:11.507+0200] {dag.py:3437} INFO - Setting next_dagrun for latest_only_with_trigger to 2025-06-13T11:02:11.507671+00:00, run_after=2025-06-13T15:02:11.507671+00:00
[2025-06-13T17:02:11.568+0200] {processor.py:175} INFO - Processing /home/monica.fernandez/practica_creativa/venv-airflow/lib/python3.11/site-packages/airflow/example_dags/example_latest_only_with_trigger.py took 0.119 seconds
[2025-06-13T17:03:00.323+0200] {processor.py:153} INFO - Started process (PID=27139) to work on /home/monica.fernandez/practica_creativa/venv-airflow/lib/python3.11/site-packages/airflow/example_dags/example_latest_only_with_trigger.py
[2025-06-13T17:03:00.324+0200] {processor.py:743} INFO - Processing file /home/monica.fernandez/practica_creativa/venv-airflow/lib/python3.11/site-packages/airflow/example_dags/example_latest_only_with_trigger.py for tasks to queue
[2025-06-13T17:03:00.325+0200] {logging_mixin.py:137} INFO - [2025-06-13T17:03:00.325+0200] {dagbag.py:538} INFO - Filling up the DagBag from /home/monica.fernandez/practica_creativa/venv-airflow/lib/python3.11/site-packages/airflow/example_dags/example_latest_only_with_trigger.py
[2025-06-13T17:03:00.334+0200] {processor.py:753} INFO - DAG(s) dict_keys(['latest_only_with_trigger']) retrieved from /home/monica.fernandez/practica_creativa/venv-airflow/lib/python3.11/site-packages/airflow/example_dags/example_latest_only_with_trigger.py
[2025-06-13T17:03:00.367+0200] {logging_mixin.py:137} INFO - [2025-06-13T17:03:00.367+0200] {dag.py:2690} INFO - Sync 1 DAGs
[2025-06-13T17:03:00.394+0200] {logging_mixin.py:137} INFO - [2025-06-13T17:03:00.394+0200] {dag.py:3437} INFO - Setting next_dagrun for latest_only_with_trigger to 2025-06-13T11:03:00.394092+00:00, run_after=2025-06-13T15:03:00.394092+00:00
[2025-06-13T17:03:00.464+0200] {processor.py:175} INFO - Processing /home/monica.fernandez/practica_creativa/venv-airflow/lib/python3.11/site-packages/airflow/example_dags/example_latest_only_with_trigger.py took 0.144 seconds
[2025-06-13T17:04:01.383+0200] {processor.py:153} INFO - Started process (PID=28224) to work on /home/monica.fernandez/practica_creativa/venv-airflow/lib/python3.11/site-packages/airflow/example_dags/example_latest_only_with_trigger.py
[2025-06-13T17:04:01.393+0200] {processor.py:743} INFO - Processing file /home/monica.fernandez/practica_creativa/venv-airflow/lib/python3.11/site-packages/airflow/example_dags/example_latest_only_with_trigger.py for tasks to queue
[2025-06-13T17:04:01.400+0200] {logging_mixin.py:137} INFO - [2025-06-13T17:04:01.400+0200] {dagbag.py:538} INFO - Filling up the DagBag from /home/monica.fernandez/practica_creativa/venv-airflow/lib/python3.11/site-packages/airflow/example_dags/example_latest_only_with_trigger.py
[2025-06-13T17:04:01.457+0200] {processor.py:753} INFO - DAG(s) dict_keys(['latest_only_with_trigger']) retrieved from /home/monica.fernandez/practica_creativa/venv-airflow/lib/python3.11/site-packages/airflow/example_dags/example_latest_only_with_trigger.py
[2025-06-13T17:04:01.587+0200] {logging_mixin.py:137} INFO - [2025-06-13T17:04:01.587+0200] {dag.py:2690} INFO - Sync 1 DAGs
[2025-06-13T17:04:01.666+0200] {logging_mixin.py:137} INFO - [2025-06-13T17:04:01.666+0200] {dag.py:3437} INFO - Setting next_dagrun for latest_only_with_trigger to 2025-06-13T11:04:01.665785+00:00, run_after=2025-06-13T15:04:01.665785+00:00
[2025-06-13T17:04:01.917+0200] {processor.py:175} INFO - Processing /home/monica.fernandez/practica_creativa/venv-airflow/lib/python3.11/site-packages/airflow/example_dags/example_latest_only_with_trigger.py took 0.550 seconds
[2025-06-13T17:04:48.225+0200] {processor.py:153} INFO - Started process (PID=28657) to work on /home/monica.fernandez/practica_creativa/venv-airflow/lib/python3.11/site-packages/airflow/example_dags/example_latest_only_with_trigger.py
[2025-06-13T17:04:48.226+0200] {processor.py:743} INFO - Processing file /home/monica.fernandez/practica_creativa/venv-airflow/lib/python3.11/site-packages/airflow/example_dags/example_latest_only_with_trigger.py for tasks to queue
[2025-06-13T17:04:48.226+0200] {logging_mixin.py:137} INFO - [2025-06-13T17:04:48.226+0200] {dagbag.py:538} INFO - Filling up the DagBag from /home/monica.fernandez/practica_creativa/venv-airflow/lib/python3.11/site-packages/airflow/example_dags/example_latest_only_with_trigger.py
[2025-06-13T17:04:48.235+0200] {processor.py:753} INFO - DAG(s) dict_keys(['latest_only_with_trigger']) retrieved from /home/monica.fernandez/practica_creativa/venv-airflow/lib/python3.11/site-packages/airflow/example_dags/example_latest_only_with_trigger.py
[2025-06-13T17:04:48.267+0200] {logging_mixin.py:137} INFO - [2025-06-13T17:04:48.267+0200] {dag.py:2690} INFO - Sync 1 DAGs
[2025-06-13T17:04:48.296+0200] {logging_mixin.py:137} INFO - [2025-06-13T17:04:48.296+0200] {dag.py:3437} INFO - Setting next_dagrun for latest_only_with_trigger to 2025-06-13T11:04:48.296326+00:00, run_after=2025-06-13T15:04:48.296326+00:00
[2025-06-13T17:04:48.366+0200] {processor.py:175} INFO - Processing /home/monica.fernandez/practica_creativa/venv-airflow/lib/python3.11/site-packages/airflow/example_dags/example_latest_only_with_trigger.py took 0.145 seconds
[2025-06-13T17:06:40.914+0200] {processor.py:153} INFO - Started process (PID=29882) to work on /home/monica.fernandez/practica_creativa/venv-airflow/lib/python3.11/site-packages/airflow/example_dags/example_latest_only_with_trigger.py
[2025-06-13T17:06:40.915+0200] {processor.py:743} INFO - Processing file /home/monica.fernandez/practica_creativa/venv-airflow/lib/python3.11/site-packages/airflow/example_dags/example_latest_only_with_trigger.py for tasks to queue
[2025-06-13T17:06:40.916+0200] {logging_mixin.py:137} INFO - [2025-06-13T17:06:40.916+0200] {dagbag.py:538} INFO - Filling up the DagBag from /home/monica.fernandez/practica_creativa/venv-airflow/lib/python3.11/site-packages/airflow/example_dags/example_latest_only_with_trigger.py
[2025-06-13T17:06:40.927+0200] {processor.py:753} INFO - DAG(s) dict_keys(['latest_only_with_trigger']) retrieved from /home/monica.fernandez/practica_creativa/venv-airflow/lib/python3.11/site-packages/airflow/example_dags/example_latest_only_with_trigger.py
[2025-06-13T17:06:40.973+0200] {logging_mixin.py:137} INFO - [2025-06-13T17:06:40.972+0200] {dag.py:2690} INFO - Sync 1 DAGs
[2025-06-13T17:06:41.015+0200] {logging_mixin.py:137} INFO - [2025-06-13T17:06:41.014+0200] {dag.py:3437} INFO - Setting next_dagrun for latest_only_with_trigger to 2025-06-13T11:06:41.014561+00:00, run_after=2025-06-13T15:06:41.014561+00:00
[2025-06-13T17:06:41.088+0200] {processor.py:175} INFO - Processing /home/monica.fernandez/practica_creativa/venv-airflow/lib/python3.11/site-packages/airflow/example_dags/example_latest_only_with_trigger.py took 0.179 seconds
[2025-06-13T17:07:39.861+0200] {processor.py:153} INFO - Started process (PID=30348) to work on /home/monica.fernandez/practica_creativa/venv-airflow/lib/python3.11/site-packages/airflow/example_dags/example_latest_only_with_trigger.py
[2025-06-13T17:07:39.862+0200] {processor.py:743} INFO - Processing file /home/monica.fernandez/practica_creativa/venv-airflow/lib/python3.11/site-packages/airflow/example_dags/example_latest_only_with_trigger.py for tasks to queue
[2025-06-13T17:07:39.863+0200] {logging_mixin.py:137} INFO - [2025-06-13T17:07:39.863+0200] {dagbag.py:538} INFO - Filling up the DagBag from /home/monica.fernandez/practica_creativa/venv-airflow/lib/python3.11/site-packages/airflow/example_dags/example_latest_only_with_trigger.py
[2025-06-13T17:07:39.873+0200] {processor.py:753} INFO - DAG(s) dict_keys(['latest_only_with_trigger']) retrieved from /home/monica.fernandez/practica_creativa/venv-airflow/lib/python3.11/site-packages/airflow/example_dags/example_latest_only_with_trigger.py
[2025-06-13T17:07:39.922+0200] {logging_mixin.py:137} INFO - [2025-06-13T17:07:39.922+0200] {dag.py:2690} INFO - Sync 1 DAGs
[2025-06-13T17:07:39.954+0200] {logging_mixin.py:137} INFO - [2025-06-13T17:07:39.954+0200] {dag.py:3437} INFO - Setting next_dagrun for latest_only_with_trigger to 2025-06-13T11:07:39.954270+00:00, run_after=2025-06-13T15:07:39.954270+00:00
[2025-06-13T17:07:40.131+0200] {processor.py:175} INFO - Processing /home/monica.fernandez/practica_creativa/venv-airflow/lib/python3.11/site-packages/airflow/example_dags/example_latest_only_with_trigger.py took 0.273 seconds
[2025-06-13T17:08:39.561+0200] {processor.py:153} INFO - Started process (PID=30828) to work on /home/monica.fernandez/practica_creativa/venv-airflow/lib/python3.11/site-packages/airflow/example_dags/example_latest_only_with_trigger.py
[2025-06-13T17:08:39.562+0200] {processor.py:743} INFO - Processing file /home/monica.fernandez/practica_creativa/venv-airflow/lib/python3.11/site-packages/airflow/example_dags/example_latest_only_with_trigger.py for tasks to queue
[2025-06-13T17:08:39.562+0200] {logging_mixin.py:137} INFO - [2025-06-13T17:08:39.562+0200] {dagbag.py:538} INFO - Filling up the DagBag from /home/monica.fernandez/practica_creativa/venv-airflow/lib/python3.11/site-packages/airflow/example_dags/example_latest_only_with_trigger.py
[2025-06-13T17:08:39.572+0200] {processor.py:753} INFO - DAG(s) dict_keys(['latest_only_with_trigger']) retrieved from /home/monica.fernandez/practica_creativa/venv-airflow/lib/python3.11/site-packages/airflow/example_dags/example_latest_only_with_trigger.py
[2025-06-13T17:08:39.614+0200] {logging_mixin.py:137} INFO - [2025-06-13T17:08:39.614+0200] {dag.py:2690} INFO - Sync 1 DAGs
[2025-06-13T17:08:39.645+0200] {logging_mixin.py:137} INFO - [2025-06-13T17:08:39.644+0200] {dag.py:3437} INFO - Setting next_dagrun for latest_only_with_trigger to 2025-06-13T11:08:39.644567+00:00, run_after=2025-06-13T15:08:39.644567+00:00
[2025-06-13T17:08:39.712+0200] {processor.py:175} INFO - Processing /home/monica.fernandez/practica_creativa/venv-airflow/lib/python3.11/site-packages/airflow/example_dags/example_latest_only_with_trigger.py took 0.155 seconds
[2025-06-13T17:09:26.314+0200] {processor.py:153} INFO - Started process (PID=31372) to work on /home/monica.fernandez/practica_creativa/venv-airflow/lib/python3.11/site-packages/airflow/example_dags/example_latest_only_with_trigger.py
[2025-06-13T17:09:26.315+0200] {processor.py:743} INFO - Processing file /home/monica.fernandez/practica_creativa/venv-airflow/lib/python3.11/site-packages/airflow/example_dags/example_latest_only_with_trigger.py for tasks to queue
[2025-06-13T17:09:26.316+0200] {logging_mixin.py:137} INFO - [2025-06-13T17:09:26.316+0200] {dagbag.py:538} INFO - Filling up the DagBag from /home/monica.fernandez/practica_creativa/venv-airflow/lib/python3.11/site-packages/airflow/example_dags/example_latest_only_with_trigger.py
[2025-06-13T17:09:26.326+0200] {processor.py:753} INFO - DAG(s) dict_keys(['latest_only_with_trigger']) retrieved from /home/monica.fernandez/practica_creativa/venv-airflow/lib/python3.11/site-packages/airflow/example_dags/example_latest_only_with_trigger.py
[2025-06-13T17:09:26.359+0200] {logging_mixin.py:137} INFO - [2025-06-13T17:09:26.359+0200] {dag.py:2690} INFO - Sync 1 DAGs
[2025-06-13T17:09:26.385+0200] {logging_mixin.py:137} INFO - [2025-06-13T17:09:26.385+0200] {dag.py:3437} INFO - Setting next_dagrun for latest_only_with_trigger to 2025-06-13T11:09:26.385570+00:00, run_after=2025-06-13T15:09:26.385570+00:00
[2025-06-13T17:09:26.456+0200] {processor.py:175} INFO - Processing /home/monica.fernandez/practica_creativa/venv-airflow/lib/python3.11/site-packages/airflow/example_dags/example_latest_only_with_trigger.py took 0.145 seconds
[2025-06-13T17:10:35.608+0200] {processor.py:153} INFO - Started process (PID=31927) to work on /home/monica.fernandez/practica_creativa/venv-airflow/lib/python3.11/site-packages/airflow/example_dags/example_latest_only_with_trigger.py
[2025-06-13T17:10:35.609+0200] {processor.py:743} INFO - Processing file /home/monica.fernandez/practica_creativa/venv-airflow/lib/python3.11/site-packages/airflow/example_dags/example_latest_only_with_trigger.py for tasks to queue
[2025-06-13T17:10:35.609+0200] {logging_mixin.py:137} INFO - [2025-06-13T17:10:35.609+0200] {dagbag.py:538} INFO - Filling up the DagBag from /home/monica.fernandez/practica_creativa/venv-airflow/lib/python3.11/site-packages/airflow/example_dags/example_latest_only_with_trigger.py
[2025-06-13T17:10:35.621+0200] {processor.py:753} INFO - DAG(s) dict_keys(['latest_only_with_trigger']) retrieved from /home/monica.fernandez/practica_creativa/venv-airflow/lib/python3.11/site-packages/airflow/example_dags/example_latest_only_with_trigger.py
[2025-06-13T17:10:35.670+0200] {logging_mixin.py:137} INFO - [2025-06-13T17:10:35.670+0200] {dag.py:2690} INFO - Sync 1 DAGs
[2025-06-13T17:10:35.704+0200] {logging_mixin.py:137} INFO - [2025-06-13T17:10:35.704+0200] {dag.py:3437} INFO - Setting next_dagrun for latest_only_with_trigger to 2025-06-13T11:10:35.704156+00:00, run_after=2025-06-13T15:10:35.704156+00:00
[2025-06-13T17:10:35.778+0200] {processor.py:175} INFO - Processing /home/monica.fernandez/practica_creativa/venv-airflow/lib/python3.11/site-packages/airflow/example_dags/example_latest_only_with_trigger.py took 0.175 seconds
[2025-06-13T17:12:00.068+0200] {processor.py:153} INFO - Started process (PID=32871) to work on /home/monica.fernandez/practica_creativa/venv-airflow/lib/python3.11/site-packages/airflow/example_dags/example_latest_only_with_trigger.py
[2025-06-13T17:12:00.069+0200] {processor.py:743} INFO - Processing file /home/monica.fernandez/practica_creativa/venv-airflow/lib/python3.11/site-packages/airflow/example_dags/example_latest_only_with_trigger.py for tasks to queue
[2025-06-13T17:12:00.070+0200] {logging_mixin.py:137} INFO - [2025-06-13T17:12:00.070+0200] {dagbag.py:538} INFO - Filling up the DagBag from /home/monica.fernandez/practica_creativa/venv-airflow/lib/python3.11/site-packages/airflow/example_dags/example_latest_only_with_trigger.py
[2025-06-13T17:12:00.079+0200] {processor.py:753} INFO - DAG(s) dict_keys(['latest_only_with_trigger']) retrieved from /home/monica.fernandez/practica_creativa/venv-airflow/lib/python3.11/site-packages/airflow/example_dags/example_latest_only_with_trigger.py
[2025-06-13T17:12:00.107+0200] {logging_mixin.py:137} INFO - [2025-06-13T17:12:00.107+0200] {dag.py:2690} INFO - Sync 1 DAGs
[2025-06-13T17:12:00.128+0200] {logging_mixin.py:137} INFO - [2025-06-13T17:12:00.128+0200] {dag.py:3437} INFO - Setting next_dagrun for latest_only_with_trigger to 2025-06-13T11:12:00.128443+00:00, run_after=2025-06-13T15:12:00.128443+00:00
[2025-06-13T17:12:00.183+0200] {processor.py:175} INFO - Processing /home/monica.fernandez/practica_creativa/venv-airflow/lib/python3.11/site-packages/airflow/example_dags/example_latest_only_with_trigger.py took 0.120 seconds
[2025-06-13T17:13:25.403+0200] {processor.py:153} INFO - Started process (PID=33511) to work on /home/monica.fernandez/practica_creativa/venv-airflow/lib/python3.11/site-packages/airflow/example_dags/example_latest_only_with_trigger.py
[2025-06-13T17:13:25.404+0200] {processor.py:743} INFO - Processing file /home/monica.fernandez/practica_creativa/venv-airflow/lib/python3.11/site-packages/airflow/example_dags/example_latest_only_with_trigger.py for tasks to queue
[2025-06-13T17:13:25.405+0200] {logging_mixin.py:137} INFO - [2025-06-13T17:13:25.405+0200] {dagbag.py:538} INFO - Filling up the DagBag from /home/monica.fernandez/practica_creativa/venv-airflow/lib/python3.11/site-packages/airflow/example_dags/example_latest_only_with_trigger.py
[2025-06-13T17:13:25.425+0200] {processor.py:753} INFO - DAG(s) dict_keys(['latest_only_with_trigger']) retrieved from /home/monica.fernandez/practica_creativa/venv-airflow/lib/python3.11/site-packages/airflow/example_dags/example_latest_only_with_trigger.py
[2025-06-13T17:13:25.456+0200] {logging_mixin.py:137} INFO - [2025-06-13T17:13:25.456+0200] {dag.py:2690} INFO - Sync 1 DAGs
[2025-06-13T17:13:25.491+0200] {logging_mixin.py:137} INFO - [2025-06-13T17:13:25.491+0200] {dag.py:3437} INFO - Setting next_dagrun for latest_only_with_trigger to 2025-06-13T11:13:25.491191+00:00, run_after=2025-06-13T15:13:25.491191+00:00
[2025-06-13T17:13:25.554+0200] {processor.py:175} INFO - Processing /home/monica.fernandez/practica_creativa/venv-airflow/lib/python3.11/site-packages/airflow/example_dags/example_latest_only_with_trigger.py took 0.155 seconds
[2025-06-13T17:14:13.913+0200] {processor.py:153} INFO - Started process (PID=33932) to work on /home/monica.fernandez/practica_creativa/venv-airflow/lib/python3.11/site-packages/airflow/example_dags/example_latest_only_with_trigger.py
[2025-06-13T17:14:13.915+0200] {processor.py:743} INFO - Processing file /home/monica.fernandez/practica_creativa/venv-airflow/lib/python3.11/site-packages/airflow/example_dags/example_latest_only_with_trigger.py for tasks to queue
[2025-06-13T17:14:13.916+0200] {logging_mixin.py:137} INFO - [2025-06-13T17:14:13.915+0200] {dagbag.py:538} INFO - Filling up the DagBag from /home/monica.fernandez/practica_creativa/venv-airflow/lib/python3.11/site-packages/airflow/example_dags/example_latest_only_with_trigger.py
[2025-06-13T17:14:13.952+0200] {processor.py:753} INFO - DAG(s) dict_keys(['latest_only_with_trigger']) retrieved from /home/monica.fernandez/practica_creativa/venv-airflow/lib/python3.11/site-packages/airflow/example_dags/example_latest_only_with_trigger.py
[2025-06-13T17:14:13.992+0200] {logging_mixin.py:137} INFO - [2025-06-13T17:14:13.992+0200] {dag.py:2690} INFO - Sync 1 DAGs
[2025-06-13T17:14:14.024+0200] {logging_mixin.py:137} INFO - [2025-06-13T17:14:14.024+0200] {dag.py:3437} INFO - Setting next_dagrun for latest_only_with_trigger to 2025-06-13T11:14:14.023761+00:00, run_after=2025-06-13T15:14:14.023761+00:00
[2025-06-13T17:14:14.107+0200] {processor.py:175} INFO - Processing /home/monica.fernandez/practica_creativa/venv-airflow/lib/python3.11/site-packages/airflow/example_dags/example_latest_only_with_trigger.py took 0.199 seconds
[2025-06-13T17:15:34.051+0200] {processor.py:153} INFO - Started process (PID=34774) to work on /home/monica.fernandez/practica_creativa/venv-airflow/lib/python3.11/site-packages/airflow/example_dags/example_latest_only_with_trigger.py
[2025-06-13T17:15:34.051+0200] {processor.py:743} INFO - Processing file /home/monica.fernandez/practica_creativa/venv-airflow/lib/python3.11/site-packages/airflow/example_dags/example_latest_only_with_trigger.py for tasks to queue
[2025-06-13T17:15:34.052+0200] {logging_mixin.py:137} INFO - [2025-06-13T17:15:34.052+0200] {dagbag.py:538} INFO - Filling up the DagBag from /home/monica.fernandez/practica_creativa/venv-airflow/lib/python3.11/site-packages/airflow/example_dags/example_latest_only_with_trigger.py
[2025-06-13T17:15:34.072+0200] {processor.py:753} INFO - DAG(s) dict_keys(['latest_only_with_trigger']) retrieved from /home/monica.fernandez/practica_creativa/venv-airflow/lib/python3.11/site-packages/airflow/example_dags/example_latest_only_with_trigger.py
[2025-06-13T17:15:34.102+0200] {logging_mixin.py:137} INFO - [2025-06-13T17:15:34.102+0200] {dag.py:2690} INFO - Sync 1 DAGs
[2025-06-13T17:15:34.134+0200] {logging_mixin.py:137} INFO - [2025-06-13T17:15:34.134+0200] {dag.py:3437} INFO - Setting next_dagrun for latest_only_with_trigger to 2025-06-13T11:15:34.133815+00:00, run_after=2025-06-13T15:15:34.133815+00:00
[2025-06-13T17:15:34.210+0200] {processor.py:175} INFO - Processing /home/monica.fernandez/practica_creativa/venv-airflow/lib/python3.11/site-packages/airflow/example_dags/example_latest_only_with_trigger.py took 0.163 seconds
[2025-06-13T17:16:25.885+0200] {processor.py:153} INFO - Started process (PID=35111) to work on /home/monica.fernandez/practica_creativa/venv-airflow/lib/python3.11/site-packages/airflow/example_dags/example_latest_only_with_trigger.py
[2025-06-13T17:16:25.887+0200] {processor.py:743} INFO - Processing file /home/monica.fernandez/practica_creativa/venv-airflow/lib/python3.11/site-packages/airflow/example_dags/example_latest_only_with_trigger.py for tasks to queue
[2025-06-13T17:16:25.888+0200] {logging_mixin.py:137} INFO - [2025-06-13T17:16:25.887+0200] {dagbag.py:538} INFO - Filling up the DagBag from /home/monica.fernandez/practica_creativa/venv-airflow/lib/python3.11/site-packages/airflow/example_dags/example_latest_only_with_trigger.py
[2025-06-13T17:16:25.934+0200] {processor.py:753} INFO - DAG(s) dict_keys(['latest_only_with_trigger']) retrieved from /home/monica.fernandez/practica_creativa/venv-airflow/lib/python3.11/site-packages/airflow/example_dags/example_latest_only_with_trigger.py
[2025-06-13T17:16:25.981+0200] {logging_mixin.py:137} INFO - [2025-06-13T17:16:25.981+0200] {dag.py:2690} INFO - Sync 1 DAGs
[2025-06-13T17:16:26.026+0200] {logging_mixin.py:137} INFO - [2025-06-13T17:16:26.025+0200] {dag.py:3437} INFO - Setting next_dagrun for latest_only_with_trigger to 2025-06-13T11:16:26.025585+00:00, run_after=2025-06-13T15:16:26.025585+00:00
[2025-06-13T17:16:26.129+0200] {processor.py:175} INFO - Processing /home/monica.fernandez/practica_creativa/venv-airflow/lib/python3.11/site-packages/airflow/example_dags/example_latest_only_with_trigger.py took 0.248 seconds
[2025-06-13T17:17:23.576+0200] {processor.py:153} INFO - Started process (PID=35601) to work on /home/monica.fernandez/practica_creativa/venv-airflow/lib/python3.11/site-packages/airflow/example_dags/example_latest_only_with_trigger.py
[2025-06-13T17:17:23.577+0200] {processor.py:743} INFO - Processing file /home/monica.fernandez/practica_creativa/venv-airflow/lib/python3.11/site-packages/airflow/example_dags/example_latest_only_with_trigger.py for tasks to queue
[2025-06-13T17:17:23.577+0200] {logging_mixin.py:137} INFO - [2025-06-13T17:17:23.577+0200] {dagbag.py:538} INFO - Filling up the DagBag from /home/monica.fernandez/practica_creativa/venv-airflow/lib/python3.11/site-packages/airflow/example_dags/example_latest_only_with_trigger.py
[2025-06-13T17:17:23.600+0200] {processor.py:753} INFO - DAG(s) dict_keys(['latest_only_with_trigger']) retrieved from /home/monica.fernandez/practica_creativa/venv-airflow/lib/python3.11/site-packages/airflow/example_dags/example_latest_only_with_trigger.py
[2025-06-13T17:17:23.633+0200] {logging_mixin.py:137} INFO - [2025-06-13T17:17:23.632+0200] {dag.py:2690} INFO - Sync 1 DAGs
[2025-06-13T17:17:23.664+0200] {logging_mixin.py:137} INFO - [2025-06-13T17:17:23.664+0200] {dag.py:3437} INFO - Setting next_dagrun for latest_only_with_trigger to 2025-06-13T11:17:23.664301+00:00, run_after=2025-06-13T15:17:23.664301+00:00
[2025-06-13T17:17:23.726+0200] {processor.py:175} INFO - Processing /home/monica.fernandez/practica_creativa/venv-airflow/lib/python3.11/site-packages/airflow/example_dags/example_latest_only_with_trigger.py took 0.154 seconds
[2025-06-13T17:18:12.433+0200] {processor.py:153} INFO - Started process (PID=36114) to work on /home/monica.fernandez/practica_creativa/venv-airflow/lib/python3.11/site-packages/airflow/example_dags/example_latest_only_with_trigger.py
[2025-06-13T17:18:12.434+0200] {processor.py:743} INFO - Processing file /home/monica.fernandez/practica_creativa/venv-airflow/lib/python3.11/site-packages/airflow/example_dags/example_latest_only_with_trigger.py for tasks to queue
[2025-06-13T17:18:12.435+0200] {logging_mixin.py:137} INFO - [2025-06-13T17:18:12.435+0200] {dagbag.py:538} INFO - Filling up the DagBag from /home/monica.fernandez/practica_creativa/venv-airflow/lib/python3.11/site-packages/airflow/example_dags/example_latest_only_with_trigger.py
[2025-06-13T17:18:12.458+0200] {processor.py:753} INFO - DAG(s) dict_keys(['latest_only_with_trigger']) retrieved from /home/monica.fernandez/practica_creativa/venv-airflow/lib/python3.11/site-packages/airflow/example_dags/example_latest_only_with_trigger.py
[2025-06-13T17:18:12.490+0200] {logging_mixin.py:137} INFO - [2025-06-13T17:18:12.490+0200] {dag.py:2690} INFO - Sync 1 DAGs
[2025-06-13T17:18:12.519+0200] {logging_mixin.py:137} INFO - [2025-06-13T17:18:12.518+0200] {dag.py:3437} INFO - Setting next_dagrun for latest_only_with_trigger to 2025-06-13T11:18:12.518699+00:00, run_after=2025-06-13T15:18:12.518699+00:00
[2025-06-13T17:18:12.584+0200] {processor.py:175} INFO - Processing /home/monica.fernandez/practica_creativa/venv-airflow/lib/python3.11/site-packages/airflow/example_dags/example_latest_only_with_trigger.py took 0.154 seconds
[2025-06-13T17:19:36.386+0200] {processor.py:153} INFO - Started process (PID=36876) to work on /home/monica.fernandez/practica_creativa/venv-airflow/lib/python3.11/site-packages/airflow/example_dags/example_latest_only_with_trigger.py
[2025-06-13T17:19:36.387+0200] {processor.py:743} INFO - Processing file /home/monica.fernandez/practica_creativa/venv-airflow/lib/python3.11/site-packages/airflow/example_dags/example_latest_only_with_trigger.py for tasks to queue
[2025-06-13T17:19:36.388+0200] {logging_mixin.py:137} INFO - [2025-06-13T17:19:36.388+0200] {dagbag.py:538} INFO - Filling up the DagBag from /home/monica.fernandez/practica_creativa/venv-airflow/lib/python3.11/site-packages/airflow/example_dags/example_latest_only_with_trigger.py
[2025-06-13T17:19:36.415+0200] {processor.py:753} INFO - DAG(s) dict_keys(['latest_only_with_trigger']) retrieved from /home/monica.fernandez/practica_creativa/venv-airflow/lib/python3.11/site-packages/airflow/example_dags/example_latest_only_with_trigger.py
[2025-06-13T17:19:36.453+0200] {logging_mixin.py:137} INFO - [2025-06-13T17:19:36.453+0200] {dag.py:2690} INFO - Sync 1 DAGs
[2025-06-13T17:19:36.490+0200] {logging_mixin.py:137} INFO - [2025-06-13T17:19:36.490+0200] {dag.py:3437} INFO - Setting next_dagrun for latest_only_with_trigger to 2025-06-13T11:19:36.489979+00:00, run_after=2025-06-13T15:19:36.489979+00:00
[2025-06-13T17:19:36.571+0200] {processor.py:175} INFO - Processing /home/monica.fernandez/practica_creativa/venv-airflow/lib/python3.11/site-packages/airflow/example_dags/example_latest_only_with_trigger.py took 0.189 seconds
[2025-06-13T17:21:14.861+0200] {processor.py:153} INFO - Started process (PID=37903) to work on /home/monica.fernandez/practica_creativa/venv-airflow/lib/python3.11/site-packages/airflow/example_dags/example_latest_only_with_trigger.py
[2025-06-13T17:21:14.862+0200] {processor.py:743} INFO - Processing file /home/monica.fernandez/practica_creativa/venv-airflow/lib/python3.11/site-packages/airflow/example_dags/example_latest_only_with_trigger.py for tasks to queue
[2025-06-13T17:21:14.863+0200] {logging_mixin.py:137} INFO - [2025-06-13T17:21:14.862+0200] {dagbag.py:538} INFO - Filling up the DagBag from /home/monica.fernandez/practica_creativa/venv-airflow/lib/python3.11/site-packages/airflow/example_dags/example_latest_only_with_trigger.py
[2025-06-13T17:21:14.885+0200] {processor.py:753} INFO - DAG(s) dict_keys(['latest_only_with_trigger']) retrieved from /home/monica.fernandez/practica_creativa/venv-airflow/lib/python3.11/site-packages/airflow/example_dags/example_latest_only_with_trigger.py
[2025-06-13T17:21:14.924+0200] {logging_mixin.py:137} INFO - [2025-06-13T17:21:14.923+0200] {dag.py:2690} INFO - Sync 1 DAGs
[2025-06-13T17:21:14.964+0200] {logging_mixin.py:137} INFO - [2025-06-13T17:21:14.964+0200] {dag.py:3437} INFO - Setting next_dagrun for latest_only_with_trigger to 2025-06-13T11:21:14.964310+00:00, run_after=2025-06-13T15:21:14.964310+00:00
[2025-06-13T17:21:15.059+0200] {processor.py:175} INFO - Processing /home/monica.fernandez/practica_creativa/venv-airflow/lib/python3.11/site-packages/airflow/example_dags/example_latest_only_with_trigger.py took 0.201 seconds
[2025-06-13T17:22:06.752+0200] {processor.py:153} INFO - Started process (PID=38383) to work on /home/monica.fernandez/practica_creativa/venv-airflow/lib/python3.11/site-packages/airflow/example_dags/example_latest_only_with_trigger.py
[2025-06-13T17:22:06.753+0200] {processor.py:743} INFO - Processing file /home/monica.fernandez/practica_creativa/venv-airflow/lib/python3.11/site-packages/airflow/example_dags/example_latest_only_with_trigger.py for tasks to queue
[2025-06-13T17:22:06.755+0200] {logging_mixin.py:137} INFO - [2025-06-13T17:22:06.754+0200] {dagbag.py:538} INFO - Filling up the DagBag from /home/monica.fernandez/practica_creativa/venv-airflow/lib/python3.11/site-packages/airflow/example_dags/example_latest_only_with_trigger.py
[2025-06-13T17:22:06.782+0200] {processor.py:753} INFO - DAG(s) dict_keys(['latest_only_with_trigger']) retrieved from /home/monica.fernandez/practica_creativa/venv-airflow/lib/python3.11/site-packages/airflow/example_dags/example_latest_only_with_trigger.py
[2025-06-13T17:22:06.823+0200] {logging_mixin.py:137} INFO - [2025-06-13T17:22:06.823+0200] {dag.py:2690} INFO - Sync 1 DAGs
[2025-06-13T17:22:06.856+0200] {logging_mixin.py:137} INFO - [2025-06-13T17:22:06.856+0200] {dag.py:3437} INFO - Setting next_dagrun for latest_only_with_trigger to 2025-06-13T11:22:06.855988+00:00, run_after=2025-06-13T15:22:06.855988+00:00
[2025-06-13T17:22:06.923+0200] {processor.py:175} INFO - Processing /home/monica.fernandez/practica_creativa/venv-airflow/lib/python3.11/site-packages/airflow/example_dags/example_latest_only_with_trigger.py took 0.175 seconds
[2025-06-13T17:22:58.493+0200] {processor.py:153} INFO - Started process (PID=38826) to work on /home/monica.fernandez/practica_creativa/venv-airflow/lib/python3.11/site-packages/airflow/example_dags/example_latest_only_with_trigger.py
[2025-06-13T17:22:58.495+0200] {processor.py:743} INFO - Processing file /home/monica.fernandez/practica_creativa/venv-airflow/lib/python3.11/site-packages/airflow/example_dags/example_latest_only_with_trigger.py for tasks to queue
[2025-06-13T17:22:58.495+0200] {logging_mixin.py:137} INFO - [2025-06-13T17:22:58.495+0200] {dagbag.py:538} INFO - Filling up the DagBag from /home/monica.fernandez/practica_creativa/venv-airflow/lib/python3.11/site-packages/airflow/example_dags/example_latest_only_with_trigger.py
[2025-06-13T17:22:58.518+0200] {processor.py:753} INFO - DAG(s) dict_keys(['latest_only_with_trigger']) retrieved from /home/monica.fernandez/practica_creativa/venv-airflow/lib/python3.11/site-packages/airflow/example_dags/example_latest_only_with_trigger.py
[2025-06-13T17:22:58.552+0200] {logging_mixin.py:137} INFO - [2025-06-13T17:22:58.552+0200] {dag.py:2690} INFO - Sync 1 DAGs
[2025-06-13T17:22:58.584+0200] {logging_mixin.py:137} INFO - [2025-06-13T17:22:58.584+0200] {dag.py:3437} INFO - Setting next_dagrun for latest_only_with_trigger to 2025-06-13T11:22:58.584340+00:00, run_after=2025-06-13T15:22:58.584340+00:00
[2025-06-13T17:22:58.679+0200] {processor.py:175} INFO - Processing /home/monica.fernandez/practica_creativa/venv-airflow/lib/python3.11/site-packages/airflow/example_dags/example_latest_only_with_trigger.py took 0.190 seconds
[2025-06-13T17:23:48.154+0200] {processor.py:153} INFO - Started process (PID=39487) to work on /home/monica.fernandez/practica_creativa/venv-airflow/lib/python3.11/site-packages/airflow/example_dags/example_latest_only_with_trigger.py
[2025-06-13T17:23:48.159+0200] {processor.py:743} INFO - Processing file /home/monica.fernandez/practica_creativa/venv-airflow/lib/python3.11/site-packages/airflow/example_dags/example_latest_only_with_trigger.py for tasks to queue
[2025-06-13T17:23:48.163+0200] {logging_mixin.py:137} INFO - [2025-06-13T17:23:48.162+0200] {dagbag.py:538} INFO - Filling up the DagBag from /home/monica.fernandez/practica_creativa/venv-airflow/lib/python3.11/site-packages/airflow/example_dags/example_latest_only_with_trigger.py
[2025-06-13T17:23:48.235+0200] {processor.py:753} INFO - DAG(s) dict_keys(['latest_only_with_trigger']) retrieved from /home/monica.fernandez/practica_creativa/venv-airflow/lib/python3.11/site-packages/airflow/example_dags/example_latest_only_with_trigger.py
[2025-06-13T17:23:48.298+0200] {logging_mixin.py:137} INFO - [2025-06-13T17:23:48.298+0200] {dag.py:2690} INFO - Sync 1 DAGs
[2025-06-13T17:23:48.366+0200] {logging_mixin.py:137} INFO - [2025-06-13T17:23:48.363+0200] {dag.py:3437} INFO - Setting next_dagrun for latest_only_with_trigger to 2025-06-13T11:23:48.363525+00:00, run_after=2025-06-13T15:23:48.363525+00:00
[2025-06-13T17:23:48.514+0200] {processor.py:175} INFO - Processing /home/monica.fernandez/practica_creativa/venv-airflow/lib/python3.11/site-packages/airflow/example_dags/example_latest_only_with_trigger.py took 0.366 seconds
[2025-06-13T17:24:38.445+0200] {processor.py:153} INFO - Started process (PID=40025) to work on /home/monica.fernandez/practica_creativa/venv-airflow/lib/python3.11/site-packages/airflow/example_dags/example_latest_only_with_trigger.py
[2025-06-13T17:24:38.446+0200] {processor.py:743} INFO - Processing file /home/monica.fernandez/practica_creativa/venv-airflow/lib/python3.11/site-packages/airflow/example_dags/example_latest_only_with_trigger.py for tasks to queue
[2025-06-13T17:24:38.447+0200] {logging_mixin.py:137} INFO - [2025-06-13T17:24:38.447+0200] {dagbag.py:538} INFO - Filling up the DagBag from /home/monica.fernandez/practica_creativa/venv-airflow/lib/python3.11/site-packages/airflow/example_dags/example_latest_only_with_trigger.py
[2025-06-13T17:24:38.470+0200] {processor.py:753} INFO - DAG(s) dict_keys(['latest_only_with_trigger']) retrieved from /home/monica.fernandez/practica_creativa/venv-airflow/lib/python3.11/site-packages/airflow/example_dags/example_latest_only_with_trigger.py
[2025-06-13T17:24:38.503+0200] {logging_mixin.py:137} INFO - [2025-06-13T17:24:38.502+0200] {dag.py:2690} INFO - Sync 1 DAGs
[2025-06-13T17:24:38.533+0200] {logging_mixin.py:137} INFO - [2025-06-13T17:24:38.533+0200] {dag.py:3437} INFO - Setting next_dagrun for latest_only_with_trigger to 2025-06-13T11:24:38.533052+00:00, run_after=2025-06-13T15:24:38.533052+00:00
[2025-06-13T17:24:38.612+0200] {processor.py:175} INFO - Processing /home/monica.fernandez/practica_creativa/venv-airflow/lib/python3.11/site-packages/airflow/example_dags/example_latest_only_with_trigger.py took 0.170 seconds
[2025-06-13T17:26:35.152+0200] {processor.py:153} INFO - Started process (PID=41263) to work on /home/monica.fernandez/practica_creativa/venv-airflow/lib/python3.11/site-packages/airflow/example_dags/example_latest_only_with_trigger.py
[2025-06-13T17:26:35.153+0200] {processor.py:743} INFO - Processing file /home/monica.fernandez/practica_creativa/venv-airflow/lib/python3.11/site-packages/airflow/example_dags/example_latest_only_with_trigger.py for tasks to queue
[2025-06-13T17:26:35.153+0200] {logging_mixin.py:137} INFO - [2025-06-13T17:26:35.153+0200] {dagbag.py:538} INFO - Filling up the DagBag from /home/monica.fernandez/practica_creativa/venv-airflow/lib/python3.11/site-packages/airflow/example_dags/example_latest_only_with_trigger.py
[2025-06-13T17:26:35.175+0200] {processor.py:753} INFO - DAG(s) dict_keys(['latest_only_with_trigger']) retrieved from /home/monica.fernandez/practica_creativa/venv-airflow/lib/python3.11/site-packages/airflow/example_dags/example_latest_only_with_trigger.py
[2025-06-13T17:26:35.206+0200] {logging_mixin.py:137} INFO - [2025-06-13T17:26:35.205+0200] {dag.py:2690} INFO - Sync 1 DAGs
[2025-06-13T17:26:35.237+0200] {logging_mixin.py:137} INFO - [2025-06-13T17:26:35.236+0200] {dag.py:3437} INFO - Setting next_dagrun for latest_only_with_trigger to 2025-06-13T11:26:35.236679+00:00, run_after=2025-06-13T15:26:35.236679+00:00
[2025-06-13T17:26:35.306+0200] {processor.py:175} INFO - Processing /home/monica.fernandez/practica_creativa/venv-airflow/lib/python3.11/site-packages/airflow/example_dags/example_latest_only_with_trigger.py took 0.157 seconds
[2025-06-13T17:27:30.464+0200] {processor.py:153} INFO - Started process (PID=41722) to work on /home/monica.fernandez/practica_creativa/venv-airflow/lib/python3.11/site-packages/airflow/example_dags/example_latest_only_with_trigger.py
[2025-06-13T17:27:30.464+0200] {processor.py:743} INFO - Processing file /home/monica.fernandez/practica_creativa/venv-airflow/lib/python3.11/site-packages/airflow/example_dags/example_latest_only_with_trigger.py for tasks to queue
[2025-06-13T17:27:30.465+0200] {logging_mixin.py:137} INFO - [2025-06-13T17:27:30.465+0200] {dagbag.py:538} INFO - Filling up the DagBag from /home/monica.fernandez/practica_creativa/venv-airflow/lib/python3.11/site-packages/airflow/example_dags/example_latest_only_with_trigger.py
[2025-06-13T17:27:30.487+0200] {processor.py:753} INFO - DAG(s) dict_keys(['latest_only_with_trigger']) retrieved from /home/monica.fernandez/practica_creativa/venv-airflow/lib/python3.11/site-packages/airflow/example_dags/example_latest_only_with_trigger.py
[2025-06-13T17:27:30.522+0200] {logging_mixin.py:137} INFO - [2025-06-13T17:27:30.522+0200] {dag.py:2690} INFO - Sync 1 DAGs
[2025-06-13T17:27:30.557+0200] {logging_mixin.py:137} INFO - [2025-06-13T17:27:30.557+0200] {dag.py:3437} INFO - Setting next_dagrun for latest_only_with_trigger to 2025-06-13T11:27:30.556761+00:00, run_after=2025-06-13T15:27:30.556761+00:00
[2025-06-13T17:27:30.628+0200] {processor.py:175} INFO - Processing /home/monica.fernandez/practica_creativa/venv-airflow/lib/python3.11/site-packages/airflow/example_dags/example_latest_only_with_trigger.py took 0.168 seconds
[2025-06-13T17:28:19.962+0200] {processor.py:153} INFO - Started process (PID=42169) to work on /home/monica.fernandez/practica_creativa/venv-airflow/lib/python3.11/site-packages/airflow/example_dags/example_latest_only_with_trigger.py
[2025-06-13T17:28:19.963+0200] {processor.py:743} INFO - Processing file /home/monica.fernandez/practica_creativa/venv-airflow/lib/python3.11/site-packages/airflow/example_dags/example_latest_only_with_trigger.py for tasks to queue
[2025-06-13T17:28:19.963+0200] {logging_mixin.py:137} INFO - [2025-06-13T17:28:19.963+0200] {dagbag.py:538} INFO - Filling up the DagBag from /home/monica.fernandez/practica_creativa/venv-airflow/lib/python3.11/site-packages/airflow/example_dags/example_latest_only_with_trigger.py
[2025-06-13T17:28:19.983+0200] {processor.py:753} INFO - DAG(s) dict_keys(['latest_only_with_trigger']) retrieved from /home/monica.fernandez/practica_creativa/venv-airflow/lib/python3.11/site-packages/airflow/example_dags/example_latest_only_with_trigger.py
[2025-06-13T17:28:20.016+0200] {logging_mixin.py:137} INFO - [2025-06-13T17:28:20.016+0200] {dag.py:2690} INFO - Sync 1 DAGs
[2025-06-13T17:28:20.043+0200] {logging_mixin.py:137} INFO - [2025-06-13T17:28:20.043+0200] {dag.py:3437} INFO - Setting next_dagrun for latest_only_with_trigger to 2025-06-13T11:28:20.043525+00:00, run_after=2025-06-13T15:28:20.043525+00:00
[2025-06-13T17:28:20.115+0200] {processor.py:175} INFO - Processing /home/monica.fernandez/practica_creativa/venv-airflow/lib/python3.11/site-packages/airflow/example_dags/example_latest_only_with_trigger.py took 0.157 seconds
[2025-06-13T17:29:08.730+0200] {processor.py:153} INFO - Started process (PID=42595) to work on /home/monica.fernandez/practica_creativa/venv-airflow/lib/python3.11/site-packages/airflow/example_dags/example_latest_only_with_trigger.py
[2025-06-13T17:29:08.732+0200] {processor.py:743} INFO - Processing file /home/monica.fernandez/practica_creativa/venv-airflow/lib/python3.11/site-packages/airflow/example_dags/example_latest_only_with_trigger.py for tasks to queue
[2025-06-13T17:29:08.732+0200] {logging_mixin.py:137} INFO - [2025-06-13T17:29:08.732+0200] {dagbag.py:538} INFO - Filling up the DagBag from /home/monica.fernandez/practica_creativa/venv-airflow/lib/python3.11/site-packages/airflow/example_dags/example_latest_only_with_trigger.py
[2025-06-13T17:29:08.754+0200] {processor.py:753} INFO - DAG(s) dict_keys(['latest_only_with_trigger']) retrieved from /home/monica.fernandez/practica_creativa/venv-airflow/lib/python3.11/site-packages/airflow/example_dags/example_latest_only_with_trigger.py
[2025-06-13T17:29:08.785+0200] {logging_mixin.py:137} INFO - [2025-06-13T17:29:08.785+0200] {dag.py:2690} INFO - Sync 1 DAGs
[2025-06-13T17:29:08.815+0200] {logging_mixin.py:137} INFO - [2025-06-13T17:29:08.815+0200] {dag.py:3437} INFO - Setting next_dagrun for latest_only_with_trigger to 2025-06-13T11:29:08.815438+00:00, run_after=2025-06-13T15:29:08.815438+00:00
[2025-06-13T17:29:08.875+0200] {processor.py:175} INFO - Processing /home/monica.fernandez/practica_creativa/venv-airflow/lib/python3.11/site-packages/airflow/example_dags/example_latest_only_with_trigger.py took 0.148 seconds
[2025-06-13T17:30:16.590+0200] {processor.py:153} INFO - Started process (PID=43253) to work on /home/monica.fernandez/practica_creativa/venv-airflow/lib/python3.11/site-packages/airflow/example_dags/example_latest_only_with_trigger.py
[2025-06-13T17:30:16.591+0200] {processor.py:743} INFO - Processing file /home/monica.fernandez/practica_creativa/venv-airflow/lib/python3.11/site-packages/airflow/example_dags/example_latest_only_with_trigger.py for tasks to queue
[2025-06-13T17:30:16.591+0200] {logging_mixin.py:137} INFO - [2025-06-13T17:30:16.591+0200] {dagbag.py:538} INFO - Filling up the DagBag from /home/monica.fernandez/practica_creativa/venv-airflow/lib/python3.11/site-packages/airflow/example_dags/example_latest_only_with_trigger.py
[2025-06-13T17:30:16.616+0200] {processor.py:753} INFO - DAG(s) dict_keys(['latest_only_with_trigger']) retrieved from /home/monica.fernandez/practica_creativa/venv-airflow/lib/python3.11/site-packages/airflow/example_dags/example_latest_only_with_trigger.py
[2025-06-13T17:30:16.654+0200] {logging_mixin.py:137} INFO - [2025-06-13T17:30:16.654+0200] {dag.py:2690} INFO - Sync 1 DAGs
[2025-06-13T17:30:16.683+0200] {logging_mixin.py:137} INFO - [2025-06-13T17:30:16.683+0200] {dag.py:3437} INFO - Setting next_dagrun for latest_only_with_trigger to 2025-06-13T11:30:16.682819+00:00, run_after=2025-06-13T15:30:16.682819+00:00
[2025-06-13T17:30:16.747+0200] {processor.py:175} INFO - Processing /home/monica.fernandez/practica_creativa/venv-airflow/lib/python3.11/site-packages/airflow/example_dags/example_latest_only_with_trigger.py took 0.160 seconds
[2025-06-13T17:31:49.624+0200] {processor.py:153} INFO - Started process (PID=44348) to work on /home/monica.fernandez/practica_creativa/venv-airflow/lib/python3.11/site-packages/airflow/example_dags/example_latest_only_with_trigger.py
[2025-06-13T17:31:49.625+0200] {processor.py:743} INFO - Processing file /home/monica.fernandez/practica_creativa/venv-airflow/lib/python3.11/site-packages/airflow/example_dags/example_latest_only_with_trigger.py for tasks to queue
[2025-06-13T17:31:49.628+0200] {logging_mixin.py:137} INFO - [2025-06-13T17:31:49.628+0200] {dagbag.py:538} INFO - Filling up the DagBag from /home/monica.fernandez/practica_creativa/venv-airflow/lib/python3.11/site-packages/airflow/example_dags/example_latest_only_with_trigger.py
[2025-06-13T17:31:49.652+0200] {processor.py:753} INFO - DAG(s) dict_keys(['latest_only_with_trigger']) retrieved from /home/monica.fernandez/practica_creativa/venv-airflow/lib/python3.11/site-packages/airflow/example_dags/example_latest_only_with_trigger.py
[2025-06-13T17:31:49.685+0200] {logging_mixin.py:137} INFO - [2025-06-13T17:31:49.685+0200] {dag.py:2690} INFO - Sync 1 DAGs
[2025-06-13T17:31:49.716+0200] {logging_mixin.py:137} INFO - [2025-06-13T17:31:49.715+0200] {dag.py:3437} INFO - Setting next_dagrun for latest_only_with_trigger to 2025-06-13T11:31:49.715555+00:00, run_after=2025-06-13T15:31:49.715555+00:00
[2025-06-13T17:31:49.793+0200] {processor.py:175} INFO - Processing /home/monica.fernandez/practica_creativa/venv-airflow/lib/python3.11/site-packages/airflow/example_dags/example_latest_only_with_trigger.py took 0.176 seconds
[2025-06-13T17:32:40.639+0200] {processor.py:153} INFO - Started process (PID=44852) to work on /home/monica.fernandez/practica_creativa/venv-airflow/lib/python3.11/site-packages/airflow/example_dags/example_latest_only_with_trigger.py
[2025-06-13T17:32:40.640+0200] {processor.py:743} INFO - Processing file /home/monica.fernandez/practica_creativa/venv-airflow/lib/python3.11/site-packages/airflow/example_dags/example_latest_only_with_trigger.py for tasks to queue
[2025-06-13T17:32:40.641+0200] {logging_mixin.py:137} INFO - [2025-06-13T17:32:40.641+0200] {dagbag.py:538} INFO - Filling up the DagBag from /home/monica.fernandez/practica_creativa/venv-airflow/lib/python3.11/site-packages/airflow/example_dags/example_latest_only_with_trigger.py
[2025-06-13T17:32:40.671+0200] {processor.py:753} INFO - DAG(s) dict_keys(['latest_only_with_trigger']) retrieved from /home/monica.fernandez/practica_creativa/venv-airflow/lib/python3.11/site-packages/airflow/example_dags/example_latest_only_with_trigger.py
[2025-06-13T17:32:40.715+0200] {logging_mixin.py:137} INFO - [2025-06-13T17:32:40.714+0200] {dag.py:2690} INFO - Sync 1 DAGs
[2025-06-13T17:32:40.748+0200] {logging_mixin.py:137} INFO - [2025-06-13T17:32:40.747+0200] {dag.py:3437} INFO - Setting next_dagrun for latest_only_with_trigger to 2025-06-13T11:32:40.747502+00:00, run_after=2025-06-13T15:32:40.747502+00:00
[2025-06-13T17:32:40.854+0200] {processor.py:175} INFO - Processing /home/monica.fernandez/practica_creativa/venv-airflow/lib/python3.11/site-packages/airflow/example_dags/example_latest_only_with_trigger.py took 0.219 seconds
[2025-06-13T17:33:44.310+0200] {processor.py:153} INFO - Started process (PID=45388) to work on /home/monica.fernandez/practica_creativa/venv-airflow/lib/python3.11/site-packages/airflow/example_dags/example_latest_only_with_trigger.py
[2025-06-13T17:33:44.311+0200] {processor.py:743} INFO - Processing file /home/monica.fernandez/practica_creativa/venv-airflow/lib/python3.11/site-packages/airflow/example_dags/example_latest_only_with_trigger.py for tasks to queue
[2025-06-13T17:33:44.312+0200] {logging_mixin.py:137} INFO - [2025-06-13T17:33:44.312+0200] {dagbag.py:538} INFO - Filling up the DagBag from /home/monica.fernandez/practica_creativa/venv-airflow/lib/python3.11/site-packages/airflow/example_dags/example_latest_only_with_trigger.py
[2025-06-13T17:33:44.341+0200] {processor.py:753} INFO - DAG(s) dict_keys(['latest_only_with_trigger']) retrieved from /home/monica.fernandez/practica_creativa/venv-airflow/lib/python3.11/site-packages/airflow/example_dags/example_latest_only_with_trigger.py
[2025-06-13T17:33:44.380+0200] {logging_mixin.py:137} INFO - [2025-06-13T17:33:44.380+0200] {dag.py:2690} INFO - Sync 1 DAGs
[2025-06-13T17:33:44.418+0200] {logging_mixin.py:137} INFO - [2025-06-13T17:33:44.418+0200] {dag.py:3437} INFO - Setting next_dagrun for latest_only_with_trigger to 2025-06-13T11:33:44.417760+00:00, run_after=2025-06-13T15:33:44.417760+00:00
[2025-06-13T17:33:44.483+0200] {processor.py:175} INFO - Processing /home/monica.fernandez/practica_creativa/venv-airflow/lib/python3.11/site-packages/airflow/example_dags/example_latest_only_with_trigger.py took 0.179 seconds
[2025-06-13T17:34:43.665+0200] {processor.py:153} INFO - Started process (PID=45903) to work on /home/monica.fernandez/practica_creativa/venv-airflow/lib/python3.11/site-packages/airflow/example_dags/example_latest_only_with_trigger.py
[2025-06-13T17:34:43.667+0200] {processor.py:743} INFO - Processing file /home/monica.fernandez/practica_creativa/venv-airflow/lib/python3.11/site-packages/airflow/example_dags/example_latest_only_with_trigger.py for tasks to queue
[2025-06-13T17:34:43.668+0200] {logging_mixin.py:137} INFO - [2025-06-13T17:34:43.667+0200] {dagbag.py:538} INFO - Filling up the DagBag from /home/monica.fernandez/practica_creativa/venv-airflow/lib/python3.11/site-packages/airflow/example_dags/example_latest_only_with_trigger.py
[2025-06-13T17:34:43.698+0200] {processor.py:753} INFO - DAG(s) dict_keys(['latest_only_with_trigger']) retrieved from /home/monica.fernandez/practica_creativa/venv-airflow/lib/python3.11/site-packages/airflow/example_dags/example_latest_only_with_trigger.py
[2025-06-13T17:34:43.740+0200] {logging_mixin.py:137} INFO - [2025-06-13T17:34:43.739+0200] {dag.py:2690} INFO - Sync 1 DAGs
[2025-06-13T17:34:43.772+0200] {logging_mixin.py:137} INFO - [2025-06-13T17:34:43.772+0200] {dag.py:3437} INFO - Setting next_dagrun for latest_only_with_trigger to 2025-06-13T11:34:43.772447+00:00, run_after=2025-06-13T15:34:43.772447+00:00
[2025-06-13T17:34:43.834+0200] {processor.py:175} INFO - Processing /home/monica.fernandez/practica_creativa/venv-airflow/lib/python3.11/site-packages/airflow/example_dags/example_latest_only_with_trigger.py took 0.174 seconds
[2025-06-13T17:35:41.908+0200] {processor.py:153} INFO - Started process (PID=46516) to work on /home/monica.fernandez/practica_creativa/venv-airflow/lib/python3.11/site-packages/airflow/example_dags/example_latest_only_with_trigger.py
[2025-06-13T17:35:41.909+0200] {processor.py:743} INFO - Processing file /home/monica.fernandez/practica_creativa/venv-airflow/lib/python3.11/site-packages/airflow/example_dags/example_latest_only_with_trigger.py for tasks to queue
[2025-06-13T17:35:41.909+0200] {logging_mixin.py:137} INFO - [2025-06-13T17:35:41.909+0200] {dagbag.py:538} INFO - Filling up the DagBag from /home/monica.fernandez/practica_creativa/venv-airflow/lib/python3.11/site-packages/airflow/example_dags/example_latest_only_with_trigger.py
[2025-06-13T17:35:41.932+0200] {processor.py:753} INFO - DAG(s) dict_keys(['latest_only_with_trigger']) retrieved from /home/monica.fernandez/practica_creativa/venv-airflow/lib/python3.11/site-packages/airflow/example_dags/example_latest_only_with_trigger.py
[2025-06-13T17:35:41.964+0200] {logging_mixin.py:137} INFO - [2025-06-13T17:35:41.964+0200] {dag.py:2690} INFO - Sync 1 DAGs
[2025-06-13T17:35:41.992+0200] {logging_mixin.py:137} INFO - [2025-06-13T17:35:41.991+0200] {dag.py:3437} INFO - Setting next_dagrun for latest_only_with_trigger to 2025-06-13T11:35:41.991718+00:00, run_after=2025-06-13T15:35:41.991718+00:00
[2025-06-13T17:35:42.052+0200] {processor.py:175} INFO - Processing /home/monica.fernandez/practica_creativa/venv-airflow/lib/python3.11/site-packages/airflow/example_dags/example_latest_only_with_trigger.py took 0.147 seconds
[2025-06-13T17:37:11.782+0200] {processor.py:153} INFO - Started process (PID=47371) to work on /home/monica.fernandez/practica_creativa/venv-airflow/lib/python3.11/site-packages/airflow/example_dags/example_latest_only_with_trigger.py
[2025-06-13T17:37:11.783+0200] {processor.py:743} INFO - Processing file /home/monica.fernandez/practica_creativa/venv-airflow/lib/python3.11/site-packages/airflow/example_dags/example_latest_only_with_trigger.py for tasks to queue
[2025-06-13T17:37:11.783+0200] {logging_mixin.py:137} INFO - [2025-06-13T17:37:11.783+0200] {dagbag.py:538} INFO - Filling up the DagBag from /home/monica.fernandez/practica_creativa/venv-airflow/lib/python3.11/site-packages/airflow/example_dags/example_latest_only_with_trigger.py
[2025-06-13T17:37:11.813+0200] {processor.py:753} INFO - DAG(s) dict_keys(['latest_only_with_trigger']) retrieved from /home/monica.fernandez/practica_creativa/venv-airflow/lib/python3.11/site-packages/airflow/example_dags/example_latest_only_with_trigger.py
[2025-06-13T17:37:11.857+0200] {logging_mixin.py:137} INFO - [2025-06-13T17:37:11.857+0200] {dag.py:2690} INFO - Sync 1 DAGs
[2025-06-13T17:37:11.895+0200] {logging_mixin.py:137} INFO - [2025-06-13T17:37:11.895+0200] {dag.py:3437} INFO - Setting next_dagrun for latest_only_with_trigger to 2025-06-13T11:37:11.895358+00:00, run_after=2025-06-13T15:37:11.895358+00:00
[2025-06-13T17:37:11.976+0200] {processor.py:175} INFO - Processing /home/monica.fernandez/practica_creativa/venv-airflow/lib/python3.11/site-packages/airflow/example_dags/example_latest_only_with_trigger.py took 0.201 seconds
[2025-06-13T17:38:03.038+0200] {processor.py:153} INFO - Started process (PID=47865) to work on /home/monica.fernandez/practica_creativa/venv-airflow/lib/python3.11/site-packages/airflow/example_dags/example_latest_only_with_trigger.py
[2025-06-13T17:38:03.039+0200] {processor.py:743} INFO - Processing file /home/monica.fernandez/practica_creativa/venv-airflow/lib/python3.11/site-packages/airflow/example_dags/example_latest_only_with_trigger.py for tasks to queue
[2025-06-13T17:38:03.040+0200] {logging_mixin.py:137} INFO - [2025-06-13T17:38:03.040+0200] {dagbag.py:538} INFO - Filling up the DagBag from /home/monica.fernandez/practica_creativa/venv-airflow/lib/python3.11/site-packages/airflow/example_dags/example_latest_only_with_trigger.py
[2025-06-13T17:38:03.063+0200] {processor.py:753} INFO - DAG(s) dict_keys(['latest_only_with_trigger']) retrieved from /home/monica.fernandez/practica_creativa/venv-airflow/lib/python3.11/site-packages/airflow/example_dags/example_latest_only_with_trigger.py
[2025-06-13T17:38:03.106+0200] {logging_mixin.py:137} INFO - [2025-06-13T17:38:03.106+0200] {dag.py:2690} INFO - Sync 1 DAGs
[2025-06-13T17:38:03.133+0200] {logging_mixin.py:137} INFO - [2025-06-13T17:38:03.133+0200] {dag.py:3437} INFO - Setting next_dagrun for latest_only_with_trigger to 2025-06-13T11:38:03.132991+00:00, run_after=2025-06-13T15:38:03.132991+00:00
[2025-06-13T17:38:03.194+0200] {processor.py:175} INFO - Processing /home/monica.fernandez/practica_creativa/venv-airflow/lib/python3.11/site-packages/airflow/example_dags/example_latest_only_with_trigger.py took 0.161 seconds
[2025-06-13T17:39:00.484+0200] {processor.py:153} INFO - Started process (PID=48291) to work on /home/monica.fernandez/practica_creativa/venv-airflow/lib/python3.11/site-packages/airflow/example_dags/example_latest_only_with_trigger.py
[2025-06-13T17:39:00.485+0200] {processor.py:743} INFO - Processing file /home/monica.fernandez/practica_creativa/venv-airflow/lib/python3.11/site-packages/airflow/example_dags/example_latest_only_with_trigger.py for tasks to queue
[2025-06-13T17:39:00.485+0200] {logging_mixin.py:137} INFO - [2025-06-13T17:39:00.485+0200] {dagbag.py:538} INFO - Filling up the DagBag from /home/monica.fernandez/practica_creativa/venv-airflow/lib/python3.11/site-packages/airflow/example_dags/example_latest_only_with_trigger.py
[2025-06-13T17:39:00.507+0200] {processor.py:753} INFO - DAG(s) dict_keys(['latest_only_with_trigger']) retrieved from /home/monica.fernandez/practica_creativa/venv-airflow/lib/python3.11/site-packages/airflow/example_dags/example_latest_only_with_trigger.py
[2025-06-13T17:39:00.541+0200] {logging_mixin.py:137} INFO - [2025-06-13T17:39:00.541+0200] {dag.py:2690} INFO - Sync 1 DAGs
[2025-06-13T17:39:00.574+0200] {logging_mixin.py:137} INFO - [2025-06-13T17:39:00.573+0200] {dag.py:3437} INFO - Setting next_dagrun for latest_only_with_trigger to 2025-06-13T11:39:00.573708+00:00, run_after=2025-06-13T15:39:00.573708+00:00
[2025-06-13T17:39:00.640+0200] {processor.py:175} INFO - Processing /home/monica.fernandez/practica_creativa/venv-airflow/lib/python3.11/site-packages/airflow/example_dags/example_latest_only_with_trigger.py took 0.160 seconds
[2025-06-13T17:39:52.311+0200] {processor.py:153} INFO - Started process (PID=48821) to work on /home/monica.fernandez/practica_creativa/venv-airflow/lib/python3.11/site-packages/airflow/example_dags/example_latest_only_with_trigger.py
[2025-06-13T17:39:52.312+0200] {processor.py:743} INFO - Processing file /home/monica.fernandez/practica_creativa/venv-airflow/lib/python3.11/site-packages/airflow/example_dags/example_latest_only_with_trigger.py for tasks to queue
[2025-06-13T17:39:52.313+0200] {logging_mixin.py:137} INFO - [2025-06-13T17:39:52.313+0200] {dagbag.py:538} INFO - Filling up the DagBag from /home/monica.fernandez/practica_creativa/venv-airflow/lib/python3.11/site-packages/airflow/example_dags/example_latest_only_with_trigger.py
[2025-06-13T17:39:52.339+0200] {processor.py:753} INFO - DAG(s) dict_keys(['latest_only_with_trigger']) retrieved from /home/monica.fernandez/practica_creativa/venv-airflow/lib/python3.11/site-packages/airflow/example_dags/example_latest_only_with_trigger.py
[2025-06-13T17:39:52.374+0200] {logging_mixin.py:137} INFO - [2025-06-13T17:39:52.374+0200] {dag.py:2690} INFO - Sync 1 DAGs
[2025-06-13T17:39:52.409+0200] {logging_mixin.py:137} INFO - [2025-06-13T17:39:52.409+0200] {dag.py:3437} INFO - Setting next_dagrun for latest_only_with_trigger to 2025-06-13T11:39:52.409035+00:00, run_after=2025-06-13T15:39:52.409035+00:00
[2025-06-13T17:39:52.479+0200] {processor.py:175} INFO - Processing /home/monica.fernandez/practica_creativa/venv-airflow/lib/python3.11/site-packages/airflow/example_dags/example_latest_only_with_trigger.py took 0.171 seconds
[2025-06-13T17:40:49.125+0200] {processor.py:153} INFO - Started process (PID=49310) to work on /home/monica.fernandez/practica_creativa/venv-airflow/lib/python3.11/site-packages/airflow/example_dags/example_latest_only_with_trigger.py
[2025-06-13T17:40:49.126+0200] {processor.py:743} INFO - Processing file /home/monica.fernandez/practica_creativa/venv-airflow/lib/python3.11/site-packages/airflow/example_dags/example_latest_only_with_trigger.py for tasks to queue
[2025-06-13T17:40:49.127+0200] {logging_mixin.py:137} INFO - [2025-06-13T17:40:49.127+0200] {dagbag.py:538} INFO - Filling up the DagBag from /home/monica.fernandez/practica_creativa/venv-airflow/lib/python3.11/site-packages/airflow/example_dags/example_latest_only_with_trigger.py
[2025-06-13T17:40:49.154+0200] {processor.py:753} INFO - DAG(s) dict_keys(['latest_only_with_trigger']) retrieved from /home/monica.fernandez/practica_creativa/venv-airflow/lib/python3.11/site-packages/airflow/example_dags/example_latest_only_with_trigger.py
[2025-06-13T17:40:49.193+0200] {logging_mixin.py:137} INFO - [2025-06-13T17:40:49.193+0200] {dag.py:2690} INFO - Sync 1 DAGs
[2025-06-13T17:40:49.225+0200] {logging_mixin.py:137} INFO - [2025-06-13T17:40:49.224+0200] {dag.py:3437} INFO - Setting next_dagrun for latest_only_with_trigger to 2025-06-13T11:40:49.224572+00:00, run_after=2025-06-13T15:40:49.224572+00:00
[2025-06-13T17:40:49.293+0200] {processor.py:175} INFO - Processing /home/monica.fernandez/practica_creativa/venv-airflow/lib/python3.11/site-packages/airflow/example_dags/example_latest_only_with_trigger.py took 0.172 seconds
[2025-06-13T17:41:42.279+0200] {processor.py:153} INFO - Started process (PID=49798) to work on /home/monica.fernandez/practica_creativa/venv-airflow/lib/python3.11/site-packages/airflow/example_dags/example_latest_only_with_trigger.py
[2025-06-13T17:41:42.280+0200] {processor.py:743} INFO - Processing file /home/monica.fernandez/practica_creativa/venv-airflow/lib/python3.11/site-packages/airflow/example_dags/example_latest_only_with_trigger.py for tasks to queue
[2025-06-13T17:41:42.280+0200] {logging_mixin.py:137} INFO - [2025-06-13T17:41:42.280+0200] {dagbag.py:538} INFO - Filling up the DagBag from /home/monica.fernandez/practica_creativa/venv-airflow/lib/python3.11/site-packages/airflow/example_dags/example_latest_only_with_trigger.py
[2025-06-13T17:41:42.300+0200] {processor.py:753} INFO - DAG(s) dict_keys(['latest_only_with_trigger']) retrieved from /home/monica.fernandez/practica_creativa/venv-airflow/lib/python3.11/site-packages/airflow/example_dags/example_latest_only_with_trigger.py
[2025-06-13T17:41:42.327+0200] {logging_mixin.py:137} INFO - [2025-06-13T17:41:42.327+0200] {dag.py:2690} INFO - Sync 1 DAGs
[2025-06-13T17:41:42.352+0200] {logging_mixin.py:137} INFO - [2025-06-13T17:41:42.352+0200] {dag.py:3437} INFO - Setting next_dagrun for latest_only_with_trigger to 2025-06-13T11:41:42.352584+00:00, run_after=2025-06-13T15:41:42.352584+00:00
[2025-06-13T17:41:42.412+0200] {processor.py:175} INFO - Processing /home/monica.fernandez/practica_creativa/venv-airflow/lib/python3.11/site-packages/airflow/example_dags/example_latest_only_with_trigger.py took 0.136 seconds
[2025-06-13T17:42:34.232+0200] {processor.py:153} INFO - Started process (PID=50283) to work on /home/monica.fernandez/practica_creativa/venv-airflow/lib/python3.11/site-packages/airflow/example_dags/example_latest_only_with_trigger.py
[2025-06-13T17:42:34.232+0200] {processor.py:743} INFO - Processing file /home/monica.fernandez/practica_creativa/venv-airflow/lib/python3.11/site-packages/airflow/example_dags/example_latest_only_with_trigger.py for tasks to queue
[2025-06-13T17:42:34.233+0200] {logging_mixin.py:137} INFO - [2025-06-13T17:42:34.233+0200] {dagbag.py:538} INFO - Filling up the DagBag from /home/monica.fernandez/practica_creativa/venv-airflow/lib/python3.11/site-packages/airflow/example_dags/example_latest_only_with_trigger.py
[2025-06-13T17:42:34.255+0200] {processor.py:753} INFO - DAG(s) dict_keys(['latest_only_with_trigger']) retrieved from /home/monica.fernandez/practica_creativa/venv-airflow/lib/python3.11/site-packages/airflow/example_dags/example_latest_only_with_trigger.py
[2025-06-13T17:42:34.293+0200] {logging_mixin.py:137} INFO - [2025-06-13T17:42:34.293+0200] {dag.py:2690} INFO - Sync 1 DAGs
[2025-06-13T17:42:34.327+0200] {logging_mixin.py:137} INFO - [2025-06-13T17:42:34.327+0200] {dag.py:3437} INFO - Setting next_dagrun for latest_only_with_trigger to 2025-06-13T11:42:34.326781+00:00, run_after=2025-06-13T15:42:34.326781+00:00
[2025-06-13T17:42:34.390+0200] {processor.py:175} INFO - Processing /home/monica.fernandez/practica_creativa/venv-airflow/lib/python3.11/site-packages/airflow/example_dags/example_latest_only_with_trigger.py took 0.161 seconds
[2025-06-13T17:43:27.360+0200] {processor.py:153} INFO - Started process (PID=50705) to work on /home/monica.fernandez/practica_creativa/venv-airflow/lib/python3.11/site-packages/airflow/example_dags/example_latest_only_with_trigger.py
[2025-06-13T17:43:27.361+0200] {processor.py:743} INFO - Processing file /home/monica.fernandez/practica_creativa/venv-airflow/lib/python3.11/site-packages/airflow/example_dags/example_latest_only_with_trigger.py for tasks to queue
[2025-06-13T17:43:27.362+0200] {logging_mixin.py:137} INFO - [2025-06-13T17:43:27.362+0200] {dagbag.py:538} INFO - Filling up the DagBag from /home/monica.fernandez/practica_creativa/venv-airflow/lib/python3.11/site-packages/airflow/example_dags/example_latest_only_with_trigger.py
[2025-06-13T17:43:27.389+0200] {processor.py:753} INFO - DAG(s) dict_keys(['latest_only_with_trigger']) retrieved from /home/monica.fernandez/practica_creativa/venv-airflow/lib/python3.11/site-packages/airflow/example_dags/example_latest_only_with_trigger.py
[2025-06-13T17:43:27.431+0200] {logging_mixin.py:137} INFO - [2025-06-13T17:43:27.431+0200] {dag.py:2690} INFO - Sync 1 DAGs
[2025-06-13T17:43:27.459+0200] {logging_mixin.py:137} INFO - [2025-06-13T17:43:27.459+0200] {dag.py:3437} INFO - Setting next_dagrun for latest_only_with_trigger to 2025-06-13T11:43:27.458929+00:00, run_after=2025-06-13T15:43:27.458929+00:00
[2025-06-13T17:43:27.525+0200] {processor.py:175} INFO - Processing /home/monica.fernandez/practica_creativa/venv-airflow/lib/python3.11/site-packages/airflow/example_dags/example_latest_only_with_trigger.py took 0.169 seconds
[2025-06-13T17:44:31.511+0200] {processor.py:153} INFO - Started process (PID=51568) to work on /home/monica.fernandez/practica_creativa/venv-airflow/lib/python3.11/site-packages/airflow/example_dags/example_latest_only_with_trigger.py
[2025-06-13T17:44:31.512+0200] {processor.py:743} INFO - Processing file /home/monica.fernandez/practica_creativa/venv-airflow/lib/python3.11/site-packages/airflow/example_dags/example_latest_only_with_trigger.py for tasks to queue
[2025-06-13T17:44:31.512+0200] {logging_mixin.py:137} INFO - [2025-06-13T17:44:31.512+0200] {dagbag.py:538} INFO - Filling up the DagBag from /home/monica.fernandez/practica_creativa/venv-airflow/lib/python3.11/site-packages/airflow/example_dags/example_latest_only_with_trigger.py
[2025-06-13T17:44:31.539+0200] {processor.py:753} INFO - DAG(s) dict_keys(['latest_only_with_trigger']) retrieved from /home/monica.fernandez/practica_creativa/venv-airflow/lib/python3.11/site-packages/airflow/example_dags/example_latest_only_with_trigger.py
[2025-06-13T17:44:31.575+0200] {logging_mixin.py:137} INFO - [2025-06-13T17:44:31.574+0200] {dag.py:2690} INFO - Sync 1 DAGs
[2025-06-13T17:44:31.613+0200] {logging_mixin.py:137} INFO - [2025-06-13T17:44:31.613+0200] {dag.py:3437} INFO - Setting next_dagrun for latest_only_with_trigger to 2025-06-13T11:44:31.612826+00:00, run_after=2025-06-13T15:44:31.612826+00:00
[2025-06-13T17:44:31.792+0200] {processor.py:175} INFO - Processing /home/monica.fernandez/practica_creativa/venv-airflow/lib/python3.11/site-packages/airflow/example_dags/example_latest_only_with_trigger.py took 0.286 seconds
[2025-06-13T17:45:18.197+0200] {processor.py:153} INFO - Started process (PID=51991) to work on /home/monica.fernandez/practica_creativa/venv-airflow/lib/python3.11/site-packages/airflow/example_dags/example_latest_only_with_trigger.py
[2025-06-13T17:45:18.198+0200] {processor.py:743} INFO - Processing file /home/monica.fernandez/practica_creativa/venv-airflow/lib/python3.11/site-packages/airflow/example_dags/example_latest_only_with_trigger.py for tasks to queue
[2025-06-13T17:45:18.199+0200] {logging_mixin.py:137} INFO - [2025-06-13T17:45:18.199+0200] {dagbag.py:538} INFO - Filling up the DagBag from /home/monica.fernandez/practica_creativa/venv-airflow/lib/python3.11/site-packages/airflow/example_dags/example_latest_only_with_trigger.py
[2025-06-13T17:45:18.229+0200] {processor.py:753} INFO - DAG(s) dict_keys(['latest_only_with_trigger']) retrieved from /home/monica.fernandez/practica_creativa/venv-airflow/lib/python3.11/site-packages/airflow/example_dags/example_latest_only_with_trigger.py
[2025-06-13T17:45:18.271+0200] {logging_mixin.py:137} INFO - [2025-06-13T17:45:18.271+0200] {dag.py:2690} INFO - Sync 1 DAGs
[2025-06-13T17:45:18.427+0200] {logging_mixin.py:137} INFO - [2025-06-13T17:45:18.426+0200] {dag.py:3437} INFO - Setting next_dagrun for latest_only_with_trigger to 2025-06-13T11:45:18.426748+00:00, run_after=2025-06-13T15:45:18.426748+00:00
[2025-06-13T17:45:18.485+0200] {processor.py:175} INFO - Processing /home/monica.fernandez/practica_creativa/venv-airflow/lib/python3.11/site-packages/airflow/example_dags/example_latest_only_with_trigger.py took 0.293 seconds
[2025-06-13T17:46:03.529+0200] {processor.py:153} INFO - Started process (PID=52399) to work on /home/monica.fernandez/practica_creativa/venv-airflow/lib/python3.11/site-packages/airflow/example_dags/example_latest_only_with_trigger.py
[2025-06-13T17:46:03.530+0200] {processor.py:743} INFO - Processing file /home/monica.fernandez/practica_creativa/venv-airflow/lib/python3.11/site-packages/airflow/example_dags/example_latest_only_with_trigger.py for tasks to queue
[2025-06-13T17:46:03.530+0200] {logging_mixin.py:137} INFO - [2025-06-13T17:46:03.530+0200] {dagbag.py:538} INFO - Filling up the DagBag from /home/monica.fernandez/practica_creativa/venv-airflow/lib/python3.11/site-packages/airflow/example_dags/example_latest_only_with_trigger.py
[2025-06-13T17:46:03.546+0200] {processor.py:753} INFO - DAG(s) dict_keys(['latest_only_with_trigger']) retrieved from /home/monica.fernandez/practica_creativa/venv-airflow/lib/python3.11/site-packages/airflow/example_dags/example_latest_only_with_trigger.py
[2025-06-13T17:46:03.571+0200] {logging_mixin.py:137} INFO - [2025-06-13T17:46:03.571+0200] {dag.py:2690} INFO - Sync 1 DAGs
[2025-06-13T17:46:03.696+0200] {logging_mixin.py:137} INFO - [2025-06-13T17:46:03.696+0200] {dag.py:3437} INFO - Setting next_dagrun for latest_only_with_trigger to 2025-06-13T11:46:03.695940+00:00, run_after=2025-06-13T15:46:03.695940+00:00
[2025-06-13T17:46:03.778+0200] {processor.py:175} INFO - Processing /home/monica.fernandez/practica_creativa/venv-airflow/lib/python3.11/site-packages/airflow/example_dags/example_latest_only_with_trigger.py took 0.251 seconds
[2025-06-13T17:46:47.631+0200] {processor.py:153} INFO - Started process (PID=52781) to work on /home/monica.fernandez/practica_creativa/venv-airflow/lib/python3.11/site-packages/airflow/example_dags/example_latest_only_with_trigger.py
[2025-06-13T17:46:47.632+0200] {processor.py:743} INFO - Processing file /home/monica.fernandez/practica_creativa/venv-airflow/lib/python3.11/site-packages/airflow/example_dags/example_latest_only_with_trigger.py for tasks to queue
[2025-06-13T17:46:47.633+0200] {logging_mixin.py:137} INFO - [2025-06-13T17:46:47.633+0200] {dagbag.py:538} INFO - Filling up the DagBag from /home/monica.fernandez/practica_creativa/venv-airflow/lib/python3.11/site-packages/airflow/example_dags/example_latest_only_with_trigger.py
[2025-06-13T17:46:47.656+0200] {processor.py:753} INFO - DAG(s) dict_keys(['latest_only_with_trigger']) retrieved from /home/monica.fernandez/practica_creativa/venv-airflow/lib/python3.11/site-packages/airflow/example_dags/example_latest_only_with_trigger.py
[2025-06-13T17:46:47.852+0200] {logging_mixin.py:137} INFO - [2025-06-13T17:46:47.852+0200] {dag.py:2690} INFO - Sync 1 DAGs
[2025-06-13T17:46:47.880+0200] {logging_mixin.py:137} INFO - [2025-06-13T17:46:47.880+0200] {dag.py:3437} INFO - Setting next_dagrun for latest_only_with_trigger to 2025-06-13T11:46:47.879865+00:00, run_after=2025-06-13T15:46:47.879865+00:00
[2025-06-13T17:46:47.969+0200] {processor.py:175} INFO - Processing /home/monica.fernandez/practica_creativa/venv-airflow/lib/python3.11/site-packages/airflow/example_dags/example_latest_only_with_trigger.py took 0.342 seconds
[2025-06-13T17:47:33.144+0200] {processor.py:153} INFO - Started process (PID=53203) to work on /home/monica.fernandez/practica_creativa/venv-airflow/lib/python3.11/site-packages/airflow/example_dags/example_latest_only_with_trigger.py
[2025-06-13T17:47:33.145+0200] {processor.py:743} INFO - Processing file /home/monica.fernandez/practica_creativa/venv-airflow/lib/python3.11/site-packages/airflow/example_dags/example_latest_only_with_trigger.py for tasks to queue
[2025-06-13T17:47:33.145+0200] {logging_mixin.py:137} INFO - [2025-06-13T17:47:33.145+0200] {dagbag.py:538} INFO - Filling up the DagBag from /home/monica.fernandez/practica_creativa/venv-airflow/lib/python3.11/site-packages/airflow/example_dags/example_latest_only_with_trigger.py
[2025-06-13T17:47:33.163+0200] {processor.py:753} INFO - DAG(s) dict_keys(['latest_only_with_trigger']) retrieved from /home/monica.fernandez/practica_creativa/venv-airflow/lib/python3.11/site-packages/airflow/example_dags/example_latest_only_with_trigger.py
[2025-06-13T17:47:33.191+0200] {logging_mixin.py:137} INFO - [2025-06-13T17:47:33.191+0200] {dag.py:2690} INFO - Sync 1 DAGs
[2025-06-13T17:47:33.215+0200] {logging_mixin.py:137} INFO - [2025-06-13T17:47:33.215+0200] {dag.py:3437} INFO - Setting next_dagrun for latest_only_with_trigger to 2025-06-13T11:47:33.215336+00:00, run_after=2025-06-13T15:47:33.215336+00:00
[2025-06-13T17:47:33.268+0200] {processor.py:175} INFO - Processing /home/monica.fernandez/practica_creativa/venv-airflow/lib/python3.11/site-packages/airflow/example_dags/example_latest_only_with_trigger.py took 0.126 seconds
[2025-06-13T17:48:25.286+0200] {processor.py:153} INFO - Started process (PID=53618) to work on /home/monica.fernandez/practica_creativa/venv-airflow/lib/python3.11/site-packages/airflow/example_dags/example_latest_only_with_trigger.py
[2025-06-13T17:48:25.288+0200] {processor.py:743} INFO - Processing file /home/monica.fernandez/practica_creativa/venv-airflow/lib/python3.11/site-packages/airflow/example_dags/example_latest_only_with_trigger.py for tasks to queue
[2025-06-13T17:48:25.289+0200] {logging_mixin.py:137} INFO - [2025-06-13T17:48:25.289+0200] {dagbag.py:538} INFO - Filling up the DagBag from /home/monica.fernandez/practica_creativa/venv-airflow/lib/python3.11/site-packages/airflow/example_dags/example_latest_only_with_trigger.py
[2025-06-13T17:48:25.315+0200] {processor.py:753} INFO - DAG(s) dict_keys(['latest_only_with_trigger']) retrieved from /home/monica.fernandez/practica_creativa/venv-airflow/lib/python3.11/site-packages/airflow/example_dags/example_latest_only_with_trigger.py
[2025-06-13T17:48:25.342+0200] {logging_mixin.py:137} INFO - [2025-06-13T17:48:25.342+0200] {dag.py:2690} INFO - Sync 1 DAGs
[2025-06-13T17:48:25.368+0200] {logging_mixin.py:137} INFO - [2025-06-13T17:48:25.368+0200] {dag.py:3437} INFO - Setting next_dagrun for latest_only_with_trigger to 2025-06-13T11:48:25.368280+00:00, run_after=2025-06-13T15:48:25.368280+00:00
[2025-06-13T17:48:25.425+0200] {processor.py:175} INFO - Processing /home/monica.fernandez/practica_creativa/venv-airflow/lib/python3.11/site-packages/airflow/example_dags/example_latest_only_with_trigger.py took 0.147 seconds
[2025-06-13T17:49:22.346+0200] {processor.py:153} INFO - Started process (PID=54137) to work on /home/monica.fernandez/practica_creativa/venv-airflow/lib/python3.11/site-packages/airflow/example_dags/example_latest_only_with_trigger.py
[2025-06-13T17:49:22.347+0200] {processor.py:743} INFO - Processing file /home/monica.fernandez/practica_creativa/venv-airflow/lib/python3.11/site-packages/airflow/example_dags/example_latest_only_with_trigger.py for tasks to queue
[2025-06-13T17:49:22.347+0200] {logging_mixin.py:137} INFO - [2025-06-13T17:49:22.347+0200] {dagbag.py:538} INFO - Filling up the DagBag from /home/monica.fernandez/practica_creativa/venv-airflow/lib/python3.11/site-packages/airflow/example_dags/example_latest_only_with_trigger.py
[2025-06-13T17:49:22.391+0200] {processor.py:753} INFO - DAG(s) dict_keys(['latest_only_with_trigger']) retrieved from /home/monica.fernandez/practica_creativa/venv-airflow/lib/python3.11/site-packages/airflow/example_dags/example_latest_only_with_trigger.py
[2025-06-13T17:49:22.437+0200] {logging_mixin.py:137} INFO - [2025-06-13T17:49:22.437+0200] {dag.py:2690} INFO - Sync 1 DAGs
[2025-06-13T17:49:22.472+0200] {logging_mixin.py:137} INFO - [2025-06-13T17:49:22.472+0200] {dag.py:3437} INFO - Setting next_dagrun for latest_only_with_trigger to 2025-06-13T11:49:22.472432+00:00, run_after=2025-06-13T15:49:22.472432+00:00
[2025-06-13T17:49:22.577+0200] {processor.py:175} INFO - Processing /home/monica.fernandez/practica_creativa/venv-airflow/lib/python3.11/site-packages/airflow/example_dags/example_latest_only_with_trigger.py took 0.238 seconds
[2025-06-13T17:50:05.724+0200] {processor.py:153} INFO - Started process (PID=54528) to work on /home/monica.fernandez/practica_creativa/venv-airflow/lib/python3.11/site-packages/airflow/example_dags/example_latest_only_with_trigger.py
[2025-06-13T17:50:05.725+0200] {processor.py:743} INFO - Processing file /home/monica.fernandez/practica_creativa/venv-airflow/lib/python3.11/site-packages/airflow/example_dags/example_latest_only_with_trigger.py for tasks to queue
[2025-06-13T17:50:05.726+0200] {logging_mixin.py:137} INFO - [2025-06-13T17:50:05.726+0200] {dagbag.py:538} INFO - Filling up the DagBag from /home/monica.fernandez/practica_creativa/venv-airflow/lib/python3.11/site-packages/airflow/example_dags/example_latest_only_with_trigger.py
[2025-06-13T17:50:05.752+0200] {processor.py:753} INFO - DAG(s) dict_keys(['latest_only_with_trigger']) retrieved from /home/monica.fernandez/practica_creativa/venv-airflow/lib/python3.11/site-packages/airflow/example_dags/example_latest_only_with_trigger.py
[2025-06-13T17:50:05.788+0200] {logging_mixin.py:137} INFO - [2025-06-13T17:50:05.788+0200] {dag.py:2690} INFO - Sync 1 DAGs
[2025-06-13T17:50:05.827+0200] {logging_mixin.py:137} INFO - [2025-06-13T17:50:05.827+0200] {dag.py:3437} INFO - Setting next_dagrun for latest_only_with_trigger to 2025-06-13T11:50:05.827471+00:00, run_after=2025-06-13T15:50:05.827471+00:00
[2025-06-13T17:50:06.022+0200] {processor.py:175} INFO - Processing /home/monica.fernandez/practica_creativa/venv-airflow/lib/python3.11/site-packages/airflow/example_dags/example_latest_only_with_trigger.py took 0.302 seconds
[2025-06-13T17:50:54.377+0200] {processor.py:153} INFO - Started process (PID=55285) to work on /home/monica.fernandez/practica_creativa/venv-airflow/lib/python3.11/site-packages/airflow/example_dags/example_latest_only_with_trigger.py
[2025-06-13T17:50:54.378+0200] {processor.py:743} INFO - Processing file /home/monica.fernandez/practica_creativa/venv-airflow/lib/python3.11/site-packages/airflow/example_dags/example_latest_only_with_trigger.py for tasks to queue
[2025-06-13T17:50:54.379+0200] {logging_mixin.py:137} INFO - [2025-06-13T17:50:54.379+0200] {dagbag.py:538} INFO - Filling up the DagBag from /home/monica.fernandez/practica_creativa/venv-airflow/lib/python3.11/site-packages/airflow/example_dags/example_latest_only_with_trigger.py
[2025-06-13T17:50:54.399+0200] {processor.py:753} INFO - DAG(s) dict_keys(['latest_only_with_trigger']) retrieved from /home/monica.fernandez/practica_creativa/venv-airflow/lib/python3.11/site-packages/airflow/example_dags/example_latest_only_with_trigger.py
[2025-06-13T17:50:54.430+0200] {logging_mixin.py:137} INFO - [2025-06-13T17:50:54.430+0200] {dag.py:2690} INFO - Sync 1 DAGs
[2025-06-13T17:50:54.569+0200] {logging_mixin.py:137} INFO - [2025-06-13T17:50:54.569+0200] {dag.py:3437} INFO - Setting next_dagrun for latest_only_with_trigger to 2025-06-13T11:50:54.569367+00:00, run_after=2025-06-13T15:50:54.569367+00:00
[2025-06-13T17:50:54.621+0200] {processor.py:175} INFO - Processing /home/monica.fernandez/practica_creativa/venv-airflow/lib/python3.11/site-packages/airflow/example_dags/example_latest_only_with_trigger.py took 0.247 seconds
