[2025-06-23T12:43:12.236+0200] {processor.py:153} INFO - Started process (PID=27592) to work on /home/monica.fernandez/practica_creativa/venv-airflow/lib/python3.11/site-packages/airflow/example_dags/plugins/workday.py
[2025-06-23T12:43:12.237+0200] {processor.py:743} INFO - Processing file /home/monica.fernandez/practica_creativa/venv-airflow/lib/python3.11/site-packages/airflow/example_dags/plugins/workday.py for tasks to queue
[2025-06-23T12:43:12.238+0200] {logging_mixin.py:137} INFO - [2025-06-23T12:43:12.237+0200] {dagbag.py:538} INFO - Filling up the DagBag from /home/monica.fernandez/practica_creativa/venv-airflow/lib/python3.11/site-packages/airflow/example_dags/plugins/workday.py
[2025-06-23T12:43:12.240+0200] {processor.py:755} WARNING - No viable dags retrieved from /home/monica.fernandez/practica_creativa/venv-airflow/lib/python3.11/site-packages/airflow/example_dags/plugins/workday.py
[2025-06-23T12:43:12.262+0200] {processor.py:175} INFO - Processing /home/monica.fernandez/practica_creativa/venv-airflow/lib/python3.11/site-packages/airflow/example_dags/plugins/workday.py took 0.031 seconds
[2025-06-23T12:47:25.697+0200] {processor.py:153} INFO - Started process (PID=31118) to work on /home/monica.fernandez/practica_creativa/venv-airflow/lib/python3.11/site-packages/airflow/example_dags/plugins/workday.py
[2025-06-23T12:47:25.698+0200] {processor.py:743} INFO - Processing file /home/monica.fernandez/practica_creativa/venv-airflow/lib/python3.11/site-packages/airflow/example_dags/plugins/workday.py for tasks to queue
[2025-06-23T12:47:25.699+0200] {logging_mixin.py:137} INFO - [2025-06-23T12:47:25.699+0200] {dagbag.py:538} INFO - Filling up the DagBag from /home/monica.fernandez/practica_creativa/venv-airflow/lib/python3.11/site-packages/airflow/example_dags/plugins/workday.py
[2025-06-23T12:47:25.702+0200] {processor.py:755} WARNING - No viable dags retrieved from /home/monica.fernandez/practica_creativa/venv-airflow/lib/python3.11/site-packages/airflow/example_dags/plugins/workday.py
[2025-06-23T12:47:25.733+0200] {processor.py:175} INFO - Processing /home/monica.fernandez/practica_creativa/venv-airflow/lib/python3.11/site-packages/airflow/example_dags/plugins/workday.py took 0.041 seconds
[2025-06-23T12:48:12.087+0200] {processor.py:153} INFO - Started process (PID=31600) to work on /home/monica.fernandez/practica_creativa/venv-airflow/lib/python3.11/site-packages/airflow/example_dags/plugins/workday.py
[2025-06-23T12:48:12.088+0200] {processor.py:743} INFO - Processing file /home/monica.fernandez/practica_creativa/venv-airflow/lib/python3.11/site-packages/airflow/example_dags/plugins/workday.py for tasks to queue
[2025-06-23T12:48:12.089+0200] {logging_mixin.py:137} INFO - [2025-06-23T12:48:12.089+0200] {dagbag.py:538} INFO - Filling up the DagBag from /home/monica.fernandez/practica_creativa/venv-airflow/lib/python3.11/site-packages/airflow/example_dags/plugins/workday.py
[2025-06-23T12:48:12.093+0200] {processor.py:755} WARNING - No viable dags retrieved from /home/monica.fernandez/practica_creativa/venv-airflow/lib/python3.11/site-packages/airflow/example_dags/plugins/workday.py
[2025-06-23T12:48:12.127+0200] {processor.py:175} INFO - Processing /home/monica.fernandez/practica_creativa/venv-airflow/lib/python3.11/site-packages/airflow/example_dags/plugins/workday.py took 0.045 seconds
[2025-06-23T12:48:47.653+0200] {processor.py:153} INFO - Started process (PID=31949) to work on /home/monica.fernandez/practica_creativa/venv-airflow/lib/python3.11/site-packages/airflow/example_dags/plugins/workday.py
[2025-06-23T12:48:47.654+0200] {processor.py:743} INFO - Processing file /home/monica.fernandez/practica_creativa/venv-airflow/lib/python3.11/site-packages/airflow/example_dags/plugins/workday.py for tasks to queue
[2025-06-23T12:48:47.655+0200] {logging_mixin.py:137} INFO - [2025-06-23T12:48:47.655+0200] {dagbag.py:538} INFO - Filling up the DagBag from /home/monica.fernandez/practica_creativa/venv-airflow/lib/python3.11/site-packages/airflow/example_dags/plugins/workday.py
[2025-06-23T12:48:47.658+0200] {processor.py:755} WARNING - No viable dags retrieved from /home/monica.fernandez/practica_creativa/venv-airflow/lib/python3.11/site-packages/airflow/example_dags/plugins/workday.py
[2025-06-23T12:48:47.687+0200] {processor.py:175} INFO - Processing /home/monica.fernandez/practica_creativa/venv-airflow/lib/python3.11/site-packages/airflow/example_dags/plugins/workday.py took 0.039 seconds
[2025-06-23T12:49:25.838+0200] {processor.py:153} INFO - Started process (PID=32393) to work on /home/monica.fernandez/practica_creativa/venv-airflow/lib/python3.11/site-packages/airflow/example_dags/plugins/workday.py
[2025-06-23T12:49:25.838+0200] {processor.py:743} INFO - Processing file /home/monica.fernandez/practica_creativa/venv-airflow/lib/python3.11/site-packages/airflow/example_dags/plugins/workday.py for tasks to queue
[2025-06-23T12:49:25.839+0200] {logging_mixin.py:137} INFO - [2025-06-23T12:49:25.839+0200] {dagbag.py:538} INFO - Filling up the DagBag from /home/monica.fernandez/practica_creativa/venv-airflow/lib/python3.11/site-packages/airflow/example_dags/plugins/workday.py
[2025-06-23T12:49:25.844+0200] {processor.py:755} WARNING - No viable dags retrieved from /home/monica.fernandez/practica_creativa/venv-airflow/lib/python3.11/site-packages/airflow/example_dags/plugins/workday.py
[2025-06-23T12:49:25.864+0200] {processor.py:175} INFO - Processing /home/monica.fernandez/practica_creativa/venv-airflow/lib/python3.11/site-packages/airflow/example_dags/plugins/workday.py took 0.029 seconds
[2025-06-23T12:50:01.625+0200] {processor.py:153} INFO - Started process (PID=32769) to work on /home/monica.fernandez/practica_creativa/venv-airflow/lib/python3.11/site-packages/airflow/example_dags/plugins/workday.py
[2025-06-23T12:50:01.626+0200] {processor.py:743} INFO - Processing file /home/monica.fernandez/practica_creativa/venv-airflow/lib/python3.11/site-packages/airflow/example_dags/plugins/workday.py for tasks to queue
[2025-06-23T12:50:01.627+0200] {logging_mixin.py:137} INFO - [2025-06-23T12:50:01.627+0200] {dagbag.py:538} INFO - Filling up the DagBag from /home/monica.fernandez/practica_creativa/venv-airflow/lib/python3.11/site-packages/airflow/example_dags/plugins/workday.py
[2025-06-23T12:50:01.631+0200] {processor.py:755} WARNING - No viable dags retrieved from /home/monica.fernandez/practica_creativa/venv-airflow/lib/python3.11/site-packages/airflow/example_dags/plugins/workday.py
[2025-06-23T12:50:01.661+0200] {processor.py:175} INFO - Processing /home/monica.fernandez/practica_creativa/venv-airflow/lib/python3.11/site-packages/airflow/example_dags/plugins/workday.py took 0.041 seconds
[2025-06-23T12:50:36.470+0200] {processor.py:153} INFO - Started process (PID=33147) to work on /home/monica.fernandez/practica_creativa/venv-airflow/lib/python3.11/site-packages/airflow/example_dags/plugins/workday.py
[2025-06-23T12:50:36.471+0200] {processor.py:743} INFO - Processing file /home/monica.fernandez/practica_creativa/venv-airflow/lib/python3.11/site-packages/airflow/example_dags/plugins/workday.py for tasks to queue
[2025-06-23T12:50:36.471+0200] {logging_mixin.py:137} INFO - [2025-06-23T12:50:36.471+0200] {dagbag.py:538} INFO - Filling up the DagBag from /home/monica.fernandez/practica_creativa/venv-airflow/lib/python3.11/site-packages/airflow/example_dags/plugins/workday.py
[2025-06-23T12:50:36.476+0200] {processor.py:755} WARNING - No viable dags retrieved from /home/monica.fernandez/practica_creativa/venv-airflow/lib/python3.11/site-packages/airflow/example_dags/plugins/workday.py
[2025-06-23T12:50:36.511+0200] {processor.py:175} INFO - Processing /home/monica.fernandez/practica_creativa/venv-airflow/lib/python3.11/site-packages/airflow/example_dags/plugins/workday.py took 0.045 seconds
[2025-06-23T12:51:13.603+0200] {processor.py:153} INFO - Started process (PID=33578) to work on /home/monica.fernandez/practica_creativa/venv-airflow/lib/python3.11/site-packages/airflow/example_dags/plugins/workday.py
[2025-06-23T12:51:13.603+0200] {processor.py:743} INFO - Processing file /home/monica.fernandez/practica_creativa/venv-airflow/lib/python3.11/site-packages/airflow/example_dags/plugins/workday.py for tasks to queue
[2025-06-23T12:51:13.605+0200] {logging_mixin.py:137} INFO - [2025-06-23T12:51:13.605+0200] {dagbag.py:538} INFO - Filling up the DagBag from /home/monica.fernandez/practica_creativa/venv-airflow/lib/python3.11/site-packages/airflow/example_dags/plugins/workday.py
[2025-06-23T12:51:13.606+0200] {processor.py:755} WARNING - No viable dags retrieved from /home/monica.fernandez/practica_creativa/venv-airflow/lib/python3.11/site-packages/airflow/example_dags/plugins/workday.py
[2025-06-23T12:51:13.625+0200] {processor.py:175} INFO - Processing /home/monica.fernandez/practica_creativa/venv-airflow/lib/python3.11/site-packages/airflow/example_dags/plugins/workday.py took 0.024 seconds
