[2025-06-11T17:26:31.786+0200] {processor.py:153} INFO - Started process (PID=165485) to work on /home/monica.fernandez/practica_creativa/venv-airflow/lib/python3.11/site-packages/airflow/example_dags/example_branch_operator.py
[2025-06-11T17:26:31.791+0200] {processor.py:743} INFO - Processing file /home/monica.fernandez/practica_creativa/venv-airflow/lib/python3.11/site-packages/airflow/example_dags/example_branch_operator.py for tasks to queue
[2025-06-11T17:26:31.791+0200] {logging_mixin.py:137} INFO - [2025-06-11T17:26:31.791+0200] {dagbag.py:538} INFO - Filling up the DagBag from /home/monica.fernandez/practica_creativa/venv-airflow/lib/python3.11/site-packages/airflow/example_dags/example_branch_operator.py
[2025-06-11T17:26:31.853+0200] {processor.py:753} INFO - DAG(s) dict_keys(['example_branch_operator']) retrieved from /home/monica.fernandez/practica_creativa/venv-airflow/lib/python3.11/site-packages/airflow/example_dags/example_branch_operator.py
[2025-06-11T17:26:32.181+0200] {logging_mixin.py:137} INFO - [2025-06-11T17:26:32.181+0200] {manager.py:504} INFO - Created Permission View: can read on DAG:example_branch_operator
[2025-06-11T17:26:32.215+0200] {logging_mixin.py:137} INFO - [2025-06-11T17:26:32.214+0200] {manager.py:504} INFO - Created Permission View: can edit on DAG:example_branch_operator
[2025-06-11T17:26:32.247+0200] {logging_mixin.py:137} INFO - [2025-06-11T17:26:32.246+0200] {manager.py:504} INFO - Created Permission View: can delete on DAG:example_branch_operator
[2025-06-11T17:26:32.247+0200] {logging_mixin.py:137} INFO - [2025-06-11T17:26:32.247+0200] {dag.py:2690} INFO - Sync 1 DAGs
[2025-06-11T17:26:32.301+0200] {logging_mixin.py:137} INFO - [2025-06-11T17:26:32.300+0200] {dag.py:2711} INFO - Creating ORM DAG for example_branch_operator
[2025-06-11T17:26:32.367+0200] {logging_mixin.py:137} INFO - [2025-06-11T17:26:32.367+0200] {dag.py:3437} INFO - Setting next_dagrun for example_branch_operator to 2025-06-10T00:00:00+00:00, run_after=2025-06-11T00:00:00+00:00
[2025-06-11T17:26:32.435+0200] {processor.py:175} INFO - Processing /home/monica.fernandez/practica_creativa/venv-airflow/lib/python3.11/site-packages/airflow/example_dags/example_branch_operator.py took 0.652 seconds
[2025-06-11T17:27:31.886+0200] {processor.py:153} INFO - Started process (PID=166072) to work on /home/monica.fernandez/practica_creativa/venv-airflow/lib/python3.11/site-packages/airflow/example_dags/example_branch_operator.py
[2025-06-11T17:27:31.887+0200] {processor.py:743} INFO - Processing file /home/monica.fernandez/practica_creativa/venv-airflow/lib/python3.11/site-packages/airflow/example_dags/example_branch_operator.py for tasks to queue
[2025-06-11T17:27:31.888+0200] {logging_mixin.py:137} INFO - [2025-06-11T17:27:31.887+0200] {dagbag.py:538} INFO - Filling up the DagBag from /home/monica.fernandez/practica_creativa/venv-airflow/lib/python3.11/site-packages/airflow/example_dags/example_branch_operator.py
[2025-06-11T17:27:31.909+0200] {processor.py:753} INFO - DAG(s) dict_keys(['example_branch_operator']) retrieved from /home/monica.fernandez/practica_creativa/venv-airflow/lib/python3.11/site-packages/airflow/example_dags/example_branch_operator.py
[2025-06-11T17:27:31.937+0200] {logging_mixin.py:137} INFO - [2025-06-11T17:27:31.937+0200] {dag.py:2690} INFO - Sync 1 DAGs
[2025-06-11T17:27:31.965+0200] {logging_mixin.py:137} INFO - [2025-06-11T17:27:31.965+0200] {dag.py:3437} INFO - Setting next_dagrun for example_branch_operator to 2025-06-10T00:00:00+00:00, run_after=2025-06-11T00:00:00+00:00
[2025-06-11T17:27:32.024+0200] {processor.py:175} INFO - Processing /home/monica.fernandez/practica_creativa/venv-airflow/lib/python3.11/site-packages/airflow/example_dags/example_branch_operator.py took 0.140 seconds
[2025-06-11T17:28:22.244+0200] {processor.py:153} INFO - Started process (PID=166518) to work on /home/monica.fernandez/practica_creativa/venv-airflow/lib/python3.11/site-packages/airflow/example_dags/example_branch_operator.py
[2025-06-11T17:28:22.248+0200] {processor.py:743} INFO - Processing file /home/monica.fernandez/practica_creativa/venv-airflow/lib/python3.11/site-packages/airflow/example_dags/example_branch_operator.py for tasks to queue
[2025-06-11T17:28:22.249+0200] {logging_mixin.py:137} INFO - [2025-06-11T17:28:22.249+0200] {dagbag.py:538} INFO - Filling up the DagBag from /home/monica.fernandez/practica_creativa/venv-airflow/lib/python3.11/site-packages/airflow/example_dags/example_branch_operator.py
[2025-06-11T17:28:22.298+0200] {processor.py:753} INFO - DAG(s) dict_keys(['example_branch_operator']) retrieved from /home/monica.fernandez/practica_creativa/venv-airflow/lib/python3.11/site-packages/airflow/example_dags/example_branch_operator.py
[2025-06-11T17:28:22.363+0200] {logging_mixin.py:137} INFO - [2025-06-11T17:28:22.362+0200] {dag.py:2690} INFO - Sync 1 DAGs
[2025-06-11T17:28:22.423+0200] {logging_mixin.py:137} INFO - [2025-06-11T17:28:22.423+0200] {dag.py:3437} INFO - Setting next_dagrun for example_branch_operator to 2025-06-10T00:00:00+00:00, run_after=2025-06-11T00:00:00+00:00
[2025-06-11T17:28:22.486+0200] {processor.py:175} INFO - Processing /home/monica.fernandez/practica_creativa/venv-airflow/lib/python3.11/site-packages/airflow/example_dags/example_branch_operator.py took 0.253 seconds
[2025-06-11T17:29:14.779+0200] {processor.py:153} INFO - Started process (PID=167127) to work on /home/monica.fernandez/practica_creativa/venv-airflow/lib/python3.11/site-packages/airflow/example_dags/example_branch_operator.py
[2025-06-11T17:29:14.779+0200] {processor.py:743} INFO - Processing file /home/monica.fernandez/practica_creativa/venv-airflow/lib/python3.11/site-packages/airflow/example_dags/example_branch_operator.py for tasks to queue
[2025-06-11T17:29:14.780+0200] {logging_mixin.py:137} INFO - [2025-06-11T17:29:14.780+0200] {dagbag.py:538} INFO - Filling up the DagBag from /home/monica.fernandez/practica_creativa/venv-airflow/lib/python3.11/site-packages/airflow/example_dags/example_branch_operator.py
[2025-06-11T17:29:14.807+0200] {processor.py:753} INFO - DAG(s) dict_keys(['example_branch_operator']) retrieved from /home/monica.fernandez/practica_creativa/venv-airflow/lib/python3.11/site-packages/airflow/example_dags/example_branch_operator.py
[2025-06-11T17:29:14.862+0200] {logging_mixin.py:137} INFO - [2025-06-11T17:29:14.862+0200] {dag.py:2690} INFO - Sync 1 DAGs
[2025-06-11T17:29:14.904+0200] {logging_mixin.py:137} INFO - [2025-06-11T17:29:14.904+0200] {dag.py:3437} INFO - Setting next_dagrun for example_branch_operator to 2025-06-10T00:00:00+00:00, run_after=2025-06-11T00:00:00+00:00
[2025-06-11T17:29:14.969+0200] {processor.py:175} INFO - Processing /home/monica.fernandez/practica_creativa/venv-airflow/lib/python3.11/site-packages/airflow/example_dags/example_branch_operator.py took 0.193 seconds
[2025-06-11T17:30:07.552+0200] {processor.py:153} INFO - Started process (PID=167511) to work on /home/monica.fernandez/practica_creativa/venv-airflow/lib/python3.11/site-packages/airflow/example_dags/example_branch_operator.py
[2025-06-11T17:30:07.553+0200] {processor.py:743} INFO - Processing file /home/monica.fernandez/practica_creativa/venv-airflow/lib/python3.11/site-packages/airflow/example_dags/example_branch_operator.py for tasks to queue
[2025-06-11T17:30:07.553+0200] {logging_mixin.py:137} INFO - [2025-06-11T17:30:07.553+0200] {dagbag.py:538} INFO - Filling up the DagBag from /home/monica.fernandez/practica_creativa/venv-airflow/lib/python3.11/site-packages/airflow/example_dags/example_branch_operator.py
[2025-06-11T17:30:07.584+0200] {processor.py:753} INFO - DAG(s) dict_keys(['example_branch_operator']) retrieved from /home/monica.fernandez/practica_creativa/venv-airflow/lib/python3.11/site-packages/airflow/example_dags/example_branch_operator.py
[2025-06-11T17:30:07.625+0200] {logging_mixin.py:137} INFO - [2025-06-11T17:30:07.625+0200] {dag.py:2690} INFO - Sync 1 DAGs
[2025-06-11T17:30:07.670+0200] {logging_mixin.py:137} INFO - [2025-06-11T17:30:07.670+0200] {dag.py:3437} INFO - Setting next_dagrun for example_branch_operator to 2025-06-10T00:00:00+00:00, run_after=2025-06-11T00:00:00+00:00
[2025-06-11T17:30:07.749+0200] {processor.py:175} INFO - Processing /home/monica.fernandez/practica_creativa/venv-airflow/lib/python3.11/site-packages/airflow/example_dags/example_branch_operator.py took 0.199 seconds
[2025-06-11T17:30:56.332+0200] {processor.py:153} INFO - Started process (PID=168295) to work on /home/monica.fernandez/practica_creativa/venv-airflow/lib/python3.11/site-packages/airflow/example_dags/example_branch_operator.py
[2025-06-11T17:30:56.333+0200] {processor.py:743} INFO - Processing file /home/monica.fernandez/practica_creativa/venv-airflow/lib/python3.11/site-packages/airflow/example_dags/example_branch_operator.py for tasks to queue
[2025-06-11T17:30:56.334+0200] {logging_mixin.py:137} INFO - [2025-06-11T17:30:56.333+0200] {dagbag.py:538} INFO - Filling up the DagBag from /home/monica.fernandez/practica_creativa/venv-airflow/lib/python3.11/site-packages/airflow/example_dags/example_branch_operator.py
[2025-06-11T17:30:56.384+0200] {processor.py:753} INFO - DAG(s) dict_keys(['example_branch_operator']) retrieved from /home/monica.fernandez/practica_creativa/venv-airflow/lib/python3.11/site-packages/airflow/example_dags/example_branch_operator.py
[2025-06-11T17:30:56.436+0200] {logging_mixin.py:137} INFO - [2025-06-11T17:30:56.435+0200] {dag.py:2690} INFO - Sync 1 DAGs
[2025-06-11T17:30:56.493+0200] {logging_mixin.py:137} INFO - [2025-06-11T17:30:56.493+0200] {dag.py:3437} INFO - Setting next_dagrun for example_branch_operator to 2025-06-10T00:00:00+00:00, run_after=2025-06-11T00:00:00+00:00
[2025-06-11T17:30:56.617+0200] {processor.py:175} INFO - Processing /home/monica.fernandez/practica_creativa/venv-airflow/lib/python3.11/site-packages/airflow/example_dags/example_branch_operator.py took 0.291 seconds
[2025-06-11T17:31:46.740+0200] {processor.py:153} INFO - Started process (PID=168737) to work on /home/monica.fernandez/practica_creativa/venv-airflow/lib/python3.11/site-packages/airflow/example_dags/example_branch_operator.py
[2025-06-11T17:31:46.741+0200] {processor.py:743} INFO - Processing file /home/monica.fernandez/practica_creativa/venv-airflow/lib/python3.11/site-packages/airflow/example_dags/example_branch_operator.py for tasks to queue
[2025-06-11T17:31:46.741+0200] {logging_mixin.py:137} INFO - [2025-06-11T17:31:46.741+0200] {dagbag.py:538} INFO - Filling up the DagBag from /home/monica.fernandez/practica_creativa/venv-airflow/lib/python3.11/site-packages/airflow/example_dags/example_branch_operator.py
[2025-06-11T17:31:46.766+0200] {processor.py:753} INFO - DAG(s) dict_keys(['example_branch_operator']) retrieved from /home/monica.fernandez/practica_creativa/venv-airflow/lib/python3.11/site-packages/airflow/example_dags/example_branch_operator.py
[2025-06-11T17:31:46.794+0200] {logging_mixin.py:137} INFO - [2025-06-11T17:31:46.794+0200] {dag.py:2690} INFO - Sync 1 DAGs
[2025-06-11T17:31:46.820+0200] {logging_mixin.py:137} INFO - [2025-06-11T17:31:46.820+0200] {dag.py:3437} INFO - Setting next_dagrun for example_branch_operator to 2025-06-10T00:00:00+00:00, run_after=2025-06-11T00:00:00+00:00
[2025-06-11T17:31:46.873+0200] {processor.py:175} INFO - Processing /home/monica.fernandez/practica_creativa/venv-airflow/lib/python3.11/site-packages/airflow/example_dags/example_branch_operator.py took 0.137 seconds
[2025-06-11T17:32:45.938+0200] {processor.py:153} INFO - Started process (PID=169283) to work on /home/monica.fernandez/practica_creativa/venv-airflow/lib/python3.11/site-packages/airflow/example_dags/example_branch_operator.py
[2025-06-11T17:32:45.940+0200] {processor.py:743} INFO - Processing file /home/monica.fernandez/practica_creativa/venv-airflow/lib/python3.11/site-packages/airflow/example_dags/example_branch_operator.py for tasks to queue
[2025-06-11T17:32:45.941+0200] {logging_mixin.py:137} INFO - [2025-06-11T17:32:45.941+0200] {dagbag.py:538} INFO - Filling up the DagBag from /home/monica.fernandez/practica_creativa/venv-airflow/lib/python3.11/site-packages/airflow/example_dags/example_branch_operator.py
[2025-06-11T17:32:45.967+0200] {processor.py:753} INFO - DAG(s) dict_keys(['example_branch_operator']) retrieved from /home/monica.fernandez/practica_creativa/venv-airflow/lib/python3.11/site-packages/airflow/example_dags/example_branch_operator.py
[2025-06-11T17:32:46.003+0200] {logging_mixin.py:137} INFO - [2025-06-11T17:32:46.003+0200] {dag.py:2690} INFO - Sync 1 DAGs
[2025-06-11T17:32:46.052+0200] {logging_mixin.py:137} INFO - [2025-06-11T17:32:46.052+0200] {dag.py:3437} INFO - Setting next_dagrun for example_branch_operator to 2025-06-10T00:00:00+00:00, run_after=2025-06-11T00:00:00+00:00
[2025-06-11T17:32:46.206+0200] {processor.py:175} INFO - Processing /home/monica.fernandez/practica_creativa/venv-airflow/lib/python3.11/site-packages/airflow/example_dags/example_branch_operator.py took 0.276 seconds
[2025-06-11T17:33:36.713+0200] {processor.py:153} INFO - Started process (PID=169632) to work on /home/monica.fernandez/practica_creativa/venv-airflow/lib/python3.11/site-packages/airflow/example_dags/example_branch_operator.py
[2025-06-11T17:33:36.713+0200] {processor.py:743} INFO - Processing file /home/monica.fernandez/practica_creativa/venv-airflow/lib/python3.11/site-packages/airflow/example_dags/example_branch_operator.py for tasks to queue
[2025-06-11T17:33:36.714+0200] {logging_mixin.py:137} INFO - [2025-06-11T17:33:36.714+0200] {dagbag.py:538} INFO - Filling up the DagBag from /home/monica.fernandez/practica_creativa/venv-airflow/lib/python3.11/site-packages/airflow/example_dags/example_branch_operator.py
[2025-06-11T17:33:36.738+0200] {processor.py:753} INFO - DAG(s) dict_keys(['example_branch_operator']) retrieved from /home/monica.fernandez/practica_creativa/venv-airflow/lib/python3.11/site-packages/airflow/example_dags/example_branch_operator.py
[2025-06-11T17:33:36.775+0200] {logging_mixin.py:137} INFO - [2025-06-11T17:33:36.775+0200] {dag.py:2690} INFO - Sync 1 DAGs
[2025-06-11T17:33:36.822+0200] {logging_mixin.py:137} INFO - [2025-06-11T17:33:36.822+0200] {dag.py:3437} INFO - Setting next_dagrun for example_branch_operator to 2025-06-10T00:00:00+00:00, run_after=2025-06-11T00:00:00+00:00
[2025-06-11T17:33:36.889+0200] {processor.py:175} INFO - Processing /home/monica.fernandez/practica_creativa/venv-airflow/lib/python3.11/site-packages/airflow/example_dags/example_branch_operator.py took 0.179 seconds
[2025-06-11T17:34:29.453+0200] {processor.py:153} INFO - Started process (PID=170146) to work on /home/monica.fernandez/practica_creativa/venv-airflow/lib/python3.11/site-packages/airflow/example_dags/example_branch_operator.py
[2025-06-11T17:34:29.454+0200] {processor.py:743} INFO - Processing file /home/monica.fernandez/practica_creativa/venv-airflow/lib/python3.11/site-packages/airflow/example_dags/example_branch_operator.py for tasks to queue
[2025-06-11T17:34:29.455+0200] {logging_mixin.py:137} INFO - [2025-06-11T17:34:29.455+0200] {dagbag.py:538} INFO - Filling up the DagBag from /home/monica.fernandez/practica_creativa/venv-airflow/lib/python3.11/site-packages/airflow/example_dags/example_branch_operator.py
[2025-06-11T17:34:29.480+0200] {processor.py:753} INFO - DAG(s) dict_keys(['example_branch_operator']) retrieved from /home/monica.fernandez/practica_creativa/venv-airflow/lib/python3.11/site-packages/airflow/example_dags/example_branch_operator.py
[2025-06-11T17:34:29.516+0200] {logging_mixin.py:137} INFO - [2025-06-11T17:34:29.516+0200] {dag.py:2690} INFO - Sync 1 DAGs
[2025-06-11T17:34:29.548+0200] {logging_mixin.py:137} INFO - [2025-06-11T17:34:29.547+0200] {dag.py:3437} INFO - Setting next_dagrun for example_branch_operator to 2025-06-10T00:00:00+00:00, run_after=2025-06-11T00:00:00+00:00
[2025-06-11T17:34:29.613+0200] {processor.py:175} INFO - Processing /home/monica.fernandez/practica_creativa/venv-airflow/lib/python3.11/site-packages/airflow/example_dags/example_branch_operator.py took 0.163 seconds
[2025-06-11T17:35:48.801+0200] {processor.py:153} INFO - Started process (PID=170941) to work on /home/monica.fernandez/practica_creativa/venv-airflow/lib/python3.11/site-packages/airflow/example_dags/example_branch_operator.py
[2025-06-11T17:35:48.802+0200] {processor.py:743} INFO - Processing file /home/monica.fernandez/practica_creativa/venv-airflow/lib/python3.11/site-packages/airflow/example_dags/example_branch_operator.py for tasks to queue
[2025-06-11T17:35:48.802+0200] {logging_mixin.py:137} INFO - [2025-06-11T17:35:48.802+0200] {dagbag.py:538} INFO - Filling up the DagBag from /home/monica.fernandez/practica_creativa/venv-airflow/lib/python3.11/site-packages/airflow/example_dags/example_branch_operator.py
[2025-06-11T17:35:48.828+0200] {processor.py:753} INFO - DAG(s) dict_keys(['example_branch_operator']) retrieved from /home/monica.fernandez/practica_creativa/venv-airflow/lib/python3.11/site-packages/airflow/example_dags/example_branch_operator.py
[2025-06-11T17:35:48.863+0200] {logging_mixin.py:137} INFO - [2025-06-11T17:35:48.863+0200] {dag.py:2690} INFO - Sync 1 DAGs
[2025-06-11T17:35:48.896+0200] {logging_mixin.py:137} INFO - [2025-06-11T17:35:48.896+0200] {dag.py:3437} INFO - Setting next_dagrun for example_branch_operator to 2025-06-10T00:00:00+00:00, run_after=2025-06-11T00:00:00+00:00
[2025-06-11T17:35:48.948+0200] {processor.py:175} INFO - Processing /home/monica.fernandez/practica_creativa/venv-airflow/lib/python3.11/site-packages/airflow/example_dags/example_branch_operator.py took 0.149 seconds
[2025-06-11T17:36:38.027+0200] {processor.py:153} INFO - Started process (PID=171416) to work on /home/monica.fernandez/practica_creativa/venv-airflow/lib/python3.11/site-packages/airflow/example_dags/example_branch_operator.py
[2025-06-11T17:36:38.028+0200] {processor.py:743} INFO - Processing file /home/monica.fernandez/practica_creativa/venv-airflow/lib/python3.11/site-packages/airflow/example_dags/example_branch_operator.py for tasks to queue
[2025-06-11T17:36:38.029+0200] {logging_mixin.py:137} INFO - [2025-06-11T17:36:38.028+0200] {dagbag.py:538} INFO - Filling up the DagBag from /home/monica.fernandez/practica_creativa/venv-airflow/lib/python3.11/site-packages/airflow/example_dags/example_branch_operator.py
[2025-06-11T17:36:38.081+0200] {processor.py:753} INFO - DAG(s) dict_keys(['example_branch_operator']) retrieved from /home/monica.fernandez/practica_creativa/venv-airflow/lib/python3.11/site-packages/airflow/example_dags/example_branch_operator.py
[2025-06-11T17:36:38.122+0200] {logging_mixin.py:137} INFO - [2025-06-11T17:36:38.122+0200] {dag.py:2690} INFO - Sync 1 DAGs
[2025-06-11T17:36:38.167+0200] {logging_mixin.py:137} INFO - [2025-06-11T17:36:38.167+0200] {dag.py:3437} INFO - Setting next_dagrun for example_branch_operator to 2025-06-10T00:00:00+00:00, run_after=2025-06-11T00:00:00+00:00
[2025-06-11T17:36:38.249+0200] {processor.py:175} INFO - Processing /home/monica.fernandez/practica_creativa/venv-airflow/lib/python3.11/site-packages/airflow/example_dags/example_branch_operator.py took 0.224 seconds
[2025-06-11T17:38:22.490+0200] {processor.py:153} INFO - Started process (PID=172451) to work on /home/monica.fernandez/practica_creativa/venv-airflow/lib/python3.11/site-packages/airflow/example_dags/example_branch_operator.py
[2025-06-11T17:38:22.491+0200] {processor.py:743} INFO - Processing file /home/monica.fernandez/practica_creativa/venv-airflow/lib/python3.11/site-packages/airflow/example_dags/example_branch_operator.py for tasks to queue
[2025-06-11T17:38:22.492+0200] {logging_mixin.py:137} INFO - [2025-06-11T17:38:22.492+0200] {dagbag.py:538} INFO - Filling up the DagBag from /home/monica.fernandez/practica_creativa/venv-airflow/lib/python3.11/site-packages/airflow/example_dags/example_branch_operator.py
[2025-06-11T17:38:22.534+0200] {processor.py:753} INFO - DAG(s) dict_keys(['example_branch_operator']) retrieved from /home/monica.fernandez/practica_creativa/venv-airflow/lib/python3.11/site-packages/airflow/example_dags/example_branch_operator.py
[2025-06-11T17:38:22.578+0200] {logging_mixin.py:137} INFO - [2025-06-11T17:38:22.578+0200] {dag.py:2690} INFO - Sync 1 DAGs
[2025-06-11T17:38:22.609+0200] {logging_mixin.py:137} INFO - [2025-06-11T17:38:22.609+0200] {dag.py:3437} INFO - Setting next_dagrun for example_branch_operator to 2025-06-10T00:00:00+00:00, run_after=2025-06-11T00:00:00+00:00
[2025-06-11T17:38:22.687+0200] {processor.py:175} INFO - Processing /home/monica.fernandez/practica_creativa/venv-airflow/lib/python3.11/site-packages/airflow/example_dags/example_branch_operator.py took 0.203 seconds
[2025-06-11T17:39:24.877+0200] {processor.py:153} INFO - Started process (PID=173093) to work on /home/monica.fernandez/practica_creativa/venv-airflow/lib/python3.11/site-packages/airflow/example_dags/example_branch_operator.py
[2025-06-11T17:39:24.879+0200] {processor.py:743} INFO - Processing file /home/monica.fernandez/practica_creativa/venv-airflow/lib/python3.11/site-packages/airflow/example_dags/example_branch_operator.py for tasks to queue
[2025-06-11T17:39:24.880+0200] {logging_mixin.py:137} INFO - [2025-06-11T17:39:24.880+0200] {dagbag.py:538} INFO - Filling up the DagBag from /home/monica.fernandez/practica_creativa/venv-airflow/lib/python3.11/site-packages/airflow/example_dags/example_branch_operator.py
[2025-06-11T17:39:24.915+0200] {processor.py:753} INFO - DAG(s) dict_keys(['example_branch_operator']) retrieved from /home/monica.fernandez/practica_creativa/venv-airflow/lib/python3.11/site-packages/airflow/example_dags/example_branch_operator.py
[2025-06-11T17:39:24.958+0200] {logging_mixin.py:137} INFO - [2025-06-11T17:39:24.957+0200] {dag.py:2690} INFO - Sync 1 DAGs
[2025-06-11T17:39:25.012+0200] {logging_mixin.py:137} INFO - [2025-06-11T17:39:25.011+0200] {dag.py:3437} INFO - Setting next_dagrun for example_branch_operator to 2025-06-10T00:00:00+00:00, run_after=2025-06-11T00:00:00+00:00
[2025-06-11T17:39:25.136+0200] {processor.py:175} INFO - Processing /home/monica.fernandez/practica_creativa/venv-airflow/lib/python3.11/site-packages/airflow/example_dags/example_branch_operator.py took 0.277 seconds
[2025-06-11T17:40:20.480+0200] {processor.py:153} INFO - Started process (PID=173574) to work on /home/monica.fernandez/practica_creativa/venv-airflow/lib/python3.11/site-packages/airflow/example_dags/example_branch_operator.py
[2025-06-11T17:40:20.481+0200] {processor.py:743} INFO - Processing file /home/monica.fernandez/practica_creativa/venv-airflow/lib/python3.11/site-packages/airflow/example_dags/example_branch_operator.py for tasks to queue
[2025-06-11T17:40:20.484+0200] {logging_mixin.py:137} INFO - [2025-06-11T17:40:20.481+0200] {dagbag.py:538} INFO - Filling up the DagBag from /home/monica.fernandez/practica_creativa/venv-airflow/lib/python3.11/site-packages/airflow/example_dags/example_branch_operator.py
[2025-06-11T17:40:20.526+0200] {processor.py:753} INFO - DAG(s) dict_keys(['example_branch_operator']) retrieved from /home/monica.fernandez/practica_creativa/venv-airflow/lib/python3.11/site-packages/airflow/example_dags/example_branch_operator.py
[2025-06-11T17:40:20.586+0200] {logging_mixin.py:137} INFO - [2025-06-11T17:40:20.586+0200] {dag.py:2690} INFO - Sync 1 DAGs
[2025-06-11T17:40:20.634+0200] {logging_mixin.py:137} INFO - [2025-06-11T17:40:20.634+0200] {dag.py:3437} INFO - Setting next_dagrun for example_branch_operator to 2025-06-10T00:00:00+00:00, run_after=2025-06-11T00:00:00+00:00
[2025-06-11T17:40:20.730+0200] {processor.py:175} INFO - Processing /home/monica.fernandez/practica_creativa/venv-airflow/lib/python3.11/site-packages/airflow/example_dags/example_branch_operator.py took 0.253 seconds
[2025-06-11T17:41:29.220+0200] {processor.py:153} INFO - Started process (PID=174179) to work on /home/monica.fernandez/practica_creativa/venv-airflow/lib/python3.11/site-packages/airflow/example_dags/example_branch_operator.py
[2025-06-11T17:41:29.221+0200] {processor.py:743} INFO - Processing file /home/monica.fernandez/practica_creativa/venv-airflow/lib/python3.11/site-packages/airflow/example_dags/example_branch_operator.py for tasks to queue
[2025-06-11T17:41:29.221+0200] {logging_mixin.py:137} INFO - [2025-06-11T17:41:29.221+0200] {dagbag.py:538} INFO - Filling up the DagBag from /home/monica.fernandez/practica_creativa/venv-airflow/lib/python3.11/site-packages/airflow/example_dags/example_branch_operator.py
[2025-06-11T17:41:29.268+0200] {processor.py:753} INFO - DAG(s) dict_keys(['example_branch_operator']) retrieved from /home/monica.fernandez/practica_creativa/venv-airflow/lib/python3.11/site-packages/airflow/example_dags/example_branch_operator.py
[2025-06-11T17:41:29.303+0200] {logging_mixin.py:137} INFO - [2025-06-11T17:41:29.303+0200] {dag.py:2690} INFO - Sync 1 DAGs
[2025-06-11T17:41:29.381+0200] {logging_mixin.py:137} INFO - [2025-06-11T17:41:29.381+0200] {dag.py:3437} INFO - Setting next_dagrun for example_branch_operator to 2025-06-10T00:00:00+00:00, run_after=2025-06-11T00:00:00+00:00
[2025-06-11T17:41:29.488+0200] {processor.py:175} INFO - Processing /home/monica.fernandez/practica_creativa/venv-airflow/lib/python3.11/site-packages/airflow/example_dags/example_branch_operator.py took 0.276 seconds
[2025-06-11T17:42:26.529+0200] {processor.py:153} INFO - Started process (PID=174702) to work on /home/monica.fernandez/practica_creativa/venv-airflow/lib/python3.11/site-packages/airflow/example_dags/example_branch_operator.py
[2025-06-11T17:42:26.529+0200] {processor.py:743} INFO - Processing file /home/monica.fernandez/practica_creativa/venv-airflow/lib/python3.11/site-packages/airflow/example_dags/example_branch_operator.py for tasks to queue
[2025-06-11T17:42:26.530+0200] {logging_mixin.py:137} INFO - [2025-06-11T17:42:26.530+0200] {dagbag.py:538} INFO - Filling up the DagBag from /home/monica.fernandez/practica_creativa/venv-airflow/lib/python3.11/site-packages/airflow/example_dags/example_branch_operator.py
[2025-06-11T17:42:26.564+0200] {processor.py:753} INFO - DAG(s) dict_keys(['example_branch_operator']) retrieved from /home/monica.fernandez/practica_creativa/venv-airflow/lib/python3.11/site-packages/airflow/example_dags/example_branch_operator.py
[2025-06-11T17:42:26.597+0200] {logging_mixin.py:137} INFO - [2025-06-11T17:42:26.597+0200] {dag.py:2690} INFO - Sync 1 DAGs
[2025-06-11T17:42:26.628+0200] {logging_mixin.py:137} INFO - [2025-06-11T17:42:26.628+0200] {dag.py:3437} INFO - Setting next_dagrun for example_branch_operator to 2025-06-10T00:00:00+00:00, run_after=2025-06-11T00:00:00+00:00
[2025-06-11T17:42:26.725+0200] {processor.py:175} INFO - Processing /home/monica.fernandez/practica_creativa/venv-airflow/lib/python3.11/site-packages/airflow/example_dags/example_branch_operator.py took 0.199 seconds
[2025-06-11T17:43:31.719+0200] {processor.py:153} INFO - Started process (PID=175323) to work on /home/monica.fernandez/practica_creativa/venv-airflow/lib/python3.11/site-packages/airflow/example_dags/example_branch_operator.py
[2025-06-11T17:43:31.725+0200] {processor.py:743} INFO - Processing file /home/monica.fernandez/practica_creativa/venv-airflow/lib/python3.11/site-packages/airflow/example_dags/example_branch_operator.py for tasks to queue
[2025-06-11T17:43:31.727+0200] {logging_mixin.py:137} INFO - [2025-06-11T17:43:31.725+0200] {dagbag.py:538} INFO - Filling up the DagBag from /home/monica.fernandez/practica_creativa/venv-airflow/lib/python3.11/site-packages/airflow/example_dags/example_branch_operator.py
[2025-06-11T17:43:31.788+0200] {processor.py:753} INFO - DAG(s) dict_keys(['example_branch_operator']) retrieved from /home/monica.fernandez/practica_creativa/venv-airflow/lib/python3.11/site-packages/airflow/example_dags/example_branch_operator.py
[2025-06-11T17:43:31.867+0200] {logging_mixin.py:137} INFO - [2025-06-11T17:43:31.867+0200] {dag.py:2690} INFO - Sync 1 DAGs
[2025-06-11T17:43:31.949+0200] {logging_mixin.py:137} INFO - [2025-06-11T17:43:31.948+0200] {dag.py:3437} INFO - Setting next_dagrun for example_branch_operator to 2025-06-10T00:00:00+00:00, run_after=2025-06-11T00:00:00+00:00
[2025-06-11T17:43:32.085+0200] {processor.py:175} INFO - Processing /home/monica.fernandez/practica_creativa/venv-airflow/lib/python3.11/site-packages/airflow/example_dags/example_branch_operator.py took 0.370 seconds
[2025-06-11T17:44:34.009+0200] {processor.py:153} INFO - Started process (PID=175951) to work on /home/monica.fernandez/practica_creativa/venv-airflow/lib/python3.11/site-packages/airflow/example_dags/example_branch_operator.py
[2025-06-11T17:44:34.011+0200] {processor.py:743} INFO - Processing file /home/monica.fernandez/practica_creativa/venv-airflow/lib/python3.11/site-packages/airflow/example_dags/example_branch_operator.py for tasks to queue
[2025-06-11T17:44:34.012+0200] {logging_mixin.py:137} INFO - [2025-06-11T17:44:34.012+0200] {dagbag.py:538} INFO - Filling up the DagBag from /home/monica.fernandez/practica_creativa/venv-airflow/lib/python3.11/site-packages/airflow/example_dags/example_branch_operator.py
[2025-06-11T17:44:34.041+0200] {processor.py:753} INFO - DAG(s) dict_keys(['example_branch_operator']) retrieved from /home/monica.fernandez/practica_creativa/venv-airflow/lib/python3.11/site-packages/airflow/example_dags/example_branch_operator.py
[2025-06-11T17:44:34.071+0200] {logging_mixin.py:137} INFO - [2025-06-11T17:44:34.071+0200] {dag.py:2690} INFO - Sync 1 DAGs
[2025-06-11T17:44:34.097+0200] {logging_mixin.py:137} INFO - [2025-06-11T17:44:34.097+0200] {dag.py:3437} INFO - Setting next_dagrun for example_branch_operator to 2025-06-10T00:00:00+00:00, run_after=2025-06-11T00:00:00+00:00
[2025-06-11T17:44:34.150+0200] {processor.py:175} INFO - Processing /home/monica.fernandez/practica_creativa/venv-airflow/lib/python3.11/site-packages/airflow/example_dags/example_branch_operator.py took 0.147 seconds
[2025-06-11T17:46:07.290+0200] {processor.py:153} INFO - Started process (PID=176904) to work on /home/monica.fernandez/practica_creativa/venv-airflow/lib/python3.11/site-packages/airflow/example_dags/example_branch_operator.py
[2025-06-11T17:46:07.290+0200] {processor.py:743} INFO - Processing file /home/monica.fernandez/practica_creativa/venv-airflow/lib/python3.11/site-packages/airflow/example_dags/example_branch_operator.py for tasks to queue
[2025-06-11T17:46:07.291+0200] {logging_mixin.py:137} INFO - [2025-06-11T17:46:07.291+0200] {dagbag.py:538} INFO - Filling up the DagBag from /home/monica.fernandez/practica_creativa/venv-airflow/lib/python3.11/site-packages/airflow/example_dags/example_branch_operator.py
[2025-06-11T17:46:07.350+0200] {processor.py:753} INFO - DAG(s) dict_keys(['example_branch_operator']) retrieved from /home/monica.fernandez/practica_creativa/venv-airflow/lib/python3.11/site-packages/airflow/example_dags/example_branch_operator.py
[2025-06-11T17:46:07.416+0200] {logging_mixin.py:137} INFO - [2025-06-11T17:46:07.415+0200] {dag.py:2690} INFO - Sync 1 DAGs
[2025-06-11T17:46:07.552+0200] {logging_mixin.py:137} INFO - [2025-06-11T17:46:07.551+0200] {dag.py:3437} INFO - Setting next_dagrun for example_branch_operator to 2025-06-10T00:00:00+00:00, run_after=2025-06-11T00:00:00+00:00
[2025-06-11T17:46:07.702+0200] {processor.py:175} INFO - Processing /home/monica.fernandez/practica_creativa/venv-airflow/lib/python3.11/site-packages/airflow/example_dags/example_branch_operator.py took 0.419 seconds
[2025-06-11T17:47:03.932+0200] {processor.py:153} INFO - Started process (PID=177394) to work on /home/monica.fernandez/practica_creativa/venv-airflow/lib/python3.11/site-packages/airflow/example_dags/example_branch_operator.py
[2025-06-11T17:47:03.936+0200] {processor.py:743} INFO - Processing file /home/monica.fernandez/practica_creativa/venv-airflow/lib/python3.11/site-packages/airflow/example_dags/example_branch_operator.py for tasks to queue
[2025-06-11T17:47:03.955+0200] {logging_mixin.py:137} INFO - [2025-06-11T17:47:03.955+0200] {dagbag.py:538} INFO - Filling up the DagBag from /home/monica.fernandez/practica_creativa/venv-airflow/lib/python3.11/site-packages/airflow/example_dags/example_branch_operator.py
[2025-06-11T17:47:04.073+0200] {processor.py:753} INFO - DAG(s) dict_keys(['example_branch_operator']) retrieved from /home/monica.fernandez/practica_creativa/venv-airflow/lib/python3.11/site-packages/airflow/example_dags/example_branch_operator.py
[2025-06-11T17:47:04.140+0200] {logging_mixin.py:137} INFO - [2025-06-11T17:47:04.140+0200] {dag.py:2690} INFO - Sync 1 DAGs
[2025-06-11T17:47:04.221+0200] {logging_mixin.py:137} INFO - [2025-06-11T17:47:04.218+0200] {dag.py:3437} INFO - Setting next_dagrun for example_branch_operator to 2025-06-10T00:00:00+00:00, run_after=2025-06-11T00:00:00+00:00
[2025-06-11T17:47:04.330+0200] {processor.py:175} INFO - Processing /home/monica.fernandez/practica_creativa/venv-airflow/lib/python3.11/site-packages/airflow/example_dags/example_branch_operator.py took 0.411 seconds
[2025-06-11T17:47:59.911+0200] {processor.py:153} INFO - Started process (PID=177872) to work on /home/monica.fernandez/practica_creativa/venv-airflow/lib/python3.11/site-packages/airflow/example_dags/example_branch_operator.py
[2025-06-11T17:47:59.916+0200] {processor.py:743} INFO - Processing file /home/monica.fernandez/practica_creativa/venv-airflow/lib/python3.11/site-packages/airflow/example_dags/example_branch_operator.py for tasks to queue
[2025-06-11T17:47:59.917+0200] {logging_mixin.py:137} INFO - [2025-06-11T17:47:59.917+0200] {dagbag.py:538} INFO - Filling up the DagBag from /home/monica.fernandez/practica_creativa/venv-airflow/lib/python3.11/site-packages/airflow/example_dags/example_branch_operator.py
[2025-06-11T17:47:59.964+0200] {processor.py:753} INFO - DAG(s) dict_keys(['example_branch_operator']) retrieved from /home/monica.fernandez/practica_creativa/venv-airflow/lib/python3.11/site-packages/airflow/example_dags/example_branch_operator.py
[2025-06-11T17:48:00.014+0200] {logging_mixin.py:137} INFO - [2025-06-11T17:48:00.014+0200] {dag.py:2690} INFO - Sync 1 DAGs
[2025-06-11T17:48:00.065+0200] {logging_mixin.py:137} INFO - [2025-06-11T17:48:00.065+0200] {dag.py:3437} INFO - Setting next_dagrun for example_branch_operator to 2025-06-10T00:00:00+00:00, run_after=2025-06-11T00:00:00+00:00
[2025-06-11T17:48:00.141+0200] {processor.py:175} INFO - Processing /home/monica.fernandez/practica_creativa/venv-airflow/lib/python3.11/site-packages/airflow/example_dags/example_branch_operator.py took 0.232 seconds
[2025-06-11T17:52:36.313+0200] {processor.py:153} INFO - Started process (PID=181284) to work on /home/monica.fernandez/practica_creativa/venv-airflow/lib/python3.11/site-packages/airflow/example_dags/example_branch_operator.py
[2025-06-11T17:52:36.314+0200] {processor.py:743} INFO - Processing file /home/monica.fernandez/practica_creativa/venv-airflow/lib/python3.11/site-packages/airflow/example_dags/example_branch_operator.py for tasks to queue
[2025-06-11T17:52:36.315+0200] {logging_mixin.py:137} INFO - [2025-06-11T17:52:36.315+0200] {dagbag.py:538} INFO - Filling up the DagBag from /home/monica.fernandez/practica_creativa/venv-airflow/lib/python3.11/site-packages/airflow/example_dags/example_branch_operator.py
[2025-06-11T17:52:36.346+0200] {processor.py:753} INFO - DAG(s) dict_keys(['example_branch_operator']) retrieved from /home/monica.fernandez/practica_creativa/venv-airflow/lib/python3.11/site-packages/airflow/example_dags/example_branch_operator.py
[2025-06-11T17:52:36.379+0200] {logging_mixin.py:137} INFO - [2025-06-11T17:52:36.379+0200] {dag.py:2690} INFO - Sync 1 DAGs
[2025-06-11T17:52:36.412+0200] {logging_mixin.py:137} INFO - [2025-06-11T17:52:36.412+0200] {dag.py:3437} INFO - Setting next_dagrun for example_branch_operator to 2025-06-10T00:00:00+00:00, run_after=2025-06-11T00:00:00+00:00
[2025-06-11T17:52:36.486+0200] {processor.py:175} INFO - Processing /home/monica.fernandez/practica_creativa/venv-airflow/lib/python3.11/site-packages/airflow/example_dags/example_branch_operator.py took 0.178 seconds
[2025-06-11T17:53:29.802+0200] {processor.py:153} INFO - Started process (PID=181776) to work on /home/monica.fernandez/practica_creativa/venv-airflow/lib/python3.11/site-packages/airflow/example_dags/example_branch_operator.py
[2025-06-11T17:53:29.803+0200] {processor.py:743} INFO - Processing file /home/monica.fernandez/practica_creativa/venv-airflow/lib/python3.11/site-packages/airflow/example_dags/example_branch_operator.py for tasks to queue
[2025-06-11T17:53:29.803+0200] {logging_mixin.py:137} INFO - [2025-06-11T17:53:29.803+0200] {dagbag.py:538} INFO - Filling up the DagBag from /home/monica.fernandez/practica_creativa/venv-airflow/lib/python3.11/site-packages/airflow/example_dags/example_branch_operator.py
[2025-06-11T17:53:29.840+0200] {processor.py:753} INFO - DAG(s) dict_keys(['example_branch_operator']) retrieved from /home/monica.fernandez/practica_creativa/venv-airflow/lib/python3.11/site-packages/airflow/example_dags/example_branch_operator.py
[2025-06-11T17:53:29.897+0200] {logging_mixin.py:137} INFO - [2025-06-11T17:53:29.897+0200] {dag.py:2690} INFO - Sync 1 DAGs
[2025-06-11T17:53:29.953+0200] {logging_mixin.py:137} INFO - [2025-06-11T17:53:29.953+0200] {dag.py:3437} INFO - Setting next_dagrun for example_branch_operator to 2025-06-10T00:00:00+00:00, run_after=2025-06-11T00:00:00+00:00
[2025-06-11T17:53:30.055+0200] {processor.py:175} INFO - Processing /home/monica.fernandez/practica_creativa/venv-airflow/lib/python3.11/site-packages/airflow/example_dags/example_branch_operator.py took 0.261 seconds
[2025-06-11T17:54:24.196+0200] {processor.py:153} INFO - Started process (PID=182298) to work on /home/monica.fernandez/practica_creativa/venv-airflow/lib/python3.11/site-packages/airflow/example_dags/example_branch_operator.py
[2025-06-11T17:54:24.197+0200] {processor.py:743} INFO - Processing file /home/monica.fernandez/practica_creativa/venv-airflow/lib/python3.11/site-packages/airflow/example_dags/example_branch_operator.py for tasks to queue
[2025-06-11T17:54:24.197+0200] {logging_mixin.py:137} INFO - [2025-06-11T17:54:24.197+0200] {dagbag.py:538} INFO - Filling up the DagBag from /home/monica.fernandez/practica_creativa/venv-airflow/lib/python3.11/site-packages/airflow/example_dags/example_branch_operator.py
[2025-06-11T17:54:24.246+0200] {processor.py:753} INFO - DAG(s) dict_keys(['example_branch_operator']) retrieved from /home/monica.fernandez/practica_creativa/venv-airflow/lib/python3.11/site-packages/airflow/example_dags/example_branch_operator.py
[2025-06-11T17:54:24.282+0200] {logging_mixin.py:137} INFO - [2025-06-11T17:54:24.282+0200] {dag.py:2690} INFO - Sync 1 DAGs
[2025-06-11T17:54:24.327+0200] {logging_mixin.py:137} INFO - [2025-06-11T17:54:24.327+0200] {dag.py:3437} INFO - Setting next_dagrun for example_branch_operator to 2025-06-10T00:00:00+00:00, run_after=2025-06-11T00:00:00+00:00
[2025-06-11T17:54:24.385+0200] {processor.py:175} INFO - Processing /home/monica.fernandez/practica_creativa/venv-airflow/lib/python3.11/site-packages/airflow/example_dags/example_branch_operator.py took 0.191 seconds
[2025-06-11T17:55:16.563+0200] {processor.py:153} INFO - Started process (PID=182664) to work on /home/monica.fernandez/practica_creativa/venv-airflow/lib/python3.11/site-packages/airflow/example_dags/example_branch_operator.py
[2025-06-11T17:55:16.564+0200] {processor.py:743} INFO - Processing file /home/monica.fernandez/practica_creativa/venv-airflow/lib/python3.11/site-packages/airflow/example_dags/example_branch_operator.py for tasks to queue
[2025-06-11T17:55:16.565+0200] {logging_mixin.py:137} INFO - [2025-06-11T17:55:16.565+0200] {dagbag.py:538} INFO - Filling up the DagBag from /home/monica.fernandez/practica_creativa/venv-airflow/lib/python3.11/site-packages/airflow/example_dags/example_branch_operator.py
[2025-06-11T17:55:16.589+0200] {processor.py:753} INFO - DAG(s) dict_keys(['example_branch_operator']) retrieved from /home/monica.fernandez/practica_creativa/venv-airflow/lib/python3.11/site-packages/airflow/example_dags/example_branch_operator.py
[2025-06-11T17:55:16.619+0200] {logging_mixin.py:137} INFO - [2025-06-11T17:55:16.619+0200] {dag.py:2690} INFO - Sync 1 DAGs
[2025-06-11T17:55:16.646+0200] {logging_mixin.py:137} INFO - [2025-06-11T17:55:16.646+0200] {dag.py:3437} INFO - Setting next_dagrun for example_branch_operator to 2025-06-10T00:00:00+00:00, run_after=2025-06-11T00:00:00+00:00
[2025-06-11T17:55:16.712+0200] {processor.py:175} INFO - Processing /home/monica.fernandez/practica_creativa/venv-airflow/lib/python3.11/site-packages/airflow/example_dags/example_branch_operator.py took 0.151 seconds
[2025-06-11T17:56:30.964+0200] {processor.py:153} INFO - Started process (PID=183587) to work on /home/monica.fernandez/practica_creativa/venv-airflow/lib/python3.11/site-packages/airflow/example_dags/example_branch_operator.py
[2025-06-11T17:56:30.965+0200] {processor.py:743} INFO - Processing file /home/monica.fernandez/practica_creativa/venv-airflow/lib/python3.11/site-packages/airflow/example_dags/example_branch_operator.py for tasks to queue
[2025-06-11T17:56:30.965+0200] {logging_mixin.py:137} INFO - [2025-06-11T17:56:30.965+0200] {dagbag.py:538} INFO - Filling up the DagBag from /home/monica.fernandez/practica_creativa/venv-airflow/lib/python3.11/site-packages/airflow/example_dags/example_branch_operator.py
[2025-06-11T17:56:30.989+0200] {processor.py:753} INFO - DAG(s) dict_keys(['example_branch_operator']) retrieved from /home/monica.fernandez/practica_creativa/venv-airflow/lib/python3.11/site-packages/airflow/example_dags/example_branch_operator.py
[2025-06-11T17:56:31.022+0200] {logging_mixin.py:137} INFO - [2025-06-11T17:56:31.022+0200] {dag.py:2690} INFO - Sync 1 DAGs
[2025-06-11T17:56:31.056+0200] {logging_mixin.py:137} INFO - [2025-06-11T17:56:31.056+0200] {dag.py:3437} INFO - Setting next_dagrun for example_branch_operator to 2025-06-10T00:00:00+00:00, run_after=2025-06-11T00:00:00+00:00
[2025-06-11T17:56:31.118+0200] {processor.py:175} INFO - Processing /home/monica.fernandez/practica_creativa/venv-airflow/lib/python3.11/site-packages/airflow/example_dags/example_branch_operator.py took 0.157 seconds
[2025-06-11T17:57:48.369+0200] {processor.py:153} INFO - Started process (PID=184368) to work on /home/monica.fernandez/practica_creativa/venv-airflow/lib/python3.11/site-packages/airflow/example_dags/example_branch_operator.py
[2025-06-11T17:57:48.369+0200] {processor.py:743} INFO - Processing file /home/monica.fernandez/practica_creativa/venv-airflow/lib/python3.11/site-packages/airflow/example_dags/example_branch_operator.py for tasks to queue
[2025-06-11T17:57:48.370+0200] {logging_mixin.py:137} INFO - [2025-06-11T17:57:48.370+0200] {dagbag.py:538} INFO - Filling up the DagBag from /home/monica.fernandez/practica_creativa/venv-airflow/lib/python3.11/site-packages/airflow/example_dags/example_branch_operator.py
[2025-06-11T17:57:48.418+0200] {processor.py:753} INFO - DAG(s) dict_keys(['example_branch_operator']) retrieved from /home/monica.fernandez/practica_creativa/venv-airflow/lib/python3.11/site-packages/airflow/example_dags/example_branch_operator.py
[2025-06-11T17:57:48.459+0200] {logging_mixin.py:137} INFO - [2025-06-11T17:57:48.459+0200] {dag.py:2690} INFO - Sync 1 DAGs
[2025-06-11T17:57:48.507+0200] {logging_mixin.py:137} INFO - [2025-06-11T17:57:48.506+0200] {dag.py:3437} INFO - Setting next_dagrun for example_branch_operator to 2025-06-10T00:00:00+00:00, run_after=2025-06-11T00:00:00+00:00
[2025-06-11T17:57:48.584+0200] {processor.py:175} INFO - Processing /home/monica.fernandez/practica_creativa/venv-airflow/lib/python3.11/site-packages/airflow/example_dags/example_branch_operator.py took 0.223 seconds
[2025-06-11T17:58:43.748+0200] {processor.py:153} INFO - Started process (PID=184886) to work on /home/monica.fernandez/practica_creativa/venv-airflow/lib/python3.11/site-packages/airflow/example_dags/example_branch_operator.py
[2025-06-11T17:58:43.749+0200] {processor.py:743} INFO - Processing file /home/monica.fernandez/practica_creativa/venv-airflow/lib/python3.11/site-packages/airflow/example_dags/example_branch_operator.py for tasks to queue
[2025-06-11T17:58:43.754+0200] {logging_mixin.py:137} INFO - [2025-06-11T17:58:43.749+0200] {dagbag.py:538} INFO - Filling up the DagBag from /home/monica.fernandez/practica_creativa/venv-airflow/lib/python3.11/site-packages/airflow/example_dags/example_branch_operator.py
[2025-06-11T17:58:43.818+0200] {processor.py:753} INFO - DAG(s) dict_keys(['example_branch_operator']) retrieved from /home/monica.fernandez/practica_creativa/venv-airflow/lib/python3.11/site-packages/airflow/example_dags/example_branch_operator.py
[2025-06-11T17:58:43.863+0200] {logging_mixin.py:137} INFO - [2025-06-11T17:58:43.863+0200] {dag.py:2690} INFO - Sync 1 DAGs
[2025-06-11T17:58:43.917+0200] {logging_mixin.py:137} INFO - [2025-06-11T17:58:43.917+0200] {dag.py:3437} INFO - Setting next_dagrun for example_branch_operator to 2025-06-10T00:00:00+00:00, run_after=2025-06-11T00:00:00+00:00
[2025-06-11T17:58:43.981+0200] {processor.py:175} INFO - Processing /home/monica.fernandez/practica_creativa/venv-airflow/lib/python3.11/site-packages/airflow/example_dags/example_branch_operator.py took 0.238 seconds
[2025-06-11T17:59:38.254+0200] {processor.py:153} INFO - Started process (PID=185351) to work on /home/monica.fernandez/practica_creativa/venv-airflow/lib/python3.11/site-packages/airflow/example_dags/example_branch_operator.py
[2025-06-11T17:59:38.255+0200] {processor.py:743} INFO - Processing file /home/monica.fernandez/practica_creativa/venv-airflow/lib/python3.11/site-packages/airflow/example_dags/example_branch_operator.py for tasks to queue
[2025-06-11T17:59:38.256+0200] {logging_mixin.py:137} INFO - [2025-06-11T17:59:38.255+0200] {dagbag.py:538} INFO - Filling up the DagBag from /home/monica.fernandez/practica_creativa/venv-airflow/lib/python3.11/site-packages/airflow/example_dags/example_branch_operator.py
[2025-06-11T17:59:38.280+0200] {processor.py:753} INFO - DAG(s) dict_keys(['example_branch_operator']) retrieved from /home/monica.fernandez/practica_creativa/venv-airflow/lib/python3.11/site-packages/airflow/example_dags/example_branch_operator.py
[2025-06-11T17:59:38.310+0200] {logging_mixin.py:137} INFO - [2025-06-11T17:59:38.309+0200] {dag.py:2690} INFO - Sync 1 DAGs
[2025-06-11T17:59:38.342+0200] {logging_mixin.py:137} INFO - [2025-06-11T17:59:38.342+0200] {dag.py:3437} INFO - Setting next_dagrun for example_branch_operator to 2025-06-10T00:00:00+00:00, run_after=2025-06-11T00:00:00+00:00
[2025-06-11T17:59:38.401+0200] {processor.py:175} INFO - Processing /home/monica.fernandez/practica_creativa/venv-airflow/lib/python3.11/site-packages/airflow/example_dags/example_branch_operator.py took 0.150 seconds
[2025-06-11T18:00:36.912+0200] {processor.py:153} INFO - Started process (PID=185856) to work on /home/monica.fernandez/practica_creativa/venv-airflow/lib/python3.11/site-packages/airflow/example_dags/example_branch_operator.py
[2025-06-11T18:00:36.913+0200] {processor.py:743} INFO - Processing file /home/monica.fernandez/practica_creativa/venv-airflow/lib/python3.11/site-packages/airflow/example_dags/example_branch_operator.py for tasks to queue
[2025-06-11T18:00:36.914+0200] {logging_mixin.py:137} INFO - [2025-06-11T18:00:36.913+0200] {dagbag.py:538} INFO - Filling up the DagBag from /home/monica.fernandez/practica_creativa/venv-airflow/lib/python3.11/site-packages/airflow/example_dags/example_branch_operator.py
[2025-06-11T18:00:36.941+0200] {processor.py:753} INFO - DAG(s) dict_keys(['example_branch_operator']) retrieved from /home/monica.fernandez/practica_creativa/venv-airflow/lib/python3.11/site-packages/airflow/example_dags/example_branch_operator.py
[2025-06-11T18:00:36.980+0200] {logging_mixin.py:137} INFO - [2025-06-11T18:00:36.979+0200] {dag.py:2690} INFO - Sync 1 DAGs
[2025-06-11T18:00:37.020+0200] {logging_mixin.py:137} INFO - [2025-06-11T18:00:37.020+0200] {dag.py:3437} INFO - Setting next_dagrun for example_branch_operator to 2025-06-10T00:00:00+00:00, run_after=2025-06-11T00:00:00+00:00
[2025-06-11T18:00:37.096+0200] {processor.py:175} INFO - Processing /home/monica.fernandez/practica_creativa/venv-airflow/lib/python3.11/site-packages/airflow/example_dags/example_branch_operator.py took 0.186 seconds
[2025-06-11T18:02:17.057+0200] {processor.py:153} INFO - Started process (PID=186827) to work on /home/monica.fernandez/practica_creativa/venv-airflow/lib/python3.11/site-packages/airflow/example_dags/example_branch_operator.py
[2025-06-11T18:02:17.058+0200] {processor.py:743} INFO - Processing file /home/monica.fernandez/practica_creativa/venv-airflow/lib/python3.11/site-packages/airflow/example_dags/example_branch_operator.py for tasks to queue
[2025-06-11T18:02:17.058+0200] {logging_mixin.py:137} INFO - [2025-06-11T18:02:17.058+0200] {dagbag.py:538} INFO - Filling up the DagBag from /home/monica.fernandez/practica_creativa/venv-airflow/lib/python3.11/site-packages/airflow/example_dags/example_branch_operator.py
[2025-06-11T18:02:17.080+0200] {processor.py:753} INFO - DAG(s) dict_keys(['example_branch_operator']) retrieved from /home/monica.fernandez/practica_creativa/venv-airflow/lib/python3.11/site-packages/airflow/example_dags/example_branch_operator.py
[2025-06-11T18:02:17.112+0200] {logging_mixin.py:137} INFO - [2025-06-11T18:02:17.111+0200] {dag.py:2690} INFO - Sync 1 DAGs
[2025-06-11T18:02:17.138+0200] {logging_mixin.py:137} INFO - [2025-06-11T18:02:17.138+0200] {dag.py:3437} INFO - Setting next_dagrun for example_branch_operator to 2025-06-10T00:00:00+00:00, run_after=2025-06-11T00:00:00+00:00
[2025-06-11T18:02:17.191+0200] {processor.py:175} INFO - Processing /home/monica.fernandez/practica_creativa/venv-airflow/lib/python3.11/site-packages/airflow/example_dags/example_branch_operator.py took 0.137 seconds
[2025-06-11T18:03:23.227+0200] {processor.py:153} INFO - Started process (PID=187517) to work on /home/monica.fernandez/practica_creativa/venv-airflow/lib/python3.11/site-packages/airflow/example_dags/example_branch_operator.py
[2025-06-11T18:03:23.228+0200] {processor.py:743} INFO - Processing file /home/monica.fernandez/practica_creativa/venv-airflow/lib/python3.11/site-packages/airflow/example_dags/example_branch_operator.py for tasks to queue
[2025-06-11T18:03:23.228+0200] {logging_mixin.py:137} INFO - [2025-06-11T18:03:23.228+0200] {dagbag.py:538} INFO - Filling up the DagBag from /home/monica.fernandez/practica_creativa/venv-airflow/lib/python3.11/site-packages/airflow/example_dags/example_branch_operator.py
[2025-06-11T18:03:23.254+0200] {processor.py:753} INFO - DAG(s) dict_keys(['example_branch_operator']) retrieved from /home/monica.fernandez/practica_creativa/venv-airflow/lib/python3.11/site-packages/airflow/example_dags/example_branch_operator.py
[2025-06-11T18:03:23.304+0200] {logging_mixin.py:137} INFO - [2025-06-11T18:03:23.304+0200] {dag.py:2690} INFO - Sync 1 DAGs
[2025-06-11T18:03:23.344+0200] {logging_mixin.py:137} INFO - [2025-06-11T18:03:23.344+0200] {dag.py:3437} INFO - Setting next_dagrun for example_branch_operator to 2025-06-10T00:00:00+00:00, run_after=2025-06-11T00:00:00+00:00
[2025-06-11T18:03:23.416+0200] {processor.py:175} INFO - Processing /home/monica.fernandez/practica_creativa/venv-airflow/lib/python3.11/site-packages/airflow/example_dags/example_branch_operator.py took 0.194 seconds
[2025-06-11T18:04:16.902+0200] {processor.py:153} INFO - Started process (PID=187854) to work on /home/monica.fernandez/practica_creativa/venv-airflow/lib/python3.11/site-packages/airflow/example_dags/example_branch_operator.py
[2025-06-11T18:04:16.903+0200] {processor.py:743} INFO - Processing file /home/monica.fernandez/practica_creativa/venv-airflow/lib/python3.11/site-packages/airflow/example_dags/example_branch_operator.py for tasks to queue
[2025-06-11T18:04:16.904+0200] {logging_mixin.py:137} INFO - [2025-06-11T18:04:16.903+0200] {dagbag.py:538} INFO - Filling up the DagBag from /home/monica.fernandez/practica_creativa/venv-airflow/lib/python3.11/site-packages/airflow/example_dags/example_branch_operator.py
[2025-06-11T18:04:16.942+0200] {processor.py:753} INFO - DAG(s) dict_keys(['example_branch_operator']) retrieved from /home/monica.fernandez/practica_creativa/venv-airflow/lib/python3.11/site-packages/airflow/example_dags/example_branch_operator.py
[2025-06-11T18:04:16.991+0200] {logging_mixin.py:137} INFO - [2025-06-11T18:04:16.991+0200] {dag.py:2690} INFO - Sync 1 DAGs
[2025-06-11T18:04:17.041+0200] {logging_mixin.py:137} INFO - [2025-06-11T18:04:17.041+0200] {dag.py:3437} INFO - Setting next_dagrun for example_branch_operator to 2025-06-10T00:00:00+00:00, run_after=2025-06-11T00:00:00+00:00
[2025-06-11T18:04:17.130+0200] {processor.py:175} INFO - Processing /home/monica.fernandez/practica_creativa/venv-airflow/lib/python3.11/site-packages/airflow/example_dags/example_branch_operator.py took 0.233 seconds
[2025-06-11T18:05:25.561+0200] {processor.py:153} INFO - Started process (PID=188519) to work on /home/monica.fernandez/practica_creativa/venv-airflow/lib/python3.11/site-packages/airflow/example_dags/example_branch_operator.py
[2025-06-11T18:05:25.562+0200] {processor.py:743} INFO - Processing file /home/monica.fernandez/practica_creativa/venv-airflow/lib/python3.11/site-packages/airflow/example_dags/example_branch_operator.py for tasks to queue
[2025-06-11T18:05:25.562+0200] {logging_mixin.py:137} INFO - [2025-06-11T18:05:25.562+0200] {dagbag.py:538} INFO - Filling up the DagBag from /home/monica.fernandez/practica_creativa/venv-airflow/lib/python3.11/site-packages/airflow/example_dags/example_branch_operator.py
[2025-06-11T18:05:25.585+0200] {processor.py:753} INFO - DAG(s) dict_keys(['example_branch_operator']) retrieved from /home/monica.fernandez/practica_creativa/venv-airflow/lib/python3.11/site-packages/airflow/example_dags/example_branch_operator.py
[2025-06-11T18:05:25.628+0200] {logging_mixin.py:137} INFO - [2025-06-11T18:05:25.628+0200] {dag.py:2690} INFO - Sync 1 DAGs
[2025-06-11T18:05:25.672+0200] {logging_mixin.py:137} INFO - [2025-06-11T18:05:25.672+0200] {dag.py:3437} INFO - Setting next_dagrun for example_branch_operator to 2025-06-10T00:00:00+00:00, run_after=2025-06-11T00:00:00+00:00
[2025-06-11T18:05:25.758+0200] {processor.py:175} INFO - Processing /home/monica.fernandez/practica_creativa/venv-airflow/lib/python3.11/site-packages/airflow/example_dags/example_branch_operator.py took 0.200 seconds
[2025-06-11T18:07:00.370+0200] {processor.py:153} INFO - Started process (PID=189489) to work on /home/monica.fernandez/practica_creativa/venv-airflow/lib/python3.11/site-packages/airflow/example_dags/example_branch_operator.py
[2025-06-11T18:07:00.371+0200] {processor.py:743} INFO - Processing file /home/monica.fernandez/practica_creativa/venv-airflow/lib/python3.11/site-packages/airflow/example_dags/example_branch_operator.py for tasks to queue
[2025-06-11T18:07:00.371+0200] {logging_mixin.py:137} INFO - [2025-06-11T18:07:00.371+0200] {dagbag.py:538} INFO - Filling up the DagBag from /home/monica.fernandez/practica_creativa/venv-airflow/lib/python3.11/site-packages/airflow/example_dags/example_branch_operator.py
[2025-06-11T18:07:00.403+0200] {processor.py:753} INFO - DAG(s) dict_keys(['example_branch_operator']) retrieved from /home/monica.fernandez/practica_creativa/venv-airflow/lib/python3.11/site-packages/airflow/example_dags/example_branch_operator.py
[2025-06-11T18:07:00.446+0200] {logging_mixin.py:137} INFO - [2025-06-11T18:07:00.446+0200] {dag.py:2690} INFO - Sync 1 DAGs
[2025-06-11T18:07:00.478+0200] {logging_mixin.py:137} INFO - [2025-06-11T18:07:00.477+0200] {dag.py:3437} INFO - Setting next_dagrun for example_branch_operator to 2025-06-10T00:00:00+00:00, run_after=2025-06-11T00:00:00+00:00
[2025-06-11T18:07:00.538+0200] {processor.py:175} INFO - Processing /home/monica.fernandez/practica_creativa/venv-airflow/lib/python3.11/site-packages/airflow/example_dags/example_branch_operator.py took 0.172 seconds
[2025-06-11T18:08:53.853+0200] {processor.py:153} INFO - Started process (PID=190980) to work on /home/monica.fernandez/practica_creativa/venv-airflow/lib/python3.11/site-packages/airflow/example_dags/example_branch_operator.py
[2025-06-11T18:08:53.854+0200] {processor.py:743} INFO - Processing file /home/monica.fernandez/practica_creativa/venv-airflow/lib/python3.11/site-packages/airflow/example_dags/example_branch_operator.py for tasks to queue
[2025-06-11T18:08:53.855+0200] {logging_mixin.py:137} INFO - [2025-06-11T18:08:53.855+0200] {dagbag.py:538} INFO - Filling up the DagBag from /home/monica.fernandez/practica_creativa/venv-airflow/lib/python3.11/site-packages/airflow/example_dags/example_branch_operator.py
[2025-06-11T18:08:53.877+0200] {processor.py:753} INFO - DAG(s) dict_keys(['example_branch_operator']) retrieved from /home/monica.fernandez/practica_creativa/venv-airflow/lib/python3.11/site-packages/airflow/example_dags/example_branch_operator.py
[2025-06-11T18:08:53.909+0200] {logging_mixin.py:137} INFO - [2025-06-11T18:08:53.908+0200] {dag.py:2690} INFO - Sync 1 DAGs
[2025-06-11T18:08:53.934+0200] {logging_mixin.py:137} INFO - [2025-06-11T18:08:53.933+0200] {dag.py:3437} INFO - Setting next_dagrun for example_branch_operator to 2025-06-10T00:00:00+00:00, run_after=2025-06-11T00:00:00+00:00
[2025-06-11T18:08:53.985+0200] {processor.py:175} INFO - Processing /home/monica.fernandez/practica_creativa/venv-airflow/lib/python3.11/site-packages/airflow/example_dags/example_branch_operator.py took 0.136 seconds
[2025-06-11T18:10:02.706+0200] {processor.py:153} INFO - Started process (PID=191625) to work on /home/monica.fernandez/practica_creativa/venv-airflow/lib/python3.11/site-packages/airflow/example_dags/example_branch_operator.py
[2025-06-11T18:10:02.707+0200] {processor.py:743} INFO - Processing file /home/monica.fernandez/practica_creativa/venv-airflow/lib/python3.11/site-packages/airflow/example_dags/example_branch_operator.py for tasks to queue
[2025-06-11T18:10:02.707+0200] {logging_mixin.py:137} INFO - [2025-06-11T18:10:02.707+0200] {dagbag.py:538} INFO - Filling up the DagBag from /home/monica.fernandez/practica_creativa/venv-airflow/lib/python3.11/site-packages/airflow/example_dags/example_branch_operator.py
[2025-06-11T18:10:02.744+0200] {processor.py:753} INFO - DAG(s) dict_keys(['example_branch_operator']) retrieved from /home/monica.fernandez/practica_creativa/venv-airflow/lib/python3.11/site-packages/airflow/example_dags/example_branch_operator.py
[2025-06-11T18:10:02.783+0200] {logging_mixin.py:137} INFO - [2025-06-11T18:10:02.783+0200] {dag.py:2690} INFO - Sync 1 DAGs
[2025-06-11T18:10:02.834+0200] {logging_mixin.py:137} INFO - [2025-06-11T18:10:02.833+0200] {dag.py:3437} INFO - Setting next_dagrun for example_branch_operator to 2025-06-10T00:00:00+00:00, run_after=2025-06-11T00:00:00+00:00
[2025-06-11T18:10:02.913+0200] {processor.py:175} INFO - Processing /home/monica.fernandez/practica_creativa/venv-airflow/lib/python3.11/site-packages/airflow/example_dags/example_branch_operator.py took 0.210 seconds
[2025-06-11T18:10:57.854+0200] {processor.py:153} INFO - Started process (PID=192092) to work on /home/monica.fernandez/practica_creativa/venv-airflow/lib/python3.11/site-packages/airflow/example_dags/example_branch_operator.py
[2025-06-11T18:10:57.855+0200] {processor.py:743} INFO - Processing file /home/monica.fernandez/practica_creativa/venv-airflow/lib/python3.11/site-packages/airflow/example_dags/example_branch_operator.py for tasks to queue
[2025-06-11T18:10:57.855+0200] {logging_mixin.py:137} INFO - [2025-06-11T18:10:57.855+0200] {dagbag.py:538} INFO - Filling up the DagBag from /home/monica.fernandez/practica_creativa/venv-airflow/lib/python3.11/site-packages/airflow/example_dags/example_branch_operator.py
[2025-06-11T18:10:57.888+0200] {processor.py:753} INFO - DAG(s) dict_keys(['example_branch_operator']) retrieved from /home/monica.fernandez/practica_creativa/venv-airflow/lib/python3.11/site-packages/airflow/example_dags/example_branch_operator.py
[2025-06-11T18:10:57.923+0200] {logging_mixin.py:137} INFO - [2025-06-11T18:10:57.922+0200] {dag.py:2690} INFO - Sync 1 DAGs
[2025-06-11T18:10:57.952+0200] {logging_mixin.py:137} INFO - [2025-06-11T18:10:57.952+0200] {dag.py:3437} INFO - Setting next_dagrun for example_branch_operator to 2025-06-10T00:00:00+00:00, run_after=2025-06-11T00:00:00+00:00
[2025-06-11T18:10:58.038+0200] {processor.py:175} INFO - Processing /home/monica.fernandez/practica_creativa/venv-airflow/lib/python3.11/site-packages/airflow/example_dags/example_branch_operator.py took 0.189 seconds
