[2025-06-11T16:08:04.134+0200] {processor.py:153} INFO - Started process (PID=121693) to work on /home/monica.fernandez/practica_creativa/venv-airflow/lib/python3.11/site-packages/airflow/example_dags/example_xcomargs.py
[2025-06-11T16:08:04.135+0200] {processor.py:743} INFO - Processing file /home/monica.fernandez/practica_creativa/venv-airflow/lib/python3.11/site-packages/airflow/example_dags/example_xcomargs.py for tasks to queue
[2025-06-11T16:08:04.136+0200] {logging_mixin.py:137} INFO - [2025-06-11T16:08:04.136+0200] {dagbag.py:538} INFO - Filling up the DagBag from /home/monica.fernandez/practica_creativa/venv-airflow/lib/python3.11/site-packages/airflow/example_dags/example_xcomargs.py
[2025-06-11T16:08:04.175+0200] {processor.py:753} INFO - DAG(s) dict_keys(['example_xcom_args', 'example_xcom_args_with_operators']) retrieved from /home/monica.fernandez/practica_creativa/venv-airflow/lib/python3.11/site-packages/airflow/example_dags/example_xcomargs.py
[2025-06-11T16:08:04.349+0200] {logging_mixin.py:137} INFO - [2025-06-11T16:08:04.349+0200] {manager.py:504} INFO - Created Permission View: can read on DAG:example_xcom_args
[2025-06-11T16:08:04.389+0200] {logging_mixin.py:137} INFO - [2025-06-11T16:08:04.389+0200] {manager.py:504} INFO - Created Permission View: can delete on DAG:example_xcom_args
[2025-06-11T16:08:04.425+0200] {logging_mixin.py:137} INFO - [2025-06-11T16:08:04.425+0200] {manager.py:504} INFO - Created Permission View: can edit on DAG:example_xcom_args
[2025-06-11T16:08:04.479+0200] {logging_mixin.py:137} INFO - [2025-06-11T16:08:04.478+0200] {manager.py:504} INFO - Created Permission View: can read on DAG:example_xcom_args_with_operators
[2025-06-11T16:08:04.508+0200] {logging_mixin.py:137} INFO - [2025-06-11T16:08:04.508+0200] {manager.py:504} INFO - Created Permission View: can delete on DAG:example_xcom_args_with_operators
[2025-06-11T16:08:04.537+0200] {logging_mixin.py:137} INFO - [2025-06-11T16:08:04.537+0200] {manager.py:504} INFO - Created Permission View: can edit on DAG:example_xcom_args_with_operators
[2025-06-11T16:08:04.537+0200] {logging_mixin.py:137} INFO - [2025-06-11T16:08:04.537+0200] {dag.py:2690} INFO - Sync 2 DAGs
[2025-06-11T16:08:04.553+0200] {logging_mixin.py:137} INFO - [2025-06-11T16:08:04.553+0200] {dag.py:2711} INFO - Creating ORM DAG for example_xcom_args_with_operators
[2025-06-11T16:08:04.553+0200] {logging_mixin.py:137} INFO - [2025-06-11T16:08:04.553+0200] {dag.py:2711} INFO - Creating ORM DAG for example_xcom_args
[2025-06-11T16:08:04.564+0200] {logging_mixin.py:137} INFO - [2025-06-11T16:08:04.564+0200] {dag.py:3437} INFO - Setting next_dagrun for example_xcom_args to None, run_after=None
[2025-06-11T16:08:04.564+0200] {logging_mixin.py:137} INFO - [2025-06-11T16:08:04.564+0200] {dag.py:3437} INFO - Setting next_dagrun for example_xcom_args_with_operators to None, run_after=None
[2025-06-11T16:08:04.612+0200] {processor.py:175} INFO - Processing /home/monica.fernandez/practica_creativa/venv-airflow/lib/python3.11/site-packages/airflow/example_dags/example_xcomargs.py took 0.481 seconds
[2025-06-11T17:25:54.829+0200] {processor.py:153} INFO - Started process (PID=165145) to work on /home/monica.fernandez/practica_creativa/venv-airflow/lib/python3.11/site-packages/airflow/example_dags/example_xcomargs.py
[2025-06-11T17:25:54.830+0200] {processor.py:743} INFO - Processing file /home/monica.fernandez/practica_creativa/venv-airflow/lib/python3.11/site-packages/airflow/example_dags/example_xcomargs.py for tasks to queue
[2025-06-11T17:25:54.830+0200] {logging_mixin.py:137} INFO - [2025-06-11T17:25:54.830+0200] {dagbag.py:538} INFO - Filling up the DagBag from /home/monica.fernandez/practica_creativa/venv-airflow/lib/python3.11/site-packages/airflow/example_dags/example_xcomargs.py
[2025-06-11T17:25:54.865+0200] {processor.py:753} INFO - DAG(s) dict_keys(['example_xcom_args_with_operators', 'example_xcom_args']) retrieved from /home/monica.fernandez/practica_creativa/venv-airflow/lib/python3.11/site-packages/airflow/example_dags/example_xcomargs.py
[2025-06-11T17:25:54.902+0200] {logging_mixin.py:137} INFO - [2025-06-11T17:25:54.902+0200] {dag.py:2690} INFO - Sync 2 DAGs
[2025-06-11T17:25:54.931+0200] {logging_mixin.py:137} INFO - [2025-06-11T17:25:54.931+0200] {dag.py:3437} INFO - Setting next_dagrun for example_xcom_args to None, run_after=None
[2025-06-11T17:25:54.936+0200] {logging_mixin.py:137} INFO - [2025-06-11T17:25:54.936+0200] {dag.py:3437} INFO - Setting next_dagrun for example_xcom_args_with_operators to None, run_after=None
[2025-06-11T17:25:54.994+0200] {processor.py:175} INFO - Processing /home/monica.fernandez/practica_creativa/venv-airflow/lib/python3.11/site-packages/airflow/example_dags/example_xcomargs.py took 0.169 seconds
[2025-06-11T17:26:46.888+0200] {processor.py:153} INFO - Started process (PID=165643) to work on /home/monica.fernandez/practica_creativa/venv-airflow/lib/python3.11/site-packages/airflow/example_dags/example_xcomargs.py
[2025-06-11T17:26:46.889+0200] {processor.py:743} INFO - Processing file /home/monica.fernandez/practica_creativa/venv-airflow/lib/python3.11/site-packages/airflow/example_dags/example_xcomargs.py for tasks to queue
[2025-06-11T17:26:46.889+0200] {logging_mixin.py:137} INFO - [2025-06-11T17:26:46.889+0200] {dagbag.py:538} INFO - Filling up the DagBag from /home/monica.fernandez/practica_creativa/venv-airflow/lib/python3.11/site-packages/airflow/example_dags/example_xcomargs.py
[2025-06-11T17:26:46.926+0200] {processor.py:753} INFO - DAG(s) dict_keys(['example_xcom_args', 'example_xcom_args_with_operators']) retrieved from /home/monica.fernandez/practica_creativa/venv-airflow/lib/python3.11/site-packages/airflow/example_dags/example_xcomargs.py
[2025-06-11T17:26:46.983+0200] {logging_mixin.py:137} INFO - [2025-06-11T17:26:46.983+0200] {dag.py:2690} INFO - Sync 2 DAGs
[2025-06-11T17:26:47.036+0200] {logging_mixin.py:137} INFO - [2025-06-11T17:26:47.036+0200] {dag.py:3437} INFO - Setting next_dagrun for example_xcom_args to None, run_after=None
[2025-06-11T17:26:47.044+0200] {logging_mixin.py:137} INFO - [2025-06-11T17:26:47.044+0200] {dag.py:3437} INFO - Setting next_dagrun for example_xcom_args_with_operators to None, run_after=None
[2025-06-11T17:26:47.237+0200] {processor.py:175} INFO - Processing /home/monica.fernandez/practica_creativa/venv-airflow/lib/python3.11/site-packages/airflow/example_dags/example_xcomargs.py took 0.351 seconds
[2025-06-11T17:27:44.983+0200] {processor.py:153} INFO - Started process (PID=166220) to work on /home/monica.fernandez/practica_creativa/venv-airflow/lib/python3.11/site-packages/airflow/example_dags/example_xcomargs.py
[2025-06-11T17:27:44.984+0200] {processor.py:743} INFO - Processing file /home/monica.fernandez/practica_creativa/venv-airflow/lib/python3.11/site-packages/airflow/example_dags/example_xcomargs.py for tasks to queue
[2025-06-11T17:27:44.985+0200] {logging_mixin.py:137} INFO - [2025-06-11T17:27:44.984+0200] {dagbag.py:538} INFO - Filling up the DagBag from /home/monica.fernandez/practica_creativa/venv-airflow/lib/python3.11/site-packages/airflow/example_dags/example_xcomargs.py
[2025-06-11T17:27:45.014+0200] {processor.py:753} INFO - DAG(s) dict_keys(['example_xcom_args_with_operators', 'example_xcom_args']) retrieved from /home/monica.fernandez/practica_creativa/venv-airflow/lib/python3.11/site-packages/airflow/example_dags/example_xcomargs.py
[2025-06-11T17:27:45.055+0200] {logging_mixin.py:137} INFO - [2025-06-11T17:27:45.055+0200] {dag.py:2690} INFO - Sync 2 DAGs
[2025-06-11T17:27:45.083+0200] {logging_mixin.py:137} INFO - [2025-06-11T17:27:45.082+0200] {dag.py:3437} INFO - Setting next_dagrun for example_xcom_args to None, run_after=None
[2025-06-11T17:27:45.087+0200] {logging_mixin.py:137} INFO - [2025-06-11T17:27:45.087+0200] {dag.py:3437} INFO - Setting next_dagrun for example_xcom_args_with_operators to None, run_after=None
[2025-06-11T17:27:45.147+0200] {processor.py:175} INFO - Processing /home/monica.fernandez/practica_creativa/venv-airflow/lib/python3.11/site-packages/airflow/example_dags/example_xcomargs.py took 0.167 seconds
[2025-06-11T17:28:37.076+0200] {processor.py:153} INFO - Started process (PID=166601) to work on /home/monica.fernandez/practica_creativa/venv-airflow/lib/python3.11/site-packages/airflow/example_dags/example_xcomargs.py
[2025-06-11T17:28:37.081+0200] {processor.py:743} INFO - Processing file /home/monica.fernandez/practica_creativa/venv-airflow/lib/python3.11/site-packages/airflow/example_dags/example_xcomargs.py for tasks to queue
[2025-06-11T17:28:37.081+0200] {logging_mixin.py:137} INFO - [2025-06-11T17:28:37.081+0200] {dagbag.py:538} INFO - Filling up the DagBag from /home/monica.fernandez/practica_creativa/venv-airflow/lib/python3.11/site-packages/airflow/example_dags/example_xcomargs.py
[2025-06-11T17:28:37.148+0200] {processor.py:753} INFO - DAG(s) dict_keys(['example_xcom_args_with_operators', 'example_xcom_args']) retrieved from /home/monica.fernandez/practica_creativa/venv-airflow/lib/python3.11/site-packages/airflow/example_dags/example_xcomargs.py
[2025-06-11T17:28:37.232+0200] {logging_mixin.py:137} INFO - [2025-06-11T17:28:37.232+0200] {dag.py:2690} INFO - Sync 2 DAGs
[2025-06-11T17:28:37.301+0200] {logging_mixin.py:137} INFO - [2025-06-11T17:28:37.301+0200] {dag.py:3437} INFO - Setting next_dagrun for example_xcom_args to None, run_after=None
[2025-06-11T17:28:37.323+0200] {logging_mixin.py:137} INFO - [2025-06-11T17:28:37.323+0200] {dag.py:3437} INFO - Setting next_dagrun for example_xcom_args_with_operators to None, run_after=None
[2025-06-11T17:28:37.454+0200] {processor.py:175} INFO - Processing /home/monica.fernandez/practica_creativa/venv-airflow/lib/python3.11/site-packages/airflow/example_dags/example_xcomargs.py took 0.383 seconds
[2025-06-11T17:29:29.374+0200] {processor.py:153} INFO - Started process (PID=167249) to work on /home/monica.fernandez/practica_creativa/venv-airflow/lib/python3.11/site-packages/airflow/example_dags/example_xcomargs.py
[2025-06-11T17:29:29.381+0200] {processor.py:743} INFO - Processing file /home/monica.fernandez/practica_creativa/venv-airflow/lib/python3.11/site-packages/airflow/example_dags/example_xcomargs.py for tasks to queue
[2025-06-11T17:29:29.383+0200] {logging_mixin.py:137} INFO - [2025-06-11T17:29:29.383+0200] {dagbag.py:538} INFO - Filling up the DagBag from /home/monica.fernandez/practica_creativa/venv-airflow/lib/python3.11/site-packages/airflow/example_dags/example_xcomargs.py
[2025-06-11T17:29:29.430+0200] {processor.py:753} INFO - DAG(s) dict_keys(['example_xcom_args', 'example_xcom_args_with_operators']) retrieved from /home/monica.fernandez/practica_creativa/venv-airflow/lib/python3.11/site-packages/airflow/example_dags/example_xcomargs.py
[2025-06-11T17:29:29.482+0200] {logging_mixin.py:137} INFO - [2025-06-11T17:29:29.482+0200] {dag.py:2690} INFO - Sync 2 DAGs
[2025-06-11T17:29:29.541+0200] {logging_mixin.py:137} INFO - [2025-06-11T17:29:29.540+0200] {dag.py:3437} INFO - Setting next_dagrun for example_xcom_args to None, run_after=None
[2025-06-11T17:29:29.554+0200] {logging_mixin.py:137} INFO - [2025-06-11T17:29:29.554+0200] {dag.py:3437} INFO - Setting next_dagrun for example_xcom_args_with_operators to None, run_after=None
[2025-06-11T17:29:29.655+0200] {processor.py:175} INFO - Processing /home/monica.fernandez/practica_creativa/venv-airflow/lib/python3.11/site-packages/airflow/example_dags/example_xcomargs.py took 0.284 seconds
[2025-06-11T17:30:19.389+0200] {processor.py:153} INFO - Started process (PID=167686) to work on /home/monica.fernandez/practica_creativa/venv-airflow/lib/python3.11/site-packages/airflow/example_dags/example_xcomargs.py
[2025-06-11T17:30:19.390+0200] {processor.py:743} INFO - Processing file /home/monica.fernandez/practica_creativa/venv-airflow/lib/python3.11/site-packages/airflow/example_dags/example_xcomargs.py for tasks to queue
[2025-06-11T17:30:19.391+0200] {logging_mixin.py:137} INFO - [2025-06-11T17:30:19.391+0200] {dagbag.py:538} INFO - Filling up the DagBag from /home/monica.fernandez/practica_creativa/venv-airflow/lib/python3.11/site-packages/airflow/example_dags/example_xcomargs.py
[2025-06-11T17:30:19.440+0200] {processor.py:753} INFO - DAG(s) dict_keys(['example_xcom_args_with_operators', 'example_xcom_args']) retrieved from /home/monica.fernandez/practica_creativa/venv-airflow/lib/python3.11/site-packages/airflow/example_dags/example_xcomargs.py
[2025-06-11T17:30:19.474+0200] {logging_mixin.py:137} INFO - [2025-06-11T17:30:19.474+0200] {dag.py:2690} INFO - Sync 2 DAGs
[2025-06-11T17:30:19.502+0200] {logging_mixin.py:137} INFO - [2025-06-11T17:30:19.502+0200] {dag.py:3437} INFO - Setting next_dagrun for example_xcom_args to None, run_after=None
[2025-06-11T17:30:19.506+0200] {logging_mixin.py:137} INFO - [2025-06-11T17:30:19.506+0200] {dag.py:3437} INFO - Setting next_dagrun for example_xcom_args_with_operators to None, run_after=None
[2025-06-11T17:30:19.568+0200] {processor.py:175} INFO - Processing /home/monica.fernandez/practica_creativa/venv-airflow/lib/python3.11/site-packages/airflow/example_dags/example_xcomargs.py took 0.182 seconds
[2025-06-11T17:31:10.726+0200] {processor.py:153} INFO - Started process (PID=168379) to work on /home/monica.fernandez/practica_creativa/venv-airflow/lib/python3.11/site-packages/airflow/example_dags/example_xcomargs.py
[2025-06-11T17:31:10.727+0200] {processor.py:743} INFO - Processing file /home/monica.fernandez/practica_creativa/venv-airflow/lib/python3.11/site-packages/airflow/example_dags/example_xcomargs.py for tasks to queue
[2025-06-11T17:31:10.728+0200] {logging_mixin.py:137} INFO - [2025-06-11T17:31:10.728+0200] {dagbag.py:538} INFO - Filling up the DagBag from /home/monica.fernandez/practica_creativa/venv-airflow/lib/python3.11/site-packages/airflow/example_dags/example_xcomargs.py
[2025-06-11T17:31:10.762+0200] {processor.py:753} INFO - DAG(s) dict_keys(['example_xcom_args_with_operators', 'example_xcom_args']) retrieved from /home/monica.fernandez/practica_creativa/venv-airflow/lib/python3.11/site-packages/airflow/example_dags/example_xcomargs.py
[2025-06-11T17:31:10.797+0200] {logging_mixin.py:137} INFO - [2025-06-11T17:31:10.797+0200] {dag.py:2690} INFO - Sync 2 DAGs
[2025-06-11T17:31:10.824+0200] {logging_mixin.py:137} INFO - [2025-06-11T17:31:10.824+0200] {dag.py:3437} INFO - Setting next_dagrun for example_xcom_args to None, run_after=None
[2025-06-11T17:31:10.828+0200] {logging_mixin.py:137} INFO - [2025-06-11T17:31:10.828+0200] {dag.py:3437} INFO - Setting next_dagrun for example_xcom_args_with_operators to None, run_after=None
[2025-06-11T17:31:10.879+0200] {processor.py:175} INFO - Processing /home/monica.fernandez/practica_creativa/venv-airflow/lib/python3.11/site-packages/airflow/example_dags/example_xcomargs.py took 0.156 seconds
[2025-06-11T17:32:01.462+0200] {processor.py:153} INFO - Started process (PID=168796) to work on /home/monica.fernandez/practica_creativa/venv-airflow/lib/python3.11/site-packages/airflow/example_dags/example_xcomargs.py
[2025-06-11T17:32:01.462+0200] {processor.py:743} INFO - Processing file /home/monica.fernandez/practica_creativa/venv-airflow/lib/python3.11/site-packages/airflow/example_dags/example_xcomargs.py for tasks to queue
[2025-06-11T17:32:01.464+0200] {logging_mixin.py:137} INFO - [2025-06-11T17:32:01.464+0200] {dagbag.py:538} INFO - Filling up the DagBag from /home/monica.fernandez/practica_creativa/venv-airflow/lib/python3.11/site-packages/airflow/example_dags/example_xcomargs.py
[2025-06-11T17:32:01.518+0200] {processor.py:753} INFO - DAG(s) dict_keys(['example_xcom_args_with_operators', 'example_xcom_args']) retrieved from /home/monica.fernandez/practica_creativa/venv-airflow/lib/python3.11/site-packages/airflow/example_dags/example_xcomargs.py
[2025-06-11T17:32:01.589+0200] {logging_mixin.py:137} INFO - [2025-06-11T17:32:01.589+0200] {dag.py:2690} INFO - Sync 2 DAGs
[2025-06-11T17:32:01.623+0200] {logging_mixin.py:137} INFO - [2025-06-11T17:32:01.623+0200] {dag.py:3437} INFO - Setting next_dagrun for example_xcom_args to None, run_after=None
[2025-06-11T17:32:01.629+0200] {logging_mixin.py:137} INFO - [2025-06-11T17:32:01.629+0200] {dag.py:3437} INFO - Setting next_dagrun for example_xcom_args_with_operators to None, run_after=None
[2025-06-11T17:32:01.690+0200] {processor.py:175} INFO - Processing /home/monica.fernandez/practica_creativa/venv-airflow/lib/python3.11/site-packages/airflow/example_dags/example_xcomargs.py took 0.233 seconds
[2025-06-11T17:33:00.553+0200] {processor.py:153} INFO - Started process (PID=169343) to work on /home/monica.fernandez/practica_creativa/venv-airflow/lib/python3.11/site-packages/airflow/example_dags/example_xcomargs.py
[2025-06-11T17:33:00.554+0200] {processor.py:743} INFO - Processing file /home/monica.fernandez/practica_creativa/venv-airflow/lib/python3.11/site-packages/airflow/example_dags/example_xcomargs.py for tasks to queue
[2025-06-11T17:33:00.554+0200] {logging_mixin.py:137} INFO - [2025-06-11T17:33:00.554+0200] {dagbag.py:538} INFO - Filling up the DagBag from /home/monica.fernandez/practica_creativa/venv-airflow/lib/python3.11/site-packages/airflow/example_dags/example_xcomargs.py
[2025-06-11T17:33:00.628+0200] {processor.py:753} INFO - DAG(s) dict_keys(['example_xcom_args', 'example_xcom_args_with_operators']) retrieved from /home/monica.fernandez/practica_creativa/venv-airflow/lib/python3.11/site-packages/airflow/example_dags/example_xcomargs.py
[2025-06-11T17:33:00.681+0200] {logging_mixin.py:137} INFO - [2025-06-11T17:33:00.681+0200] {dag.py:2690} INFO - Sync 2 DAGs
[2025-06-11T17:33:00.720+0200] {logging_mixin.py:137} INFO - [2025-06-11T17:33:00.720+0200] {dag.py:3437} INFO - Setting next_dagrun for example_xcom_args to None, run_after=None
[2025-06-11T17:33:00.725+0200] {logging_mixin.py:137} INFO - [2025-06-11T17:33:00.725+0200] {dag.py:3437} INFO - Setting next_dagrun for example_xcom_args_with_operators to None, run_after=None
[2025-06-11T17:33:00.776+0200] {processor.py:175} INFO - Processing /home/monica.fernandez/practica_creativa/venv-airflow/lib/python3.11/site-packages/airflow/example_dags/example_xcomargs.py took 0.226 seconds
[2025-06-11T17:33:51.589+0200] {processor.py:153} INFO - Started process (PID=169800) to work on /home/monica.fernandez/practica_creativa/venv-airflow/lib/python3.11/site-packages/airflow/example_dags/example_xcomargs.py
[2025-06-11T17:33:51.590+0200] {processor.py:743} INFO - Processing file /home/monica.fernandez/practica_creativa/venv-airflow/lib/python3.11/site-packages/airflow/example_dags/example_xcomargs.py for tasks to queue
[2025-06-11T17:33:51.592+0200] {logging_mixin.py:137} INFO - [2025-06-11T17:33:51.592+0200] {dagbag.py:538} INFO - Filling up the DagBag from /home/monica.fernandez/practica_creativa/venv-airflow/lib/python3.11/site-packages/airflow/example_dags/example_xcomargs.py
[2025-06-11T17:33:51.675+0200] {processor.py:753} INFO - DAG(s) dict_keys(['example_xcom_args', 'example_xcom_args_with_operators']) retrieved from /home/monica.fernandez/practica_creativa/venv-airflow/lib/python3.11/site-packages/airflow/example_dags/example_xcomargs.py
[2025-06-11T17:33:51.732+0200] {logging_mixin.py:137} INFO - [2025-06-11T17:33:51.731+0200] {dag.py:2690} INFO - Sync 2 DAGs
[2025-06-11T17:33:51.830+0200] {logging_mixin.py:137} INFO - [2025-06-11T17:33:51.830+0200] {dag.py:3437} INFO - Setting next_dagrun for example_xcom_args to None, run_after=None
[2025-06-11T17:33:51.844+0200] {logging_mixin.py:137} INFO - [2025-06-11T17:33:51.844+0200] {dag.py:3437} INFO - Setting next_dagrun for example_xcom_args_with_operators to None, run_after=None
[2025-06-11T17:33:51.920+0200] {processor.py:175} INFO - Processing /home/monica.fernandez/practica_creativa/venv-airflow/lib/python3.11/site-packages/airflow/example_dags/example_xcomargs.py took 0.337 seconds
[2025-06-11T17:34:41.633+0200] {processor.py:153} INFO - Started process (PID=170218) to work on /home/monica.fernandez/practica_creativa/venv-airflow/lib/python3.11/site-packages/airflow/example_dags/example_xcomargs.py
[2025-06-11T17:34:41.634+0200] {processor.py:743} INFO - Processing file /home/monica.fernandez/practica_creativa/venv-airflow/lib/python3.11/site-packages/airflow/example_dags/example_xcomargs.py for tasks to queue
[2025-06-11T17:34:41.634+0200] {logging_mixin.py:137} INFO - [2025-06-11T17:34:41.634+0200] {dagbag.py:538} INFO - Filling up the DagBag from /home/monica.fernandez/practica_creativa/venv-airflow/lib/python3.11/site-packages/airflow/example_dags/example_xcomargs.py
[2025-06-11T17:34:41.670+0200] {processor.py:753} INFO - DAG(s) dict_keys(['example_xcom_args', 'example_xcom_args_with_operators']) retrieved from /home/monica.fernandez/practica_creativa/venv-airflow/lib/python3.11/site-packages/airflow/example_dags/example_xcomargs.py
[2025-06-11T17:34:41.710+0200] {logging_mixin.py:137} INFO - [2025-06-11T17:34:41.710+0200] {dag.py:2690} INFO - Sync 2 DAGs
[2025-06-11T17:34:41.757+0200] {logging_mixin.py:137} INFO - [2025-06-11T17:34:41.757+0200] {dag.py:3437} INFO - Setting next_dagrun for example_xcom_args to None, run_after=None
[2025-06-11T17:34:41.763+0200] {logging_mixin.py:137} INFO - [2025-06-11T17:34:41.762+0200] {dag.py:3437} INFO - Setting next_dagrun for example_xcom_args_with_operators to None, run_after=None
[2025-06-11T17:34:41.848+0200] {processor.py:175} INFO - Processing /home/monica.fernandez/practica_creativa/venv-airflow/lib/python3.11/site-packages/airflow/example_dags/example_xcomargs.py took 0.218 seconds
[2025-06-11T17:35:04.112+0200] {processor.py:153} INFO - Started process (PID=170437) to work on /home/monica.fernandez/practica_creativa/venv-airflow/lib/python3.11/site-packages/airflow/example_dags/example_xcomargs.py
[2025-06-11T17:35:04.113+0200] {processor.py:743} INFO - Processing file /home/monica.fernandez/practica_creativa/venv-airflow/lib/python3.11/site-packages/airflow/example_dags/example_xcomargs.py for tasks to queue
[2025-06-11T17:35:04.114+0200] {logging_mixin.py:137} INFO - [2025-06-11T17:35:04.113+0200] {dagbag.py:538} INFO - Filling up the DagBag from /home/monica.fernandez/practica_creativa/venv-airflow/lib/python3.11/site-packages/airflow/example_dags/example_xcomargs.py
[2025-06-11T17:35:04.165+0200] {processor.py:753} INFO - DAG(s) dict_keys(['example_xcom_args_with_operators', 'example_xcom_args']) retrieved from /home/monica.fernandez/practica_creativa/venv-airflow/lib/python3.11/site-packages/airflow/example_dags/example_xcomargs.py
[2025-06-11T17:35:04.248+0200] {logging_mixin.py:137} INFO - [2025-06-11T17:35:04.247+0200] {dag.py:2690} INFO - Sync 2 DAGs
[2025-06-11T17:35:04.314+0200] {logging_mixin.py:137} INFO - [2025-06-11T17:35:04.313+0200] {dag.py:3437} INFO - Setting next_dagrun for example_xcom_args to None, run_after=None
[2025-06-11T17:35:04.324+0200] {logging_mixin.py:137} INFO - [2025-06-11T17:35:04.324+0200] {dag.py:3437} INFO - Setting next_dagrun for example_xcom_args_with_operators to None, run_after=None
[2025-06-11T17:35:04.492+0200] {processor.py:175} INFO - Processing /home/monica.fernandez/practica_creativa/venv-airflow/lib/python3.11/site-packages/airflow/example_dags/example_xcomargs.py took 0.382 seconds
[2025-06-11T17:36:01.857+0200] {processor.py:153} INFO - Started process (PID=171002) to work on /home/monica.fernandez/practica_creativa/venv-airflow/lib/python3.11/site-packages/airflow/example_dags/example_xcomargs.py
[2025-06-11T17:36:01.858+0200] {processor.py:743} INFO - Processing file /home/monica.fernandez/practica_creativa/venv-airflow/lib/python3.11/site-packages/airflow/example_dags/example_xcomargs.py for tasks to queue
[2025-06-11T17:36:01.858+0200] {logging_mixin.py:137} INFO - [2025-06-11T17:36:01.858+0200] {dagbag.py:538} INFO - Filling up the DagBag from /home/monica.fernandez/practica_creativa/venv-airflow/lib/python3.11/site-packages/airflow/example_dags/example_xcomargs.py
[2025-06-11T17:36:01.889+0200] {processor.py:753} INFO - DAG(s) dict_keys(['example_xcom_args_with_operators', 'example_xcom_args']) retrieved from /home/monica.fernandez/practica_creativa/venv-airflow/lib/python3.11/site-packages/airflow/example_dags/example_xcomargs.py
[2025-06-11T17:36:01.921+0200] {logging_mixin.py:137} INFO - [2025-06-11T17:36:01.921+0200] {dag.py:2690} INFO - Sync 2 DAGs
[2025-06-11T17:36:01.945+0200] {logging_mixin.py:137} INFO - [2025-06-11T17:36:01.945+0200] {dag.py:3437} INFO - Setting next_dagrun for example_xcom_args to None, run_after=None
[2025-06-11T17:36:01.951+0200] {logging_mixin.py:137} INFO - [2025-06-11T17:36:01.951+0200] {dag.py:3437} INFO - Setting next_dagrun for example_xcom_args_with_operators to None, run_after=None
[2025-06-11T17:36:02.002+0200] {processor.py:175} INFO - Processing /home/monica.fernandez/practica_creativa/venv-airflow/lib/python3.11/site-packages/airflow/example_dags/example_xcomargs.py took 0.147 seconds
[2025-06-11T17:36:52.884+0200] {processor.py:153} INFO - Started process (PID=171590) to work on /home/monica.fernandez/practica_creativa/venv-airflow/lib/python3.11/site-packages/airflow/example_dags/example_xcomargs.py
[2025-06-11T17:36:52.885+0200] {processor.py:743} INFO - Processing file /home/monica.fernandez/practica_creativa/venv-airflow/lib/python3.11/site-packages/airflow/example_dags/example_xcomargs.py for tasks to queue
[2025-06-11T17:36:52.885+0200] {logging_mixin.py:137} INFO - [2025-06-11T17:36:52.885+0200] {dagbag.py:538} INFO - Filling up the DagBag from /home/monica.fernandez/practica_creativa/venv-airflow/lib/python3.11/site-packages/airflow/example_dags/example_xcomargs.py
[2025-06-11T17:36:52.920+0200] {processor.py:753} INFO - DAG(s) dict_keys(['example_xcom_args', 'example_xcom_args_with_operators']) retrieved from /home/monica.fernandez/practica_creativa/venv-airflow/lib/python3.11/site-packages/airflow/example_dags/example_xcomargs.py
[2025-06-11T17:36:52.974+0200] {logging_mixin.py:137} INFO - [2025-06-11T17:36:52.974+0200] {dag.py:2690} INFO - Sync 2 DAGs
[2025-06-11T17:36:53.010+0200] {logging_mixin.py:137} INFO - [2025-06-11T17:36:53.010+0200] {dag.py:3437} INFO - Setting next_dagrun for example_xcom_args to None, run_after=None
[2025-06-11T17:36:53.015+0200] {logging_mixin.py:137} INFO - [2025-06-11T17:36:53.015+0200] {dag.py:3437} INFO - Setting next_dagrun for example_xcom_args_with_operators to None, run_after=None
[2025-06-11T17:36:53.084+0200] {processor.py:175} INFO - Processing /home/monica.fernandez/practica_creativa/venv-airflow/lib/python3.11/site-packages/airflow/example_dags/example_xcomargs.py took 0.205 seconds
[2025-06-11T17:37:46.005+0200] {processor.py:153} INFO - Started process (PID=172088) to work on /home/monica.fernandez/practica_creativa/venv-airflow/lib/python3.11/site-packages/airflow/example_dags/example_xcomargs.py
[2025-06-11T17:37:46.006+0200] {processor.py:743} INFO - Processing file /home/monica.fernandez/practica_creativa/venv-airflow/lib/python3.11/site-packages/airflow/example_dags/example_xcomargs.py for tasks to queue
[2025-06-11T17:37:46.007+0200] {logging_mixin.py:137} INFO - [2025-06-11T17:37:46.006+0200] {dagbag.py:538} INFO - Filling up the DagBag from /home/monica.fernandez/practica_creativa/venv-airflow/lib/python3.11/site-packages/airflow/example_dags/example_xcomargs.py
[2025-06-11T17:37:46.068+0200] {processor.py:753} INFO - DAG(s) dict_keys(['example_xcom_args', 'example_xcom_args_with_operators']) retrieved from /home/monica.fernandez/practica_creativa/venv-airflow/lib/python3.11/site-packages/airflow/example_dags/example_xcomargs.py
[2025-06-11T17:37:46.114+0200] {logging_mixin.py:137} INFO - [2025-06-11T17:37:46.114+0200] {dag.py:2690} INFO - Sync 2 DAGs
[2025-06-11T17:37:46.153+0200] {logging_mixin.py:137} INFO - [2025-06-11T17:37:46.151+0200] {dag.py:3437} INFO - Setting next_dagrun for example_xcom_args to None, run_after=None
[2025-06-11T17:37:46.158+0200] {logging_mixin.py:137} INFO - [2025-06-11T17:37:46.158+0200] {dag.py:3437} INFO - Setting next_dagrun for example_xcom_args_with_operators to None, run_after=None
[2025-06-11T17:37:46.230+0200] {processor.py:175} INFO - Processing /home/monica.fernandez/practica_creativa/venv-airflow/lib/python3.11/site-packages/airflow/example_dags/example_xcomargs.py took 0.229 seconds
[2025-06-11T17:38:46.093+0200] {processor.py:153} INFO - Started process (PID=172657) to work on /home/monica.fernandez/practica_creativa/venv-airflow/lib/python3.11/site-packages/airflow/example_dags/example_xcomargs.py
[2025-06-11T17:38:46.094+0200] {processor.py:743} INFO - Processing file /home/monica.fernandez/practica_creativa/venv-airflow/lib/python3.11/site-packages/airflow/example_dags/example_xcomargs.py for tasks to queue
[2025-06-11T17:38:46.094+0200] {logging_mixin.py:137} INFO - [2025-06-11T17:38:46.094+0200] {dagbag.py:538} INFO - Filling up the DagBag from /home/monica.fernandez/practica_creativa/venv-airflow/lib/python3.11/site-packages/airflow/example_dags/example_xcomargs.py
[2025-06-11T17:38:46.127+0200] {processor.py:753} INFO - DAG(s) dict_keys(['example_xcom_args_with_operators', 'example_xcom_args']) retrieved from /home/monica.fernandez/practica_creativa/venv-airflow/lib/python3.11/site-packages/airflow/example_dags/example_xcomargs.py
[2025-06-11T17:38:46.169+0200] {logging_mixin.py:137} INFO - [2025-06-11T17:38:46.169+0200] {dag.py:2690} INFO - Sync 2 DAGs
[2025-06-11T17:38:46.217+0200] {logging_mixin.py:137} INFO - [2025-06-11T17:38:46.217+0200] {dag.py:3437} INFO - Setting next_dagrun for example_xcom_args to None, run_after=None
[2025-06-11T17:38:46.225+0200] {logging_mixin.py:137} INFO - [2025-06-11T17:38:46.225+0200] {dag.py:3437} INFO - Setting next_dagrun for example_xcom_args_with_operators to None, run_after=None
[2025-06-11T17:38:46.366+0200] {processor.py:175} INFO - Processing /home/monica.fernandez/practica_creativa/venv-airflow/lib/python3.11/site-packages/airflow/example_dags/example_xcomargs.py took 0.277 seconds
[2025-06-11T17:39:40.034+0200] {processor.py:153} INFO - Started process (PID=173165) to work on /home/monica.fernandez/practica_creativa/venv-airflow/lib/python3.11/site-packages/airflow/example_dags/example_xcomargs.py
[2025-06-11T17:39:40.035+0200] {processor.py:743} INFO - Processing file /home/monica.fernandez/practica_creativa/venv-airflow/lib/python3.11/site-packages/airflow/example_dags/example_xcomargs.py for tasks to queue
[2025-06-11T17:39:40.036+0200] {logging_mixin.py:137} INFO - [2025-06-11T17:39:40.036+0200] {dagbag.py:538} INFO - Filling up the DagBag from /home/monica.fernandez/practica_creativa/venv-airflow/lib/python3.11/site-packages/airflow/example_dags/example_xcomargs.py
[2025-06-11T17:39:40.077+0200] {processor.py:753} INFO - DAG(s) dict_keys(['example_xcom_args', 'example_xcom_args_with_operators']) retrieved from /home/monica.fernandez/practica_creativa/venv-airflow/lib/python3.11/site-packages/airflow/example_dags/example_xcomargs.py
[2025-06-11T17:39:40.129+0200] {logging_mixin.py:137} INFO - [2025-06-11T17:39:40.127+0200] {dag.py:2690} INFO - Sync 2 DAGs
[2025-06-11T17:39:40.181+0200] {logging_mixin.py:137} INFO - [2025-06-11T17:39:40.180+0200] {dag.py:3437} INFO - Setting next_dagrun for example_xcom_args to None, run_after=None
[2025-06-11T17:39:40.198+0200] {logging_mixin.py:137} INFO - [2025-06-11T17:39:40.197+0200] {dag.py:3437} INFO - Setting next_dagrun for example_xcom_args_with_operators to None, run_after=None
[2025-06-11T17:39:40.292+0200] {processor.py:175} INFO - Processing /home/monica.fernandez/practica_creativa/venv-airflow/lib/python3.11/site-packages/airflow/example_dags/example_xcomargs.py took 0.265 seconds
[2025-06-11T17:40:48.465+0200] {processor.py:153} INFO - Started process (PID=173857) to work on /home/monica.fernandez/practica_creativa/venv-airflow/lib/python3.11/site-packages/airflow/example_dags/example_xcomargs.py
[2025-06-11T17:40:48.466+0200] {processor.py:743} INFO - Processing file /home/monica.fernandez/practica_creativa/venv-airflow/lib/python3.11/site-packages/airflow/example_dags/example_xcomargs.py for tasks to queue
[2025-06-11T17:40:48.467+0200] {logging_mixin.py:137} INFO - [2025-06-11T17:40:48.467+0200] {dagbag.py:538} INFO - Filling up the DagBag from /home/monica.fernandez/practica_creativa/venv-airflow/lib/python3.11/site-packages/airflow/example_dags/example_xcomargs.py
[2025-06-11T17:40:48.526+0200] {processor.py:753} INFO - DAG(s) dict_keys(['example_xcom_args', 'example_xcom_args_with_operators']) retrieved from /home/monica.fernandez/practica_creativa/venv-airflow/lib/python3.11/site-packages/airflow/example_dags/example_xcomargs.py
[2025-06-11T17:40:48.576+0200] {logging_mixin.py:137} INFO - [2025-06-11T17:40:48.575+0200] {dag.py:2690} INFO - Sync 2 DAGs
[2025-06-11T17:40:48.627+0200] {logging_mixin.py:137} INFO - [2025-06-11T17:40:48.626+0200] {dag.py:3437} INFO - Setting next_dagrun for example_xcom_args to None, run_after=None
[2025-06-11T17:40:48.636+0200] {logging_mixin.py:137} INFO - [2025-06-11T17:40:48.636+0200] {dag.py:3437} INFO - Setting next_dagrun for example_xcom_args_with_operators to None, run_after=None
[2025-06-11T17:40:48.736+0200] {processor.py:175} INFO - Processing /home/monica.fernandez/practica_creativa/venv-airflow/lib/python3.11/site-packages/airflow/example_dags/example_xcomargs.py took 0.278 seconds
[2025-06-11T17:41:43.274+0200] {processor.py:153} INFO - Started process (PID=174254) to work on /home/monica.fernandez/practica_creativa/venv-airflow/lib/python3.11/site-packages/airflow/example_dags/example_xcomargs.py
[2025-06-11T17:41:43.276+0200] {processor.py:743} INFO - Processing file /home/monica.fernandez/practica_creativa/venv-airflow/lib/python3.11/site-packages/airflow/example_dags/example_xcomargs.py for tasks to queue
[2025-06-11T17:41:43.277+0200] {logging_mixin.py:137} INFO - [2025-06-11T17:41:43.276+0200] {dagbag.py:538} INFO - Filling up the DagBag from /home/monica.fernandez/practica_creativa/venv-airflow/lib/python3.11/site-packages/airflow/example_dags/example_xcomargs.py
[2025-06-11T17:41:43.351+0200] {processor.py:753} INFO - DAG(s) dict_keys(['example_xcom_args_with_operators', 'example_xcom_args']) retrieved from /home/monica.fernandez/practica_creativa/venv-airflow/lib/python3.11/site-packages/airflow/example_dags/example_xcomargs.py
[2025-06-11T17:41:43.420+0200] {logging_mixin.py:137} INFO - [2025-06-11T17:41:43.420+0200] {dag.py:2690} INFO - Sync 2 DAGs
[2025-06-11T17:41:43.482+0200] {logging_mixin.py:137} INFO - [2025-06-11T17:41:43.481+0200] {dag.py:3437} INFO - Setting next_dagrun for example_xcom_args to None, run_after=None
[2025-06-11T17:41:43.491+0200] {logging_mixin.py:137} INFO - [2025-06-11T17:41:43.491+0200] {dag.py:3437} INFO - Setting next_dagrun for example_xcom_args_with_operators to None, run_after=None
[2025-06-11T17:41:43.576+0200] {processor.py:175} INFO - Processing /home/monica.fernandez/practica_creativa/venv-airflow/lib/python3.11/site-packages/airflow/example_dags/example_xcomargs.py took 0.311 seconds
[2025-06-11T17:42:51.618+0200] {processor.py:153} INFO - Started process (PID=174961) to work on /home/monica.fernandez/practica_creativa/venv-airflow/lib/python3.11/site-packages/airflow/example_dags/example_xcomargs.py
[2025-06-11T17:42:51.619+0200] {processor.py:743} INFO - Processing file /home/monica.fernandez/practica_creativa/venv-airflow/lib/python3.11/site-packages/airflow/example_dags/example_xcomargs.py for tasks to queue
[2025-06-11T17:42:51.619+0200] {logging_mixin.py:137} INFO - [2025-06-11T17:42:51.619+0200] {dagbag.py:538} INFO - Filling up the DagBag from /home/monica.fernandez/practica_creativa/venv-airflow/lib/python3.11/site-packages/airflow/example_dags/example_xcomargs.py
[2025-06-11T17:42:51.650+0200] {processor.py:753} INFO - DAG(s) dict_keys(['example_xcom_args_with_operators', 'example_xcom_args']) retrieved from /home/monica.fernandez/practica_creativa/venv-airflow/lib/python3.11/site-packages/airflow/example_dags/example_xcomargs.py
[2025-06-11T17:42:51.690+0200] {logging_mixin.py:137} INFO - [2025-06-11T17:42:51.690+0200] {dag.py:2690} INFO - Sync 2 DAGs
[2025-06-11T17:42:51.718+0200] {logging_mixin.py:137} INFO - [2025-06-11T17:42:51.718+0200] {dag.py:3437} INFO - Setting next_dagrun for example_xcom_args to None, run_after=None
[2025-06-11T17:42:51.725+0200] {logging_mixin.py:137} INFO - [2025-06-11T17:42:51.725+0200] {dag.py:3437} INFO - Setting next_dagrun for example_xcom_args_with_operators to None, run_after=None
[2025-06-11T17:42:51.796+0200] {processor.py:175} INFO - Processing /home/monica.fernandez/practica_creativa/venv-airflow/lib/python3.11/site-packages/airflow/example_dags/example_xcomargs.py took 0.181 seconds
[2025-06-11T17:43:56.931+0200] {processor.py:153} INFO - Started process (PID=175589) to work on /home/monica.fernandez/practica_creativa/venv-airflow/lib/python3.11/site-packages/airflow/example_dags/example_xcomargs.py
[2025-06-11T17:43:56.931+0200] {processor.py:743} INFO - Processing file /home/monica.fernandez/practica_creativa/venv-airflow/lib/python3.11/site-packages/airflow/example_dags/example_xcomargs.py for tasks to queue
[2025-06-11T17:43:56.933+0200] {logging_mixin.py:137} INFO - [2025-06-11T17:43:56.933+0200] {dagbag.py:538} INFO - Filling up the DagBag from /home/monica.fernandez/practica_creativa/venv-airflow/lib/python3.11/site-packages/airflow/example_dags/example_xcomargs.py
[2025-06-11T17:43:56.983+0200] {processor.py:753} INFO - DAG(s) dict_keys(['example_xcom_args', 'example_xcom_args_with_operators']) retrieved from /home/monica.fernandez/practica_creativa/venv-airflow/lib/python3.11/site-packages/airflow/example_dags/example_xcomargs.py
[2025-06-11T17:43:57.024+0200] {logging_mixin.py:137} INFO - [2025-06-11T17:43:57.024+0200] {dag.py:2690} INFO - Sync 2 DAGs
[2025-06-11T17:43:57.078+0200] {logging_mixin.py:137} INFO - [2025-06-11T17:43:57.078+0200] {dag.py:3437} INFO - Setting next_dagrun for example_xcom_args to None, run_after=None
[2025-06-11T17:43:57.083+0200] {logging_mixin.py:137} INFO - [2025-06-11T17:43:57.083+0200] {dag.py:3437} INFO - Setting next_dagrun for example_xcom_args_with_operators to None, run_after=None
[2025-06-11T17:43:57.140+0200] {processor.py:175} INFO - Processing /home/monica.fernandez/practica_creativa/venv-airflow/lib/python3.11/site-packages/airflow/example_dags/example_xcomargs.py took 0.213 seconds
[2025-06-11T17:44:47.366+0200] {processor.py:153} INFO - Started process (PID=176046) to work on /home/monica.fernandez/practica_creativa/venv-airflow/lib/python3.11/site-packages/airflow/example_dags/example_xcomargs.py
[2025-06-11T17:44:47.367+0200] {processor.py:743} INFO - Processing file /home/monica.fernandez/practica_creativa/venv-airflow/lib/python3.11/site-packages/airflow/example_dags/example_xcomargs.py for tasks to queue
[2025-06-11T17:44:47.367+0200] {logging_mixin.py:137} INFO - [2025-06-11T17:44:47.367+0200] {dagbag.py:538} INFO - Filling up the DagBag from /home/monica.fernandez/practica_creativa/venv-airflow/lib/python3.11/site-packages/airflow/example_dags/example_xcomargs.py
[2025-06-11T17:44:47.412+0200] {processor.py:753} INFO - DAG(s) dict_keys(['example_xcom_args_with_operators', 'example_xcom_args']) retrieved from /home/monica.fernandez/practica_creativa/venv-airflow/lib/python3.11/site-packages/airflow/example_dags/example_xcomargs.py
[2025-06-11T17:44:47.463+0200] {logging_mixin.py:137} INFO - [2025-06-11T17:44:47.463+0200] {dag.py:2690} INFO - Sync 2 DAGs
[2025-06-11T17:44:47.518+0200] {logging_mixin.py:137} INFO - [2025-06-11T17:44:47.517+0200] {dag.py:3437} INFO - Setting next_dagrun for example_xcom_args to None, run_after=None
[2025-06-11T17:44:47.523+0200] {logging_mixin.py:137} INFO - [2025-06-11T17:44:47.523+0200] {dag.py:3437} INFO - Setting next_dagrun for example_xcom_args_with_operators to None, run_after=None
[2025-06-11T17:44:47.609+0200] {processor.py:175} INFO - Processing /home/monica.fernandez/practica_creativa/venv-airflow/lib/python3.11/site-packages/airflow/example_dags/example_xcomargs.py took 0.246 seconds
[2025-06-11T17:45:08.390+0200] {processor.py:153} INFO - Started process (PID=176215) to work on /home/monica.fernandez/practica_creativa/venv-airflow/lib/python3.11/site-packages/airflow/example_dags/example_xcomargs.py
[2025-06-11T17:45:08.390+0200] {processor.py:743} INFO - Processing file /home/monica.fernandez/practica_creativa/venv-airflow/lib/python3.11/site-packages/airflow/example_dags/example_xcomargs.py for tasks to queue
[2025-06-11T17:45:08.391+0200] {logging_mixin.py:137} INFO - [2025-06-11T17:45:08.391+0200] {dagbag.py:538} INFO - Filling up the DagBag from /home/monica.fernandez/practica_creativa/venv-airflow/lib/python3.11/site-packages/airflow/example_dags/example_xcomargs.py
[2025-06-11T17:45:08.436+0200] {processor.py:753} INFO - DAG(s) dict_keys(['example_xcom_args', 'example_xcom_args_with_operators']) retrieved from /home/monica.fernandez/practica_creativa/venv-airflow/lib/python3.11/site-packages/airflow/example_dags/example_xcomargs.py
[2025-06-11T17:45:08.494+0200] {logging_mixin.py:137} INFO - [2025-06-11T17:45:08.494+0200] {dag.py:2690} INFO - Sync 2 DAGs
[2025-06-11T17:45:08.530+0200] {logging_mixin.py:137} INFO - [2025-06-11T17:45:08.530+0200] {dag.py:3437} INFO - Setting next_dagrun for example_xcom_args to None, run_after=None
[2025-06-11T17:45:08.536+0200] {logging_mixin.py:137} INFO - [2025-06-11T17:45:08.536+0200] {dag.py:3437} INFO - Setting next_dagrun for example_xcom_args_with_operators to None, run_after=None
[2025-06-11T17:45:08.615+0200] {processor.py:175} INFO - Processing /home/monica.fernandez/practica_creativa/venv-airflow/lib/python3.11/site-packages/airflow/example_dags/example_xcomargs.py took 0.229 seconds
[2025-06-11T17:46:23.073+0200] {processor.py:153} INFO - Started process (PID=177112) to work on /home/monica.fernandez/practica_creativa/venv-airflow/lib/python3.11/site-packages/airflow/example_dags/example_xcomargs.py
[2025-06-11T17:46:23.074+0200] {processor.py:743} INFO - Processing file /home/monica.fernandez/practica_creativa/venv-airflow/lib/python3.11/site-packages/airflow/example_dags/example_xcomargs.py for tasks to queue
[2025-06-11T17:46:23.075+0200] {logging_mixin.py:137} INFO - [2025-06-11T17:46:23.074+0200] {dagbag.py:538} INFO - Filling up the DagBag from /home/monica.fernandez/practica_creativa/venv-airflow/lib/python3.11/site-packages/airflow/example_dags/example_xcomargs.py
[2025-06-11T17:46:23.113+0200] {processor.py:753} INFO - DAG(s) dict_keys(['example_xcom_args', 'example_xcom_args_with_operators']) retrieved from /home/monica.fernandez/practica_creativa/venv-airflow/lib/python3.11/site-packages/airflow/example_dags/example_xcomargs.py
[2025-06-11T17:46:23.154+0200] {logging_mixin.py:137} INFO - [2025-06-11T17:46:23.154+0200] {dag.py:2690} INFO - Sync 2 DAGs
[2025-06-11T17:46:23.190+0200] {logging_mixin.py:137} INFO - [2025-06-11T17:46:23.190+0200] {dag.py:3437} INFO - Setting next_dagrun for example_xcom_args to None, run_after=None
[2025-06-11T17:46:23.197+0200] {logging_mixin.py:137} INFO - [2025-06-11T17:46:23.197+0200] {dag.py:3437} INFO - Setting next_dagrun for example_xcom_args_with_operators to None, run_after=None
[2025-06-11T17:46:23.285+0200] {processor.py:175} INFO - Processing /home/monica.fernandez/practica_creativa/venv-airflow/lib/python3.11/site-packages/airflow/example_dags/example_xcomargs.py took 0.217 seconds
[2025-06-11T17:47:19.654+0200] {processor.py:153} INFO - Started process (PID=177601) to work on /home/monica.fernandez/practica_creativa/venv-airflow/lib/python3.11/site-packages/airflow/example_dags/example_xcomargs.py
[2025-06-11T17:47:19.658+0200] {processor.py:743} INFO - Processing file /home/monica.fernandez/practica_creativa/venv-airflow/lib/python3.11/site-packages/airflow/example_dags/example_xcomargs.py for tasks to queue
[2025-06-11T17:47:19.659+0200] {logging_mixin.py:137} INFO - [2025-06-11T17:47:19.659+0200] {dagbag.py:538} INFO - Filling up the DagBag from /home/monica.fernandez/practica_creativa/venv-airflow/lib/python3.11/site-packages/airflow/example_dags/example_xcomargs.py
[2025-06-11T17:47:19.703+0200] {processor.py:753} INFO - DAG(s) dict_keys(['example_xcom_args_with_operators', 'example_xcom_args']) retrieved from /home/monica.fernandez/practica_creativa/venv-airflow/lib/python3.11/site-packages/airflow/example_dags/example_xcomargs.py
[2025-06-11T17:47:19.773+0200] {logging_mixin.py:137} INFO - [2025-06-11T17:47:19.772+0200] {dag.py:2690} INFO - Sync 2 DAGs
[2025-06-11T17:47:19.808+0200] {logging_mixin.py:137} INFO - [2025-06-11T17:47:19.808+0200] {dag.py:3437} INFO - Setting next_dagrun for example_xcom_args to None, run_after=None
[2025-06-11T17:47:19.815+0200] {logging_mixin.py:137} INFO - [2025-06-11T17:47:19.815+0200] {dag.py:3437} INFO - Setting next_dagrun for example_xcom_args_with_operators to None, run_after=None
[2025-06-11T17:47:19.885+0200] {processor.py:175} INFO - Processing /home/monica.fernandez/practica_creativa/venv-airflow/lib/python3.11/site-packages/airflow/example_dags/example_xcomargs.py took 0.236 seconds
[2025-06-11T17:48:13.314+0200] {processor.py:153} INFO - Started process (PID=177954) to work on /home/monica.fernandez/practica_creativa/venv-airflow/lib/python3.11/site-packages/airflow/example_dags/example_xcomargs.py
[2025-06-11T17:48:13.315+0200] {processor.py:743} INFO - Processing file /home/monica.fernandez/practica_creativa/venv-airflow/lib/python3.11/site-packages/airflow/example_dags/example_xcomargs.py for tasks to queue
[2025-06-11T17:48:13.315+0200] {logging_mixin.py:137} INFO - [2025-06-11T17:48:13.315+0200] {dagbag.py:538} INFO - Filling up the DagBag from /home/monica.fernandez/practica_creativa/venv-airflow/lib/python3.11/site-packages/airflow/example_dags/example_xcomargs.py
[2025-06-11T17:48:13.350+0200] {processor.py:753} INFO - DAG(s) dict_keys(['example_xcom_args_with_operators', 'example_xcom_args']) retrieved from /home/monica.fernandez/practica_creativa/venv-airflow/lib/python3.11/site-packages/airflow/example_dags/example_xcomargs.py
[2025-06-11T17:48:13.382+0200] {logging_mixin.py:137} INFO - [2025-06-11T17:48:13.382+0200] {dag.py:2690} INFO - Sync 2 DAGs
[2025-06-11T17:48:13.410+0200] {logging_mixin.py:137} INFO - [2025-06-11T17:48:13.410+0200] {dag.py:3437} INFO - Setting next_dagrun for example_xcom_args to None, run_after=None
[2025-06-11T17:48:13.414+0200] {logging_mixin.py:137} INFO - [2025-06-11T17:48:13.414+0200] {dag.py:3437} INFO - Setting next_dagrun for example_xcom_args_with_operators to None, run_after=None
[2025-06-11T17:48:13.463+0200] {processor.py:175} INFO - Processing /home/monica.fernandez/practica_creativa/venv-airflow/lib/python3.11/site-packages/airflow/example_dags/example_xcomargs.py took 0.153 seconds
[2025-06-11T17:51:43.356+0200] {processor.py:153} INFO - Started process (PID=180674) to work on /home/monica.fernandez/practica_creativa/venv-airflow/lib/python3.11/site-packages/airflow/example_dags/example_xcomargs.py
[2025-06-11T17:51:43.357+0200] {processor.py:743} INFO - Processing file /home/monica.fernandez/practica_creativa/venv-airflow/lib/python3.11/site-packages/airflow/example_dags/example_xcomargs.py for tasks to queue
[2025-06-11T17:51:43.358+0200] {logging_mixin.py:137} INFO - [2025-06-11T17:51:43.358+0200] {dagbag.py:538} INFO - Filling up the DagBag from /home/monica.fernandez/practica_creativa/venv-airflow/lib/python3.11/site-packages/airflow/example_dags/example_xcomargs.py
[2025-06-11T17:51:43.459+0200] {processor.py:753} INFO - DAG(s) dict_keys(['example_xcom_args', 'example_xcom_args_with_operators']) retrieved from /home/monica.fernandez/practica_creativa/venv-airflow/lib/python3.11/site-packages/airflow/example_dags/example_xcomargs.py
[2025-06-11T17:51:43.550+0200] {logging_mixin.py:137} INFO - [2025-06-11T17:51:43.550+0200] {dag.py:2690} INFO - Sync 2 DAGs
[2025-06-11T17:51:43.598+0200] {logging_mixin.py:137} INFO - [2025-06-11T17:51:43.598+0200] {dag.py:3437} INFO - Setting next_dagrun for example_xcom_args to None, run_after=None
[2025-06-11T17:51:43.603+0200] {logging_mixin.py:137} INFO - [2025-06-11T17:51:43.603+0200] {dag.py:3437} INFO - Setting next_dagrun for example_xcom_args_with_operators to None, run_after=None
[2025-06-11T17:51:43.662+0200] {processor.py:175} INFO - Processing /home/monica.fernandez/practica_creativa/venv-airflow/lib/python3.11/site-packages/airflow/example_dags/example_xcomargs.py took 0.316 seconds
[2025-06-11T17:52:49.868+0200] {processor.py:153} INFO - Started process (PID=181423) to work on /home/monica.fernandez/practica_creativa/venv-airflow/lib/python3.11/site-packages/airflow/example_dags/example_xcomargs.py
[2025-06-11T17:52:49.868+0200] {processor.py:743} INFO - Processing file /home/monica.fernandez/practica_creativa/venv-airflow/lib/python3.11/site-packages/airflow/example_dags/example_xcomargs.py for tasks to queue
[2025-06-11T17:52:49.869+0200] {logging_mixin.py:137} INFO - [2025-06-11T17:52:49.869+0200] {dagbag.py:538} INFO - Filling up the DagBag from /home/monica.fernandez/practica_creativa/venv-airflow/lib/python3.11/site-packages/airflow/example_dags/example_xcomargs.py
[2025-06-11T17:52:49.919+0200] {processor.py:753} INFO - DAG(s) dict_keys(['example_xcom_args', 'example_xcom_args_with_operators']) retrieved from /home/monica.fernandez/practica_creativa/venv-airflow/lib/python3.11/site-packages/airflow/example_dags/example_xcomargs.py
[2025-06-11T17:52:49.971+0200] {logging_mixin.py:137} INFO - [2025-06-11T17:52:49.970+0200] {dag.py:2690} INFO - Sync 2 DAGs
[2025-06-11T17:52:50.009+0200] {logging_mixin.py:137} INFO - [2025-06-11T17:52:50.008+0200] {dag.py:3437} INFO - Setting next_dagrun for example_xcom_args to None, run_after=None
[2025-06-11T17:52:50.014+0200] {logging_mixin.py:137} INFO - [2025-06-11T17:52:50.014+0200] {dag.py:3437} INFO - Setting next_dagrun for example_xcom_args_with_operators to None, run_after=None
[2025-06-11T17:52:50.091+0200] {processor.py:175} INFO - Processing /home/monica.fernandez/practica_creativa/venv-airflow/lib/python3.11/site-packages/airflow/example_dags/example_xcomargs.py took 0.229 seconds
[2025-06-11T17:53:45.291+0200] {processor.py:153} INFO - Started process (PID=181857) to work on /home/monica.fernandez/practica_creativa/venv-airflow/lib/python3.11/site-packages/airflow/example_dags/example_xcomargs.py
[2025-06-11T17:53:45.291+0200] {processor.py:743} INFO - Processing file /home/monica.fernandez/practica_creativa/venv-airflow/lib/python3.11/site-packages/airflow/example_dags/example_xcomargs.py for tasks to queue
[2025-06-11T17:53:45.292+0200] {logging_mixin.py:137} INFO - [2025-06-11T17:53:45.292+0200] {dagbag.py:538} INFO - Filling up the DagBag from /home/monica.fernandez/practica_creativa/venv-airflow/lib/python3.11/site-packages/airflow/example_dags/example_xcomargs.py
[2025-06-11T17:53:45.329+0200] {processor.py:753} INFO - DAG(s) dict_keys(['example_xcom_args_with_operators', 'example_xcom_args']) retrieved from /home/monica.fernandez/practica_creativa/venv-airflow/lib/python3.11/site-packages/airflow/example_dags/example_xcomargs.py
[2025-06-11T17:53:45.377+0200] {logging_mixin.py:137} INFO - [2025-06-11T17:53:45.377+0200] {dag.py:2690} INFO - Sync 2 DAGs
[2025-06-11T17:53:45.422+0200] {logging_mixin.py:137} INFO - [2025-06-11T17:53:45.421+0200] {dag.py:3437} INFO - Setting next_dagrun for example_xcom_args to None, run_after=None
[2025-06-11T17:53:45.436+0200] {logging_mixin.py:137} INFO - [2025-06-11T17:53:45.436+0200] {dag.py:3437} INFO - Setting next_dagrun for example_xcom_args_with_operators to None, run_after=None
[2025-06-11T17:53:45.495+0200] {processor.py:175} INFO - Processing /home/monica.fernandez/practica_creativa/venv-airflow/lib/python3.11/site-packages/airflow/example_dags/example_xcomargs.py took 0.207 seconds
[2025-06-11T17:54:39.070+0200] {processor.py:153} INFO - Started process (PID=182393) to work on /home/monica.fernandez/practica_creativa/venv-airflow/lib/python3.11/site-packages/airflow/example_dags/example_xcomargs.py
[2025-06-11T17:54:39.070+0200] {processor.py:743} INFO - Processing file /home/monica.fernandez/practica_creativa/venv-airflow/lib/python3.11/site-packages/airflow/example_dags/example_xcomargs.py for tasks to queue
[2025-06-11T17:54:39.071+0200] {logging_mixin.py:137} INFO - [2025-06-11T17:54:39.071+0200] {dagbag.py:538} INFO - Filling up the DagBag from /home/monica.fernandez/practica_creativa/venv-airflow/lib/python3.11/site-packages/airflow/example_dags/example_xcomargs.py
[2025-06-11T17:54:39.106+0200] {processor.py:753} INFO - DAG(s) dict_keys(['example_xcom_args', 'example_xcom_args_with_operators']) retrieved from /home/monica.fernandez/practica_creativa/venv-airflow/lib/python3.11/site-packages/airflow/example_dags/example_xcomargs.py
[2025-06-11T17:54:39.141+0200] {logging_mixin.py:137} INFO - [2025-06-11T17:54:39.141+0200] {dag.py:2690} INFO - Sync 2 DAGs
[2025-06-11T17:54:39.166+0200] {logging_mixin.py:137} INFO - [2025-06-11T17:54:39.166+0200] {dag.py:3437} INFO - Setting next_dagrun for example_xcom_args to None, run_after=None
[2025-06-11T17:54:39.171+0200] {logging_mixin.py:137} INFO - [2025-06-11T17:54:39.171+0200] {dag.py:3437} INFO - Setting next_dagrun for example_xcom_args_with_operators to None, run_after=None
[2025-06-11T17:54:39.242+0200] {processor.py:175} INFO - Processing /home/monica.fernandez/practica_creativa/venv-airflow/lib/python3.11/site-packages/airflow/example_dags/example_xcomargs.py took 0.176 seconds
[2025-06-11T17:55:30.545+0200] {processor.py:153} INFO - Started process (PID=182939) to work on /home/monica.fernandez/practica_creativa/venv-airflow/lib/python3.11/site-packages/airflow/example_dags/example_xcomargs.py
[2025-06-11T17:55:30.546+0200] {processor.py:743} INFO - Processing file /home/monica.fernandez/practica_creativa/venv-airflow/lib/python3.11/site-packages/airflow/example_dags/example_xcomargs.py for tasks to queue
[2025-06-11T17:55:30.547+0200] {logging_mixin.py:137} INFO - [2025-06-11T17:55:30.546+0200] {dagbag.py:538} INFO - Filling up the DagBag from /home/monica.fernandez/practica_creativa/venv-airflow/lib/python3.11/site-packages/airflow/example_dags/example_xcomargs.py
[2025-06-11T17:55:30.578+0200] {processor.py:753} INFO - DAG(s) dict_keys(['example_xcom_args_with_operators', 'example_xcom_args']) retrieved from /home/monica.fernandez/practica_creativa/venv-airflow/lib/python3.11/site-packages/airflow/example_dags/example_xcomargs.py
[2025-06-11T17:55:30.622+0200] {logging_mixin.py:137} INFO - [2025-06-11T17:55:30.622+0200] {dag.py:2690} INFO - Sync 2 DAGs
[2025-06-11T17:55:30.665+0200] {logging_mixin.py:137} INFO - [2025-06-11T17:55:30.665+0200] {dag.py:3437} INFO - Setting next_dagrun for example_xcom_args to None, run_after=None
[2025-06-11T17:55:30.670+0200] {logging_mixin.py:137} INFO - [2025-06-11T17:55:30.670+0200] {dag.py:3437} INFO - Setting next_dagrun for example_xcom_args_with_operators to None, run_after=None
[2025-06-11T17:55:30.742+0200] {processor.py:175} INFO - Processing /home/monica.fernandez/practica_creativa/venv-airflow/lib/python3.11/site-packages/airflow/example_dags/example_xcomargs.py took 0.201 seconds
[2025-06-11T17:55:49.466+0200] {processor.py:153} INFO - Started process (PID=183117) to work on /home/monica.fernandez/practica_creativa/venv-airflow/lib/python3.11/site-packages/airflow/example_dags/example_xcomargs.py
[2025-06-11T17:55:49.467+0200] {processor.py:743} INFO - Processing file /home/monica.fernandez/practica_creativa/venv-airflow/lib/python3.11/site-packages/airflow/example_dags/example_xcomargs.py for tasks to queue
[2025-06-11T17:55:49.469+0200] {logging_mixin.py:137} INFO - [2025-06-11T17:55:49.468+0200] {dagbag.py:538} INFO - Filling up the DagBag from /home/monica.fernandez/practica_creativa/venv-airflow/lib/python3.11/site-packages/airflow/example_dags/example_xcomargs.py
[2025-06-11T17:55:49.513+0200] {processor.py:753} INFO - DAG(s) dict_keys(['example_xcom_args', 'example_xcom_args_with_operators']) retrieved from /home/monica.fernandez/practica_creativa/venv-airflow/lib/python3.11/site-packages/airflow/example_dags/example_xcomargs.py
[2025-06-11T17:55:49.588+0200] {logging_mixin.py:137} INFO - [2025-06-11T17:55:49.585+0200] {dag.py:2690} INFO - Sync 2 DAGs
[2025-06-11T17:55:49.755+0200] {logging_mixin.py:137} INFO - [2025-06-11T17:55:49.754+0200] {dag.py:3437} INFO - Setting next_dagrun for example_xcom_args to None, run_after=None
[2025-06-11T17:55:49.762+0200] {logging_mixin.py:137} INFO - [2025-06-11T17:55:49.761+0200] {dag.py:3437} INFO - Setting next_dagrun for example_xcom_args_with_operators to None, run_after=None
[2025-06-11T17:55:49.849+0200] {processor.py:175} INFO - Processing /home/monica.fernandez/practica_creativa/venv-airflow/lib/python3.11/site-packages/airflow/example_dags/example_xcomargs.py took 0.398 seconds
[2025-06-11T17:56:59.632+0200] {processor.py:153} INFO - Started process (PID=183926) to work on /home/monica.fernandez/practica_creativa/venv-airflow/lib/python3.11/site-packages/airflow/example_dags/example_xcomargs.py
[2025-06-11T17:56:59.633+0200] {processor.py:743} INFO - Processing file /home/monica.fernandez/practica_creativa/venv-airflow/lib/python3.11/site-packages/airflow/example_dags/example_xcomargs.py for tasks to queue
[2025-06-11T17:56:59.634+0200] {logging_mixin.py:137} INFO - [2025-06-11T17:56:59.633+0200] {dagbag.py:538} INFO - Filling up the DagBag from /home/monica.fernandez/practica_creativa/venv-airflow/lib/python3.11/site-packages/airflow/example_dags/example_xcomargs.py
[2025-06-11T17:56:59.666+0200] {processor.py:753} INFO - DAG(s) dict_keys(['example_xcom_args', 'example_xcom_args_with_operators']) retrieved from /home/monica.fernandez/practica_creativa/venv-airflow/lib/python3.11/site-packages/airflow/example_dags/example_xcomargs.py
[2025-06-11T17:56:59.717+0200] {logging_mixin.py:137} INFO - [2025-06-11T17:56:59.717+0200] {dag.py:2690} INFO - Sync 2 DAGs
[2025-06-11T17:56:59.753+0200] {logging_mixin.py:137} INFO - [2025-06-11T17:56:59.753+0200] {dag.py:3437} INFO - Setting next_dagrun for example_xcom_args to None, run_after=None
[2025-06-11T17:56:59.762+0200] {logging_mixin.py:137} INFO - [2025-06-11T17:56:59.761+0200] {dag.py:3437} INFO - Setting next_dagrun for example_xcom_args_with_operators to None, run_after=None
[2025-06-11T17:56:59.827+0200] {processor.py:175} INFO - Processing /home/monica.fernandez/practica_creativa/venv-airflow/lib/python3.11/site-packages/airflow/example_dags/example_xcomargs.py took 0.198 seconds
[2025-06-11T17:58:02.619+0200] {processor.py:153} INFO - Started process (PID=184518) to work on /home/monica.fernandez/practica_creativa/venv-airflow/lib/python3.11/site-packages/airflow/example_dags/example_xcomargs.py
[2025-06-11T17:58:02.620+0200] {processor.py:743} INFO - Processing file /home/monica.fernandez/practica_creativa/venv-airflow/lib/python3.11/site-packages/airflow/example_dags/example_xcomargs.py for tasks to queue
[2025-06-11T17:58:02.621+0200] {logging_mixin.py:137} INFO - [2025-06-11T17:58:02.621+0200] {dagbag.py:538} INFO - Filling up the DagBag from /home/monica.fernandez/practica_creativa/venv-airflow/lib/python3.11/site-packages/airflow/example_dags/example_xcomargs.py
[2025-06-11T17:58:02.674+0200] {processor.py:753} INFO - DAG(s) dict_keys(['example_xcom_args', 'example_xcom_args_with_operators']) retrieved from /home/monica.fernandez/practica_creativa/venv-airflow/lib/python3.11/site-packages/airflow/example_dags/example_xcomargs.py
[2025-06-11T17:58:02.715+0200] {logging_mixin.py:137} INFO - [2025-06-11T17:58:02.715+0200] {dag.py:2690} INFO - Sync 2 DAGs
[2025-06-11T17:58:02.751+0200] {logging_mixin.py:137} INFO - [2025-06-11T17:58:02.751+0200] {dag.py:3437} INFO - Setting next_dagrun for example_xcom_args to None, run_after=None
[2025-06-11T17:58:02.757+0200] {logging_mixin.py:137} INFO - [2025-06-11T17:58:02.757+0200] {dag.py:3437} INFO - Setting next_dagrun for example_xcom_args_with_operators to None, run_after=None
[2025-06-11T17:58:02.830+0200] {processor.py:175} INFO - Processing /home/monica.fernandez/practica_creativa/venv-airflow/lib/python3.11/site-packages/airflow/example_dags/example_xcomargs.py took 0.216 seconds
[2025-06-11T17:58:57.828+0200] {processor.py:153} INFO - Started process (PID=185052) to work on /home/monica.fernandez/practica_creativa/venv-airflow/lib/python3.11/site-packages/airflow/example_dags/example_xcomargs.py
[2025-06-11T17:58:57.828+0200] {processor.py:743} INFO - Processing file /home/monica.fernandez/practica_creativa/venv-airflow/lib/python3.11/site-packages/airflow/example_dags/example_xcomargs.py for tasks to queue
[2025-06-11T17:58:57.829+0200] {logging_mixin.py:137} INFO - [2025-06-11T17:58:57.829+0200] {dagbag.py:538} INFO - Filling up the DagBag from /home/monica.fernandez/practica_creativa/venv-airflow/lib/python3.11/site-packages/airflow/example_dags/example_xcomargs.py
[2025-06-11T17:58:57.870+0200] {processor.py:753} INFO - DAG(s) dict_keys(['example_xcom_args', 'example_xcom_args_with_operators']) retrieved from /home/monica.fernandez/practica_creativa/venv-airflow/lib/python3.11/site-packages/airflow/example_dags/example_xcomargs.py
[2025-06-11T17:58:57.901+0200] {logging_mixin.py:137} INFO - [2025-06-11T17:58:57.901+0200] {dag.py:2690} INFO - Sync 2 DAGs
[2025-06-11T17:58:57.929+0200] {logging_mixin.py:137} INFO - [2025-06-11T17:58:57.928+0200] {dag.py:3437} INFO - Setting next_dagrun for example_xcom_args to None, run_after=None
[2025-06-11T17:58:57.936+0200] {logging_mixin.py:137} INFO - [2025-06-11T17:58:57.936+0200] {dag.py:3437} INFO - Setting next_dagrun for example_xcom_args_with_operators to None, run_after=None
[2025-06-11T17:58:58.014+0200] {processor.py:175} INFO - Processing /home/monica.fernandez/practica_creativa/venv-airflow/lib/python3.11/site-packages/airflow/example_dags/example_xcomargs.py took 0.190 seconds
[2025-06-11T17:59:59.359+0200] {processor.py:153} INFO - Started process (PID=185553) to work on /home/monica.fernandez/practica_creativa/venv-airflow/lib/python3.11/site-packages/airflow/example_dags/example_xcomargs.py
[2025-06-11T17:59:59.360+0200] {processor.py:743} INFO - Processing file /home/monica.fernandez/practica_creativa/venv-airflow/lib/python3.11/site-packages/airflow/example_dags/example_xcomargs.py for tasks to queue
[2025-06-11T17:59:59.360+0200] {logging_mixin.py:137} INFO - [2025-06-11T17:59:59.360+0200] {dagbag.py:538} INFO - Filling up the DagBag from /home/monica.fernandez/practica_creativa/venv-airflow/lib/python3.11/site-packages/airflow/example_dags/example_xcomargs.py
[2025-06-11T17:59:59.389+0200] {processor.py:753} INFO - DAG(s) dict_keys(['example_xcom_args', 'example_xcom_args_with_operators']) retrieved from /home/monica.fernandez/practica_creativa/venv-airflow/lib/python3.11/site-packages/airflow/example_dags/example_xcomargs.py
[2025-06-11T17:59:59.422+0200] {logging_mixin.py:137} INFO - [2025-06-11T17:59:59.422+0200] {dag.py:2690} INFO - Sync 2 DAGs
[2025-06-11T17:59:59.450+0200] {logging_mixin.py:137} INFO - [2025-06-11T17:59:59.450+0200] {dag.py:3437} INFO - Setting next_dagrun for example_xcom_args to None, run_after=None
[2025-06-11T17:59:59.455+0200] {logging_mixin.py:137} INFO - [2025-06-11T17:59:59.455+0200] {dag.py:3437} INFO - Setting next_dagrun for example_xcom_args_with_operators to None, run_after=None
[2025-06-11T17:59:59.504+0200] {processor.py:175} INFO - Processing /home/monica.fernandez/practica_creativa/venv-airflow/lib/python3.11/site-packages/airflow/example_dags/example_xcomargs.py took 0.148 seconds
[2025-06-11T18:00:58.569+0200] {processor.py:153} INFO - Started process (PID=186101) to work on /home/monica.fernandez/practica_creativa/venv-airflow/lib/python3.11/site-packages/airflow/example_dags/example_xcomargs.py
[2025-06-11T18:00:58.570+0200] {processor.py:743} INFO - Processing file /home/monica.fernandez/practica_creativa/venv-airflow/lib/python3.11/site-packages/airflow/example_dags/example_xcomargs.py for tasks to queue
[2025-06-11T18:00:58.571+0200] {logging_mixin.py:137} INFO - [2025-06-11T18:00:58.571+0200] {dagbag.py:538} INFO - Filling up the DagBag from /home/monica.fernandez/practica_creativa/venv-airflow/lib/python3.11/site-packages/airflow/example_dags/example_xcomargs.py
[2025-06-11T18:00:58.609+0200] {processor.py:753} INFO - DAG(s) dict_keys(['example_xcom_args_with_operators', 'example_xcom_args']) retrieved from /home/monica.fernandez/practica_creativa/venv-airflow/lib/python3.11/site-packages/airflow/example_dags/example_xcomargs.py
[2025-06-11T18:00:58.650+0200] {logging_mixin.py:137} INFO - [2025-06-11T18:00:58.649+0200] {dag.py:2690} INFO - Sync 2 DAGs
[2025-06-11T18:00:58.690+0200] {logging_mixin.py:137} INFO - [2025-06-11T18:00:58.690+0200] {dag.py:3437} INFO - Setting next_dagrun for example_xcom_args to None, run_after=None
[2025-06-11T18:00:58.695+0200] {logging_mixin.py:137} INFO - [2025-06-11T18:00:58.695+0200] {dag.py:3437} INFO - Setting next_dagrun for example_xcom_args_with_operators to None, run_after=None
[2025-06-11T18:00:58.771+0200] {processor.py:175} INFO - Processing /home/monica.fernandez/practica_creativa/venv-airflow/lib/python3.11/site-packages/airflow/example_dags/example_xcomargs.py took 0.206 seconds
[2025-06-11T18:01:40.650+0200] {processor.py:153} INFO - Started process (PID=186462) to work on /home/monica.fernandez/practica_creativa/venv-airflow/lib/python3.11/site-packages/airflow/example_dags/example_xcomargs.py
[2025-06-11T18:01:40.651+0200] {processor.py:743} INFO - Processing file /home/monica.fernandez/practica_creativa/venv-airflow/lib/python3.11/site-packages/airflow/example_dags/example_xcomargs.py for tasks to queue
[2025-06-11T18:01:40.653+0200] {logging_mixin.py:137} INFO - [2025-06-11T18:01:40.652+0200] {dagbag.py:538} INFO - Filling up the DagBag from /home/monica.fernandez/practica_creativa/venv-airflow/lib/python3.11/site-packages/airflow/example_dags/example_xcomargs.py
[2025-06-11T18:01:40.772+0200] {processor.py:753} INFO - DAG(s) dict_keys(['example_xcom_args_with_operators', 'example_xcom_args']) retrieved from /home/monica.fernandez/practica_creativa/venv-airflow/lib/python3.11/site-packages/airflow/example_dags/example_xcomargs.py
[2025-06-11T18:01:40.832+0200] {logging_mixin.py:137} INFO - [2025-06-11T18:01:40.832+0200] {dag.py:2690} INFO - Sync 2 DAGs
[2025-06-11T18:01:40.880+0200] {logging_mixin.py:137} INFO - [2025-06-11T18:01:40.879+0200] {dag.py:3437} INFO - Setting next_dagrun for example_xcom_args to None, run_after=None
[2025-06-11T18:01:40.887+0200] {logging_mixin.py:137} INFO - [2025-06-11T18:01:40.887+0200] {dag.py:3437} INFO - Setting next_dagrun for example_xcom_args_with_operators to None, run_after=None
[2025-06-11T18:01:40.968+0200] {processor.py:175} INFO - Processing /home/monica.fernandez/practica_creativa/venv-airflow/lib/python3.11/site-packages/airflow/example_dags/example_xcomargs.py took 0.325 seconds
[2025-06-11T18:02:39.566+0200] {processor.py:153} INFO - Started process (PID=187121) to work on /home/monica.fernandez/practica_creativa/venv-airflow/lib/python3.11/site-packages/airflow/example_dags/example_xcomargs.py
[2025-06-11T18:02:39.566+0200] {processor.py:743} INFO - Processing file /home/monica.fernandez/practica_creativa/venv-airflow/lib/python3.11/site-packages/airflow/example_dags/example_xcomargs.py for tasks to queue
[2025-06-11T18:02:39.567+0200] {logging_mixin.py:137} INFO - [2025-06-11T18:02:39.567+0200] {dagbag.py:538} INFO - Filling up the DagBag from /home/monica.fernandez/practica_creativa/venv-airflow/lib/python3.11/site-packages/airflow/example_dags/example_xcomargs.py
[2025-06-11T18:02:39.647+0200] {processor.py:753} INFO - DAG(s) dict_keys(['example_xcom_args', 'example_xcom_args_with_operators']) retrieved from /home/monica.fernandez/practica_creativa/venv-airflow/lib/python3.11/site-packages/airflow/example_dags/example_xcomargs.py
[2025-06-11T18:02:39.686+0200] {logging_mixin.py:137} INFO - [2025-06-11T18:02:39.686+0200] {dag.py:2690} INFO - Sync 2 DAGs
[2025-06-11T18:02:39.732+0200] {logging_mixin.py:137} INFO - [2025-06-11T18:02:39.731+0200] {dag.py:3437} INFO - Setting next_dagrun for example_xcom_args to None, run_after=None
[2025-06-11T18:02:39.740+0200] {logging_mixin.py:137} INFO - [2025-06-11T18:02:39.739+0200] {dag.py:3437} INFO - Setting next_dagrun for example_xcom_args_with_operators to None, run_after=None
[2025-06-11T18:02:39.808+0200] {processor.py:175} INFO - Processing /home/monica.fernandez/practica_creativa/venv-airflow/lib/python3.11/site-packages/airflow/example_dags/example_xcomargs.py took 0.246 seconds
[2025-06-11T18:03:32.911+0200] {processor.py:153} INFO - Started process (PID=187582) to work on /home/monica.fernandez/practica_creativa/venv-airflow/lib/python3.11/site-packages/airflow/example_dags/example_xcomargs.py
[2025-06-11T18:03:32.913+0200] {processor.py:743} INFO - Processing file /home/monica.fernandez/practica_creativa/venv-airflow/lib/python3.11/site-packages/airflow/example_dags/example_xcomargs.py for tasks to queue
[2025-06-11T18:03:32.917+0200] {logging_mixin.py:137} INFO - [2025-06-11T18:03:32.917+0200] {dagbag.py:538} INFO - Filling up the DagBag from /home/monica.fernandez/practica_creativa/venv-airflow/lib/python3.11/site-packages/airflow/example_dags/example_xcomargs.py
[2025-06-11T18:03:32.964+0200] {processor.py:753} INFO - DAG(s) dict_keys(['example_xcom_args_with_operators', 'example_xcom_args']) retrieved from /home/monica.fernandez/practica_creativa/venv-airflow/lib/python3.11/site-packages/airflow/example_dags/example_xcomargs.py
[2025-06-11T18:03:33.026+0200] {logging_mixin.py:137} INFO - [2025-06-11T18:03:33.026+0200] {dag.py:2690} INFO - Sync 2 DAGs
[2025-06-11T18:03:33.063+0200] {logging_mixin.py:137} INFO - [2025-06-11T18:03:33.063+0200] {dag.py:3437} INFO - Setting next_dagrun for example_xcom_args to None, run_after=None
[2025-06-11T18:03:33.069+0200] {logging_mixin.py:137} INFO - [2025-06-11T18:03:33.069+0200] {dag.py:3437} INFO - Setting next_dagrun for example_xcom_args_with_operators to None, run_after=None
[2025-06-11T18:03:33.137+0200] {processor.py:175} INFO - Processing /home/monica.fernandez/practica_creativa/venv-airflow/lib/python3.11/site-packages/airflow/example_dags/example_xcomargs.py took 0.228 seconds
[2025-06-11T18:04:22.455+0200] {processor.py:153} INFO - Started process (PID=187997) to work on /home/monica.fernandez/practica_creativa/venv-airflow/lib/python3.11/site-packages/airflow/example_dags/example_xcomargs.py
[2025-06-11T18:04:22.456+0200] {processor.py:743} INFO - Processing file /home/monica.fernandez/practica_creativa/venv-airflow/lib/python3.11/site-packages/airflow/example_dags/example_xcomargs.py for tasks to queue
[2025-06-11T18:04:22.457+0200] {logging_mixin.py:137} INFO - [2025-06-11T18:04:22.457+0200] {dagbag.py:538} INFO - Filling up the DagBag from /home/monica.fernandez/practica_creativa/venv-airflow/lib/python3.11/site-packages/airflow/example_dags/example_xcomargs.py
[2025-06-11T18:04:22.534+0200] {processor.py:753} INFO - DAG(s) dict_keys(['example_xcom_args', 'example_xcom_args_with_operators']) retrieved from /home/monica.fernandez/practica_creativa/venv-airflow/lib/python3.11/site-packages/airflow/example_dags/example_xcomargs.py
[2025-06-11T18:04:22.584+0200] {logging_mixin.py:137} INFO - [2025-06-11T18:04:22.584+0200] {dag.py:2690} INFO - Sync 2 DAGs
[2025-06-11T18:04:22.628+0200] {logging_mixin.py:137} INFO - [2025-06-11T18:04:22.628+0200] {dag.py:3437} INFO - Setting next_dagrun for example_xcom_args to None, run_after=None
[2025-06-11T18:04:22.633+0200] {logging_mixin.py:137} INFO - [2025-06-11T18:04:22.633+0200] {dag.py:3437} INFO - Setting next_dagrun for example_xcom_args_with_operators to None, run_after=None
[2025-06-11T18:04:22.733+0200] {processor.py:175} INFO - Processing /home/monica.fernandez/practica_creativa/venv-airflow/lib/python3.11/site-packages/airflow/example_dags/example_xcomargs.py took 0.287 seconds
[2025-06-11T18:05:09.479+0200] {processor.py:153} INFO - Started process (PID=188341) to work on /home/monica.fernandez/practica_creativa/venv-airflow/lib/python3.11/site-packages/airflow/example_dags/example_xcomargs.py
[2025-06-11T18:05:09.481+0200] {processor.py:743} INFO - Processing file /home/monica.fernandez/practica_creativa/venv-airflow/lib/python3.11/site-packages/airflow/example_dags/example_xcomargs.py for tasks to queue
[2025-06-11T18:05:09.482+0200] {logging_mixin.py:137} INFO - [2025-06-11T18:05:09.481+0200] {dagbag.py:538} INFO - Filling up the DagBag from /home/monica.fernandez/practica_creativa/venv-airflow/lib/python3.11/site-packages/airflow/example_dags/example_xcomargs.py
[2025-06-11T18:05:09.569+0200] {processor.py:753} INFO - DAG(s) dict_keys(['example_xcom_args_with_operators', 'example_xcom_args']) retrieved from /home/monica.fernandez/practica_creativa/venv-airflow/lib/python3.11/site-packages/airflow/example_dags/example_xcomargs.py
[2025-06-11T18:05:09.643+0200] {logging_mixin.py:137} INFO - [2025-06-11T18:05:09.643+0200] {dag.py:2690} INFO - Sync 2 DAGs
[2025-06-11T18:05:09.693+0200] {logging_mixin.py:137} INFO - [2025-06-11T18:05:09.693+0200] {dag.py:3437} INFO - Setting next_dagrun for example_xcom_args to None, run_after=None
[2025-06-11T18:05:09.702+0200] {logging_mixin.py:137} INFO - [2025-06-11T18:05:09.702+0200] {dag.py:3437} INFO - Setting next_dagrun for example_xcom_args_with_operators to None, run_after=None
[2025-06-11T18:05:09.792+0200] {processor.py:175} INFO - Processing /home/monica.fernandez/practica_creativa/venv-airflow/lib/python3.11/site-packages/airflow/example_dags/example_xcomargs.py took 0.322 seconds
[2025-06-11T18:06:06.940+0200] {processor.py:153} INFO - Started process (PID=188887) to work on /home/monica.fernandez/practica_creativa/venv-airflow/lib/python3.11/site-packages/airflow/example_dags/example_xcomargs.py
[2025-06-11T18:06:06.940+0200] {processor.py:743} INFO - Processing file /home/monica.fernandez/practica_creativa/venv-airflow/lib/python3.11/site-packages/airflow/example_dags/example_xcomargs.py for tasks to queue
[2025-06-11T18:06:06.941+0200] {logging_mixin.py:137} INFO - [2025-06-11T18:06:06.941+0200] {dagbag.py:538} INFO - Filling up the DagBag from /home/monica.fernandez/practica_creativa/venv-airflow/lib/python3.11/site-packages/airflow/example_dags/example_xcomargs.py
[2025-06-11T18:06:06.980+0200] {processor.py:753} INFO - DAG(s) dict_keys(['example_xcom_args_with_operators', 'example_xcom_args']) retrieved from /home/monica.fernandez/practica_creativa/venv-airflow/lib/python3.11/site-packages/airflow/example_dags/example_xcomargs.py
[2025-06-11T18:06:07.014+0200] {logging_mixin.py:137} INFO - [2025-06-11T18:06:07.014+0200] {dag.py:2690} INFO - Sync 2 DAGs
[2025-06-11T18:06:07.043+0200] {logging_mixin.py:137} INFO - [2025-06-11T18:06:07.043+0200] {dag.py:3437} INFO - Setting next_dagrun for example_xcom_args to None, run_after=None
[2025-06-11T18:06:07.048+0200] {logging_mixin.py:137} INFO - [2025-06-11T18:06:07.048+0200] {dag.py:3437} INFO - Setting next_dagrun for example_xcom_args_with_operators to None, run_after=None
[2025-06-11T18:06:07.106+0200] {processor.py:175} INFO - Processing /home/monica.fernandez/practica_creativa/venv-airflow/lib/python3.11/site-packages/airflow/example_dags/example_xcomargs.py took 0.171 seconds
[2025-06-11T18:07:30.235+0200] {processor.py:153} INFO - Started process (PID=189883) to work on /home/monica.fernandez/practica_creativa/venv-airflow/lib/python3.11/site-packages/airflow/example_dags/example_xcomargs.py
[2025-06-11T18:07:30.236+0200] {processor.py:743} INFO - Processing file /home/monica.fernandez/practica_creativa/venv-airflow/lib/python3.11/site-packages/airflow/example_dags/example_xcomargs.py for tasks to queue
[2025-06-11T18:07:30.237+0200] {logging_mixin.py:137} INFO - [2025-06-11T18:07:30.237+0200] {dagbag.py:538} INFO - Filling up the DagBag from /home/monica.fernandez/practica_creativa/venv-airflow/lib/python3.11/site-packages/airflow/example_dags/example_xcomargs.py
[2025-06-11T18:07:30.281+0200] {processor.py:753} INFO - DAG(s) dict_keys(['example_xcom_args_with_operators', 'example_xcom_args']) retrieved from /home/monica.fernandez/practica_creativa/venv-airflow/lib/python3.11/site-packages/airflow/example_dags/example_xcomargs.py
[2025-06-11T18:07:30.341+0200] {logging_mixin.py:137} INFO - [2025-06-11T18:07:30.341+0200] {dag.py:2690} INFO - Sync 2 DAGs
[2025-06-11T18:07:30.379+0200] {logging_mixin.py:137} INFO - [2025-06-11T18:07:30.378+0200] {dag.py:3437} INFO - Setting next_dagrun for example_xcom_args to None, run_after=None
[2025-06-11T18:07:30.386+0200] {logging_mixin.py:137} INFO - [2025-06-11T18:07:30.385+0200] {dag.py:3437} INFO - Setting next_dagrun for example_xcom_args_with_operators to None, run_after=None
[2025-06-11T18:07:30.459+0200] {processor.py:175} INFO - Processing /home/monica.fernandez/practica_creativa/venv-airflow/lib/python3.11/site-packages/airflow/example_dags/example_xcomargs.py took 0.229 seconds
[2025-06-11T18:08:38.725+0200] {processor.py:153} INFO - Started process (PID=190753) to work on /home/monica.fernandez/practica_creativa/venv-airflow/lib/python3.11/site-packages/airflow/example_dags/example_xcomargs.py
[2025-06-11T18:08:38.726+0200] {processor.py:743} INFO - Processing file /home/monica.fernandez/practica_creativa/venv-airflow/lib/python3.11/site-packages/airflow/example_dags/example_xcomargs.py for tasks to queue
[2025-06-11T18:08:38.726+0200] {logging_mixin.py:137} INFO - [2025-06-11T18:08:38.726+0200] {dagbag.py:538} INFO - Filling up the DagBag from /home/monica.fernandez/practica_creativa/venv-airflow/lib/python3.11/site-packages/airflow/example_dags/example_xcomargs.py
[2025-06-11T18:08:38.768+0200] {processor.py:753} INFO - DAG(s) dict_keys(['example_xcom_args_with_operators', 'example_xcom_args']) retrieved from /home/monica.fernandez/practica_creativa/venv-airflow/lib/python3.11/site-packages/airflow/example_dags/example_xcomargs.py
[2025-06-11T18:08:38.803+0200] {logging_mixin.py:137} INFO - [2025-06-11T18:08:38.803+0200] {dag.py:2690} INFO - Sync 2 DAGs
[2025-06-11T18:08:38.838+0200] {logging_mixin.py:137} INFO - [2025-06-11T18:08:38.837+0200] {dag.py:3437} INFO - Setting next_dagrun for example_xcom_args to None, run_after=None
[2025-06-11T18:08:38.852+0200] {logging_mixin.py:137} INFO - [2025-06-11T18:08:38.851+0200] {dag.py:3437} INFO - Setting next_dagrun for example_xcom_args_with_operators to None, run_after=None
[2025-06-11T18:08:38.947+0200] {processor.py:175} INFO - Processing /home/monica.fernandez/practica_creativa/venv-airflow/lib/python3.11/site-packages/airflow/example_dags/example_xcomargs.py took 0.226 seconds
[2025-06-11T18:09:31.435+0200] {processor.py:153} INFO - Started process (PID=191389) to work on /home/monica.fernandez/practica_creativa/venv-airflow/lib/python3.11/site-packages/airflow/example_dags/example_xcomargs.py
[2025-06-11T18:09:31.436+0200] {processor.py:743} INFO - Processing file /home/monica.fernandez/practica_creativa/venv-airflow/lib/python3.11/site-packages/airflow/example_dags/example_xcomargs.py for tasks to queue
[2025-06-11T18:09:31.436+0200] {logging_mixin.py:137} INFO - [2025-06-11T18:09:31.436+0200] {dagbag.py:538} INFO - Filling up the DagBag from /home/monica.fernandez/practica_creativa/venv-airflow/lib/python3.11/site-packages/airflow/example_dags/example_xcomargs.py
[2025-06-11T18:09:31.488+0200] {processor.py:753} INFO - DAG(s) dict_keys(['example_xcom_args', 'example_xcom_args_with_operators']) retrieved from /home/monica.fernandez/practica_creativa/venv-airflow/lib/python3.11/site-packages/airflow/example_dags/example_xcomargs.py
[2025-06-11T18:09:31.528+0200] {logging_mixin.py:137} INFO - [2025-06-11T18:09:31.528+0200] {dag.py:2690} INFO - Sync 2 DAGs
[2025-06-11T18:09:31.563+0200] {logging_mixin.py:137} INFO - [2025-06-11T18:09:31.563+0200] {dag.py:3437} INFO - Setting next_dagrun for example_xcom_args to None, run_after=None
[2025-06-11T18:09:31.569+0200] {logging_mixin.py:137} INFO - [2025-06-11T18:09:31.569+0200] {dag.py:3437} INFO - Setting next_dagrun for example_xcom_args_with_operators to None, run_after=None
[2025-06-11T18:09:31.624+0200] {processor.py:175} INFO - Processing /home/monica.fernandez/practica_creativa/venv-airflow/lib/python3.11/site-packages/airflow/example_dags/example_xcomargs.py took 0.192 seconds
[2025-06-11T18:10:17.980+0200] {processor.py:153} INFO - Started process (PID=191692) to work on /home/monica.fernandez/practica_creativa/venv-airflow/lib/python3.11/site-packages/airflow/example_dags/example_xcomargs.py
[2025-06-11T18:10:17.983+0200] {processor.py:743} INFO - Processing file /home/monica.fernandez/practica_creativa/venv-airflow/lib/python3.11/site-packages/airflow/example_dags/example_xcomargs.py for tasks to queue
[2025-06-11T18:10:17.984+0200] {logging_mixin.py:137} INFO - [2025-06-11T18:10:17.984+0200] {dagbag.py:538} INFO - Filling up the DagBag from /home/monica.fernandez/practica_creativa/venv-airflow/lib/python3.11/site-packages/airflow/example_dags/example_xcomargs.py
[2025-06-11T18:10:18.029+0200] {processor.py:753} INFO - DAG(s) dict_keys(['example_xcom_args_with_operators', 'example_xcom_args']) retrieved from /home/monica.fernandez/practica_creativa/venv-airflow/lib/python3.11/site-packages/airflow/example_dags/example_xcomargs.py
[2025-06-11T18:10:18.073+0200] {logging_mixin.py:137} INFO - [2025-06-11T18:10:18.073+0200] {dag.py:2690} INFO - Sync 2 DAGs
[2025-06-11T18:10:18.100+0200] {logging_mixin.py:137} INFO - [2025-06-11T18:10:18.100+0200] {dag.py:3437} INFO - Setting next_dagrun for example_xcom_args to None, run_after=None
[2025-06-11T18:10:18.107+0200] {logging_mixin.py:137} INFO - [2025-06-11T18:10:18.107+0200] {dag.py:3437} INFO - Setting next_dagrun for example_xcom_args_with_operators to None, run_after=None
[2025-06-11T18:10:18.204+0200] {processor.py:175} INFO - Processing /home/monica.fernandez/practica_creativa/venv-airflow/lib/python3.11/site-packages/airflow/example_dags/example_xcomargs.py took 0.240 seconds
[2025-06-11T18:11:28.273+0200] {processor.py:153} INFO - Started process (PID=192914) to work on /home/monica.fernandez/practica_creativa/venv-airflow/lib/python3.11/site-packages/airflow/example_dags/example_xcomargs.py
[2025-06-11T18:11:28.274+0200] {processor.py:743} INFO - Processing file /home/monica.fernandez/practica_creativa/venv-airflow/lib/python3.11/site-packages/airflow/example_dags/example_xcomargs.py for tasks to queue
[2025-06-11T18:11:28.274+0200] {logging_mixin.py:137} INFO - [2025-06-11T18:11:28.274+0200] {dagbag.py:538} INFO - Filling up the DagBag from /home/monica.fernandez/practica_creativa/venv-airflow/lib/python3.11/site-packages/airflow/example_dags/example_xcomargs.py
[2025-06-11T18:11:28.309+0200] {processor.py:753} INFO - DAG(s) dict_keys(['example_xcom_args_with_operators', 'example_xcom_args']) retrieved from /home/monica.fernandez/practica_creativa/venv-airflow/lib/python3.11/site-packages/airflow/example_dags/example_xcomargs.py
[2025-06-11T18:11:28.343+0200] {logging_mixin.py:137} INFO - [2025-06-11T18:11:28.343+0200] {dag.py:2690} INFO - Sync 2 DAGs
[2025-06-11T18:11:28.373+0200] {logging_mixin.py:137} INFO - [2025-06-11T18:11:28.373+0200] {dag.py:3437} INFO - Setting next_dagrun for example_xcom_args to None, run_after=None
[2025-06-11T18:11:28.378+0200] {logging_mixin.py:137} INFO - [2025-06-11T18:11:28.378+0200] {dag.py:3437} INFO - Setting next_dagrun for example_xcom_args_with_operators to None, run_after=None
[2025-06-11T18:11:28.457+0200] {processor.py:175} INFO - Processing /home/monica.fernandez/practica_creativa/venv-airflow/lib/python3.11/site-packages/airflow/example_dags/example_xcomargs.py took 0.189 seconds
