[2025-06-11T17:26:34.352+0200] {processor.py:153} INFO - Started process (PID=165502) to work on /home/monica.fernandez/practica_creativa/venv-airflow/lib/python3.11/site-packages/airflow/example_dags/example_branch_day_of_week_operator.py
[2025-06-11T17:26:34.352+0200] {processor.py:743} INFO - Processing file /home/monica.fernandez/practica_creativa/venv-airflow/lib/python3.11/site-packages/airflow/example_dags/example_branch_day_of_week_operator.py for tasks to queue
[2025-06-11T17:26:34.353+0200] {logging_mixin.py:137} INFO - [2025-06-11T17:26:34.353+0200] {dagbag.py:538} INFO - Filling up the DagBag from /home/monica.fernandez/practica_creativa/venv-airflow/lib/python3.11/site-packages/airflow/example_dags/example_branch_day_of_week_operator.py
[2025-06-11T17:26:34.377+0200] {processor.py:753} INFO - DAG(s) dict_keys(['example_weekday_branch_operator']) retrieved from /home/monica.fernandez/practica_creativa/venv-airflow/lib/python3.11/site-packages/airflow/example_dags/example_branch_day_of_week_operator.py
[2025-06-11T17:26:34.707+0200] {logging_mixin.py:137} INFO - [2025-06-11T17:26:34.707+0200] {manager.py:504} INFO - Created Permission View: can read on DAG:example_weekday_branch_operator
[2025-06-11T17:26:34.751+0200] {logging_mixin.py:137} INFO - [2025-06-11T17:26:34.751+0200] {manager.py:504} INFO - Created Permission View: can edit on DAG:example_weekday_branch_operator
[2025-06-11T17:26:34.794+0200] {logging_mixin.py:137} INFO - [2025-06-11T17:26:34.794+0200] {manager.py:504} INFO - Created Permission View: can delete on DAG:example_weekday_branch_operator
[2025-06-11T17:26:34.795+0200] {logging_mixin.py:137} INFO - [2025-06-11T17:26:34.794+0200] {dag.py:2690} INFO - Sync 1 DAGs
[2025-06-11T17:26:34.830+0200] {logging_mixin.py:137} INFO - [2025-06-11T17:26:34.830+0200] {dag.py:2711} INFO - Creating ORM DAG for example_weekday_branch_operator
[2025-06-11T17:26:34.864+0200] {logging_mixin.py:137} INFO - [2025-06-11T17:26:34.864+0200] {dag.py:3437} INFO - Setting next_dagrun for example_weekday_branch_operator to 2025-06-10T00:00:00+00:00, run_after=2025-06-11T00:00:00+00:00
[2025-06-11T17:26:34.948+0200] {processor.py:175} INFO - Processing /home/monica.fernandez/practica_creativa/venv-airflow/lib/python3.11/site-packages/airflow/example_dags/example_branch_day_of_week_operator.py took 0.604 seconds
[2025-06-11T17:27:34.133+0200] {processor.py:153} INFO - Started process (PID=166084) to work on /home/monica.fernandez/practica_creativa/venv-airflow/lib/python3.11/site-packages/airflow/example_dags/example_branch_day_of_week_operator.py
[2025-06-11T17:27:34.134+0200] {processor.py:743} INFO - Processing file /home/monica.fernandez/practica_creativa/venv-airflow/lib/python3.11/site-packages/airflow/example_dags/example_branch_day_of_week_operator.py for tasks to queue
[2025-06-11T17:27:34.135+0200] {logging_mixin.py:137} INFO - [2025-06-11T17:27:34.135+0200] {dagbag.py:538} INFO - Filling up the DagBag from /home/monica.fernandez/practica_creativa/venv-airflow/lib/python3.11/site-packages/airflow/example_dags/example_branch_day_of_week_operator.py
[2025-06-11T17:27:34.158+0200] {processor.py:753} INFO - DAG(s) dict_keys(['example_weekday_branch_operator']) retrieved from /home/monica.fernandez/practica_creativa/venv-airflow/lib/python3.11/site-packages/airflow/example_dags/example_branch_day_of_week_operator.py
[2025-06-11T17:27:34.189+0200] {logging_mixin.py:137} INFO - [2025-06-11T17:27:34.189+0200] {dag.py:2690} INFO - Sync 1 DAGs
[2025-06-11T17:27:34.220+0200] {logging_mixin.py:137} INFO - [2025-06-11T17:27:34.219+0200] {dag.py:3437} INFO - Setting next_dagrun for example_weekday_branch_operator to 2025-06-10T00:00:00+00:00, run_after=2025-06-11T00:00:00+00:00
[2025-06-11T17:27:34.276+0200] {processor.py:175} INFO - Processing /home/monica.fernandez/practica_creativa/venv-airflow/lib/python3.11/site-packages/airflow/example_dags/example_branch_day_of_week_operator.py took 0.146 seconds
[2025-06-11T17:28:25.313+0200] {processor.py:153} INFO - Started process (PID=166530) to work on /home/monica.fernandez/practica_creativa/venv-airflow/lib/python3.11/site-packages/airflow/example_dags/example_branch_day_of_week_operator.py
[2025-06-11T17:28:25.314+0200] {processor.py:743} INFO - Processing file /home/monica.fernandez/practica_creativa/venv-airflow/lib/python3.11/site-packages/airflow/example_dags/example_branch_day_of_week_operator.py for tasks to queue
[2025-06-11T17:28:25.318+0200] {logging_mixin.py:137} INFO - [2025-06-11T17:28:25.317+0200] {dagbag.py:538} INFO - Filling up the DagBag from /home/monica.fernandez/practica_creativa/venv-airflow/lib/python3.11/site-packages/airflow/example_dags/example_branch_day_of_week_operator.py
[2025-06-11T17:28:25.357+0200] {processor.py:753} INFO - DAG(s) dict_keys(['example_weekday_branch_operator']) retrieved from /home/monica.fernandez/practica_creativa/venv-airflow/lib/python3.11/site-packages/airflow/example_dags/example_branch_day_of_week_operator.py
[2025-06-11T17:28:25.397+0200] {logging_mixin.py:137} INFO - [2025-06-11T17:28:25.397+0200] {dag.py:2690} INFO - Sync 1 DAGs
[2025-06-11T17:28:25.424+0200] {logging_mixin.py:137} INFO - [2025-06-11T17:28:25.424+0200] {dag.py:3437} INFO - Setting next_dagrun for example_weekday_branch_operator to 2025-06-10T00:00:00+00:00, run_after=2025-06-11T00:00:00+00:00
[2025-06-11T17:28:25.530+0200] {processor.py:175} INFO - Processing /home/monica.fernandez/practica_creativa/venv-airflow/lib/python3.11/site-packages/airflow/example_dags/example_branch_day_of_week_operator.py took 0.223 seconds
[2025-06-11T17:29:17.591+0200] {processor.py:153} INFO - Started process (PID=167169) to work on /home/monica.fernandez/practica_creativa/venv-airflow/lib/python3.11/site-packages/airflow/example_dags/example_branch_day_of_week_operator.py
[2025-06-11T17:29:17.592+0200] {processor.py:743} INFO - Processing file /home/monica.fernandez/practica_creativa/venv-airflow/lib/python3.11/site-packages/airflow/example_dags/example_branch_day_of_week_operator.py for tasks to queue
[2025-06-11T17:29:17.592+0200] {logging_mixin.py:137} INFO - [2025-06-11T17:29:17.592+0200] {dagbag.py:538} INFO - Filling up the DagBag from /home/monica.fernandez/practica_creativa/venv-airflow/lib/python3.11/site-packages/airflow/example_dags/example_branch_day_of_week_operator.py
[2025-06-11T17:29:17.618+0200] {processor.py:753} INFO - DAG(s) dict_keys(['example_weekday_branch_operator']) retrieved from /home/monica.fernandez/practica_creativa/venv-airflow/lib/python3.11/site-packages/airflow/example_dags/example_branch_day_of_week_operator.py
[2025-06-11T17:29:17.663+0200] {logging_mixin.py:137} INFO - [2025-06-11T17:29:17.663+0200] {dag.py:2690} INFO - Sync 1 DAGs
[2025-06-11T17:29:17.712+0200] {logging_mixin.py:137} INFO - [2025-06-11T17:29:17.712+0200] {dag.py:3437} INFO - Setting next_dagrun for example_weekday_branch_operator to 2025-06-10T00:00:00+00:00, run_after=2025-06-11T00:00:00+00:00
[2025-06-11T17:29:17.793+0200] {processor.py:175} INFO - Processing /home/monica.fernandez/practica_creativa/venv-airflow/lib/python3.11/site-packages/airflow/example_dags/example_branch_day_of_week_operator.py took 0.207 seconds
[2025-06-11T17:30:10.023+0200] {processor.py:153} INFO - Started process (PID=167523) to work on /home/monica.fernandez/practica_creativa/venv-airflow/lib/python3.11/site-packages/airflow/example_dags/example_branch_day_of_week_operator.py
[2025-06-11T17:30:10.024+0200] {processor.py:743} INFO - Processing file /home/monica.fernandez/practica_creativa/venv-airflow/lib/python3.11/site-packages/airflow/example_dags/example_branch_day_of_week_operator.py for tasks to queue
[2025-06-11T17:30:10.025+0200] {logging_mixin.py:137} INFO - [2025-06-11T17:30:10.025+0200] {dagbag.py:538} INFO - Filling up the DagBag from /home/monica.fernandez/practica_creativa/venv-airflow/lib/python3.11/site-packages/airflow/example_dags/example_branch_day_of_week_operator.py
[2025-06-11T17:30:10.053+0200] {processor.py:753} INFO - DAG(s) dict_keys(['example_weekday_branch_operator']) retrieved from /home/monica.fernandez/practica_creativa/venv-airflow/lib/python3.11/site-packages/airflow/example_dags/example_branch_day_of_week_operator.py
[2025-06-11T17:30:10.088+0200] {logging_mixin.py:137} INFO - [2025-06-11T17:30:10.088+0200] {dag.py:2690} INFO - Sync 1 DAGs
[2025-06-11T17:30:10.121+0200] {logging_mixin.py:137} INFO - [2025-06-11T17:30:10.121+0200] {dag.py:3437} INFO - Setting next_dagrun for example_weekday_branch_operator to 2025-06-10T00:00:00+00:00, run_after=2025-06-11T00:00:00+00:00
[2025-06-11T17:30:10.187+0200] {processor.py:175} INFO - Processing /home/monica.fernandez/practica_creativa/venv-airflow/lib/python3.11/site-packages/airflow/example_dags/example_branch_day_of_week_operator.py took 0.170 seconds
[2025-06-11T17:30:58.846+0200] {processor.py:153} INFO - Started process (PID=168306) to work on /home/monica.fernandez/practica_creativa/venv-airflow/lib/python3.11/site-packages/airflow/example_dags/example_branch_day_of_week_operator.py
[2025-06-11T17:30:58.847+0200] {processor.py:743} INFO - Processing file /home/monica.fernandez/practica_creativa/venv-airflow/lib/python3.11/site-packages/airflow/example_dags/example_branch_day_of_week_operator.py for tasks to queue
[2025-06-11T17:30:58.847+0200] {logging_mixin.py:137} INFO - [2025-06-11T17:30:58.847+0200] {dagbag.py:538} INFO - Filling up the DagBag from /home/monica.fernandez/practica_creativa/venv-airflow/lib/python3.11/site-packages/airflow/example_dags/example_branch_day_of_week_operator.py
[2025-06-11T17:30:58.873+0200] {processor.py:753} INFO - DAG(s) dict_keys(['example_weekday_branch_operator']) retrieved from /home/monica.fernandez/practica_creativa/venv-airflow/lib/python3.11/site-packages/airflow/example_dags/example_branch_day_of_week_operator.py
[2025-06-11T17:30:58.925+0200] {logging_mixin.py:137} INFO - [2025-06-11T17:30:58.925+0200] {dag.py:2690} INFO - Sync 1 DAGs
[2025-06-11T17:30:58.987+0200] {logging_mixin.py:137} INFO - [2025-06-11T17:30:58.987+0200] {dag.py:3437} INFO - Setting next_dagrun for example_weekday_branch_operator to 2025-06-10T00:00:00+00:00, run_after=2025-06-11T00:00:00+00:00
[2025-06-11T17:30:59.088+0200] {processor.py:175} INFO - Processing /home/monica.fernandez/practica_creativa/venv-airflow/lib/python3.11/site-packages/airflow/example_dags/example_branch_day_of_week_operator.py took 0.245 seconds
[2025-06-11T17:31:49.200+0200] {processor.py:153} INFO - Started process (PID=168752) to work on /home/monica.fernandez/practica_creativa/venv-airflow/lib/python3.11/site-packages/airflow/example_dags/example_branch_day_of_week_operator.py
[2025-06-11T17:31:49.201+0200] {processor.py:743} INFO - Processing file /home/monica.fernandez/practica_creativa/venv-airflow/lib/python3.11/site-packages/airflow/example_dags/example_branch_day_of_week_operator.py for tasks to queue
[2025-06-11T17:31:49.203+0200] {logging_mixin.py:137} INFO - [2025-06-11T17:31:49.201+0200] {dagbag.py:538} INFO - Filling up the DagBag from /home/monica.fernandez/practica_creativa/venv-airflow/lib/python3.11/site-packages/airflow/example_dags/example_branch_day_of_week_operator.py
[2025-06-11T17:31:49.256+0200] {processor.py:753} INFO - DAG(s) dict_keys(['example_weekday_branch_operator']) retrieved from /home/monica.fernandez/practica_creativa/venv-airflow/lib/python3.11/site-packages/airflow/example_dags/example_branch_day_of_week_operator.py
[2025-06-11T17:31:49.315+0200] {logging_mixin.py:137} INFO - [2025-06-11T17:31:49.315+0200] {dag.py:2690} INFO - Sync 1 DAGs
[2025-06-11T17:31:49.350+0200] {logging_mixin.py:137} INFO - [2025-06-11T17:31:49.350+0200] {dag.py:3437} INFO - Setting next_dagrun for example_weekday_branch_operator to 2025-06-10T00:00:00+00:00, run_after=2025-06-11T00:00:00+00:00
[2025-06-11T17:31:49.423+0200] {processor.py:175} INFO - Processing /home/monica.fernandez/practica_creativa/venv-airflow/lib/python3.11/site-packages/airflow/example_dags/example_branch_day_of_week_operator.py took 0.230 seconds
[2025-06-11T17:32:48.576+0200] {processor.py:153} INFO - Started process (PID=169295) to work on /home/monica.fernandez/practica_creativa/venv-airflow/lib/python3.11/site-packages/airflow/example_dags/example_branch_day_of_week_operator.py
[2025-06-11T17:32:48.577+0200] {processor.py:743} INFO - Processing file /home/monica.fernandez/practica_creativa/venv-airflow/lib/python3.11/site-packages/airflow/example_dags/example_branch_day_of_week_operator.py for tasks to queue
[2025-06-11T17:32:48.578+0200] {logging_mixin.py:137} INFO - [2025-06-11T17:32:48.577+0200] {dagbag.py:538} INFO - Filling up the DagBag from /home/monica.fernandez/practica_creativa/venv-airflow/lib/python3.11/site-packages/airflow/example_dags/example_branch_day_of_week_operator.py
[2025-06-11T17:32:48.601+0200] {processor.py:753} INFO - DAG(s) dict_keys(['example_weekday_branch_operator']) retrieved from /home/monica.fernandez/practica_creativa/venv-airflow/lib/python3.11/site-packages/airflow/example_dags/example_branch_day_of_week_operator.py
[2025-06-11T17:32:48.645+0200] {logging_mixin.py:137} INFO - [2025-06-11T17:32:48.645+0200] {dag.py:2690} INFO - Sync 1 DAGs
[2025-06-11T17:32:48.699+0200] {logging_mixin.py:137} INFO - [2025-06-11T17:32:48.699+0200] {dag.py:3437} INFO - Setting next_dagrun for example_weekday_branch_operator to 2025-06-10T00:00:00+00:00, run_after=2025-06-11T00:00:00+00:00
[2025-06-11T17:32:48.775+0200] {processor.py:175} INFO - Processing /home/monica.fernandez/practica_creativa/venv-airflow/lib/python3.11/site-packages/airflow/example_dags/example_branch_day_of_week_operator.py took 0.208 seconds
[2025-06-11T17:33:39.451+0200] {processor.py:153} INFO - Started process (PID=169642) to work on /home/monica.fernandez/practica_creativa/venv-airflow/lib/python3.11/site-packages/airflow/example_dags/example_branch_day_of_week_operator.py
[2025-06-11T17:33:39.453+0200] {processor.py:743} INFO - Processing file /home/monica.fernandez/practica_creativa/venv-airflow/lib/python3.11/site-packages/airflow/example_dags/example_branch_day_of_week_operator.py for tasks to queue
[2025-06-11T17:33:39.454+0200] {logging_mixin.py:137} INFO - [2025-06-11T17:33:39.454+0200] {dagbag.py:538} INFO - Filling up the DagBag from /home/monica.fernandez/practica_creativa/venv-airflow/lib/python3.11/site-packages/airflow/example_dags/example_branch_day_of_week_operator.py
[2025-06-11T17:33:39.546+0200] {processor.py:753} INFO - DAG(s) dict_keys(['example_weekday_branch_operator']) retrieved from /home/monica.fernandez/practica_creativa/venv-airflow/lib/python3.11/site-packages/airflow/example_dags/example_branch_day_of_week_operator.py
[2025-06-11T17:33:39.600+0200] {logging_mixin.py:137} INFO - [2025-06-11T17:33:39.600+0200] {dag.py:2690} INFO - Sync 1 DAGs
[2025-06-11T17:33:39.653+0200] {logging_mixin.py:137} INFO - [2025-06-11T17:33:39.653+0200] {dag.py:3437} INFO - Setting next_dagrun for example_weekday_branch_operator to 2025-06-10T00:00:00+00:00, run_after=2025-06-11T00:00:00+00:00
[2025-06-11T17:33:39.758+0200] {processor.py:175} INFO - Processing /home/monica.fernandez/practica_creativa/venv-airflow/lib/python3.11/site-packages/airflow/example_dags/example_branch_day_of_week_operator.py took 0.332 seconds
[2025-06-11T17:34:32.214+0200] {processor.py:153} INFO - Started process (PID=170155) to work on /home/monica.fernandez/practica_creativa/venv-airflow/lib/python3.11/site-packages/airflow/example_dags/example_branch_day_of_week_operator.py
[2025-06-11T17:34:32.214+0200] {processor.py:743} INFO - Processing file /home/monica.fernandez/practica_creativa/venv-airflow/lib/python3.11/site-packages/airflow/example_dags/example_branch_day_of_week_operator.py for tasks to queue
[2025-06-11T17:34:32.215+0200] {logging_mixin.py:137} INFO - [2025-06-11T17:34:32.214+0200] {dagbag.py:538} INFO - Filling up the DagBag from /home/monica.fernandez/practica_creativa/venv-airflow/lib/python3.11/site-packages/airflow/example_dags/example_branch_day_of_week_operator.py
[2025-06-11T17:34:32.244+0200] {processor.py:753} INFO - DAG(s) dict_keys(['example_weekday_branch_operator']) retrieved from /home/monica.fernandez/practica_creativa/venv-airflow/lib/python3.11/site-packages/airflow/example_dags/example_branch_day_of_week_operator.py
[2025-06-11T17:34:32.270+0200] {logging_mixin.py:137} INFO - [2025-06-11T17:34:32.269+0200] {dag.py:2690} INFO - Sync 1 DAGs
[2025-06-11T17:34:32.294+0200] {logging_mixin.py:137} INFO - [2025-06-11T17:34:32.294+0200] {dag.py:3437} INFO - Setting next_dagrun for example_weekday_branch_operator to 2025-06-10T00:00:00+00:00, run_after=2025-06-11T00:00:00+00:00
[2025-06-11T17:34:32.346+0200] {processor.py:175} INFO - Processing /home/monica.fernandez/practica_creativa/venv-airflow/lib/python3.11/site-packages/airflow/example_dags/example_branch_day_of_week_operator.py took 0.135 seconds
[2025-06-11T17:35:50.964+0200] {processor.py:153} INFO - Started process (PID=170949) to work on /home/monica.fernandez/practica_creativa/venv-airflow/lib/python3.11/site-packages/airflow/example_dags/example_branch_day_of_week_operator.py
[2025-06-11T17:35:50.965+0200] {processor.py:743} INFO - Processing file /home/monica.fernandez/practica_creativa/venv-airflow/lib/python3.11/site-packages/airflow/example_dags/example_branch_day_of_week_operator.py for tasks to queue
[2025-06-11T17:35:50.966+0200] {logging_mixin.py:137} INFO - [2025-06-11T17:35:50.966+0200] {dagbag.py:538} INFO - Filling up the DagBag from /home/monica.fernandez/practica_creativa/venv-airflow/lib/python3.11/site-packages/airflow/example_dags/example_branch_day_of_week_operator.py
[2025-06-11T17:35:50.992+0200] {processor.py:753} INFO - DAG(s) dict_keys(['example_weekday_branch_operator']) retrieved from /home/monica.fernandez/practica_creativa/venv-airflow/lib/python3.11/site-packages/airflow/example_dags/example_branch_day_of_week_operator.py
[2025-06-11T17:35:51.022+0200] {logging_mixin.py:137} INFO - [2025-06-11T17:35:51.022+0200] {dag.py:2690} INFO - Sync 1 DAGs
[2025-06-11T17:35:51.048+0200] {logging_mixin.py:137} INFO - [2025-06-11T17:35:51.048+0200] {dag.py:3437} INFO - Setting next_dagrun for example_weekday_branch_operator to 2025-06-10T00:00:00+00:00, run_after=2025-06-11T00:00:00+00:00
[2025-06-11T17:35:51.098+0200] {processor.py:175} INFO - Processing /home/monica.fernandez/practica_creativa/venv-airflow/lib/python3.11/site-packages/airflow/example_dags/example_branch_day_of_week_operator.py took 0.138 seconds
[2025-06-11T17:36:41.065+0200] {processor.py:153} INFO - Started process (PID=171445) to work on /home/monica.fernandez/practica_creativa/venv-airflow/lib/python3.11/site-packages/airflow/example_dags/example_branch_day_of_week_operator.py
[2025-06-11T17:36:41.065+0200] {processor.py:743} INFO - Processing file /home/monica.fernandez/practica_creativa/venv-airflow/lib/python3.11/site-packages/airflow/example_dags/example_branch_day_of_week_operator.py for tasks to queue
[2025-06-11T17:36:41.066+0200] {logging_mixin.py:137} INFO - [2025-06-11T17:36:41.066+0200] {dagbag.py:538} INFO - Filling up the DagBag from /home/monica.fernandez/practica_creativa/venv-airflow/lib/python3.11/site-packages/airflow/example_dags/example_branch_day_of_week_operator.py
[2025-06-11T17:36:41.144+0200] {processor.py:753} INFO - DAG(s) dict_keys(['example_weekday_branch_operator']) retrieved from /home/monica.fernandez/practica_creativa/venv-airflow/lib/python3.11/site-packages/airflow/example_dags/example_branch_day_of_week_operator.py
[2025-06-11T17:36:41.203+0200] {logging_mixin.py:137} INFO - [2025-06-11T17:36:41.203+0200] {dag.py:2690} INFO - Sync 1 DAGs
[2025-06-11T17:36:41.271+0200] {logging_mixin.py:137} INFO - [2025-06-11T17:36:41.271+0200] {dag.py:3437} INFO - Setting next_dagrun for example_weekday_branch_operator to 2025-06-10T00:00:00+00:00, run_after=2025-06-11T00:00:00+00:00
[2025-06-11T17:36:41.341+0200] {processor.py:175} INFO - Processing /home/monica.fernandez/practica_creativa/venv-airflow/lib/python3.11/site-packages/airflow/example_dags/example_branch_day_of_week_operator.py took 0.279 seconds
[2025-06-11T17:38:33.297+0200] {processor.py:153} INFO - Started process (PID=172555) to work on /home/monica.fernandez/practica_creativa/venv-airflow/lib/python3.11/site-packages/airflow/example_dags/example_branch_day_of_week_operator.py
[2025-06-11T17:38:33.298+0200] {processor.py:743} INFO - Processing file /home/monica.fernandez/practica_creativa/venv-airflow/lib/python3.11/site-packages/airflow/example_dags/example_branch_day_of_week_operator.py for tasks to queue
[2025-06-11T17:38:33.299+0200] {logging_mixin.py:137} INFO - [2025-06-11T17:38:33.299+0200] {dagbag.py:538} INFO - Filling up the DagBag from /home/monica.fernandez/practica_creativa/venv-airflow/lib/python3.11/site-packages/airflow/example_dags/example_branch_day_of_week_operator.py
[2025-06-11T17:38:33.329+0200] {processor.py:753} INFO - DAG(s) dict_keys(['example_weekday_branch_operator']) retrieved from /home/monica.fernandez/practica_creativa/venv-airflow/lib/python3.11/site-packages/airflow/example_dags/example_branch_day_of_week_operator.py
[2025-06-11T17:38:33.379+0200] {logging_mixin.py:137} INFO - [2025-06-11T17:38:33.379+0200] {dag.py:2690} INFO - Sync 1 DAGs
[2025-06-11T17:38:33.426+0200] {logging_mixin.py:137} INFO - [2025-06-11T17:38:33.426+0200] {dag.py:3437} INFO - Setting next_dagrun for example_weekday_branch_operator to 2025-06-10T00:00:00+00:00, run_after=2025-06-11T00:00:00+00:00
[2025-06-11T17:38:33.497+0200] {processor.py:175} INFO - Processing /home/monica.fernandez/practica_creativa/venv-airflow/lib/python3.11/site-packages/airflow/example_dags/example_branch_day_of_week_operator.py took 0.203 seconds
[2025-06-11T17:39:27.937+0200] {processor.py:153} INFO - Started process (PID=173108) to work on /home/monica.fernandez/practica_creativa/venv-airflow/lib/python3.11/site-packages/airflow/example_dags/example_branch_day_of_week_operator.py
[2025-06-11T17:39:27.938+0200] {processor.py:743} INFO - Processing file /home/monica.fernandez/practica_creativa/venv-airflow/lib/python3.11/site-packages/airflow/example_dags/example_branch_day_of_week_operator.py for tasks to queue
[2025-06-11T17:39:27.939+0200] {logging_mixin.py:137} INFO - [2025-06-11T17:39:27.939+0200] {dagbag.py:538} INFO - Filling up the DagBag from /home/monica.fernandez/practica_creativa/venv-airflow/lib/python3.11/site-packages/airflow/example_dags/example_branch_day_of_week_operator.py
[2025-06-11T17:39:27.993+0200] {processor.py:753} INFO - DAG(s) dict_keys(['example_weekday_branch_operator']) retrieved from /home/monica.fernandez/practica_creativa/venv-airflow/lib/python3.11/site-packages/airflow/example_dags/example_branch_day_of_week_operator.py
[2025-06-11T17:39:28.035+0200] {logging_mixin.py:137} INFO - [2025-06-11T17:39:28.035+0200] {dag.py:2690} INFO - Sync 1 DAGs
[2025-06-11T17:39:28.080+0200] {logging_mixin.py:137} INFO - [2025-06-11T17:39:28.080+0200] {dag.py:3437} INFO - Setting next_dagrun for example_weekday_branch_operator to 2025-06-10T00:00:00+00:00, run_after=2025-06-11T00:00:00+00:00
[2025-06-11T17:39:28.165+0200] {processor.py:175} INFO - Processing /home/monica.fernandez/practica_creativa/venv-airflow/lib/python3.11/site-packages/airflow/example_dags/example_branch_day_of_week_operator.py took 0.230 seconds
[2025-06-11T17:40:23.042+0200] {processor.py:153} INFO - Started process (PID=173583) to work on /home/monica.fernandez/practica_creativa/venv-airflow/lib/python3.11/site-packages/airflow/example_dags/example_branch_day_of_week_operator.py
[2025-06-11T17:40:23.043+0200] {processor.py:743} INFO - Processing file /home/monica.fernandez/practica_creativa/venv-airflow/lib/python3.11/site-packages/airflow/example_dags/example_branch_day_of_week_operator.py for tasks to queue
[2025-06-11T17:40:23.043+0200] {logging_mixin.py:137} INFO - [2025-06-11T17:40:23.043+0200] {dagbag.py:538} INFO - Filling up the DagBag from /home/monica.fernandez/practica_creativa/venv-airflow/lib/python3.11/site-packages/airflow/example_dags/example_branch_day_of_week_operator.py
[2025-06-11T17:40:23.076+0200] {processor.py:753} INFO - DAG(s) dict_keys(['example_weekday_branch_operator']) retrieved from /home/monica.fernandez/practica_creativa/venv-airflow/lib/python3.11/site-packages/airflow/example_dags/example_branch_day_of_week_operator.py
[2025-06-11T17:40:23.130+0200] {logging_mixin.py:137} INFO - [2025-06-11T17:40:23.129+0200] {dag.py:2690} INFO - Sync 1 DAGs
[2025-06-11T17:40:23.175+0200] {logging_mixin.py:137} INFO - [2025-06-11T17:40:23.175+0200] {dag.py:3437} INFO - Setting next_dagrun for example_weekday_branch_operator to 2025-06-10T00:00:00+00:00, run_after=2025-06-11T00:00:00+00:00
[2025-06-11T17:40:23.288+0200] {processor.py:175} INFO - Processing /home/monica.fernandez/practica_creativa/venv-airflow/lib/python3.11/site-packages/airflow/example_dags/example_branch_day_of_week_operator.py took 0.249 seconds
[2025-06-11T17:41:31.663+0200] {processor.py:153} INFO - Started process (PID=174189) to work on /home/monica.fernandez/practica_creativa/venv-airflow/lib/python3.11/site-packages/airflow/example_dags/example_branch_day_of_week_operator.py
[2025-06-11T17:41:31.664+0200] {processor.py:743} INFO - Processing file /home/monica.fernandez/practica_creativa/venv-airflow/lib/python3.11/site-packages/airflow/example_dags/example_branch_day_of_week_operator.py for tasks to queue
[2025-06-11T17:41:31.664+0200] {logging_mixin.py:137} INFO - [2025-06-11T17:41:31.664+0200] {dagbag.py:538} INFO - Filling up the DagBag from /home/monica.fernandez/practica_creativa/venv-airflow/lib/python3.11/site-packages/airflow/example_dags/example_branch_day_of_week_operator.py
[2025-06-11T17:41:31.691+0200] {processor.py:753} INFO - DAG(s) dict_keys(['example_weekday_branch_operator']) retrieved from /home/monica.fernandez/practica_creativa/venv-airflow/lib/python3.11/site-packages/airflow/example_dags/example_branch_day_of_week_operator.py
[2025-06-11T17:41:31.760+0200] {logging_mixin.py:137} INFO - [2025-06-11T17:41:31.760+0200] {dag.py:2690} INFO - Sync 1 DAGs
[2025-06-11T17:41:31.824+0200] {logging_mixin.py:137} INFO - [2025-06-11T17:41:31.823+0200] {dag.py:3437} INFO - Setting next_dagrun for example_weekday_branch_operator to 2025-06-10T00:00:00+00:00, run_after=2025-06-11T00:00:00+00:00
[2025-06-11T17:41:31.919+0200] {processor.py:175} INFO - Processing /home/monica.fernandez/practica_creativa/venv-airflow/lib/python3.11/site-packages/airflow/example_dags/example_branch_day_of_week_operator.py took 0.259 seconds
[2025-06-11T17:42:29.711+0200] {processor.py:153} INFO - Started process (PID=174714) to work on /home/monica.fernandez/practica_creativa/venv-airflow/lib/python3.11/site-packages/airflow/example_dags/example_branch_day_of_week_operator.py
[2025-06-11T17:42:29.711+0200] {processor.py:743} INFO - Processing file /home/monica.fernandez/practica_creativa/venv-airflow/lib/python3.11/site-packages/airflow/example_dags/example_branch_day_of_week_operator.py for tasks to queue
[2025-06-11T17:42:29.712+0200] {logging_mixin.py:137} INFO - [2025-06-11T17:42:29.712+0200] {dagbag.py:538} INFO - Filling up the DagBag from /home/monica.fernandez/practica_creativa/venv-airflow/lib/python3.11/site-packages/airflow/example_dags/example_branch_day_of_week_operator.py
[2025-06-11T17:42:29.731+0200] {processor.py:753} INFO - DAG(s) dict_keys(['example_weekday_branch_operator']) retrieved from /home/monica.fernandez/practica_creativa/venv-airflow/lib/python3.11/site-packages/airflow/example_dags/example_branch_day_of_week_operator.py
[2025-06-11T17:42:29.762+0200] {logging_mixin.py:137} INFO - [2025-06-11T17:42:29.762+0200] {dag.py:2690} INFO - Sync 1 DAGs
[2025-06-11T17:42:29.788+0200] {logging_mixin.py:137} INFO - [2025-06-11T17:42:29.788+0200] {dag.py:3437} INFO - Setting next_dagrun for example_weekday_branch_operator to 2025-06-10T00:00:00+00:00, run_after=2025-06-11T00:00:00+00:00
[2025-06-11T17:42:29.862+0200] {processor.py:175} INFO - Processing /home/monica.fernandez/practica_creativa/venv-airflow/lib/python3.11/site-packages/airflow/example_dags/example_branch_day_of_week_operator.py took 0.154 seconds
[2025-06-11T17:43:44.166+0200] {processor.py:153} INFO - Started process (PID=175460) to work on /home/monica.fernandez/practica_creativa/venv-airflow/lib/python3.11/site-packages/airflow/example_dags/example_branch_day_of_week_operator.py
[2025-06-11T17:43:44.166+0200] {processor.py:743} INFO - Processing file /home/monica.fernandez/practica_creativa/venv-airflow/lib/python3.11/site-packages/airflow/example_dags/example_branch_day_of_week_operator.py for tasks to queue
[2025-06-11T17:43:44.167+0200] {logging_mixin.py:137} INFO - [2025-06-11T17:43:44.167+0200] {dagbag.py:538} INFO - Filling up the DagBag from /home/monica.fernandez/practica_creativa/venv-airflow/lib/python3.11/site-packages/airflow/example_dags/example_branch_day_of_week_operator.py
[2025-06-11T17:43:44.188+0200] {processor.py:753} INFO - DAG(s) dict_keys(['example_weekday_branch_operator']) retrieved from /home/monica.fernandez/practica_creativa/venv-airflow/lib/python3.11/site-packages/airflow/example_dags/example_branch_day_of_week_operator.py
[2025-06-11T17:43:44.219+0200] {logging_mixin.py:137} INFO - [2025-06-11T17:43:44.219+0200] {dag.py:2690} INFO - Sync 1 DAGs
[2025-06-11T17:43:44.246+0200] {logging_mixin.py:137} INFO - [2025-06-11T17:43:44.246+0200] {dag.py:3437} INFO - Setting next_dagrun for example_weekday_branch_operator to 2025-06-10T00:00:00+00:00, run_after=2025-06-11T00:00:00+00:00
[2025-06-11T17:43:44.346+0200] {processor.py:175} INFO - Processing /home/monica.fernandez/practica_creativa/venv-airflow/lib/python3.11/site-packages/airflow/example_dags/example_branch_day_of_week_operator.py took 0.184 seconds
[2025-06-11T17:44:36.621+0200] {processor.py:153} INFO - Started process (PID=175958) to work on /home/monica.fernandez/practica_creativa/venv-airflow/lib/python3.11/site-packages/airflow/example_dags/example_branch_day_of_week_operator.py
[2025-06-11T17:44:36.622+0200] {processor.py:743} INFO - Processing file /home/monica.fernandez/practica_creativa/venv-airflow/lib/python3.11/site-packages/airflow/example_dags/example_branch_day_of_week_operator.py for tasks to queue
[2025-06-11T17:44:36.622+0200] {logging_mixin.py:137} INFO - [2025-06-11T17:44:36.622+0200] {dagbag.py:538} INFO - Filling up the DagBag from /home/monica.fernandez/practica_creativa/venv-airflow/lib/python3.11/site-packages/airflow/example_dags/example_branch_day_of_week_operator.py
[2025-06-11T17:44:36.645+0200] {processor.py:753} INFO - DAG(s) dict_keys(['example_weekday_branch_operator']) retrieved from /home/monica.fernandez/practica_creativa/venv-airflow/lib/python3.11/site-packages/airflow/example_dags/example_branch_day_of_week_operator.py
[2025-06-11T17:44:36.674+0200] {logging_mixin.py:137} INFO - [2025-06-11T17:44:36.674+0200] {dag.py:2690} INFO - Sync 1 DAGs
[2025-06-11T17:44:36.702+0200] {logging_mixin.py:137} INFO - [2025-06-11T17:44:36.701+0200] {dag.py:3437} INFO - Setting next_dagrun for example_weekday_branch_operator to 2025-06-10T00:00:00+00:00, run_after=2025-06-11T00:00:00+00:00
[2025-06-11T17:44:36.760+0200] {processor.py:175} INFO - Processing /home/monica.fernandez/practica_creativa/venv-airflow/lib/python3.11/site-packages/airflow/example_dags/example_branch_day_of_week_operator.py took 0.142 seconds
[2025-06-11T17:46:10.706+0200] {processor.py:153} INFO - Started process (PID=176917) to work on /home/monica.fernandez/practica_creativa/venv-airflow/lib/python3.11/site-packages/airflow/example_dags/example_branch_day_of_week_operator.py
[2025-06-11T17:46:10.708+0200] {processor.py:743} INFO - Processing file /home/monica.fernandez/practica_creativa/venv-airflow/lib/python3.11/site-packages/airflow/example_dags/example_branch_day_of_week_operator.py for tasks to queue
[2025-06-11T17:46:10.709+0200] {logging_mixin.py:137} INFO - [2025-06-11T17:46:10.709+0200] {dagbag.py:538} INFO - Filling up the DagBag from /home/monica.fernandez/practica_creativa/venv-airflow/lib/python3.11/site-packages/airflow/example_dags/example_branch_day_of_week_operator.py
[2025-06-11T17:46:10.760+0200] {processor.py:753} INFO - DAG(s) dict_keys(['example_weekday_branch_operator']) retrieved from /home/monica.fernandez/practica_creativa/venv-airflow/lib/python3.11/site-packages/airflow/example_dags/example_branch_day_of_week_operator.py
[2025-06-11T17:46:10.850+0200] {logging_mixin.py:137} INFO - [2025-06-11T17:46:10.850+0200] {dag.py:2690} INFO - Sync 1 DAGs
[2025-06-11T17:46:10.960+0200] {logging_mixin.py:137} INFO - [2025-06-11T17:46:10.957+0200] {dag.py:3437} INFO - Setting next_dagrun for example_weekday_branch_operator to 2025-06-10T00:00:00+00:00, run_after=2025-06-11T00:00:00+00:00
[2025-06-11T17:46:11.063+0200] {processor.py:175} INFO - Processing /home/monica.fernandez/practica_creativa/venv-airflow/lib/python3.11/site-packages/airflow/example_dags/example_branch_day_of_week_operator.py took 0.364 seconds
[2025-06-11T17:47:07.364+0200] {processor.py:153} INFO - Started process (PID=177408) to work on /home/monica.fernandez/practica_creativa/venv-airflow/lib/python3.11/site-packages/airflow/example_dags/example_branch_day_of_week_operator.py
[2025-06-11T17:47:07.366+0200] {processor.py:743} INFO - Processing file /home/monica.fernandez/practica_creativa/venv-airflow/lib/python3.11/site-packages/airflow/example_dags/example_branch_day_of_week_operator.py for tasks to queue
[2025-06-11T17:47:07.367+0200] {logging_mixin.py:137} INFO - [2025-06-11T17:47:07.367+0200] {dagbag.py:538} INFO - Filling up the DagBag from /home/monica.fernandez/practica_creativa/venv-airflow/lib/python3.11/site-packages/airflow/example_dags/example_branch_day_of_week_operator.py
[2025-06-11T17:47:07.452+0200] {processor.py:753} INFO - DAG(s) dict_keys(['example_weekday_branch_operator']) retrieved from /home/monica.fernandez/practica_creativa/venv-airflow/lib/python3.11/site-packages/airflow/example_dags/example_branch_day_of_week_operator.py
[2025-06-11T17:47:07.531+0200] {logging_mixin.py:137} INFO - [2025-06-11T17:47:07.530+0200] {dag.py:2690} INFO - Sync 1 DAGs
[2025-06-11T17:47:07.578+0200] {logging_mixin.py:137} INFO - [2025-06-11T17:47:07.578+0200] {dag.py:3437} INFO - Setting next_dagrun for example_weekday_branch_operator to 2025-06-10T00:00:00+00:00, run_after=2025-06-11T00:00:00+00:00
[2025-06-11T17:47:07.659+0200] {processor.py:175} INFO - Processing /home/monica.fernandez/practica_creativa/venv-airflow/lib/python3.11/site-packages/airflow/example_dags/example_branch_day_of_week_operator.py took 0.330 seconds
[2025-06-11T17:48:02.291+0200] {processor.py:153} INFO - Started process (PID=177882) to work on /home/monica.fernandez/practica_creativa/venv-airflow/lib/python3.11/site-packages/airflow/example_dags/example_branch_day_of_week_operator.py
[2025-06-11T17:48:02.291+0200] {processor.py:743} INFO - Processing file /home/monica.fernandez/practica_creativa/venv-airflow/lib/python3.11/site-packages/airflow/example_dags/example_branch_day_of_week_operator.py for tasks to queue
[2025-06-11T17:48:02.292+0200] {logging_mixin.py:137} INFO - [2025-06-11T17:48:02.292+0200] {dagbag.py:538} INFO - Filling up the DagBag from /home/monica.fernandez/practica_creativa/venv-airflow/lib/python3.11/site-packages/airflow/example_dags/example_branch_day_of_week_operator.py
[2025-06-11T17:48:02.344+0200] {processor.py:753} INFO - DAG(s) dict_keys(['example_weekday_branch_operator']) retrieved from /home/monica.fernandez/practica_creativa/venv-airflow/lib/python3.11/site-packages/airflow/example_dags/example_branch_day_of_week_operator.py
[2025-06-11T17:48:02.387+0200] {logging_mixin.py:137} INFO - [2025-06-11T17:48:02.387+0200] {dag.py:2690} INFO - Sync 1 DAGs
[2025-06-11T17:48:02.430+0200] {logging_mixin.py:137} INFO - [2025-06-11T17:48:02.429+0200] {dag.py:3437} INFO - Setting next_dagrun for example_weekday_branch_operator to 2025-06-10T00:00:00+00:00, run_after=2025-06-11T00:00:00+00:00
[2025-06-11T17:48:02.499+0200] {processor.py:175} INFO - Processing /home/monica.fernandez/practica_creativa/venv-airflow/lib/python3.11/site-packages/airflow/example_dags/example_branch_day_of_week_operator.py took 0.224 seconds
[2025-06-11T17:52:38.465+0200] {processor.py:153} INFO - Started process (PID=181292) to work on /home/monica.fernandez/practica_creativa/venv-airflow/lib/python3.11/site-packages/airflow/example_dags/example_branch_day_of_week_operator.py
[2025-06-11T17:52:38.465+0200] {processor.py:743} INFO - Processing file /home/monica.fernandez/practica_creativa/venv-airflow/lib/python3.11/site-packages/airflow/example_dags/example_branch_day_of_week_operator.py for tasks to queue
[2025-06-11T17:52:38.467+0200] {logging_mixin.py:137} INFO - [2025-06-11T17:52:38.467+0200] {dagbag.py:538} INFO - Filling up the DagBag from /home/monica.fernandez/practica_creativa/venv-airflow/lib/python3.11/site-packages/airflow/example_dags/example_branch_day_of_week_operator.py
[2025-06-11T17:52:38.489+0200] {processor.py:753} INFO - DAG(s) dict_keys(['example_weekday_branch_operator']) retrieved from /home/monica.fernandez/practica_creativa/venv-airflow/lib/python3.11/site-packages/airflow/example_dags/example_branch_day_of_week_operator.py
[2025-06-11T17:52:38.520+0200] {logging_mixin.py:137} INFO - [2025-06-11T17:52:38.520+0200] {dag.py:2690} INFO - Sync 1 DAGs
[2025-06-11T17:52:38.569+0200] {logging_mixin.py:137} INFO - [2025-06-11T17:52:38.569+0200] {dag.py:3437} INFO - Setting next_dagrun for example_weekday_branch_operator to 2025-06-10T00:00:00+00:00, run_after=2025-06-11T00:00:00+00:00
[2025-06-11T17:52:38.632+0200] {processor.py:175} INFO - Processing /home/monica.fernandez/practica_creativa/venv-airflow/lib/python3.11/site-packages/airflow/example_dags/example_branch_day_of_week_operator.py took 0.170 seconds
[2025-06-11T17:53:32.856+0200] {processor.py:153} INFO - Started process (PID=181799) to work on /home/monica.fernandez/practica_creativa/venv-airflow/lib/python3.11/site-packages/airflow/example_dags/example_branch_day_of_week_operator.py
[2025-06-11T17:53:32.857+0200] {processor.py:743} INFO - Processing file /home/monica.fernandez/practica_creativa/venv-airflow/lib/python3.11/site-packages/airflow/example_dags/example_branch_day_of_week_operator.py for tasks to queue
[2025-06-11T17:53:32.858+0200] {logging_mixin.py:137} INFO - [2025-06-11T17:53:32.858+0200] {dagbag.py:538} INFO - Filling up the DagBag from /home/monica.fernandez/practica_creativa/venv-airflow/lib/python3.11/site-packages/airflow/example_dags/example_branch_day_of_week_operator.py
[2025-06-11T17:53:32.951+0200] {processor.py:753} INFO - DAG(s) dict_keys(['example_weekday_branch_operator']) retrieved from /home/monica.fernandez/practica_creativa/venv-airflow/lib/python3.11/site-packages/airflow/example_dags/example_branch_day_of_week_operator.py
[2025-06-11T17:53:33.063+0200] {logging_mixin.py:137} INFO - [2025-06-11T17:53:33.063+0200] {dag.py:2690} INFO - Sync 1 DAGs
[2025-06-11T17:53:33.138+0200] {logging_mixin.py:137} INFO - [2025-06-11T17:53:33.138+0200] {dag.py:3437} INFO - Setting next_dagrun for example_weekday_branch_operator to 2025-06-10T00:00:00+00:00, run_after=2025-06-11T00:00:00+00:00
[2025-06-11T17:53:33.199+0200] {processor.py:175} INFO - Processing /home/monica.fernandez/practica_creativa/venv-airflow/lib/python3.11/site-packages/airflow/example_dags/example_branch_day_of_week_operator.py took 0.352 seconds
[2025-06-11T17:54:27.368+0200] {processor.py:153} INFO - Started process (PID=182328) to work on /home/monica.fernandez/practica_creativa/venv-airflow/lib/python3.11/site-packages/airflow/example_dags/example_branch_day_of_week_operator.py
[2025-06-11T17:54:27.369+0200] {processor.py:743} INFO - Processing file /home/monica.fernandez/practica_creativa/venv-airflow/lib/python3.11/site-packages/airflow/example_dags/example_branch_day_of_week_operator.py for tasks to queue
[2025-06-11T17:54:27.370+0200] {logging_mixin.py:137} INFO - [2025-06-11T17:54:27.370+0200] {dagbag.py:538} INFO - Filling up the DagBag from /home/monica.fernandez/practica_creativa/venv-airflow/lib/python3.11/site-packages/airflow/example_dags/example_branch_day_of_week_operator.py
[2025-06-11T17:54:27.393+0200] {processor.py:753} INFO - DAG(s) dict_keys(['example_weekday_branch_operator']) retrieved from /home/monica.fernandez/practica_creativa/venv-airflow/lib/python3.11/site-packages/airflow/example_dags/example_branch_day_of_week_operator.py
[2025-06-11T17:54:27.427+0200] {logging_mixin.py:137} INFO - [2025-06-11T17:54:27.427+0200] {dag.py:2690} INFO - Sync 1 DAGs
[2025-06-11T17:54:27.459+0200] {logging_mixin.py:137} INFO - [2025-06-11T17:54:27.459+0200] {dag.py:3437} INFO - Setting next_dagrun for example_weekday_branch_operator to 2025-06-10T00:00:00+00:00, run_after=2025-06-11T00:00:00+00:00
[2025-06-11T17:54:27.541+0200] {processor.py:175} INFO - Processing /home/monica.fernandez/practica_creativa/venv-airflow/lib/python3.11/site-packages/airflow/example_dags/example_branch_day_of_week_operator.py took 0.176 seconds
[2025-06-11T17:55:19.365+0200] {processor.py:153} INFO - Started process (PID=182729) to work on /home/monica.fernandez/practica_creativa/venv-airflow/lib/python3.11/site-packages/airflow/example_dags/example_branch_day_of_week_operator.py
[2025-06-11T17:55:19.366+0200] {processor.py:743} INFO - Processing file /home/monica.fernandez/practica_creativa/venv-airflow/lib/python3.11/site-packages/airflow/example_dags/example_branch_day_of_week_operator.py for tasks to queue
[2025-06-11T17:55:19.366+0200] {logging_mixin.py:137} INFO - [2025-06-11T17:55:19.366+0200] {dagbag.py:538} INFO - Filling up the DagBag from /home/monica.fernandez/practica_creativa/venv-airflow/lib/python3.11/site-packages/airflow/example_dags/example_branch_day_of_week_operator.py
[2025-06-11T17:55:19.392+0200] {processor.py:753} INFO - DAG(s) dict_keys(['example_weekday_branch_operator']) retrieved from /home/monica.fernandez/practica_creativa/venv-airflow/lib/python3.11/site-packages/airflow/example_dags/example_branch_day_of_week_operator.py
[2025-06-11T17:55:19.429+0200] {logging_mixin.py:137} INFO - [2025-06-11T17:55:19.428+0200] {dag.py:2690} INFO - Sync 1 DAGs
[2025-06-11T17:55:19.461+0200] {logging_mixin.py:137} INFO - [2025-06-11T17:55:19.461+0200] {dag.py:3437} INFO - Setting next_dagrun for example_weekday_branch_operator to 2025-06-10T00:00:00+00:00, run_after=2025-06-11T00:00:00+00:00
[2025-06-11T17:55:19.523+0200] {processor.py:175} INFO - Processing /home/monica.fernandez/practica_creativa/venv-airflow/lib/python3.11/site-packages/airflow/example_dags/example_branch_day_of_week_operator.py took 0.161 seconds
[2025-06-11T17:56:34.067+0200] {processor.py:153} INFO - Started process (PID=183603) to work on /home/monica.fernandez/practica_creativa/venv-airflow/lib/python3.11/site-packages/airflow/example_dags/example_branch_day_of_week_operator.py
[2025-06-11T17:56:34.070+0200] {processor.py:743} INFO - Processing file /home/monica.fernandez/practica_creativa/venv-airflow/lib/python3.11/site-packages/airflow/example_dags/example_branch_day_of_week_operator.py for tasks to queue
[2025-06-11T17:56:34.071+0200] {logging_mixin.py:137} INFO - [2025-06-11T17:56:34.071+0200] {dagbag.py:538} INFO - Filling up the DagBag from /home/monica.fernandez/practica_creativa/venv-airflow/lib/python3.11/site-packages/airflow/example_dags/example_branch_day_of_week_operator.py
[2025-06-11T17:56:34.112+0200] {processor.py:753} INFO - DAG(s) dict_keys(['example_weekday_branch_operator']) retrieved from /home/monica.fernandez/practica_creativa/venv-airflow/lib/python3.11/site-packages/airflow/example_dags/example_branch_day_of_week_operator.py
[2025-06-11T17:56:34.201+0200] {logging_mixin.py:137} INFO - [2025-06-11T17:56:34.201+0200] {dag.py:2690} INFO - Sync 1 DAGs
[2025-06-11T17:56:34.251+0200] {logging_mixin.py:137} INFO - [2025-06-11T17:56:34.251+0200] {dag.py:3437} INFO - Setting next_dagrun for example_weekday_branch_operator to 2025-06-10T00:00:00+00:00, run_after=2025-06-11T00:00:00+00:00
[2025-06-11T17:56:34.373+0200] {processor.py:175} INFO - Processing /home/monica.fernandez/practica_creativa/venv-airflow/lib/python3.11/site-packages/airflow/example_dags/example_branch_day_of_week_operator.py took 0.321 seconds
[2025-06-11T17:57:51.366+0200] {processor.py:153} INFO - Started process (PID=184443) to work on /home/monica.fernandez/practica_creativa/venv-airflow/lib/python3.11/site-packages/airflow/example_dags/example_branch_day_of_week_operator.py
[2025-06-11T17:57:51.367+0200] {processor.py:743} INFO - Processing file /home/monica.fernandez/practica_creativa/venv-airflow/lib/python3.11/site-packages/airflow/example_dags/example_branch_day_of_week_operator.py for tasks to queue
[2025-06-11T17:57:51.367+0200] {logging_mixin.py:137} INFO - [2025-06-11T17:57:51.367+0200] {dagbag.py:538} INFO - Filling up the DagBag from /home/monica.fernandez/practica_creativa/venv-airflow/lib/python3.11/site-packages/airflow/example_dags/example_branch_day_of_week_operator.py
[2025-06-11T17:57:51.406+0200] {processor.py:753} INFO - DAG(s) dict_keys(['example_weekday_branch_operator']) retrieved from /home/monica.fernandez/practica_creativa/venv-airflow/lib/python3.11/site-packages/airflow/example_dags/example_branch_day_of_week_operator.py
[2025-06-11T17:57:51.461+0200] {logging_mixin.py:137} INFO - [2025-06-11T17:57:51.461+0200] {dag.py:2690} INFO - Sync 1 DAGs
[2025-06-11T17:57:51.541+0200] {logging_mixin.py:137} INFO - [2025-06-11T17:57:51.541+0200] {dag.py:3437} INFO - Setting next_dagrun for example_weekday_branch_operator to 2025-06-10T00:00:00+00:00, run_after=2025-06-11T00:00:00+00:00
[2025-06-11T17:57:51.633+0200] {processor.py:175} INFO - Processing /home/monica.fernandez/practica_creativa/venv-airflow/lib/python3.11/site-packages/airflow/example_dags/example_branch_day_of_week_operator.py took 0.274 seconds
[2025-06-11T17:58:45.299+0200] {processor.py:153} INFO - Started process (PID=184890) to work on /home/monica.fernandez/practica_creativa/venv-airflow/lib/python3.11/site-packages/airflow/example_dags/example_branch_day_of_week_operator.py
[2025-06-11T17:58:45.302+0200] {processor.py:743} INFO - Processing file /home/monica.fernandez/practica_creativa/venv-airflow/lib/python3.11/site-packages/airflow/example_dags/example_branch_day_of_week_operator.py for tasks to queue
[2025-06-11T17:58:45.307+0200] {logging_mixin.py:137} INFO - [2025-06-11T17:58:45.304+0200] {dagbag.py:538} INFO - Filling up the DagBag from /home/monica.fernandez/practica_creativa/venv-airflow/lib/python3.11/site-packages/airflow/example_dags/example_branch_day_of_week_operator.py
[2025-06-11T17:58:45.381+0200] {processor.py:753} INFO - DAG(s) dict_keys(['example_weekday_branch_operator']) retrieved from /home/monica.fernandez/practica_creativa/venv-airflow/lib/python3.11/site-packages/airflow/example_dags/example_branch_day_of_week_operator.py
[2025-06-11T17:58:45.426+0200] {logging_mixin.py:137} INFO - [2025-06-11T17:58:45.426+0200] {dag.py:2690} INFO - Sync 1 DAGs
[2025-06-11T17:58:45.463+0200] {logging_mixin.py:137} INFO - [2025-06-11T17:58:45.463+0200] {dag.py:3437} INFO - Setting next_dagrun for example_weekday_branch_operator to 2025-06-10T00:00:00+00:00, run_after=2025-06-11T00:00:00+00:00
[2025-06-11T17:58:45.541+0200] {processor.py:175} INFO - Processing /home/monica.fernandez/practica_creativa/venv-airflow/lib/python3.11/site-packages/airflow/example_dags/example_branch_day_of_week_operator.py took 0.260 seconds
[2025-06-11T18:00:39.777+0200] {processor.py:153} INFO - Started process (PID=185868) to work on /home/monica.fernandez/practica_creativa/venv-airflow/lib/python3.11/site-packages/airflow/example_dags/example_branch_day_of_week_operator.py
[2025-06-11T18:00:39.778+0200] {processor.py:743} INFO - Processing file /home/monica.fernandez/practica_creativa/venv-airflow/lib/python3.11/site-packages/airflow/example_dags/example_branch_day_of_week_operator.py for tasks to queue
[2025-06-11T18:00:39.778+0200] {logging_mixin.py:137} INFO - [2025-06-11T18:00:39.778+0200] {dagbag.py:538} INFO - Filling up the DagBag from /home/monica.fernandez/practica_creativa/venv-airflow/lib/python3.11/site-packages/airflow/example_dags/example_branch_day_of_week_operator.py
[2025-06-11T18:00:39.832+0200] {processor.py:753} INFO - DAG(s) dict_keys(['example_weekday_branch_operator']) retrieved from /home/monica.fernandez/practica_creativa/venv-airflow/lib/python3.11/site-packages/airflow/example_dags/example_branch_day_of_week_operator.py
[2025-06-11T18:00:39.869+0200] {logging_mixin.py:137} INFO - [2025-06-11T18:00:39.869+0200] {dag.py:2690} INFO - Sync 1 DAGs
[2025-06-11T18:00:39.949+0200] {logging_mixin.py:137} INFO - [2025-06-11T18:00:39.949+0200] {dag.py:3437} INFO - Setting next_dagrun for example_weekday_branch_operator to 2025-06-10T00:00:00+00:00, run_after=2025-06-11T00:00:00+00:00
[2025-06-11T18:00:40.233+0200] {processor.py:175} INFO - Processing /home/monica.fernandez/practica_creativa/venv-airflow/lib/python3.11/site-packages/airflow/example_dags/example_branch_day_of_week_operator.py took 0.464 seconds
[2025-06-11T18:02:19.697+0200] {processor.py:153} INFO - Started process (PID=186895) to work on /home/monica.fernandez/practica_creativa/venv-airflow/lib/python3.11/site-packages/airflow/example_dags/example_branch_day_of_week_operator.py
[2025-06-11T18:02:19.698+0200] {processor.py:743} INFO - Processing file /home/monica.fernandez/practica_creativa/venv-airflow/lib/python3.11/site-packages/airflow/example_dags/example_branch_day_of_week_operator.py for tasks to queue
[2025-06-11T18:02:19.699+0200] {logging_mixin.py:137} INFO - [2025-06-11T18:02:19.699+0200] {dagbag.py:538} INFO - Filling up the DagBag from /home/monica.fernandez/practica_creativa/venv-airflow/lib/python3.11/site-packages/airflow/example_dags/example_branch_day_of_week_operator.py
[2025-06-11T18:02:19.726+0200] {processor.py:753} INFO - DAG(s) dict_keys(['example_weekday_branch_operator']) retrieved from /home/monica.fernandez/practica_creativa/venv-airflow/lib/python3.11/site-packages/airflow/example_dags/example_branch_day_of_week_operator.py
[2025-06-11T18:02:19.755+0200] {logging_mixin.py:137} INFO - [2025-06-11T18:02:19.755+0200] {dag.py:2690} INFO - Sync 1 DAGs
[2025-06-11T18:02:19.781+0200] {logging_mixin.py:137} INFO - [2025-06-11T18:02:19.781+0200] {dag.py:3437} INFO - Setting next_dagrun for example_weekday_branch_operator to 2025-06-10T00:00:00+00:00, run_after=2025-06-11T00:00:00+00:00
[2025-06-11T18:02:19.836+0200] {processor.py:175} INFO - Processing /home/monica.fernandez/practica_creativa/venv-airflow/lib/python3.11/site-packages/airflow/example_dags/example_branch_day_of_week_operator.py took 0.144 seconds
[2025-06-11T18:03:26.348+0200] {processor.py:153} INFO - Started process (PID=187530) to work on /home/monica.fernandez/practica_creativa/venv-airflow/lib/python3.11/site-packages/airflow/example_dags/example_branch_day_of_week_operator.py
[2025-06-11T18:03:26.349+0200] {processor.py:743} INFO - Processing file /home/monica.fernandez/practica_creativa/venv-airflow/lib/python3.11/site-packages/airflow/example_dags/example_branch_day_of_week_operator.py for tasks to queue
[2025-06-11T18:03:26.349+0200] {logging_mixin.py:137} INFO - [2025-06-11T18:03:26.349+0200] {dagbag.py:538} INFO - Filling up the DagBag from /home/monica.fernandez/practica_creativa/venv-airflow/lib/python3.11/site-packages/airflow/example_dags/example_branch_day_of_week_operator.py
[2025-06-11T18:03:26.396+0200] {processor.py:753} INFO - DAG(s) dict_keys(['example_weekday_branch_operator']) retrieved from /home/monica.fernandez/practica_creativa/venv-airflow/lib/python3.11/site-packages/airflow/example_dags/example_branch_day_of_week_operator.py
[2025-06-11T18:03:26.440+0200] {logging_mixin.py:137} INFO - [2025-06-11T18:03:26.440+0200] {dag.py:2690} INFO - Sync 1 DAGs
[2025-06-11T18:03:26.474+0200] {logging_mixin.py:137} INFO - [2025-06-11T18:03:26.473+0200] {dag.py:3437} INFO - Setting next_dagrun for example_weekday_branch_operator to 2025-06-10T00:00:00+00:00, run_after=2025-06-11T00:00:00+00:00
[2025-06-11T18:03:26.563+0200] {processor.py:175} INFO - Processing /home/monica.fernandez/practica_creativa/venv-airflow/lib/python3.11/site-packages/airflow/example_dags/example_branch_day_of_week_operator.py took 0.220 seconds
[2025-06-11T18:04:40.377+0200] {processor.py:153} INFO - Started process (PID=188087) to work on /home/monica.fernandez/practica_creativa/venv-airflow/lib/python3.11/site-packages/airflow/example_dags/example_branch_day_of_week_operator.py
[2025-06-11T18:04:40.377+0200] {processor.py:743} INFO - Processing file /home/monica.fernandez/practica_creativa/venv-airflow/lib/python3.11/site-packages/airflow/example_dags/example_branch_day_of_week_operator.py for tasks to queue
[2025-06-11T18:04:40.378+0200] {logging_mixin.py:137} INFO - [2025-06-11T18:04:40.378+0200] {dagbag.py:538} INFO - Filling up the DagBag from /home/monica.fernandez/practica_creativa/venv-airflow/lib/python3.11/site-packages/airflow/example_dags/example_branch_day_of_week_operator.py
[2025-06-11T18:04:40.398+0200] {processor.py:753} INFO - DAG(s) dict_keys(['example_weekday_branch_operator']) retrieved from /home/monica.fernandez/practica_creativa/venv-airflow/lib/python3.11/site-packages/airflow/example_dags/example_branch_day_of_week_operator.py
[2025-06-11T18:04:40.430+0200] {logging_mixin.py:137} INFO - [2025-06-11T18:04:40.430+0200] {dag.py:2690} INFO - Sync 1 DAGs
[2025-06-11T18:04:40.459+0200] {logging_mixin.py:137} INFO - [2025-06-11T18:04:40.459+0200] {dag.py:3437} INFO - Setting next_dagrun for example_weekday_branch_operator to 2025-06-10T00:00:00+00:00, run_after=2025-06-11T00:00:00+00:00
[2025-06-11T18:04:40.517+0200] {processor.py:175} INFO - Processing /home/monica.fernandez/practica_creativa/venv-airflow/lib/python3.11/site-packages/airflow/example_dags/example_branch_day_of_week_operator.py took 0.144 seconds
[2025-06-11T18:05:47.723+0200] {processor.py:153} INFO - Started process (PID=188629) to work on /home/monica.fernandez/practica_creativa/venv-airflow/lib/python3.11/site-packages/airflow/example_dags/example_branch_day_of_week_operator.py
[2025-06-11T18:05:47.724+0200] {processor.py:743} INFO - Processing file /home/monica.fernandez/practica_creativa/venv-airflow/lib/python3.11/site-packages/airflow/example_dags/example_branch_day_of_week_operator.py for tasks to queue
[2025-06-11T18:05:47.724+0200] {logging_mixin.py:137} INFO - [2025-06-11T18:05:47.724+0200] {dagbag.py:538} INFO - Filling up the DagBag from /home/monica.fernandez/practica_creativa/venv-airflow/lib/python3.11/site-packages/airflow/example_dags/example_branch_day_of_week_operator.py
[2025-06-11T18:05:47.751+0200] {processor.py:753} INFO - DAG(s) dict_keys(['example_weekday_branch_operator']) retrieved from /home/monica.fernandez/practica_creativa/venv-airflow/lib/python3.11/site-packages/airflow/example_dags/example_branch_day_of_week_operator.py
[2025-06-11T18:05:47.783+0200] {logging_mixin.py:137} INFO - [2025-06-11T18:05:47.783+0200] {dag.py:2690} INFO - Sync 1 DAGs
[2025-06-11T18:05:47.821+0200] {logging_mixin.py:137} INFO - [2025-06-11T18:05:47.820+0200] {dag.py:3437} INFO - Setting next_dagrun for example_weekday_branch_operator to 2025-06-10T00:00:00+00:00, run_after=2025-06-11T00:00:00+00:00
[2025-06-11T18:05:47.884+0200] {processor.py:175} INFO - Processing /home/monica.fernandez/practica_creativa/venv-airflow/lib/python3.11/site-packages/airflow/example_dags/example_branch_day_of_week_operator.py took 0.165 seconds
[2025-06-11T18:07:02.899+0200] {processor.py:153} INFO - Started process (PID=189497) to work on /home/monica.fernandez/practica_creativa/venv-airflow/lib/python3.11/site-packages/airflow/example_dags/example_branch_day_of_week_operator.py
[2025-06-11T18:07:02.900+0200] {processor.py:743} INFO - Processing file /home/monica.fernandez/practica_creativa/venv-airflow/lib/python3.11/site-packages/airflow/example_dags/example_branch_day_of_week_operator.py for tasks to queue
[2025-06-11T18:07:02.900+0200] {logging_mixin.py:137} INFO - [2025-06-11T18:07:02.900+0200] {dagbag.py:538} INFO - Filling up the DagBag from /home/monica.fernandez/practica_creativa/venv-airflow/lib/python3.11/site-packages/airflow/example_dags/example_branch_day_of_week_operator.py
[2025-06-11T18:07:02.919+0200] {processor.py:753} INFO - DAG(s) dict_keys(['example_weekday_branch_operator']) retrieved from /home/monica.fernandez/practica_creativa/venv-airflow/lib/python3.11/site-packages/airflow/example_dags/example_branch_day_of_week_operator.py
[2025-06-11T18:07:02.945+0200] {logging_mixin.py:137} INFO - [2025-06-11T18:07:02.945+0200] {dag.py:2690} INFO - Sync 1 DAGs
[2025-06-11T18:07:02.973+0200] {logging_mixin.py:137} INFO - [2025-06-11T18:07:02.973+0200] {dag.py:3437} INFO - Setting next_dagrun for example_weekday_branch_operator to 2025-06-10T00:00:00+00:00, run_after=2025-06-11T00:00:00+00:00
[2025-06-11T18:07:03.027+0200] {processor.py:175} INFO - Processing /home/monica.fernandez/practica_creativa/venv-airflow/lib/python3.11/site-packages/airflow/example_dags/example_branch_day_of_week_operator.py took 0.131 seconds
[2025-06-11T18:08:55.654+0200] {processor.py:153} INFO - Started process (PID=190988) to work on /home/monica.fernandez/practica_creativa/venv-airflow/lib/python3.11/site-packages/airflow/example_dags/example_branch_day_of_week_operator.py
[2025-06-11T18:08:55.655+0200] {processor.py:743} INFO - Processing file /home/monica.fernandez/practica_creativa/venv-airflow/lib/python3.11/site-packages/airflow/example_dags/example_branch_day_of_week_operator.py for tasks to queue
[2025-06-11T18:08:55.658+0200] {logging_mixin.py:137} INFO - [2025-06-11T18:08:55.657+0200] {dagbag.py:538} INFO - Filling up the DagBag from /home/monica.fernandez/practica_creativa/venv-airflow/lib/python3.11/site-packages/airflow/example_dags/example_branch_day_of_week_operator.py
[2025-06-11T18:08:55.675+0200] {processor.py:753} INFO - DAG(s) dict_keys(['example_weekday_branch_operator']) retrieved from /home/monica.fernandez/practica_creativa/venv-airflow/lib/python3.11/site-packages/airflow/example_dags/example_branch_day_of_week_operator.py
[2025-06-11T18:08:55.710+0200] {logging_mixin.py:137} INFO - [2025-06-11T18:08:55.710+0200] {dag.py:2690} INFO - Sync 1 DAGs
[2025-06-11T18:08:55.735+0200] {logging_mixin.py:137} INFO - [2025-06-11T18:08:55.734+0200] {dag.py:3437} INFO - Setting next_dagrun for example_weekday_branch_operator to 2025-06-10T00:00:00+00:00, run_after=2025-06-11T00:00:00+00:00
[2025-06-11T18:08:55.789+0200] {processor.py:175} INFO - Processing /home/monica.fernandez/practica_creativa/venv-airflow/lib/python3.11/site-packages/airflow/example_dags/example_branch_day_of_week_operator.py took 0.140 seconds
[2025-06-11T18:10:05.641+0200] {processor.py:153} INFO - Started process (PID=191638) to work on /home/monica.fernandez/practica_creativa/venv-airflow/lib/python3.11/site-packages/airflow/example_dags/example_branch_day_of_week_operator.py
[2025-06-11T18:10:05.642+0200] {processor.py:743} INFO - Processing file /home/monica.fernandez/practica_creativa/venv-airflow/lib/python3.11/site-packages/airflow/example_dags/example_branch_day_of_week_operator.py for tasks to queue
[2025-06-11T18:10:05.643+0200] {logging_mixin.py:137} INFO - [2025-06-11T18:10:05.642+0200] {dagbag.py:538} INFO - Filling up the DagBag from /home/monica.fernandez/practica_creativa/venv-airflow/lib/python3.11/site-packages/airflow/example_dags/example_branch_day_of_week_operator.py
[2025-06-11T18:10:05.663+0200] {processor.py:753} INFO - DAG(s) dict_keys(['example_weekday_branch_operator']) retrieved from /home/monica.fernandez/practica_creativa/venv-airflow/lib/python3.11/site-packages/airflow/example_dags/example_branch_day_of_week_operator.py
[2025-06-11T18:10:05.691+0200] {logging_mixin.py:137} INFO - [2025-06-11T18:10:05.690+0200] {dag.py:2690} INFO - Sync 1 DAGs
[2025-06-11T18:10:05.720+0200] {logging_mixin.py:137} INFO - [2025-06-11T18:10:05.720+0200] {dag.py:3437} INFO - Setting next_dagrun for example_weekday_branch_operator to 2025-06-10T00:00:00+00:00, run_after=2025-06-11T00:00:00+00:00
[2025-06-11T18:10:05.796+0200] {processor.py:175} INFO - Processing /home/monica.fernandez/practica_creativa/venv-airflow/lib/python3.11/site-packages/airflow/example_dags/example_branch_day_of_week_operator.py took 0.158 seconds
