[2025-06-11T16:08:28.579+0200] {processor.py:153} INFO - Started process (PID=121961) to work on /home/monica.fernandez/practica_creativa/venv-airflow/lib/python3.11/site-packages/airflow/example_dags/example_nested_branch_dag.py
[2025-06-11T16:08:28.580+0200] {processor.py:743} INFO - Processing file /home/monica.fernandez/practica_creativa/venv-airflow/lib/python3.11/site-packages/airflow/example_dags/example_nested_branch_dag.py for tasks to queue
[2025-06-11T16:08:28.581+0200] {logging_mixin.py:137} INFO - [2025-06-11T16:08:28.581+0200] {dagbag.py:538} INFO - Filling up the DagBag from /home/monica.fernandez/practica_creativa/venv-airflow/lib/python3.11/site-packages/airflow/example_dags/example_nested_branch_dag.py
[2025-06-11T16:08:28.612+0200] {processor.py:753} INFO - DAG(s) dict_keys(['example_nested_branch_dag']) retrieved from /home/monica.fernandez/practica_creativa/venv-airflow/lib/python3.11/site-packages/airflow/example_dags/example_nested_branch_dag.py
[2025-06-11T16:08:29.241+0200] {logging_mixin.py:137} INFO - [2025-06-11T16:08:29.241+0200] {manager.py:504} INFO - Created Permission View: can read on DAG:example_nested_branch_dag
[2025-06-11T16:08:29.315+0200] {logging_mixin.py:137} INFO - [2025-06-11T16:08:29.315+0200] {manager.py:504} INFO - Created Permission View: can delete on DAG:example_nested_branch_dag
[2025-06-11T16:08:29.640+0200] {logging_mixin.py:137} INFO - [2025-06-11T16:08:29.640+0200] {manager.py:504} INFO - Created Permission View: can edit on DAG:example_nested_branch_dag
[2025-06-11T16:08:29.641+0200] {logging_mixin.py:137} INFO - [2025-06-11T16:08:29.640+0200] {dag.py:2690} INFO - Sync 1 DAGs
[2025-06-11T16:08:29.676+0200] {logging_mixin.py:137} INFO - [2025-06-11T16:08:29.676+0200] {dag.py:2711} INFO - Creating ORM DAG for example_nested_branch_dag
[2025-06-11T16:08:29.692+0200] {logging_mixin.py:137} INFO - [2025-06-11T16:08:29.692+0200] {dag.py:3437} INFO - Setting next_dagrun for example_nested_branch_dag to 2025-06-10T00:00:00+00:00, run_after=2025-06-11T00:00:00+00:00
[2025-06-11T16:08:30.074+0200] {processor.py:175} INFO - Processing /home/monica.fernandez/practica_creativa/venv-airflow/lib/python3.11/site-packages/airflow/example_dags/example_nested_branch_dag.py took 1.497 seconds
[2025-06-11T17:26:18.267+0200] {processor.py:153} INFO - Started process (PID=165402) to work on /home/monica.fernandez/practica_creativa/venv-airflow/lib/python3.11/site-packages/airflow/example_dags/example_nested_branch_dag.py
[2025-06-11T17:26:18.267+0200] {processor.py:743} INFO - Processing file /home/monica.fernandez/practica_creativa/venv-airflow/lib/python3.11/site-packages/airflow/example_dags/example_nested_branch_dag.py for tasks to queue
[2025-06-11T17:26:18.268+0200] {logging_mixin.py:137} INFO - [2025-06-11T17:26:18.268+0200] {dagbag.py:538} INFO - Filling up the DagBag from /home/monica.fernandez/practica_creativa/venv-airflow/lib/python3.11/site-packages/airflow/example_dags/example_nested_branch_dag.py
[2025-06-11T17:26:18.295+0200] {processor.py:753} INFO - DAG(s) dict_keys(['example_nested_branch_dag']) retrieved from /home/monica.fernandez/practica_creativa/venv-airflow/lib/python3.11/site-packages/airflow/example_dags/example_nested_branch_dag.py
[2025-06-11T17:26:18.324+0200] {logging_mixin.py:137} INFO - [2025-06-11T17:26:18.324+0200] {dag.py:2690} INFO - Sync 1 DAGs
[2025-06-11T17:26:18.353+0200] {logging_mixin.py:137} INFO - [2025-06-11T17:26:18.353+0200] {dag.py:3437} INFO - Setting next_dagrun for example_nested_branch_dag to 2025-06-10T00:00:00+00:00, run_after=2025-06-11T00:00:00+00:00
[2025-06-11T17:26:18.405+0200] {processor.py:175} INFO - Processing /home/monica.fernandez/practica_creativa/venv-airflow/lib/python3.11/site-packages/airflow/example_dags/example_nested_branch_dag.py took 0.140 seconds
[2025-06-11T17:27:20.759+0200] {processor.py:153} INFO - Started process (PID=165998) to work on /home/monica.fernandez/practica_creativa/venv-airflow/lib/python3.11/site-packages/airflow/example_dags/example_nested_branch_dag.py
[2025-06-11T17:27:20.759+0200] {processor.py:743} INFO - Processing file /home/monica.fernandez/practica_creativa/venv-airflow/lib/python3.11/site-packages/airflow/example_dags/example_nested_branch_dag.py for tasks to queue
[2025-06-11T17:27:20.760+0200] {logging_mixin.py:137} INFO - [2025-06-11T17:27:20.760+0200] {dagbag.py:538} INFO - Filling up the DagBag from /home/monica.fernandez/practica_creativa/venv-airflow/lib/python3.11/site-packages/airflow/example_dags/example_nested_branch_dag.py
[2025-06-11T17:27:20.794+0200] {processor.py:753} INFO - DAG(s) dict_keys(['example_nested_branch_dag']) retrieved from /home/monica.fernandez/practica_creativa/venv-airflow/lib/python3.11/site-packages/airflow/example_dags/example_nested_branch_dag.py
[2025-06-11T17:27:20.829+0200] {logging_mixin.py:137} INFO - [2025-06-11T17:27:20.829+0200] {dag.py:2690} INFO - Sync 1 DAGs
[2025-06-11T17:27:20.863+0200] {logging_mixin.py:137} INFO - [2025-06-11T17:27:20.863+0200] {dag.py:3437} INFO - Setting next_dagrun for example_nested_branch_dag to 2025-06-10T00:00:00+00:00, run_after=2025-06-11T00:00:00+00:00
[2025-06-11T17:27:20.943+0200] {processor.py:175} INFO - Processing /home/monica.fernandez/practica_creativa/venv-airflow/lib/python3.11/site-packages/airflow/example_dags/example_nested_branch_dag.py took 0.196 seconds
[2025-06-11T17:28:08.680+0200] {processor.py:153} INFO - Started process (PID=166348) to work on /home/monica.fernandez/practica_creativa/venv-airflow/lib/python3.11/site-packages/airflow/example_dags/example_nested_branch_dag.py
[2025-06-11T17:28:08.682+0200] {processor.py:743} INFO - Processing file /home/monica.fernandez/practica_creativa/venv-airflow/lib/python3.11/site-packages/airflow/example_dags/example_nested_branch_dag.py for tasks to queue
[2025-06-11T17:28:08.683+0200] {logging_mixin.py:137} INFO - [2025-06-11T17:28:08.683+0200] {dagbag.py:538} INFO - Filling up the DagBag from /home/monica.fernandez/practica_creativa/venv-airflow/lib/python3.11/site-packages/airflow/example_dags/example_nested_branch_dag.py
[2025-06-11T17:28:08.747+0200] {processor.py:753} INFO - DAG(s) dict_keys(['example_nested_branch_dag']) retrieved from /home/monica.fernandez/practica_creativa/venv-airflow/lib/python3.11/site-packages/airflow/example_dags/example_nested_branch_dag.py
[2025-06-11T17:28:08.781+0200] {logging_mixin.py:137} INFO - [2025-06-11T17:28:08.781+0200] {dag.py:2690} INFO - Sync 1 DAGs
[2025-06-11T17:28:08.810+0200] {logging_mixin.py:137} INFO - [2025-06-11T17:28:08.810+0200] {dag.py:3437} INFO - Setting next_dagrun for example_nested_branch_dag to 2025-06-10T00:00:00+00:00, run_after=2025-06-11T00:00:00+00:00
[2025-06-11T17:28:08.875+0200] {processor.py:175} INFO - Processing /home/monica.fernandez/practica_creativa/venv-airflow/lib/python3.11/site-packages/airflow/example_dags/example_nested_branch_dag.py took 0.199 seconds
[2025-06-11T17:29:02.500+0200] {processor.py:153} INFO - Started process (PID=166969) to work on /home/monica.fernandez/practica_creativa/venv-airflow/lib/python3.11/site-packages/airflow/example_dags/example_nested_branch_dag.py
[2025-06-11T17:29:02.501+0200] {processor.py:743} INFO - Processing file /home/monica.fernandez/practica_creativa/venv-airflow/lib/python3.11/site-packages/airflow/example_dags/example_nested_branch_dag.py for tasks to queue
[2025-06-11T17:29:02.501+0200] {logging_mixin.py:137} INFO - [2025-06-11T17:29:02.501+0200] {dagbag.py:538} INFO - Filling up the DagBag from /home/monica.fernandez/practica_creativa/venv-airflow/lib/python3.11/site-packages/airflow/example_dags/example_nested_branch_dag.py
[2025-06-11T17:29:02.532+0200] {processor.py:753} INFO - DAG(s) dict_keys(['example_nested_branch_dag']) retrieved from /home/monica.fernandez/practica_creativa/venv-airflow/lib/python3.11/site-packages/airflow/example_dags/example_nested_branch_dag.py
[2025-06-11T17:29:02.573+0200] {logging_mixin.py:137} INFO - [2025-06-11T17:29:02.573+0200] {dag.py:2690} INFO - Sync 1 DAGs
[2025-06-11T17:29:02.602+0200] {logging_mixin.py:137} INFO - [2025-06-11T17:29:02.601+0200] {dag.py:3437} INFO - Setting next_dagrun for example_nested_branch_dag to 2025-06-10T00:00:00+00:00, run_after=2025-06-11T00:00:00+00:00
[2025-06-11T17:29:02.671+0200] {processor.py:175} INFO - Processing /home/monica.fernandez/practica_creativa/venv-airflow/lib/python3.11/site-packages/airflow/example_dags/example_nested_branch_dag.py took 0.179 seconds
[2025-06-11T17:29:54.513+0200] {processor.py:153} INFO - Started process (PID=167438) to work on /home/monica.fernandez/practica_creativa/venv-airflow/lib/python3.11/site-packages/airflow/example_dags/example_nested_branch_dag.py
[2025-06-11T17:29:54.514+0200] {processor.py:743} INFO - Processing file /home/monica.fernandez/practica_creativa/venv-airflow/lib/python3.11/site-packages/airflow/example_dags/example_nested_branch_dag.py for tasks to queue
[2025-06-11T17:29:54.514+0200] {logging_mixin.py:137} INFO - [2025-06-11T17:29:54.514+0200] {dagbag.py:538} INFO - Filling up the DagBag from /home/monica.fernandez/practica_creativa/venv-airflow/lib/python3.11/site-packages/airflow/example_dags/example_nested_branch_dag.py
[2025-06-11T17:29:54.544+0200] {processor.py:753} INFO - DAG(s) dict_keys(['example_nested_branch_dag']) retrieved from /home/monica.fernandez/practica_creativa/venv-airflow/lib/python3.11/site-packages/airflow/example_dags/example_nested_branch_dag.py
[2025-06-11T17:29:54.573+0200] {logging_mixin.py:137} INFO - [2025-06-11T17:29:54.572+0200] {dag.py:2690} INFO - Sync 1 DAGs
[2025-06-11T17:29:54.600+0200] {logging_mixin.py:137} INFO - [2025-06-11T17:29:54.600+0200] {dag.py:3437} INFO - Setting next_dagrun for example_nested_branch_dag to 2025-06-10T00:00:00+00:00, run_after=2025-06-11T00:00:00+00:00
[2025-06-11T17:29:54.699+0200] {processor.py:175} INFO - Processing /home/monica.fernandez/practica_creativa/venv-airflow/lib/python3.11/site-packages/airflow/example_dags/example_nested_branch_dag.py took 0.188 seconds
[2025-06-11T17:30:42.568+0200] {processor.py:153} INFO - Started process (PID=168153) to work on /home/monica.fernandez/practica_creativa/venv-airflow/lib/python3.11/site-packages/airflow/example_dags/example_nested_branch_dag.py
[2025-06-11T17:30:42.569+0200] {processor.py:743} INFO - Processing file /home/monica.fernandez/practica_creativa/venv-airflow/lib/python3.11/site-packages/airflow/example_dags/example_nested_branch_dag.py for tasks to queue
[2025-06-11T17:30:42.569+0200] {logging_mixin.py:137} INFO - [2025-06-11T17:30:42.569+0200] {dagbag.py:538} INFO - Filling up the DagBag from /home/monica.fernandez/practica_creativa/venv-airflow/lib/python3.11/site-packages/airflow/example_dags/example_nested_branch_dag.py
[2025-06-11T17:30:42.615+0200] {processor.py:753} INFO - DAG(s) dict_keys(['example_nested_branch_dag']) retrieved from /home/monica.fernandez/practica_creativa/venv-airflow/lib/python3.11/site-packages/airflow/example_dags/example_nested_branch_dag.py
[2025-06-11T17:30:42.656+0200] {logging_mixin.py:137} INFO - [2025-06-11T17:30:42.656+0200] {dag.py:2690} INFO - Sync 1 DAGs
[2025-06-11T17:30:42.719+0200] {logging_mixin.py:137} INFO - [2025-06-11T17:30:42.719+0200] {dag.py:3437} INFO - Setting next_dagrun for example_nested_branch_dag to 2025-06-10T00:00:00+00:00, run_after=2025-06-11T00:00:00+00:00
[2025-06-11T17:30:42.842+0200] {processor.py:175} INFO - Processing /home/monica.fernandez/practica_creativa/venv-airflow/lib/python3.11/site-packages/airflow/example_dags/example_nested_branch_dag.py took 0.276 seconds
[2025-06-11T17:31:34.604+0200] {processor.py:153} INFO - Started process (PID=168588) to work on /home/monica.fernandez/practica_creativa/venv-airflow/lib/python3.11/site-packages/airflow/example_dags/example_nested_branch_dag.py
[2025-06-11T17:31:34.605+0200] {processor.py:743} INFO - Processing file /home/monica.fernandez/practica_creativa/venv-airflow/lib/python3.11/site-packages/airflow/example_dags/example_nested_branch_dag.py for tasks to queue
[2025-06-11T17:31:34.606+0200] {logging_mixin.py:137} INFO - [2025-06-11T17:31:34.606+0200] {dagbag.py:538} INFO - Filling up the DagBag from /home/monica.fernandez/practica_creativa/venv-airflow/lib/python3.11/site-packages/airflow/example_dags/example_nested_branch_dag.py
[2025-06-11T17:31:34.644+0200] {processor.py:753} INFO - DAG(s) dict_keys(['example_nested_branch_dag']) retrieved from /home/monica.fernandez/practica_creativa/venv-airflow/lib/python3.11/site-packages/airflow/example_dags/example_nested_branch_dag.py
[2025-06-11T17:31:34.685+0200] {logging_mixin.py:137} INFO - [2025-06-11T17:31:34.685+0200] {dag.py:2690} INFO - Sync 1 DAGs
[2025-06-11T17:31:34.720+0200] {logging_mixin.py:137} INFO - [2025-06-11T17:31:34.720+0200] {dag.py:3437} INFO - Setting next_dagrun for example_nested_branch_dag to 2025-06-10T00:00:00+00:00, run_after=2025-06-11T00:00:00+00:00
[2025-06-11T17:31:34.805+0200] {processor.py:175} INFO - Processing /home/monica.fernandez/practica_creativa/venv-airflow/lib/python3.11/site-packages/airflow/example_dags/example_nested_branch_dag.py took 0.205 seconds
[2025-06-11T17:32:33.328+0200] {processor.py:153} INFO - Started process (PID=169124) to work on /home/monica.fernandez/practica_creativa/venv-airflow/lib/python3.11/site-packages/airflow/example_dags/example_nested_branch_dag.py
[2025-06-11T17:32:33.329+0200] {processor.py:743} INFO - Processing file /home/monica.fernandez/practica_creativa/venv-airflow/lib/python3.11/site-packages/airflow/example_dags/example_nested_branch_dag.py for tasks to queue
[2025-06-11T17:32:33.329+0200] {logging_mixin.py:137} INFO - [2025-06-11T17:32:33.329+0200] {dagbag.py:538} INFO - Filling up the DagBag from /home/monica.fernandez/practica_creativa/venv-airflow/lib/python3.11/site-packages/airflow/example_dags/example_nested_branch_dag.py
[2025-06-11T17:32:33.379+0200] {processor.py:753} INFO - DAG(s) dict_keys(['example_nested_branch_dag']) retrieved from /home/monica.fernandez/practica_creativa/venv-airflow/lib/python3.11/site-packages/airflow/example_dags/example_nested_branch_dag.py
[2025-06-11T17:32:33.425+0200] {logging_mixin.py:137} INFO - [2025-06-11T17:32:33.424+0200] {dag.py:2690} INFO - Sync 1 DAGs
[2025-06-11T17:32:33.479+0200] {logging_mixin.py:137} INFO - [2025-06-11T17:32:33.479+0200] {dag.py:3437} INFO - Setting next_dagrun for example_nested_branch_dag to 2025-06-10T00:00:00+00:00, run_after=2025-06-11T00:00:00+00:00
[2025-06-11T17:32:33.552+0200] {processor.py:175} INFO - Processing /home/monica.fernandez/practica_creativa/venv-airflow/lib/python3.11/site-packages/airflow/example_dags/example_nested_branch_dag.py took 0.229 seconds
[2025-06-11T17:33:24.759+0200] {processor.py:153} INFO - Started process (PID=169584) to work on /home/monica.fernandez/practica_creativa/venv-airflow/lib/python3.11/site-packages/airflow/example_dags/example_nested_branch_dag.py
[2025-06-11T17:33:24.760+0200] {processor.py:743} INFO - Processing file /home/monica.fernandez/practica_creativa/venv-airflow/lib/python3.11/site-packages/airflow/example_dags/example_nested_branch_dag.py for tasks to queue
[2025-06-11T17:33:24.761+0200] {logging_mixin.py:137} INFO - [2025-06-11T17:33:24.761+0200] {dagbag.py:538} INFO - Filling up the DagBag from /home/monica.fernandez/practica_creativa/venv-airflow/lib/python3.11/site-packages/airflow/example_dags/example_nested_branch_dag.py
[2025-06-11T17:33:24.860+0200] {processor.py:753} INFO - DAG(s) dict_keys(['example_nested_branch_dag']) retrieved from /home/monica.fernandez/practica_creativa/venv-airflow/lib/python3.11/site-packages/airflow/example_dags/example_nested_branch_dag.py
[2025-06-11T17:33:24.921+0200] {logging_mixin.py:137} INFO - [2025-06-11T17:33:24.921+0200] {dag.py:2690} INFO - Sync 1 DAGs
[2025-06-11T17:33:24.969+0200] {logging_mixin.py:137} INFO - [2025-06-11T17:33:24.968+0200] {dag.py:3437} INFO - Setting next_dagrun for example_nested_branch_dag to 2025-06-10T00:00:00+00:00, run_after=2025-06-11T00:00:00+00:00
[2025-06-11T17:33:25.034+0200] {processor.py:175} INFO - Processing /home/monica.fernandez/practica_creativa/venv-airflow/lib/python3.11/site-packages/airflow/example_dags/example_nested_branch_dag.py took 0.283 seconds
[2025-06-11T17:34:16.329+0200] {processor.py:153} INFO - Started process (PID=170084) to work on /home/monica.fernandez/practica_creativa/venv-airflow/lib/python3.11/site-packages/airflow/example_dags/example_nested_branch_dag.py
[2025-06-11T17:34:16.329+0200] {processor.py:743} INFO - Processing file /home/monica.fernandez/practica_creativa/venv-airflow/lib/python3.11/site-packages/airflow/example_dags/example_nested_branch_dag.py for tasks to queue
[2025-06-11T17:34:16.330+0200] {logging_mixin.py:137} INFO - [2025-06-11T17:34:16.329+0200] {dagbag.py:538} INFO - Filling up the DagBag from /home/monica.fernandez/practica_creativa/venv-airflow/lib/python3.11/site-packages/airflow/example_dags/example_nested_branch_dag.py
[2025-06-11T17:34:16.358+0200] {processor.py:753} INFO - DAG(s) dict_keys(['example_nested_branch_dag']) retrieved from /home/monica.fernandez/practica_creativa/venv-airflow/lib/python3.11/site-packages/airflow/example_dags/example_nested_branch_dag.py
[2025-06-11T17:34:16.386+0200] {logging_mixin.py:137} INFO - [2025-06-11T17:34:16.386+0200] {dag.py:2690} INFO - Sync 1 DAGs
[2025-06-11T17:34:16.414+0200] {logging_mixin.py:137} INFO - [2025-06-11T17:34:16.414+0200] {dag.py:3437} INFO - Setting next_dagrun for example_nested_branch_dag to 2025-06-10T00:00:00+00:00, run_after=2025-06-11T00:00:00+00:00
[2025-06-11T17:34:16.463+0200] {processor.py:175} INFO - Processing /home/monica.fernandez/practica_creativa/venv-airflow/lib/python3.11/site-packages/airflow/example_dags/example_nested_branch_dag.py took 0.137 seconds
[2025-06-11T17:35:33.813+0200] {processor.py:153} INFO - Started process (PID=170755) to work on /home/monica.fernandez/practica_creativa/venv-airflow/lib/python3.11/site-packages/airflow/example_dags/example_nested_branch_dag.py
[2025-06-11T17:35:33.814+0200] {processor.py:743} INFO - Processing file /home/monica.fernandez/practica_creativa/venv-airflow/lib/python3.11/site-packages/airflow/example_dags/example_nested_branch_dag.py for tasks to queue
[2025-06-11T17:35:33.814+0200] {logging_mixin.py:137} INFO - [2025-06-11T17:35:33.814+0200] {dagbag.py:538} INFO - Filling up the DagBag from /home/monica.fernandez/practica_creativa/venv-airflow/lib/python3.11/site-packages/airflow/example_dags/example_nested_branch_dag.py
[2025-06-11T17:35:33.847+0200] {processor.py:753} INFO - DAG(s) dict_keys(['example_nested_branch_dag']) retrieved from /home/monica.fernandez/practica_creativa/venv-airflow/lib/python3.11/site-packages/airflow/example_dags/example_nested_branch_dag.py
[2025-06-11T17:35:33.875+0200] {logging_mixin.py:137} INFO - [2025-06-11T17:35:33.875+0200] {dag.py:2690} INFO - Sync 1 DAGs
[2025-06-11T17:35:33.914+0200] {logging_mixin.py:137} INFO - [2025-06-11T17:35:33.914+0200] {dag.py:3437} INFO - Setting next_dagrun for example_nested_branch_dag to 2025-06-10T00:00:00+00:00, run_after=2025-06-11T00:00:00+00:00
[2025-06-11T17:35:33.967+0200] {processor.py:175} INFO - Processing /home/monica.fernandez/practica_creativa/venv-airflow/lib/python3.11/site-packages/airflow/example_dags/example_nested_branch_dag.py took 0.157 seconds
[2025-06-11T17:36:27.185+0200] {processor.py:153} INFO - Started process (PID=171283) to work on /home/monica.fernandez/practica_creativa/venv-airflow/lib/python3.11/site-packages/airflow/example_dags/example_nested_branch_dag.py
[2025-06-11T17:36:27.185+0200] {processor.py:743} INFO - Processing file /home/monica.fernandez/practica_creativa/venv-airflow/lib/python3.11/site-packages/airflow/example_dags/example_nested_branch_dag.py for tasks to queue
[2025-06-11T17:36:27.186+0200] {logging_mixin.py:137} INFO - [2025-06-11T17:36:27.185+0200] {dagbag.py:538} INFO - Filling up the DagBag from /home/monica.fernandez/practica_creativa/venv-airflow/lib/python3.11/site-packages/airflow/example_dags/example_nested_branch_dag.py
[2025-06-11T17:36:27.216+0200] {processor.py:753} INFO - DAG(s) dict_keys(['example_nested_branch_dag']) retrieved from /home/monica.fernandez/practica_creativa/venv-airflow/lib/python3.11/site-packages/airflow/example_dags/example_nested_branch_dag.py
[2025-06-11T17:36:27.242+0200] {logging_mixin.py:137} INFO - [2025-06-11T17:36:27.242+0200] {dag.py:2690} INFO - Sync 1 DAGs
[2025-06-11T17:36:27.266+0200] {logging_mixin.py:137} INFO - [2025-06-11T17:36:27.266+0200] {dag.py:3437} INFO - Setting next_dagrun for example_nested_branch_dag to 2025-06-10T00:00:00+00:00, run_after=2025-06-11T00:00:00+00:00
[2025-06-11T17:36:27.321+0200] {processor.py:175} INFO - Processing /home/monica.fernandez/practica_creativa/venv-airflow/lib/python3.11/site-packages/airflow/example_dags/example_nested_branch_dag.py took 0.139 seconds
[2025-06-11T17:37:15.921+0200] {processor.py:153} INFO - Started process (PID=171766) to work on /home/monica.fernandez/practica_creativa/venv-airflow/lib/python3.11/site-packages/airflow/example_dags/example_nested_branch_dag.py
[2025-06-11T17:37:15.922+0200] {processor.py:743} INFO - Processing file /home/monica.fernandez/practica_creativa/venv-airflow/lib/python3.11/site-packages/airflow/example_dags/example_nested_branch_dag.py for tasks to queue
[2025-06-11T17:37:15.923+0200] {logging_mixin.py:137} INFO - [2025-06-11T17:37:15.923+0200] {dagbag.py:538} INFO - Filling up the DagBag from /home/monica.fernandez/practica_creativa/venv-airflow/lib/python3.11/site-packages/airflow/example_dags/example_nested_branch_dag.py
[2025-06-11T17:37:16.014+0200] {processor.py:753} INFO - DAG(s) dict_keys(['example_nested_branch_dag']) retrieved from /home/monica.fernandez/practica_creativa/venv-airflow/lib/python3.11/site-packages/airflow/example_dags/example_nested_branch_dag.py
[2025-06-11T17:37:16.070+0200] {logging_mixin.py:137} INFO - [2025-06-11T17:37:16.069+0200] {dag.py:2690} INFO - Sync 1 DAGs
[2025-06-11T17:37:16.149+0200] {logging_mixin.py:137} INFO - [2025-06-11T17:37:16.149+0200] {dag.py:3437} INFO - Setting next_dagrun for example_nested_branch_dag to 2025-06-10T00:00:00+00:00, run_after=2025-06-11T00:00:00+00:00
[2025-06-11T17:37:16.220+0200] {processor.py:175} INFO - Processing /home/monica.fernandez/practica_creativa/venv-airflow/lib/python3.11/site-packages/airflow/example_dags/example_nested_branch_dag.py took 0.305 seconds
[2025-06-11T17:38:07.627+0200] {processor.py:153} INFO - Started process (PID=172242) to work on /home/monica.fernandez/practica_creativa/venv-airflow/lib/python3.11/site-packages/airflow/example_dags/example_nested_branch_dag.py
[2025-06-11T17:38:07.628+0200] {processor.py:743} INFO - Processing file /home/monica.fernandez/practica_creativa/venv-airflow/lib/python3.11/site-packages/airflow/example_dags/example_nested_branch_dag.py for tasks to queue
[2025-06-11T17:38:07.629+0200] {logging_mixin.py:137} INFO - [2025-06-11T17:38:07.628+0200] {dagbag.py:538} INFO - Filling up the DagBag from /home/monica.fernandez/practica_creativa/venv-airflow/lib/python3.11/site-packages/airflow/example_dags/example_nested_branch_dag.py
[2025-06-11T17:38:07.681+0200] {processor.py:753} INFO - DAG(s) dict_keys(['example_nested_branch_dag']) retrieved from /home/monica.fernandez/practica_creativa/venv-airflow/lib/python3.11/site-packages/airflow/example_dags/example_nested_branch_dag.py
[2025-06-11T17:38:07.723+0200] {logging_mixin.py:137} INFO - [2025-06-11T17:38:07.723+0200] {dag.py:2690} INFO - Sync 1 DAGs
[2025-06-11T17:38:07.772+0200] {logging_mixin.py:137} INFO - [2025-06-11T17:38:07.772+0200] {dag.py:3437} INFO - Setting next_dagrun for example_nested_branch_dag to 2025-06-10T00:00:00+00:00, run_after=2025-06-11T00:00:00+00:00
[2025-06-11T17:38:07.884+0200] {processor.py:175} INFO - Processing /home/monica.fernandez/practica_creativa/venv-airflow/lib/python3.11/site-packages/airflow/example_dags/example_nested_branch_dag.py took 0.261 seconds
[2025-06-11T17:39:11.150+0200] {processor.py:153} INFO - Started process (PID=172875) to work on /home/monica.fernandez/practica_creativa/venv-airflow/lib/python3.11/site-packages/airflow/example_dags/example_nested_branch_dag.py
[2025-06-11T17:39:11.151+0200] {processor.py:743} INFO - Processing file /home/monica.fernandez/practica_creativa/venv-airflow/lib/python3.11/site-packages/airflow/example_dags/example_nested_branch_dag.py for tasks to queue
[2025-06-11T17:39:11.152+0200] {logging_mixin.py:137} INFO - [2025-06-11T17:39:11.152+0200] {dagbag.py:538} INFO - Filling up the DagBag from /home/monica.fernandez/practica_creativa/venv-airflow/lib/python3.11/site-packages/airflow/example_dags/example_nested_branch_dag.py
[2025-06-11T17:39:11.236+0200] {processor.py:753} INFO - DAG(s) dict_keys(['example_nested_branch_dag']) retrieved from /home/monica.fernandez/practica_creativa/venv-airflow/lib/python3.11/site-packages/airflow/example_dags/example_nested_branch_dag.py
[2025-06-11T17:39:11.290+0200] {logging_mixin.py:137} INFO - [2025-06-11T17:39:11.290+0200] {dag.py:2690} INFO - Sync 1 DAGs
[2025-06-11T17:39:11.325+0200] {logging_mixin.py:137} INFO - [2025-06-11T17:39:11.325+0200] {dag.py:3437} INFO - Setting next_dagrun for example_nested_branch_dag to 2025-06-10T00:00:00+00:00, run_after=2025-06-11T00:00:00+00:00
[2025-06-11T17:39:11.418+0200] {processor.py:175} INFO - Processing /home/monica.fernandez/practica_creativa/venv-airflow/lib/python3.11/site-packages/airflow/example_dags/example_nested_branch_dag.py took 0.275 seconds
[2025-06-11T17:40:06.147+0200] {processor.py:153} INFO - Started process (PID=173381) to work on /home/monica.fernandez/practica_creativa/venv-airflow/lib/python3.11/site-packages/airflow/example_dags/example_nested_branch_dag.py
[2025-06-11T17:40:06.148+0200] {processor.py:743} INFO - Processing file /home/monica.fernandez/practica_creativa/venv-airflow/lib/python3.11/site-packages/airflow/example_dags/example_nested_branch_dag.py for tasks to queue
[2025-06-11T17:40:06.148+0200] {logging_mixin.py:137} INFO - [2025-06-11T17:40:06.148+0200] {dagbag.py:538} INFO - Filling up the DagBag from /home/monica.fernandez/practica_creativa/venv-airflow/lib/python3.11/site-packages/airflow/example_dags/example_nested_branch_dag.py
[2025-06-11T17:40:06.188+0200] {processor.py:753} INFO - DAG(s) dict_keys(['example_nested_branch_dag']) retrieved from /home/monica.fernandez/practica_creativa/venv-airflow/lib/python3.11/site-packages/airflow/example_dags/example_nested_branch_dag.py
[2025-06-11T17:40:06.229+0200] {logging_mixin.py:137} INFO - [2025-06-11T17:40:06.229+0200] {dag.py:2690} INFO - Sync 1 DAGs
[2025-06-11T17:40:06.277+0200] {logging_mixin.py:137} INFO - [2025-06-11T17:40:06.277+0200] {dag.py:3437} INFO - Setting next_dagrun for example_nested_branch_dag to 2025-06-10T00:00:00+00:00, run_after=2025-06-11T00:00:00+00:00
[2025-06-11T17:40:06.353+0200] {processor.py:175} INFO - Processing /home/monica.fernandez/practica_creativa/venv-airflow/lib/python3.11/site-packages/airflow/example_dags/example_nested_branch_dag.py took 0.209 seconds
[2025-06-11T17:41:14.880+0200] {processor.py:153} INFO - Started process (PID=174004) to work on /home/monica.fernandez/practica_creativa/venv-airflow/lib/python3.11/site-packages/airflow/example_dags/example_nested_branch_dag.py
[2025-06-11T17:41:14.881+0200] {processor.py:743} INFO - Processing file /home/monica.fernandez/practica_creativa/venv-airflow/lib/python3.11/site-packages/airflow/example_dags/example_nested_branch_dag.py for tasks to queue
[2025-06-11T17:41:14.881+0200] {logging_mixin.py:137} INFO - [2025-06-11T17:41:14.881+0200] {dagbag.py:538} INFO - Filling up the DagBag from /home/monica.fernandez/practica_creativa/venv-airflow/lib/python3.11/site-packages/airflow/example_dags/example_nested_branch_dag.py
[2025-06-11T17:41:14.929+0200] {processor.py:753} INFO - DAG(s) dict_keys(['example_nested_branch_dag']) retrieved from /home/monica.fernandez/practica_creativa/venv-airflow/lib/python3.11/site-packages/airflow/example_dags/example_nested_branch_dag.py
[2025-06-11T17:41:14.966+0200] {logging_mixin.py:137} INFO - [2025-06-11T17:41:14.965+0200] {dag.py:2690} INFO - Sync 1 DAGs
[2025-06-11T17:41:15.002+0200] {logging_mixin.py:137} INFO - [2025-06-11T17:41:15.002+0200] {dag.py:3437} INFO - Setting next_dagrun for example_nested_branch_dag to 2025-06-10T00:00:00+00:00, run_after=2025-06-11T00:00:00+00:00
[2025-06-11T17:41:15.063+0200] {processor.py:175} INFO - Processing /home/monica.fernandez/practica_creativa/venv-airflow/lib/python3.11/site-packages/airflow/example_dags/example_nested_branch_dag.py took 0.190 seconds
[2025-06-11T17:42:12.878+0200] {processor.py:153} INFO - Started process (PID=174529) to work on /home/monica.fernandez/practica_creativa/venv-airflow/lib/python3.11/site-packages/airflow/example_dags/example_nested_branch_dag.py
[2025-06-11T17:42:12.878+0200] {processor.py:743} INFO - Processing file /home/monica.fernandez/practica_creativa/venv-airflow/lib/python3.11/site-packages/airflow/example_dags/example_nested_branch_dag.py for tasks to queue
[2025-06-11T17:42:12.879+0200] {logging_mixin.py:137} INFO - [2025-06-11T17:42:12.879+0200] {dagbag.py:538} INFO - Filling up the DagBag from /home/monica.fernandez/practica_creativa/venv-airflow/lib/python3.11/site-packages/airflow/example_dags/example_nested_branch_dag.py
[2025-06-11T17:42:12.993+0200] {processor.py:753} INFO - DAG(s) dict_keys(['example_nested_branch_dag']) retrieved from /home/monica.fernandez/practica_creativa/venv-airflow/lib/python3.11/site-packages/airflow/example_dags/example_nested_branch_dag.py
[2025-06-11T17:42:13.038+0200] {logging_mixin.py:137} INFO - [2025-06-11T17:42:13.038+0200] {dag.py:2690} INFO - Sync 1 DAGs
[2025-06-11T17:42:13.130+0200] {logging_mixin.py:137} INFO - [2025-06-11T17:42:13.129+0200] {dag.py:3437} INFO - Setting next_dagrun for example_nested_branch_dag to 2025-06-10T00:00:00+00:00, run_after=2025-06-11T00:00:00+00:00
[2025-06-11T17:42:13.251+0200] {processor.py:175} INFO - Processing /home/monica.fernandez/practica_creativa/venv-airflow/lib/python3.11/site-packages/airflow/example_dags/example_nested_branch_dag.py took 0.385 seconds
[2025-06-11T17:43:17.260+0200] {processor.py:153} INFO - Started process (PID=175170) to work on /home/monica.fernandez/practica_creativa/venv-airflow/lib/python3.11/site-packages/airflow/example_dags/example_nested_branch_dag.py
[2025-06-11T17:43:17.260+0200] {processor.py:743} INFO - Processing file /home/monica.fernandez/practica_creativa/venv-airflow/lib/python3.11/site-packages/airflow/example_dags/example_nested_branch_dag.py for tasks to queue
[2025-06-11T17:43:17.261+0200] {logging_mixin.py:137} INFO - [2025-06-11T17:43:17.261+0200] {dagbag.py:538} INFO - Filling up the DagBag from /home/monica.fernandez/practica_creativa/venv-airflow/lib/python3.11/site-packages/airflow/example_dags/example_nested_branch_dag.py
[2025-06-11T17:43:17.323+0200] {processor.py:753} INFO - DAG(s) dict_keys(['example_nested_branch_dag']) retrieved from /home/monica.fernandez/practica_creativa/venv-airflow/lib/python3.11/site-packages/airflow/example_dags/example_nested_branch_dag.py
[2025-06-11T17:43:17.360+0200] {logging_mixin.py:137} INFO - [2025-06-11T17:43:17.360+0200] {dag.py:2690} INFO - Sync 1 DAGs
[2025-06-11T17:43:17.392+0200] {logging_mixin.py:137} INFO - [2025-06-11T17:43:17.392+0200] {dag.py:3437} INFO - Setting next_dagrun for example_nested_branch_dag to 2025-06-10T00:00:00+00:00, run_after=2025-06-11T00:00:00+00:00
[2025-06-11T17:43:17.453+0200] {processor.py:175} INFO - Processing /home/monica.fernandez/practica_creativa/venv-airflow/lib/python3.11/site-packages/airflow/example_dags/example_nested_branch_dag.py took 0.202 seconds
[2025-06-11T17:44:20.714+0200] {processor.py:153} INFO - Started process (PID=175874) to work on /home/monica.fernandez/practica_creativa/venv-airflow/lib/python3.11/site-packages/airflow/example_dags/example_nested_branch_dag.py
[2025-06-11T17:44:20.715+0200] {processor.py:743} INFO - Processing file /home/monica.fernandez/practica_creativa/venv-airflow/lib/python3.11/site-packages/airflow/example_dags/example_nested_branch_dag.py for tasks to queue
[2025-06-11T17:44:20.715+0200] {logging_mixin.py:137} INFO - [2025-06-11T17:44:20.715+0200] {dagbag.py:538} INFO - Filling up the DagBag from /home/monica.fernandez/practica_creativa/venv-airflow/lib/python3.11/site-packages/airflow/example_dags/example_nested_branch_dag.py
[2025-06-11T17:44:20.760+0200] {processor.py:753} INFO - DAG(s) dict_keys(['example_nested_branch_dag']) retrieved from /home/monica.fernandez/practica_creativa/venv-airflow/lib/python3.11/site-packages/airflow/example_dags/example_nested_branch_dag.py
[2025-06-11T17:44:20.793+0200] {logging_mixin.py:137} INFO - [2025-06-11T17:44:20.793+0200] {dag.py:2690} INFO - Sync 1 DAGs
[2025-06-11T17:44:20.822+0200] {logging_mixin.py:137} INFO - [2025-06-11T17:44:20.822+0200] {dag.py:3437} INFO - Setting next_dagrun for example_nested_branch_dag to 2025-06-10T00:00:00+00:00, run_after=2025-06-11T00:00:00+00:00
[2025-06-11T17:44:20.878+0200] {processor.py:175} INFO - Processing /home/monica.fernandez/practica_creativa/venv-airflow/lib/python3.11/site-packages/airflow/example_dags/example_nested_branch_dag.py took 0.168 seconds
[2025-06-11T17:45:46.966+0200] {processor.py:153} INFO - Started process (PID=176683) to work on /home/monica.fernandez/practica_creativa/venv-airflow/lib/python3.11/site-packages/airflow/example_dags/example_nested_branch_dag.py
[2025-06-11T17:45:46.967+0200] {processor.py:743} INFO - Processing file /home/monica.fernandez/practica_creativa/venv-airflow/lib/python3.11/site-packages/airflow/example_dags/example_nested_branch_dag.py for tasks to queue
[2025-06-11T17:45:46.968+0200] {logging_mixin.py:137} INFO - [2025-06-11T17:45:46.968+0200] {dagbag.py:538} INFO - Filling up the DagBag from /home/monica.fernandez/practica_creativa/venv-airflow/lib/python3.11/site-packages/airflow/example_dags/example_nested_branch_dag.py
[2025-06-11T17:45:47.034+0200] {processor.py:753} INFO - DAG(s) dict_keys(['example_nested_branch_dag']) retrieved from /home/monica.fernandez/practica_creativa/venv-airflow/lib/python3.11/site-packages/airflow/example_dags/example_nested_branch_dag.py
[2025-06-11T17:45:47.073+0200] {logging_mixin.py:137} INFO - [2025-06-11T17:45:47.073+0200] {dag.py:2690} INFO - Sync 1 DAGs
[2025-06-11T17:45:47.171+0200] {logging_mixin.py:137} INFO - [2025-06-11T17:45:47.171+0200] {dag.py:3437} INFO - Setting next_dagrun for example_nested_branch_dag to 2025-06-10T00:00:00+00:00, run_after=2025-06-11T00:00:00+00:00
[2025-06-11T17:45:47.314+0200] {processor.py:175} INFO - Processing /home/monica.fernandez/practica_creativa/venv-airflow/lib/python3.11/site-packages/airflow/example_dags/example_nested_branch_dag.py took 0.352 seconds
[2025-06-11T17:46:49.223+0200] {processor.py:153} INFO - Started process (PID=177333) to work on /home/monica.fernandez/practica_creativa/venv-airflow/lib/python3.11/site-packages/airflow/example_dags/example_nested_branch_dag.py
[2025-06-11T17:46:49.224+0200] {processor.py:743} INFO - Processing file /home/monica.fernandez/practica_creativa/venv-airflow/lib/python3.11/site-packages/airflow/example_dags/example_nested_branch_dag.py for tasks to queue
[2025-06-11T17:46:49.224+0200] {logging_mixin.py:137} INFO - [2025-06-11T17:46:49.224+0200] {dagbag.py:538} INFO - Filling up the DagBag from /home/monica.fernandez/practica_creativa/venv-airflow/lib/python3.11/site-packages/airflow/example_dags/example_nested_branch_dag.py
[2025-06-11T17:46:49.280+0200] {processor.py:753} INFO - DAG(s) dict_keys(['example_nested_branch_dag']) retrieved from /home/monica.fernandez/practica_creativa/venv-airflow/lib/python3.11/site-packages/airflow/example_dags/example_nested_branch_dag.py
[2025-06-11T17:46:49.324+0200] {logging_mixin.py:137} INFO - [2025-06-11T17:46:49.324+0200] {dag.py:2690} INFO - Sync 1 DAGs
[2025-06-11T17:46:49.359+0200] {logging_mixin.py:137} INFO - [2025-06-11T17:46:49.358+0200] {dag.py:3437} INFO - Setting next_dagrun for example_nested_branch_dag to 2025-06-10T00:00:00+00:00, run_after=2025-06-11T00:00:00+00:00
[2025-06-11T17:46:49.444+0200] {processor.py:175} INFO - Processing /home/monica.fernandez/practica_creativa/venv-airflow/lib/python3.11/site-packages/airflow/example_dags/example_nested_branch_dag.py took 0.227 seconds
[2025-06-11T17:47:45.763+0200] {processor.py:153} INFO - Started process (PID=177734) to work on /home/monica.fernandez/practica_creativa/venv-airflow/lib/python3.11/site-packages/airflow/example_dags/example_nested_branch_dag.py
[2025-06-11T17:47:45.764+0200] {processor.py:743} INFO - Processing file /home/monica.fernandez/practica_creativa/venv-airflow/lib/python3.11/site-packages/airflow/example_dags/example_nested_branch_dag.py for tasks to queue
[2025-06-11T17:47:45.765+0200] {logging_mixin.py:137} INFO - [2025-06-11T17:47:45.764+0200] {dagbag.py:538} INFO - Filling up the DagBag from /home/monica.fernandez/practica_creativa/venv-airflow/lib/python3.11/site-packages/airflow/example_dags/example_nested_branch_dag.py
[2025-06-11T17:47:45.840+0200] {processor.py:753} INFO - DAG(s) dict_keys(['example_nested_branch_dag']) retrieved from /home/monica.fernandez/practica_creativa/venv-airflow/lib/python3.11/site-packages/airflow/example_dags/example_nested_branch_dag.py
[2025-06-11T17:47:45.893+0200] {logging_mixin.py:137} INFO - [2025-06-11T17:47:45.892+0200] {dag.py:2690} INFO - Sync 1 DAGs
[2025-06-11T17:47:45.936+0200] {logging_mixin.py:137} INFO - [2025-06-11T17:47:45.936+0200] {dag.py:3437} INFO - Setting next_dagrun for example_nested_branch_dag to 2025-06-10T00:00:00+00:00, run_after=2025-06-11T00:00:00+00:00
[2025-06-11T17:47:46.020+0200] {processor.py:175} INFO - Processing /home/monica.fernandez/practica_creativa/venv-airflow/lib/python3.11/site-packages/airflow/example_dags/example_nested_branch_dag.py took 0.262 seconds
[2025-06-11T17:48:39.315+0200] {processor.py:153} INFO - Started process (PID=178209) to work on /home/monica.fernandez/practica_creativa/venv-airflow/lib/python3.11/site-packages/airflow/example_dags/example_nested_branch_dag.py
[2025-06-11T17:48:39.316+0200] {processor.py:743} INFO - Processing file /home/monica.fernandez/practica_creativa/venv-airflow/lib/python3.11/site-packages/airflow/example_dags/example_nested_branch_dag.py for tasks to queue
[2025-06-11T17:48:39.317+0200] {logging_mixin.py:137} INFO - [2025-06-11T17:48:39.317+0200] {dagbag.py:538} INFO - Filling up the DagBag from /home/monica.fernandez/practica_creativa/venv-airflow/lib/python3.11/site-packages/airflow/example_dags/example_nested_branch_dag.py
[2025-06-11T17:48:39.385+0200] {processor.py:753} INFO - DAG(s) dict_keys(['example_nested_branch_dag']) retrieved from /home/monica.fernandez/practica_creativa/venv-airflow/lib/python3.11/site-packages/airflow/example_dags/example_nested_branch_dag.py
[2025-06-11T17:48:39.422+0200] {logging_mixin.py:137} INFO - [2025-06-11T17:48:39.422+0200] {dag.py:2690} INFO - Sync 1 DAGs
[2025-06-11T17:48:39.457+0200] {logging_mixin.py:137} INFO - [2025-06-11T17:48:39.457+0200] {dag.py:3437} INFO - Setting next_dagrun for example_nested_branch_dag to 2025-06-10T00:00:00+00:00, run_after=2025-06-11T00:00:00+00:00
[2025-06-11T17:48:39.528+0200] {processor.py:175} INFO - Processing /home/monica.fernandez/practica_creativa/venv-airflow/lib/python3.11/site-packages/airflow/example_dags/example_nested_branch_dag.py took 0.218 seconds
[2025-06-11T17:52:22.812+0200] {processor.py:153} INFO - Started process (PID=181196) to work on /home/monica.fernandez/practica_creativa/venv-airflow/lib/python3.11/site-packages/airflow/example_dags/example_nested_branch_dag.py
[2025-06-11T17:52:22.812+0200] {processor.py:743} INFO - Processing file /home/monica.fernandez/practica_creativa/venv-airflow/lib/python3.11/site-packages/airflow/example_dags/example_nested_branch_dag.py for tasks to queue
[2025-06-11T17:52:22.813+0200] {logging_mixin.py:137} INFO - [2025-06-11T17:52:22.813+0200] {dagbag.py:538} INFO - Filling up the DagBag from /home/monica.fernandez/practica_creativa/venv-airflow/lib/python3.11/site-packages/airflow/example_dags/example_nested_branch_dag.py
[2025-06-11T17:52:22.855+0200] {processor.py:753} INFO - DAG(s) dict_keys(['example_nested_branch_dag']) retrieved from /home/monica.fernandez/practica_creativa/venv-airflow/lib/python3.11/site-packages/airflow/example_dags/example_nested_branch_dag.py
[2025-06-11T17:52:22.885+0200] {logging_mixin.py:137} INFO - [2025-06-11T17:52:22.885+0200] {dag.py:2690} INFO - Sync 1 DAGs
[2025-06-11T17:52:22.913+0200] {logging_mixin.py:137} INFO - [2025-06-11T17:52:22.913+0200] {dag.py:3437} INFO - Setting next_dagrun for example_nested_branch_dag to 2025-06-10T00:00:00+00:00, run_after=2025-06-11T00:00:00+00:00
[2025-06-11T17:52:22.972+0200] {processor.py:175} INFO - Processing /home/monica.fernandez/practica_creativa/venv-airflow/lib/python3.11/site-packages/airflow/example_dags/example_nested_branch_dag.py took 0.164 seconds
[2025-06-11T17:53:16.092+0200] {processor.py:153} INFO - Started process (PID=181565) to work on /home/monica.fernandez/practica_creativa/venv-airflow/lib/python3.11/site-packages/airflow/example_dags/example_nested_branch_dag.py
[2025-06-11T17:53:16.093+0200] {processor.py:743} INFO - Processing file /home/monica.fernandez/practica_creativa/venv-airflow/lib/python3.11/site-packages/airflow/example_dags/example_nested_branch_dag.py for tasks to queue
[2025-06-11T17:53:16.094+0200] {logging_mixin.py:137} INFO - [2025-06-11T17:53:16.094+0200] {dagbag.py:538} INFO - Filling up the DagBag from /home/monica.fernandez/practica_creativa/venv-airflow/lib/python3.11/site-packages/airflow/example_dags/example_nested_branch_dag.py
[2025-06-11T17:53:16.126+0200] {processor.py:753} INFO - DAG(s) dict_keys(['example_nested_branch_dag']) retrieved from /home/monica.fernandez/practica_creativa/venv-airflow/lib/python3.11/site-packages/airflow/example_dags/example_nested_branch_dag.py
[2025-06-11T17:53:16.157+0200] {logging_mixin.py:137} INFO - [2025-06-11T17:53:16.157+0200] {dag.py:2690} INFO - Sync 1 DAGs
[2025-06-11T17:53:16.185+0200] {logging_mixin.py:137} INFO - [2025-06-11T17:53:16.185+0200] {dag.py:3437} INFO - Setting next_dagrun for example_nested_branch_dag to 2025-06-10T00:00:00+00:00, run_after=2025-06-11T00:00:00+00:00
[2025-06-11T17:53:16.260+0200] {processor.py:175} INFO - Processing /home/monica.fernandez/practica_creativa/venv-airflow/lib/python3.11/site-packages/airflow/example_dags/example_nested_branch_dag.py took 0.172 seconds
[2025-06-11T17:54:11.090+0200] {processor.py:153} INFO - Started process (PID=182094) to work on /home/monica.fernandez/practica_creativa/venv-airflow/lib/python3.11/site-packages/airflow/example_dags/example_nested_branch_dag.py
[2025-06-11T17:54:11.090+0200] {processor.py:743} INFO - Processing file /home/monica.fernandez/practica_creativa/venv-airflow/lib/python3.11/site-packages/airflow/example_dags/example_nested_branch_dag.py for tasks to queue
[2025-06-11T17:54:11.091+0200] {logging_mixin.py:137} INFO - [2025-06-11T17:54:11.091+0200] {dagbag.py:538} INFO - Filling up the DagBag from /home/monica.fernandez/practica_creativa/venv-airflow/lib/python3.11/site-packages/airflow/example_dags/example_nested_branch_dag.py
[2025-06-11T17:54:11.141+0200] {processor.py:753} INFO - DAG(s) dict_keys(['example_nested_branch_dag']) retrieved from /home/monica.fernandez/practica_creativa/venv-airflow/lib/python3.11/site-packages/airflow/example_dags/example_nested_branch_dag.py
[2025-06-11T17:54:11.195+0200] {logging_mixin.py:137} INFO - [2025-06-11T17:54:11.195+0200] {dag.py:2690} INFO - Sync 1 DAGs
[2025-06-11T17:54:11.232+0200] {logging_mixin.py:137} INFO - [2025-06-11T17:54:11.231+0200] {dag.py:3437} INFO - Setting next_dagrun for example_nested_branch_dag to 2025-06-10T00:00:00+00:00, run_after=2025-06-11T00:00:00+00:00
[2025-06-11T17:54:11.334+0200] {processor.py:175} INFO - Processing /home/monica.fernandez/practica_creativa/venv-airflow/lib/python3.11/site-packages/airflow/example_dags/example_nested_branch_dag.py took 0.247 seconds
[2025-06-11T17:55:03.221+0200] {processor.py:153} INFO - Started process (PID=182602) to work on /home/monica.fernandez/practica_creativa/venv-airflow/lib/python3.11/site-packages/airflow/example_dags/example_nested_branch_dag.py
[2025-06-11T17:55:03.222+0200] {processor.py:743} INFO - Processing file /home/monica.fernandez/practica_creativa/venv-airflow/lib/python3.11/site-packages/airflow/example_dags/example_nested_branch_dag.py for tasks to queue
[2025-06-11T17:55:03.222+0200] {logging_mixin.py:137} INFO - [2025-06-11T17:55:03.222+0200] {dagbag.py:538} INFO - Filling up the DagBag from /home/monica.fernandez/practica_creativa/venv-airflow/lib/python3.11/site-packages/airflow/example_dags/example_nested_branch_dag.py
[2025-06-11T17:55:03.252+0200] {processor.py:753} INFO - DAG(s) dict_keys(['example_nested_branch_dag']) retrieved from /home/monica.fernandez/practica_creativa/venv-airflow/lib/python3.11/site-packages/airflow/example_dags/example_nested_branch_dag.py
[2025-06-11T17:55:03.287+0200] {logging_mixin.py:137} INFO - [2025-06-11T17:55:03.287+0200] {dag.py:2690} INFO - Sync 1 DAGs
[2025-06-11T17:55:03.319+0200] {logging_mixin.py:137} INFO - [2025-06-11T17:55:03.318+0200] {dag.py:3437} INFO - Setting next_dagrun for example_nested_branch_dag to 2025-06-10T00:00:00+00:00, run_after=2025-06-11T00:00:00+00:00
[2025-06-11T17:55:03.413+0200] {processor.py:175} INFO - Processing /home/monica.fernandez/practica_creativa/venv-airflow/lib/python3.11/site-packages/airflow/example_dags/example_nested_branch_dag.py took 0.195 seconds
[2025-06-11T17:56:19.052+0200] {processor.py:153} INFO - Started process (PID=183450) to work on /home/monica.fernandez/practica_creativa/venv-airflow/lib/python3.11/site-packages/airflow/example_dags/example_nested_branch_dag.py
[2025-06-11T17:56:19.053+0200] {processor.py:743} INFO - Processing file /home/monica.fernandez/practica_creativa/venv-airflow/lib/python3.11/site-packages/airflow/example_dags/example_nested_branch_dag.py for tasks to queue
[2025-06-11T17:56:19.054+0200] {logging_mixin.py:137} INFO - [2025-06-11T17:56:19.054+0200] {dagbag.py:538} INFO - Filling up the DagBag from /home/monica.fernandez/practica_creativa/venv-airflow/lib/python3.11/site-packages/airflow/example_dags/example_nested_branch_dag.py
[2025-06-11T17:56:19.084+0200] {processor.py:753} INFO - DAG(s) dict_keys(['example_nested_branch_dag']) retrieved from /home/monica.fernandez/practica_creativa/venv-airflow/lib/python3.11/site-packages/airflow/example_dags/example_nested_branch_dag.py
[2025-06-11T17:56:19.125+0200] {logging_mixin.py:137} INFO - [2025-06-11T17:56:19.125+0200] {dag.py:2690} INFO - Sync 1 DAGs
[2025-06-11T17:56:19.149+0200] {logging_mixin.py:137} INFO - [2025-06-11T17:56:19.149+0200] {dag.py:3437} INFO - Setting next_dagrun for example_nested_branch_dag to 2025-06-10T00:00:00+00:00, run_after=2025-06-11T00:00:00+00:00
[2025-06-11T17:56:19.200+0200] {processor.py:175} INFO - Processing /home/monica.fernandez/practica_creativa/venv-airflow/lib/python3.11/site-packages/airflow/example_dags/example_nested_branch_dag.py took 0.153 seconds
[2025-06-11T17:57:36.055+0200] {processor.py:153} INFO - Started process (PID=184290) to work on /home/monica.fernandez/practica_creativa/venv-airflow/lib/python3.11/site-packages/airflow/example_dags/example_nested_branch_dag.py
[2025-06-11T17:57:36.056+0200] {processor.py:743} INFO - Processing file /home/monica.fernandez/practica_creativa/venv-airflow/lib/python3.11/site-packages/airflow/example_dags/example_nested_branch_dag.py for tasks to queue
[2025-06-11T17:57:36.057+0200] {logging_mixin.py:137} INFO - [2025-06-11T17:57:36.057+0200] {dagbag.py:538} INFO - Filling up the DagBag from /home/monica.fernandez/practica_creativa/venv-airflow/lib/python3.11/site-packages/airflow/example_dags/example_nested_branch_dag.py
[2025-06-11T17:57:36.119+0200] {processor.py:753} INFO - DAG(s) dict_keys(['example_nested_branch_dag']) retrieved from /home/monica.fernandez/practica_creativa/venv-airflow/lib/python3.11/site-packages/airflow/example_dags/example_nested_branch_dag.py
[2025-06-11T17:57:36.176+0200] {logging_mixin.py:137} INFO - [2025-06-11T17:57:36.176+0200] {dag.py:2690} INFO - Sync 1 DAGs
[2025-06-11T17:57:36.225+0200] {logging_mixin.py:137} INFO - [2025-06-11T17:57:36.225+0200] {dag.py:3437} INFO - Setting next_dagrun for example_nested_branch_dag to 2025-06-10T00:00:00+00:00, run_after=2025-06-11T00:00:00+00:00
[2025-06-11T17:57:36.291+0200] {processor.py:175} INFO - Processing /home/monica.fernandez/practica_creativa/venv-airflow/lib/python3.11/site-packages/airflow/example_dags/example_nested_branch_dag.py took 0.240 seconds
[2025-06-11T17:58:29.028+0200] {processor.py:153} INFO - Started process (PID=184778) to work on /home/monica.fernandez/practica_creativa/venv-airflow/lib/python3.11/site-packages/airflow/example_dags/example_nested_branch_dag.py
[2025-06-11T17:58:29.029+0200] {processor.py:743} INFO - Processing file /home/monica.fernandez/practica_creativa/venv-airflow/lib/python3.11/site-packages/airflow/example_dags/example_nested_branch_dag.py for tasks to queue
[2025-06-11T17:58:29.030+0200] {logging_mixin.py:137} INFO - [2025-06-11T17:58:29.030+0200] {dagbag.py:538} INFO - Filling up the DagBag from /home/monica.fernandez/practica_creativa/venv-airflow/lib/python3.11/site-packages/airflow/example_dags/example_nested_branch_dag.py
[2025-06-11T17:58:29.110+0200] {processor.py:753} INFO - DAG(s) dict_keys(['example_nested_branch_dag']) retrieved from /home/monica.fernandez/practica_creativa/venv-airflow/lib/python3.11/site-packages/airflow/example_dags/example_nested_branch_dag.py
[2025-06-11T17:58:29.153+0200] {logging_mixin.py:137} INFO - [2025-06-11T17:58:29.153+0200] {dag.py:2690} INFO - Sync 1 DAGs
[2025-06-11T17:58:29.208+0200] {logging_mixin.py:137} INFO - [2025-06-11T17:58:29.208+0200] {dag.py:3437} INFO - Setting next_dagrun for example_nested_branch_dag to 2025-06-10T00:00:00+00:00, run_after=2025-06-11T00:00:00+00:00
[2025-06-11T17:58:29.314+0200] {processor.py:175} INFO - Processing /home/monica.fernandez/practica_creativa/venv-airflow/lib/python3.11/site-packages/airflow/example_dags/example_nested_branch_dag.py took 0.289 seconds
[2025-06-11T17:59:24.369+0200] {processor.py:153} INFO - Started process (PID=185273) to work on /home/monica.fernandez/practica_creativa/venv-airflow/lib/python3.11/site-packages/airflow/example_dags/example_nested_branch_dag.py
[2025-06-11T17:59:24.370+0200] {processor.py:743} INFO - Processing file /home/monica.fernandez/practica_creativa/venv-airflow/lib/python3.11/site-packages/airflow/example_dags/example_nested_branch_dag.py for tasks to queue
[2025-06-11T17:59:24.370+0200] {logging_mixin.py:137} INFO - [2025-06-11T17:59:24.370+0200] {dagbag.py:538} INFO - Filling up the DagBag from /home/monica.fernandez/practica_creativa/venv-airflow/lib/python3.11/site-packages/airflow/example_dags/example_nested_branch_dag.py
[2025-06-11T17:59:24.411+0200] {processor.py:753} INFO - DAG(s) dict_keys(['example_nested_branch_dag']) retrieved from /home/monica.fernandez/practica_creativa/venv-airflow/lib/python3.11/site-packages/airflow/example_dags/example_nested_branch_dag.py
[2025-06-11T17:59:24.439+0200] {logging_mixin.py:137} INFO - [2025-06-11T17:59:24.439+0200] {dag.py:2690} INFO - Sync 1 DAGs
[2025-06-11T17:59:24.467+0200] {logging_mixin.py:137} INFO - [2025-06-11T17:59:24.467+0200] {dag.py:3437} INFO - Setting next_dagrun for example_nested_branch_dag to 2025-06-10T00:00:00+00:00, run_after=2025-06-11T00:00:00+00:00
[2025-06-11T17:59:24.529+0200] {processor.py:175} INFO - Processing /home/monica.fernandez/practica_creativa/venv-airflow/lib/python3.11/site-packages/airflow/example_dags/example_nested_branch_dag.py took 0.162 seconds
[2025-06-11T18:00:23.398+0200] {processor.py:153} INFO - Started process (PID=185768) to work on /home/monica.fernandez/practica_creativa/venv-airflow/lib/python3.11/site-packages/airflow/example_dags/example_nested_branch_dag.py
[2025-06-11T18:00:23.400+0200] {processor.py:743} INFO - Processing file /home/monica.fernandez/practica_creativa/venv-airflow/lib/python3.11/site-packages/airflow/example_dags/example_nested_branch_dag.py for tasks to queue
[2025-06-11T18:00:23.403+0200] {logging_mixin.py:137} INFO - [2025-06-11T18:00:23.402+0200] {dagbag.py:538} INFO - Filling up the DagBag from /home/monica.fernandez/practica_creativa/venv-airflow/lib/python3.11/site-packages/airflow/example_dags/example_nested_branch_dag.py
[2025-06-11T18:00:23.465+0200] {processor.py:753} INFO - DAG(s) dict_keys(['example_nested_branch_dag']) retrieved from /home/monica.fernandez/practica_creativa/venv-airflow/lib/python3.11/site-packages/airflow/example_dags/example_nested_branch_dag.py
[2025-06-11T18:00:23.512+0200] {logging_mixin.py:137} INFO - [2025-06-11T18:00:23.512+0200] {dag.py:2690} INFO - Sync 1 DAGs
[2025-06-11T18:00:23.550+0200] {logging_mixin.py:137} INFO - [2025-06-11T18:00:23.550+0200] {dag.py:3437} INFO - Setting next_dagrun for example_nested_branch_dag to 2025-06-10T00:00:00+00:00, run_after=2025-06-11T00:00:00+00:00
[2025-06-11T18:00:23.612+0200] {processor.py:175} INFO - Processing /home/monica.fernandez/practica_creativa/venv-airflow/lib/python3.11/site-packages/airflow/example_dags/example_nested_branch_dag.py took 0.223 seconds
[2025-06-11T18:02:03.752+0200] {processor.py:153} INFO - Started process (PID=186775) to work on /home/monica.fernandez/practica_creativa/venv-airflow/lib/python3.11/site-packages/airflow/example_dags/example_nested_branch_dag.py
[2025-06-11T18:02:03.753+0200] {processor.py:743} INFO - Processing file /home/monica.fernandez/practica_creativa/venv-airflow/lib/python3.11/site-packages/airflow/example_dags/example_nested_branch_dag.py for tasks to queue
[2025-06-11T18:02:03.753+0200] {logging_mixin.py:137} INFO - [2025-06-11T18:02:03.753+0200] {dagbag.py:538} INFO - Filling up the DagBag from /home/monica.fernandez/practica_creativa/venv-airflow/lib/python3.11/site-packages/airflow/example_dags/example_nested_branch_dag.py
[2025-06-11T18:02:03.807+0200] {processor.py:753} INFO - DAG(s) dict_keys(['example_nested_branch_dag']) retrieved from /home/monica.fernandez/practica_creativa/venv-airflow/lib/python3.11/site-packages/airflow/example_dags/example_nested_branch_dag.py
[2025-06-11T18:02:03.861+0200] {logging_mixin.py:137} INFO - [2025-06-11T18:02:03.861+0200] {dag.py:2690} INFO - Sync 1 DAGs
[2025-06-11T18:02:03.920+0200] {logging_mixin.py:137} INFO - [2025-06-11T18:02:03.920+0200] {dag.py:3437} INFO - Setting next_dagrun for example_nested_branch_dag to 2025-06-10T00:00:00+00:00, run_after=2025-06-11T00:00:00+00:00
[2025-06-11T18:02:03.993+0200] {processor.py:175} INFO - Processing /home/monica.fernandez/practica_creativa/venv-airflow/lib/python3.11/site-packages/airflow/example_dags/example_nested_branch_dag.py took 0.244 seconds
[2025-06-11T18:03:09.967+0200] {processor.py:153} INFO - Started process (PID=187352) to work on /home/monica.fernandez/practica_creativa/venv-airflow/lib/python3.11/site-packages/airflow/example_dags/example_nested_branch_dag.py
[2025-06-11T18:03:09.968+0200] {processor.py:743} INFO - Processing file /home/monica.fernandez/practica_creativa/venv-airflow/lib/python3.11/site-packages/airflow/example_dags/example_nested_branch_dag.py for tasks to queue
[2025-06-11T18:03:09.968+0200] {logging_mixin.py:137} INFO - [2025-06-11T18:03:09.968+0200] {dagbag.py:538} INFO - Filling up the DagBag from /home/monica.fernandez/practica_creativa/venv-airflow/lib/python3.11/site-packages/airflow/example_dags/example_nested_branch_dag.py
[2025-06-11T18:03:10.005+0200] {processor.py:753} INFO - DAG(s) dict_keys(['example_nested_branch_dag']) retrieved from /home/monica.fernandez/practica_creativa/venv-airflow/lib/python3.11/site-packages/airflow/example_dags/example_nested_branch_dag.py
[2025-06-11T18:03:10.033+0200] {logging_mixin.py:137} INFO - [2025-06-11T18:03:10.033+0200] {dag.py:2690} INFO - Sync 1 DAGs
[2025-06-11T18:03:10.061+0200] {logging_mixin.py:137} INFO - [2025-06-11T18:03:10.061+0200] {dag.py:3437} INFO - Setting next_dagrun for example_nested_branch_dag to 2025-06-10T00:00:00+00:00, run_after=2025-06-11T00:00:00+00:00
[2025-06-11T18:03:10.131+0200] {processor.py:175} INFO - Processing /home/monica.fernandez/practica_creativa/venv-airflow/lib/python3.11/site-packages/airflow/example_dags/example_nested_branch_dag.py took 0.166 seconds
[2025-06-11T18:04:03.862+0200] {processor.py:153} INFO - Started process (PID=187805) to work on /home/monica.fernandez/practica_creativa/venv-airflow/lib/python3.11/site-packages/airflow/example_dags/example_nested_branch_dag.py
[2025-06-11T18:04:03.863+0200] {processor.py:743} INFO - Processing file /home/monica.fernandez/practica_creativa/venv-airflow/lib/python3.11/site-packages/airflow/example_dags/example_nested_branch_dag.py for tasks to queue
[2025-06-11T18:04:03.864+0200] {logging_mixin.py:137} INFO - [2025-06-11T18:04:03.864+0200] {dagbag.py:538} INFO - Filling up the DagBag from /home/monica.fernandez/practica_creativa/venv-airflow/lib/python3.11/site-packages/airflow/example_dags/example_nested_branch_dag.py
[2025-06-11T18:04:03.939+0200] {processor.py:753} INFO - DAG(s) dict_keys(['example_nested_branch_dag']) retrieved from /home/monica.fernandez/practica_creativa/venv-airflow/lib/python3.11/site-packages/airflow/example_dags/example_nested_branch_dag.py
[2025-06-11T18:04:03.971+0200] {logging_mixin.py:137} INFO - [2025-06-11T18:04:03.970+0200] {dag.py:2690} INFO - Sync 1 DAGs
[2025-06-11T18:04:03.998+0200] {logging_mixin.py:137} INFO - [2025-06-11T18:04:03.998+0200] {dag.py:3437} INFO - Setting next_dagrun for example_nested_branch_dag to 2025-06-10T00:00:00+00:00, run_after=2025-06-11T00:00:00+00:00
[2025-06-11T18:04:04.059+0200] {processor.py:175} INFO - Processing /home/monica.fernandez/practica_creativa/venv-airflow/lib/python3.11/site-packages/airflow/example_dags/example_nested_branch_dag.py took 0.205 seconds
[2025-06-11T18:04:56.509+0200] {processor.py:153} INFO - Started process (PID=188265) to work on /home/monica.fernandez/practica_creativa/venv-airflow/lib/python3.11/site-packages/airflow/example_dags/example_nested_branch_dag.py
[2025-06-11T18:04:56.510+0200] {processor.py:743} INFO - Processing file /home/monica.fernandez/practica_creativa/venv-airflow/lib/python3.11/site-packages/airflow/example_dags/example_nested_branch_dag.py for tasks to queue
[2025-06-11T18:04:56.510+0200] {logging_mixin.py:137} INFO - [2025-06-11T18:04:56.510+0200] {dagbag.py:538} INFO - Filling up the DagBag from /home/monica.fernandez/practica_creativa/venv-airflow/lib/python3.11/site-packages/airflow/example_dags/example_nested_branch_dag.py
[2025-06-11T18:04:56.553+0200] {processor.py:753} INFO - DAG(s) dict_keys(['example_nested_branch_dag']) retrieved from /home/monica.fernandez/practica_creativa/venv-airflow/lib/python3.11/site-packages/airflow/example_dags/example_nested_branch_dag.py
[2025-06-11T18:04:56.595+0200] {logging_mixin.py:137} INFO - [2025-06-11T18:04:56.595+0200] {dag.py:2690} INFO - Sync 1 DAGs
[2025-06-11T18:04:56.632+0200] {logging_mixin.py:137} INFO - [2025-06-11T18:04:56.632+0200] {dag.py:3437} INFO - Setting next_dagrun for example_nested_branch_dag to 2025-06-10T00:00:00+00:00, run_after=2025-06-11T00:00:00+00:00
[2025-06-11T18:04:56.710+0200] {processor.py:175} INFO - Processing /home/monica.fernandez/practica_creativa/venv-airflow/lib/python3.11/site-packages/airflow/example_dags/example_nested_branch_dag.py took 0.204 seconds
[2025-06-11T18:05:46.195+0200] {processor.py:153} INFO - Started process (PID=188627) to work on /home/monica.fernandez/practica_creativa/venv-airflow/lib/python3.11/site-packages/airflow/example_dags/example_nested_branch_dag.py
[2025-06-11T18:05:46.196+0200] {processor.py:743} INFO - Processing file /home/monica.fernandez/practica_creativa/venv-airflow/lib/python3.11/site-packages/airflow/example_dags/example_nested_branch_dag.py for tasks to queue
[2025-06-11T18:05:46.199+0200] {logging_mixin.py:137} INFO - [2025-06-11T18:05:46.198+0200] {dagbag.py:538} INFO - Filling up the DagBag from /home/monica.fernandez/practica_creativa/venv-airflow/lib/python3.11/site-packages/airflow/example_dags/example_nested_branch_dag.py
[2025-06-11T18:05:46.254+0200] {processor.py:753} INFO - DAG(s) dict_keys(['example_nested_branch_dag']) retrieved from /home/monica.fernandez/practica_creativa/venv-airflow/lib/python3.11/site-packages/airflow/example_dags/example_nested_branch_dag.py
[2025-06-11T18:05:46.298+0200] {logging_mixin.py:137} INFO - [2025-06-11T18:05:46.298+0200] {dag.py:2690} INFO - Sync 1 DAGs
[2025-06-11T18:05:46.343+0200] {logging_mixin.py:137} INFO - [2025-06-11T18:05:46.343+0200] {dag.py:3437} INFO - Setting next_dagrun for example_nested_branch_dag to 2025-06-10T00:00:00+00:00, run_after=2025-06-11T00:00:00+00:00
[2025-06-11T18:05:46.417+0200] {processor.py:175} INFO - Processing /home/monica.fernandez/practica_creativa/venv-airflow/lib/python3.11/site-packages/airflow/example_dags/example_nested_branch_dag.py took 0.224 seconds
[2025-06-11T18:06:46.962+0200] {processor.py:153} INFO - Started process (PID=189330) to work on /home/monica.fernandez/practica_creativa/venv-airflow/lib/python3.11/site-packages/airflow/example_dags/example_nested_branch_dag.py
[2025-06-11T18:06:46.963+0200] {processor.py:743} INFO - Processing file /home/monica.fernandez/practica_creativa/venv-airflow/lib/python3.11/site-packages/airflow/example_dags/example_nested_branch_dag.py for tasks to queue
[2025-06-11T18:06:46.963+0200] {logging_mixin.py:137} INFO - [2025-06-11T18:06:46.963+0200] {dagbag.py:538} INFO - Filling up the DagBag from /home/monica.fernandez/practica_creativa/venv-airflow/lib/python3.11/site-packages/airflow/example_dags/example_nested_branch_dag.py
[2025-06-11T18:06:47.003+0200] {processor.py:753} INFO - DAG(s) dict_keys(['example_nested_branch_dag']) retrieved from /home/monica.fernandez/practica_creativa/venv-airflow/lib/python3.11/site-packages/airflow/example_dags/example_nested_branch_dag.py
[2025-06-11T18:06:47.039+0200] {logging_mixin.py:137} INFO - [2025-06-11T18:06:47.038+0200] {dag.py:2690} INFO - Sync 1 DAGs
[2025-06-11T18:06:47.067+0200] {logging_mixin.py:137} INFO - [2025-06-11T18:06:47.067+0200] {dag.py:3437} INFO - Setting next_dagrun for example_nested_branch_dag to 2025-06-10T00:00:00+00:00, run_after=2025-06-11T00:00:00+00:00
[2025-06-11T18:06:47.126+0200] {processor.py:175} INFO - Processing /home/monica.fernandez/practica_creativa/venv-airflow/lib/python3.11/site-packages/airflow/example_dags/example_nested_branch_dag.py took 0.171 seconds
[2025-06-11T18:08:27.870+0200] {processor.py:153} INFO - Started process (PID=190679) to work on /home/monica.fernandez/practica_creativa/venv-airflow/lib/python3.11/site-packages/airflow/example_dags/example_nested_branch_dag.py
[2025-06-11T18:08:27.870+0200] {processor.py:743} INFO - Processing file /home/monica.fernandez/practica_creativa/venv-airflow/lib/python3.11/site-packages/airflow/example_dags/example_nested_branch_dag.py for tasks to queue
[2025-06-11T18:08:27.871+0200] {logging_mixin.py:137} INFO - [2025-06-11T18:08:27.871+0200] {dagbag.py:538} INFO - Filling up the DagBag from /home/monica.fernandez/practica_creativa/venv-airflow/lib/python3.11/site-packages/airflow/example_dags/example_nested_branch_dag.py
[2025-06-11T18:08:27.901+0200] {processor.py:753} INFO - DAG(s) dict_keys(['example_nested_branch_dag']) retrieved from /home/monica.fernandez/practica_creativa/venv-airflow/lib/python3.11/site-packages/airflow/example_dags/example_nested_branch_dag.py
[2025-06-11T18:08:27.930+0200] {logging_mixin.py:137} INFO - [2025-06-11T18:08:27.930+0200] {dag.py:2690} INFO - Sync 1 DAGs
[2025-06-11T18:08:27.954+0200] {logging_mixin.py:137} INFO - [2025-06-11T18:08:27.954+0200] {dag.py:3437} INFO - Setting next_dagrun for example_nested_branch_dag to 2025-06-10T00:00:00+00:00, run_after=2025-06-11T00:00:00+00:00
[2025-06-11T18:08:28.014+0200] {processor.py:175} INFO - Processing /home/monica.fernandez/practica_creativa/venv-airflow/lib/python3.11/site-packages/airflow/example_dags/example_nested_branch_dag.py took 0.147 seconds
[2025-06-11T18:09:19.715+0200] {processor.py:153} INFO - Started process (PID=191227) to work on /home/monica.fernandez/practica_creativa/venv-airflow/lib/python3.11/site-packages/airflow/example_dags/example_nested_branch_dag.py
[2025-06-11T18:09:19.715+0200] {processor.py:743} INFO - Processing file /home/monica.fernandez/practica_creativa/venv-airflow/lib/python3.11/site-packages/airflow/example_dags/example_nested_branch_dag.py for tasks to queue
[2025-06-11T18:09:19.716+0200] {logging_mixin.py:137} INFO - [2025-06-11T18:09:19.716+0200] {dagbag.py:538} INFO - Filling up the DagBag from /home/monica.fernandez/practica_creativa/venv-airflow/lib/python3.11/site-packages/airflow/example_dags/example_nested_branch_dag.py
[2025-06-11T18:09:19.783+0200] {processor.py:753} INFO - DAG(s) dict_keys(['example_nested_branch_dag']) retrieved from /home/monica.fernandez/practica_creativa/venv-airflow/lib/python3.11/site-packages/airflow/example_dags/example_nested_branch_dag.py
[2025-06-11T18:09:19.819+0200] {logging_mixin.py:137} INFO - [2025-06-11T18:09:19.819+0200] {dag.py:2690} INFO - Sync 1 DAGs
[2025-06-11T18:09:19.861+0200] {logging_mixin.py:137} INFO - [2025-06-11T18:09:19.861+0200] {dag.py:3437} INFO - Setting next_dagrun for example_nested_branch_dag to 2025-06-10T00:00:00+00:00, run_after=2025-06-11T00:00:00+00:00
[2025-06-11T18:09:19.933+0200] {processor.py:175} INFO - Processing /home/monica.fernandez/practica_creativa/venv-airflow/lib/python3.11/site-packages/airflow/example_dags/example_nested_branch_dag.py took 0.221 seconds
[2025-06-11T18:10:27.098+0200] {processor.py:153} INFO - Started process (PID=191859) to work on /home/monica.fernandez/practica_creativa/venv-airflow/lib/python3.11/site-packages/airflow/example_dags/example_nested_branch_dag.py
[2025-06-11T18:10:27.101+0200] {processor.py:743} INFO - Processing file /home/monica.fernandez/practica_creativa/venv-airflow/lib/python3.11/site-packages/airflow/example_dags/example_nested_branch_dag.py for tasks to queue
[2025-06-11T18:10:27.103+0200] {logging_mixin.py:137} INFO - [2025-06-11T18:10:27.103+0200] {dagbag.py:538} INFO - Filling up the DagBag from /home/monica.fernandez/practica_creativa/venv-airflow/lib/python3.11/site-packages/airflow/example_dags/example_nested_branch_dag.py
[2025-06-11T18:10:27.199+0200] {processor.py:753} INFO - DAG(s) dict_keys(['example_nested_branch_dag']) retrieved from /home/monica.fernandez/practica_creativa/venv-airflow/lib/python3.11/site-packages/airflow/example_dags/example_nested_branch_dag.py
[2025-06-11T18:10:27.234+0200] {logging_mixin.py:137} INFO - [2025-06-11T18:10:27.232+0200] {dag.py:2690} INFO - Sync 1 DAGs
[2025-06-11T18:10:27.295+0200] {logging_mixin.py:137} INFO - [2025-06-11T18:10:27.295+0200] {dag.py:3437} INFO - Setting next_dagrun for example_nested_branch_dag to 2025-06-10T00:00:00+00:00, run_after=2025-06-11T00:00:00+00:00
[2025-06-11T18:10:27.371+0200] {processor.py:175} INFO - Processing /home/monica.fernandez/practica_creativa/venv-airflow/lib/python3.11/site-packages/airflow/example_dags/example_nested_branch_dag.py took 0.281 seconds
