[2025-06-11T16:08:31.782+0200] {processor.py:153} INFO - Started process (PID=121991) to work on /home/monica.fernandez/practica_creativa/venv-airflow/lib/python3.11/site-packages/airflow/example_dags/example_external_task_marker_dag.py
[2025-06-11T16:08:31.783+0200] {processor.py:743} INFO - Processing file /home/monica.fernandez/practica_creativa/venv-airflow/lib/python3.11/site-packages/airflow/example_dags/example_external_task_marker_dag.py for tasks to queue
[2025-06-11T16:08:31.783+0200] {logging_mixin.py:137} INFO - [2025-06-11T16:08:31.783+0200] {dagbag.py:538} INFO - Filling up the DagBag from /home/monica.fernandez/practica_creativa/venv-airflow/lib/python3.11/site-packages/airflow/example_dags/example_external_task_marker_dag.py
[2025-06-11T16:08:31.804+0200] {processor.py:753} INFO - DAG(s) dict_keys(['example_external_task_marker_parent', 'example_external_task_marker_child']) retrieved from /home/monica.fernandez/practica_creativa/venv-airflow/lib/python3.11/site-packages/airflow/example_dags/example_external_task_marker_dag.py
[2025-06-11T16:08:31.942+0200] {logging_mixin.py:137} INFO - [2025-06-11T16:08:31.942+0200] {manager.py:504} INFO - Created Permission View: can read on DAG:example_external_task_marker_parent
[2025-06-11T16:08:31.969+0200] {logging_mixin.py:137} INFO - [2025-06-11T16:08:31.969+0200] {manager.py:504} INFO - Created Permission View: can delete on DAG:example_external_task_marker_parent
[2025-06-11T16:08:31.995+0200] {logging_mixin.py:137} INFO - [2025-06-11T16:08:31.995+0200] {manager.py:504} INFO - Created Permission View: can edit on DAG:example_external_task_marker_parent
[2025-06-11T16:08:32.059+0200] {logging_mixin.py:137} INFO - [2025-06-11T16:08:32.058+0200] {manager.py:504} INFO - Created Permission View: can read on DAG:example_external_task_marker_child
[2025-06-11T16:08:32.084+0200] {logging_mixin.py:137} INFO - [2025-06-11T16:08:32.084+0200] {manager.py:504} INFO - Created Permission View: can delete on DAG:example_external_task_marker_child
[2025-06-11T16:08:32.109+0200] {logging_mixin.py:137} INFO - [2025-06-11T16:08:32.109+0200] {manager.py:504} INFO - Created Permission View: can edit on DAG:example_external_task_marker_child
[2025-06-11T16:08:32.109+0200] {logging_mixin.py:137} INFO - [2025-06-11T16:08:32.109+0200] {dag.py:2690} INFO - Sync 2 DAGs
[2025-06-11T16:08:32.124+0200] {logging_mixin.py:137} INFO - [2025-06-11T16:08:32.124+0200] {dag.py:2711} INFO - Creating ORM DAG for example_external_task_marker_parent
[2025-06-11T16:08:32.125+0200] {logging_mixin.py:137} INFO - [2025-06-11T16:08:32.125+0200] {dag.py:2711} INFO - Creating ORM DAG for example_external_task_marker_child
[2025-06-11T16:08:32.140+0200] {logging_mixin.py:137} INFO - [2025-06-11T16:08:32.140+0200] {dag.py:3437} INFO - Setting next_dagrun for example_external_task_marker_child to None, run_after=None
[2025-06-11T16:08:32.140+0200] {logging_mixin.py:137} INFO - [2025-06-11T16:08:32.140+0200] {dag.py:3437} INFO - Setting next_dagrun for example_external_task_marker_parent to None, run_after=None
[2025-06-11T16:08:32.192+0200] {processor.py:175} INFO - Processing /home/monica.fernandez/practica_creativa/venv-airflow/lib/python3.11/site-packages/airflow/example_dags/example_external_task_marker_dag.py took 0.414 seconds
[2025-06-11T17:26:19.642+0200] {processor.py:153} INFO - Started process (PID=165413) to work on /home/monica.fernandez/practica_creativa/venv-airflow/lib/python3.11/site-packages/airflow/example_dags/example_external_task_marker_dag.py
[2025-06-11T17:26:19.643+0200] {processor.py:743} INFO - Processing file /home/monica.fernandez/practica_creativa/venv-airflow/lib/python3.11/site-packages/airflow/example_dags/example_external_task_marker_dag.py for tasks to queue
[2025-06-11T17:26:19.644+0200] {logging_mixin.py:137} INFO - [2025-06-11T17:26:19.644+0200] {dagbag.py:538} INFO - Filling up the DagBag from /home/monica.fernandez/practica_creativa/venv-airflow/lib/python3.11/site-packages/airflow/example_dags/example_external_task_marker_dag.py
[2025-06-11T17:26:19.666+0200] {processor.py:753} INFO - DAG(s) dict_keys(['example_external_task_marker_child', 'example_external_task_marker_parent']) retrieved from /home/monica.fernandez/practica_creativa/venv-airflow/lib/python3.11/site-packages/airflow/example_dags/example_external_task_marker_dag.py
[2025-06-11T17:26:19.728+0200] {logging_mixin.py:137} INFO - [2025-06-11T17:26:19.728+0200] {dag.py:2690} INFO - Sync 2 DAGs
[2025-06-11T17:26:19.753+0200] {logging_mixin.py:137} INFO - [2025-06-11T17:26:19.752+0200] {dag.py:3437} INFO - Setting next_dagrun for example_external_task_marker_child to None, run_after=None
[2025-06-11T17:26:19.757+0200] {logging_mixin.py:137} INFO - [2025-06-11T17:26:19.757+0200] {dag.py:3437} INFO - Setting next_dagrun for example_external_task_marker_parent to None, run_after=None
[2025-06-11T17:26:19.809+0200] {processor.py:175} INFO - Processing /home/monica.fernandez/practica_creativa/venv-airflow/lib/python3.11/site-packages/airflow/example_dags/example_external_task_marker_dag.py took 0.171 seconds
[2025-06-11T17:27:21.548+0200] {processor.py:153} INFO - Started process (PID=166000) to work on /home/monica.fernandez/practica_creativa/venv-airflow/lib/python3.11/site-packages/airflow/example_dags/example_external_task_marker_dag.py
[2025-06-11T17:27:21.549+0200] {processor.py:743} INFO - Processing file /home/monica.fernandez/practica_creativa/venv-airflow/lib/python3.11/site-packages/airflow/example_dags/example_external_task_marker_dag.py for tasks to queue
[2025-06-11T17:27:21.549+0200] {logging_mixin.py:137} INFO - [2025-06-11T17:27:21.549+0200] {dagbag.py:538} INFO - Filling up the DagBag from /home/monica.fernandez/practica_creativa/venv-airflow/lib/python3.11/site-packages/airflow/example_dags/example_external_task_marker_dag.py
[2025-06-11T17:27:21.565+0200] {processor.py:753} INFO - DAG(s) dict_keys(['example_external_task_marker_child', 'example_external_task_marker_parent']) retrieved from /home/monica.fernandez/practica_creativa/venv-airflow/lib/python3.11/site-packages/airflow/example_dags/example_external_task_marker_dag.py
[2025-06-11T17:27:21.597+0200] {logging_mixin.py:137} INFO - [2025-06-11T17:27:21.596+0200] {dag.py:2690} INFO - Sync 2 DAGs
[2025-06-11T17:27:21.623+0200] {logging_mixin.py:137} INFO - [2025-06-11T17:27:21.622+0200] {dag.py:3437} INFO - Setting next_dagrun for example_external_task_marker_child to None, run_after=None
[2025-06-11T17:27:21.629+0200] {logging_mixin.py:137} INFO - [2025-06-11T17:27:21.629+0200] {dag.py:3437} INFO - Setting next_dagrun for example_external_task_marker_parent to None, run_after=None
[2025-06-11T17:27:21.680+0200] {processor.py:175} INFO - Processing /home/monica.fernandez/practica_creativa/venv-airflow/lib/python3.11/site-packages/airflow/example_dags/example_external_task_marker_dag.py took 0.134 seconds
[2025-06-11T17:28:09.953+0200] {processor.py:153} INFO - Started process (PID=166354) to work on /home/monica.fernandez/practica_creativa/venv-airflow/lib/python3.11/site-packages/airflow/example_dags/example_external_task_marker_dag.py
[2025-06-11T17:28:09.954+0200] {processor.py:743} INFO - Processing file /home/monica.fernandez/practica_creativa/venv-airflow/lib/python3.11/site-packages/airflow/example_dags/example_external_task_marker_dag.py for tasks to queue
[2025-06-11T17:28:09.957+0200] {logging_mixin.py:137} INFO - [2025-06-11T17:28:09.957+0200] {dagbag.py:538} INFO - Filling up the DagBag from /home/monica.fernandez/practica_creativa/venv-airflow/lib/python3.11/site-packages/airflow/example_dags/example_external_task_marker_dag.py
[2025-06-11T17:28:09.999+0200] {processor.py:753} INFO - DAG(s) dict_keys(['example_external_task_marker_parent', 'example_external_task_marker_child']) retrieved from /home/monica.fernandez/practica_creativa/venv-airflow/lib/python3.11/site-packages/airflow/example_dags/example_external_task_marker_dag.py
[2025-06-11T17:28:10.058+0200] {logging_mixin.py:137} INFO - [2025-06-11T17:28:10.058+0200] {dag.py:2690} INFO - Sync 2 DAGs
[2025-06-11T17:28:10.100+0200] {logging_mixin.py:137} INFO - [2025-06-11T17:28:10.100+0200] {dag.py:3437} INFO - Setting next_dagrun for example_external_task_marker_child to None, run_after=None
[2025-06-11T17:28:10.108+0200] {logging_mixin.py:137} INFO - [2025-06-11T17:28:10.107+0200] {dag.py:3437} INFO - Setting next_dagrun for example_external_task_marker_parent to None, run_after=None
[2025-06-11T17:28:10.193+0200] {processor.py:175} INFO - Processing /home/monica.fernandez/practica_creativa/venv-airflow/lib/python3.11/site-packages/airflow/example_dags/example_external_task_marker_dag.py took 0.246 seconds
[2025-06-11T17:29:03.836+0200] {processor.py:153} INFO - Started process (PID=166979) to work on /home/monica.fernandez/practica_creativa/venv-airflow/lib/python3.11/site-packages/airflow/example_dags/example_external_task_marker_dag.py
[2025-06-11T17:29:03.838+0200] {processor.py:743} INFO - Processing file /home/monica.fernandez/practica_creativa/venv-airflow/lib/python3.11/site-packages/airflow/example_dags/example_external_task_marker_dag.py for tasks to queue
[2025-06-11T17:29:03.838+0200] {logging_mixin.py:137} INFO - [2025-06-11T17:29:03.838+0200] {dagbag.py:538} INFO - Filling up the DagBag from /home/monica.fernandez/practica_creativa/venv-airflow/lib/python3.11/site-packages/airflow/example_dags/example_external_task_marker_dag.py
[2025-06-11T17:29:03.864+0200] {processor.py:753} INFO - DAG(s) dict_keys(['example_external_task_marker_child', 'example_external_task_marker_parent']) retrieved from /home/monica.fernandez/practica_creativa/venv-airflow/lib/python3.11/site-packages/airflow/example_dags/example_external_task_marker_dag.py
[2025-06-11T17:29:03.909+0200] {logging_mixin.py:137} INFO - [2025-06-11T17:29:03.909+0200] {dag.py:2690} INFO - Sync 2 DAGs
[2025-06-11T17:29:03.938+0200] {logging_mixin.py:137} INFO - [2025-06-11T17:29:03.938+0200] {dag.py:3437} INFO - Setting next_dagrun for example_external_task_marker_child to None, run_after=None
[2025-06-11T17:29:03.944+0200] {logging_mixin.py:137} INFO - [2025-06-11T17:29:03.944+0200] {dag.py:3437} INFO - Setting next_dagrun for example_external_task_marker_parent to None, run_after=None
[2025-06-11T17:29:04.025+0200] {processor.py:175} INFO - Processing /home/monica.fernandez/practica_creativa/venv-airflow/lib/python3.11/site-packages/airflow/example_dags/example_external_task_marker_dag.py took 0.193 seconds
[2025-06-11T17:29:55.853+0200] {processor.py:153} INFO - Started process (PID=167445) to work on /home/monica.fernandez/practica_creativa/venv-airflow/lib/python3.11/site-packages/airflow/example_dags/example_external_task_marker_dag.py
[2025-06-11T17:29:55.854+0200] {processor.py:743} INFO - Processing file /home/monica.fernandez/practica_creativa/venv-airflow/lib/python3.11/site-packages/airflow/example_dags/example_external_task_marker_dag.py for tasks to queue
[2025-06-11T17:29:55.855+0200] {logging_mixin.py:137} INFO - [2025-06-11T17:29:55.855+0200] {dagbag.py:538} INFO - Filling up the DagBag from /home/monica.fernandez/practica_creativa/venv-airflow/lib/python3.11/site-packages/airflow/example_dags/example_external_task_marker_dag.py
[2025-06-11T17:29:55.877+0200] {processor.py:753} INFO - DAG(s) dict_keys(['example_external_task_marker_parent', 'example_external_task_marker_child']) retrieved from /home/monica.fernandez/practica_creativa/venv-airflow/lib/python3.11/site-packages/airflow/example_dags/example_external_task_marker_dag.py
[2025-06-11T17:29:55.911+0200] {logging_mixin.py:137} INFO - [2025-06-11T17:29:55.911+0200] {dag.py:2690} INFO - Sync 2 DAGs
[2025-06-11T17:29:55.935+0200] {logging_mixin.py:137} INFO - [2025-06-11T17:29:55.935+0200] {dag.py:3437} INFO - Setting next_dagrun for example_external_task_marker_child to None, run_after=None
[2025-06-11T17:29:55.940+0200] {logging_mixin.py:137} INFO - [2025-06-11T17:29:55.939+0200] {dag.py:3437} INFO - Setting next_dagrun for example_external_task_marker_parent to None, run_after=None
[2025-06-11T17:29:55.989+0200] {processor.py:175} INFO - Processing /home/monica.fernandez/practica_creativa/venv-airflow/lib/python3.11/site-packages/airflow/example_dags/example_external_task_marker_dag.py took 0.139 seconds
[2025-06-11T17:30:44.162+0200] {processor.py:153} INFO - Started process (PID=168184) to work on /home/monica.fernandez/practica_creativa/venv-airflow/lib/python3.11/site-packages/airflow/example_dags/example_external_task_marker_dag.py
[2025-06-11T17:30:44.162+0200] {processor.py:743} INFO - Processing file /home/monica.fernandez/practica_creativa/venv-airflow/lib/python3.11/site-packages/airflow/example_dags/example_external_task_marker_dag.py for tasks to queue
[2025-06-11T17:30:44.163+0200] {logging_mixin.py:137} INFO - [2025-06-11T17:30:44.163+0200] {dagbag.py:538} INFO - Filling up the DagBag from /home/monica.fernandez/practica_creativa/venv-airflow/lib/python3.11/site-packages/airflow/example_dags/example_external_task_marker_dag.py
[2025-06-11T17:30:44.198+0200] {processor.py:753} INFO - DAG(s) dict_keys(['example_external_task_marker_child', 'example_external_task_marker_parent']) retrieved from /home/monica.fernandez/practica_creativa/venv-airflow/lib/python3.11/site-packages/airflow/example_dags/example_external_task_marker_dag.py
[2025-06-11T17:30:44.238+0200] {logging_mixin.py:137} INFO - [2025-06-11T17:30:44.238+0200] {dag.py:2690} INFO - Sync 2 DAGs
[2025-06-11T17:30:44.270+0200] {logging_mixin.py:137} INFO - [2025-06-11T17:30:44.270+0200] {dag.py:3437} INFO - Setting next_dagrun for example_external_task_marker_child to None, run_after=None
[2025-06-11T17:30:44.281+0200] {logging_mixin.py:137} INFO - [2025-06-11T17:30:44.280+0200] {dag.py:3437} INFO - Setting next_dagrun for example_external_task_marker_parent to None, run_after=None
[2025-06-11T17:30:44.349+0200] {processor.py:175} INFO - Processing /home/monica.fernandez/practica_creativa/venv-airflow/lib/python3.11/site-packages/airflow/example_dags/example_external_task_marker_dag.py took 0.190 seconds
[2025-06-11T17:31:36.059+0200] {processor.py:153} INFO - Started process (PID=168591) to work on /home/monica.fernandez/practica_creativa/venv-airflow/lib/python3.11/site-packages/airflow/example_dags/example_external_task_marker_dag.py
[2025-06-11T17:31:36.060+0200] {processor.py:743} INFO - Processing file /home/monica.fernandez/practica_creativa/venv-airflow/lib/python3.11/site-packages/airflow/example_dags/example_external_task_marker_dag.py for tasks to queue
[2025-06-11T17:31:36.060+0200] {logging_mixin.py:137} INFO - [2025-06-11T17:31:36.060+0200] {dagbag.py:538} INFO - Filling up the DagBag from /home/monica.fernandez/practica_creativa/venv-airflow/lib/python3.11/site-packages/airflow/example_dags/example_external_task_marker_dag.py
[2025-06-11T17:31:36.097+0200] {processor.py:753} INFO - DAG(s) dict_keys(['example_external_task_marker_parent', 'example_external_task_marker_child']) retrieved from /home/monica.fernandez/practica_creativa/venv-airflow/lib/python3.11/site-packages/airflow/example_dags/example_external_task_marker_dag.py
[2025-06-11T17:31:36.146+0200] {logging_mixin.py:137} INFO - [2025-06-11T17:31:36.146+0200] {dag.py:2690} INFO - Sync 2 DAGs
[2025-06-11T17:31:36.186+0200] {logging_mixin.py:137} INFO - [2025-06-11T17:31:36.186+0200] {dag.py:3437} INFO - Setting next_dagrun for example_external_task_marker_child to None, run_after=None
[2025-06-11T17:31:36.192+0200] {logging_mixin.py:137} INFO - [2025-06-11T17:31:36.192+0200] {dag.py:3437} INFO - Setting next_dagrun for example_external_task_marker_parent to None, run_after=None
[2025-06-11T17:31:36.267+0200] {processor.py:175} INFO - Processing /home/monica.fernandez/practica_creativa/venv-airflow/lib/python3.11/site-packages/airflow/example_dags/example_external_task_marker_dag.py took 0.211 seconds
[2025-06-11T17:32:34.830+0200] {processor.py:153} INFO - Started process (PID=169130) to work on /home/monica.fernandez/practica_creativa/venv-airflow/lib/python3.11/site-packages/airflow/example_dags/example_external_task_marker_dag.py
[2025-06-11T17:32:34.831+0200] {processor.py:743} INFO - Processing file /home/monica.fernandez/practica_creativa/venv-airflow/lib/python3.11/site-packages/airflow/example_dags/example_external_task_marker_dag.py for tasks to queue
[2025-06-11T17:32:34.832+0200] {logging_mixin.py:137} INFO - [2025-06-11T17:32:34.832+0200] {dagbag.py:538} INFO - Filling up the DagBag from /home/monica.fernandez/practica_creativa/venv-airflow/lib/python3.11/site-packages/airflow/example_dags/example_external_task_marker_dag.py
[2025-06-11T17:32:34.864+0200] {processor.py:753} INFO - DAG(s) dict_keys(['example_external_task_marker_parent', 'example_external_task_marker_child']) retrieved from /home/monica.fernandez/practica_creativa/venv-airflow/lib/python3.11/site-packages/airflow/example_dags/example_external_task_marker_dag.py
[2025-06-11T17:32:34.918+0200] {logging_mixin.py:137} INFO - [2025-06-11T17:32:34.918+0200] {dag.py:2690} INFO - Sync 2 DAGs
[2025-06-11T17:32:34.965+0200] {logging_mixin.py:137} INFO - [2025-06-11T17:32:34.965+0200] {dag.py:3437} INFO - Setting next_dagrun for example_external_task_marker_child to None, run_after=None
[2025-06-11T17:32:34.972+0200] {logging_mixin.py:137} INFO - [2025-06-11T17:32:34.972+0200] {dag.py:3437} INFO - Setting next_dagrun for example_external_task_marker_parent to None, run_after=None
[2025-06-11T17:32:35.043+0200] {processor.py:175} INFO - Processing /home/monica.fernandez/practica_creativa/venv-airflow/lib/python3.11/site-packages/airflow/example_dags/example_external_task_marker_dag.py took 0.217 seconds
[2025-06-11T17:33:26.367+0200] {processor.py:153} INFO - Started process (PID=169589) to work on /home/monica.fernandez/practica_creativa/venv-airflow/lib/python3.11/site-packages/airflow/example_dags/example_external_task_marker_dag.py
[2025-06-11T17:33:26.368+0200] {processor.py:743} INFO - Processing file /home/monica.fernandez/practica_creativa/venv-airflow/lib/python3.11/site-packages/airflow/example_dags/example_external_task_marker_dag.py for tasks to queue
[2025-06-11T17:33:26.369+0200] {logging_mixin.py:137} INFO - [2025-06-11T17:33:26.369+0200] {dagbag.py:538} INFO - Filling up the DagBag from /home/monica.fernandez/practica_creativa/venv-airflow/lib/python3.11/site-packages/airflow/example_dags/example_external_task_marker_dag.py
[2025-06-11T17:33:26.392+0200] {processor.py:753} INFO - DAG(s) dict_keys(['example_external_task_marker_child', 'example_external_task_marker_parent']) retrieved from /home/monica.fernandez/practica_creativa/venv-airflow/lib/python3.11/site-packages/airflow/example_dags/example_external_task_marker_dag.py
[2025-06-11T17:33:26.435+0200] {logging_mixin.py:137} INFO - [2025-06-11T17:33:26.434+0200] {dag.py:2690} INFO - Sync 2 DAGs
[2025-06-11T17:33:26.483+0200] {logging_mixin.py:137} INFO - [2025-06-11T17:33:26.481+0200] {dag.py:3437} INFO - Setting next_dagrun for example_external_task_marker_child to None, run_after=None
[2025-06-11T17:33:26.488+0200] {logging_mixin.py:137} INFO - [2025-06-11T17:33:26.488+0200] {dag.py:3437} INFO - Setting next_dagrun for example_external_task_marker_parent to None, run_after=None
[2025-06-11T17:33:26.549+0200] {processor.py:175} INFO - Processing /home/monica.fernandez/practica_creativa/venv-airflow/lib/python3.11/site-packages/airflow/example_dags/example_external_task_marker_dag.py took 0.186 seconds
[2025-06-11T17:34:17.657+0200] {processor.py:153} INFO - Started process (PID=170088) to work on /home/monica.fernandez/practica_creativa/venv-airflow/lib/python3.11/site-packages/airflow/example_dags/example_external_task_marker_dag.py
[2025-06-11T17:34:17.658+0200] {processor.py:743} INFO - Processing file /home/monica.fernandez/practica_creativa/venv-airflow/lib/python3.11/site-packages/airflow/example_dags/example_external_task_marker_dag.py for tasks to queue
[2025-06-11T17:34:17.659+0200] {logging_mixin.py:137} INFO - [2025-06-11T17:34:17.659+0200] {dagbag.py:538} INFO - Filling up the DagBag from /home/monica.fernandez/practica_creativa/venv-airflow/lib/python3.11/site-packages/airflow/example_dags/example_external_task_marker_dag.py
[2025-06-11T17:34:17.678+0200] {processor.py:753} INFO - DAG(s) dict_keys(['example_external_task_marker_parent', 'example_external_task_marker_child']) retrieved from /home/monica.fernandez/practica_creativa/venv-airflow/lib/python3.11/site-packages/airflow/example_dags/example_external_task_marker_dag.py
[2025-06-11T17:34:17.708+0200] {logging_mixin.py:137} INFO - [2025-06-11T17:34:17.708+0200] {dag.py:2690} INFO - Sync 2 DAGs
[2025-06-11T17:34:17.732+0200] {logging_mixin.py:137} INFO - [2025-06-11T17:34:17.731+0200] {dag.py:3437} INFO - Setting next_dagrun for example_external_task_marker_child to None, run_after=None
[2025-06-11T17:34:17.736+0200] {logging_mixin.py:137} INFO - [2025-06-11T17:34:17.736+0200] {dag.py:3437} INFO - Setting next_dagrun for example_external_task_marker_parent to None, run_after=None
[2025-06-11T17:34:17.784+0200] {processor.py:175} INFO - Processing /home/monica.fernandez/practica_creativa/venv-airflow/lib/python3.11/site-packages/airflow/example_dags/example_external_task_marker_dag.py took 0.130 seconds
[2025-06-11T17:35:35.241+0200] {processor.py:153} INFO - Started process (PID=170761) to work on /home/monica.fernandez/practica_creativa/venv-airflow/lib/python3.11/site-packages/airflow/example_dags/example_external_task_marker_dag.py
[2025-06-11T17:35:35.242+0200] {processor.py:743} INFO - Processing file /home/monica.fernandez/practica_creativa/venv-airflow/lib/python3.11/site-packages/airflow/example_dags/example_external_task_marker_dag.py for tasks to queue
[2025-06-11T17:35:35.243+0200] {logging_mixin.py:137} INFO - [2025-06-11T17:35:35.242+0200] {dagbag.py:538} INFO - Filling up the DagBag from /home/monica.fernandez/practica_creativa/venv-airflow/lib/python3.11/site-packages/airflow/example_dags/example_external_task_marker_dag.py
[2025-06-11T17:35:35.275+0200] {processor.py:753} INFO - DAG(s) dict_keys(['example_external_task_marker_parent', 'example_external_task_marker_child']) retrieved from /home/monica.fernandez/practica_creativa/venv-airflow/lib/python3.11/site-packages/airflow/example_dags/example_external_task_marker_dag.py
[2025-06-11T17:35:35.452+0200] {logging_mixin.py:137} INFO - [2025-06-11T17:35:35.452+0200] {dag.py:2690} INFO - Sync 2 DAGs
[2025-06-11T17:35:35.489+0200] {logging_mixin.py:137} INFO - [2025-06-11T17:35:35.488+0200] {dag.py:3437} INFO - Setting next_dagrun for example_external_task_marker_child to None, run_after=None
[2025-06-11T17:35:35.494+0200] {logging_mixin.py:137} INFO - [2025-06-11T17:35:35.494+0200] {dag.py:3437} INFO - Setting next_dagrun for example_external_task_marker_parent to None, run_after=None
[2025-06-11T17:35:35.562+0200] {processor.py:175} INFO - Processing /home/monica.fernandez/practica_creativa/venv-airflow/lib/python3.11/site-packages/airflow/example_dags/example_external_task_marker_dag.py took 0.326 seconds
[2025-06-11T17:36:28.612+0200] {processor.py:153} INFO - Started process (PID=171291) to work on /home/monica.fernandez/practica_creativa/venv-airflow/lib/python3.11/site-packages/airflow/example_dags/example_external_task_marker_dag.py
[2025-06-11T17:36:28.613+0200] {processor.py:743} INFO - Processing file /home/monica.fernandez/practica_creativa/venv-airflow/lib/python3.11/site-packages/airflow/example_dags/example_external_task_marker_dag.py for tasks to queue
[2025-06-11T17:36:28.613+0200] {logging_mixin.py:137} INFO - [2025-06-11T17:36:28.613+0200] {dagbag.py:538} INFO - Filling up the DagBag from /home/monica.fernandez/practica_creativa/venv-airflow/lib/python3.11/site-packages/airflow/example_dags/example_external_task_marker_dag.py
[2025-06-11T17:36:28.635+0200] {processor.py:753} INFO - DAG(s) dict_keys(['example_external_task_marker_child', 'example_external_task_marker_parent']) retrieved from /home/monica.fernandez/practica_creativa/venv-airflow/lib/python3.11/site-packages/airflow/example_dags/example_external_task_marker_dag.py
[2025-06-11T17:36:28.669+0200] {logging_mixin.py:137} INFO - [2025-06-11T17:36:28.668+0200] {dag.py:2690} INFO - Sync 2 DAGs
[2025-06-11T17:36:28.698+0200] {logging_mixin.py:137} INFO - [2025-06-11T17:36:28.698+0200] {dag.py:3437} INFO - Setting next_dagrun for example_external_task_marker_child to None, run_after=None
[2025-06-11T17:36:28.703+0200] {logging_mixin.py:137} INFO - [2025-06-11T17:36:28.703+0200] {dag.py:3437} INFO - Setting next_dagrun for example_external_task_marker_parent to None, run_after=None
[2025-06-11T17:36:28.764+0200] {processor.py:175} INFO - Processing /home/monica.fernandez/practica_creativa/venv-airflow/lib/python3.11/site-packages/airflow/example_dags/example_external_task_marker_dag.py took 0.157 seconds
[2025-06-11T17:37:17.594+0200] {processor.py:153} INFO - Started process (PID=171842) to work on /home/monica.fernandez/practica_creativa/venv-airflow/lib/python3.11/site-packages/airflow/example_dags/example_external_task_marker_dag.py
[2025-06-11T17:37:17.595+0200] {processor.py:743} INFO - Processing file /home/monica.fernandez/practica_creativa/venv-airflow/lib/python3.11/site-packages/airflow/example_dags/example_external_task_marker_dag.py for tasks to queue
[2025-06-11T17:37:17.596+0200] {logging_mixin.py:137} INFO - [2025-06-11T17:37:17.596+0200] {dagbag.py:538} INFO - Filling up the DagBag from /home/monica.fernandez/practica_creativa/venv-airflow/lib/python3.11/site-packages/airflow/example_dags/example_external_task_marker_dag.py
[2025-06-11T17:37:17.641+0200] {processor.py:753} INFO - DAG(s) dict_keys(['example_external_task_marker_child', 'example_external_task_marker_parent']) retrieved from /home/monica.fernandez/practica_creativa/venv-airflow/lib/python3.11/site-packages/airflow/example_dags/example_external_task_marker_dag.py
[2025-06-11T17:37:17.696+0200] {logging_mixin.py:137} INFO - [2025-06-11T17:37:17.696+0200] {dag.py:2690} INFO - Sync 2 DAGs
[2025-06-11T17:37:17.749+0200] {logging_mixin.py:137} INFO - [2025-06-11T17:37:17.748+0200] {dag.py:3437} INFO - Setting next_dagrun for example_external_task_marker_child to None, run_after=None
[2025-06-11T17:37:17.758+0200] {logging_mixin.py:137} INFO - [2025-06-11T17:37:17.758+0200] {dag.py:3437} INFO - Setting next_dagrun for example_external_task_marker_parent to None, run_after=None
[2025-06-11T17:37:17.829+0200] {processor.py:175} INFO - Processing /home/monica.fernandez/practica_creativa/venv-airflow/lib/python3.11/site-packages/airflow/example_dags/example_external_task_marker_dag.py took 0.240 seconds
[2025-06-11T17:38:08.611+0200] {processor.py:153} INFO - Started process (PID=172243) to work on /home/monica.fernandez/practica_creativa/venv-airflow/lib/python3.11/site-packages/airflow/example_dags/example_external_task_marker_dag.py
[2025-06-11T17:38:08.612+0200] {processor.py:743} INFO - Processing file /home/monica.fernandez/practica_creativa/venv-airflow/lib/python3.11/site-packages/airflow/example_dags/example_external_task_marker_dag.py for tasks to queue
[2025-06-11T17:38:08.612+0200] {logging_mixin.py:137} INFO - [2025-06-11T17:38:08.612+0200] {dagbag.py:538} INFO - Filling up the DagBag from /home/monica.fernandez/practica_creativa/venv-airflow/lib/python3.11/site-packages/airflow/example_dags/example_external_task_marker_dag.py
[2025-06-11T17:38:08.642+0200] {processor.py:753} INFO - DAG(s) dict_keys(['example_external_task_marker_child', 'example_external_task_marker_parent']) retrieved from /home/monica.fernandez/practica_creativa/venv-airflow/lib/python3.11/site-packages/airflow/example_dags/example_external_task_marker_dag.py
[2025-06-11T17:38:08.736+0200] {logging_mixin.py:137} INFO - [2025-06-11T17:38:08.736+0200] {dag.py:2690} INFO - Sync 2 DAGs
[2025-06-11T17:38:08.769+0200] {logging_mixin.py:137} INFO - [2025-06-11T17:38:08.769+0200] {dag.py:3437} INFO - Setting next_dagrun for example_external_task_marker_child to None, run_after=None
[2025-06-11T17:38:08.775+0200] {logging_mixin.py:137} INFO - [2025-06-11T17:38:08.775+0200] {dag.py:3437} INFO - Setting next_dagrun for example_external_task_marker_parent to None, run_after=None
[2025-06-11T17:38:08.849+0200] {processor.py:175} INFO - Processing /home/monica.fernandez/practica_creativa/venv-airflow/lib/python3.11/site-packages/airflow/example_dags/example_external_task_marker_dag.py took 0.246 seconds
[2025-06-11T17:39:12.747+0200] {processor.py:153} INFO - Started process (PID=172878) to work on /home/monica.fernandez/practica_creativa/venv-airflow/lib/python3.11/site-packages/airflow/example_dags/example_external_task_marker_dag.py
[2025-06-11T17:39:12.750+0200] {processor.py:743} INFO - Processing file /home/monica.fernandez/practica_creativa/venv-airflow/lib/python3.11/site-packages/airflow/example_dags/example_external_task_marker_dag.py for tasks to queue
[2025-06-11T17:39:12.750+0200] {logging_mixin.py:137} INFO - [2025-06-11T17:39:12.750+0200] {dagbag.py:538} INFO - Filling up the DagBag from /home/monica.fernandez/practica_creativa/venv-airflow/lib/python3.11/site-packages/airflow/example_dags/example_external_task_marker_dag.py
[2025-06-11T17:39:12.795+0200] {processor.py:753} INFO - DAG(s) dict_keys(['example_external_task_marker_child', 'example_external_task_marker_parent']) retrieved from /home/monica.fernandez/practica_creativa/venv-airflow/lib/python3.11/site-packages/airflow/example_dags/example_external_task_marker_dag.py
[2025-06-11T17:39:12.889+0200] {logging_mixin.py:137} INFO - [2025-06-11T17:39:12.889+0200] {dag.py:2690} INFO - Sync 2 DAGs
[2025-06-11T17:39:12.940+0200] {logging_mixin.py:137} INFO - [2025-06-11T17:39:12.939+0200] {dag.py:3437} INFO - Setting next_dagrun for example_external_task_marker_child to None, run_after=None
[2025-06-11T17:39:12.952+0200] {logging_mixin.py:137} INFO - [2025-06-11T17:39:12.952+0200] {dag.py:3437} INFO - Setting next_dagrun for example_external_task_marker_parent to None, run_after=None
[2025-06-11T17:39:13.053+0200] {processor.py:175} INFO - Processing /home/monica.fernandez/practica_creativa/venv-airflow/lib/python3.11/site-packages/airflow/example_dags/example_external_task_marker_dag.py took 0.313 seconds
[2025-06-11T17:40:07.828+0200] {processor.py:153} INFO - Started process (PID=173385) to work on /home/monica.fernandez/practica_creativa/venv-airflow/lib/python3.11/site-packages/airflow/example_dags/example_external_task_marker_dag.py
[2025-06-11T17:40:07.835+0200] {processor.py:743} INFO - Processing file /home/monica.fernandez/practica_creativa/venv-airflow/lib/python3.11/site-packages/airflow/example_dags/example_external_task_marker_dag.py for tasks to queue
[2025-06-11T17:40:07.838+0200] {logging_mixin.py:137} INFO - [2025-06-11T17:40:07.837+0200] {dagbag.py:538} INFO - Filling up the DagBag from /home/monica.fernandez/practica_creativa/venv-airflow/lib/python3.11/site-packages/airflow/example_dags/example_external_task_marker_dag.py
[2025-06-11T17:40:07.912+0200] {processor.py:753} INFO - DAG(s) dict_keys(['example_external_task_marker_parent', 'example_external_task_marker_child']) retrieved from /home/monica.fernandez/practica_creativa/venv-airflow/lib/python3.11/site-packages/airflow/example_dags/example_external_task_marker_dag.py
[2025-06-11T17:40:07.970+0200] {logging_mixin.py:137} INFO - [2025-06-11T17:40:07.969+0200] {dag.py:2690} INFO - Sync 2 DAGs
[2025-06-11T17:40:08.021+0200] {logging_mixin.py:137} INFO - [2025-06-11T17:40:08.020+0200] {dag.py:3437} INFO - Setting next_dagrun for example_external_task_marker_child to None, run_after=None
[2025-06-11T17:40:08.025+0200] {logging_mixin.py:137} INFO - [2025-06-11T17:40:08.025+0200] {dag.py:3437} INFO - Setting next_dagrun for example_external_task_marker_parent to None, run_after=None
[2025-06-11T17:40:08.091+0200] {processor.py:175} INFO - Processing /home/monica.fernandez/practica_creativa/venv-airflow/lib/python3.11/site-packages/airflow/example_dags/example_external_task_marker_dag.py took 0.275 seconds
[2025-06-11T17:41:16.445+0200] {processor.py:153} INFO - Started process (PID=174031) to work on /home/monica.fernandez/practica_creativa/venv-airflow/lib/python3.11/site-packages/airflow/example_dags/example_external_task_marker_dag.py
[2025-06-11T17:41:16.447+0200] {processor.py:743} INFO - Processing file /home/monica.fernandez/practica_creativa/venv-airflow/lib/python3.11/site-packages/airflow/example_dags/example_external_task_marker_dag.py for tasks to queue
[2025-06-11T17:41:16.448+0200] {logging_mixin.py:137} INFO - [2025-06-11T17:41:16.447+0200] {dagbag.py:538} INFO - Filling up the DagBag from /home/monica.fernandez/practica_creativa/venv-airflow/lib/python3.11/site-packages/airflow/example_dags/example_external_task_marker_dag.py
[2025-06-11T17:41:16.492+0200] {processor.py:753} INFO - DAG(s) dict_keys(['example_external_task_marker_child', 'example_external_task_marker_parent']) retrieved from /home/monica.fernandez/practica_creativa/venv-airflow/lib/python3.11/site-packages/airflow/example_dags/example_external_task_marker_dag.py
[2025-06-11T17:41:16.547+0200] {logging_mixin.py:137} INFO - [2025-06-11T17:41:16.547+0200] {dag.py:2690} INFO - Sync 2 DAGs
[2025-06-11T17:41:16.600+0200] {logging_mixin.py:137} INFO - [2025-06-11T17:41:16.600+0200] {dag.py:3437} INFO - Setting next_dagrun for example_external_task_marker_child to None, run_after=None
[2025-06-11T17:41:16.607+0200] {logging_mixin.py:137} INFO - [2025-06-11T17:41:16.606+0200] {dag.py:3437} INFO - Setting next_dagrun for example_external_task_marker_parent to None, run_after=None
[2025-06-11T17:41:16.730+0200] {processor.py:175} INFO - Processing /home/monica.fernandez/practica_creativa/venv-airflow/lib/python3.11/site-packages/airflow/example_dags/example_external_task_marker_dag.py took 0.288 seconds
[2025-06-11T17:42:14.560+0200] {processor.py:153} INFO - Started process (PID=174538) to work on /home/monica.fernandez/practica_creativa/venv-airflow/lib/python3.11/site-packages/airflow/example_dags/example_external_task_marker_dag.py
[2025-06-11T17:42:14.561+0200] {processor.py:743} INFO - Processing file /home/monica.fernandez/practica_creativa/venv-airflow/lib/python3.11/site-packages/airflow/example_dags/example_external_task_marker_dag.py for tasks to queue
[2025-06-11T17:42:14.561+0200] {logging_mixin.py:137} INFO - [2025-06-11T17:42:14.561+0200] {dagbag.py:538} INFO - Filling up the DagBag from /home/monica.fernandez/practica_creativa/venv-airflow/lib/python3.11/site-packages/airflow/example_dags/example_external_task_marker_dag.py
[2025-06-11T17:42:14.601+0200] {processor.py:753} INFO - DAG(s) dict_keys(['example_external_task_marker_parent', 'example_external_task_marker_child']) retrieved from /home/monica.fernandez/practica_creativa/venv-airflow/lib/python3.11/site-packages/airflow/example_dags/example_external_task_marker_dag.py
[2025-06-11T17:42:14.670+0200] {logging_mixin.py:137} INFO - [2025-06-11T17:42:14.669+0200] {dag.py:2690} INFO - Sync 2 DAGs
[2025-06-11T17:42:14.721+0200] {logging_mixin.py:137} INFO - [2025-06-11T17:42:14.721+0200] {dag.py:3437} INFO - Setting next_dagrun for example_external_task_marker_child to None, run_after=None
[2025-06-11T17:42:14.727+0200] {logging_mixin.py:137} INFO - [2025-06-11T17:42:14.727+0200] {dag.py:3437} INFO - Setting next_dagrun for example_external_task_marker_parent to None, run_after=None
[2025-06-11T17:42:14.798+0200] {processor.py:175} INFO - Processing /home/monica.fernandez/practica_creativa/venv-airflow/lib/python3.11/site-packages/airflow/example_dags/example_external_task_marker_dag.py took 0.242 seconds
[2025-06-11T17:43:18.607+0200] {processor.py:153} INFO - Started process (PID=175220) to work on /home/monica.fernandez/practica_creativa/venv-airflow/lib/python3.11/site-packages/airflow/example_dags/example_external_task_marker_dag.py
[2025-06-11T17:43:18.608+0200] {processor.py:743} INFO - Processing file /home/monica.fernandez/practica_creativa/venv-airflow/lib/python3.11/site-packages/airflow/example_dags/example_external_task_marker_dag.py for tasks to queue
[2025-06-11T17:43:18.609+0200] {logging_mixin.py:137} INFO - [2025-06-11T17:43:18.608+0200] {dagbag.py:538} INFO - Filling up the DagBag from /home/monica.fernandez/practica_creativa/venv-airflow/lib/python3.11/site-packages/airflow/example_dags/example_external_task_marker_dag.py
[2025-06-11T17:43:18.636+0200] {processor.py:753} INFO - DAG(s) dict_keys(['example_external_task_marker_parent', 'example_external_task_marker_child']) retrieved from /home/monica.fernandez/practica_creativa/venv-airflow/lib/python3.11/site-packages/airflow/example_dags/example_external_task_marker_dag.py
[2025-06-11T17:43:18.672+0200] {logging_mixin.py:137} INFO - [2025-06-11T17:43:18.672+0200] {dag.py:2690} INFO - Sync 2 DAGs
[2025-06-11T17:43:18.700+0200] {logging_mixin.py:137} INFO - [2025-06-11T17:43:18.700+0200] {dag.py:3437} INFO - Setting next_dagrun for example_external_task_marker_child to None, run_after=None
[2025-06-11T17:43:18.711+0200] {logging_mixin.py:137} INFO - [2025-06-11T17:43:18.711+0200] {dag.py:3437} INFO - Setting next_dagrun for example_external_task_marker_parent to None, run_after=None
[2025-06-11T17:43:18.763+0200] {processor.py:175} INFO - Processing /home/monica.fernandez/practica_creativa/venv-airflow/lib/python3.11/site-packages/airflow/example_dags/example_external_task_marker_dag.py took 0.158 seconds
[2025-06-11T17:44:22.171+0200] {processor.py:153} INFO - Started process (PID=175876) to work on /home/monica.fernandez/practica_creativa/venv-airflow/lib/python3.11/site-packages/airflow/example_dags/example_external_task_marker_dag.py
[2025-06-11T17:44:22.172+0200] {processor.py:743} INFO - Processing file /home/monica.fernandez/practica_creativa/venv-airflow/lib/python3.11/site-packages/airflow/example_dags/example_external_task_marker_dag.py for tasks to queue
[2025-06-11T17:44:22.172+0200] {logging_mixin.py:137} INFO - [2025-06-11T17:44:22.172+0200] {dagbag.py:538} INFO - Filling up the DagBag from /home/monica.fernandez/practica_creativa/venv-airflow/lib/python3.11/site-packages/airflow/example_dags/example_external_task_marker_dag.py
[2025-06-11T17:44:22.193+0200] {processor.py:753} INFO - DAG(s) dict_keys(['example_external_task_marker_child', 'example_external_task_marker_parent']) retrieved from /home/monica.fernandez/practica_creativa/venv-airflow/lib/python3.11/site-packages/airflow/example_dags/example_external_task_marker_dag.py
[2025-06-11T17:44:22.270+0200] {logging_mixin.py:137} INFO - [2025-06-11T17:44:22.269+0200] {dag.py:2690} INFO - Sync 2 DAGs
[2025-06-11T17:44:22.322+0200] {logging_mixin.py:137} INFO - [2025-06-11T17:44:22.322+0200] {dag.py:3437} INFO - Setting next_dagrun for example_external_task_marker_child to None, run_after=None
[2025-06-11T17:44:22.326+0200] {logging_mixin.py:137} INFO - [2025-06-11T17:44:22.326+0200] {dag.py:3437} INFO - Setting next_dagrun for example_external_task_marker_parent to None, run_after=None
[2025-06-11T17:44:22.391+0200] {processor.py:175} INFO - Processing /home/monica.fernandez/practica_creativa/venv-airflow/lib/python3.11/site-packages/airflow/example_dags/example_external_task_marker_dag.py took 0.225 seconds
[2025-06-11T17:45:55.504+0200] {processor.py:153} INFO - Started process (PID=176842) to work on /home/monica.fernandez/practica_creativa/venv-airflow/lib/python3.11/site-packages/airflow/example_dags/example_external_task_marker_dag.py
[2025-06-11T17:45:55.505+0200] {processor.py:743} INFO - Processing file /home/monica.fernandez/practica_creativa/venv-airflow/lib/python3.11/site-packages/airflow/example_dags/example_external_task_marker_dag.py for tasks to queue
[2025-06-11T17:45:55.506+0200] {logging_mixin.py:137} INFO - [2025-06-11T17:45:55.506+0200] {dagbag.py:538} INFO - Filling up the DagBag from /home/monica.fernandez/practica_creativa/venv-airflow/lib/python3.11/site-packages/airflow/example_dags/example_external_task_marker_dag.py
[2025-06-11T17:45:55.522+0200] {processor.py:753} INFO - DAG(s) dict_keys(['example_external_task_marker_parent', 'example_external_task_marker_child']) retrieved from /home/monica.fernandez/practica_creativa/venv-airflow/lib/python3.11/site-packages/airflow/example_dags/example_external_task_marker_dag.py
[2025-06-11T17:45:55.563+0200] {logging_mixin.py:137} INFO - [2025-06-11T17:45:55.563+0200] {dag.py:2690} INFO - Sync 2 DAGs
[2025-06-11T17:45:55.593+0200] {logging_mixin.py:137} INFO - [2025-06-11T17:45:55.593+0200] {dag.py:3437} INFO - Setting next_dagrun for example_external_task_marker_child to None, run_after=None
[2025-06-11T17:45:55.605+0200] {logging_mixin.py:137} INFO - [2025-06-11T17:45:55.605+0200] {dag.py:3437} INFO - Setting next_dagrun for example_external_task_marker_parent to None, run_after=None
[2025-06-11T17:45:55.669+0200] {processor.py:175} INFO - Processing /home/monica.fernandez/practica_creativa/venv-airflow/lib/python3.11/site-packages/airflow/example_dags/example_external_task_marker_dag.py took 0.169 seconds
[2025-06-11T17:46:50.855+0200] {processor.py:153} INFO - Started process (PID=177339) to work on /home/monica.fernandez/practica_creativa/venv-airflow/lib/python3.11/site-packages/airflow/example_dags/example_external_task_marker_dag.py
[2025-06-11T17:46:50.873+0200] {processor.py:743} INFO - Processing file /home/monica.fernandez/practica_creativa/venv-airflow/lib/python3.11/site-packages/airflow/example_dags/example_external_task_marker_dag.py for tasks to queue
[2025-06-11T17:46:50.875+0200] {logging_mixin.py:137} INFO - [2025-06-11T17:46:50.874+0200] {dagbag.py:538} INFO - Filling up the DagBag from /home/monica.fernandez/practica_creativa/venv-airflow/lib/python3.11/site-packages/airflow/example_dags/example_external_task_marker_dag.py
[2025-06-11T17:46:50.940+0200] {processor.py:753} INFO - DAG(s) dict_keys(['example_external_task_marker_child', 'example_external_task_marker_parent']) retrieved from /home/monica.fernandez/practica_creativa/venv-airflow/lib/python3.11/site-packages/airflow/example_dags/example_external_task_marker_dag.py
[2025-06-11T17:46:51.018+0200] {logging_mixin.py:137} INFO - [2025-06-11T17:46:51.017+0200] {dag.py:2690} INFO - Sync 2 DAGs
[2025-06-11T17:46:51.061+0200] {logging_mixin.py:137} INFO - [2025-06-11T17:46:51.061+0200] {dag.py:3437} INFO - Setting next_dagrun for example_external_task_marker_child to None, run_after=None
[2025-06-11T17:46:51.068+0200] {logging_mixin.py:137} INFO - [2025-06-11T17:46:51.068+0200] {dag.py:3437} INFO - Setting next_dagrun for example_external_task_marker_parent to None, run_after=None
[2025-06-11T17:46:51.147+0200] {processor.py:175} INFO - Processing /home/monica.fernandez/practica_creativa/venv-airflow/lib/python3.11/site-packages/airflow/example_dags/example_external_task_marker_dag.py took 0.305 seconds
[2025-06-11T17:47:47.377+0200] {processor.py:153} INFO - Started process (PID=177756) to work on /home/monica.fernandez/practica_creativa/venv-airflow/lib/python3.11/site-packages/airflow/example_dags/example_external_task_marker_dag.py
[2025-06-11T17:47:47.382+0200] {processor.py:743} INFO - Processing file /home/monica.fernandez/practica_creativa/venv-airflow/lib/python3.11/site-packages/airflow/example_dags/example_external_task_marker_dag.py for tasks to queue
[2025-06-11T17:47:47.386+0200] {logging_mixin.py:137} INFO - [2025-06-11T17:47:47.385+0200] {dagbag.py:538} INFO - Filling up the DagBag from /home/monica.fernandez/practica_creativa/venv-airflow/lib/python3.11/site-packages/airflow/example_dags/example_external_task_marker_dag.py
[2025-06-11T17:47:47.433+0200] {processor.py:753} INFO - DAG(s) dict_keys(['example_external_task_marker_child', 'example_external_task_marker_parent']) retrieved from /home/monica.fernandez/practica_creativa/venv-airflow/lib/python3.11/site-packages/airflow/example_dags/example_external_task_marker_dag.py
[2025-06-11T17:47:47.482+0200] {logging_mixin.py:137} INFO - [2025-06-11T17:47:47.482+0200] {dag.py:2690} INFO - Sync 2 DAGs
[2025-06-11T17:47:47.515+0200] {logging_mixin.py:137} INFO - [2025-06-11T17:47:47.514+0200] {dag.py:3437} INFO - Setting next_dagrun for example_external_task_marker_child to None, run_after=None
[2025-06-11T17:47:47.533+0200] {logging_mixin.py:137} INFO - [2025-06-11T17:47:47.533+0200] {dag.py:3437} INFO - Setting next_dagrun for example_external_task_marker_parent to None, run_after=None
[2025-06-11T17:47:47.652+0200] {processor.py:175} INFO - Processing /home/monica.fernandez/practica_creativa/venv-airflow/lib/python3.11/site-packages/airflow/example_dags/example_external_task_marker_dag.py took 0.279 seconds
[2025-06-11T17:48:40.343+0200] {processor.py:153} INFO - Started process (PID=178214) to work on /home/monica.fernandez/practica_creativa/venv-airflow/lib/python3.11/site-packages/airflow/example_dags/example_external_task_marker_dag.py
[2025-06-11T17:48:40.345+0200] {processor.py:743} INFO - Processing file /home/monica.fernandez/practica_creativa/venv-airflow/lib/python3.11/site-packages/airflow/example_dags/example_external_task_marker_dag.py for tasks to queue
[2025-06-11T17:48:40.345+0200] {logging_mixin.py:137} INFO - [2025-06-11T17:48:40.345+0200] {dagbag.py:538} INFO - Filling up the DagBag from /home/monica.fernandez/practica_creativa/venv-airflow/lib/python3.11/site-packages/airflow/example_dags/example_external_task_marker_dag.py
[2025-06-11T17:48:40.362+0200] {processor.py:753} INFO - DAG(s) dict_keys(['example_external_task_marker_parent', 'example_external_task_marker_child']) retrieved from /home/monica.fernandez/practica_creativa/venv-airflow/lib/python3.11/site-packages/airflow/example_dags/example_external_task_marker_dag.py
[2025-06-11T17:48:40.392+0200] {logging_mixin.py:137} INFO - [2025-06-11T17:48:40.392+0200] {dag.py:2690} INFO - Sync 2 DAGs
[2025-06-11T17:48:40.415+0200] {logging_mixin.py:137} INFO - [2025-06-11T17:48:40.415+0200] {dag.py:3437} INFO - Setting next_dagrun for example_external_task_marker_child to None, run_after=None
[2025-06-11T17:48:40.419+0200] {logging_mixin.py:137} INFO - [2025-06-11T17:48:40.419+0200] {dag.py:3437} INFO - Setting next_dagrun for example_external_task_marker_parent to None, run_after=None
[2025-06-11T17:48:40.472+0200] {processor.py:175} INFO - Processing /home/monica.fernandez/practica_creativa/venv-airflow/lib/python3.11/site-packages/airflow/example_dags/example_external_task_marker_dag.py took 0.131 seconds
[2025-06-11T17:52:24.239+0200] {processor.py:153} INFO - Started process (PID=181201) to work on /home/monica.fernandez/practica_creativa/venv-airflow/lib/python3.11/site-packages/airflow/example_dags/example_external_task_marker_dag.py
[2025-06-11T17:52:24.240+0200] {processor.py:743} INFO - Processing file /home/monica.fernandez/practica_creativa/venv-airflow/lib/python3.11/site-packages/airflow/example_dags/example_external_task_marker_dag.py for tasks to queue
[2025-06-11T17:52:24.240+0200] {logging_mixin.py:137} INFO - [2025-06-11T17:52:24.240+0200] {dagbag.py:538} INFO - Filling up the DagBag from /home/monica.fernandez/practica_creativa/venv-airflow/lib/python3.11/site-packages/airflow/example_dags/example_external_task_marker_dag.py
[2025-06-11T17:52:24.259+0200] {processor.py:753} INFO - DAG(s) dict_keys(['example_external_task_marker_parent', 'example_external_task_marker_child']) retrieved from /home/monica.fernandez/practica_creativa/venv-airflow/lib/python3.11/site-packages/airflow/example_dags/example_external_task_marker_dag.py
[2025-06-11T17:52:24.322+0200] {logging_mixin.py:137} INFO - [2025-06-11T17:52:24.321+0200] {dag.py:2690} INFO - Sync 2 DAGs
[2025-06-11T17:52:24.345+0200] {logging_mixin.py:137} INFO - [2025-06-11T17:52:24.345+0200] {dag.py:3437} INFO - Setting next_dagrun for example_external_task_marker_child to None, run_after=None
[2025-06-11T17:52:24.351+0200] {logging_mixin.py:137} INFO - [2025-06-11T17:52:24.350+0200] {dag.py:3437} INFO - Setting next_dagrun for example_external_task_marker_parent to None, run_after=None
[2025-06-11T17:52:24.400+0200] {processor.py:175} INFO - Processing /home/monica.fernandez/practica_creativa/venv-airflow/lib/python3.11/site-packages/airflow/example_dags/example_external_task_marker_dag.py took 0.163 seconds
[2025-06-11T17:53:17.610+0200] {processor.py:153} INFO - Started process (PID=181623) to work on /home/monica.fernandez/practica_creativa/venv-airflow/lib/python3.11/site-packages/airflow/example_dags/example_external_task_marker_dag.py
[2025-06-11T17:53:17.610+0200] {processor.py:743} INFO - Processing file /home/monica.fernandez/practica_creativa/venv-airflow/lib/python3.11/site-packages/airflow/example_dags/example_external_task_marker_dag.py for tasks to queue
[2025-06-11T17:53:17.611+0200] {logging_mixin.py:137} INFO - [2025-06-11T17:53:17.611+0200] {dagbag.py:538} INFO - Filling up the DagBag from /home/monica.fernandez/practica_creativa/venv-airflow/lib/python3.11/site-packages/airflow/example_dags/example_external_task_marker_dag.py
[2025-06-11T17:53:17.646+0200] {processor.py:753} INFO - DAG(s) dict_keys(['example_external_task_marker_parent', 'example_external_task_marker_child']) retrieved from /home/monica.fernandez/practica_creativa/venv-airflow/lib/python3.11/site-packages/airflow/example_dags/example_external_task_marker_dag.py
[2025-06-11T17:53:17.689+0200] {logging_mixin.py:137} INFO - [2025-06-11T17:53:17.689+0200] {dag.py:2690} INFO - Sync 2 DAGs
[2025-06-11T17:53:17.721+0200] {logging_mixin.py:137} INFO - [2025-06-11T17:53:17.721+0200] {dag.py:3437} INFO - Setting next_dagrun for example_external_task_marker_child to None, run_after=None
[2025-06-11T17:53:17.726+0200] {logging_mixin.py:137} INFO - [2025-06-11T17:53:17.726+0200] {dag.py:3437} INFO - Setting next_dagrun for example_external_task_marker_parent to None, run_after=None
[2025-06-11T17:53:17.806+0200] {processor.py:175} INFO - Processing /home/monica.fernandez/practica_creativa/venv-airflow/lib/python3.11/site-packages/airflow/example_dags/example_external_task_marker_dag.py took 0.200 seconds
[2025-06-11T17:54:12.759+0200] {processor.py:153} INFO - Started process (PID=182100) to work on /home/monica.fernandez/practica_creativa/venv-airflow/lib/python3.11/site-packages/airflow/example_dags/example_external_task_marker_dag.py
[2025-06-11T17:54:12.759+0200] {processor.py:743} INFO - Processing file /home/monica.fernandez/practica_creativa/venv-airflow/lib/python3.11/site-packages/airflow/example_dags/example_external_task_marker_dag.py for tasks to queue
[2025-06-11T17:54:12.760+0200] {logging_mixin.py:137} INFO - [2025-06-11T17:54:12.760+0200] {dagbag.py:538} INFO - Filling up the DagBag from /home/monica.fernandez/practica_creativa/venv-airflow/lib/python3.11/site-packages/airflow/example_dags/example_external_task_marker_dag.py
[2025-06-11T17:54:12.783+0200] {processor.py:753} INFO - DAG(s) dict_keys(['example_external_task_marker_parent', 'example_external_task_marker_child']) retrieved from /home/monica.fernandez/practica_creativa/venv-airflow/lib/python3.11/site-packages/airflow/example_dags/example_external_task_marker_dag.py
[2025-06-11T17:54:12.831+0200] {logging_mixin.py:137} INFO - [2025-06-11T17:54:12.831+0200] {dag.py:2690} INFO - Sync 2 DAGs
[2025-06-11T17:54:12.882+0200] {logging_mixin.py:137} INFO - [2025-06-11T17:54:12.882+0200] {dag.py:3437} INFO - Setting next_dagrun for example_external_task_marker_child to None, run_after=None
[2025-06-11T17:54:12.893+0200] {logging_mixin.py:137} INFO - [2025-06-11T17:54:12.893+0200] {dag.py:3437} INFO - Setting next_dagrun for example_external_task_marker_parent to None, run_after=None
[2025-06-11T17:54:12.950+0200] {processor.py:175} INFO - Processing /home/monica.fernandez/practica_creativa/venv-airflow/lib/python3.11/site-packages/airflow/example_dags/example_external_task_marker_dag.py took 0.195 seconds
[2025-06-11T17:55:04.766+0200] {processor.py:153} INFO - Started process (PID=182613) to work on /home/monica.fernandez/practica_creativa/venv-airflow/lib/python3.11/site-packages/airflow/example_dags/example_external_task_marker_dag.py
[2025-06-11T17:55:04.767+0200] {processor.py:743} INFO - Processing file /home/monica.fernandez/practica_creativa/venv-airflow/lib/python3.11/site-packages/airflow/example_dags/example_external_task_marker_dag.py for tasks to queue
[2025-06-11T17:55:04.768+0200] {logging_mixin.py:137} INFO - [2025-06-11T17:55:04.768+0200] {dagbag.py:538} INFO - Filling up the DagBag from /home/monica.fernandez/practica_creativa/venv-airflow/lib/python3.11/site-packages/airflow/example_dags/example_external_task_marker_dag.py
[2025-06-11T17:55:04.789+0200] {processor.py:753} INFO - DAG(s) dict_keys(['example_external_task_marker_child', 'example_external_task_marker_parent']) retrieved from /home/monica.fernandez/practica_creativa/venv-airflow/lib/python3.11/site-packages/airflow/example_dags/example_external_task_marker_dag.py
[2025-06-11T17:55:04.824+0200] {logging_mixin.py:137} INFO - [2025-06-11T17:55:04.823+0200] {dag.py:2690} INFO - Sync 2 DAGs
[2025-06-11T17:55:04.851+0200] {logging_mixin.py:137} INFO - [2025-06-11T17:55:04.851+0200] {dag.py:3437} INFO - Setting next_dagrun for example_external_task_marker_child to None, run_after=None
[2025-06-11T17:55:04.857+0200] {logging_mixin.py:137} INFO - [2025-06-11T17:55:04.857+0200] {dag.py:3437} INFO - Setting next_dagrun for example_external_task_marker_parent to None, run_after=None
[2025-06-11T17:55:04.912+0200] {processor.py:175} INFO - Processing /home/monica.fernandez/practica_creativa/venv-airflow/lib/python3.11/site-packages/airflow/example_dags/example_external_task_marker_dag.py took 0.148 seconds
[2025-06-11T17:56:20.498+0200] {processor.py:153} INFO - Started process (PID=183520) to work on /home/monica.fernandez/practica_creativa/venv-airflow/lib/python3.11/site-packages/airflow/example_dags/example_external_task_marker_dag.py
[2025-06-11T17:56:20.499+0200] {processor.py:743} INFO - Processing file /home/monica.fernandez/practica_creativa/venv-airflow/lib/python3.11/site-packages/airflow/example_dags/example_external_task_marker_dag.py for tasks to queue
[2025-06-11T17:56:20.499+0200] {logging_mixin.py:137} INFO - [2025-06-11T17:56:20.499+0200] {dagbag.py:538} INFO - Filling up the DagBag from /home/monica.fernandez/practica_creativa/venv-airflow/lib/python3.11/site-packages/airflow/example_dags/example_external_task_marker_dag.py
[2025-06-11T17:56:20.532+0200] {processor.py:753} INFO - DAG(s) dict_keys(['example_external_task_marker_child', 'example_external_task_marker_parent']) retrieved from /home/monica.fernandez/practica_creativa/venv-airflow/lib/python3.11/site-packages/airflow/example_dags/example_external_task_marker_dag.py
[2025-06-11T17:56:20.601+0200] {logging_mixin.py:137} INFO - [2025-06-11T17:56:20.600+0200] {dag.py:2690} INFO - Sync 2 DAGs
[2025-06-11T17:56:20.653+0200] {logging_mixin.py:137} INFO - [2025-06-11T17:56:20.653+0200] {dag.py:3437} INFO - Setting next_dagrun for example_external_task_marker_child to None, run_after=None
[2025-06-11T17:56:20.658+0200] {logging_mixin.py:137} INFO - [2025-06-11T17:56:20.658+0200] {dag.py:3437} INFO - Setting next_dagrun for example_external_task_marker_parent to None, run_after=None
[2025-06-11T17:56:20.722+0200] {processor.py:175} INFO - Processing /home/monica.fernandez/practica_creativa/venv-airflow/lib/python3.11/site-packages/airflow/example_dags/example_external_task_marker_dag.py took 0.227 seconds
[2025-06-11T17:57:37.281+0200] {processor.py:153} INFO - Started process (PID=184295) to work on /home/monica.fernandez/practica_creativa/venv-airflow/lib/python3.11/site-packages/airflow/example_dags/example_external_task_marker_dag.py
[2025-06-11T17:57:37.283+0200] {processor.py:743} INFO - Processing file /home/monica.fernandez/practica_creativa/venv-airflow/lib/python3.11/site-packages/airflow/example_dags/example_external_task_marker_dag.py for tasks to queue
[2025-06-11T17:57:37.284+0200] {logging_mixin.py:137} INFO - [2025-06-11T17:57:37.284+0200] {dagbag.py:538} INFO - Filling up the DagBag from /home/monica.fernandez/practica_creativa/venv-airflow/lib/python3.11/site-packages/airflow/example_dags/example_external_task_marker_dag.py
[2025-06-11T17:57:37.312+0200] {processor.py:753} INFO - DAG(s) dict_keys(['example_external_task_marker_child', 'example_external_task_marker_parent']) retrieved from /home/monica.fernandez/practica_creativa/venv-airflow/lib/python3.11/site-packages/airflow/example_dags/example_external_task_marker_dag.py
[2025-06-11T17:57:37.366+0200] {logging_mixin.py:137} INFO - [2025-06-11T17:57:37.366+0200] {dag.py:2690} INFO - Sync 2 DAGs
[2025-06-11T17:57:37.409+0200] {logging_mixin.py:137} INFO - [2025-06-11T17:57:37.409+0200] {dag.py:3437} INFO - Setting next_dagrun for example_external_task_marker_child to None, run_after=None
[2025-06-11T17:57:37.419+0200] {logging_mixin.py:137} INFO - [2025-06-11T17:57:37.419+0200] {dag.py:3437} INFO - Setting next_dagrun for example_external_task_marker_parent to None, run_after=None
[2025-06-11T17:57:37.485+0200] {processor.py:175} INFO - Processing /home/monica.fernandez/practica_creativa/venv-airflow/lib/python3.11/site-packages/airflow/example_dags/example_external_task_marker_dag.py took 0.209 seconds
[2025-06-11T17:58:30.062+0200] {processor.py:153} INFO - Started process (PID=184785) to work on /home/monica.fernandez/practica_creativa/venv-airflow/lib/python3.11/site-packages/airflow/example_dags/example_external_task_marker_dag.py
[2025-06-11T17:58:30.063+0200] {processor.py:743} INFO - Processing file /home/monica.fernandez/practica_creativa/venv-airflow/lib/python3.11/site-packages/airflow/example_dags/example_external_task_marker_dag.py for tasks to queue
[2025-06-11T17:58:30.063+0200] {logging_mixin.py:137} INFO - [2025-06-11T17:58:30.063+0200] {dagbag.py:538} INFO - Filling up the DagBag from /home/monica.fernandez/practica_creativa/venv-airflow/lib/python3.11/site-packages/airflow/example_dags/example_external_task_marker_dag.py
[2025-06-11T17:58:30.089+0200] {processor.py:753} INFO - DAG(s) dict_keys(['example_external_task_marker_parent', 'example_external_task_marker_child']) retrieved from /home/monica.fernandez/practica_creativa/venv-airflow/lib/python3.11/site-packages/airflow/example_dags/example_external_task_marker_dag.py
[2025-06-11T17:58:30.148+0200] {logging_mixin.py:137} INFO - [2025-06-11T17:58:30.148+0200] {dag.py:2690} INFO - Sync 2 DAGs
[2025-06-11T17:58:30.197+0200] {logging_mixin.py:137} INFO - [2025-06-11T17:58:30.196+0200] {dag.py:3437} INFO - Setting next_dagrun for example_external_task_marker_child to None, run_after=None
[2025-06-11T17:58:30.203+0200] {logging_mixin.py:137} INFO - [2025-06-11T17:58:30.203+0200] {dag.py:3437} INFO - Setting next_dagrun for example_external_task_marker_parent to None, run_after=None
[2025-06-11T17:58:30.296+0200] {processor.py:175} INFO - Processing /home/monica.fernandez/practica_creativa/venv-airflow/lib/python3.11/site-packages/airflow/example_dags/example_external_task_marker_dag.py took 0.237 seconds
[2025-06-11T17:59:25.901+0200] {processor.py:153} INFO - Started process (PID=185279) to work on /home/monica.fernandez/practica_creativa/venv-airflow/lib/python3.11/site-packages/airflow/example_dags/example_external_task_marker_dag.py
[2025-06-11T17:59:25.901+0200] {processor.py:743} INFO - Processing file /home/monica.fernandez/practica_creativa/venv-airflow/lib/python3.11/site-packages/airflow/example_dags/example_external_task_marker_dag.py for tasks to queue
[2025-06-11T17:59:25.902+0200] {logging_mixin.py:137} INFO - [2025-06-11T17:59:25.902+0200] {dagbag.py:538} INFO - Filling up the DagBag from /home/monica.fernandez/practica_creativa/venv-airflow/lib/python3.11/site-packages/airflow/example_dags/example_external_task_marker_dag.py
[2025-06-11T17:59:25.934+0200] {processor.py:753} INFO - DAG(s) dict_keys(['example_external_task_marker_parent', 'example_external_task_marker_child']) retrieved from /home/monica.fernandez/practica_creativa/venv-airflow/lib/python3.11/site-packages/airflow/example_dags/example_external_task_marker_dag.py
[2025-06-11T17:59:25.967+0200] {logging_mixin.py:137} INFO - [2025-06-11T17:59:25.967+0200] {dag.py:2690} INFO - Sync 2 DAGs
[2025-06-11T17:59:26.006+0200] {logging_mixin.py:137} INFO - [2025-06-11T17:59:26.006+0200] {dag.py:3437} INFO - Setting next_dagrun for example_external_task_marker_child to None, run_after=None
[2025-06-11T17:59:26.014+0200] {logging_mixin.py:137} INFO - [2025-06-11T17:59:26.014+0200] {dag.py:3437} INFO - Setting next_dagrun for example_external_task_marker_parent to None, run_after=None
[2025-06-11T17:59:26.108+0200] {processor.py:175} INFO - Processing /home/monica.fernandez/practica_creativa/venv-airflow/lib/python3.11/site-packages/airflow/example_dags/example_external_task_marker_dag.py took 0.210 seconds
[2025-06-11T18:00:24.932+0200] {processor.py:153} INFO - Started process (PID=185782) to work on /home/monica.fernandez/practica_creativa/venv-airflow/lib/python3.11/site-packages/airflow/example_dags/example_external_task_marker_dag.py
[2025-06-11T18:00:24.932+0200] {processor.py:743} INFO - Processing file /home/monica.fernandez/practica_creativa/venv-airflow/lib/python3.11/site-packages/airflow/example_dags/example_external_task_marker_dag.py for tasks to queue
[2025-06-11T18:00:24.933+0200] {logging_mixin.py:137} INFO - [2025-06-11T18:00:24.933+0200] {dagbag.py:538} INFO - Filling up the DagBag from /home/monica.fernandez/practica_creativa/venv-airflow/lib/python3.11/site-packages/airflow/example_dags/example_external_task_marker_dag.py
[2025-06-11T18:00:24.964+0200] {processor.py:753} INFO - DAG(s) dict_keys(['example_external_task_marker_parent', 'example_external_task_marker_child']) retrieved from /home/monica.fernandez/practica_creativa/venv-airflow/lib/python3.11/site-packages/airflow/example_dags/example_external_task_marker_dag.py
[2025-06-11T18:00:25.079+0200] {logging_mixin.py:137} INFO - [2025-06-11T18:00:25.079+0200] {dag.py:2690} INFO - Sync 2 DAGs
[2025-06-11T18:00:25.103+0200] {logging_mixin.py:137} INFO - [2025-06-11T18:00:25.103+0200] {dag.py:3437} INFO - Setting next_dagrun for example_external_task_marker_child to None, run_after=None
[2025-06-11T18:00:25.107+0200] {logging_mixin.py:137} INFO - [2025-06-11T18:00:25.107+0200] {dag.py:3437} INFO - Setting next_dagrun for example_external_task_marker_parent to None, run_after=None
[2025-06-11T18:00:25.167+0200] {processor.py:175} INFO - Processing /home/monica.fernandez/practica_creativa/venv-airflow/lib/python3.11/site-packages/airflow/example_dags/example_external_task_marker_dag.py took 0.238 seconds
[2025-06-11T18:02:05.267+0200] {processor.py:153} INFO - Started process (PID=186781) to work on /home/monica.fernandez/practica_creativa/venv-airflow/lib/python3.11/site-packages/airflow/example_dags/example_external_task_marker_dag.py
[2025-06-11T18:02:05.268+0200] {processor.py:743} INFO - Processing file /home/monica.fernandez/practica_creativa/venv-airflow/lib/python3.11/site-packages/airflow/example_dags/example_external_task_marker_dag.py for tasks to queue
[2025-06-11T18:02:05.270+0200] {logging_mixin.py:137} INFO - [2025-06-11T18:02:05.270+0200] {dagbag.py:538} INFO - Filling up the DagBag from /home/monica.fernandez/practica_creativa/venv-airflow/lib/python3.11/site-packages/airflow/example_dags/example_external_task_marker_dag.py
[2025-06-11T18:02:05.300+0200] {processor.py:753} INFO - DAG(s) dict_keys(['example_external_task_marker_parent', 'example_external_task_marker_child']) retrieved from /home/monica.fernandez/practica_creativa/venv-airflow/lib/python3.11/site-packages/airflow/example_dags/example_external_task_marker_dag.py
[2025-06-11T18:02:05.354+0200] {logging_mixin.py:137} INFO - [2025-06-11T18:02:05.354+0200] {dag.py:2690} INFO - Sync 2 DAGs
[2025-06-11T18:02:05.411+0200] {logging_mixin.py:137} INFO - [2025-06-11T18:02:05.409+0200] {dag.py:3437} INFO - Setting next_dagrun for example_external_task_marker_child to None, run_after=None
[2025-06-11T18:02:05.421+0200] {logging_mixin.py:137} INFO - [2025-06-11T18:02:05.421+0200] {dag.py:3437} INFO - Setting next_dagrun for example_external_task_marker_parent to None, run_after=None
[2025-06-11T18:02:05.488+0200] {processor.py:175} INFO - Processing /home/monica.fernandez/practica_creativa/venv-airflow/lib/python3.11/site-packages/airflow/example_dags/example_external_task_marker_dag.py took 0.225 seconds
[2025-06-11T18:03:10.412+0200] {processor.py:153} INFO - Started process (PID=187353) to work on /home/monica.fernandez/practica_creativa/venv-airflow/lib/python3.11/site-packages/airflow/example_dags/example_external_task_marker_dag.py
[2025-06-11T18:03:10.413+0200] {processor.py:743} INFO - Processing file /home/monica.fernandez/practica_creativa/venv-airflow/lib/python3.11/site-packages/airflow/example_dags/example_external_task_marker_dag.py for tasks to queue
[2025-06-11T18:03:10.413+0200] {logging_mixin.py:137} INFO - [2025-06-11T18:03:10.413+0200] {dagbag.py:538} INFO - Filling up the DagBag from /home/monica.fernandez/practica_creativa/venv-airflow/lib/python3.11/site-packages/airflow/example_dags/example_external_task_marker_dag.py
[2025-06-11T18:03:10.433+0200] {processor.py:753} INFO - DAG(s) dict_keys(['example_external_task_marker_child', 'example_external_task_marker_parent']) retrieved from /home/monica.fernandez/practica_creativa/venv-airflow/lib/python3.11/site-packages/airflow/example_dags/example_external_task_marker_dag.py
[2025-06-11T18:03:10.474+0200] {logging_mixin.py:137} INFO - [2025-06-11T18:03:10.474+0200] {dag.py:2690} INFO - Sync 2 DAGs
[2025-06-11T18:03:10.500+0200] {logging_mixin.py:137} INFO - [2025-06-11T18:03:10.500+0200] {dag.py:3437} INFO - Setting next_dagrun for example_external_task_marker_child to None, run_after=None
[2025-06-11T18:03:10.506+0200] {logging_mixin.py:137} INFO - [2025-06-11T18:03:10.506+0200] {dag.py:3437} INFO - Setting next_dagrun for example_external_task_marker_parent to None, run_after=None
[2025-06-11T18:03:10.563+0200] {processor.py:175} INFO - Processing /home/monica.fernandez/practica_creativa/venv-airflow/lib/python3.11/site-packages/airflow/example_dags/example_external_task_marker_dag.py took 0.154 seconds
[2025-06-11T18:04:05.334+0200] {processor.py:153} INFO - Started process (PID=187810) to work on /home/monica.fernandez/practica_creativa/venv-airflow/lib/python3.11/site-packages/airflow/example_dags/example_external_task_marker_dag.py
[2025-06-11T18:04:05.335+0200] {processor.py:743} INFO - Processing file /home/monica.fernandez/practica_creativa/venv-airflow/lib/python3.11/site-packages/airflow/example_dags/example_external_task_marker_dag.py for tasks to queue
[2025-06-11T18:04:05.336+0200] {logging_mixin.py:137} INFO - [2025-06-11T18:04:05.336+0200] {dagbag.py:538} INFO - Filling up the DagBag from /home/monica.fernandez/practica_creativa/venv-airflow/lib/python3.11/site-packages/airflow/example_dags/example_external_task_marker_dag.py
[2025-06-11T18:04:05.361+0200] {processor.py:753} INFO - DAG(s) dict_keys(['example_external_task_marker_parent', 'example_external_task_marker_child']) retrieved from /home/monica.fernandez/practica_creativa/venv-airflow/lib/python3.11/site-packages/airflow/example_dags/example_external_task_marker_dag.py
[2025-06-11T18:04:05.415+0200] {logging_mixin.py:137} INFO - [2025-06-11T18:04:05.415+0200] {dag.py:2690} INFO - Sync 2 DAGs
[2025-06-11T18:04:05.454+0200] {logging_mixin.py:137} INFO - [2025-06-11T18:04:05.454+0200] {dag.py:3437} INFO - Setting next_dagrun for example_external_task_marker_child to None, run_after=None
[2025-06-11T18:04:05.459+0200] {logging_mixin.py:137} INFO - [2025-06-11T18:04:05.459+0200] {dag.py:3437} INFO - Setting next_dagrun for example_external_task_marker_parent to None, run_after=None
[2025-06-11T18:04:05.533+0200] {processor.py:175} INFO - Processing /home/monica.fernandez/practica_creativa/venv-airflow/lib/python3.11/site-packages/airflow/example_dags/example_external_task_marker_dag.py took 0.203 seconds
[2025-06-11T18:04:58.081+0200] {processor.py:153} INFO - Started process (PID=188294) to work on /home/monica.fernandez/practica_creativa/venv-airflow/lib/python3.11/site-packages/airflow/example_dags/example_external_task_marker_dag.py
[2025-06-11T18:04:58.085+0200] {processor.py:743} INFO - Processing file /home/monica.fernandez/practica_creativa/venv-airflow/lib/python3.11/site-packages/airflow/example_dags/example_external_task_marker_dag.py for tasks to queue
[2025-06-11T18:04:58.093+0200] {logging_mixin.py:137} INFO - [2025-06-11T18:04:58.089+0200] {dagbag.py:538} INFO - Filling up the DagBag from /home/monica.fernandez/practica_creativa/venv-airflow/lib/python3.11/site-packages/airflow/example_dags/example_external_task_marker_dag.py
[2025-06-11T18:04:58.115+0200] {processor.py:753} INFO - DAG(s) dict_keys(['example_external_task_marker_child', 'example_external_task_marker_parent']) retrieved from /home/monica.fernandez/practica_creativa/venv-airflow/lib/python3.11/site-packages/airflow/example_dags/example_external_task_marker_dag.py
[2025-06-11T18:04:58.158+0200] {logging_mixin.py:137} INFO - [2025-06-11T18:04:58.158+0200] {dag.py:2690} INFO - Sync 2 DAGs
[2025-06-11T18:04:58.196+0200] {logging_mixin.py:137} INFO - [2025-06-11T18:04:58.196+0200] {dag.py:3437} INFO - Setting next_dagrun for example_external_task_marker_child to None, run_after=None
[2025-06-11T18:04:58.204+0200] {logging_mixin.py:137} INFO - [2025-06-11T18:04:58.204+0200] {dag.py:3437} INFO - Setting next_dagrun for example_external_task_marker_parent to None, run_after=None
[2025-06-11T18:04:58.249+0200] {processor.py:175} INFO - Processing /home/monica.fernandez/practica_creativa/venv-airflow/lib/python3.11/site-packages/airflow/example_dags/example_external_task_marker_dag.py took 0.172 seconds
[2025-06-11T18:06:48.484+0200] {processor.py:153} INFO - Started process (PID=189331) to work on /home/monica.fernandez/practica_creativa/venv-airflow/lib/python3.11/site-packages/airflow/example_dags/example_external_task_marker_dag.py
[2025-06-11T18:06:48.485+0200] {processor.py:743} INFO - Processing file /home/monica.fernandez/practica_creativa/venv-airflow/lib/python3.11/site-packages/airflow/example_dags/example_external_task_marker_dag.py for tasks to queue
[2025-06-11T18:06:48.486+0200] {logging_mixin.py:137} INFO - [2025-06-11T18:06:48.485+0200] {dagbag.py:538} INFO - Filling up the DagBag from /home/monica.fernandez/practica_creativa/venv-airflow/lib/python3.11/site-packages/airflow/example_dags/example_external_task_marker_dag.py
[2025-06-11T18:06:48.509+0200] {processor.py:753} INFO - DAG(s) dict_keys(['example_external_task_marker_parent', 'example_external_task_marker_child']) retrieved from /home/monica.fernandez/practica_creativa/venv-airflow/lib/python3.11/site-packages/airflow/example_dags/example_external_task_marker_dag.py
[2025-06-11T18:06:48.595+0200] {logging_mixin.py:137} INFO - [2025-06-11T18:06:48.595+0200] {dag.py:2690} INFO - Sync 2 DAGs
[2025-06-11T18:06:48.718+0200] {logging_mixin.py:137} INFO - [2025-06-11T18:06:48.718+0200] {dag.py:3437} INFO - Setting next_dagrun for example_external_task_marker_child to None, run_after=None
[2025-06-11T18:06:48.731+0200] {logging_mixin.py:137} INFO - [2025-06-11T18:06:48.731+0200] {dag.py:3437} INFO - Setting next_dagrun for example_external_task_marker_parent to None, run_after=None
[2025-06-11T18:06:48.886+0200] {processor.py:175} INFO - Processing /home/monica.fernandez/practica_creativa/venv-airflow/lib/python3.11/site-packages/airflow/example_dags/example_external_task_marker_dag.py took 0.406 seconds
[2025-06-11T18:08:28.726+0200] {processor.py:153} INFO - Started process (PID=190705) to work on /home/monica.fernandez/practica_creativa/venv-airflow/lib/python3.11/site-packages/airflow/example_dags/example_external_task_marker_dag.py
[2025-06-11T18:08:28.727+0200] {processor.py:743} INFO - Processing file /home/monica.fernandez/practica_creativa/venv-airflow/lib/python3.11/site-packages/airflow/example_dags/example_external_task_marker_dag.py for tasks to queue
[2025-06-11T18:08:28.727+0200] {logging_mixin.py:137} INFO - [2025-06-11T18:08:28.727+0200] {dagbag.py:538} INFO - Filling up the DagBag from /home/monica.fernandez/practica_creativa/venv-airflow/lib/python3.11/site-packages/airflow/example_dags/example_external_task_marker_dag.py
[2025-06-11T18:08:28.749+0200] {processor.py:753} INFO - DAG(s) dict_keys(['example_external_task_marker_child', 'example_external_task_marker_parent']) retrieved from /home/monica.fernandez/practica_creativa/venv-airflow/lib/python3.11/site-packages/airflow/example_dags/example_external_task_marker_dag.py
[2025-06-11T18:08:28.779+0200] {logging_mixin.py:137} INFO - [2025-06-11T18:08:28.779+0200] {dag.py:2690} INFO - Sync 2 DAGs
[2025-06-11T18:08:28.804+0200] {logging_mixin.py:137} INFO - [2025-06-11T18:08:28.804+0200] {dag.py:3437} INFO - Setting next_dagrun for example_external_task_marker_child to None, run_after=None
[2025-06-11T18:08:28.809+0200] {logging_mixin.py:137} INFO - [2025-06-11T18:08:28.808+0200] {dag.py:3437} INFO - Setting next_dagrun for example_external_task_marker_parent to None, run_after=None
[2025-06-11T18:08:28.857+0200] {processor.py:175} INFO - Processing /home/monica.fernandez/practica_creativa/venv-airflow/lib/python3.11/site-packages/airflow/example_dags/example_external_task_marker_dag.py took 0.134 seconds
[2025-06-11T18:09:20.881+0200] {processor.py:153} INFO - Started process (PID=191253) to work on /home/monica.fernandez/practica_creativa/venv-airflow/lib/python3.11/site-packages/airflow/example_dags/example_external_task_marker_dag.py
[2025-06-11T18:09:20.881+0200] {processor.py:743} INFO - Processing file /home/monica.fernandez/practica_creativa/venv-airflow/lib/python3.11/site-packages/airflow/example_dags/example_external_task_marker_dag.py for tasks to queue
[2025-06-11T18:09:20.882+0200] {logging_mixin.py:137} INFO - [2025-06-11T18:09:20.882+0200] {dagbag.py:538} INFO - Filling up the DagBag from /home/monica.fernandez/practica_creativa/venv-airflow/lib/python3.11/site-packages/airflow/example_dags/example_external_task_marker_dag.py
[2025-06-11T18:09:20.935+0200] {processor.py:753} INFO - DAG(s) dict_keys(['example_external_task_marker_parent', 'example_external_task_marker_child']) retrieved from /home/monica.fernandez/practica_creativa/venv-airflow/lib/python3.11/site-packages/airflow/example_dags/example_external_task_marker_dag.py
[2025-06-11T18:09:20.980+0200] {logging_mixin.py:137} INFO - [2025-06-11T18:09:20.979+0200] {dag.py:2690} INFO - Sync 2 DAGs
[2025-06-11T18:09:21.011+0200] {logging_mixin.py:137} INFO - [2025-06-11T18:09:21.011+0200] {dag.py:3437} INFO - Setting next_dagrun for example_external_task_marker_child to None, run_after=None
[2025-06-11T18:09:21.016+0200] {logging_mixin.py:137} INFO - [2025-06-11T18:09:21.015+0200] {dag.py:3437} INFO - Setting next_dagrun for example_external_task_marker_parent to None, run_after=None
[2025-06-11T18:09:21.081+0200] {processor.py:175} INFO - Processing /home/monica.fernandez/practica_creativa/venv-airflow/lib/python3.11/site-packages/airflow/example_dags/example_external_task_marker_dag.py took 0.203 seconds
[2025-06-11T18:10:28.617+0200] {processor.py:153} INFO - Started process (PID=191862) to work on /home/monica.fernandez/practica_creativa/venv-airflow/lib/python3.11/site-packages/airflow/example_dags/example_external_task_marker_dag.py
[2025-06-11T18:10:28.618+0200] {processor.py:743} INFO - Processing file /home/monica.fernandez/practica_creativa/venv-airflow/lib/python3.11/site-packages/airflow/example_dags/example_external_task_marker_dag.py for tasks to queue
[2025-06-11T18:10:28.619+0200] {logging_mixin.py:137} INFO - [2025-06-11T18:10:28.618+0200] {dagbag.py:538} INFO - Filling up the DagBag from /home/monica.fernandez/practica_creativa/venv-airflow/lib/python3.11/site-packages/airflow/example_dags/example_external_task_marker_dag.py
[2025-06-11T18:10:28.653+0200] {processor.py:753} INFO - DAG(s) dict_keys(['example_external_task_marker_parent', 'example_external_task_marker_child']) retrieved from /home/monica.fernandez/practica_creativa/venv-airflow/lib/python3.11/site-packages/airflow/example_dags/example_external_task_marker_dag.py
[2025-06-11T18:10:28.708+0200] {logging_mixin.py:137} INFO - [2025-06-11T18:10:28.708+0200] {dag.py:2690} INFO - Sync 2 DAGs
[2025-06-11T18:10:28.754+0200] {logging_mixin.py:137} INFO - [2025-06-11T18:10:28.754+0200] {dag.py:3437} INFO - Setting next_dagrun for example_external_task_marker_child to None, run_after=None
[2025-06-11T18:10:28.763+0200] {logging_mixin.py:137} INFO - [2025-06-11T18:10:28.763+0200] {dag.py:3437} INFO - Setting next_dagrun for example_external_task_marker_parent to None, run_after=None
[2025-06-11T18:10:28.835+0200] {processor.py:175} INFO - Processing /home/monica.fernandez/practica_creativa/venv-airflow/lib/python3.11/site-packages/airflow/example_dags/example_external_task_marker_dag.py took 0.223 seconds
