[2025-06-11T16:08:11.242+0200] {processor.py:153} INFO - Started process (PID=121769) to work on /home/monica.fernandez/practica_creativa/venv-airflow/lib/python3.11/site-packages/airflow/example_dags/example_time_delta_sensor_async.py
[2025-06-11T16:08:11.242+0200] {processor.py:743} INFO - Processing file /home/monica.fernandez/practica_creativa/venv-airflow/lib/python3.11/site-packages/airflow/example_dags/example_time_delta_sensor_async.py for tasks to queue
[2025-06-11T16:08:11.243+0200] {logging_mixin.py:137} INFO - [2025-06-11T16:08:11.243+0200] {dagbag.py:538} INFO - Filling up the DagBag from /home/monica.fernandez/practica_creativa/venv-airflow/lib/python3.11/site-packages/airflow/example_dags/example_time_delta_sensor_async.py
[2025-06-11T16:08:11.261+0200] {processor.py:753} INFO - DAG(s) dict_keys(['example_time_delta_sensor_async']) retrieved from /home/monica.fernandez/practica_creativa/venv-airflow/lib/python3.11/site-packages/airflow/example_dags/example_time_delta_sensor_async.py
[2025-06-11T16:08:11.417+0200] {logging_mixin.py:137} INFO - [2025-06-11T16:08:11.416+0200] {manager.py:504} INFO - Created Permission View: can read on DAG:example_time_delta_sensor_async
[2025-06-11T16:08:11.460+0200] {logging_mixin.py:137} INFO - [2025-06-11T16:08:11.460+0200] {manager.py:504} INFO - Created Permission View: can delete on DAG:example_time_delta_sensor_async
[2025-06-11T16:08:11.494+0200] {logging_mixin.py:137} INFO - [2025-06-11T16:08:11.494+0200] {manager.py:504} INFO - Created Permission View: can edit on DAG:example_time_delta_sensor_async
[2025-06-11T16:08:11.494+0200] {logging_mixin.py:137} INFO - [2025-06-11T16:08:11.494+0200] {dag.py:2690} INFO - Sync 1 DAGs
[2025-06-11T16:08:11.536+0200] {logging_mixin.py:137} INFO - [2025-06-11T16:08:11.536+0200] {dag.py:2711} INFO - Creating ORM DAG for example_time_delta_sensor_async
[2025-06-11T16:08:11.564+0200] {logging_mixin.py:137} INFO - [2025-06-11T16:08:11.564+0200] {dag.py:3437} INFO - Setting next_dagrun for example_time_delta_sensor_async to None, run_after=None
[2025-06-11T16:08:11.658+0200] {processor.py:175} INFO - Processing /home/monica.fernandez/practica_creativa/venv-airflow/lib/python3.11/site-packages/airflow/example_dags/example_time_delta_sensor_async.py took 0.419 seconds
[2025-06-11T17:26:02.270+0200] {processor.py:153} INFO - Started process (PID=165198) to work on /home/monica.fernandez/practica_creativa/venv-airflow/lib/python3.11/site-packages/airflow/example_dags/example_time_delta_sensor_async.py
[2025-06-11T17:26:02.271+0200] {processor.py:743} INFO - Processing file /home/monica.fernandez/practica_creativa/venv-airflow/lib/python3.11/site-packages/airflow/example_dags/example_time_delta_sensor_async.py for tasks to queue
[2025-06-11T17:26:02.272+0200] {logging_mixin.py:137} INFO - [2025-06-11T17:26:02.272+0200] {dagbag.py:538} INFO - Filling up the DagBag from /home/monica.fernandez/practica_creativa/venv-airflow/lib/python3.11/site-packages/airflow/example_dags/example_time_delta_sensor_async.py
[2025-06-11T17:26:02.301+0200] {processor.py:753} INFO - DAG(s) dict_keys(['example_time_delta_sensor_async']) retrieved from /home/monica.fernandez/practica_creativa/venv-airflow/lib/python3.11/site-packages/airflow/example_dags/example_time_delta_sensor_async.py
[2025-06-11T17:26:02.339+0200] {logging_mixin.py:137} INFO - [2025-06-11T17:26:02.339+0200] {dag.py:2690} INFO - Sync 1 DAGs
[2025-06-11T17:26:02.379+0200] {logging_mixin.py:137} INFO - [2025-06-11T17:26:02.379+0200] {dag.py:3437} INFO - Setting next_dagrun for example_time_delta_sensor_async to None, run_after=None
[2025-06-11T17:26:02.460+0200] {processor.py:175} INFO - Processing /home/monica.fernandez/practica_creativa/venv-airflow/lib/python3.11/site-packages/airflow/example_dags/example_time_delta_sensor_async.py took 0.195 seconds
[2025-06-11T17:26:54.863+0200] {processor.py:153} INFO - Started process (PID=165689) to work on /home/monica.fernandez/practica_creativa/venv-airflow/lib/python3.11/site-packages/airflow/example_dags/example_time_delta_sensor_async.py
[2025-06-11T17:26:54.864+0200] {processor.py:743} INFO - Processing file /home/monica.fernandez/practica_creativa/venv-airflow/lib/python3.11/site-packages/airflow/example_dags/example_time_delta_sensor_async.py for tasks to queue
[2025-06-11T17:26:54.865+0200] {logging_mixin.py:137} INFO - [2025-06-11T17:26:54.865+0200] {dagbag.py:538} INFO - Filling up the DagBag from /home/monica.fernandez/practica_creativa/venv-airflow/lib/python3.11/site-packages/airflow/example_dags/example_time_delta_sensor_async.py
[2025-06-11T17:26:54.880+0200] {processor.py:753} INFO - DAG(s) dict_keys(['example_time_delta_sensor_async']) retrieved from /home/monica.fernandez/practica_creativa/venv-airflow/lib/python3.11/site-packages/airflow/example_dags/example_time_delta_sensor_async.py
[2025-06-11T17:26:54.908+0200] {logging_mixin.py:137} INFO - [2025-06-11T17:26:54.908+0200] {dag.py:2690} INFO - Sync 1 DAGs
[2025-06-11T17:26:54.936+0200] {logging_mixin.py:137} INFO - [2025-06-11T17:26:54.936+0200] {dag.py:3437} INFO - Setting next_dagrun for example_time_delta_sensor_async to None, run_after=None
[2025-06-11T17:26:54.986+0200] {processor.py:175} INFO - Processing /home/monica.fernandez/practica_creativa/venv-airflow/lib/python3.11/site-packages/airflow/example_dags/example_time_delta_sensor_async.py took 0.127 seconds
[2025-06-11T17:27:52.581+0200] {processor.py:153} INFO - Started process (PID=166246) to work on /home/monica.fernandez/practica_creativa/venv-airflow/lib/python3.11/site-packages/airflow/example_dags/example_time_delta_sensor_async.py
[2025-06-11T17:27:52.582+0200] {processor.py:743} INFO - Processing file /home/monica.fernandez/practica_creativa/venv-airflow/lib/python3.11/site-packages/airflow/example_dags/example_time_delta_sensor_async.py for tasks to queue
[2025-06-11T17:27:52.583+0200] {logging_mixin.py:137} INFO - [2025-06-11T17:27:52.583+0200] {dagbag.py:538} INFO - Filling up the DagBag from /home/monica.fernandez/practica_creativa/venv-airflow/lib/python3.11/site-packages/airflow/example_dags/example_time_delta_sensor_async.py
[2025-06-11T17:27:52.600+0200] {processor.py:753} INFO - DAG(s) dict_keys(['example_time_delta_sensor_async']) retrieved from /home/monica.fernandez/practica_creativa/venv-airflow/lib/python3.11/site-packages/airflow/example_dags/example_time_delta_sensor_async.py
[2025-06-11T17:27:52.626+0200] {logging_mixin.py:137} INFO - [2025-06-11T17:27:52.626+0200] {dag.py:2690} INFO - Sync 1 DAGs
[2025-06-11T17:27:52.651+0200] {logging_mixin.py:137} INFO - [2025-06-11T17:27:52.651+0200] {dag.py:3437} INFO - Setting next_dagrun for example_time_delta_sensor_async to None, run_after=None
[2025-06-11T17:27:52.707+0200] {processor.py:175} INFO - Processing /home/monica.fernandez/practica_creativa/venv-airflow/lib/python3.11/site-packages/airflow/example_dags/example_time_delta_sensor_async.py took 0.128 seconds
[2025-06-11T17:28:45.043+0200] {processor.py:153} INFO - Started process (PID=166876) to work on /home/monica.fernandez/practica_creativa/venv-airflow/lib/python3.11/site-packages/airflow/example_dags/example_time_delta_sensor_async.py
[2025-06-11T17:28:45.045+0200] {processor.py:743} INFO - Processing file /home/monica.fernandez/practica_creativa/venv-airflow/lib/python3.11/site-packages/airflow/example_dags/example_time_delta_sensor_async.py for tasks to queue
[2025-06-11T17:28:45.045+0200] {logging_mixin.py:137} INFO - [2025-06-11T17:28:45.045+0200] {dagbag.py:538} INFO - Filling up the DagBag from /home/monica.fernandez/practica_creativa/venv-airflow/lib/python3.11/site-packages/airflow/example_dags/example_time_delta_sensor_async.py
[2025-06-11T17:28:45.064+0200] {processor.py:753} INFO - DAG(s) dict_keys(['example_time_delta_sensor_async']) retrieved from /home/monica.fernandez/practica_creativa/venv-airflow/lib/python3.11/site-packages/airflow/example_dags/example_time_delta_sensor_async.py
[2025-06-11T17:28:45.097+0200] {logging_mixin.py:137} INFO - [2025-06-11T17:28:45.097+0200] {dag.py:2690} INFO - Sync 1 DAGs
[2025-06-11T17:28:45.155+0200] {logging_mixin.py:137} INFO - [2025-06-11T17:28:45.155+0200] {dag.py:3437} INFO - Setting next_dagrun for example_time_delta_sensor_async to None, run_after=None
[2025-06-11T17:28:45.224+0200] {processor.py:175} INFO - Processing /home/monica.fernandez/practica_creativa/venv-airflow/lib/python3.11/site-packages/airflow/example_dags/example_time_delta_sensor_async.py took 0.185 seconds
[2025-06-11T17:29:37.120+0200] {processor.py:153} INFO - Started process (PID=167281) to work on /home/monica.fernandez/practica_creativa/venv-airflow/lib/python3.11/site-packages/airflow/example_dags/example_time_delta_sensor_async.py
[2025-06-11T17:29:37.121+0200] {processor.py:743} INFO - Processing file /home/monica.fernandez/practica_creativa/venv-airflow/lib/python3.11/site-packages/airflow/example_dags/example_time_delta_sensor_async.py for tasks to queue
[2025-06-11T17:29:37.126+0200] {logging_mixin.py:137} INFO - [2025-06-11T17:29:37.125+0200] {dagbag.py:538} INFO - Filling up the DagBag from /home/monica.fernandez/practica_creativa/venv-airflow/lib/python3.11/site-packages/airflow/example_dags/example_time_delta_sensor_async.py
[2025-06-11T17:29:37.177+0200] {processor.py:753} INFO - DAG(s) dict_keys(['example_time_delta_sensor_async']) retrieved from /home/monica.fernandez/practica_creativa/venv-airflow/lib/python3.11/site-packages/airflow/example_dags/example_time_delta_sensor_async.py
[2025-06-11T17:29:37.235+0200] {logging_mixin.py:137} INFO - [2025-06-11T17:29:37.234+0200] {dag.py:2690} INFO - Sync 1 DAGs
[2025-06-11T17:29:37.277+0200] {logging_mixin.py:137} INFO - [2025-06-11T17:29:37.276+0200] {dag.py:3437} INFO - Setting next_dagrun for example_time_delta_sensor_async to None, run_after=None
[2025-06-11T17:29:37.354+0200] {processor.py:175} INFO - Processing /home/monica.fernandez/practica_creativa/venv-airflow/lib/python3.11/site-packages/airflow/example_dags/example_time_delta_sensor_async.py took 0.241 seconds
[2025-06-11T17:30:27.642+0200] {processor.py:153} INFO - Started process (PID=167740) to work on /home/monica.fernandez/practica_creativa/venv-airflow/lib/python3.11/site-packages/airflow/example_dags/example_time_delta_sensor_async.py
[2025-06-11T17:30:27.644+0200] {processor.py:743} INFO - Processing file /home/monica.fernandez/practica_creativa/venv-airflow/lib/python3.11/site-packages/airflow/example_dags/example_time_delta_sensor_async.py for tasks to queue
[2025-06-11T17:30:27.645+0200] {logging_mixin.py:137} INFO - [2025-06-11T17:30:27.645+0200] {dagbag.py:538} INFO - Filling up the DagBag from /home/monica.fernandez/practica_creativa/venv-airflow/lib/python3.11/site-packages/airflow/example_dags/example_time_delta_sensor_async.py
[2025-06-11T17:30:27.676+0200] {processor.py:753} INFO - DAG(s) dict_keys(['example_time_delta_sensor_async']) retrieved from /home/monica.fernandez/practica_creativa/venv-airflow/lib/python3.11/site-packages/airflow/example_dags/example_time_delta_sensor_async.py
[2025-06-11T17:30:27.705+0200] {logging_mixin.py:137} INFO - [2025-06-11T17:30:27.705+0200] {dag.py:2690} INFO - Sync 1 DAGs
[2025-06-11T17:30:27.732+0200] {logging_mixin.py:137} INFO - [2025-06-11T17:30:27.732+0200] {dag.py:3437} INFO - Setting next_dagrun for example_time_delta_sensor_async to None, run_after=None
[2025-06-11T17:30:27.798+0200] {processor.py:175} INFO - Processing /home/monica.fernandez/practica_creativa/venv-airflow/lib/python3.11/site-packages/airflow/example_dags/example_time_delta_sensor_async.py took 0.159 seconds
[2025-06-11T17:31:18.470+0200] {processor.py:153} INFO - Started process (PID=168518) to work on /home/monica.fernandez/practica_creativa/venv-airflow/lib/python3.11/site-packages/airflow/example_dags/example_time_delta_sensor_async.py
[2025-06-11T17:31:18.471+0200] {processor.py:743} INFO - Processing file /home/monica.fernandez/practica_creativa/venv-airflow/lib/python3.11/site-packages/airflow/example_dags/example_time_delta_sensor_async.py for tasks to queue
[2025-06-11T17:31:18.471+0200] {logging_mixin.py:137} INFO - [2025-06-11T17:31:18.471+0200] {dagbag.py:538} INFO - Filling up the DagBag from /home/monica.fernandez/practica_creativa/venv-airflow/lib/python3.11/site-packages/airflow/example_dags/example_time_delta_sensor_async.py
[2025-06-11T17:31:18.498+0200] {processor.py:753} INFO - DAG(s) dict_keys(['example_time_delta_sensor_async']) retrieved from /home/monica.fernandez/practica_creativa/venv-airflow/lib/python3.11/site-packages/airflow/example_dags/example_time_delta_sensor_async.py
[2025-06-11T17:31:18.535+0200] {logging_mixin.py:137} INFO - [2025-06-11T17:31:18.534+0200] {dag.py:2690} INFO - Sync 1 DAGs
[2025-06-11T17:31:18.578+0200] {logging_mixin.py:137} INFO - [2025-06-11T17:31:18.578+0200] {dag.py:3437} INFO - Setting next_dagrun for example_time_delta_sensor_async to None, run_after=None
[2025-06-11T17:31:18.658+0200] {processor.py:175} INFO - Processing /home/monica.fernandez/practica_creativa/venv-airflow/lib/python3.11/site-packages/airflow/example_dags/example_time_delta_sensor_async.py took 0.191 seconds
[2025-06-11T17:32:08.305+0200] {processor.py:153} INFO - Started process (PID=168828) to work on /home/monica.fernandez/practica_creativa/venv-airflow/lib/python3.11/site-packages/airflow/example_dags/example_time_delta_sensor_async.py
[2025-06-11T17:32:08.305+0200] {processor.py:743} INFO - Processing file /home/monica.fernandez/practica_creativa/venv-airflow/lib/python3.11/site-packages/airflow/example_dags/example_time_delta_sensor_async.py for tasks to queue
[2025-06-11T17:32:08.306+0200] {logging_mixin.py:137} INFO - [2025-06-11T17:32:08.306+0200] {dagbag.py:538} INFO - Filling up the DagBag from /home/monica.fernandez/practica_creativa/venv-airflow/lib/python3.11/site-packages/airflow/example_dags/example_time_delta_sensor_async.py
[2025-06-11T17:32:08.327+0200] {processor.py:753} INFO - DAG(s) dict_keys(['example_time_delta_sensor_async']) retrieved from /home/monica.fernandez/practica_creativa/venv-airflow/lib/python3.11/site-packages/airflow/example_dags/example_time_delta_sensor_async.py
[2025-06-11T17:32:08.372+0200] {logging_mixin.py:137} INFO - [2025-06-11T17:32:08.372+0200] {dag.py:2690} INFO - Sync 1 DAGs
[2025-06-11T17:32:08.400+0200] {logging_mixin.py:137} INFO - [2025-06-11T17:32:08.400+0200] {dag.py:3437} INFO - Setting next_dagrun for example_time_delta_sensor_async to None, run_after=None
[2025-06-11T17:32:08.461+0200] {processor.py:175} INFO - Processing /home/monica.fernandez/practica_creativa/venv-airflow/lib/python3.11/site-packages/airflow/example_dags/example_time_delta_sensor_async.py took 0.160 seconds
[2025-06-11T17:33:07.393+0200] {processor.py:153} INFO - Started process (PID=169374) to work on /home/monica.fernandez/practica_creativa/venv-airflow/lib/python3.11/site-packages/airflow/example_dags/example_time_delta_sensor_async.py
[2025-06-11T17:33:07.395+0200] {processor.py:743} INFO - Processing file /home/monica.fernandez/practica_creativa/venv-airflow/lib/python3.11/site-packages/airflow/example_dags/example_time_delta_sensor_async.py for tasks to queue
[2025-06-11T17:33:07.396+0200] {logging_mixin.py:137} INFO - [2025-06-11T17:33:07.395+0200] {dagbag.py:538} INFO - Filling up the DagBag from /home/monica.fernandez/practica_creativa/venv-airflow/lib/python3.11/site-packages/airflow/example_dags/example_time_delta_sensor_async.py
[2025-06-11T17:33:07.437+0200] {processor.py:753} INFO - DAG(s) dict_keys(['example_time_delta_sensor_async']) retrieved from /home/monica.fernandez/practica_creativa/venv-airflow/lib/python3.11/site-packages/airflow/example_dags/example_time_delta_sensor_async.py
[2025-06-11T17:33:07.483+0200] {logging_mixin.py:137} INFO - [2025-06-11T17:33:07.482+0200] {dag.py:2690} INFO - Sync 1 DAGs
[2025-06-11T17:33:07.551+0200] {logging_mixin.py:137} INFO - [2025-06-11T17:33:07.551+0200] {dag.py:3437} INFO - Setting next_dagrun for example_time_delta_sensor_async to None, run_after=None
[2025-06-11T17:33:07.627+0200] {processor.py:175} INFO - Processing /home/monica.fernandez/practica_creativa/venv-airflow/lib/python3.11/site-packages/airflow/example_dags/example_time_delta_sensor_async.py took 0.239 seconds
[2025-06-11T17:34:00.176+0200] {processor.py:153} INFO - Started process (PID=169834) to work on /home/monica.fernandez/practica_creativa/venv-airflow/lib/python3.11/site-packages/airflow/example_dags/example_time_delta_sensor_async.py
[2025-06-11T17:34:00.177+0200] {processor.py:743} INFO - Processing file /home/monica.fernandez/practica_creativa/venv-airflow/lib/python3.11/site-packages/airflow/example_dags/example_time_delta_sensor_async.py for tasks to queue
[2025-06-11T17:34:00.177+0200] {logging_mixin.py:137} INFO - [2025-06-11T17:34:00.177+0200] {dagbag.py:538} INFO - Filling up the DagBag from /home/monica.fernandez/practica_creativa/venv-airflow/lib/python3.11/site-packages/airflow/example_dags/example_time_delta_sensor_async.py
[2025-06-11T17:34:00.200+0200] {processor.py:753} INFO - DAG(s) dict_keys(['example_time_delta_sensor_async']) retrieved from /home/monica.fernandez/practica_creativa/venv-airflow/lib/python3.11/site-packages/airflow/example_dags/example_time_delta_sensor_async.py
[2025-06-11T17:34:00.251+0200] {logging_mixin.py:137} INFO - [2025-06-11T17:34:00.251+0200] {dag.py:2690} INFO - Sync 1 DAGs
[2025-06-11T17:34:00.320+0200] {logging_mixin.py:137} INFO - [2025-06-11T17:34:00.319+0200] {dag.py:3437} INFO - Setting next_dagrun for example_time_delta_sensor_async to None, run_after=None
[2025-06-11T17:34:00.395+0200] {processor.py:175} INFO - Processing /home/monica.fernandez/practica_creativa/venv-airflow/lib/python3.11/site-packages/airflow/example_dags/example_time_delta_sensor_async.py took 0.222 seconds
[2025-06-11T17:34:49.762+0200] {processor.py:153} INFO - Started process (PID=170350) to work on /home/monica.fernandez/practica_creativa/venv-airflow/lib/python3.11/site-packages/airflow/example_dags/example_time_delta_sensor_async.py
[2025-06-11T17:34:49.762+0200] {processor.py:743} INFO - Processing file /home/monica.fernandez/practica_creativa/venv-airflow/lib/python3.11/site-packages/airflow/example_dags/example_time_delta_sensor_async.py for tasks to queue
[2025-06-11T17:34:49.763+0200] {logging_mixin.py:137} INFO - [2025-06-11T17:34:49.763+0200] {dagbag.py:538} INFO - Filling up the DagBag from /home/monica.fernandez/practica_creativa/venv-airflow/lib/python3.11/site-packages/airflow/example_dags/example_time_delta_sensor_async.py
[2025-06-11T17:34:49.782+0200] {processor.py:753} INFO - DAG(s) dict_keys(['example_time_delta_sensor_async']) retrieved from /home/monica.fernandez/practica_creativa/venv-airflow/lib/python3.11/site-packages/airflow/example_dags/example_time_delta_sensor_async.py
[2025-06-11T17:34:49.810+0200] {logging_mixin.py:137} INFO - [2025-06-11T17:34:49.810+0200] {dag.py:2690} INFO - Sync 1 DAGs
[2025-06-11T17:34:49.833+0200] {logging_mixin.py:137} INFO - [2025-06-11T17:34:49.833+0200] {dag.py:3437} INFO - Setting next_dagrun for example_time_delta_sensor_async to None, run_after=None
[2025-06-11T17:34:49.888+0200] {processor.py:175} INFO - Processing /home/monica.fernandez/practica_creativa/venv-airflow/lib/python3.11/site-packages/airflow/example_dags/example_time_delta_sensor_async.py took 0.129 seconds
[2025-06-11T17:35:11.098+0200] {processor.py:153} INFO - Started process (PID=170489) to work on /home/monica.fernandez/practica_creativa/venv-airflow/lib/python3.11/site-packages/airflow/example_dags/example_time_delta_sensor_async.py
[2025-06-11T17:35:11.099+0200] {processor.py:743} INFO - Processing file /home/monica.fernandez/practica_creativa/venv-airflow/lib/python3.11/site-packages/airflow/example_dags/example_time_delta_sensor_async.py for tasks to queue
[2025-06-11T17:35:11.099+0200] {logging_mixin.py:137} INFO - [2025-06-11T17:35:11.099+0200] {dagbag.py:538} INFO - Filling up the DagBag from /home/monica.fernandez/practica_creativa/venv-airflow/lib/python3.11/site-packages/airflow/example_dags/example_time_delta_sensor_async.py
[2025-06-11T17:35:11.115+0200] {processor.py:753} INFO - DAG(s) dict_keys(['example_time_delta_sensor_async']) retrieved from /home/monica.fernandez/practica_creativa/venv-airflow/lib/python3.11/site-packages/airflow/example_dags/example_time_delta_sensor_async.py
[2025-06-11T17:35:11.146+0200] {logging_mixin.py:137} INFO - [2025-06-11T17:35:11.146+0200] {dag.py:2690} INFO - Sync 1 DAGs
[2025-06-11T17:35:11.174+0200] {logging_mixin.py:137} INFO - [2025-06-11T17:35:11.174+0200] {dag.py:3437} INFO - Setting next_dagrun for example_time_delta_sensor_async to None, run_after=None
[2025-06-11T17:35:11.244+0200] {processor.py:175} INFO - Processing /home/monica.fernandez/practica_creativa/venv-airflow/lib/python3.11/site-packages/airflow/example_dags/example_time_delta_sensor_async.py took 0.149 seconds
[2025-06-11T17:36:09.972+0200] {processor.py:153} INFO - Started process (PID=171041) to work on /home/monica.fernandez/practica_creativa/venv-airflow/lib/python3.11/site-packages/airflow/example_dags/example_time_delta_sensor_async.py
[2025-06-11T17:36:09.972+0200] {processor.py:743} INFO - Processing file /home/monica.fernandez/practica_creativa/venv-airflow/lib/python3.11/site-packages/airflow/example_dags/example_time_delta_sensor_async.py for tasks to queue
[2025-06-11T17:36:09.973+0200] {logging_mixin.py:137} INFO - [2025-06-11T17:36:09.973+0200] {dagbag.py:538} INFO - Filling up the DagBag from /home/monica.fernandez/practica_creativa/venv-airflow/lib/python3.11/site-packages/airflow/example_dags/example_time_delta_sensor_async.py
[2025-06-11T17:36:09.990+0200] {processor.py:753} INFO - DAG(s) dict_keys(['example_time_delta_sensor_async']) retrieved from /home/monica.fernandez/practica_creativa/venv-airflow/lib/python3.11/site-packages/airflow/example_dags/example_time_delta_sensor_async.py
[2025-06-11T17:36:10.019+0200] {logging_mixin.py:137} INFO - [2025-06-11T17:36:10.018+0200] {dag.py:2690} INFO - Sync 1 DAGs
[2025-06-11T17:36:10.050+0200] {logging_mixin.py:137} INFO - [2025-06-11T17:36:10.050+0200] {dag.py:3437} INFO - Setting next_dagrun for example_time_delta_sensor_async to None, run_after=None
[2025-06-11T17:36:10.099+0200] {processor.py:175} INFO - Processing /home/monica.fernandez/practica_creativa/venv-airflow/lib/python3.11/site-packages/airflow/example_dags/example_time_delta_sensor_async.py took 0.130 seconds
[2025-06-11T17:36:59.697+0200] {processor.py:153} INFO - Started process (PID=171628) to work on /home/monica.fernandez/practica_creativa/venv-airflow/lib/python3.11/site-packages/airflow/example_dags/example_time_delta_sensor_async.py
[2025-06-11T17:36:59.699+0200] {processor.py:743} INFO - Processing file /home/monica.fernandez/practica_creativa/venv-airflow/lib/python3.11/site-packages/airflow/example_dags/example_time_delta_sensor_async.py for tasks to queue
[2025-06-11T17:36:59.699+0200] {logging_mixin.py:137} INFO - [2025-06-11T17:36:59.699+0200] {dagbag.py:538} INFO - Filling up the DagBag from /home/monica.fernandez/practica_creativa/venv-airflow/lib/python3.11/site-packages/airflow/example_dags/example_time_delta_sensor_async.py
[2025-06-11T17:36:59.733+0200] {processor.py:753} INFO - DAG(s) dict_keys(['example_time_delta_sensor_async']) retrieved from /home/monica.fernandez/practica_creativa/venv-airflow/lib/python3.11/site-packages/airflow/example_dags/example_time_delta_sensor_async.py
[2025-06-11T17:36:59.761+0200] {logging_mixin.py:137} INFO - [2025-06-11T17:36:59.761+0200] {dag.py:2690} INFO - Sync 1 DAGs
[2025-06-11T17:36:59.786+0200] {logging_mixin.py:137} INFO - [2025-06-11T17:36:59.786+0200] {dag.py:3437} INFO - Setting next_dagrun for example_time_delta_sensor_async to None, run_after=None
[2025-06-11T17:36:59.841+0200] {processor.py:175} INFO - Processing /home/monica.fernandez/practica_creativa/venv-airflow/lib/python3.11/site-packages/airflow/example_dags/example_time_delta_sensor_async.py took 0.148 seconds
[2025-06-11T17:37:52.739+0200] {processor.py:153} INFO - Started process (PID=172170) to work on /home/monica.fernandez/practica_creativa/venv-airflow/lib/python3.11/site-packages/airflow/example_dags/example_time_delta_sensor_async.py
[2025-06-11T17:37:52.740+0200] {processor.py:743} INFO - Processing file /home/monica.fernandez/practica_creativa/venv-airflow/lib/python3.11/site-packages/airflow/example_dags/example_time_delta_sensor_async.py for tasks to queue
[2025-06-11T17:37:52.740+0200] {logging_mixin.py:137} INFO - [2025-06-11T17:37:52.740+0200] {dagbag.py:538} INFO - Filling up the DagBag from /home/monica.fernandez/practica_creativa/venv-airflow/lib/python3.11/site-packages/airflow/example_dags/example_time_delta_sensor_async.py
[2025-06-11T17:37:52.762+0200] {processor.py:753} INFO - DAG(s) dict_keys(['example_time_delta_sensor_async']) retrieved from /home/monica.fernandez/practica_creativa/venv-airflow/lib/python3.11/site-packages/airflow/example_dags/example_time_delta_sensor_async.py
[2025-06-11T17:37:52.795+0200] {logging_mixin.py:137} INFO - [2025-06-11T17:37:52.795+0200] {dag.py:2690} INFO - Sync 1 DAGs
[2025-06-11T17:37:52.822+0200] {logging_mixin.py:137} INFO - [2025-06-11T17:37:52.822+0200] {dag.py:3437} INFO - Setting next_dagrun for example_time_delta_sensor_async to None, run_after=None
[2025-06-11T17:37:52.884+0200] {processor.py:175} INFO - Processing /home/monica.fernandez/practica_creativa/venv-airflow/lib/python3.11/site-packages/airflow/example_dags/example_time_delta_sensor_async.py took 0.148 seconds
[2025-06-11T17:38:53.159+0200] {processor.py:153} INFO - Started process (PID=172762) to work on /home/monica.fernandez/practica_creativa/venv-airflow/lib/python3.11/site-packages/airflow/example_dags/example_time_delta_sensor_async.py
[2025-06-11T17:38:53.160+0200] {processor.py:743} INFO - Processing file /home/monica.fernandez/practica_creativa/venv-airflow/lib/python3.11/site-packages/airflow/example_dags/example_time_delta_sensor_async.py for tasks to queue
[2025-06-11T17:38:53.161+0200] {logging_mixin.py:137} INFO - [2025-06-11T17:38:53.161+0200] {dagbag.py:538} INFO - Filling up the DagBag from /home/monica.fernandez/practica_creativa/venv-airflow/lib/python3.11/site-packages/airflow/example_dags/example_time_delta_sensor_async.py
[2025-06-11T17:38:53.195+0200] {processor.py:753} INFO - DAG(s) dict_keys(['example_time_delta_sensor_async']) retrieved from /home/monica.fernandez/practica_creativa/venv-airflow/lib/python3.11/site-packages/airflow/example_dags/example_time_delta_sensor_async.py
[2025-06-11T17:38:53.244+0200] {logging_mixin.py:137} INFO - [2025-06-11T17:38:53.243+0200] {dag.py:2690} INFO - Sync 1 DAGs
[2025-06-11T17:38:53.290+0200] {logging_mixin.py:137} INFO - [2025-06-11T17:38:53.290+0200] {dag.py:3437} INFO - Setting next_dagrun for example_time_delta_sensor_async to None, run_after=None
[2025-06-11T17:38:53.353+0200] {processor.py:175} INFO - Processing /home/monica.fernandez/practica_creativa/venv-airflow/lib/python3.11/site-packages/airflow/example_dags/example_time_delta_sensor_async.py took 0.201 seconds
[2025-06-11T17:39:48.795+0200] {processor.py:153} INFO - Started process (PID=173307) to work on /home/monica.fernandez/practica_creativa/venv-airflow/lib/python3.11/site-packages/airflow/example_dags/example_time_delta_sensor_async.py
[2025-06-11T17:39:48.796+0200] {processor.py:743} INFO - Processing file /home/monica.fernandez/practica_creativa/venv-airflow/lib/python3.11/site-packages/airflow/example_dags/example_time_delta_sensor_async.py for tasks to queue
[2025-06-11T17:39:48.797+0200] {logging_mixin.py:137} INFO - [2025-06-11T17:39:48.796+0200] {dagbag.py:538} INFO - Filling up the DagBag from /home/monica.fernandez/practica_creativa/venv-airflow/lib/python3.11/site-packages/airflow/example_dags/example_time_delta_sensor_async.py
[2025-06-11T17:39:48.831+0200] {processor.py:753} INFO - DAG(s) dict_keys(['example_time_delta_sensor_async']) retrieved from /home/monica.fernandez/practica_creativa/venv-airflow/lib/python3.11/site-packages/airflow/example_dags/example_time_delta_sensor_async.py
[2025-06-11T17:39:48.880+0200] {logging_mixin.py:137} INFO - [2025-06-11T17:39:48.880+0200] {dag.py:2690} INFO - Sync 1 DAGs
[2025-06-11T17:39:48.961+0200] {logging_mixin.py:137} INFO - [2025-06-11T17:39:48.960+0200] {dag.py:3437} INFO - Setting next_dagrun for example_time_delta_sensor_async to None, run_after=None
[2025-06-11T17:39:49.039+0200] {processor.py:175} INFO - Processing /home/monica.fernandez/practica_creativa/venv-airflow/lib/python3.11/site-packages/airflow/example_dags/example_time_delta_sensor_async.py took 0.249 seconds
[2025-06-11T17:40:56.927+0200] {processor.py:153} INFO - Started process (PID=173894) to work on /home/monica.fernandez/practica_creativa/venv-airflow/lib/python3.11/site-packages/airflow/example_dags/example_time_delta_sensor_async.py
[2025-06-11T17:40:56.928+0200] {processor.py:743} INFO - Processing file /home/monica.fernandez/practica_creativa/venv-airflow/lib/python3.11/site-packages/airflow/example_dags/example_time_delta_sensor_async.py for tasks to queue
[2025-06-11T17:40:56.929+0200] {logging_mixin.py:137} INFO - [2025-06-11T17:40:56.928+0200] {dagbag.py:538} INFO - Filling up the DagBag from /home/monica.fernandez/practica_creativa/venv-airflow/lib/python3.11/site-packages/airflow/example_dags/example_time_delta_sensor_async.py
[2025-06-11T17:40:56.972+0200] {processor.py:753} INFO - DAG(s) dict_keys(['example_time_delta_sensor_async']) retrieved from /home/monica.fernandez/practica_creativa/venv-airflow/lib/python3.11/site-packages/airflow/example_dags/example_time_delta_sensor_async.py
[2025-06-11T17:40:57.034+0200] {logging_mixin.py:137} INFO - [2025-06-11T17:40:57.034+0200] {dag.py:2690} INFO - Sync 1 DAGs
[2025-06-11T17:40:57.076+0200] {logging_mixin.py:137} INFO - [2025-06-11T17:40:57.076+0200] {dag.py:3437} INFO - Setting next_dagrun for example_time_delta_sensor_async to None, run_after=None
[2025-06-11T17:40:57.169+0200] {processor.py:175} INFO - Processing /home/monica.fernandez/practica_creativa/venv-airflow/lib/python3.11/site-packages/airflow/example_dags/example_time_delta_sensor_async.py took 0.250 seconds
[2025-06-11T17:41:53.095+0200] {processor.py:153} INFO - Started process (PID=174384) to work on /home/monica.fernandez/practica_creativa/venv-airflow/lib/python3.11/site-packages/airflow/example_dags/example_time_delta_sensor_async.py
[2025-06-11T17:41:53.096+0200] {processor.py:743} INFO - Processing file /home/monica.fernandez/practica_creativa/venv-airflow/lib/python3.11/site-packages/airflow/example_dags/example_time_delta_sensor_async.py for tasks to queue
[2025-06-11T17:41:53.096+0200] {logging_mixin.py:137} INFO - [2025-06-11T17:41:53.096+0200] {dagbag.py:538} INFO - Filling up the DagBag from /home/monica.fernandez/practica_creativa/venv-airflow/lib/python3.11/site-packages/airflow/example_dags/example_time_delta_sensor_async.py
[2025-06-11T17:41:53.139+0200] {processor.py:753} INFO - DAG(s) dict_keys(['example_time_delta_sensor_async']) retrieved from /home/monica.fernandez/practica_creativa/venv-airflow/lib/python3.11/site-packages/airflow/example_dags/example_time_delta_sensor_async.py
[2025-06-11T17:41:53.215+0200] {logging_mixin.py:137} INFO - [2025-06-11T17:41:53.215+0200] {dag.py:2690} INFO - Sync 1 DAGs
[2025-06-11T17:41:53.304+0200] {logging_mixin.py:137} INFO - [2025-06-11T17:41:53.303+0200] {dag.py:3437} INFO - Setting next_dagrun for example_time_delta_sensor_async to None, run_after=None
[2025-06-11T17:41:53.484+0200] {processor.py:175} INFO - Processing /home/monica.fernandez/practica_creativa/venv-airflow/lib/python3.11/site-packages/airflow/example_dags/example_time_delta_sensor_async.py took 0.396 seconds
[2025-06-11T17:42:59.609+0200] {processor.py:153} INFO - Started process (PID=174999) to work on /home/monica.fernandez/practica_creativa/venv-airflow/lib/python3.11/site-packages/airflow/example_dags/example_time_delta_sensor_async.py
[2025-06-11T17:42:59.610+0200] {processor.py:743} INFO - Processing file /home/monica.fernandez/practica_creativa/venv-airflow/lib/python3.11/site-packages/airflow/example_dags/example_time_delta_sensor_async.py for tasks to queue
[2025-06-11T17:42:59.610+0200] {logging_mixin.py:137} INFO - [2025-06-11T17:42:59.610+0200] {dagbag.py:538} INFO - Filling up the DagBag from /home/monica.fernandez/practica_creativa/venv-airflow/lib/python3.11/site-packages/airflow/example_dags/example_time_delta_sensor_async.py
[2025-06-11T17:42:59.628+0200] {processor.py:753} INFO - DAG(s) dict_keys(['example_time_delta_sensor_async']) retrieved from /home/monica.fernandez/practica_creativa/venv-airflow/lib/python3.11/site-packages/airflow/example_dags/example_time_delta_sensor_async.py
[2025-06-11T17:42:59.672+0200] {logging_mixin.py:137} INFO - [2025-06-11T17:42:59.672+0200] {dag.py:2690} INFO - Sync 1 DAGs
[2025-06-11T17:42:59.706+0200] {logging_mixin.py:137} INFO - [2025-06-11T17:42:59.705+0200] {dag.py:3437} INFO - Setting next_dagrun for example_time_delta_sensor_async to None, run_after=None
[2025-06-11T17:42:59.771+0200] {processor.py:175} INFO - Processing /home/monica.fernandez/practica_creativa/venv-airflow/lib/python3.11/site-packages/airflow/example_dags/example_time_delta_sensor_async.py took 0.168 seconds
[2025-06-11T17:44:04.488+0200] {processor.py:153} INFO - Started process (PID=175621) to work on /home/monica.fernandez/practica_creativa/venv-airflow/lib/python3.11/site-packages/airflow/example_dags/example_time_delta_sensor_async.py
[2025-06-11T17:44:04.489+0200] {processor.py:743} INFO - Processing file /home/monica.fernandez/practica_creativa/venv-airflow/lib/python3.11/site-packages/airflow/example_dags/example_time_delta_sensor_async.py for tasks to queue
[2025-06-11T17:44:04.489+0200] {logging_mixin.py:137} INFO - [2025-06-11T17:44:04.489+0200] {dagbag.py:538} INFO - Filling up the DagBag from /home/monica.fernandez/practica_creativa/venv-airflow/lib/python3.11/site-packages/airflow/example_dags/example_time_delta_sensor_async.py
[2025-06-11T17:44:04.509+0200] {processor.py:753} INFO - DAG(s) dict_keys(['example_time_delta_sensor_async']) retrieved from /home/monica.fernandez/practica_creativa/venv-airflow/lib/python3.11/site-packages/airflow/example_dags/example_time_delta_sensor_async.py
[2025-06-11T17:44:04.539+0200] {logging_mixin.py:137} INFO - [2025-06-11T17:44:04.539+0200] {dag.py:2690} INFO - Sync 1 DAGs
[2025-06-11T17:44:04.575+0200] {logging_mixin.py:137} INFO - [2025-06-11T17:44:04.575+0200] {dag.py:3437} INFO - Setting next_dagrun for example_time_delta_sensor_async to None, run_after=None
[2025-06-11T17:44:04.639+0200] {processor.py:175} INFO - Processing /home/monica.fernandez/practica_creativa/venv-airflow/lib/python3.11/site-packages/airflow/example_dags/example_time_delta_sensor_async.py took 0.155 seconds
[2025-06-11T17:44:55.635+0200] {processor.py:153} INFO - Started process (PID=176143) to work on /home/monica.fernandez/practica_creativa/venv-airflow/lib/python3.11/site-packages/airflow/example_dags/example_time_delta_sensor_async.py
[2025-06-11T17:44:55.636+0200] {processor.py:743} INFO - Processing file /home/monica.fernandez/practica_creativa/venv-airflow/lib/python3.11/site-packages/airflow/example_dags/example_time_delta_sensor_async.py for tasks to queue
[2025-06-11T17:44:55.636+0200] {logging_mixin.py:137} INFO - [2025-06-11T17:44:55.636+0200] {dagbag.py:538} INFO - Filling up the DagBag from /home/monica.fernandez/practica_creativa/venv-airflow/lib/python3.11/site-packages/airflow/example_dags/example_time_delta_sensor_async.py
[2025-06-11T17:44:55.652+0200] {processor.py:753} INFO - DAG(s) dict_keys(['example_time_delta_sensor_async']) retrieved from /home/monica.fernandez/practica_creativa/venv-airflow/lib/python3.11/site-packages/airflow/example_dags/example_time_delta_sensor_async.py
[2025-06-11T17:44:55.679+0200] {logging_mixin.py:137} INFO - [2025-06-11T17:44:55.679+0200] {dag.py:2690} INFO - Sync 1 DAGs
[2025-06-11T17:44:55.703+0200] {logging_mixin.py:137} INFO - [2025-06-11T17:44:55.703+0200] {dag.py:3437} INFO - Setting next_dagrun for example_time_delta_sensor_async to None, run_after=None
[2025-06-11T17:44:55.763+0200] {processor.py:175} INFO - Processing /home/monica.fernandez/practica_creativa/venv-airflow/lib/python3.11/site-packages/airflow/example_dags/example_time_delta_sensor_async.py took 0.131 seconds
[2025-06-11T17:45:15.412+0200] {processor.py:153} INFO - Started process (PID=176276) to work on /home/monica.fernandez/practica_creativa/venv-airflow/lib/python3.11/site-packages/airflow/example_dags/example_time_delta_sensor_async.py
[2025-06-11T17:45:15.412+0200] {processor.py:743} INFO - Processing file /home/monica.fernandez/practica_creativa/venv-airflow/lib/python3.11/site-packages/airflow/example_dags/example_time_delta_sensor_async.py for tasks to queue
[2025-06-11T17:45:15.413+0200] {logging_mixin.py:137} INFO - [2025-06-11T17:45:15.413+0200] {dagbag.py:538} INFO - Filling up the DagBag from /home/monica.fernandez/practica_creativa/venv-airflow/lib/python3.11/site-packages/airflow/example_dags/example_time_delta_sensor_async.py
[2025-06-11T17:45:15.432+0200] {processor.py:753} INFO - DAG(s) dict_keys(['example_time_delta_sensor_async']) retrieved from /home/monica.fernandez/practica_creativa/venv-airflow/lib/python3.11/site-packages/airflow/example_dags/example_time_delta_sensor_async.py
[2025-06-11T17:45:15.464+0200] {logging_mixin.py:137} INFO - [2025-06-11T17:45:15.464+0200] {dag.py:2690} INFO - Sync 1 DAGs
[2025-06-11T17:45:15.490+0200] {logging_mixin.py:137} INFO - [2025-06-11T17:45:15.490+0200] {dag.py:3437} INFO - Setting next_dagrun for example_time_delta_sensor_async to None, run_after=None
[2025-06-11T17:45:15.545+0200] {processor.py:175} INFO - Processing /home/monica.fernandez/practica_creativa/venv-airflow/lib/python3.11/site-packages/airflow/example_dags/example_time_delta_sensor_async.py took 0.136 seconds
[2025-06-11T17:46:31.958+0200] {processor.py:153} INFO - Started process (PID=177153) to work on /home/monica.fernandez/practica_creativa/venv-airflow/lib/python3.11/site-packages/airflow/example_dags/example_time_delta_sensor_async.py
[2025-06-11T17:46:31.965+0200] {processor.py:743} INFO - Processing file /home/monica.fernandez/practica_creativa/venv-airflow/lib/python3.11/site-packages/airflow/example_dags/example_time_delta_sensor_async.py for tasks to queue
[2025-06-11T17:46:31.965+0200] {logging_mixin.py:137} INFO - [2025-06-11T17:46:31.965+0200] {dagbag.py:538} INFO - Filling up the DagBag from /home/monica.fernandez/practica_creativa/venv-airflow/lib/python3.11/site-packages/airflow/example_dags/example_time_delta_sensor_async.py
[2025-06-11T17:46:31.990+0200] {processor.py:753} INFO - DAG(s) dict_keys(['example_time_delta_sensor_async']) retrieved from /home/monica.fernandez/practica_creativa/venv-airflow/lib/python3.11/site-packages/airflow/example_dags/example_time_delta_sensor_async.py
[2025-06-11T17:46:32.032+0200] {logging_mixin.py:137} INFO - [2025-06-11T17:46:32.032+0200] {dag.py:2690} INFO - Sync 1 DAGs
[2025-06-11T17:46:32.098+0200] {logging_mixin.py:137} INFO - [2025-06-11T17:46:32.098+0200] {dag.py:3437} INFO - Setting next_dagrun for example_time_delta_sensor_async to None, run_after=None
[2025-06-11T17:46:32.185+0200] {processor.py:175} INFO - Processing /home/monica.fernandez/practica_creativa/venv-airflow/lib/python3.11/site-packages/airflow/example_dags/example_time_delta_sensor_async.py took 0.229 seconds
[2025-06-11T17:47:28.598+0200] {processor.py:153} INFO - Started process (PID=177637) to work on /home/monica.fernandez/practica_creativa/venv-airflow/lib/python3.11/site-packages/airflow/example_dags/example_time_delta_sensor_async.py
[2025-06-11T17:47:28.599+0200] {processor.py:743} INFO - Processing file /home/monica.fernandez/practica_creativa/venv-airflow/lib/python3.11/site-packages/airflow/example_dags/example_time_delta_sensor_async.py for tasks to queue
[2025-06-11T17:47:28.600+0200] {logging_mixin.py:137} INFO - [2025-06-11T17:47:28.600+0200] {dagbag.py:538} INFO - Filling up the DagBag from /home/monica.fernandez/practica_creativa/venv-airflow/lib/python3.11/site-packages/airflow/example_dags/example_time_delta_sensor_async.py
[2025-06-11T17:47:28.629+0200] {processor.py:753} INFO - DAG(s) dict_keys(['example_time_delta_sensor_async']) retrieved from /home/monica.fernandez/practica_creativa/venv-airflow/lib/python3.11/site-packages/airflow/example_dags/example_time_delta_sensor_async.py
[2025-06-11T17:47:28.668+0200] {logging_mixin.py:137} INFO - [2025-06-11T17:47:28.667+0200] {dag.py:2690} INFO - Sync 1 DAGs
[2025-06-11T17:47:28.713+0200] {logging_mixin.py:137} INFO - [2025-06-11T17:47:28.713+0200] {dag.py:3437} INFO - Setting next_dagrun for example_time_delta_sensor_async to None, run_after=None
[2025-06-11T17:47:28.792+0200] {processor.py:175} INFO - Processing /home/monica.fernandez/practica_creativa/venv-airflow/lib/python3.11/site-packages/airflow/example_dags/example_time_delta_sensor_async.py took 0.199 seconds
[2025-06-11T17:48:21.319+0200] {processor.py:153} INFO - Started process (PID=178128) to work on /home/monica.fernandez/practica_creativa/venv-airflow/lib/python3.11/site-packages/airflow/example_dags/example_time_delta_sensor_async.py
[2025-06-11T17:48:21.320+0200] {processor.py:743} INFO - Processing file /home/monica.fernandez/practica_creativa/venv-airflow/lib/python3.11/site-packages/airflow/example_dags/example_time_delta_sensor_async.py for tasks to queue
[2025-06-11T17:48:21.320+0200] {logging_mixin.py:137} INFO - [2025-06-11T17:48:21.320+0200] {dagbag.py:538} INFO - Filling up the DagBag from /home/monica.fernandez/practica_creativa/venv-airflow/lib/python3.11/site-packages/airflow/example_dags/example_time_delta_sensor_async.py
[2025-06-11T17:48:21.341+0200] {processor.py:753} INFO - DAG(s) dict_keys(['example_time_delta_sensor_async']) retrieved from /home/monica.fernandez/practica_creativa/venv-airflow/lib/python3.11/site-packages/airflow/example_dags/example_time_delta_sensor_async.py
[2025-06-11T17:48:21.372+0200] {logging_mixin.py:137} INFO - [2025-06-11T17:48:21.372+0200] {dag.py:2690} INFO - Sync 1 DAGs
[2025-06-11T17:48:21.407+0200] {logging_mixin.py:137} INFO - [2025-06-11T17:48:21.406+0200] {dag.py:3437} INFO - Setting next_dagrun for example_time_delta_sensor_async to None, run_after=None
[2025-06-11T17:48:21.465+0200] {processor.py:175} INFO - Processing /home/monica.fernandez/practica_creativa/venv-airflow/lib/python3.11/site-packages/airflow/example_dags/example_time_delta_sensor_async.py took 0.150 seconds
[2025-06-11T17:51:51.873+0200] {processor.py:153} INFO - Started process (PID=180793) to work on /home/monica.fernandez/practica_creativa/venv-airflow/lib/python3.11/site-packages/airflow/example_dags/example_time_delta_sensor_async.py
[2025-06-11T17:51:51.873+0200] {processor.py:743} INFO - Processing file /home/monica.fernandez/practica_creativa/venv-airflow/lib/python3.11/site-packages/airflow/example_dags/example_time_delta_sensor_async.py for tasks to queue
[2025-06-11T17:51:51.874+0200] {logging_mixin.py:137} INFO - [2025-06-11T17:51:51.874+0200] {dagbag.py:538} INFO - Filling up the DagBag from /home/monica.fernandez/practica_creativa/venv-airflow/lib/python3.11/site-packages/airflow/example_dags/example_time_delta_sensor_async.py
[2025-06-11T17:51:51.891+0200] {processor.py:753} INFO - DAG(s) dict_keys(['example_time_delta_sensor_async']) retrieved from /home/monica.fernandez/practica_creativa/venv-airflow/lib/python3.11/site-packages/airflow/example_dags/example_time_delta_sensor_async.py
[2025-06-11T17:51:51.917+0200] {logging_mixin.py:137} INFO - [2025-06-11T17:51:51.917+0200] {dag.py:2690} INFO - Sync 1 DAGs
[2025-06-11T17:51:51.945+0200] {logging_mixin.py:137} INFO - [2025-06-11T17:51:51.945+0200] {dag.py:3437} INFO - Setting next_dagrun for example_time_delta_sensor_async to None, run_after=None
[2025-06-11T17:51:52.005+0200] {processor.py:175} INFO - Processing /home/monica.fernandez/practica_creativa/venv-airflow/lib/python3.11/site-packages/airflow/example_dags/example_time_delta_sensor_async.py took 0.134 seconds
[2025-06-11T17:52:58.107+0200] {processor.py:153} INFO - Started process (PID=181479) to work on /home/monica.fernandez/practica_creativa/venv-airflow/lib/python3.11/site-packages/airflow/example_dags/example_time_delta_sensor_async.py
[2025-06-11T17:52:58.108+0200] {processor.py:743} INFO - Processing file /home/monica.fernandez/practica_creativa/venv-airflow/lib/python3.11/site-packages/airflow/example_dags/example_time_delta_sensor_async.py for tasks to queue
[2025-06-11T17:52:58.108+0200] {logging_mixin.py:137} INFO - [2025-06-11T17:52:58.108+0200] {dagbag.py:538} INFO - Filling up the DagBag from /home/monica.fernandez/practica_creativa/venv-airflow/lib/python3.11/site-packages/airflow/example_dags/example_time_delta_sensor_async.py
[2025-06-11T17:52:58.144+0200] {processor.py:753} INFO - DAG(s) dict_keys(['example_time_delta_sensor_async']) retrieved from /home/monica.fernandez/practica_creativa/venv-airflow/lib/python3.11/site-packages/airflow/example_dags/example_time_delta_sensor_async.py
[2025-06-11T17:52:58.231+0200] {logging_mixin.py:137} INFO - [2025-06-11T17:52:58.230+0200] {dag.py:2690} INFO - Sync 1 DAGs
[2025-06-11T17:52:58.305+0200] {logging_mixin.py:137} INFO - [2025-06-11T17:52:58.304+0200] {dag.py:3437} INFO - Setting next_dagrun for example_time_delta_sensor_async to None, run_after=None
[2025-06-11T17:52:58.404+0200] {processor.py:175} INFO - Processing /home/monica.fernandez/practica_creativa/venv-airflow/lib/python3.11/site-packages/airflow/example_dags/example_time_delta_sensor_async.py took 0.300 seconds
[2025-06-11T17:53:53.571+0200] {processor.py:153} INFO - Started process (PID=181978) to work on /home/monica.fernandez/practica_creativa/venv-airflow/lib/python3.11/site-packages/airflow/example_dags/example_time_delta_sensor_async.py
[2025-06-11T17:53:53.572+0200] {processor.py:743} INFO - Processing file /home/monica.fernandez/practica_creativa/venv-airflow/lib/python3.11/site-packages/airflow/example_dags/example_time_delta_sensor_async.py for tasks to queue
[2025-06-11T17:53:53.572+0200] {logging_mixin.py:137} INFO - [2025-06-11T17:53:53.572+0200] {dagbag.py:538} INFO - Filling up the DagBag from /home/monica.fernandez/practica_creativa/venv-airflow/lib/python3.11/site-packages/airflow/example_dags/example_time_delta_sensor_async.py
[2025-06-11T17:53:53.598+0200] {processor.py:753} INFO - DAG(s) dict_keys(['example_time_delta_sensor_async']) retrieved from /home/monica.fernandez/practica_creativa/venv-airflow/lib/python3.11/site-packages/airflow/example_dags/example_time_delta_sensor_async.py
[2025-06-11T17:53:53.649+0200] {logging_mixin.py:137} INFO - [2025-06-11T17:53:53.649+0200] {dag.py:2690} INFO - Sync 1 DAGs
[2025-06-11T17:53:53.689+0200] {logging_mixin.py:137} INFO - [2025-06-11T17:53:53.689+0200] {dag.py:3437} INFO - Setting next_dagrun for example_time_delta_sensor_async to None, run_after=None
[2025-06-11T17:53:53.759+0200] {processor.py:175} INFO - Processing /home/monica.fernandez/practica_creativa/venv-airflow/lib/python3.11/site-packages/airflow/example_dags/example_time_delta_sensor_async.py took 0.192 seconds
[2025-06-11T17:54:46.930+0200] {processor.py:153} INFO - Started process (PID=182423) to work on /home/monica.fernandez/practica_creativa/venv-airflow/lib/python3.11/site-packages/airflow/example_dags/example_time_delta_sensor_async.py
[2025-06-11T17:54:46.931+0200] {processor.py:743} INFO - Processing file /home/monica.fernandez/practica_creativa/venv-airflow/lib/python3.11/site-packages/airflow/example_dags/example_time_delta_sensor_async.py for tasks to queue
[2025-06-11T17:54:46.931+0200] {logging_mixin.py:137} INFO - [2025-06-11T17:54:46.931+0200] {dagbag.py:538} INFO - Filling up the DagBag from /home/monica.fernandez/practica_creativa/venv-airflow/lib/python3.11/site-packages/airflow/example_dags/example_time_delta_sensor_async.py
[2025-06-11T17:54:46.963+0200] {processor.py:753} INFO - DAG(s) dict_keys(['example_time_delta_sensor_async']) retrieved from /home/monica.fernandez/practica_creativa/venv-airflow/lib/python3.11/site-packages/airflow/example_dags/example_time_delta_sensor_async.py
[2025-06-11T17:54:47.009+0200] {logging_mixin.py:137} INFO - [2025-06-11T17:54:47.008+0200] {dag.py:2690} INFO - Sync 1 DAGs
[2025-06-11T17:54:47.046+0200] {logging_mixin.py:137} INFO - [2025-06-11T17:54:47.046+0200] {dag.py:3437} INFO - Setting next_dagrun for example_time_delta_sensor_async to None, run_after=None
[2025-06-11T17:54:47.102+0200] {processor.py:175} INFO - Processing /home/monica.fernandez/practica_creativa/venv-airflow/lib/python3.11/site-packages/airflow/example_dags/example_time_delta_sensor_async.py took 0.176 seconds
[2025-06-11T17:55:57.253+0200] {processor.py:153} INFO - Started process (PID=183234) to work on /home/monica.fernandez/practica_creativa/venv-airflow/lib/python3.11/site-packages/airflow/example_dags/example_time_delta_sensor_async.py
[2025-06-11T17:55:57.254+0200] {processor.py:743} INFO - Processing file /home/monica.fernandez/practica_creativa/venv-airflow/lib/python3.11/site-packages/airflow/example_dags/example_time_delta_sensor_async.py for tasks to queue
[2025-06-11T17:55:57.254+0200] {logging_mixin.py:137} INFO - [2025-06-11T17:55:57.254+0200] {dagbag.py:538} INFO - Filling up the DagBag from /home/monica.fernandez/practica_creativa/venv-airflow/lib/python3.11/site-packages/airflow/example_dags/example_time_delta_sensor_async.py
[2025-06-11T17:55:57.288+0200] {processor.py:753} INFO - DAG(s) dict_keys(['example_time_delta_sensor_async']) retrieved from /home/monica.fernandez/practica_creativa/venv-airflow/lib/python3.11/site-packages/airflow/example_dags/example_time_delta_sensor_async.py
[2025-06-11T17:55:57.327+0200] {logging_mixin.py:137} INFO - [2025-06-11T17:55:57.327+0200] {dag.py:2690} INFO - Sync 1 DAGs
[2025-06-11T17:55:57.380+0200] {logging_mixin.py:137} INFO - [2025-06-11T17:55:57.380+0200] {dag.py:3437} INFO - Setting next_dagrun for example_time_delta_sensor_async to None, run_after=None
[2025-06-11T17:55:57.449+0200] {processor.py:175} INFO - Processing /home/monica.fernandez/practica_creativa/venv-airflow/lib/python3.11/site-packages/airflow/example_dags/example_time_delta_sensor_async.py took 0.199 seconds
[2025-06-11T17:57:06.477+0200] {processor.py:153} INFO - Started process (PID=183969) to work on /home/monica.fernandez/practica_creativa/venv-airflow/lib/python3.11/site-packages/airflow/example_dags/example_time_delta_sensor_async.py
[2025-06-11T17:57:06.478+0200] {processor.py:743} INFO - Processing file /home/monica.fernandez/practica_creativa/venv-airflow/lib/python3.11/site-packages/airflow/example_dags/example_time_delta_sensor_async.py for tasks to queue
[2025-06-11T17:57:06.478+0200] {logging_mixin.py:137} INFO - [2025-06-11T17:57:06.478+0200] {dagbag.py:538} INFO - Filling up the DagBag from /home/monica.fernandez/practica_creativa/venv-airflow/lib/python3.11/site-packages/airflow/example_dags/example_time_delta_sensor_async.py
[2025-06-11T17:57:06.512+0200] {processor.py:753} INFO - DAG(s) dict_keys(['example_time_delta_sensor_async']) retrieved from /home/monica.fernandez/practica_creativa/venv-airflow/lib/python3.11/site-packages/airflow/example_dags/example_time_delta_sensor_async.py
[2025-06-11T17:57:06.556+0200] {logging_mixin.py:137} INFO - [2025-06-11T17:57:06.555+0200] {dag.py:2690} INFO - Sync 1 DAGs
[2025-06-11T17:57:06.588+0200] {logging_mixin.py:137} INFO - [2025-06-11T17:57:06.588+0200] {dag.py:3437} INFO - Setting next_dagrun for example_time_delta_sensor_async to None, run_after=None
[2025-06-11T17:57:06.647+0200] {processor.py:175} INFO - Processing /home/monica.fernandez/practica_creativa/venv-airflow/lib/python3.11/site-packages/airflow/example_dags/example_time_delta_sensor_async.py took 0.172 seconds
[2025-06-11T17:58:10.880+0200] {processor.py:153} INFO - Started process (PID=184560) to work on /home/monica.fernandez/practica_creativa/venv-airflow/lib/python3.11/site-packages/airflow/example_dags/example_time_delta_sensor_async.py
[2025-06-11T17:58:10.881+0200] {processor.py:743} INFO - Processing file /home/monica.fernandez/practica_creativa/venv-airflow/lib/python3.11/site-packages/airflow/example_dags/example_time_delta_sensor_async.py for tasks to queue
[2025-06-11T17:58:10.881+0200] {logging_mixin.py:137} INFO - [2025-06-11T17:58:10.881+0200] {dagbag.py:538} INFO - Filling up the DagBag from /home/monica.fernandez/practica_creativa/venv-airflow/lib/python3.11/site-packages/airflow/example_dags/example_time_delta_sensor_async.py
[2025-06-11T17:58:10.910+0200] {processor.py:753} INFO - DAG(s) dict_keys(['example_time_delta_sensor_async']) retrieved from /home/monica.fernandez/practica_creativa/venv-airflow/lib/python3.11/site-packages/airflow/example_dags/example_time_delta_sensor_async.py
[2025-06-11T17:58:10.952+0200] {logging_mixin.py:137} INFO - [2025-06-11T17:58:10.952+0200] {dag.py:2690} INFO - Sync 1 DAGs
[2025-06-11T17:58:10.978+0200] {logging_mixin.py:137} INFO - [2025-06-11T17:58:10.977+0200] {dag.py:3437} INFO - Setting next_dagrun for example_time_delta_sensor_async to None, run_after=None
[2025-06-11T17:58:11.042+0200] {processor.py:175} INFO - Processing /home/monica.fernandez/practica_creativa/venv-airflow/lib/python3.11/site-packages/airflow/example_dags/example_time_delta_sensor_async.py took 0.169 seconds
[2025-06-11T17:59:04.971+0200] {processor.py:153} INFO - Started process (PID=185085) to work on /home/monica.fernandez/practica_creativa/venv-airflow/lib/python3.11/site-packages/airflow/example_dags/example_time_delta_sensor_async.py
[2025-06-11T17:59:04.972+0200] {processor.py:743} INFO - Processing file /home/monica.fernandez/practica_creativa/venv-airflow/lib/python3.11/site-packages/airflow/example_dags/example_time_delta_sensor_async.py for tasks to queue
[2025-06-11T17:59:04.972+0200] {logging_mixin.py:137} INFO - [2025-06-11T17:59:04.972+0200] {dagbag.py:538} INFO - Filling up the DagBag from /home/monica.fernandez/practica_creativa/venv-airflow/lib/python3.11/site-packages/airflow/example_dags/example_time_delta_sensor_async.py
[2025-06-11T17:59:05.008+0200] {processor.py:753} INFO - DAG(s) dict_keys(['example_time_delta_sensor_async']) retrieved from /home/monica.fernandez/practica_creativa/venv-airflow/lib/python3.11/site-packages/airflow/example_dags/example_time_delta_sensor_async.py
[2025-06-11T17:59:05.070+0200] {logging_mixin.py:137} INFO - [2025-06-11T17:59:05.070+0200] {dag.py:2690} INFO - Sync 1 DAGs
[2025-06-11T17:59:05.147+0200] {logging_mixin.py:137} INFO - [2025-06-11T17:59:05.146+0200] {dag.py:3437} INFO - Setting next_dagrun for example_time_delta_sensor_async to None, run_after=None
[2025-06-11T17:59:05.201+0200] {processor.py:175} INFO - Processing /home/monica.fernandez/practica_creativa/venv-airflow/lib/python3.11/site-packages/airflow/example_dags/example_time_delta_sensor_async.py took 0.232 seconds
[2025-06-11T18:00:06.316+0200] {processor.py:153} INFO - Started process (PID=185586) to work on /home/monica.fernandez/practica_creativa/venv-airflow/lib/python3.11/site-packages/airflow/example_dags/example_time_delta_sensor_async.py
[2025-06-11T18:00:06.317+0200] {processor.py:743} INFO - Processing file /home/monica.fernandez/practica_creativa/venv-airflow/lib/python3.11/site-packages/airflow/example_dags/example_time_delta_sensor_async.py for tasks to queue
[2025-06-11T18:00:06.317+0200] {logging_mixin.py:137} INFO - [2025-06-11T18:00:06.317+0200] {dagbag.py:538} INFO - Filling up the DagBag from /home/monica.fernandez/practica_creativa/venv-airflow/lib/python3.11/site-packages/airflow/example_dags/example_time_delta_sensor_async.py
[2025-06-11T18:00:06.344+0200] {processor.py:753} INFO - DAG(s) dict_keys(['example_time_delta_sensor_async']) retrieved from /home/monica.fernandez/practica_creativa/venv-airflow/lib/python3.11/site-packages/airflow/example_dags/example_time_delta_sensor_async.py
[2025-06-11T18:00:06.380+0200] {logging_mixin.py:137} INFO - [2025-06-11T18:00:06.380+0200] {dag.py:2690} INFO - Sync 1 DAGs
[2025-06-11T18:00:06.406+0200] {logging_mixin.py:137} INFO - [2025-06-11T18:00:06.406+0200] {dag.py:3437} INFO - Setting next_dagrun for example_time_delta_sensor_async to None, run_after=None
[2025-06-11T18:00:06.461+0200] {processor.py:175} INFO - Processing /home/monica.fernandez/practica_creativa/venv-airflow/lib/python3.11/site-packages/airflow/example_dags/example_time_delta_sensor_async.py took 0.150 seconds
[2025-06-11T18:01:07.310+0200] {processor.py:153} INFO - Started process (PID=186140) to work on /home/monica.fernandez/practica_creativa/venv-airflow/lib/python3.11/site-packages/airflow/example_dags/example_time_delta_sensor_async.py
[2025-06-11T18:01:07.312+0200] {processor.py:743} INFO - Processing file /home/monica.fernandez/practica_creativa/venv-airflow/lib/python3.11/site-packages/airflow/example_dags/example_time_delta_sensor_async.py for tasks to queue
[2025-06-11T18:01:07.314+0200] {logging_mixin.py:137} INFO - [2025-06-11T18:01:07.313+0200] {dagbag.py:538} INFO - Filling up the DagBag from /home/monica.fernandez/practica_creativa/venv-airflow/lib/python3.11/site-packages/airflow/example_dags/example_time_delta_sensor_async.py
[2025-06-11T18:01:07.357+0200] {processor.py:753} INFO - DAG(s) dict_keys(['example_time_delta_sensor_async']) retrieved from /home/monica.fernandez/practica_creativa/venv-airflow/lib/python3.11/site-packages/airflow/example_dags/example_time_delta_sensor_async.py
[2025-06-11T18:01:07.410+0200] {logging_mixin.py:137} INFO - [2025-06-11T18:01:07.410+0200] {dag.py:2690} INFO - Sync 1 DAGs
[2025-06-11T18:01:07.456+0200] {logging_mixin.py:137} INFO - [2025-06-11T18:01:07.456+0200] {dag.py:3437} INFO - Setting next_dagrun for example_time_delta_sensor_async to None, run_after=None
[2025-06-11T18:01:07.514+0200] {processor.py:175} INFO - Processing /home/monica.fernandez/practica_creativa/venv-airflow/lib/python3.11/site-packages/airflow/example_dags/example_time_delta_sensor_async.py took 0.207 seconds
[2025-06-11T18:02:47.518+0200] {processor.py:153} INFO - Started process (PID=187146) to work on /home/monica.fernandez/practica_creativa/venv-airflow/lib/python3.11/site-packages/airflow/example_dags/example_time_delta_sensor_async.py
[2025-06-11T18:02:47.518+0200] {processor.py:743} INFO - Processing file /home/monica.fernandez/practica_creativa/venv-airflow/lib/python3.11/site-packages/airflow/example_dags/example_time_delta_sensor_async.py for tasks to queue
[2025-06-11T18:02:47.519+0200] {logging_mixin.py:137} INFO - [2025-06-11T18:02:47.519+0200] {dagbag.py:538} INFO - Filling up the DagBag from /home/monica.fernandez/practica_creativa/venv-airflow/lib/python3.11/site-packages/airflow/example_dags/example_time_delta_sensor_async.py
[2025-06-11T18:02:47.535+0200] {processor.py:753} INFO - DAG(s) dict_keys(['example_time_delta_sensor_async']) retrieved from /home/monica.fernandez/practica_creativa/venv-airflow/lib/python3.11/site-packages/airflow/example_dags/example_time_delta_sensor_async.py
[2025-06-11T18:02:47.563+0200] {logging_mixin.py:137} INFO - [2025-06-11T18:02:47.563+0200] {dag.py:2690} INFO - Sync 1 DAGs
[2025-06-11T18:02:47.591+0200] {logging_mixin.py:137} INFO - [2025-06-11T18:02:47.590+0200] {dag.py:3437} INFO - Setting next_dagrun for example_time_delta_sensor_async to None, run_after=None
[2025-06-11T18:02:47.643+0200] {processor.py:175} INFO - Processing /home/monica.fernandez/practica_creativa/venv-airflow/lib/python3.11/site-packages/airflow/example_dags/example_time_delta_sensor_async.py took 0.128 seconds
[2025-06-11T18:03:41.613+0200] {processor.py:153} INFO - Started process (PID=187612) to work on /home/monica.fernandez/practica_creativa/venv-airflow/lib/python3.11/site-packages/airflow/example_dags/example_time_delta_sensor_async.py
[2025-06-11T18:03:41.614+0200] {processor.py:743} INFO - Processing file /home/monica.fernandez/practica_creativa/venv-airflow/lib/python3.11/site-packages/airflow/example_dags/example_time_delta_sensor_async.py for tasks to queue
[2025-06-11T18:03:41.615+0200] {logging_mixin.py:137} INFO - [2025-06-11T18:03:41.615+0200] {dagbag.py:538} INFO - Filling up the DagBag from /home/monica.fernandez/practica_creativa/venv-airflow/lib/python3.11/site-packages/airflow/example_dags/example_time_delta_sensor_async.py
[2025-06-11T18:03:41.644+0200] {processor.py:753} INFO - DAG(s) dict_keys(['example_time_delta_sensor_async']) retrieved from /home/monica.fernandez/practica_creativa/venv-airflow/lib/python3.11/site-packages/airflow/example_dags/example_time_delta_sensor_async.py
[2025-06-11T18:03:41.698+0200] {logging_mixin.py:137} INFO - [2025-06-11T18:03:41.697+0200] {dag.py:2690} INFO - Sync 1 DAGs
[2025-06-11T18:03:41.752+0200] {logging_mixin.py:137} INFO - [2025-06-11T18:03:41.752+0200] {dag.py:3437} INFO - Setting next_dagrun for example_time_delta_sensor_async to None, run_after=None
[2025-06-11T18:03:41.842+0200] {processor.py:175} INFO - Processing /home/monica.fernandez/practica_creativa/venv-airflow/lib/python3.11/site-packages/airflow/example_dags/example_time_delta_sensor_async.py took 0.232 seconds
[2025-06-11T18:04:30.827+0200] {processor.py:153} INFO - Started process (PID=188048) to work on /home/monica.fernandez/practica_creativa/venv-airflow/lib/python3.11/site-packages/airflow/example_dags/example_time_delta_sensor_async.py
[2025-06-11T18:04:30.827+0200] {processor.py:743} INFO - Processing file /home/monica.fernandez/practica_creativa/venv-airflow/lib/python3.11/site-packages/airflow/example_dags/example_time_delta_sensor_async.py for tasks to queue
[2025-06-11T18:04:30.828+0200] {logging_mixin.py:137} INFO - [2025-06-11T18:04:30.828+0200] {dagbag.py:538} INFO - Filling up the DagBag from /home/monica.fernandez/practica_creativa/venv-airflow/lib/python3.11/site-packages/airflow/example_dags/example_time_delta_sensor_async.py
[2025-06-11T18:04:30.844+0200] {processor.py:753} INFO - DAG(s) dict_keys(['example_time_delta_sensor_async']) retrieved from /home/monica.fernandez/practica_creativa/venv-airflow/lib/python3.11/site-packages/airflow/example_dags/example_time_delta_sensor_async.py
[2025-06-11T18:04:30.874+0200] {logging_mixin.py:137} INFO - [2025-06-11T18:04:30.874+0200] {dag.py:2690} INFO - Sync 1 DAGs
[2025-06-11T18:04:30.901+0200] {logging_mixin.py:137} INFO - [2025-06-11T18:04:30.901+0200] {dag.py:3437} INFO - Setting next_dagrun for example_time_delta_sensor_async to None, run_after=None
[2025-06-11T18:04:30.992+0200] {processor.py:175} INFO - Processing /home/monica.fernandez/practica_creativa/venv-airflow/lib/python3.11/site-packages/airflow/example_dags/example_time_delta_sensor_async.py took 0.170 seconds
[2025-06-11T18:05:17.081+0200] {processor.py:153} INFO - Started process (PID=188371) to work on /home/monica.fernandez/practica_creativa/venv-airflow/lib/python3.11/site-packages/airflow/example_dags/example_time_delta_sensor_async.py
[2025-06-11T18:05:17.082+0200] {processor.py:743} INFO - Processing file /home/monica.fernandez/practica_creativa/venv-airflow/lib/python3.11/site-packages/airflow/example_dags/example_time_delta_sensor_async.py for tasks to queue
[2025-06-11T18:05:17.083+0200] {logging_mixin.py:137} INFO - [2025-06-11T18:05:17.083+0200] {dagbag.py:538} INFO - Filling up the DagBag from /home/monica.fernandez/practica_creativa/venv-airflow/lib/python3.11/site-packages/airflow/example_dags/example_time_delta_sensor_async.py
[2025-06-11T18:05:17.130+0200] {processor.py:753} INFO - DAG(s) dict_keys(['example_time_delta_sensor_async']) retrieved from /home/monica.fernandez/practica_creativa/venv-airflow/lib/python3.11/site-packages/airflow/example_dags/example_time_delta_sensor_async.py
[2025-06-11T18:05:17.180+0200] {logging_mixin.py:137} INFO - [2025-06-11T18:05:17.180+0200] {dag.py:2690} INFO - Sync 1 DAGs
[2025-06-11T18:05:17.216+0200] {logging_mixin.py:137} INFO - [2025-06-11T18:05:17.215+0200] {dag.py:3437} INFO - Setting next_dagrun for example_time_delta_sensor_async to None, run_after=None
[2025-06-11T18:05:17.329+0200] {processor.py:175} INFO - Processing /home/monica.fernandez/practica_creativa/venv-airflow/lib/python3.11/site-packages/airflow/example_dags/example_time_delta_sensor_async.py took 0.252 seconds
[2025-06-11T18:06:14.211+0200] {processor.py:153} INFO - Started process (PID=188921) to work on /home/monica.fernandez/practica_creativa/venv-airflow/lib/python3.11/site-packages/airflow/example_dags/example_time_delta_sensor_async.py
[2025-06-11T18:06:14.212+0200] {processor.py:743} INFO - Processing file /home/monica.fernandez/practica_creativa/venv-airflow/lib/python3.11/site-packages/airflow/example_dags/example_time_delta_sensor_async.py for tasks to queue
[2025-06-11T18:06:14.213+0200] {logging_mixin.py:137} INFO - [2025-06-11T18:06:14.213+0200] {dagbag.py:538} INFO - Filling up the DagBag from /home/monica.fernandez/practica_creativa/venv-airflow/lib/python3.11/site-packages/airflow/example_dags/example_time_delta_sensor_async.py
[2025-06-11T18:06:14.231+0200] {processor.py:753} INFO - DAG(s) dict_keys(['example_time_delta_sensor_async']) retrieved from /home/monica.fernandez/practica_creativa/venv-airflow/lib/python3.11/site-packages/airflow/example_dags/example_time_delta_sensor_async.py
[2025-06-11T18:06:14.263+0200] {logging_mixin.py:137} INFO - [2025-06-11T18:06:14.263+0200] {dag.py:2690} INFO - Sync 1 DAGs
[2025-06-11T18:06:14.291+0200] {logging_mixin.py:137} INFO - [2025-06-11T18:06:14.291+0200] {dag.py:3437} INFO - Setting next_dagrun for example_time_delta_sensor_async to None, run_after=None
[2025-06-11T18:06:14.357+0200] {processor.py:175} INFO - Processing /home/monica.fernandez/practica_creativa/venv-airflow/lib/python3.11/site-packages/airflow/example_dags/example_time_delta_sensor_async.py took 0.149 seconds
[2025-06-11T18:08:11.360+0200] {processor.py:153} INFO - Started process (PID=190453) to work on /home/monica.fernandez/practica_creativa/venv-airflow/lib/python3.11/site-packages/airflow/example_dags/example_time_delta_sensor_async.py
[2025-06-11T18:08:11.361+0200] {processor.py:743} INFO - Processing file /home/monica.fernandez/practica_creativa/venv-airflow/lib/python3.11/site-packages/airflow/example_dags/example_time_delta_sensor_async.py for tasks to queue
[2025-06-11T18:08:11.362+0200] {logging_mixin.py:137} INFO - [2025-06-11T18:08:11.361+0200] {dagbag.py:538} INFO - Filling up the DagBag from /home/monica.fernandez/practica_creativa/venv-airflow/lib/python3.11/site-packages/airflow/example_dags/example_time_delta_sensor_async.py
[2025-06-11T18:08:11.406+0200] {processor.py:753} INFO - DAG(s) dict_keys(['example_time_delta_sensor_async']) retrieved from /home/monica.fernandez/practica_creativa/venv-airflow/lib/python3.11/site-packages/airflow/example_dags/example_time_delta_sensor_async.py
[2025-06-11T18:08:11.439+0200] {logging_mixin.py:137} INFO - [2025-06-11T18:08:11.439+0200] {dag.py:2690} INFO - Sync 1 DAGs
[2025-06-11T18:08:11.467+0200] {logging_mixin.py:137} INFO - [2025-06-11T18:08:11.467+0200] {dag.py:3437} INFO - Setting next_dagrun for example_time_delta_sensor_async to None, run_after=None
[2025-06-11T18:08:11.537+0200] {processor.py:175} INFO - Processing /home/monica.fernandez/practica_creativa/venv-airflow/lib/python3.11/site-packages/airflow/example_dags/example_time_delta_sensor_async.py took 0.182 seconds
[2025-06-11T18:09:03.037+0200] {processor.py:153} INFO - Started process (PID=191090) to work on /home/monica.fernandez/practica_creativa/venv-airflow/lib/python3.11/site-packages/airflow/example_dags/example_time_delta_sensor_async.py
[2025-06-11T18:09:03.037+0200] {processor.py:743} INFO - Processing file /home/monica.fernandez/practica_creativa/venv-airflow/lib/python3.11/site-packages/airflow/example_dags/example_time_delta_sensor_async.py for tasks to queue
[2025-06-11T18:09:03.038+0200] {logging_mixin.py:137} INFO - [2025-06-11T18:09:03.038+0200] {dagbag.py:538} INFO - Filling up the DagBag from /home/monica.fernandez/practica_creativa/venv-airflow/lib/python3.11/site-packages/airflow/example_dags/example_time_delta_sensor_async.py
[2025-06-11T18:09:03.059+0200] {processor.py:753} INFO - DAG(s) dict_keys(['example_time_delta_sensor_async']) retrieved from /home/monica.fernandez/practica_creativa/venv-airflow/lib/python3.11/site-packages/airflow/example_dags/example_time_delta_sensor_async.py
[2025-06-11T18:09:03.089+0200] {logging_mixin.py:137} INFO - [2025-06-11T18:09:03.089+0200] {dag.py:2690} INFO - Sync 1 DAGs
[2025-06-11T18:09:03.114+0200] {logging_mixin.py:137} INFO - [2025-06-11T18:09:03.114+0200] {dag.py:3437} INFO - Setting next_dagrun for example_time_delta_sensor_async to None, run_after=None
[2025-06-11T18:09:03.174+0200] {processor.py:175} INFO - Processing /home/monica.fernandez/practica_creativa/venv-airflow/lib/python3.11/site-packages/airflow/example_dags/example_time_delta_sensor_async.py took 0.140 seconds
[2025-06-11T18:09:49.681+0200] {processor.py:153} INFO - Started process (PID=191471) to work on /home/monica.fernandez/practica_creativa/venv-airflow/lib/python3.11/site-packages/airflow/example_dags/example_time_delta_sensor_async.py
[2025-06-11T18:09:49.681+0200] {processor.py:743} INFO - Processing file /home/monica.fernandez/practica_creativa/venv-airflow/lib/python3.11/site-packages/airflow/example_dags/example_time_delta_sensor_async.py for tasks to queue
[2025-06-11T18:09:49.682+0200] {logging_mixin.py:137} INFO - [2025-06-11T18:09:49.682+0200] {dagbag.py:538} INFO - Filling up the DagBag from /home/monica.fernandez/practica_creativa/venv-airflow/lib/python3.11/site-packages/airflow/example_dags/example_time_delta_sensor_async.py
[2025-06-11T18:09:49.712+0200] {processor.py:753} INFO - DAG(s) dict_keys(['example_time_delta_sensor_async']) retrieved from /home/monica.fernandez/practica_creativa/venv-airflow/lib/python3.11/site-packages/airflow/example_dags/example_time_delta_sensor_async.py
[2025-06-11T18:09:49.760+0200] {logging_mixin.py:137} INFO - [2025-06-11T18:09:49.759+0200] {dag.py:2690} INFO - Sync 1 DAGs
[2025-06-11T18:09:49.792+0200] {logging_mixin.py:137} INFO - [2025-06-11T18:09:49.792+0200] {dag.py:3437} INFO - Setting next_dagrun for example_time_delta_sensor_async to None, run_after=None
[2025-06-11T18:09:49.878+0200] {processor.py:175} INFO - Processing /home/monica.fernandez/practica_creativa/venv-airflow/lib/python3.11/site-packages/airflow/example_dags/example_time_delta_sensor_async.py took 0.200 seconds
[2025-06-11T18:10:39.749+0200] {processor.py:153} INFO - Started process (PID=191938) to work on /home/monica.fernandez/practica_creativa/venv-airflow/lib/python3.11/site-packages/airflow/example_dags/example_time_delta_sensor_async.py
[2025-06-11T18:10:39.750+0200] {processor.py:743} INFO - Processing file /home/monica.fernandez/practica_creativa/venv-airflow/lib/python3.11/site-packages/airflow/example_dags/example_time_delta_sensor_async.py for tasks to queue
[2025-06-11T18:10:39.751+0200] {logging_mixin.py:137} INFO - [2025-06-11T18:10:39.750+0200] {dagbag.py:538} INFO - Filling up the DagBag from /home/monica.fernandez/practica_creativa/venv-airflow/lib/python3.11/site-packages/airflow/example_dags/example_time_delta_sensor_async.py
[2025-06-11T18:10:39.782+0200] {processor.py:753} INFO - DAG(s) dict_keys(['example_time_delta_sensor_async']) retrieved from /home/monica.fernandez/practica_creativa/venv-airflow/lib/python3.11/site-packages/airflow/example_dags/example_time_delta_sensor_async.py
[2025-06-11T18:10:39.816+0200] {logging_mixin.py:137} INFO - [2025-06-11T18:10:39.816+0200] {dag.py:2690} INFO - Sync 1 DAGs
[2025-06-11T18:10:39.846+0200] {logging_mixin.py:137} INFO - [2025-06-11T18:10:39.846+0200] {dag.py:3437} INFO - Setting next_dagrun for example_time_delta_sensor_async to None, run_after=None
[2025-06-11T18:10:39.903+0200] {processor.py:175} INFO - Processing /home/monica.fernandez/practica_creativa/venv-airflow/lib/python3.11/site-packages/airflow/example_dags/example_time_delta_sensor_async.py took 0.156 seconds
