[2025-06-11T16:08:09.687+0200] {processor.py:153} INFO - Started process (PID=121731) to work on /home/monica.fernandez/practica_creativa/venv-airflow/lib/python3.11/site-packages/airflow/example_dags/example_task_group.py
[2025-06-11T16:08:09.688+0200] {processor.py:743} INFO - Processing file /home/monica.fernandez/practica_creativa/venv-airflow/lib/python3.11/site-packages/airflow/example_dags/example_task_group.py for tasks to queue
[2025-06-11T16:08:09.688+0200] {logging_mixin.py:137} INFO - [2025-06-11T16:08:09.688+0200] {dagbag.py:538} INFO - Filling up the DagBag from /home/monica.fernandez/practica_creativa/venv-airflow/lib/python3.11/site-packages/airflow/example_dags/example_task_group.py
[2025-06-11T16:08:09.709+0200] {processor.py:753} INFO - DAG(s) dict_keys(['example_task_group']) retrieved from /home/monica.fernandez/practica_creativa/venv-airflow/lib/python3.11/site-packages/airflow/example_dags/example_task_group.py
[2025-06-11T16:08:09.860+0200] {logging_mixin.py:137} INFO - [2025-06-11T16:08:09.860+0200] {manager.py:504} INFO - Created Permission View: can read on DAG:example_task_group
[2025-06-11T16:08:09.890+0200] {logging_mixin.py:137} INFO - [2025-06-11T16:08:09.889+0200] {manager.py:504} INFO - Created Permission View: can delete on DAG:example_task_group
[2025-06-11T16:08:09.918+0200] {logging_mixin.py:137} INFO - [2025-06-11T16:08:09.917+0200] {manager.py:504} INFO - Created Permission View: can edit on DAG:example_task_group
[2025-06-11T16:08:09.918+0200] {logging_mixin.py:137} INFO - [2025-06-11T16:08:09.918+0200] {dag.py:2690} INFO - Sync 1 DAGs
[2025-06-11T16:08:09.935+0200] {logging_mixin.py:137} INFO - [2025-06-11T16:08:09.935+0200] {dag.py:2711} INFO - Creating ORM DAG for example_task_group
[2025-06-11T16:08:09.949+0200] {logging_mixin.py:137} INFO - [2025-06-11T16:08:09.949+0200] {dag.py:3437} INFO - Setting next_dagrun for example_task_group to 2025-06-10T14:08:09.948936+00:00, run_after=2025-06-11T14:08:09.948936+00:00
[2025-06-11T16:08:10.000+0200] {processor.py:175} INFO - Processing /home/monica.fernandez/practica_creativa/venv-airflow/lib/python3.11/site-packages/airflow/example_dags/example_task_group.py took 0.316 seconds
[2025-06-11T17:26:01.199+0200] {processor.py:153} INFO - Started process (PID=165193) to work on /home/monica.fernandez/practica_creativa/venv-airflow/lib/python3.11/site-packages/airflow/example_dags/example_task_group.py
[2025-06-11T17:26:01.200+0200] {processor.py:743} INFO - Processing file /home/monica.fernandez/practica_creativa/venv-airflow/lib/python3.11/site-packages/airflow/example_dags/example_task_group.py for tasks to queue
[2025-06-11T17:26:01.200+0200] {logging_mixin.py:137} INFO - [2025-06-11T17:26:01.200+0200] {dagbag.py:538} INFO - Filling up the DagBag from /home/monica.fernandez/practica_creativa/venv-airflow/lib/python3.11/site-packages/airflow/example_dags/example_task_group.py
[2025-06-11T17:26:01.220+0200] {processor.py:753} INFO - DAG(s) dict_keys(['example_task_group']) retrieved from /home/monica.fernandez/practica_creativa/venv-airflow/lib/python3.11/site-packages/airflow/example_dags/example_task_group.py
[2025-06-11T17:26:01.247+0200] {logging_mixin.py:137} INFO - [2025-06-11T17:26:01.247+0200] {dag.py:2690} INFO - Sync 1 DAGs
[2025-06-11T17:26:01.273+0200] {logging_mixin.py:137} INFO - [2025-06-11T17:26:01.273+0200] {dag.py:3437} INFO - Setting next_dagrun for example_task_group to 2025-06-10T15:26:01.273449+00:00, run_after=2025-06-11T15:26:01.273449+00:00
[2025-06-11T17:26:01.357+0200] {processor.py:175} INFO - Processing /home/monica.fernandez/practica_creativa/venv-airflow/lib/python3.11/site-packages/airflow/example_dags/example_task_group.py took 0.160 seconds
[2025-06-11T17:26:53.570+0200] {processor.py:153} INFO - Started process (PID=165679) to work on /home/monica.fernandez/practica_creativa/venv-airflow/lib/python3.11/site-packages/airflow/example_dags/example_task_group.py
[2025-06-11T17:26:53.570+0200] {processor.py:743} INFO - Processing file /home/monica.fernandez/practica_creativa/venv-airflow/lib/python3.11/site-packages/airflow/example_dags/example_task_group.py for tasks to queue
[2025-06-11T17:26:53.571+0200] {logging_mixin.py:137} INFO - [2025-06-11T17:26:53.571+0200] {dagbag.py:538} INFO - Filling up the DagBag from /home/monica.fernandez/practica_creativa/venv-airflow/lib/python3.11/site-packages/airflow/example_dags/example_task_group.py
[2025-06-11T17:26:53.599+0200] {processor.py:753} INFO - DAG(s) dict_keys(['example_task_group']) retrieved from /home/monica.fernandez/practica_creativa/venv-airflow/lib/python3.11/site-packages/airflow/example_dags/example_task_group.py
[2025-06-11T17:26:53.628+0200] {logging_mixin.py:137} INFO - [2025-06-11T17:26:53.628+0200] {dag.py:2690} INFO - Sync 1 DAGs
[2025-06-11T17:26:53.657+0200] {logging_mixin.py:137} INFO - [2025-06-11T17:26:53.657+0200] {dag.py:3437} INFO - Setting next_dagrun for example_task_group to 2025-06-10T15:26:53.657026+00:00, run_after=2025-06-11T15:26:53.657026+00:00
[2025-06-11T17:26:53.711+0200] {processor.py:175} INFO - Processing /home/monica.fernandez/practica_creativa/venv-airflow/lib/python3.11/site-packages/airflow/example_dags/example_task_group.py took 0.148 seconds
[2025-06-11T17:27:51.740+0200] {processor.py:153} INFO - Started process (PID=166245) to work on /home/monica.fernandez/practica_creativa/venv-airflow/lib/python3.11/site-packages/airflow/example_dags/example_task_group.py
[2025-06-11T17:27:51.740+0200] {processor.py:743} INFO - Processing file /home/monica.fernandez/practica_creativa/venv-airflow/lib/python3.11/site-packages/airflow/example_dags/example_task_group.py for tasks to queue
[2025-06-11T17:27:51.741+0200] {logging_mixin.py:137} INFO - [2025-06-11T17:27:51.741+0200] {dagbag.py:538} INFO - Filling up the DagBag from /home/monica.fernandez/practica_creativa/venv-airflow/lib/python3.11/site-packages/airflow/example_dags/example_task_group.py
[2025-06-11T17:27:51.790+0200] {processor.py:753} INFO - DAG(s) dict_keys(['example_task_group']) retrieved from /home/monica.fernandez/practica_creativa/venv-airflow/lib/python3.11/site-packages/airflow/example_dags/example_task_group.py
[2025-06-11T17:27:51.818+0200] {logging_mixin.py:137} INFO - [2025-06-11T17:27:51.818+0200] {dag.py:2690} INFO - Sync 1 DAGs
[2025-06-11T17:27:51.851+0200] {logging_mixin.py:137} INFO - [2025-06-11T17:27:51.851+0200] {dag.py:3437} INFO - Setting next_dagrun for example_task_group to 2025-06-10T15:27:51.850904+00:00, run_after=2025-06-11T15:27:51.850904+00:00
[2025-06-11T17:27:51.918+0200] {processor.py:175} INFO - Processing /home/monica.fernandez/practica_creativa/venv-airflow/lib/python3.11/site-packages/airflow/example_dags/example_task_group.py took 0.182 seconds
[2025-06-11T17:28:44.304+0200] {processor.py:153} INFO - Started process (PID=166855) to work on /home/monica.fernandez/practica_creativa/venv-airflow/lib/python3.11/site-packages/airflow/example_dags/example_task_group.py
[2025-06-11T17:28:44.305+0200] {processor.py:743} INFO - Processing file /home/monica.fernandez/practica_creativa/venv-airflow/lib/python3.11/site-packages/airflow/example_dags/example_task_group.py for tasks to queue
[2025-06-11T17:28:44.306+0200] {logging_mixin.py:137} INFO - [2025-06-11T17:28:44.305+0200] {dagbag.py:538} INFO - Filling up the DagBag from /home/monica.fernandez/practica_creativa/venv-airflow/lib/python3.11/site-packages/airflow/example_dags/example_task_group.py
[2025-06-11T17:28:44.339+0200] {processor.py:753} INFO - DAG(s) dict_keys(['example_task_group']) retrieved from /home/monica.fernandez/practica_creativa/venv-airflow/lib/python3.11/site-packages/airflow/example_dags/example_task_group.py
[2025-06-11T17:28:44.396+0200] {logging_mixin.py:137} INFO - [2025-06-11T17:28:44.396+0200] {dag.py:2690} INFO - Sync 1 DAGs
[2025-06-11T17:28:44.431+0200] {logging_mixin.py:137} INFO - [2025-06-11T17:28:44.431+0200] {dag.py:3437} INFO - Setting next_dagrun for example_task_group to 2025-06-10T15:28:44.431545+00:00, run_after=2025-06-11T15:28:44.431545+00:00
[2025-06-11T17:28:44.528+0200] {processor.py:175} INFO - Processing /home/monica.fernandez/practica_creativa/venv-airflow/lib/python3.11/site-packages/airflow/example_dags/example_task_group.py took 0.226 seconds
[2025-06-11T17:29:36.535+0200] {processor.py:153} INFO - Started process (PID=167278) to work on /home/monica.fernandez/practica_creativa/venv-airflow/lib/python3.11/site-packages/airflow/example_dags/example_task_group.py
[2025-06-11T17:29:36.536+0200] {processor.py:743} INFO - Processing file /home/monica.fernandez/practica_creativa/venv-airflow/lib/python3.11/site-packages/airflow/example_dags/example_task_group.py for tasks to queue
[2025-06-11T17:29:36.536+0200] {logging_mixin.py:137} INFO - [2025-06-11T17:29:36.536+0200] {dagbag.py:538} INFO - Filling up the DagBag from /home/monica.fernandez/practica_creativa/venv-airflow/lib/python3.11/site-packages/airflow/example_dags/example_task_group.py
[2025-06-11T17:29:36.556+0200] {processor.py:753} INFO - DAG(s) dict_keys(['example_task_group']) retrieved from /home/monica.fernandez/practica_creativa/venv-airflow/lib/python3.11/site-packages/airflow/example_dags/example_task_group.py
[2025-06-11T17:29:36.595+0200] {logging_mixin.py:137} INFO - [2025-06-11T17:29:36.595+0200] {dag.py:2690} INFO - Sync 1 DAGs
[2025-06-11T17:29:36.620+0200] {logging_mixin.py:137} INFO - [2025-06-11T17:29:36.619+0200] {dag.py:3437} INFO - Setting next_dagrun for example_task_group to 2025-06-10T15:29:36.619772+00:00, run_after=2025-06-11T15:29:36.619772+00:00
[2025-06-11T17:29:36.679+0200] {processor.py:175} INFO - Processing /home/monica.fernandez/practica_creativa/venv-airflow/lib/python3.11/site-packages/airflow/example_dags/example_task_group.py took 0.147 seconds
[2025-06-11T17:30:26.270+0200] {processor.py:153} INFO - Started process (PID=167716) to work on /home/monica.fernandez/practica_creativa/venv-airflow/lib/python3.11/site-packages/airflow/example_dags/example_task_group.py
[2025-06-11T17:30:26.271+0200] {processor.py:743} INFO - Processing file /home/monica.fernandez/practica_creativa/venv-airflow/lib/python3.11/site-packages/airflow/example_dags/example_task_group.py for tasks to queue
[2025-06-11T17:30:26.271+0200] {logging_mixin.py:137} INFO - [2025-06-11T17:30:26.271+0200] {dagbag.py:538} INFO - Filling up the DagBag from /home/monica.fernandez/practica_creativa/venv-airflow/lib/python3.11/site-packages/airflow/example_dags/example_task_group.py
[2025-06-11T17:30:26.291+0200] {processor.py:753} INFO - DAG(s) dict_keys(['example_task_group']) retrieved from /home/monica.fernandez/practica_creativa/venv-airflow/lib/python3.11/site-packages/airflow/example_dags/example_task_group.py
[2025-06-11T17:30:26.320+0200] {logging_mixin.py:137} INFO - [2025-06-11T17:30:26.320+0200] {dag.py:2690} INFO - Sync 1 DAGs
[2025-06-11T17:30:26.358+0200] {logging_mixin.py:137} INFO - [2025-06-11T17:30:26.358+0200] {dag.py:3437} INFO - Setting next_dagrun for example_task_group to 2025-06-10T15:30:26.358462+00:00, run_after=2025-06-11T15:30:26.358462+00:00
[2025-06-11T17:30:26.425+0200] {processor.py:175} INFO - Processing /home/monica.fernandez/practica_creativa/venv-airflow/lib/python3.11/site-packages/airflow/example_dags/example_task_group.py took 0.159 seconds
[2025-06-11T17:31:17.124+0200] {processor.py:153} INFO - Started process (PID=168517) to work on /home/monica.fernandez/practica_creativa/venv-airflow/lib/python3.11/site-packages/airflow/example_dags/example_task_group.py
[2025-06-11T17:31:17.125+0200] {processor.py:743} INFO - Processing file /home/monica.fernandez/practica_creativa/venv-airflow/lib/python3.11/site-packages/airflow/example_dags/example_task_group.py for tasks to queue
[2025-06-11T17:31:17.125+0200] {logging_mixin.py:137} INFO - [2025-06-11T17:31:17.125+0200] {dagbag.py:538} INFO - Filling up the DagBag from /home/monica.fernandez/practica_creativa/venv-airflow/lib/python3.11/site-packages/airflow/example_dags/example_task_group.py
[2025-06-11T17:31:17.149+0200] {processor.py:753} INFO - DAG(s) dict_keys(['example_task_group']) retrieved from /home/monica.fernandez/practica_creativa/venv-airflow/lib/python3.11/site-packages/airflow/example_dags/example_task_group.py
[2025-06-11T17:31:17.181+0200] {logging_mixin.py:137} INFO - [2025-06-11T17:31:17.181+0200] {dag.py:2690} INFO - Sync 1 DAGs
[2025-06-11T17:31:17.214+0200] {logging_mixin.py:137} INFO - [2025-06-11T17:31:17.214+0200] {dag.py:3437} INFO - Setting next_dagrun for example_task_group to 2025-06-10T15:31:17.213851+00:00, run_after=2025-06-11T15:31:17.213851+00:00
[2025-06-11T17:31:17.278+0200] {processor.py:175} INFO - Processing /home/monica.fernandez/practica_creativa/venv-airflow/lib/python3.11/site-packages/airflow/example_dags/example_task_group.py took 0.157 seconds
[2025-06-11T17:32:06.941+0200] {processor.py:153} INFO - Started process (PID=168826) to work on /home/monica.fernandez/practica_creativa/venv-airflow/lib/python3.11/site-packages/airflow/example_dags/example_task_group.py
[2025-06-11T17:32:06.942+0200] {processor.py:743} INFO - Processing file /home/monica.fernandez/practica_creativa/venv-airflow/lib/python3.11/site-packages/airflow/example_dags/example_task_group.py for tasks to queue
[2025-06-11T17:32:06.942+0200] {logging_mixin.py:137} INFO - [2025-06-11T17:32:06.942+0200] {dagbag.py:538} INFO - Filling up the DagBag from /home/monica.fernandez/practica_creativa/venv-airflow/lib/python3.11/site-packages/airflow/example_dags/example_task_group.py
[2025-06-11T17:32:06.962+0200] {processor.py:753} INFO - DAG(s) dict_keys(['example_task_group']) retrieved from /home/monica.fernandez/practica_creativa/venv-airflow/lib/python3.11/site-packages/airflow/example_dags/example_task_group.py
[2025-06-11T17:32:06.988+0200] {logging_mixin.py:137} INFO - [2025-06-11T17:32:06.988+0200] {dag.py:2690} INFO - Sync 1 DAGs
[2025-06-11T17:32:07.018+0200] {logging_mixin.py:137} INFO - [2025-06-11T17:32:07.018+0200] {dag.py:3437} INFO - Setting next_dagrun for example_task_group to 2025-06-10T15:32:07.018105+00:00, run_after=2025-06-11T15:32:07.018105+00:00
[2025-06-11T17:32:07.067+0200] {processor.py:175} INFO - Processing /home/monica.fernandez/practica_creativa/venv-airflow/lib/python3.11/site-packages/airflow/example_dags/example_task_group.py took 0.128 seconds
[2025-06-11T17:33:05.960+0200] {processor.py:153} INFO - Started process (PID=169373) to work on /home/monica.fernandez/practica_creativa/venv-airflow/lib/python3.11/site-packages/airflow/example_dags/example_task_group.py
[2025-06-11T17:33:05.961+0200] {processor.py:743} INFO - Processing file /home/monica.fernandez/practica_creativa/venv-airflow/lib/python3.11/site-packages/airflow/example_dags/example_task_group.py for tasks to queue
[2025-06-11T17:33:05.963+0200] {logging_mixin.py:137} INFO - [2025-06-11T17:33:05.962+0200] {dagbag.py:538} INFO - Filling up the DagBag from /home/monica.fernandez/practica_creativa/venv-airflow/lib/python3.11/site-packages/airflow/example_dags/example_task_group.py
[2025-06-11T17:33:05.997+0200] {processor.py:753} INFO - DAG(s) dict_keys(['example_task_group']) retrieved from /home/monica.fernandez/practica_creativa/venv-airflow/lib/python3.11/site-packages/airflow/example_dags/example_task_group.py
[2025-06-11T17:33:06.031+0200] {logging_mixin.py:137} INFO - [2025-06-11T17:33:06.030+0200] {dag.py:2690} INFO - Sync 1 DAGs
[2025-06-11T17:33:06.067+0200] {logging_mixin.py:137} INFO - [2025-06-11T17:33:06.067+0200] {dag.py:3437} INFO - Setting next_dagrun for example_task_group to 2025-06-10T15:33:06.067597+00:00, run_after=2025-06-11T15:33:06.067597+00:00
[2025-06-11T17:33:06.151+0200] {processor.py:175} INFO - Processing /home/monica.fernandez/practica_creativa/venv-airflow/lib/python3.11/site-packages/airflow/example_dags/example_task_group.py took 0.197 seconds
[2025-06-11T17:33:58.832+0200] {processor.py:153} INFO - Started process (PID=169833) to work on /home/monica.fernandez/practica_creativa/venv-airflow/lib/python3.11/site-packages/airflow/example_dags/example_task_group.py
[2025-06-11T17:33:58.832+0200] {processor.py:743} INFO - Processing file /home/monica.fernandez/practica_creativa/venv-airflow/lib/python3.11/site-packages/airflow/example_dags/example_task_group.py for tasks to queue
[2025-06-11T17:33:58.833+0200] {logging_mixin.py:137} INFO - [2025-06-11T17:33:58.833+0200] {dagbag.py:538} INFO - Filling up the DagBag from /home/monica.fernandez/practica_creativa/venv-airflow/lib/python3.11/site-packages/airflow/example_dags/example_task_group.py
[2025-06-11T17:33:58.860+0200] {processor.py:753} INFO - DAG(s) dict_keys(['example_task_group']) retrieved from /home/monica.fernandez/practica_creativa/venv-airflow/lib/python3.11/site-packages/airflow/example_dags/example_task_group.py
[2025-06-11T17:33:58.893+0200] {logging_mixin.py:137} INFO - [2025-06-11T17:33:58.893+0200] {dag.py:2690} INFO - Sync 1 DAGs
[2025-06-11T17:33:58.925+0200] {logging_mixin.py:137} INFO - [2025-06-11T17:33:58.925+0200] {dag.py:3437} INFO - Setting next_dagrun for example_task_group to 2025-06-10T15:33:58.925502+00:00, run_after=2025-06-11T15:33:58.925502+00:00
[2025-06-11T17:33:58.987+0200] {processor.py:175} INFO - Processing /home/monica.fernandez/practica_creativa/venv-airflow/lib/python3.11/site-packages/airflow/example_dags/example_task_group.py took 0.158 seconds
[2025-06-11T17:34:48.417+0200] {processor.py:153} INFO - Started process (PID=170338) to work on /home/monica.fernandez/practica_creativa/venv-airflow/lib/python3.11/site-packages/airflow/example_dags/example_task_group.py
[2025-06-11T17:34:48.418+0200] {processor.py:743} INFO - Processing file /home/monica.fernandez/practica_creativa/venv-airflow/lib/python3.11/site-packages/airflow/example_dags/example_task_group.py for tasks to queue
[2025-06-11T17:34:48.418+0200] {logging_mixin.py:137} INFO - [2025-06-11T17:34:48.418+0200] {dagbag.py:538} INFO - Filling up the DagBag from /home/monica.fernandez/practica_creativa/venv-airflow/lib/python3.11/site-packages/airflow/example_dags/example_task_group.py
[2025-06-11T17:34:48.439+0200] {processor.py:753} INFO - DAG(s) dict_keys(['example_task_group']) retrieved from /home/monica.fernandez/practica_creativa/venv-airflow/lib/python3.11/site-packages/airflow/example_dags/example_task_group.py
[2025-06-11T17:34:48.470+0200] {logging_mixin.py:137} INFO - [2025-06-11T17:34:48.470+0200] {dag.py:2690} INFO - Sync 1 DAGs
[2025-06-11T17:34:48.496+0200] {logging_mixin.py:137} INFO - [2025-06-11T17:34:48.496+0200] {dag.py:3437} INFO - Setting next_dagrun for example_task_group to 2025-06-10T15:34:48.496181+00:00, run_after=2025-06-11T15:34:48.496181+00:00
[2025-06-11T17:34:48.553+0200] {processor.py:175} INFO - Processing /home/monica.fernandez/practica_creativa/venv-airflow/lib/python3.11/site-packages/airflow/example_dags/example_task_group.py took 0.139 seconds
[2025-06-11T17:35:10.710+0200] {processor.py:153} INFO - Started process (PID=170487) to work on /home/monica.fernandez/practica_creativa/venv-airflow/lib/python3.11/site-packages/airflow/example_dags/example_task_group.py
[2025-06-11T17:35:10.711+0200] {processor.py:743} INFO - Processing file /home/monica.fernandez/practica_creativa/venv-airflow/lib/python3.11/site-packages/airflow/example_dags/example_task_group.py for tasks to queue
[2025-06-11T17:35:10.712+0200] {logging_mixin.py:137} INFO - [2025-06-11T17:35:10.712+0200] {dagbag.py:538} INFO - Filling up the DagBag from /home/monica.fernandez/practica_creativa/venv-airflow/lib/python3.11/site-packages/airflow/example_dags/example_task_group.py
[2025-06-11T17:35:10.732+0200] {processor.py:753} INFO - DAG(s) dict_keys(['example_task_group']) retrieved from /home/monica.fernandez/practica_creativa/venv-airflow/lib/python3.11/site-packages/airflow/example_dags/example_task_group.py
[2025-06-11T17:35:10.773+0200] {logging_mixin.py:137} INFO - [2025-06-11T17:35:10.773+0200] {dag.py:2690} INFO - Sync 1 DAGs
[2025-06-11T17:35:10.801+0200] {logging_mixin.py:137} INFO - [2025-06-11T17:35:10.801+0200] {dag.py:3437} INFO - Setting next_dagrun for example_task_group to 2025-06-10T15:35:10.801611+00:00, run_after=2025-06-11T15:35:10.801611+00:00
[2025-06-11T17:35:10.864+0200] {processor.py:175} INFO - Processing /home/monica.fernandez/practica_creativa/venv-airflow/lib/python3.11/site-packages/airflow/example_dags/example_task_group.py took 0.158 seconds
[2025-06-11T17:36:08.593+0200] {processor.py:153} INFO - Started process (PID=171031) to work on /home/monica.fernandez/practica_creativa/venv-airflow/lib/python3.11/site-packages/airflow/example_dags/example_task_group.py
[2025-06-11T17:36:08.594+0200] {processor.py:743} INFO - Processing file /home/monica.fernandez/practica_creativa/venv-airflow/lib/python3.11/site-packages/airflow/example_dags/example_task_group.py for tasks to queue
[2025-06-11T17:36:08.594+0200] {logging_mixin.py:137} INFO - [2025-06-11T17:36:08.594+0200] {dagbag.py:538} INFO - Filling up the DagBag from /home/monica.fernandez/practica_creativa/venv-airflow/lib/python3.11/site-packages/airflow/example_dags/example_task_group.py
[2025-06-11T17:36:08.614+0200] {processor.py:753} INFO - DAG(s) dict_keys(['example_task_group']) retrieved from /home/monica.fernandez/practica_creativa/venv-airflow/lib/python3.11/site-packages/airflow/example_dags/example_task_group.py
[2025-06-11T17:36:08.642+0200] {logging_mixin.py:137} INFO - [2025-06-11T17:36:08.641+0200] {dag.py:2690} INFO - Sync 1 DAGs
[2025-06-11T17:36:08.666+0200] {logging_mixin.py:137} INFO - [2025-06-11T17:36:08.666+0200] {dag.py:3437} INFO - Setting next_dagrun for example_task_group to 2025-06-10T15:36:08.665963+00:00, run_after=2025-06-11T15:36:08.665963+00:00
[2025-06-11T17:36:08.716+0200] {processor.py:175} INFO - Processing /home/monica.fernandez/practica_creativa/venv-airflow/lib/python3.11/site-packages/airflow/example_dags/example_task_group.py took 0.126 seconds
[2025-06-11T17:36:59.128+0200] {processor.py:153} INFO - Started process (PID=171623) to work on /home/monica.fernandez/practica_creativa/venv-airflow/lib/python3.11/site-packages/airflow/example_dags/example_task_group.py
[2025-06-11T17:36:59.129+0200] {processor.py:743} INFO - Processing file /home/monica.fernandez/practica_creativa/venv-airflow/lib/python3.11/site-packages/airflow/example_dags/example_task_group.py for tasks to queue
[2025-06-11T17:36:59.129+0200] {logging_mixin.py:137} INFO - [2025-06-11T17:36:59.129+0200] {dagbag.py:538} INFO - Filling up the DagBag from /home/monica.fernandez/practica_creativa/venv-airflow/lib/python3.11/site-packages/airflow/example_dags/example_task_group.py
[2025-06-11T17:36:59.152+0200] {processor.py:753} INFO - DAG(s) dict_keys(['example_task_group']) retrieved from /home/monica.fernandez/practica_creativa/venv-airflow/lib/python3.11/site-packages/airflow/example_dags/example_task_group.py
[2025-06-11T17:36:59.182+0200] {logging_mixin.py:137} INFO - [2025-06-11T17:36:59.182+0200] {dag.py:2690} INFO - Sync 1 DAGs
[2025-06-11T17:36:59.208+0200] {logging_mixin.py:137} INFO - [2025-06-11T17:36:59.207+0200] {dag.py:3437} INFO - Setting next_dagrun for example_task_group to 2025-06-10T15:36:59.207564+00:00, run_after=2025-06-11T15:36:59.207564+00:00
[2025-06-11T17:36:59.274+0200] {processor.py:175} INFO - Processing /home/monica.fernandez/practica_creativa/venv-airflow/lib/python3.11/site-packages/airflow/example_dags/example_task_group.py took 0.149 seconds
[2025-06-11T17:37:51.384+0200] {processor.py:153} INFO - Started process (PID=172163) to work on /home/monica.fernandez/practica_creativa/venv-airflow/lib/python3.11/site-packages/airflow/example_dags/example_task_group.py
[2025-06-11T17:37:51.385+0200] {processor.py:743} INFO - Processing file /home/monica.fernandez/practica_creativa/venv-airflow/lib/python3.11/site-packages/airflow/example_dags/example_task_group.py for tasks to queue
[2025-06-11T17:37:51.385+0200] {logging_mixin.py:137} INFO - [2025-06-11T17:37:51.385+0200] {dagbag.py:538} INFO - Filling up the DagBag from /home/monica.fernandez/practica_creativa/venv-airflow/lib/python3.11/site-packages/airflow/example_dags/example_task_group.py
[2025-06-11T17:37:51.408+0200] {processor.py:753} INFO - DAG(s) dict_keys(['example_task_group']) retrieved from /home/monica.fernandez/practica_creativa/venv-airflow/lib/python3.11/site-packages/airflow/example_dags/example_task_group.py
[2025-06-11T17:37:51.440+0200] {logging_mixin.py:137} INFO - [2025-06-11T17:37:51.440+0200] {dag.py:2690} INFO - Sync 1 DAGs
[2025-06-11T17:37:51.472+0200] {logging_mixin.py:137} INFO - [2025-06-11T17:37:51.472+0200] {dag.py:3437} INFO - Setting next_dagrun for example_task_group to 2025-06-10T15:37:51.471765+00:00, run_after=2025-06-11T15:37:51.471765+00:00
[2025-06-11T17:37:51.532+0200] {processor.py:175} INFO - Processing /home/monica.fernandez/practica_creativa/venv-airflow/lib/python3.11/site-packages/airflow/example_dags/example_task_group.py took 0.151 seconds
[2025-06-11T17:38:51.704+0200] {processor.py:153} INFO - Started process (PID=172755) to work on /home/monica.fernandez/practica_creativa/venv-airflow/lib/python3.11/site-packages/airflow/example_dags/example_task_group.py
[2025-06-11T17:38:51.704+0200] {processor.py:743} INFO - Processing file /home/monica.fernandez/practica_creativa/venv-airflow/lib/python3.11/site-packages/airflow/example_dags/example_task_group.py for tasks to queue
[2025-06-11T17:38:51.705+0200] {logging_mixin.py:137} INFO - [2025-06-11T17:38:51.705+0200] {dagbag.py:538} INFO - Filling up the DagBag from /home/monica.fernandez/practica_creativa/venv-airflow/lib/python3.11/site-packages/airflow/example_dags/example_task_group.py
[2025-06-11T17:38:51.733+0200] {processor.py:753} INFO - DAG(s) dict_keys(['example_task_group']) retrieved from /home/monica.fernandez/practica_creativa/venv-airflow/lib/python3.11/site-packages/airflow/example_dags/example_task_group.py
[2025-06-11T17:38:51.780+0200] {logging_mixin.py:137} INFO - [2025-06-11T17:38:51.780+0200] {dag.py:2690} INFO - Sync 1 DAGs
[2025-06-11T17:38:51.824+0200] {logging_mixin.py:137} INFO - [2025-06-11T17:38:51.824+0200] {dag.py:3437} INFO - Setting next_dagrun for example_task_group to 2025-06-10T15:38:51.824644+00:00, run_after=2025-06-11T15:38:51.824644+00:00
[2025-06-11T17:38:51.891+0200] {processor.py:175} INFO - Processing /home/monica.fernandez/practica_creativa/venv-airflow/lib/python3.11/site-packages/airflow/example_dags/example_task_group.py took 0.191 seconds
[2025-06-11T17:39:47.160+0200] {processor.py:153} INFO - Started process (PID=173296) to work on /home/monica.fernandez/practica_creativa/venv-airflow/lib/python3.11/site-packages/airflow/example_dags/example_task_group.py
[2025-06-11T17:39:47.160+0200] {processor.py:743} INFO - Processing file /home/monica.fernandez/practica_creativa/venv-airflow/lib/python3.11/site-packages/airflow/example_dags/example_task_group.py for tasks to queue
[2025-06-11T17:39:47.161+0200] {logging_mixin.py:137} INFO - [2025-06-11T17:39:47.161+0200] {dagbag.py:538} INFO - Filling up the DagBag from /home/monica.fernandez/practica_creativa/venv-airflow/lib/python3.11/site-packages/airflow/example_dags/example_task_group.py
[2025-06-11T17:39:47.206+0200] {processor.py:753} INFO - DAG(s) dict_keys(['example_task_group']) retrieved from /home/monica.fernandez/practica_creativa/venv-airflow/lib/python3.11/site-packages/airflow/example_dags/example_task_group.py
[2025-06-11T17:39:47.258+0200] {logging_mixin.py:137} INFO - [2025-06-11T17:39:47.258+0200] {dag.py:2690} INFO - Sync 1 DAGs
[2025-06-11T17:39:47.308+0200] {logging_mixin.py:137} INFO - [2025-06-11T17:39:47.308+0200] {dag.py:3437} INFO - Setting next_dagrun for example_task_group to 2025-06-10T15:39:47.307668+00:00, run_after=2025-06-11T15:39:47.307668+00:00
[2025-06-11T17:39:47.415+0200] {processor.py:175} INFO - Processing /home/monica.fernandez/practica_creativa/venv-airflow/lib/python3.11/site-packages/airflow/example_dags/example_task_group.py took 0.265 seconds
[2025-06-11T17:40:55.498+0200] {processor.py:153} INFO - Started process (PID=173888) to work on /home/monica.fernandez/practica_creativa/venv-airflow/lib/python3.11/site-packages/airflow/example_dags/example_task_group.py
[2025-06-11T17:40:55.499+0200] {processor.py:743} INFO - Processing file /home/monica.fernandez/practica_creativa/venv-airflow/lib/python3.11/site-packages/airflow/example_dags/example_task_group.py for tasks to queue
[2025-06-11T17:40:55.500+0200] {logging_mixin.py:137} INFO - [2025-06-11T17:40:55.499+0200] {dagbag.py:538} INFO - Filling up the DagBag from /home/monica.fernandez/practica_creativa/venv-airflow/lib/python3.11/site-packages/airflow/example_dags/example_task_group.py
[2025-06-11T17:40:55.529+0200] {processor.py:753} INFO - DAG(s) dict_keys(['example_task_group']) retrieved from /home/monica.fernandez/practica_creativa/venv-airflow/lib/python3.11/site-packages/airflow/example_dags/example_task_group.py
[2025-06-11T17:40:55.571+0200] {logging_mixin.py:137} INFO - [2025-06-11T17:40:55.571+0200] {dag.py:2690} INFO - Sync 1 DAGs
[2025-06-11T17:40:55.611+0200] {logging_mixin.py:137} INFO - [2025-06-11T17:40:55.611+0200] {dag.py:3437} INFO - Setting next_dagrun for example_task_group to 2025-06-10T15:40:55.611079+00:00, run_after=2025-06-11T15:40:55.611079+00:00
[2025-06-11T17:40:55.662+0200] {processor.py:175} INFO - Processing /home/monica.fernandez/practica_creativa/venv-airflow/lib/python3.11/site-packages/airflow/example_dags/example_task_group.py took 0.166 seconds
[2025-06-11T17:41:51.410+0200] {processor.py:153} INFO - Started process (PID=174379) to work on /home/monica.fernandez/practica_creativa/venv-airflow/lib/python3.11/site-packages/airflow/example_dags/example_task_group.py
[2025-06-11T17:41:51.411+0200] {processor.py:743} INFO - Processing file /home/monica.fernandez/practica_creativa/venv-airflow/lib/python3.11/site-packages/airflow/example_dags/example_task_group.py for tasks to queue
[2025-06-11T17:41:51.411+0200] {logging_mixin.py:137} INFO - [2025-06-11T17:41:51.411+0200] {dagbag.py:538} INFO - Filling up the DagBag from /home/monica.fernandez/practica_creativa/venv-airflow/lib/python3.11/site-packages/airflow/example_dags/example_task_group.py
[2025-06-11T17:41:51.496+0200] {processor.py:753} INFO - DAG(s) dict_keys(['example_task_group']) retrieved from /home/monica.fernandez/practica_creativa/venv-airflow/lib/python3.11/site-packages/airflow/example_dags/example_task_group.py
[2025-06-11T17:41:51.578+0200] {logging_mixin.py:137} INFO - [2025-06-11T17:41:51.578+0200] {dag.py:2690} INFO - Sync 1 DAGs
[2025-06-11T17:41:51.644+0200] {logging_mixin.py:137} INFO - [2025-06-11T17:41:51.644+0200] {dag.py:3437} INFO - Setting next_dagrun for example_task_group to 2025-06-10T15:41:51.643751+00:00, run_after=2025-06-11T15:41:51.643751+00:00
[2025-06-11T17:41:51.775+0200] {processor.py:175} INFO - Processing /home/monica.fernandez/practica_creativa/venv-airflow/lib/python3.11/site-packages/airflow/example_dags/example_task_group.py took 0.378 seconds
[2025-06-11T17:42:58.190+0200] {processor.py:153} INFO - Started process (PID=174989) to work on /home/monica.fernandez/practica_creativa/venv-airflow/lib/python3.11/site-packages/airflow/example_dags/example_task_group.py
[2025-06-11T17:42:58.190+0200] {processor.py:743} INFO - Processing file /home/monica.fernandez/practica_creativa/venv-airflow/lib/python3.11/site-packages/airflow/example_dags/example_task_group.py for tasks to queue
[2025-06-11T17:42:58.191+0200] {logging_mixin.py:137} INFO - [2025-06-11T17:42:58.191+0200] {dagbag.py:538} INFO - Filling up the DagBag from /home/monica.fernandez/practica_creativa/venv-airflow/lib/python3.11/site-packages/airflow/example_dags/example_task_group.py
[2025-06-11T17:42:58.213+0200] {processor.py:753} INFO - DAG(s) dict_keys(['example_task_group']) retrieved from /home/monica.fernandez/practica_creativa/venv-airflow/lib/python3.11/site-packages/airflow/example_dags/example_task_group.py
[2025-06-11T17:42:58.266+0200] {logging_mixin.py:137} INFO - [2025-06-11T17:42:58.266+0200] {dag.py:2690} INFO - Sync 1 DAGs
[2025-06-11T17:42:58.298+0200] {logging_mixin.py:137} INFO - [2025-06-11T17:42:58.297+0200] {dag.py:3437} INFO - Setting next_dagrun for example_task_group to 2025-06-10T15:42:58.297604+00:00, run_after=2025-06-11T15:42:58.297604+00:00
[2025-06-11T17:42:58.374+0200] {processor.py:175} INFO - Processing /home/monica.fernandez/practica_creativa/venv-airflow/lib/python3.11/site-packages/airflow/example_dags/example_task_group.py took 0.187 seconds
[2025-06-11T17:44:03.382+0200] {processor.py:153} INFO - Started process (PID=175616) to work on /home/monica.fernandez/practica_creativa/venv-airflow/lib/python3.11/site-packages/airflow/example_dags/example_task_group.py
[2025-06-11T17:44:03.383+0200] {processor.py:743} INFO - Processing file /home/monica.fernandez/practica_creativa/venv-airflow/lib/python3.11/site-packages/airflow/example_dags/example_task_group.py for tasks to queue
[2025-06-11T17:44:03.384+0200] {logging_mixin.py:137} INFO - [2025-06-11T17:44:03.383+0200] {dagbag.py:538} INFO - Filling up the DagBag from /home/monica.fernandez/practica_creativa/venv-airflow/lib/python3.11/site-packages/airflow/example_dags/example_task_group.py
[2025-06-11T17:44:03.412+0200] {processor.py:753} INFO - DAG(s) dict_keys(['example_task_group']) retrieved from /home/monica.fernandez/practica_creativa/venv-airflow/lib/python3.11/site-packages/airflow/example_dags/example_task_group.py
[2025-06-11T17:44:03.443+0200] {logging_mixin.py:137} INFO - [2025-06-11T17:44:03.443+0200] {dag.py:2690} INFO - Sync 1 DAGs
[2025-06-11T17:44:03.474+0200] {logging_mixin.py:137} INFO - [2025-06-11T17:44:03.474+0200] {dag.py:3437} INFO - Setting next_dagrun for example_task_group to 2025-06-10T15:44:03.474126+00:00, run_after=2025-06-11T15:44:03.474126+00:00
[2025-06-11T17:44:03.538+0200] {processor.py:175} INFO - Processing /home/monica.fernandez/practica_creativa/venv-airflow/lib/python3.11/site-packages/airflow/example_dags/example_task_group.py took 0.159 seconds
[2025-06-11T17:44:54.283+0200] {processor.py:153} INFO - Started process (PID=176138) to work on /home/monica.fernandez/practica_creativa/venv-airflow/lib/python3.11/site-packages/airflow/example_dags/example_task_group.py
[2025-06-11T17:44:54.284+0200] {processor.py:743} INFO - Processing file /home/monica.fernandez/practica_creativa/venv-airflow/lib/python3.11/site-packages/airflow/example_dags/example_task_group.py for tasks to queue
[2025-06-11T17:44:54.285+0200] {logging_mixin.py:137} INFO - [2025-06-11T17:44:54.285+0200] {dagbag.py:538} INFO - Filling up the DagBag from /home/monica.fernandez/practica_creativa/venv-airflow/lib/python3.11/site-packages/airflow/example_dags/example_task_group.py
[2025-06-11T17:44:54.312+0200] {processor.py:753} INFO - DAG(s) dict_keys(['example_task_group']) retrieved from /home/monica.fernandez/practica_creativa/venv-airflow/lib/python3.11/site-packages/airflow/example_dags/example_task_group.py
[2025-06-11T17:44:54.348+0200] {logging_mixin.py:137} INFO - [2025-06-11T17:44:54.348+0200] {dag.py:2690} INFO - Sync 1 DAGs
[2025-06-11T17:44:54.382+0200] {logging_mixin.py:137} INFO - [2025-06-11T17:44:54.381+0200] {dag.py:3437} INFO - Setting next_dagrun for example_task_group to 2025-06-10T15:44:54.381596+00:00, run_after=2025-06-11T15:44:54.381596+00:00
[2025-06-11T17:44:54.449+0200] {processor.py:175} INFO - Processing /home/monica.fernandez/practica_creativa/venv-airflow/lib/python3.11/site-packages/airflow/example_dags/example_task_group.py took 0.169 seconds
[2025-06-11T17:45:14.205+0200] {processor.py:153} INFO - Started process (PID=176270) to work on /home/monica.fernandez/practica_creativa/venv-airflow/lib/python3.11/site-packages/airflow/example_dags/example_task_group.py
[2025-06-11T17:45:14.206+0200] {processor.py:743} INFO - Processing file /home/monica.fernandez/practica_creativa/venv-airflow/lib/python3.11/site-packages/airflow/example_dags/example_task_group.py for tasks to queue
[2025-06-11T17:45:14.207+0200] {logging_mixin.py:137} INFO - [2025-06-11T17:45:14.207+0200] {dagbag.py:538} INFO - Filling up the DagBag from /home/monica.fernandez/practica_creativa/venv-airflow/lib/python3.11/site-packages/airflow/example_dags/example_task_group.py
[2025-06-11T17:45:14.228+0200] {processor.py:753} INFO - DAG(s) dict_keys(['example_task_group']) retrieved from /home/monica.fernandez/practica_creativa/venv-airflow/lib/python3.11/site-packages/airflow/example_dags/example_task_group.py
[2025-06-11T17:45:14.258+0200] {logging_mixin.py:137} INFO - [2025-06-11T17:45:14.258+0200] {dag.py:2690} INFO - Sync 1 DAGs
[2025-06-11T17:45:14.287+0200] {logging_mixin.py:137} INFO - [2025-06-11T17:45:14.287+0200] {dag.py:3437} INFO - Setting next_dagrun for example_task_group to 2025-06-10T15:45:14.287227+00:00, run_after=2025-06-11T15:45:14.287227+00:00
[2025-06-11T17:45:14.342+0200] {processor.py:175} INFO - Processing /home/monica.fernandez/practica_creativa/venv-airflow/lib/python3.11/site-packages/airflow/example_dags/example_task_group.py took 0.140 seconds
[2025-06-11T17:46:30.398+0200] {processor.py:153} INFO - Started process (PID=177146) to work on /home/monica.fernandez/practica_creativa/venv-airflow/lib/python3.11/site-packages/airflow/example_dags/example_task_group.py
[2025-06-11T17:46:30.402+0200] {processor.py:743} INFO - Processing file /home/monica.fernandez/practica_creativa/venv-airflow/lib/python3.11/site-packages/airflow/example_dags/example_task_group.py for tasks to queue
[2025-06-11T17:46:30.404+0200] {logging_mixin.py:137} INFO - [2025-06-11T17:46:30.404+0200] {dagbag.py:538} INFO - Filling up the DagBag from /home/monica.fernandez/practica_creativa/venv-airflow/lib/python3.11/site-packages/airflow/example_dags/example_task_group.py
[2025-06-11T17:46:30.437+0200] {processor.py:753} INFO - DAG(s) dict_keys(['example_task_group']) retrieved from /home/monica.fernandez/practica_creativa/venv-airflow/lib/python3.11/site-packages/airflow/example_dags/example_task_group.py
[2025-06-11T17:46:30.481+0200] {logging_mixin.py:137} INFO - [2025-06-11T17:46:30.481+0200] {dag.py:2690} INFO - Sync 1 DAGs
[2025-06-11T17:46:30.517+0200] {logging_mixin.py:137} INFO - [2025-06-11T17:46:30.516+0200] {dag.py:3437} INFO - Setting next_dagrun for example_task_group to 2025-06-10T15:46:30.516539+00:00, run_after=2025-06-11T15:46:30.516539+00:00
[2025-06-11T17:46:30.584+0200] {processor.py:175} INFO - Processing /home/monica.fernandez/practica_creativa/venv-airflow/lib/python3.11/site-packages/airflow/example_dags/example_task_group.py took 0.196 seconds
[2025-06-11T17:47:27.045+0200] {processor.py:153} INFO - Started process (PID=177630) to work on /home/monica.fernandez/practica_creativa/venv-airflow/lib/python3.11/site-packages/airflow/example_dags/example_task_group.py
[2025-06-11T17:47:27.045+0200] {processor.py:743} INFO - Processing file /home/monica.fernandez/practica_creativa/venv-airflow/lib/python3.11/site-packages/airflow/example_dags/example_task_group.py for tasks to queue
[2025-06-11T17:47:27.053+0200] {logging_mixin.py:137} INFO - [2025-06-11T17:47:27.052+0200] {dagbag.py:538} INFO - Filling up the DagBag from /home/monica.fernandez/practica_creativa/venv-airflow/lib/python3.11/site-packages/airflow/example_dags/example_task_group.py
[2025-06-11T17:47:27.092+0200] {processor.py:753} INFO - DAG(s) dict_keys(['example_task_group']) retrieved from /home/monica.fernandez/practica_creativa/venv-airflow/lib/python3.11/site-packages/airflow/example_dags/example_task_group.py
[2025-06-11T17:47:27.145+0200] {logging_mixin.py:137} INFO - [2025-06-11T17:47:27.144+0200] {dag.py:2690} INFO - Sync 1 DAGs
[2025-06-11T17:47:27.185+0200] {logging_mixin.py:137} INFO - [2025-06-11T17:47:27.185+0200] {dag.py:3437} INFO - Setting next_dagrun for example_task_group to 2025-06-10T15:47:27.185195+00:00, run_after=2025-06-11T15:47:27.185195+00:00
[2025-06-11T17:47:27.256+0200] {processor.py:175} INFO - Processing /home/monica.fernandez/practica_creativa/venv-airflow/lib/python3.11/site-packages/airflow/example_dags/example_task_group.py took 0.215 seconds
[2025-06-11T17:48:20.141+0200] {processor.py:153} INFO - Started process (PID=178122) to work on /home/monica.fernandez/practica_creativa/venv-airflow/lib/python3.11/site-packages/airflow/example_dags/example_task_group.py
[2025-06-11T17:48:20.142+0200] {processor.py:743} INFO - Processing file /home/monica.fernandez/practica_creativa/venv-airflow/lib/python3.11/site-packages/airflow/example_dags/example_task_group.py for tasks to queue
[2025-06-11T17:48:20.142+0200] {logging_mixin.py:137} INFO - [2025-06-11T17:48:20.142+0200] {dagbag.py:538} INFO - Filling up the DagBag from /home/monica.fernandez/practica_creativa/venv-airflow/lib/python3.11/site-packages/airflow/example_dags/example_task_group.py
[2025-06-11T17:48:20.162+0200] {processor.py:753} INFO - DAG(s) dict_keys(['example_task_group']) retrieved from /home/monica.fernandez/practica_creativa/venv-airflow/lib/python3.11/site-packages/airflow/example_dags/example_task_group.py
[2025-06-11T17:48:20.188+0200] {logging_mixin.py:137} INFO - [2025-06-11T17:48:20.188+0200] {dag.py:2690} INFO - Sync 1 DAGs
[2025-06-11T17:48:20.212+0200] {logging_mixin.py:137} INFO - [2025-06-11T17:48:20.212+0200] {dag.py:3437} INFO - Setting next_dagrun for example_task_group to 2025-06-10T15:48:20.211869+00:00, run_after=2025-06-11T15:48:20.211869+00:00
[2025-06-11T17:48:20.275+0200] {processor.py:175} INFO - Processing /home/monica.fernandez/practica_creativa/venv-airflow/lib/python3.11/site-packages/airflow/example_dags/example_task_group.py took 0.137 seconds
[2025-06-11T17:51:50.476+0200] {processor.py:153} INFO - Started process (PID=180791) to work on /home/monica.fernandez/practica_creativa/venv-airflow/lib/python3.11/site-packages/airflow/example_dags/example_task_group.py
[2025-06-11T17:51:50.477+0200] {processor.py:743} INFO - Processing file /home/monica.fernandez/practica_creativa/venv-airflow/lib/python3.11/site-packages/airflow/example_dags/example_task_group.py for tasks to queue
[2025-06-11T17:51:50.477+0200] {logging_mixin.py:137} INFO - [2025-06-11T17:51:50.477+0200] {dagbag.py:538} INFO - Filling up the DagBag from /home/monica.fernandez/practica_creativa/venv-airflow/lib/python3.11/site-packages/airflow/example_dags/example_task_group.py
[2025-06-11T17:51:50.498+0200] {processor.py:753} INFO - DAG(s) dict_keys(['example_task_group']) retrieved from /home/monica.fernandez/practica_creativa/venv-airflow/lib/python3.11/site-packages/airflow/example_dags/example_task_group.py
[2025-06-11T17:51:50.526+0200] {logging_mixin.py:137} INFO - [2025-06-11T17:51:50.526+0200] {dag.py:2690} INFO - Sync 1 DAGs
[2025-06-11T17:51:50.554+0200] {logging_mixin.py:137} INFO - [2025-06-11T17:51:50.554+0200] {dag.py:3437} INFO - Setting next_dagrun for example_task_group to 2025-06-10T15:51:50.554215+00:00, run_after=2025-06-11T15:51:50.554215+00:00
[2025-06-11T17:51:50.615+0200] {processor.py:175} INFO - Processing /home/monica.fernandez/practica_creativa/venv-airflow/lib/python3.11/site-packages/airflow/example_dags/example_task_group.py took 0.142 seconds
[2025-06-11T17:52:56.887+0200] {processor.py:153} INFO - Started process (PID=181472) to work on /home/monica.fernandez/practica_creativa/venv-airflow/lib/python3.11/site-packages/airflow/example_dags/example_task_group.py
[2025-06-11T17:52:56.888+0200] {processor.py:743} INFO - Processing file /home/monica.fernandez/practica_creativa/venv-airflow/lib/python3.11/site-packages/airflow/example_dags/example_task_group.py for tasks to queue
[2025-06-11T17:52:56.888+0200] {logging_mixin.py:137} INFO - [2025-06-11T17:52:56.888+0200] {dagbag.py:538} INFO - Filling up the DagBag from /home/monica.fernandez/practica_creativa/venv-airflow/lib/python3.11/site-packages/airflow/example_dags/example_task_group.py
[2025-06-11T17:52:56.908+0200] {processor.py:753} INFO - DAG(s) dict_keys(['example_task_group']) retrieved from /home/monica.fernandez/practica_creativa/venv-airflow/lib/python3.11/site-packages/airflow/example_dags/example_task_group.py
[2025-06-11T17:52:56.939+0200] {logging_mixin.py:137} INFO - [2025-06-11T17:52:56.939+0200] {dag.py:2690} INFO - Sync 1 DAGs
[2025-06-11T17:52:56.971+0200] {logging_mixin.py:137} INFO - [2025-06-11T17:52:56.970+0200] {dag.py:3437} INFO - Setting next_dagrun for example_task_group to 2025-06-10T15:52:56.969281+00:00, run_after=2025-06-11T15:52:56.969281+00:00
[2025-06-11T17:52:57.061+0200] {processor.py:175} INFO - Processing /home/monica.fernandez/practica_creativa/venv-airflow/lib/python3.11/site-packages/airflow/example_dags/example_task_group.py took 0.177 seconds
[2025-06-11T17:53:52.085+0200] {processor.py:153} INFO - Started process (PID=181971) to work on /home/monica.fernandez/practica_creativa/venv-airflow/lib/python3.11/site-packages/airflow/example_dags/example_task_group.py
[2025-06-11T17:53:52.085+0200] {processor.py:743} INFO - Processing file /home/monica.fernandez/practica_creativa/venv-airflow/lib/python3.11/site-packages/airflow/example_dags/example_task_group.py for tasks to queue
[2025-06-11T17:53:52.086+0200] {logging_mixin.py:137} INFO - [2025-06-11T17:53:52.086+0200] {dagbag.py:538} INFO - Filling up the DagBag from /home/monica.fernandez/practica_creativa/venv-airflow/lib/python3.11/site-packages/airflow/example_dags/example_task_group.py
[2025-06-11T17:53:52.111+0200] {processor.py:753} INFO - DAG(s) dict_keys(['example_task_group']) retrieved from /home/monica.fernandez/practica_creativa/venv-airflow/lib/python3.11/site-packages/airflow/example_dags/example_task_group.py
[2025-06-11T17:53:52.152+0200] {logging_mixin.py:137} INFO - [2025-06-11T17:53:52.152+0200] {dag.py:2690} INFO - Sync 1 DAGs
[2025-06-11T17:53:52.181+0200] {logging_mixin.py:137} INFO - [2025-06-11T17:53:52.181+0200] {dag.py:3437} INFO - Setting next_dagrun for example_task_group to 2025-06-10T15:53:52.181574+00:00, run_after=2025-06-11T15:53:52.181574+00:00
[2025-06-11T17:53:52.260+0200] {processor.py:175} INFO - Processing /home/monica.fernandez/practica_creativa/venv-airflow/lib/python3.11/site-packages/airflow/example_dags/example_task_group.py took 0.181 seconds
[2025-06-11T17:54:45.537+0200] {processor.py:153} INFO - Started process (PID=182420) to work on /home/monica.fernandez/practica_creativa/venv-airflow/lib/python3.11/site-packages/airflow/example_dags/example_task_group.py
[2025-06-11T17:54:45.538+0200] {processor.py:743} INFO - Processing file /home/monica.fernandez/practica_creativa/venv-airflow/lib/python3.11/site-packages/airflow/example_dags/example_task_group.py for tasks to queue
[2025-06-11T17:54:45.539+0200] {logging_mixin.py:137} INFO - [2025-06-11T17:54:45.539+0200] {dagbag.py:538} INFO - Filling up the DagBag from /home/monica.fernandez/practica_creativa/venv-airflow/lib/python3.11/site-packages/airflow/example_dags/example_task_group.py
[2025-06-11T17:54:45.561+0200] {processor.py:753} INFO - DAG(s) dict_keys(['example_task_group']) retrieved from /home/monica.fernandez/practica_creativa/venv-airflow/lib/python3.11/site-packages/airflow/example_dags/example_task_group.py
[2025-06-11T17:54:45.590+0200] {logging_mixin.py:137} INFO - [2025-06-11T17:54:45.590+0200] {dag.py:2690} INFO - Sync 1 DAGs
[2025-06-11T17:54:45.615+0200] {logging_mixin.py:137} INFO - [2025-06-11T17:54:45.615+0200] {dag.py:3437} INFO - Setting next_dagrun for example_task_group to 2025-06-10T15:54:45.614995+00:00, run_after=2025-06-11T15:54:45.614995+00:00
[2025-06-11T17:54:45.708+0200] {processor.py:175} INFO - Processing /home/monica.fernandez/practica_creativa/venv-airflow/lib/python3.11/site-packages/airflow/example_dags/example_task_group.py took 0.173 seconds
[2025-06-11T17:55:55.838+0200] {processor.py:153} INFO - Started process (PID=183209) to work on /home/monica.fernandez/practica_creativa/venv-airflow/lib/python3.11/site-packages/airflow/example_dags/example_task_group.py
[2025-06-11T17:55:55.839+0200] {processor.py:743} INFO - Processing file /home/monica.fernandez/practica_creativa/venv-airflow/lib/python3.11/site-packages/airflow/example_dags/example_task_group.py for tasks to queue
[2025-06-11T17:55:55.840+0200] {logging_mixin.py:137} INFO - [2025-06-11T17:55:55.840+0200] {dagbag.py:538} INFO - Filling up the DagBag from /home/monica.fernandez/practica_creativa/venv-airflow/lib/python3.11/site-packages/airflow/example_dags/example_task_group.py
[2025-06-11T17:55:55.864+0200] {processor.py:753} INFO - DAG(s) dict_keys(['example_task_group']) retrieved from /home/monica.fernandez/practica_creativa/venv-airflow/lib/python3.11/site-packages/airflow/example_dags/example_task_group.py
[2025-06-11T17:55:55.898+0200] {logging_mixin.py:137} INFO - [2025-06-11T17:55:55.898+0200] {dag.py:2690} INFO - Sync 1 DAGs
[2025-06-11T17:55:55.932+0200] {logging_mixin.py:137} INFO - [2025-06-11T17:55:55.931+0200] {dag.py:3437} INFO - Setting next_dagrun for example_task_group to 2025-06-10T15:55:55.931605+00:00, run_after=2025-06-11T15:55:55.931605+00:00
[2025-06-11T17:55:55.992+0200] {processor.py:175} INFO - Processing /home/monica.fernandez/practica_creativa/venv-airflow/lib/python3.11/site-packages/airflow/example_dags/example_task_group.py took 0.157 seconds
[2025-06-11T17:57:05.051+0200] {processor.py:153} INFO - Started process (PID=183958) to work on /home/monica.fernandez/practica_creativa/venv-airflow/lib/python3.11/site-packages/airflow/example_dags/example_task_group.py
[2025-06-11T17:57:05.051+0200] {processor.py:743} INFO - Processing file /home/monica.fernandez/practica_creativa/venv-airflow/lib/python3.11/site-packages/airflow/example_dags/example_task_group.py for tasks to queue
[2025-06-11T17:57:05.052+0200] {logging_mixin.py:137} INFO - [2025-06-11T17:57:05.052+0200] {dagbag.py:538} INFO - Filling up the DagBag from /home/monica.fernandez/practica_creativa/venv-airflow/lib/python3.11/site-packages/airflow/example_dags/example_task_group.py
[2025-06-11T17:57:05.076+0200] {processor.py:753} INFO - DAG(s) dict_keys(['example_task_group']) retrieved from /home/monica.fernandez/practica_creativa/venv-airflow/lib/python3.11/site-packages/airflow/example_dags/example_task_group.py
[2025-06-11T17:57:05.110+0200] {logging_mixin.py:137} INFO - [2025-06-11T17:57:05.109+0200] {dag.py:2690} INFO - Sync 1 DAGs
[2025-06-11T17:57:05.141+0200] {logging_mixin.py:137} INFO - [2025-06-11T17:57:05.141+0200] {dag.py:3437} INFO - Setting next_dagrun for example_task_group to 2025-06-10T15:57:05.141108+00:00, run_after=2025-06-11T15:57:05.141108+00:00
[2025-06-11T17:57:05.200+0200] {processor.py:175} INFO - Processing /home/monica.fernandez/practica_creativa/venv-airflow/lib/python3.11/site-packages/airflow/example_dags/example_task_group.py took 0.153 seconds
[2025-06-11T17:58:09.355+0200] {processor.py:153} INFO - Started process (PID=184553) to work on /home/monica.fernandez/practica_creativa/venv-airflow/lib/python3.11/site-packages/airflow/example_dags/example_task_group.py
[2025-06-11T17:58:09.356+0200] {processor.py:743} INFO - Processing file /home/monica.fernandez/practica_creativa/venv-airflow/lib/python3.11/site-packages/airflow/example_dags/example_task_group.py for tasks to queue
[2025-06-11T17:58:09.357+0200] {logging_mixin.py:137} INFO - [2025-06-11T17:58:09.357+0200] {dagbag.py:538} INFO - Filling up the DagBag from /home/monica.fernandez/practica_creativa/venv-airflow/lib/python3.11/site-packages/airflow/example_dags/example_task_group.py
[2025-06-11T17:58:09.390+0200] {processor.py:753} INFO - DAG(s) dict_keys(['example_task_group']) retrieved from /home/monica.fernandez/practica_creativa/venv-airflow/lib/python3.11/site-packages/airflow/example_dags/example_task_group.py
[2025-06-11T17:58:09.432+0200] {logging_mixin.py:137} INFO - [2025-06-11T17:58:09.432+0200] {dag.py:2690} INFO - Sync 1 DAGs
[2025-06-11T17:58:09.478+0200] {logging_mixin.py:137} INFO - [2025-06-11T17:58:09.478+0200] {dag.py:3437} INFO - Setting next_dagrun for example_task_group to 2025-06-10T15:58:09.478213+00:00, run_after=2025-06-11T15:58:09.478213+00:00
[2025-06-11T17:58:09.551+0200] {processor.py:175} INFO - Processing /home/monica.fernandez/practica_creativa/venv-airflow/lib/python3.11/site-packages/airflow/example_dags/example_task_group.py took 0.200 seconds
[2025-06-11T17:59:03.456+0200] {processor.py:153} INFO - Started process (PID=185076) to work on /home/monica.fernandez/practica_creativa/venv-airflow/lib/python3.11/site-packages/airflow/example_dags/example_task_group.py
[2025-06-11T17:59:03.456+0200] {processor.py:743} INFO - Processing file /home/monica.fernandez/practica_creativa/venv-airflow/lib/python3.11/site-packages/airflow/example_dags/example_task_group.py for tasks to queue
[2025-06-11T17:59:03.457+0200] {logging_mixin.py:137} INFO - [2025-06-11T17:59:03.457+0200] {dagbag.py:538} INFO - Filling up the DagBag from /home/monica.fernandez/practica_creativa/venv-airflow/lib/python3.11/site-packages/airflow/example_dags/example_task_group.py
[2025-06-11T17:59:03.500+0200] {processor.py:753} INFO - DAG(s) dict_keys(['example_task_group']) retrieved from /home/monica.fernandez/practica_creativa/venv-airflow/lib/python3.11/site-packages/airflow/example_dags/example_task_group.py
[2025-06-11T17:59:03.534+0200] {logging_mixin.py:137} INFO - [2025-06-11T17:59:03.534+0200] {dag.py:2690} INFO - Sync 1 DAGs
[2025-06-11T17:59:03.572+0200] {logging_mixin.py:137} INFO - [2025-06-11T17:59:03.572+0200] {dag.py:3437} INFO - Setting next_dagrun for example_task_group to 2025-06-10T15:59:03.571790+00:00, run_after=2025-06-11T15:59:03.571790+00:00
[2025-06-11T17:59:03.631+0200] {processor.py:175} INFO - Processing /home/monica.fernandez/practica_creativa/venv-airflow/lib/python3.11/site-packages/airflow/example_dags/example_task_group.py took 0.182 seconds
[2025-06-11T18:00:04.836+0200] {processor.py:153} INFO - Started process (PID=185578) to work on /home/monica.fernandez/practica_creativa/venv-airflow/lib/python3.11/site-packages/airflow/example_dags/example_task_group.py
[2025-06-11T18:00:04.837+0200] {processor.py:743} INFO - Processing file /home/monica.fernandez/practica_creativa/venv-airflow/lib/python3.11/site-packages/airflow/example_dags/example_task_group.py for tasks to queue
[2025-06-11T18:00:04.838+0200] {logging_mixin.py:137} INFO - [2025-06-11T18:00:04.838+0200] {dagbag.py:538} INFO - Filling up the DagBag from /home/monica.fernandez/practica_creativa/venv-airflow/lib/python3.11/site-packages/airflow/example_dags/example_task_group.py
[2025-06-11T18:00:04.862+0200] {processor.py:753} INFO - DAG(s) dict_keys(['example_task_group']) retrieved from /home/monica.fernandez/practica_creativa/venv-airflow/lib/python3.11/site-packages/airflow/example_dags/example_task_group.py
[2025-06-11T18:00:04.927+0200] {logging_mixin.py:137} INFO - [2025-06-11T18:00:04.927+0200] {dag.py:2690} INFO - Sync 1 DAGs
[2025-06-11T18:00:04.990+0200] {logging_mixin.py:137} INFO - [2025-06-11T18:00:04.990+0200] {dag.py:3437} INFO - Setting next_dagrun for example_task_group to 2025-06-10T16:00:04.990514+00:00, run_after=2025-06-11T16:00:04.990514+00:00
[2025-06-11T18:00:05.084+0200] {processor.py:175} INFO - Processing /home/monica.fernandez/practica_creativa/venv-airflow/lib/python3.11/site-packages/airflow/example_dags/example_task_group.py took 0.259 seconds
[2025-06-11T18:01:05.793+0200] {processor.py:153} INFO - Started process (PID=186137) to work on /home/monica.fernandez/practica_creativa/venv-airflow/lib/python3.11/site-packages/airflow/example_dags/example_task_group.py
[2025-06-11T18:01:05.794+0200] {processor.py:743} INFO - Processing file /home/monica.fernandez/practica_creativa/venv-airflow/lib/python3.11/site-packages/airflow/example_dags/example_task_group.py for tasks to queue
[2025-06-11T18:01:05.795+0200] {logging_mixin.py:137} INFO - [2025-06-11T18:01:05.795+0200] {dagbag.py:538} INFO - Filling up the DagBag from /home/monica.fernandez/practica_creativa/venv-airflow/lib/python3.11/site-packages/airflow/example_dags/example_task_group.py
[2025-06-11T18:01:05.859+0200] {processor.py:753} INFO - DAG(s) dict_keys(['example_task_group']) retrieved from /home/monica.fernandez/practica_creativa/venv-airflow/lib/python3.11/site-packages/airflow/example_dags/example_task_group.py
[2025-06-11T18:01:05.910+0200] {logging_mixin.py:137} INFO - [2025-06-11T18:01:05.910+0200] {dag.py:2690} INFO - Sync 1 DAGs
[2025-06-11T18:01:05.964+0200] {logging_mixin.py:137} INFO - [2025-06-11T18:01:05.963+0200] {dag.py:3437} INFO - Setting next_dagrun for example_task_group to 2025-06-10T16:01:05.963463+00:00, run_after=2025-06-11T16:01:05.963463+00:00
[2025-06-11T18:01:06.045+0200] {processor.py:175} INFO - Processing /home/monica.fernandez/practica_creativa/venv-airflow/lib/python3.11/site-packages/airflow/example_dags/example_task_group.py took 0.259 seconds
[2025-06-11T18:02:46.152+0200] {processor.py:153} INFO - Started process (PID=187144) to work on /home/monica.fernandez/practica_creativa/venv-airflow/lib/python3.11/site-packages/airflow/example_dags/example_task_group.py
[2025-06-11T18:02:46.153+0200] {processor.py:743} INFO - Processing file /home/monica.fernandez/practica_creativa/venv-airflow/lib/python3.11/site-packages/airflow/example_dags/example_task_group.py for tasks to queue
[2025-06-11T18:02:46.153+0200] {logging_mixin.py:137} INFO - [2025-06-11T18:02:46.153+0200] {dagbag.py:538} INFO - Filling up the DagBag from /home/monica.fernandez/practica_creativa/venv-airflow/lib/python3.11/site-packages/airflow/example_dags/example_task_group.py
[2025-06-11T18:02:46.171+0200] {processor.py:753} INFO - DAG(s) dict_keys(['example_task_group']) retrieved from /home/monica.fernandez/practica_creativa/venv-airflow/lib/python3.11/site-packages/airflow/example_dags/example_task_group.py
[2025-06-11T18:02:46.203+0200] {logging_mixin.py:137} INFO - [2025-06-11T18:02:46.202+0200] {dag.py:2690} INFO - Sync 1 DAGs
[2025-06-11T18:02:46.229+0200] {logging_mixin.py:137} INFO - [2025-06-11T18:02:46.229+0200] {dag.py:3437} INFO - Setting next_dagrun for example_task_group to 2025-06-10T16:02:46.228999+00:00, run_after=2025-06-11T16:02:46.228999+00:00
[2025-06-11T18:02:46.279+0200] {processor.py:175} INFO - Processing /home/monica.fernandez/practica_creativa/venv-airflow/lib/python3.11/site-packages/airflow/example_dags/example_task_group.py took 0.130 seconds
[2025-06-11T18:03:39.843+0200] {processor.py:153} INFO - Started process (PID=187606) to work on /home/monica.fernandez/practica_creativa/venv-airflow/lib/python3.11/site-packages/airflow/example_dags/example_task_group.py
[2025-06-11T18:03:39.845+0200] {processor.py:743} INFO - Processing file /home/monica.fernandez/practica_creativa/venv-airflow/lib/python3.11/site-packages/airflow/example_dags/example_task_group.py for tasks to queue
[2025-06-11T18:03:39.847+0200] {logging_mixin.py:137} INFO - [2025-06-11T18:03:39.846+0200] {dagbag.py:538} INFO - Filling up the DagBag from /home/monica.fernandez/practica_creativa/venv-airflow/lib/python3.11/site-packages/airflow/example_dags/example_task_group.py
[2025-06-11T18:03:39.894+0200] {processor.py:753} INFO - DAG(s) dict_keys(['example_task_group']) retrieved from /home/monica.fernandez/practica_creativa/venv-airflow/lib/python3.11/site-packages/airflow/example_dags/example_task_group.py
[2025-06-11T18:03:40.005+0200] {logging_mixin.py:137} INFO - [2025-06-11T18:03:40.005+0200] {dag.py:2690} INFO - Sync 1 DAGs
[2025-06-11T18:03:40.145+0200] {logging_mixin.py:137} INFO - [2025-06-11T18:03:40.143+0200] {dag.py:3437} INFO - Setting next_dagrun for example_task_group to 2025-06-10T16:03:40.141577+00:00, run_after=2025-06-11T16:03:40.141577+00:00
[2025-06-11T18:03:40.277+0200] {processor.py:175} INFO - Processing /home/monica.fernandez/practica_creativa/venv-airflow/lib/python3.11/site-packages/airflow/example_dags/example_task_group.py took 0.441 seconds
[2025-06-11T18:04:29.379+0200] {processor.py:153} INFO - Started process (PID=188045) to work on /home/monica.fernandez/practica_creativa/venv-airflow/lib/python3.11/site-packages/airflow/example_dags/example_task_group.py
[2025-06-11T18:04:29.380+0200] {processor.py:743} INFO - Processing file /home/monica.fernandez/practica_creativa/venv-airflow/lib/python3.11/site-packages/airflow/example_dags/example_task_group.py for tasks to queue
[2025-06-11T18:04:29.380+0200] {logging_mixin.py:137} INFO - [2025-06-11T18:04:29.380+0200] {dagbag.py:538} INFO - Filling up the DagBag from /home/monica.fernandez/practica_creativa/venv-airflow/lib/python3.11/site-packages/airflow/example_dags/example_task_group.py
[2025-06-11T18:04:29.404+0200] {processor.py:753} INFO - DAG(s) dict_keys(['example_task_group']) retrieved from /home/monica.fernandez/practica_creativa/venv-airflow/lib/python3.11/site-packages/airflow/example_dags/example_task_group.py
[2025-06-11T18:04:29.441+0200] {logging_mixin.py:137} INFO - [2025-06-11T18:04:29.440+0200] {dag.py:2690} INFO - Sync 1 DAGs
[2025-06-11T18:04:29.471+0200] {logging_mixin.py:137} INFO - [2025-06-11T18:04:29.471+0200] {dag.py:3437} INFO - Setting next_dagrun for example_task_group to 2025-06-10T16:04:29.470861+00:00, run_after=2025-06-11T16:04:29.470861+00:00
[2025-06-11T18:04:29.527+0200] {processor.py:175} INFO - Processing /home/monica.fernandez/practica_creativa/venv-airflow/lib/python3.11/site-packages/airflow/example_dags/example_task_group.py took 0.151 seconds
[2025-06-11T18:05:15.544+0200] {processor.py:153} INFO - Started process (PID=188365) to work on /home/monica.fernandez/practica_creativa/venv-airflow/lib/python3.11/site-packages/airflow/example_dags/example_task_group.py
[2025-06-11T18:05:15.545+0200] {processor.py:743} INFO - Processing file /home/monica.fernandez/practica_creativa/venv-airflow/lib/python3.11/site-packages/airflow/example_dags/example_task_group.py for tasks to queue
[2025-06-11T18:05:15.545+0200] {logging_mixin.py:137} INFO - [2025-06-11T18:05:15.545+0200] {dagbag.py:538} INFO - Filling up the DagBag from /home/monica.fernandez/practica_creativa/venv-airflow/lib/python3.11/site-packages/airflow/example_dags/example_task_group.py
[2025-06-11T18:05:15.602+0200] {processor.py:753} INFO - DAG(s) dict_keys(['example_task_group']) retrieved from /home/monica.fernandez/practica_creativa/venv-airflow/lib/python3.11/site-packages/airflow/example_dags/example_task_group.py
[2025-06-11T18:05:15.644+0200] {logging_mixin.py:137} INFO - [2025-06-11T18:05:15.644+0200] {dag.py:2690} INFO - Sync 1 DAGs
[2025-06-11T18:05:15.669+0200] {logging_mixin.py:137} INFO - [2025-06-11T18:05:15.669+0200] {dag.py:3437} INFO - Setting next_dagrun for example_task_group to 2025-06-10T16:05:15.669047+00:00, run_after=2025-06-11T16:05:15.669047+00:00
[2025-06-11T18:05:15.744+0200] {processor.py:175} INFO - Processing /home/monica.fernandez/practica_creativa/venv-airflow/lib/python3.11/site-packages/airflow/example_dags/example_task_group.py took 0.211 seconds
[2025-06-11T18:06:13.489+0200] {processor.py:153} INFO - Started process (PID=188912) to work on /home/monica.fernandez/practica_creativa/venv-airflow/lib/python3.11/site-packages/airflow/example_dags/example_task_group.py
[2025-06-11T18:06:13.490+0200] {processor.py:743} INFO - Processing file /home/monica.fernandez/practica_creativa/venv-airflow/lib/python3.11/site-packages/airflow/example_dags/example_task_group.py for tasks to queue
[2025-06-11T18:06:13.491+0200] {logging_mixin.py:137} INFO - [2025-06-11T18:06:13.490+0200] {dagbag.py:538} INFO - Filling up the DagBag from /home/monica.fernandez/practica_creativa/venv-airflow/lib/python3.11/site-packages/airflow/example_dags/example_task_group.py
[2025-06-11T18:06:13.518+0200] {processor.py:753} INFO - DAG(s) dict_keys(['example_task_group']) retrieved from /home/monica.fernandez/practica_creativa/venv-airflow/lib/python3.11/site-packages/airflow/example_dags/example_task_group.py
[2025-06-11T18:06:13.561+0200] {logging_mixin.py:137} INFO - [2025-06-11T18:06:13.560+0200] {dag.py:2690} INFO - Sync 1 DAGs
[2025-06-11T18:06:13.596+0200] {logging_mixin.py:137} INFO - [2025-06-11T18:06:13.596+0200] {dag.py:3437} INFO - Setting next_dagrun for example_task_group to 2025-06-10T16:06:13.596287+00:00, run_after=2025-06-11T16:06:13.596287+00:00
[2025-06-11T18:06:13.676+0200] {processor.py:175} INFO - Processing /home/monica.fernandez/practica_creativa/venv-airflow/lib/python3.11/site-packages/airflow/example_dags/example_task_group.py took 0.190 seconds
[2025-06-11T18:08:09.873+0200] {processor.py:153} INFO - Started process (PID=190448) to work on /home/monica.fernandez/practica_creativa/venv-airflow/lib/python3.11/site-packages/airflow/example_dags/example_task_group.py
[2025-06-11T18:08:09.874+0200] {processor.py:743} INFO - Processing file /home/monica.fernandez/practica_creativa/venv-airflow/lib/python3.11/site-packages/airflow/example_dags/example_task_group.py for tasks to queue
[2025-06-11T18:08:09.875+0200] {logging_mixin.py:137} INFO - [2025-06-11T18:08:09.875+0200] {dagbag.py:538} INFO - Filling up the DagBag from /home/monica.fernandez/practica_creativa/venv-airflow/lib/python3.11/site-packages/airflow/example_dags/example_task_group.py
[2025-06-11T18:08:09.899+0200] {processor.py:753} INFO - DAG(s) dict_keys(['example_task_group']) retrieved from /home/monica.fernandez/practica_creativa/venv-airflow/lib/python3.11/site-packages/airflow/example_dags/example_task_group.py
[2025-06-11T18:08:09.937+0200] {logging_mixin.py:137} INFO - [2025-06-11T18:08:09.937+0200] {dag.py:2690} INFO - Sync 1 DAGs
[2025-06-11T18:08:09.975+0200] {logging_mixin.py:137} INFO - [2025-06-11T18:08:09.975+0200] {dag.py:3437} INFO - Setting next_dagrun for example_task_group to 2025-06-10T16:08:09.974788+00:00, run_after=2025-06-11T16:08:09.974788+00:00
[2025-06-11T18:08:10.065+0200] {processor.py:175} INFO - Processing /home/monica.fernandez/practica_creativa/venv-airflow/lib/python3.11/site-packages/airflow/example_dags/example_task_group.py took 0.195 seconds
[2025-06-11T18:09:01.348+0200] {processor.py:153} INFO - Started process (PID=191037) to work on /home/monica.fernandez/practica_creativa/venv-airflow/lib/python3.11/site-packages/airflow/example_dags/example_task_group.py
[2025-06-11T18:09:01.349+0200] {processor.py:743} INFO - Processing file /home/monica.fernandez/practica_creativa/venv-airflow/lib/python3.11/site-packages/airflow/example_dags/example_task_group.py for tasks to queue
[2025-06-11T18:09:01.349+0200] {logging_mixin.py:137} INFO - [2025-06-11T18:09:01.349+0200] {dagbag.py:538} INFO - Filling up the DagBag from /home/monica.fernandez/practica_creativa/venv-airflow/lib/python3.11/site-packages/airflow/example_dags/example_task_group.py
[2025-06-11T18:09:01.381+0200] {processor.py:753} INFO - DAG(s) dict_keys(['example_task_group']) retrieved from /home/monica.fernandez/practica_creativa/venv-airflow/lib/python3.11/site-packages/airflow/example_dags/example_task_group.py
[2025-06-11T18:09:01.424+0200] {logging_mixin.py:137} INFO - [2025-06-11T18:09:01.423+0200] {dag.py:2690} INFO - Sync 1 DAGs
[2025-06-11T18:09:01.464+0200] {logging_mixin.py:137} INFO - [2025-06-11T18:09:01.464+0200] {dag.py:3437} INFO - Setting next_dagrun for example_task_group to 2025-06-10T16:09:01.463939+00:00, run_after=2025-06-11T16:09:01.463939+00:00
[2025-06-11T18:09:01.550+0200] {processor.py:175} INFO - Processing /home/monica.fernandez/practica_creativa/venv-airflow/lib/python3.11/site-packages/airflow/example_dags/example_task_group.py took 0.205 seconds
[2025-06-11T18:09:48.289+0200] {processor.py:153} INFO - Started process (PID=191460) to work on /home/monica.fernandez/practica_creativa/venv-airflow/lib/python3.11/site-packages/airflow/example_dags/example_task_group.py
[2025-06-11T18:09:48.290+0200] {processor.py:743} INFO - Processing file /home/monica.fernandez/practica_creativa/venv-airflow/lib/python3.11/site-packages/airflow/example_dags/example_task_group.py for tasks to queue
[2025-06-11T18:09:48.290+0200] {logging_mixin.py:137} INFO - [2025-06-11T18:09:48.290+0200] {dagbag.py:538} INFO - Filling up the DagBag from /home/monica.fernandez/practica_creativa/venv-airflow/lib/python3.11/site-packages/airflow/example_dags/example_task_group.py
[2025-06-11T18:09:48.323+0200] {processor.py:753} INFO - DAG(s) dict_keys(['example_task_group']) retrieved from /home/monica.fernandez/practica_creativa/venv-airflow/lib/python3.11/site-packages/airflow/example_dags/example_task_group.py
[2025-06-11T18:09:48.359+0200] {logging_mixin.py:137} INFO - [2025-06-11T18:09:48.358+0200] {dag.py:2690} INFO - Sync 1 DAGs
[2025-06-11T18:09:48.393+0200] {logging_mixin.py:137} INFO - [2025-06-11T18:09:48.393+0200] {dag.py:3437} INFO - Setting next_dagrun for example_task_group to 2025-06-10T16:09:48.392367+00:00, run_after=2025-06-11T16:09:48.392367+00:00
[2025-06-11T18:09:48.455+0200] {processor.py:175} INFO - Processing /home/monica.fernandez/practica_creativa/venv-airflow/lib/python3.11/site-packages/airflow/example_dags/example_task_group.py took 0.169 seconds
[2025-06-11T18:10:39.021+0200] {processor.py:153} INFO - Started process (PID=191930) to work on /home/monica.fernandez/practica_creativa/venv-airflow/lib/python3.11/site-packages/airflow/example_dags/example_task_group.py
[2025-06-11T18:10:39.021+0200] {processor.py:743} INFO - Processing file /home/monica.fernandez/practica_creativa/venv-airflow/lib/python3.11/site-packages/airflow/example_dags/example_task_group.py for tasks to queue
[2025-06-11T18:10:39.022+0200] {logging_mixin.py:137} INFO - [2025-06-11T18:10:39.022+0200] {dagbag.py:538} INFO - Filling up the DagBag from /home/monica.fernandez/practica_creativa/venv-airflow/lib/python3.11/site-packages/airflow/example_dags/example_task_group.py
[2025-06-11T18:10:39.054+0200] {processor.py:753} INFO - DAG(s) dict_keys(['example_task_group']) retrieved from /home/monica.fernandez/practica_creativa/venv-airflow/lib/python3.11/site-packages/airflow/example_dags/example_task_group.py
[2025-06-11T18:10:39.085+0200] {logging_mixin.py:137} INFO - [2025-06-11T18:10:39.085+0200] {dag.py:2690} INFO - Sync 1 DAGs
[2025-06-11T18:10:39.112+0200] {logging_mixin.py:137} INFO - [2025-06-11T18:10:39.112+0200] {dag.py:3437} INFO - Setting next_dagrun for example_task_group to 2025-06-10T16:10:39.111804+00:00, run_after=2025-06-11T16:10:39.111804+00:00
[2025-06-11T18:10:39.185+0200] {processor.py:175} INFO - Processing /home/monica.fernandez/practica_creativa/venv-airflow/lib/python3.11/site-packages/airflow/example_dags/example_task_group.py took 0.166 seconds
