[2025-06-11T16:08:43.539+0200] {processor.py:153} INFO - Started process (PID=122044) to work on /home/monica.fernandez/practica_creativa/venv-airflow/lib/python3.11/site-packages/airflow/example_dags/example_branch_labels.py
[2025-06-11T16:08:43.541+0200] {processor.py:743} INFO - Processing file /home/monica.fernandez/practica_creativa/venv-airflow/lib/python3.11/site-packages/airflow/example_dags/example_branch_labels.py for tasks to queue
[2025-06-11T16:08:43.542+0200] {logging_mixin.py:137} INFO - [2025-06-11T16:08:43.542+0200] {dagbag.py:538} INFO - Filling up the DagBag from /home/monica.fernandez/practica_creativa/venv-airflow/lib/python3.11/site-packages/airflow/example_dags/example_branch_labels.py
[2025-06-11T16:08:43.559+0200] {processor.py:753} INFO - DAG(s) dict_keys(['example_branch_labels']) retrieved from /home/monica.fernandez/practica_creativa/venv-airflow/lib/python3.11/site-packages/airflow/example_dags/example_branch_labels.py
[2025-06-11T16:08:43.715+0200] {logging_mixin.py:137} INFO - [2025-06-11T16:08:43.715+0200] {manager.py:504} INFO - Created Permission View: can read on DAG:example_branch_labels
[2025-06-11T16:08:43.752+0200] {logging_mixin.py:137} INFO - [2025-06-11T16:08:43.752+0200] {manager.py:504} INFO - Created Permission View: can delete on DAG:example_branch_labels
[2025-06-11T16:08:43.783+0200] {logging_mixin.py:137} INFO - [2025-06-11T16:08:43.783+0200] {manager.py:504} INFO - Created Permission View: can edit on DAG:example_branch_labels
[2025-06-11T16:08:43.783+0200] {logging_mixin.py:137} INFO - [2025-06-11T16:08:43.783+0200] {dag.py:2690} INFO - Sync 1 DAGs
[2025-06-11T16:08:43.801+0200] {logging_mixin.py:137} INFO - [2025-06-11T16:08:43.801+0200] {dag.py:2711} INFO - Creating ORM DAG for example_branch_labels
[2025-06-11T16:08:43.815+0200] {logging_mixin.py:137} INFO - [2025-06-11T16:08:43.814+0200] {dag.py:3437} INFO - Setting next_dagrun for example_branch_labels to 2025-06-10T00:00:00+00:00, run_after=2025-06-11T00:00:00+00:00
[2025-06-11T16:08:43.864+0200] {processor.py:175} INFO - Processing /home/monica.fernandez/practica_creativa/venv-airflow/lib/python3.11/site-packages/airflow/example_dags/example_branch_labels.py took 0.333 seconds
[2025-06-11T17:26:30.332+0200] {processor.py:153} INFO - Started process (PID=165482) to work on /home/monica.fernandez/practica_creativa/venv-airflow/lib/python3.11/site-packages/airflow/example_dags/example_branch_labels.py
[2025-06-11T17:26:30.333+0200] {processor.py:743} INFO - Processing file /home/monica.fernandez/practica_creativa/venv-airflow/lib/python3.11/site-packages/airflow/example_dags/example_branch_labels.py for tasks to queue
[2025-06-11T17:26:30.334+0200] {logging_mixin.py:137} INFO - [2025-06-11T17:26:30.334+0200] {dagbag.py:538} INFO - Filling up the DagBag from /home/monica.fernandez/practica_creativa/venv-airflow/lib/python3.11/site-packages/airflow/example_dags/example_branch_labels.py
[2025-06-11T17:26:30.369+0200] {processor.py:753} INFO - DAG(s) dict_keys(['example_branch_labels']) retrieved from /home/monica.fernandez/practica_creativa/venv-airflow/lib/python3.11/site-packages/airflow/example_dags/example_branch_labels.py
[2025-06-11T17:26:30.415+0200] {logging_mixin.py:137} INFO - [2025-06-11T17:26:30.415+0200] {dag.py:2690} INFO - Sync 1 DAGs
[2025-06-11T17:26:30.463+0200] {logging_mixin.py:137} INFO - [2025-06-11T17:26:30.462+0200] {dag.py:3437} INFO - Setting next_dagrun for example_branch_labels to 2025-06-10T00:00:00+00:00, run_after=2025-06-11T00:00:00+00:00
[2025-06-11T17:26:30.522+0200] {processor.py:175} INFO - Processing /home/monica.fernandez/practica_creativa/venv-airflow/lib/python3.11/site-packages/airflow/example_dags/example_branch_labels.py took 0.196 seconds
[2025-06-11T17:27:31.514+0200] {processor.py:153} INFO - Started process (PID=166071) to work on /home/monica.fernandez/practica_creativa/venv-airflow/lib/python3.11/site-packages/airflow/example_dags/example_branch_labels.py
[2025-06-11T17:27:31.515+0200] {processor.py:743} INFO - Processing file /home/monica.fernandez/practica_creativa/venv-airflow/lib/python3.11/site-packages/airflow/example_dags/example_branch_labels.py for tasks to queue
[2025-06-11T17:27:31.515+0200] {logging_mixin.py:137} INFO - [2025-06-11T17:27:31.515+0200] {dagbag.py:538} INFO - Filling up the DagBag from /home/monica.fernandez/practica_creativa/venv-airflow/lib/python3.11/site-packages/airflow/example_dags/example_branch_labels.py
[2025-06-11T17:27:31.534+0200] {processor.py:753} INFO - DAG(s) dict_keys(['example_branch_labels']) retrieved from /home/monica.fernandez/practica_creativa/venv-airflow/lib/python3.11/site-packages/airflow/example_dags/example_branch_labels.py
[2025-06-11T17:27:31.568+0200] {logging_mixin.py:137} INFO - [2025-06-11T17:27:31.568+0200] {dag.py:2690} INFO - Sync 1 DAGs
[2025-06-11T17:27:31.597+0200] {logging_mixin.py:137} INFO - [2025-06-11T17:27:31.596+0200] {dag.py:3437} INFO - Setting next_dagrun for example_branch_labels to 2025-06-10T00:00:00+00:00, run_after=2025-06-11T00:00:00+00:00
[2025-06-11T17:27:31.656+0200] {processor.py:175} INFO - Processing /home/monica.fernandez/practica_creativa/venv-airflow/lib/python3.11/site-packages/airflow/example_dags/example_branch_labels.py took 0.144 seconds
[2025-06-11T17:28:20.690+0200] {processor.py:153} INFO - Started process (PID=166512) to work on /home/monica.fernandez/practica_creativa/venv-airflow/lib/python3.11/site-packages/airflow/example_dags/example_branch_labels.py
[2025-06-11T17:28:20.690+0200] {processor.py:743} INFO - Processing file /home/monica.fernandez/practica_creativa/venv-airflow/lib/python3.11/site-packages/airflow/example_dags/example_branch_labels.py for tasks to queue
[2025-06-11T17:28:20.691+0200] {logging_mixin.py:137} INFO - [2025-06-11T17:28:20.691+0200] {dagbag.py:538} INFO - Filling up the DagBag from /home/monica.fernandez/practica_creativa/venv-airflow/lib/python3.11/site-packages/airflow/example_dags/example_branch_labels.py
[2025-06-11T17:28:20.712+0200] {processor.py:753} INFO - DAG(s) dict_keys(['example_branch_labels']) retrieved from /home/monica.fernandez/practica_creativa/venv-airflow/lib/python3.11/site-packages/airflow/example_dags/example_branch_labels.py
[2025-06-11T17:28:20.749+0200] {logging_mixin.py:137} INFO - [2025-06-11T17:28:20.749+0200] {dag.py:2690} INFO - Sync 1 DAGs
[2025-06-11T17:28:20.779+0200] {logging_mixin.py:137} INFO - [2025-06-11T17:28:20.779+0200] {dag.py:3437} INFO - Setting next_dagrun for example_branch_labels to 2025-06-10T00:00:00+00:00, run_after=2025-06-11T00:00:00+00:00
[2025-06-11T17:28:20.846+0200] {processor.py:175} INFO - Processing /home/monica.fernandez/practica_creativa/venv-airflow/lib/python3.11/site-packages/airflow/example_dags/example_branch_labels.py took 0.159 seconds
[2025-06-11T17:29:13.819+0200] {processor.py:153} INFO - Started process (PID=167042) to work on /home/monica.fernandez/practica_creativa/venv-airflow/lib/python3.11/site-packages/airflow/example_dags/example_branch_labels.py
[2025-06-11T17:29:13.820+0200] {processor.py:743} INFO - Processing file /home/monica.fernandez/practica_creativa/venv-airflow/lib/python3.11/site-packages/airflow/example_dags/example_branch_labels.py for tasks to queue
[2025-06-11T17:29:13.822+0200] {logging_mixin.py:137} INFO - [2025-06-11T17:29:13.821+0200] {dagbag.py:538} INFO - Filling up the DagBag from /home/monica.fernandez/practica_creativa/venv-airflow/lib/python3.11/site-packages/airflow/example_dags/example_branch_labels.py
[2025-06-11T17:29:13.878+0200] {processor.py:753} INFO - DAG(s) dict_keys(['example_branch_labels']) retrieved from /home/monica.fernandez/practica_creativa/venv-airflow/lib/python3.11/site-packages/airflow/example_dags/example_branch_labels.py
[2025-06-11T17:29:13.954+0200] {logging_mixin.py:137} INFO - [2025-06-11T17:29:13.954+0200] {dag.py:2690} INFO - Sync 1 DAGs
[2025-06-11T17:29:14.032+0200] {logging_mixin.py:137} INFO - [2025-06-11T17:29:14.032+0200] {dag.py:3437} INFO - Setting next_dagrun for example_branch_labels to 2025-06-10T00:00:00+00:00, run_after=2025-06-11T00:00:00+00:00
[2025-06-11T17:29:14.103+0200] {processor.py:175} INFO - Processing /home/monica.fernandez/practica_creativa/venv-airflow/lib/python3.11/site-packages/airflow/example_dags/example_branch_labels.py took 0.287 seconds
[2025-06-11T17:30:06.064+0200] {processor.py:153} INFO - Started process (PID=167506) to work on /home/monica.fernandez/practica_creativa/venv-airflow/lib/python3.11/site-packages/airflow/example_dags/example_branch_labels.py
[2025-06-11T17:30:06.064+0200] {processor.py:743} INFO - Processing file /home/monica.fernandez/practica_creativa/venv-airflow/lib/python3.11/site-packages/airflow/example_dags/example_branch_labels.py for tasks to queue
[2025-06-11T17:30:06.065+0200] {logging_mixin.py:137} INFO - [2025-06-11T17:30:06.065+0200] {dagbag.py:538} INFO - Filling up the DagBag from /home/monica.fernandez/practica_creativa/venv-airflow/lib/python3.11/site-packages/airflow/example_dags/example_branch_labels.py
[2025-06-11T17:30:06.110+0200] {processor.py:753} INFO - DAG(s) dict_keys(['example_branch_labels']) retrieved from /home/monica.fernandez/practica_creativa/venv-airflow/lib/python3.11/site-packages/airflow/example_dags/example_branch_labels.py
[2025-06-11T17:30:06.146+0200] {logging_mixin.py:137} INFO - [2025-06-11T17:30:06.146+0200] {dag.py:2690} INFO - Sync 1 DAGs
[2025-06-11T17:30:06.191+0200] {logging_mixin.py:137} INFO - [2025-06-11T17:30:06.191+0200] {dag.py:3437} INFO - Setting next_dagrun for example_branch_labels to 2025-06-10T00:00:00+00:00, run_after=2025-06-11T00:00:00+00:00
[2025-06-11T17:30:06.265+0200] {processor.py:175} INFO - Processing /home/monica.fernandez/practica_creativa/venv-airflow/lib/python3.11/site-packages/airflow/example_dags/example_branch_labels.py took 0.204 seconds
[2025-06-11T17:30:54.987+0200] {processor.py:153} INFO - Started process (PID=168290) to work on /home/monica.fernandez/practica_creativa/venv-airflow/lib/python3.11/site-packages/airflow/example_dags/example_branch_labels.py
[2025-06-11T17:30:54.988+0200] {processor.py:743} INFO - Processing file /home/monica.fernandez/practica_creativa/venv-airflow/lib/python3.11/site-packages/airflow/example_dags/example_branch_labels.py for tasks to queue
[2025-06-11T17:30:54.988+0200] {logging_mixin.py:137} INFO - [2025-06-11T17:30:54.988+0200] {dagbag.py:538} INFO - Filling up the DagBag from /home/monica.fernandez/practica_creativa/venv-airflow/lib/python3.11/site-packages/airflow/example_dags/example_branch_labels.py
[2025-06-11T17:30:55.013+0200] {processor.py:753} INFO - DAG(s) dict_keys(['example_branch_labels']) retrieved from /home/monica.fernandez/practica_creativa/venv-airflow/lib/python3.11/site-packages/airflow/example_dags/example_branch_labels.py
[2025-06-11T17:30:55.046+0200] {logging_mixin.py:137} INFO - [2025-06-11T17:30:55.046+0200] {dag.py:2690} INFO - Sync 1 DAGs
[2025-06-11T17:30:55.086+0200] {logging_mixin.py:137} INFO - [2025-06-11T17:30:55.086+0200] {dag.py:3437} INFO - Setting next_dagrun for example_branch_labels to 2025-06-10T00:00:00+00:00, run_after=2025-06-11T00:00:00+00:00
[2025-06-11T17:30:55.144+0200] {processor.py:175} INFO - Processing /home/monica.fernandez/practica_creativa/venv-airflow/lib/python3.11/site-packages/airflow/example_dags/example_branch_labels.py took 0.172 seconds
[2025-06-11T17:31:45.338+0200] {processor.py:153} INFO - Started process (PID=168735) to work on /home/monica.fernandez/practica_creativa/venv-airflow/lib/python3.11/site-packages/airflow/example_dags/example_branch_labels.py
[2025-06-11T17:31:45.338+0200] {processor.py:743} INFO - Processing file /home/monica.fernandez/practica_creativa/venv-airflow/lib/python3.11/site-packages/airflow/example_dags/example_branch_labels.py for tasks to queue
[2025-06-11T17:31:45.339+0200] {logging_mixin.py:137} INFO - [2025-06-11T17:31:45.339+0200] {dagbag.py:538} INFO - Filling up the DagBag from /home/monica.fernandez/practica_creativa/venv-airflow/lib/python3.11/site-packages/airflow/example_dags/example_branch_labels.py
[2025-06-11T17:31:45.355+0200] {processor.py:753} INFO - DAG(s) dict_keys(['example_branch_labels']) retrieved from /home/monica.fernandez/practica_creativa/venv-airflow/lib/python3.11/site-packages/airflow/example_dags/example_branch_labels.py
[2025-06-11T17:31:45.379+0200] {logging_mixin.py:137} INFO - [2025-06-11T17:31:45.379+0200] {dag.py:2690} INFO - Sync 1 DAGs
[2025-06-11T17:31:45.408+0200] {logging_mixin.py:137} INFO - [2025-06-11T17:31:45.408+0200] {dag.py:3437} INFO - Setting next_dagrun for example_branch_labels to 2025-06-10T00:00:00+00:00, run_after=2025-06-11T00:00:00+00:00
[2025-06-11T17:31:45.476+0200] {processor.py:175} INFO - Processing /home/monica.fernandez/practica_creativa/venv-airflow/lib/python3.11/site-packages/airflow/example_dags/example_branch_labels.py took 0.140 seconds
[2025-06-11T17:32:44.564+0200] {processor.py:153} INFO - Started process (PID=169216) to work on /home/monica.fernandez/practica_creativa/venv-airflow/lib/python3.11/site-packages/airflow/example_dags/example_branch_labels.py
[2025-06-11T17:32:44.564+0200] {processor.py:743} INFO - Processing file /home/monica.fernandez/practica_creativa/venv-airflow/lib/python3.11/site-packages/airflow/example_dags/example_branch_labels.py for tasks to queue
[2025-06-11T17:32:44.565+0200] {logging_mixin.py:137} INFO - [2025-06-11T17:32:44.565+0200] {dagbag.py:538} INFO - Filling up the DagBag from /home/monica.fernandez/practica_creativa/venv-airflow/lib/python3.11/site-packages/airflow/example_dags/example_branch_labels.py
[2025-06-11T17:32:44.593+0200] {processor.py:753} INFO - DAG(s) dict_keys(['example_branch_labels']) retrieved from /home/monica.fernandez/practica_creativa/venv-airflow/lib/python3.11/site-packages/airflow/example_dags/example_branch_labels.py
[2025-06-11T17:32:44.621+0200] {logging_mixin.py:137} INFO - [2025-06-11T17:32:44.621+0200] {dag.py:2690} INFO - Sync 1 DAGs
[2025-06-11T17:32:44.651+0200] {logging_mixin.py:137} INFO - [2025-06-11T17:32:44.651+0200] {dag.py:3437} INFO - Setting next_dagrun for example_branch_labels to 2025-06-10T00:00:00+00:00, run_after=2025-06-11T00:00:00+00:00
[2025-06-11T17:32:44.712+0200] {processor.py:175} INFO - Processing /home/monica.fernandez/practica_creativa/venv-airflow/lib/python3.11/site-packages/airflow/example_dags/example_branch_labels.py took 0.152 seconds
[2025-06-11T17:33:35.751+0200] {processor.py:153} INFO - Started process (PID=169627) to work on /home/monica.fernandez/practica_creativa/venv-airflow/lib/python3.11/site-packages/airflow/example_dags/example_branch_labels.py
[2025-06-11T17:33:35.752+0200] {processor.py:743} INFO - Processing file /home/monica.fernandez/practica_creativa/venv-airflow/lib/python3.11/site-packages/airflow/example_dags/example_branch_labels.py for tasks to queue
[2025-06-11T17:33:35.753+0200] {logging_mixin.py:137} INFO - [2025-06-11T17:33:35.753+0200] {dagbag.py:538} INFO - Filling up the DagBag from /home/monica.fernandez/practica_creativa/venv-airflow/lib/python3.11/site-packages/airflow/example_dags/example_branch_labels.py
[2025-06-11T17:33:35.785+0200] {processor.py:753} INFO - DAG(s) dict_keys(['example_branch_labels']) retrieved from /home/monica.fernandez/practica_creativa/venv-airflow/lib/python3.11/site-packages/airflow/example_dags/example_branch_labels.py
[2025-06-11T17:33:35.823+0200] {logging_mixin.py:137} INFO - [2025-06-11T17:33:35.823+0200] {dag.py:2690} INFO - Sync 1 DAGs
[2025-06-11T17:33:35.857+0200] {logging_mixin.py:137} INFO - [2025-06-11T17:33:35.856+0200] {dag.py:3437} INFO - Setting next_dagrun for example_branch_labels to 2025-06-10T00:00:00+00:00, run_after=2025-06-11T00:00:00+00:00
[2025-06-11T17:33:35.930+0200] {processor.py:175} INFO - Processing /home/monica.fernandez/practica_creativa/venv-airflow/lib/python3.11/site-packages/airflow/example_dags/example_branch_labels.py took 0.184 seconds
[2025-06-11T17:34:28.097+0200] {processor.py:153} INFO - Started process (PID=170137) to work on /home/monica.fernandez/practica_creativa/venv-airflow/lib/python3.11/site-packages/airflow/example_dags/example_branch_labels.py
[2025-06-11T17:34:28.097+0200] {processor.py:743} INFO - Processing file /home/monica.fernandez/practica_creativa/venv-airflow/lib/python3.11/site-packages/airflow/example_dags/example_branch_labels.py for tasks to queue
[2025-06-11T17:34:28.098+0200] {logging_mixin.py:137} INFO - [2025-06-11T17:34:28.098+0200] {dagbag.py:538} INFO - Filling up the DagBag from /home/monica.fernandez/practica_creativa/venv-airflow/lib/python3.11/site-packages/airflow/example_dags/example_branch_labels.py
[2025-06-11T17:34:28.121+0200] {processor.py:753} INFO - DAG(s) dict_keys(['example_branch_labels']) retrieved from /home/monica.fernandez/practica_creativa/venv-airflow/lib/python3.11/site-packages/airflow/example_dags/example_branch_labels.py
[2025-06-11T17:34:28.148+0200] {logging_mixin.py:137} INFO - [2025-06-11T17:34:28.148+0200] {dag.py:2690} INFO - Sync 1 DAGs
[2025-06-11T17:34:28.172+0200] {logging_mixin.py:137} INFO - [2025-06-11T17:34:28.172+0200] {dag.py:3437} INFO - Setting next_dagrun for example_branch_labels to 2025-06-10T00:00:00+00:00, run_after=2025-06-11T00:00:00+00:00
[2025-06-11T17:34:28.226+0200] {processor.py:175} INFO - Processing /home/monica.fernandez/practica_creativa/venv-airflow/lib/python3.11/site-packages/airflow/example_dags/example_branch_labels.py took 0.132 seconds
[2025-06-11T17:35:47.331+0200] {processor.py:153} INFO - Started process (PID=170929) to work on /home/monica.fernandez/practica_creativa/venv-airflow/lib/python3.11/site-packages/airflow/example_dags/example_branch_labels.py
[2025-06-11T17:35:47.332+0200] {processor.py:743} INFO - Processing file /home/monica.fernandez/practica_creativa/venv-airflow/lib/python3.11/site-packages/airflow/example_dags/example_branch_labels.py for tasks to queue
[2025-06-11T17:35:47.333+0200] {logging_mixin.py:137} INFO - [2025-06-11T17:35:47.332+0200] {dagbag.py:538} INFO - Filling up the DagBag from /home/monica.fernandez/practica_creativa/venv-airflow/lib/python3.11/site-packages/airflow/example_dags/example_branch_labels.py
[2025-06-11T17:35:47.360+0200] {processor.py:753} INFO - DAG(s) dict_keys(['example_branch_labels']) retrieved from /home/monica.fernandez/practica_creativa/venv-airflow/lib/python3.11/site-packages/airflow/example_dags/example_branch_labels.py
[2025-06-11T17:35:47.410+0200] {logging_mixin.py:137} INFO - [2025-06-11T17:35:47.409+0200] {dag.py:2690} INFO - Sync 1 DAGs
[2025-06-11T17:35:47.456+0200] {logging_mixin.py:137} INFO - [2025-06-11T17:35:47.456+0200] {dag.py:3437} INFO - Setting next_dagrun for example_branch_labels to 2025-06-10T00:00:00+00:00, run_after=2025-06-11T00:00:00+00:00
[2025-06-11T17:35:47.590+0200] {processor.py:175} INFO - Processing /home/monica.fernandez/practica_creativa/venv-airflow/lib/python3.11/site-packages/airflow/example_dags/example_branch_labels.py took 0.264 seconds
[2025-06-11T17:36:36.995+0200] {processor.py:153} INFO - Started process (PID=171408) to work on /home/monica.fernandez/practica_creativa/venv-airflow/lib/python3.11/site-packages/airflow/example_dags/example_branch_labels.py
[2025-06-11T17:36:36.996+0200] {processor.py:743} INFO - Processing file /home/monica.fernandez/practica_creativa/venv-airflow/lib/python3.11/site-packages/airflow/example_dags/example_branch_labels.py for tasks to queue
[2025-06-11T17:36:37.011+0200] {logging_mixin.py:137} INFO - [2025-06-11T17:36:37.011+0200] {dagbag.py:538} INFO - Filling up the DagBag from /home/monica.fernandez/practica_creativa/venv-airflow/lib/python3.11/site-packages/airflow/example_dags/example_branch_labels.py
[2025-06-11T17:36:37.063+0200] {processor.py:753} INFO - DAG(s) dict_keys(['example_branch_labels']) retrieved from /home/monica.fernandez/practica_creativa/venv-airflow/lib/python3.11/site-packages/airflow/example_dags/example_branch_labels.py
[2025-06-11T17:36:37.109+0200] {logging_mixin.py:137} INFO - [2025-06-11T17:36:37.109+0200] {dag.py:2690} INFO - Sync 1 DAGs
[2025-06-11T17:36:37.148+0200] {logging_mixin.py:137} INFO - [2025-06-11T17:36:37.148+0200] {dag.py:3437} INFO - Setting next_dagrun for example_branch_labels to 2025-06-10T00:00:00+00:00, run_after=2025-06-11T00:00:00+00:00
[2025-06-11T17:36:37.216+0200] {processor.py:175} INFO - Processing /home/monica.fernandez/practica_creativa/venv-airflow/lib/python3.11/site-packages/airflow/example_dags/example_branch_labels.py took 0.225 seconds
[2025-06-11T17:38:20.784+0200] {processor.py:153} INFO - Started process (PID=172446) to work on /home/monica.fernandez/practica_creativa/venv-airflow/lib/python3.11/site-packages/airflow/example_dags/example_branch_labels.py
[2025-06-11T17:38:20.788+0200] {processor.py:743} INFO - Processing file /home/monica.fernandez/practica_creativa/venv-airflow/lib/python3.11/site-packages/airflow/example_dags/example_branch_labels.py for tasks to queue
[2025-06-11T17:38:20.790+0200] {logging_mixin.py:137} INFO - [2025-06-11T17:38:20.789+0200] {dagbag.py:538} INFO - Filling up the DagBag from /home/monica.fernandez/practica_creativa/venv-airflow/lib/python3.11/site-packages/airflow/example_dags/example_branch_labels.py
[2025-06-11T17:38:20.856+0200] {processor.py:753} INFO - DAG(s) dict_keys(['example_branch_labels']) retrieved from /home/monica.fernandez/practica_creativa/venv-airflow/lib/python3.11/site-packages/airflow/example_dags/example_branch_labels.py
[2025-06-11T17:38:20.920+0200] {logging_mixin.py:137} INFO - [2025-06-11T17:38:20.920+0200] {dag.py:2690} INFO - Sync 1 DAGs
[2025-06-11T17:38:21.011+0200] {logging_mixin.py:137} INFO - [2025-06-11T17:38:21.011+0200] {dag.py:3437} INFO - Setting next_dagrun for example_branch_labels to 2025-06-10T00:00:00+00:00, run_after=2025-06-11T00:00:00+00:00
[2025-06-11T17:38:21.098+0200] {processor.py:175} INFO - Processing /home/monica.fernandez/practica_creativa/venv-airflow/lib/python3.11/site-packages/airflow/example_dags/example_branch_labels.py took 0.328 seconds
[2025-06-11T17:39:24.029+0200] {processor.py:153} INFO - Started process (PID=173092) to work on /home/monica.fernandez/practica_creativa/venv-airflow/lib/python3.11/site-packages/airflow/example_dags/example_branch_labels.py
[2025-06-11T17:39:24.031+0200] {processor.py:743} INFO - Processing file /home/monica.fernandez/practica_creativa/venv-airflow/lib/python3.11/site-packages/airflow/example_dags/example_branch_labels.py for tasks to queue
[2025-06-11T17:39:24.031+0200] {logging_mixin.py:137} INFO - [2025-06-11T17:39:24.031+0200] {dagbag.py:538} INFO - Filling up the DagBag from /home/monica.fernandez/practica_creativa/venv-airflow/lib/python3.11/site-packages/airflow/example_dags/example_branch_labels.py
[2025-06-11T17:39:24.068+0200] {processor.py:753} INFO - DAG(s) dict_keys(['example_branch_labels']) retrieved from /home/monica.fernandez/practica_creativa/venv-airflow/lib/python3.11/site-packages/airflow/example_dags/example_branch_labels.py
[2025-06-11T17:39:24.108+0200] {logging_mixin.py:137} INFO - [2025-06-11T17:39:24.108+0200] {dag.py:2690} INFO - Sync 1 DAGs
[2025-06-11T17:39:24.150+0200] {logging_mixin.py:137} INFO - [2025-06-11T17:39:24.150+0200] {dag.py:3437} INFO - Setting next_dagrun for example_branch_labels to 2025-06-10T00:00:00+00:00, run_after=2025-06-11T00:00:00+00:00
[2025-06-11T17:39:24.245+0200] {processor.py:175} INFO - Processing /home/monica.fernandez/practica_creativa/venv-airflow/lib/python3.11/site-packages/airflow/example_dags/example_branch_labels.py took 0.219 seconds
[2025-06-11T17:40:19.052+0200] {processor.py:153} INFO - Started process (PID=173572) to work on /home/monica.fernandez/practica_creativa/venv-airflow/lib/python3.11/site-packages/airflow/example_dags/example_branch_labels.py
[2025-06-11T17:40:19.053+0200] {processor.py:743} INFO - Processing file /home/monica.fernandez/practica_creativa/venv-airflow/lib/python3.11/site-packages/airflow/example_dags/example_branch_labels.py for tasks to queue
[2025-06-11T17:40:19.053+0200] {logging_mixin.py:137} INFO - [2025-06-11T17:40:19.053+0200] {dagbag.py:538} INFO - Filling up the DagBag from /home/monica.fernandez/practica_creativa/venv-airflow/lib/python3.11/site-packages/airflow/example_dags/example_branch_labels.py
[2025-06-11T17:40:19.073+0200] {processor.py:753} INFO - DAG(s) dict_keys(['example_branch_labels']) retrieved from /home/monica.fernandez/practica_creativa/venv-airflow/lib/python3.11/site-packages/airflow/example_dags/example_branch_labels.py
[2025-06-11T17:40:19.106+0200] {logging_mixin.py:137} INFO - [2025-06-11T17:40:19.106+0200] {dag.py:2690} INFO - Sync 1 DAGs
[2025-06-11T17:40:19.142+0200] {logging_mixin.py:137} INFO - [2025-06-11T17:40:19.142+0200] {dag.py:3437} INFO - Setting next_dagrun for example_branch_labels to 2025-06-10T00:00:00+00:00, run_after=2025-06-11T00:00:00+00:00
[2025-06-11T17:40:19.193+0200] {processor.py:175} INFO - Processing /home/monica.fernandez/practica_creativa/venv-airflow/lib/python3.11/site-packages/airflow/example_dags/example_branch_labels.py took 0.145 seconds
[2025-06-11T17:41:27.668+0200] {processor.py:153} INFO - Started process (PID=174175) to work on /home/monica.fernandez/practica_creativa/venv-airflow/lib/python3.11/site-packages/airflow/example_dags/example_branch_labels.py
[2025-06-11T17:41:27.669+0200] {processor.py:743} INFO - Processing file /home/monica.fernandez/practica_creativa/venv-airflow/lib/python3.11/site-packages/airflow/example_dags/example_branch_labels.py for tasks to queue
[2025-06-11T17:41:27.670+0200] {logging_mixin.py:137} INFO - [2025-06-11T17:41:27.670+0200] {dagbag.py:538} INFO - Filling up the DagBag from /home/monica.fernandez/practica_creativa/venv-airflow/lib/python3.11/site-packages/airflow/example_dags/example_branch_labels.py
[2025-06-11T17:41:27.698+0200] {processor.py:753} INFO - DAG(s) dict_keys(['example_branch_labels']) retrieved from /home/monica.fernandez/practica_creativa/venv-airflow/lib/python3.11/site-packages/airflow/example_dags/example_branch_labels.py
[2025-06-11T17:41:27.749+0200] {logging_mixin.py:137} INFO - [2025-06-11T17:41:27.748+0200] {dag.py:2690} INFO - Sync 1 DAGs
[2025-06-11T17:41:27.787+0200] {logging_mixin.py:137} INFO - [2025-06-11T17:41:27.786+0200] {dag.py:3437} INFO - Setting next_dagrun for example_branch_labels to 2025-06-10T00:00:00+00:00, run_after=2025-06-11T00:00:00+00:00
[2025-06-11T17:41:27.862+0200] {processor.py:175} INFO - Processing /home/monica.fernandez/practica_creativa/venv-airflow/lib/python3.11/site-packages/airflow/example_dags/example_branch_labels.py took 0.198 seconds
[2025-06-11T17:42:25.720+0200] {processor.py:153} INFO - Started process (PID=174695) to work on /home/monica.fernandez/practica_creativa/venv-airflow/lib/python3.11/site-packages/airflow/example_dags/example_branch_labels.py
[2025-06-11T17:42:25.721+0200] {processor.py:743} INFO - Processing file /home/monica.fernandez/practica_creativa/venv-airflow/lib/python3.11/site-packages/airflow/example_dags/example_branch_labels.py for tasks to queue
[2025-06-11T17:42:25.723+0200] {logging_mixin.py:137} INFO - [2025-06-11T17:42:25.722+0200] {dagbag.py:538} INFO - Filling up the DagBag from /home/monica.fernandez/practica_creativa/venv-airflow/lib/python3.11/site-packages/airflow/example_dags/example_branch_labels.py
[2025-06-11T17:42:25.752+0200] {processor.py:753} INFO - DAG(s) dict_keys(['example_branch_labels']) retrieved from /home/monica.fernandez/practica_creativa/venv-airflow/lib/python3.11/site-packages/airflow/example_dags/example_branch_labels.py
[2025-06-11T17:42:25.790+0200] {logging_mixin.py:137} INFO - [2025-06-11T17:42:25.790+0200] {dag.py:2690} INFO - Sync 1 DAGs
[2025-06-11T17:42:25.839+0200] {logging_mixin.py:137} INFO - [2025-06-11T17:42:25.839+0200] {dag.py:3437} INFO - Setting next_dagrun for example_branch_labels to 2025-06-10T00:00:00+00:00, run_after=2025-06-11T00:00:00+00:00
[2025-06-11T17:42:25.932+0200] {processor.py:175} INFO - Processing /home/monica.fernandez/practica_creativa/venv-airflow/lib/python3.11/site-packages/airflow/example_dags/example_branch_labels.py took 0.220 seconds
[2025-06-11T17:43:29.868+0200] {processor.py:153} INFO - Started process (PID=175302) to work on /home/monica.fernandez/practica_creativa/venv-airflow/lib/python3.11/site-packages/airflow/example_dags/example_branch_labels.py
[2025-06-11T17:43:29.870+0200] {processor.py:743} INFO - Processing file /home/monica.fernandez/practica_creativa/venv-airflow/lib/python3.11/site-packages/airflow/example_dags/example_branch_labels.py for tasks to queue
[2025-06-11T17:43:29.872+0200] {logging_mixin.py:137} INFO - [2025-06-11T17:43:29.872+0200] {dagbag.py:538} INFO - Filling up the DagBag from /home/monica.fernandez/practica_creativa/venv-airflow/lib/python3.11/site-packages/airflow/example_dags/example_branch_labels.py
[2025-06-11T17:43:29.921+0200] {processor.py:753} INFO - DAG(s) dict_keys(['example_branch_labels']) retrieved from /home/monica.fernandez/practica_creativa/venv-airflow/lib/python3.11/site-packages/airflow/example_dags/example_branch_labels.py
[2025-06-11T17:43:29.958+0200] {logging_mixin.py:137} INFO - [2025-06-11T17:43:29.957+0200] {dag.py:2690} INFO - Sync 1 DAGs
[2025-06-11T17:43:30.028+0200] {logging_mixin.py:137} INFO - [2025-06-11T17:43:30.028+0200] {dag.py:3437} INFO - Setting next_dagrun for example_branch_labels to 2025-06-10T00:00:00+00:00, run_after=2025-06-11T00:00:00+00:00
[2025-06-11T17:43:30.150+0200] {processor.py:175} INFO - Processing /home/monica.fernandez/practica_creativa/venv-airflow/lib/python3.11/site-packages/airflow/example_dags/example_branch_labels.py took 0.299 seconds
[2025-06-11T17:44:32.617+0200] {processor.py:153} INFO - Started process (PID=175942) to work on /home/monica.fernandez/practica_creativa/venv-airflow/lib/python3.11/site-packages/airflow/example_dags/example_branch_labels.py
[2025-06-11T17:44:32.618+0200] {processor.py:743} INFO - Processing file /home/monica.fernandez/practica_creativa/venv-airflow/lib/python3.11/site-packages/airflow/example_dags/example_branch_labels.py for tasks to queue
[2025-06-11T17:44:32.618+0200] {logging_mixin.py:137} INFO - [2025-06-11T17:44:32.618+0200] {dagbag.py:538} INFO - Filling up the DagBag from /home/monica.fernandez/practica_creativa/venv-airflow/lib/python3.11/site-packages/airflow/example_dags/example_branch_labels.py
[2025-06-11T17:44:32.638+0200] {processor.py:753} INFO - DAG(s) dict_keys(['example_branch_labels']) retrieved from /home/monica.fernandez/practica_creativa/venv-airflow/lib/python3.11/site-packages/airflow/example_dags/example_branch_labels.py
[2025-06-11T17:44:32.663+0200] {logging_mixin.py:137} INFO - [2025-06-11T17:44:32.663+0200] {dag.py:2690} INFO - Sync 1 DAGs
[2025-06-11T17:44:32.691+0200] {logging_mixin.py:137} INFO - [2025-06-11T17:44:32.691+0200] {dag.py:3437} INFO - Setting next_dagrun for example_branch_labels to 2025-06-10T00:00:00+00:00, run_after=2025-06-11T00:00:00+00:00
[2025-06-11T17:44:32.747+0200] {processor.py:175} INFO - Processing /home/monica.fernandez/practica_creativa/venv-airflow/lib/python3.11/site-packages/airflow/example_dags/example_branch_labels.py took 0.133 seconds
[2025-06-11T17:46:06.181+0200] {processor.py:153} INFO - Started process (PID=176899) to work on /home/monica.fernandez/practica_creativa/venv-airflow/lib/python3.11/site-packages/airflow/example_dags/example_branch_labels.py
[2025-06-11T17:46:06.182+0200] {processor.py:743} INFO - Processing file /home/monica.fernandez/practica_creativa/venv-airflow/lib/python3.11/site-packages/airflow/example_dags/example_branch_labels.py for tasks to queue
[2025-06-11T17:46:06.183+0200] {logging_mixin.py:137} INFO - [2025-06-11T17:46:06.182+0200] {dagbag.py:538} INFO - Filling up the DagBag from /home/monica.fernandez/practica_creativa/venv-airflow/lib/python3.11/site-packages/airflow/example_dags/example_branch_labels.py
[2025-06-11T17:46:06.220+0200] {processor.py:753} INFO - DAG(s) dict_keys(['example_branch_labels']) retrieved from /home/monica.fernandez/practica_creativa/venv-airflow/lib/python3.11/site-packages/airflow/example_dags/example_branch_labels.py
[2025-06-11T17:46:06.260+0200] {logging_mixin.py:137} INFO - [2025-06-11T17:46:06.260+0200] {dag.py:2690} INFO - Sync 1 DAGs
[2025-06-11T17:46:06.314+0200] {logging_mixin.py:137} INFO - [2025-06-11T17:46:06.314+0200] {dag.py:3437} INFO - Setting next_dagrun for example_branch_labels to 2025-06-10T00:00:00+00:00, run_after=2025-06-11T00:00:00+00:00
[2025-06-11T17:46:06.413+0200] {processor.py:175} INFO - Processing /home/monica.fernandez/practica_creativa/venv-airflow/lib/python3.11/site-packages/airflow/example_dags/example_branch_labels.py took 0.236 seconds
[2025-06-11T17:47:02.290+0200] {processor.py:153} INFO - Started process (PID=177382) to work on /home/monica.fernandez/practica_creativa/venv-airflow/lib/python3.11/site-packages/airflow/example_dags/example_branch_labels.py
[2025-06-11T17:47:02.291+0200] {processor.py:743} INFO - Processing file /home/monica.fernandez/practica_creativa/venv-airflow/lib/python3.11/site-packages/airflow/example_dags/example_branch_labels.py for tasks to queue
[2025-06-11T17:47:02.291+0200] {logging_mixin.py:137} INFO - [2025-06-11T17:47:02.291+0200] {dagbag.py:538} INFO - Filling up the DagBag from /home/monica.fernandez/practica_creativa/venv-airflow/lib/python3.11/site-packages/airflow/example_dags/example_branch_labels.py
[2025-06-11T17:47:02.319+0200] {processor.py:753} INFO - DAG(s) dict_keys(['example_branch_labels']) retrieved from /home/monica.fernandez/practica_creativa/venv-airflow/lib/python3.11/site-packages/airflow/example_dags/example_branch_labels.py
[2025-06-11T17:47:02.376+0200] {logging_mixin.py:137} INFO - [2025-06-11T17:47:02.375+0200] {dag.py:2690} INFO - Sync 1 DAGs
[2025-06-11T17:47:02.435+0200] {logging_mixin.py:137} INFO - [2025-06-11T17:47:02.435+0200] {dag.py:3437} INFO - Setting next_dagrun for example_branch_labels to 2025-06-10T00:00:00+00:00, run_after=2025-06-11T00:00:00+00:00
[2025-06-11T17:47:02.552+0200] {processor.py:175} INFO - Processing /home/monica.fernandez/practica_creativa/venv-airflow/lib/python3.11/site-packages/airflow/example_dags/example_branch_labels.py took 0.266 seconds
[2025-06-11T17:47:58.285+0200] {processor.py:153} INFO - Started process (PID=177863) to work on /home/monica.fernandez/practica_creativa/venv-airflow/lib/python3.11/site-packages/airflow/example_dags/example_branch_labels.py
[2025-06-11T17:47:58.286+0200] {processor.py:743} INFO - Processing file /home/monica.fernandez/practica_creativa/venv-airflow/lib/python3.11/site-packages/airflow/example_dags/example_branch_labels.py for tasks to queue
[2025-06-11T17:47:58.286+0200] {logging_mixin.py:137} INFO - [2025-06-11T17:47:58.286+0200] {dagbag.py:538} INFO - Filling up the DagBag from /home/monica.fernandez/practica_creativa/venv-airflow/lib/python3.11/site-packages/airflow/example_dags/example_branch_labels.py
[2025-06-11T17:47:58.351+0200] {processor.py:753} INFO - DAG(s) dict_keys(['example_branch_labels']) retrieved from /home/monica.fernandez/practica_creativa/venv-airflow/lib/python3.11/site-packages/airflow/example_dags/example_branch_labels.py
[2025-06-11T17:47:58.394+0200] {logging_mixin.py:137} INFO - [2025-06-11T17:47:58.393+0200] {dag.py:2690} INFO - Sync 1 DAGs
[2025-06-11T17:47:58.457+0200] {logging_mixin.py:137} INFO - [2025-06-11T17:47:58.454+0200] {dag.py:3437} INFO - Setting next_dagrun for example_branch_labels to 2025-06-10T00:00:00+00:00, run_after=2025-06-11T00:00:00+00:00
[2025-06-11T17:47:58.637+0200] {processor.py:175} INFO - Processing /home/monica.fernandez/practica_creativa/venv-airflow/lib/python3.11/site-packages/airflow/example_dags/example_branch_labels.py took 0.360 seconds
[2025-06-11T17:52:34.886+0200] {processor.py:153} INFO - Started process (PID=181278) to work on /home/monica.fernandez/practica_creativa/venv-airflow/lib/python3.11/site-packages/airflow/example_dags/example_branch_labels.py
[2025-06-11T17:52:34.887+0200] {processor.py:743} INFO - Processing file /home/monica.fernandez/practica_creativa/venv-airflow/lib/python3.11/site-packages/airflow/example_dags/example_branch_labels.py for tasks to queue
[2025-06-11T17:52:34.888+0200] {logging_mixin.py:137} INFO - [2025-06-11T17:52:34.888+0200] {dagbag.py:538} INFO - Filling up the DagBag from /home/monica.fernandez/practica_creativa/venv-airflow/lib/python3.11/site-packages/airflow/example_dags/example_branch_labels.py
[2025-06-11T17:52:34.910+0200] {processor.py:753} INFO - DAG(s) dict_keys(['example_branch_labels']) retrieved from /home/monica.fernandez/practica_creativa/venv-airflow/lib/python3.11/site-packages/airflow/example_dags/example_branch_labels.py
[2025-06-11T17:52:34.946+0200] {logging_mixin.py:137} INFO - [2025-06-11T17:52:34.945+0200] {dag.py:2690} INFO - Sync 1 DAGs
[2025-06-11T17:52:34.979+0200] {logging_mixin.py:137} INFO - [2025-06-11T17:52:34.979+0200] {dag.py:3437} INFO - Setting next_dagrun for example_branch_labels to 2025-06-10T00:00:00+00:00, run_after=2025-06-11T00:00:00+00:00
[2025-06-11T17:52:35.041+0200] {processor.py:175} INFO - Processing /home/monica.fernandez/practica_creativa/venv-airflow/lib/python3.11/site-packages/airflow/example_dags/example_branch_labels.py took 0.160 seconds
[2025-06-11T17:53:29.030+0200] {processor.py:153} INFO - Started process (PID=181774) to work on /home/monica.fernandez/practica_creativa/venv-airflow/lib/python3.11/site-packages/airflow/example_dags/example_branch_labels.py
[2025-06-11T17:53:29.031+0200] {processor.py:743} INFO - Processing file /home/monica.fernandez/practica_creativa/venv-airflow/lib/python3.11/site-packages/airflow/example_dags/example_branch_labels.py for tasks to queue
[2025-06-11T17:53:29.032+0200] {logging_mixin.py:137} INFO - [2025-06-11T17:53:29.031+0200] {dagbag.py:538} INFO - Filling up the DagBag from /home/monica.fernandez/practica_creativa/venv-airflow/lib/python3.11/site-packages/airflow/example_dags/example_branch_labels.py
[2025-06-11T17:53:29.080+0200] {processor.py:753} INFO - DAG(s) dict_keys(['example_branch_labels']) retrieved from /home/monica.fernandez/practica_creativa/venv-airflow/lib/python3.11/site-packages/airflow/example_dags/example_branch_labels.py
[2025-06-11T17:53:29.142+0200] {logging_mixin.py:137} INFO - [2025-06-11T17:53:29.142+0200] {dag.py:2690} INFO - Sync 1 DAGs
[2025-06-11T17:53:29.185+0200] {logging_mixin.py:137} INFO - [2025-06-11T17:53:29.183+0200] {dag.py:3437} INFO - Setting next_dagrun for example_branch_labels to 2025-06-10T00:00:00+00:00, run_after=2025-06-11T00:00:00+00:00
[2025-06-11T17:53:29.269+0200] {processor.py:175} INFO - Processing /home/monica.fernandez/practica_creativa/venv-airflow/lib/python3.11/site-packages/airflow/example_dags/example_branch_labels.py took 0.252 seconds
[2025-06-11T17:54:22.593+0200] {processor.py:153} INFO - Started process (PID=182289) to work on /home/monica.fernandez/practica_creativa/venv-airflow/lib/python3.11/site-packages/airflow/example_dags/example_branch_labels.py
[2025-06-11T17:54:22.593+0200] {processor.py:743} INFO - Processing file /home/monica.fernandez/practica_creativa/venv-airflow/lib/python3.11/site-packages/airflow/example_dags/example_branch_labels.py for tasks to queue
[2025-06-11T17:54:22.594+0200] {logging_mixin.py:137} INFO - [2025-06-11T17:54:22.594+0200] {dagbag.py:538} INFO - Filling up the DagBag from /home/monica.fernandez/practica_creativa/venv-airflow/lib/python3.11/site-packages/airflow/example_dags/example_branch_labels.py
[2025-06-11T17:54:22.615+0200] {processor.py:753} INFO - DAG(s) dict_keys(['example_branch_labels']) retrieved from /home/monica.fernandez/practica_creativa/venv-airflow/lib/python3.11/site-packages/airflow/example_dags/example_branch_labels.py
[2025-06-11T17:54:22.654+0200] {logging_mixin.py:137} INFO - [2025-06-11T17:54:22.654+0200] {dag.py:2690} INFO - Sync 1 DAGs
[2025-06-11T17:54:22.684+0200] {logging_mixin.py:137} INFO - [2025-06-11T17:54:22.684+0200] {dag.py:3437} INFO - Setting next_dagrun for example_branch_labels to 2025-06-10T00:00:00+00:00, run_after=2025-06-11T00:00:00+00:00
[2025-06-11T17:54:22.767+0200] {processor.py:175} INFO - Processing /home/monica.fernandez/practica_creativa/venv-airflow/lib/python3.11/site-packages/airflow/example_dags/example_branch_labels.py took 0.178 seconds
[2025-06-11T17:55:15.151+0200] {processor.py:153} INFO - Started process (PID=182658) to work on /home/monica.fernandez/practica_creativa/venv-airflow/lib/python3.11/site-packages/airflow/example_dags/example_branch_labels.py
[2025-06-11T17:55:15.152+0200] {processor.py:743} INFO - Processing file /home/monica.fernandez/practica_creativa/venv-airflow/lib/python3.11/site-packages/airflow/example_dags/example_branch_labels.py for tasks to queue
[2025-06-11T17:55:15.153+0200] {logging_mixin.py:137} INFO - [2025-06-11T17:55:15.153+0200] {dagbag.py:538} INFO - Filling up the DagBag from /home/monica.fernandez/practica_creativa/venv-airflow/lib/python3.11/site-packages/airflow/example_dags/example_branch_labels.py
[2025-06-11T17:55:15.172+0200] {processor.py:753} INFO - DAG(s) dict_keys(['example_branch_labels']) retrieved from /home/monica.fernandez/practica_creativa/venv-airflow/lib/python3.11/site-packages/airflow/example_dags/example_branch_labels.py
[2025-06-11T17:55:15.197+0200] {logging_mixin.py:137} INFO - [2025-06-11T17:55:15.197+0200] {dag.py:2690} INFO - Sync 1 DAGs
[2025-06-11T17:55:15.221+0200] {logging_mixin.py:137} INFO - [2025-06-11T17:55:15.221+0200] {dag.py:3437} INFO - Setting next_dagrun for example_branch_labels to 2025-06-10T00:00:00+00:00, run_after=2025-06-11T00:00:00+00:00
[2025-06-11T17:55:15.271+0200] {processor.py:175} INFO - Processing /home/monica.fernandez/practica_creativa/venv-airflow/lib/python3.11/site-packages/airflow/example_dags/example_branch_labels.py took 0.122 seconds
[2025-06-11T17:56:30.119+0200] {processor.py:153} INFO - Started process (PID=183585) to work on /home/monica.fernandez/practica_creativa/venv-airflow/lib/python3.11/site-packages/airflow/example_dags/example_branch_labels.py
[2025-06-11T17:56:30.120+0200] {processor.py:743} INFO - Processing file /home/monica.fernandez/practica_creativa/venv-airflow/lib/python3.11/site-packages/airflow/example_dags/example_branch_labels.py for tasks to queue
[2025-06-11T17:56:30.121+0200] {logging_mixin.py:137} INFO - [2025-06-11T17:56:30.120+0200] {dagbag.py:538} INFO - Filling up the DagBag from /home/monica.fernandez/practica_creativa/venv-airflow/lib/python3.11/site-packages/airflow/example_dags/example_branch_labels.py
[2025-06-11T17:56:30.139+0200] {processor.py:753} INFO - DAG(s) dict_keys(['example_branch_labels']) retrieved from /home/monica.fernandez/practica_creativa/venv-airflow/lib/python3.11/site-packages/airflow/example_dags/example_branch_labels.py
[2025-06-11T17:56:30.168+0200] {logging_mixin.py:137} INFO - [2025-06-11T17:56:30.168+0200] {dag.py:2690} INFO - Sync 1 DAGs
[2025-06-11T17:56:30.202+0200] {logging_mixin.py:137} INFO - [2025-06-11T17:56:30.202+0200] {dag.py:3437} INFO - Setting next_dagrun for example_branch_labels to 2025-06-10T00:00:00+00:00, run_after=2025-06-11T00:00:00+00:00
[2025-06-11T17:56:30.258+0200] {processor.py:175} INFO - Processing /home/monica.fernandez/practica_creativa/venv-airflow/lib/python3.11/site-packages/airflow/example_dags/example_branch_labels.py took 0.142 seconds
[2025-06-11T17:57:47.297+0200] {processor.py:153} INFO - Started process (PID=184341) to work on /home/monica.fernandez/practica_creativa/venv-airflow/lib/python3.11/site-packages/airflow/example_dags/example_branch_labels.py
[2025-06-11T17:57:47.302+0200] {processor.py:743} INFO - Processing file /home/monica.fernandez/practica_creativa/venv-airflow/lib/python3.11/site-packages/airflow/example_dags/example_branch_labels.py for tasks to queue
[2025-06-11T17:57:47.303+0200] {logging_mixin.py:137} INFO - [2025-06-11T17:57:47.303+0200] {dagbag.py:538} INFO - Filling up the DagBag from /home/monica.fernandez/practica_creativa/venv-airflow/lib/python3.11/site-packages/airflow/example_dags/example_branch_labels.py
[2025-06-11T17:57:47.338+0200] {processor.py:753} INFO - DAG(s) dict_keys(['example_branch_labels']) retrieved from /home/monica.fernandez/practica_creativa/venv-airflow/lib/python3.11/site-packages/airflow/example_dags/example_branch_labels.py
[2025-06-11T17:57:47.382+0200] {logging_mixin.py:137} INFO - [2025-06-11T17:57:47.381+0200] {dag.py:2690} INFO - Sync 1 DAGs
[2025-06-11T17:57:47.457+0200] {logging_mixin.py:137} INFO - [2025-06-11T17:57:47.457+0200] {dag.py:3437} INFO - Setting next_dagrun for example_branch_labels to 2025-06-10T00:00:00+00:00, run_after=2025-06-11T00:00:00+00:00
[2025-06-11T17:57:47.548+0200] {processor.py:175} INFO - Processing /home/monica.fernandez/practica_creativa/venv-airflow/lib/python3.11/site-packages/airflow/example_dags/example_branch_labels.py took 0.256 seconds
[2025-06-11T17:58:42.172+0200] {processor.py:153} INFO - Started process (PID=184870) to work on /home/monica.fernandez/practica_creativa/venv-airflow/lib/python3.11/site-packages/airflow/example_dags/example_branch_labels.py
[2025-06-11T17:58:42.176+0200] {processor.py:743} INFO - Processing file /home/monica.fernandez/practica_creativa/venv-airflow/lib/python3.11/site-packages/airflow/example_dags/example_branch_labels.py for tasks to queue
[2025-06-11T17:58:42.179+0200] {logging_mixin.py:137} INFO - [2025-06-11T17:58:42.178+0200] {dagbag.py:538} INFO - Filling up the DagBag from /home/monica.fernandez/practica_creativa/venv-airflow/lib/python3.11/site-packages/airflow/example_dags/example_branch_labels.py
[2025-06-11T17:58:42.213+0200] {processor.py:753} INFO - DAG(s) dict_keys(['example_branch_labels']) retrieved from /home/monica.fernandez/practica_creativa/venv-airflow/lib/python3.11/site-packages/airflow/example_dags/example_branch_labels.py
[2025-06-11T17:58:42.279+0200] {logging_mixin.py:137} INFO - [2025-06-11T17:58:42.279+0200] {dag.py:2690} INFO - Sync 1 DAGs
[2025-06-11T17:58:42.322+0200] {logging_mixin.py:137} INFO - [2025-06-11T17:58:42.320+0200] {dag.py:3437} INFO - Setting next_dagrun for example_branch_labels to 2025-06-10T00:00:00+00:00, run_after=2025-06-11T00:00:00+00:00
[2025-06-11T17:58:42.402+0200] {processor.py:175} INFO - Processing /home/monica.fernandez/practica_creativa/venv-airflow/lib/python3.11/site-packages/airflow/example_dags/example_branch_labels.py took 0.236 seconds
[2025-06-11T17:59:36.768+0200] {processor.py:153} INFO - Started process (PID=185345) to work on /home/monica.fernandez/practica_creativa/venv-airflow/lib/python3.11/site-packages/airflow/example_dags/example_branch_labels.py
[2025-06-11T17:59:36.769+0200] {processor.py:743} INFO - Processing file /home/monica.fernandez/practica_creativa/venv-airflow/lib/python3.11/site-packages/airflow/example_dags/example_branch_labels.py for tasks to queue
[2025-06-11T17:59:36.769+0200] {logging_mixin.py:137} INFO - [2025-06-11T17:59:36.769+0200] {dagbag.py:538} INFO - Filling up the DagBag from /home/monica.fernandez/practica_creativa/venv-airflow/lib/python3.11/site-packages/airflow/example_dags/example_branch_labels.py
[2025-06-11T17:59:36.807+0200] {processor.py:753} INFO - DAG(s) dict_keys(['example_branch_labels']) retrieved from /home/monica.fernandez/practica_creativa/venv-airflow/lib/python3.11/site-packages/airflow/example_dags/example_branch_labels.py
[2025-06-11T17:59:36.845+0200] {logging_mixin.py:137} INFO - [2025-06-11T17:59:36.845+0200] {dag.py:2690} INFO - Sync 1 DAGs
[2025-06-11T17:59:36.875+0200] {logging_mixin.py:137} INFO - [2025-06-11T17:59:36.875+0200] {dag.py:3437} INFO - Setting next_dagrun for example_branch_labels to 2025-06-10T00:00:00+00:00, run_after=2025-06-11T00:00:00+00:00
[2025-06-11T17:59:36.947+0200] {processor.py:175} INFO - Processing /home/monica.fernandez/practica_creativa/venv-airflow/lib/python3.11/site-packages/airflow/example_dags/example_branch_labels.py took 0.182 seconds
[2025-06-11T18:00:36.214+0200] {processor.py:153} INFO - Started process (PID=185851) to work on /home/monica.fernandez/practica_creativa/venv-airflow/lib/python3.11/site-packages/airflow/example_dags/example_branch_labels.py
[2025-06-11T18:00:36.214+0200] {processor.py:743} INFO - Processing file /home/monica.fernandez/practica_creativa/venv-airflow/lib/python3.11/site-packages/airflow/example_dags/example_branch_labels.py for tasks to queue
[2025-06-11T18:00:36.215+0200] {logging_mixin.py:137} INFO - [2025-06-11T18:00:36.215+0200] {dagbag.py:538} INFO - Filling up the DagBag from /home/monica.fernandez/practica_creativa/venv-airflow/lib/python3.11/site-packages/airflow/example_dags/example_branch_labels.py
[2025-06-11T18:00:36.233+0200] {processor.py:753} INFO - DAG(s) dict_keys(['example_branch_labels']) retrieved from /home/monica.fernandez/practica_creativa/venv-airflow/lib/python3.11/site-packages/airflow/example_dags/example_branch_labels.py
[2025-06-11T18:00:36.260+0200] {logging_mixin.py:137} INFO - [2025-06-11T18:00:36.260+0200] {dag.py:2690} INFO - Sync 1 DAGs
[2025-06-11T18:00:36.288+0200] {logging_mixin.py:137} INFO - [2025-06-11T18:00:36.288+0200] {dag.py:3437} INFO - Setting next_dagrun for example_branch_labels to 2025-06-10T00:00:00+00:00, run_after=2025-06-11T00:00:00+00:00
[2025-06-11T18:00:36.337+0200] {processor.py:175} INFO - Processing /home/monica.fernandez/practica_creativa/venv-airflow/lib/python3.11/site-packages/airflow/example_dags/example_branch_labels.py took 0.127 seconds
[2025-06-11T18:02:15.708+0200] {processor.py:153} INFO - Started process (PID=186825) to work on /home/monica.fernandez/practica_creativa/venv-airflow/lib/python3.11/site-packages/airflow/example_dags/example_branch_labels.py
[2025-06-11T18:02:15.709+0200] {processor.py:743} INFO - Processing file /home/monica.fernandez/practica_creativa/venv-airflow/lib/python3.11/site-packages/airflow/example_dags/example_branch_labels.py for tasks to queue
[2025-06-11T18:02:15.709+0200] {logging_mixin.py:137} INFO - [2025-06-11T18:02:15.709+0200] {dagbag.py:538} INFO - Filling up the DagBag from /home/monica.fernandez/practica_creativa/venv-airflow/lib/python3.11/site-packages/airflow/example_dags/example_branch_labels.py
[2025-06-11T18:02:15.728+0200] {processor.py:753} INFO - DAG(s) dict_keys(['example_branch_labels']) retrieved from /home/monica.fernandez/practica_creativa/venv-airflow/lib/python3.11/site-packages/airflow/example_dags/example_branch_labels.py
[2025-06-11T18:02:15.759+0200] {logging_mixin.py:137} INFO - [2025-06-11T18:02:15.759+0200] {dag.py:2690} INFO - Sync 1 DAGs
[2025-06-11T18:02:15.789+0200] {logging_mixin.py:137} INFO - [2025-06-11T18:02:15.788+0200] {dag.py:3437} INFO - Setting next_dagrun for example_branch_labels to 2025-06-10T00:00:00+00:00, run_after=2025-06-11T00:00:00+00:00
[2025-06-11T18:02:15.841+0200] {processor.py:175} INFO - Processing /home/monica.fernandez/practica_creativa/venv-airflow/lib/python3.11/site-packages/airflow/example_dags/example_branch_labels.py took 0.137 seconds
[2025-06-11T18:03:21.666+0200] {processor.py:153} INFO - Started process (PID=187512) to work on /home/monica.fernandez/practica_creativa/venv-airflow/lib/python3.11/site-packages/airflow/example_dags/example_branch_labels.py
[2025-06-11T18:03:21.667+0200] {processor.py:743} INFO - Processing file /home/monica.fernandez/practica_creativa/venv-airflow/lib/python3.11/site-packages/airflow/example_dags/example_branch_labels.py for tasks to queue
[2025-06-11T18:03:21.668+0200] {logging_mixin.py:137} INFO - [2025-06-11T18:03:21.668+0200] {dagbag.py:538} INFO - Filling up the DagBag from /home/monica.fernandez/practica_creativa/venv-airflow/lib/python3.11/site-packages/airflow/example_dags/example_branch_labels.py
[2025-06-11T18:03:21.699+0200] {processor.py:753} INFO - DAG(s) dict_keys(['example_branch_labels']) retrieved from /home/monica.fernandez/practica_creativa/venv-airflow/lib/python3.11/site-packages/airflow/example_dags/example_branch_labels.py
[2025-06-11T18:03:21.746+0200] {logging_mixin.py:137} INFO - [2025-06-11T18:03:21.746+0200] {dag.py:2690} INFO - Sync 1 DAGs
[2025-06-11T18:03:21.796+0200] {logging_mixin.py:137} INFO - [2025-06-11T18:03:21.796+0200] {dag.py:3437} INFO - Setting next_dagrun for example_branch_labels to 2025-06-10T00:00:00+00:00, run_after=2025-06-11T00:00:00+00:00
[2025-06-11T18:03:21.885+0200] {processor.py:175} INFO - Processing /home/monica.fernandez/practica_creativa/venv-airflow/lib/python3.11/site-packages/airflow/example_dags/example_branch_labels.py took 0.222 seconds
[2025-06-11T18:04:15.372+0200] {processor.py:153} INFO - Started process (PID=187848) to work on /home/monica.fernandez/practica_creativa/venv-airflow/lib/python3.11/site-packages/airflow/example_dags/example_branch_labels.py
[2025-06-11T18:04:15.374+0200] {processor.py:743} INFO - Processing file /home/monica.fernandez/practica_creativa/venv-airflow/lib/python3.11/site-packages/airflow/example_dags/example_branch_labels.py for tasks to queue
[2025-06-11T18:04:15.374+0200] {logging_mixin.py:137} INFO - [2025-06-11T18:04:15.374+0200] {dagbag.py:538} INFO - Filling up the DagBag from /home/monica.fernandez/practica_creativa/venv-airflow/lib/python3.11/site-packages/airflow/example_dags/example_branch_labels.py
[2025-06-11T18:04:15.408+0200] {processor.py:753} INFO - DAG(s) dict_keys(['example_branch_labels']) retrieved from /home/monica.fernandez/practica_creativa/venv-airflow/lib/python3.11/site-packages/airflow/example_dags/example_branch_labels.py
[2025-06-11T18:04:15.458+0200] {logging_mixin.py:137} INFO - [2025-06-11T18:04:15.458+0200] {dag.py:2690} INFO - Sync 1 DAGs
[2025-06-11T18:04:15.527+0200] {logging_mixin.py:137} INFO - [2025-06-11T18:04:15.527+0200] {dag.py:3437} INFO - Setting next_dagrun for example_branch_labels to 2025-06-10T00:00:00+00:00, run_after=2025-06-11T00:00:00+00:00
[2025-06-11T18:04:15.617+0200] {processor.py:175} INFO - Processing /home/monica.fernandez/practica_creativa/venv-airflow/lib/python3.11/site-packages/airflow/example_dags/example_branch_labels.py took 0.250 seconds
[2025-06-11T18:05:24.110+0200] {processor.py:153} INFO - Started process (PID=188517) to work on /home/monica.fernandez/practica_creativa/venv-airflow/lib/python3.11/site-packages/airflow/example_dags/example_branch_labels.py
[2025-06-11T18:05:24.111+0200] {processor.py:743} INFO - Processing file /home/monica.fernandez/practica_creativa/venv-airflow/lib/python3.11/site-packages/airflow/example_dags/example_branch_labels.py for tasks to queue
[2025-06-11T18:05:24.112+0200] {logging_mixin.py:137} INFO - [2025-06-11T18:05:24.111+0200] {dagbag.py:538} INFO - Filling up the DagBag from /home/monica.fernandez/practica_creativa/venv-airflow/lib/python3.11/site-packages/airflow/example_dags/example_branch_labels.py
[2025-06-11T18:05:24.131+0200] {processor.py:753} INFO - DAG(s) dict_keys(['example_branch_labels']) retrieved from /home/monica.fernandez/practica_creativa/venv-airflow/lib/python3.11/site-packages/airflow/example_dags/example_branch_labels.py
[2025-06-11T18:05:24.158+0200] {logging_mixin.py:137} INFO - [2025-06-11T18:05:24.158+0200] {dag.py:2690} INFO - Sync 1 DAGs
[2025-06-11T18:05:24.192+0200] {logging_mixin.py:137} INFO - [2025-06-11T18:05:24.192+0200] {dag.py:3437} INFO - Setting next_dagrun for example_branch_labels to 2025-06-10T00:00:00+00:00, run_after=2025-06-11T00:00:00+00:00
[2025-06-11T18:05:24.244+0200] {processor.py:175} INFO - Processing /home/monica.fernandez/practica_creativa/venv-airflow/lib/python3.11/site-packages/airflow/example_dags/example_branch_labels.py took 0.137 seconds
[2025-06-11T18:06:58.906+0200] {processor.py:153} INFO - Started process (PID=189483) to work on /home/monica.fernandez/practica_creativa/venv-airflow/lib/python3.11/site-packages/airflow/example_dags/example_branch_labels.py
[2025-06-11T18:06:58.907+0200] {processor.py:743} INFO - Processing file /home/monica.fernandez/practica_creativa/venv-airflow/lib/python3.11/site-packages/airflow/example_dags/example_branch_labels.py for tasks to queue
[2025-06-11T18:06:58.908+0200] {logging_mixin.py:137} INFO - [2025-06-11T18:06:58.908+0200] {dagbag.py:538} INFO - Filling up the DagBag from /home/monica.fernandez/practica_creativa/venv-airflow/lib/python3.11/site-packages/airflow/example_dags/example_branch_labels.py
[2025-06-11T18:06:58.928+0200] {processor.py:753} INFO - DAG(s) dict_keys(['example_branch_labels']) retrieved from /home/monica.fernandez/practica_creativa/venv-airflow/lib/python3.11/site-packages/airflow/example_dags/example_branch_labels.py
[2025-06-11T18:06:58.959+0200] {logging_mixin.py:137} INFO - [2025-06-11T18:06:58.959+0200] {dag.py:2690} INFO - Sync 1 DAGs
[2025-06-11T18:06:58.990+0200] {logging_mixin.py:137} INFO - [2025-06-11T18:06:58.990+0200] {dag.py:3437} INFO - Setting next_dagrun for example_branch_labels to 2025-06-10T00:00:00+00:00, run_after=2025-06-11T00:00:00+00:00
[2025-06-11T18:06:59.052+0200] {processor.py:175} INFO - Processing /home/monica.fernandez/practica_creativa/venv-airflow/lib/python3.11/site-packages/airflow/example_dags/example_branch_labels.py took 0.150 seconds
[2025-06-11T18:08:52.370+0200] {processor.py:153} INFO - Started process (PID=190923) to work on /home/monica.fernandez/practica_creativa/venv-airflow/lib/python3.11/site-packages/airflow/example_dags/example_branch_labels.py
[2025-06-11T18:08:52.371+0200] {processor.py:743} INFO - Processing file /home/monica.fernandez/practica_creativa/venv-airflow/lib/python3.11/site-packages/airflow/example_dags/example_branch_labels.py for tasks to queue
[2025-06-11T18:08:52.372+0200] {logging_mixin.py:137} INFO - [2025-06-11T18:08:52.372+0200] {dagbag.py:538} INFO - Filling up the DagBag from /home/monica.fernandez/practica_creativa/venv-airflow/lib/python3.11/site-packages/airflow/example_dags/example_branch_labels.py
[2025-06-11T18:08:52.393+0200] {processor.py:753} INFO - DAG(s) dict_keys(['example_branch_labels']) retrieved from /home/monica.fernandez/practica_creativa/venv-airflow/lib/python3.11/site-packages/airflow/example_dags/example_branch_labels.py
[2025-06-11T18:08:52.444+0200] {logging_mixin.py:137} INFO - [2025-06-11T18:08:52.444+0200] {dag.py:2690} INFO - Sync 1 DAGs
[2025-06-11T18:08:52.502+0200] {logging_mixin.py:137} INFO - [2025-06-11T18:08:52.502+0200] {dag.py:3437} INFO - Setting next_dagrun for example_branch_labels to 2025-06-10T00:00:00+00:00, run_after=2025-06-11T00:00:00+00:00
[2025-06-11T18:08:52.570+0200] {processor.py:175} INFO - Processing /home/monica.fernandez/practica_creativa/venv-airflow/lib/python3.11/site-packages/airflow/example_dags/example_branch_labels.py took 0.203 seconds
[2025-06-11T18:09:44.590+0200] {processor.py:153} INFO - Started process (PID=191447) to work on /home/monica.fernandez/practica_creativa/venv-airflow/lib/python3.11/site-packages/airflow/example_dags/example_branch_labels.py
[2025-06-11T18:09:44.591+0200] {processor.py:743} INFO - Processing file /home/monica.fernandez/practica_creativa/venv-airflow/lib/python3.11/site-packages/airflow/example_dags/example_branch_labels.py for tasks to queue
[2025-06-11T18:09:44.591+0200] {logging_mixin.py:137} INFO - [2025-06-11T18:09:44.591+0200] {dagbag.py:538} INFO - Filling up the DagBag from /home/monica.fernandez/practica_creativa/venv-airflow/lib/python3.11/site-packages/airflow/example_dags/example_branch_labels.py
[2025-06-11T18:09:44.618+0200] {processor.py:753} INFO - DAG(s) dict_keys(['example_branch_labels']) retrieved from /home/monica.fernandez/practica_creativa/venv-airflow/lib/python3.11/site-packages/airflow/example_dags/example_branch_labels.py
[2025-06-11T18:09:44.648+0200] {logging_mixin.py:137} INFO - [2025-06-11T18:09:44.648+0200] {dag.py:2690} INFO - Sync 1 DAGs
[2025-06-11T18:09:44.673+0200] {logging_mixin.py:137} INFO - [2025-06-11T18:09:44.672+0200] {dag.py:3437} INFO - Setting next_dagrun for example_branch_labels to 2025-06-10T00:00:00+00:00, run_after=2025-06-11T00:00:00+00:00
[2025-06-11T18:09:44.726+0200] {processor.py:175} INFO - Processing /home/monica.fernandez/practica_creativa/venv-airflow/lib/python3.11/site-packages/airflow/example_dags/example_branch_labels.py took 0.139 seconds
[2025-06-11T18:10:56.205+0200] {processor.py:153} INFO - Started process (PID=192087) to work on /home/monica.fernandez/practica_creativa/venv-airflow/lib/python3.11/site-packages/airflow/example_dags/example_branch_labels.py
[2025-06-11T18:10:56.205+0200] {processor.py:743} INFO - Processing file /home/monica.fernandez/practica_creativa/venv-airflow/lib/python3.11/site-packages/airflow/example_dags/example_branch_labels.py for tasks to queue
[2025-06-11T18:10:56.206+0200] {logging_mixin.py:137} INFO - [2025-06-11T18:10:56.206+0200] {dagbag.py:538} INFO - Filling up the DagBag from /home/monica.fernandez/practica_creativa/venv-airflow/lib/python3.11/site-packages/airflow/example_dags/example_branch_labels.py
[2025-06-11T18:10:56.264+0200] {processor.py:753} INFO - DAG(s) dict_keys(['example_branch_labels']) retrieved from /home/monica.fernandez/practica_creativa/venv-airflow/lib/python3.11/site-packages/airflow/example_dags/example_branch_labels.py
[2025-06-11T18:10:56.306+0200] {logging_mixin.py:137} INFO - [2025-06-11T18:10:56.304+0200] {dag.py:2690} INFO - Sync 1 DAGs
[2025-06-11T18:10:56.359+0200] {logging_mixin.py:137} INFO - [2025-06-11T18:10:56.357+0200] {dag.py:3437} INFO - Setting next_dagrun for example_branch_labels to 2025-06-10T00:00:00+00:00, run_after=2025-06-11T00:00:00+00:00
[2025-06-11T18:10:56.449+0200] {processor.py:175} INFO - Processing /home/monica.fernandez/practica_creativa/venv-airflow/lib/python3.11/site-packages/airflow/example_dags/example_branch_labels.py took 0.249 seconds
