[2025-06-11T16:08:05.721+0200] {processor.py:153} INFO - Started process (PID=121700) to work on /home/monica.fernandez/practica_creativa/venv-airflow/lib/python3.11/site-packages/airflow/example_dags/tutorial.py
[2025-06-11T16:08:05.722+0200] {processor.py:743} INFO - Processing file /home/monica.fernandez/practica_creativa/venv-airflow/lib/python3.11/site-packages/airflow/example_dags/tutorial.py for tasks to queue
[2025-06-11T16:08:05.722+0200] {logging_mixin.py:137} INFO - [2025-06-11T16:08:05.722+0200] {dagbag.py:538} INFO - Filling up the DagBag from /home/monica.fernandez/practica_creativa/venv-airflow/lib/python3.11/site-packages/airflow/example_dags/tutorial.py
[2025-06-11T16:08:05.741+0200] {processor.py:753} INFO - DAG(s) dict_keys(['tutorial']) retrieved from /home/monica.fernandez/practica_creativa/venv-airflow/lib/python3.11/site-packages/airflow/example_dags/tutorial.py
[2025-06-11T16:08:05.880+0200] {logging_mixin.py:137} INFO - [2025-06-11T16:08:05.880+0200] {manager.py:504} INFO - Created Permission View: can read on DAG:tutorial
[2025-06-11T16:08:05.909+0200] {logging_mixin.py:137} INFO - [2025-06-11T16:08:05.909+0200] {manager.py:504} INFO - Created Permission View: can delete on DAG:tutorial
[2025-06-11T16:08:05.938+0200] {logging_mixin.py:137} INFO - [2025-06-11T16:08:05.938+0200] {manager.py:504} INFO - Created Permission View: can edit on DAG:tutorial
[2025-06-11T16:08:05.938+0200] {logging_mixin.py:137} INFO - [2025-06-11T16:08:05.938+0200] {dag.py:2690} INFO - Sync 1 DAGs
[2025-06-11T16:08:05.953+0200] {logging_mixin.py:137} INFO - [2025-06-11T16:08:05.953+0200] {dag.py:2711} INFO - Creating ORM DAG for tutorial
[2025-06-11T16:08:05.965+0200] {logging_mixin.py:137} INFO - [2025-06-11T16:08:05.965+0200] {dag.py:3437} INFO - Setting next_dagrun for tutorial to 2025-06-10T14:08:05.964950+00:00, run_after=2025-06-11T14:08:05.964950+00:00
[2025-06-11T16:08:06.012+0200] {processor.py:175} INFO - Processing /home/monica.fernandez/practica_creativa/venv-airflow/lib/python3.11/site-packages/airflow/example_dags/tutorial.py took 0.294 seconds
[2025-06-11T17:25:56.127+0200] {processor.py:153} INFO - Started process (PID=165172) to work on /home/monica.fernandez/practica_creativa/venv-airflow/lib/python3.11/site-packages/airflow/example_dags/tutorial.py
[2025-06-11T17:25:56.128+0200] {processor.py:743} INFO - Processing file /home/monica.fernandez/practica_creativa/venv-airflow/lib/python3.11/site-packages/airflow/example_dags/tutorial.py for tasks to queue
[2025-06-11T17:25:56.128+0200] {logging_mixin.py:137} INFO - [2025-06-11T17:25:56.128+0200] {dagbag.py:538} INFO - Filling up the DagBag from /home/monica.fernandez/practica_creativa/venv-airflow/lib/python3.11/site-packages/airflow/example_dags/tutorial.py
[2025-06-11T17:25:56.145+0200] {processor.py:753} INFO - DAG(s) dict_keys(['tutorial']) retrieved from /home/monica.fernandez/practica_creativa/venv-airflow/lib/python3.11/site-packages/airflow/example_dags/tutorial.py
[2025-06-11T17:25:56.170+0200] {logging_mixin.py:137} INFO - [2025-06-11T17:25:56.170+0200] {dag.py:2690} INFO - Sync 1 DAGs
[2025-06-11T17:25:56.195+0200] {logging_mixin.py:137} INFO - [2025-06-11T17:25:56.195+0200] {dag.py:3437} INFO - Setting next_dagrun for tutorial to 2025-06-10T15:25:56.194810+00:00, run_after=2025-06-11T15:25:56.194810+00:00
[2025-06-11T17:25:56.240+0200] {processor.py:175} INFO - Processing /home/monica.fernandez/practica_creativa/venv-airflow/lib/python3.11/site-packages/airflow/example_dags/tutorial.py took 0.116 seconds
[2025-06-11T17:26:48.637+0200] {processor.py:153} INFO - Started process (PID=165659) to work on /home/monica.fernandez/practica_creativa/venv-airflow/lib/python3.11/site-packages/airflow/example_dags/tutorial.py
[2025-06-11T17:26:48.638+0200] {processor.py:743} INFO - Processing file /home/monica.fernandez/practica_creativa/venv-airflow/lib/python3.11/site-packages/airflow/example_dags/tutorial.py for tasks to queue
[2025-06-11T17:26:48.639+0200] {logging_mixin.py:137} INFO - [2025-06-11T17:26:48.638+0200] {dagbag.py:538} INFO - Filling up the DagBag from /home/monica.fernandez/practica_creativa/venv-airflow/lib/python3.11/site-packages/airflow/example_dags/tutorial.py
[2025-06-11T17:26:48.662+0200] {processor.py:753} INFO - DAG(s) dict_keys(['tutorial']) retrieved from /home/monica.fernandez/practica_creativa/venv-airflow/lib/python3.11/site-packages/airflow/example_dags/tutorial.py
[2025-06-11T17:26:48.688+0200] {logging_mixin.py:137} INFO - [2025-06-11T17:26:48.687+0200] {dag.py:2690} INFO - Sync 1 DAGs
[2025-06-11T17:26:48.714+0200] {logging_mixin.py:137} INFO - [2025-06-11T17:26:48.714+0200] {dag.py:3437} INFO - Setting next_dagrun for tutorial to 2025-06-10T15:26:48.714008+00:00, run_after=2025-06-11T15:26:48.714008+00:00
[2025-06-11T17:26:48.766+0200] {processor.py:175} INFO - Processing /home/monica.fernandez/practica_creativa/venv-airflow/lib/python3.11/site-packages/airflow/example_dags/tutorial.py took 0.131 seconds
[2025-06-11T17:27:46.383+0200] {processor.py:153} INFO - Started process (PID=166226) to work on /home/monica.fernandez/practica_creativa/venv-airflow/lib/python3.11/site-packages/airflow/example_dags/tutorial.py
[2025-06-11T17:27:46.383+0200] {processor.py:743} INFO - Processing file /home/monica.fernandez/practica_creativa/venv-airflow/lib/python3.11/site-packages/airflow/example_dags/tutorial.py for tasks to queue
[2025-06-11T17:27:46.384+0200] {logging_mixin.py:137} INFO - [2025-06-11T17:27:46.384+0200] {dagbag.py:538} INFO - Filling up the DagBag from /home/monica.fernandez/practica_creativa/venv-airflow/lib/python3.11/site-packages/airflow/example_dags/tutorial.py
[2025-06-11T17:27:46.422+0200] {processor.py:753} INFO - DAG(s) dict_keys(['tutorial']) retrieved from /home/monica.fernandez/practica_creativa/venv-airflow/lib/python3.11/site-packages/airflow/example_dags/tutorial.py
[2025-06-11T17:27:46.461+0200] {logging_mixin.py:137} INFO - [2025-06-11T17:27:46.461+0200] {dag.py:2690} INFO - Sync 1 DAGs
[2025-06-11T17:27:46.489+0200] {logging_mixin.py:137} INFO - [2025-06-11T17:27:46.489+0200] {dag.py:3437} INFO - Setting next_dagrun for tutorial to 2025-06-10T15:27:46.489515+00:00, run_after=2025-06-11T15:27:46.489515+00:00
[2025-06-11T17:27:46.551+0200] {processor.py:175} INFO - Processing /home/monica.fernandez/practica_creativa/venv-airflow/lib/python3.11/site-packages/airflow/example_dags/tutorial.py took 0.171 seconds
[2025-06-11T17:28:38.712+0200] {processor.py:153} INFO - Started process (PID=166603) to work on /home/monica.fernandez/practica_creativa/venv-airflow/lib/python3.11/site-packages/airflow/example_dags/tutorial.py
[2025-06-11T17:28:38.713+0200] {processor.py:743} INFO - Processing file /home/monica.fernandez/practica_creativa/venv-airflow/lib/python3.11/site-packages/airflow/example_dags/tutorial.py for tasks to queue
[2025-06-11T17:28:38.714+0200] {logging_mixin.py:137} INFO - [2025-06-11T17:28:38.713+0200] {dagbag.py:538} INFO - Filling up the DagBag from /home/monica.fernandez/practica_creativa/venv-airflow/lib/python3.11/site-packages/airflow/example_dags/tutorial.py
[2025-06-11T17:28:38.779+0200] {processor.py:753} INFO - DAG(s) dict_keys(['tutorial']) retrieved from /home/monica.fernandez/practica_creativa/venv-airflow/lib/python3.11/site-packages/airflow/example_dags/tutorial.py
[2025-06-11T17:28:38.859+0200] {logging_mixin.py:137} INFO - [2025-06-11T17:28:38.859+0200] {dag.py:2690} INFO - Sync 1 DAGs
[2025-06-11T17:28:38.926+0200] {logging_mixin.py:137} INFO - [2025-06-11T17:28:38.926+0200] {dag.py:3437} INFO - Setting next_dagrun for tutorial to 2025-06-10T15:28:38.926413+00:00, run_after=2025-06-11T15:28:38.926413+00:00
[2025-06-11T17:28:39.014+0200] {processor.py:175} INFO - Processing /home/monica.fernandez/practica_creativa/venv-airflow/lib/python3.11/site-packages/airflow/example_dags/tutorial.py took 0.306 seconds
[2025-06-11T17:29:30.911+0200] {processor.py:153} INFO - Started process (PID=167252) to work on /home/monica.fernandez/practica_creativa/venv-airflow/lib/python3.11/site-packages/airflow/example_dags/tutorial.py
[2025-06-11T17:29:30.915+0200] {processor.py:743} INFO - Processing file /home/monica.fernandez/practica_creativa/venv-airflow/lib/python3.11/site-packages/airflow/example_dags/tutorial.py for tasks to queue
[2025-06-11T17:29:30.917+0200] {logging_mixin.py:137} INFO - [2025-06-11T17:29:30.916+0200] {dagbag.py:538} INFO - Filling up the DagBag from /home/monica.fernandez/practica_creativa/venv-airflow/lib/python3.11/site-packages/airflow/example_dags/tutorial.py
[2025-06-11T17:29:30.986+0200] {processor.py:753} INFO - DAG(s) dict_keys(['tutorial']) retrieved from /home/monica.fernandez/practica_creativa/venv-airflow/lib/python3.11/site-packages/airflow/example_dags/tutorial.py
[2025-06-11T17:29:31.056+0200] {logging_mixin.py:137} INFO - [2025-06-11T17:29:31.056+0200] {dag.py:2690} INFO - Sync 1 DAGs
[2025-06-11T17:29:31.095+0200] {logging_mixin.py:137} INFO - [2025-06-11T17:29:31.095+0200] {dag.py:3437} INFO - Setting next_dagrun for tutorial to 2025-06-10T15:29:31.094740+00:00, run_after=2025-06-11T15:29:31.094740+00:00
[2025-06-11T17:29:31.193+0200] {processor.py:175} INFO - Processing /home/monica.fernandez/practica_creativa/venv-airflow/lib/python3.11/site-packages/airflow/example_dags/tutorial.py took 0.295 seconds
[2025-06-11T17:30:20.770+0200] {processor.py:153} INFO - Started process (PID=167693) to work on /home/monica.fernandez/practica_creativa/venv-airflow/lib/python3.11/site-packages/airflow/example_dags/tutorial.py
[2025-06-11T17:30:20.771+0200] {processor.py:743} INFO - Processing file /home/monica.fernandez/practica_creativa/venv-airflow/lib/python3.11/site-packages/airflow/example_dags/tutorial.py for tasks to queue
[2025-06-11T17:30:20.771+0200] {logging_mixin.py:137} INFO - [2025-06-11T17:30:20.771+0200] {dagbag.py:538} INFO - Filling up the DagBag from /home/monica.fernandez/practica_creativa/venv-airflow/lib/python3.11/site-packages/airflow/example_dags/tutorial.py
[2025-06-11T17:30:20.788+0200] {processor.py:753} INFO - DAG(s) dict_keys(['tutorial']) retrieved from /home/monica.fernandez/practica_creativa/venv-airflow/lib/python3.11/site-packages/airflow/example_dags/tutorial.py
[2025-06-11T17:30:20.812+0200] {logging_mixin.py:137} INFO - [2025-06-11T17:30:20.812+0200] {dag.py:2690} INFO - Sync 1 DAGs
[2025-06-11T17:30:20.841+0200] {logging_mixin.py:137} INFO - [2025-06-11T17:30:20.841+0200] {dag.py:3437} INFO - Setting next_dagrun for tutorial to 2025-06-10T15:30:20.841047+00:00, run_after=2025-06-11T15:30:20.841047+00:00
[2025-06-11T17:30:20.915+0200] {processor.py:175} INFO - Processing /home/monica.fernandez/practica_creativa/venv-airflow/lib/python3.11/site-packages/airflow/example_dags/tutorial.py took 0.148 seconds
[2025-06-11T17:31:12.064+0200] {processor.py:153} INFO - Started process (PID=168381) to work on /home/monica.fernandez/practica_creativa/venv-airflow/lib/python3.11/site-packages/airflow/example_dags/tutorial.py
[2025-06-11T17:31:12.065+0200] {processor.py:743} INFO - Processing file /home/monica.fernandez/practica_creativa/venv-airflow/lib/python3.11/site-packages/airflow/example_dags/tutorial.py for tasks to queue
[2025-06-11T17:31:12.067+0200] {logging_mixin.py:137} INFO - [2025-06-11T17:31:12.065+0200] {dagbag.py:538} INFO - Filling up the DagBag from /home/monica.fernandez/practica_creativa/venv-airflow/lib/python3.11/site-packages/airflow/example_dags/tutorial.py
[2025-06-11T17:31:12.102+0200] {processor.py:753} INFO - DAG(s) dict_keys(['tutorial']) retrieved from /home/monica.fernandez/practica_creativa/venv-airflow/lib/python3.11/site-packages/airflow/example_dags/tutorial.py
[2025-06-11T17:31:12.143+0200] {logging_mixin.py:137} INFO - [2025-06-11T17:31:12.143+0200] {dag.py:2690} INFO - Sync 1 DAGs
[2025-06-11T17:31:12.192+0200] {logging_mixin.py:137} INFO - [2025-06-11T17:31:12.192+0200] {dag.py:3437} INFO - Setting next_dagrun for tutorial to 2025-06-10T15:31:12.192355+00:00, run_after=2025-06-11T15:31:12.192355+00:00
[2025-06-11T17:31:12.255+0200] {processor.py:175} INFO - Processing /home/monica.fernandez/practica_creativa/venv-airflow/lib/python3.11/site-packages/airflow/example_dags/tutorial.py took 0.198 seconds
[2025-06-11T17:32:02.590+0200] {processor.py:153} INFO - Started process (PID=168805) to work on /home/monica.fernandez/practica_creativa/venv-airflow/lib/python3.11/site-packages/airflow/example_dags/tutorial.py
[2025-06-11T17:32:02.591+0200] {processor.py:743} INFO - Processing file /home/monica.fernandez/practica_creativa/venv-airflow/lib/python3.11/site-packages/airflow/example_dags/tutorial.py for tasks to queue
[2025-06-11T17:32:02.592+0200] {logging_mixin.py:137} INFO - [2025-06-11T17:32:02.592+0200] {dagbag.py:538} INFO - Filling up the DagBag from /home/monica.fernandez/practica_creativa/venv-airflow/lib/python3.11/site-packages/airflow/example_dags/tutorial.py
[2025-06-11T17:32:02.614+0200] {processor.py:753} INFO - DAG(s) dict_keys(['tutorial']) retrieved from /home/monica.fernandez/practica_creativa/venv-airflow/lib/python3.11/site-packages/airflow/example_dags/tutorial.py
[2025-06-11T17:32:02.654+0200] {logging_mixin.py:137} INFO - [2025-06-11T17:32:02.654+0200] {dag.py:2690} INFO - Sync 1 DAGs
[2025-06-11T17:32:02.682+0200] {logging_mixin.py:137} INFO - [2025-06-11T17:32:02.682+0200] {dag.py:3437} INFO - Setting next_dagrun for tutorial to 2025-06-10T15:32:02.682168+00:00, run_after=2025-06-11T15:32:02.682168+00:00
[2025-06-11T17:32:02.733+0200] {processor.py:175} INFO - Processing /home/monica.fernandez/practica_creativa/venv-airflow/lib/python3.11/site-packages/airflow/example_dags/tutorial.py took 0.145 seconds
[2025-06-11T17:33:01.263+0200] {processor.py:153} INFO - Started process (PID=169346) to work on /home/monica.fernandez/practica_creativa/venv-airflow/lib/python3.11/site-packages/airflow/example_dags/tutorial.py
[2025-06-11T17:33:01.264+0200] {processor.py:743} INFO - Processing file /home/monica.fernandez/practica_creativa/venv-airflow/lib/python3.11/site-packages/airflow/example_dags/tutorial.py for tasks to queue
[2025-06-11T17:33:01.265+0200] {logging_mixin.py:137} INFO - [2025-06-11T17:33:01.264+0200] {dagbag.py:538} INFO - Filling up the DagBag from /home/monica.fernandez/practica_creativa/venv-airflow/lib/python3.11/site-packages/airflow/example_dags/tutorial.py
[2025-06-11T17:33:01.294+0200] {processor.py:753} INFO - DAG(s) dict_keys(['tutorial']) retrieved from /home/monica.fernandez/practica_creativa/venv-airflow/lib/python3.11/site-packages/airflow/example_dags/tutorial.py
[2025-06-11T17:33:01.351+0200] {logging_mixin.py:137} INFO - [2025-06-11T17:33:01.350+0200] {dag.py:2690} INFO - Sync 1 DAGs
[2025-06-11T17:33:01.378+0200] {logging_mixin.py:137} INFO - [2025-06-11T17:33:01.378+0200] {dag.py:3437} INFO - Setting next_dagrun for tutorial to 2025-06-10T15:33:01.378156+00:00, run_after=2025-06-11T15:33:01.378156+00:00
[2025-06-11T17:33:01.435+0200] {processor.py:175} INFO - Processing /home/monica.fernandez/practica_creativa/venv-airflow/lib/python3.11/site-packages/airflow/example_dags/tutorial.py took 0.177 seconds
[2025-06-11T17:33:53.058+0200] {processor.py:153} INFO - Started process (PID=169806) to work on /home/monica.fernandez/practica_creativa/venv-airflow/lib/python3.11/site-packages/airflow/example_dags/tutorial.py
[2025-06-11T17:33:53.060+0200] {processor.py:743} INFO - Processing file /home/monica.fernandez/practica_creativa/venv-airflow/lib/python3.11/site-packages/airflow/example_dags/tutorial.py for tasks to queue
[2025-06-11T17:33:53.061+0200] {logging_mixin.py:137} INFO - [2025-06-11T17:33:53.061+0200] {dagbag.py:538} INFO - Filling up the DagBag from /home/monica.fernandez/practica_creativa/venv-airflow/lib/python3.11/site-packages/airflow/example_dags/tutorial.py
[2025-06-11T17:33:53.089+0200] {processor.py:753} INFO - DAG(s) dict_keys(['tutorial']) retrieved from /home/monica.fernandez/practica_creativa/venv-airflow/lib/python3.11/site-packages/airflow/example_dags/tutorial.py
[2025-06-11T17:33:53.147+0200] {logging_mixin.py:137} INFO - [2025-06-11T17:33:53.147+0200] {dag.py:2690} INFO - Sync 1 DAGs
[2025-06-11T17:33:53.176+0200] {logging_mixin.py:137} INFO - [2025-06-11T17:33:53.176+0200] {dag.py:3437} INFO - Setting next_dagrun for tutorial to 2025-06-10T15:33:53.175804+00:00, run_after=2025-06-11T15:33:53.175804+00:00
[2025-06-11T17:33:53.263+0200] {processor.py:175} INFO - Processing /home/monica.fernandez/practica_creativa/venv-airflow/lib/python3.11/site-packages/airflow/example_dags/tutorial.py took 0.211 seconds
[2025-06-11T17:34:43.093+0200] {processor.py:153} INFO - Started process (PID=170227) to work on /home/monica.fernandez/practica_creativa/venv-airflow/lib/python3.11/site-packages/airflow/example_dags/tutorial.py
[2025-06-11T17:34:43.093+0200] {processor.py:743} INFO - Processing file /home/monica.fernandez/practica_creativa/venv-airflow/lib/python3.11/site-packages/airflow/example_dags/tutorial.py for tasks to queue
[2025-06-11T17:34:43.094+0200] {logging_mixin.py:137} INFO - [2025-06-11T17:34:43.094+0200] {dagbag.py:538} INFO - Filling up the DagBag from /home/monica.fernandez/practica_creativa/venv-airflow/lib/python3.11/site-packages/airflow/example_dags/tutorial.py
[2025-06-11T17:34:43.123+0200] {processor.py:753} INFO - DAG(s) dict_keys(['tutorial']) retrieved from /home/monica.fernandez/practica_creativa/venv-airflow/lib/python3.11/site-packages/airflow/example_dags/tutorial.py
[2025-06-11T17:34:43.163+0200] {logging_mixin.py:137} INFO - [2025-06-11T17:34:43.163+0200] {dag.py:2690} INFO - Sync 1 DAGs
[2025-06-11T17:34:43.208+0200] {logging_mixin.py:137} INFO - [2025-06-11T17:34:43.208+0200] {dag.py:3437} INFO - Setting next_dagrun for tutorial to 2025-06-10T15:34:43.208458+00:00, run_after=2025-06-11T15:34:43.208458+00:00
[2025-06-11T17:34:43.276+0200] {processor.py:175} INFO - Processing /home/monica.fernandez/practica_creativa/venv-airflow/lib/python3.11/site-packages/airflow/example_dags/tutorial.py took 0.188 seconds
[2025-06-11T17:35:05.760+0200] {processor.py:153} INFO - Started process (PID=170442) to work on /home/monica.fernandez/practica_creativa/venv-airflow/lib/python3.11/site-packages/airflow/example_dags/tutorial.py
[2025-06-11T17:35:05.761+0200] {processor.py:743} INFO - Processing file /home/monica.fernandez/practica_creativa/venv-airflow/lib/python3.11/site-packages/airflow/example_dags/tutorial.py for tasks to queue
[2025-06-11T17:35:05.762+0200] {logging_mixin.py:137} INFO - [2025-06-11T17:35:05.762+0200] {dagbag.py:538} INFO - Filling up the DagBag from /home/monica.fernandez/practica_creativa/venv-airflow/lib/python3.11/site-packages/airflow/example_dags/tutorial.py
[2025-06-11T17:35:05.790+0200] {processor.py:753} INFO - DAG(s) dict_keys(['tutorial']) retrieved from /home/monica.fernandez/practica_creativa/venv-airflow/lib/python3.11/site-packages/airflow/example_dags/tutorial.py
[2025-06-11T17:35:05.834+0200] {logging_mixin.py:137} INFO - [2025-06-11T17:35:05.834+0200] {dag.py:2690} INFO - Sync 1 DAGs
[2025-06-11T17:35:05.879+0200] {logging_mixin.py:137} INFO - [2025-06-11T17:35:05.879+0200] {dag.py:3437} INFO - Setting next_dagrun for tutorial to 2025-06-10T15:35:05.879421+00:00, run_after=2025-06-11T15:35:05.879421+00:00
[2025-06-11T17:35:05.950+0200] {processor.py:175} INFO - Processing /home/monica.fernandez/practica_creativa/venv-airflow/lib/python3.11/site-packages/airflow/example_dags/tutorial.py took 0.195 seconds
[2025-06-11T17:36:03.228+0200] {processor.py:153} INFO - Started process (PID=171010) to work on /home/monica.fernandez/practica_creativa/venv-airflow/lib/python3.11/site-packages/airflow/example_dags/tutorial.py
[2025-06-11T17:36:03.229+0200] {processor.py:743} INFO - Processing file /home/monica.fernandez/practica_creativa/venv-airflow/lib/python3.11/site-packages/airflow/example_dags/tutorial.py for tasks to queue
[2025-06-11T17:36:03.229+0200] {logging_mixin.py:137} INFO - [2025-06-11T17:36:03.229+0200] {dagbag.py:538} INFO - Filling up the DagBag from /home/monica.fernandez/practica_creativa/venv-airflow/lib/python3.11/site-packages/airflow/example_dags/tutorial.py
[2025-06-11T17:36:03.251+0200] {processor.py:753} INFO - DAG(s) dict_keys(['tutorial']) retrieved from /home/monica.fernandez/practica_creativa/venv-airflow/lib/python3.11/site-packages/airflow/example_dags/tutorial.py
[2025-06-11T17:36:03.280+0200] {logging_mixin.py:137} INFO - [2025-06-11T17:36:03.280+0200] {dag.py:2690} INFO - Sync 1 DAGs
[2025-06-11T17:36:03.303+0200] {logging_mixin.py:137} INFO - [2025-06-11T17:36:03.303+0200] {dag.py:3437} INFO - Setting next_dagrun for tutorial to 2025-06-10T15:36:03.303634+00:00, run_after=2025-06-11T15:36:03.303634+00:00
[2025-06-11T17:36:03.357+0200] {processor.py:175} INFO - Processing /home/monica.fernandez/practica_creativa/venv-airflow/lib/python3.11/site-packages/airflow/example_dags/tutorial.py took 0.131 seconds
[2025-06-11T17:36:54.309+0200] {processor.py:153} INFO - Started process (PID=171601) to work on /home/monica.fernandez/practica_creativa/venv-airflow/lib/python3.11/site-packages/airflow/example_dags/tutorial.py
[2025-06-11T17:36:54.310+0200] {processor.py:743} INFO - Processing file /home/monica.fernandez/practica_creativa/venv-airflow/lib/python3.11/site-packages/airflow/example_dags/tutorial.py for tasks to queue
[2025-06-11T17:36:54.311+0200] {logging_mixin.py:137} INFO - [2025-06-11T17:36:54.310+0200] {dagbag.py:538} INFO - Filling up the DagBag from /home/monica.fernandez/practica_creativa/venv-airflow/lib/python3.11/site-packages/airflow/example_dags/tutorial.py
[2025-06-11T17:36:54.329+0200] {processor.py:753} INFO - DAG(s) dict_keys(['tutorial']) retrieved from /home/monica.fernandez/practica_creativa/venv-airflow/lib/python3.11/site-packages/airflow/example_dags/tutorial.py
[2025-06-11T17:36:54.368+0200] {logging_mixin.py:137} INFO - [2025-06-11T17:36:54.368+0200] {dag.py:2690} INFO - Sync 1 DAGs
[2025-06-11T17:36:54.402+0200] {logging_mixin.py:137} INFO - [2025-06-11T17:36:54.402+0200] {dag.py:3437} INFO - Setting next_dagrun for tutorial to 2025-06-10T15:36:54.402573+00:00, run_after=2025-06-11T15:36:54.402573+00:00
[2025-06-11T17:36:54.461+0200] {processor.py:175} INFO - Processing /home/monica.fernandez/practica_creativa/venv-airflow/lib/python3.11/site-packages/airflow/example_dags/tutorial.py took 0.155 seconds
[2025-06-11T17:37:47.437+0200] {processor.py:153} INFO - Started process (PID=172144) to work on /home/monica.fernandez/practica_creativa/venv-airflow/lib/python3.11/site-packages/airflow/example_dags/tutorial.py
[2025-06-11T17:37:47.439+0200] {processor.py:743} INFO - Processing file /home/monica.fernandez/practica_creativa/venv-airflow/lib/python3.11/site-packages/airflow/example_dags/tutorial.py for tasks to queue
[2025-06-11T17:37:47.441+0200] {logging_mixin.py:137} INFO - [2025-06-11T17:37:47.440+0200] {dagbag.py:538} INFO - Filling up the DagBag from /home/monica.fernandez/practica_creativa/venv-airflow/lib/python3.11/site-packages/airflow/example_dags/tutorial.py
[2025-06-11T17:37:47.462+0200] {processor.py:753} INFO - DAG(s) dict_keys(['tutorial']) retrieved from /home/monica.fernandez/practica_creativa/venv-airflow/lib/python3.11/site-packages/airflow/example_dags/tutorial.py
[2025-06-11T17:37:47.495+0200] {logging_mixin.py:137} INFO - [2025-06-11T17:37:47.495+0200] {dag.py:2690} INFO - Sync 1 DAGs
[2025-06-11T17:37:47.528+0200] {logging_mixin.py:137} INFO - [2025-06-11T17:37:47.528+0200] {dag.py:3437} INFO - Setting next_dagrun for tutorial to 2025-06-10T15:37:47.528035+00:00, run_after=2025-06-11T15:37:47.528035+00:00
[2025-06-11T17:37:47.597+0200] {processor.py:175} INFO - Processing /home/monica.fernandez/practica_creativa/venv-airflow/lib/python3.11/site-packages/airflow/example_dags/tutorial.py took 0.165 seconds
[2025-06-11T17:38:47.688+0200] {processor.py:153} INFO - Started process (PID=172732) to work on /home/monica.fernandez/practica_creativa/venv-airflow/lib/python3.11/site-packages/airflow/example_dags/tutorial.py
[2025-06-11T17:38:47.689+0200] {processor.py:743} INFO - Processing file /home/monica.fernandez/practica_creativa/venv-airflow/lib/python3.11/site-packages/airflow/example_dags/tutorial.py for tasks to queue
[2025-06-11T17:38:47.689+0200] {logging_mixin.py:137} INFO - [2025-06-11T17:38:47.689+0200] {dagbag.py:538} INFO - Filling up the DagBag from /home/monica.fernandez/practica_creativa/venv-airflow/lib/python3.11/site-packages/airflow/example_dags/tutorial.py
[2025-06-11T17:38:47.706+0200] {processor.py:753} INFO - DAG(s) dict_keys(['tutorial']) retrieved from /home/monica.fernandez/practica_creativa/venv-airflow/lib/python3.11/site-packages/airflow/example_dags/tutorial.py
[2025-06-11T17:38:47.739+0200] {logging_mixin.py:137} INFO - [2025-06-11T17:38:47.739+0200] {dag.py:2690} INFO - Sync 1 DAGs
[2025-06-11T17:38:47.772+0200] {logging_mixin.py:137} INFO - [2025-06-11T17:38:47.772+0200] {dag.py:3437} INFO - Setting next_dagrun for tutorial to 2025-06-10T15:38:47.772147+00:00, run_after=2025-06-11T15:38:47.772147+00:00
[2025-06-11T17:38:47.833+0200] {processor.py:175} INFO - Processing /home/monica.fernandez/practica_creativa/venv-airflow/lib/python3.11/site-packages/airflow/example_dags/tutorial.py took 0.148 seconds
[2025-06-11T17:39:41.665+0200] {processor.py:153} INFO - Started process (PID=173194) to work on /home/monica.fernandez/practica_creativa/venv-airflow/lib/python3.11/site-packages/airflow/example_dags/tutorial.py
[2025-06-11T17:39:41.665+0200] {processor.py:743} INFO - Processing file /home/monica.fernandez/practica_creativa/venv-airflow/lib/python3.11/site-packages/airflow/example_dags/tutorial.py for tasks to queue
[2025-06-11T17:39:41.667+0200] {logging_mixin.py:137} INFO - [2025-06-11T17:39:41.667+0200] {dagbag.py:538} INFO - Filling up the DagBag from /home/monica.fernandez/practica_creativa/venv-airflow/lib/python3.11/site-packages/airflow/example_dags/tutorial.py
[2025-06-11T17:39:41.730+0200] {processor.py:753} INFO - DAG(s) dict_keys(['tutorial']) retrieved from /home/monica.fernandez/practica_creativa/venv-airflow/lib/python3.11/site-packages/airflow/example_dags/tutorial.py
[2025-06-11T17:39:41.798+0200] {logging_mixin.py:137} INFO - [2025-06-11T17:39:41.797+0200] {dag.py:2690} INFO - Sync 1 DAGs
[2025-06-11T17:39:41.883+0200] {logging_mixin.py:137} INFO - [2025-06-11T17:39:41.883+0200] {dag.py:3437} INFO - Setting next_dagrun for tutorial to 2025-06-10T15:39:41.882748+00:00, run_after=2025-06-11T15:39:41.882748+00:00
[2025-06-11T17:39:41.990+0200] {processor.py:175} INFO - Processing /home/monica.fernandez/practica_creativa/venv-airflow/lib/python3.11/site-packages/airflow/example_dags/tutorial.py took 0.335 seconds
[2025-06-11T17:40:50.105+0200] {processor.py:153} INFO - Started process (PID=173868) to work on /home/monica.fernandez/practica_creativa/venv-airflow/lib/python3.11/site-packages/airflow/example_dags/tutorial.py
[2025-06-11T17:40:50.106+0200] {processor.py:743} INFO - Processing file /home/monica.fernandez/practica_creativa/venv-airflow/lib/python3.11/site-packages/airflow/example_dags/tutorial.py for tasks to queue
[2025-06-11T17:40:50.106+0200] {logging_mixin.py:137} INFO - [2025-06-11T17:40:50.106+0200] {dagbag.py:538} INFO - Filling up the DagBag from /home/monica.fernandez/practica_creativa/venv-airflow/lib/python3.11/site-packages/airflow/example_dags/tutorial.py
[2025-06-11T17:40:50.130+0200] {processor.py:753} INFO - DAG(s) dict_keys(['tutorial']) retrieved from /home/monica.fernandez/practica_creativa/venv-airflow/lib/python3.11/site-packages/airflow/example_dags/tutorial.py
[2025-06-11T17:40:50.222+0200] {logging_mixin.py:137} INFO - [2025-06-11T17:40:50.202+0200] {dag.py:2690} INFO - Sync 1 DAGs
[2025-06-11T17:40:50.272+0200] {logging_mixin.py:137} INFO - [2025-06-11T17:40:50.271+0200] {dag.py:3437} INFO - Setting next_dagrun for tutorial to 2025-06-10T15:40:50.271649+00:00, run_after=2025-06-11T15:40:50.271649+00:00
[2025-06-11T17:40:50.348+0200] {processor.py:175} INFO - Processing /home/monica.fernandez/practica_creativa/venv-airflow/lib/python3.11/site-packages/airflow/example_dags/tutorial.py took 0.251 seconds
[2025-06-11T17:41:44.992+0200] {processor.py:153} INFO - Started process (PID=174264) to work on /home/monica.fernandez/practica_creativa/venv-airflow/lib/python3.11/site-packages/airflow/example_dags/tutorial.py
[2025-06-11T17:41:44.993+0200] {processor.py:743} INFO - Processing file /home/monica.fernandez/practica_creativa/venv-airflow/lib/python3.11/site-packages/airflow/example_dags/tutorial.py for tasks to queue
[2025-06-11T17:41:44.993+0200] {logging_mixin.py:137} INFO - [2025-06-11T17:41:44.993+0200] {dagbag.py:538} INFO - Filling up the DagBag from /home/monica.fernandez/practica_creativa/venv-airflow/lib/python3.11/site-packages/airflow/example_dags/tutorial.py
[2025-06-11T17:41:45.031+0200] {processor.py:753} INFO - DAG(s) dict_keys(['tutorial']) retrieved from /home/monica.fernandez/practica_creativa/venv-airflow/lib/python3.11/site-packages/airflow/example_dags/tutorial.py
[2025-06-11T17:41:45.090+0200] {logging_mixin.py:137} INFO - [2025-06-11T17:41:45.090+0200] {dag.py:2690} INFO - Sync 1 DAGs
[2025-06-11T17:41:45.147+0200] {logging_mixin.py:137} INFO - [2025-06-11T17:41:45.147+0200] {dag.py:3437} INFO - Setting next_dagrun for tutorial to 2025-06-10T15:41:45.146880+00:00, run_after=2025-06-11T15:41:45.146880+00:00
[2025-06-11T17:41:45.223+0200] {processor.py:175} INFO - Processing /home/monica.fernandez/practica_creativa/venv-airflow/lib/python3.11/site-packages/airflow/example_dags/tutorial.py took 0.240 seconds
[2025-06-11T17:42:53.065+0200] {processor.py:153} INFO - Started process (PID=174968) to work on /home/monica.fernandez/practica_creativa/venv-airflow/lib/python3.11/site-packages/airflow/example_dags/tutorial.py
[2025-06-11T17:42:53.066+0200] {processor.py:743} INFO - Processing file /home/monica.fernandez/practica_creativa/venv-airflow/lib/python3.11/site-packages/airflow/example_dags/tutorial.py for tasks to queue
[2025-06-11T17:42:53.067+0200] {logging_mixin.py:137} INFO - [2025-06-11T17:42:53.066+0200] {dagbag.py:538} INFO - Filling up the DagBag from /home/monica.fernandez/practica_creativa/venv-airflow/lib/python3.11/site-packages/airflow/example_dags/tutorial.py
[2025-06-11T17:42:53.092+0200] {processor.py:753} INFO - DAG(s) dict_keys(['tutorial']) retrieved from /home/monica.fernandez/practica_creativa/venv-airflow/lib/python3.11/site-packages/airflow/example_dags/tutorial.py
[2025-06-11T17:42:53.160+0200] {logging_mixin.py:137} INFO - [2025-06-11T17:42:53.160+0200] {dag.py:2690} INFO - Sync 1 DAGs
[2025-06-11T17:42:53.212+0200] {logging_mixin.py:137} INFO - [2025-06-11T17:42:53.212+0200] {dag.py:3437} INFO - Setting next_dagrun for tutorial to 2025-06-10T15:42:53.211747+00:00, run_after=2025-06-11T15:42:53.211747+00:00
[2025-06-11T17:42:53.342+0200] {processor.py:175} INFO - Processing /home/monica.fernandez/practica_creativa/venv-airflow/lib/python3.11/site-packages/airflow/example_dags/tutorial.py took 0.280 seconds
[2025-06-11T17:43:58.415+0200] {processor.py:153} INFO - Started process (PID=175596) to work on /home/monica.fernandez/practica_creativa/venv-airflow/lib/python3.11/site-packages/airflow/example_dags/tutorial.py
[2025-06-11T17:43:58.416+0200] {processor.py:743} INFO - Processing file /home/monica.fernandez/practica_creativa/venv-airflow/lib/python3.11/site-packages/airflow/example_dags/tutorial.py for tasks to queue
[2025-06-11T17:43:58.417+0200] {logging_mixin.py:137} INFO - [2025-06-11T17:43:58.416+0200] {dagbag.py:538} INFO - Filling up the DagBag from /home/monica.fernandez/practica_creativa/venv-airflow/lib/python3.11/site-packages/airflow/example_dags/tutorial.py
[2025-06-11T17:43:58.436+0200] {processor.py:753} INFO - DAG(s) dict_keys(['tutorial']) retrieved from /home/monica.fernandez/practica_creativa/venv-airflow/lib/python3.11/site-packages/airflow/example_dags/tutorial.py
[2025-06-11T17:43:58.474+0200] {logging_mixin.py:137} INFO - [2025-06-11T17:43:58.474+0200] {dag.py:2690} INFO - Sync 1 DAGs
[2025-06-11T17:43:58.502+0200] {logging_mixin.py:137} INFO - [2025-06-11T17:43:58.502+0200] {dag.py:3437} INFO - Setting next_dagrun for tutorial to 2025-06-10T15:43:58.502325+00:00, run_after=2025-06-11T15:43:58.502325+00:00
[2025-06-11T17:43:58.568+0200] {processor.py:175} INFO - Processing /home/monica.fernandez/practica_creativa/venv-airflow/lib/python3.11/site-packages/airflow/example_dags/tutorial.py took 0.157 seconds
[2025-06-11T17:44:48.905+0200] {processor.py:153} INFO - Started process (PID=176118) to work on /home/monica.fernandez/practica_creativa/venv-airflow/lib/python3.11/site-packages/airflow/example_dags/tutorial.py
[2025-06-11T17:44:48.906+0200] {processor.py:743} INFO - Processing file /home/monica.fernandez/practica_creativa/venv-airflow/lib/python3.11/site-packages/airflow/example_dags/tutorial.py for tasks to queue
[2025-06-11T17:44:48.906+0200] {logging_mixin.py:137} INFO - [2025-06-11T17:44:48.906+0200] {dagbag.py:538} INFO - Filling up the DagBag from /home/monica.fernandez/practica_creativa/venv-airflow/lib/python3.11/site-packages/airflow/example_dags/tutorial.py
[2025-06-11T17:44:48.927+0200] {processor.py:753} INFO - DAG(s) dict_keys(['tutorial']) retrieved from /home/monica.fernandez/practica_creativa/venv-airflow/lib/python3.11/site-packages/airflow/example_dags/tutorial.py
[2025-06-11T17:44:48.958+0200] {logging_mixin.py:137} INFO - [2025-06-11T17:44:48.958+0200] {dag.py:2690} INFO - Sync 1 DAGs
[2025-06-11T17:44:48.986+0200] {logging_mixin.py:137} INFO - [2025-06-11T17:44:48.986+0200] {dag.py:3437} INFO - Setting next_dagrun for tutorial to 2025-06-10T15:44:48.986171+00:00, run_after=2025-06-11T15:44:48.986171+00:00
[2025-06-11T17:44:49.056+0200] {processor.py:175} INFO - Processing /home/monica.fernandez/practica_creativa/venv-airflow/lib/python3.11/site-packages/airflow/example_dags/tutorial.py took 0.154 seconds
[2025-06-11T17:45:09.832+0200] {processor.py:153} INFO - Started process (PID=176226) to work on /home/monica.fernandez/practica_creativa/venv-airflow/lib/python3.11/site-packages/airflow/example_dags/tutorial.py
[2025-06-11T17:45:09.832+0200] {processor.py:743} INFO - Processing file /home/monica.fernandez/practica_creativa/venv-airflow/lib/python3.11/site-packages/airflow/example_dags/tutorial.py for tasks to queue
[2025-06-11T17:45:09.833+0200] {logging_mixin.py:137} INFO - [2025-06-11T17:45:09.833+0200] {dagbag.py:538} INFO - Filling up the DagBag from /home/monica.fernandez/practica_creativa/venv-airflow/lib/python3.11/site-packages/airflow/example_dags/tutorial.py
[2025-06-11T17:45:09.854+0200] {processor.py:753} INFO - DAG(s) dict_keys(['tutorial']) retrieved from /home/monica.fernandez/practica_creativa/venv-airflow/lib/python3.11/site-packages/airflow/example_dags/tutorial.py
[2025-06-11T17:45:09.883+0200] {logging_mixin.py:137} INFO - [2025-06-11T17:45:09.883+0200] {dag.py:2690} INFO - Sync 1 DAGs
[2025-06-11T17:45:09.942+0200] {logging_mixin.py:137} INFO - [2025-06-11T17:45:09.941+0200] {dag.py:3437} INFO - Setting next_dagrun for tutorial to 2025-06-10T15:45:09.940922+00:00, run_after=2025-06-11T15:45:09.940922+00:00
[2025-06-11T17:45:10.004+0200] {processor.py:175} INFO - Processing /home/monica.fernandez/practica_creativa/venv-airflow/lib/python3.11/site-packages/airflow/example_dags/tutorial.py took 0.175 seconds
[2025-06-11T17:46:24.717+0200] {processor.py:153} INFO - Started process (PID=177121) to work on /home/monica.fernandez/practica_creativa/venv-airflow/lib/python3.11/site-packages/airflow/example_dags/tutorial.py
[2025-06-11T17:46:24.718+0200] {processor.py:743} INFO - Processing file /home/monica.fernandez/practica_creativa/venv-airflow/lib/python3.11/site-packages/airflow/example_dags/tutorial.py for tasks to queue
[2025-06-11T17:46:24.718+0200] {logging_mixin.py:137} INFO - [2025-06-11T17:46:24.718+0200] {dagbag.py:538} INFO - Filling up the DagBag from /home/monica.fernandez/practica_creativa/venv-airflow/lib/python3.11/site-packages/airflow/example_dags/tutorial.py
[2025-06-11T17:46:24.768+0200] {processor.py:753} INFO - DAG(s) dict_keys(['tutorial']) retrieved from /home/monica.fernandez/practica_creativa/venv-airflow/lib/python3.11/site-packages/airflow/example_dags/tutorial.py
[2025-06-11T17:46:24.803+0200] {logging_mixin.py:137} INFO - [2025-06-11T17:46:24.802+0200] {dag.py:2690} INFO - Sync 1 DAGs
[2025-06-11T17:46:24.848+0200] {logging_mixin.py:137} INFO - [2025-06-11T17:46:24.847+0200] {dag.py:3437} INFO - Setting next_dagrun for tutorial to 2025-06-10T15:46:24.847451+00:00, run_after=2025-06-11T15:46:24.847451+00:00
[2025-06-11T17:46:24.918+0200] {processor.py:175} INFO - Processing /home/monica.fernandez/practica_creativa/venv-airflow/lib/python3.11/site-packages/airflow/example_dags/tutorial.py took 0.204 seconds
[2025-06-11T17:47:21.182+0200] {processor.py:153} INFO - Started process (PID=177605) to work on /home/monica.fernandez/practica_creativa/venv-airflow/lib/python3.11/site-packages/airflow/example_dags/tutorial.py
[2025-06-11T17:47:21.182+0200] {processor.py:743} INFO - Processing file /home/monica.fernandez/practica_creativa/venv-airflow/lib/python3.11/site-packages/airflow/example_dags/tutorial.py for tasks to queue
[2025-06-11T17:47:21.184+0200] {logging_mixin.py:137} INFO - [2025-06-11T17:47:21.183+0200] {dagbag.py:538} INFO - Filling up the DagBag from /home/monica.fernandez/practica_creativa/venv-airflow/lib/python3.11/site-packages/airflow/example_dags/tutorial.py
[2025-06-11T17:47:21.208+0200] {processor.py:753} INFO - DAG(s) dict_keys(['tutorial']) retrieved from /home/monica.fernandez/practica_creativa/venv-airflow/lib/python3.11/site-packages/airflow/example_dags/tutorial.py
[2025-06-11T17:47:21.251+0200] {logging_mixin.py:137} INFO - [2025-06-11T17:47:21.251+0200] {dag.py:2690} INFO - Sync 1 DAGs
[2025-06-11T17:47:21.288+0200] {logging_mixin.py:137} INFO - [2025-06-11T17:47:21.287+0200] {dag.py:3437} INFO - Setting next_dagrun for tutorial to 2025-06-10T15:47:21.287440+00:00, run_after=2025-06-11T15:47:21.287440+00:00
[2025-06-11T17:47:21.403+0200] {processor.py:175} INFO - Processing /home/monica.fernandez/practica_creativa/venv-airflow/lib/python3.11/site-packages/airflow/example_dags/tutorial.py took 0.224 seconds
[2025-06-11T17:48:14.727+0200] {processor.py:153} INFO - Started process (PID=177964) to work on /home/monica.fernandez/practica_creativa/venv-airflow/lib/python3.11/site-packages/airflow/example_dags/tutorial.py
[2025-06-11T17:48:14.727+0200] {processor.py:743} INFO - Processing file /home/monica.fernandez/practica_creativa/venv-airflow/lib/python3.11/site-packages/airflow/example_dags/tutorial.py for tasks to queue
[2025-06-11T17:48:14.728+0200] {logging_mixin.py:137} INFO - [2025-06-11T17:48:14.728+0200] {dagbag.py:538} INFO - Filling up the DagBag from /home/monica.fernandez/practica_creativa/venv-airflow/lib/python3.11/site-packages/airflow/example_dags/tutorial.py
[2025-06-11T17:48:14.755+0200] {processor.py:753} INFO - DAG(s) dict_keys(['tutorial']) retrieved from /home/monica.fernandez/practica_creativa/venv-airflow/lib/python3.11/site-packages/airflow/example_dags/tutorial.py
[2025-06-11T17:48:14.782+0200] {logging_mixin.py:137} INFO - [2025-06-11T17:48:14.782+0200] {dag.py:2690} INFO - Sync 1 DAGs
[2025-06-11T17:48:14.807+0200] {logging_mixin.py:137} INFO - [2025-06-11T17:48:14.807+0200] {dag.py:3437} INFO - Setting next_dagrun for tutorial to 2025-06-10T15:48:14.806974+00:00, run_after=2025-06-11T15:48:14.806974+00:00
[2025-06-11T17:48:14.867+0200] {processor.py:175} INFO - Processing /home/monica.fernandez/practica_creativa/venv-airflow/lib/python3.11/site-packages/airflow/example_dags/tutorial.py took 0.146 seconds
[2025-06-11T17:51:45.098+0200] {processor.py:153} INFO - Started process (PID=180683) to work on /home/monica.fernandez/practica_creativa/venv-airflow/lib/python3.11/site-packages/airflow/example_dags/tutorial.py
[2025-06-11T17:51:45.103+0200] {processor.py:743} INFO - Processing file /home/monica.fernandez/practica_creativa/venv-airflow/lib/python3.11/site-packages/airflow/example_dags/tutorial.py for tasks to queue
[2025-06-11T17:51:45.109+0200] {logging_mixin.py:137} INFO - [2025-06-11T17:51:45.104+0200] {dagbag.py:538} INFO - Filling up the DagBag from /home/monica.fernandez/practica_creativa/venv-airflow/lib/python3.11/site-packages/airflow/example_dags/tutorial.py
[2025-06-11T17:51:45.269+0200] {processor.py:753} INFO - DAG(s) dict_keys(['tutorial']) retrieved from /home/monica.fernandez/practica_creativa/venv-airflow/lib/python3.11/site-packages/airflow/example_dags/tutorial.py
[2025-06-11T17:51:45.411+0200] {logging_mixin.py:137} INFO - [2025-06-11T17:51:45.410+0200] {dag.py:2690} INFO - Sync 1 DAGs
[2025-06-11T17:51:45.508+0200] {logging_mixin.py:137} INFO - [2025-06-11T17:51:45.507+0200] {dag.py:3437} INFO - Setting next_dagrun for tutorial to 2025-06-10T15:51:45.506987+00:00, run_after=2025-06-11T15:51:45.506987+00:00
[2025-06-11T17:51:45.588+0200] {processor.py:175} INFO - Processing /home/monica.fernandez/practica_creativa/venv-airflow/lib/python3.11/site-packages/airflow/example_dags/tutorial.py took 0.510 seconds
[2025-06-11T17:52:51.452+0200] {processor.py:153} INFO - Started process (PID=181430) to work on /home/monica.fernandez/practica_creativa/venv-airflow/lib/python3.11/site-packages/airflow/example_dags/tutorial.py
[2025-06-11T17:52:51.454+0200] {processor.py:743} INFO - Processing file /home/monica.fernandez/practica_creativa/venv-airflow/lib/python3.11/site-packages/airflow/example_dags/tutorial.py for tasks to queue
[2025-06-11T17:52:51.457+0200] {logging_mixin.py:137} INFO - [2025-06-11T17:52:51.455+0200] {dagbag.py:538} INFO - Filling up the DagBag from /home/monica.fernandez/practica_creativa/venv-airflow/lib/python3.11/site-packages/airflow/example_dags/tutorial.py
[2025-06-11T17:52:51.505+0200] {processor.py:753} INFO - DAG(s) dict_keys(['tutorial']) retrieved from /home/monica.fernandez/practica_creativa/venv-airflow/lib/python3.11/site-packages/airflow/example_dags/tutorial.py
[2025-06-11T17:52:51.543+0200] {logging_mixin.py:137} INFO - [2025-06-11T17:52:51.543+0200] {dag.py:2690} INFO - Sync 1 DAGs
[2025-06-11T17:52:51.593+0200] {logging_mixin.py:137} INFO - [2025-06-11T17:52:51.593+0200] {dag.py:3437} INFO - Setting next_dagrun for tutorial to 2025-06-10T15:52:51.592518+00:00, run_after=2025-06-11T15:52:51.592518+00:00
[2025-06-11T17:52:51.668+0200] {processor.py:175} INFO - Processing /home/monica.fernandez/practica_creativa/venv-airflow/lib/python3.11/site-packages/airflow/example_dags/tutorial.py took 0.222 seconds
[2025-06-11T17:53:46.860+0200] {processor.py:153} INFO - Started process (PID=181863) to work on /home/monica.fernandez/practica_creativa/venv-airflow/lib/python3.11/site-packages/airflow/example_dags/tutorial.py
[2025-06-11T17:53:46.860+0200] {processor.py:743} INFO - Processing file /home/monica.fernandez/practica_creativa/venv-airflow/lib/python3.11/site-packages/airflow/example_dags/tutorial.py for tasks to queue
[2025-06-11T17:53:46.861+0200] {logging_mixin.py:137} INFO - [2025-06-11T17:53:46.861+0200] {dagbag.py:538} INFO - Filling up the DagBag from /home/monica.fernandez/practica_creativa/venv-airflow/lib/python3.11/site-packages/airflow/example_dags/tutorial.py
[2025-06-11T17:53:46.911+0200] {processor.py:753} INFO - DAG(s) dict_keys(['tutorial']) retrieved from /home/monica.fernandez/practica_creativa/venv-airflow/lib/python3.11/site-packages/airflow/example_dags/tutorial.py
[2025-06-11T17:53:46.952+0200] {logging_mixin.py:137} INFO - [2025-06-11T17:53:46.952+0200] {dag.py:2690} INFO - Sync 1 DAGs
[2025-06-11T17:53:47.000+0200] {logging_mixin.py:137} INFO - [2025-06-11T17:53:47.000+0200] {dag.py:3437} INFO - Setting next_dagrun for tutorial to 2025-06-10T15:53:46.999792+00:00, run_after=2025-06-11T15:53:46.999792+00:00
[2025-06-11T17:53:47.105+0200] {processor.py:175} INFO - Processing /home/monica.fernandez/practica_creativa/venv-airflow/lib/python3.11/site-packages/airflow/example_dags/tutorial.py took 0.248 seconds
[2025-06-11T17:54:40.532+0200] {processor.py:153} INFO - Started process (PID=182395) to work on /home/monica.fernandez/practica_creativa/venv-airflow/lib/python3.11/site-packages/airflow/example_dags/tutorial.py
[2025-06-11T17:54:40.532+0200] {processor.py:743} INFO - Processing file /home/monica.fernandez/practica_creativa/venv-airflow/lib/python3.11/site-packages/airflow/example_dags/tutorial.py for tasks to queue
[2025-06-11T17:54:40.533+0200] {logging_mixin.py:137} INFO - [2025-06-11T17:54:40.533+0200] {dagbag.py:538} INFO - Filling up the DagBag from /home/monica.fernandez/practica_creativa/venv-airflow/lib/python3.11/site-packages/airflow/example_dags/tutorial.py
[2025-06-11T17:54:40.555+0200] {processor.py:753} INFO - DAG(s) dict_keys(['tutorial']) retrieved from /home/monica.fernandez/practica_creativa/venv-airflow/lib/python3.11/site-packages/airflow/example_dags/tutorial.py
[2025-06-11T17:54:40.600+0200] {logging_mixin.py:137} INFO - [2025-06-11T17:54:40.600+0200] {dag.py:2690} INFO - Sync 1 DAGs
[2025-06-11T17:54:40.639+0200] {logging_mixin.py:137} INFO - [2025-06-11T17:54:40.639+0200] {dag.py:3437} INFO - Setting next_dagrun for tutorial to 2025-06-10T15:54:40.638932+00:00, run_after=2025-06-11T15:54:40.638932+00:00
[2025-06-11T17:54:40.733+0200] {processor.py:175} INFO - Processing /home/monica.fernandez/practica_creativa/venv-airflow/lib/python3.11/site-packages/airflow/example_dags/tutorial.py took 0.205 seconds
[2025-06-11T17:55:32.001+0200] {processor.py:153} INFO - Started process (PID=182945) to work on /home/monica.fernandez/practica_creativa/venv-airflow/lib/python3.11/site-packages/airflow/example_dags/tutorial.py
[2025-06-11T17:55:32.001+0200] {processor.py:743} INFO - Processing file /home/monica.fernandez/practica_creativa/venv-airflow/lib/python3.11/site-packages/airflow/example_dags/tutorial.py for tasks to queue
[2025-06-11T17:55:32.002+0200] {logging_mixin.py:137} INFO - [2025-06-11T17:55:32.002+0200] {dagbag.py:538} INFO - Filling up the DagBag from /home/monica.fernandez/practica_creativa/venv-airflow/lib/python3.11/site-packages/airflow/example_dags/tutorial.py
[2025-06-11T17:55:32.020+0200] {processor.py:753} INFO - DAG(s) dict_keys(['tutorial']) retrieved from /home/monica.fernandez/practica_creativa/venv-airflow/lib/python3.11/site-packages/airflow/example_dags/tutorial.py
[2025-06-11T17:55:32.047+0200] {logging_mixin.py:137} INFO - [2025-06-11T17:55:32.047+0200] {dag.py:2690} INFO - Sync 1 DAGs
[2025-06-11T17:55:32.072+0200] {logging_mixin.py:137} INFO - [2025-06-11T17:55:32.072+0200] {dag.py:3437} INFO - Setting next_dagrun for tutorial to 2025-06-10T15:55:32.072332+00:00, run_after=2025-06-11T15:55:32.072332+00:00
[2025-06-11T17:55:32.127+0200] {processor.py:175} INFO - Processing /home/monica.fernandez/practica_creativa/venv-airflow/lib/python3.11/site-packages/airflow/example_dags/tutorial.py took 0.129 seconds
[2025-06-11T17:55:51.170+0200] {processor.py:153} INFO - Started process (PID=183187) to work on /home/monica.fernandez/practica_creativa/venv-airflow/lib/python3.11/site-packages/airflow/example_dags/tutorial.py
[2025-06-11T17:55:51.171+0200] {processor.py:743} INFO - Processing file /home/monica.fernandez/practica_creativa/venv-airflow/lib/python3.11/site-packages/airflow/example_dags/tutorial.py for tasks to queue
[2025-06-11T17:55:51.171+0200] {logging_mixin.py:137} INFO - [2025-06-11T17:55:51.171+0200] {dagbag.py:538} INFO - Filling up the DagBag from /home/monica.fernandez/practica_creativa/venv-airflow/lib/python3.11/site-packages/airflow/example_dags/tutorial.py
[2025-06-11T17:55:51.191+0200] {processor.py:753} INFO - DAG(s) dict_keys(['tutorial']) retrieved from /home/monica.fernandez/practica_creativa/venv-airflow/lib/python3.11/site-packages/airflow/example_dags/tutorial.py
[2025-06-11T17:55:51.219+0200] {logging_mixin.py:137} INFO - [2025-06-11T17:55:51.219+0200] {dag.py:2690} INFO - Sync 1 DAGs
[2025-06-11T17:55:51.243+0200] {logging_mixin.py:137} INFO - [2025-06-11T17:55:51.243+0200] {dag.py:3437} INFO - Setting next_dagrun for tutorial to 2025-06-10T15:55:51.243448+00:00, run_after=2025-06-11T15:55:51.243448+00:00
[2025-06-11T17:55:51.293+0200] {processor.py:175} INFO - Processing /home/monica.fernandez/practica_creativa/venv-airflow/lib/python3.11/site-packages/airflow/example_dags/tutorial.py took 0.126 seconds
[2025-06-11T17:57:01.149+0200] {processor.py:153} INFO - Started process (PID=183934) to work on /home/monica.fernandez/practica_creativa/venv-airflow/lib/python3.11/site-packages/airflow/example_dags/tutorial.py
[2025-06-11T17:57:01.150+0200] {processor.py:743} INFO - Processing file /home/monica.fernandez/practica_creativa/venv-airflow/lib/python3.11/site-packages/airflow/example_dags/tutorial.py for tasks to queue
[2025-06-11T17:57:01.151+0200] {logging_mixin.py:137} INFO - [2025-06-11T17:57:01.151+0200] {dagbag.py:538} INFO - Filling up the DagBag from /home/monica.fernandez/practica_creativa/venv-airflow/lib/python3.11/site-packages/airflow/example_dags/tutorial.py
[2025-06-11T17:57:01.173+0200] {processor.py:753} INFO - DAG(s) dict_keys(['tutorial']) retrieved from /home/monica.fernandez/practica_creativa/venv-airflow/lib/python3.11/site-packages/airflow/example_dags/tutorial.py
[2025-06-11T17:57:01.203+0200] {logging_mixin.py:137} INFO - [2025-06-11T17:57:01.203+0200] {dag.py:2690} INFO - Sync 1 DAGs
[2025-06-11T17:57:01.235+0200] {logging_mixin.py:137} INFO - [2025-06-11T17:57:01.234+0200] {dag.py:3437} INFO - Setting next_dagrun for tutorial to 2025-06-10T15:57:01.234761+00:00, run_after=2025-06-11T15:57:01.234761+00:00
[2025-06-11T17:57:01.290+0200] {processor.py:175} INFO - Processing /home/monica.fernandez/practica_creativa/venv-airflow/lib/python3.11/site-packages/airflow/example_dags/tutorial.py took 0.146 seconds
[2025-06-11T17:58:04.109+0200] {processor.py:153} INFO - Started process (PID=184529) to work on /home/monica.fernandez/practica_creativa/venv-airflow/lib/python3.11/site-packages/airflow/example_dags/tutorial.py
[2025-06-11T17:58:04.110+0200] {processor.py:743} INFO - Processing file /home/monica.fernandez/practica_creativa/venv-airflow/lib/python3.11/site-packages/airflow/example_dags/tutorial.py for tasks to queue
[2025-06-11T17:58:04.110+0200] {logging_mixin.py:137} INFO - [2025-06-11T17:58:04.110+0200] {dagbag.py:538} INFO - Filling up the DagBag from /home/monica.fernandez/practica_creativa/venv-airflow/lib/python3.11/site-packages/airflow/example_dags/tutorial.py
[2025-06-11T17:58:04.142+0200] {processor.py:753} INFO - DAG(s) dict_keys(['tutorial']) retrieved from /home/monica.fernandez/practica_creativa/venv-airflow/lib/python3.11/site-packages/airflow/example_dags/tutorial.py
[2025-06-11T17:58:04.184+0200] {logging_mixin.py:137} INFO - [2025-06-11T17:58:04.182+0200] {dag.py:2690} INFO - Sync 1 DAGs
[2025-06-11T17:58:04.220+0200] {logging_mixin.py:137} INFO - [2025-06-11T17:58:04.220+0200] {dag.py:3437} INFO - Setting next_dagrun for tutorial to 2025-06-10T15:58:04.220036+00:00, run_after=2025-06-11T15:58:04.220036+00:00
[2025-06-11T17:58:04.306+0200] {processor.py:175} INFO - Processing /home/monica.fernandez/practica_creativa/venv-airflow/lib/python3.11/site-packages/airflow/example_dags/tutorial.py took 0.202 seconds
[2025-06-11T17:58:59.364+0200] {processor.py:153} INFO - Started process (PID=185061) to work on /home/monica.fernandez/practica_creativa/venv-airflow/lib/python3.11/site-packages/airflow/example_dags/tutorial.py
[2025-06-11T17:58:59.365+0200] {processor.py:743} INFO - Processing file /home/monica.fernandez/practica_creativa/venv-airflow/lib/python3.11/site-packages/airflow/example_dags/tutorial.py for tasks to queue
[2025-06-11T17:58:59.366+0200] {logging_mixin.py:137} INFO - [2025-06-11T17:58:59.366+0200] {dagbag.py:538} INFO - Filling up the DagBag from /home/monica.fernandez/practica_creativa/venv-airflow/lib/python3.11/site-packages/airflow/example_dags/tutorial.py
[2025-06-11T17:58:59.442+0200] {processor.py:753} INFO - DAG(s) dict_keys(['tutorial']) retrieved from /home/monica.fernandez/practica_creativa/venv-airflow/lib/python3.11/site-packages/airflow/example_dags/tutorial.py
[2025-06-11T17:58:59.500+0200] {logging_mixin.py:137} INFO - [2025-06-11T17:58:59.500+0200] {dag.py:2690} INFO - Sync 1 DAGs
[2025-06-11T17:58:59.556+0200] {logging_mixin.py:137} INFO - [2025-06-11T17:58:59.556+0200] {dag.py:3437} INFO - Setting next_dagrun for tutorial to 2025-06-10T15:58:59.555781+00:00, run_after=2025-06-11T15:58:59.555781+00:00
[2025-06-11T17:58:59.649+0200] {processor.py:175} INFO - Processing /home/monica.fernandez/practica_creativa/venv-airflow/lib/python3.11/site-packages/airflow/example_dags/tutorial.py took 0.289 seconds
[2025-06-11T18:00:00.708+0200] {processor.py:153} INFO - Started process (PID=185558) to work on /home/monica.fernandez/practica_creativa/venv-airflow/lib/python3.11/site-packages/airflow/example_dags/tutorial.py
[2025-06-11T18:00:00.709+0200] {processor.py:743} INFO - Processing file /home/monica.fernandez/practica_creativa/venv-airflow/lib/python3.11/site-packages/airflow/example_dags/tutorial.py for tasks to queue
[2025-06-11T18:00:00.709+0200] {logging_mixin.py:137} INFO - [2025-06-11T18:00:00.709+0200] {dagbag.py:538} INFO - Filling up the DagBag from /home/monica.fernandez/practica_creativa/venv-airflow/lib/python3.11/site-packages/airflow/example_dags/tutorial.py
[2025-06-11T18:00:00.733+0200] {processor.py:753} INFO - DAG(s) dict_keys(['tutorial']) retrieved from /home/monica.fernandez/practica_creativa/venv-airflow/lib/python3.11/site-packages/airflow/example_dags/tutorial.py
[2025-06-11T18:00:00.763+0200] {logging_mixin.py:137} INFO - [2025-06-11T18:00:00.762+0200] {dag.py:2690} INFO - Sync 1 DAGs
[2025-06-11T18:00:00.792+0200] {logging_mixin.py:137} INFO - [2025-06-11T18:00:00.792+0200] {dag.py:3437} INFO - Setting next_dagrun for tutorial to 2025-06-10T16:00:00.792227+00:00, run_after=2025-06-11T16:00:00.792227+00:00
[2025-06-11T18:00:00.847+0200] {processor.py:175} INFO - Processing /home/monica.fernandez/practica_creativa/venv-airflow/lib/python3.11/site-packages/airflow/example_dags/tutorial.py took 0.143 seconds
[2025-06-11T18:01:00.135+0200] {processor.py:153} INFO - Started process (PID=186110) to work on /home/monica.fernandez/practica_creativa/venv-airflow/lib/python3.11/site-packages/airflow/example_dags/tutorial.py
[2025-06-11T18:01:00.136+0200] {processor.py:743} INFO - Processing file /home/monica.fernandez/practica_creativa/venv-airflow/lib/python3.11/site-packages/airflow/example_dags/tutorial.py for tasks to queue
[2025-06-11T18:01:00.136+0200] {logging_mixin.py:137} INFO - [2025-06-11T18:01:00.136+0200] {dagbag.py:538} INFO - Filling up the DagBag from /home/monica.fernandez/practica_creativa/venv-airflow/lib/python3.11/site-packages/airflow/example_dags/tutorial.py
[2025-06-11T18:01:00.155+0200] {processor.py:753} INFO - DAG(s) dict_keys(['tutorial']) retrieved from /home/monica.fernandez/practica_creativa/venv-airflow/lib/python3.11/site-packages/airflow/example_dags/tutorial.py
[2025-06-11T18:01:00.186+0200] {logging_mixin.py:137} INFO - [2025-06-11T18:01:00.186+0200] {dag.py:2690} INFO - Sync 1 DAGs
[2025-06-11T18:01:00.217+0200] {logging_mixin.py:137} INFO - [2025-06-11T18:01:00.216+0200] {dag.py:3437} INFO - Setting next_dagrun for tutorial to 2025-06-10T16:01:00.216662+00:00, run_after=2025-06-11T16:01:00.216662+00:00
[2025-06-11T18:01:00.319+0200] {processor.py:175} INFO - Processing /home/monica.fernandez/practica_creativa/venv-airflow/lib/python3.11/site-packages/airflow/example_dags/tutorial.py took 0.187 seconds
[2025-06-11T18:01:42.288+0200] {processor.py:153} INFO - Started process (PID=186464) to work on /home/monica.fernandez/practica_creativa/venv-airflow/lib/python3.11/site-packages/airflow/example_dags/tutorial.py
[2025-06-11T18:01:42.290+0200] {processor.py:743} INFO - Processing file /home/monica.fernandez/practica_creativa/venv-airflow/lib/python3.11/site-packages/airflow/example_dags/tutorial.py for tasks to queue
[2025-06-11T18:01:42.292+0200] {logging_mixin.py:137} INFO - [2025-06-11T18:01:42.291+0200] {dagbag.py:538} INFO - Filling up the DagBag from /home/monica.fernandez/practica_creativa/venv-airflow/lib/python3.11/site-packages/airflow/example_dags/tutorial.py
[2025-06-11T18:01:42.323+0200] {processor.py:753} INFO - DAG(s) dict_keys(['tutorial']) retrieved from /home/monica.fernandez/practica_creativa/venv-airflow/lib/python3.11/site-packages/airflow/example_dags/tutorial.py
[2025-06-11T18:01:42.371+0200] {logging_mixin.py:137} INFO - [2025-06-11T18:01:42.371+0200] {dag.py:2690} INFO - Sync 1 DAGs
[2025-06-11T18:01:42.414+0200] {logging_mixin.py:137} INFO - [2025-06-11T18:01:42.414+0200] {dag.py:3437} INFO - Setting next_dagrun for tutorial to 2025-06-10T16:01:42.414274+00:00, run_after=2025-06-11T16:01:42.414274+00:00
[2025-06-11T18:01:42.489+0200] {processor.py:175} INFO - Processing /home/monica.fernandez/practica_creativa/venv-airflow/lib/python3.11/site-packages/airflow/example_dags/tutorial.py took 0.206 seconds
[2025-06-11T18:02:41.018+0200] {processor.py:153} INFO - Started process (PID=187123) to work on /home/monica.fernandez/practica_creativa/venv-airflow/lib/python3.11/site-packages/airflow/example_dags/tutorial.py
[2025-06-11T18:02:41.019+0200] {processor.py:743} INFO - Processing file /home/monica.fernandez/practica_creativa/venv-airflow/lib/python3.11/site-packages/airflow/example_dags/tutorial.py for tasks to queue
[2025-06-11T18:02:41.020+0200] {logging_mixin.py:137} INFO - [2025-06-11T18:02:41.020+0200] {dagbag.py:538} INFO - Filling up the DagBag from /home/monica.fernandez/practica_creativa/venv-airflow/lib/python3.11/site-packages/airflow/example_dags/tutorial.py
[2025-06-11T18:02:41.063+0200] {processor.py:753} INFO - DAG(s) dict_keys(['tutorial']) retrieved from /home/monica.fernandez/practica_creativa/venv-airflow/lib/python3.11/site-packages/airflow/example_dags/tutorial.py
[2025-06-11T18:02:41.108+0200] {logging_mixin.py:137} INFO - [2025-06-11T18:02:41.108+0200] {dag.py:2690} INFO - Sync 1 DAGs
[2025-06-11T18:02:41.135+0200] {logging_mixin.py:137} INFO - [2025-06-11T18:02:41.135+0200] {dag.py:3437} INFO - Setting next_dagrun for tutorial to 2025-06-10T16:02:41.135603+00:00, run_after=2025-06-11T16:02:41.135603+00:00
[2025-06-11T18:02:41.200+0200] {processor.py:175} INFO - Processing /home/monica.fernandez/practica_creativa/venv-airflow/lib/python3.11/site-packages/airflow/example_dags/tutorial.py took 0.186 seconds
[2025-06-11T18:03:34.499+0200] {processor.py:153} INFO - Started process (PID=187591) to work on /home/monica.fernandez/practica_creativa/venv-airflow/lib/python3.11/site-packages/airflow/example_dags/tutorial.py
[2025-06-11T18:03:34.500+0200] {processor.py:743} INFO - Processing file /home/monica.fernandez/practica_creativa/venv-airflow/lib/python3.11/site-packages/airflow/example_dags/tutorial.py for tasks to queue
[2025-06-11T18:03:34.501+0200] {logging_mixin.py:137} INFO - [2025-06-11T18:03:34.500+0200] {dagbag.py:538} INFO - Filling up the DagBag from /home/monica.fernandez/practica_creativa/venv-airflow/lib/python3.11/site-packages/airflow/example_dags/tutorial.py
[2025-06-11T18:03:34.551+0200] {processor.py:753} INFO - DAG(s) dict_keys(['tutorial']) retrieved from /home/monica.fernandez/practica_creativa/venv-airflow/lib/python3.11/site-packages/airflow/example_dags/tutorial.py
[2025-06-11T18:03:34.621+0200] {logging_mixin.py:137} INFO - [2025-06-11T18:03:34.621+0200] {dag.py:2690} INFO - Sync 1 DAGs
[2025-06-11T18:03:34.693+0200] {logging_mixin.py:137} INFO - [2025-06-11T18:03:34.693+0200] {dag.py:3437} INFO - Setting next_dagrun for tutorial to 2025-06-10T16:03:34.693319+00:00, run_after=2025-06-11T16:03:34.693319+00:00
[2025-06-11T18:03:34.806+0200] {processor.py:175} INFO - Processing /home/monica.fernandez/practica_creativa/venv-airflow/lib/python3.11/site-packages/airflow/example_dags/tutorial.py took 0.310 seconds
[2025-06-11T18:04:24.013+0200] {processor.py:153} INFO - Started process (PID=188001) to work on /home/monica.fernandez/practica_creativa/venv-airflow/lib/python3.11/site-packages/airflow/example_dags/tutorial.py
[2025-06-11T18:04:24.018+0200] {processor.py:743} INFO - Processing file /home/monica.fernandez/practica_creativa/venv-airflow/lib/python3.11/site-packages/airflow/example_dags/tutorial.py for tasks to queue
[2025-06-11T18:04:24.019+0200] {logging_mixin.py:137} INFO - [2025-06-11T18:04:24.018+0200] {dagbag.py:538} INFO - Filling up the DagBag from /home/monica.fernandez/practica_creativa/venv-airflow/lib/python3.11/site-packages/airflow/example_dags/tutorial.py
[2025-06-11T18:04:24.104+0200] {processor.py:753} INFO - DAG(s) dict_keys(['tutorial']) retrieved from /home/monica.fernandez/practica_creativa/venv-airflow/lib/python3.11/site-packages/airflow/example_dags/tutorial.py
[2025-06-11T18:04:24.149+0200] {logging_mixin.py:137} INFO - [2025-06-11T18:04:24.149+0200] {dag.py:2690} INFO - Sync 1 DAGs
[2025-06-11T18:04:24.205+0200] {logging_mixin.py:137} INFO - [2025-06-11T18:04:24.204+0200] {dag.py:3437} INFO - Setting next_dagrun for tutorial to 2025-06-10T16:04:24.204351+00:00, run_after=2025-06-11T16:04:24.204351+00:00
[2025-06-11T18:04:24.318+0200] {processor.py:175} INFO - Processing /home/monica.fernandez/practica_creativa/venv-airflow/lib/python3.11/site-packages/airflow/example_dags/tutorial.py took 0.320 seconds
[2025-06-11T18:05:11.097+0200] {processor.py:153} INFO - Started process (PID=188348) to work on /home/monica.fernandez/practica_creativa/venv-airflow/lib/python3.11/site-packages/airflow/example_dags/tutorial.py
[2025-06-11T18:05:11.098+0200] {processor.py:743} INFO - Processing file /home/monica.fernandez/practica_creativa/venv-airflow/lib/python3.11/site-packages/airflow/example_dags/tutorial.py for tasks to queue
[2025-06-11T18:05:11.099+0200] {logging_mixin.py:137} INFO - [2025-06-11T18:05:11.099+0200] {dagbag.py:538} INFO - Filling up the DagBag from /home/monica.fernandez/practica_creativa/venv-airflow/lib/python3.11/site-packages/airflow/example_dags/tutorial.py
[2025-06-11T18:05:11.131+0200] {processor.py:753} INFO - DAG(s) dict_keys(['tutorial']) retrieved from /home/monica.fernandez/practica_creativa/venv-airflow/lib/python3.11/site-packages/airflow/example_dags/tutorial.py
[2025-06-11T18:05:11.201+0200] {logging_mixin.py:137} INFO - [2025-06-11T18:05:11.201+0200] {dag.py:2690} INFO - Sync 1 DAGs
[2025-06-11T18:05:11.251+0200] {logging_mixin.py:137} INFO - [2025-06-11T18:05:11.250+0200] {dag.py:3437} INFO - Setting next_dagrun for tutorial to 2025-06-10T16:05:11.250644+00:00, run_after=2025-06-11T16:05:11.250644+00:00
[2025-06-11T18:05:11.335+0200] {processor.py:175} INFO - Processing /home/monica.fernandez/practica_creativa/venv-airflow/lib/python3.11/site-packages/airflow/example_dags/tutorial.py took 0.242 seconds
[2025-06-11T18:06:08.301+0200] {processor.py:153} INFO - Started process (PID=188894) to work on /home/monica.fernandez/practica_creativa/venv-airflow/lib/python3.11/site-packages/airflow/example_dags/tutorial.py
[2025-06-11T18:06:08.301+0200] {processor.py:743} INFO - Processing file /home/monica.fernandez/practica_creativa/venv-airflow/lib/python3.11/site-packages/airflow/example_dags/tutorial.py for tasks to queue
[2025-06-11T18:06:08.302+0200] {logging_mixin.py:137} INFO - [2025-06-11T18:06:08.302+0200] {dagbag.py:538} INFO - Filling up the DagBag from /home/monica.fernandez/practica_creativa/venv-airflow/lib/python3.11/site-packages/airflow/example_dags/tutorial.py
[2025-06-11T18:06:08.333+0200] {processor.py:753} INFO - DAG(s) dict_keys(['tutorial']) retrieved from /home/monica.fernandez/practica_creativa/venv-airflow/lib/python3.11/site-packages/airflow/example_dags/tutorial.py
[2025-06-11T18:06:08.375+0200] {logging_mixin.py:137} INFO - [2025-06-11T18:06:08.375+0200] {dag.py:2690} INFO - Sync 1 DAGs
[2025-06-11T18:06:08.421+0200] {logging_mixin.py:137} INFO - [2025-06-11T18:06:08.420+0200] {dag.py:3437} INFO - Setting next_dagrun for tutorial to 2025-06-10T16:06:08.419910+00:00, run_after=2025-06-11T16:06:08.419910+00:00
[2025-06-11T18:06:08.480+0200] {processor.py:175} INFO - Processing /home/monica.fernandez/practica_creativa/venv-airflow/lib/python3.11/site-packages/airflow/example_dags/tutorial.py took 0.183 seconds
[2025-06-11T18:07:31.712+0200] {processor.py:153} INFO - Started process (PID=189885) to work on /home/monica.fernandez/practica_creativa/venv-airflow/lib/python3.11/site-packages/airflow/example_dags/tutorial.py
[2025-06-11T18:07:31.713+0200] {processor.py:743} INFO - Processing file /home/monica.fernandez/practica_creativa/venv-airflow/lib/python3.11/site-packages/airflow/example_dags/tutorial.py for tasks to queue
[2025-06-11T18:07:31.713+0200] {logging_mixin.py:137} INFO - [2025-06-11T18:07:31.713+0200] {dagbag.py:538} INFO - Filling up the DagBag from /home/monica.fernandez/practica_creativa/venv-airflow/lib/python3.11/site-packages/airflow/example_dags/tutorial.py
[2025-06-11T18:07:31.737+0200] {processor.py:753} INFO - DAG(s) dict_keys(['tutorial']) retrieved from /home/monica.fernandez/practica_creativa/venv-airflow/lib/python3.11/site-packages/airflow/example_dags/tutorial.py
[2025-06-11T18:07:31.766+0200] {logging_mixin.py:137} INFO - [2025-06-11T18:07:31.766+0200] {dag.py:2690} INFO - Sync 1 DAGs
[2025-06-11T18:07:31.795+0200] {logging_mixin.py:137} INFO - [2025-06-11T18:07:31.795+0200] {dag.py:3437} INFO - Setting next_dagrun for tutorial to 2025-06-10T16:07:31.794909+00:00, run_after=2025-06-11T16:07:31.794909+00:00
[2025-06-11T18:07:31.847+0200] {processor.py:175} INFO - Processing /home/monica.fernandez/practica_creativa/venv-airflow/lib/python3.11/site-packages/airflow/example_dags/tutorial.py took 0.139 seconds
[2025-06-11T18:08:39.934+0200] {processor.py:153} INFO - Started process (PID=190759) to work on /home/monica.fernandez/practica_creativa/venv-airflow/lib/python3.11/site-packages/airflow/example_dags/tutorial.py
[2025-06-11T18:08:39.936+0200] {processor.py:743} INFO - Processing file /home/monica.fernandez/practica_creativa/venv-airflow/lib/python3.11/site-packages/airflow/example_dags/tutorial.py for tasks to queue
[2025-06-11T18:08:39.941+0200] {logging_mixin.py:137} INFO - [2025-06-11T18:08:39.941+0200] {dagbag.py:538} INFO - Filling up the DagBag from /home/monica.fernandez/practica_creativa/venv-airflow/lib/python3.11/site-packages/airflow/example_dags/tutorial.py
[2025-06-11T18:08:39.976+0200] {processor.py:753} INFO - DAG(s) dict_keys(['tutorial']) retrieved from /home/monica.fernandez/practica_creativa/venv-airflow/lib/python3.11/site-packages/airflow/example_dags/tutorial.py
[2025-06-11T18:08:40.018+0200] {logging_mixin.py:137} INFO - [2025-06-11T18:08:40.018+0200] {dag.py:2690} INFO - Sync 1 DAGs
[2025-06-11T18:08:40.050+0200] {logging_mixin.py:137} INFO - [2025-06-11T18:08:40.049+0200] {dag.py:3437} INFO - Setting next_dagrun for tutorial to 2025-06-10T16:08:40.049650+00:00, run_after=2025-06-11T16:08:40.049650+00:00
[2025-06-11T18:08:40.113+0200] {processor.py:175} INFO - Processing /home/monica.fernandez/practica_creativa/venv-airflow/lib/python3.11/site-packages/airflow/example_dags/tutorial.py took 0.187 seconds
[2025-06-11T18:09:32.829+0200] {processor.py:153} INFO - Started process (PID=191394) to work on /home/monica.fernandez/practica_creativa/venv-airflow/lib/python3.11/site-packages/airflow/example_dags/tutorial.py
[2025-06-11T18:09:32.830+0200] {processor.py:743} INFO - Processing file /home/monica.fernandez/practica_creativa/venv-airflow/lib/python3.11/site-packages/airflow/example_dags/tutorial.py for tasks to queue
[2025-06-11T18:09:32.830+0200] {logging_mixin.py:137} INFO - [2025-06-11T18:09:32.830+0200] {dagbag.py:538} INFO - Filling up the DagBag from /home/monica.fernandez/practica_creativa/venv-airflow/lib/python3.11/site-packages/airflow/example_dags/tutorial.py
[2025-06-11T18:09:32.883+0200] {processor.py:753} INFO - DAG(s) dict_keys(['tutorial']) retrieved from /home/monica.fernandez/practica_creativa/venv-airflow/lib/python3.11/site-packages/airflow/example_dags/tutorial.py
[2025-06-11T18:09:32.926+0200] {logging_mixin.py:137} INFO - [2025-06-11T18:09:32.925+0200] {dag.py:2690} INFO - Sync 1 DAGs
[2025-06-11T18:09:32.955+0200] {logging_mixin.py:137} INFO - [2025-06-11T18:09:32.954+0200] {dag.py:3437} INFO - Setting next_dagrun for tutorial to 2025-06-10T16:09:32.954725+00:00, run_after=2025-06-11T16:09:32.954725+00:00
[2025-06-11T18:09:33.015+0200] {processor.py:175} INFO - Processing /home/monica.fernandez/practica_creativa/venv-airflow/lib/python3.11/site-packages/airflow/example_dags/tutorial.py took 0.189 seconds
[2025-06-11T18:10:19.581+0200] {processor.py:153} INFO - Started process (PID=191733) to work on /home/monica.fernandez/practica_creativa/venv-airflow/lib/python3.11/site-packages/airflow/example_dags/tutorial.py
[2025-06-11T18:10:19.582+0200] {processor.py:743} INFO - Processing file /home/monica.fernandez/practica_creativa/venv-airflow/lib/python3.11/site-packages/airflow/example_dags/tutorial.py for tasks to queue
[2025-06-11T18:10:19.582+0200] {logging_mixin.py:137} INFO - [2025-06-11T18:10:19.582+0200] {dagbag.py:538} INFO - Filling up the DagBag from /home/monica.fernandez/practica_creativa/venv-airflow/lib/python3.11/site-packages/airflow/example_dags/tutorial.py
[2025-06-11T18:10:19.620+0200] {processor.py:753} INFO - DAG(s) dict_keys(['tutorial']) retrieved from /home/monica.fernandez/practica_creativa/venv-airflow/lib/python3.11/site-packages/airflow/example_dags/tutorial.py
[2025-06-11T18:10:19.651+0200] {logging_mixin.py:137} INFO - [2025-06-11T18:10:19.651+0200] {dag.py:2690} INFO - Sync 1 DAGs
[2025-06-11T18:10:19.689+0200] {logging_mixin.py:137} INFO - [2025-06-11T18:10:19.689+0200] {dag.py:3437} INFO - Setting next_dagrun for tutorial to 2025-06-10T16:10:19.689420+00:00, run_after=2025-06-11T16:10:19.689420+00:00
[2025-06-11T18:10:19.753+0200] {processor.py:175} INFO - Processing /home/monica.fernandez/practica_creativa/venv-airflow/lib/python3.11/site-packages/airflow/example_dags/tutorial.py took 0.178 seconds
[2025-06-11T18:11:29.737+0200] {processor.py:153} INFO - Started process (PID=192919) to work on /home/monica.fernandez/practica_creativa/venv-airflow/lib/python3.11/site-packages/airflow/example_dags/tutorial.py
[2025-06-11T18:11:29.738+0200] {processor.py:743} INFO - Processing file /home/monica.fernandez/practica_creativa/venv-airflow/lib/python3.11/site-packages/airflow/example_dags/tutorial.py for tasks to queue
[2025-06-11T18:11:29.739+0200] {logging_mixin.py:137} INFO - [2025-06-11T18:11:29.738+0200] {dagbag.py:538} INFO - Filling up the DagBag from /home/monica.fernandez/practica_creativa/venv-airflow/lib/python3.11/site-packages/airflow/example_dags/tutorial.py
[2025-06-11T18:11:29.761+0200] {processor.py:753} INFO - DAG(s) dict_keys(['tutorial']) retrieved from /home/monica.fernandez/practica_creativa/venv-airflow/lib/python3.11/site-packages/airflow/example_dags/tutorial.py
[2025-06-11T18:11:29.788+0200] {logging_mixin.py:137} INFO - [2025-06-11T18:11:29.788+0200] {dag.py:2690} INFO - Sync 1 DAGs
[2025-06-11T18:11:29.817+0200] {logging_mixin.py:137} INFO - [2025-06-11T18:11:29.817+0200] {dag.py:3437} INFO - Setting next_dagrun for tutorial to 2025-06-10T16:11:29.817241+00:00, run_after=2025-06-11T16:11:29.817241+00:00
[2025-06-11T18:11:29.904+0200] {processor.py:175} INFO - Processing /home/monica.fernandez/practica_creativa/venv-airflow/lib/python3.11/site-packages/airflow/example_dags/tutorial.py took 0.169 seconds
