[2025-06-11T16:08:01.552+0200] {processor.py:153} INFO - Started process (PID=121666) to work on /home/monica.fernandez/practica_creativa/venv-airflow/lib/python3.11/site-packages/airflow/example_dags/tutorial_taskflow_api.py
[2025-06-11T16:08:01.553+0200] {processor.py:743} INFO - Processing file /home/monica.fernandez/practica_creativa/venv-airflow/lib/python3.11/site-packages/airflow/example_dags/tutorial_taskflow_api.py for tasks to queue
[2025-06-11T16:08:01.553+0200] {logging_mixin.py:137} INFO - [2025-06-11T16:08:01.553+0200] {dagbag.py:538} INFO - Filling up the DagBag from /home/monica.fernandez/practica_creativa/venv-airflow/lib/python3.11/site-packages/airflow/example_dags/tutorial_taskflow_api.py
[2025-06-11T16:08:01.602+0200] {processor.py:753} INFO - DAG(s) dict_keys(['tutorial_taskflow_api']) retrieved from /home/monica.fernandez/practica_creativa/venv-airflow/lib/python3.11/site-packages/airflow/example_dags/tutorial_taskflow_api.py
[2025-06-11T16:08:01.813+0200] {logging_mixin.py:137} INFO - [2025-06-11T16:08:01.813+0200] {manager.py:504} INFO - Created Permission View: can read on DAG:tutorial_taskflow_api
[2025-06-11T16:08:01.842+0200] {logging_mixin.py:137} INFO - [2025-06-11T16:08:01.842+0200] {manager.py:504} INFO - Created Permission View: can delete on DAG:tutorial_taskflow_api
[2025-06-11T16:08:01.869+0200] {logging_mixin.py:137} INFO - [2025-06-11T16:08:01.869+0200] {manager.py:504} INFO - Created Permission View: can edit on DAG:tutorial_taskflow_api
[2025-06-11T16:08:01.869+0200] {logging_mixin.py:137} INFO - [2025-06-11T16:08:01.869+0200] {dag.py:2690} INFO - Sync 1 DAGs
[2025-06-11T16:08:01.886+0200] {logging_mixin.py:137} INFO - [2025-06-11T16:08:01.886+0200] {dag.py:2711} INFO - Creating ORM DAG for tutorial_taskflow_api
[2025-06-11T16:08:01.896+0200] {logging_mixin.py:137} INFO - [2025-06-11T16:08:01.896+0200] {dag.py:3437} INFO - Setting next_dagrun for tutorial_taskflow_api to None, run_after=None
[2025-06-11T16:08:01.972+0200] {processor.py:175} INFO - Processing /home/monica.fernandez/practica_creativa/venv-airflow/lib/python3.11/site-packages/airflow/example_dags/tutorial_taskflow_api.py took 0.425 seconds
[2025-06-11T17:25:52.219+0200] {processor.py:153} INFO - Started process (PID=165128) to work on /home/monica.fernandez/practica_creativa/venv-airflow/lib/python3.11/site-packages/airflow/example_dags/tutorial_taskflow_api.py
[2025-06-11T17:25:52.219+0200] {processor.py:743} INFO - Processing file /home/monica.fernandez/practica_creativa/venv-airflow/lib/python3.11/site-packages/airflow/example_dags/tutorial_taskflow_api.py for tasks to queue
[2025-06-11T17:25:52.220+0200] {logging_mixin.py:137} INFO - [2025-06-11T17:25:52.220+0200] {dagbag.py:538} INFO - Filling up the DagBag from /home/monica.fernandez/practica_creativa/venv-airflow/lib/python3.11/site-packages/airflow/example_dags/tutorial_taskflow_api.py
[2025-06-11T17:25:52.246+0200] {processor.py:753} INFO - DAG(s) dict_keys(['tutorial_taskflow_api']) retrieved from /home/monica.fernandez/practica_creativa/venv-airflow/lib/python3.11/site-packages/airflow/example_dags/tutorial_taskflow_api.py
[2025-06-11T17:25:52.272+0200] {logging_mixin.py:137} INFO - [2025-06-11T17:25:52.272+0200] {dag.py:2690} INFO - Sync 1 DAGs
[2025-06-11T17:25:52.304+0200] {logging_mixin.py:137} INFO - [2025-06-11T17:25:52.304+0200] {dag.py:3437} INFO - Setting next_dagrun for tutorial_taskflow_api to None, run_after=None
[2025-06-11T17:25:52.362+0200] {processor.py:175} INFO - Processing /home/monica.fernandez/practica_creativa/venv-airflow/lib/python3.11/site-packages/airflow/example_dags/tutorial_taskflow_api.py took 0.145 seconds
[2025-06-11T17:26:43.897+0200] {processor.py:153} INFO - Started process (PID=165606) to work on /home/monica.fernandez/practica_creativa/venv-airflow/lib/python3.11/site-packages/airflow/example_dags/tutorial_taskflow_api.py
[2025-06-11T17:26:43.898+0200] {processor.py:743} INFO - Processing file /home/monica.fernandez/practica_creativa/venv-airflow/lib/python3.11/site-packages/airflow/example_dags/tutorial_taskflow_api.py for tasks to queue
[2025-06-11T17:26:43.899+0200] {logging_mixin.py:137} INFO - [2025-06-11T17:26:43.899+0200] {dagbag.py:538} INFO - Filling up the DagBag from /home/monica.fernandez/practica_creativa/venv-airflow/lib/python3.11/site-packages/airflow/example_dags/tutorial_taskflow_api.py
[2025-06-11T17:26:43.932+0200] {processor.py:753} INFO - DAG(s) dict_keys(['tutorial_taskflow_api']) retrieved from /home/monica.fernandez/practica_creativa/venv-airflow/lib/python3.11/site-packages/airflow/example_dags/tutorial_taskflow_api.py
[2025-06-11T17:26:44.168+0200] {logging_mixin.py:137} INFO - [2025-06-11T17:26:44.168+0200] {dag.py:2690} INFO - Sync 1 DAGs
[2025-06-11T17:26:44.192+0200] {logging_mixin.py:137} INFO - [2025-06-11T17:26:44.192+0200] {dag.py:3437} INFO - Setting next_dagrun for tutorial_taskflow_api to None, run_after=None
[2025-06-11T17:26:44.249+0200] {processor.py:175} INFO - Processing /home/monica.fernandez/practica_creativa/venv-airflow/lib/python3.11/site-packages/airflow/example_dags/tutorial_taskflow_api.py took 0.355 seconds
[2025-06-11T17:27:42.220+0200] {processor.py:153} INFO - Started process (PID=166121) to work on /home/monica.fernandez/practica_creativa/venv-airflow/lib/python3.11/site-packages/airflow/example_dags/tutorial_taskflow_api.py
[2025-06-11T17:27:42.221+0200] {processor.py:743} INFO - Processing file /home/monica.fernandez/practica_creativa/venv-airflow/lib/python3.11/site-packages/airflow/example_dags/tutorial_taskflow_api.py for tasks to queue
[2025-06-11T17:27:42.222+0200] {logging_mixin.py:137} INFO - [2025-06-11T17:27:42.221+0200] {dagbag.py:538} INFO - Filling up the DagBag from /home/monica.fernandez/practica_creativa/venv-airflow/lib/python3.11/site-packages/airflow/example_dags/tutorial_taskflow_api.py
[2025-06-11T17:27:42.255+0200] {processor.py:753} INFO - DAG(s) dict_keys(['tutorial_taskflow_api']) retrieved from /home/monica.fernandez/practica_creativa/venv-airflow/lib/python3.11/site-packages/airflow/example_dags/tutorial_taskflow_api.py
[2025-06-11T17:27:42.300+0200] {logging_mixin.py:137} INFO - [2025-06-11T17:27:42.300+0200] {dag.py:2690} INFO - Sync 1 DAGs
[2025-06-11T17:27:42.331+0200] {logging_mixin.py:137} INFO - [2025-06-11T17:27:42.331+0200] {dag.py:3437} INFO - Setting next_dagrun for tutorial_taskflow_api to None, run_after=None
[2025-06-11T17:27:42.397+0200] {processor.py:175} INFO - Processing /home/monica.fernandez/practica_creativa/venv-airflow/lib/python3.11/site-packages/airflow/example_dags/tutorial_taskflow_api.py took 0.181 seconds
[2025-06-11T17:28:34.303+0200] {processor.py:153} INFO - Started process (PID=166590) to work on /home/monica.fernandez/practica_creativa/venv-airflow/lib/python3.11/site-packages/airflow/example_dags/tutorial_taskflow_api.py
[2025-06-11T17:28:34.304+0200] {processor.py:743} INFO - Processing file /home/monica.fernandez/practica_creativa/venv-airflow/lib/python3.11/site-packages/airflow/example_dags/tutorial_taskflow_api.py for tasks to queue
[2025-06-11T17:28:34.305+0200] {logging_mixin.py:137} INFO - [2025-06-11T17:28:34.304+0200] {dagbag.py:538} INFO - Filling up the DagBag from /home/monica.fernandez/practica_creativa/venv-airflow/lib/python3.11/site-packages/airflow/example_dags/tutorial_taskflow_api.py
[2025-06-11T17:28:34.367+0200] {processor.py:753} INFO - DAG(s) dict_keys(['tutorial_taskflow_api']) retrieved from /home/monica.fernandez/practica_creativa/venv-airflow/lib/python3.11/site-packages/airflow/example_dags/tutorial_taskflow_api.py
[2025-06-11T17:28:34.424+0200] {logging_mixin.py:137} INFO - [2025-06-11T17:28:34.423+0200] {dag.py:2690} INFO - Sync 1 DAGs
[2025-06-11T17:28:34.457+0200] {logging_mixin.py:137} INFO - [2025-06-11T17:28:34.457+0200] {dag.py:3437} INFO - Setting next_dagrun for tutorial_taskflow_api to None, run_after=None
[2025-06-11T17:28:34.742+0200] {processor.py:175} INFO - Processing /home/monica.fernandez/practica_creativa/venv-airflow/lib/python3.11/site-packages/airflow/example_dags/tutorial_taskflow_api.py took 0.443 seconds
[2025-06-11T17:29:26.602+0200] {processor.py:153} INFO - Started process (PID=167235) to work on /home/monica.fernandez/practica_creativa/venv-airflow/lib/python3.11/site-packages/airflow/example_dags/tutorial_taskflow_api.py
[2025-06-11T17:29:26.603+0200] {processor.py:743} INFO - Processing file /home/monica.fernandez/practica_creativa/venv-airflow/lib/python3.11/site-packages/airflow/example_dags/tutorial_taskflow_api.py for tasks to queue
[2025-06-11T17:29:26.604+0200] {logging_mixin.py:137} INFO - [2025-06-11T17:29:26.604+0200] {dagbag.py:538} INFO - Filling up the DagBag from /home/monica.fernandez/practica_creativa/venv-airflow/lib/python3.11/site-packages/airflow/example_dags/tutorial_taskflow_api.py
[2025-06-11T17:29:26.653+0200] {processor.py:753} INFO - DAG(s) dict_keys(['tutorial_taskflow_api']) retrieved from /home/monica.fernandez/practica_creativa/venv-airflow/lib/python3.11/site-packages/airflow/example_dags/tutorial_taskflow_api.py
[2025-06-11T17:29:26.702+0200] {logging_mixin.py:137} INFO - [2025-06-11T17:29:26.702+0200] {dag.py:2690} INFO - Sync 1 DAGs
[2025-06-11T17:29:26.738+0200] {logging_mixin.py:137} INFO - [2025-06-11T17:29:26.738+0200] {dag.py:3437} INFO - Setting next_dagrun for tutorial_taskflow_api to None, run_after=None
[2025-06-11T17:29:26.815+0200] {processor.py:175} INFO - Processing /home/monica.fernandez/practica_creativa/venv-airflow/lib/python3.11/site-packages/airflow/example_dags/tutorial_taskflow_api.py took 0.217 seconds
[2025-06-11T17:30:18.321+0200] {processor.py:153} INFO - Started process (PID=167680) to work on /home/monica.fernandez/practica_creativa/venv-airflow/lib/python3.11/site-packages/airflow/example_dags/tutorial_taskflow_api.py
[2025-06-11T17:30:18.322+0200] {processor.py:743} INFO - Processing file /home/monica.fernandez/practica_creativa/venv-airflow/lib/python3.11/site-packages/airflow/example_dags/tutorial_taskflow_api.py for tasks to queue
[2025-06-11T17:30:18.322+0200] {logging_mixin.py:137} INFO - [2025-06-11T17:30:18.322+0200] {dagbag.py:538} INFO - Filling up the DagBag from /home/monica.fernandez/practica_creativa/venv-airflow/lib/python3.11/site-packages/airflow/example_dags/tutorial_taskflow_api.py
[2025-06-11T17:30:18.358+0200] {processor.py:753} INFO - DAG(s) dict_keys(['tutorial_taskflow_api']) retrieved from /home/monica.fernandez/practica_creativa/venv-airflow/lib/python3.11/site-packages/airflow/example_dags/tutorial_taskflow_api.py
[2025-06-11T17:30:18.391+0200] {logging_mixin.py:137} INFO - [2025-06-11T17:30:18.391+0200] {dag.py:2690} INFO - Sync 1 DAGs
[2025-06-11T17:30:18.422+0200] {logging_mixin.py:137} INFO - [2025-06-11T17:30:18.422+0200] {dag.py:3437} INFO - Setting next_dagrun for tutorial_taskflow_api to None, run_after=None
[2025-06-11T17:30:18.483+0200] {processor.py:175} INFO - Processing /home/monica.fernandez/practica_creativa/venv-airflow/lib/python3.11/site-packages/airflow/example_dags/tutorial_taskflow_api.py took 0.167 seconds
[2025-06-11T17:31:07.989+0200] {processor.py:153} INFO - Started process (PID=168345) to work on /home/monica.fernandez/practica_creativa/venv-airflow/lib/python3.11/site-packages/airflow/example_dags/tutorial_taskflow_api.py
[2025-06-11T17:31:07.989+0200] {processor.py:743} INFO - Processing file /home/monica.fernandez/practica_creativa/venv-airflow/lib/python3.11/site-packages/airflow/example_dags/tutorial_taskflow_api.py for tasks to queue
[2025-06-11T17:31:07.990+0200] {logging_mixin.py:137} INFO - [2025-06-11T17:31:07.990+0200] {dagbag.py:538} INFO - Filling up the DagBag from /home/monica.fernandez/practica_creativa/venv-airflow/lib/python3.11/site-packages/airflow/example_dags/tutorial_taskflow_api.py
[2025-06-11T17:31:08.017+0200] {processor.py:753} INFO - DAG(s) dict_keys(['tutorial_taskflow_api']) retrieved from /home/monica.fernandez/practica_creativa/venv-airflow/lib/python3.11/site-packages/airflow/example_dags/tutorial_taskflow_api.py
[2025-06-11T17:31:08.044+0200] {logging_mixin.py:137} INFO - [2025-06-11T17:31:08.044+0200] {dag.py:2690} INFO - Sync 1 DAGs
[2025-06-11T17:31:08.070+0200] {logging_mixin.py:137} INFO - [2025-06-11T17:31:08.070+0200] {dag.py:3437} INFO - Setting next_dagrun for tutorial_taskflow_api to None, run_after=None
[2025-06-11T17:31:08.120+0200] {processor.py:175} INFO - Processing /home/monica.fernandez/practica_creativa/venv-airflow/lib/python3.11/site-packages/airflow/example_dags/tutorial_taskflow_api.py took 0.135 seconds
[2025-06-11T17:31:58.736+0200] {processor.py:153} INFO - Started process (PID=168788) to work on /home/monica.fernandez/practica_creativa/venv-airflow/lib/python3.11/site-packages/airflow/example_dags/tutorial_taskflow_api.py
[2025-06-11T17:31:58.737+0200] {processor.py:743} INFO - Processing file /home/monica.fernandez/practica_creativa/venv-airflow/lib/python3.11/site-packages/airflow/example_dags/tutorial_taskflow_api.py for tasks to queue
[2025-06-11T17:31:58.738+0200] {logging_mixin.py:137} INFO - [2025-06-11T17:31:58.738+0200] {dagbag.py:538} INFO - Filling up the DagBag from /home/monica.fernandez/practica_creativa/venv-airflow/lib/python3.11/site-packages/airflow/example_dags/tutorial_taskflow_api.py
[2025-06-11T17:31:58.771+0200] {processor.py:753} INFO - DAG(s) dict_keys(['tutorial_taskflow_api']) retrieved from /home/monica.fernandez/practica_creativa/venv-airflow/lib/python3.11/site-packages/airflow/example_dags/tutorial_taskflow_api.py
[2025-06-11T17:31:58.823+0200] {logging_mixin.py:137} INFO - [2025-06-11T17:31:58.822+0200] {dag.py:2690} INFO - Sync 1 DAGs
[2025-06-11T17:31:58.852+0200] {logging_mixin.py:137} INFO - [2025-06-11T17:31:58.852+0200] {dag.py:3437} INFO - Setting next_dagrun for tutorial_taskflow_api to None, run_after=None
[2025-06-11T17:31:58.925+0200] {processor.py:175} INFO - Processing /home/monica.fernandez/practica_creativa/venv-airflow/lib/python3.11/site-packages/airflow/example_dags/tutorial_taskflow_api.py took 0.192 seconds
[2025-06-11T17:32:57.669+0200] {processor.py:153} INFO - Started process (PID=169330) to work on /home/monica.fernandez/practica_creativa/venv-airflow/lib/python3.11/site-packages/airflow/example_dags/tutorial_taskflow_api.py
[2025-06-11T17:32:57.670+0200] {processor.py:743} INFO - Processing file /home/monica.fernandez/practica_creativa/venv-airflow/lib/python3.11/site-packages/airflow/example_dags/tutorial_taskflow_api.py for tasks to queue
[2025-06-11T17:32:57.670+0200] {logging_mixin.py:137} INFO - [2025-06-11T17:32:57.670+0200] {dagbag.py:538} INFO - Filling up the DagBag from /home/monica.fernandez/practica_creativa/venv-airflow/lib/python3.11/site-packages/airflow/example_dags/tutorial_taskflow_api.py
[2025-06-11T17:32:57.721+0200] {processor.py:753} INFO - DAG(s) dict_keys(['tutorial_taskflow_api']) retrieved from /home/monica.fernandez/practica_creativa/venv-airflow/lib/python3.11/site-packages/airflow/example_dags/tutorial_taskflow_api.py
[2025-06-11T17:32:57.781+0200] {logging_mixin.py:137} INFO - [2025-06-11T17:32:57.781+0200] {dag.py:2690} INFO - Sync 1 DAGs
[2025-06-11T17:32:57.808+0200] {logging_mixin.py:137} INFO - [2025-06-11T17:32:57.807+0200] {dag.py:3437} INFO - Setting next_dagrun for tutorial_taskflow_api to None, run_after=None
[2025-06-11T17:32:57.878+0200] {processor.py:175} INFO - Processing /home/monica.fernandez/practica_creativa/venv-airflow/lib/python3.11/site-packages/airflow/example_dags/tutorial_taskflow_api.py took 0.212 seconds
[2025-06-11T17:33:49.147+0200] {processor.py:153} INFO - Started process (PID=169790) to work on /home/monica.fernandez/practica_creativa/venv-airflow/lib/python3.11/site-packages/airflow/example_dags/tutorial_taskflow_api.py
[2025-06-11T17:33:49.148+0200] {processor.py:743} INFO - Processing file /home/monica.fernandez/practica_creativa/venv-airflow/lib/python3.11/site-packages/airflow/example_dags/tutorial_taskflow_api.py for tasks to queue
[2025-06-11T17:33:49.148+0200] {logging_mixin.py:137} INFO - [2025-06-11T17:33:49.148+0200] {dagbag.py:538} INFO - Filling up the DagBag from /home/monica.fernandez/practica_creativa/venv-airflow/lib/python3.11/site-packages/airflow/example_dags/tutorial_taskflow_api.py
[2025-06-11T17:33:49.197+0200] {processor.py:753} INFO - DAG(s) dict_keys(['tutorial_taskflow_api']) retrieved from /home/monica.fernandez/practica_creativa/venv-airflow/lib/python3.11/site-packages/airflow/example_dags/tutorial_taskflow_api.py
[2025-06-11T17:33:49.242+0200] {logging_mixin.py:137} INFO - [2025-06-11T17:33:49.242+0200] {dag.py:2690} INFO - Sync 1 DAGs
[2025-06-11T17:33:49.288+0200] {logging_mixin.py:137} INFO - [2025-06-11T17:33:49.288+0200] {dag.py:3437} INFO - Setting next_dagrun for tutorial_taskflow_api to None, run_after=None
[2025-06-11T17:33:49.399+0200] {processor.py:175} INFO - Processing /home/monica.fernandez/practica_creativa/venv-airflow/lib/python3.11/site-packages/airflow/example_dags/tutorial_taskflow_api.py took 0.257 seconds
[2025-06-11T17:34:39.376+0200] {processor.py:153} INFO - Started process (PID=170191) to work on /home/monica.fernandez/practica_creativa/venv-airflow/lib/python3.11/site-packages/airflow/example_dags/tutorial_taskflow_api.py
[2025-06-11T17:34:39.377+0200] {processor.py:743} INFO - Processing file /home/monica.fernandez/practica_creativa/venv-airflow/lib/python3.11/site-packages/airflow/example_dags/tutorial_taskflow_api.py for tasks to queue
[2025-06-11T17:34:39.377+0200] {logging_mixin.py:137} INFO - [2025-06-11T17:34:39.377+0200] {dagbag.py:538} INFO - Filling up the DagBag from /home/monica.fernandez/practica_creativa/venv-airflow/lib/python3.11/site-packages/airflow/example_dags/tutorial_taskflow_api.py
[2025-06-11T17:34:39.407+0200] {processor.py:753} INFO - DAG(s) dict_keys(['tutorial_taskflow_api']) retrieved from /home/monica.fernandez/practica_creativa/venv-airflow/lib/python3.11/site-packages/airflow/example_dags/tutorial_taskflow_api.py
[2025-06-11T17:34:39.436+0200] {logging_mixin.py:137} INFO - [2025-06-11T17:34:39.436+0200] {dag.py:2690} INFO - Sync 1 DAGs
[2025-06-11T17:34:39.468+0200] {logging_mixin.py:137} INFO - [2025-06-11T17:34:39.468+0200] {dag.py:3437} INFO - Setting next_dagrun for tutorial_taskflow_api to None, run_after=None
[2025-06-11T17:34:39.531+0200] {processor.py:175} INFO - Processing /home/monica.fernandez/practica_creativa/venv-airflow/lib/python3.11/site-packages/airflow/example_dags/tutorial_taskflow_api.py took 0.157 seconds
[2025-06-11T17:35:01.115+0200] {processor.py:153} INFO - Started process (PID=170410) to work on /home/monica.fernandez/practica_creativa/venv-airflow/lib/python3.11/site-packages/airflow/example_dags/tutorial_taskflow_api.py
[2025-06-11T17:35:01.115+0200] {processor.py:743} INFO - Processing file /home/monica.fernandez/practica_creativa/venv-airflow/lib/python3.11/site-packages/airflow/example_dags/tutorial_taskflow_api.py for tasks to queue
[2025-06-11T17:35:01.122+0200] {logging_mixin.py:137} INFO - [2025-06-11T17:35:01.121+0200] {dagbag.py:538} INFO - Filling up the DagBag from /home/monica.fernandez/practica_creativa/venv-airflow/lib/python3.11/site-packages/airflow/example_dags/tutorial_taskflow_api.py
[2025-06-11T17:35:01.181+0200] {processor.py:753} INFO - DAG(s) dict_keys(['tutorial_taskflow_api']) retrieved from /home/monica.fernandez/practica_creativa/venv-airflow/lib/python3.11/site-packages/airflow/example_dags/tutorial_taskflow_api.py
[2025-06-11T17:35:01.229+0200] {logging_mixin.py:137} INFO - [2025-06-11T17:35:01.229+0200] {dag.py:2690} INFO - Sync 1 DAGs
[2025-06-11T17:35:01.279+0200] {logging_mixin.py:137} INFO - [2025-06-11T17:35:01.279+0200] {dag.py:3437} INFO - Setting next_dagrun for tutorial_taskflow_api to None, run_after=None
[2025-06-11T17:35:01.350+0200] {processor.py:175} INFO - Processing /home/monica.fernandez/practica_creativa/venv-airflow/lib/python3.11/site-packages/airflow/example_dags/tutorial_taskflow_api.py took 0.238 seconds
[2025-06-11T17:35:59.617+0200] {processor.py:153} INFO - Started process (PID=170993) to work on /home/monica.fernandez/practica_creativa/venv-airflow/lib/python3.11/site-packages/airflow/example_dags/tutorial_taskflow_api.py
[2025-06-11T17:35:59.618+0200] {processor.py:743} INFO - Processing file /home/monica.fernandez/practica_creativa/venv-airflow/lib/python3.11/site-packages/airflow/example_dags/tutorial_taskflow_api.py for tasks to queue
[2025-06-11T17:35:59.619+0200] {logging_mixin.py:137} INFO - [2025-06-11T17:35:59.619+0200] {dagbag.py:538} INFO - Filling up the DagBag from /home/monica.fernandez/practica_creativa/venv-airflow/lib/python3.11/site-packages/airflow/example_dags/tutorial_taskflow_api.py
[2025-06-11T17:35:59.653+0200] {processor.py:753} INFO - DAG(s) dict_keys(['tutorial_taskflow_api']) retrieved from /home/monica.fernandez/practica_creativa/venv-airflow/lib/python3.11/site-packages/airflow/example_dags/tutorial_taskflow_api.py
[2025-06-11T17:35:59.679+0200] {logging_mixin.py:137} INFO - [2025-06-11T17:35:59.679+0200] {dag.py:2690} INFO - Sync 1 DAGs
[2025-06-11T17:35:59.703+0200] {logging_mixin.py:137} INFO - [2025-06-11T17:35:59.703+0200] {dag.py:3437} INFO - Setting next_dagrun for tutorial_taskflow_api to None, run_after=None
[2025-06-11T17:35:59.759+0200] {processor.py:175} INFO - Processing /home/monica.fernandez/practica_creativa/venv-airflow/lib/python3.11/site-packages/airflow/example_dags/tutorial_taskflow_api.py took 0.147 seconds
[2025-06-11T17:36:50.490+0200] {processor.py:153} INFO - Started process (PID=171579) to work on /home/monica.fernandez/practica_creativa/venv-airflow/lib/python3.11/site-packages/airflow/example_dags/tutorial_taskflow_api.py
[2025-06-11T17:36:50.491+0200] {processor.py:743} INFO - Processing file /home/monica.fernandez/practica_creativa/venv-airflow/lib/python3.11/site-packages/airflow/example_dags/tutorial_taskflow_api.py for tasks to queue
[2025-06-11T17:36:50.491+0200] {logging_mixin.py:137} INFO - [2025-06-11T17:36:50.491+0200] {dagbag.py:538} INFO - Filling up the DagBag from /home/monica.fernandez/practica_creativa/venv-airflow/lib/python3.11/site-packages/airflow/example_dags/tutorial_taskflow_api.py
[2025-06-11T17:36:50.522+0200] {processor.py:753} INFO - DAG(s) dict_keys(['tutorial_taskflow_api']) retrieved from /home/monica.fernandez/practica_creativa/venv-airflow/lib/python3.11/site-packages/airflow/example_dags/tutorial_taskflow_api.py
[2025-06-11T17:36:50.557+0200] {logging_mixin.py:137} INFO - [2025-06-11T17:36:50.557+0200] {dag.py:2690} INFO - Sync 1 DAGs
[2025-06-11T17:36:50.585+0200] {logging_mixin.py:137} INFO - [2025-06-11T17:36:50.584+0200] {dag.py:3437} INFO - Setting next_dagrun for tutorial_taskflow_api to None, run_after=None
[2025-06-11T17:36:50.640+0200] {processor.py:175} INFO - Processing /home/monica.fernandez/practica_creativa/venv-airflow/lib/python3.11/site-packages/airflow/example_dags/tutorial_taskflow_api.py took 0.153 seconds
[2025-06-11T17:37:43.254+0200] {processor.py:153} INFO - Started process (PID=172038) to work on /home/monica.fernandez/practica_creativa/venv-airflow/lib/python3.11/site-packages/airflow/example_dags/tutorial_taskflow_api.py
[2025-06-11T17:37:43.255+0200] {processor.py:743} INFO - Processing file /home/monica.fernandez/practica_creativa/venv-airflow/lib/python3.11/site-packages/airflow/example_dags/tutorial_taskflow_api.py for tasks to queue
[2025-06-11T17:37:43.256+0200] {logging_mixin.py:137} INFO - [2025-06-11T17:37:43.255+0200] {dagbag.py:538} INFO - Filling up the DagBag from /home/monica.fernandez/practica_creativa/venv-airflow/lib/python3.11/site-packages/airflow/example_dags/tutorial_taskflow_api.py
[2025-06-11T17:37:43.285+0200] {processor.py:753} INFO - DAG(s) dict_keys(['tutorial_taskflow_api']) retrieved from /home/monica.fernandez/practica_creativa/venv-airflow/lib/python3.11/site-packages/airflow/example_dags/tutorial_taskflow_api.py
[2025-06-11T17:37:43.313+0200] {logging_mixin.py:137} INFO - [2025-06-11T17:37:43.313+0200] {dag.py:2690} INFO - Sync 1 DAGs
[2025-06-11T17:37:43.342+0200] {logging_mixin.py:137} INFO - [2025-06-11T17:37:43.341+0200] {dag.py:3437} INFO - Setting next_dagrun for tutorial_taskflow_api to None, run_after=None
[2025-06-11T17:37:43.402+0200] {processor.py:175} INFO - Processing /home/monica.fernandez/practica_creativa/venv-airflow/lib/python3.11/site-packages/airflow/example_dags/tutorial_taskflow_api.py took 0.151 seconds
[2025-06-11T17:38:43.301+0200] {processor.py:153} INFO - Started process (PID=172627) to work on /home/monica.fernandez/practica_creativa/venv-airflow/lib/python3.11/site-packages/airflow/example_dags/tutorial_taskflow_api.py
[2025-06-11T17:38:43.302+0200] {processor.py:743} INFO - Processing file /home/monica.fernandez/practica_creativa/venv-airflow/lib/python3.11/site-packages/airflow/example_dags/tutorial_taskflow_api.py for tasks to queue
[2025-06-11T17:38:43.303+0200] {logging_mixin.py:137} INFO - [2025-06-11T17:38:43.303+0200] {dagbag.py:538} INFO - Filling up the DagBag from /home/monica.fernandez/practica_creativa/venv-airflow/lib/python3.11/site-packages/airflow/example_dags/tutorial_taskflow_api.py
[2025-06-11T17:38:43.331+0200] {processor.py:753} INFO - DAG(s) dict_keys(['tutorial_taskflow_api']) retrieved from /home/monica.fernandez/practica_creativa/venv-airflow/lib/python3.11/site-packages/airflow/example_dags/tutorial_taskflow_api.py
[2025-06-11T17:38:43.360+0200] {logging_mixin.py:137} INFO - [2025-06-11T17:38:43.360+0200] {dag.py:2690} INFO - Sync 1 DAGs
[2025-06-11T17:38:43.388+0200] {logging_mixin.py:137} INFO - [2025-06-11T17:38:43.388+0200] {dag.py:3437} INFO - Setting next_dagrun for tutorial_taskflow_api to None, run_after=None
[2025-06-11T17:38:43.447+0200] {processor.py:175} INFO - Processing /home/monica.fernandez/practica_creativa/venv-airflow/lib/python3.11/site-packages/airflow/example_dags/tutorial_taskflow_api.py took 0.148 seconds
[2025-06-11T17:39:36.776+0200] {processor.py:153} INFO - Started process (PID=173147) to work on /home/monica.fernandez/practica_creativa/venv-airflow/lib/python3.11/site-packages/airflow/example_dags/tutorial_taskflow_api.py
[2025-06-11T17:39:36.777+0200] {processor.py:743} INFO - Processing file /home/monica.fernandez/practica_creativa/venv-airflow/lib/python3.11/site-packages/airflow/example_dags/tutorial_taskflow_api.py for tasks to queue
[2025-06-11T17:39:36.778+0200] {logging_mixin.py:137} INFO - [2025-06-11T17:39:36.778+0200] {dagbag.py:538} INFO - Filling up the DagBag from /home/monica.fernandez/practica_creativa/venv-airflow/lib/python3.11/site-packages/airflow/example_dags/tutorial_taskflow_api.py
[2025-06-11T17:39:36.835+0200] {processor.py:753} INFO - DAG(s) dict_keys(['tutorial_taskflow_api']) retrieved from /home/monica.fernandez/practica_creativa/venv-airflow/lib/python3.11/site-packages/airflow/example_dags/tutorial_taskflow_api.py
[2025-06-11T17:39:36.885+0200] {logging_mixin.py:137} INFO - [2025-06-11T17:39:36.885+0200] {dag.py:2690} INFO - Sync 1 DAGs
[2025-06-11T17:39:36.934+0200] {logging_mixin.py:137} INFO - [2025-06-11T17:39:36.934+0200] {dag.py:3437} INFO - Setting next_dagrun for tutorial_taskflow_api to None, run_after=None
[2025-06-11T17:39:37.084+0200] {processor.py:175} INFO - Processing /home/monica.fernandez/practica_creativa/venv-airflow/lib/python3.11/site-packages/airflow/example_dags/tutorial_taskflow_api.py took 0.314 seconds
[2025-06-11T17:40:45.132+0200] {processor.py:153} INFO - Started process (PID=173776) to work on /home/monica.fernandez/practica_creativa/venv-airflow/lib/python3.11/site-packages/airflow/example_dags/tutorial_taskflow_api.py
[2025-06-11T17:40:45.133+0200] {processor.py:743} INFO - Processing file /home/monica.fernandez/practica_creativa/venv-airflow/lib/python3.11/site-packages/airflow/example_dags/tutorial_taskflow_api.py for tasks to queue
[2025-06-11T17:40:45.135+0200] {logging_mixin.py:137} INFO - [2025-06-11T17:40:45.134+0200] {dagbag.py:538} INFO - Filling up the DagBag from /home/monica.fernandez/practica_creativa/venv-airflow/lib/python3.11/site-packages/airflow/example_dags/tutorial_taskflow_api.py
[2025-06-11T17:40:45.241+0200] {processor.py:753} INFO - DAG(s) dict_keys(['tutorial_taskflow_api']) retrieved from /home/monica.fernandez/practica_creativa/venv-airflow/lib/python3.11/site-packages/airflow/example_dags/tutorial_taskflow_api.py
[2025-06-11T17:40:45.315+0200] {logging_mixin.py:137} INFO - [2025-06-11T17:40:45.315+0200] {dag.py:2690} INFO - Sync 1 DAGs
[2025-06-11T17:40:45.396+0200] {logging_mixin.py:137} INFO - [2025-06-11T17:40:45.395+0200] {dag.py:3437} INFO - Setting next_dagrun for tutorial_taskflow_api to None, run_after=None
[2025-06-11T17:40:45.540+0200] {processor.py:175} INFO - Processing /home/monica.fernandez/practica_creativa/venv-airflow/lib/python3.11/site-packages/airflow/example_dags/tutorial_taskflow_api.py took 0.413 seconds
[2025-06-11T17:41:41.437+0200] {processor.py:153} INFO - Started process (PID=174246) to work on /home/monica.fernandez/practica_creativa/venv-airflow/lib/python3.11/site-packages/airflow/example_dags/tutorial_taskflow_api.py
[2025-06-11T17:41:41.438+0200] {processor.py:743} INFO - Processing file /home/monica.fernandez/practica_creativa/venv-airflow/lib/python3.11/site-packages/airflow/example_dags/tutorial_taskflow_api.py for tasks to queue
[2025-06-11T17:41:41.438+0200] {logging_mixin.py:137} INFO - [2025-06-11T17:41:41.438+0200] {dagbag.py:538} INFO - Filling up the DagBag from /home/monica.fernandez/practica_creativa/venv-airflow/lib/python3.11/site-packages/airflow/example_dags/tutorial_taskflow_api.py
[2025-06-11T17:41:41.487+0200] {processor.py:753} INFO - DAG(s) dict_keys(['tutorial_taskflow_api']) retrieved from /home/monica.fernandez/practica_creativa/venv-airflow/lib/python3.11/site-packages/airflow/example_dags/tutorial_taskflow_api.py
[2025-06-11T17:41:41.529+0200] {logging_mixin.py:137} INFO - [2025-06-11T17:41:41.529+0200] {dag.py:2690} INFO - Sync 1 DAGs
[2025-06-11T17:41:41.570+0200] {logging_mixin.py:137} INFO - [2025-06-11T17:41:41.570+0200] {dag.py:3437} INFO - Setting next_dagrun for tutorial_taskflow_api to None, run_after=None
[2025-06-11T17:41:41.668+0200] {processor.py:175} INFO - Processing /home/monica.fernandez/practica_creativa/venv-airflow/lib/python3.11/site-packages/airflow/example_dags/tutorial_taskflow_api.py took 0.239 seconds
[2025-06-11T17:42:49.295+0200] {processor.py:153} INFO - Started process (PID=174954) to work on /home/monica.fernandez/practica_creativa/venv-airflow/lib/python3.11/site-packages/airflow/example_dags/tutorial_taskflow_api.py
[2025-06-11T17:42:49.295+0200] {processor.py:743} INFO - Processing file /home/monica.fernandez/practica_creativa/venv-airflow/lib/python3.11/site-packages/airflow/example_dags/tutorial_taskflow_api.py for tasks to queue
[2025-06-11T17:42:49.296+0200] {logging_mixin.py:137} INFO - [2025-06-11T17:42:49.296+0200] {dagbag.py:538} INFO - Filling up the DagBag from /home/monica.fernandez/practica_creativa/venv-airflow/lib/python3.11/site-packages/airflow/example_dags/tutorial_taskflow_api.py
[2025-06-11T17:42:49.329+0200] {processor.py:753} INFO - DAG(s) dict_keys(['tutorial_taskflow_api']) retrieved from /home/monica.fernandez/practica_creativa/venv-airflow/lib/python3.11/site-packages/airflow/example_dags/tutorial_taskflow_api.py
[2025-06-11T17:42:49.358+0200] {logging_mixin.py:137} INFO - [2025-06-11T17:42:49.358+0200] {dag.py:2690} INFO - Sync 1 DAGs
[2025-06-11T17:42:49.388+0200] {logging_mixin.py:137} INFO - [2025-06-11T17:42:49.387+0200] {dag.py:3437} INFO - Setting next_dagrun for tutorial_taskflow_api to None, run_after=None
[2025-06-11T17:42:49.463+0200] {processor.py:175} INFO - Processing /home/monica.fernandez/practica_creativa/venv-airflow/lib/python3.11/site-packages/airflow/example_dags/tutorial_taskflow_api.py took 0.171 seconds
[2025-06-11T17:43:54.092+0200] {processor.py:153} INFO - Started process (PID=175581) to work on /home/monica.fernandez/practica_creativa/venv-airflow/lib/python3.11/site-packages/airflow/example_dags/tutorial_taskflow_api.py
[2025-06-11T17:43:54.092+0200] {processor.py:743} INFO - Processing file /home/monica.fernandez/practica_creativa/venv-airflow/lib/python3.11/site-packages/airflow/example_dags/tutorial_taskflow_api.py for tasks to queue
[2025-06-11T17:43:54.093+0200] {logging_mixin.py:137} INFO - [2025-06-11T17:43:54.093+0200] {dagbag.py:538} INFO - Filling up the DagBag from /home/monica.fernandez/practica_creativa/venv-airflow/lib/python3.11/site-packages/airflow/example_dags/tutorial_taskflow_api.py
[2025-06-11T17:43:54.122+0200] {processor.py:753} INFO - DAG(s) dict_keys(['tutorial_taskflow_api']) retrieved from /home/monica.fernandez/practica_creativa/venv-airflow/lib/python3.11/site-packages/airflow/example_dags/tutorial_taskflow_api.py
[2025-06-11T17:43:54.151+0200] {logging_mixin.py:137} INFO - [2025-06-11T17:43:54.151+0200] {dag.py:2690} INFO - Sync 1 DAGs
[2025-06-11T17:43:54.183+0200] {logging_mixin.py:137} INFO - [2025-06-11T17:43:54.183+0200] {dag.py:3437} INFO - Setting next_dagrun for tutorial_taskflow_api to None, run_after=None
[2025-06-11T17:43:54.256+0200] {processor.py:175} INFO - Processing /home/monica.fernandez/practica_creativa/venv-airflow/lib/python3.11/site-packages/airflow/example_dags/tutorial_taskflow_api.py took 0.168 seconds
[2025-06-11T17:44:45.250+0200] {processor.py:153} INFO - Started process (PID=176018) to work on /home/monica.fernandez/practica_creativa/venv-airflow/lib/python3.11/site-packages/airflow/example_dags/tutorial_taskflow_api.py
[2025-06-11T17:44:45.252+0200] {processor.py:743} INFO - Processing file /home/monica.fernandez/practica_creativa/venv-airflow/lib/python3.11/site-packages/airflow/example_dags/tutorial_taskflow_api.py for tasks to queue
[2025-06-11T17:44:45.254+0200] {logging_mixin.py:137} INFO - [2025-06-11T17:44:45.254+0200] {dagbag.py:538} INFO - Filling up the DagBag from /home/monica.fernandez/practica_creativa/venv-airflow/lib/python3.11/site-packages/airflow/example_dags/tutorial_taskflow_api.py
[2025-06-11T17:44:45.318+0200] {processor.py:753} INFO - DAG(s) dict_keys(['tutorial_taskflow_api']) retrieved from /home/monica.fernandez/practica_creativa/venv-airflow/lib/python3.11/site-packages/airflow/example_dags/tutorial_taskflow_api.py
[2025-06-11T17:44:45.374+0200] {logging_mixin.py:137} INFO - [2025-06-11T17:44:45.373+0200] {dag.py:2690} INFO - Sync 1 DAGs
[2025-06-11T17:44:45.419+0200] {logging_mixin.py:137} INFO - [2025-06-11T17:44:45.419+0200] {dag.py:3437} INFO - Setting next_dagrun for tutorial_taskflow_api to None, run_after=None
[2025-06-11T17:44:45.500+0200] {processor.py:175} INFO - Processing /home/monica.fernandez/practica_creativa/venv-airflow/lib/python3.11/site-packages/airflow/example_dags/tutorial_taskflow_api.py took 0.253 seconds
[2025-06-11T17:45:05.412+0200] {processor.py:153} INFO - Started process (PID=176200) to work on /home/monica.fernandez/practica_creativa/venv-airflow/lib/python3.11/site-packages/airflow/example_dags/tutorial_taskflow_api.py
[2025-06-11T17:45:05.414+0200] {processor.py:743} INFO - Processing file /home/monica.fernandez/practica_creativa/venv-airflow/lib/python3.11/site-packages/airflow/example_dags/tutorial_taskflow_api.py for tasks to queue
[2025-06-11T17:45:05.425+0200] {logging_mixin.py:137} INFO - [2025-06-11T17:45:05.419+0200] {dagbag.py:538} INFO - Filling up the DagBag from /home/monica.fernandez/practica_creativa/venv-airflow/lib/python3.11/site-packages/airflow/example_dags/tutorial_taskflow_api.py
[2025-06-11T17:45:05.473+0200] {processor.py:753} INFO - DAG(s) dict_keys(['tutorial_taskflow_api']) retrieved from /home/monica.fernandez/practica_creativa/venv-airflow/lib/python3.11/site-packages/airflow/example_dags/tutorial_taskflow_api.py
[2025-06-11T17:45:05.525+0200] {logging_mixin.py:137} INFO - [2025-06-11T17:45:05.525+0200] {dag.py:2690} INFO - Sync 1 DAGs
[2025-06-11T17:45:05.577+0200] {logging_mixin.py:137} INFO - [2025-06-11T17:45:05.577+0200] {dag.py:3437} INFO - Setting next_dagrun for tutorial_taskflow_api to None, run_after=None
[2025-06-11T17:45:05.689+0200] {processor.py:175} INFO - Processing /home/monica.fernandez/practica_creativa/venv-airflow/lib/python3.11/site-packages/airflow/example_dags/tutorial_taskflow_api.py took 0.282 seconds
[2025-06-11T17:46:20.527+0200] {processor.py:153} INFO - Started process (PID=177103) to work on /home/monica.fernandez/practica_creativa/venv-airflow/lib/python3.11/site-packages/airflow/example_dags/tutorial_taskflow_api.py
[2025-06-11T17:46:20.528+0200] {processor.py:743} INFO - Processing file /home/monica.fernandez/practica_creativa/venv-airflow/lib/python3.11/site-packages/airflow/example_dags/tutorial_taskflow_api.py for tasks to queue
[2025-06-11T17:46:20.529+0200] {logging_mixin.py:137} INFO - [2025-06-11T17:46:20.529+0200] {dagbag.py:538} INFO - Filling up the DagBag from /home/monica.fernandez/practica_creativa/venv-airflow/lib/python3.11/site-packages/airflow/example_dags/tutorial_taskflow_api.py
[2025-06-11T17:46:20.593+0200] {processor.py:753} INFO - DAG(s) dict_keys(['tutorial_taskflow_api']) retrieved from /home/monica.fernandez/practica_creativa/venv-airflow/lib/python3.11/site-packages/airflow/example_dags/tutorial_taskflow_api.py
[2025-06-11T17:46:20.639+0200] {logging_mixin.py:137} INFO - [2025-06-11T17:46:20.639+0200] {dag.py:2690} INFO - Sync 1 DAGs
[2025-06-11T17:46:20.678+0200] {logging_mixin.py:137} INFO - [2025-06-11T17:46:20.677+0200] {dag.py:3437} INFO - Setting next_dagrun for tutorial_taskflow_api to None, run_after=None
[2025-06-11T17:46:20.753+0200] {processor.py:175} INFO - Processing /home/monica.fernandez/practica_creativa/venv-airflow/lib/python3.11/site-packages/airflow/example_dags/tutorial_taskflow_api.py took 0.236 seconds
[2025-06-11T17:47:17.090+0200] {processor.py:153} INFO - Started process (PID=177519) to work on /home/monica.fernandez/practica_creativa/venv-airflow/lib/python3.11/site-packages/airflow/example_dags/tutorial_taskflow_api.py
[2025-06-11T17:47:17.092+0200] {processor.py:743} INFO - Processing file /home/monica.fernandez/practica_creativa/venv-airflow/lib/python3.11/site-packages/airflow/example_dags/tutorial_taskflow_api.py for tasks to queue
[2025-06-11T17:47:17.092+0200] {logging_mixin.py:137} INFO - [2025-06-11T17:47:17.092+0200] {dagbag.py:538} INFO - Filling up the DagBag from /home/monica.fernandez/practica_creativa/venv-airflow/lib/python3.11/site-packages/airflow/example_dags/tutorial_taskflow_api.py
[2025-06-11T17:47:17.163+0200] {processor.py:753} INFO - DAG(s) dict_keys(['tutorial_taskflow_api']) retrieved from /home/monica.fernandez/practica_creativa/venv-airflow/lib/python3.11/site-packages/airflow/example_dags/tutorial_taskflow_api.py
[2025-06-11T17:47:17.198+0200] {logging_mixin.py:137} INFO - [2025-06-11T17:47:17.198+0200] {dag.py:2690} INFO - Sync 1 DAGs
[2025-06-11T17:47:17.240+0200] {logging_mixin.py:137} INFO - [2025-06-11T17:47:17.240+0200] {dag.py:3437} INFO - Setting next_dagrun for tutorial_taskflow_api to None, run_after=None
[2025-06-11T17:47:17.322+0200] {processor.py:175} INFO - Processing /home/monica.fernandez/practica_creativa/venv-airflow/lib/python3.11/site-packages/airflow/example_dags/tutorial_taskflow_api.py took 0.237 seconds
[2025-06-11T17:48:10.659+0200] {processor.py:153} INFO - Started process (PID=177924) to work on /home/monica.fernandez/practica_creativa/venv-airflow/lib/python3.11/site-packages/airflow/example_dags/tutorial_taskflow_api.py
[2025-06-11T17:48:10.659+0200] {processor.py:743} INFO - Processing file /home/monica.fernandez/practica_creativa/venv-airflow/lib/python3.11/site-packages/airflow/example_dags/tutorial_taskflow_api.py for tasks to queue
[2025-06-11T17:48:10.660+0200] {logging_mixin.py:137} INFO - [2025-06-11T17:48:10.659+0200] {dagbag.py:538} INFO - Filling up the DagBag from /home/monica.fernandez/practica_creativa/venv-airflow/lib/python3.11/site-packages/airflow/example_dags/tutorial_taskflow_api.py
[2025-06-11T17:48:10.690+0200] {processor.py:753} INFO - DAG(s) dict_keys(['tutorial_taskflow_api']) retrieved from /home/monica.fernandez/practica_creativa/venv-airflow/lib/python3.11/site-packages/airflow/example_dags/tutorial_taskflow_api.py
[2025-06-11T17:48:10.721+0200] {logging_mixin.py:137} INFO - [2025-06-11T17:48:10.720+0200] {dag.py:2690} INFO - Sync 1 DAGs
[2025-06-11T17:48:10.747+0200] {logging_mixin.py:137} INFO - [2025-06-11T17:48:10.747+0200] {dag.py:3437} INFO - Setting next_dagrun for tutorial_taskflow_api to None, run_after=None
[2025-06-11T17:48:10.800+0200] {processor.py:175} INFO - Processing /home/monica.fernandez/practica_creativa/venv-airflow/lib/python3.11/site-packages/airflow/example_dags/tutorial_taskflow_api.py took 0.144 seconds
[2025-06-11T17:51:40.301+0200] {processor.py:153} INFO - Started process (PID=180664) to work on /home/monica.fernandez/practica_creativa/venv-airflow/lib/python3.11/site-packages/airflow/example_dags/tutorial_taskflow_api.py
[2025-06-11T17:51:40.302+0200] {processor.py:743} INFO - Processing file /home/monica.fernandez/practica_creativa/venv-airflow/lib/python3.11/site-packages/airflow/example_dags/tutorial_taskflow_api.py for tasks to queue
[2025-06-11T17:51:40.302+0200] {logging_mixin.py:137} INFO - [2025-06-11T17:51:40.302+0200] {dagbag.py:538} INFO - Filling up the DagBag from /home/monica.fernandez/practica_creativa/venv-airflow/lib/python3.11/site-packages/airflow/example_dags/tutorial_taskflow_api.py
[2025-06-11T17:51:40.335+0200] {processor.py:753} INFO - DAG(s) dict_keys(['tutorial_taskflow_api']) retrieved from /home/monica.fernandez/practica_creativa/venv-airflow/lib/python3.11/site-packages/airflow/example_dags/tutorial_taskflow_api.py
[2025-06-11T17:51:40.370+0200] {logging_mixin.py:137} INFO - [2025-06-11T17:51:40.370+0200] {dag.py:2690} INFO - Sync 1 DAGs
[2025-06-11T17:51:40.414+0200] {logging_mixin.py:137} INFO - [2025-06-11T17:51:40.414+0200] {dag.py:3437} INFO - Setting next_dagrun for tutorial_taskflow_api to None, run_after=None
[2025-06-11T17:51:40.487+0200] {processor.py:175} INFO - Processing /home/monica.fernandez/practica_creativa/venv-airflow/lib/python3.11/site-packages/airflow/example_dags/tutorial_taskflow_api.py took 0.206 seconds
[2025-06-11T17:52:47.446+0200] {processor.py:153} INFO - Started process (PID=181348) to work on /home/monica.fernandez/practica_creativa/venv-airflow/lib/python3.11/site-packages/airflow/example_dags/tutorial_taskflow_api.py
[2025-06-11T17:52:47.447+0200] {processor.py:743} INFO - Processing file /home/monica.fernandez/practica_creativa/venv-airflow/lib/python3.11/site-packages/airflow/example_dags/tutorial_taskflow_api.py for tasks to queue
[2025-06-11T17:52:47.447+0200] {logging_mixin.py:137} INFO - [2025-06-11T17:52:47.447+0200] {dagbag.py:538} INFO - Filling up the DagBag from /home/monica.fernandez/practica_creativa/venv-airflow/lib/python3.11/site-packages/airflow/example_dags/tutorial_taskflow_api.py
[2025-06-11T17:52:47.481+0200] {processor.py:753} INFO - DAG(s) dict_keys(['tutorial_taskflow_api']) retrieved from /home/monica.fernandez/practica_creativa/venv-airflow/lib/python3.11/site-packages/airflow/example_dags/tutorial_taskflow_api.py
[2025-06-11T17:52:47.522+0200] {logging_mixin.py:137} INFO - [2025-06-11T17:52:47.522+0200] {dag.py:2690} INFO - Sync 1 DAGs
[2025-06-11T17:52:47.559+0200] {logging_mixin.py:137} INFO - [2025-06-11T17:52:47.559+0200] {dag.py:3437} INFO - Setting next_dagrun for tutorial_taskflow_api to None, run_after=None
[2025-06-11T17:52:47.723+0200] {processor.py:175} INFO - Processing /home/monica.fernandez/practica_creativa/venv-airflow/lib/python3.11/site-packages/airflow/example_dags/tutorial_taskflow_api.py took 0.280 seconds
[2025-06-11T17:53:41.728+0200] {processor.py:153} INFO - Started process (PID=181839) to work on /home/monica.fernandez/practica_creativa/venv-airflow/lib/python3.11/site-packages/airflow/example_dags/tutorial_taskflow_api.py
[2025-06-11T17:53:41.729+0200] {processor.py:743} INFO - Processing file /home/monica.fernandez/practica_creativa/venv-airflow/lib/python3.11/site-packages/airflow/example_dags/tutorial_taskflow_api.py for tasks to queue
[2025-06-11T17:53:41.729+0200] {logging_mixin.py:137} INFO - [2025-06-11T17:53:41.729+0200] {dagbag.py:538} INFO - Filling up the DagBag from /home/monica.fernandez/practica_creativa/venv-airflow/lib/python3.11/site-packages/airflow/example_dags/tutorial_taskflow_api.py
[2025-06-11T17:53:41.875+0200] {processor.py:753} INFO - DAG(s) dict_keys(['tutorial_taskflow_api']) retrieved from /home/monica.fernandez/practica_creativa/venv-airflow/lib/python3.11/site-packages/airflow/example_dags/tutorial_taskflow_api.py
[2025-06-11T17:53:42.027+0200] {logging_mixin.py:137} INFO - [2025-06-11T17:53:42.027+0200] {dag.py:2690} INFO - Sync 1 DAGs
[2025-06-11T17:53:42.135+0200] {logging_mixin.py:137} INFO - [2025-06-11T17:53:42.135+0200] {dag.py:3437} INFO - Setting next_dagrun for tutorial_taskflow_api to None, run_after=None
[2025-06-11T17:53:42.282+0200] {processor.py:175} INFO - Processing /home/monica.fernandez/practica_creativa/venv-airflow/lib/python3.11/site-packages/airflow/example_dags/tutorial_taskflow_api.py took 0.565 seconds
[2025-06-11T17:54:36.409+0200] {processor.py:153} INFO - Started process (PID=182377) to work on /home/monica.fernandez/practica_creativa/venv-airflow/lib/python3.11/site-packages/airflow/example_dags/tutorial_taskflow_api.py
[2025-06-11T17:54:36.410+0200] {processor.py:743} INFO - Processing file /home/monica.fernandez/practica_creativa/venv-airflow/lib/python3.11/site-packages/airflow/example_dags/tutorial_taskflow_api.py for tasks to queue
[2025-06-11T17:54:36.410+0200] {logging_mixin.py:137} INFO - [2025-06-11T17:54:36.410+0200] {dagbag.py:538} INFO - Filling up the DagBag from /home/monica.fernandez/practica_creativa/venv-airflow/lib/python3.11/site-packages/airflow/example_dags/tutorial_taskflow_api.py
[2025-06-11T17:54:36.445+0200] {processor.py:753} INFO - DAG(s) dict_keys(['tutorial_taskflow_api']) retrieved from /home/monica.fernandez/practica_creativa/venv-airflow/lib/python3.11/site-packages/airflow/example_dags/tutorial_taskflow_api.py
[2025-06-11T17:54:36.473+0200] {logging_mixin.py:137} INFO - [2025-06-11T17:54:36.473+0200] {dag.py:2690} INFO - Sync 1 DAGs
[2025-06-11T17:54:36.498+0200] {logging_mixin.py:137} INFO - [2025-06-11T17:54:36.498+0200] {dag.py:3437} INFO - Setting next_dagrun for tutorial_taskflow_api to None, run_after=None
[2025-06-11T17:54:36.552+0200] {processor.py:175} INFO - Processing /home/monica.fernandez/practica_creativa/venv-airflow/lib/python3.11/site-packages/airflow/example_dags/tutorial_taskflow_api.py took 0.146 seconds
[2025-06-11T17:55:27.521+0200] {processor.py:153} INFO - Started process (PID=182858) to work on /home/monica.fernandez/practica_creativa/venv-airflow/lib/python3.11/site-packages/airflow/example_dags/tutorial_taskflow_api.py
[2025-06-11T17:55:27.522+0200] {processor.py:743} INFO - Processing file /home/monica.fernandez/practica_creativa/venv-airflow/lib/python3.11/site-packages/airflow/example_dags/tutorial_taskflow_api.py for tasks to queue
[2025-06-11T17:55:27.522+0200] {logging_mixin.py:137} INFO - [2025-06-11T17:55:27.522+0200] {dagbag.py:538} INFO - Filling up the DagBag from /home/monica.fernandez/practica_creativa/venv-airflow/lib/python3.11/site-packages/airflow/example_dags/tutorial_taskflow_api.py
[2025-06-11T17:55:27.550+0200] {processor.py:753} INFO - DAG(s) dict_keys(['tutorial_taskflow_api']) retrieved from /home/monica.fernandez/practica_creativa/venv-airflow/lib/python3.11/site-packages/airflow/example_dags/tutorial_taskflow_api.py
[2025-06-11T17:55:27.577+0200] {logging_mixin.py:137} INFO - [2025-06-11T17:55:27.576+0200] {dag.py:2690} INFO - Sync 1 DAGs
[2025-06-11T17:55:27.599+0200] {logging_mixin.py:137} INFO - [2025-06-11T17:55:27.599+0200] {dag.py:3437} INFO - Setting next_dagrun for tutorial_taskflow_api to None, run_after=None
[2025-06-11T17:55:27.648+0200] {processor.py:175} INFO - Processing /home/monica.fernandez/practica_creativa/venv-airflow/lib/python3.11/site-packages/airflow/example_dags/tutorial_taskflow_api.py took 0.130 seconds
[2025-06-11T17:55:41.888+0200] {processor.py:153} INFO - Started process (PID=183004) to work on /home/monica.fernandez/practica_creativa/venv-airflow/lib/python3.11/site-packages/airflow/example_dags/tutorial_taskflow_api.py
[2025-06-11T17:55:41.889+0200] {processor.py:743} INFO - Processing file /home/monica.fernandez/practica_creativa/venv-airflow/lib/python3.11/site-packages/airflow/example_dags/tutorial_taskflow_api.py for tasks to queue
[2025-06-11T17:55:41.889+0200] {logging_mixin.py:137} INFO - [2025-06-11T17:55:41.889+0200] {dagbag.py:538} INFO - Filling up the DagBag from /home/monica.fernandez/practica_creativa/venv-airflow/lib/python3.11/site-packages/airflow/example_dags/tutorial_taskflow_api.py
[2025-06-11T17:55:41.913+0200] {processor.py:753} INFO - DAG(s) dict_keys(['tutorial_taskflow_api']) retrieved from /home/monica.fernandez/practica_creativa/venv-airflow/lib/python3.11/site-packages/airflow/example_dags/tutorial_taskflow_api.py
[2025-06-11T17:55:41.937+0200] {logging_mixin.py:137} INFO - [2025-06-11T17:55:41.937+0200] {dag.py:2690} INFO - Sync 1 DAGs
[2025-06-11T17:55:41.962+0200] {logging_mixin.py:137} INFO - [2025-06-11T17:55:41.962+0200] {dag.py:3437} INFO - Setting next_dagrun for tutorial_taskflow_api to None, run_after=None
[2025-06-11T17:55:42.076+0200] {processor.py:175} INFO - Processing /home/monica.fernandez/practica_creativa/venv-airflow/lib/python3.11/site-packages/airflow/example_dags/tutorial_taskflow_api.py took 0.191 seconds
[2025-06-11T17:56:57.266+0200] {processor.py:153} INFO - Started process (PID=183914) to work on /home/monica.fernandez/practica_creativa/venv-airflow/lib/python3.11/site-packages/airflow/example_dags/tutorial_taskflow_api.py
[2025-06-11T17:56:57.266+0200] {processor.py:743} INFO - Processing file /home/monica.fernandez/practica_creativa/venv-airflow/lib/python3.11/site-packages/airflow/example_dags/tutorial_taskflow_api.py for tasks to queue
[2025-06-11T17:56:57.267+0200] {logging_mixin.py:137} INFO - [2025-06-11T17:56:57.267+0200] {dagbag.py:538} INFO - Filling up the DagBag from /home/monica.fernandez/practica_creativa/venv-airflow/lib/python3.11/site-packages/airflow/example_dags/tutorial_taskflow_api.py
[2025-06-11T17:56:57.295+0200] {processor.py:753} INFO - DAG(s) dict_keys(['tutorial_taskflow_api']) retrieved from /home/monica.fernandez/practica_creativa/venv-airflow/lib/python3.11/site-packages/airflow/example_dags/tutorial_taskflow_api.py
[2025-06-11T17:56:57.323+0200] {logging_mixin.py:137} INFO - [2025-06-11T17:56:57.323+0200] {dag.py:2690} INFO - Sync 1 DAGs
[2025-06-11T17:56:57.350+0200] {logging_mixin.py:137} INFO - [2025-06-11T17:56:57.350+0200] {dag.py:3437} INFO - Setting next_dagrun for tutorial_taskflow_api to None, run_after=None
[2025-06-11T17:56:57.401+0200] {processor.py:175} INFO - Processing /home/monica.fernandez/practica_creativa/venv-airflow/lib/python3.11/site-packages/airflow/example_dags/tutorial_taskflow_api.py took 0.141 seconds
[2025-06-11T17:58:00.361+0200] {processor.py:153} INFO - Started process (PID=184508) to work on /home/monica.fernandez/practica_creativa/venv-airflow/lib/python3.11/site-packages/airflow/example_dags/tutorial_taskflow_api.py
[2025-06-11T17:58:00.365+0200] {processor.py:743} INFO - Processing file /home/monica.fernandez/practica_creativa/venv-airflow/lib/python3.11/site-packages/airflow/example_dags/tutorial_taskflow_api.py for tasks to queue
[2025-06-11T17:58:00.370+0200] {logging_mixin.py:137} INFO - [2025-06-11T17:58:00.370+0200] {dagbag.py:538} INFO - Filling up the DagBag from /home/monica.fernandez/practica_creativa/venv-airflow/lib/python3.11/site-packages/airflow/example_dags/tutorial_taskflow_api.py
[2025-06-11T17:58:00.435+0200] {processor.py:753} INFO - DAG(s) dict_keys(['tutorial_taskflow_api']) retrieved from /home/monica.fernandez/practica_creativa/venv-airflow/lib/python3.11/site-packages/airflow/example_dags/tutorial_taskflow_api.py
[2025-06-11T17:58:00.489+0200] {logging_mixin.py:137} INFO - [2025-06-11T17:58:00.489+0200] {dag.py:2690} INFO - Sync 1 DAGs
[2025-06-11T17:58:00.536+0200] {logging_mixin.py:137} INFO - [2025-06-11T17:58:00.536+0200] {dag.py:3437} INFO - Setting next_dagrun for tutorial_taskflow_api to None, run_after=None
[2025-06-11T17:58:00.633+0200] {processor.py:175} INFO - Processing /home/monica.fernandez/practica_creativa/venv-airflow/lib/python3.11/site-packages/airflow/example_dags/tutorial_taskflow_api.py took 0.290 seconds
[2025-06-11T17:58:54.994+0200] {processor.py:153} INFO - Started process (PID=185023) to work on /home/monica.fernandez/practica_creativa/venv-airflow/lib/python3.11/site-packages/airflow/example_dags/tutorial_taskflow_api.py
[2025-06-11T17:58:54.994+0200] {processor.py:743} INFO - Processing file /home/monica.fernandez/practica_creativa/venv-airflow/lib/python3.11/site-packages/airflow/example_dags/tutorial_taskflow_api.py for tasks to queue
[2025-06-11T17:58:54.995+0200] {logging_mixin.py:137} INFO - [2025-06-11T17:58:54.995+0200] {dagbag.py:538} INFO - Filling up the DagBag from /home/monica.fernandez/practica_creativa/venv-airflow/lib/python3.11/site-packages/airflow/example_dags/tutorial_taskflow_api.py
[2025-06-11T17:58:55.029+0200] {processor.py:753} INFO - DAG(s) dict_keys(['tutorial_taskflow_api']) retrieved from /home/monica.fernandez/practica_creativa/venv-airflow/lib/python3.11/site-packages/airflow/example_dags/tutorial_taskflow_api.py
[2025-06-11T17:58:55.074+0200] {logging_mixin.py:137} INFO - [2025-06-11T17:58:55.074+0200] {dag.py:2690} INFO - Sync 1 DAGs
[2025-06-11T17:58:55.111+0200] {logging_mixin.py:137} INFO - [2025-06-11T17:58:55.111+0200] {dag.py:3437} INFO - Setting next_dagrun for tutorial_taskflow_api to None, run_after=None
[2025-06-11T17:58:55.221+0200] {processor.py:175} INFO - Processing /home/monica.fernandez/practica_creativa/venv-airflow/lib/python3.11/site-packages/airflow/example_dags/tutorial_taskflow_api.py took 0.230 seconds
[2025-06-11T17:59:44.470+0200] {processor.py:153} INFO - Started process (PID=185377) to work on /home/monica.fernandez/practica_creativa/venv-airflow/lib/python3.11/site-packages/airflow/example_dags/tutorial_taskflow_api.py
[2025-06-11T17:59:44.473+0200] {processor.py:743} INFO - Processing file /home/monica.fernandez/practica_creativa/venv-airflow/lib/python3.11/site-packages/airflow/example_dags/tutorial_taskflow_api.py for tasks to queue
[2025-06-11T17:59:44.473+0200] {logging_mixin.py:137} INFO - [2025-06-11T17:59:44.473+0200] {dagbag.py:538} INFO - Filling up the DagBag from /home/monica.fernandez/practica_creativa/venv-airflow/lib/python3.11/site-packages/airflow/example_dags/tutorial_taskflow_api.py
[2025-06-11T17:59:44.508+0200] {processor.py:753} INFO - DAG(s) dict_keys(['tutorial_taskflow_api']) retrieved from /home/monica.fernandez/practica_creativa/venv-airflow/lib/python3.11/site-packages/airflow/example_dags/tutorial_taskflow_api.py
[2025-06-11T17:59:44.545+0200] {logging_mixin.py:137} INFO - [2025-06-11T17:59:44.544+0200] {dag.py:2690} INFO - Sync 1 DAGs
[2025-06-11T17:59:44.590+0200] {logging_mixin.py:137} INFO - [2025-06-11T17:59:44.587+0200] {dag.py:3437} INFO - Setting next_dagrun for tutorial_taskflow_api to None, run_after=None
[2025-06-11T17:59:44.651+0200] {processor.py:175} INFO - Processing /home/monica.fernandez/practica_creativa/venv-airflow/lib/python3.11/site-packages/airflow/example_dags/tutorial_taskflow_api.py took 0.185 seconds
[2025-06-11T17:59:56.567+0200] {processor.py:153} INFO - Started process (PID=185519) to work on /home/monica.fernandez/practica_creativa/venv-airflow/lib/python3.11/site-packages/airflow/example_dags/tutorial_taskflow_api.py
[2025-06-11T17:59:56.567+0200] {processor.py:743} INFO - Processing file /home/monica.fernandez/practica_creativa/venv-airflow/lib/python3.11/site-packages/airflow/example_dags/tutorial_taskflow_api.py for tasks to queue
[2025-06-11T17:59:56.568+0200] {logging_mixin.py:137} INFO - [2025-06-11T17:59:56.568+0200] {dagbag.py:538} INFO - Filling up the DagBag from /home/monica.fernandez/practica_creativa/venv-airflow/lib/python3.11/site-packages/airflow/example_dags/tutorial_taskflow_api.py
[2025-06-11T17:59:56.597+0200] {processor.py:753} INFO - DAG(s) dict_keys(['tutorial_taskflow_api']) retrieved from /home/monica.fernandez/practica_creativa/venv-airflow/lib/python3.11/site-packages/airflow/example_dags/tutorial_taskflow_api.py
[2025-06-11T17:59:56.628+0200] {logging_mixin.py:137} INFO - [2025-06-11T17:59:56.628+0200] {dag.py:2690} INFO - Sync 1 DAGs
[2025-06-11T17:59:56.673+0200] {logging_mixin.py:137} INFO - [2025-06-11T17:59:56.661+0200] {dag.py:3437} INFO - Setting next_dagrun for tutorial_taskflow_api to None, run_after=None
[2025-06-11T17:59:56.728+0200] {processor.py:175} INFO - Processing /home/monica.fernandez/practica_creativa/venv-airflow/lib/python3.11/site-packages/airflow/example_dags/tutorial_taskflow_api.py took 0.166 seconds
[2025-06-11T18:00:56.325+0200] {processor.py:153} INFO - Started process (PID=186066) to work on /home/monica.fernandez/practica_creativa/venv-airflow/lib/python3.11/site-packages/airflow/example_dags/tutorial_taskflow_api.py
[2025-06-11T18:00:56.328+0200] {processor.py:743} INFO - Processing file /home/monica.fernandez/practica_creativa/venv-airflow/lib/python3.11/site-packages/airflow/example_dags/tutorial_taskflow_api.py for tasks to queue
[2025-06-11T18:00:56.329+0200] {logging_mixin.py:137} INFO - [2025-06-11T18:00:56.329+0200] {dagbag.py:538} INFO - Filling up the DagBag from /home/monica.fernandez/practica_creativa/venv-airflow/lib/python3.11/site-packages/airflow/example_dags/tutorial_taskflow_api.py
[2025-06-11T18:00:56.368+0200] {processor.py:753} INFO - DAG(s) dict_keys(['tutorial_taskflow_api']) retrieved from /home/monica.fernandez/practica_creativa/venv-airflow/lib/python3.11/site-packages/airflow/example_dags/tutorial_taskflow_api.py
[2025-06-11T18:00:56.431+0200] {logging_mixin.py:137} INFO - [2025-06-11T18:00:56.431+0200] {dag.py:2690} INFO - Sync 1 DAGs
[2025-06-11T18:00:56.502+0200] {logging_mixin.py:137} INFO - [2025-06-11T18:00:56.502+0200] {dag.py:3437} INFO - Setting next_dagrun for tutorial_taskflow_api to None, run_after=None
[2025-06-11T18:00:56.637+0200] {processor.py:175} INFO - Processing /home/monica.fernandez/practica_creativa/venv-airflow/lib/python3.11/site-packages/airflow/example_dags/tutorial_taskflow_api.py took 0.316 seconds
[2025-06-11T18:01:38.130+0200] {processor.py:153} INFO - Started process (PID=186448) to work on /home/monica.fernandez/practica_creativa/venv-airflow/lib/python3.11/site-packages/airflow/example_dags/tutorial_taskflow_api.py
[2025-06-11T18:01:38.134+0200] {processor.py:743} INFO - Processing file /home/monica.fernandez/practica_creativa/venv-airflow/lib/python3.11/site-packages/airflow/example_dags/tutorial_taskflow_api.py for tasks to queue
[2025-06-11T18:01:38.136+0200] {logging_mixin.py:137} INFO - [2025-06-11T18:01:38.136+0200] {dagbag.py:538} INFO - Filling up the DagBag from /home/monica.fernandez/practica_creativa/venv-airflow/lib/python3.11/site-packages/airflow/example_dags/tutorial_taskflow_api.py
[2025-06-11T18:01:38.199+0200] {processor.py:753} INFO - DAG(s) dict_keys(['tutorial_taskflow_api']) retrieved from /home/monica.fernandez/practica_creativa/venv-airflow/lib/python3.11/site-packages/airflow/example_dags/tutorial_taskflow_api.py
[2025-06-11T18:01:38.260+0200] {logging_mixin.py:137} INFO - [2025-06-11T18:01:38.260+0200] {dag.py:2690} INFO - Sync 1 DAGs
[2025-06-11T18:01:38.295+0200] {logging_mixin.py:137} INFO - [2025-06-11T18:01:38.295+0200] {dag.py:3437} INFO - Setting next_dagrun for tutorial_taskflow_api to None, run_after=None
[2025-06-11T18:01:38.374+0200] {processor.py:175} INFO - Processing /home/monica.fernandez/practica_creativa/venv-airflow/lib/python3.11/site-packages/airflow/example_dags/tutorial_taskflow_api.py took 0.256 seconds
[2025-06-11T18:02:27.450+0200] {processor.py:153} INFO - Started process (PID=187014) to work on /home/monica.fernandez/practica_creativa/venv-airflow/lib/python3.11/site-packages/airflow/example_dags/tutorial_taskflow_api.py
[2025-06-11T18:02:27.450+0200] {processor.py:743} INFO - Processing file /home/monica.fernandez/practica_creativa/venv-airflow/lib/python3.11/site-packages/airflow/example_dags/tutorial_taskflow_api.py for tasks to queue
[2025-06-11T18:02:27.451+0200] {logging_mixin.py:137} INFO - [2025-06-11T18:02:27.451+0200] {dagbag.py:538} INFO - Filling up the DagBag from /home/monica.fernandez/practica_creativa/venv-airflow/lib/python3.11/site-packages/airflow/example_dags/tutorial_taskflow_api.py
[2025-06-11T18:02:27.488+0200] {processor.py:753} INFO - DAG(s) dict_keys(['tutorial_taskflow_api']) retrieved from /home/monica.fernandez/practica_creativa/venv-airflow/lib/python3.11/site-packages/airflow/example_dags/tutorial_taskflow_api.py
[2025-06-11T18:02:27.528+0200] {logging_mixin.py:137} INFO - [2025-06-11T18:02:27.527+0200] {dag.py:2690} INFO - Sync 1 DAGs
[2025-06-11T18:02:27.567+0200] {logging_mixin.py:137} INFO - [2025-06-11T18:02:27.567+0200] {dag.py:3437} INFO - Setting next_dagrun for tutorial_taskflow_api to None, run_after=None
[2025-06-11T18:02:27.642+0200] {processor.py:175} INFO - Processing /home/monica.fernandez/practica_creativa/venv-airflow/lib/python3.11/site-packages/airflow/example_dags/tutorial_taskflow_api.py took 0.195 seconds
[2025-06-11T18:03:07.695+0200] {processor.py:153} INFO - Started process (PID=187341) to work on /home/monica.fernandez/practica_creativa/venv-airflow/lib/python3.11/site-packages/airflow/example_dags/tutorial_taskflow_api.py
[2025-06-11T18:03:07.696+0200] {processor.py:743} INFO - Processing file /home/monica.fernandez/practica_creativa/venv-airflow/lib/python3.11/site-packages/airflow/example_dags/tutorial_taskflow_api.py for tasks to queue
[2025-06-11T18:03:07.696+0200] {logging_mixin.py:137} INFO - [2025-06-11T18:03:07.696+0200] {dagbag.py:538} INFO - Filling up the DagBag from /home/monica.fernandez/practica_creativa/venv-airflow/lib/python3.11/site-packages/airflow/example_dags/tutorial_taskflow_api.py
[2025-06-11T18:03:07.728+0200] {processor.py:753} INFO - DAG(s) dict_keys(['tutorial_taskflow_api']) retrieved from /home/monica.fernandez/practica_creativa/venv-airflow/lib/python3.11/site-packages/airflow/example_dags/tutorial_taskflow_api.py
[2025-06-11T18:03:07.757+0200] {logging_mixin.py:137} INFO - [2025-06-11T18:03:07.756+0200] {dag.py:2690} INFO - Sync 1 DAGs
[2025-06-11T18:03:07.796+0200] {logging_mixin.py:137} INFO - [2025-06-11T18:03:07.796+0200] {dag.py:3437} INFO - Setting next_dagrun for tutorial_taskflow_api to None, run_after=None
[2025-06-11T18:03:07.851+0200] {processor.py:175} INFO - Processing /home/monica.fernandez/practica_creativa/venv-airflow/lib/python3.11/site-packages/airflow/example_dags/tutorial_taskflow_api.py took 0.160 seconds
[2025-06-11T18:04:00.573+0200] {processor.py:153} INFO - Started process (PID=187791) to work on /home/monica.fernandez/practica_creativa/venv-airflow/lib/python3.11/site-packages/airflow/example_dags/tutorial_taskflow_api.py
[2025-06-11T18:04:00.578+0200] {processor.py:743} INFO - Processing file /home/monica.fernandez/practica_creativa/venv-airflow/lib/python3.11/site-packages/airflow/example_dags/tutorial_taskflow_api.py for tasks to queue
[2025-06-11T18:04:00.578+0200] {logging_mixin.py:137} INFO - [2025-06-11T18:04:00.578+0200] {dagbag.py:538} INFO - Filling up the DagBag from /home/monica.fernandez/practica_creativa/venv-airflow/lib/python3.11/site-packages/airflow/example_dags/tutorial_taskflow_api.py
[2025-06-11T18:04:00.626+0200] {processor.py:753} INFO - DAG(s) dict_keys(['tutorial_taskflow_api']) retrieved from /home/monica.fernandez/practica_creativa/venv-airflow/lib/python3.11/site-packages/airflow/example_dags/tutorial_taskflow_api.py
[2025-06-11T18:04:00.662+0200] {logging_mixin.py:137} INFO - [2025-06-11T18:04:00.662+0200] {dag.py:2690} INFO - Sync 1 DAGs
[2025-06-11T18:04:00.698+0200] {logging_mixin.py:137} INFO - [2025-06-11T18:04:00.698+0200] {dag.py:3437} INFO - Setting next_dagrun for tutorial_taskflow_api to None, run_after=None
[2025-06-11T18:04:00.763+0200] {processor.py:175} INFO - Processing /home/monica.fernandez/practica_creativa/venv-airflow/lib/python3.11/site-packages/airflow/example_dags/tutorial_taskflow_api.py took 0.195 seconds
[2025-06-11T18:04:47.539+0200] {processor.py:153} INFO - Started process (PID=188114) to work on /home/monica.fernandez/practica_creativa/venv-airflow/lib/python3.11/site-packages/airflow/example_dags/tutorial_taskflow_api.py
[2025-06-11T18:04:47.539+0200] {processor.py:743} INFO - Processing file /home/monica.fernandez/practica_creativa/venv-airflow/lib/python3.11/site-packages/airflow/example_dags/tutorial_taskflow_api.py for tasks to queue
[2025-06-11T18:04:47.541+0200] {logging_mixin.py:137} INFO - [2025-06-11T18:04:47.540+0200] {dagbag.py:538} INFO - Filling up the DagBag from /home/monica.fernandez/practica_creativa/venv-airflow/lib/python3.11/site-packages/airflow/example_dags/tutorial_taskflow_api.py
[2025-06-11T18:04:47.571+0200] {processor.py:753} INFO - DAG(s) dict_keys(['tutorial_taskflow_api']) retrieved from /home/monica.fernandez/practica_creativa/venv-airflow/lib/python3.11/site-packages/airflow/example_dags/tutorial_taskflow_api.py
[2025-06-11T18:04:47.601+0200] {logging_mixin.py:137} INFO - [2025-06-11T18:04:47.601+0200] {dag.py:2690} INFO - Sync 1 DAGs
[2025-06-11T18:04:47.633+0200] {logging_mixin.py:137} INFO - [2025-06-11T18:04:47.633+0200] {dag.py:3437} INFO - Setting next_dagrun for tutorial_taskflow_api to None, run_after=None
[2025-06-11T18:04:47.698+0200] {processor.py:175} INFO - Processing /home/monica.fernandez/practica_creativa/venv-airflow/lib/python3.11/site-packages/airflow/example_dags/tutorial_taskflow_api.py took 0.162 seconds
[2025-06-11T18:05:33.584+0200] {processor.py:153} INFO - Started process (PID=188574) to work on /home/monica.fernandez/practica_creativa/venv-airflow/lib/python3.11/site-packages/airflow/example_dags/tutorial_taskflow_api.py
[2025-06-11T18:05:33.585+0200] {processor.py:743} INFO - Processing file /home/monica.fernandez/practica_creativa/venv-airflow/lib/python3.11/site-packages/airflow/example_dags/tutorial_taskflow_api.py for tasks to queue
[2025-06-11T18:05:33.586+0200] {logging_mixin.py:137} INFO - [2025-06-11T18:05:33.585+0200] {dagbag.py:538} INFO - Filling up the DagBag from /home/monica.fernandez/practica_creativa/venv-airflow/lib/python3.11/site-packages/airflow/example_dags/tutorial_taskflow_api.py
[2025-06-11T18:05:33.612+0200] {processor.py:753} INFO - DAG(s) dict_keys(['tutorial_taskflow_api']) retrieved from /home/monica.fernandez/practica_creativa/venv-airflow/lib/python3.11/site-packages/airflow/example_dags/tutorial_taskflow_api.py
[2025-06-11T18:05:33.640+0200] {logging_mixin.py:137} INFO - [2025-06-11T18:05:33.640+0200] {dag.py:2690} INFO - Sync 1 DAGs
[2025-06-11T18:05:33.667+0200] {logging_mixin.py:137} INFO - [2025-06-11T18:05:33.666+0200] {dag.py:3437} INFO - Setting next_dagrun for tutorial_taskflow_api to None, run_after=None
[2025-06-11T18:05:33.731+0200] {processor.py:175} INFO - Processing /home/monica.fernandez/practica_creativa/venv-airflow/lib/python3.11/site-packages/airflow/example_dags/tutorial_taskflow_api.py took 0.149 seconds
[2025-06-11T18:06:04.208+0200] {processor.py:153} INFO - Started process (PID=188874) to work on /home/monica.fernandez/practica_creativa/venv-airflow/lib/python3.11/site-packages/airflow/example_dags/tutorial_taskflow_api.py
[2025-06-11T18:06:04.209+0200] {processor.py:743} INFO - Processing file /home/monica.fernandez/practica_creativa/venv-airflow/lib/python3.11/site-packages/airflow/example_dags/tutorial_taskflow_api.py for tasks to queue
[2025-06-11T18:06:04.210+0200] {logging_mixin.py:137} INFO - [2025-06-11T18:06:04.210+0200] {dagbag.py:538} INFO - Filling up the DagBag from /home/monica.fernandez/practica_creativa/venv-airflow/lib/python3.11/site-packages/airflow/example_dags/tutorial_taskflow_api.py
[2025-06-11T18:06:04.245+0200] {processor.py:753} INFO - DAG(s) dict_keys(['tutorial_taskflow_api']) retrieved from /home/monica.fernandez/practica_creativa/venv-airflow/lib/python3.11/site-packages/airflow/example_dags/tutorial_taskflow_api.py
[2025-06-11T18:06:04.280+0200] {logging_mixin.py:137} INFO - [2025-06-11T18:06:04.279+0200] {dag.py:2690} INFO - Sync 1 DAGs
[2025-06-11T18:06:04.329+0200] {logging_mixin.py:137} INFO - [2025-06-11T18:06:04.328+0200] {dag.py:3437} INFO - Setting next_dagrun for tutorial_taskflow_api to None, run_after=None
[2025-06-11T18:06:04.383+0200] {processor.py:175} INFO - Processing /home/monica.fernandez/practica_creativa/venv-airflow/lib/python3.11/site-packages/airflow/example_dags/tutorial_taskflow_api.py took 0.179 seconds
[2025-06-11T18:07:28.153+0200] {processor.py:153} INFO - Started process (PID=189853) to work on /home/monica.fernandez/practica_creativa/venv-airflow/lib/python3.11/site-packages/airflow/example_dags/tutorial_taskflow_api.py
[2025-06-11T18:07:28.153+0200] {processor.py:743} INFO - Processing file /home/monica.fernandez/practica_creativa/venv-airflow/lib/python3.11/site-packages/airflow/example_dags/tutorial_taskflow_api.py for tasks to queue
[2025-06-11T18:07:28.154+0200] {logging_mixin.py:137} INFO - [2025-06-11T18:07:28.154+0200] {dagbag.py:538} INFO - Filling up the DagBag from /home/monica.fernandez/practica_creativa/venv-airflow/lib/python3.11/site-packages/airflow/example_dags/tutorial_taskflow_api.py
[2025-06-11T18:07:28.179+0200] {processor.py:753} INFO - DAG(s) dict_keys(['tutorial_taskflow_api']) retrieved from /home/monica.fernandez/practica_creativa/venv-airflow/lib/python3.11/site-packages/airflow/example_dags/tutorial_taskflow_api.py
[2025-06-11T18:07:28.214+0200] {logging_mixin.py:137} INFO - [2025-06-11T18:07:28.214+0200] {dag.py:2690} INFO - Sync 1 DAGs
[2025-06-11T18:07:28.261+0200] {logging_mixin.py:137} INFO - [2025-06-11T18:07:28.261+0200] {dag.py:3437} INFO - Setting next_dagrun for tutorial_taskflow_api to None, run_after=None
[2025-06-11T18:07:28.318+0200] {processor.py:175} INFO - Processing /home/monica.fernandez/practica_creativa/venv-airflow/lib/python3.11/site-packages/airflow/example_dags/tutorial_taskflow_api.py took 0.169 seconds
[2025-06-11T18:08:35.909+0200] {processor.py:153} INFO - Started process (PID=190738) to work on /home/monica.fernandez/practica_creativa/venv-airflow/lib/python3.11/site-packages/airflow/example_dags/tutorial_taskflow_api.py
[2025-06-11T18:08:35.910+0200] {processor.py:743} INFO - Processing file /home/monica.fernandez/practica_creativa/venv-airflow/lib/python3.11/site-packages/airflow/example_dags/tutorial_taskflow_api.py for tasks to queue
[2025-06-11T18:08:35.910+0200] {logging_mixin.py:137} INFO - [2025-06-11T18:08:35.910+0200] {dagbag.py:538} INFO - Filling up the DagBag from /home/monica.fernandez/practica_creativa/venv-airflow/lib/python3.11/site-packages/airflow/example_dags/tutorial_taskflow_api.py
[2025-06-11T18:08:35.936+0200] {processor.py:753} INFO - DAG(s) dict_keys(['tutorial_taskflow_api']) retrieved from /home/monica.fernandez/practica_creativa/venv-airflow/lib/python3.11/site-packages/airflow/example_dags/tutorial_taskflow_api.py
[2025-06-11T18:08:35.961+0200] {logging_mixin.py:137} INFO - [2025-06-11T18:08:35.961+0200] {dag.py:2690} INFO - Sync 1 DAGs
[2025-06-11T18:08:35.984+0200] {logging_mixin.py:137} INFO - [2025-06-11T18:08:35.984+0200] {dag.py:3437} INFO - Setting next_dagrun for tutorial_taskflow_api to None, run_after=None
[2025-06-11T18:08:36.041+0200] {processor.py:175} INFO - Processing /home/monica.fernandez/practica_creativa/venv-airflow/lib/python3.11/site-packages/airflow/example_dags/tutorial_taskflow_api.py took 0.135 seconds
[2025-06-11T18:09:29.142+0200] {processor.py:153} INFO - Started process (PID=191380) to work on /home/monica.fernandez/practica_creativa/venv-airflow/lib/python3.11/site-packages/airflow/example_dags/tutorial_taskflow_api.py
[2025-06-11T18:09:29.143+0200] {processor.py:743} INFO - Processing file /home/monica.fernandez/practica_creativa/venv-airflow/lib/python3.11/site-packages/airflow/example_dags/tutorial_taskflow_api.py for tasks to queue
[2025-06-11T18:09:29.144+0200] {logging_mixin.py:137} INFO - [2025-06-11T18:09:29.143+0200] {dagbag.py:538} INFO - Filling up the DagBag from /home/monica.fernandez/practica_creativa/venv-airflow/lib/python3.11/site-packages/airflow/example_dags/tutorial_taskflow_api.py
[2025-06-11T18:09:29.187+0200] {processor.py:753} INFO - DAG(s) dict_keys(['tutorial_taskflow_api']) retrieved from /home/monica.fernandez/practica_creativa/venv-airflow/lib/python3.11/site-packages/airflow/example_dags/tutorial_taskflow_api.py
[2025-06-11T18:09:29.216+0200] {logging_mixin.py:137} INFO - [2025-06-11T18:09:29.215+0200] {dag.py:2690} INFO - Sync 1 DAGs
[2025-06-11T18:09:29.246+0200] {logging_mixin.py:137} INFO - [2025-06-11T18:09:29.246+0200] {dag.py:3437} INFO - Setting next_dagrun for tutorial_taskflow_api to None, run_after=None
[2025-06-11T18:09:29.316+0200] {processor.py:175} INFO - Processing /home/monica.fernandez/practica_creativa/venv-airflow/lib/python3.11/site-packages/airflow/example_dags/tutorial_taskflow_api.py took 0.176 seconds
[2025-06-11T18:10:14.691+0200] {processor.py:153} INFO - Started process (PID=191678) to work on /home/monica.fernandez/practica_creativa/venv-airflow/lib/python3.11/site-packages/airflow/example_dags/tutorial_taskflow_api.py
[2025-06-11T18:10:14.692+0200] {processor.py:743} INFO - Processing file /home/monica.fernandez/practica_creativa/venv-airflow/lib/python3.11/site-packages/airflow/example_dags/tutorial_taskflow_api.py for tasks to queue
[2025-06-11T18:10:14.693+0200] {logging_mixin.py:137} INFO - [2025-06-11T18:10:14.693+0200] {dagbag.py:538} INFO - Filling up the DagBag from /home/monica.fernandez/practica_creativa/venv-airflow/lib/python3.11/site-packages/airflow/example_dags/tutorial_taskflow_api.py
[2025-06-11T18:10:14.763+0200] {processor.py:753} INFO - DAG(s) dict_keys(['tutorial_taskflow_api']) retrieved from /home/monica.fernandez/practica_creativa/venv-airflow/lib/python3.11/site-packages/airflow/example_dags/tutorial_taskflow_api.py
[2025-06-11T18:10:14.813+0200] {logging_mixin.py:137} INFO - [2025-06-11T18:10:14.813+0200] {dag.py:2690} INFO - Sync 1 DAGs
[2025-06-11T18:10:14.854+0200] {logging_mixin.py:137} INFO - [2025-06-11T18:10:14.854+0200] {dag.py:3437} INFO - Setting next_dagrun for tutorial_taskflow_api to None, run_after=None
[2025-06-11T18:10:14.999+0200] {processor.py:175} INFO - Processing /home/monica.fernandez/practica_creativa/venv-airflow/lib/python3.11/site-packages/airflow/example_dags/tutorial_taskflow_api.py took 0.311 seconds
[2025-06-11T18:11:25.851+0200] {processor.py:153} INFO - Started process (PID=192897) to work on /home/monica.fernandez/practica_creativa/venv-airflow/lib/python3.11/site-packages/airflow/example_dags/tutorial_taskflow_api.py
[2025-06-11T18:11:25.852+0200] {processor.py:743} INFO - Processing file /home/monica.fernandez/practica_creativa/venv-airflow/lib/python3.11/site-packages/airflow/example_dags/tutorial_taskflow_api.py for tasks to queue
[2025-06-11T18:11:25.852+0200] {logging_mixin.py:137} INFO - [2025-06-11T18:11:25.852+0200] {dagbag.py:538} INFO - Filling up the DagBag from /home/monica.fernandez/practica_creativa/venv-airflow/lib/python3.11/site-packages/airflow/example_dags/tutorial_taskflow_api.py
[2025-06-11T18:11:25.886+0200] {processor.py:753} INFO - DAG(s) dict_keys(['tutorial_taskflow_api']) retrieved from /home/monica.fernandez/practica_creativa/venv-airflow/lib/python3.11/site-packages/airflow/example_dags/tutorial_taskflow_api.py
[2025-06-11T18:11:25.926+0200] {logging_mixin.py:137} INFO - [2025-06-11T18:11:25.926+0200] {dag.py:2690} INFO - Sync 1 DAGs
[2025-06-11T18:11:25.952+0200] {logging_mixin.py:137} INFO - [2025-06-11T18:11:25.952+0200] {dag.py:3437} INFO - Setting next_dagrun for tutorial_taskflow_api to None, run_after=None
[2025-06-11T18:11:26.011+0200] {processor.py:175} INFO - Processing /home/monica.fernandez/practica_creativa/venv-airflow/lib/python3.11/site-packages/airflow/example_dags/tutorial_taskflow_api.py took 0.162 seconds
