[2025-06-26T00:16:06.487+0200] {processor.py:153} INFO - Started process (PID=227382) to work on /home/monica.fernandez/practica_creativa/venv-airflow/lib/python3.11/site-packages/airflow/example_dags/example_branch_labels.py
[2025-06-26T00:16:06.488+0200] {processor.py:743} INFO - Processing file /home/monica.fernandez/practica_creativa/venv-airflow/lib/python3.11/site-packages/airflow/example_dags/example_branch_labels.py for tasks to queue
[2025-06-26T00:16:06.489+0200] {logging_mixin.py:137} INFO - [2025-06-26T00:16:06.489+0200] {dagbag.py:538} INFO - Filling up the DagBag from /home/monica.fernandez/practica_creativa/venv-airflow/lib/python3.11/site-packages/airflow/example_dags/example_branch_labels.py
[2025-06-26T00:16:06.515+0200] {processor.py:753} INFO - DAG(s) dict_keys(['example_branch_labels']) retrieved from /home/monica.fernandez/practica_creativa/venv-airflow/lib/python3.11/site-packages/airflow/example_dags/example_branch_labels.py
[2025-06-26T00:16:06.550+0200] {logging_mixin.py:137} INFO - [2025-06-26T00:16:06.550+0200] {dag.py:2690} INFO - Sync 1 DAGs
[2025-06-26T00:16:06.589+0200] {logging_mixin.py:137} INFO - [2025-06-26T00:16:06.589+0200] {dag.py:3437} INFO - Setting next_dagrun for example_branch_labels to 2025-06-24T00:00:00+00:00, run_after=2025-06-25T00:00:00+00:00
[2025-06-26T00:16:06.871+0200] {processor.py:175} INFO - Processing /home/monica.fernandez/practica_creativa/venv-airflow/lib/python3.11/site-packages/airflow/example_dags/example_branch_labels.py took 0.394 seconds
[2025-06-26T00:17:21.468+0200] {processor.py:153} INFO - Started process (PID=228477) to work on /home/monica.fernandez/practica_creativa/venv-airflow/lib/python3.11/site-packages/airflow/example_dags/example_branch_labels.py
[2025-06-26T00:17:21.470+0200] {processor.py:743} INFO - Processing file /home/monica.fernandez/practica_creativa/venv-airflow/lib/python3.11/site-packages/airflow/example_dags/example_branch_labels.py for tasks to queue
[2025-06-26T00:17:21.471+0200] {logging_mixin.py:137} INFO - [2025-06-26T00:17:21.470+0200] {dagbag.py:538} INFO - Filling up the DagBag from /home/monica.fernandez/practica_creativa/venv-airflow/lib/python3.11/site-packages/airflow/example_dags/example_branch_labels.py
[2025-06-26T00:17:21.492+0200] {processor.py:753} INFO - DAG(s) dict_keys(['example_branch_labels']) retrieved from /home/monica.fernandez/practica_creativa/venv-airflow/lib/python3.11/site-packages/airflow/example_dags/example_branch_labels.py
[2025-06-26T00:17:21.518+0200] {logging_mixin.py:137} INFO - [2025-06-26T00:17:21.518+0200] {dag.py:2690} INFO - Sync 1 DAGs
[2025-06-26T00:17:21.541+0200] {logging_mixin.py:137} INFO - [2025-06-26T00:17:21.541+0200] {dag.py:3437} INFO - Setting next_dagrun for example_branch_labels to 2025-06-24T00:00:00+00:00, run_after=2025-06-25T00:00:00+00:00
[2025-06-26T00:17:21.592+0200] {processor.py:175} INFO - Processing /home/monica.fernandez/practica_creativa/venv-airflow/lib/python3.11/site-packages/airflow/example_dags/example_branch_labels.py took 0.131 seconds
[2025-06-26T00:22:22.948+0200] {processor.py:153} INFO - Started process (PID=234059) to work on /home/monica.fernandez/practica_creativa/venv-airflow/lib/python3.11/site-packages/airflow/example_dags/example_branch_labels.py
[2025-06-26T00:22:22.949+0200] {processor.py:743} INFO - Processing file /home/monica.fernandez/practica_creativa/venv-airflow/lib/python3.11/site-packages/airflow/example_dags/example_branch_labels.py for tasks to queue
[2025-06-26T00:22:22.949+0200] {logging_mixin.py:137} INFO - [2025-06-26T00:22:22.949+0200] {dagbag.py:538} INFO - Filling up the DagBag from /home/monica.fernandez/practica_creativa/venv-airflow/lib/python3.11/site-packages/airflow/example_dags/example_branch_labels.py
[2025-06-26T00:22:22.956+0200] {processor.py:753} INFO - DAG(s) dict_keys(['example_branch_labels']) retrieved from /home/monica.fernandez/practica_creativa/venv-airflow/lib/python3.11/site-packages/airflow/example_dags/example_branch_labels.py
[2025-06-26T00:22:22.984+0200] {logging_mixin.py:137} INFO - [2025-06-26T00:22:22.984+0200] {dag.py:2690} INFO - Sync 1 DAGs
[2025-06-26T00:22:23.006+0200] {logging_mixin.py:137} INFO - [2025-06-26T00:22:23.006+0200] {dag.py:3437} INFO - Setting next_dagrun for example_branch_labels to 2025-06-24T00:00:00+00:00, run_after=2025-06-25T00:00:00+00:00
[2025-06-26T00:22:23.053+0200] {processor.py:175} INFO - Processing /home/monica.fernandez/practica_creativa/venv-airflow/lib/python3.11/site-packages/airflow/example_dags/example_branch_labels.py took 0.107 seconds
[2025-06-26T00:23:13.505+0200] {processor.py:153} INFO - Started process (PID=234775) to work on /home/monica.fernandez/practica_creativa/venv-airflow/lib/python3.11/site-packages/airflow/example_dags/example_branch_labels.py
[2025-06-26T00:23:13.507+0200] {processor.py:743} INFO - Processing file /home/monica.fernandez/practica_creativa/venv-airflow/lib/python3.11/site-packages/airflow/example_dags/example_branch_labels.py for tasks to queue
[2025-06-26T00:23:13.509+0200] {logging_mixin.py:137} INFO - [2025-06-26T00:23:13.508+0200] {dagbag.py:538} INFO - Filling up the DagBag from /home/monica.fernandez/practica_creativa/venv-airflow/lib/python3.11/site-packages/airflow/example_dags/example_branch_labels.py
[2025-06-26T00:23:13.531+0200] {processor.py:753} INFO - DAG(s) dict_keys(['example_branch_labels']) retrieved from /home/monica.fernandez/practica_creativa/venv-airflow/lib/python3.11/site-packages/airflow/example_dags/example_branch_labels.py
[2025-06-26T00:23:13.556+0200] {logging_mixin.py:137} INFO - [2025-06-26T00:23:13.556+0200] {dag.py:2690} INFO - Sync 1 DAGs
[2025-06-26T00:23:13.577+0200] {logging_mixin.py:137} INFO - [2025-06-26T00:23:13.577+0200] {dag.py:3437} INFO - Setting next_dagrun for example_branch_labels to 2025-06-24T00:00:00+00:00, run_after=2025-06-25T00:00:00+00:00
[2025-06-26T00:23:13.621+0200] {processor.py:175} INFO - Processing /home/monica.fernandez/practica_creativa/venv-airflow/lib/python3.11/site-packages/airflow/example_dags/example_branch_labels.py took 0.124 seconds
[2025-06-26T00:24:12.377+0200] {processor.py:153} INFO - Started process (PID=235661) to work on /home/monica.fernandez/practica_creativa/venv-airflow/lib/python3.11/site-packages/airflow/example_dags/example_branch_labels.py
[2025-06-26T00:24:12.377+0200] {processor.py:743} INFO - Processing file /home/monica.fernandez/practica_creativa/venv-airflow/lib/python3.11/site-packages/airflow/example_dags/example_branch_labels.py for tasks to queue
[2025-06-26T00:24:12.378+0200] {logging_mixin.py:137} INFO - [2025-06-26T00:24:12.378+0200] {dagbag.py:538} INFO - Filling up the DagBag from /home/monica.fernandez/practica_creativa/venv-airflow/lib/python3.11/site-packages/airflow/example_dags/example_branch_labels.py
[2025-06-26T00:24:12.385+0200] {processor.py:753} INFO - DAG(s) dict_keys(['example_branch_labels']) retrieved from /home/monica.fernandez/practica_creativa/venv-airflow/lib/python3.11/site-packages/airflow/example_dags/example_branch_labels.py
[2025-06-26T00:24:12.409+0200] {logging_mixin.py:137} INFO - [2025-06-26T00:24:12.409+0200] {dag.py:2690} INFO - Sync 1 DAGs
[2025-06-26T00:24:12.432+0200] {logging_mixin.py:137} INFO - [2025-06-26T00:24:12.432+0200] {dag.py:3437} INFO - Setting next_dagrun for example_branch_labels to 2025-06-24T00:00:00+00:00, run_after=2025-06-25T00:00:00+00:00
[2025-06-26T00:24:12.506+0200] {processor.py:175} INFO - Processing /home/monica.fernandez/practica_creativa/venv-airflow/lib/python3.11/site-packages/airflow/example_dags/example_branch_labels.py took 0.132 seconds
[2025-06-26T00:25:17.891+0200] {processor.py:153} INFO - Started process (PID=236839) to work on /home/monica.fernandez/practica_creativa/venv-airflow/lib/python3.11/site-packages/airflow/example_dags/example_branch_labels.py
[2025-06-26T00:25:17.892+0200] {processor.py:743} INFO - Processing file /home/monica.fernandez/practica_creativa/venv-airflow/lib/python3.11/site-packages/airflow/example_dags/example_branch_labels.py for tasks to queue
[2025-06-26T00:25:17.892+0200] {logging_mixin.py:137} INFO - [2025-06-26T00:25:17.892+0200] {dagbag.py:538} INFO - Filling up the DagBag from /home/monica.fernandez/practica_creativa/venv-airflow/lib/python3.11/site-packages/airflow/example_dags/example_branch_labels.py
[2025-06-26T00:25:17.900+0200] {processor.py:753} INFO - DAG(s) dict_keys(['example_branch_labels']) retrieved from /home/monica.fernandez/practica_creativa/venv-airflow/lib/python3.11/site-packages/airflow/example_dags/example_branch_labels.py
[2025-06-26T00:25:17.932+0200] {logging_mixin.py:137} INFO - [2025-06-26T00:25:17.932+0200] {dag.py:2690} INFO - Sync 1 DAGs
[2025-06-26T00:25:17.965+0200] {logging_mixin.py:137} INFO - [2025-06-26T00:25:17.965+0200] {dag.py:3437} INFO - Setting next_dagrun for example_branch_labels to 2025-06-24T00:00:00+00:00, run_after=2025-06-25T00:00:00+00:00
[2025-06-26T00:25:18.042+0200] {processor.py:175} INFO - Processing /home/monica.fernandez/practica_creativa/venv-airflow/lib/python3.11/site-packages/airflow/example_dags/example_branch_labels.py took 0.154 seconds
[2025-06-26T00:26:10.706+0200] {processor.py:153} INFO - Started process (PID=237557) to work on /home/monica.fernandez/practica_creativa/venv-airflow/lib/python3.11/site-packages/airflow/example_dags/example_branch_labels.py
[2025-06-26T00:26:10.708+0200] {processor.py:743} INFO - Processing file /home/monica.fernandez/practica_creativa/venv-airflow/lib/python3.11/site-packages/airflow/example_dags/example_branch_labels.py for tasks to queue
[2025-06-26T00:26:10.709+0200] {logging_mixin.py:137} INFO - [2025-06-26T00:26:10.708+0200] {dagbag.py:538} INFO - Filling up the DagBag from /home/monica.fernandez/practica_creativa/venv-airflow/lib/python3.11/site-packages/airflow/example_dags/example_branch_labels.py
[2025-06-26T00:26:10.721+0200] {processor.py:753} INFO - DAG(s) dict_keys(['example_branch_labels']) retrieved from /home/monica.fernandez/practica_creativa/venv-airflow/lib/python3.11/site-packages/airflow/example_dags/example_branch_labels.py
[2025-06-26T00:26:10.746+0200] {logging_mixin.py:137} INFO - [2025-06-26T00:26:10.746+0200] {dag.py:2690} INFO - Sync 1 DAGs
[2025-06-26T00:26:10.768+0200] {logging_mixin.py:137} INFO - [2025-06-26T00:26:10.768+0200] {dag.py:3437} INFO - Setting next_dagrun for example_branch_labels to 2025-06-24T00:00:00+00:00, run_after=2025-06-25T00:00:00+00:00
[2025-06-26T00:26:10.817+0200] {processor.py:175} INFO - Processing /home/monica.fernandez/practica_creativa/venv-airflow/lib/python3.11/site-packages/airflow/example_dags/example_branch_labels.py took 0.120 seconds
[2025-06-26T00:27:18.770+0200] {processor.py:153} INFO - Started process (PID=238610) to work on /home/monica.fernandez/practica_creativa/venv-airflow/lib/python3.11/site-packages/airflow/example_dags/example_branch_labels.py
[2025-06-26T00:27:18.772+0200] {processor.py:743} INFO - Processing file /home/monica.fernandez/practica_creativa/venv-airflow/lib/python3.11/site-packages/airflow/example_dags/example_branch_labels.py for tasks to queue
[2025-06-26T00:27:18.774+0200] {logging_mixin.py:137} INFO - [2025-06-26T00:27:18.773+0200] {dagbag.py:538} INFO - Filling up the DagBag from /home/monica.fernandez/practica_creativa/venv-airflow/lib/python3.11/site-packages/airflow/example_dags/example_branch_labels.py
[2025-06-26T00:27:18.790+0200] {processor.py:753} INFO - DAG(s) dict_keys(['example_branch_labels']) retrieved from /home/monica.fernandez/practica_creativa/venv-airflow/lib/python3.11/site-packages/airflow/example_dags/example_branch_labels.py
[2025-06-26T00:27:18.817+0200] {logging_mixin.py:137} INFO - [2025-06-26T00:27:18.816+0200] {dag.py:2690} INFO - Sync 1 DAGs
[2025-06-26T00:27:18.945+0200] {logging_mixin.py:137} INFO - [2025-06-26T00:27:18.945+0200] {dag.py:3437} INFO - Setting next_dagrun for example_branch_labels to 2025-06-24T00:00:00+00:00, run_after=2025-06-25T00:00:00+00:00
[2025-06-26T00:27:18.997+0200] {processor.py:175} INFO - Processing /home/monica.fernandez/practica_creativa/venv-airflow/lib/python3.11/site-packages/airflow/example_dags/example_branch_labels.py took 0.235 seconds
