[2025-06-26T00:15:54.396+0200] {processor.py:153} INFO - Started process (PID=227279) to work on /home/monica.fernandez/practica_creativa/venv-airflow/lib/python3.11/site-packages/airflow/example_dags/example_kubernetes_executor.py
[2025-06-26T00:15:54.397+0200] {processor.py:743} INFO - Processing file /home/monica.fernandez/practica_creativa/venv-airflow/lib/python3.11/site-packages/airflow/example_dags/example_kubernetes_executor.py for tasks to queue
[2025-06-26T00:15:54.398+0200] {logging_mixin.py:137} INFO - [2025-06-26T00:15:54.398+0200] {dagbag.py:538} INFO - Filling up the DagBag from /home/monica.fernandez/practica_creativa/venv-airflow/lib/python3.11/site-packages/airflow/example_dags/example_kubernetes_executor.py
[2025-06-26T00:15:54.420+0200] {logging_mixin.py:137} INFO - [2025-06-26T00:15:54.420+0200] {example_kubernetes_executor.py:41} WARNING - The example_kubernetes_executor example DAG requires the kubernetes provider. Please install it with: pip install apache-airflow[cncf.kubernetes]
[2025-06-26T00:15:54.421+0200] {processor.py:755} WARNING - No viable dags retrieved from /home/monica.fernandez/practica_creativa/venv-airflow/lib/python3.11/site-packages/airflow/example_dags/example_kubernetes_executor.py
[2025-06-26T00:15:54.437+0200] {processor.py:175} INFO - Processing /home/monica.fernandez/practica_creativa/venv-airflow/lib/python3.11/site-packages/airflow/example_dags/example_kubernetes_executor.py took 0.049 seconds
[2025-06-26T00:17:08.521+0200] {processor.py:153} INFO - Started process (PID=228257) to work on /home/monica.fernandez/practica_creativa/venv-airflow/lib/python3.11/site-packages/airflow/example_dags/example_kubernetes_executor.py
[2025-06-26T00:17:08.521+0200] {processor.py:743} INFO - Processing file /home/monica.fernandez/practica_creativa/venv-airflow/lib/python3.11/site-packages/airflow/example_dags/example_kubernetes_executor.py for tasks to queue
[2025-06-26T00:17:08.522+0200] {logging_mixin.py:137} INFO - [2025-06-26T00:17:08.522+0200] {dagbag.py:538} INFO - Filling up the DagBag from /home/monica.fernandez/practica_creativa/venv-airflow/lib/python3.11/site-packages/airflow/example_dags/example_kubernetes_executor.py
[2025-06-26T00:17:08.540+0200] {logging_mixin.py:137} INFO - [2025-06-26T00:17:08.539+0200] {example_kubernetes_executor.py:41} WARNING - The example_kubernetes_executor example DAG requires the kubernetes provider. Please install it with: pip install apache-airflow[cncf.kubernetes]
[2025-06-26T00:17:08.540+0200] {processor.py:755} WARNING - No viable dags retrieved from /home/monica.fernandez/practica_creativa/venv-airflow/lib/python3.11/site-packages/airflow/example_dags/example_kubernetes_executor.py
[2025-06-26T00:17:08.563+0200] {processor.py:175} INFO - Processing /home/monica.fernandez/practica_creativa/venv-airflow/lib/python3.11/site-packages/airflow/example_dags/example_kubernetes_executor.py took 0.047 seconds
[2025-06-26T00:22:14.023+0200] {processor.py:153} INFO - Started process (PID=233962) to work on /home/monica.fernandez/practica_creativa/venv-airflow/lib/python3.11/site-packages/airflow/example_dags/example_kubernetes_executor.py
[2025-06-26T00:22:14.024+0200] {processor.py:743} INFO - Processing file /home/monica.fernandez/practica_creativa/venv-airflow/lib/python3.11/site-packages/airflow/example_dags/example_kubernetes_executor.py for tasks to queue
[2025-06-26T00:22:14.024+0200] {logging_mixin.py:137} INFO - [2025-06-26T00:22:14.024+0200] {dagbag.py:538} INFO - Filling up the DagBag from /home/monica.fernandez/practica_creativa/venv-airflow/lib/python3.11/site-packages/airflow/example_dags/example_kubernetes_executor.py
[2025-06-26T00:22:14.043+0200] {logging_mixin.py:137} INFO - [2025-06-26T00:22:14.042+0200] {example_kubernetes_executor.py:41} WARNING - The example_kubernetes_executor example DAG requires the kubernetes provider. Please install it with: pip install apache-airflow[cncf.kubernetes]
[2025-06-26T00:22:14.043+0200] {processor.py:755} WARNING - No viable dags retrieved from /home/monica.fernandez/practica_creativa/venv-airflow/lib/python3.11/site-packages/airflow/example_dags/example_kubernetes_executor.py
[2025-06-26T00:22:14.061+0200] {processor.py:175} INFO - Processing /home/monica.fernandez/practica_creativa/venv-airflow/lib/python3.11/site-packages/airflow/example_dags/example_kubernetes_executor.py took 0.041 seconds
[2025-06-26T00:23:00.722+0200] {processor.py:153} INFO - Started process (PID=234595) to work on /home/monica.fernandez/practica_creativa/venv-airflow/lib/python3.11/site-packages/airflow/example_dags/example_kubernetes_executor.py
[2025-06-26T00:23:00.723+0200] {processor.py:743} INFO - Processing file /home/monica.fernandez/practica_creativa/venv-airflow/lib/python3.11/site-packages/airflow/example_dags/example_kubernetes_executor.py for tasks to queue
[2025-06-26T00:23:00.724+0200] {logging_mixin.py:137} INFO - [2025-06-26T00:23:00.723+0200] {dagbag.py:538} INFO - Filling up the DagBag from /home/monica.fernandez/practica_creativa/venv-airflow/lib/python3.11/site-packages/airflow/example_dags/example_kubernetes_executor.py
[2025-06-26T00:23:00.743+0200] {logging_mixin.py:137} INFO - [2025-06-26T00:23:00.743+0200] {example_kubernetes_executor.py:41} WARNING - The example_kubernetes_executor example DAG requires the kubernetes provider. Please install it with: pip install apache-airflow[cncf.kubernetes]
[2025-06-26T00:23:00.743+0200] {processor.py:755} WARNING - No viable dags retrieved from /home/monica.fernandez/practica_creativa/venv-airflow/lib/python3.11/site-packages/airflow/example_dags/example_kubernetes_executor.py
[2025-06-26T00:23:00.765+0200] {processor.py:175} INFO - Processing /home/monica.fernandez/practica_creativa/venv-airflow/lib/python3.11/site-packages/airflow/example_dags/example_kubernetes_executor.py took 0.045 seconds
[2025-06-26T00:23:54.582+0200] {processor.py:153} INFO - Started process (PID=235394) to work on /home/monica.fernandez/practica_creativa/venv-airflow/lib/python3.11/site-packages/airflow/example_dags/example_kubernetes_executor.py
[2025-06-26T00:23:54.583+0200] {processor.py:743} INFO - Processing file /home/monica.fernandez/practica_creativa/venv-airflow/lib/python3.11/site-packages/airflow/example_dags/example_kubernetes_executor.py for tasks to queue
[2025-06-26T00:23:54.584+0200] {logging_mixin.py:137} INFO - [2025-06-26T00:23:54.583+0200] {dagbag.py:538} INFO - Filling up the DagBag from /home/monica.fernandez/practica_creativa/venv-airflow/lib/python3.11/site-packages/airflow/example_dags/example_kubernetes_executor.py
[2025-06-26T00:23:54.599+0200] {logging_mixin.py:137} INFO - [2025-06-26T00:23:54.599+0200] {example_kubernetes_executor.py:41} WARNING - The example_kubernetes_executor example DAG requires the kubernetes provider. Please install it with: pip install apache-airflow[cncf.kubernetes]
[2025-06-26T00:23:54.599+0200] {processor.py:755} WARNING - No viable dags retrieved from /home/monica.fernandez/practica_creativa/venv-airflow/lib/python3.11/site-packages/airflow/example_dags/example_kubernetes_executor.py
[2025-06-26T00:23:54.620+0200] {processor.py:175} INFO - Processing /home/monica.fernandez/practica_creativa/venv-airflow/lib/python3.11/site-packages/airflow/example_dags/example_kubernetes_executor.py took 0.041 seconds
[2025-06-26T00:24:57.573+0200] {processor.py:153} INFO - Started process (PID=236456) to work on /home/monica.fernandez/practica_creativa/venv-airflow/lib/python3.11/site-packages/airflow/example_dags/example_kubernetes_executor.py
[2025-06-26T00:24:57.573+0200] {processor.py:743} INFO - Processing file /home/monica.fernandez/practica_creativa/venv-airflow/lib/python3.11/site-packages/airflow/example_dags/example_kubernetes_executor.py for tasks to queue
[2025-06-26T00:24:57.574+0200] {logging_mixin.py:137} INFO - [2025-06-26T00:24:57.574+0200] {dagbag.py:538} INFO - Filling up the DagBag from /home/monica.fernandez/practica_creativa/venv-airflow/lib/python3.11/site-packages/airflow/example_dags/example_kubernetes_executor.py
[2025-06-26T00:24:57.597+0200] {logging_mixin.py:137} INFO - [2025-06-26T00:24:57.596+0200] {example_kubernetes_executor.py:41} WARNING - The example_kubernetes_executor example DAG requires the kubernetes provider. Please install it with: pip install apache-airflow[cncf.kubernetes]
[2025-06-26T00:24:57.597+0200] {processor.py:755} WARNING - No viable dags retrieved from /home/monica.fernandez/practica_creativa/venv-airflow/lib/python3.11/site-packages/airflow/example_dags/example_kubernetes_executor.py
[2025-06-26T00:24:57.623+0200] {processor.py:175} INFO - Processing /home/monica.fernandez/practica_creativa/venv-airflow/lib/python3.11/site-packages/airflow/example_dags/example_kubernetes_executor.py took 0.053 seconds
[2025-06-26T00:25:50.884+0200] {processor.py:153} INFO - Started process (PID=237336) to work on /home/monica.fernandez/practica_creativa/venv-airflow/lib/python3.11/site-packages/airflow/example_dags/example_kubernetes_executor.py
[2025-06-26T00:25:50.885+0200] {processor.py:743} INFO - Processing file /home/monica.fernandez/practica_creativa/venv-airflow/lib/python3.11/site-packages/airflow/example_dags/example_kubernetes_executor.py for tasks to queue
[2025-06-26T00:25:50.886+0200] {logging_mixin.py:137} INFO - [2025-06-26T00:25:50.886+0200] {dagbag.py:538} INFO - Filling up the DagBag from /home/monica.fernandez/practica_creativa/venv-airflow/lib/python3.11/site-packages/airflow/example_dags/example_kubernetes_executor.py
[2025-06-26T00:25:50.908+0200] {logging_mixin.py:137} INFO - [2025-06-26T00:25:50.908+0200] {example_kubernetes_executor.py:41} WARNING - The example_kubernetes_executor example DAG requires the kubernetes provider. Please install it with: pip install apache-airflow[cncf.kubernetes]
[2025-06-26T00:25:50.908+0200] {processor.py:755} WARNING - No viable dags retrieved from /home/monica.fernandez/practica_creativa/venv-airflow/lib/python3.11/site-packages/airflow/example_dags/example_kubernetes_executor.py
[2025-06-26T00:25:50.926+0200] {processor.py:175} INFO - Processing /home/monica.fernandez/practica_creativa/venv-airflow/lib/python3.11/site-packages/airflow/example_dags/example_kubernetes_executor.py took 0.050 seconds
[2025-06-26T00:26:49.517+0200] {processor.py:153} INFO - Started process (PID=238166) to work on /home/monica.fernandez/practica_creativa/venv-airflow/lib/python3.11/site-packages/airflow/example_dags/example_kubernetes_executor.py
[2025-06-26T00:26:49.518+0200] {processor.py:743} INFO - Processing file /home/monica.fernandez/practica_creativa/venv-airflow/lib/python3.11/site-packages/airflow/example_dags/example_kubernetes_executor.py for tasks to queue
[2025-06-26T00:26:49.519+0200] {logging_mixin.py:137} INFO - [2025-06-26T00:26:49.519+0200] {dagbag.py:538} INFO - Filling up the DagBag from /home/monica.fernandez/practica_creativa/venv-airflow/lib/python3.11/site-packages/airflow/example_dags/example_kubernetes_executor.py
[2025-06-26T00:26:49.539+0200] {logging_mixin.py:137} INFO - [2025-06-26T00:26:49.539+0200] {example_kubernetes_executor.py:41} WARNING - The example_kubernetes_executor example DAG requires the kubernetes provider. Please install it with: pip install apache-airflow[cncf.kubernetes]
[2025-06-26T00:26:49.539+0200] {processor.py:755} WARNING - No viable dags retrieved from /home/monica.fernandez/practica_creativa/venv-airflow/lib/python3.11/site-packages/airflow/example_dags/example_kubernetes_executor.py
[2025-06-26T00:26:49.562+0200] {processor.py:175} INFO - Processing /home/monica.fernandez/practica_creativa/venv-airflow/lib/python3.11/site-packages/airflow/example_dags/example_kubernetes_executor.py took 0.048 seconds
