[2025-06-26T00:16:18.526+0200] {processor.py:153} INFO - Started process (PID=227612) to work on /home/monica.fernandez/practica_creativa/venv-airflow/lib/python3.11/site-packages/airflow/example_dags/example_bash_operator.py
[2025-06-26T00:16:18.528+0200] {processor.py:743} INFO - Processing file /home/monica.fernandez/practica_creativa/venv-airflow/lib/python3.11/site-packages/airflow/example_dags/example_bash_operator.py for tasks to queue
[2025-06-26T00:16:18.529+0200] {logging_mixin.py:137} INFO - [2025-06-26T00:16:18.529+0200] {dagbag.py:538} INFO - Filling up the DagBag from /home/monica.fernandez/practica_creativa/venv-airflow/lib/python3.11/site-packages/airflow/example_dags/example_bash_operator.py
[2025-06-26T00:16:18.588+0200] {processor.py:753} INFO - DAG(s) dict_keys(['example_bash_operator']) retrieved from /home/monica.fernandez/practica_creativa/venv-airflow/lib/python3.11/site-packages/airflow/example_dags/example_bash_operator.py
[2025-06-26T00:16:18.731+0200] {logging_mixin.py:137} INFO - [2025-06-26T00:16:18.730+0200] {dag.py:2690} INFO - Sync 1 DAGs
[2025-06-26T00:16:18.841+0200] {logging_mixin.py:137} INFO - [2025-06-26T00:16:18.841+0200] {dag.py:3437} INFO - Setting next_dagrun for example_bash_operator to 2025-06-24T00:00:00+00:00, run_after=2025-06-25T00:00:00+00:00
[2025-06-26T00:16:19.299+0200] {processor.py:175} INFO - Processing /home/monica.fernandez/practica_creativa/venv-airflow/lib/python3.11/site-packages/airflow/example_dags/example_bash_operator.py took 0.781 seconds
[2025-06-26T00:17:27.394+0200] {processor.py:153} INFO - Started process (PID=228532) to work on /home/monica.fernandez/practica_creativa/venv-airflow/lib/python3.11/site-packages/airflow/example_dags/example_bash_operator.py
[2025-06-26T00:17:27.396+0200] {processor.py:743} INFO - Processing file /home/monica.fernandez/practica_creativa/venv-airflow/lib/python3.11/site-packages/airflow/example_dags/example_bash_operator.py for tasks to queue
[2025-06-26T00:17:27.398+0200] {logging_mixin.py:137} INFO - [2025-06-26T00:17:27.397+0200] {dagbag.py:538} INFO - Filling up the DagBag from /home/monica.fernandez/practica_creativa/venv-airflow/lib/python3.11/site-packages/airflow/example_dags/example_bash_operator.py
[2025-06-26T00:17:27.454+0200] {processor.py:753} INFO - DAG(s) dict_keys(['example_bash_operator']) retrieved from /home/monica.fernandez/practica_creativa/venv-airflow/lib/python3.11/site-packages/airflow/example_dags/example_bash_operator.py
[2025-06-26T00:17:27.491+0200] {logging_mixin.py:137} INFO - [2025-06-26T00:17:27.491+0200] {dag.py:2690} INFO - Sync 1 DAGs
[2025-06-26T00:17:27.516+0200] {logging_mixin.py:137} INFO - [2025-06-26T00:17:27.516+0200] {dag.py:3437} INFO - Setting next_dagrun for example_bash_operator to 2025-06-24T00:00:00+00:00, run_after=2025-06-25T00:00:00+00:00
[2025-06-26T00:17:27.564+0200] {processor.py:175} INFO - Processing /home/monica.fernandez/practica_creativa/venv-airflow/lib/python3.11/site-packages/airflow/example_dags/example_bash_operator.py took 0.178 seconds
[2025-06-26T00:22:28.802+0200] {processor.py:153} INFO - Started process (PID=234146) to work on /home/monica.fernandez/practica_creativa/venv-airflow/lib/python3.11/site-packages/airflow/example_dags/example_bash_operator.py
[2025-06-26T00:22:28.803+0200] {processor.py:743} INFO - Processing file /home/monica.fernandez/practica_creativa/venv-airflow/lib/python3.11/site-packages/airflow/example_dags/example_bash_operator.py for tasks to queue
[2025-06-26T00:22:28.804+0200] {logging_mixin.py:137} INFO - [2025-06-26T00:22:28.804+0200] {dagbag.py:538} INFO - Filling up the DagBag from /home/monica.fernandez/practica_creativa/venv-airflow/lib/python3.11/site-packages/airflow/example_dags/example_bash_operator.py
[2025-06-26T00:22:28.832+0200] {processor.py:753} INFO - DAG(s) dict_keys(['example_bash_operator']) retrieved from /home/monica.fernandez/practica_creativa/venv-airflow/lib/python3.11/site-packages/airflow/example_dags/example_bash_operator.py
[2025-06-26T00:22:28.867+0200] {logging_mixin.py:137} INFO - [2025-06-26T00:22:28.867+0200] {dag.py:2690} INFO - Sync 1 DAGs
[2025-06-26T00:22:28.889+0200] {logging_mixin.py:137} INFO - [2025-06-26T00:22:28.889+0200] {dag.py:3437} INFO - Setting next_dagrun for example_bash_operator to 2025-06-24T00:00:00+00:00, run_after=2025-06-25T00:00:00+00:00
[2025-06-26T00:22:28.941+0200] {processor.py:175} INFO - Processing /home/monica.fernandez/practica_creativa/venv-airflow/lib/python3.11/site-packages/airflow/example_dags/example_bash_operator.py took 0.145 seconds
[2025-06-26T00:23:18.945+0200] {processor.py:153} INFO - Started process (PID=234862) to work on /home/monica.fernandez/practica_creativa/venv-airflow/lib/python3.11/site-packages/airflow/example_dags/example_bash_operator.py
[2025-06-26T00:23:18.947+0200] {processor.py:743} INFO - Processing file /home/monica.fernandez/practica_creativa/venv-airflow/lib/python3.11/site-packages/airflow/example_dags/example_bash_operator.py for tasks to queue
[2025-06-26T00:23:18.948+0200] {logging_mixin.py:137} INFO - [2025-06-26T00:23:18.948+0200] {dagbag.py:538} INFO - Filling up the DagBag from /home/monica.fernandez/practica_creativa/venv-airflow/lib/python3.11/site-packages/airflow/example_dags/example_bash_operator.py
[2025-06-26T00:23:18.977+0200] {processor.py:753} INFO - DAG(s) dict_keys(['example_bash_operator']) retrieved from /home/monica.fernandez/practica_creativa/venv-airflow/lib/python3.11/site-packages/airflow/example_dags/example_bash_operator.py
[2025-06-26T00:23:19.044+0200] {logging_mixin.py:137} INFO - [2025-06-26T00:23:19.043+0200] {dag.py:2690} INFO - Sync 1 DAGs
[2025-06-26T00:23:19.094+0200] {logging_mixin.py:137} INFO - [2025-06-26T00:23:19.094+0200] {dag.py:3437} INFO - Setting next_dagrun for example_bash_operator to 2025-06-24T00:00:00+00:00, run_after=2025-06-25T00:00:00+00:00
[2025-06-26T00:23:19.188+0200] {processor.py:175} INFO - Processing /home/monica.fernandez/practica_creativa/venv-airflow/lib/python3.11/site-packages/airflow/example_dags/example_bash_operator.py took 0.251 seconds
[2025-06-26T00:24:18.661+0200] {processor.py:153} INFO - Started process (PID=235755) to work on /home/monica.fernandez/practica_creativa/venv-airflow/lib/python3.11/site-packages/airflow/example_dags/example_bash_operator.py
[2025-06-26T00:24:18.663+0200] {processor.py:743} INFO - Processing file /home/monica.fernandez/practica_creativa/venv-airflow/lib/python3.11/site-packages/airflow/example_dags/example_bash_operator.py for tasks to queue
[2025-06-26T00:24:18.665+0200] {logging_mixin.py:137} INFO - [2025-06-26T00:24:18.664+0200] {dagbag.py:538} INFO - Filling up the DagBag from /home/monica.fernandez/practica_creativa/venv-airflow/lib/python3.11/site-packages/airflow/example_dags/example_bash_operator.py
[2025-06-26T00:24:18.705+0200] {processor.py:753} INFO - DAG(s) dict_keys(['example_bash_operator']) retrieved from /home/monica.fernandez/practica_creativa/venv-airflow/lib/python3.11/site-packages/airflow/example_dags/example_bash_operator.py
[2025-06-26T00:24:18.744+0200] {logging_mixin.py:137} INFO - [2025-06-26T00:24:18.744+0200] {dag.py:2690} INFO - Sync 1 DAGs
[2025-06-26T00:24:18.765+0200] {logging_mixin.py:137} INFO - [2025-06-26T00:24:18.765+0200] {dag.py:3437} INFO - Setting next_dagrun for example_bash_operator to 2025-06-24T00:00:00+00:00, run_after=2025-06-25T00:00:00+00:00
[2025-06-26T00:24:18.810+0200] {processor.py:175} INFO - Processing /home/monica.fernandez/practica_creativa/venv-airflow/lib/python3.11/site-packages/airflow/example_dags/example_bash_operator.py took 0.157 seconds
[2025-06-26T00:25:23.172+0200] {processor.py:153} INFO - Started process (PID=236885) to work on /home/monica.fernandez/practica_creativa/venv-airflow/lib/python3.11/site-packages/airflow/example_dags/example_bash_operator.py
[2025-06-26T00:25:23.173+0200] {processor.py:743} INFO - Processing file /home/monica.fernandez/practica_creativa/venv-airflow/lib/python3.11/site-packages/airflow/example_dags/example_bash_operator.py for tasks to queue
[2025-06-26T00:25:23.174+0200] {logging_mixin.py:137} INFO - [2025-06-26T00:25:23.173+0200] {dagbag.py:538} INFO - Filling up the DagBag from /home/monica.fernandez/practica_creativa/venv-airflow/lib/python3.11/site-packages/airflow/example_dags/example_bash_operator.py
[2025-06-26T00:25:23.189+0200] {processor.py:753} INFO - DAG(s) dict_keys(['example_bash_operator']) retrieved from /home/monica.fernandez/practica_creativa/venv-airflow/lib/python3.11/site-packages/airflow/example_dags/example_bash_operator.py
[2025-06-26T00:25:23.219+0200] {logging_mixin.py:137} INFO - [2025-06-26T00:25:23.219+0200] {dag.py:2690} INFO - Sync 1 DAGs
[2025-06-26T00:25:23.241+0200] {logging_mixin.py:137} INFO - [2025-06-26T00:25:23.241+0200] {dag.py:3437} INFO - Setting next_dagrun for example_bash_operator to 2025-06-24T00:00:00+00:00, run_after=2025-06-25T00:00:00+00:00
[2025-06-26T00:25:23.395+0200] {processor.py:175} INFO - Processing /home/monica.fernandez/practica_creativa/venv-airflow/lib/python3.11/site-packages/airflow/example_dags/example_bash_operator.py took 0.225 seconds
[2025-06-26T00:26:17.055+0200] {processor.py:153} INFO - Started process (PID=237697) to work on /home/monica.fernandez/practica_creativa/venv-airflow/lib/python3.11/site-packages/airflow/example_dags/example_bash_operator.py
[2025-06-26T00:26:17.057+0200] {processor.py:743} INFO - Processing file /home/monica.fernandez/practica_creativa/venv-airflow/lib/python3.11/site-packages/airflow/example_dags/example_bash_operator.py for tasks to queue
[2025-06-26T00:26:17.059+0200] {logging_mixin.py:137} INFO - [2025-06-26T00:26:17.058+0200] {dagbag.py:538} INFO - Filling up the DagBag from /home/monica.fernandez/practica_creativa/venv-airflow/lib/python3.11/site-packages/airflow/example_dags/example_bash_operator.py
[2025-06-26T00:26:17.084+0200] {processor.py:753} INFO - DAG(s) dict_keys(['example_bash_operator']) retrieved from /home/monica.fernandez/practica_creativa/venv-airflow/lib/python3.11/site-packages/airflow/example_dags/example_bash_operator.py
[2025-06-26T00:26:17.116+0200] {logging_mixin.py:137} INFO - [2025-06-26T00:26:17.116+0200] {dag.py:2690} INFO - Sync 1 DAGs
[2025-06-26T00:26:17.245+0200] {logging_mixin.py:137} INFO - [2025-06-26T00:26:17.245+0200] {dag.py:3437} INFO - Setting next_dagrun for example_bash_operator to 2025-06-24T00:00:00+00:00, run_after=2025-06-25T00:00:00+00:00
[2025-06-26T00:26:17.301+0200] {processor.py:175} INFO - Processing /home/monica.fernandez/practica_creativa/venv-airflow/lib/python3.11/site-packages/airflow/example_dags/example_bash_operator.py took 0.253 seconds
