[2025-06-26T00:15:38.207+0200] {processor.py:153} INFO - Started process (PID=226994) to work on /home/monica.fernandez/practica_creativa/venv-airflow/lib/python3.11/site-packages/airflow/example_dags/example_task_group_decorator.py
[2025-06-26T00:15:38.208+0200] {processor.py:743} INFO - Processing file /home/monica.fernandez/practica_creativa/venv-airflow/lib/python3.11/site-packages/airflow/example_dags/example_task_group_decorator.py for tasks to queue
[2025-06-26T00:15:38.208+0200] {logging_mixin.py:137} INFO - [2025-06-26T00:15:38.208+0200] {dagbag.py:538} INFO - Filling up the DagBag from /home/monica.fernandez/practica_creativa/venv-airflow/lib/python3.11/site-packages/airflow/example_dags/example_task_group_decorator.py
[2025-06-26T00:15:38.244+0200] {processor.py:753} INFO - DAG(s) dict_keys(['example_task_group_decorator']) retrieved from /home/monica.fernandez/practica_creativa/venv-airflow/lib/python3.11/site-packages/airflow/example_dags/example_task_group_decorator.py
[2025-06-26T00:15:38.271+0200] {logging_mixin.py:137} INFO - [2025-06-26T00:15:38.271+0200] {dag.py:2690} INFO - Sync 1 DAGs
[2025-06-26T00:15:38.296+0200] {logging_mixin.py:137} INFO - [2025-06-26T00:15:38.296+0200] {dag.py:3437} INFO - Setting next_dagrun for example_task_group_decorator to 2025-06-24T22:15:38.296035+00:00, run_after=2025-06-25T22:15:38.296035+00:00
[2025-06-26T00:15:38.345+0200] {processor.py:175} INFO - Processing /home/monica.fernandez/practica_creativa/venv-airflow/lib/python3.11/site-packages/airflow/example_dags/example_task_group_decorator.py took 0.141 seconds
[2025-06-26T00:16:45.502+0200] {processor.py:153} INFO - Started process (PID=228006) to work on /home/monica.fernandez/practica_creativa/venv-airflow/lib/python3.11/site-packages/airflow/example_dags/example_task_group_decorator.py
[2025-06-26T00:16:45.503+0200] {processor.py:743} INFO - Processing file /home/monica.fernandez/practica_creativa/venv-airflow/lib/python3.11/site-packages/airflow/example_dags/example_task_group_decorator.py for tasks to queue
[2025-06-26T00:16:45.503+0200] {logging_mixin.py:137} INFO - [2025-06-26T00:16:45.503+0200] {dagbag.py:538} INFO - Filling up the DagBag from /home/monica.fernandez/practica_creativa/venv-airflow/lib/python3.11/site-packages/airflow/example_dags/example_task_group_decorator.py
[2025-06-26T00:16:45.534+0200] {processor.py:753} INFO - DAG(s) dict_keys(['example_task_group_decorator']) retrieved from /home/monica.fernandez/practica_creativa/venv-airflow/lib/python3.11/site-packages/airflow/example_dags/example_task_group_decorator.py
[2025-06-26T00:16:45.564+0200] {logging_mixin.py:137} INFO - [2025-06-26T00:16:45.563+0200] {dag.py:2690} INFO - Sync 1 DAGs
[2025-06-26T00:16:45.587+0200] {logging_mixin.py:137} INFO - [2025-06-26T00:16:45.587+0200] {dag.py:3437} INFO - Setting next_dagrun for example_task_group_decorator to 2025-06-24T22:16:45.586997+00:00, run_after=2025-06-25T22:16:45.586997+00:00
[2025-06-26T00:16:45.637+0200] {processor.py:175} INFO - Processing /home/monica.fernandez/practica_creativa/venv-airflow/lib/python3.11/site-packages/airflow/example_dags/example_task_group_decorator.py took 0.139 seconds
[2025-06-26T00:17:38.644+0200] {processor.py:153} INFO - Started process (PID=228667) to work on /home/monica.fernandez/practica_creativa/venv-airflow/lib/python3.11/site-packages/airflow/example_dags/example_task_group_decorator.py
[2025-06-26T00:17:38.644+0200] {processor.py:743} INFO - Processing file /home/monica.fernandez/practica_creativa/venv-airflow/lib/python3.11/site-packages/airflow/example_dags/example_task_group_decorator.py for tasks to queue
[2025-06-26T00:17:38.645+0200] {logging_mixin.py:137} INFO - [2025-06-26T00:17:38.645+0200] {dagbag.py:538} INFO - Filling up the DagBag from /home/monica.fernandez/practica_creativa/venv-airflow/lib/python3.11/site-packages/airflow/example_dags/example_task_group_decorator.py
[2025-06-26T00:17:38.681+0200] {processor.py:753} INFO - DAG(s) dict_keys(['example_task_group_decorator']) retrieved from /home/monica.fernandez/practica_creativa/venv-airflow/lib/python3.11/site-packages/airflow/example_dags/example_task_group_decorator.py
[2025-06-26T00:17:38.721+0200] {logging_mixin.py:137} INFO - [2025-06-26T00:17:38.721+0200] {dag.py:2690} INFO - Sync 1 DAGs
[2025-06-26T00:17:38.751+0200] {logging_mixin.py:137} INFO - [2025-06-26T00:17:38.751+0200] {dag.py:3437} INFO - Setting next_dagrun for example_task_group_decorator to 2025-06-24T22:17:38.751545+00:00, run_after=2025-06-25T22:17:38.751545+00:00
[2025-06-26T00:17:38.809+0200] {processor.py:175} INFO - Processing /home/monica.fernandez/practica_creativa/venv-airflow/lib/python3.11/site-packages/airflow/example_dags/example_task_group_decorator.py took 0.168 seconds
[2025-06-26T00:21:58.242+0200] {processor.py:153} INFO - Started process (PID=233706) to work on /home/monica.fernandez/practica_creativa/venv-airflow/lib/python3.11/site-packages/airflow/example_dags/example_task_group_decorator.py
[2025-06-26T00:21:58.243+0200] {processor.py:743} INFO - Processing file /home/monica.fernandez/practica_creativa/venv-airflow/lib/python3.11/site-packages/airflow/example_dags/example_task_group_decorator.py for tasks to queue
[2025-06-26T00:21:58.243+0200] {logging_mixin.py:137} INFO - [2025-06-26T00:21:58.243+0200] {dagbag.py:538} INFO - Filling up the DagBag from /home/monica.fernandez/practica_creativa/venv-airflow/lib/python3.11/site-packages/airflow/example_dags/example_task_group_decorator.py
[2025-06-26T00:21:58.268+0200] {processor.py:753} INFO - DAG(s) dict_keys(['example_task_group_decorator']) retrieved from /home/monica.fernandez/practica_creativa/venv-airflow/lib/python3.11/site-packages/airflow/example_dags/example_task_group_decorator.py
[2025-06-26T00:21:58.311+0200] {logging_mixin.py:137} INFO - [2025-06-26T00:21:58.311+0200] {dag.py:2690} INFO - Sync 1 DAGs
[2025-06-26T00:21:58.338+0200] {logging_mixin.py:137} INFO - [2025-06-26T00:21:58.338+0200] {dag.py:3437} INFO - Setting next_dagrun for example_task_group_decorator to 2025-06-24T22:21:58.338220+00:00, run_after=2025-06-25T22:21:58.338220+00:00
[2025-06-26T00:21:58.410+0200] {processor.py:175} INFO - Processing /home/monica.fernandez/practica_creativa/venv-airflow/lib/python3.11/site-packages/airflow/example_dags/example_task_group_decorator.py took 0.171 seconds
[2025-06-26T00:22:44.094+0200] {processor.py:153} INFO - Started process (PID=234428) to work on /home/monica.fernandez/practica_creativa/venv-airflow/lib/python3.11/site-packages/airflow/example_dags/example_task_group_decorator.py
[2025-06-26T00:22:44.095+0200] {processor.py:743} INFO - Processing file /home/monica.fernandez/practica_creativa/venv-airflow/lib/python3.11/site-packages/airflow/example_dags/example_task_group_decorator.py for tasks to queue
[2025-06-26T00:22:44.095+0200] {logging_mixin.py:137} INFO - [2025-06-26T00:22:44.095+0200] {dagbag.py:538} INFO - Filling up the DagBag from /home/monica.fernandez/practica_creativa/venv-airflow/lib/python3.11/site-packages/airflow/example_dags/example_task_group_decorator.py
[2025-06-26T00:22:44.121+0200] {processor.py:753} INFO - DAG(s) dict_keys(['example_task_group_decorator']) retrieved from /home/monica.fernandez/practica_creativa/venv-airflow/lib/python3.11/site-packages/airflow/example_dags/example_task_group_decorator.py
[2025-06-26T00:22:44.151+0200] {logging_mixin.py:137} INFO - [2025-06-26T00:22:44.151+0200] {dag.py:2690} INFO - Sync 1 DAGs
[2025-06-26T00:22:44.175+0200] {logging_mixin.py:137} INFO - [2025-06-26T00:22:44.175+0200] {dag.py:3437} INFO - Setting next_dagrun for example_task_group_decorator to 2025-06-24T22:22:44.175557+00:00, run_after=2025-06-25T22:22:44.175557+00:00
[2025-06-26T00:22:44.237+0200] {processor.py:175} INFO - Processing /home/monica.fernandez/practica_creativa/venv-airflow/lib/python3.11/site-packages/airflow/example_dags/example_task_group_decorator.py took 0.146 seconds
[2025-06-26T00:23:34.229+0200] {processor.py:153} INFO - Started process (PID=235068) to work on /home/monica.fernandez/practica_creativa/venv-airflow/lib/python3.11/site-packages/airflow/example_dags/example_task_group_decorator.py
[2025-06-26T00:23:34.231+0200] {processor.py:743} INFO - Processing file /home/monica.fernandez/practica_creativa/venv-airflow/lib/python3.11/site-packages/airflow/example_dags/example_task_group_decorator.py for tasks to queue
[2025-06-26T00:23:34.233+0200] {logging_mixin.py:137} INFO - [2025-06-26T00:23:34.232+0200] {dagbag.py:538} INFO - Filling up the DagBag from /home/monica.fernandez/practica_creativa/venv-airflow/lib/python3.11/site-packages/airflow/example_dags/example_task_group_decorator.py
[2025-06-26T00:23:34.301+0200] {processor.py:753} INFO - DAG(s) dict_keys(['example_task_group_decorator']) retrieved from /home/monica.fernandez/practica_creativa/venv-airflow/lib/python3.11/site-packages/airflow/example_dags/example_task_group_decorator.py
[2025-06-26T00:23:34.340+0200] {logging_mixin.py:137} INFO - [2025-06-26T00:23:34.340+0200] {dag.py:2690} INFO - Sync 1 DAGs
[2025-06-26T00:23:34.370+0200] {logging_mixin.py:137} INFO - [2025-06-26T00:23:34.369+0200] {dag.py:3437} INFO - Setting next_dagrun for example_task_group_decorator to 2025-06-24T22:23:34.369636+00:00, run_after=2025-06-25T22:23:34.369636+00:00
[2025-06-26T00:23:34.432+0200] {processor.py:175} INFO - Processing /home/monica.fernandez/practica_creativa/venv-airflow/lib/python3.11/site-packages/airflow/example_dags/example_task_group_decorator.py took 0.211 seconds
[2025-06-26T00:24:26.578+0200] {processor.py:153} INFO - Started process (PID=235856) to work on /home/monica.fernandez/practica_creativa/venv-airflow/lib/python3.11/site-packages/airflow/example_dags/example_task_group_decorator.py
[2025-06-26T00:24:26.579+0200] {processor.py:743} INFO - Processing file /home/monica.fernandez/practica_creativa/venv-airflow/lib/python3.11/site-packages/airflow/example_dags/example_task_group_decorator.py for tasks to queue
[2025-06-26T00:24:26.579+0200] {logging_mixin.py:137} INFO - [2025-06-26T00:24:26.579+0200] {dagbag.py:538} INFO - Filling up the DagBag from /home/monica.fernandez/practica_creativa/venv-airflow/lib/python3.11/site-packages/airflow/example_dags/example_task_group_decorator.py
[2025-06-26T00:24:26.600+0200] {processor.py:753} INFO - DAG(s) dict_keys(['example_task_group_decorator']) retrieved from /home/monica.fernandez/practica_creativa/venv-airflow/lib/python3.11/site-packages/airflow/example_dags/example_task_group_decorator.py
[2025-06-26T00:24:26.630+0200] {logging_mixin.py:137} INFO - [2025-06-26T00:24:26.630+0200] {dag.py:2690} INFO - Sync 1 DAGs
[2025-06-26T00:24:26.652+0200] {logging_mixin.py:137} INFO - [2025-06-26T00:24:26.652+0200] {dag.py:3437} INFO - Setting next_dagrun for example_task_group_decorator to 2025-06-24T22:24:26.652254+00:00, run_after=2025-06-25T22:24:26.652254+00:00
[2025-06-26T00:24:26.705+0200] {processor.py:175} INFO - Processing /home/monica.fernandez/practica_creativa/venv-airflow/lib/python3.11/site-packages/airflow/example_dags/example_task_group_decorator.py took 0.129 seconds
[2025-06-26T00:25:08.690+0200] {processor.py:153} INFO - Started process (PID=236640) to work on /home/monica.fernandez/practica_creativa/venv-airflow/lib/python3.11/site-packages/airflow/example_dags/example_task_group_decorator.py
[2025-06-26T00:25:08.691+0200] {processor.py:743} INFO - Processing file /home/monica.fernandez/practica_creativa/venv-airflow/lib/python3.11/site-packages/airflow/example_dags/example_task_group_decorator.py for tasks to queue
[2025-06-26T00:25:08.692+0200] {logging_mixin.py:137} INFO - [2025-06-26T00:25:08.692+0200] {dagbag.py:538} INFO - Filling up the DagBag from /home/monica.fernandez/practica_creativa/venv-airflow/lib/python3.11/site-packages/airflow/example_dags/example_task_group_decorator.py
[2025-06-26T00:25:08.717+0200] {processor.py:753} INFO - DAG(s) dict_keys(['example_task_group_decorator']) retrieved from /home/monica.fernandez/practica_creativa/venv-airflow/lib/python3.11/site-packages/airflow/example_dags/example_task_group_decorator.py
[2025-06-26T00:25:08.753+0200] {logging_mixin.py:137} INFO - [2025-06-26T00:25:08.753+0200] {dag.py:2690} INFO - Sync 1 DAGs
[2025-06-26T00:25:08.778+0200] {logging_mixin.py:137} INFO - [2025-06-26T00:25:08.778+0200] {dag.py:3437} INFO - Setting next_dagrun for example_task_group_decorator to 2025-06-24T22:25:08.778076+00:00, run_after=2025-06-25T22:25:08.778076+00:00
[2025-06-26T00:25:08.979+0200] {processor.py:175} INFO - Processing /home/monica.fernandez/practica_creativa/venv-airflow/lib/python3.11/site-packages/airflow/example_dags/example_task_group_decorator.py took 0.292 seconds
[2025-06-26T00:25:46.873+0200] {processor.py:153} INFO - Started process (PID=237278) to work on /home/monica.fernandez/practica_creativa/venv-airflow/lib/python3.11/site-packages/airflow/example_dags/example_task_group_decorator.py
[2025-06-26T00:25:46.875+0200] {processor.py:743} INFO - Processing file /home/monica.fernandez/practica_creativa/venv-airflow/lib/python3.11/site-packages/airflow/example_dags/example_task_group_decorator.py for tasks to queue
[2025-06-26T00:25:46.875+0200] {logging_mixin.py:137} INFO - [2025-06-26T00:25:46.875+0200] {dagbag.py:538} INFO - Filling up the DagBag from /home/monica.fernandez/practica_creativa/venv-airflow/lib/python3.11/site-packages/airflow/example_dags/example_task_group_decorator.py
[2025-06-26T00:25:46.917+0200] {processor.py:753} INFO - DAG(s) dict_keys(['example_task_group_decorator']) retrieved from /home/monica.fernandez/practica_creativa/venv-airflow/lib/python3.11/site-packages/airflow/example_dags/example_task_group_decorator.py
[2025-06-26T00:25:46.978+0200] {logging_mixin.py:137} INFO - [2025-06-26T00:25:46.978+0200] {dag.py:2690} INFO - Sync 1 DAGs
[2025-06-26T00:25:47.116+0200] {logging_mixin.py:137} INFO - [2025-06-26T00:25:47.115+0200] {dag.py:3437} INFO - Setting next_dagrun for example_task_group_decorator to 2025-06-24T22:25:47.115796+00:00, run_after=2025-06-25T22:25:47.115796+00:00
[2025-06-26T00:25:47.169+0200] {processor.py:175} INFO - Processing /home/monica.fernandez/practica_creativa/venv-airflow/lib/python3.11/site-packages/airflow/example_dags/example_task_group_decorator.py took 0.301 seconds
[2025-06-26T00:26:29.213+0200] {processor.py:153} INFO - Started process (PID=237835) to work on /home/monica.fernandez/practica_creativa/venv-airflow/lib/python3.11/site-packages/airflow/example_dags/example_task_group_decorator.py
[2025-06-26T00:26:29.213+0200] {processor.py:743} INFO - Processing file /home/monica.fernandez/practica_creativa/venv-airflow/lib/python3.11/site-packages/airflow/example_dags/example_task_group_decorator.py for tasks to queue
[2025-06-26T00:26:29.214+0200] {logging_mixin.py:137} INFO - [2025-06-26T00:26:29.214+0200] {dagbag.py:538} INFO - Filling up the DagBag from /home/monica.fernandez/practica_creativa/venv-airflow/lib/python3.11/site-packages/airflow/example_dags/example_task_group_decorator.py
[2025-06-26T00:26:29.236+0200] {processor.py:753} INFO - DAG(s) dict_keys(['example_task_group_decorator']) retrieved from /home/monica.fernandez/practica_creativa/venv-airflow/lib/python3.11/site-packages/airflow/example_dags/example_task_group_decorator.py
[2025-06-26T00:26:29.268+0200] {logging_mixin.py:137} INFO - [2025-06-26T00:26:29.268+0200] {dag.py:2690} INFO - Sync 1 DAGs
[2025-06-26T00:26:29.413+0200] {logging_mixin.py:137} INFO - [2025-06-26T00:26:29.413+0200] {dag.py:3437} INFO - Setting next_dagrun for example_task_group_decorator to 2025-06-24T22:26:29.413159+00:00, run_after=2025-06-25T22:26:29.413159+00:00
[2025-06-26T00:26:29.472+0200] {processor.py:175} INFO - Processing /home/monica.fernandez/practica_creativa/venv-airflow/lib/python3.11/site-packages/airflow/example_dags/example_task_group_decorator.py took 0.262 seconds
