[2025-06-26T00:15:57.040+0200] {processor.py:153} INFO - Started process (PID=227308) to work on /home/monica.fernandez/practica_creativa/venv-airflow/lib/python3.11/site-packages/airflow/example_dags/example_dynamic_task_mapping.py
[2025-06-26T00:15:57.042+0200] {processor.py:743} INFO - Processing file /home/monica.fernandez/practica_creativa/venv-airflow/lib/python3.11/site-packages/airflow/example_dags/example_dynamic_task_mapping.py for tasks to queue
[2025-06-26T00:15:57.043+0200] {logging_mixin.py:137} INFO - [2025-06-26T00:15:57.042+0200] {dagbag.py:538} INFO - Filling up the DagBag from /home/monica.fernandez/practica_creativa/venv-airflow/lib/python3.11/site-packages/airflow/example_dags/example_dynamic_task_mapping.py
[2025-06-26T00:15:57.071+0200] {processor.py:753} INFO - DAG(s) dict_keys(['example_dynamic_task_mapping']) retrieved from /home/monica.fernandez/practica_creativa/venv-airflow/lib/python3.11/site-packages/airflow/example_dags/example_dynamic_task_mapping.py
[2025-06-26T00:15:57.095+0200] {logging_mixin.py:137} INFO - [2025-06-26T00:15:57.094+0200] {dag.py:2690} INFO - Sync 1 DAGs
[2025-06-26T00:15:57.116+0200] {logging_mixin.py:137} INFO - [2025-06-26T00:15:57.116+0200] {dag.py:3437} INFO - Setting next_dagrun for example_dynamic_task_mapping to 2022-03-04T00:00:00+00:00, run_after=2022-03-05T00:00:00+00:00
[2025-06-26T00:15:57.163+0200] {processor.py:175} INFO - Processing /home/monica.fernandez/practica_creativa/venv-airflow/lib/python3.11/site-packages/airflow/example_dags/example_dynamic_task_mapping.py took 0.129 seconds
[2025-06-26T00:17:13.365+0200] {processor.py:153} INFO - Started process (PID=228411) to work on /home/monica.fernandez/practica_creativa/venv-airflow/lib/python3.11/site-packages/airflow/example_dags/example_dynamic_task_mapping.py
[2025-06-26T00:17:13.366+0200] {processor.py:743} INFO - Processing file /home/monica.fernandez/practica_creativa/venv-airflow/lib/python3.11/site-packages/airflow/example_dags/example_dynamic_task_mapping.py for tasks to queue
[2025-06-26T00:17:13.366+0200] {logging_mixin.py:137} INFO - [2025-06-26T00:17:13.366+0200] {dagbag.py:538} INFO - Filling up the DagBag from /home/monica.fernandez/practica_creativa/venv-airflow/lib/python3.11/site-packages/airflow/example_dags/example_dynamic_task_mapping.py
[2025-06-26T00:17:13.390+0200] {processor.py:753} INFO - DAG(s) dict_keys(['example_dynamic_task_mapping']) retrieved from /home/monica.fernandez/practica_creativa/venv-airflow/lib/python3.11/site-packages/airflow/example_dags/example_dynamic_task_mapping.py
[2025-06-26T00:17:13.417+0200] {logging_mixin.py:137} INFO - [2025-06-26T00:17:13.417+0200] {dag.py:2690} INFO - Sync 1 DAGs
[2025-06-26T00:17:13.441+0200] {logging_mixin.py:137} INFO - [2025-06-26T00:17:13.441+0200] {dag.py:3437} INFO - Setting next_dagrun for example_dynamic_task_mapping to 2022-03-04T00:00:00+00:00, run_after=2022-03-05T00:00:00+00:00
[2025-06-26T00:17:13.487+0200] {processor.py:175} INFO - Processing /home/monica.fernandez/practica_creativa/venv-airflow/lib/python3.11/site-packages/airflow/example_dags/example_dynamic_task_mapping.py took 0.124 seconds
[2025-06-26T00:22:16.261+0200] {processor.py:153} INFO - Started process (PID=233980) to work on /home/monica.fernandez/practica_creativa/venv-airflow/lib/python3.11/site-packages/airflow/example_dags/example_dynamic_task_mapping.py
[2025-06-26T00:22:16.262+0200] {processor.py:743} INFO - Processing file /home/monica.fernandez/practica_creativa/venv-airflow/lib/python3.11/site-packages/airflow/example_dags/example_dynamic_task_mapping.py for tasks to queue
[2025-06-26T00:22:16.263+0200] {logging_mixin.py:137} INFO - [2025-06-26T00:22:16.262+0200] {dagbag.py:538} INFO - Filling up the DagBag from /home/monica.fernandez/practica_creativa/venv-airflow/lib/python3.11/site-packages/airflow/example_dags/example_dynamic_task_mapping.py
[2025-06-26T00:22:16.283+0200] {processor.py:753} INFO - DAG(s) dict_keys(['example_dynamic_task_mapping']) retrieved from /home/monica.fernandez/practica_creativa/venv-airflow/lib/python3.11/site-packages/airflow/example_dags/example_dynamic_task_mapping.py
[2025-06-26T00:22:16.320+0200] {logging_mixin.py:137} INFO - [2025-06-26T00:22:16.320+0200] {dag.py:2690} INFO - Sync 1 DAGs
[2025-06-26T00:22:16.345+0200] {logging_mixin.py:137} INFO - [2025-06-26T00:22:16.345+0200] {dag.py:3437} INFO - Setting next_dagrun for example_dynamic_task_mapping to 2022-03-04T00:00:00+00:00, run_after=2022-03-05T00:00:00+00:00
[2025-06-26T00:22:16.404+0200] {processor.py:175} INFO - Processing /home/monica.fernandez/practica_creativa/venv-airflow/lib/python3.11/site-packages/airflow/example_dags/example_dynamic_task_mapping.py took 0.147 seconds
[2025-06-26T00:23:06.670+0200] {processor.py:153} INFO - Started process (PID=234676) to work on /home/monica.fernandez/practica_creativa/venv-airflow/lib/python3.11/site-packages/airflow/example_dags/example_dynamic_task_mapping.py
[2025-06-26T00:23:06.672+0200] {processor.py:743} INFO - Processing file /home/monica.fernandez/practica_creativa/venv-airflow/lib/python3.11/site-packages/airflow/example_dags/example_dynamic_task_mapping.py for tasks to queue
[2025-06-26T00:23:06.673+0200] {logging_mixin.py:137} INFO - [2025-06-26T00:23:06.673+0200] {dagbag.py:538} INFO - Filling up the DagBag from /home/monica.fernandez/practica_creativa/venv-airflow/lib/python3.11/site-packages/airflow/example_dags/example_dynamic_task_mapping.py
[2025-06-26T00:23:06.705+0200] {processor.py:753} INFO - DAG(s) dict_keys(['example_dynamic_task_mapping']) retrieved from /home/monica.fernandez/practica_creativa/venv-airflow/lib/python3.11/site-packages/airflow/example_dags/example_dynamic_task_mapping.py
[2025-06-26T00:23:06.731+0200] {logging_mixin.py:137} INFO - [2025-06-26T00:23:06.731+0200] {dag.py:2690} INFO - Sync 1 DAGs
[2025-06-26T00:23:06.752+0200] {logging_mixin.py:137} INFO - [2025-06-26T00:23:06.752+0200] {dag.py:3437} INFO - Setting next_dagrun for example_dynamic_task_mapping to 2022-03-04T00:00:00+00:00, run_after=2022-03-05T00:00:00+00:00
[2025-06-26T00:23:06.808+0200] {processor.py:175} INFO - Processing /home/monica.fernandez/practica_creativa/venv-airflow/lib/python3.11/site-packages/airflow/example_dags/example_dynamic_task_mapping.py took 0.146 seconds
[2025-06-26T00:23:56.720+0200] {processor.py:153} INFO - Started process (PID=235413) to work on /home/monica.fernandez/practica_creativa/venv-airflow/lib/python3.11/site-packages/airflow/example_dags/example_dynamic_task_mapping.py
[2025-06-26T00:23:56.722+0200] {processor.py:743} INFO - Processing file /home/monica.fernandez/practica_creativa/venv-airflow/lib/python3.11/site-packages/airflow/example_dags/example_dynamic_task_mapping.py for tasks to queue
[2025-06-26T00:23:56.724+0200] {logging_mixin.py:137} INFO - [2025-06-26T00:23:56.724+0200] {dagbag.py:538} INFO - Filling up the DagBag from /home/monica.fernandez/practica_creativa/venv-airflow/lib/python3.11/site-packages/airflow/example_dags/example_dynamic_task_mapping.py
[2025-06-26T00:23:56.782+0200] {processor.py:753} INFO - DAG(s) dict_keys(['example_dynamic_task_mapping']) retrieved from /home/monica.fernandez/practica_creativa/venv-airflow/lib/python3.11/site-packages/airflow/example_dags/example_dynamic_task_mapping.py
[2025-06-26T00:23:56.831+0200] {logging_mixin.py:137} INFO - [2025-06-26T00:23:56.831+0200] {dag.py:2690} INFO - Sync 1 DAGs
[2025-06-26T00:23:56.856+0200] {logging_mixin.py:137} INFO - [2025-06-26T00:23:56.856+0200] {dag.py:3437} INFO - Setting next_dagrun for example_dynamic_task_mapping to 2022-03-04T00:00:00+00:00, run_after=2022-03-05T00:00:00+00:00
[2025-06-26T00:23:56.917+0200] {processor.py:175} INFO - Processing /home/monica.fernandez/practica_creativa/venv-airflow/lib/python3.11/site-packages/airflow/example_dags/example_dynamic_task_mapping.py took 0.205 seconds
[2025-06-26T00:24:58.615+0200] {processor.py:153} INFO - Started process (PID=236484) to work on /home/monica.fernandez/practica_creativa/venv-airflow/lib/python3.11/site-packages/airflow/example_dags/example_dynamic_task_mapping.py
[2025-06-26T00:24:58.616+0200] {processor.py:743} INFO - Processing file /home/monica.fernandez/practica_creativa/venv-airflow/lib/python3.11/site-packages/airflow/example_dags/example_dynamic_task_mapping.py for tasks to queue
[2025-06-26T00:24:58.616+0200] {logging_mixin.py:137} INFO - [2025-06-26T00:24:58.616+0200] {dagbag.py:538} INFO - Filling up the DagBag from /home/monica.fernandez/practica_creativa/venv-airflow/lib/python3.11/site-packages/airflow/example_dags/example_dynamic_task_mapping.py
[2025-06-26T00:24:58.637+0200] {processor.py:753} INFO - DAG(s) dict_keys(['example_dynamic_task_mapping']) retrieved from /home/monica.fernandez/practica_creativa/venv-airflow/lib/python3.11/site-packages/airflow/example_dags/example_dynamic_task_mapping.py
[2025-06-26T00:24:58.664+0200] {logging_mixin.py:137} INFO - [2025-06-26T00:24:58.664+0200] {dag.py:2690} INFO - Sync 1 DAGs
[2025-06-26T00:24:58.685+0200] {logging_mixin.py:137} INFO - [2025-06-26T00:24:58.685+0200] {dag.py:3437} INFO - Setting next_dagrun for example_dynamic_task_mapping to 2022-03-04T00:00:00+00:00, run_after=2022-03-05T00:00:00+00:00
[2025-06-26T00:24:58.741+0200] {processor.py:175} INFO - Processing /home/monica.fernandez/practica_creativa/venv-airflow/lib/python3.11/site-packages/airflow/example_dags/example_dynamic_task_mapping.py took 0.128 seconds
[2025-06-26T00:25:53.528+0200] {processor.py:153} INFO - Started process (PID=237358) to work on /home/monica.fernandez/practica_creativa/venv-airflow/lib/python3.11/site-packages/airflow/example_dags/example_dynamic_task_mapping.py
[2025-06-26T00:25:53.529+0200] {processor.py:743} INFO - Processing file /home/monica.fernandez/practica_creativa/venv-airflow/lib/python3.11/site-packages/airflow/example_dags/example_dynamic_task_mapping.py for tasks to queue
[2025-06-26T00:25:53.529+0200] {logging_mixin.py:137} INFO - [2025-06-26T00:25:53.529+0200] {dagbag.py:538} INFO - Filling up the DagBag from /home/monica.fernandez/practica_creativa/venv-airflow/lib/python3.11/site-packages/airflow/example_dags/example_dynamic_task_mapping.py
[2025-06-26T00:25:53.545+0200] {processor.py:753} INFO - DAG(s) dict_keys(['example_dynamic_task_mapping']) retrieved from /home/monica.fernandez/practica_creativa/venv-airflow/lib/python3.11/site-packages/airflow/example_dags/example_dynamic_task_mapping.py
[2025-06-26T00:25:53.570+0200] {logging_mixin.py:137} INFO - [2025-06-26T00:25:53.570+0200] {dag.py:2690} INFO - Sync 1 DAGs
[2025-06-26T00:25:53.591+0200] {logging_mixin.py:137} INFO - [2025-06-26T00:25:53.591+0200] {dag.py:3437} INFO - Setting next_dagrun for example_dynamic_task_mapping to 2022-03-04T00:00:00+00:00, run_after=2022-03-05T00:00:00+00:00
[2025-06-26T00:25:53.753+0200] {processor.py:175} INFO - Processing /home/monica.fernandez/practica_creativa/venv-airflow/lib/python3.11/site-packages/airflow/example_dags/example_dynamic_task_mapping.py took 0.227 seconds
[2025-06-26T00:26:52.220+0200] {processor.py:153} INFO - Started process (PID=238225) to work on /home/monica.fernandez/practica_creativa/venv-airflow/lib/python3.11/site-packages/airflow/example_dags/example_dynamic_task_mapping.py
[2025-06-26T00:26:52.221+0200] {processor.py:743} INFO - Processing file /home/monica.fernandez/practica_creativa/venv-airflow/lib/python3.11/site-packages/airflow/example_dags/example_dynamic_task_mapping.py for tasks to queue
[2025-06-26T00:26:52.221+0200] {logging_mixin.py:137} INFO - [2025-06-26T00:26:52.221+0200] {dagbag.py:538} INFO - Filling up the DagBag from /home/monica.fernandez/practica_creativa/venv-airflow/lib/python3.11/site-packages/airflow/example_dags/example_dynamic_task_mapping.py
[2025-06-26T00:26:52.242+0200] {processor.py:753} INFO - DAG(s) dict_keys(['example_dynamic_task_mapping']) retrieved from /home/monica.fernandez/practica_creativa/venv-airflow/lib/python3.11/site-packages/airflow/example_dags/example_dynamic_task_mapping.py
[2025-06-26T00:26:52.267+0200] {logging_mixin.py:137} INFO - [2025-06-26T00:26:52.267+0200] {dag.py:2690} INFO - Sync 1 DAGs
[2025-06-26T00:26:52.406+0200] {logging_mixin.py:137} INFO - [2025-06-26T00:26:52.405+0200] {dag.py:3437} INFO - Setting next_dagrun for example_dynamic_task_mapping to 2022-03-04T00:00:00+00:00, run_after=2022-03-05T00:00:00+00:00
[2025-06-26T00:26:52.462+0200] {processor.py:175} INFO - Processing /home/monica.fernandez/practica_creativa/venv-airflow/lib/python3.11/site-packages/airflow/example_dags/example_dynamic_task_mapping.py took 0.245 seconds
