[2025-06-26T00:15:42.202+0200] {processor.py:153} INFO - Started process (PID=227148) to work on /home/monica.fernandez/practica_creativa/venv-airflow/lib/python3.11/site-packages/airflow/example_dags/example_skip_dag.py
[2025-06-26T00:15:42.203+0200] {processor.py:743} INFO - Processing file /home/monica.fernandez/practica_creativa/venv-airflow/lib/python3.11/site-packages/airflow/example_dags/example_skip_dag.py for tasks to queue
[2025-06-26T00:15:42.203+0200] {logging_mixin.py:137} INFO - [2025-06-26T00:15:42.203+0200] {dagbag.py:538} INFO - Filling up the DagBag from /home/monica.fernandez/practica_creativa/venv-airflow/lib/python3.11/site-packages/airflow/example_dags/example_skip_dag.py
[2025-06-26T00:15:42.221+0200] {processor.py:753} INFO - DAG(s) dict_keys(['example_skip_dag']) retrieved from /home/monica.fernandez/practica_creativa/venv-airflow/lib/python3.11/site-packages/airflow/example_dags/example_skip_dag.py
[2025-06-26T00:15:42.248+0200] {logging_mixin.py:137} INFO - [2025-06-26T00:15:42.248+0200] {dag.py:2690} INFO - Sync 1 DAGs
[2025-06-26T00:15:42.276+0200] {logging_mixin.py:137} INFO - [2025-06-26T00:15:42.276+0200] {dag.py:3437} INFO - Setting next_dagrun for example_skip_dag to 2025-06-24T22:15:42.276020+00:00, run_after=2025-06-25T22:15:42.276020+00:00
[2025-06-26T00:15:42.327+0200] {processor.py:175} INFO - Processing /home/monica.fernandez/practica_creativa/venv-airflow/lib/python3.11/site-packages/airflow/example_dags/example_skip_dag.py took 0.127 seconds
[2025-06-26T00:16:49.171+0200] {processor.py:153} INFO - Started process (PID=228042) to work on /home/monica.fernandez/practica_creativa/venv-airflow/lib/python3.11/site-packages/airflow/example_dags/example_skip_dag.py
[2025-06-26T00:16:49.173+0200] {processor.py:743} INFO - Processing file /home/monica.fernandez/practica_creativa/venv-airflow/lib/python3.11/site-packages/airflow/example_dags/example_skip_dag.py for tasks to queue
[2025-06-26T00:16:49.175+0200] {logging_mixin.py:137} INFO - [2025-06-26T00:16:49.174+0200] {dagbag.py:538} INFO - Filling up the DagBag from /home/monica.fernandez/practica_creativa/venv-airflow/lib/python3.11/site-packages/airflow/example_dags/example_skip_dag.py
[2025-06-26T00:16:49.198+0200] {processor.py:753} INFO - DAG(s) dict_keys(['example_skip_dag']) retrieved from /home/monica.fernandez/practica_creativa/venv-airflow/lib/python3.11/site-packages/airflow/example_dags/example_skip_dag.py
[2025-06-26T00:16:49.222+0200] {logging_mixin.py:137} INFO - [2025-06-26T00:16:49.222+0200] {dag.py:2690} INFO - Sync 1 DAGs
[2025-06-26T00:16:49.245+0200] {logging_mixin.py:137} INFO - [2025-06-26T00:16:49.245+0200] {dag.py:3437} INFO - Setting next_dagrun for example_skip_dag to 2025-06-24T22:16:49.245536+00:00, run_after=2025-06-25T22:16:49.245536+00:00
[2025-06-26T00:16:49.291+0200] {processor.py:175} INFO - Processing /home/monica.fernandez/practica_creativa/venv-airflow/lib/python3.11/site-packages/airflow/example_dags/example_skip_dag.py took 0.128 seconds
[2025-06-26T00:17:42.419+0200] {processor.py:153} INFO - Started process (PID=228815) to work on /home/monica.fernandez/practica_creativa/venv-airflow/lib/python3.11/site-packages/airflow/example_dags/example_skip_dag.py
[2025-06-26T00:17:42.420+0200] {processor.py:743} INFO - Processing file /home/monica.fernandez/practica_creativa/venv-airflow/lib/python3.11/site-packages/airflow/example_dags/example_skip_dag.py for tasks to queue
[2025-06-26T00:17:42.421+0200] {logging_mixin.py:137} INFO - [2025-06-26T00:17:42.420+0200] {dagbag.py:538} INFO - Filling up the DagBag from /home/monica.fernandez/practica_creativa/venv-airflow/lib/python3.11/site-packages/airflow/example_dags/example_skip_dag.py
[2025-06-26T00:17:42.440+0200] {processor.py:753} INFO - DAG(s) dict_keys(['example_skip_dag']) retrieved from /home/monica.fernandez/practica_creativa/venv-airflow/lib/python3.11/site-packages/airflow/example_dags/example_skip_dag.py
[2025-06-26T00:17:42.498+0200] {logging_mixin.py:137} INFO - [2025-06-26T00:17:42.498+0200] {dag.py:2690} INFO - Sync 1 DAGs
[2025-06-26T00:17:42.581+0200] {logging_mixin.py:137} INFO - [2025-06-26T00:17:42.581+0200] {dag.py:3437} INFO - Setting next_dagrun for example_skip_dag to 2025-06-24T22:17:42.581021+00:00, run_after=2025-06-25T22:17:42.581021+00:00
[2025-06-26T00:17:42.648+0200] {processor.py:175} INFO - Processing /home/monica.fernandez/practica_creativa/venv-airflow/lib/python3.11/site-packages/airflow/example_dags/example_skip_dag.py took 0.231 seconds
[2025-06-26T00:22:01.704+0200] {processor.py:153} INFO - Started process (PID=233740) to work on /home/monica.fernandez/practica_creativa/venv-airflow/lib/python3.11/site-packages/airflow/example_dags/example_skip_dag.py
[2025-06-26T00:22:01.704+0200] {processor.py:743} INFO - Processing file /home/monica.fernandez/practica_creativa/venv-airflow/lib/python3.11/site-packages/airflow/example_dags/example_skip_dag.py for tasks to queue
[2025-06-26T00:22:01.705+0200] {logging_mixin.py:137} INFO - [2025-06-26T00:22:01.705+0200] {dagbag.py:538} INFO - Filling up the DagBag from /home/monica.fernandez/practica_creativa/venv-airflow/lib/python3.11/site-packages/airflow/example_dags/example_skip_dag.py
[2025-06-26T00:22:01.711+0200] {processor.py:753} INFO - DAG(s) dict_keys(['example_skip_dag']) retrieved from /home/monica.fernandez/practica_creativa/venv-airflow/lib/python3.11/site-packages/airflow/example_dags/example_skip_dag.py
[2025-06-26T00:22:01.741+0200] {logging_mixin.py:137} INFO - [2025-06-26T00:22:01.741+0200] {dag.py:2690} INFO - Sync 1 DAGs
[2025-06-26T00:22:01.766+0200] {logging_mixin.py:137} INFO - [2025-06-26T00:22:01.766+0200] {dag.py:3437} INFO - Setting next_dagrun for example_skip_dag to 2025-06-24T22:22:01.766117+00:00, run_after=2025-06-25T22:22:01.766117+00:00
[2025-06-26T00:22:01.884+0200] {processor.py:175} INFO - Processing /home/monica.fernandez/practica_creativa/venv-airflow/lib/python3.11/site-packages/airflow/example_dags/example_skip_dag.py took 0.184 seconds
[2025-06-26T00:22:46.918+0200] {processor.py:153} INFO - Started process (PID=234453) to work on /home/monica.fernandez/practica_creativa/venv-airflow/lib/python3.11/site-packages/airflow/example_dags/example_skip_dag.py
[2025-06-26T00:22:46.920+0200] {processor.py:743} INFO - Processing file /home/monica.fernandez/practica_creativa/venv-airflow/lib/python3.11/site-packages/airflow/example_dags/example_skip_dag.py for tasks to queue
[2025-06-26T00:22:46.921+0200] {logging_mixin.py:137} INFO - [2025-06-26T00:22:46.921+0200] {dagbag.py:538} INFO - Filling up the DagBag from /home/monica.fernandez/practica_creativa/venv-airflow/lib/python3.11/site-packages/airflow/example_dags/example_skip_dag.py
[2025-06-26T00:22:46.931+0200] {processor.py:753} INFO - DAG(s) dict_keys(['example_skip_dag']) retrieved from /home/monica.fernandez/practica_creativa/venv-airflow/lib/python3.11/site-packages/airflow/example_dags/example_skip_dag.py
[2025-06-26T00:22:46.961+0200] {logging_mixin.py:137} INFO - [2025-06-26T00:22:46.961+0200] {dag.py:2690} INFO - Sync 1 DAGs
[2025-06-26T00:22:46.981+0200] {logging_mixin.py:137} INFO - [2025-06-26T00:22:46.981+0200] {dag.py:3437} INFO - Setting next_dagrun for example_skip_dag to 2025-06-24T22:22:46.980813+00:00, run_after=2025-06-25T22:22:46.980813+00:00
[2025-06-26T00:22:47.066+0200] {processor.py:175} INFO - Processing /home/monica.fernandez/practica_creativa/venv-airflow/lib/python3.11/site-packages/airflow/example_dags/example_skip_dag.py took 0.158 seconds
[2025-06-26T00:23:37.437+0200] {processor.py:153} INFO - Started process (PID=235106) to work on /home/monica.fernandez/practica_creativa/venv-airflow/lib/python3.11/site-packages/airflow/example_dags/example_skip_dag.py
[2025-06-26T00:23:37.439+0200] {processor.py:743} INFO - Processing file /home/monica.fernandez/practica_creativa/venv-airflow/lib/python3.11/site-packages/airflow/example_dags/example_skip_dag.py for tasks to queue
[2025-06-26T00:23:37.440+0200] {logging_mixin.py:137} INFO - [2025-06-26T00:23:37.440+0200] {dagbag.py:538} INFO - Filling up the DagBag from /home/monica.fernandez/practica_creativa/venv-airflow/lib/python3.11/site-packages/airflow/example_dags/example_skip_dag.py
[2025-06-26T00:23:37.449+0200] {processor.py:753} INFO - DAG(s) dict_keys(['example_skip_dag']) retrieved from /home/monica.fernandez/practica_creativa/venv-airflow/lib/python3.11/site-packages/airflow/example_dags/example_skip_dag.py
[2025-06-26T00:23:37.477+0200] {logging_mixin.py:137} INFO - [2025-06-26T00:23:37.477+0200] {dag.py:2690} INFO - Sync 1 DAGs
[2025-06-26T00:23:37.499+0200] {logging_mixin.py:137} INFO - [2025-06-26T00:23:37.498+0200] {dag.py:3437} INFO - Setting next_dagrun for example_skip_dag to 2025-06-24T22:23:37.498748+00:00, run_after=2025-06-25T22:23:37.498748+00:00
[2025-06-26T00:23:37.552+0200] {processor.py:175} INFO - Processing /home/monica.fernandez/practica_creativa/venv-airflow/lib/python3.11/site-packages/airflow/example_dags/example_skip_dag.py took 0.122 seconds
[2025-06-26T00:24:30.356+0200] {processor.py:153} INFO - Started process (PID=235918) to work on /home/monica.fernandez/practica_creativa/venv-airflow/lib/python3.11/site-packages/airflow/example_dags/example_skip_dag.py
[2025-06-26T00:24:30.357+0200] {processor.py:743} INFO - Processing file /home/monica.fernandez/practica_creativa/venv-airflow/lib/python3.11/site-packages/airflow/example_dags/example_skip_dag.py for tasks to queue
[2025-06-26T00:24:30.357+0200] {logging_mixin.py:137} INFO - [2025-06-26T00:24:30.357+0200] {dagbag.py:538} INFO - Filling up the DagBag from /home/monica.fernandez/practica_creativa/venv-airflow/lib/python3.11/site-packages/airflow/example_dags/example_skip_dag.py
[2025-06-26T00:24:30.363+0200] {processor.py:753} INFO - DAG(s) dict_keys(['example_skip_dag']) retrieved from /home/monica.fernandez/practica_creativa/venv-airflow/lib/python3.11/site-packages/airflow/example_dags/example_skip_dag.py
[2025-06-26T00:24:30.389+0200] {logging_mixin.py:137} INFO - [2025-06-26T00:24:30.389+0200] {dag.py:2690} INFO - Sync 1 DAGs
[2025-06-26T00:24:30.409+0200] {logging_mixin.py:137} INFO - [2025-06-26T00:24:30.409+0200] {dag.py:3437} INFO - Setting next_dagrun for example_skip_dag to 2025-06-24T22:24:30.408795+00:00, run_after=2025-06-25T22:24:30.408795+00:00
[2025-06-26T00:24:30.498+0200] {processor.py:175} INFO - Processing /home/monica.fernandez/practica_creativa/venv-airflow/lib/python3.11/site-packages/airflow/example_dags/example_skip_dag.py took 0.145 seconds
[2025-06-26T00:25:12.703+0200] {processor.py:153} INFO - Started process (PID=236748) to work on /home/monica.fernandez/practica_creativa/venv-airflow/lib/python3.11/site-packages/airflow/example_dags/example_skip_dag.py
[2025-06-26T00:25:12.703+0200] {processor.py:743} INFO - Processing file /home/monica.fernandez/practica_creativa/venv-airflow/lib/python3.11/site-packages/airflow/example_dags/example_skip_dag.py for tasks to queue
[2025-06-26T00:25:12.704+0200] {logging_mixin.py:137} INFO - [2025-06-26T00:25:12.704+0200] {dagbag.py:538} INFO - Filling up the DagBag from /home/monica.fernandez/practica_creativa/venv-airflow/lib/python3.11/site-packages/airflow/example_dags/example_skip_dag.py
[2025-06-26T00:25:12.709+0200] {processor.py:753} INFO - DAG(s) dict_keys(['example_skip_dag']) retrieved from /home/monica.fernandez/practica_creativa/venv-airflow/lib/python3.11/site-packages/airflow/example_dags/example_skip_dag.py
[2025-06-26T00:25:12.734+0200] {logging_mixin.py:137} INFO - [2025-06-26T00:25:12.734+0200] {dag.py:2690} INFO - Sync 1 DAGs
[2025-06-26T00:25:12.756+0200] {logging_mixin.py:137} INFO - [2025-06-26T00:25:12.756+0200] {dag.py:3437} INFO - Setting next_dagrun for example_skip_dag to 2025-06-24T22:25:12.756577+00:00, run_after=2025-06-25T22:25:12.756577+00:00
[2025-06-26T00:25:12.823+0200] {processor.py:175} INFO - Processing /home/monica.fernandez/practica_creativa/venv-airflow/lib/python3.11/site-packages/airflow/example_dags/example_skip_dag.py took 0.123 seconds
[2025-06-26T00:26:06.042+0200] {processor.py:153} INFO - Started process (PID=237491) to work on /home/monica.fernandez/practica_creativa/venv-airflow/lib/python3.11/site-packages/airflow/example_dags/example_skip_dag.py
[2025-06-26T00:26:06.043+0200] {processor.py:743} INFO - Processing file /home/monica.fernandez/practica_creativa/venv-airflow/lib/python3.11/site-packages/airflow/example_dags/example_skip_dag.py for tasks to queue
[2025-06-26T00:26:06.044+0200] {logging_mixin.py:137} INFO - [2025-06-26T00:26:06.043+0200] {dagbag.py:538} INFO - Filling up the DagBag from /home/monica.fernandez/practica_creativa/venv-airflow/lib/python3.11/site-packages/airflow/example_dags/example_skip_dag.py
[2025-06-26T00:26:06.053+0200] {processor.py:753} INFO - DAG(s) dict_keys(['example_skip_dag']) retrieved from /home/monica.fernandez/practica_creativa/venv-airflow/lib/python3.11/site-packages/airflow/example_dags/example_skip_dag.py
[2025-06-26T00:26:06.095+0200] {logging_mixin.py:137} INFO - [2025-06-26T00:26:06.094+0200] {dag.py:2690} INFO - Sync 1 DAGs
[2025-06-26T00:26:06.116+0200] {logging_mixin.py:137} INFO - [2025-06-26T00:26:06.116+0200] {dag.py:3437} INFO - Setting next_dagrun for example_skip_dag to 2025-06-24T22:26:06.116450+00:00, run_after=2025-06-25T22:26:06.116450+00:00
[2025-06-26T00:26:06.163+0200] {processor.py:175} INFO - Processing /home/monica.fernandez/practica_creativa/venv-airflow/lib/python3.11/site-packages/airflow/example_dags/example_skip_dag.py took 0.127 seconds
[2025-06-26T00:26:44.522+0200] {processor.py:153} INFO - Started process (PID=238118) to work on /home/monica.fernandez/practica_creativa/venv-airflow/lib/python3.11/site-packages/airflow/example_dags/example_skip_dag.py
[2025-06-26T00:26:44.523+0200] {processor.py:743} INFO - Processing file /home/monica.fernandez/practica_creativa/venv-airflow/lib/python3.11/site-packages/airflow/example_dags/example_skip_dag.py for tasks to queue
[2025-06-26T00:26:44.523+0200] {logging_mixin.py:137} INFO - [2025-06-26T00:26:44.523+0200] {dagbag.py:538} INFO - Filling up the DagBag from /home/monica.fernandez/practica_creativa/venv-airflow/lib/python3.11/site-packages/airflow/example_dags/example_skip_dag.py
[2025-06-26T00:26:44.529+0200] {processor.py:753} INFO - DAG(s) dict_keys(['example_skip_dag']) retrieved from /home/monica.fernandez/practica_creativa/venv-airflow/lib/python3.11/site-packages/airflow/example_dags/example_skip_dag.py
[2025-06-26T00:26:44.560+0200] {logging_mixin.py:137} INFO - [2025-06-26T00:26:44.560+0200] {dag.py:2690} INFO - Sync 1 DAGs
[2025-06-26T00:26:44.710+0200] {logging_mixin.py:137} INFO - [2025-06-26T00:26:44.710+0200] {dag.py:3437} INFO - Setting next_dagrun for example_skip_dag to 2025-06-24T22:26:44.709885+00:00, run_after=2025-06-25T22:26:44.709885+00:00
[2025-06-26T00:26:44.769+0200] {processor.py:175} INFO - Processing /home/monica.fernandez/practica_creativa/venv-airflow/lib/python3.11/site-packages/airflow/example_dags/example_skip_dag.py took 0.250 seconds
