[2025-06-26T00:15:36.933+0200] {processor.py:153} INFO - Started process (PID=226965) to work on /home/monica.fernandez/practica_creativa/venv-airflow/lib/python3.11/site-packages/airflow/example_dags/example_task_group.py
[2025-06-26T00:15:36.935+0200] {processor.py:743} INFO - Processing file /home/monica.fernandez/practica_creativa/venv-airflow/lib/python3.11/site-packages/airflow/example_dags/example_task_group.py for tasks to queue
[2025-06-26T00:15:36.936+0200] {logging_mixin.py:137} INFO - [2025-06-26T00:15:36.936+0200] {dagbag.py:538} INFO - Filling up the DagBag from /home/monica.fernandez/practica_creativa/venv-airflow/lib/python3.11/site-packages/airflow/example_dags/example_task_group.py
[2025-06-26T00:15:36.963+0200] {processor.py:753} INFO - DAG(s) dict_keys(['example_task_group']) retrieved from /home/monica.fernandez/practica_creativa/venv-airflow/lib/python3.11/site-packages/airflow/example_dags/example_task_group.py
[2025-06-26T00:15:37.023+0200] {logging_mixin.py:137} INFO - [2025-06-26T00:15:37.023+0200] {dag.py:2690} INFO - Sync 1 DAGs
[2025-06-26T00:15:37.048+0200] {logging_mixin.py:137} INFO - [2025-06-26T00:15:37.048+0200] {dag.py:3437} INFO - Setting next_dagrun for example_task_group to 2025-06-24T22:15:37.048018+00:00, run_after=2025-06-25T22:15:37.048018+00:00
[2025-06-26T00:15:37.092+0200] {processor.py:175} INFO - Processing /home/monica.fernandez/practica_creativa/venv-airflow/lib/python3.11/site-packages/airflow/example_dags/example_task_group.py took 0.166 seconds
[2025-06-26T00:16:43.414+0200] {processor.py:153} INFO - Started process (PID=227989) to work on /home/monica.fernandez/practica_creativa/venv-airflow/lib/python3.11/site-packages/airflow/example_dags/example_task_group.py
[2025-06-26T00:16:43.415+0200] {processor.py:743} INFO - Processing file /home/monica.fernandez/practica_creativa/venv-airflow/lib/python3.11/site-packages/airflow/example_dags/example_task_group.py for tasks to queue
[2025-06-26T00:16:43.416+0200] {logging_mixin.py:137} INFO - [2025-06-26T00:16:43.416+0200] {dagbag.py:538} INFO - Filling up the DagBag from /home/monica.fernandez/practica_creativa/venv-airflow/lib/python3.11/site-packages/airflow/example_dags/example_task_group.py
[2025-06-26T00:16:43.441+0200] {processor.py:753} INFO - DAG(s) dict_keys(['example_task_group']) retrieved from /home/monica.fernandez/practica_creativa/venv-airflow/lib/python3.11/site-packages/airflow/example_dags/example_task_group.py
[2025-06-26T00:16:43.466+0200] {logging_mixin.py:137} INFO - [2025-06-26T00:16:43.466+0200] {dag.py:2690} INFO - Sync 1 DAGs
[2025-06-26T00:16:43.491+0200] {logging_mixin.py:137} INFO - [2025-06-26T00:16:43.490+0200] {dag.py:3437} INFO - Setting next_dagrun for example_task_group to 2025-06-24T22:16:43.490682+00:00, run_after=2025-06-25T22:16:43.490682+00:00
[2025-06-26T00:16:43.536+0200] {processor.py:175} INFO - Processing /home/monica.fernandez/practica_creativa/venv-airflow/lib/python3.11/site-packages/airflow/example_dags/example_task_group.py took 0.129 seconds
[2025-06-26T00:17:36.028+0200] {processor.py:153} INFO - Started process (PID=228626) to work on /home/monica.fernandez/practica_creativa/venv-airflow/lib/python3.11/site-packages/airflow/example_dags/example_task_group.py
[2025-06-26T00:17:36.029+0200] {processor.py:743} INFO - Processing file /home/monica.fernandez/practica_creativa/venv-airflow/lib/python3.11/site-packages/airflow/example_dags/example_task_group.py for tasks to queue
[2025-06-26T00:17:36.030+0200] {logging_mixin.py:137} INFO - [2025-06-26T00:17:36.029+0200] {dagbag.py:538} INFO - Filling up the DagBag from /home/monica.fernandez/practica_creativa/venv-airflow/lib/python3.11/site-packages/airflow/example_dags/example_task_group.py
[2025-06-26T00:17:36.055+0200] {processor.py:753} INFO - DAG(s) dict_keys(['example_task_group']) retrieved from /home/monica.fernandez/practica_creativa/venv-airflow/lib/python3.11/site-packages/airflow/example_dags/example_task_group.py
[2025-06-26T00:17:36.085+0200] {logging_mixin.py:137} INFO - [2025-06-26T00:17:36.085+0200] {dag.py:2690} INFO - Sync 1 DAGs
[2025-06-26T00:17:36.109+0200] {logging_mixin.py:137} INFO - [2025-06-26T00:17:36.109+0200] {dag.py:3437} INFO - Setting next_dagrun for example_task_group to 2025-06-24T22:17:36.109223+00:00, run_after=2025-06-25T22:17:36.109223+00:00
[2025-06-26T00:17:36.161+0200] {processor.py:175} INFO - Processing /home/monica.fernandez/practica_creativa/venv-airflow/lib/python3.11/site-packages/airflow/example_dags/example_task_group.py took 0.138 seconds
[2025-06-26T00:21:56.293+0200] {processor.py:153} INFO - Started process (PID=233672) to work on /home/monica.fernandez/practica_creativa/venv-airflow/lib/python3.11/site-packages/airflow/example_dags/example_task_group.py
[2025-06-26T00:21:56.294+0200] {processor.py:743} INFO - Processing file /home/monica.fernandez/practica_creativa/venv-airflow/lib/python3.11/site-packages/airflow/example_dags/example_task_group.py for tasks to queue
[2025-06-26T00:21:56.294+0200] {logging_mixin.py:137} INFO - [2025-06-26T00:21:56.294+0200] {dagbag.py:538} INFO - Filling up the DagBag from /home/monica.fernandez/practica_creativa/venv-airflow/lib/python3.11/site-packages/airflow/example_dags/example_task_group.py
[2025-06-26T00:21:56.303+0200] {processor.py:753} INFO - DAG(s) dict_keys(['example_task_group']) retrieved from /home/monica.fernandez/practica_creativa/venv-airflow/lib/python3.11/site-packages/airflow/example_dags/example_task_group.py
[2025-06-26T00:21:56.331+0200] {logging_mixin.py:137} INFO - [2025-06-26T00:21:56.331+0200] {dag.py:2690} INFO - Sync 1 DAGs
[2025-06-26T00:21:56.357+0200] {logging_mixin.py:137} INFO - [2025-06-26T00:21:56.357+0200] {dag.py:3437} INFO - Setting next_dagrun for example_task_group to 2025-06-24T22:21:56.357251+00:00, run_after=2025-06-25T22:21:56.357251+00:00
[2025-06-26T00:21:56.412+0200] {processor.py:175} INFO - Processing /home/monica.fernandez/practica_creativa/venv-airflow/lib/python3.11/site-packages/airflow/example_dags/example_task_group.py took 0.122 seconds
[2025-06-26T00:22:42.915+0200] {processor.py:153} INFO - Started process (PID=234347) to work on /home/monica.fernandez/practica_creativa/venv-airflow/lib/python3.11/site-packages/airflow/example_dags/example_task_group.py
[2025-06-26T00:22:42.917+0200] {processor.py:743} INFO - Processing file /home/monica.fernandez/practica_creativa/venv-airflow/lib/python3.11/site-packages/airflow/example_dags/example_task_group.py for tasks to queue
[2025-06-26T00:22:42.918+0200] {logging_mixin.py:137} INFO - [2025-06-26T00:22:42.918+0200] {dagbag.py:538} INFO - Filling up the DagBag from /home/monica.fernandez/practica_creativa/venv-airflow/lib/python3.11/site-packages/airflow/example_dags/example_task_group.py
[2025-06-26T00:22:42.941+0200] {processor.py:753} INFO - DAG(s) dict_keys(['example_task_group']) retrieved from /home/monica.fernandez/practica_creativa/venv-airflow/lib/python3.11/site-packages/airflow/example_dags/example_task_group.py
[2025-06-26T00:22:42.979+0200] {logging_mixin.py:137} INFO - [2025-06-26T00:22:42.979+0200] {dag.py:2690} INFO - Sync 1 DAGs
[2025-06-26T00:22:43.001+0200] {logging_mixin.py:137} INFO - [2025-06-26T00:22:43.001+0200] {dag.py:3437} INFO - Setting next_dagrun for example_task_group to 2025-06-24T22:22:43.001071+00:00, run_after=2025-06-25T22:22:43.001071+00:00
[2025-06-26T00:22:43.046+0200] {processor.py:175} INFO - Processing /home/monica.fernandez/practica_creativa/venv-airflow/lib/python3.11/site-packages/airflow/example_dags/example_task_group.py took 0.139 seconds
[2025-06-26T00:23:31.358+0200] {processor.py:153} INFO - Started process (PID=235041) to work on /home/monica.fernandez/practica_creativa/venv-airflow/lib/python3.11/site-packages/airflow/example_dags/example_task_group.py
[2025-06-26T00:23:31.360+0200] {processor.py:743} INFO - Processing file /home/monica.fernandez/practica_creativa/venv-airflow/lib/python3.11/site-packages/airflow/example_dags/example_task_group.py for tasks to queue
[2025-06-26T00:23:31.362+0200] {logging_mixin.py:137} INFO - [2025-06-26T00:23:31.361+0200] {dagbag.py:538} INFO - Filling up the DagBag from /home/monica.fernandez/practica_creativa/venv-airflow/lib/python3.11/site-packages/airflow/example_dags/example_task_group.py
[2025-06-26T00:23:31.392+0200] {processor.py:753} INFO - DAG(s) dict_keys(['example_task_group']) retrieved from /home/monica.fernandez/practica_creativa/venv-airflow/lib/python3.11/site-packages/airflow/example_dags/example_task_group.py
[2025-06-26T00:23:31.464+0200] {logging_mixin.py:137} INFO - [2025-06-26T00:23:31.464+0200] {dag.py:2690} INFO - Sync 1 DAGs
[2025-06-26T00:23:31.486+0200] {logging_mixin.py:137} INFO - [2025-06-26T00:23:31.486+0200] {dag.py:3437} INFO - Setting next_dagrun for example_task_group to 2025-06-24T22:23:31.486296+00:00, run_after=2025-06-25T22:23:31.486296+00:00
[2025-06-26T00:23:31.538+0200] {processor.py:175} INFO - Processing /home/monica.fernandez/practica_creativa/venv-airflow/lib/python3.11/site-packages/airflow/example_dags/example_task_group.py took 0.189 seconds
[2025-06-26T00:24:23.891+0200] {processor.py:153} INFO - Started process (PID=235802) to work on /home/monica.fernandez/practica_creativa/venv-airflow/lib/python3.11/site-packages/airflow/example_dags/example_task_group.py
[2025-06-26T00:24:23.892+0200] {processor.py:743} INFO - Processing file /home/monica.fernandez/practica_creativa/venv-airflow/lib/python3.11/site-packages/airflow/example_dags/example_task_group.py for tasks to queue
[2025-06-26T00:24:23.893+0200] {logging_mixin.py:137} INFO - [2025-06-26T00:24:23.893+0200] {dagbag.py:538} INFO - Filling up the DagBag from /home/monica.fernandez/practica_creativa/venv-airflow/lib/python3.11/site-packages/airflow/example_dags/example_task_group.py
[2025-06-26T00:24:23.901+0200] {processor.py:753} INFO - DAG(s) dict_keys(['example_task_group']) retrieved from /home/monica.fernandez/practica_creativa/venv-airflow/lib/python3.11/site-packages/airflow/example_dags/example_task_group.py
[2025-06-26T00:24:23.925+0200] {logging_mixin.py:137} INFO - [2025-06-26T00:24:23.925+0200] {dag.py:2690} INFO - Sync 1 DAGs
[2025-06-26T00:24:23.946+0200] {logging_mixin.py:137} INFO - [2025-06-26T00:24:23.946+0200] {dag.py:3437} INFO - Setting next_dagrun for example_task_group to 2025-06-24T22:24:23.945914+00:00, run_after=2025-06-25T22:24:23.945914+00:00
[2025-06-26T00:24:23.996+0200] {processor.py:175} INFO - Processing /home/monica.fernandez/practica_creativa/venv-airflow/lib/python3.11/site-packages/airflow/example_dags/example_task_group.py took 0.107 seconds
[2025-06-26T00:25:07.074+0200] {processor.py:153} INFO - Started process (PID=236605) to work on /home/monica.fernandez/practica_creativa/venv-airflow/lib/python3.11/site-packages/airflow/example_dags/example_task_group.py
[2025-06-26T00:25:07.074+0200] {processor.py:743} INFO - Processing file /home/monica.fernandez/practica_creativa/venv-airflow/lib/python3.11/site-packages/airflow/example_dags/example_task_group.py for tasks to queue
[2025-06-26T00:25:07.075+0200] {logging_mixin.py:137} INFO - [2025-06-26T00:25:07.075+0200] {dagbag.py:538} INFO - Filling up the DagBag from /home/monica.fernandez/practica_creativa/venv-airflow/lib/python3.11/site-packages/airflow/example_dags/example_task_group.py
[2025-06-26T00:25:07.087+0200] {processor.py:753} INFO - DAG(s) dict_keys(['example_task_group']) retrieved from /home/monica.fernandez/practica_creativa/venv-airflow/lib/python3.11/site-packages/airflow/example_dags/example_task_group.py
[2025-06-26T00:25:07.117+0200] {logging_mixin.py:137} INFO - [2025-06-26T00:25:07.117+0200] {dag.py:2690} INFO - Sync 1 DAGs
[2025-06-26T00:25:07.139+0200] {logging_mixin.py:137} INFO - [2025-06-26T00:25:07.138+0200] {dag.py:3437} INFO - Setting next_dagrun for example_task_group to 2025-06-24T22:25:07.138698+00:00, run_after=2025-06-25T22:25:07.138698+00:00
[2025-06-26T00:25:07.189+0200] {processor.py:175} INFO - Processing /home/monica.fernandez/practica_creativa/venv-airflow/lib/python3.11/site-packages/airflow/example_dags/example_task_group.py took 0.118 seconds
[2025-06-26T00:25:44.105+0200] {processor.py:153} INFO - Started process (PID=237255) to work on /home/monica.fernandez/practica_creativa/venv-airflow/lib/python3.11/site-packages/airflow/example_dags/example_task_group.py
[2025-06-26T00:25:44.105+0200] {processor.py:743} INFO - Processing file /home/monica.fernandez/practica_creativa/venv-airflow/lib/python3.11/site-packages/airflow/example_dags/example_task_group.py for tasks to queue
[2025-06-26T00:25:44.106+0200] {logging_mixin.py:137} INFO - [2025-06-26T00:25:44.106+0200] {dagbag.py:538} INFO - Filling up the DagBag from /home/monica.fernandez/practica_creativa/venv-airflow/lib/python3.11/site-packages/airflow/example_dags/example_task_group.py
[2025-06-26T00:25:44.115+0200] {processor.py:753} INFO - DAG(s) dict_keys(['example_task_group']) retrieved from /home/monica.fernandez/practica_creativa/venv-airflow/lib/python3.11/site-packages/airflow/example_dags/example_task_group.py
[2025-06-26T00:25:44.140+0200] {logging_mixin.py:137} INFO - [2025-06-26T00:25:44.140+0200] {dag.py:2690} INFO - Sync 1 DAGs
[2025-06-26T00:25:44.160+0200] {logging_mixin.py:137} INFO - [2025-06-26T00:25:44.160+0200] {dag.py:3437} INFO - Setting next_dagrun for example_task_group to 2025-06-24T22:25:44.160041+00:00, run_after=2025-06-25T22:25:44.160041+00:00
[2025-06-26T00:25:44.211+0200] {processor.py:175} INFO - Processing /home/monica.fernandez/practica_creativa/venv-airflow/lib/python3.11/site-packages/airflow/example_dags/example_task_group.py took 0.109 seconds
[2025-06-26T00:26:26.666+0200] {processor.py:153} INFO - Started process (PID=237789) to work on /home/monica.fernandez/practica_creativa/venv-airflow/lib/python3.11/site-packages/airflow/example_dags/example_task_group.py
[2025-06-26T00:26:26.666+0200] {processor.py:743} INFO - Processing file /home/monica.fernandez/practica_creativa/venv-airflow/lib/python3.11/site-packages/airflow/example_dags/example_task_group.py for tasks to queue
[2025-06-26T00:26:26.667+0200] {logging_mixin.py:137} INFO - [2025-06-26T00:26:26.667+0200] {dagbag.py:538} INFO - Filling up the DagBag from /home/monica.fernandez/practica_creativa/venv-airflow/lib/python3.11/site-packages/airflow/example_dags/example_task_group.py
[2025-06-26T00:26:26.679+0200] {processor.py:753} INFO - DAG(s) dict_keys(['example_task_group']) retrieved from /home/monica.fernandez/practica_creativa/venv-airflow/lib/python3.11/site-packages/airflow/example_dags/example_task_group.py
[2025-06-26T00:26:26.725+0200] {logging_mixin.py:137} INFO - [2025-06-26T00:26:26.725+0200] {dag.py:2690} INFO - Sync 1 DAGs
[2025-06-26T00:26:26.759+0200] {logging_mixin.py:137} INFO - [2025-06-26T00:26:26.759+0200] {dag.py:3437} INFO - Setting next_dagrun for example_task_group to 2025-06-24T22:26:26.759157+00:00, run_after=2025-06-25T22:26:26.759157+00:00
[2025-06-26T00:26:26.956+0200] {processor.py:175} INFO - Processing /home/monica.fernandez/practica_creativa/venv-airflow/lib/python3.11/site-packages/airflow/example_dags/example_task_group.py took 0.294 seconds
[2025-06-26T00:27:13.777+0200] {processor.py:153} INFO - Started process (PID=238525) to work on /home/monica.fernandez/practica_creativa/venv-airflow/lib/python3.11/site-packages/airflow/example_dags/example_task_group.py
[2025-06-26T00:27:13.778+0200] {processor.py:743} INFO - Processing file /home/monica.fernandez/practica_creativa/venv-airflow/lib/python3.11/site-packages/airflow/example_dags/example_task_group.py for tasks to queue
[2025-06-26T00:27:13.779+0200] {logging_mixin.py:137} INFO - [2025-06-26T00:27:13.779+0200] {dagbag.py:538} INFO - Filling up the DagBag from /home/monica.fernandez/practica_creativa/venv-airflow/lib/python3.11/site-packages/airflow/example_dags/example_task_group.py
[2025-06-26T00:27:13.793+0200] {processor.py:753} INFO - DAG(s) dict_keys(['example_task_group']) retrieved from /home/monica.fernandez/practica_creativa/venv-airflow/lib/python3.11/site-packages/airflow/example_dags/example_task_group.py
[2025-06-26T00:27:13.824+0200] {logging_mixin.py:137} INFO - [2025-06-26T00:27:13.824+0200] {dag.py:2690} INFO - Sync 1 DAGs
[2025-06-26T00:27:13.960+0200] {logging_mixin.py:137} INFO - [2025-06-26T00:27:13.959+0200] {dag.py:3437} INFO - Setting next_dagrun for example_task_group to 2025-06-24T22:27:13.959804+00:00, run_after=2025-06-25T22:27:13.959804+00:00
[2025-06-26T00:27:14.015+0200] {processor.py:175} INFO - Processing /home/monica.fernandez/practica_creativa/venv-airflow/lib/python3.11/site-packages/airflow/example_dags/example_task_group.py took 0.242 seconds
