[2025-06-26T00:15:59.634+0200] {processor.py:153} INFO - Started process (PID=227330) to work on /home/monica.fernandez/practica_creativa/venv-airflow/lib/python3.11/site-packages/airflow/example_dags/example_branch_python_dop_operator_3.py
[2025-06-26T00:15:59.635+0200] {processor.py:743} INFO - Processing file /home/monica.fernandez/practica_creativa/venv-airflow/lib/python3.11/site-packages/airflow/example_dags/example_branch_python_dop_operator_3.py for tasks to queue
[2025-06-26T00:15:59.635+0200] {logging_mixin.py:137} INFO - [2025-06-26T00:15:59.635+0200] {dagbag.py:538} INFO - Filling up the DagBag from /home/monica.fernandez/practica_creativa/venv-airflow/lib/python3.11/site-packages/airflow/example_dags/example_branch_python_dop_operator_3.py
[2025-06-26T00:15:59.668+0200] {processor.py:753} INFO - DAG(s) dict_keys(['example_branch_dop_operator_v3']) retrieved from /home/monica.fernandez/practica_creativa/venv-airflow/lib/python3.11/site-packages/airflow/example_dags/example_branch_python_dop_operator_3.py
[2025-06-26T00:15:59.693+0200] {logging_mixin.py:137} INFO - [2025-06-26T00:15:59.693+0200] {dag.py:2690} INFO - Sync 1 DAGs
[2025-06-26T00:15:59.721+0200] {logging_mixin.py:137} INFO - [2025-06-26T00:15:59.721+0200] {dag.py:3437} INFO - Setting next_dagrun for example_branch_dop_operator_v3 to 2025-06-25T22:14:00+00:00, run_after=2025-06-25T22:15:00+00:00
[2025-06-26T00:15:59.769+0200] {processor.py:175} INFO - Processing /home/monica.fernandez/practica_creativa/venv-airflow/lib/python3.11/site-packages/airflow/example_dags/example_branch_python_dop_operator_3.py took 0.137 seconds
[2025-06-26T00:17:17.372+0200] {processor.py:153} INFO - Started process (PID=228442) to work on /home/monica.fernandez/practica_creativa/venv-airflow/lib/python3.11/site-packages/airflow/example_dags/example_branch_python_dop_operator_3.py
[2025-06-26T00:17:17.373+0200] {processor.py:743} INFO - Processing file /home/monica.fernandez/practica_creativa/venv-airflow/lib/python3.11/site-packages/airflow/example_dags/example_branch_python_dop_operator_3.py for tasks to queue
[2025-06-26T00:17:17.374+0200] {logging_mixin.py:137} INFO - [2025-06-26T00:17:17.374+0200] {dagbag.py:538} INFO - Filling up the DagBag from /home/monica.fernandez/practica_creativa/venv-airflow/lib/python3.11/site-packages/airflow/example_dags/example_branch_python_dop_operator_3.py
[2025-06-26T00:17:17.409+0200] {processor.py:753} INFO - DAG(s) dict_keys(['example_branch_dop_operator_v3']) retrieved from /home/monica.fernandez/practica_creativa/venv-airflow/lib/python3.11/site-packages/airflow/example_dags/example_branch_python_dop_operator_3.py
[2025-06-26T00:17:17.442+0200] {logging_mixin.py:137} INFO - [2025-06-26T00:17:17.442+0200] {dag.py:2690} INFO - Sync 1 DAGs
[2025-06-26T00:17:17.556+0200] {logging_mixin.py:137} INFO - [2025-06-26T00:17:17.556+0200] {dag.py:3437} INFO - Setting next_dagrun for example_branch_dop_operator_v3 to 2025-06-25T22:16:00+00:00, run_after=2025-06-25T22:17:00+00:00
[2025-06-26T00:17:17.658+0200] {processor.py:175} INFO - Processing /home/monica.fernandez/practica_creativa/venv-airflow/lib/python3.11/site-packages/airflow/example_dags/example_branch_python_dop_operator_3.py took 0.289 seconds
[2025-06-26T00:22:19.096+0200] {processor.py:153} INFO - Started process (PID=234008) to work on /home/monica.fernandez/practica_creativa/venv-airflow/lib/python3.11/site-packages/airflow/example_dags/example_branch_python_dop_operator_3.py
[2025-06-26T00:22:19.096+0200] {processor.py:743} INFO - Processing file /home/monica.fernandez/practica_creativa/venv-airflow/lib/python3.11/site-packages/airflow/example_dags/example_branch_python_dop_operator_3.py for tasks to queue
[2025-06-26T00:22:19.097+0200] {logging_mixin.py:137} INFO - [2025-06-26T00:22:19.097+0200] {dagbag.py:538} INFO - Filling up the DagBag from /home/monica.fernandez/practica_creativa/venv-airflow/lib/python3.11/site-packages/airflow/example_dags/example_branch_python_dop_operator_3.py
[2025-06-26T00:22:19.119+0200] {processor.py:753} INFO - DAG(s) dict_keys(['example_branch_dop_operator_v3']) retrieved from /home/monica.fernandez/practica_creativa/venv-airflow/lib/python3.11/site-packages/airflow/example_dags/example_branch_python_dop_operator_3.py
[2025-06-26T00:22:19.170+0200] {logging_mixin.py:137} INFO - [2025-06-26T00:22:19.169+0200] {dag.py:2690} INFO - Sync 1 DAGs
[2025-06-26T00:22:19.207+0200] {logging_mixin.py:137} INFO - [2025-06-26T00:22:19.207+0200] {dag.py:3437} INFO - Setting next_dagrun for example_branch_dop_operator_v3 to 2025-06-25T22:21:00+00:00, run_after=2025-06-25T22:22:00+00:00
[2025-06-26T00:22:19.260+0200] {processor.py:175} INFO - Processing /home/monica.fernandez/practica_creativa/venv-airflow/lib/python3.11/site-packages/airflow/example_dags/example_branch_python_dop_operator_3.py took 0.167 seconds
[2025-06-26T00:23:09.467+0200] {processor.py:153} INFO - Started process (PID=234698) to work on /home/monica.fernandez/practica_creativa/venv-airflow/lib/python3.11/site-packages/airflow/example_dags/example_branch_python_dop_operator_3.py
[2025-06-26T00:23:09.467+0200] {processor.py:743} INFO - Processing file /home/monica.fernandez/practica_creativa/venv-airflow/lib/python3.11/site-packages/airflow/example_dags/example_branch_python_dop_operator_3.py for tasks to queue
[2025-06-26T00:23:09.468+0200] {logging_mixin.py:137} INFO - [2025-06-26T00:23:09.468+0200] {dagbag.py:538} INFO - Filling up the DagBag from /home/monica.fernandez/practica_creativa/venv-airflow/lib/python3.11/site-packages/airflow/example_dags/example_branch_python_dop_operator_3.py
[2025-06-26T00:23:09.487+0200] {processor.py:753} INFO - DAG(s) dict_keys(['example_branch_dop_operator_v3']) retrieved from /home/monica.fernandez/practica_creativa/venv-airflow/lib/python3.11/site-packages/airflow/example_dags/example_branch_python_dop_operator_3.py
[2025-06-26T00:23:09.510+0200] {logging_mixin.py:137} INFO - [2025-06-26T00:23:09.510+0200] {dag.py:2690} INFO - Sync 1 DAGs
[2025-06-26T00:23:09.532+0200] {logging_mixin.py:137} INFO - [2025-06-26T00:23:09.532+0200] {dag.py:3437} INFO - Setting next_dagrun for example_branch_dop_operator_v3 to 2025-06-25T22:22:00+00:00, run_after=2025-06-25T22:23:00+00:00
[2025-06-26T00:23:09.583+0200] {processor.py:175} INFO - Processing /home/monica.fernandez/practica_creativa/venv-airflow/lib/python3.11/site-packages/airflow/example_dags/example_branch_python_dop_operator_3.py took 0.119 seconds
[2025-06-26T00:23:58.890+0200] {processor.py:153} INFO - Started process (PID=235460) to work on /home/monica.fernandez/practica_creativa/venv-airflow/lib/python3.11/site-packages/airflow/example_dags/example_branch_python_dop_operator_3.py
[2025-06-26T00:23:58.891+0200] {processor.py:743} INFO - Processing file /home/monica.fernandez/practica_creativa/venv-airflow/lib/python3.11/site-packages/airflow/example_dags/example_branch_python_dop_operator_3.py for tasks to queue
[2025-06-26T00:23:58.892+0200] {logging_mixin.py:137} INFO - [2025-06-26T00:23:58.892+0200] {dagbag.py:538} INFO - Filling up the DagBag from /home/monica.fernandez/practica_creativa/venv-airflow/lib/python3.11/site-packages/airflow/example_dags/example_branch_python_dop_operator_3.py
[2025-06-26T00:23:58.915+0200] {processor.py:753} INFO - DAG(s) dict_keys(['example_branch_dop_operator_v3']) retrieved from /home/monica.fernandez/practica_creativa/venv-airflow/lib/python3.11/site-packages/airflow/example_dags/example_branch_python_dop_operator_3.py
[2025-06-26T00:23:58.938+0200] {logging_mixin.py:137} INFO - [2025-06-26T00:23:58.938+0200] {dag.py:2690} INFO - Sync 1 DAGs
[2025-06-26T00:23:58.960+0200] {logging_mixin.py:137} INFO - [2025-06-26T00:23:58.960+0200] {dag.py:3437} INFO - Setting next_dagrun for example_branch_dop_operator_v3 to 2025-06-25T22:22:00+00:00, run_after=2025-06-25T22:23:00+00:00
[2025-06-26T00:23:59.008+0200] {processor.py:175} INFO - Processing /home/monica.fernandez/practica_creativa/venv-airflow/lib/python3.11/site-packages/airflow/example_dags/example_branch_python_dop_operator_3.py took 0.124 seconds
[2025-06-26T00:25:01.291+0200] {processor.py:153} INFO - Started process (PID=236535) to work on /home/monica.fernandez/practica_creativa/venv-airflow/lib/python3.11/site-packages/airflow/example_dags/example_branch_python_dop_operator_3.py
[2025-06-26T00:25:01.292+0200] {processor.py:743} INFO - Processing file /home/monica.fernandez/practica_creativa/venv-airflow/lib/python3.11/site-packages/airflow/example_dags/example_branch_python_dop_operator_3.py for tasks to queue
[2025-06-26T00:25:01.293+0200] {logging_mixin.py:137} INFO - [2025-06-26T00:25:01.292+0200] {dagbag.py:538} INFO - Filling up the DagBag from /home/monica.fernandez/practica_creativa/venv-airflow/lib/python3.11/site-packages/airflow/example_dags/example_branch_python_dop_operator_3.py
[2025-06-26T00:25:01.315+0200] {processor.py:753} INFO - DAG(s) dict_keys(['example_branch_dop_operator_v3']) retrieved from /home/monica.fernandez/practica_creativa/venv-airflow/lib/python3.11/site-packages/airflow/example_dags/example_branch_python_dop_operator_3.py
[2025-06-26T00:25:01.347+0200] {logging_mixin.py:137} INFO - [2025-06-26T00:25:01.346+0200] {dag.py:2690} INFO - Sync 1 DAGs
[2025-06-26T00:25:01.370+0200] {logging_mixin.py:137} INFO - [2025-06-26T00:25:01.370+0200] {dag.py:3437} INFO - Setting next_dagrun for example_branch_dop_operator_v3 to 2025-06-25T22:24:00+00:00, run_after=2025-06-25T22:25:00+00:00
[2025-06-26T00:25:01.422+0200] {processor.py:175} INFO - Processing /home/monica.fernandez/practica_creativa/venv-airflow/lib/python3.11/site-packages/airflow/example_dags/example_branch_python_dop_operator_3.py took 0.133 seconds
[2025-06-26T00:25:56.189+0200] {processor.py:153} INFO - Started process (PID=237386) to work on /home/monica.fernandez/practica_creativa/venv-airflow/lib/python3.11/site-packages/airflow/example_dags/example_branch_python_dop_operator_3.py
[2025-06-26T00:25:56.191+0200] {processor.py:743} INFO - Processing file /home/monica.fernandez/practica_creativa/venv-airflow/lib/python3.11/site-packages/airflow/example_dags/example_branch_python_dop_operator_3.py for tasks to queue
[2025-06-26T00:25:56.192+0200] {logging_mixin.py:137} INFO - [2025-06-26T00:25:56.192+0200] {dagbag.py:538} INFO - Filling up the DagBag from /home/monica.fernandez/practica_creativa/venv-airflow/lib/python3.11/site-packages/airflow/example_dags/example_branch_python_dop_operator_3.py
[2025-06-26T00:25:56.228+0200] {processor.py:753} INFO - DAG(s) dict_keys(['example_branch_dop_operator_v3']) retrieved from /home/monica.fernandez/practica_creativa/venv-airflow/lib/python3.11/site-packages/airflow/example_dags/example_branch_python_dop_operator_3.py
[2025-06-26T00:25:56.256+0200] {logging_mixin.py:137} INFO - [2025-06-26T00:25:56.256+0200] {dag.py:2690} INFO - Sync 1 DAGs
[2025-06-26T00:25:56.285+0200] {logging_mixin.py:137} INFO - [2025-06-26T00:25:56.284+0200] {dag.py:3437} INFO - Setting next_dagrun for example_branch_dop_operator_v3 to 2025-06-25T22:24:00+00:00, run_after=2025-06-25T22:25:00+00:00
[2025-06-26T00:25:56.453+0200] {processor.py:175} INFO - Processing /home/monica.fernandez/practica_creativa/venv-airflow/lib/python3.11/site-packages/airflow/example_dags/example_branch_python_dop_operator_3.py took 0.273 seconds
[2025-06-26T00:26:55.275+0200] {processor.py:153} INFO - Started process (PID=238254) to work on /home/monica.fernandez/practica_creativa/venv-airflow/lib/python3.11/site-packages/airflow/example_dags/example_branch_python_dop_operator_3.py
[2025-06-26T00:26:55.276+0200] {processor.py:743} INFO - Processing file /home/monica.fernandez/practica_creativa/venv-airflow/lib/python3.11/site-packages/airflow/example_dags/example_branch_python_dop_operator_3.py for tasks to queue
[2025-06-26T00:26:55.276+0200] {logging_mixin.py:137} INFO - [2025-06-26T00:26:55.276+0200] {dagbag.py:538} INFO - Filling up the DagBag from /home/monica.fernandez/practica_creativa/venv-airflow/lib/python3.11/site-packages/airflow/example_dags/example_branch_python_dop_operator_3.py
[2025-06-26T00:26:55.300+0200] {processor.py:753} INFO - DAG(s) dict_keys(['example_branch_dop_operator_v3']) retrieved from /home/monica.fernandez/practica_creativa/venv-airflow/lib/python3.11/site-packages/airflow/example_dags/example_branch_python_dop_operator_3.py
[2025-06-26T00:26:55.329+0200] {logging_mixin.py:137} INFO - [2025-06-26T00:26:55.329+0200] {dag.py:2690} INFO - Sync 1 DAGs
[2025-06-26T00:26:55.475+0200] {logging_mixin.py:137} INFO - [2025-06-26T00:26:55.475+0200] {dag.py:3437} INFO - Setting next_dagrun for example_branch_dop_operator_v3 to 2025-06-25T22:25:00+00:00, run_after=2025-06-25T22:26:00+00:00
[2025-06-26T00:26:55.532+0200] {processor.py:175} INFO - Processing /home/monica.fernandez/practica_creativa/venv-airflow/lib/python3.11/site-packages/airflow/example_dags/example_branch_python_dop_operator_3.py took 0.260 seconds
