[2025-06-26T00:15:30.422+0200] {processor.py:153} INFO - Started process (PID=226908) to work on /home/monica.fernandez/practica_creativa/venv-airflow/lib/python3.11/site-packages/airflow/example_dags/example_xcomargs.py
[2025-06-26T00:15:30.422+0200] {processor.py:743} INFO - Processing file /home/monica.fernandez/practica_creativa/venv-airflow/lib/python3.11/site-packages/airflow/example_dags/example_xcomargs.py for tasks to queue
[2025-06-26T00:15:30.423+0200] {logging_mixin.py:137} INFO - [2025-06-26T00:15:30.423+0200] {dagbag.py:538} INFO - Filling up the DagBag from /home/monica.fernandez/practica_creativa/venv-airflow/lib/python3.11/site-packages/airflow/example_dags/example_xcomargs.py
[2025-06-26T00:15:30.469+0200] {processor.py:753} INFO - DAG(s) dict_keys(['example_xcom_args', 'example_xcom_args_with_operators']) retrieved from /home/monica.fernandez/practica_creativa/venv-airflow/lib/python3.11/site-packages/airflow/example_dags/example_xcomargs.py
[2025-06-26T00:15:30.499+0200] {logging_mixin.py:137} INFO - [2025-06-26T00:15:30.499+0200] {dag.py:2690} INFO - Sync 2 DAGs
[2025-06-26T00:15:30.524+0200] {logging_mixin.py:137} INFO - [2025-06-26T00:15:30.524+0200] {dag.py:3437} INFO - Setting next_dagrun for example_xcom_args to None, run_after=None
[2025-06-26T00:15:30.528+0200] {logging_mixin.py:137} INFO - [2025-06-26T00:15:30.528+0200] {dag.py:3437} INFO - Setting next_dagrun for example_xcom_args_with_operators to None, run_after=None
[2025-06-26T00:15:30.577+0200] {processor.py:175} INFO - Processing /home/monica.fernandez/practica_creativa/venv-airflow/lib/python3.11/site-packages/airflow/example_dags/example_xcomargs.py took 0.158 seconds
[2025-06-26T00:16:33.571+0200] {processor.py:153} INFO - Started process (PID=227781) to work on /home/monica.fernandez/practica_creativa/venv-airflow/lib/python3.11/site-packages/airflow/example_dags/example_xcomargs.py
[2025-06-26T00:16:33.573+0200] {processor.py:743} INFO - Processing file /home/monica.fernandez/practica_creativa/venv-airflow/lib/python3.11/site-packages/airflow/example_dags/example_xcomargs.py for tasks to queue
[2025-06-26T00:16:33.574+0200] {logging_mixin.py:137} INFO - [2025-06-26T00:16:33.574+0200] {dagbag.py:538} INFO - Filling up the DagBag from /home/monica.fernandez/practica_creativa/venv-airflow/lib/python3.11/site-packages/airflow/example_dags/example_xcomargs.py
[2025-06-26T00:16:33.646+0200] {processor.py:753} INFO - DAG(s) dict_keys(['example_xcom_args_with_operators', 'example_xcom_args']) retrieved from /home/monica.fernandez/practica_creativa/venv-airflow/lib/python3.11/site-packages/airflow/example_dags/example_xcomargs.py
[2025-06-26T00:16:33.838+0200] {logging_mixin.py:137} INFO - [2025-06-26T00:16:33.838+0200] {dag.py:2690} INFO - Sync 2 DAGs
[2025-06-26T00:16:33.971+0200] {logging_mixin.py:137} INFO - [2025-06-26T00:16:33.970+0200] {dag.py:3437} INFO - Setting next_dagrun for example_xcom_args to None, run_after=None
[2025-06-26T00:16:33.990+0200] {logging_mixin.py:137} INFO - [2025-06-26T00:16:33.989+0200] {dag.py:3437} INFO - Setting next_dagrun for example_xcom_args_with_operators to None, run_after=None
[2025-06-26T00:16:34.347+0200] {processor.py:175} INFO - Processing /home/monica.fernandez/practica_creativa/venv-airflow/lib/python3.11/site-packages/airflow/example_dags/example_xcomargs.py took 0.784 seconds
[2025-06-26T00:17:29.091+0200] {processor.py:153} INFO - Started process (PID=228549) to work on /home/monica.fernandez/practica_creativa/venv-airflow/lib/python3.11/site-packages/airflow/example_dags/example_xcomargs.py
[2025-06-26T00:17:29.092+0200] {processor.py:743} INFO - Processing file /home/monica.fernandez/practica_creativa/venv-airflow/lib/python3.11/site-packages/airflow/example_dags/example_xcomargs.py for tasks to queue
[2025-06-26T00:17:29.093+0200] {logging_mixin.py:137} INFO - [2025-06-26T00:17:29.093+0200] {dagbag.py:538} INFO - Filling up the DagBag from /home/monica.fernandez/practica_creativa/venv-airflow/lib/python3.11/site-packages/airflow/example_dags/example_xcomargs.py
[2025-06-26T00:17:29.152+0200] {processor.py:753} INFO - DAG(s) dict_keys(['example_xcom_args_with_operators', 'example_xcom_args']) retrieved from /home/monica.fernandez/practica_creativa/venv-airflow/lib/python3.11/site-packages/airflow/example_dags/example_xcomargs.py
[2025-06-26T00:17:29.185+0200] {logging_mixin.py:137} INFO - [2025-06-26T00:17:29.185+0200] {dag.py:2690} INFO - Sync 2 DAGs
[2025-06-26T00:17:29.209+0200] {logging_mixin.py:137} INFO - [2025-06-26T00:17:29.209+0200] {dag.py:3437} INFO - Setting next_dagrun for example_xcom_args to None, run_after=None
[2025-06-26T00:17:29.214+0200] {logging_mixin.py:137} INFO - [2025-06-26T00:17:29.214+0200] {dag.py:3437} INFO - Setting next_dagrun for example_xcom_args_with_operators to None, run_after=None
[2025-06-26T00:17:29.265+0200] {processor.py:175} INFO - Processing /home/monica.fernandez/practica_creativa/venv-airflow/lib/python3.11/site-packages/airflow/example_dags/example_xcomargs.py took 0.180 seconds
[2025-06-26T00:21:50.936+0200] {processor.py:153} INFO - Started process (PID=233624) to work on /home/monica.fernandez/practica_creativa/venv-airflow/lib/python3.11/site-packages/airflow/example_dags/example_xcomargs.py
[2025-06-26T00:21:50.937+0200] {processor.py:743} INFO - Processing file /home/monica.fernandez/practica_creativa/venv-airflow/lib/python3.11/site-packages/airflow/example_dags/example_xcomargs.py for tasks to queue
[2025-06-26T00:21:50.937+0200] {logging_mixin.py:137} INFO - [2025-06-26T00:21:50.937+0200] {dagbag.py:538} INFO - Filling up the DagBag from /home/monica.fernandez/practica_creativa/venv-airflow/lib/python3.11/site-packages/airflow/example_dags/example_xcomargs.py
[2025-06-26T00:21:50.971+0200] {processor.py:753} INFO - DAG(s) dict_keys(['example_xcom_args', 'example_xcom_args_with_operators']) retrieved from /home/monica.fernandez/practica_creativa/venv-airflow/lib/python3.11/site-packages/airflow/example_dags/example_xcomargs.py
[2025-06-26T00:21:51.019+0200] {logging_mixin.py:137} INFO - [2025-06-26T00:21:51.019+0200] {dag.py:2690} INFO - Sync 2 DAGs
[2025-06-26T00:21:51.051+0200] {logging_mixin.py:137} INFO - [2025-06-26T00:21:51.051+0200] {dag.py:3437} INFO - Setting next_dagrun for example_xcom_args to None, run_after=None
[2025-06-26T00:21:51.063+0200] {logging_mixin.py:137} INFO - [2025-06-26T00:21:51.062+0200] {dag.py:3437} INFO - Setting next_dagrun for example_xcom_args_with_operators to None, run_after=None
[2025-06-26T00:21:51.141+0200] {processor.py:175} INFO - Processing /home/monica.fernandez/practica_creativa/venv-airflow/lib/python3.11/site-packages/airflow/example_dags/example_xcomargs.py took 0.209 seconds
[2025-06-26T00:22:36.249+0200] {processor.py:153} INFO - Started process (PID=234215) to work on /home/monica.fernandez/practica_creativa/venv-airflow/lib/python3.11/site-packages/airflow/example_dags/example_xcomargs.py
[2025-06-26T00:22:36.251+0200] {processor.py:743} INFO - Processing file /home/monica.fernandez/practica_creativa/venv-airflow/lib/python3.11/site-packages/airflow/example_dags/example_xcomargs.py for tasks to queue
[2025-06-26T00:22:36.253+0200] {logging_mixin.py:137} INFO - [2025-06-26T00:22:36.252+0200] {dagbag.py:538} INFO - Filling up the DagBag from /home/monica.fernandez/practica_creativa/venv-airflow/lib/python3.11/site-packages/airflow/example_dags/example_xcomargs.py
[2025-06-26T00:22:36.288+0200] {processor.py:753} INFO - DAG(s) dict_keys(['example_xcom_args_with_operators', 'example_xcom_args']) retrieved from /home/monica.fernandez/practica_creativa/venv-airflow/lib/python3.11/site-packages/airflow/example_dags/example_xcomargs.py
[2025-06-26T00:22:36.321+0200] {logging_mixin.py:137} INFO - [2025-06-26T00:22:36.321+0200] {dag.py:2690} INFO - Sync 2 DAGs
[2025-06-26T00:22:36.342+0200] {logging_mixin.py:137} INFO - [2025-06-26T00:22:36.342+0200] {dag.py:3437} INFO - Setting next_dagrun for example_xcom_args to None, run_after=None
[2025-06-26T00:22:36.347+0200] {logging_mixin.py:137} INFO - [2025-06-26T00:22:36.347+0200] {dag.py:3437} INFO - Setting next_dagrun for example_xcom_args_with_operators to None, run_after=None
[2025-06-26T00:22:36.403+0200] {processor.py:175} INFO - Processing /home/monica.fernandez/practica_creativa/venv-airflow/lib/python3.11/site-packages/airflow/example_dags/example_xcomargs.py took 0.162 seconds
[2025-06-26T00:23:24.427+0200] {processor.py:153} INFO - Started process (PID=234912) to work on /home/monica.fernandez/practica_creativa/venv-airflow/lib/python3.11/site-packages/airflow/example_dags/example_xcomargs.py
[2025-06-26T00:23:24.428+0200] {processor.py:743} INFO - Processing file /home/monica.fernandez/practica_creativa/venv-airflow/lib/python3.11/site-packages/airflow/example_dags/example_xcomargs.py for tasks to queue
[2025-06-26T00:23:24.429+0200] {logging_mixin.py:137} INFO - [2025-06-26T00:23:24.429+0200] {dagbag.py:538} INFO - Filling up the DagBag from /home/monica.fernandez/practica_creativa/venv-airflow/lib/python3.11/site-packages/airflow/example_dags/example_xcomargs.py
[2025-06-26T00:23:24.449+0200] {processor.py:753} INFO - DAG(s) dict_keys(['example_xcom_args_with_operators', 'example_xcom_args']) retrieved from /home/monica.fernandez/practica_creativa/venv-airflow/lib/python3.11/site-packages/airflow/example_dags/example_xcomargs.py
[2025-06-26T00:23:24.484+0200] {logging_mixin.py:137} INFO - [2025-06-26T00:23:24.484+0200] {dag.py:2690} INFO - Sync 2 DAGs
[2025-06-26T00:23:24.512+0200] {logging_mixin.py:137} INFO - [2025-06-26T00:23:24.512+0200] {dag.py:3437} INFO - Setting next_dagrun for example_xcom_args to None, run_after=None
[2025-06-26T00:23:24.519+0200] {logging_mixin.py:137} INFO - [2025-06-26T00:23:24.519+0200] {dag.py:3437} INFO - Setting next_dagrun for example_xcom_args_with_operators to None, run_after=None
[2025-06-26T00:23:24.579+0200] {processor.py:175} INFO - Processing /home/monica.fernandez/practica_creativa/venv-airflow/lib/python3.11/site-packages/airflow/example_dags/example_xcomargs.py took 0.154 seconds
[2025-06-26T00:24:02.867+0200] {processor.py:153} INFO - Started process (PID=235498) to work on /home/monica.fernandez/practica_creativa/venv-airflow/lib/python3.11/site-packages/airflow/example_dags/example_xcomargs.py
[2025-06-26T00:24:02.868+0200] {processor.py:743} INFO - Processing file /home/monica.fernandez/practica_creativa/venv-airflow/lib/python3.11/site-packages/airflow/example_dags/example_xcomargs.py for tasks to queue
[2025-06-26T00:24:02.868+0200] {logging_mixin.py:137} INFO - [2025-06-26T00:24:02.868+0200] {dagbag.py:538} INFO - Filling up the DagBag from /home/monica.fernandez/practica_creativa/venv-airflow/lib/python3.11/site-packages/airflow/example_dags/example_xcomargs.py
[2025-06-26T00:24:02.891+0200] {processor.py:753} INFO - DAG(s) dict_keys(['example_xcom_args_with_operators', 'example_xcom_args']) retrieved from /home/monica.fernandez/practica_creativa/venv-airflow/lib/python3.11/site-packages/airflow/example_dags/example_xcomargs.py
[2025-06-26T00:24:02.922+0200] {logging_mixin.py:137} INFO - [2025-06-26T00:24:02.922+0200] {dag.py:2690} INFO - Sync 2 DAGs
[2025-06-26T00:24:02.943+0200] {logging_mixin.py:137} INFO - [2025-06-26T00:24:02.943+0200] {dag.py:3437} INFO - Setting next_dagrun for example_xcom_args to None, run_after=None
[2025-06-26T00:24:02.948+0200] {logging_mixin.py:137} INFO - [2025-06-26T00:24:02.947+0200] {dag.py:3437} INFO - Setting next_dagrun for example_xcom_args_with_operators to None, run_after=None
[2025-06-26T00:24:02.995+0200] {processor.py:175} INFO - Processing /home/monica.fernandez/practica_creativa/venv-airflow/lib/python3.11/site-packages/airflow/example_dags/example_xcomargs.py took 0.132 seconds
[2025-06-26T00:24:43.740+0200] {processor.py:153} INFO - Started process (PID=236133) to work on /home/monica.fernandez/practica_creativa/venv-airflow/lib/python3.11/site-packages/airflow/example_dags/example_xcomargs.py
[2025-06-26T00:24:43.742+0200] {processor.py:743} INFO - Processing file /home/monica.fernandez/practica_creativa/venv-airflow/lib/python3.11/site-packages/airflow/example_dags/example_xcomargs.py for tasks to queue
[2025-06-26T00:24:43.743+0200] {logging_mixin.py:137} INFO - [2025-06-26T00:24:43.743+0200] {dagbag.py:538} INFO - Filling up the DagBag from /home/monica.fernandez/practica_creativa/venv-airflow/lib/python3.11/site-packages/airflow/example_dags/example_xcomargs.py
[2025-06-26T00:24:43.767+0200] {processor.py:753} INFO - DAG(s) dict_keys(['example_xcom_args', 'example_xcom_args_with_operators']) retrieved from /home/monica.fernandez/practica_creativa/venv-airflow/lib/python3.11/site-packages/airflow/example_dags/example_xcomargs.py
[2025-06-26T00:24:43.798+0200] {logging_mixin.py:137} INFO - [2025-06-26T00:24:43.798+0200] {dag.py:2690} INFO - Sync 2 DAGs
[2025-06-26T00:24:43.817+0200] {logging_mixin.py:137} INFO - [2025-06-26T00:24:43.817+0200] {dag.py:3437} INFO - Setting next_dagrun for example_xcom_args to None, run_after=None
[2025-06-26T00:24:43.821+0200] {logging_mixin.py:137} INFO - [2025-06-26T00:24:43.821+0200] {dag.py:3437} INFO - Setting next_dagrun for example_xcom_args_with_operators to None, run_after=None
[2025-06-26T00:24:43.870+0200] {processor.py:175} INFO - Processing /home/monica.fernandez/practica_creativa/venv-airflow/lib/python3.11/site-packages/airflow/example_dags/example_xcomargs.py took 0.135 seconds
[2025-06-26T00:25:28.451+0200] {processor.py:153} INFO - Started process (PID=236961) to work on /home/monica.fernandez/practica_creativa/venv-airflow/lib/python3.11/site-packages/airflow/example_dags/example_xcomargs.py
[2025-06-26T00:25:28.452+0200] {processor.py:743} INFO - Processing file /home/monica.fernandez/practica_creativa/venv-airflow/lib/python3.11/site-packages/airflow/example_dags/example_xcomargs.py for tasks to queue
[2025-06-26T00:25:28.452+0200] {logging_mixin.py:137} INFO - [2025-06-26T00:25:28.452+0200] {dagbag.py:538} INFO - Filling up the DagBag from /home/monica.fernandez/practica_creativa/venv-airflow/lib/python3.11/site-packages/airflow/example_dags/example_xcomargs.py
[2025-06-26T00:25:28.473+0200] {processor.py:753} INFO - DAG(s) dict_keys(['example_xcom_args_with_operators', 'example_xcom_args']) retrieved from /home/monica.fernandez/practica_creativa/venv-airflow/lib/python3.11/site-packages/airflow/example_dags/example_xcomargs.py
[2025-06-26T00:25:28.503+0200] {logging_mixin.py:137} INFO - [2025-06-26T00:25:28.503+0200] {dag.py:2690} INFO - Sync 2 DAGs
[2025-06-26T00:25:28.524+0200] {logging_mixin.py:137} INFO - [2025-06-26T00:25:28.524+0200] {dag.py:3437} INFO - Setting next_dagrun for example_xcom_args to None, run_after=None
[2025-06-26T00:25:28.528+0200] {logging_mixin.py:137} INFO - [2025-06-26T00:25:28.528+0200] {dag.py:3437} INFO - Setting next_dagrun for example_xcom_args_with_operators to None, run_after=None
[2025-06-26T00:25:28.682+0200] {processor.py:175} INFO - Processing /home/monica.fernandez/practica_creativa/venv-airflow/lib/python3.11/site-packages/airflow/example_dags/example_xcomargs.py took 0.233 seconds
[2025-06-26T00:26:03.185+0200] {processor.py:153} INFO - Started process (PID=237466) to work on /home/monica.fernandez/practica_creativa/venv-airflow/lib/python3.11/site-packages/airflow/example_dags/example_xcomargs.py
[2025-06-26T00:26:03.186+0200] {processor.py:743} INFO - Processing file /home/monica.fernandez/practica_creativa/venv-airflow/lib/python3.11/site-packages/airflow/example_dags/example_xcomargs.py for tasks to queue
[2025-06-26T00:26:03.188+0200] {logging_mixin.py:137} INFO - [2025-06-26T00:26:03.187+0200] {dagbag.py:538} INFO - Filling up the DagBag from /home/monica.fernandez/practica_creativa/venv-airflow/lib/python3.11/site-packages/airflow/example_dags/example_xcomargs.py
[2025-06-26T00:26:03.214+0200] {processor.py:753} INFO - DAG(s) dict_keys(['example_xcom_args', 'example_xcom_args_with_operators']) retrieved from /home/monica.fernandez/practica_creativa/venv-airflow/lib/python3.11/site-packages/airflow/example_dags/example_xcomargs.py
[2025-06-26T00:26:03.243+0200] {logging_mixin.py:137} INFO - [2025-06-26T00:26:03.243+0200] {dag.py:2690} INFO - Sync 2 DAGs
[2025-06-26T00:26:03.372+0200] {logging_mixin.py:137} INFO - [2025-06-26T00:26:03.372+0200] {dag.py:3437} INFO - Setting next_dagrun for example_xcom_args to None, run_after=None
[2025-06-26T00:26:03.377+0200] {logging_mixin.py:137} INFO - [2025-06-26T00:26:03.376+0200] {dag.py:3437} INFO - Setting next_dagrun for example_xcom_args_with_operators to None, run_after=None
[2025-06-26T00:26:03.427+0200] {processor.py:175} INFO - Processing /home/monica.fernandez/practica_creativa/venv-airflow/lib/python3.11/site-packages/airflow/example_dags/example_xcomargs.py took 0.250 seconds
[2025-06-26T00:26:41.261+0200] {processor.py:153} INFO - Started process (PID=237991) to work on /home/monica.fernandez/practica_creativa/venv-airflow/lib/python3.11/site-packages/airflow/example_dags/example_xcomargs.py
[2025-06-26T00:26:41.262+0200] {processor.py:743} INFO - Processing file /home/monica.fernandez/practica_creativa/venv-airflow/lib/python3.11/site-packages/airflow/example_dags/example_xcomargs.py for tasks to queue
[2025-06-26T00:26:41.262+0200] {logging_mixin.py:137} INFO - [2025-06-26T00:26:41.262+0200] {dagbag.py:538} INFO - Filling up the DagBag from /home/monica.fernandez/practica_creativa/venv-airflow/lib/python3.11/site-packages/airflow/example_dags/example_xcomargs.py
[2025-06-26T00:26:41.286+0200] {processor.py:753} INFO - DAG(s) dict_keys(['example_xcom_args', 'example_xcom_args_with_operators']) retrieved from /home/monica.fernandez/practica_creativa/venv-airflow/lib/python3.11/site-packages/airflow/example_dags/example_xcomargs.py
[2025-06-26T00:26:41.322+0200] {logging_mixin.py:137} INFO - [2025-06-26T00:26:41.322+0200] {dag.py:2690} INFO - Sync 2 DAGs
[2025-06-26T00:26:41.473+0200] {logging_mixin.py:137} INFO - [2025-06-26T00:26:41.473+0200] {dag.py:3437} INFO - Setting next_dagrun for example_xcom_args to None, run_after=None
[2025-06-26T00:26:41.478+0200] {logging_mixin.py:137} INFO - [2025-06-26T00:26:41.478+0200] {dag.py:3437} INFO - Setting next_dagrun for example_xcom_args_with_operators to None, run_after=None
[2025-06-26T00:26:41.544+0200] {processor.py:175} INFO - Processing /home/monica.fernandez/practica_creativa/venv-airflow/lib/python3.11/site-packages/airflow/example_dags/example_xcomargs.py took 0.286 seconds
