[2025-06-26T00:15:34.247+0200] {processor.py:153} INFO - Started process (PID=226945) to work on /home/monica.fernandez/practica_creativa/venv-airflow/lib/python3.11/site-packages/airflow/example_dags/example_trigger_target_dag.py
[2025-06-26T00:15:34.248+0200] {processor.py:743} INFO - Processing file /home/monica.fernandez/practica_creativa/venv-airflow/lib/python3.11/site-packages/airflow/example_dags/example_trigger_target_dag.py for tasks to queue
[2025-06-26T00:15:34.249+0200] {logging_mixin.py:137} INFO - [2025-06-26T00:15:34.249+0200] {dagbag.py:538} INFO - Filling up the DagBag from /home/monica.fernandez/practica_creativa/venv-airflow/lib/python3.11/site-packages/airflow/example_dags/example_trigger_target_dag.py
[2025-06-26T00:15:34.281+0200] {processor.py:753} INFO - DAG(s) dict_keys(['example_trigger_target_dag']) retrieved from /home/monica.fernandez/practica_creativa/venv-airflow/lib/python3.11/site-packages/airflow/example_dags/example_trigger_target_dag.py
[2025-06-26T00:15:34.305+0200] {logging_mixin.py:137} INFO - [2025-06-26T00:15:34.305+0200] {dag.py:2690} INFO - Sync 1 DAGs
[2025-06-26T00:15:34.330+0200] {logging_mixin.py:137} INFO - [2025-06-26T00:15:34.330+0200] {dag.py:3437} INFO - Setting next_dagrun for example_trigger_target_dag to None, run_after=None
[2025-06-26T00:15:34.389+0200] {processor.py:175} INFO - Processing /home/monica.fernandez/practica_creativa/venv-airflow/lib/python3.11/site-packages/airflow/example_dags/example_trigger_target_dag.py took 0.149 seconds
[2025-06-26T00:16:40.676+0200] {processor.py:153} INFO - Started process (PID=227927) to work on /home/monica.fernandez/practica_creativa/venv-airflow/lib/python3.11/site-packages/airflow/example_dags/example_trigger_target_dag.py
[2025-06-26T00:16:40.677+0200] {processor.py:743} INFO - Processing file /home/monica.fernandez/practica_creativa/venv-airflow/lib/python3.11/site-packages/airflow/example_dags/example_trigger_target_dag.py for tasks to queue
[2025-06-26T00:16:40.679+0200] {logging_mixin.py:137} INFO - [2025-06-26T00:16:40.678+0200] {dagbag.py:538} INFO - Filling up the DagBag from /home/monica.fernandez/practica_creativa/venv-airflow/lib/python3.11/site-packages/airflow/example_dags/example_trigger_target_dag.py
[2025-06-26T00:16:40.711+0200] {processor.py:753} INFO - DAG(s) dict_keys(['example_trigger_target_dag']) retrieved from /home/monica.fernandez/practica_creativa/venv-airflow/lib/python3.11/site-packages/airflow/example_dags/example_trigger_target_dag.py
[2025-06-26T00:16:40.736+0200] {logging_mixin.py:137} INFO - [2025-06-26T00:16:40.736+0200] {dag.py:2690} INFO - Sync 1 DAGs
[2025-06-26T00:16:40.759+0200] {logging_mixin.py:137} INFO - [2025-06-26T00:16:40.759+0200] {dag.py:3437} INFO - Setting next_dagrun for example_trigger_target_dag to None, run_after=None
[2025-06-26T00:16:40.805+0200] {processor.py:175} INFO - Processing /home/monica.fernandez/practica_creativa/venv-airflow/lib/python3.11/site-packages/airflow/example_dags/example_trigger_target_dag.py took 0.137 seconds
[2025-06-26T00:17:33.285+0200] {processor.py:153} INFO - Started process (PID=228606) to work on /home/monica.fernandez/practica_creativa/venv-airflow/lib/python3.11/site-packages/airflow/example_dags/example_trigger_target_dag.py
[2025-06-26T00:17:33.286+0200] {processor.py:743} INFO - Processing file /home/monica.fernandez/practica_creativa/venv-airflow/lib/python3.11/site-packages/airflow/example_dags/example_trigger_target_dag.py for tasks to queue
[2025-06-26T00:17:33.286+0200] {logging_mixin.py:137} INFO - [2025-06-26T00:17:33.286+0200] {dagbag.py:538} INFO - Filling up the DagBag from /home/monica.fernandez/practica_creativa/venv-airflow/lib/python3.11/site-packages/airflow/example_dags/example_trigger_target_dag.py
[2025-06-26T00:17:33.321+0200] {processor.py:753} INFO - DAG(s) dict_keys(['example_trigger_target_dag']) retrieved from /home/monica.fernandez/practica_creativa/venv-airflow/lib/python3.11/site-packages/airflow/example_dags/example_trigger_target_dag.py
[2025-06-26T00:17:33.355+0200] {logging_mixin.py:137} INFO - [2025-06-26T00:17:33.355+0200] {dag.py:2690} INFO - Sync 1 DAGs
[2025-06-26T00:17:33.384+0200] {logging_mixin.py:137} INFO - [2025-06-26T00:17:33.382+0200] {dag.py:3437} INFO - Setting next_dagrun for example_trigger_target_dag to None, run_after=None
[2025-06-26T00:17:33.447+0200] {processor.py:175} INFO - Processing /home/monica.fernandez/practica_creativa/venv-airflow/lib/python3.11/site-packages/airflow/example_dags/example_trigger_target_dag.py took 0.165 seconds
[2025-06-26T00:21:53.608+0200] {processor.py:153} INFO - Started process (PID=233646) to work on /home/monica.fernandez/practica_creativa/venv-airflow/lib/python3.11/site-packages/airflow/example_dags/example_trigger_target_dag.py
[2025-06-26T00:21:53.608+0200] {processor.py:743} INFO - Processing file /home/monica.fernandez/practica_creativa/venv-airflow/lib/python3.11/site-packages/airflow/example_dags/example_trigger_target_dag.py for tasks to queue
[2025-06-26T00:21:53.609+0200] {logging_mixin.py:137} INFO - [2025-06-26T00:21:53.609+0200] {dagbag.py:538} INFO - Filling up the DagBag from /home/monica.fernandez/practica_creativa/venv-airflow/lib/python3.11/site-packages/airflow/example_dags/example_trigger_target_dag.py
[2025-06-26T00:21:53.627+0200] {processor.py:753} INFO - DAG(s) dict_keys(['example_trigger_target_dag']) retrieved from /home/monica.fernandez/practica_creativa/venv-airflow/lib/python3.11/site-packages/airflow/example_dags/example_trigger_target_dag.py
[2025-06-26T00:21:53.662+0200] {logging_mixin.py:137} INFO - [2025-06-26T00:21:53.662+0200] {dag.py:2690} INFO - Sync 1 DAGs
[2025-06-26T00:21:53.682+0200] {logging_mixin.py:137} INFO - [2025-06-26T00:21:53.682+0200] {dag.py:3437} INFO - Setting next_dagrun for example_trigger_target_dag to None, run_after=None
[2025-06-26T00:21:53.739+0200] {processor.py:175} INFO - Processing /home/monica.fernandez/practica_creativa/venv-airflow/lib/python3.11/site-packages/airflow/example_dags/example_trigger_target_dag.py took 0.133 seconds
[2025-06-26T00:22:40.258+0200] {processor.py:153} INFO - Started process (PID=234250) to work on /home/monica.fernandez/practica_creativa/venv-airflow/lib/python3.11/site-packages/airflow/example_dags/example_trigger_target_dag.py
[2025-06-26T00:22:40.258+0200] {processor.py:743} INFO - Processing file /home/monica.fernandez/practica_creativa/venv-airflow/lib/python3.11/site-packages/airflow/example_dags/example_trigger_target_dag.py for tasks to queue
[2025-06-26T00:22:40.259+0200] {logging_mixin.py:137} INFO - [2025-06-26T00:22:40.259+0200] {dagbag.py:538} INFO - Filling up the DagBag from /home/monica.fernandez/practica_creativa/venv-airflow/lib/python3.11/site-packages/airflow/example_dags/example_trigger_target_dag.py
[2025-06-26T00:22:40.278+0200] {processor.py:753} INFO - DAG(s) dict_keys(['example_trigger_target_dag']) retrieved from /home/monica.fernandez/practica_creativa/venv-airflow/lib/python3.11/site-packages/airflow/example_dags/example_trigger_target_dag.py
[2025-06-26T00:22:40.302+0200] {logging_mixin.py:137} INFO - [2025-06-26T00:22:40.301+0200] {dag.py:2690} INFO - Sync 1 DAGs
[2025-06-26T00:22:40.322+0200] {logging_mixin.py:137} INFO - [2025-06-26T00:22:40.322+0200] {dag.py:3437} INFO - Setting next_dagrun for example_trigger_target_dag to None, run_after=None
[2025-06-26T00:22:40.371+0200] {processor.py:175} INFO - Processing /home/monica.fernandez/practica_creativa/venv-airflow/lib/python3.11/site-packages/airflow/example_dags/example_trigger_target_dag.py took 0.116 seconds
[2025-06-26T00:23:28.390+0200] {processor.py:153} INFO - Started process (PID=235008) to work on /home/monica.fernandez/practica_creativa/venv-airflow/lib/python3.11/site-packages/airflow/example_dags/example_trigger_target_dag.py
[2025-06-26T00:23:28.391+0200] {processor.py:743} INFO - Processing file /home/monica.fernandez/practica_creativa/venv-airflow/lib/python3.11/site-packages/airflow/example_dags/example_trigger_target_dag.py for tasks to queue
[2025-06-26T00:23:28.391+0200] {logging_mixin.py:137} INFO - [2025-06-26T00:23:28.391+0200] {dagbag.py:538} INFO - Filling up the DagBag from /home/monica.fernandez/practica_creativa/venv-airflow/lib/python3.11/site-packages/airflow/example_dags/example_trigger_target_dag.py
[2025-06-26T00:23:28.408+0200] {processor.py:753} INFO - DAG(s) dict_keys(['example_trigger_target_dag']) retrieved from /home/monica.fernandez/practica_creativa/venv-airflow/lib/python3.11/site-packages/airflow/example_dags/example_trigger_target_dag.py
[2025-06-26T00:23:28.432+0200] {logging_mixin.py:137} INFO - [2025-06-26T00:23:28.432+0200] {dag.py:2690} INFO - Sync 1 DAGs
[2025-06-26T00:23:28.451+0200] {logging_mixin.py:137} INFO - [2025-06-26T00:23:28.451+0200] {dag.py:3437} INFO - Setting next_dagrun for example_trigger_target_dag to None, run_after=None
[2025-06-26T00:23:28.503+0200] {processor.py:175} INFO - Processing /home/monica.fernandez/practica_creativa/venv-airflow/lib/python3.11/site-packages/airflow/example_dags/example_trigger_target_dag.py took 0.115 seconds
[2025-06-26T00:24:06.856+0200] {processor.py:153} INFO - Started process (PID=235565) to work on /home/monica.fernandez/practica_creativa/venv-airflow/lib/python3.11/site-packages/airflow/example_dags/example_trigger_target_dag.py
[2025-06-26T00:24:06.858+0200] {processor.py:743} INFO - Processing file /home/monica.fernandez/practica_creativa/venv-airflow/lib/python3.11/site-packages/airflow/example_dags/example_trigger_target_dag.py for tasks to queue
[2025-06-26T00:24:06.860+0200] {logging_mixin.py:137} INFO - [2025-06-26T00:24:06.860+0200] {dagbag.py:538} INFO - Filling up the DagBag from /home/monica.fernandez/practica_creativa/venv-airflow/lib/python3.11/site-packages/airflow/example_dags/example_trigger_target_dag.py
[2025-06-26T00:24:06.884+0200] {processor.py:753} INFO - DAG(s) dict_keys(['example_trigger_target_dag']) retrieved from /home/monica.fernandez/practica_creativa/venv-airflow/lib/python3.11/site-packages/airflow/example_dags/example_trigger_target_dag.py
[2025-06-26T00:24:06.911+0200] {logging_mixin.py:137} INFO - [2025-06-26T00:24:06.911+0200] {dag.py:2690} INFO - Sync 1 DAGs
[2025-06-26T00:24:06.931+0200] {logging_mixin.py:137} INFO - [2025-06-26T00:24:06.931+0200] {dag.py:3437} INFO - Setting next_dagrun for example_trigger_target_dag to None, run_after=None
[2025-06-26T00:24:06.975+0200] {processor.py:175} INFO - Processing /home/monica.fernandez/practica_creativa/venv-airflow/lib/python3.11/site-packages/airflow/example_dags/example_trigger_target_dag.py took 0.127 seconds
[2025-06-26T00:24:49.736+0200] {processor.py:153} INFO - Started process (PID=236257) to work on /home/monica.fernandez/practica_creativa/venv-airflow/lib/python3.11/site-packages/airflow/example_dags/example_trigger_target_dag.py
[2025-06-26T00:24:49.736+0200] {processor.py:743} INFO - Processing file /home/monica.fernandez/practica_creativa/venv-airflow/lib/python3.11/site-packages/airflow/example_dags/example_trigger_target_dag.py for tasks to queue
[2025-06-26T00:24:49.737+0200] {logging_mixin.py:137} INFO - [2025-06-26T00:24:49.737+0200] {dagbag.py:538} INFO - Filling up the DagBag from /home/monica.fernandez/practica_creativa/venv-airflow/lib/python3.11/site-packages/airflow/example_dags/example_trigger_target_dag.py
[2025-06-26T00:24:49.760+0200] {processor.py:753} INFO - DAG(s) dict_keys(['example_trigger_target_dag']) retrieved from /home/monica.fernandez/practica_creativa/venv-airflow/lib/python3.11/site-packages/airflow/example_dags/example_trigger_target_dag.py
[2025-06-26T00:24:49.856+0200] {logging_mixin.py:137} INFO - [2025-06-26T00:24:49.855+0200] {dag.py:2690} INFO - Sync 1 DAGs
[2025-06-26T00:24:49.927+0200] {logging_mixin.py:137} INFO - [2025-06-26T00:24:49.926+0200] {dag.py:3437} INFO - Setting next_dagrun for example_trigger_target_dag to None, run_after=None
[2025-06-26T00:24:50.393+0200] {processor.py:175} INFO - Processing /home/monica.fernandez/practica_creativa/venv-airflow/lib/python3.11/site-packages/airflow/example_dags/example_trigger_target_dag.py took 0.660 seconds
[2025-06-26T00:25:32.201+0200] {processor.py:153} INFO - Started process (PID=237027) to work on /home/monica.fernandez/practica_creativa/venv-airflow/lib/python3.11/site-packages/airflow/example_dags/example_trigger_target_dag.py
[2025-06-26T00:25:32.201+0200] {processor.py:743} INFO - Processing file /home/monica.fernandez/practica_creativa/venv-airflow/lib/python3.11/site-packages/airflow/example_dags/example_trigger_target_dag.py for tasks to queue
[2025-06-26T00:25:32.202+0200] {logging_mixin.py:137} INFO - [2025-06-26T00:25:32.202+0200] {dagbag.py:538} INFO - Filling up the DagBag from /home/monica.fernandez/practica_creativa/venv-airflow/lib/python3.11/site-packages/airflow/example_dags/example_trigger_target_dag.py
[2025-06-26T00:25:32.219+0200] {processor.py:753} INFO - DAG(s) dict_keys(['example_trigger_target_dag']) retrieved from /home/monica.fernandez/practica_creativa/venv-airflow/lib/python3.11/site-packages/airflow/example_dags/example_trigger_target_dag.py
[2025-06-26T00:25:32.244+0200] {logging_mixin.py:137} INFO - [2025-06-26T00:25:32.244+0200] {dag.py:2690} INFO - Sync 1 DAGs
[2025-06-26T00:25:32.276+0200] {logging_mixin.py:137} INFO - [2025-06-26T00:25:32.275+0200] {dag.py:3437} INFO - Setting next_dagrun for example_trigger_target_dag to None, run_after=None
[2025-06-26T00:25:32.432+0200] {processor.py:175} INFO - Processing /home/monica.fernandez/practica_creativa/venv-airflow/lib/python3.11/site-packages/airflow/example_dags/example_trigger_target_dag.py took 0.234 seconds
[2025-06-26T00:26:23.740+0200] {processor.py:153} INFO - Started process (PID=237751) to work on /home/monica.fernandez/practica_creativa/venv-airflow/lib/python3.11/site-packages/airflow/example_dags/example_trigger_target_dag.py
[2025-06-26T00:26:23.741+0200] {processor.py:743} INFO - Processing file /home/monica.fernandez/practica_creativa/venv-airflow/lib/python3.11/site-packages/airflow/example_dags/example_trigger_target_dag.py for tasks to queue
[2025-06-26T00:26:23.742+0200] {logging_mixin.py:137} INFO - [2025-06-26T00:26:23.742+0200] {dagbag.py:538} INFO - Filling up the DagBag from /home/monica.fernandez/practica_creativa/venv-airflow/lib/python3.11/site-packages/airflow/example_dags/example_trigger_target_dag.py
[2025-06-26T00:26:23.764+0200] {processor.py:753} INFO - DAG(s) dict_keys(['example_trigger_target_dag']) retrieved from /home/monica.fernandez/practica_creativa/venv-airflow/lib/python3.11/site-packages/airflow/example_dags/example_trigger_target_dag.py
[2025-06-26T00:26:23.788+0200] {logging_mixin.py:137} INFO - [2025-06-26T00:26:23.788+0200] {dag.py:2690} INFO - Sync 1 DAGs
[2025-06-26T00:26:23.918+0200] {logging_mixin.py:137} INFO - [2025-06-26T00:26:23.918+0200] {dag.py:3437} INFO - Setting next_dagrun for example_trigger_target_dag to None, run_after=None
[2025-06-26T00:26:23.975+0200] {processor.py:175} INFO - Processing /home/monica.fernandez/practica_creativa/venv-airflow/lib/python3.11/site-packages/airflow/example_dags/example_trigger_target_dag.py took 0.238 seconds
[2025-06-26T00:27:10.555+0200] {processor.py:153} INFO - Started process (PID=238411) to work on /home/monica.fernandez/practica_creativa/venv-airflow/lib/python3.11/site-packages/airflow/example_dags/example_trigger_target_dag.py
[2025-06-26T00:27:10.555+0200] {processor.py:743} INFO - Processing file /home/monica.fernandez/practica_creativa/venv-airflow/lib/python3.11/site-packages/airflow/example_dags/example_trigger_target_dag.py for tasks to queue
[2025-06-26T00:27:10.556+0200] {logging_mixin.py:137} INFO - [2025-06-26T00:27:10.556+0200] {dagbag.py:538} INFO - Filling up the DagBag from /home/monica.fernandez/practica_creativa/venv-airflow/lib/python3.11/site-packages/airflow/example_dags/example_trigger_target_dag.py
[2025-06-26T00:27:10.578+0200] {processor.py:753} INFO - DAG(s) dict_keys(['example_trigger_target_dag']) retrieved from /home/monica.fernandez/practica_creativa/venv-airflow/lib/python3.11/site-packages/airflow/example_dags/example_trigger_target_dag.py
[2025-06-26T00:27:10.818+0200] {logging_mixin.py:137} INFO - [2025-06-26T00:27:10.818+0200] {dag.py:2690} INFO - Sync 1 DAGs
[2025-06-26T00:27:10.903+0200] {logging_mixin.py:137} INFO - [2025-06-26T00:27:10.903+0200] {dag.py:3437} INFO - Setting next_dagrun for example_trigger_target_dag to None, run_after=None
[2025-06-26T00:27:11.307+0200] {processor.py:175} INFO - Processing /home/monica.fernandez/practica_creativa/venv-airflow/lib/python3.11/site-packages/airflow/example_dags/example_trigger_target_dag.py took 0.756 seconds
