[2025-06-26T00:16:10.540+0200] {processor.py:153} INFO - Started process (PID=227473) to work on /home/monica.fernandez/practica_creativa/venv-airflow/lib/python3.11/site-packages/airflow/example_dags/example_branch_operator_decorator.py
[2025-06-26T00:16:10.541+0200] {processor.py:743} INFO - Processing file /home/monica.fernandez/practica_creativa/venv-airflow/lib/python3.11/site-packages/airflow/example_dags/example_branch_operator_decorator.py for tasks to queue
[2025-06-26T00:16:10.542+0200] {logging_mixin.py:137} INFO - [2025-06-26T00:16:10.542+0200] {dagbag.py:538} INFO - Filling up the DagBag from /home/monica.fernandez/practica_creativa/venv-airflow/lib/python3.11/site-packages/airflow/example_dags/example_branch_operator_decorator.py
[2025-06-26T00:16:10.622+0200] {processor.py:753} INFO - DAG(s) dict_keys(['example_branch_python_operator_decorator']) retrieved from /home/monica.fernandez/practica_creativa/venv-airflow/lib/python3.11/site-packages/airflow/example_dags/example_branch_operator_decorator.py
[2025-06-26T00:16:10.765+0200] {logging_mixin.py:137} INFO - [2025-06-26T00:16:10.765+0200] {dag.py:2690} INFO - Sync 1 DAGs
[2025-06-26T00:16:10.855+0200] {logging_mixin.py:137} INFO - [2025-06-26T00:16:10.855+0200] {dag.py:3437} INFO - Setting next_dagrun for example_branch_python_operator_decorator to 2025-06-24T00:00:00+00:00, run_after=2025-06-25T00:00:00+00:00
[2025-06-26T00:16:11.188+0200] {processor.py:175} INFO - Processing /home/monica.fernandez/practica_creativa/venv-airflow/lib/python3.11/site-packages/airflow/example_dags/example_branch_operator_decorator.py took 0.652 seconds
[2025-06-26T00:17:23.603+0200] {processor.py:153} INFO - Started process (PID=228494) to work on /home/monica.fernandez/practica_creativa/venv-airflow/lib/python3.11/site-packages/airflow/example_dags/example_branch_operator_decorator.py
[2025-06-26T00:17:23.605+0200] {processor.py:743} INFO - Processing file /home/monica.fernandez/practica_creativa/venv-airflow/lib/python3.11/site-packages/airflow/example_dags/example_branch_operator_decorator.py for tasks to queue
[2025-06-26T00:17:23.606+0200] {logging_mixin.py:137} INFO - [2025-06-26T00:17:23.606+0200] {dagbag.py:538} INFO - Filling up the DagBag from /home/monica.fernandez/practica_creativa/venv-airflow/lib/python3.11/site-packages/airflow/example_dags/example_branch_operator_decorator.py
[2025-06-26T00:17:23.642+0200] {processor.py:753} INFO - DAG(s) dict_keys(['example_branch_python_operator_decorator']) retrieved from /home/monica.fernandez/practica_creativa/venv-airflow/lib/python3.11/site-packages/airflow/example_dags/example_branch_operator_decorator.py
[2025-06-26T00:17:23.668+0200] {logging_mixin.py:137} INFO - [2025-06-26T00:17:23.668+0200] {dag.py:2690} INFO - Sync 1 DAGs
[2025-06-26T00:17:23.693+0200] {logging_mixin.py:137} INFO - [2025-06-26T00:17:23.693+0200] {dag.py:3437} INFO - Setting next_dagrun for example_branch_python_operator_decorator to 2025-06-24T00:00:00+00:00, run_after=2025-06-25T00:00:00+00:00
[2025-06-26T00:17:23.736+0200] {processor.py:175} INFO - Processing /home/monica.fernandez/practica_creativa/venv-airflow/lib/python3.11/site-packages/airflow/example_dags/example_branch_operator_decorator.py took 0.142 seconds
[2025-06-26T00:22:25.550+0200] {processor.py:153} INFO - Started process (PID=234099) to work on /home/monica.fernandez/practica_creativa/venv-airflow/lib/python3.11/site-packages/airflow/example_dags/example_branch_operator_decorator.py
[2025-06-26T00:22:25.551+0200] {processor.py:743} INFO - Processing file /home/monica.fernandez/practica_creativa/venv-airflow/lib/python3.11/site-packages/airflow/example_dags/example_branch_operator_decorator.py for tasks to queue
[2025-06-26T00:22:25.551+0200] {logging_mixin.py:137} INFO - [2025-06-26T00:22:25.551+0200] {dagbag.py:538} INFO - Filling up the DagBag from /home/monica.fernandez/practica_creativa/venv-airflow/lib/python3.11/site-packages/airflow/example_dags/example_branch_operator_decorator.py
[2025-06-26T00:22:25.573+0200] {processor.py:753} INFO - DAG(s) dict_keys(['example_branch_python_operator_decorator']) retrieved from /home/monica.fernandez/practica_creativa/venv-airflow/lib/python3.11/site-packages/airflow/example_dags/example_branch_operator_decorator.py
[2025-06-26T00:22:25.596+0200] {logging_mixin.py:137} INFO - [2025-06-26T00:22:25.596+0200] {dag.py:2690} INFO - Sync 1 DAGs
[2025-06-26T00:22:25.617+0200] {logging_mixin.py:137} INFO - [2025-06-26T00:22:25.617+0200] {dag.py:3437} INFO - Setting next_dagrun for example_branch_python_operator_decorator to 2025-06-24T00:00:00+00:00, run_after=2025-06-25T00:00:00+00:00
[2025-06-26T00:22:25.700+0200] {processor.py:175} INFO - Processing /home/monica.fernandez/practica_creativa/venv-airflow/lib/python3.11/site-packages/airflow/example_dags/example_branch_operator_decorator.py took 0.152 seconds
[2025-06-26T00:23:15.679+0200] {processor.py:153} INFO - Started process (PID=234832) to work on /home/monica.fernandez/practica_creativa/venv-airflow/lib/python3.11/site-packages/airflow/example_dags/example_branch_operator_decorator.py
[2025-06-26T00:23:15.686+0200] {processor.py:743} INFO - Processing file /home/monica.fernandez/practica_creativa/venv-airflow/lib/python3.11/site-packages/airflow/example_dags/example_branch_operator_decorator.py for tasks to queue
[2025-06-26T00:23:15.688+0200] {logging_mixin.py:137} INFO - [2025-06-26T00:23:15.687+0200] {dagbag.py:538} INFO - Filling up the DagBag from /home/monica.fernandez/practica_creativa/venv-airflow/lib/python3.11/site-packages/airflow/example_dags/example_branch_operator_decorator.py
[2025-06-26T00:23:15.749+0200] {processor.py:753} INFO - DAG(s) dict_keys(['example_branch_python_operator_decorator']) retrieved from /home/monica.fernandez/practica_creativa/venv-airflow/lib/python3.11/site-packages/airflow/example_dags/example_branch_operator_decorator.py
[2025-06-26T00:23:15.778+0200] {logging_mixin.py:137} INFO - [2025-06-26T00:23:15.778+0200] {dag.py:2690} INFO - Sync 1 DAGs
[2025-06-26T00:23:15.800+0200] {logging_mixin.py:137} INFO - [2025-06-26T00:23:15.800+0200] {dag.py:3437} INFO - Setting next_dagrun for example_branch_python_operator_decorator to 2025-06-24T00:00:00+00:00, run_after=2025-06-25T00:00:00+00:00
[2025-06-26T00:23:15.846+0200] {processor.py:175} INFO - Processing /home/monica.fernandez/practica_creativa/venv-airflow/lib/python3.11/site-packages/airflow/example_dags/example_branch_operator_decorator.py took 0.175 seconds
[2025-06-26T00:24:14.950+0200] {processor.py:153} INFO - Started process (PID=235722) to work on /home/monica.fernandez/practica_creativa/venv-airflow/lib/python3.11/site-packages/airflow/example_dags/example_branch_operator_decorator.py
[2025-06-26T00:24:14.952+0200] {processor.py:743} INFO - Processing file /home/monica.fernandez/practica_creativa/venv-airflow/lib/python3.11/site-packages/airflow/example_dags/example_branch_operator_decorator.py for tasks to queue
[2025-06-26T00:24:14.954+0200] {logging_mixin.py:137} INFO - [2025-06-26T00:24:14.953+0200] {dagbag.py:538} INFO - Filling up the DagBag from /home/monica.fernandez/practica_creativa/venv-airflow/lib/python3.11/site-packages/airflow/example_dags/example_branch_operator_decorator.py
[2025-06-26T00:24:15.017+0200] {processor.py:753} INFO - DAG(s) dict_keys(['example_branch_python_operator_decorator']) retrieved from /home/monica.fernandez/practica_creativa/venv-airflow/lib/python3.11/site-packages/airflow/example_dags/example_branch_operator_decorator.py
[2025-06-26T00:24:15.081+0200] {logging_mixin.py:137} INFO - [2025-06-26T00:24:15.081+0200] {dag.py:2690} INFO - Sync 1 DAGs
[2025-06-26T00:24:15.108+0200] {logging_mixin.py:137} INFO - [2025-06-26T00:24:15.108+0200] {dag.py:3437} INFO - Setting next_dagrun for example_branch_python_operator_decorator to 2025-06-24T00:00:00+00:00, run_after=2025-06-25T00:00:00+00:00
[2025-06-26T00:24:15.155+0200] {processor.py:175} INFO - Processing /home/monica.fernandez/practica_creativa/venv-airflow/lib/python3.11/site-packages/airflow/example_dags/example_branch_operator_decorator.py took 0.213 seconds
[2025-06-26T00:25:19.155+0200] {processor.py:153} INFO - Started process (PID=236858) to work on /home/monica.fernandez/practica_creativa/venv-airflow/lib/python3.11/site-packages/airflow/example_dags/example_branch_operator_decorator.py
[2025-06-26T00:25:19.156+0200] {processor.py:743} INFO - Processing file /home/monica.fernandez/practica_creativa/venv-airflow/lib/python3.11/site-packages/airflow/example_dags/example_branch_operator_decorator.py for tasks to queue
[2025-06-26T00:25:19.156+0200] {logging_mixin.py:137} INFO - [2025-06-26T00:25:19.156+0200] {dagbag.py:538} INFO - Filling up the DagBag from /home/monica.fernandez/practica_creativa/venv-airflow/lib/python3.11/site-packages/airflow/example_dags/example_branch_operator_decorator.py
[2025-06-26T00:25:19.183+0200] {processor.py:753} INFO - DAG(s) dict_keys(['example_branch_python_operator_decorator']) retrieved from /home/monica.fernandez/practica_creativa/venv-airflow/lib/python3.11/site-packages/airflow/example_dags/example_branch_operator_decorator.py
[2025-06-26T00:25:19.219+0200] {logging_mixin.py:137} INFO - [2025-06-26T00:25:19.219+0200] {dag.py:2690} INFO - Sync 1 DAGs
[2025-06-26T00:25:19.249+0200] {logging_mixin.py:137} INFO - [2025-06-26T00:25:19.248+0200] {dag.py:3437} INFO - Setting next_dagrun for example_branch_python_operator_decorator to 2025-06-24T00:00:00+00:00, run_after=2025-06-25T00:00:00+00:00
[2025-06-26T00:25:19.424+0200] {processor.py:175} INFO - Processing /home/monica.fernandez/practica_creativa/venv-airflow/lib/python3.11/site-packages/airflow/example_dags/example_branch_operator_decorator.py took 0.271 seconds
[2025-06-26T00:26:12.722+0200] {processor.py:153} INFO - Started process (PID=237615) to work on /home/monica.fernandez/practica_creativa/venv-airflow/lib/python3.11/site-packages/airflow/example_dags/example_branch_operator_decorator.py
[2025-06-26T00:26:12.723+0200] {processor.py:743} INFO - Processing file /home/monica.fernandez/practica_creativa/venv-airflow/lib/python3.11/site-packages/airflow/example_dags/example_branch_operator_decorator.py for tasks to queue
[2025-06-26T00:26:12.723+0200] {logging_mixin.py:137} INFO - [2025-06-26T00:26:12.723+0200] {dagbag.py:538} INFO - Filling up the DagBag from /home/monica.fernandez/practica_creativa/venv-airflow/lib/python3.11/site-packages/airflow/example_dags/example_branch_operator_decorator.py
[2025-06-26T00:26:12.752+0200] {processor.py:753} INFO - DAG(s) dict_keys(['example_branch_python_operator_decorator']) retrieved from /home/monica.fernandez/practica_creativa/venv-airflow/lib/python3.11/site-packages/airflow/example_dags/example_branch_operator_decorator.py
[2025-06-26T00:26:12.783+0200] {logging_mixin.py:137} INFO - [2025-06-26T00:26:12.783+0200] {dag.py:2690} INFO - Sync 1 DAGs
[2025-06-26T00:26:12.921+0200] {logging_mixin.py:137} INFO - [2025-06-26T00:26:12.921+0200] {dag.py:3437} INFO - Setting next_dagrun for example_branch_python_operator_decorator to 2025-06-24T00:00:00+00:00, run_after=2025-06-25T00:00:00+00:00
[2025-06-26T00:26:12.978+0200] {processor.py:175} INFO - Processing /home/monica.fernandez/practica_creativa/venv-airflow/lib/python3.11/site-packages/airflow/example_dags/example_branch_operator_decorator.py took 0.259 seconds
[2025-06-26T00:27:21.386+0200] {processor.py:153} INFO - Started process (PID=238634) to work on /home/monica.fernandez/practica_creativa/venv-airflow/lib/python3.11/site-packages/airflow/example_dags/example_branch_operator_decorator.py
[2025-06-26T00:27:21.387+0200] {processor.py:743} INFO - Processing file /home/monica.fernandez/practica_creativa/venv-airflow/lib/python3.11/site-packages/airflow/example_dags/example_branch_operator_decorator.py for tasks to queue
[2025-06-26T00:27:21.387+0200] {logging_mixin.py:137} INFO - [2025-06-26T00:27:21.387+0200] {dagbag.py:538} INFO - Filling up the DagBag from /home/monica.fernandez/practica_creativa/venv-airflow/lib/python3.11/site-packages/airflow/example_dags/example_branch_operator_decorator.py
[2025-06-26T00:27:21.405+0200] {processor.py:753} INFO - DAG(s) dict_keys(['example_branch_python_operator_decorator']) retrieved from /home/monica.fernandez/practica_creativa/venv-airflow/lib/python3.11/site-packages/airflow/example_dags/example_branch_operator_decorator.py
[2025-06-26T00:27:21.539+0200] {logging_mixin.py:137} INFO - [2025-06-26T00:27:21.538+0200] {dag.py:2690} INFO - Sync 1 DAGs
[2025-06-26T00:27:21.561+0200] {logging_mixin.py:137} INFO - [2025-06-26T00:27:21.561+0200] {dag.py:3437} INFO - Setting next_dagrun for example_branch_python_operator_decorator to 2025-06-24T00:00:00+00:00, run_after=2025-06-25T00:00:00+00:00
[2025-06-26T00:27:21.616+0200] {processor.py:175} INFO - Processing /home/monica.fernandez/practica_creativa/venv-airflow/lib/python3.11/site-packages/airflow/example_dags/example_branch_operator_decorator.py took 0.233 seconds
