[2025-06-14T19:02:17.098+0200] {processor.py:153} INFO - Started process (PID=189721) to work on /home/monica.fernandez/practica_creativa/venv-airflow/lib/python3.11/site-packages/airflow/example_dags/example_branch_day_of_week_operator.py
[2025-06-14T19:02:17.099+0200] {processor.py:743} INFO - Processing file /home/monica.fernandez/practica_creativa/venv-airflow/lib/python3.11/site-packages/airflow/example_dags/example_branch_day_of_week_operator.py for tasks to queue
[2025-06-14T19:02:17.100+0200] {logging_mixin.py:137} INFO - [2025-06-14T19:02:17.100+0200] {dagbag.py:538} INFO - Filling up the DagBag from /home/monica.fernandez/practica_creativa/venv-airflow/lib/python3.11/site-packages/airflow/example_dags/example_branch_day_of_week_operator.py
[2025-06-14T19:02:17.133+0200] {processor.py:753} INFO - DAG(s) dict_keys(['example_weekday_branch_operator']) retrieved from /home/monica.fernandez/practica_creativa/venv-airflow/lib/python3.11/site-packages/airflow/example_dags/example_branch_day_of_week_operator.py
[2025-06-14T19:02:17.174+0200] {logging_mixin.py:137} INFO - [2025-06-14T19:02:17.173+0200] {dag.py:2690} INFO - Sync 1 DAGs
[2025-06-14T19:02:17.221+0200] {logging_mixin.py:137} INFO - [2025-06-14T19:02:17.220+0200] {dag.py:3437} INFO - Setting next_dagrun for example_weekday_branch_operator to 2025-06-13T00:00:00+00:00, run_after=2025-06-14T00:00:00+00:00
[2025-06-14T19:02:17.292+0200] {processor.py:175} INFO - Processing /home/monica.fernandez/practica_creativa/venv-airflow/lib/python3.11/site-packages/airflow/example_dags/example_branch_day_of_week_operator.py took 0.199 seconds
[2025-06-14T19:03:15.431+0200] {processor.py:153} INFO - Started process (PID=190206) to work on /home/monica.fernandez/practica_creativa/venv-airflow/lib/python3.11/site-packages/airflow/example_dags/example_branch_day_of_week_operator.py
[2025-06-14T19:03:15.432+0200] {processor.py:743} INFO - Processing file /home/monica.fernandez/practica_creativa/venv-airflow/lib/python3.11/site-packages/airflow/example_dags/example_branch_day_of_week_operator.py for tasks to queue
[2025-06-14T19:03:15.433+0200] {logging_mixin.py:137} INFO - [2025-06-14T19:03:15.433+0200] {dagbag.py:538} INFO - Filling up the DagBag from /home/monica.fernandez/practica_creativa/venv-airflow/lib/python3.11/site-packages/airflow/example_dags/example_branch_day_of_week_operator.py
[2025-06-14T19:03:15.467+0200] {processor.py:753} INFO - DAG(s) dict_keys(['example_weekday_branch_operator']) retrieved from /home/monica.fernandez/practica_creativa/venv-airflow/lib/python3.11/site-packages/airflow/example_dags/example_branch_day_of_week_operator.py
[2025-06-14T19:03:15.511+0200] {logging_mixin.py:137} INFO - [2025-06-14T19:03:15.511+0200] {dag.py:2690} INFO - Sync 1 DAGs
[2025-06-14T19:03:15.556+0200] {logging_mixin.py:137} INFO - [2025-06-14T19:03:15.555+0200] {dag.py:3437} INFO - Setting next_dagrun for example_weekday_branch_operator to 2025-06-13T00:00:00+00:00, run_after=2025-06-14T00:00:00+00:00
[2025-06-14T19:03:15.636+0200] {processor.py:175} INFO - Processing /home/monica.fernandez/practica_creativa/venv-airflow/lib/python3.11/site-packages/airflow/example_dags/example_branch_day_of_week_operator.py took 0.210 seconds
[2025-06-14T19:04:18.859+0200] {processor.py:153} INFO - Started process (PID=190865) to work on /home/monica.fernandez/practica_creativa/venv-airflow/lib/python3.11/site-packages/airflow/example_dags/example_branch_day_of_week_operator.py
[2025-06-14T19:04:18.860+0200] {processor.py:743} INFO - Processing file /home/monica.fernandez/practica_creativa/venv-airflow/lib/python3.11/site-packages/airflow/example_dags/example_branch_day_of_week_operator.py for tasks to queue
[2025-06-14T19:04:18.860+0200] {logging_mixin.py:137} INFO - [2025-06-14T19:04:18.860+0200] {dagbag.py:538} INFO - Filling up the DagBag from /home/monica.fernandez/practica_creativa/venv-airflow/lib/python3.11/site-packages/airflow/example_dags/example_branch_day_of_week_operator.py
[2025-06-14T19:04:18.891+0200] {processor.py:753} INFO - DAG(s) dict_keys(['example_weekday_branch_operator']) retrieved from /home/monica.fernandez/practica_creativa/venv-airflow/lib/python3.11/site-packages/airflow/example_dags/example_branch_day_of_week_operator.py
[2025-06-14T19:04:18.932+0200] {logging_mixin.py:137} INFO - [2025-06-14T19:04:18.932+0200] {dag.py:2690} INFO - Sync 1 DAGs
[2025-06-14T19:04:18.959+0200] {logging_mixin.py:137} INFO - [2025-06-14T19:04:18.958+0200] {dag.py:3437} INFO - Setting next_dagrun for example_weekday_branch_operator to 2025-06-13T00:00:00+00:00, run_after=2025-06-14T00:00:00+00:00
[2025-06-14T19:04:19.018+0200] {processor.py:175} INFO - Processing /home/monica.fernandez/practica_creativa/venv-airflow/lib/python3.11/site-packages/airflow/example_dags/example_branch_day_of_week_operator.py took 0.165 seconds
[2025-06-14T19:05:20.618+0200] {processor.py:153} INFO - Started process (PID=191438) to work on /home/monica.fernandez/practica_creativa/venv-airflow/lib/python3.11/site-packages/airflow/example_dags/example_branch_day_of_week_operator.py
[2025-06-14T19:05:20.619+0200] {processor.py:743} INFO - Processing file /home/monica.fernandez/practica_creativa/venv-airflow/lib/python3.11/site-packages/airflow/example_dags/example_branch_day_of_week_operator.py for tasks to queue
[2025-06-14T19:05:20.619+0200] {logging_mixin.py:137} INFO - [2025-06-14T19:05:20.619+0200] {dagbag.py:538} INFO - Filling up the DagBag from /home/monica.fernandez/practica_creativa/venv-airflow/lib/python3.11/site-packages/airflow/example_dags/example_branch_day_of_week_operator.py
[2025-06-14T19:05:20.644+0200] {processor.py:753} INFO - DAG(s) dict_keys(['example_weekday_branch_operator']) retrieved from /home/monica.fernandez/practica_creativa/venv-airflow/lib/python3.11/site-packages/airflow/example_dags/example_branch_day_of_week_operator.py
[2025-06-14T19:05:20.694+0200] {logging_mixin.py:137} INFO - [2025-06-14T19:05:20.694+0200] {dag.py:2690} INFO - Sync 1 DAGs
[2025-06-14T19:05:20.739+0200] {logging_mixin.py:137} INFO - [2025-06-14T19:05:20.739+0200] {dag.py:3437} INFO - Setting next_dagrun for example_weekday_branch_operator to 2025-06-13T00:00:00+00:00, run_after=2025-06-14T00:00:00+00:00
[2025-06-14T19:05:20.822+0200] {processor.py:175} INFO - Processing /home/monica.fernandez/practica_creativa/venv-airflow/lib/python3.11/site-packages/airflow/example_dags/example_branch_day_of_week_operator.py took 0.209 seconds
[2025-06-14T19:06:17.923+0200] {processor.py:153} INFO - Started process (PID=191985) to work on /home/monica.fernandez/practica_creativa/venv-airflow/lib/python3.11/site-packages/airflow/example_dags/example_branch_day_of_week_operator.py
[2025-06-14T19:06:17.924+0200] {processor.py:743} INFO - Processing file /home/monica.fernandez/practica_creativa/venv-airflow/lib/python3.11/site-packages/airflow/example_dags/example_branch_day_of_week_operator.py for tasks to queue
[2025-06-14T19:06:17.925+0200] {logging_mixin.py:137} INFO - [2025-06-14T19:06:17.924+0200] {dagbag.py:538} INFO - Filling up the DagBag from /home/monica.fernandez/practica_creativa/venv-airflow/lib/python3.11/site-packages/airflow/example_dags/example_branch_day_of_week_operator.py
[2025-06-14T19:06:17.956+0200] {processor.py:753} INFO - DAG(s) dict_keys(['example_weekday_branch_operator']) retrieved from /home/monica.fernandez/practica_creativa/venv-airflow/lib/python3.11/site-packages/airflow/example_dags/example_branch_day_of_week_operator.py
[2025-06-14T19:06:18.005+0200] {logging_mixin.py:137} INFO - [2025-06-14T19:06:18.005+0200] {dag.py:2690} INFO - Sync 1 DAGs
[2025-06-14T19:06:18.037+0200] {logging_mixin.py:137} INFO - [2025-06-14T19:06:18.037+0200] {dag.py:3437} INFO - Setting next_dagrun for example_weekday_branch_operator to 2025-06-13T00:00:00+00:00, run_after=2025-06-14T00:00:00+00:00
[2025-06-14T19:06:18.101+0200] {processor.py:175} INFO - Processing /home/monica.fernandez/practica_creativa/venv-airflow/lib/python3.11/site-packages/airflow/example_dags/example_branch_day_of_week_operator.py took 0.183 seconds
[2025-06-14T19:07:24.563+0200] {processor.py:153} INFO - Started process (PID=192602) to work on /home/monica.fernandez/practica_creativa/venv-airflow/lib/python3.11/site-packages/airflow/example_dags/example_branch_day_of_week_operator.py
[2025-06-14T19:07:24.564+0200] {processor.py:743} INFO - Processing file /home/monica.fernandez/practica_creativa/venv-airflow/lib/python3.11/site-packages/airflow/example_dags/example_branch_day_of_week_operator.py for tasks to queue
[2025-06-14T19:07:24.564+0200] {logging_mixin.py:137} INFO - [2025-06-14T19:07:24.564+0200] {dagbag.py:538} INFO - Filling up the DagBag from /home/monica.fernandez/practica_creativa/venv-airflow/lib/python3.11/site-packages/airflow/example_dags/example_branch_day_of_week_operator.py
[2025-06-14T19:07:24.584+0200] {processor.py:753} INFO - DAG(s) dict_keys(['example_weekday_branch_operator']) retrieved from /home/monica.fernandez/practica_creativa/venv-airflow/lib/python3.11/site-packages/airflow/example_dags/example_branch_day_of_week_operator.py
[2025-06-14T19:07:24.611+0200] {logging_mixin.py:137} INFO - [2025-06-14T19:07:24.611+0200] {dag.py:2690} INFO - Sync 1 DAGs
[2025-06-14T19:07:24.639+0200] {logging_mixin.py:137} INFO - [2025-06-14T19:07:24.639+0200] {dag.py:3437} INFO - Setting next_dagrun for example_weekday_branch_operator to 2025-06-13T00:00:00+00:00, run_after=2025-06-14T00:00:00+00:00
[2025-06-14T19:07:24.700+0200] {processor.py:175} INFO - Processing /home/monica.fernandez/practica_creativa/venv-airflow/lib/python3.11/site-packages/airflow/example_dags/example_branch_day_of_week_operator.py took 0.140 seconds
[2025-06-14T19:08:25.030+0200] {processor.py:153} INFO - Started process (PID=193468) to work on /home/monica.fernandez/practica_creativa/venv-airflow/lib/python3.11/site-packages/airflow/example_dags/example_branch_day_of_week_operator.py
[2025-06-14T19:08:25.031+0200] {processor.py:743} INFO - Processing file /home/monica.fernandez/practica_creativa/venv-airflow/lib/python3.11/site-packages/airflow/example_dags/example_branch_day_of_week_operator.py for tasks to queue
[2025-06-14T19:08:25.032+0200] {logging_mixin.py:137} INFO - [2025-06-14T19:08:25.032+0200] {dagbag.py:538} INFO - Filling up the DagBag from /home/monica.fernandez/practica_creativa/venv-airflow/lib/python3.11/site-packages/airflow/example_dags/example_branch_day_of_week_operator.py
[2025-06-14T19:08:25.068+0200] {processor.py:753} INFO - DAG(s) dict_keys(['example_weekday_branch_operator']) retrieved from /home/monica.fernandez/practica_creativa/venv-airflow/lib/python3.11/site-packages/airflow/example_dags/example_branch_day_of_week_operator.py
[2025-06-14T19:08:25.302+0200] {logging_mixin.py:137} INFO - [2025-06-14T19:08:25.302+0200] {dag.py:2690} INFO - Sync 1 DAGs
[2025-06-14T19:08:25.346+0200] {logging_mixin.py:137} INFO - [2025-06-14T19:08:25.346+0200] {dag.py:3437} INFO - Setting next_dagrun for example_weekday_branch_operator to 2025-06-13T00:00:00+00:00, run_after=2025-06-14T00:00:00+00:00
[2025-06-14T19:08:25.421+0200] {processor.py:175} INFO - Processing /home/monica.fernandez/practica_creativa/venv-airflow/lib/python3.11/site-packages/airflow/example_dags/example_branch_day_of_week_operator.py took 0.395 seconds
[2025-06-14T19:09:28.043+0200] {processor.py:153} INFO - Started process (PID=194019) to work on /home/monica.fernandez/practica_creativa/venv-airflow/lib/python3.11/site-packages/airflow/example_dags/example_branch_day_of_week_operator.py
[2025-06-14T19:09:28.044+0200] {processor.py:743} INFO - Processing file /home/monica.fernandez/practica_creativa/venv-airflow/lib/python3.11/site-packages/airflow/example_dags/example_branch_day_of_week_operator.py for tasks to queue
[2025-06-14T19:09:28.045+0200] {logging_mixin.py:137} INFO - [2025-06-14T19:09:28.044+0200] {dagbag.py:538} INFO - Filling up the DagBag from /home/monica.fernandez/practica_creativa/venv-airflow/lib/python3.11/site-packages/airflow/example_dags/example_branch_day_of_week_operator.py
[2025-06-14T19:09:28.079+0200] {processor.py:753} INFO - DAG(s) dict_keys(['example_weekday_branch_operator']) retrieved from /home/monica.fernandez/practica_creativa/venv-airflow/lib/python3.11/site-packages/airflow/example_dags/example_branch_day_of_week_operator.py
[2025-06-14T19:09:28.120+0200] {logging_mixin.py:137} INFO - [2025-06-14T19:09:28.120+0200] {dag.py:2690} INFO - Sync 1 DAGs
[2025-06-14T19:09:28.150+0200] {logging_mixin.py:137} INFO - [2025-06-14T19:09:28.149+0200] {dag.py:3437} INFO - Setting next_dagrun for example_weekday_branch_operator to 2025-06-13T00:00:00+00:00, run_after=2025-06-14T00:00:00+00:00
[2025-06-14T19:09:28.202+0200] {processor.py:175} INFO - Processing /home/monica.fernandez/practica_creativa/venv-airflow/lib/python3.11/site-packages/airflow/example_dags/example_branch_day_of_week_operator.py took 0.165 seconds
[2025-06-14T19:10:33.791+0200] {processor.py:153} INFO - Started process (PID=194613) to work on /home/monica.fernandez/practica_creativa/venv-airflow/lib/python3.11/site-packages/airflow/example_dags/example_branch_day_of_week_operator.py
[2025-06-14T19:10:33.792+0200] {processor.py:743} INFO - Processing file /home/monica.fernandez/practica_creativa/venv-airflow/lib/python3.11/site-packages/airflow/example_dags/example_branch_day_of_week_operator.py for tasks to queue
[2025-06-14T19:10:33.793+0200] {logging_mixin.py:137} INFO - [2025-06-14T19:10:33.793+0200] {dagbag.py:538} INFO - Filling up the DagBag from /home/monica.fernandez/practica_creativa/venv-airflow/lib/python3.11/site-packages/airflow/example_dags/example_branch_day_of_week_operator.py
[2025-06-14T19:10:33.832+0200] {processor.py:753} INFO - DAG(s) dict_keys(['example_weekday_branch_operator']) retrieved from /home/monica.fernandez/practica_creativa/venv-airflow/lib/python3.11/site-packages/airflow/example_dags/example_branch_day_of_week_operator.py
[2025-06-14T19:10:33.874+0200] {logging_mixin.py:137} INFO - [2025-06-14T19:10:33.874+0200] {dag.py:2690} INFO - Sync 1 DAGs
[2025-06-14T19:10:33.910+0200] {logging_mixin.py:137} INFO - [2025-06-14T19:10:33.909+0200] {dag.py:3437} INFO - Setting next_dagrun for example_weekday_branch_operator to 2025-06-13T00:00:00+00:00, run_after=2025-06-14T00:00:00+00:00
[2025-06-14T19:10:33.982+0200] {processor.py:175} INFO - Processing /home/monica.fernandez/practica_creativa/venv-airflow/lib/python3.11/site-packages/airflow/example_dags/example_branch_day_of_week_operator.py took 0.198 seconds
[2025-06-14T19:11:32.135+0200] {processor.py:153} INFO - Started process (PID=195109) to work on /home/monica.fernandez/practica_creativa/venv-airflow/lib/python3.11/site-packages/airflow/example_dags/example_branch_day_of_week_operator.py
[2025-06-14T19:11:32.136+0200] {processor.py:743} INFO - Processing file /home/monica.fernandez/practica_creativa/venv-airflow/lib/python3.11/site-packages/airflow/example_dags/example_branch_day_of_week_operator.py for tasks to queue
[2025-06-14T19:11:32.137+0200] {logging_mixin.py:137} INFO - [2025-06-14T19:11:32.137+0200] {dagbag.py:538} INFO - Filling up the DagBag from /home/monica.fernandez/practica_creativa/venv-airflow/lib/python3.11/site-packages/airflow/example_dags/example_branch_day_of_week_operator.py
[2025-06-14T19:11:32.171+0200] {processor.py:753} INFO - DAG(s) dict_keys(['example_weekday_branch_operator']) retrieved from /home/monica.fernandez/practica_creativa/venv-airflow/lib/python3.11/site-packages/airflow/example_dags/example_branch_day_of_week_operator.py
[2025-06-14T19:11:32.212+0200] {logging_mixin.py:137} INFO - [2025-06-14T19:11:32.212+0200] {dag.py:2690} INFO - Sync 1 DAGs
[2025-06-14T19:11:32.255+0200] {logging_mixin.py:137} INFO - [2025-06-14T19:11:32.255+0200] {dag.py:3437} INFO - Setting next_dagrun for example_weekday_branch_operator to 2025-06-13T00:00:00+00:00, run_after=2025-06-14T00:00:00+00:00
[2025-06-14T19:11:32.331+0200] {processor.py:175} INFO - Processing /home/monica.fernandez/practica_creativa/venv-airflow/lib/python3.11/site-packages/airflow/example_dags/example_branch_day_of_week_operator.py took 0.202 seconds
[2025-06-14T19:13:42.657+0200] {processor.py:153} INFO - Started process (PID=196221) to work on /home/monica.fernandez/practica_creativa/venv-airflow/lib/python3.11/site-packages/airflow/example_dags/example_branch_day_of_week_operator.py
[2025-06-14T19:13:42.659+0200] {processor.py:743} INFO - Processing file /home/monica.fernandez/practica_creativa/venv-airflow/lib/python3.11/site-packages/airflow/example_dags/example_branch_day_of_week_operator.py for tasks to queue
[2025-06-14T19:13:42.660+0200] {logging_mixin.py:137} INFO - [2025-06-14T19:13:42.659+0200] {dagbag.py:538} INFO - Filling up the DagBag from /home/monica.fernandez/practica_creativa/venv-airflow/lib/python3.11/site-packages/airflow/example_dags/example_branch_day_of_week_operator.py
[2025-06-14T19:13:42.702+0200] {processor.py:753} INFO - DAG(s) dict_keys(['example_weekday_branch_operator']) retrieved from /home/monica.fernandez/practica_creativa/venv-airflow/lib/python3.11/site-packages/airflow/example_dags/example_branch_day_of_week_operator.py
[2025-06-14T19:13:42.734+0200] {logging_mixin.py:137} INFO - [2025-06-14T19:13:42.734+0200] {dag.py:2690} INFO - Sync 1 DAGs
[2025-06-14T19:13:42.770+0200] {logging_mixin.py:137} INFO - [2025-06-14T19:13:42.769+0200] {dag.py:3437} INFO - Setting next_dagrun for example_weekday_branch_operator to 2025-06-13T00:00:00+00:00, run_after=2025-06-14T00:00:00+00:00
[2025-06-14T19:13:42.830+0200] {processor.py:175} INFO - Processing /home/monica.fernandez/practica_creativa/venv-airflow/lib/python3.11/site-packages/airflow/example_dags/example_branch_day_of_week_operator.py took 0.178 seconds
[2025-06-14T19:14:51.534+0200] {processor.py:153} INFO - Started process (PID=196761) to work on /home/monica.fernandez/practica_creativa/venv-airflow/lib/python3.11/site-packages/airflow/example_dags/example_branch_day_of_week_operator.py
[2025-06-14T19:14:51.535+0200] {processor.py:743} INFO - Processing file /home/monica.fernandez/practica_creativa/venv-airflow/lib/python3.11/site-packages/airflow/example_dags/example_branch_day_of_week_operator.py for tasks to queue
[2025-06-14T19:14:51.536+0200] {logging_mixin.py:137} INFO - [2025-06-14T19:14:51.536+0200] {dagbag.py:538} INFO - Filling up the DagBag from /home/monica.fernandez/practica_creativa/venv-airflow/lib/python3.11/site-packages/airflow/example_dags/example_branch_day_of_week_operator.py
[2025-06-14T19:14:51.574+0200] {processor.py:753} INFO - DAG(s) dict_keys(['example_weekday_branch_operator']) retrieved from /home/monica.fernandez/practica_creativa/venv-airflow/lib/python3.11/site-packages/airflow/example_dags/example_branch_day_of_week_operator.py
[2025-06-14T19:14:51.613+0200] {logging_mixin.py:137} INFO - [2025-06-14T19:14:51.613+0200] {dag.py:2690} INFO - Sync 1 DAGs
[2025-06-14T19:14:51.645+0200] {logging_mixin.py:137} INFO - [2025-06-14T19:14:51.645+0200] {dag.py:3437} INFO - Setting next_dagrun for example_weekday_branch_operator to 2025-06-13T00:00:00+00:00, run_after=2025-06-14T00:00:00+00:00
[2025-06-14T19:14:51.707+0200] {processor.py:175} INFO - Processing /home/monica.fernandez/practica_creativa/venv-airflow/lib/python3.11/site-packages/airflow/example_dags/example_branch_day_of_week_operator.py took 0.178 seconds
[2025-06-14T19:16:42.604+0200] {processor.py:153} INFO - Started process (PID=197653) to work on /home/monica.fernandez/practica_creativa/venv-airflow/lib/python3.11/site-packages/airflow/example_dags/example_branch_day_of_week_operator.py
[2025-06-14T19:16:42.605+0200] {processor.py:743} INFO - Processing file /home/monica.fernandez/practica_creativa/venv-airflow/lib/python3.11/site-packages/airflow/example_dags/example_branch_day_of_week_operator.py for tasks to queue
[2025-06-14T19:16:42.605+0200] {logging_mixin.py:137} INFO - [2025-06-14T19:16:42.605+0200] {dagbag.py:538} INFO - Filling up the DagBag from /home/monica.fernandez/practica_creativa/venv-airflow/lib/python3.11/site-packages/airflow/example_dags/example_branch_day_of_week_operator.py
[2025-06-14T19:16:42.630+0200] {processor.py:753} INFO - DAG(s) dict_keys(['example_weekday_branch_operator']) retrieved from /home/monica.fernandez/practica_creativa/venv-airflow/lib/python3.11/site-packages/airflow/example_dags/example_branch_day_of_week_operator.py
[2025-06-14T19:16:42.660+0200] {logging_mixin.py:137} INFO - [2025-06-14T19:16:42.660+0200] {dag.py:2690} INFO - Sync 1 DAGs
[2025-06-14T19:16:42.697+0200] {logging_mixin.py:137} INFO - [2025-06-14T19:16:42.697+0200] {dag.py:3437} INFO - Setting next_dagrun for example_weekday_branch_operator to 2025-06-13T00:00:00+00:00, run_after=2025-06-14T00:00:00+00:00
[2025-06-14T19:16:42.778+0200] {processor.py:175} INFO - Processing /home/monica.fernandez/practica_creativa/venv-airflow/lib/python3.11/site-packages/airflow/example_dags/example_branch_day_of_week_operator.py took 0.176 seconds
[2025-06-14T19:17:55.798+0200] {processor.py:153} INFO - Started process (PID=198332) to work on /home/monica.fernandez/practica_creativa/venv-airflow/lib/python3.11/site-packages/airflow/example_dags/example_branch_day_of_week_operator.py
[2025-06-14T19:17:55.801+0200] {processor.py:743} INFO - Processing file /home/monica.fernandez/practica_creativa/venv-airflow/lib/python3.11/site-packages/airflow/example_dags/example_branch_day_of_week_operator.py for tasks to queue
[2025-06-14T19:17:55.802+0200] {logging_mixin.py:137} INFO - [2025-06-14T19:17:55.801+0200] {dagbag.py:538} INFO - Filling up the DagBag from /home/monica.fernandez/practica_creativa/venv-airflow/lib/python3.11/site-packages/airflow/example_dags/example_branch_day_of_week_operator.py
[2025-06-14T19:17:55.828+0200] {processor.py:753} INFO - DAG(s) dict_keys(['example_weekday_branch_operator']) retrieved from /home/monica.fernandez/practica_creativa/venv-airflow/lib/python3.11/site-packages/airflow/example_dags/example_branch_day_of_week_operator.py
[2025-06-14T19:17:55.874+0200] {logging_mixin.py:137} INFO - [2025-06-14T19:17:55.873+0200] {dag.py:2690} INFO - Sync 1 DAGs
[2025-06-14T19:17:55.905+0200] {logging_mixin.py:137} INFO - [2025-06-14T19:17:55.905+0200] {dag.py:3437} INFO - Setting next_dagrun for example_weekday_branch_operator to 2025-06-13T00:00:00+00:00, run_after=2025-06-14T00:00:00+00:00
[2025-06-14T19:17:55.981+0200] {processor.py:175} INFO - Processing /home/monica.fernandez/practica_creativa/venv-airflow/lib/python3.11/site-packages/airflow/example_dags/example_branch_day_of_week_operator.py took 0.185 seconds
[2025-06-14T19:18:58.806+0200] {processor.py:153} INFO - Started process (PID=198819) to work on /home/monica.fernandez/practica_creativa/venv-airflow/lib/python3.11/site-packages/airflow/example_dags/example_branch_day_of_week_operator.py
[2025-06-14T19:18:58.806+0200] {processor.py:743} INFO - Processing file /home/monica.fernandez/practica_creativa/venv-airflow/lib/python3.11/site-packages/airflow/example_dags/example_branch_day_of_week_operator.py for tasks to queue
[2025-06-14T19:18:58.807+0200] {logging_mixin.py:137} INFO - [2025-06-14T19:18:58.807+0200] {dagbag.py:538} INFO - Filling up the DagBag from /home/monica.fernandez/practica_creativa/venv-airflow/lib/python3.11/site-packages/airflow/example_dags/example_branch_day_of_week_operator.py
[2025-06-14T19:18:58.831+0200] {processor.py:753} INFO - DAG(s) dict_keys(['example_weekday_branch_operator']) retrieved from /home/monica.fernandez/practica_creativa/venv-airflow/lib/python3.11/site-packages/airflow/example_dags/example_branch_day_of_week_operator.py
[2025-06-14T19:18:58.872+0200] {logging_mixin.py:137} INFO - [2025-06-14T19:18:58.872+0200] {dag.py:2690} INFO - Sync 1 DAGs
[2025-06-14T19:18:58.906+0200] {logging_mixin.py:137} INFO - [2025-06-14T19:18:58.906+0200] {dag.py:3437} INFO - Setting next_dagrun for example_weekday_branch_operator to 2025-06-13T00:00:00+00:00, run_after=2025-06-14T00:00:00+00:00
[2025-06-14T19:18:58.979+0200] {processor.py:175} INFO - Processing /home/monica.fernandez/practica_creativa/venv-airflow/lib/python3.11/site-packages/airflow/example_dags/example_branch_day_of_week_operator.py took 0.176 seconds
[2025-06-14T19:20:01.399+0200] {processor.py:153} INFO - Started process (PID=199311) to work on /home/monica.fernandez/practica_creativa/venv-airflow/lib/python3.11/site-packages/airflow/example_dags/example_branch_day_of_week_operator.py
[2025-06-14T19:20:01.400+0200] {processor.py:743} INFO - Processing file /home/monica.fernandez/practica_creativa/venv-airflow/lib/python3.11/site-packages/airflow/example_dags/example_branch_day_of_week_operator.py for tasks to queue
[2025-06-14T19:20:01.400+0200] {logging_mixin.py:137} INFO - [2025-06-14T19:20:01.400+0200] {dagbag.py:538} INFO - Filling up the DagBag from /home/monica.fernandez/practica_creativa/venv-airflow/lib/python3.11/site-packages/airflow/example_dags/example_branch_day_of_week_operator.py
[2025-06-14T19:20:01.425+0200] {processor.py:753} INFO - DAG(s) dict_keys(['example_weekday_branch_operator']) retrieved from /home/monica.fernandez/practica_creativa/venv-airflow/lib/python3.11/site-packages/airflow/example_dags/example_branch_day_of_week_operator.py
[2025-06-14T19:20:01.468+0200] {logging_mixin.py:137} INFO - [2025-06-14T19:20:01.468+0200] {dag.py:2690} INFO - Sync 1 DAGs
[2025-06-14T19:20:01.501+0200] {logging_mixin.py:137} INFO - [2025-06-14T19:20:01.501+0200] {dag.py:3437} INFO - Setting next_dagrun for example_weekday_branch_operator to 2025-06-13T00:00:00+00:00, run_after=2025-06-14T00:00:00+00:00
[2025-06-14T19:20:01.580+0200] {processor.py:175} INFO - Processing /home/monica.fernandez/practica_creativa/venv-airflow/lib/python3.11/site-packages/airflow/example_dags/example_branch_day_of_week_operator.py took 0.187 seconds
[2025-06-14T19:21:04.197+0200] {processor.py:153} INFO - Started process (PID=199798) to work on /home/monica.fernandez/practica_creativa/venv-airflow/lib/python3.11/site-packages/airflow/example_dags/example_branch_day_of_week_operator.py
[2025-06-14T19:21:04.198+0200] {processor.py:743} INFO - Processing file /home/monica.fernandez/practica_creativa/venv-airflow/lib/python3.11/site-packages/airflow/example_dags/example_branch_day_of_week_operator.py for tasks to queue
[2025-06-14T19:21:04.198+0200] {logging_mixin.py:137} INFO - [2025-06-14T19:21:04.198+0200] {dagbag.py:538} INFO - Filling up the DagBag from /home/monica.fernandez/practica_creativa/venv-airflow/lib/python3.11/site-packages/airflow/example_dags/example_branch_day_of_week_operator.py
[2025-06-14T19:21:04.231+0200] {processor.py:753} INFO - DAG(s) dict_keys(['example_weekday_branch_operator']) retrieved from /home/monica.fernandez/practica_creativa/venv-airflow/lib/python3.11/site-packages/airflow/example_dags/example_branch_day_of_week_operator.py
[2025-06-14T19:21:04.264+0200] {logging_mixin.py:137} INFO - [2025-06-14T19:21:04.264+0200] {dag.py:2690} INFO - Sync 1 DAGs
[2025-06-14T19:21:04.301+0200] {logging_mixin.py:137} INFO - [2025-06-14T19:21:04.301+0200] {dag.py:3437} INFO - Setting next_dagrun for example_weekday_branch_operator to 2025-06-13T00:00:00+00:00, run_after=2025-06-14T00:00:00+00:00
[2025-06-14T19:21:04.393+0200] {processor.py:175} INFO - Processing /home/monica.fernandez/practica_creativa/venv-airflow/lib/python3.11/site-packages/airflow/example_dags/example_branch_day_of_week_operator.py took 0.200 seconds
[2025-06-14T19:22:05.818+0200] {processor.py:153} INFO - Started process (PID=200352) to work on /home/monica.fernandez/practica_creativa/venv-airflow/lib/python3.11/site-packages/airflow/example_dags/example_branch_day_of_week_operator.py
[2025-06-14T19:22:05.819+0200] {processor.py:743} INFO - Processing file /home/monica.fernandez/practica_creativa/venv-airflow/lib/python3.11/site-packages/airflow/example_dags/example_branch_day_of_week_operator.py for tasks to queue
[2025-06-14T19:22:05.820+0200] {logging_mixin.py:137} INFO - [2025-06-14T19:22:05.820+0200] {dagbag.py:538} INFO - Filling up the DagBag from /home/monica.fernandez/practica_creativa/venv-airflow/lib/python3.11/site-packages/airflow/example_dags/example_branch_day_of_week_operator.py
[2025-06-14T19:22:05.856+0200] {processor.py:753} INFO - DAG(s) dict_keys(['example_weekday_branch_operator']) retrieved from /home/monica.fernandez/practica_creativa/venv-airflow/lib/python3.11/site-packages/airflow/example_dags/example_branch_day_of_week_operator.py
[2025-06-14T19:22:05.900+0200] {logging_mixin.py:137} INFO - [2025-06-14T19:22:05.900+0200] {dag.py:2690} INFO - Sync 1 DAGs
[2025-06-14T19:22:05.951+0200] {logging_mixin.py:137} INFO - [2025-06-14T19:22:05.951+0200] {dag.py:3437} INFO - Setting next_dagrun for example_weekday_branch_operator to 2025-06-13T00:00:00+00:00, run_after=2025-06-14T00:00:00+00:00
[2025-06-14T19:22:06.035+0200] {processor.py:175} INFO - Processing /home/monica.fernandez/practica_creativa/venv-airflow/lib/python3.11/site-packages/airflow/example_dags/example_branch_day_of_week_operator.py took 0.221 seconds
[2025-06-14T19:23:10.483+0200] {processor.py:153} INFO - Started process (PID=200990) to work on /home/monica.fernandez/practica_creativa/venv-airflow/lib/python3.11/site-packages/airflow/example_dags/example_branch_day_of_week_operator.py
[2025-06-14T19:23:10.484+0200] {processor.py:743} INFO - Processing file /home/monica.fernandez/practica_creativa/venv-airflow/lib/python3.11/site-packages/airflow/example_dags/example_branch_day_of_week_operator.py for tasks to queue
[2025-06-14T19:23:10.485+0200] {logging_mixin.py:137} INFO - [2025-06-14T19:23:10.485+0200] {dagbag.py:538} INFO - Filling up the DagBag from /home/monica.fernandez/practica_creativa/venv-airflow/lib/python3.11/site-packages/airflow/example_dags/example_branch_day_of_week_operator.py
[2025-06-14T19:23:10.543+0200] {processor.py:753} INFO - DAG(s) dict_keys(['example_weekday_branch_operator']) retrieved from /home/monica.fernandez/practica_creativa/venv-airflow/lib/python3.11/site-packages/airflow/example_dags/example_branch_day_of_week_operator.py
[2025-06-14T19:23:10.585+0200] {logging_mixin.py:137} INFO - [2025-06-14T19:23:10.585+0200] {dag.py:2690} INFO - Sync 1 DAGs
[2025-06-14T19:23:10.626+0200] {logging_mixin.py:137} INFO - [2025-06-14T19:23:10.625+0200] {dag.py:3437} INFO - Setting next_dagrun for example_weekday_branch_operator to 2025-06-13T00:00:00+00:00, run_after=2025-06-14T00:00:00+00:00
[2025-06-14T19:23:10.681+0200] {processor.py:175} INFO - Processing /home/monica.fernandez/practica_creativa/venv-airflow/lib/python3.11/site-packages/airflow/example_dags/example_branch_day_of_week_operator.py took 0.204 seconds
[2025-06-14T19:25:04.361+0200] {processor.py:153} INFO - Started process (PID=201838) to work on /home/monica.fernandez/practica_creativa/venv-airflow/lib/python3.11/site-packages/airflow/example_dags/example_branch_day_of_week_operator.py
[2025-06-14T19:25:04.362+0200] {processor.py:743} INFO - Processing file /home/monica.fernandez/practica_creativa/venv-airflow/lib/python3.11/site-packages/airflow/example_dags/example_branch_day_of_week_operator.py for tasks to queue
[2025-06-14T19:25:04.362+0200] {logging_mixin.py:137} INFO - [2025-06-14T19:25:04.362+0200] {dagbag.py:538} INFO - Filling up the DagBag from /home/monica.fernandez/practica_creativa/venv-airflow/lib/python3.11/site-packages/airflow/example_dags/example_branch_day_of_week_operator.py
[2025-06-14T19:25:04.383+0200] {processor.py:753} INFO - DAG(s) dict_keys(['example_weekday_branch_operator']) retrieved from /home/monica.fernandez/practica_creativa/venv-airflow/lib/python3.11/site-packages/airflow/example_dags/example_branch_day_of_week_operator.py
[2025-06-14T19:25:04.417+0200] {logging_mixin.py:137} INFO - [2025-06-14T19:25:04.417+0200] {dag.py:2690} INFO - Sync 1 DAGs
[2025-06-14T19:25:04.450+0200] {logging_mixin.py:137} INFO - [2025-06-14T19:25:04.450+0200] {dag.py:3437} INFO - Setting next_dagrun for example_weekday_branch_operator to 2025-06-13T00:00:00+00:00, run_after=2025-06-14T00:00:00+00:00
[2025-06-14T19:25:04.516+0200] {processor.py:175} INFO - Processing /home/monica.fernandez/practica_creativa/venv-airflow/lib/python3.11/site-packages/airflow/example_dags/example_branch_day_of_week_operator.py took 0.158 seconds
[2025-06-14T19:26:01.210+0200] {processor.py:153} INFO - Started process (PID=202310) to work on /home/monica.fernandez/practica_creativa/venv-airflow/lib/python3.11/site-packages/airflow/example_dags/example_branch_day_of_week_operator.py
[2025-06-14T19:26:01.211+0200] {processor.py:743} INFO - Processing file /home/monica.fernandez/practica_creativa/venv-airflow/lib/python3.11/site-packages/airflow/example_dags/example_branch_day_of_week_operator.py for tasks to queue
[2025-06-14T19:26:01.212+0200] {logging_mixin.py:137} INFO - [2025-06-14T19:26:01.212+0200] {dagbag.py:538} INFO - Filling up the DagBag from /home/monica.fernandez/practica_creativa/venv-airflow/lib/python3.11/site-packages/airflow/example_dags/example_branch_day_of_week_operator.py
[2025-06-14T19:26:01.248+0200] {processor.py:753} INFO - DAG(s) dict_keys(['example_weekday_branch_operator']) retrieved from /home/monica.fernandez/practica_creativa/venv-airflow/lib/python3.11/site-packages/airflow/example_dags/example_branch_day_of_week_operator.py
[2025-06-14T19:26:01.296+0200] {logging_mixin.py:137} INFO - [2025-06-14T19:26:01.295+0200] {dag.py:2690} INFO - Sync 1 DAGs
[2025-06-14T19:26:01.339+0200] {logging_mixin.py:137} INFO - [2025-06-14T19:26:01.339+0200] {dag.py:3437} INFO - Setting next_dagrun for example_weekday_branch_operator to 2025-06-13T00:00:00+00:00, run_after=2025-06-14T00:00:00+00:00
[2025-06-14T19:26:01.417+0200] {processor.py:175} INFO - Processing /home/monica.fernandez/practica_creativa/venv-airflow/lib/python3.11/site-packages/airflow/example_dags/example_branch_day_of_week_operator.py took 0.211 seconds
[2025-06-14T19:29:32.498+0200] {processor.py:153} INFO - Started process (PID=204926) to work on /home/monica.fernandez/practica_creativa/venv-airflow/lib/python3.11/site-packages/airflow/example_dags/example_branch_day_of_week_operator.py
[2025-06-14T19:29:32.498+0200] {processor.py:743} INFO - Processing file /home/monica.fernandez/practica_creativa/venv-airflow/lib/python3.11/site-packages/airflow/example_dags/example_branch_day_of_week_operator.py for tasks to queue
[2025-06-14T19:29:32.499+0200] {logging_mixin.py:137} INFO - [2025-06-14T19:29:32.498+0200] {dagbag.py:538} INFO - Filling up the DagBag from /home/monica.fernandez/practica_creativa/venv-airflow/lib/python3.11/site-packages/airflow/example_dags/example_branch_day_of_week_operator.py
[2025-06-14T19:29:32.511+0200] {processor.py:753} INFO - DAG(s) dict_keys(['example_weekday_branch_operator']) retrieved from /home/monica.fernandez/practica_creativa/venv-airflow/lib/python3.11/site-packages/airflow/example_dags/example_branch_day_of_week_operator.py
[2025-06-14T19:29:32.538+0200] {logging_mixin.py:137} INFO - [2025-06-14T19:29:32.538+0200] {dag.py:2690} INFO - Sync 1 DAGs
[2025-06-14T19:29:32.561+0200] {logging_mixin.py:137} INFO - [2025-06-14T19:29:32.561+0200] {dag.py:3437} INFO - Setting next_dagrun for example_weekday_branch_operator to 2025-06-13T00:00:00+00:00, run_after=2025-06-14T00:00:00+00:00
[2025-06-14T19:29:32.616+0200] {processor.py:175} INFO - Processing /home/monica.fernandez/practica_creativa/venv-airflow/lib/python3.11/site-packages/airflow/example_dags/example_branch_day_of_week_operator.py took 0.121 seconds
[2025-06-14T19:30:36.048+0200] {processor.py:153} INFO - Started process (PID=205412) to work on /home/monica.fernandez/practica_creativa/venv-airflow/lib/python3.11/site-packages/airflow/example_dags/example_branch_day_of_week_operator.py
[2025-06-14T19:30:36.049+0200] {processor.py:743} INFO - Processing file /home/monica.fernandez/practica_creativa/venv-airflow/lib/python3.11/site-packages/airflow/example_dags/example_branch_day_of_week_operator.py for tasks to queue
[2025-06-14T19:30:36.050+0200] {logging_mixin.py:137} INFO - [2025-06-14T19:30:36.050+0200] {dagbag.py:538} INFO - Filling up the DagBag from /home/monica.fernandez/practica_creativa/venv-airflow/lib/python3.11/site-packages/airflow/example_dags/example_branch_day_of_week_operator.py
[2025-06-14T19:30:36.067+0200] {processor.py:753} INFO - DAG(s) dict_keys(['example_weekday_branch_operator']) retrieved from /home/monica.fernandez/practica_creativa/venv-airflow/lib/python3.11/site-packages/airflow/example_dags/example_branch_day_of_week_operator.py
[2025-06-14T19:30:36.108+0200] {logging_mixin.py:137} INFO - [2025-06-14T19:30:36.107+0200] {dag.py:2690} INFO - Sync 1 DAGs
[2025-06-14T19:30:36.145+0200] {logging_mixin.py:137} INFO - [2025-06-14T19:30:36.145+0200] {dag.py:3437} INFO - Setting next_dagrun for example_weekday_branch_operator to 2025-06-13T00:00:00+00:00, run_after=2025-06-14T00:00:00+00:00
[2025-06-14T19:30:36.220+0200] {processor.py:175} INFO - Processing /home/monica.fernandez/practica_creativa/venv-airflow/lib/python3.11/site-packages/airflow/example_dags/example_branch_day_of_week_operator.py took 0.177 seconds
[2025-06-14T19:31:33.043+0200] {processor.py:153} INFO - Started process (PID=205871) to work on /home/monica.fernandez/practica_creativa/venv-airflow/lib/python3.11/site-packages/airflow/example_dags/example_branch_day_of_week_operator.py
[2025-06-14T19:31:33.043+0200] {processor.py:743} INFO - Processing file /home/monica.fernandez/practica_creativa/venv-airflow/lib/python3.11/site-packages/airflow/example_dags/example_branch_day_of_week_operator.py for tasks to queue
[2025-06-14T19:31:33.044+0200] {logging_mixin.py:137} INFO - [2025-06-14T19:31:33.044+0200] {dagbag.py:538} INFO - Filling up the DagBag from /home/monica.fernandez/practica_creativa/venv-airflow/lib/python3.11/site-packages/airflow/example_dags/example_branch_day_of_week_operator.py
[2025-06-14T19:31:33.052+0200] {processor.py:753} INFO - DAG(s) dict_keys(['example_weekday_branch_operator']) retrieved from /home/monica.fernandez/practica_creativa/venv-airflow/lib/python3.11/site-packages/airflow/example_dags/example_branch_day_of_week_operator.py
[2025-06-14T19:31:33.076+0200] {logging_mixin.py:137} INFO - [2025-06-14T19:31:33.076+0200] {dag.py:2690} INFO - Sync 1 DAGs
[2025-06-14T19:31:33.102+0200] {logging_mixin.py:137} INFO - [2025-06-14T19:31:33.101+0200] {dag.py:3437} INFO - Setting next_dagrun for example_weekday_branch_operator to 2025-06-13T00:00:00+00:00, run_after=2025-06-14T00:00:00+00:00
[2025-06-14T19:31:33.157+0200] {processor.py:175} INFO - Processing /home/monica.fernandez/practica_creativa/venv-airflow/lib/python3.11/site-packages/airflow/example_dags/example_branch_day_of_week_operator.py took 0.117 seconds
[2025-06-14T19:32:31.487+0200] {processor.py:153} INFO - Started process (PID=206345) to work on /home/monica.fernandez/practica_creativa/venv-airflow/lib/python3.11/site-packages/airflow/example_dags/example_branch_day_of_week_operator.py
[2025-06-14T19:32:31.488+0200] {processor.py:743} INFO - Processing file /home/monica.fernandez/practica_creativa/venv-airflow/lib/python3.11/site-packages/airflow/example_dags/example_branch_day_of_week_operator.py for tasks to queue
[2025-06-14T19:32:31.489+0200] {logging_mixin.py:137} INFO - [2025-06-14T19:32:31.489+0200] {dagbag.py:538} INFO - Filling up the DagBag from /home/monica.fernandez/practica_creativa/venv-airflow/lib/python3.11/site-packages/airflow/example_dags/example_branch_day_of_week_operator.py
[2025-06-14T19:32:31.501+0200] {processor.py:753} INFO - DAG(s) dict_keys(['example_weekday_branch_operator']) retrieved from /home/monica.fernandez/practica_creativa/venv-airflow/lib/python3.11/site-packages/airflow/example_dags/example_branch_day_of_week_operator.py
[2025-06-14T19:32:31.529+0200] {logging_mixin.py:137} INFO - [2025-06-14T19:32:31.529+0200] {dag.py:2690} INFO - Sync 1 DAGs
[2025-06-14T19:32:31.550+0200] {logging_mixin.py:137} INFO - [2025-06-14T19:32:31.550+0200] {dag.py:3437} INFO - Setting next_dagrun for example_weekday_branch_operator to 2025-06-13T00:00:00+00:00, run_after=2025-06-14T00:00:00+00:00
[2025-06-14T19:32:31.606+0200] {processor.py:175} INFO - Processing /home/monica.fernandez/practica_creativa/venv-airflow/lib/python3.11/site-packages/airflow/example_dags/example_branch_day_of_week_operator.py took 0.123 seconds
[2025-06-14T19:35:49.798+0200] {processor.py:153} INFO - Started process (PID=208613) to work on /home/monica.fernandez/practica_creativa/venv-airflow/lib/python3.11/site-packages/airflow/example_dags/example_branch_day_of_week_operator.py
[2025-06-14T19:35:49.799+0200] {processor.py:743} INFO - Processing file /home/monica.fernandez/practica_creativa/venv-airflow/lib/python3.11/site-packages/airflow/example_dags/example_branch_day_of_week_operator.py for tasks to queue
[2025-06-14T19:35:49.800+0200] {logging_mixin.py:137} INFO - [2025-06-14T19:35:49.800+0200] {dagbag.py:538} INFO - Filling up the DagBag from /home/monica.fernandez/practica_creativa/venv-airflow/lib/python3.11/site-packages/airflow/example_dags/example_branch_day_of_week_operator.py
[2025-06-14T19:35:49.817+0200] {processor.py:753} INFO - DAG(s) dict_keys(['example_weekday_branch_operator']) retrieved from /home/monica.fernandez/practica_creativa/venv-airflow/lib/python3.11/site-packages/airflow/example_dags/example_branch_day_of_week_operator.py
[2025-06-14T19:35:49.859+0200] {logging_mixin.py:137} INFO - [2025-06-14T19:35:49.859+0200] {dag.py:2690} INFO - Sync 1 DAGs
[2025-06-14T19:35:49.897+0200] {logging_mixin.py:137} INFO - [2025-06-14T19:35:49.897+0200] {dag.py:3437} INFO - Setting next_dagrun for example_weekday_branch_operator to 2025-06-13T00:00:00+00:00, run_after=2025-06-14T00:00:00+00:00
[2025-06-14T19:35:49.971+0200] {processor.py:175} INFO - Processing /home/monica.fernandez/practica_creativa/venv-airflow/lib/python3.11/site-packages/airflow/example_dags/example_branch_day_of_week_operator.py took 0.179 seconds
[2025-06-14T19:36:45.392+0200] {processor.py:153} INFO - Started process (PID=209193) to work on /home/monica.fernandez/practica_creativa/venv-airflow/lib/python3.11/site-packages/airflow/example_dags/example_branch_day_of_week_operator.py
[2025-06-14T19:36:45.393+0200] {processor.py:743} INFO - Processing file /home/monica.fernandez/practica_creativa/venv-airflow/lib/python3.11/site-packages/airflow/example_dags/example_branch_day_of_week_operator.py for tasks to queue
[2025-06-14T19:36:45.393+0200] {logging_mixin.py:137} INFO - [2025-06-14T19:36:45.393+0200] {dagbag.py:538} INFO - Filling up the DagBag from /home/monica.fernandez/practica_creativa/venv-airflow/lib/python3.11/site-packages/airflow/example_dags/example_branch_day_of_week_operator.py
[2025-06-14T19:36:45.408+0200] {processor.py:753} INFO - DAG(s) dict_keys(['example_weekday_branch_operator']) retrieved from /home/monica.fernandez/practica_creativa/venv-airflow/lib/python3.11/site-packages/airflow/example_dags/example_branch_day_of_week_operator.py
[2025-06-14T19:36:45.441+0200] {logging_mixin.py:137} INFO - [2025-06-14T19:36:45.441+0200] {dag.py:2690} INFO - Sync 1 DAGs
[2025-06-14T19:36:45.467+0200] {logging_mixin.py:137} INFO - [2025-06-14T19:36:45.467+0200] {dag.py:3437} INFO - Setting next_dagrun for example_weekday_branch_operator to 2025-06-13T00:00:00+00:00, run_after=2025-06-14T00:00:00+00:00
[2025-06-14T19:36:45.525+0200] {processor.py:175} INFO - Processing /home/monica.fernandez/practica_creativa/venv-airflow/lib/python3.11/site-packages/airflow/example_dags/example_branch_day_of_week_operator.py took 0.136 seconds
[2025-06-14T19:37:44.535+0200] {processor.py:153} INFO - Started process (PID=209673) to work on /home/monica.fernandez/practica_creativa/venv-airflow/lib/python3.11/site-packages/airflow/example_dags/example_branch_day_of_week_operator.py
[2025-06-14T19:37:44.536+0200] {processor.py:743} INFO - Processing file /home/monica.fernandez/practica_creativa/venv-airflow/lib/python3.11/site-packages/airflow/example_dags/example_branch_day_of_week_operator.py for tasks to queue
[2025-06-14T19:37:44.537+0200] {logging_mixin.py:137} INFO - [2025-06-14T19:37:44.536+0200] {dagbag.py:538} INFO - Filling up the DagBag from /home/monica.fernandez/practica_creativa/venv-airflow/lib/python3.11/site-packages/airflow/example_dags/example_branch_day_of_week_operator.py
[2025-06-14T19:37:44.553+0200] {processor.py:753} INFO - DAG(s) dict_keys(['example_weekday_branch_operator']) retrieved from /home/monica.fernandez/practica_creativa/venv-airflow/lib/python3.11/site-packages/airflow/example_dags/example_branch_day_of_week_operator.py
[2025-06-14T19:37:44.596+0200] {logging_mixin.py:137} INFO - [2025-06-14T19:37:44.595+0200] {dag.py:2690} INFO - Sync 1 DAGs
[2025-06-14T19:37:44.634+0200] {logging_mixin.py:137} INFO - [2025-06-14T19:37:44.634+0200] {dag.py:3437} INFO - Setting next_dagrun for example_weekday_branch_operator to 2025-06-13T00:00:00+00:00, run_after=2025-06-14T00:00:00+00:00
[2025-06-14T19:37:44.706+0200] {processor.py:175} INFO - Processing /home/monica.fernandez/practica_creativa/venv-airflow/lib/python3.11/site-packages/airflow/example_dags/example_branch_day_of_week_operator.py took 0.176 seconds
[2025-06-14T19:38:40.539+0200] {processor.py:153} INFO - Started process (PID=210119) to work on /home/monica.fernandez/practica_creativa/venv-airflow/lib/python3.11/site-packages/airflow/example_dags/example_branch_day_of_week_operator.py
[2025-06-14T19:38:40.540+0200] {processor.py:743} INFO - Processing file /home/monica.fernandez/practica_creativa/venv-airflow/lib/python3.11/site-packages/airflow/example_dags/example_branch_day_of_week_operator.py for tasks to queue
[2025-06-14T19:38:40.541+0200] {logging_mixin.py:137} INFO - [2025-06-14T19:38:40.541+0200] {dagbag.py:538} INFO - Filling up the DagBag from /home/monica.fernandez/practica_creativa/venv-airflow/lib/python3.11/site-packages/airflow/example_dags/example_branch_day_of_week_operator.py
[2025-06-14T19:38:40.557+0200] {processor.py:753} INFO - DAG(s) dict_keys(['example_weekday_branch_operator']) retrieved from /home/monica.fernandez/practica_creativa/venv-airflow/lib/python3.11/site-packages/airflow/example_dags/example_branch_day_of_week_operator.py
[2025-06-14T19:38:40.599+0200] {logging_mixin.py:137} INFO - [2025-06-14T19:38:40.599+0200] {dag.py:2690} INFO - Sync 1 DAGs
[2025-06-14T19:38:40.636+0200] {logging_mixin.py:137} INFO - [2025-06-14T19:38:40.636+0200] {dag.py:3437} INFO - Setting next_dagrun for example_weekday_branch_operator to 2025-06-13T00:00:00+00:00, run_after=2025-06-14T00:00:00+00:00
[2025-06-14T19:38:40.709+0200] {processor.py:175} INFO - Processing /home/monica.fernandez/practica_creativa/venv-airflow/lib/python3.11/site-packages/airflow/example_dags/example_branch_day_of_week_operator.py took 0.175 seconds
[2025-06-14T19:40:46.641+0200] {processor.py:153} INFO - Started process (PID=211445) to work on /home/monica.fernandez/practica_creativa/venv-airflow/lib/python3.11/site-packages/airflow/example_dags/example_branch_day_of_week_operator.py
[2025-06-14T19:40:46.642+0200] {processor.py:743} INFO - Processing file /home/monica.fernandez/practica_creativa/venv-airflow/lib/python3.11/site-packages/airflow/example_dags/example_branch_day_of_week_operator.py for tasks to queue
[2025-06-14T19:40:46.643+0200] {logging_mixin.py:137} INFO - [2025-06-14T19:40:46.643+0200] {dagbag.py:538} INFO - Filling up the DagBag from /home/monica.fernandez/practica_creativa/venv-airflow/lib/python3.11/site-packages/airflow/example_dags/example_branch_day_of_week_operator.py
[2025-06-14T19:40:46.663+0200] {processor.py:753} INFO - DAG(s) dict_keys(['example_weekday_branch_operator']) retrieved from /home/monica.fernandez/practica_creativa/venv-airflow/lib/python3.11/site-packages/airflow/example_dags/example_branch_day_of_week_operator.py
[2025-06-14T19:40:46.704+0200] {logging_mixin.py:137} INFO - [2025-06-14T19:40:46.704+0200] {dag.py:2690} INFO - Sync 1 DAGs
[2025-06-14T19:40:46.742+0200] {logging_mixin.py:137} INFO - [2025-06-14T19:40:46.742+0200] {dag.py:3437} INFO - Setting next_dagrun for example_weekday_branch_operator to 2025-06-13T00:00:00+00:00, run_after=2025-06-14T00:00:00+00:00
[2025-06-14T19:40:46.814+0200] {processor.py:175} INFO - Processing /home/monica.fernandez/practica_creativa/venv-airflow/lib/python3.11/site-packages/airflow/example_dags/example_branch_day_of_week_operator.py took 0.178 seconds
[2025-06-14T19:41:45.923+0200] {processor.py:153} INFO - Started process (PID=211935) to work on /home/monica.fernandez/practica_creativa/venv-airflow/lib/python3.11/site-packages/airflow/example_dags/example_branch_day_of_week_operator.py
[2025-06-14T19:41:45.924+0200] {processor.py:743} INFO - Processing file /home/monica.fernandez/practica_creativa/venv-airflow/lib/python3.11/site-packages/airflow/example_dags/example_branch_day_of_week_operator.py for tasks to queue
[2025-06-14T19:41:45.925+0200] {logging_mixin.py:137} INFO - [2025-06-14T19:41:45.925+0200] {dagbag.py:538} INFO - Filling up the DagBag from /home/monica.fernandez/practica_creativa/venv-airflow/lib/python3.11/site-packages/airflow/example_dags/example_branch_day_of_week_operator.py
[2025-06-14T19:41:45.938+0200] {processor.py:753} INFO - DAG(s) dict_keys(['example_weekday_branch_operator']) retrieved from /home/monica.fernandez/practica_creativa/venv-airflow/lib/python3.11/site-packages/airflow/example_dags/example_branch_day_of_week_operator.py
[2025-06-14T19:41:45.965+0200] {logging_mixin.py:137} INFO - [2025-06-14T19:41:45.965+0200] {dag.py:2690} INFO - Sync 1 DAGs
[2025-06-14T19:41:45.989+0200] {logging_mixin.py:137} INFO - [2025-06-14T19:41:45.989+0200] {dag.py:3437} INFO - Setting next_dagrun for example_weekday_branch_operator to 2025-06-13T00:00:00+00:00, run_after=2025-06-14T00:00:00+00:00
[2025-06-14T19:41:46.042+0200] {processor.py:175} INFO - Processing /home/monica.fernandez/practica_creativa/venv-airflow/lib/python3.11/site-packages/airflow/example_dags/example_branch_day_of_week_operator.py took 0.123 seconds
[2025-06-14T19:42:43.518+0200] {processor.py:153} INFO - Started process (PID=212406) to work on /home/monica.fernandez/practica_creativa/venv-airflow/lib/python3.11/site-packages/airflow/example_dags/example_branch_day_of_week_operator.py
[2025-06-14T19:42:43.518+0200] {processor.py:743} INFO - Processing file /home/monica.fernandez/practica_creativa/venv-airflow/lib/python3.11/site-packages/airflow/example_dags/example_branch_day_of_week_operator.py for tasks to queue
[2025-06-14T19:42:43.519+0200] {logging_mixin.py:137} INFO - [2025-06-14T19:42:43.519+0200] {dagbag.py:538} INFO - Filling up the DagBag from /home/monica.fernandez/practica_creativa/venv-airflow/lib/python3.11/site-packages/airflow/example_dags/example_branch_day_of_week_operator.py
[2025-06-14T19:42:43.528+0200] {processor.py:753} INFO - DAG(s) dict_keys(['example_weekday_branch_operator']) retrieved from /home/monica.fernandez/practica_creativa/venv-airflow/lib/python3.11/site-packages/airflow/example_dags/example_branch_day_of_week_operator.py
[2025-06-14T19:42:43.555+0200] {logging_mixin.py:137} INFO - [2025-06-14T19:42:43.555+0200] {dag.py:2690} INFO - Sync 1 DAGs
[2025-06-14T19:42:43.577+0200] {logging_mixin.py:137} INFO - [2025-06-14T19:42:43.577+0200] {dag.py:3437} INFO - Setting next_dagrun for example_weekday_branch_operator to 2025-06-13T00:00:00+00:00, run_after=2025-06-14T00:00:00+00:00
[2025-06-14T19:42:43.637+0200] {processor.py:175} INFO - Processing /home/monica.fernandez/practica_creativa/venv-airflow/lib/python3.11/site-packages/airflow/example_dags/example_branch_day_of_week_operator.py took 0.122 seconds
[2025-06-14T19:43:42.575+0200] {processor.py:153} INFO - Started process (PID=212871) to work on /home/monica.fernandez/practica_creativa/venv-airflow/lib/python3.11/site-packages/airflow/example_dags/example_branch_day_of_week_operator.py
[2025-06-14T19:43:42.576+0200] {processor.py:743} INFO - Processing file /home/monica.fernandez/practica_creativa/venv-airflow/lib/python3.11/site-packages/airflow/example_dags/example_branch_day_of_week_operator.py for tasks to queue
[2025-06-14T19:43:42.576+0200] {logging_mixin.py:137} INFO - [2025-06-14T19:43:42.576+0200] {dagbag.py:538} INFO - Filling up the DagBag from /home/monica.fernandez/practica_creativa/venv-airflow/lib/python3.11/site-packages/airflow/example_dags/example_branch_day_of_week_operator.py
[2025-06-14T19:43:42.585+0200] {processor.py:753} INFO - DAG(s) dict_keys(['example_weekday_branch_operator']) retrieved from /home/monica.fernandez/practica_creativa/venv-airflow/lib/python3.11/site-packages/airflow/example_dags/example_branch_day_of_week_operator.py
[2025-06-14T19:43:42.610+0200] {logging_mixin.py:137} INFO - [2025-06-14T19:43:42.610+0200] {dag.py:2690} INFO - Sync 1 DAGs
[2025-06-14T19:43:42.632+0200] {logging_mixin.py:137} INFO - [2025-06-14T19:43:42.632+0200] {dag.py:3437} INFO - Setting next_dagrun for example_weekday_branch_operator to 2025-06-13T00:00:00+00:00, run_after=2025-06-14T00:00:00+00:00
[2025-06-14T19:43:42.690+0200] {processor.py:175} INFO - Processing /home/monica.fernandez/practica_creativa/venv-airflow/lib/python3.11/site-packages/airflow/example_dags/example_branch_day_of_week_operator.py took 0.117 seconds
[2025-06-14T19:44:40.162+0200] {processor.py:153} INFO - Started process (PID=213242) to work on /home/monica.fernandez/practica_creativa/venv-airflow/lib/python3.11/site-packages/airflow/example_dags/example_branch_day_of_week_operator.py
[2025-06-14T19:44:40.164+0200] {processor.py:743} INFO - Processing file /home/monica.fernandez/practica_creativa/venv-airflow/lib/python3.11/site-packages/airflow/example_dags/example_branch_day_of_week_operator.py for tasks to queue
[2025-06-14T19:44:40.165+0200] {logging_mixin.py:137} INFO - [2025-06-14T19:44:40.165+0200] {dagbag.py:538} INFO - Filling up the DagBag from /home/monica.fernandez/practica_creativa/venv-airflow/lib/python3.11/site-packages/airflow/example_dags/example_branch_day_of_week_operator.py
[2025-06-14T19:44:40.191+0200] {processor.py:753} INFO - DAG(s) dict_keys(['example_weekday_branch_operator']) retrieved from /home/monica.fernandez/practica_creativa/venv-airflow/lib/python3.11/site-packages/airflow/example_dags/example_branch_day_of_week_operator.py
[2025-06-14T19:44:40.225+0200] {logging_mixin.py:137} INFO - [2025-06-14T19:44:40.225+0200] {dag.py:2690} INFO - Sync 1 DAGs
[2025-06-14T19:44:40.253+0200] {logging_mixin.py:137} INFO - [2025-06-14T19:44:40.253+0200] {dag.py:3437} INFO - Setting next_dagrun for example_weekday_branch_operator to 2025-06-13T00:00:00+00:00, run_after=2025-06-14T00:00:00+00:00
[2025-06-14T19:44:40.310+0200] {processor.py:175} INFO - Processing /home/monica.fernandez/practica_creativa/venv-airflow/lib/python3.11/site-packages/airflow/example_dags/example_branch_day_of_week_operator.py took 0.153 seconds
[2025-06-14T19:46:56.843+0200] {processor.py:153} INFO - Started process (PID=214633) to work on /home/monica.fernandez/practica_creativa/venv-airflow/lib/python3.11/site-packages/airflow/example_dags/example_branch_day_of_week_operator.py
[2025-06-14T19:46:56.845+0200] {processor.py:743} INFO - Processing file /home/monica.fernandez/practica_creativa/venv-airflow/lib/python3.11/site-packages/airflow/example_dags/example_branch_day_of_week_operator.py for tasks to queue
[2025-06-14T19:46:56.846+0200] {logging_mixin.py:137} INFO - [2025-06-14T19:46:56.846+0200] {dagbag.py:538} INFO - Filling up the DagBag from /home/monica.fernandez/practica_creativa/venv-airflow/lib/python3.11/site-packages/airflow/example_dags/example_branch_day_of_week_operator.py
[2025-06-14T19:46:56.865+0200] {processor.py:753} INFO - DAG(s) dict_keys(['example_weekday_branch_operator']) retrieved from /home/monica.fernandez/practica_creativa/venv-airflow/lib/python3.11/site-packages/airflow/example_dags/example_branch_day_of_week_operator.py
[2025-06-14T19:46:56.906+0200] {logging_mixin.py:137} INFO - [2025-06-14T19:46:56.906+0200] {dag.py:2690} INFO - Sync 1 DAGs
[2025-06-14T19:46:56.944+0200] {logging_mixin.py:137} INFO - [2025-06-14T19:46:56.944+0200] {dag.py:3437} INFO - Setting next_dagrun for example_weekday_branch_operator to 2025-06-13T00:00:00+00:00, run_after=2025-06-14T00:00:00+00:00
[2025-06-14T19:46:57.018+0200] {processor.py:175} INFO - Processing /home/monica.fernandez/practica_creativa/venv-airflow/lib/python3.11/site-packages/airflow/example_dags/example_branch_day_of_week_operator.py took 0.179 seconds
[2025-06-14T19:47:53.348+0200] {processor.py:153} INFO - Started process (PID=215085) to work on /home/monica.fernandez/practica_creativa/venv-airflow/lib/python3.11/site-packages/airflow/example_dags/example_branch_day_of_week_operator.py
[2025-06-14T19:47:53.349+0200] {processor.py:743} INFO - Processing file /home/monica.fernandez/practica_creativa/venv-airflow/lib/python3.11/site-packages/airflow/example_dags/example_branch_day_of_week_operator.py for tasks to queue
[2025-06-14T19:47:53.349+0200] {logging_mixin.py:137} INFO - [2025-06-14T19:47:53.349+0200] {dagbag.py:538} INFO - Filling up the DagBag from /home/monica.fernandez/practica_creativa/venv-airflow/lib/python3.11/site-packages/airflow/example_dags/example_branch_day_of_week_operator.py
[2025-06-14T19:47:53.358+0200] {processor.py:753} INFO - DAG(s) dict_keys(['example_weekday_branch_operator']) retrieved from /home/monica.fernandez/practica_creativa/venv-airflow/lib/python3.11/site-packages/airflow/example_dags/example_branch_day_of_week_operator.py
[2025-06-14T19:47:53.382+0200] {logging_mixin.py:137} INFO - [2025-06-14T19:47:53.382+0200] {dag.py:2690} INFO - Sync 1 DAGs
[2025-06-14T19:47:53.406+0200] {logging_mixin.py:137} INFO - [2025-06-14T19:47:53.406+0200] {dag.py:3437} INFO - Setting next_dagrun for example_weekday_branch_operator to 2025-06-13T00:00:00+00:00, run_after=2025-06-14T00:00:00+00:00
[2025-06-14T19:47:53.455+0200] {processor.py:175} INFO - Processing /home/monica.fernandez/practica_creativa/venv-airflow/lib/python3.11/site-packages/airflow/example_dags/example_branch_day_of_week_operator.py took 0.109 seconds
[2025-06-14T19:48:49.840+0200] {processor.py:153} INFO - Started process (PID=215896) to work on /home/monica.fernandez/practica_creativa/venv-airflow/lib/python3.11/site-packages/airflow/example_dags/example_branch_day_of_week_operator.py
[2025-06-14T19:48:49.841+0200] {processor.py:743} INFO - Processing file /home/monica.fernandez/practica_creativa/venv-airflow/lib/python3.11/site-packages/airflow/example_dags/example_branch_day_of_week_operator.py for tasks to queue
[2025-06-14T19:48:49.842+0200] {logging_mixin.py:137} INFO - [2025-06-14T19:48:49.842+0200] {dagbag.py:538} INFO - Filling up the DagBag from /home/monica.fernandez/practica_creativa/venv-airflow/lib/python3.11/site-packages/airflow/example_dags/example_branch_day_of_week_operator.py
[2025-06-14T19:48:49.859+0200] {processor.py:753} INFO - DAG(s) dict_keys(['example_weekday_branch_operator']) retrieved from /home/monica.fernandez/practica_creativa/venv-airflow/lib/python3.11/site-packages/airflow/example_dags/example_branch_day_of_week_operator.py
[2025-06-14T19:48:49.901+0200] {logging_mixin.py:137} INFO - [2025-06-14T19:48:49.900+0200] {dag.py:2690} INFO - Sync 1 DAGs
[2025-06-14T19:48:49.940+0200] {logging_mixin.py:137} INFO - [2025-06-14T19:48:49.939+0200] {dag.py:3437} INFO - Setting next_dagrun for example_weekday_branch_operator to 2025-06-13T00:00:00+00:00, run_after=2025-06-14T00:00:00+00:00
[2025-06-14T19:48:50.009+0200] {processor.py:175} INFO - Processing /home/monica.fernandez/practica_creativa/venv-airflow/lib/python3.11/site-packages/airflow/example_dags/example_branch_day_of_week_operator.py took 0.174 seconds
[2025-06-14T19:49:47.644+0200] {processor.py:153} INFO - Started process (PID=216361) to work on /home/monica.fernandez/practica_creativa/venv-airflow/lib/python3.11/site-packages/airflow/example_dags/example_branch_day_of_week_operator.py
[2025-06-14T19:49:47.645+0200] {processor.py:743} INFO - Processing file /home/monica.fernandez/practica_creativa/venv-airflow/lib/python3.11/site-packages/airflow/example_dags/example_branch_day_of_week_operator.py for tasks to queue
[2025-06-14T19:49:47.645+0200] {logging_mixin.py:137} INFO - [2025-06-14T19:49:47.645+0200] {dagbag.py:538} INFO - Filling up the DagBag from /home/monica.fernandez/practica_creativa/venv-airflow/lib/python3.11/site-packages/airflow/example_dags/example_branch_day_of_week_operator.py
[2025-06-14T19:49:47.654+0200] {processor.py:753} INFO - DAG(s) dict_keys(['example_weekday_branch_operator']) retrieved from /home/monica.fernandez/practica_creativa/venv-airflow/lib/python3.11/site-packages/airflow/example_dags/example_branch_day_of_week_operator.py
[2025-06-14T19:49:47.680+0200] {logging_mixin.py:137} INFO - [2025-06-14T19:49:47.680+0200] {dag.py:2690} INFO - Sync 1 DAGs
[2025-06-14T19:49:47.702+0200] {logging_mixin.py:137} INFO - [2025-06-14T19:49:47.702+0200] {dag.py:3437} INFO - Setting next_dagrun for example_weekday_branch_operator to 2025-06-13T00:00:00+00:00, run_after=2025-06-14T00:00:00+00:00
[2025-06-14T19:49:47.759+0200] {processor.py:175} INFO - Processing /home/monica.fernandez/practica_creativa/venv-airflow/lib/python3.11/site-packages/airflow/example_dags/example_branch_day_of_week_operator.py took 0.117 seconds
[2025-06-14T19:50:45.780+0200] {processor.py:153} INFO - Started process (PID=216812) to work on /home/monica.fernandez/practica_creativa/venv-airflow/lib/python3.11/site-packages/airflow/example_dags/example_branch_day_of_week_operator.py
[2025-06-14T19:50:45.781+0200] {processor.py:743} INFO - Processing file /home/monica.fernandez/practica_creativa/venv-airflow/lib/python3.11/site-packages/airflow/example_dags/example_branch_day_of_week_operator.py for tasks to queue
[2025-06-14T19:50:45.782+0200] {logging_mixin.py:137} INFO - [2025-06-14T19:50:45.782+0200] {dagbag.py:538} INFO - Filling up the DagBag from /home/monica.fernandez/practica_creativa/venv-airflow/lib/python3.11/site-packages/airflow/example_dags/example_branch_day_of_week_operator.py
[2025-06-14T19:50:45.799+0200] {processor.py:753} INFO - DAG(s) dict_keys(['example_weekday_branch_operator']) retrieved from /home/monica.fernandez/practica_creativa/venv-airflow/lib/python3.11/site-packages/airflow/example_dags/example_branch_day_of_week_operator.py
[2025-06-14T19:50:45.842+0200] {logging_mixin.py:137} INFO - [2025-06-14T19:50:45.841+0200] {dag.py:2690} INFO - Sync 1 DAGs
[2025-06-14T19:50:45.879+0200] {logging_mixin.py:137} INFO - [2025-06-14T19:50:45.879+0200] {dag.py:3437} INFO - Setting next_dagrun for example_weekday_branch_operator to 2025-06-13T00:00:00+00:00, run_after=2025-06-14T00:00:00+00:00
[2025-06-14T19:50:45.951+0200] {processor.py:175} INFO - Processing /home/monica.fernandez/practica_creativa/venv-airflow/lib/python3.11/site-packages/airflow/example_dags/example_branch_day_of_week_operator.py took 0.176 seconds
[2025-06-14T19:51:36.321+0200] {processor.py:153} INFO - Started process (PID=217147) to work on /home/monica.fernandez/practica_creativa/venv-airflow/lib/python3.11/site-packages/airflow/example_dags/example_branch_day_of_week_operator.py
[2025-06-14T19:51:36.322+0200] {processor.py:743} INFO - Processing file /home/monica.fernandez/practica_creativa/venv-airflow/lib/python3.11/site-packages/airflow/example_dags/example_branch_day_of_week_operator.py for tasks to queue
[2025-06-14T19:51:36.324+0200] {logging_mixin.py:137} INFO - [2025-06-14T19:51:36.324+0200] {dagbag.py:538} INFO - Filling up the DagBag from /home/monica.fernandez/practica_creativa/venv-airflow/lib/python3.11/site-packages/airflow/example_dags/example_branch_day_of_week_operator.py
[2025-06-14T19:51:36.340+0200] {processor.py:753} INFO - DAG(s) dict_keys(['example_weekday_branch_operator']) retrieved from /home/monica.fernandez/practica_creativa/venv-airflow/lib/python3.11/site-packages/airflow/example_dags/example_branch_day_of_week_operator.py
[2025-06-14T19:51:36.381+0200] {logging_mixin.py:137} INFO - [2025-06-14T19:51:36.381+0200] {dag.py:2690} INFO - Sync 1 DAGs
[2025-06-14T19:51:36.418+0200] {logging_mixin.py:137} INFO - [2025-06-14T19:51:36.418+0200] {dag.py:3437} INFO - Setting next_dagrun for example_weekday_branch_operator to 2025-06-13T00:00:00+00:00, run_after=2025-06-14T00:00:00+00:00
[2025-06-14T19:51:36.490+0200] {processor.py:175} INFO - Processing /home/monica.fernandez/practica_creativa/venv-airflow/lib/python3.11/site-packages/airflow/example_dags/example_branch_day_of_week_operator.py took 0.174 seconds
[2025-06-14T19:52:30.072+0200] {processor.py:153} INFO - Started process (PID=217560) to work on /home/monica.fernandez/practica_creativa/venv-airflow/lib/python3.11/site-packages/airflow/example_dags/example_branch_day_of_week_operator.py
[2025-06-14T19:52:30.073+0200] {processor.py:743} INFO - Processing file /home/monica.fernandez/practica_creativa/venv-airflow/lib/python3.11/site-packages/airflow/example_dags/example_branch_day_of_week_operator.py for tasks to queue
[2025-06-14T19:52:30.074+0200] {logging_mixin.py:137} INFO - [2025-06-14T19:52:30.074+0200] {dagbag.py:538} INFO - Filling up the DagBag from /home/monica.fernandez/practica_creativa/venv-airflow/lib/python3.11/site-packages/airflow/example_dags/example_branch_day_of_week_operator.py
[2025-06-14T19:52:30.093+0200] {processor.py:753} INFO - DAG(s) dict_keys(['example_weekday_branch_operator']) retrieved from /home/monica.fernandez/practica_creativa/venv-airflow/lib/python3.11/site-packages/airflow/example_dags/example_branch_day_of_week_operator.py
[2025-06-14T19:52:30.135+0200] {logging_mixin.py:137} INFO - [2025-06-14T19:52:30.135+0200] {dag.py:2690} INFO - Sync 1 DAGs
[2025-06-14T19:52:30.162+0200] {logging_mixin.py:137} INFO - [2025-06-14T19:52:30.162+0200] {dag.py:3437} INFO - Setting next_dagrun for example_weekday_branch_operator to 2025-06-13T00:00:00+00:00, run_after=2025-06-14T00:00:00+00:00
[2025-06-14T19:52:30.219+0200] {processor.py:175} INFO - Processing /home/monica.fernandez/practica_creativa/venv-airflow/lib/python3.11/site-packages/airflow/example_dags/example_branch_day_of_week_operator.py took 0.152 seconds
[2025-06-14T19:53:22.221+0200] {processor.py:153} INFO - Started process (PID=217995) to work on /home/monica.fernandez/practica_creativa/venv-airflow/lib/python3.11/site-packages/airflow/example_dags/example_branch_day_of_week_operator.py
[2025-06-14T19:53:22.223+0200] {processor.py:743} INFO - Processing file /home/monica.fernandez/practica_creativa/venv-airflow/lib/python3.11/site-packages/airflow/example_dags/example_branch_day_of_week_operator.py for tasks to queue
[2025-06-14T19:53:22.224+0200] {logging_mixin.py:137} INFO - [2025-06-14T19:53:22.223+0200] {dagbag.py:538} INFO - Filling up the DagBag from /home/monica.fernandez/practica_creativa/venv-airflow/lib/python3.11/site-packages/airflow/example_dags/example_branch_day_of_week_operator.py
[2025-06-14T19:53:22.240+0200] {processor.py:753} INFO - DAG(s) dict_keys(['example_weekday_branch_operator']) retrieved from /home/monica.fernandez/practica_creativa/venv-airflow/lib/python3.11/site-packages/airflow/example_dags/example_branch_day_of_week_operator.py
[2025-06-14T19:53:22.281+0200] {logging_mixin.py:137} INFO - [2025-06-14T19:53:22.280+0200] {dag.py:2690} INFO - Sync 1 DAGs
[2025-06-14T19:53:22.318+0200] {logging_mixin.py:137} INFO - [2025-06-14T19:53:22.317+0200] {dag.py:3437} INFO - Setting next_dagrun for example_weekday_branch_operator to 2025-06-13T00:00:00+00:00, run_after=2025-06-14T00:00:00+00:00
[2025-06-14T19:53:22.390+0200] {processor.py:175} INFO - Processing /home/monica.fernandez/practica_creativa/venv-airflow/lib/python3.11/site-packages/airflow/example_dags/example_branch_day_of_week_operator.py took 0.174 seconds
[2025-06-14T19:54:15.093+0200] {processor.py:153} INFO - Started process (PID=218414) to work on /home/monica.fernandez/practica_creativa/venv-airflow/lib/python3.11/site-packages/airflow/example_dags/example_branch_day_of_week_operator.py
[2025-06-14T19:54:15.095+0200] {processor.py:743} INFO - Processing file /home/monica.fernandez/practica_creativa/venv-airflow/lib/python3.11/site-packages/airflow/example_dags/example_branch_day_of_week_operator.py for tasks to queue
[2025-06-14T19:54:15.096+0200] {logging_mixin.py:137} INFO - [2025-06-14T19:54:15.096+0200] {dagbag.py:538} INFO - Filling up the DagBag from /home/monica.fernandez/practica_creativa/venv-airflow/lib/python3.11/site-packages/airflow/example_dags/example_branch_day_of_week_operator.py
[2025-06-14T19:54:15.115+0200] {processor.py:753} INFO - DAG(s) dict_keys(['example_weekday_branch_operator']) retrieved from /home/monica.fernandez/practica_creativa/venv-airflow/lib/python3.11/site-packages/airflow/example_dags/example_branch_day_of_week_operator.py
[2025-06-14T19:54:15.158+0200] {logging_mixin.py:137} INFO - [2025-06-14T19:54:15.157+0200] {dag.py:2690} INFO - Sync 1 DAGs
[2025-06-14T19:54:15.196+0200] {logging_mixin.py:137} INFO - [2025-06-14T19:54:15.196+0200] {dag.py:3437} INFO - Setting next_dagrun for example_weekday_branch_operator to 2025-06-13T00:00:00+00:00, run_after=2025-06-14T00:00:00+00:00
[2025-06-14T19:54:15.267+0200] {processor.py:175} INFO - Processing /home/monica.fernandez/practica_creativa/venv-airflow/lib/python3.11/site-packages/airflow/example_dags/example_branch_day_of_week_operator.py took 0.178 seconds
[2025-06-14T19:55:09.229+0200] {processor.py:153} INFO - Started process (PID=218777) to work on /home/monica.fernandez/practica_creativa/venv-airflow/lib/python3.11/site-packages/airflow/example_dags/example_branch_day_of_week_operator.py
[2025-06-14T19:55:09.230+0200] {processor.py:743} INFO - Processing file /home/monica.fernandez/practica_creativa/venv-airflow/lib/python3.11/site-packages/airflow/example_dags/example_branch_day_of_week_operator.py for tasks to queue
[2025-06-14T19:55:09.231+0200] {logging_mixin.py:137} INFO - [2025-06-14T19:55:09.231+0200] {dagbag.py:538} INFO - Filling up the DagBag from /home/monica.fernandez/practica_creativa/venv-airflow/lib/python3.11/site-packages/airflow/example_dags/example_branch_day_of_week_operator.py
[2025-06-14T19:55:09.248+0200] {processor.py:753} INFO - DAG(s) dict_keys(['example_weekday_branch_operator']) retrieved from /home/monica.fernandez/practica_creativa/venv-airflow/lib/python3.11/site-packages/airflow/example_dags/example_branch_day_of_week_operator.py
[2025-06-14T19:55:09.291+0200] {logging_mixin.py:137} INFO - [2025-06-14T19:55:09.290+0200] {dag.py:2690} INFO - Sync 1 DAGs
[2025-06-14T19:55:09.327+0200] {logging_mixin.py:137} INFO - [2025-06-14T19:55:09.327+0200] {dag.py:3437} INFO - Setting next_dagrun for example_weekday_branch_operator to 2025-06-13T00:00:00+00:00, run_after=2025-06-14T00:00:00+00:00
[2025-06-14T19:55:09.402+0200] {processor.py:175} INFO - Processing /home/monica.fernandez/practica_creativa/venv-airflow/lib/python3.11/site-packages/airflow/example_dags/example_branch_day_of_week_operator.py took 0.179 seconds
[2025-06-14T19:56:10.110+0200] {processor.py:153} INFO - Started process (PID=219237) to work on /home/monica.fernandez/practica_creativa/venv-airflow/lib/python3.11/site-packages/airflow/example_dags/example_branch_day_of_week_operator.py
[2025-06-14T19:56:10.111+0200] {processor.py:743} INFO - Processing file /home/monica.fernandez/practica_creativa/venv-airflow/lib/python3.11/site-packages/airflow/example_dags/example_branch_day_of_week_operator.py for tasks to queue
[2025-06-14T19:56:10.111+0200] {logging_mixin.py:137} INFO - [2025-06-14T19:56:10.111+0200] {dagbag.py:538} INFO - Filling up the DagBag from /home/monica.fernandez/practica_creativa/venv-airflow/lib/python3.11/site-packages/airflow/example_dags/example_branch_day_of_week_operator.py
[2025-06-14T19:56:10.124+0200] {processor.py:753} INFO - DAG(s) dict_keys(['example_weekday_branch_operator']) retrieved from /home/monica.fernandez/practica_creativa/venv-airflow/lib/python3.11/site-packages/airflow/example_dags/example_branch_day_of_week_operator.py
[2025-06-14T19:56:10.151+0200] {logging_mixin.py:137} INFO - [2025-06-14T19:56:10.151+0200] {dag.py:2690} INFO - Sync 1 DAGs
[2025-06-14T19:56:10.174+0200] {logging_mixin.py:137} INFO - [2025-06-14T19:56:10.174+0200] {dag.py:3437} INFO - Setting next_dagrun for example_weekday_branch_operator to 2025-06-13T00:00:00+00:00, run_after=2025-06-14T00:00:00+00:00
[2025-06-14T19:56:10.234+0200] {processor.py:175} INFO - Processing /home/monica.fernandez/practica_creativa/venv-airflow/lib/python3.11/site-packages/airflow/example_dags/example_branch_day_of_week_operator.py took 0.127 seconds
[2025-06-14T19:57:03.596+0200] {processor.py:153} INFO - Started process (PID=219683) to work on /home/monica.fernandez/practica_creativa/venv-airflow/lib/python3.11/site-packages/airflow/example_dags/example_branch_day_of_week_operator.py
[2025-06-14T19:57:03.597+0200] {processor.py:743} INFO - Processing file /home/monica.fernandez/practica_creativa/venv-airflow/lib/python3.11/site-packages/airflow/example_dags/example_branch_day_of_week_operator.py for tasks to queue
[2025-06-14T19:57:03.598+0200] {logging_mixin.py:137} INFO - [2025-06-14T19:57:03.597+0200] {dagbag.py:538} INFO - Filling up the DagBag from /home/monica.fernandez/practica_creativa/venv-airflow/lib/python3.11/site-packages/airflow/example_dags/example_branch_day_of_week_operator.py
[2025-06-14T19:57:03.615+0200] {processor.py:753} INFO - DAG(s) dict_keys(['example_weekday_branch_operator']) retrieved from /home/monica.fernandez/practica_creativa/venv-airflow/lib/python3.11/site-packages/airflow/example_dags/example_branch_day_of_week_operator.py
[2025-06-14T19:57:03.658+0200] {logging_mixin.py:137} INFO - [2025-06-14T19:57:03.657+0200] {dag.py:2690} INFO - Sync 1 DAGs
[2025-06-14T19:57:03.695+0200] {logging_mixin.py:137} INFO - [2025-06-14T19:57:03.695+0200] {dag.py:3437} INFO - Setting next_dagrun for example_weekday_branch_operator to 2025-06-13T00:00:00+00:00, run_after=2025-06-14T00:00:00+00:00
[2025-06-14T19:57:03.766+0200] {processor.py:175} INFO - Processing /home/monica.fernandez/practica_creativa/venv-airflow/lib/python3.11/site-packages/airflow/example_dags/example_branch_day_of_week_operator.py took 0.176 seconds
[2025-06-14T19:57:55.381+0200] {processor.py:153} INFO - Started process (PID=220120) to work on /home/monica.fernandez/practica_creativa/venv-airflow/lib/python3.11/site-packages/airflow/example_dags/example_branch_day_of_week_operator.py
[2025-06-14T19:57:55.382+0200] {processor.py:743} INFO - Processing file /home/monica.fernandez/practica_creativa/venv-airflow/lib/python3.11/site-packages/airflow/example_dags/example_branch_day_of_week_operator.py for tasks to queue
[2025-06-14T19:57:55.383+0200] {logging_mixin.py:137} INFO - [2025-06-14T19:57:55.383+0200] {dagbag.py:538} INFO - Filling up the DagBag from /home/monica.fernandez/practica_creativa/venv-airflow/lib/python3.11/site-packages/airflow/example_dags/example_branch_day_of_week_operator.py
[2025-06-14T19:57:55.400+0200] {processor.py:753} INFO - DAG(s) dict_keys(['example_weekday_branch_operator']) retrieved from /home/monica.fernandez/practica_creativa/venv-airflow/lib/python3.11/site-packages/airflow/example_dags/example_branch_day_of_week_operator.py
[2025-06-14T19:57:55.444+0200] {logging_mixin.py:137} INFO - [2025-06-14T19:57:55.443+0200] {dag.py:2690} INFO - Sync 1 DAGs
[2025-06-14T19:57:55.482+0200] {logging_mixin.py:137} INFO - [2025-06-14T19:57:55.481+0200] {dag.py:3437} INFO - Setting next_dagrun for example_weekday_branch_operator to 2025-06-13T00:00:00+00:00, run_after=2025-06-14T00:00:00+00:00
[2025-06-14T19:57:55.569+0200] {processor.py:175} INFO - Processing /home/monica.fernandez/practica_creativa/venv-airflow/lib/python3.11/site-packages/airflow/example_dags/example_branch_day_of_week_operator.py took 0.193 seconds
[2025-06-14T19:58:47.676+0200] {processor.py:153} INFO - Started process (PID=220561) to work on /home/monica.fernandez/practica_creativa/venv-airflow/lib/python3.11/site-packages/airflow/example_dags/example_branch_day_of_week_operator.py
[2025-06-14T19:58:47.678+0200] {processor.py:743} INFO - Processing file /home/monica.fernandez/practica_creativa/venv-airflow/lib/python3.11/site-packages/airflow/example_dags/example_branch_day_of_week_operator.py for tasks to queue
[2025-06-14T19:58:47.679+0200] {logging_mixin.py:137} INFO - [2025-06-14T19:58:47.678+0200] {dagbag.py:538} INFO - Filling up the DagBag from /home/monica.fernandez/practica_creativa/venv-airflow/lib/python3.11/site-packages/airflow/example_dags/example_branch_day_of_week_operator.py
[2025-06-14T19:58:47.695+0200] {processor.py:753} INFO - DAG(s) dict_keys(['example_weekday_branch_operator']) retrieved from /home/monica.fernandez/practica_creativa/venv-airflow/lib/python3.11/site-packages/airflow/example_dags/example_branch_day_of_week_operator.py
[2025-06-14T19:58:47.737+0200] {logging_mixin.py:137} INFO - [2025-06-14T19:58:47.737+0200] {dag.py:2690} INFO - Sync 1 DAGs
[2025-06-14T19:58:47.776+0200] {logging_mixin.py:137} INFO - [2025-06-14T19:58:47.776+0200] {dag.py:3437} INFO - Setting next_dagrun for example_weekday_branch_operator to 2025-06-13T00:00:00+00:00, run_after=2025-06-14T00:00:00+00:00
[2025-06-14T19:58:47.860+0200] {processor.py:175} INFO - Processing /home/monica.fernandez/practica_creativa/venv-airflow/lib/python3.11/site-packages/airflow/example_dags/example_branch_day_of_week_operator.py took 0.188 seconds
[2025-06-14T19:59:39.772+0200] {processor.py:153} INFO - Started process (PID=220893) to work on /home/monica.fernandez/practica_creativa/venv-airflow/lib/python3.11/site-packages/airflow/example_dags/example_branch_day_of_week_operator.py
[2025-06-14T19:59:39.773+0200] {processor.py:743} INFO - Processing file /home/monica.fernandez/practica_creativa/venv-airflow/lib/python3.11/site-packages/airflow/example_dags/example_branch_day_of_week_operator.py for tasks to queue
[2025-06-14T19:59:39.774+0200] {logging_mixin.py:137} INFO - [2025-06-14T19:59:39.774+0200] {dagbag.py:538} INFO - Filling up the DagBag from /home/monica.fernandez/practica_creativa/venv-airflow/lib/python3.11/site-packages/airflow/example_dags/example_branch_day_of_week_operator.py
[2025-06-14T19:59:39.791+0200] {processor.py:753} INFO - DAG(s) dict_keys(['example_weekday_branch_operator']) retrieved from /home/monica.fernandez/practica_creativa/venv-airflow/lib/python3.11/site-packages/airflow/example_dags/example_branch_day_of_week_operator.py
[2025-06-14T19:59:39.833+0200] {logging_mixin.py:137} INFO - [2025-06-14T19:59:39.833+0200] {dag.py:2690} INFO - Sync 1 DAGs
[2025-06-14T19:59:39.869+0200] {logging_mixin.py:137} INFO - [2025-06-14T19:59:39.869+0200] {dag.py:3437} INFO - Setting next_dagrun for example_weekday_branch_operator to 2025-06-13T00:00:00+00:00, run_after=2025-06-14T00:00:00+00:00
[2025-06-14T19:59:39.941+0200] {processor.py:175} INFO - Processing /home/monica.fernandez/practica_creativa/venv-airflow/lib/python3.11/site-packages/airflow/example_dags/example_branch_day_of_week_operator.py took 0.174 seconds
[2025-06-14T20:00:38.284+0200] {processor.py:153} INFO - Started process (PID=221353) to work on /home/monica.fernandez/practica_creativa/venv-airflow/lib/python3.11/site-packages/airflow/example_dags/example_branch_day_of_week_operator.py
[2025-06-14T20:00:38.285+0200] {processor.py:743} INFO - Processing file /home/monica.fernandez/practica_creativa/venv-airflow/lib/python3.11/site-packages/airflow/example_dags/example_branch_day_of_week_operator.py for tasks to queue
[2025-06-14T20:00:38.286+0200] {logging_mixin.py:137} INFO - [2025-06-14T20:00:38.285+0200] {dagbag.py:538} INFO - Filling up the DagBag from /home/monica.fernandez/practica_creativa/venv-airflow/lib/python3.11/site-packages/airflow/example_dags/example_branch_day_of_week_operator.py
[2025-06-14T20:00:38.303+0200] {processor.py:753} INFO - DAG(s) dict_keys(['example_weekday_branch_operator']) retrieved from /home/monica.fernandez/practica_creativa/venv-airflow/lib/python3.11/site-packages/airflow/example_dags/example_branch_day_of_week_operator.py
[2025-06-14T20:00:38.346+0200] {logging_mixin.py:137} INFO - [2025-06-14T20:00:38.345+0200] {dag.py:2690} INFO - Sync 1 DAGs
[2025-06-14T20:00:38.375+0200] {logging_mixin.py:137} INFO - [2025-06-14T20:00:38.375+0200] {dag.py:3437} INFO - Setting next_dagrun for example_weekday_branch_operator to 2025-06-13T00:00:00+00:00, run_after=2025-06-14T00:00:00+00:00
[2025-06-14T20:00:38.446+0200] {processor.py:175} INFO - Processing /home/monica.fernandez/practica_creativa/venv-airflow/lib/python3.11/site-packages/airflow/example_dags/example_branch_day_of_week_operator.py took 0.167 seconds
[2025-06-14T20:01:33.318+0200] {processor.py:153} INFO - Started process (PID=221769) to work on /home/monica.fernandez/practica_creativa/venv-airflow/lib/python3.11/site-packages/airflow/example_dags/example_branch_day_of_week_operator.py
[2025-06-14T20:01:33.319+0200] {processor.py:743} INFO - Processing file /home/monica.fernandez/practica_creativa/venv-airflow/lib/python3.11/site-packages/airflow/example_dags/example_branch_day_of_week_operator.py for tasks to queue
[2025-06-14T20:01:33.320+0200] {logging_mixin.py:137} INFO - [2025-06-14T20:01:33.320+0200] {dagbag.py:538} INFO - Filling up the DagBag from /home/monica.fernandez/practica_creativa/venv-airflow/lib/python3.11/site-packages/airflow/example_dags/example_branch_day_of_week_operator.py
[2025-06-14T20:01:33.338+0200] {processor.py:753} INFO - DAG(s) dict_keys(['example_weekday_branch_operator']) retrieved from /home/monica.fernandez/practica_creativa/venv-airflow/lib/python3.11/site-packages/airflow/example_dags/example_branch_day_of_week_operator.py
[2025-06-14T20:01:33.419+0200] {logging_mixin.py:137} INFO - [2025-06-14T20:01:33.416+0200] {dag.py:2690} INFO - Sync 1 DAGs
[2025-06-14T20:01:33.444+0200] {logging_mixin.py:137} INFO - [2025-06-14T20:01:33.444+0200] {dag.py:3437} INFO - Setting next_dagrun for example_weekday_branch_operator to 2025-06-13T00:00:00+00:00, run_after=2025-06-14T00:00:00+00:00
[2025-06-14T20:01:33.504+0200] {processor.py:175} INFO - Processing /home/monica.fernandez/practica_creativa/venv-airflow/lib/python3.11/site-packages/airflow/example_dags/example_branch_day_of_week_operator.py took 0.191 seconds
