[2025-06-14T19:02:19.085+0200] {processor.py:153} INFO - Started process (PID=189728) to work on /home/monica.fernandez/practica_creativa/venv-airflow/lib/python3.11/site-packages/airflow/example_dags/example_bash_operator.py
[2025-06-14T19:02:19.085+0200] {processor.py:743} INFO - Processing file /home/monica.fernandez/practica_creativa/venv-airflow/lib/python3.11/site-packages/airflow/example_dags/example_bash_operator.py for tasks to queue
[2025-06-14T19:02:19.086+0200] {logging_mixin.py:137} INFO - [2025-06-14T19:02:19.086+0200] {dagbag.py:538} INFO - Filling up the DagBag from /home/monica.fernandez/practica_creativa/venv-airflow/lib/python3.11/site-packages/airflow/example_dags/example_bash_operator.py
[2025-06-14T19:02:19.116+0200] {processor.py:753} INFO - DAG(s) dict_keys(['example_bash_operator']) retrieved from /home/monica.fernandez/practica_creativa/venv-airflow/lib/python3.11/site-packages/airflow/example_dags/example_bash_operator.py
[2025-06-14T19:02:19.151+0200] {logging_mixin.py:137} INFO - [2025-06-14T19:02:19.151+0200] {dag.py:2690} INFO - Sync 1 DAGs
[2025-06-14T19:02:19.177+0200] {logging_mixin.py:137} INFO - [2025-06-14T19:02:19.176+0200] {dag.py:3437} INFO - Setting next_dagrun for example_bash_operator to 2025-06-13T00:00:00+00:00, run_after=2025-06-14T00:00:00+00:00
[2025-06-14T19:02:19.227+0200] {processor.py:175} INFO - Processing /home/monica.fernandez/practica_creativa/venv-airflow/lib/python3.11/site-packages/airflow/example_dags/example_bash_operator.py took 0.148 seconds
[2025-06-14T19:03:17.971+0200] {processor.py:153} INFO - Started process (PID=190219) to work on /home/monica.fernandez/practica_creativa/venv-airflow/lib/python3.11/site-packages/airflow/example_dags/example_bash_operator.py
[2025-06-14T19:03:17.972+0200] {processor.py:743} INFO - Processing file /home/monica.fernandez/practica_creativa/venv-airflow/lib/python3.11/site-packages/airflow/example_dags/example_bash_operator.py for tasks to queue
[2025-06-14T19:03:17.972+0200] {logging_mixin.py:137} INFO - [2025-06-14T19:03:17.972+0200] {dagbag.py:538} INFO - Filling up the DagBag from /home/monica.fernandez/practica_creativa/venv-airflow/lib/python3.11/site-packages/airflow/example_dags/example_bash_operator.py
[2025-06-14T19:03:18.002+0200] {processor.py:753} INFO - DAG(s) dict_keys(['example_bash_operator']) retrieved from /home/monica.fernandez/practica_creativa/venv-airflow/lib/python3.11/site-packages/airflow/example_dags/example_bash_operator.py
[2025-06-14T19:03:18.040+0200] {logging_mixin.py:137} INFO - [2025-06-14T19:03:18.039+0200] {dag.py:2690} INFO - Sync 1 DAGs
[2025-06-14T19:03:18.069+0200] {logging_mixin.py:137} INFO - [2025-06-14T19:03:18.068+0200] {dag.py:3437} INFO - Setting next_dagrun for example_bash_operator to 2025-06-13T00:00:00+00:00, run_after=2025-06-14T00:00:00+00:00
[2025-06-14T19:03:18.129+0200] {processor.py:175} INFO - Processing /home/monica.fernandez/practica_creativa/venv-airflow/lib/python3.11/site-packages/airflow/example_dags/example_bash_operator.py took 0.160 seconds
[2025-06-14T19:04:21.731+0200] {processor.py:153} INFO - Started process (PID=190881) to work on /home/monica.fernandez/practica_creativa/venv-airflow/lib/python3.11/site-packages/airflow/example_dags/example_bash_operator.py
[2025-06-14T19:04:21.732+0200] {processor.py:743} INFO - Processing file /home/monica.fernandez/practica_creativa/venv-airflow/lib/python3.11/site-packages/airflow/example_dags/example_bash_operator.py for tasks to queue
[2025-06-14T19:04:21.732+0200] {logging_mixin.py:137} INFO - [2025-06-14T19:04:21.732+0200] {dagbag.py:538} INFO - Filling up the DagBag from /home/monica.fernandez/practica_creativa/venv-airflow/lib/python3.11/site-packages/airflow/example_dags/example_bash_operator.py
[2025-06-14T19:04:21.787+0200] {processor.py:753} INFO - DAG(s) dict_keys(['example_bash_operator']) retrieved from /home/monica.fernandez/practica_creativa/venv-airflow/lib/python3.11/site-packages/airflow/example_dags/example_bash_operator.py
[2025-06-14T19:04:21.888+0200] {logging_mixin.py:137} INFO - [2025-06-14T19:04:21.888+0200] {dag.py:2690} INFO - Sync 1 DAGs
[2025-06-14T19:04:21.934+0200] {logging_mixin.py:137} INFO - [2025-06-14T19:04:21.933+0200] {dag.py:3437} INFO - Setting next_dagrun for example_bash_operator to 2025-06-13T00:00:00+00:00, run_after=2025-06-14T00:00:00+00:00
[2025-06-14T19:04:22.027+0200] {processor.py:175} INFO - Processing /home/monica.fernandez/practica_creativa/venv-airflow/lib/python3.11/site-packages/airflow/example_dags/example_bash_operator.py took 0.299 seconds
[2025-06-14T19:05:23.677+0200] {processor.py:153} INFO - Started process (PID=191454) to work on /home/monica.fernandez/practica_creativa/venv-airflow/lib/python3.11/site-packages/airflow/example_dags/example_bash_operator.py
[2025-06-14T19:05:23.679+0200] {processor.py:743} INFO - Processing file /home/monica.fernandez/practica_creativa/venv-airflow/lib/python3.11/site-packages/airflow/example_dags/example_bash_operator.py for tasks to queue
[2025-06-14T19:05:23.683+0200] {logging_mixin.py:137} INFO - [2025-06-14T19:05:23.682+0200] {dagbag.py:538} INFO - Filling up the DagBag from /home/monica.fernandez/practica_creativa/venv-airflow/lib/python3.11/site-packages/airflow/example_dags/example_bash_operator.py
[2025-06-14T19:05:23.717+0200] {processor.py:753} INFO - DAG(s) dict_keys(['example_bash_operator']) retrieved from /home/monica.fernandez/practica_creativa/venv-airflow/lib/python3.11/site-packages/airflow/example_dags/example_bash_operator.py
[2025-06-14T19:05:23.751+0200] {logging_mixin.py:137} INFO - [2025-06-14T19:05:23.751+0200] {dag.py:2690} INFO - Sync 1 DAGs
[2025-06-14T19:05:23.778+0200] {logging_mixin.py:137} INFO - [2025-06-14T19:05:23.778+0200] {dag.py:3437} INFO - Setting next_dagrun for example_bash_operator to 2025-06-13T00:00:00+00:00, run_after=2025-06-14T00:00:00+00:00
[2025-06-14T19:05:23.836+0200] {processor.py:175} INFO - Processing /home/monica.fernandez/practica_creativa/venv-airflow/lib/python3.11/site-packages/airflow/example_dags/example_bash_operator.py took 0.164 seconds
[2025-06-14T19:06:40.967+0200] {processor.py:153} INFO - Started process (PID=192271) to work on /home/monica.fernandez/practica_creativa/venv-airflow/lib/python3.11/site-packages/airflow/example_dags/example_bash_operator.py
[2025-06-14T19:06:40.968+0200] {processor.py:743} INFO - Processing file /home/monica.fernandez/practica_creativa/venv-airflow/lib/python3.11/site-packages/airflow/example_dags/example_bash_operator.py for tasks to queue
[2025-06-14T19:06:40.969+0200] {logging_mixin.py:137} INFO - [2025-06-14T19:06:40.969+0200] {dagbag.py:538} INFO - Filling up the DagBag from /home/monica.fernandez/practica_creativa/venv-airflow/lib/python3.11/site-packages/airflow/example_dags/example_bash_operator.py
[2025-06-14T19:06:41.012+0200] {processor.py:753} INFO - DAG(s) dict_keys(['example_bash_operator']) retrieved from /home/monica.fernandez/practica_creativa/venv-airflow/lib/python3.11/site-packages/airflow/example_dags/example_bash_operator.py
[2025-06-14T19:06:41.073+0200] {logging_mixin.py:137} INFO - [2025-06-14T19:06:41.072+0200] {dag.py:2690} INFO - Sync 1 DAGs
[2025-06-14T19:06:41.101+0200] {logging_mixin.py:137} INFO - [2025-06-14T19:06:41.101+0200] {dag.py:3437} INFO - Setting next_dagrun for example_bash_operator to 2025-06-13T00:00:00+00:00, run_after=2025-06-14T00:00:00+00:00
[2025-06-14T19:06:41.158+0200] {processor.py:175} INFO - Processing /home/monica.fernandez/practica_creativa/venv-airflow/lib/python3.11/site-packages/airflow/example_dags/example_bash_operator.py took 0.195 seconds
[2025-06-14T19:07:46.087+0200] {processor.py:153} INFO - Started process (PID=192834) to work on /home/monica.fernandez/practica_creativa/venv-airflow/lib/python3.11/site-packages/airflow/example_dags/example_bash_operator.py
[2025-06-14T19:07:46.088+0200] {processor.py:743} INFO - Processing file /home/monica.fernandez/practica_creativa/venv-airflow/lib/python3.11/site-packages/airflow/example_dags/example_bash_operator.py for tasks to queue
[2025-06-14T19:07:46.089+0200] {logging_mixin.py:137} INFO - [2025-06-14T19:07:46.088+0200] {dagbag.py:538} INFO - Filling up the DagBag from /home/monica.fernandez/practica_creativa/venv-airflow/lib/python3.11/site-packages/airflow/example_dags/example_bash_operator.py
[2025-06-14T19:07:46.129+0200] {processor.py:753} INFO - DAG(s) dict_keys(['example_bash_operator']) retrieved from /home/monica.fernandez/practica_creativa/venv-airflow/lib/python3.11/site-packages/airflow/example_dags/example_bash_operator.py
[2025-06-14T19:07:46.185+0200] {logging_mixin.py:137} INFO - [2025-06-14T19:07:46.185+0200] {dag.py:2690} INFO - Sync 1 DAGs
[2025-06-14T19:07:46.228+0200] {logging_mixin.py:137} INFO - [2025-06-14T19:07:46.227+0200] {dag.py:3437} INFO - Setting next_dagrun for example_bash_operator to 2025-06-13T00:00:00+00:00, run_after=2025-06-14T00:00:00+00:00
[2025-06-14T19:07:46.304+0200] {processor.py:175} INFO - Processing /home/monica.fernandez/practica_creativa/venv-airflow/lib/python3.11/site-packages/airflow/example_dags/example_bash_operator.py took 0.222 seconds
[2025-06-14T19:08:47.247+0200] {processor.py:153} INFO - Started process (PID=193707) to work on /home/monica.fernandez/practica_creativa/venv-airflow/lib/python3.11/site-packages/airflow/example_dags/example_bash_operator.py
[2025-06-14T19:08:47.248+0200] {processor.py:743} INFO - Processing file /home/monica.fernandez/practica_creativa/venv-airflow/lib/python3.11/site-packages/airflow/example_dags/example_bash_operator.py for tasks to queue
[2025-06-14T19:08:47.249+0200] {logging_mixin.py:137} INFO - [2025-06-14T19:08:47.249+0200] {dagbag.py:538} INFO - Filling up the DagBag from /home/monica.fernandez/practica_creativa/venv-airflow/lib/python3.11/site-packages/airflow/example_dags/example_bash_operator.py
[2025-06-14T19:08:47.289+0200] {processor.py:753} INFO - DAG(s) dict_keys(['example_bash_operator']) retrieved from /home/monica.fernandez/practica_creativa/venv-airflow/lib/python3.11/site-packages/airflow/example_dags/example_bash_operator.py
[2025-06-14T19:08:47.345+0200] {logging_mixin.py:137} INFO - [2025-06-14T19:08:47.345+0200] {dag.py:2690} INFO - Sync 1 DAGs
[2025-06-14T19:08:47.383+0200] {logging_mixin.py:137} INFO - [2025-06-14T19:08:47.383+0200] {dag.py:3437} INFO - Setting next_dagrun for example_bash_operator to 2025-06-13T00:00:00+00:00, run_after=2025-06-14T00:00:00+00:00
[2025-06-14T19:08:47.443+0200] {processor.py:175} INFO - Processing /home/monica.fernandez/practica_creativa/venv-airflow/lib/python3.11/site-packages/airflow/example_dags/example_bash_operator.py took 0.201 seconds
[2025-06-14T19:09:51.925+0200] {processor.py:153} INFO - Started process (PID=194253) to work on /home/monica.fernandez/practica_creativa/venv-airflow/lib/python3.11/site-packages/airflow/example_dags/example_bash_operator.py
[2025-06-14T19:09:51.926+0200] {processor.py:743} INFO - Processing file /home/monica.fernandez/practica_creativa/venv-airflow/lib/python3.11/site-packages/airflow/example_dags/example_bash_operator.py for tasks to queue
[2025-06-14T19:09:51.927+0200] {logging_mixin.py:137} INFO - [2025-06-14T19:09:51.927+0200] {dagbag.py:538} INFO - Filling up the DagBag from /home/monica.fernandez/practica_creativa/venv-airflow/lib/python3.11/site-packages/airflow/example_dags/example_bash_operator.py
[2025-06-14T19:09:51.968+0200] {processor.py:753} INFO - DAG(s) dict_keys(['example_bash_operator']) retrieved from /home/monica.fernandez/practica_creativa/venv-airflow/lib/python3.11/site-packages/airflow/example_dags/example_bash_operator.py
[2025-06-14T19:09:52.022+0200] {logging_mixin.py:137} INFO - [2025-06-14T19:09:52.022+0200] {dag.py:2690} INFO - Sync 1 DAGs
[2025-06-14T19:09:52.065+0200] {logging_mixin.py:137} INFO - [2025-06-14T19:09:52.065+0200] {dag.py:3437} INFO - Setting next_dagrun for example_bash_operator to 2025-06-13T00:00:00+00:00, run_after=2025-06-14T00:00:00+00:00
[2025-06-14T19:09:52.147+0200] {processor.py:175} INFO - Processing /home/monica.fernandez/practica_creativa/venv-airflow/lib/python3.11/site-packages/airflow/example_dags/example_bash_operator.py took 0.227 seconds
[2025-06-14T19:11:03.382+0200] {processor.py:153} INFO - Started process (PID=194922) to work on /home/monica.fernandez/practica_creativa/venv-airflow/lib/python3.11/site-packages/airflow/example_dags/example_bash_operator.py
[2025-06-14T19:11:03.383+0200] {processor.py:743} INFO - Processing file /home/monica.fernandez/practica_creativa/venv-airflow/lib/python3.11/site-packages/airflow/example_dags/example_bash_operator.py for tasks to queue
[2025-06-14T19:11:03.384+0200] {logging_mixin.py:137} INFO - [2025-06-14T19:11:03.384+0200] {dagbag.py:538} INFO - Filling up the DagBag from /home/monica.fernandez/practica_creativa/venv-airflow/lib/python3.11/site-packages/airflow/example_dags/example_bash_operator.py
[2025-06-14T19:11:03.425+0200] {processor.py:753} INFO - DAG(s) dict_keys(['example_bash_operator']) retrieved from /home/monica.fernandez/practica_creativa/venv-airflow/lib/python3.11/site-packages/airflow/example_dags/example_bash_operator.py
[2025-06-14T19:11:03.481+0200] {logging_mixin.py:137} INFO - [2025-06-14T19:11:03.480+0200] {dag.py:2690} INFO - Sync 1 DAGs
[2025-06-14T19:11:03.524+0200] {logging_mixin.py:137} INFO - [2025-06-14T19:11:03.524+0200] {dag.py:3437} INFO - Setting next_dagrun for example_bash_operator to 2025-06-13T00:00:00+00:00, run_after=2025-06-14T00:00:00+00:00
[2025-06-14T19:11:03.604+0200] {processor.py:175} INFO - Processing /home/monica.fernandez/practica_creativa/venv-airflow/lib/python3.11/site-packages/airflow/example_dags/example_bash_operator.py took 0.227 seconds
[2025-06-14T19:13:45.328+0200] {processor.py:153} INFO - Started process (PID=196252) to work on /home/monica.fernandez/practica_creativa/venv-airflow/lib/python3.11/site-packages/airflow/example_dags/example_bash_operator.py
[2025-06-14T19:13:45.329+0200] {processor.py:743} INFO - Processing file /home/monica.fernandez/practica_creativa/venv-airflow/lib/python3.11/site-packages/airflow/example_dags/example_bash_operator.py for tasks to queue
[2025-06-14T19:13:45.330+0200] {logging_mixin.py:137} INFO - [2025-06-14T19:13:45.330+0200] {dagbag.py:538} INFO - Filling up the DagBag from /home/monica.fernandez/practica_creativa/venv-airflow/lib/python3.11/site-packages/airflow/example_dags/example_bash_operator.py
[2025-06-14T19:13:45.369+0200] {processor.py:753} INFO - DAG(s) dict_keys(['example_bash_operator']) retrieved from /home/monica.fernandez/practica_creativa/venv-airflow/lib/python3.11/site-packages/airflow/example_dags/example_bash_operator.py
[2025-06-14T19:13:45.430+0200] {logging_mixin.py:137} INFO - [2025-06-14T19:13:45.429+0200] {dag.py:2690} INFO - Sync 1 DAGs
[2025-06-14T19:13:45.488+0200] {logging_mixin.py:137} INFO - [2025-06-14T19:13:45.488+0200] {dag.py:3437} INFO - Setting next_dagrun for example_bash_operator to 2025-06-13T00:00:00+00:00, run_after=2025-06-14T00:00:00+00:00
[2025-06-14T19:13:45.541+0200] {processor.py:175} INFO - Processing /home/monica.fernandez/practica_creativa/venv-airflow/lib/python3.11/site-packages/airflow/example_dags/example_bash_operator.py took 0.218 seconds
[2025-06-14T19:14:54.200+0200] {processor.py:153} INFO - Started process (PID=196768) to work on /home/monica.fernandez/practica_creativa/venv-airflow/lib/python3.11/site-packages/airflow/example_dags/example_bash_operator.py
[2025-06-14T19:14:54.202+0200] {processor.py:743} INFO - Processing file /home/monica.fernandez/practica_creativa/venv-airflow/lib/python3.11/site-packages/airflow/example_dags/example_bash_operator.py for tasks to queue
[2025-06-14T19:14:54.202+0200] {logging_mixin.py:137} INFO - [2025-06-14T19:14:54.202+0200] {dagbag.py:538} INFO - Filling up the DagBag from /home/monica.fernandez/practica_creativa/venv-airflow/lib/python3.11/site-packages/airflow/example_dags/example_bash_operator.py
[2025-06-14T19:14:54.252+0200] {processor.py:753} INFO - DAG(s) dict_keys(['example_bash_operator']) retrieved from /home/monica.fernandez/practica_creativa/venv-airflow/lib/python3.11/site-packages/airflow/example_dags/example_bash_operator.py
[2025-06-14T19:14:54.300+0200] {logging_mixin.py:137} INFO - [2025-06-14T19:14:54.299+0200] {dag.py:2690} INFO - Sync 1 DAGs
[2025-06-14T19:14:54.326+0200] {logging_mixin.py:137} INFO - [2025-06-14T19:14:54.326+0200] {dag.py:3437} INFO - Setting next_dagrun for example_bash_operator to 2025-06-13T00:00:00+00:00, run_after=2025-06-14T00:00:00+00:00
[2025-06-14T19:14:54.388+0200] {processor.py:175} INFO - Processing /home/monica.fernandez/practica_creativa/venv-airflow/lib/python3.11/site-packages/airflow/example_dags/example_bash_operator.py took 0.193 seconds
[2025-06-14T19:16:45.384+0200] {processor.py:153} INFO - Started process (PID=197685) to work on /home/monica.fernandez/practica_creativa/venv-airflow/lib/python3.11/site-packages/airflow/example_dags/example_bash_operator.py
[2025-06-14T19:16:45.385+0200] {processor.py:743} INFO - Processing file /home/monica.fernandez/practica_creativa/venv-airflow/lib/python3.11/site-packages/airflow/example_dags/example_bash_operator.py for tasks to queue
[2025-06-14T19:16:45.385+0200] {logging_mixin.py:137} INFO - [2025-06-14T19:16:45.385+0200] {dagbag.py:538} INFO - Filling up the DagBag from /home/monica.fernandez/practica_creativa/venv-airflow/lib/python3.11/site-packages/airflow/example_dags/example_bash_operator.py
[2025-06-14T19:16:45.414+0200] {processor.py:753} INFO - DAG(s) dict_keys(['example_bash_operator']) retrieved from /home/monica.fernandez/practica_creativa/venv-airflow/lib/python3.11/site-packages/airflow/example_dags/example_bash_operator.py
[2025-06-14T19:16:45.455+0200] {logging_mixin.py:137} INFO - [2025-06-14T19:16:45.455+0200] {dag.py:2690} INFO - Sync 1 DAGs
[2025-06-14T19:16:45.482+0200] {logging_mixin.py:137} INFO - [2025-06-14T19:16:45.482+0200] {dag.py:3437} INFO - Setting next_dagrun for example_bash_operator to 2025-06-13T00:00:00+00:00, run_after=2025-06-14T00:00:00+00:00
[2025-06-14T19:16:45.575+0200] {processor.py:175} INFO - Processing /home/monica.fernandez/practica_creativa/venv-airflow/lib/python3.11/site-packages/airflow/example_dags/example_bash_operator.py took 0.194 seconds
[2025-06-14T19:17:57.795+0200] {processor.py:153} INFO - Started process (PID=198339) to work on /home/monica.fernandez/practica_creativa/venv-airflow/lib/python3.11/site-packages/airflow/example_dags/example_bash_operator.py
[2025-06-14T19:17:57.795+0200] {processor.py:743} INFO - Processing file /home/monica.fernandez/practica_creativa/venv-airflow/lib/python3.11/site-packages/airflow/example_dags/example_bash_operator.py for tasks to queue
[2025-06-14T19:17:57.796+0200] {logging_mixin.py:137} INFO - [2025-06-14T19:17:57.796+0200] {dagbag.py:538} INFO - Filling up the DagBag from /home/monica.fernandez/practica_creativa/venv-airflow/lib/python3.11/site-packages/airflow/example_dags/example_bash_operator.py
[2025-06-14T19:17:57.837+0200] {processor.py:753} INFO - DAG(s) dict_keys(['example_bash_operator']) retrieved from /home/monica.fernandez/practica_creativa/venv-airflow/lib/python3.11/site-packages/airflow/example_dags/example_bash_operator.py
[2025-06-14T19:17:57.888+0200] {logging_mixin.py:137} INFO - [2025-06-14T19:17:57.888+0200] {dag.py:2690} INFO - Sync 1 DAGs
[2025-06-14T19:17:57.917+0200] {logging_mixin.py:137} INFO - [2025-06-14T19:17:57.917+0200] {dag.py:3437} INFO - Setting next_dagrun for example_bash_operator to 2025-06-13T00:00:00+00:00, run_after=2025-06-14T00:00:00+00:00
[2025-06-14T19:17:57.998+0200] {processor.py:175} INFO - Processing /home/monica.fernandez/practica_creativa/venv-airflow/lib/python3.11/site-packages/airflow/example_dags/example_bash_operator.py took 0.206 seconds
[2025-06-14T19:19:01.565+0200] {processor.py:153} INFO - Started process (PID=198830) to work on /home/monica.fernandez/practica_creativa/venv-airflow/lib/python3.11/site-packages/airflow/example_dags/example_bash_operator.py
[2025-06-14T19:19:01.566+0200] {processor.py:743} INFO - Processing file /home/monica.fernandez/practica_creativa/venv-airflow/lib/python3.11/site-packages/airflow/example_dags/example_bash_operator.py for tasks to queue
[2025-06-14T19:19:01.566+0200] {logging_mixin.py:137} INFO - [2025-06-14T19:19:01.566+0200] {dagbag.py:538} INFO - Filling up the DagBag from /home/monica.fernandez/practica_creativa/venv-airflow/lib/python3.11/site-packages/airflow/example_dags/example_bash_operator.py
[2025-06-14T19:19:01.597+0200] {processor.py:753} INFO - DAG(s) dict_keys(['example_bash_operator']) retrieved from /home/monica.fernandez/practica_creativa/venv-airflow/lib/python3.11/site-packages/airflow/example_dags/example_bash_operator.py
[2025-06-14T19:19:01.667+0200] {logging_mixin.py:137} INFO - [2025-06-14T19:19:01.667+0200] {dag.py:2690} INFO - Sync 1 DAGs
[2025-06-14T19:19:01.715+0200] {logging_mixin.py:137} INFO - [2025-06-14T19:19:01.715+0200] {dag.py:3437} INFO - Setting next_dagrun for example_bash_operator to 2025-06-13T00:00:00+00:00, run_after=2025-06-14T00:00:00+00:00
[2025-06-14T19:19:01.818+0200] {processor.py:175} INFO - Processing /home/monica.fernandez/practica_creativa/venv-airflow/lib/python3.11/site-packages/airflow/example_dags/example_bash_operator.py took 0.255 seconds
[2025-06-14T19:20:04.252+0200] {processor.py:153} INFO - Started process (PID=199318) to work on /home/monica.fernandez/practica_creativa/venv-airflow/lib/python3.11/site-packages/airflow/example_dags/example_bash_operator.py
[2025-06-14T19:20:04.253+0200] {processor.py:743} INFO - Processing file /home/monica.fernandez/practica_creativa/venv-airflow/lib/python3.11/site-packages/airflow/example_dags/example_bash_operator.py for tasks to queue
[2025-06-14T19:20:04.253+0200] {logging_mixin.py:137} INFO - [2025-06-14T19:20:04.253+0200] {dagbag.py:538} INFO - Filling up the DagBag from /home/monica.fernandez/practica_creativa/venv-airflow/lib/python3.11/site-packages/airflow/example_dags/example_bash_operator.py
[2025-06-14T19:20:04.277+0200] {processor.py:753} INFO - DAG(s) dict_keys(['example_bash_operator']) retrieved from /home/monica.fernandez/practica_creativa/venv-airflow/lib/python3.11/site-packages/airflow/example_dags/example_bash_operator.py
[2025-06-14T19:20:04.312+0200] {logging_mixin.py:137} INFO - [2025-06-14T19:20:04.312+0200] {dag.py:2690} INFO - Sync 1 DAGs
[2025-06-14T19:20:04.348+0200] {logging_mixin.py:137} INFO - [2025-06-14T19:20:04.348+0200] {dag.py:3437} INFO - Setting next_dagrun for example_bash_operator to 2025-06-13T00:00:00+00:00, run_after=2025-06-14T00:00:00+00:00
[2025-06-14T19:20:04.415+0200] {processor.py:175} INFO - Processing /home/monica.fernandez/practica_creativa/venv-airflow/lib/python3.11/site-packages/airflow/example_dags/example_bash_operator.py took 0.166 seconds
[2025-06-14T19:21:06.777+0200] {processor.py:153} INFO - Started process (PID=199877) to work on /home/monica.fernandez/practica_creativa/venv-airflow/lib/python3.11/site-packages/airflow/example_dags/example_bash_operator.py
[2025-06-14T19:21:06.778+0200] {processor.py:743} INFO - Processing file /home/monica.fernandez/practica_creativa/venv-airflow/lib/python3.11/site-packages/airflow/example_dags/example_bash_operator.py for tasks to queue
[2025-06-14T19:21:06.779+0200] {logging_mixin.py:137} INFO - [2025-06-14T19:21:06.779+0200] {dagbag.py:538} INFO - Filling up the DagBag from /home/monica.fernandez/practica_creativa/venv-airflow/lib/python3.11/site-packages/airflow/example_dags/example_bash_operator.py
[2025-06-14T19:21:06.833+0200] {processor.py:753} INFO - DAG(s) dict_keys(['example_bash_operator']) retrieved from /home/monica.fernandez/practica_creativa/venv-airflow/lib/python3.11/site-packages/airflow/example_dags/example_bash_operator.py
[2025-06-14T19:21:06.869+0200] {logging_mixin.py:137} INFO - [2025-06-14T19:21:06.868+0200] {dag.py:2690} INFO - Sync 1 DAGs
[2025-06-14T19:21:06.902+0200] {logging_mixin.py:137} INFO - [2025-06-14T19:21:06.902+0200] {dag.py:3437} INFO - Setting next_dagrun for example_bash_operator to 2025-06-13T00:00:00+00:00, run_after=2025-06-14T00:00:00+00:00
[2025-06-14T19:21:06.965+0200] {processor.py:175} INFO - Processing /home/monica.fernandez/practica_creativa/venv-airflow/lib/python3.11/site-packages/airflow/example_dags/example_bash_operator.py took 0.200 seconds
[2025-06-14T19:22:08.328+0200] {processor.py:153} INFO - Started process (PID=200381) to work on /home/monica.fernandez/practica_creativa/venv-airflow/lib/python3.11/site-packages/airflow/example_dags/example_bash_operator.py
[2025-06-14T19:22:08.328+0200] {processor.py:743} INFO - Processing file /home/monica.fernandez/practica_creativa/venv-airflow/lib/python3.11/site-packages/airflow/example_dags/example_bash_operator.py for tasks to queue
[2025-06-14T19:22:08.329+0200] {logging_mixin.py:137} INFO - [2025-06-14T19:22:08.329+0200] {dagbag.py:538} INFO - Filling up the DagBag from /home/monica.fernandez/practica_creativa/venv-airflow/lib/python3.11/site-packages/airflow/example_dags/example_bash_operator.py
[2025-06-14T19:22:08.359+0200] {processor.py:753} INFO - DAG(s) dict_keys(['example_bash_operator']) retrieved from /home/monica.fernandez/practica_creativa/venv-airflow/lib/python3.11/site-packages/airflow/example_dags/example_bash_operator.py
[2025-06-14T19:22:08.396+0200] {logging_mixin.py:137} INFO - [2025-06-14T19:22:08.396+0200] {dag.py:2690} INFO - Sync 1 DAGs
[2025-06-14T19:22:08.429+0200] {logging_mixin.py:137} INFO - [2025-06-14T19:22:08.429+0200] {dag.py:3437} INFO - Setting next_dagrun for example_bash_operator to 2025-06-13T00:00:00+00:00, run_after=2025-06-14T00:00:00+00:00
[2025-06-14T19:22:08.495+0200] {processor.py:175} INFO - Processing /home/monica.fernandez/practica_creativa/venv-airflow/lib/python3.11/site-packages/airflow/example_dags/example_bash_operator.py took 0.171 seconds
[2025-06-14T19:23:12.988+0200] {processor.py:153} INFO - Started process (PID=201003) to work on /home/monica.fernandez/practica_creativa/venv-airflow/lib/python3.11/site-packages/airflow/example_dags/example_bash_operator.py
[2025-06-14T19:23:12.989+0200] {processor.py:743} INFO - Processing file /home/monica.fernandez/practica_creativa/venv-airflow/lib/python3.11/site-packages/airflow/example_dags/example_bash_operator.py for tasks to queue
[2025-06-14T19:23:12.990+0200] {logging_mixin.py:137} INFO - [2025-06-14T19:23:12.989+0200] {dagbag.py:538} INFO - Filling up the DagBag from /home/monica.fernandez/practica_creativa/venv-airflow/lib/python3.11/site-packages/airflow/example_dags/example_bash_operator.py
[2025-06-14T19:23:13.021+0200] {processor.py:753} INFO - DAG(s) dict_keys(['example_bash_operator']) retrieved from /home/monica.fernandez/practica_creativa/venv-airflow/lib/python3.11/site-packages/airflow/example_dags/example_bash_operator.py
[2025-06-14T19:23:13.064+0200] {logging_mixin.py:137} INFO - [2025-06-14T19:23:13.064+0200] {dag.py:2690} INFO - Sync 1 DAGs
[2025-06-14T19:23:13.099+0200] {logging_mixin.py:137} INFO - [2025-06-14T19:23:13.099+0200] {dag.py:3437} INFO - Setting next_dagrun for example_bash_operator to 2025-06-13T00:00:00+00:00, run_after=2025-06-14T00:00:00+00:00
[2025-06-14T19:23:13.168+0200] {processor.py:175} INFO - Processing /home/monica.fernandez/practica_creativa/venv-airflow/lib/python3.11/site-packages/airflow/example_dags/example_bash_operator.py took 0.184 seconds
[2025-06-14T19:25:07.182+0200] {processor.py:153} INFO - Started process (PID=201910) to work on /home/monica.fernandez/practica_creativa/venv-airflow/lib/python3.11/site-packages/airflow/example_dags/example_bash_operator.py
[2025-06-14T19:25:07.183+0200] {processor.py:743} INFO - Processing file /home/monica.fernandez/practica_creativa/venv-airflow/lib/python3.11/site-packages/airflow/example_dags/example_bash_operator.py for tasks to queue
[2025-06-14T19:25:07.183+0200] {logging_mixin.py:137} INFO - [2025-06-14T19:25:07.183+0200] {dagbag.py:538} INFO - Filling up the DagBag from /home/monica.fernandez/practica_creativa/venv-airflow/lib/python3.11/site-packages/airflow/example_dags/example_bash_operator.py
[2025-06-14T19:25:07.208+0200] {processor.py:753} INFO - DAG(s) dict_keys(['example_bash_operator']) retrieved from /home/monica.fernandez/practica_creativa/venv-airflow/lib/python3.11/site-packages/airflow/example_dags/example_bash_operator.py
[2025-06-14T19:25:07.250+0200] {logging_mixin.py:137} INFO - [2025-06-14T19:25:07.250+0200] {dag.py:2690} INFO - Sync 1 DAGs
[2025-06-14T19:25:07.285+0200] {logging_mixin.py:137} INFO - [2025-06-14T19:25:07.285+0200] {dag.py:3437} INFO - Setting next_dagrun for example_bash_operator to 2025-06-13T00:00:00+00:00, run_after=2025-06-14T00:00:00+00:00
[2025-06-14T19:25:07.368+0200] {processor.py:175} INFO - Processing /home/monica.fernandez/practica_creativa/venv-airflow/lib/python3.11/site-packages/airflow/example_dags/example_bash_operator.py took 0.189 seconds
[2025-06-14T19:26:03.574+0200] {processor.py:153} INFO - Started process (PID=202318) to work on /home/monica.fernandez/practica_creativa/venv-airflow/lib/python3.11/site-packages/airflow/example_dags/example_bash_operator.py
[2025-06-14T19:26:03.575+0200] {processor.py:743} INFO - Processing file /home/monica.fernandez/practica_creativa/venv-airflow/lib/python3.11/site-packages/airflow/example_dags/example_bash_operator.py for tasks to queue
[2025-06-14T19:26:03.575+0200] {logging_mixin.py:137} INFO - [2025-06-14T19:26:03.575+0200] {dagbag.py:538} INFO - Filling up the DagBag from /home/monica.fernandez/practica_creativa/venv-airflow/lib/python3.11/site-packages/airflow/example_dags/example_bash_operator.py
[2025-06-14T19:26:03.619+0200] {processor.py:753} INFO - DAG(s) dict_keys(['example_bash_operator']) retrieved from /home/monica.fernandez/practica_creativa/venv-airflow/lib/python3.11/site-packages/airflow/example_dags/example_bash_operator.py
[2025-06-14T19:26:03.674+0200] {logging_mixin.py:137} INFO - [2025-06-14T19:26:03.673+0200] {dag.py:2690} INFO - Sync 1 DAGs
[2025-06-14T19:26:03.702+0200] {logging_mixin.py:137} INFO - [2025-06-14T19:26:03.702+0200] {dag.py:3437} INFO - Setting next_dagrun for example_bash_operator to 2025-06-13T00:00:00+00:00, run_after=2025-06-14T00:00:00+00:00
[2025-06-14T19:26:03.764+0200] {processor.py:175} INFO - Processing /home/monica.fernandez/practica_creativa/venv-airflow/lib/python3.11/site-packages/airflow/example_dags/example_bash_operator.py took 0.198 seconds
[2025-06-14T19:29:35.383+0200] {processor.py:153} INFO - Started process (PID=204933) to work on /home/monica.fernandez/practica_creativa/venv-airflow/lib/python3.11/site-packages/airflow/example_dags/example_bash_operator.py
[2025-06-14T19:29:35.384+0200] {processor.py:743} INFO - Processing file /home/monica.fernandez/practica_creativa/venv-airflow/lib/python3.11/site-packages/airflow/example_dags/example_bash_operator.py for tasks to queue
[2025-06-14T19:29:35.385+0200] {logging_mixin.py:137} INFO - [2025-06-14T19:29:35.384+0200] {dagbag.py:538} INFO - Filling up the DagBag from /home/monica.fernandez/practica_creativa/venv-airflow/lib/python3.11/site-packages/airflow/example_dags/example_bash_operator.py
[2025-06-14T19:29:35.403+0200] {processor.py:753} INFO - DAG(s) dict_keys(['example_bash_operator']) retrieved from /home/monica.fernandez/practica_creativa/venv-airflow/lib/python3.11/site-packages/airflow/example_dags/example_bash_operator.py
[2025-06-14T19:29:35.443+0200] {logging_mixin.py:137} INFO - [2025-06-14T19:29:35.443+0200] {dag.py:2690} INFO - Sync 1 DAGs
[2025-06-14T19:29:35.470+0200] {logging_mixin.py:137} INFO - [2025-06-14T19:29:35.470+0200] {dag.py:3437} INFO - Setting next_dagrun for example_bash_operator to 2025-06-13T00:00:00+00:00, run_after=2025-06-14T00:00:00+00:00
[2025-06-14T19:29:35.534+0200] {processor.py:175} INFO - Processing /home/monica.fernandez/practica_creativa/venv-airflow/lib/python3.11/site-packages/airflow/example_dags/example_bash_operator.py took 0.154 seconds
[2025-06-14T19:30:38.834+0200] {processor.py:153} INFO - Started process (PID=205484) to work on /home/monica.fernandez/practica_creativa/venv-airflow/lib/python3.11/site-packages/airflow/example_dags/example_bash_operator.py
[2025-06-14T19:30:38.835+0200] {processor.py:743} INFO - Processing file /home/monica.fernandez/practica_creativa/venv-airflow/lib/python3.11/site-packages/airflow/example_dags/example_bash_operator.py for tasks to queue
[2025-06-14T19:30:38.835+0200] {logging_mixin.py:137} INFO - [2025-06-14T19:30:38.835+0200] {dagbag.py:538} INFO - Filling up the DagBag from /home/monica.fernandez/practica_creativa/venv-airflow/lib/python3.11/site-packages/airflow/example_dags/example_bash_operator.py
[2025-06-14T19:30:38.855+0200] {processor.py:753} INFO - DAG(s) dict_keys(['example_bash_operator']) retrieved from /home/monica.fernandez/practica_creativa/venv-airflow/lib/python3.11/site-packages/airflow/example_dags/example_bash_operator.py
[2025-06-14T19:30:38.900+0200] {logging_mixin.py:137} INFO - [2025-06-14T19:30:38.900+0200] {dag.py:2690} INFO - Sync 1 DAGs
[2025-06-14T19:30:38.931+0200] {logging_mixin.py:137} INFO - [2025-06-14T19:30:38.931+0200] {dag.py:3437} INFO - Setting next_dagrun for example_bash_operator to 2025-06-13T00:00:00+00:00, run_after=2025-06-14T00:00:00+00:00
[2025-06-14T19:30:38.998+0200] {processor.py:175} INFO - Processing /home/monica.fernandez/practica_creativa/venv-airflow/lib/python3.11/site-packages/airflow/example_dags/example_bash_operator.py took 0.169 seconds
[2025-06-14T19:31:35.942+0200] {processor.py:153} INFO - Started process (PID=205880) to work on /home/monica.fernandez/practica_creativa/venv-airflow/lib/python3.11/site-packages/airflow/example_dags/example_bash_operator.py
[2025-06-14T19:31:35.944+0200] {processor.py:743} INFO - Processing file /home/monica.fernandez/practica_creativa/venv-airflow/lib/python3.11/site-packages/airflow/example_dags/example_bash_operator.py for tasks to queue
[2025-06-14T19:31:35.944+0200] {logging_mixin.py:137} INFO - [2025-06-14T19:31:35.944+0200] {dagbag.py:538} INFO - Filling up the DagBag from /home/monica.fernandez/practica_creativa/venv-airflow/lib/python3.11/site-packages/airflow/example_dags/example_bash_operator.py
[2025-06-14T19:31:35.968+0200] {processor.py:753} INFO - DAG(s) dict_keys(['example_bash_operator']) retrieved from /home/monica.fernandez/practica_creativa/venv-airflow/lib/python3.11/site-packages/airflow/example_dags/example_bash_operator.py
[2025-06-14T19:31:36.022+0200] {logging_mixin.py:137} INFO - [2025-06-14T19:31:36.022+0200] {dag.py:2690} INFO - Sync 1 DAGs
[2025-06-14T19:31:36.060+0200] {logging_mixin.py:137} INFO - [2025-06-14T19:31:36.059+0200] {dag.py:3437} INFO - Setting next_dagrun for example_bash_operator to 2025-06-13T00:00:00+00:00, run_after=2025-06-14T00:00:00+00:00
[2025-06-14T19:31:36.139+0200] {processor.py:175} INFO - Processing /home/monica.fernandez/practica_creativa/venv-airflow/lib/python3.11/site-packages/airflow/example_dags/example_bash_operator.py took 0.202 seconds
[2025-06-14T19:32:34.340+0200] {processor.py:153} INFO - Started process (PID=206352) to work on /home/monica.fernandez/practica_creativa/venv-airflow/lib/python3.11/site-packages/airflow/example_dags/example_bash_operator.py
[2025-06-14T19:32:34.341+0200] {processor.py:743} INFO - Processing file /home/monica.fernandez/practica_creativa/venv-airflow/lib/python3.11/site-packages/airflow/example_dags/example_bash_operator.py for tasks to queue
[2025-06-14T19:32:34.342+0200] {logging_mixin.py:137} INFO - [2025-06-14T19:32:34.342+0200] {dagbag.py:538} INFO - Filling up the DagBag from /home/monica.fernandez/practica_creativa/venv-airflow/lib/python3.11/site-packages/airflow/example_dags/example_bash_operator.py
[2025-06-14T19:32:34.366+0200] {processor.py:753} INFO - DAG(s) dict_keys(['example_bash_operator']) retrieved from /home/monica.fernandez/practica_creativa/venv-airflow/lib/python3.11/site-packages/airflow/example_dags/example_bash_operator.py
[2025-06-14T19:32:34.426+0200] {logging_mixin.py:137} INFO - [2025-06-14T19:32:34.426+0200] {dag.py:2690} INFO - Sync 1 DAGs
[2025-06-14T19:32:34.462+0200] {logging_mixin.py:137} INFO - [2025-06-14T19:32:34.462+0200] {dag.py:3437} INFO - Setting next_dagrun for example_bash_operator to 2025-06-13T00:00:00+00:00, run_after=2025-06-14T00:00:00+00:00
[2025-06-14T19:32:34.520+0200] {processor.py:175} INFO - Processing /home/monica.fernandez/practica_creativa/venv-airflow/lib/python3.11/site-packages/airflow/example_dags/example_bash_operator.py took 0.185 seconds
[2025-06-14T19:35:52.543+0200] {processor.py:153} INFO - Started process (PID=208624) to work on /home/monica.fernandez/practica_creativa/venv-airflow/lib/python3.11/site-packages/airflow/example_dags/example_bash_operator.py
[2025-06-14T19:35:52.544+0200] {processor.py:743} INFO - Processing file /home/monica.fernandez/practica_creativa/venv-airflow/lib/python3.11/site-packages/airflow/example_dags/example_bash_operator.py for tasks to queue
[2025-06-14T19:35:52.545+0200] {logging_mixin.py:137} INFO - [2025-06-14T19:35:52.545+0200] {dagbag.py:538} INFO - Filling up the DagBag from /home/monica.fernandez/practica_creativa/venv-airflow/lib/python3.11/site-packages/airflow/example_dags/example_bash_operator.py
[2025-06-14T19:35:52.571+0200] {processor.py:753} INFO - DAG(s) dict_keys(['example_bash_operator']) retrieved from /home/monica.fernandez/practica_creativa/venv-airflow/lib/python3.11/site-packages/airflow/example_dags/example_bash_operator.py
[2025-06-14T19:35:52.626+0200] {logging_mixin.py:137} INFO - [2025-06-14T19:35:52.625+0200] {dag.py:2690} INFO - Sync 1 DAGs
[2025-06-14T19:35:52.651+0200] {logging_mixin.py:137} INFO - [2025-06-14T19:35:52.651+0200] {dag.py:3437} INFO - Setting next_dagrun for example_bash_operator to 2025-06-13T00:00:00+00:00, run_after=2025-06-14T00:00:00+00:00
[2025-06-14T19:35:52.711+0200] {processor.py:175} INFO - Processing /home/monica.fernandez/practica_creativa/venv-airflow/lib/python3.11/site-packages/airflow/example_dags/example_bash_operator.py took 0.173 seconds
[2025-06-14T19:36:47.481+0200] {processor.py:153} INFO - Started process (PID=209205) to work on /home/monica.fernandez/practica_creativa/venv-airflow/lib/python3.11/site-packages/airflow/example_dags/example_bash_operator.py
[2025-06-14T19:36:47.483+0200] {processor.py:743} INFO - Processing file /home/monica.fernandez/practica_creativa/venv-airflow/lib/python3.11/site-packages/airflow/example_dags/example_bash_operator.py for tasks to queue
[2025-06-14T19:36:47.483+0200] {logging_mixin.py:137} INFO - [2025-06-14T19:36:47.483+0200] {dagbag.py:538} INFO - Filling up the DagBag from /home/monica.fernandez/practica_creativa/venv-airflow/lib/python3.11/site-packages/airflow/example_dags/example_bash_operator.py
[2025-06-14T19:36:47.507+0200] {processor.py:753} INFO - DAG(s) dict_keys(['example_bash_operator']) retrieved from /home/monica.fernandez/practica_creativa/venv-airflow/lib/python3.11/site-packages/airflow/example_dags/example_bash_operator.py
[2025-06-14T19:36:47.562+0200] {logging_mixin.py:137} INFO - [2025-06-14T19:36:47.562+0200] {dag.py:2690} INFO - Sync 1 DAGs
[2025-06-14T19:36:47.603+0200] {logging_mixin.py:137} INFO - [2025-06-14T19:36:47.603+0200] {dag.py:3437} INFO - Setting next_dagrun for example_bash_operator to 2025-06-13T00:00:00+00:00, run_after=2025-06-14T00:00:00+00:00
[2025-06-14T19:36:47.682+0200] {processor.py:175} INFO - Processing /home/monica.fernandez/practica_creativa/venv-airflow/lib/python3.11/site-packages/airflow/example_dags/example_bash_operator.py took 0.205 seconds
[2025-06-14T19:37:47.222+0200] {processor.py:153} INFO - Started process (PID=209684) to work on /home/monica.fernandez/practica_creativa/venv-airflow/lib/python3.11/site-packages/airflow/example_dags/example_bash_operator.py
[2025-06-14T19:37:47.223+0200] {processor.py:743} INFO - Processing file /home/monica.fernandez/practica_creativa/venv-airflow/lib/python3.11/site-packages/airflow/example_dags/example_bash_operator.py for tasks to queue
[2025-06-14T19:37:47.224+0200] {logging_mixin.py:137} INFO - [2025-06-14T19:37:47.224+0200] {dagbag.py:538} INFO - Filling up the DagBag from /home/monica.fernandez/practica_creativa/venv-airflow/lib/python3.11/site-packages/airflow/example_dags/example_bash_operator.py
[2025-06-14T19:37:47.249+0200] {processor.py:753} INFO - DAG(s) dict_keys(['example_bash_operator']) retrieved from /home/monica.fernandez/practica_creativa/venv-airflow/lib/python3.11/site-packages/airflow/example_dags/example_bash_operator.py
[2025-06-14T19:37:47.302+0200] {logging_mixin.py:137} INFO - [2025-06-14T19:37:47.302+0200] {dag.py:2690} INFO - Sync 1 DAGs
[2025-06-14T19:37:47.334+0200] {logging_mixin.py:137} INFO - [2025-06-14T19:37:47.334+0200] {dag.py:3437} INFO - Setting next_dagrun for example_bash_operator to 2025-06-13T00:00:00+00:00, run_after=2025-06-14T00:00:00+00:00
[2025-06-14T19:37:47.412+0200] {processor.py:175} INFO - Processing /home/monica.fernandez/practica_creativa/venv-airflow/lib/python3.11/site-packages/airflow/example_dags/example_bash_operator.py took 0.195 seconds
[2025-06-14T19:38:43.413+0200] {processor.py:153} INFO - Started process (PID=210151) to work on /home/monica.fernandez/practica_creativa/venv-airflow/lib/python3.11/site-packages/airflow/example_dags/example_bash_operator.py
[2025-06-14T19:38:43.414+0200] {processor.py:743} INFO - Processing file /home/monica.fernandez/practica_creativa/venv-airflow/lib/python3.11/site-packages/airflow/example_dags/example_bash_operator.py for tasks to queue
[2025-06-14T19:38:43.415+0200] {logging_mixin.py:137} INFO - [2025-06-14T19:38:43.414+0200] {dagbag.py:538} INFO - Filling up the DagBag from /home/monica.fernandez/practica_creativa/venv-airflow/lib/python3.11/site-packages/airflow/example_dags/example_bash_operator.py
[2025-06-14T19:38:43.438+0200] {processor.py:753} INFO - DAG(s) dict_keys(['example_bash_operator']) retrieved from /home/monica.fernandez/practica_creativa/venv-airflow/lib/python3.11/site-packages/airflow/example_dags/example_bash_operator.py
[2025-06-14T19:38:43.493+0200] {logging_mixin.py:137} INFO - [2025-06-14T19:38:43.493+0200] {dag.py:2690} INFO - Sync 1 DAGs
[2025-06-14T19:38:43.530+0200] {logging_mixin.py:137} INFO - [2025-06-14T19:38:43.530+0200] {dag.py:3437} INFO - Setting next_dagrun for example_bash_operator to 2025-06-13T00:00:00+00:00, run_after=2025-06-14T00:00:00+00:00
[2025-06-14T19:38:43.604+0200] {processor.py:175} INFO - Processing /home/monica.fernandez/practica_creativa/venv-airflow/lib/python3.11/site-packages/airflow/example_dags/example_bash_operator.py took 0.197 seconds
[2025-06-14T19:40:49.477+0200] {processor.py:153} INFO - Started process (PID=211460) to work on /home/monica.fernandez/practica_creativa/venv-airflow/lib/python3.11/site-packages/airflow/example_dags/example_bash_operator.py
[2025-06-14T19:40:49.478+0200] {processor.py:743} INFO - Processing file /home/monica.fernandez/practica_creativa/venv-airflow/lib/python3.11/site-packages/airflow/example_dags/example_bash_operator.py for tasks to queue
[2025-06-14T19:40:49.479+0200] {logging_mixin.py:137} INFO - [2025-06-14T19:40:49.479+0200] {dagbag.py:538} INFO - Filling up the DagBag from /home/monica.fernandez/practica_creativa/venv-airflow/lib/python3.11/site-packages/airflow/example_dags/example_bash_operator.py
[2025-06-14T19:40:49.503+0200] {processor.py:753} INFO - DAG(s) dict_keys(['example_bash_operator']) retrieved from /home/monica.fernandez/practica_creativa/venv-airflow/lib/python3.11/site-packages/airflow/example_dags/example_bash_operator.py
[2025-06-14T19:40:49.556+0200] {logging_mixin.py:137} INFO - [2025-06-14T19:40:49.556+0200] {dag.py:2690} INFO - Sync 1 DAGs
[2025-06-14T19:40:49.592+0200] {logging_mixin.py:137} INFO - [2025-06-14T19:40:49.592+0200] {dag.py:3437} INFO - Setting next_dagrun for example_bash_operator to 2025-06-13T00:00:00+00:00, run_after=2025-06-14T00:00:00+00:00
[2025-06-14T19:40:49.666+0200] {processor.py:175} INFO - Processing /home/monica.fernandez/practica_creativa/venv-airflow/lib/python3.11/site-packages/airflow/example_dags/example_bash_operator.py took 0.194 seconds
[2025-06-14T19:41:48.617+0200] {processor.py:153} INFO - Started process (PID=211955) to work on /home/monica.fernandez/practica_creativa/venv-airflow/lib/python3.11/site-packages/airflow/example_dags/example_bash_operator.py
[2025-06-14T19:41:48.618+0200] {processor.py:743} INFO - Processing file /home/monica.fernandez/practica_creativa/venv-airflow/lib/python3.11/site-packages/airflow/example_dags/example_bash_operator.py for tasks to queue
[2025-06-14T19:41:48.618+0200] {logging_mixin.py:137} INFO - [2025-06-14T19:41:48.618+0200] {dagbag.py:538} INFO - Filling up the DagBag from /home/monica.fernandez/practica_creativa/venv-airflow/lib/python3.11/site-packages/airflow/example_dags/example_bash_operator.py
[2025-06-14T19:41:48.631+0200] {processor.py:753} INFO - DAG(s) dict_keys(['example_bash_operator']) retrieved from /home/monica.fernandez/practica_creativa/venv-airflow/lib/python3.11/site-packages/airflow/example_dags/example_bash_operator.py
[2025-06-14T19:41:48.662+0200] {logging_mixin.py:137} INFO - [2025-06-14T19:41:48.662+0200] {dag.py:2690} INFO - Sync 1 DAGs
[2025-06-14T19:41:48.685+0200] {logging_mixin.py:137} INFO - [2025-06-14T19:41:48.685+0200] {dag.py:3437} INFO - Setting next_dagrun for example_bash_operator to 2025-06-13T00:00:00+00:00, run_after=2025-06-14T00:00:00+00:00
[2025-06-14T19:41:48.734+0200] {processor.py:175} INFO - Processing /home/monica.fernandez/practica_creativa/venv-airflow/lib/python3.11/site-packages/airflow/example_dags/example_bash_operator.py took 0.120 seconds
[2025-06-14T19:42:46.372+0200] {processor.py:153} INFO - Started process (PID=212420) to work on /home/monica.fernandez/practica_creativa/venv-airflow/lib/python3.11/site-packages/airflow/example_dags/example_bash_operator.py
[2025-06-14T19:42:46.373+0200] {processor.py:743} INFO - Processing file /home/monica.fernandez/practica_creativa/venv-airflow/lib/python3.11/site-packages/airflow/example_dags/example_bash_operator.py for tasks to queue
[2025-06-14T19:42:46.374+0200] {logging_mixin.py:137} INFO - [2025-06-14T19:42:46.374+0200] {dagbag.py:538} INFO - Filling up the DagBag from /home/monica.fernandez/practica_creativa/venv-airflow/lib/python3.11/site-packages/airflow/example_dags/example_bash_operator.py
[2025-06-14T19:42:46.398+0200] {processor.py:753} INFO - DAG(s) dict_keys(['example_bash_operator']) retrieved from /home/monica.fernandez/practica_creativa/venv-airflow/lib/python3.11/site-packages/airflow/example_dags/example_bash_operator.py
[2025-06-14T19:42:46.451+0200] {logging_mixin.py:137} INFO - [2025-06-14T19:42:46.451+0200] {dag.py:2690} INFO - Sync 1 DAGs
[2025-06-14T19:42:46.490+0200] {logging_mixin.py:137} INFO - [2025-06-14T19:42:46.490+0200] {dag.py:3437} INFO - Setting next_dagrun for example_bash_operator to 2025-06-13T00:00:00+00:00, run_after=2025-06-14T00:00:00+00:00
[2025-06-14T19:42:46.572+0200] {processor.py:175} INFO - Processing /home/monica.fernandez/practica_creativa/venv-airflow/lib/python3.11/site-packages/airflow/example_dags/example_bash_operator.py took 0.205 seconds
[2025-06-14T19:43:45.466+0200] {processor.py:153} INFO - Started process (PID=212884) to work on /home/monica.fernandez/practica_creativa/venv-airflow/lib/python3.11/site-packages/airflow/example_dags/example_bash_operator.py
[2025-06-14T19:43:45.468+0200] {processor.py:743} INFO - Processing file /home/monica.fernandez/practica_creativa/venv-airflow/lib/python3.11/site-packages/airflow/example_dags/example_bash_operator.py for tasks to queue
[2025-06-14T19:43:45.468+0200] {logging_mixin.py:137} INFO - [2025-06-14T19:43:45.468+0200] {dagbag.py:538} INFO - Filling up the DagBag from /home/monica.fernandez/practica_creativa/venv-airflow/lib/python3.11/site-packages/airflow/example_dags/example_bash_operator.py
[2025-06-14T19:43:45.494+0200] {processor.py:753} INFO - DAG(s) dict_keys(['example_bash_operator']) retrieved from /home/monica.fernandez/practica_creativa/venv-airflow/lib/python3.11/site-packages/airflow/example_dags/example_bash_operator.py
[2025-06-14T19:43:45.547+0200] {logging_mixin.py:137} INFO - [2025-06-14T19:43:45.547+0200] {dag.py:2690} INFO - Sync 1 DAGs
[2025-06-14T19:43:45.584+0200] {logging_mixin.py:137} INFO - [2025-06-14T19:43:45.584+0200] {dag.py:3437} INFO - Setting next_dagrun for example_bash_operator to 2025-06-13T00:00:00+00:00, run_after=2025-06-14T00:00:00+00:00
[2025-06-14T19:43:45.658+0200] {processor.py:175} INFO - Processing /home/monica.fernandez/practica_creativa/venv-airflow/lib/python3.11/site-packages/airflow/example_dags/example_bash_operator.py took 0.196 seconds
[2025-06-14T19:44:43.095+0200] {processor.py:153} INFO - Started process (PID=213344) to work on /home/monica.fernandez/practica_creativa/venv-airflow/lib/python3.11/site-packages/airflow/example_dags/example_bash_operator.py
[2025-06-14T19:44:43.096+0200] {processor.py:743} INFO - Processing file /home/monica.fernandez/practica_creativa/venv-airflow/lib/python3.11/site-packages/airflow/example_dags/example_bash_operator.py for tasks to queue
[2025-06-14T19:44:43.097+0200] {logging_mixin.py:137} INFO - [2025-06-14T19:44:43.097+0200] {dagbag.py:538} INFO - Filling up the DagBag from /home/monica.fernandez/practica_creativa/venv-airflow/lib/python3.11/site-packages/airflow/example_dags/example_bash_operator.py
[2025-06-14T19:44:43.121+0200] {processor.py:753} INFO - DAG(s) dict_keys(['example_bash_operator']) retrieved from /home/monica.fernandez/practica_creativa/venv-airflow/lib/python3.11/site-packages/airflow/example_dags/example_bash_operator.py
[2025-06-14T19:44:43.173+0200] {logging_mixin.py:137} INFO - [2025-06-14T19:44:43.173+0200] {dag.py:2690} INFO - Sync 1 DAGs
[2025-06-14T19:44:43.212+0200] {logging_mixin.py:137} INFO - [2025-06-14T19:44:43.212+0200] {dag.py:3437} INFO - Setting next_dagrun for example_bash_operator to 2025-06-13T00:00:00+00:00, run_after=2025-06-14T00:00:00+00:00
[2025-06-14T19:44:43.282+0200] {processor.py:175} INFO - Processing /home/monica.fernandez/practica_creativa/venv-airflow/lib/python3.11/site-packages/airflow/example_dags/example_bash_operator.py took 0.192 seconds
[2025-06-14T19:46:58.720+0200] {processor.py:153} INFO - Started process (PID=214640) to work on /home/monica.fernandez/practica_creativa/venv-airflow/lib/python3.11/site-packages/airflow/example_dags/example_bash_operator.py
[2025-06-14T19:46:58.721+0200] {processor.py:743} INFO - Processing file /home/monica.fernandez/practica_creativa/venv-airflow/lib/python3.11/site-packages/airflow/example_dags/example_bash_operator.py for tasks to queue
[2025-06-14T19:46:58.722+0200] {logging_mixin.py:137} INFO - [2025-06-14T19:46:58.722+0200] {dagbag.py:538} INFO - Filling up the DagBag from /home/monica.fernandez/practica_creativa/venv-airflow/lib/python3.11/site-packages/airflow/example_dags/example_bash_operator.py
[2025-06-14T19:46:58.746+0200] {processor.py:753} INFO - DAG(s) dict_keys(['example_bash_operator']) retrieved from /home/monica.fernandez/practica_creativa/venv-airflow/lib/python3.11/site-packages/airflow/example_dags/example_bash_operator.py
[2025-06-14T19:46:58.798+0200] {logging_mixin.py:137} INFO - [2025-06-14T19:46:58.798+0200] {dag.py:2690} INFO - Sync 1 DAGs
[2025-06-14T19:46:58.835+0200] {logging_mixin.py:137} INFO - [2025-06-14T19:46:58.834+0200] {dag.py:3437} INFO - Setting next_dagrun for example_bash_operator to 2025-06-13T00:00:00+00:00, run_after=2025-06-14T00:00:00+00:00
[2025-06-14T19:46:58.910+0200] {processor.py:175} INFO - Processing /home/monica.fernandez/practica_creativa/venv-airflow/lib/python3.11/site-packages/airflow/example_dags/example_bash_operator.py took 0.194 seconds
[2025-06-14T19:47:55.433+0200] {processor.py:153} INFO - Started process (PID=215089) to work on /home/monica.fernandez/practica_creativa/venv-airflow/lib/python3.11/site-packages/airflow/example_dags/example_bash_operator.py
[2025-06-14T19:47:55.434+0200] {processor.py:743} INFO - Processing file /home/monica.fernandez/practica_creativa/venv-airflow/lib/python3.11/site-packages/airflow/example_dags/example_bash_operator.py for tasks to queue
[2025-06-14T19:47:55.435+0200] {logging_mixin.py:137} INFO - [2025-06-14T19:47:55.434+0200] {dagbag.py:538} INFO - Filling up the DagBag from /home/monica.fernandez/practica_creativa/venv-airflow/lib/python3.11/site-packages/airflow/example_dags/example_bash_operator.py
[2025-06-14T19:47:55.449+0200] {processor.py:753} INFO - DAG(s) dict_keys(['example_bash_operator']) retrieved from /home/monica.fernandez/practica_creativa/venv-airflow/lib/python3.11/site-packages/airflow/example_dags/example_bash_operator.py
[2025-06-14T19:47:55.484+0200] {logging_mixin.py:137} INFO - [2025-06-14T19:47:55.484+0200] {dag.py:2690} INFO - Sync 1 DAGs
[2025-06-14T19:47:55.510+0200] {logging_mixin.py:137} INFO - [2025-06-14T19:47:55.510+0200] {dag.py:3437} INFO - Setting next_dagrun for example_bash_operator to 2025-06-13T00:00:00+00:00, run_after=2025-06-14T00:00:00+00:00
[2025-06-14T19:47:55.565+0200] {processor.py:175} INFO - Processing /home/monica.fernandez/practica_creativa/venv-airflow/lib/python3.11/site-packages/airflow/example_dags/example_bash_operator.py took 0.134 seconds
[2025-06-14T19:48:52.572+0200] {processor.py:153} INFO - Started process (PID=215910) to work on /home/monica.fernandez/practica_creativa/venv-airflow/lib/python3.11/site-packages/airflow/example_dags/example_bash_operator.py
[2025-06-14T19:48:52.573+0200] {processor.py:743} INFO - Processing file /home/monica.fernandez/practica_creativa/venv-airflow/lib/python3.11/site-packages/airflow/example_dags/example_bash_operator.py for tasks to queue
[2025-06-14T19:48:52.573+0200] {logging_mixin.py:137} INFO - [2025-06-14T19:48:52.573+0200] {dagbag.py:538} INFO - Filling up the DagBag from /home/monica.fernandez/practica_creativa/venv-airflow/lib/python3.11/site-packages/airflow/example_dags/example_bash_operator.py
[2025-06-14T19:48:52.586+0200] {processor.py:753} INFO - DAG(s) dict_keys(['example_bash_operator']) retrieved from /home/monica.fernandez/practica_creativa/venv-airflow/lib/python3.11/site-packages/airflow/example_dags/example_bash_operator.py
[2025-06-14T19:48:52.618+0200] {logging_mixin.py:137} INFO - [2025-06-14T19:48:52.618+0200] {dag.py:2690} INFO - Sync 1 DAGs
[2025-06-14T19:48:52.639+0200] {logging_mixin.py:137} INFO - [2025-06-14T19:48:52.639+0200] {dag.py:3437} INFO - Setting next_dagrun for example_bash_operator to 2025-06-13T00:00:00+00:00, run_after=2025-06-14T00:00:00+00:00
[2025-06-14T19:48:52.710+0200] {processor.py:175} INFO - Processing /home/monica.fernandez/practica_creativa/venv-airflow/lib/python3.11/site-packages/airflow/example_dags/example_bash_operator.py took 0.140 seconds
[2025-06-14T19:49:50.312+0200] {processor.py:153} INFO - Started process (PID=216373) to work on /home/monica.fernandez/practica_creativa/venv-airflow/lib/python3.11/site-packages/airflow/example_dags/example_bash_operator.py
[2025-06-14T19:49:50.313+0200] {processor.py:743} INFO - Processing file /home/monica.fernandez/practica_creativa/venv-airflow/lib/python3.11/site-packages/airflow/example_dags/example_bash_operator.py for tasks to queue
[2025-06-14T19:49:50.314+0200] {logging_mixin.py:137} INFO - [2025-06-14T19:49:50.314+0200] {dagbag.py:538} INFO - Filling up the DagBag from /home/monica.fernandez/practica_creativa/venv-airflow/lib/python3.11/site-packages/airflow/example_dags/example_bash_operator.py
[2025-06-14T19:49:50.341+0200] {processor.py:753} INFO - DAG(s) dict_keys(['example_bash_operator']) retrieved from /home/monica.fernandez/practica_creativa/venv-airflow/lib/python3.11/site-packages/airflow/example_dags/example_bash_operator.py
[2025-06-14T19:49:50.393+0200] {logging_mixin.py:137} INFO - [2025-06-14T19:49:50.393+0200] {dag.py:2690} INFO - Sync 1 DAGs
[2025-06-14T19:49:50.430+0200] {logging_mixin.py:137} INFO - [2025-06-14T19:49:50.430+0200] {dag.py:3437} INFO - Setting next_dagrun for example_bash_operator to 2025-06-13T00:00:00+00:00, run_after=2025-06-14T00:00:00+00:00
[2025-06-14T19:49:50.505+0200] {processor.py:175} INFO - Processing /home/monica.fernandez/practica_creativa/venv-airflow/lib/python3.11/site-packages/airflow/example_dags/example_bash_operator.py took 0.198 seconds
[2025-06-14T19:50:48.458+0200] {processor.py:153} INFO - Started process (PID=216821) to work on /home/monica.fernandez/practica_creativa/venv-airflow/lib/python3.11/site-packages/airflow/example_dags/example_bash_operator.py
[2025-06-14T19:50:48.459+0200] {processor.py:743} INFO - Processing file /home/monica.fernandez/practica_creativa/venv-airflow/lib/python3.11/site-packages/airflow/example_dags/example_bash_operator.py for tasks to queue
[2025-06-14T19:50:48.460+0200] {logging_mixin.py:137} INFO - [2025-06-14T19:50:48.459+0200] {dagbag.py:538} INFO - Filling up the DagBag from /home/monica.fernandez/practica_creativa/venv-airflow/lib/python3.11/site-packages/airflow/example_dags/example_bash_operator.py
[2025-06-14T19:50:48.486+0200] {processor.py:753} INFO - DAG(s) dict_keys(['example_bash_operator']) retrieved from /home/monica.fernandez/practica_creativa/venv-airflow/lib/python3.11/site-packages/airflow/example_dags/example_bash_operator.py
[2025-06-14T19:50:48.537+0200] {logging_mixin.py:137} INFO - [2025-06-14T19:50:48.536+0200] {dag.py:2690} INFO - Sync 1 DAGs
[2025-06-14T19:50:48.575+0200] {logging_mixin.py:137} INFO - [2025-06-14T19:50:48.575+0200] {dag.py:3437} INFO - Setting next_dagrun for example_bash_operator to 2025-06-13T00:00:00+00:00, run_after=2025-06-14T00:00:00+00:00
[2025-06-14T19:50:48.645+0200] {processor.py:175} INFO - Processing /home/monica.fernandez/practica_creativa/venv-airflow/lib/python3.11/site-packages/airflow/example_dags/example_bash_operator.py took 0.192 seconds
[2025-06-14T19:51:38.895+0200] {processor.py:153} INFO - Started process (PID=217154) to work on /home/monica.fernandez/practica_creativa/venv-airflow/lib/python3.11/site-packages/airflow/example_dags/example_bash_operator.py
[2025-06-14T19:51:38.896+0200] {processor.py:743} INFO - Processing file /home/monica.fernandez/practica_creativa/venv-airflow/lib/python3.11/site-packages/airflow/example_dags/example_bash_operator.py for tasks to queue
[2025-06-14T19:51:38.897+0200] {logging_mixin.py:137} INFO - [2025-06-14T19:51:38.897+0200] {dagbag.py:538} INFO - Filling up the DagBag from /home/monica.fernandez/practica_creativa/venv-airflow/lib/python3.11/site-packages/airflow/example_dags/example_bash_operator.py
[2025-06-14T19:51:38.920+0200] {processor.py:753} INFO - DAG(s) dict_keys(['example_bash_operator']) retrieved from /home/monica.fernandez/practica_creativa/venv-airflow/lib/python3.11/site-packages/airflow/example_dags/example_bash_operator.py
[2025-06-14T19:51:38.972+0200] {logging_mixin.py:137} INFO - [2025-06-14T19:51:38.972+0200] {dag.py:2690} INFO - Sync 1 DAGs
[2025-06-14T19:51:39.010+0200] {logging_mixin.py:137} INFO - [2025-06-14T19:51:39.010+0200] {dag.py:3437} INFO - Setting next_dagrun for example_bash_operator to 2025-06-13T00:00:00+00:00, run_after=2025-06-14T00:00:00+00:00
[2025-06-14T19:51:39.086+0200] {processor.py:175} INFO - Processing /home/monica.fernandez/practica_creativa/venv-airflow/lib/python3.11/site-packages/airflow/example_dags/example_bash_operator.py took 0.197 seconds
[2025-06-14T19:52:32.642+0200] {processor.py:153} INFO - Started process (PID=217573) to work on /home/monica.fernandez/practica_creativa/venv-airflow/lib/python3.11/site-packages/airflow/example_dags/example_bash_operator.py
[2025-06-14T19:52:32.643+0200] {processor.py:743} INFO - Processing file /home/monica.fernandez/practica_creativa/venv-airflow/lib/python3.11/site-packages/airflow/example_dags/example_bash_operator.py for tasks to queue
[2025-06-14T19:52:32.645+0200] {logging_mixin.py:137} INFO - [2025-06-14T19:52:32.644+0200] {dagbag.py:538} INFO - Filling up the DagBag from /home/monica.fernandez/practica_creativa/venv-airflow/lib/python3.11/site-packages/airflow/example_dags/example_bash_operator.py
[2025-06-14T19:52:32.668+0200] {processor.py:753} INFO - DAG(s) dict_keys(['example_bash_operator']) retrieved from /home/monica.fernandez/practica_creativa/venv-airflow/lib/python3.11/site-packages/airflow/example_dags/example_bash_operator.py
[2025-06-14T19:52:32.722+0200] {logging_mixin.py:137} INFO - [2025-06-14T19:52:32.722+0200] {dag.py:2690} INFO - Sync 1 DAGs
[2025-06-14T19:52:32.758+0200] {logging_mixin.py:137} INFO - [2025-06-14T19:52:32.758+0200] {dag.py:3437} INFO - Setting next_dagrun for example_bash_operator to 2025-06-13T00:00:00+00:00, run_after=2025-06-14T00:00:00+00:00
[2025-06-14T19:52:32.833+0200] {processor.py:175} INFO - Processing /home/monica.fernandez/practica_creativa/venv-airflow/lib/python3.11/site-packages/airflow/example_dags/example_bash_operator.py took 0.196 seconds
[2025-06-14T19:53:24.994+0200] {processor.py:153} INFO - Started process (PID=218002) to work on /home/monica.fernandez/practica_creativa/venv-airflow/lib/python3.11/site-packages/airflow/example_dags/example_bash_operator.py
[2025-06-14T19:53:24.995+0200] {processor.py:743} INFO - Processing file /home/monica.fernandez/practica_creativa/venv-airflow/lib/python3.11/site-packages/airflow/example_dags/example_bash_operator.py for tasks to queue
[2025-06-14T19:53:24.996+0200] {logging_mixin.py:137} INFO - [2025-06-14T19:53:24.996+0200] {dagbag.py:538} INFO - Filling up the DagBag from /home/monica.fernandez/practica_creativa/venv-airflow/lib/python3.11/site-packages/airflow/example_dags/example_bash_operator.py
[2025-06-14T19:53:25.022+0200] {processor.py:753} INFO - DAG(s) dict_keys(['example_bash_operator']) retrieved from /home/monica.fernandez/practica_creativa/venv-airflow/lib/python3.11/site-packages/airflow/example_dags/example_bash_operator.py
[2025-06-14T19:53:25.076+0200] {logging_mixin.py:137} INFO - [2025-06-14T19:53:25.076+0200] {dag.py:2690} INFO - Sync 1 DAGs
[2025-06-14T19:53:25.112+0200] {logging_mixin.py:137} INFO - [2025-06-14T19:53:25.112+0200] {dag.py:3437} INFO - Setting next_dagrun for example_bash_operator to 2025-06-13T00:00:00+00:00, run_after=2025-06-14T00:00:00+00:00
[2025-06-14T19:53:25.177+0200] {processor.py:175} INFO - Processing /home/monica.fernandez/practica_creativa/venv-airflow/lib/python3.11/site-packages/airflow/example_dags/example_bash_operator.py took 0.188 seconds
[2025-06-14T19:54:17.643+0200] {processor.py:153} INFO - Started process (PID=218447) to work on /home/monica.fernandez/practica_creativa/venv-airflow/lib/python3.11/site-packages/airflow/example_dags/example_bash_operator.py
[2025-06-14T19:54:17.644+0200] {processor.py:743} INFO - Processing file /home/monica.fernandez/practica_creativa/venv-airflow/lib/python3.11/site-packages/airflow/example_dags/example_bash_operator.py for tasks to queue
[2025-06-14T19:54:17.645+0200] {logging_mixin.py:137} INFO - [2025-06-14T19:54:17.644+0200] {dagbag.py:538} INFO - Filling up the DagBag from /home/monica.fernandez/practica_creativa/venv-airflow/lib/python3.11/site-packages/airflow/example_dags/example_bash_operator.py
[2025-06-14T19:54:17.671+0200] {processor.py:753} INFO - DAG(s) dict_keys(['example_bash_operator']) retrieved from /home/monica.fernandez/practica_creativa/venv-airflow/lib/python3.11/site-packages/airflow/example_dags/example_bash_operator.py
[2025-06-14T19:54:17.722+0200] {logging_mixin.py:137} INFO - [2025-06-14T19:54:17.722+0200] {dag.py:2690} INFO - Sync 1 DAGs
[2025-06-14T19:54:17.759+0200] {logging_mixin.py:137} INFO - [2025-06-14T19:54:17.759+0200] {dag.py:3437} INFO - Setting next_dagrun for example_bash_operator to 2025-06-13T00:00:00+00:00, run_after=2025-06-14T00:00:00+00:00
[2025-06-14T19:54:17.837+0200] {processor.py:175} INFO - Processing /home/monica.fernandez/practica_creativa/venv-airflow/lib/python3.11/site-packages/airflow/example_dags/example_bash_operator.py took 0.199 seconds
[2025-06-14T19:55:11.865+0200] {processor.py:153} INFO - Started process (PID=218787) to work on /home/monica.fernandez/practica_creativa/venv-airflow/lib/python3.11/site-packages/airflow/example_dags/example_bash_operator.py
[2025-06-14T19:55:11.867+0200] {processor.py:743} INFO - Processing file /home/monica.fernandez/practica_creativa/venv-airflow/lib/python3.11/site-packages/airflow/example_dags/example_bash_operator.py for tasks to queue
[2025-06-14T19:55:11.867+0200] {logging_mixin.py:137} INFO - [2025-06-14T19:55:11.867+0200] {dagbag.py:538} INFO - Filling up the DagBag from /home/monica.fernandez/practica_creativa/venv-airflow/lib/python3.11/site-packages/airflow/example_dags/example_bash_operator.py
[2025-06-14T19:55:11.889+0200] {processor.py:753} INFO - DAG(s) dict_keys(['example_bash_operator']) retrieved from /home/monica.fernandez/practica_creativa/venv-airflow/lib/python3.11/site-packages/airflow/example_dags/example_bash_operator.py
[2025-06-14T19:55:11.938+0200] {logging_mixin.py:137} INFO - [2025-06-14T19:55:11.938+0200] {dag.py:2690} INFO - Sync 1 DAGs
[2025-06-14T19:55:11.972+0200] {logging_mixin.py:137} INFO - [2025-06-14T19:55:11.972+0200] {dag.py:3437} INFO - Setting next_dagrun for example_bash_operator to 2025-06-13T00:00:00+00:00, run_after=2025-06-14T00:00:00+00:00
[2025-06-14T19:55:12.042+0200] {processor.py:175} INFO - Processing /home/monica.fernandez/practica_creativa/venv-airflow/lib/python3.11/site-packages/airflow/example_dags/example_bash_operator.py took 0.181 seconds
[2025-06-14T19:56:11.358+0200] {processor.py:153} INFO - Started process (PID=219246) to work on /home/monica.fernandez/practica_creativa/venv-airflow/lib/python3.11/site-packages/airflow/example_dags/example_bash_operator.py
[2025-06-14T19:56:11.360+0200] {processor.py:743} INFO - Processing file /home/monica.fernandez/practica_creativa/venv-airflow/lib/python3.11/site-packages/airflow/example_dags/example_bash_operator.py for tasks to queue
[2025-06-14T19:56:11.360+0200] {logging_mixin.py:137} INFO - [2025-06-14T19:56:11.360+0200] {dagbag.py:538} INFO - Filling up the DagBag from /home/monica.fernandez/practica_creativa/venv-airflow/lib/python3.11/site-packages/airflow/example_dags/example_bash_operator.py
[2025-06-14T19:56:11.385+0200] {processor.py:753} INFO - DAG(s) dict_keys(['example_bash_operator']) retrieved from /home/monica.fernandez/practica_creativa/venv-airflow/lib/python3.11/site-packages/airflow/example_dags/example_bash_operator.py
[2025-06-14T19:56:11.440+0200] {logging_mixin.py:137} INFO - [2025-06-14T19:56:11.440+0200] {dag.py:2690} INFO - Sync 1 DAGs
[2025-06-14T19:56:11.477+0200] {logging_mixin.py:137} INFO - [2025-06-14T19:56:11.476+0200] {dag.py:3437} INFO - Setting next_dagrun for example_bash_operator to 2025-06-13T00:00:00+00:00, run_after=2025-06-14T00:00:00+00:00
[2025-06-14T19:56:11.551+0200] {processor.py:175} INFO - Processing /home/monica.fernandez/practica_creativa/venv-airflow/lib/python3.11/site-packages/airflow/example_dags/example_bash_operator.py took 0.197 seconds
[2025-06-14T19:57:06.296+0200] {processor.py:153} INFO - Started process (PID=219693) to work on /home/monica.fernandez/practica_creativa/venv-airflow/lib/python3.11/site-packages/airflow/example_dags/example_bash_operator.py
[2025-06-14T19:57:06.297+0200] {processor.py:743} INFO - Processing file /home/monica.fernandez/practica_creativa/venv-airflow/lib/python3.11/site-packages/airflow/example_dags/example_bash_operator.py for tasks to queue
[2025-06-14T19:57:06.299+0200] {logging_mixin.py:137} INFO - [2025-06-14T19:57:06.298+0200] {dagbag.py:538} INFO - Filling up the DagBag from /home/monica.fernandez/practica_creativa/venv-airflow/lib/python3.11/site-packages/airflow/example_dags/example_bash_operator.py
[2025-06-14T19:57:06.328+0200] {processor.py:753} INFO - DAG(s) dict_keys(['example_bash_operator']) retrieved from /home/monica.fernandez/practica_creativa/venv-airflow/lib/python3.11/site-packages/airflow/example_dags/example_bash_operator.py
[2025-06-14T19:57:06.385+0200] {logging_mixin.py:137} INFO - [2025-06-14T19:57:06.384+0200] {dag.py:2690} INFO - Sync 1 DAGs
[2025-06-14T19:57:06.422+0200] {logging_mixin.py:137} INFO - [2025-06-14T19:57:06.422+0200] {dag.py:3437} INFO - Setting next_dagrun for example_bash_operator to 2025-06-13T00:00:00+00:00, run_after=2025-06-14T00:00:00+00:00
[2025-06-14T19:57:06.495+0200] {processor.py:175} INFO - Processing /home/monica.fernandez/practica_creativa/venv-airflow/lib/python3.11/site-packages/airflow/example_dags/example_bash_operator.py took 0.204 seconds
[2025-06-14T19:57:58.121+0200] {processor.py:153} INFO - Started process (PID=220134) to work on /home/monica.fernandez/practica_creativa/venv-airflow/lib/python3.11/site-packages/airflow/example_dags/example_bash_operator.py
[2025-06-14T19:57:58.123+0200] {processor.py:743} INFO - Processing file /home/monica.fernandez/practica_creativa/venv-airflow/lib/python3.11/site-packages/airflow/example_dags/example_bash_operator.py for tasks to queue
[2025-06-14T19:57:58.124+0200] {logging_mixin.py:137} INFO - [2025-06-14T19:57:58.124+0200] {dagbag.py:538} INFO - Filling up the DagBag from /home/monica.fernandez/practica_creativa/venv-airflow/lib/python3.11/site-packages/airflow/example_dags/example_bash_operator.py
[2025-06-14T19:57:58.149+0200] {processor.py:753} INFO - DAG(s) dict_keys(['example_bash_operator']) retrieved from /home/monica.fernandez/practica_creativa/venv-airflow/lib/python3.11/site-packages/airflow/example_dags/example_bash_operator.py
[2025-06-14T19:57:58.200+0200] {logging_mixin.py:137} INFO - [2025-06-14T19:57:58.200+0200] {dag.py:2690} INFO - Sync 1 DAGs
[2025-06-14T19:57:58.238+0200] {logging_mixin.py:137} INFO - [2025-06-14T19:57:58.238+0200] {dag.py:3437} INFO - Setting next_dagrun for example_bash_operator to 2025-06-13T00:00:00+00:00, run_after=2025-06-14T00:00:00+00:00
[2025-06-14T19:57:58.307+0200] {processor.py:175} INFO - Processing /home/monica.fernandez/practica_creativa/venv-airflow/lib/python3.11/site-packages/airflow/example_dags/example_bash_operator.py took 0.190 seconds
[2025-06-14T19:58:50.444+0200] {processor.py:153} INFO - Started process (PID=220571) to work on /home/monica.fernandez/practica_creativa/venv-airflow/lib/python3.11/site-packages/airflow/example_dags/example_bash_operator.py
[2025-06-14T19:58:50.445+0200] {processor.py:743} INFO - Processing file /home/monica.fernandez/practica_creativa/venv-airflow/lib/python3.11/site-packages/airflow/example_dags/example_bash_operator.py for tasks to queue
[2025-06-14T19:58:50.446+0200] {logging_mixin.py:137} INFO - [2025-06-14T19:58:50.446+0200] {dagbag.py:538} INFO - Filling up the DagBag from /home/monica.fernandez/practica_creativa/venv-airflow/lib/python3.11/site-packages/airflow/example_dags/example_bash_operator.py
[2025-06-14T19:58:50.471+0200] {processor.py:753} INFO - DAG(s) dict_keys(['example_bash_operator']) retrieved from /home/monica.fernandez/practica_creativa/venv-airflow/lib/python3.11/site-packages/airflow/example_dags/example_bash_operator.py
[2025-06-14T19:58:50.528+0200] {logging_mixin.py:137} INFO - [2025-06-14T19:58:50.527+0200] {dag.py:2690} INFO - Sync 1 DAGs
[2025-06-14T19:58:50.582+0200] {logging_mixin.py:137} INFO - [2025-06-14T19:58:50.582+0200] {dag.py:3437} INFO - Setting next_dagrun for example_bash_operator to 2025-06-13T00:00:00+00:00, run_after=2025-06-14T00:00:00+00:00
[2025-06-14T19:58:50.648+0200] {processor.py:175} INFO - Processing /home/monica.fernandez/practica_creativa/venv-airflow/lib/python3.11/site-packages/airflow/example_dags/example_bash_operator.py took 0.210 seconds
[2025-06-14T19:59:42.455+0200] {processor.py:153} INFO - Started process (PID=220903) to work on /home/monica.fernandez/practica_creativa/venv-airflow/lib/python3.11/site-packages/airflow/example_dags/example_bash_operator.py
[2025-06-14T19:59:42.457+0200] {processor.py:743} INFO - Processing file /home/monica.fernandez/practica_creativa/venv-airflow/lib/python3.11/site-packages/airflow/example_dags/example_bash_operator.py for tasks to queue
[2025-06-14T19:59:42.457+0200] {logging_mixin.py:137} INFO - [2025-06-14T19:59:42.457+0200] {dagbag.py:538} INFO - Filling up the DagBag from /home/monica.fernandez/practica_creativa/venv-airflow/lib/python3.11/site-packages/airflow/example_dags/example_bash_operator.py
[2025-06-14T19:59:42.482+0200] {processor.py:753} INFO - DAG(s) dict_keys(['example_bash_operator']) retrieved from /home/monica.fernandez/practica_creativa/venv-airflow/lib/python3.11/site-packages/airflow/example_dags/example_bash_operator.py
[2025-06-14T19:59:42.534+0200] {logging_mixin.py:137} INFO - [2025-06-14T19:59:42.533+0200] {dag.py:2690} INFO - Sync 1 DAGs
[2025-06-14T19:59:42.570+0200] {logging_mixin.py:137} INFO - [2025-06-14T19:59:42.570+0200] {dag.py:3437} INFO - Setting next_dagrun for example_bash_operator to 2025-06-13T00:00:00+00:00, run_after=2025-06-14T00:00:00+00:00
[2025-06-14T19:59:42.648+0200] {processor.py:175} INFO - Processing /home/monica.fernandez/practica_creativa/venv-airflow/lib/python3.11/site-packages/airflow/example_dags/example_bash_operator.py took 0.201 seconds
[2025-06-14T20:00:40.490+0200] {processor.py:153} INFO - Started process (PID=221360) to work on /home/monica.fernandez/practica_creativa/venv-airflow/lib/python3.11/site-packages/airflow/example_dags/example_bash_operator.py
[2025-06-14T20:00:40.492+0200] {processor.py:743} INFO - Processing file /home/monica.fernandez/practica_creativa/venv-airflow/lib/python3.11/site-packages/airflow/example_dags/example_bash_operator.py for tasks to queue
[2025-06-14T20:00:40.493+0200] {logging_mixin.py:137} INFO - [2025-06-14T20:00:40.493+0200] {dagbag.py:538} INFO - Filling up the DagBag from /home/monica.fernandez/practica_creativa/venv-airflow/lib/python3.11/site-packages/airflow/example_dags/example_bash_operator.py
[2025-06-14T20:00:40.518+0200] {processor.py:753} INFO - DAG(s) dict_keys(['example_bash_operator']) retrieved from /home/monica.fernandez/practica_creativa/venv-airflow/lib/python3.11/site-packages/airflow/example_dags/example_bash_operator.py
[2025-06-14T20:00:40.577+0200] {logging_mixin.py:137} INFO - [2025-06-14T20:00:40.577+0200] {dag.py:2690} INFO - Sync 1 DAGs
[2025-06-14T20:00:40.605+0200] {logging_mixin.py:137} INFO - [2025-06-14T20:00:40.604+0200] {dag.py:3437} INFO - Setting next_dagrun for example_bash_operator to 2025-06-13T00:00:00+00:00, run_after=2025-06-14T00:00:00+00:00
[2025-06-14T20:00:40.660+0200] {processor.py:175} INFO - Processing /home/monica.fernandez/practica_creativa/venv-airflow/lib/python3.11/site-packages/airflow/example_dags/example_bash_operator.py took 0.175 seconds
[2025-06-14T20:01:36.149+0200] {processor.py:153} INFO - Started process (PID=221816) to work on /home/monica.fernandez/practica_creativa/venv-airflow/lib/python3.11/site-packages/airflow/example_dags/example_bash_operator.py
[2025-06-14T20:01:36.150+0200] {processor.py:743} INFO - Processing file /home/monica.fernandez/practica_creativa/venv-airflow/lib/python3.11/site-packages/airflow/example_dags/example_bash_operator.py for tasks to queue
[2025-06-14T20:01:36.151+0200] {logging_mixin.py:137} INFO - [2025-06-14T20:01:36.151+0200] {dagbag.py:538} INFO - Filling up the DagBag from /home/monica.fernandez/practica_creativa/venv-airflow/lib/python3.11/site-packages/airflow/example_dags/example_bash_operator.py
[2025-06-14T20:01:36.179+0200] {processor.py:753} INFO - DAG(s) dict_keys(['example_bash_operator']) retrieved from /home/monica.fernandez/practica_creativa/venv-airflow/lib/python3.11/site-packages/airflow/example_dags/example_bash_operator.py
[2025-06-14T20:01:36.233+0200] {logging_mixin.py:137} INFO - [2025-06-14T20:01:36.232+0200] {dag.py:2690} INFO - Sync 1 DAGs
[2025-06-14T20:01:36.269+0200] {logging_mixin.py:137} INFO - [2025-06-14T20:01:36.269+0200] {dag.py:3437} INFO - Setting next_dagrun for example_bash_operator to 2025-06-13T00:00:00+00:00, run_after=2025-06-14T00:00:00+00:00
[2025-06-14T20:01:36.342+0200] {processor.py:175} INFO - Processing /home/monica.fernandez/practica_creativa/venv-airflow/lib/python3.11/site-packages/airflow/example_dags/example_bash_operator.py took 0.197 seconds
