[2025-06-14T19:01:51.581+0200] {processor.py:153} INFO - Started process (PID=189497) to work on /home/monica.fernandez/practica_creativa/venv-airflow/lib/python3.11/site-packages/airflow/example_dags/example_sensors.py
[2025-06-14T19:01:51.582+0200] {processor.py:743} INFO - Processing file /home/monica.fernandez/practica_creativa/venv-airflow/lib/python3.11/site-packages/airflow/example_dags/example_sensors.py for tasks to queue
[2025-06-14T19:01:51.583+0200] {logging_mixin.py:137} INFO - [2025-06-14T19:01:51.583+0200] {dagbag.py:538} INFO - Filling up the DagBag from /home/monica.fernandez/practica_creativa/venv-airflow/lib/python3.11/site-packages/airflow/example_dags/example_sensors.py
[2025-06-14T19:01:51.628+0200] {processor.py:753} INFO - DAG(s) dict_keys(['example_sensors']) retrieved from /home/monica.fernandez/practica_creativa/venv-airflow/lib/python3.11/site-packages/airflow/example_dags/example_sensors.py
[2025-06-14T19:01:51.675+0200] {logging_mixin.py:137} INFO - [2025-06-14T19:01:51.675+0200] {dag.py:2690} INFO - Sync 1 DAGs
[2025-06-14T19:01:51.716+0200] {logging_mixin.py:137} INFO - [2025-06-14T19:01:51.716+0200] {dag.py:3437} INFO - Setting next_dagrun for example_sensors to None, run_after=None
[2025-06-14T19:01:51.793+0200] {processor.py:175} INFO - Processing /home/monica.fernandez/practica_creativa/venv-airflow/lib/python3.11/site-packages/airflow/example_dags/example_sensors.py took 0.217 seconds
[2025-06-14T19:02:40.295+0200] {processor.py:153} INFO - Started process (PID=189951) to work on /home/monica.fernandez/practica_creativa/venv-airflow/lib/python3.11/site-packages/airflow/example_dags/example_sensors.py
[2025-06-14T19:02:40.296+0200] {processor.py:743} INFO - Processing file /home/monica.fernandez/practica_creativa/venv-airflow/lib/python3.11/site-packages/airflow/example_dags/example_sensors.py for tasks to queue
[2025-06-14T19:02:40.297+0200] {logging_mixin.py:137} INFO - [2025-06-14T19:02:40.297+0200] {dagbag.py:538} INFO - Filling up the DagBag from /home/monica.fernandez/practica_creativa/venv-airflow/lib/python3.11/site-packages/airflow/example_dags/example_sensors.py
[2025-06-14T19:02:40.339+0200] {processor.py:753} INFO - DAG(s) dict_keys(['example_sensors']) retrieved from /home/monica.fernandez/practica_creativa/venv-airflow/lib/python3.11/site-packages/airflow/example_dags/example_sensors.py
[2025-06-14T19:02:40.387+0200] {logging_mixin.py:137} INFO - [2025-06-14T19:02:40.387+0200] {dag.py:2690} INFO - Sync 1 DAGs
[2025-06-14T19:02:40.424+0200] {logging_mixin.py:137} INFO - [2025-06-14T19:02:40.424+0200] {dag.py:3437} INFO - Setting next_dagrun for example_sensors to None, run_after=None
[2025-06-14T19:02:40.490+0200] {processor.py:175} INFO - Processing /home/monica.fernandez/practica_creativa/venv-airflow/lib/python3.11/site-packages/airflow/example_dags/example_sensors.py took 0.200 seconds
[2025-06-14T19:03:32.656+0200] {processor.py:153} INFO - Started process (PID=190448) to work on /home/monica.fernandez/practica_creativa/venv-airflow/lib/python3.11/site-packages/airflow/example_dags/example_sensors.py
[2025-06-14T19:03:32.658+0200] {processor.py:743} INFO - Processing file /home/monica.fernandez/practica_creativa/venv-airflow/lib/python3.11/site-packages/airflow/example_dags/example_sensors.py for tasks to queue
[2025-06-14T19:03:32.658+0200] {logging_mixin.py:137} INFO - [2025-06-14T19:03:32.658+0200] {dagbag.py:538} INFO - Filling up the DagBag from /home/monica.fernandez/practica_creativa/venv-airflow/lib/python3.11/site-packages/airflow/example_dags/example_sensors.py
[2025-06-14T19:03:32.718+0200] {processor.py:753} INFO - DAG(s) dict_keys(['example_sensors']) retrieved from /home/monica.fernandez/practica_creativa/venv-airflow/lib/python3.11/site-packages/airflow/example_dags/example_sensors.py
[2025-06-14T19:03:32.766+0200] {logging_mixin.py:137} INFO - [2025-06-14T19:03:32.765+0200] {dag.py:2690} INFO - Sync 1 DAGs
[2025-06-14T19:03:32.805+0200] {logging_mixin.py:137} INFO - [2025-06-14T19:03:32.805+0200] {dag.py:3437} INFO - Setting next_dagrun for example_sensors to None, run_after=None
[2025-06-14T19:03:32.879+0200] {processor.py:175} INFO - Processing /home/monica.fernandez/practica_creativa/venv-airflow/lib/python3.11/site-packages/airflow/example_dags/example_sensors.py took 0.227 seconds
[2025-06-14T19:04:30.601+0200] {processor.py:153} INFO - Started process (PID=190986) to work on /home/monica.fernandez/practica_creativa/venv-airflow/lib/python3.11/site-packages/airflow/example_dags/example_sensors.py
[2025-06-14T19:04:30.602+0200] {processor.py:743} INFO - Processing file /home/monica.fernandez/practica_creativa/venv-airflow/lib/python3.11/site-packages/airflow/example_dags/example_sensors.py for tasks to queue
[2025-06-14T19:04:30.603+0200] {logging_mixin.py:137} INFO - [2025-06-14T19:04:30.603+0200] {dagbag.py:538} INFO - Filling up the DagBag from /home/monica.fernandez/practica_creativa/venv-airflow/lib/python3.11/site-packages/airflow/example_dags/example_sensors.py
[2025-06-14T19:04:30.626+0200] {processor.py:753} INFO - DAG(s) dict_keys(['example_sensors']) retrieved from /home/monica.fernandez/practica_creativa/venv-airflow/lib/python3.11/site-packages/airflow/example_dags/example_sensors.py
[2025-06-14T19:04:30.653+0200] {logging_mixin.py:137} INFO - [2025-06-14T19:04:30.653+0200] {dag.py:2690} INFO - Sync 1 DAGs
[2025-06-14T19:04:30.680+0200] {logging_mixin.py:137} INFO - [2025-06-14T19:04:30.679+0200] {dag.py:3437} INFO - Setting next_dagrun for example_sensors to None, run_after=None
[2025-06-14T19:04:30.742+0200] {processor.py:175} INFO - Processing /home/monica.fernandez/practica_creativa/venv-airflow/lib/python3.11/site-packages/airflow/example_dags/example_sensors.py took 0.144 seconds
[2025-06-14T19:05:13.716+0200] {processor.py:153} INFO - Started process (PID=191410) to work on /home/monica.fernandez/practica_creativa/venv-airflow/lib/python3.11/site-packages/airflow/example_dags/example_sensors.py
[2025-06-14T19:05:13.717+0200] {processor.py:743} INFO - Processing file /home/monica.fernandez/practica_creativa/venv-airflow/lib/python3.11/site-packages/airflow/example_dags/example_sensors.py for tasks to queue
[2025-06-14T19:05:13.718+0200] {logging_mixin.py:137} INFO - [2025-06-14T19:05:13.718+0200] {dagbag.py:538} INFO - Filling up the DagBag from /home/monica.fernandez/practica_creativa/venv-airflow/lib/python3.11/site-packages/airflow/example_dags/example_sensors.py
[2025-06-14T19:05:13.780+0200] {processor.py:753} INFO - DAG(s) dict_keys(['example_sensors']) retrieved from /home/monica.fernandez/practica_creativa/venv-airflow/lib/python3.11/site-packages/airflow/example_dags/example_sensors.py
[2025-06-14T19:05:13.811+0200] {logging_mixin.py:137} INFO - [2025-06-14T19:05:13.811+0200] {dag.py:2690} INFO - Sync 1 DAGs
[2025-06-14T19:05:13.837+0200] {logging_mixin.py:137} INFO - [2025-06-14T19:05:13.837+0200] {dag.py:3437} INFO - Setting next_dagrun for example_sensors to None, run_after=None
[2025-06-14T19:05:13.898+0200] {processor.py:175} INFO - Processing /home/monica.fernandez/practica_creativa/venv-airflow/lib/python3.11/site-packages/airflow/example_dags/example_sensors.py took 0.187 seconds
[2025-06-14T19:06:03.125+0200] {processor.py:153} INFO - Started process (PID=191903) to work on /home/monica.fernandez/practica_creativa/venv-airflow/lib/python3.11/site-packages/airflow/example_dags/example_sensors.py
[2025-06-14T19:06:03.126+0200] {processor.py:743} INFO - Processing file /home/monica.fernandez/practica_creativa/venv-airflow/lib/python3.11/site-packages/airflow/example_dags/example_sensors.py for tasks to queue
[2025-06-14T19:06:03.126+0200] {logging_mixin.py:137} INFO - [2025-06-14T19:06:03.126+0200] {dagbag.py:538} INFO - Filling up the DagBag from /home/monica.fernandez/practica_creativa/venv-airflow/lib/python3.11/site-packages/airflow/example_dags/example_sensors.py
[2025-06-14T19:06:03.157+0200] {processor.py:753} INFO - DAG(s) dict_keys(['example_sensors']) retrieved from /home/monica.fernandez/practica_creativa/venv-airflow/lib/python3.11/site-packages/airflow/example_dags/example_sensors.py
[2025-06-14T19:06:03.190+0200] {logging_mixin.py:137} INFO - [2025-06-14T19:06:03.190+0200] {dag.py:2690} INFO - Sync 1 DAGs
[2025-06-14T19:06:03.218+0200] {logging_mixin.py:137} INFO - [2025-06-14T19:06:03.218+0200] {dag.py:3437} INFO - Setting next_dagrun for example_sensors to None, run_after=None
[2025-06-14T19:06:03.285+0200] {processor.py:175} INFO - Processing /home/monica.fernandez/practica_creativa/venv-airflow/lib/python3.11/site-packages/airflow/example_dags/example_sensors.py took 0.163 seconds
[2025-06-14T19:06:53.105+0200] {processor.py:153} INFO - Started process (PID=192347) to work on /home/monica.fernandez/practica_creativa/venv-airflow/lib/python3.11/site-packages/airflow/example_dags/example_sensors.py
[2025-06-14T19:06:53.106+0200] {processor.py:743} INFO - Processing file /home/monica.fernandez/practica_creativa/venv-airflow/lib/python3.11/site-packages/airflow/example_dags/example_sensors.py for tasks to queue
[2025-06-14T19:06:53.107+0200] {logging_mixin.py:137} INFO - [2025-06-14T19:06:53.106+0200] {dagbag.py:538} INFO - Filling up the DagBag from /home/monica.fernandez/practica_creativa/venv-airflow/lib/python3.11/site-packages/airflow/example_dags/example_sensors.py
[2025-06-14T19:06:53.142+0200] {processor.py:753} INFO - DAG(s) dict_keys(['example_sensors']) retrieved from /home/monica.fernandez/practica_creativa/venv-airflow/lib/python3.11/site-packages/airflow/example_dags/example_sensors.py
[2025-06-14T19:06:53.216+0200] {logging_mixin.py:137} INFO - [2025-06-14T19:06:53.215+0200] {dag.py:2690} INFO - Sync 1 DAGs
[2025-06-14T19:06:53.281+0200] {logging_mixin.py:137} INFO - [2025-06-14T19:06:53.280+0200] {dag.py:3437} INFO - Setting next_dagrun for example_sensors to None, run_after=None
[2025-06-14T19:06:53.353+0200] {processor.py:175} INFO - Processing /home/monica.fernandez/practica_creativa/venv-airflow/lib/python3.11/site-packages/airflow/example_dags/example_sensors.py took 0.252 seconds
[2025-06-14T19:07:37.962+0200] {processor.py:153} INFO - Started process (PID=192800) to work on /home/monica.fernandez/practica_creativa/venv-airflow/lib/python3.11/site-packages/airflow/example_dags/example_sensors.py
[2025-06-14T19:07:37.963+0200] {processor.py:743} INFO - Processing file /home/monica.fernandez/practica_creativa/venv-airflow/lib/python3.11/site-packages/airflow/example_dags/example_sensors.py for tasks to queue
[2025-06-14T19:07:37.964+0200] {logging_mixin.py:137} INFO - [2025-06-14T19:07:37.964+0200] {dagbag.py:538} INFO - Filling up the DagBag from /home/monica.fernandez/practica_creativa/venv-airflow/lib/python3.11/site-packages/airflow/example_dags/example_sensors.py
[2025-06-14T19:07:38.013+0200] {processor.py:753} INFO - DAG(s) dict_keys(['example_sensors']) retrieved from /home/monica.fernandez/practica_creativa/venv-airflow/lib/python3.11/site-packages/airflow/example_dags/example_sensors.py
[2025-06-14T19:07:38.063+0200] {logging_mixin.py:137} INFO - [2025-06-14T19:07:38.063+0200] {dag.py:2690} INFO - Sync 1 DAGs
[2025-06-14T19:07:38.093+0200] {logging_mixin.py:137} INFO - [2025-06-14T19:07:38.092+0200] {dag.py:3437} INFO - Setting next_dagrun for example_sensors to None, run_after=None
[2025-06-14T19:07:38.143+0200] {processor.py:175} INFO - Processing /home/monica.fernandez/practica_creativa/venv-airflow/lib/python3.11/site-packages/airflow/example_dags/example_sensors.py took 0.186 seconds
[2025-06-14T19:08:39.323+0200] {processor.py:153} INFO - Started process (PID=193647) to work on /home/monica.fernandez/practica_creativa/venv-airflow/lib/python3.11/site-packages/airflow/example_dags/example_sensors.py
[2025-06-14T19:08:39.324+0200] {processor.py:743} INFO - Processing file /home/monica.fernandez/practica_creativa/venv-airflow/lib/python3.11/site-packages/airflow/example_dags/example_sensors.py for tasks to queue
[2025-06-14T19:08:39.325+0200] {logging_mixin.py:137} INFO - [2025-06-14T19:08:39.325+0200] {dagbag.py:538} INFO - Filling up the DagBag from /home/monica.fernandez/practica_creativa/venv-airflow/lib/python3.11/site-packages/airflow/example_dags/example_sensors.py
[2025-06-14T19:08:39.370+0200] {processor.py:753} INFO - DAG(s) dict_keys(['example_sensors']) retrieved from /home/monica.fernandez/practica_creativa/venv-airflow/lib/python3.11/site-packages/airflow/example_dags/example_sensors.py
[2025-06-14T19:08:39.417+0200] {logging_mixin.py:137} INFO - [2025-06-14T19:08:39.417+0200] {dag.py:2690} INFO - Sync 1 DAGs
[2025-06-14T19:08:39.456+0200] {logging_mixin.py:137} INFO - [2025-06-14T19:08:39.456+0200] {dag.py:3437} INFO - Setting next_dagrun for example_sensors to None, run_after=None
[2025-06-14T19:08:39.533+0200] {processor.py:175} INFO - Processing /home/monica.fernandez/practica_creativa/venv-airflow/lib/python3.11/site-packages/airflow/example_dags/example_sensors.py took 0.215 seconds
[2025-06-14T19:09:20.933+0200] {processor.py:153} INFO - Started process (PID=193951) to work on /home/monica.fernandez/practica_creativa/venv-airflow/lib/python3.11/site-packages/airflow/example_dags/example_sensors.py
[2025-06-14T19:09:20.934+0200] {processor.py:743} INFO - Processing file /home/monica.fernandez/practica_creativa/venv-airflow/lib/python3.11/site-packages/airflow/example_dags/example_sensors.py for tasks to queue
[2025-06-14T19:09:20.934+0200] {logging_mixin.py:137} INFO - [2025-06-14T19:09:20.934+0200] {dagbag.py:538} INFO - Filling up the DagBag from /home/monica.fernandez/practica_creativa/venv-airflow/lib/python3.11/site-packages/airflow/example_dags/example_sensors.py
[2025-06-14T19:09:20.955+0200] {processor.py:753} INFO - DAG(s) dict_keys(['example_sensors']) retrieved from /home/monica.fernandez/practica_creativa/venv-airflow/lib/python3.11/site-packages/airflow/example_dags/example_sensors.py
[2025-06-14T19:09:20.983+0200] {logging_mixin.py:137} INFO - [2025-06-14T19:09:20.983+0200] {dag.py:2690} INFO - Sync 1 DAGs
[2025-06-14T19:09:21.005+0200] {logging_mixin.py:137} INFO - [2025-06-14T19:09:21.005+0200] {dag.py:3437} INFO - Setting next_dagrun for example_sensors to None, run_after=None
[2025-06-14T19:09:21.056+0200] {processor.py:175} INFO - Processing /home/monica.fernandez/practica_creativa/venv-airflow/lib/python3.11/site-packages/airflow/example_dags/example_sensors.py took 0.125 seconds
[2025-06-14T19:10:03.015+0200] {processor.py:153} INFO - Started process (PID=194355) to work on /home/monica.fernandez/practica_creativa/venv-airflow/lib/python3.11/site-packages/airflow/example_dags/example_sensors.py
[2025-06-14T19:10:03.016+0200] {processor.py:743} INFO - Processing file /home/monica.fernandez/practica_creativa/venv-airflow/lib/python3.11/site-packages/airflow/example_dags/example_sensors.py for tasks to queue
[2025-06-14T19:10:03.017+0200] {logging_mixin.py:137} INFO - [2025-06-14T19:10:03.017+0200] {dagbag.py:538} INFO - Filling up the DagBag from /home/monica.fernandez/practica_creativa/venv-airflow/lib/python3.11/site-packages/airflow/example_dags/example_sensors.py
[2025-06-14T19:10:03.061+0200] {processor.py:753} INFO - DAG(s) dict_keys(['example_sensors']) retrieved from /home/monica.fernandez/practica_creativa/venv-airflow/lib/python3.11/site-packages/airflow/example_dags/example_sensors.py
[2025-06-14T19:10:03.108+0200] {logging_mixin.py:137} INFO - [2025-06-14T19:10:03.107+0200] {dag.py:2690} INFO - Sync 1 DAGs
[2025-06-14T19:10:03.144+0200] {logging_mixin.py:137} INFO - [2025-06-14T19:10:03.144+0200] {dag.py:3437} INFO - Setting next_dagrun for example_sensors to None, run_after=None
[2025-06-14T19:10:03.209+0200] {processor.py:175} INFO - Processing /home/monica.fernandez/practica_creativa/venv-airflow/lib/python3.11/site-packages/airflow/example_dags/example_sensors.py took 0.199 seconds
[2025-06-14T19:10:53.638+0200] {processor.py:153} INFO - Started process (PID=194800) to work on /home/monica.fernandez/practica_creativa/venv-airflow/lib/python3.11/site-packages/airflow/example_dags/example_sensors.py
[2025-06-14T19:10:53.640+0200] {processor.py:743} INFO - Processing file /home/monica.fernandez/practica_creativa/venv-airflow/lib/python3.11/site-packages/airflow/example_dags/example_sensors.py for tasks to queue
[2025-06-14T19:10:53.641+0200] {logging_mixin.py:137} INFO - [2025-06-14T19:10:53.640+0200] {dagbag.py:538} INFO - Filling up the DagBag from /home/monica.fernandez/practica_creativa/venv-airflow/lib/python3.11/site-packages/airflow/example_dags/example_sensors.py
[2025-06-14T19:10:53.682+0200] {processor.py:753} INFO - DAG(s) dict_keys(['example_sensors']) retrieved from /home/monica.fernandez/practica_creativa/venv-airflow/lib/python3.11/site-packages/airflow/example_dags/example_sensors.py
[2025-06-14T19:10:53.729+0200] {logging_mixin.py:137} INFO - [2025-06-14T19:10:53.729+0200] {dag.py:2690} INFO - Sync 1 DAGs
[2025-06-14T19:10:53.771+0200] {logging_mixin.py:137} INFO - [2025-06-14T19:10:53.771+0200] {dag.py:3437} INFO - Setting next_dagrun for example_sensors to None, run_after=None
[2025-06-14T19:10:53.847+0200] {processor.py:175} INFO - Processing /home/monica.fernandez/practica_creativa/venv-airflow/lib/python3.11/site-packages/airflow/example_dags/example_sensors.py took 0.213 seconds
[2025-06-14T19:11:47.403+0200] {processor.py:153} INFO - Started process (PID=195339) to work on /home/monica.fernandez/practica_creativa/venv-airflow/lib/python3.11/site-packages/airflow/example_dags/example_sensors.py
[2025-06-14T19:11:47.404+0200] {processor.py:743} INFO - Processing file /home/monica.fernandez/practica_creativa/venv-airflow/lib/python3.11/site-packages/airflow/example_dags/example_sensors.py for tasks to queue
[2025-06-14T19:11:47.405+0200] {logging_mixin.py:137} INFO - [2025-06-14T19:11:47.405+0200] {dagbag.py:538} INFO - Filling up the DagBag from /home/monica.fernandez/practica_creativa/venv-airflow/lib/python3.11/site-packages/airflow/example_dags/example_sensors.py
[2025-06-14T19:11:47.448+0200] {processor.py:753} INFO - DAG(s) dict_keys(['example_sensors']) retrieved from /home/monica.fernandez/practica_creativa/venv-airflow/lib/python3.11/site-packages/airflow/example_dags/example_sensors.py
[2025-06-14T19:11:47.499+0200] {logging_mixin.py:137} INFO - [2025-06-14T19:11:47.499+0200] {dag.py:2690} INFO - Sync 1 DAGs
[2025-06-14T19:11:47.546+0200] {logging_mixin.py:137} INFO - [2025-06-14T19:11:47.546+0200] {dag.py:3437} INFO - Setting next_dagrun for example_sensors to None, run_after=None
[2025-06-14T19:11:47.602+0200] {processor.py:175} INFO - Processing /home/monica.fernandez/practica_creativa/venv-airflow/lib/python3.11/site-packages/airflow/example_dags/example_sensors.py took 0.204 seconds
[2025-06-14T19:13:15.691+0200] {processor.py:153} INFO - Started process (PID=196004) to work on /home/monica.fernandez/practica_creativa/venv-airflow/lib/python3.11/site-packages/airflow/example_dags/example_sensors.py
[2025-06-14T19:13:15.692+0200] {processor.py:743} INFO - Processing file /home/monica.fernandez/practica_creativa/venv-airflow/lib/python3.11/site-packages/airflow/example_dags/example_sensors.py for tasks to queue
[2025-06-14T19:13:15.693+0200] {logging_mixin.py:137} INFO - [2025-06-14T19:13:15.693+0200] {dagbag.py:538} INFO - Filling up the DagBag from /home/monica.fernandez/practica_creativa/venv-airflow/lib/python3.11/site-packages/airflow/example_dags/example_sensors.py
[2025-06-14T19:13:15.741+0200] {processor.py:753} INFO - DAG(s) dict_keys(['example_sensors']) retrieved from /home/monica.fernandez/practica_creativa/venv-airflow/lib/python3.11/site-packages/airflow/example_dags/example_sensors.py
[2025-06-14T19:13:15.789+0200] {logging_mixin.py:137} INFO - [2025-06-14T19:13:15.789+0200] {dag.py:2690} INFO - Sync 1 DAGs
[2025-06-14T19:13:15.830+0200] {logging_mixin.py:137} INFO - [2025-06-14T19:13:15.830+0200] {dag.py:3437} INFO - Setting next_dagrun for example_sensors to None, run_after=None
[2025-06-14T19:13:15.907+0200] {processor.py:175} INFO - Processing /home/monica.fernandez/practica_creativa/venv-airflow/lib/python3.11/site-packages/airflow/example_dags/example_sensors.py took 0.221 seconds
[2025-06-14T19:14:08.433+0200] {processor.py:153} INFO - Started process (PID=196430) to work on /home/monica.fernandez/practica_creativa/venv-airflow/lib/python3.11/site-packages/airflow/example_dags/example_sensors.py
[2025-06-14T19:14:08.434+0200] {processor.py:743} INFO - Processing file /home/monica.fernandez/practica_creativa/venv-airflow/lib/python3.11/site-packages/airflow/example_dags/example_sensors.py for tasks to queue
[2025-06-14T19:14:08.435+0200] {logging_mixin.py:137} INFO - [2025-06-14T19:14:08.435+0200] {dagbag.py:538} INFO - Filling up the DagBag from /home/monica.fernandez/practica_creativa/venv-airflow/lib/python3.11/site-packages/airflow/example_dags/example_sensors.py
[2025-06-14T19:14:08.475+0200] {processor.py:753} INFO - DAG(s) dict_keys(['example_sensors']) retrieved from /home/monica.fernandez/practica_creativa/venv-airflow/lib/python3.11/site-packages/airflow/example_dags/example_sensors.py
[2025-06-14T19:14:08.522+0200] {logging_mixin.py:137} INFO - [2025-06-14T19:14:08.522+0200] {dag.py:2690} INFO - Sync 1 DAGs
[2025-06-14T19:14:08.561+0200] {logging_mixin.py:137} INFO - [2025-06-14T19:14:08.561+0200] {dag.py:3437} INFO - Setting next_dagrun for example_sensors to None, run_after=None
[2025-06-14T19:14:08.636+0200] {processor.py:175} INFO - Processing /home/monica.fernandez/practica_creativa/venv-airflow/lib/python3.11/site-packages/airflow/example_dags/example_sensors.py took 0.208 seconds
[2025-06-14T19:15:01.052+0200] {processor.py:153} INFO - Started process (PID=196793) to work on /home/monica.fernandez/practica_creativa/venv-airflow/lib/python3.11/site-packages/airflow/example_dags/example_sensors.py
[2025-06-14T19:15:01.053+0200] {processor.py:743} INFO - Processing file /home/monica.fernandez/practica_creativa/venv-airflow/lib/python3.11/site-packages/airflow/example_dags/example_sensors.py for tasks to queue
[2025-06-14T19:15:01.054+0200] {logging_mixin.py:137} INFO - [2025-06-14T19:15:01.054+0200] {dagbag.py:538} INFO - Filling up the DagBag from /home/monica.fernandez/practica_creativa/venv-airflow/lib/python3.11/site-packages/airflow/example_dags/example_sensors.py
[2025-06-14T19:15:01.097+0200] {processor.py:753} INFO - DAG(s) dict_keys(['example_sensors']) retrieved from /home/monica.fernandez/practica_creativa/venv-airflow/lib/python3.11/site-packages/airflow/example_dags/example_sensors.py
[2025-06-14T19:15:01.142+0200] {logging_mixin.py:137} INFO - [2025-06-14T19:15:01.141+0200] {dag.py:2690} INFO - Sync 1 DAGs
[2025-06-14T19:15:01.178+0200] {logging_mixin.py:137} INFO - [2025-06-14T19:15:01.178+0200] {dag.py:3437} INFO - Setting next_dagrun for example_sensors to None, run_after=None
[2025-06-14T19:15:01.258+0200] {processor.py:175} INFO - Processing /home/monica.fernandez/practica_creativa/venv-airflow/lib/python3.11/site-packages/airflow/example_dags/example_sensors.py took 0.210 seconds
[2025-06-14T19:16:17.259+0200] {processor.py:153} INFO - Started process (PID=197440) to work on /home/monica.fernandez/practica_creativa/venv-airflow/lib/python3.11/site-packages/airflow/example_dags/example_sensors.py
[2025-06-14T19:16:17.260+0200] {processor.py:743} INFO - Processing file /home/monica.fernandez/practica_creativa/venv-airflow/lib/python3.11/site-packages/airflow/example_dags/example_sensors.py for tasks to queue
[2025-06-14T19:16:17.260+0200] {logging_mixin.py:137} INFO - [2025-06-14T19:16:17.260+0200] {dagbag.py:538} INFO - Filling up the DagBag from /home/monica.fernandez/practica_creativa/venv-airflow/lib/python3.11/site-packages/airflow/example_dags/example_sensors.py
[2025-06-14T19:16:17.296+0200] {processor.py:753} INFO - DAG(s) dict_keys(['example_sensors']) retrieved from /home/monica.fernandez/practica_creativa/venv-airflow/lib/python3.11/site-packages/airflow/example_dags/example_sensors.py
[2025-06-14T19:16:17.334+0200] {logging_mixin.py:137} INFO - [2025-06-14T19:16:17.334+0200] {dag.py:2690} INFO - Sync 1 DAGs
[2025-06-14T19:16:17.360+0200] {logging_mixin.py:137} INFO - [2025-06-14T19:16:17.360+0200] {dag.py:3437} INFO - Setting next_dagrun for example_sensors to None, run_after=None
[2025-06-14T19:16:17.437+0200] {processor.py:175} INFO - Processing /home/monica.fernandez/practica_creativa/venv-airflow/lib/python3.11/site-packages/airflow/example_dags/example_sensors.py took 0.180 seconds
[2025-06-14T19:17:30.185+0200] {processor.py:153} INFO - Started process (PID=198114) to work on /home/monica.fernandez/practica_creativa/venv-airflow/lib/python3.11/site-packages/airflow/example_dags/example_sensors.py
[2025-06-14T19:17:30.186+0200] {processor.py:743} INFO - Processing file /home/monica.fernandez/practica_creativa/venv-airflow/lib/python3.11/site-packages/airflow/example_dags/example_sensors.py for tasks to queue
[2025-06-14T19:17:30.187+0200] {logging_mixin.py:137} INFO - [2025-06-14T19:17:30.187+0200] {dagbag.py:538} INFO - Filling up the DagBag from /home/monica.fernandez/practica_creativa/venv-airflow/lib/python3.11/site-packages/airflow/example_dags/example_sensors.py
[2025-06-14T19:17:30.219+0200] {processor.py:753} INFO - DAG(s) dict_keys(['example_sensors']) retrieved from /home/monica.fernandez/practica_creativa/venv-airflow/lib/python3.11/site-packages/airflow/example_dags/example_sensors.py
[2025-06-14T19:17:30.258+0200] {logging_mixin.py:137} INFO - [2025-06-14T19:17:30.258+0200] {dag.py:2690} INFO - Sync 1 DAGs
[2025-06-14T19:17:30.286+0200] {logging_mixin.py:137} INFO - [2025-06-14T19:17:30.286+0200] {dag.py:3437} INFO - Setting next_dagrun for example_sensors to None, run_after=None
[2025-06-14T19:17:30.372+0200] {processor.py:175} INFO - Processing /home/monica.fernandez/practica_creativa/venv-airflow/lib/python3.11/site-packages/airflow/example_dags/example_sensors.py took 0.189 seconds
[2025-06-14T19:18:20.360+0200] {processor.py:153} INFO - Started process (PID=198527) to work on /home/monica.fernandez/practica_creativa/venv-airflow/lib/python3.11/site-packages/airflow/example_dags/example_sensors.py
[2025-06-14T19:18:20.360+0200] {processor.py:743} INFO - Processing file /home/monica.fernandez/practica_creativa/venv-airflow/lib/python3.11/site-packages/airflow/example_dags/example_sensors.py for tasks to queue
[2025-06-14T19:18:20.361+0200] {logging_mixin.py:137} INFO - [2025-06-14T19:18:20.361+0200] {dagbag.py:538} INFO - Filling up the DagBag from /home/monica.fernandez/practica_creativa/venv-airflow/lib/python3.11/site-packages/airflow/example_dags/example_sensors.py
[2025-06-14T19:18:20.396+0200] {processor.py:753} INFO - DAG(s) dict_keys(['example_sensors']) retrieved from /home/monica.fernandez/practica_creativa/venv-airflow/lib/python3.11/site-packages/airflow/example_dags/example_sensors.py
[2025-06-14T19:18:20.459+0200] {logging_mixin.py:137} INFO - [2025-06-14T19:18:20.458+0200] {dag.py:2690} INFO - Sync 1 DAGs
[2025-06-14T19:18:20.509+0200] {logging_mixin.py:137} INFO - [2025-06-14T19:18:20.509+0200] {dag.py:3437} INFO - Setting next_dagrun for example_sensors to None, run_after=None
[2025-06-14T19:18:20.593+0200] {processor.py:175} INFO - Processing /home/monica.fernandez/practica_creativa/venv-airflow/lib/python3.11/site-packages/airflow/example_dags/example_sensors.py took 0.237 seconds
[2025-06-14T19:19:12.163+0200] {processor.py:153} INFO - Started process (PID=198952) to work on /home/monica.fernandez/practica_creativa/venv-airflow/lib/python3.11/site-packages/airflow/example_dags/example_sensors.py
[2025-06-14T19:19:12.164+0200] {processor.py:743} INFO - Processing file /home/monica.fernandez/practica_creativa/venv-airflow/lib/python3.11/site-packages/airflow/example_dags/example_sensors.py for tasks to queue
[2025-06-14T19:19:12.165+0200] {logging_mixin.py:137} INFO - [2025-06-14T19:19:12.165+0200] {dagbag.py:538} INFO - Filling up the DagBag from /home/monica.fernandez/practica_creativa/venv-airflow/lib/python3.11/site-packages/airflow/example_dags/example_sensors.py
[2025-06-14T19:19:12.219+0200] {processor.py:753} INFO - DAG(s) dict_keys(['example_sensors']) retrieved from /home/monica.fernandez/practica_creativa/venv-airflow/lib/python3.11/site-packages/airflow/example_dags/example_sensors.py
[2025-06-14T19:19:12.256+0200] {logging_mixin.py:137} INFO - [2025-06-14T19:19:12.256+0200] {dag.py:2690} INFO - Sync 1 DAGs
[2025-06-14T19:19:12.281+0200] {logging_mixin.py:137} INFO - [2025-06-14T19:19:12.281+0200] {dag.py:3437} INFO - Setting next_dagrun for example_sensors to None, run_after=None
[2025-06-14T19:19:12.355+0200] {processor.py:175} INFO - Processing /home/monica.fernandez/practica_creativa/venv-airflow/lib/python3.11/site-packages/airflow/example_dags/example_sensors.py took 0.196 seconds
[2025-06-14T19:19:53.220+0200] {processor.py:153} INFO - Started process (PID=199279) to work on /home/monica.fernandez/practica_creativa/venv-airflow/lib/python3.11/site-packages/airflow/example_dags/example_sensors.py
[2025-06-14T19:19:53.221+0200] {processor.py:743} INFO - Processing file /home/monica.fernandez/practica_creativa/venv-airflow/lib/python3.11/site-packages/airflow/example_dags/example_sensors.py for tasks to queue
[2025-06-14T19:19:53.221+0200] {logging_mixin.py:137} INFO - [2025-06-14T19:19:53.221+0200] {dagbag.py:538} INFO - Filling up the DagBag from /home/monica.fernandez/practica_creativa/venv-airflow/lib/python3.11/site-packages/airflow/example_dags/example_sensors.py
[2025-06-14T19:19:53.257+0200] {processor.py:753} INFO - DAG(s) dict_keys(['example_sensors']) retrieved from /home/monica.fernandez/practica_creativa/venv-airflow/lib/python3.11/site-packages/airflow/example_dags/example_sensors.py
[2025-06-14T19:19:53.301+0200] {logging_mixin.py:137} INFO - [2025-06-14T19:19:53.301+0200] {dag.py:2690} INFO - Sync 1 DAGs
[2025-06-14T19:19:53.337+0200] {logging_mixin.py:137} INFO - [2025-06-14T19:19:53.337+0200] {dag.py:3437} INFO - Setting next_dagrun for example_sensors to None, run_after=None
[2025-06-14T19:19:53.414+0200] {processor.py:175} INFO - Processing /home/monica.fernandez/practica_creativa/venv-airflow/lib/python3.11/site-packages/airflow/example_dags/example_sensors.py took 0.196 seconds
[2025-06-14T19:20:35.496+0200] {processor.py:153} INFO - Started process (PID=199643) to work on /home/monica.fernandez/practica_creativa/venv-airflow/lib/python3.11/site-packages/airflow/example_dags/example_sensors.py
[2025-06-14T19:20:35.496+0200] {processor.py:743} INFO - Processing file /home/monica.fernandez/practica_creativa/venv-airflow/lib/python3.11/site-packages/airflow/example_dags/example_sensors.py for tasks to queue
[2025-06-14T19:20:35.497+0200] {logging_mixin.py:137} INFO - [2025-06-14T19:20:35.497+0200] {dagbag.py:538} INFO - Filling up the DagBag from /home/monica.fernandez/practica_creativa/venv-airflow/lib/python3.11/site-packages/airflow/example_dags/example_sensors.py
[2025-06-14T19:20:35.524+0200] {processor.py:753} INFO - DAG(s) dict_keys(['example_sensors']) retrieved from /home/monica.fernandez/practica_creativa/venv-airflow/lib/python3.11/site-packages/airflow/example_dags/example_sensors.py
[2025-06-14T19:20:35.553+0200] {logging_mixin.py:137} INFO - [2025-06-14T19:20:35.553+0200] {dag.py:2690} INFO - Sync 1 DAGs
[2025-06-14T19:20:35.582+0200] {logging_mixin.py:137} INFO - [2025-06-14T19:20:35.582+0200] {dag.py:3437} INFO - Setting next_dagrun for example_sensors to None, run_after=None
[2025-06-14T19:20:35.644+0200] {processor.py:175} INFO - Processing /home/monica.fernandez/practica_creativa/venv-airflow/lib/python3.11/site-packages/airflow/example_dags/example_sensors.py took 0.151 seconds
[2025-06-14T19:21:15.921+0200] {processor.py:153} INFO - Started process (PID=199952) to work on /home/monica.fernandez/practica_creativa/venv-airflow/lib/python3.11/site-packages/airflow/example_dags/example_sensors.py
[2025-06-14T19:21:15.922+0200] {processor.py:743} INFO - Processing file /home/monica.fernandez/practica_creativa/venv-airflow/lib/python3.11/site-packages/airflow/example_dags/example_sensors.py for tasks to queue
[2025-06-14T19:21:15.922+0200] {logging_mixin.py:137} INFO - [2025-06-14T19:21:15.922+0200] {dagbag.py:538} INFO - Filling up the DagBag from /home/monica.fernandez/practica_creativa/venv-airflow/lib/python3.11/site-packages/airflow/example_dags/example_sensors.py
[2025-06-14T19:21:15.954+0200] {processor.py:753} INFO - DAG(s) dict_keys(['example_sensors']) retrieved from /home/monica.fernandez/practica_creativa/venv-airflow/lib/python3.11/site-packages/airflow/example_dags/example_sensors.py
[2025-06-14T19:21:15.995+0200] {logging_mixin.py:137} INFO - [2025-06-14T19:21:15.994+0200] {dag.py:2690} INFO - Sync 1 DAGs
[2025-06-14T19:21:16.023+0200] {logging_mixin.py:137} INFO - [2025-06-14T19:21:16.023+0200] {dag.py:3437} INFO - Setting next_dagrun for example_sensors to None, run_after=None
[2025-06-14T19:21:16.092+0200] {processor.py:175} INFO - Processing /home/monica.fernandez/practica_creativa/venv-airflow/lib/python3.11/site-packages/airflow/example_dags/example_sensors.py took 0.176 seconds
[2025-06-14T19:21:57.314+0200] {processor.py:153} INFO - Started process (PID=200255) to work on /home/monica.fernandez/practica_creativa/venv-airflow/lib/python3.11/site-packages/airflow/example_dags/example_sensors.py
[2025-06-14T19:21:57.315+0200] {processor.py:743} INFO - Processing file /home/monica.fernandez/practica_creativa/venv-airflow/lib/python3.11/site-packages/airflow/example_dags/example_sensors.py for tasks to queue
[2025-06-14T19:21:57.315+0200] {logging_mixin.py:137} INFO - [2025-06-14T19:21:57.315+0200] {dagbag.py:538} INFO - Filling up the DagBag from /home/monica.fernandez/practica_creativa/venv-airflow/lib/python3.11/site-packages/airflow/example_dags/example_sensors.py
[2025-06-14T19:21:57.340+0200] {processor.py:753} INFO - DAG(s) dict_keys(['example_sensors']) retrieved from /home/monica.fernandez/practica_creativa/venv-airflow/lib/python3.11/site-packages/airflow/example_dags/example_sensors.py
[2025-06-14T19:21:57.369+0200] {logging_mixin.py:137} INFO - [2025-06-14T19:21:57.369+0200] {dag.py:2690} INFO - Sync 1 DAGs
[2025-06-14T19:21:57.393+0200] {logging_mixin.py:137} INFO - [2025-06-14T19:21:57.393+0200] {dag.py:3437} INFO - Setting next_dagrun for example_sensors to None, run_after=None
[2025-06-14T19:21:57.447+0200] {processor.py:175} INFO - Processing /home/monica.fernandez/practica_creativa/venv-airflow/lib/python3.11/site-packages/airflow/example_dags/example_sensors.py took 0.136 seconds
[2025-06-14T19:22:55.868+0200] {processor.py:153} INFO - Started process (PID=200857) to work on /home/monica.fernandez/practica_creativa/venv-airflow/lib/python3.11/site-packages/airflow/example_dags/example_sensors.py
[2025-06-14T19:22:55.870+0200] {processor.py:743} INFO - Processing file /home/monica.fernandez/practica_creativa/venv-airflow/lib/python3.11/site-packages/airflow/example_dags/example_sensors.py for tasks to queue
[2025-06-14T19:22:55.870+0200] {logging_mixin.py:137} INFO - [2025-06-14T19:22:55.870+0200] {dagbag.py:538} INFO - Filling up the DagBag from /home/monica.fernandez/practica_creativa/venv-airflow/lib/python3.11/site-packages/airflow/example_dags/example_sensors.py
[2025-06-14T19:22:55.918+0200] {processor.py:753} INFO - DAG(s) dict_keys(['example_sensors']) retrieved from /home/monica.fernandez/practica_creativa/venv-airflow/lib/python3.11/site-packages/airflow/example_dags/example_sensors.py
[2025-06-14T19:22:55.963+0200] {logging_mixin.py:137} INFO - [2025-06-14T19:22:55.962+0200] {dag.py:2690} INFO - Sync 1 DAGs
[2025-06-14T19:22:55.988+0200] {logging_mixin.py:137} INFO - [2025-06-14T19:22:55.988+0200] {dag.py:3437} INFO - Setting next_dagrun for example_sensors to None, run_after=None
[2025-06-14T19:22:56.051+0200] {processor.py:175} INFO - Processing /home/monica.fernandez/practica_creativa/venv-airflow/lib/python3.11/site-packages/airflow/example_dags/example_sensors.py took 0.188 seconds
[2025-06-14T19:23:45.602+0200] {processor.py:153} INFO - Started process (PID=201261) to work on /home/monica.fernandez/practica_creativa/venv-airflow/lib/python3.11/site-packages/airflow/example_dags/example_sensors.py
[2025-06-14T19:23:45.603+0200] {processor.py:743} INFO - Processing file /home/monica.fernandez/practica_creativa/venv-airflow/lib/python3.11/site-packages/airflow/example_dags/example_sensors.py for tasks to queue
[2025-06-14T19:23:45.604+0200] {logging_mixin.py:137} INFO - [2025-06-14T19:23:45.604+0200] {dagbag.py:538} INFO - Filling up the DagBag from /home/monica.fernandez/practica_creativa/venv-airflow/lib/python3.11/site-packages/airflow/example_dags/example_sensors.py
[2025-06-14T19:23:45.654+0200] {processor.py:753} INFO - DAG(s) dict_keys(['example_sensors']) retrieved from /home/monica.fernandez/practica_creativa/venv-airflow/lib/python3.11/site-packages/airflow/example_dags/example_sensors.py
[2025-06-14T19:23:45.708+0200] {logging_mixin.py:137} INFO - [2025-06-14T19:23:45.708+0200] {dag.py:2690} INFO - Sync 1 DAGs
[2025-06-14T19:23:45.737+0200] {logging_mixin.py:137} INFO - [2025-06-14T19:23:45.737+0200] {dag.py:3437} INFO - Setting next_dagrun for example_sensors to None, run_after=None
[2025-06-14T19:23:45.801+0200] {processor.py:175} INFO - Processing /home/monica.fernandez/practica_creativa/venv-airflow/lib/python3.11/site-packages/airflow/example_dags/example_sensors.py took 0.204 seconds
[2025-06-14T19:24:40.319+0200] {processor.py:153} INFO - Started process (PID=201717) to work on /home/monica.fernandez/practica_creativa/venv-airflow/lib/python3.11/site-packages/airflow/example_dags/example_sensors.py
[2025-06-14T19:24:40.320+0200] {processor.py:743} INFO - Processing file /home/monica.fernandez/practica_creativa/venv-airflow/lib/python3.11/site-packages/airflow/example_dags/example_sensors.py for tasks to queue
[2025-06-14T19:24:40.321+0200] {logging_mixin.py:137} INFO - [2025-06-14T19:24:40.320+0200] {dagbag.py:538} INFO - Filling up the DagBag from /home/monica.fernandez/practica_creativa/venv-airflow/lib/python3.11/site-packages/airflow/example_dags/example_sensors.py
[2025-06-14T19:24:40.351+0200] {processor.py:753} INFO - DAG(s) dict_keys(['example_sensors']) retrieved from /home/monica.fernandez/practica_creativa/venv-airflow/lib/python3.11/site-packages/airflow/example_dags/example_sensors.py
[2025-06-14T19:24:40.382+0200] {logging_mixin.py:137} INFO - [2025-06-14T19:24:40.381+0200] {dag.py:2690} INFO - Sync 1 DAGs
[2025-06-14T19:24:40.408+0200] {logging_mixin.py:137} INFO - [2025-06-14T19:24:40.408+0200] {dag.py:3437} INFO - Setting next_dagrun for example_sensors to None, run_after=None
[2025-06-14T19:24:40.473+0200] {processor.py:175} INFO - Processing /home/monica.fernandez/practica_creativa/venv-airflow/lib/python3.11/site-packages/airflow/example_dags/example_sensors.py took 0.156 seconds
[2025-06-14T19:25:28.996+0200] {processor.py:153} INFO - Started process (PID=202036) to work on /home/monica.fernandez/practica_creativa/venv-airflow/lib/python3.11/site-packages/airflow/example_dags/example_sensors.py
[2025-06-14T19:25:28.996+0200] {processor.py:743} INFO - Processing file /home/monica.fernandez/practica_creativa/venv-airflow/lib/python3.11/site-packages/airflow/example_dags/example_sensors.py for tasks to queue
[2025-06-14T19:25:28.997+0200] {logging_mixin.py:137} INFO - [2025-06-14T19:25:28.997+0200] {dagbag.py:538} INFO - Filling up the DagBag from /home/monica.fernandez/practica_creativa/venv-airflow/lib/python3.11/site-packages/airflow/example_dags/example_sensors.py
[2025-06-14T19:25:29.028+0200] {processor.py:753} INFO - DAG(s) dict_keys(['example_sensors']) retrieved from /home/monica.fernandez/practica_creativa/venv-airflow/lib/python3.11/site-packages/airflow/example_dags/example_sensors.py
[2025-06-14T19:25:29.072+0200] {logging_mixin.py:137} INFO - [2025-06-14T19:25:29.072+0200] {dag.py:2690} INFO - Sync 1 DAGs
[2025-06-14T19:25:29.105+0200] {logging_mixin.py:137} INFO - [2025-06-14T19:25:29.105+0200] {dag.py:3437} INFO - Setting next_dagrun for example_sensors to None, run_after=None
[2025-06-14T19:25:29.170+0200] {processor.py:175} INFO - Processing /home/monica.fernandez/practica_creativa/venv-airflow/lib/python3.11/site-packages/airflow/example_dags/example_sensors.py took 0.184 seconds
[2025-06-14T19:29:08.123+0200] {processor.py:153} INFO - Started process (PID=204752) to work on /home/monica.fernandez/practica_creativa/venv-airflow/lib/python3.11/site-packages/airflow/example_dags/example_sensors.py
[2025-06-14T19:29:08.124+0200] {processor.py:743} INFO - Processing file /home/monica.fernandez/practica_creativa/venv-airflow/lib/python3.11/site-packages/airflow/example_dags/example_sensors.py for tasks to queue
[2025-06-14T19:29:08.125+0200] {logging_mixin.py:137} INFO - [2025-06-14T19:29:08.125+0200] {dagbag.py:538} INFO - Filling up the DagBag from /home/monica.fernandez/practica_creativa/venv-airflow/lib/python3.11/site-packages/airflow/example_dags/example_sensors.py
[2025-06-14T19:29:08.162+0200] {processor.py:753} INFO - DAG(s) dict_keys(['example_sensors']) retrieved from /home/monica.fernandez/practica_creativa/venv-airflow/lib/python3.11/site-packages/airflow/example_dags/example_sensors.py
[2025-06-14T19:29:08.204+0200] {logging_mixin.py:137} INFO - [2025-06-14T19:29:08.204+0200] {dag.py:2690} INFO - Sync 1 DAGs
[2025-06-14T19:29:08.235+0200] {logging_mixin.py:137} INFO - [2025-06-14T19:29:08.235+0200] {dag.py:3437} INFO - Setting next_dagrun for example_sensors to None, run_after=None
[2025-06-14T19:29:08.306+0200] {processor.py:175} INFO - Processing /home/monica.fernandez/practica_creativa/venv-airflow/lib/python3.11/site-packages/airflow/example_dags/example_sensors.py took 0.188 seconds
[2025-06-14T19:29:58.081+0200] {processor.py:153} INFO - Started process (PID=205110) to work on /home/monica.fernandez/practica_creativa/venv-airflow/lib/python3.11/site-packages/airflow/example_dags/example_sensors.py
[2025-06-14T19:29:58.082+0200] {processor.py:743} INFO - Processing file /home/monica.fernandez/practica_creativa/venv-airflow/lib/python3.11/site-packages/airflow/example_dags/example_sensors.py for tasks to queue
[2025-06-14T19:29:58.082+0200] {logging_mixin.py:137} INFO - [2025-06-14T19:29:58.082+0200] {dagbag.py:538} INFO - Filling up the DagBag from /home/monica.fernandez/practica_creativa/venv-airflow/lib/python3.11/site-packages/airflow/example_dags/example_sensors.py
[2025-06-14T19:29:58.104+0200] {processor.py:753} INFO - DAG(s) dict_keys(['example_sensors']) retrieved from /home/monica.fernandez/practica_creativa/venv-airflow/lib/python3.11/site-packages/airflow/example_dags/example_sensors.py
[2025-06-14T19:29:58.139+0200] {logging_mixin.py:137} INFO - [2025-06-14T19:29:58.139+0200] {dag.py:2690} INFO - Sync 1 DAGs
[2025-06-14T19:29:58.160+0200] {logging_mixin.py:137} INFO - [2025-06-14T19:29:58.160+0200] {dag.py:3437} INFO - Setting next_dagrun for example_sensors to None, run_after=None
[2025-06-14T19:29:58.213+0200] {processor.py:175} INFO - Processing /home/monica.fernandez/practica_creativa/venv-airflow/lib/python3.11/site-packages/airflow/example_dags/example_sensors.py took 0.136 seconds
[2025-06-14T19:30:48.368+0200] {processor.py:153} INFO - Started process (PID=205542) to work on /home/monica.fernandez/practica_creativa/venv-airflow/lib/python3.11/site-packages/airflow/example_dags/example_sensors.py
[2025-06-14T19:30:48.369+0200] {processor.py:743} INFO - Processing file /home/monica.fernandez/practica_creativa/venv-airflow/lib/python3.11/site-packages/airflow/example_dags/example_sensors.py for tasks to queue
[2025-06-14T19:30:48.370+0200] {logging_mixin.py:137} INFO - [2025-06-14T19:30:48.370+0200] {dagbag.py:538} INFO - Filling up the DagBag from /home/monica.fernandez/practica_creativa/venv-airflow/lib/python3.11/site-packages/airflow/example_dags/example_sensors.py
[2025-06-14T19:30:48.399+0200] {processor.py:753} INFO - DAG(s) dict_keys(['example_sensors']) retrieved from /home/monica.fernandez/practica_creativa/venv-airflow/lib/python3.11/site-packages/airflow/example_dags/example_sensors.py
[2025-06-14T19:30:48.449+0200] {logging_mixin.py:137} INFO - [2025-06-14T19:30:48.449+0200] {dag.py:2690} INFO - Sync 1 DAGs
[2025-06-14T19:30:48.486+0200] {logging_mixin.py:137} INFO - [2025-06-14T19:30:48.486+0200] {dag.py:3437} INFO - Setting next_dagrun for example_sensors to None, run_after=None
[2025-06-14T19:30:48.564+0200] {processor.py:175} INFO - Processing /home/monica.fernandez/practica_creativa/venv-airflow/lib/python3.11/site-packages/airflow/example_dags/example_sensors.py took 0.201 seconds
[2025-06-14T19:31:44.952+0200] {processor.py:153} INFO - Started process (PID=206004) to work on /home/monica.fernandez/practica_creativa/venv-airflow/lib/python3.11/site-packages/airflow/example_dags/example_sensors.py
[2025-06-14T19:31:44.953+0200] {processor.py:743} INFO - Processing file /home/monica.fernandez/practica_creativa/venv-airflow/lib/python3.11/site-packages/airflow/example_dags/example_sensors.py for tasks to queue
[2025-06-14T19:31:44.954+0200] {logging_mixin.py:137} INFO - [2025-06-14T19:31:44.954+0200] {dagbag.py:538} INFO - Filling up the DagBag from /home/monica.fernandez/practica_creativa/venv-airflow/lib/python3.11/site-packages/airflow/example_dags/example_sensors.py
[2025-06-14T19:31:44.980+0200] {processor.py:753} INFO - DAG(s) dict_keys(['example_sensors']) retrieved from /home/monica.fernandez/practica_creativa/venv-airflow/lib/python3.11/site-packages/airflow/example_dags/example_sensors.py
[2025-06-14T19:31:45.025+0200] {logging_mixin.py:137} INFO - [2025-06-14T19:31:45.024+0200] {dag.py:2690} INFO - Sync 1 DAGs
[2025-06-14T19:31:45.058+0200] {logging_mixin.py:137} INFO - [2025-06-14T19:31:45.058+0200] {dag.py:3437} INFO - Setting next_dagrun for example_sensors to None, run_after=None
[2025-06-14T19:31:45.146+0200] {processor.py:175} INFO - Processing /home/monica.fernandez/practica_creativa/venv-airflow/lib/python3.11/site-packages/airflow/example_dags/example_sensors.py took 0.200 seconds
[2025-06-14T19:35:25.721+0200] {processor.py:153} INFO - Started process (PID=208374) to work on /home/monica.fernandez/practica_creativa/venv-airflow/lib/python3.11/site-packages/airflow/example_dags/example_sensors.py
[2025-06-14T19:35:25.722+0200] {processor.py:743} INFO - Processing file /home/monica.fernandez/practica_creativa/venv-airflow/lib/python3.11/site-packages/airflow/example_dags/example_sensors.py for tasks to queue
[2025-06-14T19:35:25.723+0200] {logging_mixin.py:137} INFO - [2025-06-14T19:35:25.723+0200] {dagbag.py:538} INFO - Filling up the DagBag from /home/monica.fernandez/practica_creativa/venv-airflow/lib/python3.11/site-packages/airflow/example_dags/example_sensors.py
[2025-06-14T19:35:25.757+0200] {processor.py:753} INFO - DAG(s) dict_keys(['example_sensors']) retrieved from /home/monica.fernandez/practica_creativa/venv-airflow/lib/python3.11/site-packages/airflow/example_dags/example_sensors.py
[2025-06-14T19:35:25.805+0200] {logging_mixin.py:137} INFO - [2025-06-14T19:35:25.804+0200] {dag.py:2690} INFO - Sync 1 DAGs
[2025-06-14T19:35:25.838+0200] {logging_mixin.py:137} INFO - [2025-06-14T19:35:25.838+0200] {dag.py:3437} INFO - Setting next_dagrun for example_sensors to None, run_after=None
[2025-06-14T19:35:25.914+0200] {processor.py:175} INFO - Processing /home/monica.fernandez/practica_creativa/venv-airflow/lib/python3.11/site-packages/airflow/example_dags/example_sensors.py took 0.198 seconds
[2025-06-14T19:36:14.236+0200] {processor.py:153} INFO - Started process (PID=208811) to work on /home/monica.fernandez/practica_creativa/venv-airflow/lib/python3.11/site-packages/airflow/example_dags/example_sensors.py
[2025-06-14T19:36:14.237+0200] {processor.py:743} INFO - Processing file /home/monica.fernandez/practica_creativa/venv-airflow/lib/python3.11/site-packages/airflow/example_dags/example_sensors.py for tasks to queue
[2025-06-14T19:36:14.238+0200] {logging_mixin.py:137} INFO - [2025-06-14T19:36:14.237+0200] {dagbag.py:538} INFO - Filling up the DagBag from /home/monica.fernandez/practica_creativa/venv-airflow/lib/python3.11/site-packages/airflow/example_dags/example_sensors.py
[2025-06-14T19:36:14.265+0200] {processor.py:753} INFO - DAG(s) dict_keys(['example_sensors']) retrieved from /home/monica.fernandez/practica_creativa/venv-airflow/lib/python3.11/site-packages/airflow/example_dags/example_sensors.py
[2025-06-14T19:36:14.312+0200] {logging_mixin.py:137} INFO - [2025-06-14T19:36:14.312+0200] {dag.py:2690} INFO - Sync 1 DAGs
[2025-06-14T19:36:14.348+0200] {logging_mixin.py:137} INFO - [2025-06-14T19:36:14.347+0200] {dag.py:3437} INFO - Setting next_dagrun for example_sensors to None, run_after=None
[2025-06-14T19:36:14.426+0200] {processor.py:175} INFO - Processing /home/monica.fernandez/practica_creativa/venv-airflow/lib/python3.11/site-packages/airflow/example_dags/example_sensors.py took 0.196 seconds
[2025-06-14T19:37:02.978+0200] {processor.py:153} INFO - Started process (PID=209291) to work on /home/monica.fernandez/practica_creativa/venv-airflow/lib/python3.11/site-packages/airflow/example_dags/example_sensors.py
[2025-06-14T19:37:02.979+0200] {processor.py:743} INFO - Processing file /home/monica.fernandez/practica_creativa/venv-airflow/lib/python3.11/site-packages/airflow/example_dags/example_sensors.py for tasks to queue
[2025-06-14T19:37:02.980+0200] {logging_mixin.py:137} INFO - [2025-06-14T19:37:02.980+0200] {dagbag.py:538} INFO - Filling up the DagBag from /home/monica.fernandez/practica_creativa/venv-airflow/lib/python3.11/site-packages/airflow/example_dags/example_sensors.py
[2025-06-14T19:37:03.008+0200] {processor.py:753} INFO - DAG(s) dict_keys(['example_sensors']) retrieved from /home/monica.fernandez/practica_creativa/venv-airflow/lib/python3.11/site-packages/airflow/example_dags/example_sensors.py
[2025-06-14T19:37:03.052+0200] {logging_mixin.py:137} INFO - [2025-06-14T19:37:03.052+0200] {dag.py:2690} INFO - Sync 1 DAGs
[2025-06-14T19:37:03.087+0200] {logging_mixin.py:137} INFO - [2025-06-14T19:37:03.087+0200] {dag.py:3437} INFO - Setting next_dagrun for example_sensors to None, run_after=None
[2025-06-14T19:37:03.160+0200] {processor.py:175} INFO - Processing /home/monica.fernandez/practica_creativa/venv-airflow/lib/python3.11/site-packages/airflow/example_dags/example_sensors.py took 0.187 seconds
[2025-06-14T19:37:59.420+0200] {processor.py:153} INFO - Started process (PID=209733) to work on /home/monica.fernandez/practica_creativa/venv-airflow/lib/python3.11/site-packages/airflow/example_dags/example_sensors.py
[2025-06-14T19:37:59.421+0200] {processor.py:743} INFO - Processing file /home/monica.fernandez/practica_creativa/venv-airflow/lib/python3.11/site-packages/airflow/example_dags/example_sensors.py for tasks to queue
[2025-06-14T19:37:59.422+0200] {logging_mixin.py:137} INFO - [2025-06-14T19:37:59.422+0200] {dagbag.py:538} INFO - Filling up the DagBag from /home/monica.fernandez/practica_creativa/venv-airflow/lib/python3.11/site-packages/airflow/example_dags/example_sensors.py
[2025-06-14T19:37:59.449+0200] {processor.py:753} INFO - DAG(s) dict_keys(['example_sensors']) retrieved from /home/monica.fernandez/practica_creativa/venv-airflow/lib/python3.11/site-packages/airflow/example_dags/example_sensors.py
[2025-06-14T19:37:59.495+0200] {logging_mixin.py:137} INFO - [2025-06-14T19:37:59.495+0200] {dag.py:2690} INFO - Sync 1 DAGs
[2025-06-14T19:37:59.531+0200] {logging_mixin.py:137} INFO - [2025-06-14T19:37:59.530+0200] {dag.py:3437} INFO - Setting next_dagrun for example_sensors to None, run_after=None
[2025-06-14T19:37:59.604+0200] {processor.py:175} INFO - Processing /home/monica.fernandez/practica_creativa/venv-airflow/lib/python3.11/site-packages/airflow/example_dags/example_sensors.py took 0.189 seconds
[2025-06-14T19:40:22.403+0200] {processor.py:153} INFO - Started process (PID=211216) to work on /home/monica.fernandez/practica_creativa/venv-airflow/lib/python3.11/site-packages/airflow/example_dags/example_sensors.py
[2025-06-14T19:40:22.404+0200] {processor.py:743} INFO - Processing file /home/monica.fernandez/practica_creativa/venv-airflow/lib/python3.11/site-packages/airflow/example_dags/example_sensors.py for tasks to queue
[2025-06-14T19:40:22.405+0200] {logging_mixin.py:137} INFO - [2025-06-14T19:40:22.405+0200] {dagbag.py:538} INFO - Filling up the DagBag from /home/monica.fernandez/practica_creativa/venv-airflow/lib/python3.11/site-packages/airflow/example_dags/example_sensors.py
[2025-06-14T19:40:22.433+0200] {processor.py:753} INFO - DAG(s) dict_keys(['example_sensors']) retrieved from /home/monica.fernandez/practica_creativa/venv-airflow/lib/python3.11/site-packages/airflow/example_dags/example_sensors.py
[2025-06-14T19:40:22.480+0200] {logging_mixin.py:137} INFO - [2025-06-14T19:40:22.480+0200] {dag.py:2690} INFO - Sync 1 DAGs
[2025-06-14T19:40:22.513+0200] {logging_mixin.py:137} INFO - [2025-06-14T19:40:22.513+0200] {dag.py:3437} INFO - Setting next_dagrun for example_sensors to None, run_after=None
[2025-06-14T19:40:22.584+0200] {processor.py:175} INFO - Processing /home/monica.fernandez/practica_creativa/venv-airflow/lib/python3.11/site-packages/airflow/example_dags/example_sensors.py took 0.186 seconds
[2025-06-14T19:41:11.362+0200] {processor.py:153} INFO - Started process (PID=211630) to work on /home/monica.fernandez/practica_creativa/venv-airflow/lib/python3.11/site-packages/airflow/example_dags/example_sensors.py
[2025-06-14T19:41:11.363+0200] {processor.py:743} INFO - Processing file /home/monica.fernandez/practica_creativa/venv-airflow/lib/python3.11/site-packages/airflow/example_dags/example_sensors.py for tasks to queue
[2025-06-14T19:41:11.364+0200] {logging_mixin.py:137} INFO - [2025-06-14T19:41:11.364+0200] {dagbag.py:538} INFO - Filling up the DagBag from /home/monica.fernandez/practica_creativa/venv-airflow/lib/python3.11/site-packages/airflow/example_dags/example_sensors.py
[2025-06-14T19:41:11.388+0200] {processor.py:753} INFO - DAG(s) dict_keys(['example_sensors']) retrieved from /home/monica.fernandez/practica_creativa/venv-airflow/lib/python3.11/site-packages/airflow/example_dags/example_sensors.py
[2025-06-14T19:41:11.434+0200] {logging_mixin.py:137} INFO - [2025-06-14T19:41:11.434+0200] {dag.py:2690} INFO - Sync 1 DAGs
[2025-06-14T19:41:11.467+0200] {logging_mixin.py:137} INFO - [2025-06-14T19:41:11.467+0200] {dag.py:3437} INFO - Setting next_dagrun for example_sensors to None, run_after=None
[2025-06-14T19:41:11.539+0200] {processor.py:175} INFO - Processing /home/monica.fernandez/practica_creativa/venv-airflow/lib/python3.11/site-packages/airflow/example_dags/example_sensors.py took 0.183 seconds
[2025-06-14T19:42:01.827+0200] {processor.py:153} INFO - Started process (PID=212031) to work on /home/monica.fernandez/practica_creativa/venv-airflow/lib/python3.11/site-packages/airflow/example_dags/example_sensors.py
[2025-06-14T19:42:01.828+0200] {processor.py:743} INFO - Processing file /home/monica.fernandez/practica_creativa/venv-airflow/lib/python3.11/site-packages/airflow/example_dags/example_sensors.py for tasks to queue
[2025-06-14T19:42:01.828+0200] {logging_mixin.py:137} INFO - [2025-06-14T19:42:01.828+0200] {dagbag.py:538} INFO - Filling up the DagBag from /home/monica.fernandez/practica_creativa/venv-airflow/lib/python3.11/site-packages/airflow/example_dags/example_sensors.py
[2025-06-14T19:42:01.844+0200] {processor.py:753} INFO - DAG(s) dict_keys(['example_sensors']) retrieved from /home/monica.fernandez/practica_creativa/venv-airflow/lib/python3.11/site-packages/airflow/example_dags/example_sensors.py
[2025-06-14T19:42:01.871+0200] {logging_mixin.py:137} INFO - [2025-06-14T19:42:01.871+0200] {dag.py:2690} INFO - Sync 1 DAGs
[2025-06-14T19:42:01.893+0200] {logging_mixin.py:137} INFO - [2025-06-14T19:42:01.892+0200] {dag.py:3437} INFO - Setting next_dagrun for example_sensors to None, run_after=None
[2025-06-14T19:42:01.945+0200] {processor.py:175} INFO - Processing /home/monica.fernandez/practica_creativa/venv-airflow/lib/python3.11/site-packages/airflow/example_dags/example_sensors.py took 0.120 seconds
[2025-06-14T19:42:58.790+0200] {processor.py:153} INFO - Started process (PID=212466) to work on /home/monica.fernandez/practica_creativa/venv-airflow/lib/python3.11/site-packages/airflow/example_dags/example_sensors.py
[2025-06-14T19:42:58.791+0200] {processor.py:743} INFO - Processing file /home/monica.fernandez/practica_creativa/venv-airflow/lib/python3.11/site-packages/airflow/example_dags/example_sensors.py for tasks to queue
[2025-06-14T19:42:58.792+0200] {logging_mixin.py:137} INFO - [2025-06-14T19:42:58.792+0200] {dagbag.py:538} INFO - Filling up the DagBag from /home/monica.fernandez/practica_creativa/venv-airflow/lib/python3.11/site-packages/airflow/example_dags/example_sensors.py
[2025-06-14T19:42:58.818+0200] {processor.py:753} INFO - DAG(s) dict_keys(['example_sensors']) retrieved from /home/monica.fernandez/practica_creativa/venv-airflow/lib/python3.11/site-packages/airflow/example_dags/example_sensors.py
[2025-06-14T19:42:58.872+0200] {logging_mixin.py:137} INFO - [2025-06-14T19:42:58.872+0200] {dag.py:2690} INFO - Sync 1 DAGs
[2025-06-14T19:42:58.901+0200] {logging_mixin.py:137} INFO - [2025-06-14T19:42:58.901+0200] {dag.py:3437} INFO - Setting next_dagrun for example_sensors to None, run_after=None
[2025-06-14T19:42:58.966+0200] {processor.py:175} INFO - Processing /home/monica.fernandez/practica_creativa/venv-airflow/lib/python3.11/site-packages/airflow/example_dags/example_sensors.py took 0.181 seconds
[2025-06-14T19:43:56.280+0200] {processor.py:153} INFO - Started process (PID=212930) to work on /home/monica.fernandez/practica_creativa/venv-airflow/lib/python3.11/site-packages/airflow/example_dags/example_sensors.py
[2025-06-14T19:43:56.281+0200] {processor.py:743} INFO - Processing file /home/monica.fernandez/practica_creativa/venv-airflow/lib/python3.11/site-packages/airflow/example_dags/example_sensors.py for tasks to queue
[2025-06-14T19:43:56.281+0200] {logging_mixin.py:137} INFO - [2025-06-14T19:43:56.281+0200] {dagbag.py:538} INFO - Filling up the DagBag from /home/monica.fernandez/practica_creativa/venv-airflow/lib/python3.11/site-packages/airflow/example_dags/example_sensors.py
[2025-06-14T19:43:56.296+0200] {processor.py:753} INFO - DAG(s) dict_keys(['example_sensors']) retrieved from /home/monica.fernandez/practica_creativa/venv-airflow/lib/python3.11/site-packages/airflow/example_dags/example_sensors.py
[2025-06-14T19:43:56.324+0200] {logging_mixin.py:137} INFO - [2025-06-14T19:43:56.324+0200] {dag.py:2690} INFO - Sync 1 DAGs
[2025-06-14T19:43:56.345+0200] {logging_mixin.py:137} INFO - [2025-06-14T19:43:56.345+0200] {dag.py:3437} INFO - Setting next_dagrun for example_sensors to None, run_after=None
[2025-06-14T19:43:56.403+0200] {processor.py:175} INFO - Processing /home/monica.fernandez/practica_creativa/venv-airflow/lib/python3.11/site-packages/airflow/example_dags/example_sensors.py took 0.125 seconds
[2025-06-14T19:44:53.609+0200] {processor.py:153} INFO - Started process (PID=213387) to work on /home/monica.fernandez/practica_creativa/venv-airflow/lib/python3.11/site-packages/airflow/example_dags/example_sensors.py
[2025-06-14T19:44:53.611+0200] {processor.py:743} INFO - Processing file /home/monica.fernandez/practica_creativa/venv-airflow/lib/python3.11/site-packages/airflow/example_dags/example_sensors.py for tasks to queue
[2025-06-14T19:44:53.611+0200] {logging_mixin.py:137} INFO - [2025-06-14T19:44:53.611+0200] {dagbag.py:538} INFO - Filling up the DagBag from /home/monica.fernandez/practica_creativa/venv-airflow/lib/python3.11/site-packages/airflow/example_dags/example_sensors.py
[2025-06-14T19:44:53.624+0200] {processor.py:753} INFO - DAG(s) dict_keys(['example_sensors']) retrieved from /home/monica.fernandez/practica_creativa/venv-airflow/lib/python3.11/site-packages/airflow/example_dags/example_sensors.py
[2025-06-14T19:44:53.650+0200] {logging_mixin.py:137} INFO - [2025-06-14T19:44:53.650+0200] {dag.py:2690} INFO - Sync 1 DAGs
[2025-06-14T19:44:53.673+0200] {logging_mixin.py:137} INFO - [2025-06-14T19:44:53.673+0200] {dag.py:3437} INFO - Setting next_dagrun for example_sensors to None, run_after=None
[2025-06-14T19:44:53.726+0200] {processor.py:175} INFO - Processing /home/monica.fernandez/practica_creativa/venv-airflow/lib/python3.11/site-packages/airflow/example_dags/example_sensors.py took 0.119 seconds
[2025-06-14T19:46:32.874+0200] {processor.py:153} INFO - Started process (PID=214448) to work on /home/monica.fernandez/practica_creativa/venv-airflow/lib/python3.11/site-packages/airflow/example_dags/example_sensors.py
[2025-06-14T19:46:32.875+0200] {processor.py:743} INFO - Processing file /home/monica.fernandez/practica_creativa/venv-airflow/lib/python3.11/site-packages/airflow/example_dags/example_sensors.py for tasks to queue
[2025-06-14T19:46:32.876+0200] {logging_mixin.py:137} INFO - [2025-06-14T19:46:32.876+0200] {dagbag.py:538} INFO - Filling up the DagBag from /home/monica.fernandez/practica_creativa/venv-airflow/lib/python3.11/site-packages/airflow/example_dags/example_sensors.py
[2025-06-14T19:46:32.904+0200] {processor.py:753} INFO - DAG(s) dict_keys(['example_sensors']) retrieved from /home/monica.fernandez/practica_creativa/venv-airflow/lib/python3.11/site-packages/airflow/example_dags/example_sensors.py
[2025-06-14T19:46:32.949+0200] {logging_mixin.py:137} INFO - [2025-06-14T19:46:32.949+0200] {dag.py:2690} INFO - Sync 1 DAGs
[2025-06-14T19:46:32.985+0200] {logging_mixin.py:137} INFO - [2025-06-14T19:46:32.985+0200] {dag.py:3437} INFO - Setting next_dagrun for example_sensors to None, run_after=None
[2025-06-14T19:46:33.052+0200] {processor.py:175} INFO - Processing /home/monica.fernandez/practica_creativa/venv-airflow/lib/python3.11/site-packages/airflow/example_dags/example_sensors.py took 0.183 seconds
[2025-06-14T19:47:21.186+0200] {processor.py:153} INFO - Started process (PID=214830) to work on /home/monica.fernandez/practica_creativa/venv-airflow/lib/python3.11/site-packages/airflow/example_dags/example_sensors.py
[2025-06-14T19:47:21.187+0200] {processor.py:743} INFO - Processing file /home/monica.fernandez/practica_creativa/venv-airflow/lib/python3.11/site-packages/airflow/example_dags/example_sensors.py for tasks to queue
[2025-06-14T19:47:21.188+0200] {logging_mixin.py:137} INFO - [2025-06-14T19:47:21.188+0200] {dagbag.py:538} INFO - Filling up the DagBag from /home/monica.fernandez/practica_creativa/venv-airflow/lib/python3.11/site-packages/airflow/example_dags/example_sensors.py
[2025-06-14T19:47:21.214+0200] {processor.py:753} INFO - DAG(s) dict_keys(['example_sensors']) retrieved from /home/monica.fernandez/practica_creativa/venv-airflow/lib/python3.11/site-packages/airflow/example_dags/example_sensors.py
[2025-06-14T19:47:21.259+0200] {logging_mixin.py:137} INFO - [2025-06-14T19:47:21.259+0200] {dag.py:2690} INFO - Sync 1 DAGs
[2025-06-14T19:47:21.295+0200] {logging_mixin.py:137} INFO - [2025-06-14T19:47:21.295+0200] {dag.py:3437} INFO - Setting next_dagrun for example_sensors to None, run_after=None
[2025-06-14T19:47:21.366+0200] {processor.py:175} INFO - Processing /home/monica.fernandez/practica_creativa/venv-airflow/lib/python3.11/site-packages/airflow/example_dags/example_sensors.py took 0.186 seconds
[2025-06-14T19:48:10.927+0200] {processor.py:153} INFO - Started process (PID=215172) to work on /home/monica.fernandez/practica_creativa/venv-airflow/lib/python3.11/site-packages/airflow/example_dags/example_sensors.py
[2025-06-14T19:48:10.927+0200] {processor.py:743} INFO - Processing file /home/monica.fernandez/practica_creativa/venv-airflow/lib/python3.11/site-packages/airflow/example_dags/example_sensors.py for tasks to queue
[2025-06-14T19:48:10.928+0200] {logging_mixin.py:137} INFO - [2025-06-14T19:48:10.928+0200] {dagbag.py:538} INFO - Filling up the DagBag from /home/monica.fernandez/practica_creativa/venv-airflow/lib/python3.11/site-packages/airflow/example_dags/example_sensors.py
[2025-06-14T19:48:10.941+0200] {processor.py:753} INFO - DAG(s) dict_keys(['example_sensors']) retrieved from /home/monica.fernandez/practica_creativa/venv-airflow/lib/python3.11/site-packages/airflow/example_dags/example_sensors.py
[2025-06-14T19:48:10.969+0200] {logging_mixin.py:137} INFO - [2025-06-14T19:48:10.969+0200] {dag.py:2690} INFO - Sync 1 DAGs
[2025-06-14T19:48:10.989+0200] {logging_mixin.py:137} INFO - [2025-06-14T19:48:10.989+0200] {dag.py:3437} INFO - Setting next_dagrun for example_sensors to None, run_after=None
[2025-06-14T19:48:11.042+0200] {processor.py:175} INFO - Processing /home/monica.fernandez/practica_creativa/venv-airflow/lib/python3.11/site-packages/airflow/example_dags/example_sensors.py took 0.118 seconds
[2025-06-14T19:49:05.754+0200] {processor.py:153} INFO - Started process (PID=215957) to work on /home/monica.fernandez/practica_creativa/venv-airflow/lib/python3.11/site-packages/airflow/example_dags/example_sensors.py
[2025-06-14T19:49:05.755+0200] {processor.py:743} INFO - Processing file /home/monica.fernandez/practica_creativa/venv-airflow/lib/python3.11/site-packages/airflow/example_dags/example_sensors.py for tasks to queue
[2025-06-14T19:49:05.756+0200] {logging_mixin.py:137} INFO - [2025-06-14T19:49:05.755+0200] {dagbag.py:538} INFO - Filling up the DagBag from /home/monica.fernandez/practica_creativa/venv-airflow/lib/python3.11/site-packages/airflow/example_dags/example_sensors.py
[2025-06-14T19:49:05.771+0200] {processor.py:753} INFO - DAG(s) dict_keys(['example_sensors']) retrieved from /home/monica.fernandez/practica_creativa/venv-airflow/lib/python3.11/site-packages/airflow/example_dags/example_sensors.py
[2025-06-14T19:49:05.800+0200] {logging_mixin.py:137} INFO - [2025-06-14T19:49:05.800+0200] {dag.py:2690} INFO - Sync 1 DAGs
[2025-06-14T19:49:05.821+0200] {logging_mixin.py:137} INFO - [2025-06-14T19:49:05.821+0200] {dag.py:3437} INFO - Setting next_dagrun for example_sensors to None, run_after=None
[2025-06-14T19:49:05.879+0200] {processor.py:175} INFO - Processing /home/monica.fernandez/practica_creativa/venv-airflow/lib/python3.11/site-packages/airflow/example_dags/example_sensors.py took 0.128 seconds
[2025-06-14T19:50:02.974+0200] {processor.py:153} INFO - Started process (PID=216422) to work on /home/monica.fernandez/practica_creativa/venv-airflow/lib/python3.11/site-packages/airflow/example_dags/example_sensors.py
[2025-06-14T19:50:02.975+0200] {processor.py:743} INFO - Processing file /home/monica.fernandez/practica_creativa/venv-airflow/lib/python3.11/site-packages/airflow/example_dags/example_sensors.py for tasks to queue
[2025-06-14T19:50:02.977+0200] {logging_mixin.py:137} INFO - [2025-06-14T19:50:02.977+0200] {dagbag.py:538} INFO - Filling up the DagBag from /home/monica.fernandez/practica_creativa/venv-airflow/lib/python3.11/site-packages/airflow/example_dags/example_sensors.py
[2025-06-14T19:50:02.994+0200] {processor.py:753} INFO - DAG(s) dict_keys(['example_sensors']) retrieved from /home/monica.fernandez/practica_creativa/venv-airflow/lib/python3.11/site-packages/airflow/example_dags/example_sensors.py
[2025-06-14T19:50:03.021+0200] {logging_mixin.py:137} INFO - [2025-06-14T19:50:03.021+0200] {dag.py:2690} INFO - Sync 1 DAGs
[2025-06-14T19:50:03.041+0200] {logging_mixin.py:137} INFO - [2025-06-14T19:50:03.041+0200] {dag.py:3437} INFO - Setting next_dagrun for example_sensors to None, run_after=None
[2025-06-14T19:50:03.094+0200] {processor.py:175} INFO - Processing /home/monica.fernandez/practica_creativa/venv-airflow/lib/python3.11/site-packages/airflow/example_dags/example_sensors.py took 0.122 seconds
[2025-06-14T19:50:56.353+0200] {processor.py:153} INFO - Started process (PID=216856) to work on /home/monica.fernandez/practica_creativa/venv-airflow/lib/python3.11/site-packages/airflow/example_dags/example_sensors.py
[2025-06-14T19:50:56.354+0200] {processor.py:743} INFO - Processing file /home/monica.fernandez/practica_creativa/venv-airflow/lib/python3.11/site-packages/airflow/example_dags/example_sensors.py for tasks to queue
[2025-06-14T19:50:56.355+0200] {logging_mixin.py:137} INFO - [2025-06-14T19:50:56.355+0200] {dagbag.py:538} INFO - Filling up the DagBag from /home/monica.fernandez/practica_creativa/venv-airflow/lib/python3.11/site-packages/airflow/example_dags/example_sensors.py
[2025-06-14T19:50:56.379+0200] {processor.py:753} INFO - DAG(s) dict_keys(['example_sensors']) retrieved from /home/monica.fernandez/practica_creativa/venv-airflow/lib/python3.11/site-packages/airflow/example_dags/example_sensors.py
[2025-06-14T19:50:56.424+0200] {logging_mixin.py:137} INFO - [2025-06-14T19:50:56.424+0200] {dag.py:2690} INFO - Sync 1 DAGs
[2025-06-14T19:50:56.459+0200] {logging_mixin.py:137} INFO - [2025-06-14T19:50:56.459+0200] {dag.py:3437} INFO - Setting next_dagrun for example_sensors to None, run_after=None
[2025-06-14T19:50:56.533+0200] {processor.py:175} INFO - Processing /home/monica.fernandez/practica_creativa/venv-airflow/lib/python3.11/site-packages/airflow/example_dags/example_sensors.py took 0.185 seconds
[2025-06-14T19:51:48.496+0200] {processor.py:153} INFO - Started process (PID=217305) to work on /home/monica.fernandez/practica_creativa/venv-airflow/lib/python3.11/site-packages/airflow/example_dags/example_sensors.py
[2025-06-14T19:51:48.497+0200] {processor.py:743} INFO - Processing file /home/monica.fernandez/practica_creativa/venv-airflow/lib/python3.11/site-packages/airflow/example_dags/example_sensors.py for tasks to queue
[2025-06-14T19:51:48.497+0200] {logging_mixin.py:137} INFO - [2025-06-14T19:51:48.497+0200] {dagbag.py:538} INFO - Filling up the DagBag from /home/monica.fernandez/practica_creativa/venv-airflow/lib/python3.11/site-packages/airflow/example_dags/example_sensors.py
[2025-06-14T19:51:48.514+0200] {processor.py:753} INFO - DAG(s) dict_keys(['example_sensors']) retrieved from /home/monica.fernandez/practica_creativa/venv-airflow/lib/python3.11/site-packages/airflow/example_dags/example_sensors.py
[2025-06-14T19:51:48.543+0200] {logging_mixin.py:137} INFO - [2025-06-14T19:51:48.543+0200] {dag.py:2690} INFO - Sync 1 DAGs
[2025-06-14T19:51:48.564+0200] {logging_mixin.py:137} INFO - [2025-06-14T19:51:48.564+0200] {dag.py:3437} INFO - Setting next_dagrun for example_sensors to None, run_after=None
[2025-06-14T19:51:48.613+0200] {processor.py:175} INFO - Processing /home/monica.fernandez/practica_creativa/venv-airflow/lib/python3.11/site-packages/airflow/example_dags/example_sensors.py took 0.120 seconds
[2025-06-14T19:52:41.819+0200] {processor.py:153} INFO - Started process (PID=217638) to work on /home/monica.fernandez/practica_creativa/venv-airflow/lib/python3.11/site-packages/airflow/example_dags/example_sensors.py
[2025-06-14T19:52:41.821+0200] {processor.py:743} INFO - Processing file /home/monica.fernandez/practica_creativa/venv-airflow/lib/python3.11/site-packages/airflow/example_dags/example_sensors.py for tasks to queue
[2025-06-14T19:52:41.821+0200] {logging_mixin.py:137} INFO - [2025-06-14T19:52:41.821+0200] {dagbag.py:538} INFO - Filling up the DagBag from /home/monica.fernandez/practica_creativa/venv-airflow/lib/python3.11/site-packages/airflow/example_dags/example_sensors.py
[2025-06-14T19:52:41.846+0200] {processor.py:753} INFO - DAG(s) dict_keys(['example_sensors']) retrieved from /home/monica.fernandez/practica_creativa/venv-airflow/lib/python3.11/site-packages/airflow/example_dags/example_sensors.py
[2025-06-14T19:52:41.893+0200] {logging_mixin.py:137} INFO - [2025-06-14T19:52:41.893+0200] {dag.py:2690} INFO - Sync 1 DAGs
[2025-06-14T19:52:41.929+0200] {logging_mixin.py:137} INFO - [2025-06-14T19:52:41.929+0200] {dag.py:3437} INFO - Setting next_dagrun for example_sensors to None, run_after=None
[2025-06-14T19:52:42.005+0200] {processor.py:175} INFO - Processing /home/monica.fernandez/practica_creativa/venv-airflow/lib/python3.11/site-packages/airflow/example_dags/example_sensors.py took 0.191 seconds
[2025-06-14T19:53:33.973+0200] {processor.py:153} INFO - Started process (PID=218068) to work on /home/monica.fernandez/practica_creativa/venv-airflow/lib/python3.11/site-packages/airflow/example_dags/example_sensors.py
[2025-06-14T19:53:33.974+0200] {processor.py:743} INFO - Processing file /home/monica.fernandez/practica_creativa/venv-airflow/lib/python3.11/site-packages/airflow/example_dags/example_sensors.py for tasks to queue
[2025-06-14T19:53:33.974+0200] {logging_mixin.py:137} INFO - [2025-06-14T19:53:33.974+0200] {dagbag.py:538} INFO - Filling up the DagBag from /home/monica.fernandez/practica_creativa/venv-airflow/lib/python3.11/site-packages/airflow/example_dags/example_sensors.py
[2025-06-14T19:53:33.994+0200] {processor.py:753} INFO - DAG(s) dict_keys(['example_sensors']) retrieved from /home/monica.fernandez/practica_creativa/venv-airflow/lib/python3.11/site-packages/airflow/example_dags/example_sensors.py
[2025-06-14T19:53:34.027+0200] {logging_mixin.py:137} INFO - [2025-06-14T19:53:34.027+0200] {dag.py:2690} INFO - Sync 1 DAGs
[2025-06-14T19:53:34.050+0200] {logging_mixin.py:137} INFO - [2025-06-14T19:53:34.050+0200] {dag.py:3437} INFO - Setting next_dagrun for example_sensors to None, run_after=None
[2025-06-14T19:53:34.107+0200] {processor.py:175} INFO - Processing /home/monica.fernandez/practica_creativa/venv-airflow/lib/python3.11/site-packages/airflow/example_dags/example_sensors.py took 0.137 seconds
[2025-06-14T19:54:28.069+0200] {processor.py:153} INFO - Started process (PID=218486) to work on /home/monica.fernandez/practica_creativa/venv-airflow/lib/python3.11/site-packages/airflow/example_dags/example_sensors.py
[2025-06-14T19:54:28.070+0200] {processor.py:743} INFO - Processing file /home/monica.fernandez/practica_creativa/venv-airflow/lib/python3.11/site-packages/airflow/example_dags/example_sensors.py for tasks to queue
[2025-06-14T19:54:28.071+0200] {logging_mixin.py:137} INFO - [2025-06-14T19:54:28.071+0200] {dagbag.py:538} INFO - Filling up the DagBag from /home/monica.fernandez/practica_creativa/venv-airflow/lib/python3.11/site-packages/airflow/example_dags/example_sensors.py
[2025-06-14T19:54:28.096+0200] {processor.py:753} INFO - DAG(s) dict_keys(['example_sensors']) retrieved from /home/monica.fernandez/practica_creativa/venv-airflow/lib/python3.11/site-packages/airflow/example_dags/example_sensors.py
[2025-06-14T19:54:28.141+0200] {logging_mixin.py:137} INFO - [2025-06-14T19:54:28.141+0200] {dag.py:2690} INFO - Sync 1 DAGs
[2025-06-14T19:54:28.175+0200] {logging_mixin.py:137} INFO - [2025-06-14T19:54:28.175+0200] {dag.py:3437} INFO - Setting next_dagrun for example_sensors to None, run_after=None
[2025-06-14T19:54:28.235+0200] {processor.py:175} INFO - Processing /home/monica.fernandez/practica_creativa/venv-airflow/lib/python3.11/site-packages/airflow/example_dags/example_sensors.py took 0.170 seconds
[2025-06-14T19:55:22.216+0200] {processor.py:153} INFO - Started process (PID=218925) to work on /home/monica.fernandez/practica_creativa/venv-airflow/lib/python3.11/site-packages/airflow/example_dags/example_sensors.py
[2025-06-14T19:55:22.217+0200] {processor.py:743} INFO - Processing file /home/monica.fernandez/practica_creativa/venv-airflow/lib/python3.11/site-packages/airflow/example_dags/example_sensors.py for tasks to queue
[2025-06-14T19:55:22.218+0200] {logging_mixin.py:137} INFO - [2025-06-14T19:55:22.218+0200] {dagbag.py:538} INFO - Filling up the DagBag from /home/monica.fernandez/practica_creativa/venv-airflow/lib/python3.11/site-packages/airflow/example_dags/example_sensors.py
[2025-06-14T19:55:22.243+0200] {processor.py:753} INFO - DAG(s) dict_keys(['example_sensors']) retrieved from /home/monica.fernandez/practica_creativa/venv-airflow/lib/python3.11/site-packages/airflow/example_dags/example_sensors.py
[2025-06-14T19:55:22.290+0200] {logging_mixin.py:137} INFO - [2025-06-14T19:55:22.290+0200] {dag.py:2690} INFO - Sync 1 DAGs
[2025-06-14T19:55:22.323+0200] {logging_mixin.py:137} INFO - [2025-06-14T19:55:22.323+0200] {dag.py:3437} INFO - Setting next_dagrun for example_sensors to None, run_after=None
[2025-06-14T19:55:22.396+0200] {processor.py:175} INFO - Processing /home/monica.fernandez/practica_creativa/venv-airflow/lib/python3.11/site-packages/airflow/example_dags/example_sensors.py took 0.186 seconds
[2025-06-14T19:56:04.709+0200] {processor.py:153} INFO - Started process (PID=219221) to work on /home/monica.fernandez/practica_creativa/venv-airflow/lib/python3.11/site-packages/airflow/example_dags/example_sensors.py
[2025-06-14T19:56:04.710+0200] {processor.py:743} INFO - Processing file /home/monica.fernandez/practica_creativa/venv-airflow/lib/python3.11/site-packages/airflow/example_dags/example_sensors.py for tasks to queue
[2025-06-14T19:56:04.711+0200] {logging_mixin.py:137} INFO - [2025-06-14T19:56:04.711+0200] {dagbag.py:538} INFO - Filling up the DagBag from /home/monica.fernandez/practica_creativa/venv-airflow/lib/python3.11/site-packages/airflow/example_dags/example_sensors.py
[2025-06-14T19:56:04.737+0200] {processor.py:753} INFO - DAG(s) dict_keys(['example_sensors']) retrieved from /home/monica.fernandez/practica_creativa/venv-airflow/lib/python3.11/site-packages/airflow/example_dags/example_sensors.py
[2025-06-14T19:56:04.781+0200] {logging_mixin.py:137} INFO - [2025-06-14T19:56:04.781+0200] {dag.py:2690} INFO - Sync 1 DAGs
[2025-06-14T19:56:04.816+0200] {logging_mixin.py:137} INFO - [2025-06-14T19:56:04.816+0200] {dag.py:3437} INFO - Setting next_dagrun for example_sensors to None, run_after=None
[2025-06-14T19:56:04.889+0200] {processor.py:175} INFO - Processing /home/monica.fernandez/practica_creativa/venv-airflow/lib/python3.11/site-packages/airflow/example_dags/example_sensors.py took 0.185 seconds
[2025-06-14T19:56:58.188+0200] {processor.py:153} INFO - Started process (PID=219663) to work on /home/monica.fernandez/practica_creativa/venv-airflow/lib/python3.11/site-packages/airflow/example_dags/example_sensors.py
[2025-06-14T19:56:58.189+0200] {processor.py:743} INFO - Processing file /home/monica.fernandez/practica_creativa/venv-airflow/lib/python3.11/site-packages/airflow/example_dags/example_sensors.py for tasks to queue
[2025-06-14T19:56:58.190+0200] {logging_mixin.py:137} INFO - [2025-06-14T19:56:58.190+0200] {dagbag.py:538} INFO - Filling up the DagBag from /home/monica.fernandez/practica_creativa/venv-airflow/lib/python3.11/site-packages/airflow/example_dags/example_sensors.py
[2025-06-14T19:56:58.219+0200] {processor.py:753} INFO - DAG(s) dict_keys(['example_sensors']) retrieved from /home/monica.fernandez/practica_creativa/venv-airflow/lib/python3.11/site-packages/airflow/example_dags/example_sensors.py
[2025-06-14T19:56:58.283+0200] {logging_mixin.py:137} INFO - [2025-06-14T19:56:58.283+0200] {dag.py:2690} INFO - Sync 1 DAGs
[2025-06-14T19:56:58.309+0200] {logging_mixin.py:137} INFO - [2025-06-14T19:56:58.309+0200] {dag.py:3437} INFO - Setting next_dagrun for example_sensors to None, run_after=None
[2025-06-14T19:56:58.363+0200] {processor.py:175} INFO - Processing /home/monica.fernandez/practica_creativa/venv-airflow/lib/python3.11/site-packages/airflow/example_dags/example_sensors.py took 0.180 seconds
[2025-06-14T19:57:50.451+0200] {processor.py:153} INFO - Started process (PID=220100) to work on /home/monica.fernandez/practica_creativa/venv-airflow/lib/python3.11/site-packages/airflow/example_dags/example_sensors.py
[2025-06-14T19:57:50.452+0200] {processor.py:743} INFO - Processing file /home/monica.fernandez/practica_creativa/venv-airflow/lib/python3.11/site-packages/airflow/example_dags/example_sensors.py for tasks to queue
[2025-06-14T19:57:50.453+0200] {logging_mixin.py:137} INFO - [2025-06-14T19:57:50.453+0200] {dagbag.py:538} INFO - Filling up the DagBag from /home/monica.fernandez/practica_creativa/venv-airflow/lib/python3.11/site-packages/airflow/example_dags/example_sensors.py
[2025-06-14T19:57:50.478+0200] {processor.py:753} INFO - DAG(s) dict_keys(['example_sensors']) retrieved from /home/monica.fernandez/practica_creativa/venv-airflow/lib/python3.11/site-packages/airflow/example_dags/example_sensors.py
[2025-06-14T19:57:50.527+0200] {logging_mixin.py:137} INFO - [2025-06-14T19:57:50.527+0200] {dag.py:2690} INFO - Sync 1 DAGs
[2025-06-14T19:57:50.562+0200] {logging_mixin.py:137} INFO - [2025-06-14T19:57:50.562+0200] {dag.py:3437} INFO - Setting next_dagrun for example_sensors to None, run_after=None
[2025-06-14T19:57:50.623+0200] {processor.py:175} INFO - Processing /home/monica.fernandez/practica_creativa/venv-airflow/lib/python3.11/site-packages/airflow/example_dags/example_sensors.py took 0.177 seconds
[2025-06-14T19:58:43.619+0200] {processor.py:153} INFO - Started process (PID=220435) to work on /home/monica.fernandez/practica_creativa/venv-airflow/lib/python3.11/site-packages/airflow/example_dags/example_sensors.py
[2025-06-14T19:58:43.621+0200] {processor.py:743} INFO - Processing file /home/monica.fernandez/practica_creativa/venv-airflow/lib/python3.11/site-packages/airflow/example_dags/example_sensors.py for tasks to queue
[2025-06-14T19:58:43.621+0200] {logging_mixin.py:137} INFO - [2025-06-14T19:58:43.621+0200] {dagbag.py:538} INFO - Filling up the DagBag from /home/monica.fernandez/practica_creativa/venv-airflow/lib/python3.11/site-packages/airflow/example_dags/example_sensors.py
[2025-06-14T19:58:43.650+0200] {processor.py:753} INFO - DAG(s) dict_keys(['example_sensors']) retrieved from /home/monica.fernandez/practica_creativa/venv-airflow/lib/python3.11/site-packages/airflow/example_dags/example_sensors.py
[2025-06-14T19:58:43.696+0200] {logging_mixin.py:137} INFO - [2025-06-14T19:58:43.696+0200] {dag.py:2690} INFO - Sync 1 DAGs
[2025-06-14T19:58:43.731+0200] {logging_mixin.py:137} INFO - [2025-06-14T19:58:43.731+0200] {dag.py:3437} INFO - Setting next_dagrun for example_sensors to None, run_after=None
[2025-06-14T19:58:43.824+0200] {processor.py:175} INFO - Processing /home/monica.fernandez/practica_creativa/venv-airflow/lib/python3.11/site-packages/airflow/example_dags/example_sensors.py took 0.210 seconds
[2025-06-14T19:59:34.469+0200] {processor.py:153} INFO - Started process (PID=220873) to work on /home/monica.fernandez/practica_creativa/venv-airflow/lib/python3.11/site-packages/airflow/example_dags/example_sensors.py
[2025-06-14T19:59:34.470+0200] {processor.py:743} INFO - Processing file /home/monica.fernandez/practica_creativa/venv-airflow/lib/python3.11/site-packages/airflow/example_dags/example_sensors.py for tasks to queue
[2025-06-14T19:59:34.471+0200] {logging_mixin.py:137} INFO - [2025-06-14T19:59:34.471+0200] {dagbag.py:538} INFO - Filling up the DagBag from /home/monica.fernandez/practica_creativa/venv-airflow/lib/python3.11/site-packages/airflow/example_dags/example_sensors.py
[2025-06-14T19:59:34.497+0200] {processor.py:753} INFO - DAG(s) dict_keys(['example_sensors']) retrieved from /home/monica.fernandez/practica_creativa/venv-airflow/lib/python3.11/site-packages/airflow/example_dags/example_sensors.py
[2025-06-14T19:59:34.550+0200] {logging_mixin.py:137} INFO - [2025-06-14T19:59:34.550+0200] {dag.py:2690} INFO - Sync 1 DAGs
[2025-06-14T19:59:34.587+0200] {logging_mixin.py:137} INFO - [2025-06-14T19:59:34.587+0200] {dag.py:3437} INFO - Setting next_dagrun for example_sensors to None, run_after=None
[2025-06-14T19:59:34.648+0200] {processor.py:175} INFO - Processing /home/monica.fernandez/practica_creativa/venv-airflow/lib/python3.11/site-packages/airflow/example_dags/example_sensors.py took 0.184 seconds
[2025-06-14T20:00:32.800+0200] {processor.py:153} INFO - Started process (PID=221304) to work on /home/monica.fernandez/practica_creativa/venv-airflow/lib/python3.11/site-packages/airflow/example_dags/example_sensors.py
[2025-06-14T20:00:32.801+0200] {processor.py:743} INFO - Processing file /home/monica.fernandez/practica_creativa/venv-airflow/lib/python3.11/site-packages/airflow/example_dags/example_sensors.py for tasks to queue
[2025-06-14T20:00:32.802+0200] {logging_mixin.py:137} INFO - [2025-06-14T20:00:32.802+0200] {dagbag.py:538} INFO - Filling up the DagBag from /home/monica.fernandez/practica_creativa/venv-airflow/lib/python3.11/site-packages/airflow/example_dags/example_sensors.py
[2025-06-14T20:00:32.831+0200] {processor.py:753} INFO - DAG(s) dict_keys(['example_sensors']) retrieved from /home/monica.fernandez/practica_creativa/venv-airflow/lib/python3.11/site-packages/airflow/example_dags/example_sensors.py
[2025-06-14T20:00:32.878+0200] {logging_mixin.py:137} INFO - [2025-06-14T20:00:32.878+0200] {dag.py:2690} INFO - Sync 1 DAGs
[2025-06-14T20:00:32.912+0200] {logging_mixin.py:137} INFO - [2025-06-14T20:00:32.912+0200] {dag.py:3437} INFO - Setting next_dagrun for example_sensors to None, run_after=None
[2025-06-14T20:00:32.987+0200] {processor.py:175} INFO - Processing /home/monica.fernandez/practica_creativa/venv-airflow/lib/python3.11/site-packages/airflow/example_dags/example_sensors.py took 0.192 seconds
[2025-06-14T20:01:27.962+0200] {processor.py:153} INFO - Started process (PID=221753) to work on /home/monica.fernandez/practica_creativa/venv-airflow/lib/python3.11/site-packages/airflow/example_dags/example_sensors.py
[2025-06-14T20:01:27.964+0200] {processor.py:743} INFO - Processing file /home/monica.fernandez/practica_creativa/venv-airflow/lib/python3.11/site-packages/airflow/example_dags/example_sensors.py for tasks to queue
[2025-06-14T20:01:27.965+0200] {logging_mixin.py:137} INFO - [2025-06-14T20:01:27.964+0200] {dagbag.py:538} INFO - Filling up the DagBag from /home/monica.fernandez/practica_creativa/venv-airflow/lib/python3.11/site-packages/airflow/example_dags/example_sensors.py
[2025-06-14T20:01:27.989+0200] {processor.py:753} INFO - DAG(s) dict_keys(['example_sensors']) retrieved from /home/monica.fernandez/practica_creativa/venv-airflow/lib/python3.11/site-packages/airflow/example_dags/example_sensors.py
[2025-06-14T20:01:28.035+0200] {logging_mixin.py:137} INFO - [2025-06-14T20:01:28.034+0200] {dag.py:2690} INFO - Sync 1 DAGs
[2025-06-14T20:01:28.066+0200] {logging_mixin.py:137} INFO - [2025-06-14T20:01:28.066+0200] {dag.py:3437} INFO - Setting next_dagrun for example_sensors to None, run_after=None
[2025-06-14T20:01:28.136+0200] {processor.py:175} INFO - Processing /home/monica.fernandez/practica_creativa/venv-airflow/lib/python3.11/site-packages/airflow/example_dags/example_sensors.py took 0.178 seconds
