[2025-06-14T19:01:47.583+0200] {processor.py:153} INFO - Started process (PID=189480) to work on /home/monica.fernandez/practica_creativa/venv-airflow/lib/python3.11/site-packages/airflow/example_dags/example_sla_dag.py
[2025-06-14T19:01:47.584+0200] {processor.py:743} INFO - Processing file /home/monica.fernandez/practica_creativa/venv-airflow/lib/python3.11/site-packages/airflow/example_dags/example_sla_dag.py for tasks to queue
[2025-06-14T19:01:47.585+0200] {logging_mixin.py:137} INFO - [2025-06-14T19:01:47.585+0200] {dagbag.py:538} INFO - Filling up the DagBag from /home/monica.fernandez/practica_creativa/venv-airflow/lib/python3.11/site-packages/airflow/example_dags/example_sla_dag.py
[2025-06-14T19:01:47.634+0200] {processor.py:753} INFO - DAG(s) dict_keys(['example_sla_dag']) retrieved from /home/monica.fernandez/practica_creativa/venv-airflow/lib/python3.11/site-packages/airflow/example_dags/example_sla_dag.py
[2025-06-14T19:01:47.672+0200] {logging_mixin.py:137} INFO - [2025-06-14T19:01:47.672+0200] {dag.py:2690} INFO - Sync 1 DAGs
[2025-06-14T19:01:47.711+0200] {logging_mixin.py:137} INFO - [2025-06-14T19:01:47.710+0200] {dag.py:3437} INFO - Setting next_dagrun for example_sla_dag to 2025-06-14T16:58:00+00:00, run_after=2025-06-14T17:00:00+00:00
[2025-06-14T19:01:47.773+0200] {processor.py:175} INFO - Processing /home/monica.fernandez/practica_creativa/venv-airflow/lib/python3.11/site-packages/airflow/example_dags/example_sla_dag.py took 0.195 seconds
[2025-06-14T19:02:36.885+0200] {processor.py:153} INFO - Started process (PID=189943) to work on /home/monica.fernandez/practica_creativa/venv-airflow/lib/python3.11/site-packages/airflow/example_dags/example_sla_dag.py
[2025-06-14T19:02:36.886+0200] {processor.py:743} INFO - Processing file /home/monica.fernandez/practica_creativa/venv-airflow/lib/python3.11/site-packages/airflow/example_dags/example_sla_dag.py for tasks to queue
[2025-06-14T19:02:36.887+0200] {logging_mixin.py:137} INFO - [2025-06-14T19:02:36.887+0200] {dagbag.py:538} INFO - Filling up the DagBag from /home/monica.fernandez/practica_creativa/venv-airflow/lib/python3.11/site-packages/airflow/example_dags/example_sla_dag.py
[2025-06-14T19:02:36.938+0200] {processor.py:753} INFO - DAG(s) dict_keys(['example_sla_dag']) retrieved from /home/monica.fernandez/practica_creativa/venv-airflow/lib/python3.11/site-packages/airflow/example_dags/example_sla_dag.py
[2025-06-14T19:02:36.981+0200] {logging_mixin.py:137} INFO - [2025-06-14T19:02:36.981+0200] {dag.py:2690} INFO - Sync 1 DAGs
[2025-06-14T19:02:37.027+0200] {logging_mixin.py:137} INFO - [2025-06-14T19:02:37.027+0200] {dag.py:3437} INFO - Setting next_dagrun for example_sla_dag to 2025-06-14T17:00:00+00:00, run_after=2025-06-14T17:02:00+00:00
[2025-06-14T19:02:37.105+0200] {processor.py:175} INFO - Processing /home/monica.fernandez/practica_creativa/venv-airflow/lib/python3.11/site-packages/airflow/example_dags/example_sla_dag.py took 0.224 seconds
[2025-06-14T19:03:28.368+0200] {processor.py:153} INFO - Started process (PID=190298) to work on /home/monica.fernandez/practica_creativa/venv-airflow/lib/python3.11/site-packages/airflow/example_dags/example_sla_dag.py
[2025-06-14T19:03:28.369+0200] {processor.py:743} INFO - Processing file /home/monica.fernandez/practica_creativa/venv-airflow/lib/python3.11/site-packages/airflow/example_dags/example_sla_dag.py for tasks to queue
[2025-06-14T19:03:28.370+0200] {logging_mixin.py:137} INFO - [2025-06-14T19:03:28.369+0200] {dagbag.py:538} INFO - Filling up the DagBag from /home/monica.fernandez/practica_creativa/venv-airflow/lib/python3.11/site-packages/airflow/example_dags/example_sla_dag.py
[2025-06-14T19:03:28.402+0200] {processor.py:753} INFO - DAG(s) dict_keys(['example_sla_dag']) retrieved from /home/monica.fernandez/practica_creativa/venv-airflow/lib/python3.11/site-packages/airflow/example_dags/example_sla_dag.py
[2025-06-14T19:03:28.430+0200] {logging_mixin.py:137} INFO - [2025-06-14T19:03:28.430+0200] {dag.py:2690} INFO - Sync 1 DAGs
[2025-06-14T19:03:28.461+0200] {logging_mixin.py:137} INFO - [2025-06-14T19:03:28.461+0200] {dag.py:3437} INFO - Setting next_dagrun for example_sla_dag to 2025-06-14T17:00:00+00:00, run_after=2025-06-14T17:02:00+00:00
[2025-06-14T19:03:28.520+0200] {processor.py:175} INFO - Processing /home/monica.fernandez/practica_creativa/venv-airflow/lib/python3.11/site-packages/airflow/example_dags/example_sla_dag.py took 0.154 seconds
[2025-06-14T19:04:10.926+0200] {processor.py:153} INFO - Started process (PID=190829) to work on /home/monica.fernandez/practica_creativa/venv-airflow/lib/python3.11/site-packages/airflow/example_dags/example_sla_dag.py
[2025-06-14T19:04:10.926+0200] {processor.py:743} INFO - Processing file /home/monica.fernandez/practica_creativa/venv-airflow/lib/python3.11/site-packages/airflow/example_dags/example_sla_dag.py for tasks to queue
[2025-06-14T19:04:10.927+0200] {logging_mixin.py:137} INFO - [2025-06-14T19:04:10.927+0200] {dagbag.py:538} INFO - Filling up the DagBag from /home/monica.fernandez/practica_creativa/venv-airflow/lib/python3.11/site-packages/airflow/example_dags/example_sla_dag.py
[2025-06-14T19:04:10.954+0200] {processor.py:753} INFO - DAG(s) dict_keys(['example_sla_dag']) retrieved from /home/monica.fernandez/practica_creativa/venv-airflow/lib/python3.11/site-packages/airflow/example_dags/example_sla_dag.py
[2025-06-14T19:04:10.978+0200] {logging_mixin.py:137} INFO - [2025-06-14T19:04:10.978+0200] {dag.py:2690} INFO - Sync 1 DAGs
[2025-06-14T19:04:11.004+0200] {logging_mixin.py:137} INFO - [2025-06-14T19:04:11.004+0200] {dag.py:3437} INFO - Setting next_dagrun for example_sla_dag to 2025-06-14T17:02:00+00:00, run_after=2025-06-14T17:04:00+00:00
[2025-06-14T19:04:11.063+0200] {processor.py:175} INFO - Processing /home/monica.fernandez/practica_creativa/venv-airflow/lib/python3.11/site-packages/airflow/example_dags/example_sla_dag.py took 0.141 seconds
[2025-06-14T19:04:52.639+0200] {processor.py:153} INFO - Started process (PID=191202) to work on /home/monica.fernandez/practica_creativa/venv-airflow/lib/python3.11/site-packages/airflow/example_dags/example_sla_dag.py
[2025-06-14T19:04:52.640+0200] {processor.py:743} INFO - Processing file /home/monica.fernandez/practica_creativa/venv-airflow/lib/python3.11/site-packages/airflow/example_dags/example_sla_dag.py for tasks to queue
[2025-06-14T19:04:52.641+0200] {logging_mixin.py:137} INFO - [2025-06-14T19:04:52.641+0200] {dagbag.py:538} INFO - Filling up the DagBag from /home/monica.fernandez/practica_creativa/venv-airflow/lib/python3.11/site-packages/airflow/example_dags/example_sla_dag.py
[2025-06-14T19:04:52.699+0200] {processor.py:753} INFO - DAG(s) dict_keys(['example_sla_dag']) retrieved from /home/monica.fernandez/practica_creativa/venv-airflow/lib/python3.11/site-packages/airflow/example_dags/example_sla_dag.py
[2025-06-14T19:04:52.805+0200] {logging_mixin.py:137} INFO - [2025-06-14T19:04:52.805+0200] {dag.py:2690} INFO - Sync 1 DAGs
[2025-06-14T19:04:52.869+0200] {logging_mixin.py:137} INFO - [2025-06-14T19:04:52.868+0200] {dag.py:3437} INFO - Setting next_dagrun for example_sla_dag to 2025-06-14T17:02:00+00:00, run_after=2025-06-14T17:04:00+00:00
[2025-06-14T19:04:53.068+0200] {processor.py:175} INFO - Processing /home/monica.fernandez/practica_creativa/venv-airflow/lib/python3.11/site-packages/airflow/example_dags/example_sla_dag.py took 0.435 seconds
[2025-06-14T19:05:41.554+0200] {processor.py:153} INFO - Started process (PID=191720) to work on /home/monica.fernandez/practica_creativa/venv-airflow/lib/python3.11/site-packages/airflow/example_dags/example_sla_dag.py
[2025-06-14T19:05:41.555+0200] {processor.py:743} INFO - Processing file /home/monica.fernandez/practica_creativa/venv-airflow/lib/python3.11/site-packages/airflow/example_dags/example_sla_dag.py for tasks to queue
[2025-06-14T19:05:41.556+0200] {logging_mixin.py:137} INFO - [2025-06-14T19:05:41.556+0200] {dagbag.py:538} INFO - Filling up the DagBag from /home/monica.fernandez/practica_creativa/venv-airflow/lib/python3.11/site-packages/airflow/example_dags/example_sla_dag.py
[2025-06-14T19:05:41.605+0200] {processor.py:753} INFO - DAG(s) dict_keys(['example_sla_dag']) retrieved from /home/monica.fernandez/practica_creativa/venv-airflow/lib/python3.11/site-packages/airflow/example_dags/example_sla_dag.py
[2025-06-14T19:05:41.635+0200] {logging_mixin.py:137} INFO - [2025-06-14T19:05:41.635+0200] {dag.py:2690} INFO - Sync 1 DAGs
[2025-06-14T19:05:41.662+0200] {logging_mixin.py:137} INFO - [2025-06-14T19:05:41.662+0200] {dag.py:3437} INFO - Setting next_dagrun for example_sla_dag to 2025-06-14T17:02:00+00:00, run_after=2025-06-14T17:04:00+00:00
[2025-06-14T19:05:41.724+0200] {processor.py:175} INFO - Processing /home/monica.fernandez/practica_creativa/venv-airflow/lib/python3.11/site-packages/airflow/example_dags/example_sla_dag.py took 0.172 seconds
[2025-06-14T19:06:28.292+0200] {processor.py:153} INFO - Started process (PID=192023) to work on /home/monica.fernandez/practica_creativa/venv-airflow/lib/python3.11/site-packages/airflow/example_dags/example_sla_dag.py
[2025-06-14T19:06:28.293+0200] {processor.py:743} INFO - Processing file /home/monica.fernandez/practica_creativa/venv-airflow/lib/python3.11/site-packages/airflow/example_dags/example_sla_dag.py for tasks to queue
[2025-06-14T19:06:28.294+0200] {logging_mixin.py:137} INFO - [2025-06-14T19:06:28.294+0200] {dagbag.py:538} INFO - Filling up the DagBag from /home/monica.fernandez/practica_creativa/venv-airflow/lib/python3.11/site-packages/airflow/example_dags/example_sla_dag.py
[2025-06-14T19:06:28.331+0200] {processor.py:753} INFO - DAG(s) dict_keys(['example_sla_dag']) retrieved from /home/monica.fernandez/practica_creativa/venv-airflow/lib/python3.11/site-packages/airflow/example_dags/example_sla_dag.py
[2025-06-14T19:06:28.372+0200] {logging_mixin.py:137} INFO - [2025-06-14T19:06:28.372+0200] {dag.py:2690} INFO - Sync 1 DAGs
[2025-06-14T19:06:28.409+0200] {logging_mixin.py:137} INFO - [2025-06-14T19:06:28.409+0200] {dag.py:3437} INFO - Setting next_dagrun for example_sla_dag to 2025-06-14T17:04:00+00:00, run_after=2025-06-14T17:06:00+00:00
[2025-06-14T19:06:28.474+0200] {processor.py:175} INFO - Processing /home/monica.fernandez/practica_creativa/venv-airflow/lib/python3.11/site-packages/airflow/example_dags/example_sla_dag.py took 0.185 seconds
[2025-06-14T19:07:16.828+0200] {processor.py:153} INFO - Started process (PID=192568) to work on /home/monica.fernandez/practica_creativa/venv-airflow/lib/python3.11/site-packages/airflow/example_dags/example_sla_dag.py
[2025-06-14T19:07:16.829+0200] {processor.py:743} INFO - Processing file /home/monica.fernandez/practica_creativa/venv-airflow/lib/python3.11/site-packages/airflow/example_dags/example_sla_dag.py for tasks to queue
[2025-06-14T19:07:16.829+0200] {logging_mixin.py:137} INFO - [2025-06-14T19:07:16.829+0200] {dagbag.py:538} INFO - Filling up the DagBag from /home/monica.fernandez/practica_creativa/venv-airflow/lib/python3.11/site-packages/airflow/example_dags/example_sla_dag.py
[2025-06-14T19:07:16.859+0200] {processor.py:753} INFO - DAG(s) dict_keys(['example_sla_dag']) retrieved from /home/monica.fernandez/practica_creativa/venv-airflow/lib/python3.11/site-packages/airflow/example_dags/example_sla_dag.py
[2025-06-14T19:07:16.887+0200] {logging_mixin.py:137} INFO - [2025-06-14T19:07:16.887+0200] {dag.py:2690} INFO - Sync 1 DAGs
[2025-06-14T19:07:16.925+0200] {logging_mixin.py:137} INFO - [2025-06-14T19:07:16.925+0200] {dag.py:3437} INFO - Setting next_dagrun for example_sla_dag to 2025-06-14T17:04:00+00:00, run_after=2025-06-14T17:06:00+00:00
[2025-06-14T19:07:16.982+0200] {processor.py:175} INFO - Processing /home/monica.fernandez/practica_creativa/venv-airflow/lib/python3.11/site-packages/airflow/example_dags/example_sla_dag.py took 0.158 seconds
[2025-06-14T19:07:57.131+0200] {processor.py:153} INFO - Started process (PID=192898) to work on /home/monica.fernandez/practica_creativa/venv-airflow/lib/python3.11/site-packages/airflow/example_dags/example_sla_dag.py
[2025-06-14T19:07:57.132+0200] {processor.py:743} INFO - Processing file /home/monica.fernandez/practica_creativa/venv-airflow/lib/python3.11/site-packages/airflow/example_dags/example_sla_dag.py for tasks to queue
[2025-06-14T19:07:57.133+0200] {logging_mixin.py:137} INFO - [2025-06-14T19:07:57.133+0200] {dagbag.py:538} INFO - Filling up the DagBag from /home/monica.fernandez/practica_creativa/venv-airflow/lib/python3.11/site-packages/airflow/example_dags/example_sla_dag.py
[2025-06-14T19:07:57.181+0200] {processor.py:753} INFO - DAG(s) dict_keys(['example_sla_dag']) retrieved from /home/monica.fernandez/practica_creativa/venv-airflow/lib/python3.11/site-packages/airflow/example_dags/example_sla_dag.py
[2025-06-14T19:07:57.229+0200] {logging_mixin.py:137} INFO - [2025-06-14T19:07:57.228+0200] {dag.py:2690} INFO - Sync 1 DAGs
[2025-06-14T19:07:57.274+0200] {logging_mixin.py:137} INFO - [2025-06-14T19:07:57.274+0200] {dag.py:3437} INFO - Setting next_dagrun for example_sla_dag to 2025-06-14T17:04:00+00:00, run_after=2025-06-14T17:06:00+00:00
[2025-06-14T19:07:57.345+0200] {processor.py:175} INFO - Processing /home/monica.fernandez/practica_creativa/venv-airflow/lib/python3.11/site-packages/airflow/example_dags/example_sla_dag.py took 0.219 seconds
[2025-06-14T19:08:37.872+0200] {processor.py:153} INFO - Started process (PID=193642) to work on /home/monica.fernandez/practica_creativa/venv-airflow/lib/python3.11/site-packages/airflow/example_dags/example_sla_dag.py
[2025-06-14T19:08:37.874+0200] {processor.py:743} INFO - Processing file /home/monica.fernandez/practica_creativa/venv-airflow/lib/python3.11/site-packages/airflow/example_dags/example_sla_dag.py for tasks to queue
[2025-06-14T19:08:37.875+0200] {logging_mixin.py:137} INFO - [2025-06-14T19:08:37.874+0200] {dagbag.py:538} INFO - Filling up the DagBag from /home/monica.fernandez/practica_creativa/venv-airflow/lib/python3.11/site-packages/airflow/example_dags/example_sla_dag.py
[2025-06-14T19:08:37.922+0200] {processor.py:753} INFO - DAG(s) dict_keys(['example_sla_dag']) retrieved from /home/monica.fernandez/practica_creativa/venv-airflow/lib/python3.11/site-packages/airflow/example_dags/example_sla_dag.py
[2025-06-14T19:08:37.964+0200] {logging_mixin.py:137} INFO - [2025-06-14T19:08:37.964+0200] {dag.py:2690} INFO - Sync 1 DAGs
[2025-06-14T19:08:38.010+0200] {logging_mixin.py:137} INFO - [2025-06-14T19:08:38.010+0200] {dag.py:3437} INFO - Setting next_dagrun for example_sla_dag to 2025-06-14T17:06:00+00:00, run_after=2025-06-14T17:08:00+00:00
[2025-06-14T19:08:38.082+0200] {processor.py:175} INFO - Processing /home/monica.fernandez/practica_creativa/venv-airflow/lib/python3.11/site-packages/airflow/example_dags/example_sla_dag.py took 0.214 seconds
[2025-06-14T19:09:19.487+0200] {processor.py:153} INFO - Started process (PID=193942) to work on /home/monica.fernandez/practica_creativa/venv-airflow/lib/python3.11/site-packages/airflow/example_dags/example_sla_dag.py
[2025-06-14T19:09:19.489+0200] {processor.py:743} INFO - Processing file /home/monica.fernandez/practica_creativa/venv-airflow/lib/python3.11/site-packages/airflow/example_dags/example_sla_dag.py for tasks to queue
[2025-06-14T19:09:19.491+0200] {logging_mixin.py:137} INFO - [2025-06-14T19:09:19.490+0200] {dagbag.py:538} INFO - Filling up the DagBag from /home/monica.fernandez/practica_creativa/venv-airflow/lib/python3.11/site-packages/airflow/example_dags/example_sla_dag.py
[2025-06-14T19:09:19.539+0200] {processor.py:753} INFO - DAG(s) dict_keys(['example_sla_dag']) retrieved from /home/monica.fernandez/practica_creativa/venv-airflow/lib/python3.11/site-packages/airflow/example_dags/example_sla_dag.py
[2025-06-14T19:09:19.583+0200] {logging_mixin.py:137} INFO - [2025-06-14T19:09:19.583+0200] {dag.py:2690} INFO - Sync 1 DAGs
[2025-06-14T19:09:19.629+0200] {logging_mixin.py:137} INFO - [2025-06-14T19:09:19.629+0200] {dag.py:3437} INFO - Setting next_dagrun for example_sla_dag to 2025-06-14T17:06:00+00:00, run_after=2025-06-14T17:08:00+00:00
[2025-06-14T19:09:19.690+0200] {processor.py:175} INFO - Processing /home/monica.fernandez/practica_creativa/venv-airflow/lib/python3.11/site-packages/airflow/example_dags/example_sla_dag.py took 0.208 seconds
[2025-06-14T19:10:01.485+0200] {processor.py:153} INFO - Started process (PID=194290) to work on /home/monica.fernandez/practica_creativa/venv-airflow/lib/python3.11/site-packages/airflow/example_dags/example_sla_dag.py
[2025-06-14T19:10:01.488+0200] {processor.py:743} INFO - Processing file /home/monica.fernandez/practica_creativa/venv-airflow/lib/python3.11/site-packages/airflow/example_dags/example_sla_dag.py for tasks to queue
[2025-06-14T19:10:01.489+0200] {logging_mixin.py:137} INFO - [2025-06-14T19:10:01.489+0200] {dagbag.py:538} INFO - Filling up the DagBag from /home/monica.fernandez/practica_creativa/venv-airflow/lib/python3.11/site-packages/airflow/example_dags/example_sla_dag.py
[2025-06-14T19:10:01.546+0200] {processor.py:753} INFO - DAG(s) dict_keys(['example_sla_dag']) retrieved from /home/monica.fernandez/practica_creativa/venv-airflow/lib/python3.11/site-packages/airflow/example_dags/example_sla_dag.py
[2025-06-14T19:10:01.577+0200] {logging_mixin.py:137} INFO - [2025-06-14T19:10:01.577+0200] {dag.py:2690} INFO - Sync 1 DAGs
[2025-06-14T19:10:01.611+0200] {logging_mixin.py:137} INFO - [2025-06-14T19:10:01.611+0200] {dag.py:3437} INFO - Setting next_dagrun for example_sla_dag to 2025-06-14T17:08:00+00:00, run_after=2025-06-14T17:10:00+00:00
[2025-06-14T19:10:01.669+0200] {processor.py:175} INFO - Processing /home/monica.fernandez/practica_creativa/venv-airflow/lib/python3.11/site-packages/airflow/example_dags/example_sla_dag.py took 0.188 seconds
[2025-06-14T19:10:52.249+0200] {processor.py:153} INFO - Started process (PID=194798) to work on /home/monica.fernandez/practica_creativa/venv-airflow/lib/python3.11/site-packages/airflow/example_dags/example_sla_dag.py
[2025-06-14T19:10:52.250+0200] {processor.py:743} INFO - Processing file /home/monica.fernandez/practica_creativa/venv-airflow/lib/python3.11/site-packages/airflow/example_dags/example_sla_dag.py for tasks to queue
[2025-06-14T19:10:52.250+0200] {logging_mixin.py:137} INFO - [2025-06-14T19:10:52.250+0200] {dagbag.py:538} INFO - Filling up the DagBag from /home/monica.fernandez/practica_creativa/venv-airflow/lib/python3.11/site-packages/airflow/example_dags/example_sla_dag.py
[2025-06-14T19:10:52.277+0200] {processor.py:753} INFO - DAG(s) dict_keys(['example_sla_dag']) retrieved from /home/monica.fernandez/practica_creativa/venv-airflow/lib/python3.11/site-packages/airflow/example_dags/example_sla_dag.py
[2025-06-14T19:10:52.303+0200] {logging_mixin.py:137} INFO - [2025-06-14T19:10:52.303+0200] {dag.py:2690} INFO - Sync 1 DAGs
[2025-06-14T19:10:52.331+0200] {logging_mixin.py:137} INFO - [2025-06-14T19:10:52.331+0200] {dag.py:3437} INFO - Setting next_dagrun for example_sla_dag to 2025-06-14T17:08:00+00:00, run_after=2025-06-14T17:10:00+00:00
[2025-06-14T19:10:52.383+0200] {processor.py:175} INFO - Processing /home/monica.fernandez/practica_creativa/venv-airflow/lib/python3.11/site-packages/airflow/example_dags/example_sla_dag.py took 0.137 seconds
[2025-06-14T19:11:45.874+0200] {processor.py:153} INFO - Started process (PID=195333) to work on /home/monica.fernandez/practica_creativa/venv-airflow/lib/python3.11/site-packages/airflow/example_dags/example_sla_dag.py
[2025-06-14T19:11:45.875+0200] {processor.py:743} INFO - Processing file /home/monica.fernandez/practica_creativa/venv-airflow/lib/python3.11/site-packages/airflow/example_dags/example_sla_dag.py for tasks to queue
[2025-06-14T19:11:45.876+0200] {logging_mixin.py:137} INFO - [2025-06-14T19:11:45.876+0200] {dagbag.py:538} INFO - Filling up the DagBag from /home/monica.fernandez/practica_creativa/venv-airflow/lib/python3.11/site-packages/airflow/example_dags/example_sla_dag.py
[2025-06-14T19:11:45.928+0200] {processor.py:753} INFO - DAG(s) dict_keys(['example_sla_dag']) retrieved from /home/monica.fernandez/practica_creativa/venv-airflow/lib/python3.11/site-packages/airflow/example_dags/example_sla_dag.py
[2025-06-14T19:11:45.976+0200] {logging_mixin.py:137} INFO - [2025-06-14T19:11:45.975+0200] {dag.py:2690} INFO - Sync 1 DAGs
[2025-06-14T19:11:46.022+0200] {logging_mixin.py:137} INFO - [2025-06-14T19:11:46.022+0200] {dag.py:3437} INFO - Setting next_dagrun for example_sla_dag to 2025-06-14T17:08:00+00:00, run_after=2025-06-14T17:10:00+00:00
[2025-06-14T19:11:46.078+0200] {processor.py:175} INFO - Processing /home/monica.fernandez/practica_creativa/venv-airflow/lib/python3.11/site-packages/airflow/example_dags/example_sla_dag.py took 0.208 seconds
[2025-06-14T19:13:11.270+0200] {processor.py:153} INFO - Started process (PID=195970) to work on /home/monica.fernandez/practica_creativa/venv-airflow/lib/python3.11/site-packages/airflow/example_dags/example_sla_dag.py
[2025-06-14T19:13:11.271+0200] {processor.py:743} INFO - Processing file /home/monica.fernandez/practica_creativa/venv-airflow/lib/python3.11/site-packages/airflow/example_dags/example_sla_dag.py for tasks to queue
[2025-06-14T19:13:11.272+0200] {logging_mixin.py:137} INFO - [2025-06-14T19:13:11.272+0200] {dagbag.py:538} INFO - Filling up the DagBag from /home/monica.fernandez/practica_creativa/venv-airflow/lib/python3.11/site-packages/airflow/example_dags/example_sla_dag.py
[2025-06-14T19:13:11.321+0200] {processor.py:753} INFO - DAG(s) dict_keys(['example_sla_dag']) retrieved from /home/monica.fernandez/practica_creativa/venv-airflow/lib/python3.11/site-packages/airflow/example_dags/example_sla_dag.py
[2025-06-14T19:13:11.364+0200] {logging_mixin.py:137} INFO - [2025-06-14T19:13:11.363+0200] {dag.py:2690} INFO - Sync 1 DAGs
[2025-06-14T19:13:11.418+0200] {logging_mixin.py:137} INFO - [2025-06-14T19:13:11.418+0200] {dag.py:3437} INFO - Setting next_dagrun for example_sla_dag to 2025-06-14T17:10:00+00:00, run_after=2025-06-14T17:12:00+00:00
[2025-06-14T19:13:11.499+0200] {processor.py:175} INFO - Processing /home/monica.fernandez/practica_creativa/venv-airflow/lib/python3.11/site-packages/airflow/example_dags/example_sla_dag.py took 0.233 seconds
[2025-06-14T19:14:04.918+0200] {processor.py:153} INFO - Started process (PID=196393) to work on /home/monica.fernandez/practica_creativa/venv-airflow/lib/python3.11/site-packages/airflow/example_dags/example_sla_dag.py
[2025-06-14T19:14:04.919+0200] {processor.py:743} INFO - Processing file /home/monica.fernandez/practica_creativa/venv-airflow/lib/python3.11/site-packages/airflow/example_dags/example_sla_dag.py for tasks to queue
[2025-06-14T19:14:04.920+0200] {logging_mixin.py:137} INFO - [2025-06-14T19:14:04.920+0200] {dagbag.py:538} INFO - Filling up the DagBag from /home/monica.fernandez/practica_creativa/venv-airflow/lib/python3.11/site-packages/airflow/example_dags/example_sla_dag.py
[2025-06-14T19:14:04.976+0200] {processor.py:753} INFO - DAG(s) dict_keys(['example_sla_dag']) retrieved from /home/monica.fernandez/practica_creativa/venv-airflow/lib/python3.11/site-packages/airflow/example_dags/example_sla_dag.py
[2025-06-14T19:14:05.016+0200] {logging_mixin.py:137} INFO - [2025-06-14T19:14:05.015+0200] {dag.py:2690} INFO - Sync 1 DAGs
[2025-06-14T19:14:05.053+0200] {logging_mixin.py:137} INFO - [2025-06-14T19:14:05.052+0200] {dag.py:3437} INFO - Setting next_dagrun for example_sla_dag to 2025-06-14T17:12:00+00:00, run_after=2025-06-14T17:14:00+00:00
[2025-06-14T19:14:05.121+0200] {processor.py:175} INFO - Processing /home/monica.fernandez/practica_creativa/venv-airflow/lib/python3.11/site-packages/airflow/example_dags/example_sla_dag.py took 0.208 seconds
[2025-06-14T19:14:57.403+0200] {processor.py:153} INFO - Started process (PID=196776) to work on /home/monica.fernandez/practica_creativa/venv-airflow/lib/python3.11/site-packages/airflow/example_dags/example_sla_dag.py
[2025-06-14T19:14:57.405+0200] {processor.py:743} INFO - Processing file /home/monica.fernandez/practica_creativa/venv-airflow/lib/python3.11/site-packages/airflow/example_dags/example_sla_dag.py for tasks to queue
[2025-06-14T19:14:57.406+0200] {logging_mixin.py:137} INFO - [2025-06-14T19:14:57.405+0200] {dagbag.py:538} INFO - Filling up the DagBag from /home/monica.fernandez/practica_creativa/venv-airflow/lib/python3.11/site-packages/airflow/example_dags/example_sla_dag.py
[2025-06-14T19:14:57.461+0200] {processor.py:753} INFO - DAG(s) dict_keys(['example_sla_dag']) retrieved from /home/monica.fernandez/practica_creativa/venv-airflow/lib/python3.11/site-packages/airflow/example_dags/example_sla_dag.py
[2025-06-14T19:14:57.510+0200] {logging_mixin.py:137} INFO - [2025-06-14T19:14:57.509+0200] {dag.py:2690} INFO - Sync 1 DAGs
[2025-06-14T19:14:57.548+0200] {logging_mixin.py:137} INFO - [2025-06-14T19:14:57.548+0200] {dag.py:3437} INFO - Setting next_dagrun for example_sla_dag to 2025-06-14T17:12:00+00:00, run_after=2025-06-14T17:14:00+00:00
[2025-06-14T19:14:57.610+0200] {processor.py:175} INFO - Processing /home/monica.fernandez/practica_creativa/venv-airflow/lib/python3.11/site-packages/airflow/example_dags/example_sla_dag.py took 0.211 seconds
[2025-06-14T19:16:12.905+0200] {processor.py:153} INFO - Started process (PID=197405) to work on /home/monica.fernandez/practica_creativa/venv-airflow/lib/python3.11/site-packages/airflow/example_dags/example_sla_dag.py
[2025-06-14T19:16:12.905+0200] {processor.py:743} INFO - Processing file /home/monica.fernandez/practica_creativa/venv-airflow/lib/python3.11/site-packages/airflow/example_dags/example_sla_dag.py for tasks to queue
[2025-06-14T19:16:12.906+0200] {logging_mixin.py:137} INFO - [2025-06-14T19:16:12.906+0200] {dagbag.py:538} INFO - Filling up the DagBag from /home/monica.fernandez/practica_creativa/venv-airflow/lib/python3.11/site-packages/airflow/example_dags/example_sla_dag.py
[2025-06-14T19:16:12.956+0200] {processor.py:753} INFO - DAG(s) dict_keys(['example_sla_dag']) retrieved from /home/monica.fernandez/practica_creativa/venv-airflow/lib/python3.11/site-packages/airflow/example_dags/example_sla_dag.py
[2025-06-14T19:16:12.993+0200] {logging_mixin.py:137} INFO - [2025-06-14T19:16:12.993+0200] {dag.py:2690} INFO - Sync 1 DAGs
[2025-06-14T19:16:13.030+0200] {logging_mixin.py:137} INFO - [2025-06-14T19:16:13.029+0200] {dag.py:3437} INFO - Setting next_dagrun for example_sla_dag to 2025-06-14T17:14:00+00:00, run_after=2025-06-14T17:16:00+00:00
[2025-06-14T19:16:13.106+0200] {processor.py:175} INFO - Processing /home/monica.fernandez/practica_creativa/venv-airflow/lib/python3.11/site-packages/airflow/example_dags/example_sla_dag.py took 0.204 seconds
[2025-06-14T19:17:19.457+0200] {processor.py:153} INFO - Started process (PID=198049) to work on /home/monica.fernandez/practica_creativa/venv-airflow/lib/python3.11/site-packages/airflow/example_dags/example_sla_dag.py
[2025-06-14T19:17:19.458+0200] {processor.py:743} INFO - Processing file /home/monica.fernandez/practica_creativa/venv-airflow/lib/python3.11/site-packages/airflow/example_dags/example_sla_dag.py for tasks to queue
[2025-06-14T19:17:19.458+0200] {logging_mixin.py:137} INFO - [2025-06-14T19:17:19.458+0200] {dagbag.py:538} INFO - Filling up the DagBag from /home/monica.fernandez/practica_creativa/venv-airflow/lib/python3.11/site-packages/airflow/example_dags/example_sla_dag.py
[2025-06-14T19:17:19.521+0200] {processor.py:753} INFO - DAG(s) dict_keys(['example_sla_dag']) retrieved from /home/monica.fernandez/practica_creativa/venv-airflow/lib/python3.11/site-packages/airflow/example_dags/example_sla_dag.py
[2025-06-14T19:17:19.556+0200] {logging_mixin.py:137} INFO - [2025-06-14T19:17:19.556+0200] {dag.py:2690} INFO - Sync 1 DAGs
[2025-06-14T19:17:19.588+0200] {logging_mixin.py:137} INFO - [2025-06-14T19:17:19.588+0200] {dag.py:3437} INFO - Setting next_dagrun for example_sla_dag to 2025-06-14T17:14:00+00:00, run_after=2025-06-14T17:16:00+00:00
[2025-06-14T19:17:19.657+0200] {processor.py:175} INFO - Processing /home/monica.fernandez/practica_creativa/venv-airflow/lib/python3.11/site-packages/airflow/example_dags/example_sla_dag.py took 0.204 seconds
[2025-06-14T19:18:16.320+0200] {processor.py:153} INFO - Started process (PID=198519) to work on /home/monica.fernandez/practica_creativa/venv-airflow/lib/python3.11/site-packages/airflow/example_dags/example_sla_dag.py
[2025-06-14T19:18:16.321+0200] {processor.py:743} INFO - Processing file /home/monica.fernandez/practica_creativa/venv-airflow/lib/python3.11/site-packages/airflow/example_dags/example_sla_dag.py for tasks to queue
[2025-06-14T19:18:16.321+0200] {logging_mixin.py:137} INFO - [2025-06-14T19:18:16.321+0200] {dagbag.py:538} INFO - Filling up the DagBag from /home/monica.fernandez/practica_creativa/venv-airflow/lib/python3.11/site-packages/airflow/example_dags/example_sla_dag.py
[2025-06-14T19:18:16.366+0200] {processor.py:753} INFO - DAG(s) dict_keys(['example_sla_dag']) retrieved from /home/monica.fernandez/practica_creativa/venv-airflow/lib/python3.11/site-packages/airflow/example_dags/example_sla_dag.py
[2025-06-14T19:18:16.404+0200] {logging_mixin.py:137} INFO - [2025-06-14T19:18:16.404+0200] {dag.py:2690} INFO - Sync 1 DAGs
[2025-06-14T19:18:16.449+0200] {logging_mixin.py:137} INFO - [2025-06-14T19:18:16.449+0200] {dag.py:3437} INFO - Setting next_dagrun for example_sla_dag to 2025-06-14T17:16:00+00:00, run_after=2025-06-14T17:18:00+00:00
[2025-06-14T19:18:16.532+0200] {processor.py:175} INFO - Processing /home/monica.fernandez/practica_creativa/venv-airflow/lib/python3.11/site-packages/airflow/example_dags/example_sla_dag.py took 0.216 seconds
[2025-06-14T19:19:08.173+0200] {processor.py:153} INFO - Started process (PID=198936) to work on /home/monica.fernandez/practica_creativa/venv-airflow/lib/python3.11/site-packages/airflow/example_dags/example_sla_dag.py
[2025-06-14T19:19:08.173+0200] {processor.py:743} INFO - Processing file /home/monica.fernandez/practica_creativa/venv-airflow/lib/python3.11/site-packages/airflow/example_dags/example_sla_dag.py for tasks to queue
[2025-06-14T19:19:08.174+0200] {logging_mixin.py:137} INFO - [2025-06-14T19:19:08.174+0200] {dagbag.py:538} INFO - Filling up the DagBag from /home/monica.fernandez/practica_creativa/venv-airflow/lib/python3.11/site-packages/airflow/example_dags/example_sla_dag.py
[2025-06-14T19:19:08.219+0200] {processor.py:753} INFO - DAG(s) dict_keys(['example_sla_dag']) retrieved from /home/monica.fernandez/practica_creativa/venv-airflow/lib/python3.11/site-packages/airflow/example_dags/example_sla_dag.py
[2025-06-14T19:19:08.256+0200] {logging_mixin.py:137} INFO - [2025-06-14T19:19:08.256+0200] {dag.py:2690} INFO - Sync 1 DAGs
[2025-06-14T19:19:08.303+0200] {logging_mixin.py:137} INFO - [2025-06-14T19:19:08.303+0200] {dag.py:3437} INFO - Setting next_dagrun for example_sla_dag to 2025-06-14T17:16:00+00:00, run_after=2025-06-14T17:18:00+00:00
[2025-06-14T19:19:08.374+0200] {processor.py:175} INFO - Processing /home/monica.fernandez/practica_creativa/venv-airflow/lib/python3.11/site-packages/airflow/example_dags/example_sla_dag.py took 0.204 seconds
[2025-06-14T19:19:49.816+0200] {processor.py:153} INFO - Started process (PID=199265) to work on /home/monica.fernandez/practica_creativa/venv-airflow/lib/python3.11/site-packages/airflow/example_dags/example_sla_dag.py
[2025-06-14T19:19:49.818+0200] {processor.py:743} INFO - Processing file /home/monica.fernandez/practica_creativa/venv-airflow/lib/python3.11/site-packages/airflow/example_dags/example_sla_dag.py for tasks to queue
[2025-06-14T19:19:49.819+0200] {logging_mixin.py:137} INFO - [2025-06-14T19:19:49.819+0200] {dagbag.py:538} INFO - Filling up the DagBag from /home/monica.fernandez/practica_creativa/venv-airflow/lib/python3.11/site-packages/airflow/example_dags/example_sla_dag.py
[2025-06-14T19:19:49.854+0200] {processor.py:753} INFO - DAG(s) dict_keys(['example_sla_dag']) retrieved from /home/monica.fernandez/practica_creativa/venv-airflow/lib/python3.11/site-packages/airflow/example_dags/example_sla_dag.py
[2025-06-14T19:19:49.887+0200] {logging_mixin.py:137} INFO - [2025-06-14T19:19:49.886+0200] {dag.py:2690} INFO - Sync 1 DAGs
[2025-06-14T19:19:49.927+0200] {logging_mixin.py:137} INFO - [2025-06-14T19:19:49.927+0200] {dag.py:3437} INFO - Setting next_dagrun for example_sla_dag to 2025-06-14T17:16:00+00:00, run_after=2025-06-14T17:18:00+00:00
[2025-06-14T19:19:50.007+0200] {processor.py:175} INFO - Processing /home/monica.fernandez/practica_creativa/venv-airflow/lib/python3.11/site-packages/airflow/example_dags/example_sla_dag.py took 0.197 seconds
[2025-06-14T19:20:31.180+0200] {processor.py:153} INFO - Started process (PID=199569) to work on /home/monica.fernandez/practica_creativa/venv-airflow/lib/python3.11/site-packages/airflow/example_dags/example_sla_dag.py
[2025-06-14T19:20:31.181+0200] {processor.py:743} INFO - Processing file /home/monica.fernandez/practica_creativa/venv-airflow/lib/python3.11/site-packages/airflow/example_dags/example_sla_dag.py for tasks to queue
[2025-06-14T19:20:31.182+0200] {logging_mixin.py:137} INFO - [2025-06-14T19:20:31.182+0200] {dagbag.py:538} INFO - Filling up the DagBag from /home/monica.fernandez/practica_creativa/venv-airflow/lib/python3.11/site-packages/airflow/example_dags/example_sla_dag.py
[2025-06-14T19:20:31.217+0200] {processor.py:753} INFO - DAG(s) dict_keys(['example_sla_dag']) retrieved from /home/monica.fernandez/practica_creativa/venv-airflow/lib/python3.11/site-packages/airflow/example_dags/example_sla_dag.py
[2025-06-14T19:20:31.247+0200] {logging_mixin.py:137} INFO - [2025-06-14T19:20:31.247+0200] {dag.py:2690} INFO - Sync 1 DAGs
[2025-06-14T19:20:31.279+0200] {logging_mixin.py:137} INFO - [2025-06-14T19:20:31.278+0200] {dag.py:3437} INFO - Setting next_dagrun for example_sla_dag to 2025-06-14T17:18:00+00:00, run_after=2025-06-14T17:20:00+00:00
[2025-06-14T19:20:31.359+0200] {processor.py:175} INFO - Processing /home/monica.fernandez/practica_creativa/venv-airflow/lib/python3.11/site-packages/airflow/example_dags/example_sla_dag.py took 0.184 seconds
[2025-06-14T19:21:12.279+0200] {processor.py:153} INFO - Started process (PID=199919) to work on /home/monica.fernandez/practica_creativa/venv-airflow/lib/python3.11/site-packages/airflow/example_dags/example_sla_dag.py
[2025-06-14T19:21:12.280+0200] {processor.py:743} INFO - Processing file /home/monica.fernandez/practica_creativa/venv-airflow/lib/python3.11/site-packages/airflow/example_dags/example_sla_dag.py for tasks to queue
[2025-06-14T19:21:12.280+0200] {logging_mixin.py:137} INFO - [2025-06-14T19:21:12.280+0200] {dagbag.py:538} INFO - Filling up the DagBag from /home/monica.fernandez/practica_creativa/venv-airflow/lib/python3.11/site-packages/airflow/example_dags/example_sla_dag.py
[2025-06-14T19:21:12.341+0200] {processor.py:753} INFO - DAG(s) dict_keys(['example_sla_dag']) retrieved from /home/monica.fernandez/practica_creativa/venv-airflow/lib/python3.11/site-packages/airflow/example_dags/example_sla_dag.py
[2025-06-14T19:21:12.373+0200] {logging_mixin.py:137} INFO - [2025-06-14T19:21:12.372+0200] {dag.py:2690} INFO - Sync 1 DAGs
[2025-06-14T19:21:12.412+0200] {logging_mixin.py:137} INFO - [2025-06-14T19:21:12.412+0200] {dag.py:3437} INFO - Setting next_dagrun for example_sla_dag to 2025-06-14T17:18:00+00:00, run_after=2025-06-14T17:20:00+00:00
[2025-06-14T19:21:12.493+0200] {processor.py:175} INFO - Processing /home/monica.fernandez/practica_creativa/venv-airflow/lib/python3.11/site-packages/airflow/example_dags/example_sla_dag.py took 0.217 seconds
[2025-06-14T19:21:53.167+0200] {processor.py:153} INFO - Started process (PID=200240) to work on /home/monica.fernandez/practica_creativa/venv-airflow/lib/python3.11/site-packages/airflow/example_dags/example_sla_dag.py
[2025-06-14T19:21:53.169+0200] {processor.py:743} INFO - Processing file /home/monica.fernandez/practica_creativa/venv-airflow/lib/python3.11/site-packages/airflow/example_dags/example_sla_dag.py for tasks to queue
[2025-06-14T19:21:53.169+0200] {logging_mixin.py:137} INFO - [2025-06-14T19:21:53.169+0200] {dagbag.py:538} INFO - Filling up the DagBag from /home/monica.fernandez/practica_creativa/venv-airflow/lib/python3.11/site-packages/airflow/example_dags/example_sla_dag.py
[2025-06-14T19:21:53.216+0200] {processor.py:753} INFO - DAG(s) dict_keys(['example_sla_dag']) retrieved from /home/monica.fernandez/practica_creativa/venv-airflow/lib/python3.11/site-packages/airflow/example_dags/example_sla_dag.py
[2025-06-14T19:21:53.256+0200] {logging_mixin.py:137} INFO - [2025-06-14T19:21:53.256+0200] {dag.py:2690} INFO - Sync 1 DAGs
[2025-06-14T19:21:53.300+0200] {logging_mixin.py:137} INFO - [2025-06-14T19:21:53.300+0200] {dag.py:3437} INFO - Setting next_dagrun for example_sla_dag to 2025-06-14T17:18:00+00:00, run_after=2025-06-14T17:20:00+00:00
[2025-06-14T19:21:53.376+0200] {processor.py:175} INFO - Processing /home/monica.fernandez/practica_creativa/venv-airflow/lib/python3.11/site-packages/airflow/example_dags/example_sla_dag.py took 0.213 seconds
[2025-06-14T19:22:52.973+0200] {processor.py:153} INFO - Started process (PID=200841) to work on /home/monica.fernandez/practica_creativa/venv-airflow/lib/python3.11/site-packages/airflow/example_dags/example_sla_dag.py
[2025-06-14T19:22:52.974+0200] {processor.py:743} INFO - Processing file /home/monica.fernandez/practica_creativa/venv-airflow/lib/python3.11/site-packages/airflow/example_dags/example_sla_dag.py for tasks to queue
[2025-06-14T19:22:52.974+0200] {logging_mixin.py:137} INFO - [2025-06-14T19:22:52.974+0200] {dagbag.py:538} INFO - Filling up the DagBag from /home/monica.fernandez/practica_creativa/venv-airflow/lib/python3.11/site-packages/airflow/example_dags/example_sla_dag.py
[2025-06-14T19:22:53.006+0200] {processor.py:753} INFO - DAG(s) dict_keys(['example_sla_dag']) retrieved from /home/monica.fernandez/practica_creativa/venv-airflow/lib/python3.11/site-packages/airflow/example_dags/example_sla_dag.py
[2025-06-14T19:22:53.049+0200] {logging_mixin.py:137} INFO - [2025-06-14T19:22:53.049+0200] {dag.py:2690} INFO - Sync 1 DAGs
[2025-06-14T19:22:53.082+0200] {logging_mixin.py:137} INFO - [2025-06-14T19:22:53.082+0200] {dag.py:3437} INFO - Setting next_dagrun for example_sla_dag to 2025-06-14T17:20:00+00:00, run_after=2025-06-14T17:22:00+00:00
[2025-06-14T19:22:53.144+0200] {processor.py:175} INFO - Processing /home/monica.fernandez/practica_creativa/venv-airflow/lib/python3.11/site-packages/airflow/example_dags/example_sla_dag.py took 0.174 seconds
[2025-06-14T19:23:41.328+0200] {processor.py:153} INFO - Started process (PID=201245) to work on /home/monica.fernandez/practica_creativa/venv-airflow/lib/python3.11/site-packages/airflow/example_dags/example_sla_dag.py
[2025-06-14T19:23:41.328+0200] {processor.py:743} INFO - Processing file /home/monica.fernandez/practica_creativa/venv-airflow/lib/python3.11/site-packages/airflow/example_dags/example_sla_dag.py for tasks to queue
[2025-06-14T19:23:41.329+0200] {logging_mixin.py:137} INFO - [2025-06-14T19:23:41.329+0200] {dagbag.py:538} INFO - Filling up the DagBag from /home/monica.fernandez/practica_creativa/venv-airflow/lib/python3.11/site-packages/airflow/example_dags/example_sla_dag.py
[2025-06-14T19:23:41.369+0200] {processor.py:753} INFO - DAG(s) dict_keys(['example_sla_dag']) retrieved from /home/monica.fernandez/practica_creativa/venv-airflow/lib/python3.11/site-packages/airflow/example_dags/example_sla_dag.py
[2025-06-14T19:23:41.402+0200] {logging_mixin.py:137} INFO - [2025-06-14T19:23:41.401+0200] {dag.py:2690} INFO - Sync 1 DAGs
[2025-06-14T19:23:41.431+0200] {logging_mixin.py:137} INFO - [2025-06-14T19:23:41.431+0200] {dag.py:3437} INFO - Setting next_dagrun for example_sla_dag to 2025-06-14T17:20:00+00:00, run_after=2025-06-14T17:22:00+00:00
[2025-06-14T19:23:41.486+0200] {processor.py:175} INFO - Processing /home/monica.fernandez/practica_creativa/venv-airflow/lib/python3.11/site-packages/airflow/example_dags/example_sla_dag.py took 0.163 seconds
[2025-06-14T19:24:36.330+0200] {processor.py:153} INFO - Started process (PID=201684) to work on /home/monica.fernandez/practica_creativa/venv-airflow/lib/python3.11/site-packages/airflow/example_dags/example_sla_dag.py
[2025-06-14T19:24:36.331+0200] {processor.py:743} INFO - Processing file /home/monica.fernandez/practica_creativa/venv-airflow/lib/python3.11/site-packages/airflow/example_dags/example_sla_dag.py for tasks to queue
[2025-06-14T19:24:36.332+0200] {logging_mixin.py:137} INFO - [2025-06-14T19:24:36.331+0200] {dagbag.py:538} INFO - Filling up the DagBag from /home/monica.fernandez/practica_creativa/venv-airflow/lib/python3.11/site-packages/airflow/example_dags/example_sla_dag.py
[2025-06-14T19:24:36.373+0200] {processor.py:753} INFO - DAG(s) dict_keys(['example_sla_dag']) retrieved from /home/monica.fernandez/practica_creativa/venv-airflow/lib/python3.11/site-packages/airflow/example_dags/example_sla_dag.py
[2025-06-14T19:24:36.406+0200] {logging_mixin.py:137} INFO - [2025-06-14T19:24:36.406+0200] {dag.py:2690} INFO - Sync 1 DAGs
[2025-06-14T19:24:36.436+0200] {logging_mixin.py:137} INFO - [2025-06-14T19:24:36.436+0200] {dag.py:3437} INFO - Setting next_dagrun for example_sla_dag to 2025-06-14T17:22:00+00:00, run_after=2025-06-14T17:24:00+00:00
[2025-06-14T19:24:36.510+0200] {processor.py:175} INFO - Processing /home/monica.fernandez/practica_creativa/venv-airflow/lib/python3.11/site-packages/airflow/example_dags/example_sla_dag.py took 0.182 seconds
[2025-06-14T19:25:24.973+0200] {processor.py:153} INFO - Started process (PID=202019) to work on /home/monica.fernandez/practica_creativa/venv-airflow/lib/python3.11/site-packages/airflow/example_dags/example_sla_dag.py
[2025-06-14T19:25:24.974+0200] {processor.py:743} INFO - Processing file /home/monica.fernandez/practica_creativa/venv-airflow/lib/python3.11/site-packages/airflow/example_dags/example_sla_dag.py for tasks to queue
[2025-06-14T19:25:24.975+0200] {logging_mixin.py:137} INFO - [2025-06-14T19:25:24.974+0200] {dagbag.py:538} INFO - Filling up the DagBag from /home/monica.fernandez/practica_creativa/venv-airflow/lib/python3.11/site-packages/airflow/example_dags/example_sla_dag.py
[2025-06-14T19:25:25.006+0200] {processor.py:753} INFO - DAG(s) dict_keys(['example_sla_dag']) retrieved from /home/monica.fernandez/practica_creativa/venv-airflow/lib/python3.11/site-packages/airflow/example_dags/example_sla_dag.py
[2025-06-14T19:25:25.038+0200] {logging_mixin.py:137} INFO - [2025-06-14T19:25:25.038+0200] {dag.py:2690} INFO - Sync 1 DAGs
[2025-06-14T19:25:25.069+0200] {logging_mixin.py:137} INFO - [2025-06-14T19:25:25.069+0200] {dag.py:3437} INFO - Setting next_dagrun for example_sla_dag to 2025-06-14T17:22:00+00:00, run_after=2025-06-14T17:24:00+00:00
[2025-06-14T19:25:25.140+0200] {processor.py:175} INFO - Processing /home/monica.fernandez/practica_creativa/venv-airflow/lib/python3.11/site-packages/airflow/example_dags/example_sla_dag.py took 0.169 seconds
[2025-06-14T19:29:03.750+0200] {processor.py:153} INFO - Started process (PID=204678) to work on /home/monica.fernandez/practica_creativa/venv-airflow/lib/python3.11/site-packages/airflow/example_dags/example_sla_dag.py
[2025-06-14T19:29:03.751+0200] {processor.py:743} INFO - Processing file /home/monica.fernandez/practica_creativa/venv-airflow/lib/python3.11/site-packages/airflow/example_dags/example_sla_dag.py for tasks to queue
[2025-06-14T19:29:03.752+0200] {logging_mixin.py:137} INFO - [2025-06-14T19:29:03.752+0200] {dagbag.py:538} INFO - Filling up the DagBag from /home/monica.fernandez/practica_creativa/venv-airflow/lib/python3.11/site-packages/airflow/example_dags/example_sla_dag.py
[2025-06-14T19:29:03.790+0200] {processor.py:753} INFO - DAG(s) dict_keys(['example_sla_dag']) retrieved from /home/monica.fernandez/practica_creativa/venv-airflow/lib/python3.11/site-packages/airflow/example_dags/example_sla_dag.py
[2025-06-14T19:29:03.829+0200] {logging_mixin.py:137} INFO - [2025-06-14T19:29:03.828+0200] {dag.py:2690} INFO - Sync 1 DAGs
[2025-06-14T19:29:03.866+0200] {logging_mixin.py:137} INFO - [2025-06-14T19:29:03.866+0200] {dag.py:3437} INFO - Setting next_dagrun for example_sla_dag to 2025-06-14T17:26:00+00:00, run_after=2025-06-14T17:28:00+00:00
[2025-06-14T19:29:03.949+0200] {processor.py:175} INFO - Processing /home/monica.fernandez/practica_creativa/venv-airflow/lib/python3.11/site-packages/airflow/example_dags/example_sla_dag.py took 0.204 seconds
[2025-06-14T19:29:54.077+0200] {processor.py:153} INFO - Started process (PID=205094) to work on /home/monica.fernandez/practica_creativa/venv-airflow/lib/python3.11/site-packages/airflow/example_dags/example_sla_dag.py
[2025-06-14T19:29:54.078+0200] {processor.py:743} INFO - Processing file /home/monica.fernandez/practica_creativa/venv-airflow/lib/python3.11/site-packages/airflow/example_dags/example_sla_dag.py for tasks to queue
[2025-06-14T19:29:54.078+0200] {logging_mixin.py:137} INFO - [2025-06-14T19:29:54.078+0200] {dagbag.py:538} INFO - Filling up the DagBag from /home/monica.fernandez/practica_creativa/venv-airflow/lib/python3.11/site-packages/airflow/example_dags/example_sla_dag.py
[2025-06-14T19:29:54.103+0200] {processor.py:753} INFO - DAG(s) dict_keys(['example_sla_dag']) retrieved from /home/monica.fernandez/practica_creativa/venv-airflow/lib/python3.11/site-packages/airflow/example_dags/example_sla_dag.py
[2025-06-14T19:29:54.149+0200] {logging_mixin.py:137} INFO - [2025-06-14T19:29:54.149+0200] {dag.py:2690} INFO - Sync 1 DAGs
[2025-06-14T19:29:54.187+0200] {logging_mixin.py:137} INFO - [2025-06-14T19:29:54.187+0200] {dag.py:3437} INFO - Setting next_dagrun for example_sla_dag to 2025-06-14T17:26:00+00:00, run_after=2025-06-14T17:28:00+00:00
[2025-06-14T19:29:54.273+0200] {processor.py:175} INFO - Processing /home/monica.fernandez/practica_creativa/venv-airflow/lib/python3.11/site-packages/airflow/example_dags/example_sla_dag.py took 0.199 seconds
[2025-06-14T19:30:44.393+0200] {processor.py:153} INFO - Started process (PID=205523) to work on /home/monica.fernandez/practica_creativa/venv-airflow/lib/python3.11/site-packages/airflow/example_dags/example_sla_dag.py
[2025-06-14T19:30:44.394+0200] {processor.py:743} INFO - Processing file /home/monica.fernandez/practica_creativa/venv-airflow/lib/python3.11/site-packages/airflow/example_dags/example_sla_dag.py for tasks to queue
[2025-06-14T19:30:44.395+0200] {logging_mixin.py:137} INFO - [2025-06-14T19:30:44.395+0200] {dagbag.py:538} INFO - Filling up the DagBag from /home/monica.fernandez/practica_creativa/venv-airflow/lib/python3.11/site-packages/airflow/example_dags/example_sla_dag.py
[2025-06-14T19:30:44.424+0200] {processor.py:753} INFO - DAG(s) dict_keys(['example_sla_dag']) retrieved from /home/monica.fernandez/practica_creativa/venv-airflow/lib/python3.11/site-packages/airflow/example_dags/example_sla_dag.py
[2025-06-14T19:30:44.466+0200] {logging_mixin.py:137} INFO - [2025-06-14T19:30:44.465+0200] {dag.py:2690} INFO - Sync 1 DAGs
[2025-06-14T19:30:44.506+0200] {logging_mixin.py:137} INFO - [2025-06-14T19:30:44.506+0200] {dag.py:3437} INFO - Setting next_dagrun for example_sla_dag to 2025-06-14T17:28:00+00:00, run_after=2025-06-14T17:30:00+00:00
[2025-06-14T19:30:44.558+0200] {processor.py:175} INFO - Processing /home/monica.fernandez/practica_creativa/venv-airflow/lib/python3.11/site-packages/airflow/example_dags/example_sla_dag.py took 0.170 seconds
[2025-06-14T19:31:22.556+0200] {processor.py:153} INFO - Started process (PID=205775) to work on /home/monica.fernandez/practica_creativa/venv-airflow/lib/python3.11/site-packages/airflow/example_dags/example_sla_dag.py
[2025-06-14T19:31:22.557+0200] {processor.py:743} INFO - Processing file /home/monica.fernandez/practica_creativa/venv-airflow/lib/python3.11/site-packages/airflow/example_dags/example_sla_dag.py for tasks to queue
[2025-06-14T19:31:22.558+0200] {logging_mixin.py:137} INFO - [2025-06-14T19:31:22.558+0200] {dagbag.py:538} INFO - Filling up the DagBag from /home/monica.fernandez/practica_creativa/venv-airflow/lib/python3.11/site-packages/airflow/example_dags/example_sla_dag.py
[2025-06-14T19:31:22.590+0200] {processor.py:753} INFO - DAG(s) dict_keys(['example_sla_dag']) retrieved from /home/monica.fernandez/practica_creativa/venv-airflow/lib/python3.11/site-packages/airflow/example_dags/example_sla_dag.py
[2025-06-14T19:31:22.629+0200] {logging_mixin.py:137} INFO - [2025-06-14T19:31:22.629+0200] {dag.py:2690} INFO - Sync 1 DAGs
[2025-06-14T19:31:22.668+0200] {logging_mixin.py:137} INFO - [2025-06-14T19:31:22.668+0200] {dag.py:3437} INFO - Setting next_dagrun for example_sla_dag to 2025-06-14T17:28:00+00:00, run_after=2025-06-14T17:30:00+00:00
[2025-06-14T19:31:22.743+0200] {processor.py:175} INFO - Processing /home/monica.fernandez/practica_creativa/venv-airflow/lib/python3.11/site-packages/airflow/example_dags/example_sla_dag.py took 0.192 seconds
[2025-06-14T19:32:04.158+0200] {processor.py:153} INFO - Started process (PID=206107) to work on /home/monica.fernandez/practica_creativa/venv-airflow/lib/python3.11/site-packages/airflow/example_dags/example_sla_dag.py
[2025-06-14T19:32:04.159+0200] {processor.py:743} INFO - Processing file /home/monica.fernandez/practica_creativa/venv-airflow/lib/python3.11/site-packages/airflow/example_dags/example_sla_dag.py for tasks to queue
[2025-06-14T19:32:04.160+0200] {logging_mixin.py:137} INFO - [2025-06-14T19:32:04.160+0200] {dagbag.py:538} INFO - Filling up the DagBag from /home/monica.fernandez/practica_creativa/venv-airflow/lib/python3.11/site-packages/airflow/example_dags/example_sla_dag.py
[2025-06-14T19:32:04.192+0200] {processor.py:753} INFO - DAG(s) dict_keys(['example_sla_dag']) retrieved from /home/monica.fernandez/practica_creativa/venv-airflow/lib/python3.11/site-packages/airflow/example_dags/example_sla_dag.py
[2025-06-14T19:32:04.231+0200] {logging_mixin.py:137} INFO - [2025-06-14T19:32:04.230+0200] {dag.py:2690} INFO - Sync 1 DAGs
[2025-06-14T19:32:04.263+0200] {logging_mixin.py:137} INFO - [2025-06-14T19:32:04.263+0200] {dag.py:3437} INFO - Setting next_dagrun for example_sla_dag to 2025-06-14T17:30:00+00:00, run_after=2025-06-14T17:32:00+00:00
[2025-06-14T19:32:04.324+0200] {processor.py:175} INFO - Processing /home/monica.fernandez/practica_creativa/venv-airflow/lib/python3.11/site-packages/airflow/example_dags/example_sla_dag.py took 0.171 seconds
[2025-06-14T19:35:21.723+0200] {processor.py:153} INFO - Started process (PID=208360) to work on /home/monica.fernandez/practica_creativa/venv-airflow/lib/python3.11/site-packages/airflow/example_dags/example_sla_dag.py
[2025-06-14T19:35:21.724+0200] {processor.py:743} INFO - Processing file /home/monica.fernandez/practica_creativa/venv-airflow/lib/python3.11/site-packages/airflow/example_dags/example_sla_dag.py for tasks to queue
[2025-06-14T19:35:21.725+0200] {logging_mixin.py:137} INFO - [2025-06-14T19:35:21.725+0200] {dagbag.py:538} INFO - Filling up the DagBag from /home/monica.fernandez/practica_creativa/venv-airflow/lib/python3.11/site-packages/airflow/example_dags/example_sla_dag.py
[2025-06-14T19:35:21.757+0200] {processor.py:753} INFO - DAG(s) dict_keys(['example_sla_dag']) retrieved from /home/monica.fernandez/practica_creativa/venv-airflow/lib/python3.11/site-packages/airflow/example_dags/example_sla_dag.py
[2025-06-14T19:35:21.797+0200] {logging_mixin.py:137} INFO - [2025-06-14T19:35:21.796+0200] {dag.py:2690} INFO - Sync 1 DAGs
[2025-06-14T19:35:21.839+0200] {logging_mixin.py:137} INFO - [2025-06-14T19:35:21.839+0200] {dag.py:3437} INFO - Setting next_dagrun for example_sla_dag to 2025-06-14T17:32:00+00:00, run_after=2025-06-14T17:34:00+00:00
[2025-06-14T19:35:21.912+0200] {processor.py:175} INFO - Processing /home/monica.fernandez/practica_creativa/venv-airflow/lib/python3.11/site-packages/airflow/example_dags/example_sla_dag.py took 0.194 seconds
[2025-06-14T19:36:10.239+0200] {processor.py:153} INFO - Started process (PID=208773) to work on /home/monica.fernandez/practica_creativa/venv-airflow/lib/python3.11/site-packages/airflow/example_dags/example_sla_dag.py
[2025-06-14T19:36:10.240+0200] {processor.py:743} INFO - Processing file /home/monica.fernandez/practica_creativa/venv-airflow/lib/python3.11/site-packages/airflow/example_dags/example_sla_dag.py for tasks to queue
[2025-06-14T19:36:10.242+0200] {logging_mixin.py:137} INFO - [2025-06-14T19:36:10.242+0200] {dagbag.py:538} INFO - Filling up the DagBag from /home/monica.fernandez/practica_creativa/venv-airflow/lib/python3.11/site-packages/airflow/example_dags/example_sla_dag.py
[2025-06-14T19:36:10.275+0200] {processor.py:753} INFO - DAG(s) dict_keys(['example_sla_dag']) retrieved from /home/monica.fernandez/practica_creativa/venv-airflow/lib/python3.11/site-packages/airflow/example_dags/example_sla_dag.py
[2025-06-14T19:36:10.307+0200] {logging_mixin.py:137} INFO - [2025-06-14T19:36:10.307+0200] {dag.py:2690} INFO - Sync 1 DAGs
[2025-06-14T19:36:10.333+0200] {logging_mixin.py:137} INFO - [2025-06-14T19:36:10.333+0200] {dag.py:3437} INFO - Setting next_dagrun for example_sla_dag to 2025-06-14T17:34:00+00:00, run_after=2025-06-14T17:36:00+00:00
[2025-06-14T19:36:10.392+0200] {processor.py:175} INFO - Processing /home/monica.fernandez/practica_creativa/venv-airflow/lib/python3.11/site-packages/airflow/example_dags/example_sla_dag.py took 0.159 seconds
[2025-06-14T19:36:59.005+0200] {processor.py:153} INFO - Started process (PID=209251) to work on /home/monica.fernandez/practica_creativa/venv-airflow/lib/python3.11/site-packages/airflow/example_dags/example_sla_dag.py
[2025-06-14T19:36:59.006+0200] {processor.py:743} INFO - Processing file /home/monica.fernandez/practica_creativa/venv-airflow/lib/python3.11/site-packages/airflow/example_dags/example_sla_dag.py for tasks to queue
[2025-06-14T19:36:59.007+0200] {logging_mixin.py:137} INFO - [2025-06-14T19:36:59.007+0200] {dagbag.py:538} INFO - Filling up the DagBag from /home/monica.fernandez/practica_creativa/venv-airflow/lib/python3.11/site-packages/airflow/example_dags/example_sla_dag.py
[2025-06-14T19:36:59.030+0200] {processor.py:753} INFO - DAG(s) dict_keys(['example_sla_dag']) retrieved from /home/monica.fernandez/practica_creativa/venv-airflow/lib/python3.11/site-packages/airflow/example_dags/example_sla_dag.py
[2025-06-14T19:36:59.063+0200] {logging_mixin.py:137} INFO - [2025-06-14T19:36:59.063+0200] {dag.py:2690} INFO - Sync 1 DAGs
[2025-06-14T19:36:59.094+0200] {logging_mixin.py:137} INFO - [2025-06-14T19:36:59.094+0200] {dag.py:3437} INFO - Setting next_dagrun for example_sla_dag to 2025-06-14T17:34:00+00:00, run_after=2025-06-14T17:36:00+00:00
[2025-06-14T19:36:59.149+0200] {processor.py:175} INFO - Processing /home/monica.fernandez/practica_creativa/venv-airflow/lib/python3.11/site-packages/airflow/example_dags/example_sla_dag.py took 0.149 seconds
[2025-06-14T19:37:55.295+0200] {processor.py:153} INFO - Started process (PID=209717) to work on /home/monica.fernandez/practica_creativa/venv-airflow/lib/python3.11/site-packages/airflow/example_dags/example_sla_dag.py
[2025-06-14T19:37:55.296+0200] {processor.py:743} INFO - Processing file /home/monica.fernandez/practica_creativa/venv-airflow/lib/python3.11/site-packages/airflow/example_dags/example_sla_dag.py for tasks to queue
[2025-06-14T19:37:55.297+0200] {logging_mixin.py:137} INFO - [2025-06-14T19:37:55.297+0200] {dagbag.py:538} INFO - Filling up the DagBag from /home/monica.fernandez/practica_creativa/venv-airflow/lib/python3.11/site-packages/airflow/example_dags/example_sla_dag.py
[2025-06-14T19:37:55.329+0200] {processor.py:753} INFO - DAG(s) dict_keys(['example_sla_dag']) retrieved from /home/monica.fernandez/practica_creativa/venv-airflow/lib/python3.11/site-packages/airflow/example_dags/example_sla_dag.py
[2025-06-14T19:37:55.371+0200] {logging_mixin.py:137} INFO - [2025-06-14T19:37:55.371+0200] {dag.py:2690} INFO - Sync 1 DAGs
[2025-06-14T19:37:55.411+0200] {logging_mixin.py:137} INFO - [2025-06-14T19:37:55.411+0200] {dag.py:3437} INFO - Setting next_dagrun for example_sla_dag to 2025-06-14T17:34:00+00:00, run_after=2025-06-14T17:36:00+00:00
[2025-06-14T19:37:55.484+0200] {processor.py:175} INFO - Processing /home/monica.fernandez/practica_creativa/venv-airflow/lib/python3.11/site-packages/airflow/example_dags/example_sla_dag.py took 0.194 seconds
[2025-06-14T19:38:34.259+0200] {processor.py:153} INFO - Started process (PID=210032) to work on /home/monica.fernandez/practica_creativa/venv-airflow/lib/python3.11/site-packages/airflow/example_dags/example_sla_dag.py
[2025-06-14T19:38:34.260+0200] {processor.py:743} INFO - Processing file /home/monica.fernandez/practica_creativa/venv-airflow/lib/python3.11/site-packages/airflow/example_dags/example_sla_dag.py for tasks to queue
[2025-06-14T19:38:34.261+0200] {logging_mixin.py:137} INFO - [2025-06-14T19:38:34.261+0200] {dagbag.py:538} INFO - Filling up the DagBag from /home/monica.fernandez/practica_creativa/venv-airflow/lib/python3.11/site-packages/airflow/example_dags/example_sla_dag.py
[2025-06-14T19:38:34.293+0200] {processor.py:753} INFO - DAG(s) dict_keys(['example_sla_dag']) retrieved from /home/monica.fernandez/practica_creativa/venv-airflow/lib/python3.11/site-packages/airflow/example_dags/example_sla_dag.py
[2025-06-14T19:38:34.339+0200] {logging_mixin.py:137} INFO - [2025-06-14T19:38:34.339+0200] {dag.py:2690} INFO - Sync 1 DAGs
[2025-06-14T19:38:34.378+0200] {logging_mixin.py:137} INFO - [2025-06-14T19:38:34.378+0200] {dag.py:3437} INFO - Setting next_dagrun for example_sla_dag to 2025-06-14T17:36:00+00:00, run_after=2025-06-14T17:38:00+00:00
[2025-06-14T19:38:34.453+0200] {processor.py:175} INFO - Processing /home/monica.fernandez/practica_creativa/venv-airflow/lib/python3.11/site-packages/airflow/example_dags/example_sla_dag.py took 0.199 seconds
[2025-06-14T19:40:18.070+0200] {processor.py:153} INFO - Started process (PID=211201) to work on /home/monica.fernandez/practica_creativa/venv-airflow/lib/python3.11/site-packages/airflow/example_dags/example_sla_dag.py
[2025-06-14T19:40:18.071+0200] {processor.py:743} INFO - Processing file /home/monica.fernandez/practica_creativa/venv-airflow/lib/python3.11/site-packages/airflow/example_dags/example_sla_dag.py for tasks to queue
[2025-06-14T19:40:18.072+0200] {logging_mixin.py:137} INFO - [2025-06-14T19:40:18.071+0200] {dagbag.py:538} INFO - Filling up the DagBag from /home/monica.fernandez/practica_creativa/venv-airflow/lib/python3.11/site-packages/airflow/example_dags/example_sla_dag.py
[2025-06-14T19:40:18.104+0200] {processor.py:753} INFO - DAG(s) dict_keys(['example_sla_dag']) retrieved from /home/monica.fernandez/practica_creativa/venv-airflow/lib/python3.11/site-packages/airflow/example_dags/example_sla_dag.py
[2025-06-14T19:40:18.145+0200] {logging_mixin.py:137} INFO - [2025-06-14T19:40:18.145+0200] {dag.py:2690} INFO - Sync 1 DAGs
[2025-06-14T19:40:18.186+0200] {logging_mixin.py:137} INFO - [2025-06-14T19:40:18.186+0200] {dag.py:3437} INFO - Setting next_dagrun for example_sla_dag to 2025-06-14T17:38:00+00:00, run_after=2025-06-14T17:40:00+00:00
[2025-06-14T19:40:18.272+0200] {processor.py:175} INFO - Processing /home/monica.fernandez/practica_creativa/venv-airflow/lib/python3.11/site-packages/airflow/example_dags/example_sla_dag.py took 0.207 seconds
[2025-06-14T19:41:07.004+0200] {processor.py:153} INFO - Started process (PID=211548) to work on /home/monica.fernandez/practica_creativa/venv-airflow/lib/python3.11/site-packages/airflow/example_dags/example_sla_dag.py
[2025-06-14T19:41:07.005+0200] {processor.py:743} INFO - Processing file /home/monica.fernandez/practica_creativa/venv-airflow/lib/python3.11/site-packages/airflow/example_dags/example_sla_dag.py for tasks to queue
[2025-06-14T19:41:07.007+0200] {logging_mixin.py:137} INFO - [2025-06-14T19:41:07.007+0200] {dagbag.py:538} INFO - Filling up the DagBag from /home/monica.fernandez/practica_creativa/venv-airflow/lib/python3.11/site-packages/airflow/example_dags/example_sla_dag.py
[2025-06-14T19:41:07.046+0200] {processor.py:753} INFO - DAG(s) dict_keys(['example_sla_dag']) retrieved from /home/monica.fernandez/practica_creativa/venv-airflow/lib/python3.11/site-packages/airflow/example_dags/example_sla_dag.py
[2025-06-14T19:41:07.088+0200] {logging_mixin.py:137} INFO - [2025-06-14T19:41:07.088+0200] {dag.py:2690} INFO - Sync 1 DAGs
[2025-06-14T19:41:07.128+0200] {logging_mixin.py:137} INFO - [2025-06-14T19:41:07.127+0200] {dag.py:3437} INFO - Setting next_dagrun for example_sla_dag to 2025-06-14T17:38:00+00:00, run_after=2025-06-14T17:40:00+00:00
[2025-06-14T19:41:07.225+0200] {processor.py:175} INFO - Processing /home/monica.fernandez/practica_creativa/venv-airflow/lib/python3.11/site-packages/airflow/example_dags/example_sla_dag.py took 0.226 seconds
[2025-06-14T19:41:57.790+0200] {processor.py:153} INFO - Started process (PID=211995) to work on /home/monica.fernandez/practica_creativa/venv-airflow/lib/python3.11/site-packages/airflow/example_dags/example_sla_dag.py
[2025-06-14T19:41:57.791+0200] {processor.py:743} INFO - Processing file /home/monica.fernandez/practica_creativa/venv-airflow/lib/python3.11/site-packages/airflow/example_dags/example_sla_dag.py for tasks to queue
[2025-06-14T19:41:57.792+0200] {logging_mixin.py:137} INFO - [2025-06-14T19:41:57.792+0200] {dagbag.py:538} INFO - Filling up the DagBag from /home/monica.fernandez/practica_creativa/venv-airflow/lib/python3.11/site-packages/airflow/example_dags/example_sla_dag.py
[2025-06-14T19:41:57.826+0200] {processor.py:753} INFO - DAG(s) dict_keys(['example_sla_dag']) retrieved from /home/monica.fernandez/practica_creativa/venv-airflow/lib/python3.11/site-packages/airflow/example_dags/example_sla_dag.py
[2025-06-14T19:41:57.858+0200] {logging_mixin.py:137} INFO - [2025-06-14T19:41:57.858+0200] {dag.py:2690} INFO - Sync 1 DAGs
[2025-06-14T19:41:57.883+0200] {logging_mixin.py:137} INFO - [2025-06-14T19:41:57.883+0200] {dag.py:3437} INFO - Setting next_dagrun for example_sla_dag to 2025-06-14T17:38:00+00:00, run_after=2025-06-14T17:40:00+00:00
[2025-06-14T19:41:57.937+0200] {processor.py:175} INFO - Processing /home/monica.fernandez/practica_creativa/venv-airflow/lib/python3.11/site-packages/airflow/example_dags/example_sla_dag.py took 0.153 seconds
[2025-06-14T19:42:37.279+0200] {processor.py:153} INFO - Started process (PID=212297) to work on /home/monica.fernandez/practica_creativa/venv-airflow/lib/python3.11/site-packages/airflow/example_dags/example_sla_dag.py
[2025-06-14T19:42:37.281+0200] {processor.py:743} INFO - Processing file /home/monica.fernandez/practica_creativa/venv-airflow/lib/python3.11/site-packages/airflow/example_dags/example_sla_dag.py for tasks to queue
[2025-06-14T19:42:37.282+0200] {logging_mixin.py:137} INFO - [2025-06-14T19:42:37.282+0200] {dagbag.py:538} INFO - Filling up the DagBag from /home/monica.fernandez/practica_creativa/venv-airflow/lib/python3.11/site-packages/airflow/example_dags/example_sla_dag.py
[2025-06-14T19:42:37.317+0200] {processor.py:753} INFO - DAG(s) dict_keys(['example_sla_dag']) retrieved from /home/monica.fernandez/practica_creativa/venv-airflow/lib/python3.11/site-packages/airflow/example_dags/example_sla_dag.py
[2025-06-14T19:42:37.360+0200] {logging_mixin.py:137} INFO - [2025-06-14T19:42:37.359+0200] {dag.py:2690} INFO - Sync 1 DAGs
[2025-06-14T19:42:37.400+0200] {logging_mixin.py:137} INFO - [2025-06-14T19:42:37.400+0200] {dag.py:3437} INFO - Setting next_dagrun for example_sla_dag to 2025-06-14T17:40:00+00:00, run_after=2025-06-14T17:42:00+00:00
[2025-06-14T19:42:37.468+0200] {processor.py:175} INFO - Processing /home/monica.fernandez/practica_creativa/venv-airflow/lib/python3.11/site-packages/airflow/example_dags/example_sla_dag.py took 0.194 seconds
[2025-06-14T19:43:35.965+0200] {processor.py:153} INFO - Started process (PID=212760) to work on /home/monica.fernandez/practica_creativa/venv-airflow/lib/python3.11/site-packages/airflow/example_dags/example_sla_dag.py
[2025-06-14T19:43:35.966+0200] {processor.py:743} INFO - Processing file /home/monica.fernandez/practica_creativa/venv-airflow/lib/python3.11/site-packages/airflow/example_dags/example_sla_dag.py for tasks to queue
[2025-06-14T19:43:35.967+0200] {logging_mixin.py:137} INFO - [2025-06-14T19:43:35.967+0200] {dagbag.py:538} INFO - Filling up the DagBag from /home/monica.fernandez/practica_creativa/venv-airflow/lib/python3.11/site-packages/airflow/example_dags/example_sla_dag.py
[2025-06-14T19:43:36.001+0200] {processor.py:753} INFO - DAG(s) dict_keys(['example_sla_dag']) retrieved from /home/monica.fernandez/practica_creativa/venv-airflow/lib/python3.11/site-packages/airflow/example_dags/example_sla_dag.py
[2025-06-14T19:43:36.042+0200] {logging_mixin.py:137} INFO - [2025-06-14T19:43:36.042+0200] {dag.py:2690} INFO - Sync 1 DAGs
[2025-06-14T19:43:36.080+0200] {logging_mixin.py:137} INFO - [2025-06-14T19:43:36.080+0200] {dag.py:3437} INFO - Setting next_dagrun for example_sla_dag to 2025-06-14T17:40:00+00:00, run_after=2025-06-14T17:42:00+00:00
[2025-06-14T19:43:36.148+0200] {processor.py:175} INFO - Processing /home/monica.fernandez/practica_creativa/venv-airflow/lib/python3.11/site-packages/airflow/example_dags/example_sla_dag.py took 0.188 seconds
[2025-06-14T19:44:16.339+0200] {processor.py:153} INFO - Started process (PID=213109) to work on /home/monica.fernandez/practica_creativa/venv-airflow/lib/python3.11/site-packages/airflow/example_dags/example_sla_dag.py
[2025-06-14T19:44:16.340+0200] {processor.py:743} INFO - Processing file /home/monica.fernandez/practica_creativa/venv-airflow/lib/python3.11/site-packages/airflow/example_dags/example_sla_dag.py for tasks to queue
[2025-06-14T19:44:16.341+0200] {logging_mixin.py:137} INFO - [2025-06-14T19:44:16.341+0200] {dagbag.py:538} INFO - Filling up the DagBag from /home/monica.fernandez/practica_creativa/venv-airflow/lib/python3.11/site-packages/airflow/example_dags/example_sla_dag.py
[2025-06-14T19:44:16.374+0200] {processor.py:753} INFO - DAG(s) dict_keys(['example_sla_dag']) retrieved from /home/monica.fernandez/practica_creativa/venv-airflow/lib/python3.11/site-packages/airflow/example_dags/example_sla_dag.py
[2025-06-14T19:44:16.415+0200] {logging_mixin.py:137} INFO - [2025-06-14T19:44:16.415+0200] {dag.py:2690} INFO - Sync 1 DAGs
[2025-06-14T19:44:16.454+0200] {logging_mixin.py:137} INFO - [2025-06-14T19:44:16.454+0200] {dag.py:3437} INFO - Setting next_dagrun for example_sla_dag to 2025-06-14T17:42:00+00:00, run_after=2025-06-14T17:44:00+00:00
[2025-06-14T19:44:16.523+0200] {processor.py:175} INFO - Processing /home/monica.fernandez/practica_creativa/venv-airflow/lib/python3.11/site-packages/airflow/example_dags/example_sla_dag.py took 0.189 seconds
[2025-06-14T19:46:28.645+0200] {processor.py:153} INFO - Started process (PID=214380) to work on /home/monica.fernandez/practica_creativa/venv-airflow/lib/python3.11/site-packages/airflow/example_dags/example_sla_dag.py
[2025-06-14T19:46:28.646+0200] {processor.py:743} INFO - Processing file /home/monica.fernandez/practica_creativa/venv-airflow/lib/python3.11/site-packages/airflow/example_dags/example_sla_dag.py for tasks to queue
[2025-06-14T19:46:28.647+0200] {logging_mixin.py:137} INFO - [2025-06-14T19:46:28.646+0200] {dagbag.py:538} INFO - Filling up the DagBag from /home/monica.fernandez/practica_creativa/venv-airflow/lib/python3.11/site-packages/airflow/example_dags/example_sla_dag.py
[2025-06-14T19:46:28.680+0200] {processor.py:753} INFO - DAG(s) dict_keys(['example_sla_dag']) retrieved from /home/monica.fernandez/practica_creativa/venv-airflow/lib/python3.11/site-packages/airflow/example_dags/example_sla_dag.py
[2025-06-14T19:46:28.720+0200] {logging_mixin.py:137} INFO - [2025-06-14T19:46:28.719+0200] {dag.py:2690} INFO - Sync 1 DAGs
[2025-06-14T19:46:28.760+0200] {logging_mixin.py:137} INFO - [2025-06-14T19:46:28.759+0200] {dag.py:3437} INFO - Setting next_dagrun for example_sla_dag to 2025-06-14T17:44:00+00:00, run_after=2025-06-14T17:46:00+00:00
[2025-06-14T19:46:28.836+0200] {processor.py:175} INFO - Processing /home/monica.fernandez/practica_creativa/venv-airflow/lib/python3.11/site-packages/airflow/example_dags/example_sla_dag.py took 0.196 seconds
[2025-06-14T19:47:16.945+0200] {processor.py:153} INFO - Started process (PID=214815) to work on /home/monica.fernandez/practica_creativa/venv-airflow/lib/python3.11/site-packages/airflow/example_dags/example_sla_dag.py
[2025-06-14T19:47:16.946+0200] {processor.py:743} INFO - Processing file /home/monica.fernandez/practica_creativa/venv-airflow/lib/python3.11/site-packages/airflow/example_dags/example_sla_dag.py for tasks to queue
[2025-06-14T19:47:16.947+0200] {logging_mixin.py:137} INFO - [2025-06-14T19:47:16.947+0200] {dagbag.py:538} INFO - Filling up the DagBag from /home/monica.fernandez/practica_creativa/venv-airflow/lib/python3.11/site-packages/airflow/example_dags/example_sla_dag.py
[2025-06-14T19:47:16.986+0200] {processor.py:753} INFO - DAG(s) dict_keys(['example_sla_dag']) retrieved from /home/monica.fernandez/practica_creativa/venv-airflow/lib/python3.11/site-packages/airflow/example_dags/example_sla_dag.py
[2025-06-14T19:47:17.030+0200] {logging_mixin.py:137} INFO - [2025-06-14T19:47:17.029+0200] {dag.py:2690} INFO - Sync 1 DAGs
[2025-06-14T19:47:17.072+0200] {logging_mixin.py:137} INFO - [2025-06-14T19:47:17.072+0200] {dag.py:3437} INFO - Setting next_dagrun for example_sla_dag to 2025-06-14T17:44:00+00:00, run_after=2025-06-14T17:46:00+00:00
[2025-06-14T19:47:17.145+0200] {processor.py:175} INFO - Processing /home/monica.fernandez/practica_creativa/venv-airflow/lib/python3.11/site-packages/airflow/example_dags/example_sla_dag.py took 0.205 seconds
[2025-06-14T19:48:06.962+0200] {processor.py:153} INFO - Started process (PID=215154) to work on /home/monica.fernandez/practica_creativa/venv-airflow/lib/python3.11/site-packages/airflow/example_dags/example_sla_dag.py
[2025-06-14T19:48:06.963+0200] {processor.py:743} INFO - Processing file /home/monica.fernandez/practica_creativa/venv-airflow/lib/python3.11/site-packages/airflow/example_dags/example_sla_dag.py for tasks to queue
[2025-06-14T19:48:06.964+0200] {logging_mixin.py:137} INFO - [2025-06-14T19:48:06.964+0200] {dagbag.py:538} INFO - Filling up the DagBag from /home/monica.fernandez/practica_creativa/venv-airflow/lib/python3.11/site-packages/airflow/example_dags/example_sla_dag.py
[2025-06-14T19:48:06.996+0200] {processor.py:753} INFO - DAG(s) dict_keys(['example_sla_dag']) retrieved from /home/monica.fernandez/practica_creativa/venv-airflow/lib/python3.11/site-packages/airflow/example_dags/example_sla_dag.py
[2025-06-14T19:48:07.039+0200] {logging_mixin.py:137} INFO - [2025-06-14T19:48:07.039+0200] {dag.py:2690} INFO - Sync 1 DAGs
[2025-06-14T19:48:07.078+0200] {logging_mixin.py:137} INFO - [2025-06-14T19:48:07.078+0200] {dag.py:3437} INFO - Setting next_dagrun for example_sla_dag to 2025-06-14T17:46:00+00:00, run_after=2025-06-14T17:48:00+00:00
[2025-06-14T19:48:07.148+0200] {processor.py:175} INFO - Processing /home/monica.fernandez/practica_creativa/venv-airflow/lib/python3.11/site-packages/airflow/example_dags/example_sla_dag.py took 0.193 seconds
[2025-06-14T19:49:01.532+0200] {processor.py:153} INFO - Started process (PID=215944) to work on /home/monica.fernandez/practica_creativa/venv-airflow/lib/python3.11/site-packages/airflow/example_dags/example_sla_dag.py
[2025-06-14T19:49:01.534+0200] {processor.py:743} INFO - Processing file /home/monica.fernandez/practica_creativa/venv-airflow/lib/python3.11/site-packages/airflow/example_dags/example_sla_dag.py for tasks to queue
[2025-06-14T19:49:01.535+0200] {logging_mixin.py:137} INFO - [2025-06-14T19:49:01.535+0200] {dagbag.py:538} INFO - Filling up the DagBag from /home/monica.fernandez/practica_creativa/venv-airflow/lib/python3.11/site-packages/airflow/example_dags/example_sla_dag.py
[2025-06-14T19:49:01.567+0200] {processor.py:753} INFO - DAG(s) dict_keys(['example_sla_dag']) retrieved from /home/monica.fernandez/practica_creativa/venv-airflow/lib/python3.11/site-packages/airflow/example_dags/example_sla_dag.py
[2025-06-14T19:49:01.608+0200] {logging_mixin.py:137} INFO - [2025-06-14T19:49:01.608+0200] {dag.py:2690} INFO - Sync 1 DAGs
[2025-06-14T19:49:01.648+0200] {logging_mixin.py:137} INFO - [2025-06-14T19:49:01.648+0200] {dag.py:3437} INFO - Setting next_dagrun for example_sla_dag to 2025-06-14T17:46:00+00:00, run_after=2025-06-14T17:48:00+00:00
[2025-06-14T19:49:01.719+0200] {processor.py:175} INFO - Processing /home/monica.fernandez/practica_creativa/venv-airflow/lib/python3.11/site-packages/airflow/example_dags/example_sla_dag.py took 0.193 seconds
[2025-06-14T19:49:59.158+0200] {processor.py:153} INFO - Started process (PID=216407) to work on /home/monica.fernandez/practica_creativa/venv-airflow/lib/python3.11/site-packages/airflow/example_dags/example_sla_dag.py
[2025-06-14T19:49:59.164+0200] {processor.py:743} INFO - Processing file /home/monica.fernandez/practica_creativa/venv-airflow/lib/python3.11/site-packages/airflow/example_dags/example_sla_dag.py for tasks to queue
[2025-06-14T19:49:59.165+0200] {logging_mixin.py:137} INFO - [2025-06-14T19:49:59.165+0200] {dagbag.py:538} INFO - Filling up the DagBag from /home/monica.fernandez/practica_creativa/venv-airflow/lib/python3.11/site-packages/airflow/example_dags/example_sla_dag.py
[2025-06-14T19:49:59.198+0200] {processor.py:753} INFO - DAG(s) dict_keys(['example_sla_dag']) retrieved from /home/monica.fernandez/practica_creativa/venv-airflow/lib/python3.11/site-packages/airflow/example_dags/example_sla_dag.py
[2025-06-14T19:49:59.239+0200] {logging_mixin.py:137} INFO - [2025-06-14T19:49:59.239+0200] {dag.py:2690} INFO - Sync 1 DAGs
[2025-06-14T19:49:59.279+0200] {logging_mixin.py:137} INFO - [2025-06-14T19:49:59.279+0200] {dag.py:3437} INFO - Setting next_dagrun for example_sla_dag to 2025-06-14T17:46:00+00:00, run_after=2025-06-14T17:48:00+00:00
[2025-06-14T19:49:59.347+0200] {processor.py:175} INFO - Processing /home/monica.fernandez/practica_creativa/venv-airflow/lib/python3.11/site-packages/airflow/example_dags/example_sla_dag.py took 0.193 seconds
[2025-06-14T19:50:39.245+0200] {processor.py:153} INFO - Started process (PID=216683) to work on /home/monica.fernandez/practica_creativa/venv-airflow/lib/python3.11/site-packages/airflow/example_dags/example_sla_dag.py
[2025-06-14T19:50:39.247+0200] {processor.py:743} INFO - Processing file /home/monica.fernandez/practica_creativa/venv-airflow/lib/python3.11/site-packages/airflow/example_dags/example_sla_dag.py for tasks to queue
[2025-06-14T19:50:39.247+0200] {logging_mixin.py:137} INFO - [2025-06-14T19:50:39.247+0200] {dagbag.py:538} INFO - Filling up the DagBag from /home/monica.fernandez/practica_creativa/venv-airflow/lib/python3.11/site-packages/airflow/example_dags/example_sla_dag.py
[2025-06-14T19:50:39.282+0200] {processor.py:753} INFO - DAG(s) dict_keys(['example_sla_dag']) retrieved from /home/monica.fernandez/practica_creativa/venv-airflow/lib/python3.11/site-packages/airflow/example_dags/example_sla_dag.py
[2025-06-14T19:50:39.319+0200] {logging_mixin.py:137} INFO - [2025-06-14T19:50:39.319+0200] {dag.py:2690} INFO - Sync 1 DAGs
[2025-06-14T19:50:39.345+0200] {logging_mixin.py:137} INFO - [2025-06-14T19:50:39.345+0200] {dag.py:3437} INFO - Setting next_dagrun for example_sla_dag to 2025-06-14T17:48:00+00:00, run_after=2025-06-14T17:50:00+00:00
[2025-06-14T19:50:39.397+0200] {processor.py:175} INFO - Processing /home/monica.fernandez/practica_creativa/venv-airflow/lib/python3.11/site-packages/airflow/example_dags/example_sla_dag.py took 0.157 seconds
[2025-06-14T19:51:29.513+0200] {processor.py:153} INFO - Started process (PID=217090) to work on /home/monica.fernandez/practica_creativa/venv-airflow/lib/python3.11/site-packages/airflow/example_dags/example_sla_dag.py
[2025-06-14T19:51:29.514+0200] {processor.py:743} INFO - Processing file /home/monica.fernandez/practica_creativa/venv-airflow/lib/python3.11/site-packages/airflow/example_dags/example_sla_dag.py for tasks to queue
[2025-06-14T19:51:29.515+0200] {logging_mixin.py:137} INFO - [2025-06-14T19:51:29.514+0200] {dagbag.py:538} INFO - Filling up the DagBag from /home/monica.fernandez/practica_creativa/venv-airflow/lib/python3.11/site-packages/airflow/example_dags/example_sla_dag.py
[2025-06-14T19:51:29.548+0200] {processor.py:753} INFO - DAG(s) dict_keys(['example_sla_dag']) retrieved from /home/monica.fernandez/practica_creativa/venv-airflow/lib/python3.11/site-packages/airflow/example_dags/example_sla_dag.py
[2025-06-14T19:51:29.587+0200] {logging_mixin.py:137} INFO - [2025-06-14T19:51:29.587+0200] {dag.py:2690} INFO - Sync 1 DAGs
[2025-06-14T19:51:29.625+0200] {logging_mixin.py:137} INFO - [2025-06-14T19:51:29.625+0200] {dag.py:3437} INFO - Setting next_dagrun for example_sla_dag to 2025-06-14T17:48:00+00:00, run_after=2025-06-14T17:50:00+00:00
[2025-06-14T19:51:29.699+0200] {processor.py:175} INFO - Processing /home/monica.fernandez/practica_creativa/venv-airflow/lib/python3.11/site-packages/airflow/example_dags/example_sla_dag.py took 0.191 seconds
[2025-06-14T19:52:24.054+0200] {processor.py:153} INFO - Started process (PID=217542) to work on /home/monica.fernandez/practica_creativa/venv-airflow/lib/python3.11/site-packages/airflow/example_dags/example_sla_dag.py
[2025-06-14T19:52:24.056+0200] {processor.py:743} INFO - Processing file /home/monica.fernandez/practica_creativa/venv-airflow/lib/python3.11/site-packages/airflow/example_dags/example_sla_dag.py for tasks to queue
[2025-06-14T19:52:24.056+0200] {logging_mixin.py:137} INFO - [2025-06-14T19:52:24.056+0200] {dagbag.py:538} INFO - Filling up the DagBag from /home/monica.fernandez/practica_creativa/venv-airflow/lib/python3.11/site-packages/airflow/example_dags/example_sla_dag.py
[2025-06-14T19:52:24.089+0200] {processor.py:753} INFO - DAG(s) dict_keys(['example_sla_dag']) retrieved from /home/monica.fernandez/practica_creativa/venv-airflow/lib/python3.11/site-packages/airflow/example_dags/example_sla_dag.py
[2025-06-14T19:52:24.128+0200] {logging_mixin.py:137} INFO - [2025-06-14T19:52:24.128+0200] {dag.py:2690} INFO - Sync 1 DAGs
[2025-06-14T19:52:24.168+0200] {logging_mixin.py:137} INFO - [2025-06-14T19:52:24.167+0200] {dag.py:3437} INFO - Setting next_dagrun for example_sla_dag to 2025-06-14T17:50:00+00:00, run_after=2025-06-14T17:52:00+00:00
[2025-06-14T19:52:24.243+0200] {processor.py:175} INFO - Processing /home/monica.fernandez/practica_creativa/venv-airflow/lib/python3.11/site-packages/airflow/example_dags/example_sla_dag.py took 0.193 seconds
[2025-06-14T19:53:15.375+0200] {processor.py:153} INFO - Started process (PID=217951) to work on /home/monica.fernandez/practica_creativa/venv-airflow/lib/python3.11/site-packages/airflow/example_dags/example_sla_dag.py
[2025-06-14T19:53:15.376+0200] {processor.py:743} INFO - Processing file /home/monica.fernandez/practica_creativa/venv-airflow/lib/python3.11/site-packages/airflow/example_dags/example_sla_dag.py for tasks to queue
[2025-06-14T19:53:15.377+0200] {logging_mixin.py:137} INFO - [2025-06-14T19:53:15.376+0200] {dagbag.py:538} INFO - Filling up the DagBag from /home/monica.fernandez/practica_creativa/venv-airflow/lib/python3.11/site-packages/airflow/example_dags/example_sla_dag.py
[2025-06-14T19:53:15.409+0200] {processor.py:753} INFO - DAG(s) dict_keys(['example_sla_dag']) retrieved from /home/monica.fernandez/practica_creativa/venv-airflow/lib/python3.11/site-packages/airflow/example_dags/example_sla_dag.py
[2025-06-14T19:53:15.450+0200] {logging_mixin.py:137} INFO - [2025-06-14T19:53:15.450+0200] {dag.py:2690} INFO - Sync 1 DAGs
[2025-06-14T19:53:15.491+0200] {logging_mixin.py:137} INFO - [2025-06-14T19:53:15.490+0200] {dag.py:3437} INFO - Setting next_dagrun for example_sla_dag to 2025-06-14T17:50:00+00:00, run_after=2025-06-14T17:52:00+00:00
[2025-06-14T19:53:15.582+0200] {processor.py:175} INFO - Processing /home/monica.fernandez/practica_creativa/venv-airflow/lib/python3.11/site-packages/airflow/example_dags/example_sla_dag.py took 0.212 seconds
[2025-06-14T19:54:08.904+0200] {processor.py:153} INFO - Started process (PID=218304) to work on /home/monica.fernandez/practica_creativa/venv-airflow/lib/python3.11/site-packages/airflow/example_dags/example_sla_dag.py
[2025-06-14T19:54:08.905+0200] {processor.py:743} INFO - Processing file /home/monica.fernandez/practica_creativa/venv-airflow/lib/python3.11/site-packages/airflow/example_dags/example_sla_dag.py for tasks to queue
[2025-06-14T19:54:08.906+0200] {logging_mixin.py:137} INFO - [2025-06-14T19:54:08.906+0200] {dagbag.py:538} INFO - Filling up the DagBag from /home/monica.fernandez/practica_creativa/venv-airflow/lib/python3.11/site-packages/airflow/example_dags/example_sla_dag.py
[2025-06-14T19:54:08.939+0200] {processor.py:753} INFO - DAG(s) dict_keys(['example_sla_dag']) retrieved from /home/monica.fernandez/practica_creativa/venv-airflow/lib/python3.11/site-packages/airflow/example_dags/example_sla_dag.py
[2025-06-14T19:54:08.980+0200] {logging_mixin.py:137} INFO - [2025-06-14T19:54:08.980+0200] {dag.py:2690} INFO - Sync 1 DAGs
[2025-06-14T19:54:09.019+0200] {logging_mixin.py:137} INFO - [2025-06-14T19:54:09.019+0200] {dag.py:3437} INFO - Setting next_dagrun for example_sla_dag to 2025-06-14T17:52:00+00:00, run_after=2025-06-14T17:54:00+00:00
[2025-06-14T19:54:09.101+0200] {processor.py:175} INFO - Processing /home/monica.fernandez/practica_creativa/venv-airflow/lib/python3.11/site-packages/airflow/example_dags/example_sla_dag.py took 0.202 seconds
[2025-06-14T19:55:02.487+0200] {processor.py:153} INFO - Started process (PID=218755) to work on /home/monica.fernandez/practica_creativa/venv-airflow/lib/python3.11/site-packages/airflow/example_dags/example_sla_dag.py
[2025-06-14T19:55:02.488+0200] {processor.py:743} INFO - Processing file /home/monica.fernandez/practica_creativa/venv-airflow/lib/python3.11/site-packages/airflow/example_dags/example_sla_dag.py for tasks to queue
[2025-06-14T19:55:02.489+0200] {logging_mixin.py:137} INFO - [2025-06-14T19:55:02.489+0200] {dagbag.py:538} INFO - Filling up the DagBag from /home/monica.fernandez/practica_creativa/venv-airflow/lib/python3.11/site-packages/airflow/example_dags/example_sla_dag.py
[2025-06-14T19:55:02.522+0200] {processor.py:753} INFO - DAG(s) dict_keys(['example_sla_dag']) retrieved from /home/monica.fernandez/practica_creativa/venv-airflow/lib/python3.11/site-packages/airflow/example_dags/example_sla_dag.py
[2025-06-14T19:55:02.560+0200] {logging_mixin.py:137} INFO - [2025-06-14T19:55:02.560+0200] {dag.py:2690} INFO - Sync 1 DAGs
[2025-06-14T19:55:02.599+0200] {logging_mixin.py:137} INFO - [2025-06-14T19:55:02.598+0200] {dag.py:3437} INFO - Setting next_dagrun for example_sla_dag to 2025-06-14T17:52:00+00:00, run_after=2025-06-14T17:54:00+00:00
[2025-06-14T19:55:02.672+0200] {processor.py:175} INFO - Processing /home/monica.fernandez/practica_creativa/venv-airflow/lib/python3.11/site-packages/airflow/example_dags/example_sla_dag.py took 0.190 seconds
[2025-06-14T19:56:00.484+0200] {processor.py:153} INFO - Started process (PID=219206) to work on /home/monica.fernandez/practica_creativa/venv-airflow/lib/python3.11/site-packages/airflow/example_dags/example_sla_dag.py
[2025-06-14T19:56:00.485+0200] {processor.py:743} INFO - Processing file /home/monica.fernandez/practica_creativa/venv-airflow/lib/python3.11/site-packages/airflow/example_dags/example_sla_dag.py for tasks to queue
[2025-06-14T19:56:00.486+0200] {logging_mixin.py:137} INFO - [2025-06-14T19:56:00.486+0200] {dagbag.py:538} INFO - Filling up the DagBag from /home/monica.fernandez/practica_creativa/venv-airflow/lib/python3.11/site-packages/airflow/example_dags/example_sla_dag.py
[2025-06-14T19:56:00.520+0200] {processor.py:753} INFO - DAG(s) dict_keys(['example_sla_dag']) retrieved from /home/monica.fernandez/practica_creativa/venv-airflow/lib/python3.11/site-packages/airflow/example_dags/example_sla_dag.py
[2025-06-14T19:56:00.558+0200] {logging_mixin.py:137} INFO - [2025-06-14T19:56:00.558+0200] {dag.py:2690} INFO - Sync 1 DAGs
[2025-06-14T19:56:00.597+0200] {logging_mixin.py:137} INFO - [2025-06-14T19:56:00.597+0200] {dag.py:3437} INFO - Setting next_dagrun for example_sla_dag to 2025-06-14T17:54:00+00:00, run_after=2025-06-14T17:56:00+00:00
[2025-06-14T19:56:00.672+0200] {processor.py:175} INFO - Processing /home/monica.fernandez/practica_creativa/venv-airflow/lib/python3.11/site-packages/airflow/example_dags/example_sla_dag.py took 0.193 seconds
[2025-06-14T19:56:39.588+0200] {processor.py:153} INFO - Started process (PID=219484) to work on /home/monica.fernandez/practica_creativa/venv-airflow/lib/python3.11/site-packages/airflow/example_dags/example_sla_dag.py
[2025-06-14T19:56:39.589+0200] {processor.py:743} INFO - Processing file /home/monica.fernandez/practica_creativa/venv-airflow/lib/python3.11/site-packages/airflow/example_dags/example_sla_dag.py for tasks to queue
[2025-06-14T19:56:39.590+0200] {logging_mixin.py:137} INFO - [2025-06-14T19:56:39.590+0200] {dagbag.py:538} INFO - Filling up the DagBag from /home/monica.fernandez/practica_creativa/venv-airflow/lib/python3.11/site-packages/airflow/example_dags/example_sla_dag.py
[2025-06-14T19:56:39.623+0200] {processor.py:753} INFO - DAG(s) dict_keys(['example_sla_dag']) retrieved from /home/monica.fernandez/practica_creativa/venv-airflow/lib/python3.11/site-packages/airflow/example_dags/example_sla_dag.py
[2025-06-14T19:56:39.663+0200] {logging_mixin.py:137} INFO - [2025-06-14T19:56:39.662+0200] {dag.py:2690} INFO - Sync 1 DAGs
[2025-06-14T19:56:39.702+0200] {logging_mixin.py:137} INFO - [2025-06-14T19:56:39.702+0200] {dag.py:3437} INFO - Setting next_dagrun for example_sla_dag to 2025-06-14T17:54:00+00:00, run_after=2025-06-14T17:56:00+00:00
[2025-06-14T19:56:39.777+0200] {processor.py:175} INFO - Processing /home/monica.fernandez/practica_creativa/venv-airflow/lib/python3.11/site-packages/airflow/example_dags/example_sla_dag.py took 0.195 seconds
[2025-06-14T19:57:31.515+0200] {processor.py:153} INFO - Started process (PID=219894) to work on /home/monica.fernandez/practica_creativa/venv-airflow/lib/python3.11/site-packages/airflow/example_dags/example_sla_dag.py
[2025-06-14T19:57:31.515+0200] {processor.py:743} INFO - Processing file /home/monica.fernandez/practica_creativa/venv-airflow/lib/python3.11/site-packages/airflow/example_dags/example_sla_dag.py for tasks to queue
[2025-06-14T19:57:31.516+0200] {logging_mixin.py:137} INFO - [2025-06-14T19:57:31.516+0200] {dagbag.py:538} INFO - Filling up the DagBag from /home/monica.fernandez/practica_creativa/venv-airflow/lib/python3.11/site-packages/airflow/example_dags/example_sla_dag.py
[2025-06-14T19:57:31.535+0200] {processor.py:753} INFO - DAG(s) dict_keys(['example_sla_dag']) retrieved from /home/monica.fernandez/practica_creativa/venv-airflow/lib/python3.11/site-packages/airflow/example_dags/example_sla_dag.py
[2025-06-14T19:57:31.561+0200] {logging_mixin.py:137} INFO - [2025-06-14T19:57:31.561+0200] {dag.py:2690} INFO - Sync 1 DAGs
[2025-06-14T19:57:31.585+0200] {logging_mixin.py:137} INFO - [2025-06-14T19:57:31.584+0200] {dag.py:3437} INFO - Setting next_dagrun for example_sla_dag to 2025-06-14T17:54:00+00:00, run_after=2025-06-14T17:56:00+00:00
[2025-06-14T19:57:31.639+0200] {processor.py:175} INFO - Processing /home/monica.fernandez/practica_creativa/venv-airflow/lib/python3.11/site-packages/airflow/example_dags/example_sla_dag.py took 0.128 seconds
[2025-06-14T19:58:23.687+0200] {processor.py:153} INFO - Started process (PID=220332) to work on /home/monica.fernandez/practica_creativa/venv-airflow/lib/python3.11/site-packages/airflow/example_dags/example_sla_dag.py
[2025-06-14T19:58:23.688+0200] {processor.py:743} INFO - Processing file /home/monica.fernandez/practica_creativa/venv-airflow/lib/python3.11/site-packages/airflow/example_dags/example_sla_dag.py for tasks to queue
[2025-06-14T19:58:23.689+0200] {logging_mixin.py:137} INFO - [2025-06-14T19:58:23.689+0200] {dagbag.py:538} INFO - Filling up the DagBag from /home/monica.fernandez/practica_creativa/venv-airflow/lib/python3.11/site-packages/airflow/example_dags/example_sla_dag.py
[2025-06-14T19:58:23.722+0200] {processor.py:753} INFO - DAG(s) dict_keys(['example_sla_dag']) retrieved from /home/monica.fernandez/practica_creativa/venv-airflow/lib/python3.11/site-packages/airflow/example_dags/example_sla_dag.py
[2025-06-14T19:58:23.762+0200] {logging_mixin.py:137} INFO - [2025-06-14T19:58:23.762+0200] {dag.py:2690} INFO - Sync 1 DAGs
[2025-06-14T19:58:23.802+0200] {logging_mixin.py:137} INFO - [2025-06-14T19:58:23.802+0200] {dag.py:3437} INFO - Setting next_dagrun for example_sla_dag to 2025-06-14T17:56:00+00:00, run_after=2025-06-14T17:58:00+00:00
[2025-06-14T19:58:23.880+0200] {processor.py:175} INFO - Processing /home/monica.fernandez/practica_creativa/venv-airflow/lib/python3.11/site-packages/airflow/example_dags/example_sla_dag.py took 0.198 seconds
[2025-06-14T19:59:16.481+0200] {processor.py:153} INFO - Started process (PID=220756) to work on /home/monica.fernandez/practica_creativa/venv-airflow/lib/python3.11/site-packages/airflow/example_dags/example_sla_dag.py
[2025-06-14T19:59:16.482+0200] {processor.py:743} INFO - Processing file /home/monica.fernandez/practica_creativa/venv-airflow/lib/python3.11/site-packages/airflow/example_dags/example_sla_dag.py for tasks to queue
[2025-06-14T19:59:16.483+0200] {logging_mixin.py:137} INFO - [2025-06-14T19:59:16.482+0200] {dagbag.py:538} INFO - Filling up the DagBag from /home/monica.fernandez/practica_creativa/venv-airflow/lib/python3.11/site-packages/airflow/example_dags/example_sla_dag.py
[2025-06-14T19:59:16.516+0200] {processor.py:753} INFO - DAG(s) dict_keys(['example_sla_dag']) retrieved from /home/monica.fernandez/practica_creativa/venv-airflow/lib/python3.11/site-packages/airflow/example_dags/example_sla_dag.py
[2025-06-14T19:59:16.556+0200] {logging_mixin.py:137} INFO - [2025-06-14T19:59:16.556+0200] {dag.py:2690} INFO - Sync 1 DAGs
[2025-06-14T19:59:16.595+0200] {logging_mixin.py:137} INFO - [2025-06-14T19:59:16.595+0200] {dag.py:3437} INFO - Setting next_dagrun for example_sla_dag to 2025-06-14T17:56:00+00:00, run_after=2025-06-14T17:58:00+00:00
[2025-06-14T19:59:16.672+0200] {processor.py:175} INFO - Processing /home/monica.fernandez/practica_creativa/venv-airflow/lib/python3.11/site-packages/airflow/example_dags/example_sla_dag.py took 0.197 seconds
[2025-06-14T20:00:10.774+0200] {processor.py:153} INFO - Started process (PID=221120) to work on /home/monica.fernandez/practica_creativa/venv-airflow/lib/python3.11/site-packages/airflow/example_dags/example_sla_dag.py
[2025-06-14T20:00:10.775+0200] {processor.py:743} INFO - Processing file /home/monica.fernandez/practica_creativa/venv-airflow/lib/python3.11/site-packages/airflow/example_dags/example_sla_dag.py for tasks to queue
[2025-06-14T20:00:10.777+0200] {logging_mixin.py:137} INFO - [2025-06-14T20:00:10.776+0200] {dagbag.py:538} INFO - Filling up the DagBag from /home/monica.fernandez/practica_creativa/venv-airflow/lib/python3.11/site-packages/airflow/example_dags/example_sla_dag.py
[2025-06-14T20:00:10.811+0200] {processor.py:753} INFO - DAG(s) dict_keys(['example_sla_dag']) retrieved from /home/monica.fernandez/practica_creativa/venv-airflow/lib/python3.11/site-packages/airflow/example_dags/example_sla_dag.py
[2025-06-14T20:00:10.851+0200] {logging_mixin.py:137} INFO - [2025-06-14T20:00:10.851+0200] {dag.py:2690} INFO - Sync 1 DAGs
[2025-06-14T20:00:10.889+0200] {logging_mixin.py:137} INFO - [2025-06-14T20:00:10.889+0200] {dag.py:3437} INFO - Setting next_dagrun for example_sla_dag to 2025-06-14T17:58:00+00:00, run_after=2025-06-14T18:00:00+00:00
[2025-06-14T20:00:10.948+0200] {processor.py:175} INFO - Processing /home/monica.fernandez/practica_creativa/venv-airflow/lib/python3.11/site-packages/airflow/example_dags/example_sla_dag.py took 0.178 seconds
[2025-06-14T20:00:50.514+0200] {processor.py:153} INFO - Started process (PID=221507) to work on /home/monica.fernandez/practica_creativa/venv-airflow/lib/python3.11/site-packages/airflow/example_dags/example_sla_dag.py
[2025-06-14T20:00:50.516+0200] {processor.py:743} INFO - Processing file /home/monica.fernandez/practica_creativa/venv-airflow/lib/python3.11/site-packages/airflow/example_dags/example_sla_dag.py for tasks to queue
[2025-06-14T20:00:50.516+0200] {logging_mixin.py:137} INFO - [2025-06-14T20:00:50.516+0200] {dagbag.py:538} INFO - Filling up the DagBag from /home/monica.fernandez/practica_creativa/venv-airflow/lib/python3.11/site-packages/airflow/example_dags/example_sla_dag.py
[2025-06-14T20:00:50.549+0200] {processor.py:753} INFO - DAG(s) dict_keys(['example_sla_dag']) retrieved from /home/monica.fernandez/practica_creativa/venv-airflow/lib/python3.11/site-packages/airflow/example_dags/example_sla_dag.py
[2025-06-14T20:00:50.593+0200] {logging_mixin.py:137} INFO - [2025-06-14T20:00:50.593+0200] {dag.py:2690} INFO - Sync 1 DAGs
[2025-06-14T20:00:50.633+0200] {logging_mixin.py:137} INFO - [2025-06-14T20:00:50.633+0200] {dag.py:3437} INFO - Setting next_dagrun for example_sla_dag to 2025-06-14T17:58:00+00:00, run_after=2025-06-14T18:00:00+00:00
[2025-06-14T20:00:50.702+0200] {processor.py:175} INFO - Processing /home/monica.fernandez/practica_creativa/venv-airflow/lib/python3.11/site-packages/airflow/example_dags/example_sla_dag.py took 0.193 seconds
[2025-06-14T20:01:44.054+0200] {processor.py:153} INFO - Started process (PID=221842) to work on /home/monica.fernandez/practica_creativa/venv-airflow/lib/python3.11/site-packages/airflow/example_dags/example_sla_dag.py
[2025-06-14T20:01:44.055+0200] {processor.py:743} INFO - Processing file /home/monica.fernandez/practica_creativa/venv-airflow/lib/python3.11/site-packages/airflow/example_dags/example_sla_dag.py for tasks to queue
[2025-06-14T20:01:44.056+0200] {logging_mixin.py:137} INFO - [2025-06-14T20:01:44.056+0200] {dagbag.py:538} INFO - Filling up the DagBag from /home/monica.fernandez/practica_creativa/venv-airflow/lib/python3.11/site-packages/airflow/example_dags/example_sla_dag.py
[2025-06-14T20:01:44.088+0200] {processor.py:753} INFO - DAG(s) dict_keys(['example_sla_dag']) retrieved from /home/monica.fernandez/practica_creativa/venv-airflow/lib/python3.11/site-packages/airflow/example_dags/example_sla_dag.py
[2025-06-14T20:01:44.128+0200] {logging_mixin.py:137} INFO - [2025-06-14T20:01:44.128+0200] {dag.py:2690} INFO - Sync 1 DAGs
[2025-06-14T20:01:44.167+0200] {logging_mixin.py:137} INFO - [2025-06-14T20:01:44.167+0200] {dag.py:3437} INFO - Setting next_dagrun for example_sla_dag to 2025-06-14T17:58:00+00:00, run_after=2025-06-14T18:00:00+00:00
[2025-06-14T20:01:44.238+0200] {processor.py:175} INFO - Processing /home/monica.fernandez/practica_creativa/venv-airflow/lib/python3.11/site-packages/airflow/example_dags/example_sla_dag.py took 0.189 seconds
