[2025-06-14T19:01:58.527+0200] {processor.py:153} INFO - Started process (PID=189533) to work on /home/monica.fernandez/practica_creativa/venv-airflow/lib/python3.11/site-packages/airflow/example_dags/example_latest_only_with_trigger.py
[2025-06-14T19:01:58.528+0200] {processor.py:743} INFO - Processing file /home/monica.fernandez/practica_creativa/venv-airflow/lib/python3.11/site-packages/airflow/example_dags/example_latest_only_with_trigger.py for tasks to queue
[2025-06-14T19:01:58.529+0200] {logging_mixin.py:137} INFO - [2025-06-14T19:01:58.529+0200] {dagbag.py:538} INFO - Filling up the DagBag from /home/monica.fernandez/practica_creativa/venv-airflow/lib/python3.11/site-packages/airflow/example_dags/example_latest_only_with_trigger.py
[2025-06-14T19:01:58.568+0200] {processor.py:753} INFO - DAG(s) dict_keys(['latest_only_with_trigger']) retrieved from /home/monica.fernandez/practica_creativa/venv-airflow/lib/python3.11/site-packages/airflow/example_dags/example_latest_only_with_trigger.py
[2025-06-14T19:01:58.603+0200] {logging_mixin.py:137} INFO - [2025-06-14T19:01:58.603+0200] {dag.py:2690} INFO - Sync 1 DAGs
[2025-06-14T19:01:58.639+0200] {logging_mixin.py:137} INFO - [2025-06-14T19:01:58.639+0200] {dag.py:3437} INFO - Setting next_dagrun for latest_only_with_trigger to 2025-06-14T13:01:58.638911+00:00, run_after=2025-06-14T17:01:58.638911+00:00
[2025-06-14T19:01:58.695+0200] {processor.py:175} INFO - Processing /home/monica.fernandez/practica_creativa/venv-airflow/lib/python3.11/site-packages/airflow/example_dags/example_latest_only_with_trigger.py took 0.172 seconds
[2025-06-14T19:02:47.800+0200] {processor.py:153} INFO - Started process (PID=189996) to work on /home/monica.fernandez/practica_creativa/venv-airflow/lib/python3.11/site-packages/airflow/example_dags/example_latest_only_with_trigger.py
[2025-06-14T19:02:47.801+0200] {processor.py:743} INFO - Processing file /home/monica.fernandez/practica_creativa/venv-airflow/lib/python3.11/site-packages/airflow/example_dags/example_latest_only_with_trigger.py for tasks to queue
[2025-06-14T19:02:47.802+0200] {logging_mixin.py:137} INFO - [2025-06-14T19:02:47.802+0200] {dagbag.py:538} INFO - Filling up the DagBag from /home/monica.fernandez/practica_creativa/venv-airflow/lib/python3.11/site-packages/airflow/example_dags/example_latest_only_with_trigger.py
[2025-06-14T19:02:47.840+0200] {processor.py:753} INFO - DAG(s) dict_keys(['latest_only_with_trigger']) retrieved from /home/monica.fernandez/practica_creativa/venv-airflow/lib/python3.11/site-packages/airflow/example_dags/example_latest_only_with_trigger.py
[2025-06-14T19:02:47.885+0200] {logging_mixin.py:137} INFO - [2025-06-14T19:02:47.885+0200] {dag.py:2690} INFO - Sync 1 DAGs
[2025-06-14T19:02:47.920+0200] {logging_mixin.py:137} INFO - [2025-06-14T19:02:47.919+0200] {dag.py:3437} INFO - Setting next_dagrun for latest_only_with_trigger to 2025-06-14T13:02:47.919743+00:00, run_after=2025-06-14T17:02:47.919743+00:00
[2025-06-14T19:02:47.977+0200] {processor.py:175} INFO - Processing /home/monica.fernandez/practica_creativa/venv-airflow/lib/python3.11/site-packages/airflow/example_dags/example_latest_only_with_trigger.py took 0.182 seconds
[2025-06-14T19:03:39.267+0200] {processor.py:153} INFO - Started process (PID=190498) to work on /home/monica.fernandez/practica_creativa/venv-airflow/lib/python3.11/site-packages/airflow/example_dags/example_latest_only_with_trigger.py
[2025-06-14T19:03:39.268+0200] {processor.py:743} INFO - Processing file /home/monica.fernandez/practica_creativa/venv-airflow/lib/python3.11/site-packages/airflow/example_dags/example_latest_only_with_trigger.py for tasks to queue
[2025-06-14T19:03:39.269+0200] {logging_mixin.py:137} INFO - [2025-06-14T19:03:39.269+0200] {dagbag.py:538} INFO - Filling up the DagBag from /home/monica.fernandez/practica_creativa/venv-airflow/lib/python3.11/site-packages/airflow/example_dags/example_latest_only_with_trigger.py
[2025-06-14T19:03:39.300+0200] {processor.py:753} INFO - DAG(s) dict_keys(['latest_only_with_trigger']) retrieved from /home/monica.fernandez/practica_creativa/venv-airflow/lib/python3.11/site-packages/airflow/example_dags/example_latest_only_with_trigger.py
[2025-06-14T19:03:39.343+0200] {logging_mixin.py:137} INFO - [2025-06-14T19:03:39.343+0200] {dag.py:2690} INFO - Sync 1 DAGs
[2025-06-14T19:03:39.383+0200] {logging_mixin.py:137} INFO - [2025-06-14T19:03:39.383+0200] {dag.py:3437} INFO - Setting next_dagrun for latest_only_with_trigger to 2025-06-14T13:03:39.383105+00:00, run_after=2025-06-14T17:03:39.383105+00:00
[2025-06-14T19:03:39.463+0200] {processor.py:175} INFO - Processing /home/monica.fernandez/practica_creativa/venv-airflow/lib/python3.11/site-packages/airflow/example_dags/example_latest_only_with_trigger.py took 0.200 seconds
[2025-06-14T19:04:38.362+0200] {processor.py:153} INFO - Started process (PID=191136) to work on /home/monica.fernandez/practica_creativa/venv-airflow/lib/python3.11/site-packages/airflow/example_dags/example_latest_only_with_trigger.py
[2025-06-14T19:04:38.363+0200] {processor.py:743} INFO - Processing file /home/monica.fernandez/practica_creativa/venv-airflow/lib/python3.11/site-packages/airflow/example_dags/example_latest_only_with_trigger.py for tasks to queue
[2025-06-14T19:04:38.364+0200] {logging_mixin.py:137} INFO - [2025-06-14T19:04:38.364+0200] {dagbag.py:538} INFO - Filling up the DagBag from /home/monica.fernandez/practica_creativa/venv-airflow/lib/python3.11/site-packages/airflow/example_dags/example_latest_only_with_trigger.py
[2025-06-14T19:04:38.398+0200] {processor.py:753} INFO - DAG(s) dict_keys(['latest_only_with_trigger']) retrieved from /home/monica.fernandez/practica_creativa/venv-airflow/lib/python3.11/site-packages/airflow/example_dags/example_latest_only_with_trigger.py
[2025-06-14T19:04:38.438+0200] {logging_mixin.py:137} INFO - [2025-06-14T19:04:38.438+0200] {dag.py:2690} INFO - Sync 1 DAGs
[2025-06-14T19:04:38.479+0200] {logging_mixin.py:137} INFO - [2025-06-14T19:04:38.479+0200] {dag.py:3437} INFO - Setting next_dagrun for latest_only_with_trigger to 2025-06-14T13:04:38.479052+00:00, run_after=2025-06-14T17:04:38.479052+00:00
[2025-06-14T19:04:38.555+0200] {processor.py:175} INFO - Processing /home/monica.fernandez/practica_creativa/venv-airflow/lib/python3.11/site-packages/airflow/example_dags/example_latest_only_with_trigger.py took 0.197 seconds
[2025-06-14T19:05:49.672+0200] {processor.py:153} INFO - Started process (PID=191758) to work on /home/monica.fernandez/practica_creativa/venv-airflow/lib/python3.11/site-packages/airflow/example_dags/example_latest_only_with_trigger.py
[2025-06-14T19:05:49.673+0200] {processor.py:743} INFO - Processing file /home/monica.fernandez/practica_creativa/venv-airflow/lib/python3.11/site-packages/airflow/example_dags/example_latest_only_with_trigger.py for tasks to queue
[2025-06-14T19:05:49.673+0200] {logging_mixin.py:137} INFO - [2025-06-14T19:05:49.673+0200] {dagbag.py:538} INFO - Filling up the DagBag from /home/monica.fernandez/practica_creativa/venv-airflow/lib/python3.11/site-packages/airflow/example_dags/example_latest_only_with_trigger.py
[2025-06-14T19:05:49.689+0200] {processor.py:753} INFO - DAG(s) dict_keys(['latest_only_with_trigger']) retrieved from /home/monica.fernandez/practica_creativa/venv-airflow/lib/python3.11/site-packages/airflow/example_dags/example_latest_only_with_trigger.py
[2025-06-14T19:05:49.720+0200] {logging_mixin.py:137} INFO - [2025-06-14T19:05:49.719+0200] {dag.py:2690} INFO - Sync 1 DAGs
[2025-06-14T19:05:49.747+0200] {logging_mixin.py:137} INFO - [2025-06-14T19:05:49.747+0200] {dag.py:3437} INFO - Setting next_dagrun for latest_only_with_trigger to 2025-06-14T13:05:49.747393+00:00, run_after=2025-06-14T17:05:49.747393+00:00
[2025-06-14T19:05:49.797+0200] {processor.py:175} INFO - Processing /home/monica.fernandez/practica_creativa/venv-airflow/lib/python3.11/site-packages/airflow/example_dags/example_latest_only_with_trigger.py took 0.129 seconds
[2025-06-14T19:06:40.131+0200] {processor.py:153} INFO - Started process (PID=192266) to work on /home/monica.fernandez/practica_creativa/venv-airflow/lib/python3.11/site-packages/airflow/example_dags/example_latest_only_with_trigger.py
[2025-06-14T19:06:40.132+0200] {processor.py:743} INFO - Processing file /home/monica.fernandez/practica_creativa/venv-airflow/lib/python3.11/site-packages/airflow/example_dags/example_latest_only_with_trigger.py for tasks to queue
[2025-06-14T19:06:40.133+0200] {logging_mixin.py:137} INFO - [2025-06-14T19:06:40.133+0200] {dagbag.py:538} INFO - Filling up the DagBag from /home/monica.fernandez/practica_creativa/venv-airflow/lib/python3.11/site-packages/airflow/example_dags/example_latest_only_with_trigger.py
[2025-06-14T19:06:40.161+0200] {processor.py:753} INFO - DAG(s) dict_keys(['latest_only_with_trigger']) retrieved from /home/monica.fernandez/practica_creativa/venv-airflow/lib/python3.11/site-packages/airflow/example_dags/example_latest_only_with_trigger.py
[2025-06-14T19:06:40.201+0200] {logging_mixin.py:137} INFO - [2025-06-14T19:06:40.201+0200] {dag.py:2690} INFO - Sync 1 DAGs
[2025-06-14T19:06:40.252+0200] {logging_mixin.py:137} INFO - [2025-06-14T19:06:40.251+0200] {dag.py:3437} INFO - Setting next_dagrun for latest_only_with_trigger to 2025-06-14T13:06:40.251509+00:00, run_after=2025-06-14T17:06:40.251509+00:00
[2025-06-14T19:06:40.312+0200] {processor.py:175} INFO - Processing /home/monica.fernandez/practica_creativa/venv-airflow/lib/python3.11/site-packages/airflow/example_dags/example_latest_only_with_trigger.py took 0.185 seconds
[2025-06-14T19:07:44.047+0200] {processor.py:153} INFO - Started process (PID=192824) to work on /home/monica.fernandez/practica_creativa/venv-airflow/lib/python3.11/site-packages/airflow/example_dags/example_latest_only_with_trigger.py
[2025-06-14T19:07:44.049+0200] {processor.py:743} INFO - Processing file /home/monica.fernandez/practica_creativa/venv-airflow/lib/python3.11/site-packages/airflow/example_dags/example_latest_only_with_trigger.py for tasks to queue
[2025-06-14T19:07:44.049+0200] {logging_mixin.py:137} INFO - [2025-06-14T19:07:44.049+0200] {dagbag.py:538} INFO - Filling up the DagBag from /home/monica.fernandez/practica_creativa/venv-airflow/lib/python3.11/site-packages/airflow/example_dags/example_latest_only_with_trigger.py
[2025-06-14T19:07:44.082+0200] {processor.py:753} INFO - DAG(s) dict_keys(['latest_only_with_trigger']) retrieved from /home/monica.fernandez/practica_creativa/venv-airflow/lib/python3.11/site-packages/airflow/example_dags/example_latest_only_with_trigger.py
[2025-06-14T19:07:44.121+0200] {logging_mixin.py:137} INFO - [2025-06-14T19:07:44.121+0200] {dag.py:2690} INFO - Sync 1 DAGs
[2025-06-14T19:07:44.163+0200] {logging_mixin.py:137} INFO - [2025-06-14T19:07:44.163+0200] {dag.py:3437} INFO - Setting next_dagrun for latest_only_with_trigger to 2025-06-14T13:07:44.163104+00:00, run_after=2025-06-14T17:07:44.163104+00:00
[2025-06-14T19:07:44.234+0200] {processor.py:175} INFO - Processing /home/monica.fernandez/practica_creativa/venv-airflow/lib/python3.11/site-packages/airflow/example_dags/example_latest_only_with_trigger.py took 0.192 seconds
[2025-06-14T19:08:45.340+0200] {processor.py:153} INFO - Started process (PID=193696) to work on /home/monica.fernandez/practica_creativa/venv-airflow/lib/python3.11/site-packages/airflow/example_dags/example_latest_only_with_trigger.py
[2025-06-14T19:08:45.342+0200] {processor.py:743} INFO - Processing file /home/monica.fernandez/practica_creativa/venv-airflow/lib/python3.11/site-packages/airflow/example_dags/example_latest_only_with_trigger.py for tasks to queue
[2025-06-14T19:08:45.343+0200] {logging_mixin.py:137} INFO - [2025-06-14T19:08:45.342+0200] {dagbag.py:538} INFO - Filling up the DagBag from /home/monica.fernandez/practica_creativa/venv-airflow/lib/python3.11/site-packages/airflow/example_dags/example_latest_only_with_trigger.py
[2025-06-14T19:08:45.372+0200] {processor.py:753} INFO - DAG(s) dict_keys(['latest_only_with_trigger']) retrieved from /home/monica.fernandez/practica_creativa/venv-airflow/lib/python3.11/site-packages/airflow/example_dags/example_latest_only_with_trigger.py
[2025-06-14T19:08:45.413+0200] {logging_mixin.py:137} INFO - [2025-06-14T19:08:45.412+0200] {dag.py:2690} INFO - Sync 1 DAGs
[2025-06-14T19:08:45.452+0200] {logging_mixin.py:137} INFO - [2025-06-14T19:08:45.451+0200] {dag.py:3437} INFO - Setting next_dagrun for latest_only_with_trigger to 2025-06-14T13:08:45.451551+00:00, run_after=2025-06-14T17:08:45.451551+00:00
[2025-06-14T19:08:45.528+0200] {processor.py:175} INFO - Processing /home/monica.fernandez/practica_creativa/venv-airflow/lib/python3.11/site-packages/airflow/example_dags/example_latest_only_with_trigger.py took 0.192 seconds
[2025-06-14T19:09:47.655+0200] {processor.py:153} INFO - Started process (PID=194233) to work on /home/monica.fernandez/practica_creativa/venv-airflow/lib/python3.11/site-packages/airflow/example_dags/example_latest_only_with_trigger.py
[2025-06-14T19:09:47.656+0200] {processor.py:743} INFO - Processing file /home/monica.fernandez/practica_creativa/venv-airflow/lib/python3.11/site-packages/airflow/example_dags/example_latest_only_with_trigger.py for tasks to queue
[2025-06-14T19:09:47.657+0200] {logging_mixin.py:137} INFO - [2025-06-14T19:09:47.657+0200] {dagbag.py:538} INFO - Filling up the DagBag from /home/monica.fernandez/practica_creativa/venv-airflow/lib/python3.11/site-packages/airflow/example_dags/example_latest_only_with_trigger.py
[2025-06-14T19:09:47.690+0200] {processor.py:753} INFO - DAG(s) dict_keys(['latest_only_with_trigger']) retrieved from /home/monica.fernandez/practica_creativa/venv-airflow/lib/python3.11/site-packages/airflow/example_dags/example_latest_only_with_trigger.py
[2025-06-14T19:09:47.730+0200] {logging_mixin.py:137} INFO - [2025-06-14T19:09:47.730+0200] {dag.py:2690} INFO - Sync 1 DAGs
[2025-06-14T19:09:47.768+0200] {logging_mixin.py:137} INFO - [2025-06-14T19:09:47.768+0200] {dag.py:3437} INFO - Setting next_dagrun for latest_only_with_trigger to 2025-06-14T13:09:47.768308+00:00, run_after=2025-06-14T17:09:47.768308+00:00
[2025-06-14T19:09:47.848+0200] {processor.py:175} INFO - Processing /home/monica.fernandez/practica_creativa/venv-airflow/lib/python3.11/site-packages/airflow/example_dags/example_latest_only_with_trigger.py took 0.199 seconds
[2025-06-14T19:10:57.805+0200] {processor.py:153} INFO - Started process (PID=194826) to work on /home/monica.fernandez/practica_creativa/venv-airflow/lib/python3.11/site-packages/airflow/example_dags/example_latest_only_with_trigger.py
[2025-06-14T19:10:57.806+0200] {processor.py:743} INFO - Processing file /home/monica.fernandez/practica_creativa/venv-airflow/lib/python3.11/site-packages/airflow/example_dags/example_latest_only_with_trigger.py for tasks to queue
[2025-06-14T19:10:57.806+0200] {logging_mixin.py:137} INFO - [2025-06-14T19:10:57.806+0200] {dagbag.py:538} INFO - Filling up the DagBag from /home/monica.fernandez/practica_creativa/venv-airflow/lib/python3.11/site-packages/airflow/example_dags/example_latest_only_with_trigger.py
[2025-06-14T19:10:57.831+0200] {processor.py:753} INFO - DAG(s) dict_keys(['latest_only_with_trigger']) retrieved from /home/monica.fernandez/practica_creativa/venv-airflow/lib/python3.11/site-packages/airflow/example_dags/example_latest_only_with_trigger.py
[2025-06-14T19:10:57.868+0200] {logging_mixin.py:137} INFO - [2025-06-14T19:10:57.867+0200] {dag.py:2690} INFO - Sync 1 DAGs
[2025-06-14T19:10:57.906+0200] {logging_mixin.py:137} INFO - [2025-06-14T19:10:57.906+0200] {dag.py:3437} INFO - Setting next_dagrun for latest_only_with_trigger to 2025-06-14T13:10:57.906425+00:00, run_after=2025-06-14T17:10:57.906425+00:00
[2025-06-14T19:10:57.986+0200] {processor.py:175} INFO - Processing /home/monica.fernandez/practica_creativa/venv-airflow/lib/python3.11/site-packages/airflow/example_dags/example_latest_only_with_trigger.py took 0.185 seconds
[2025-06-14T19:11:51.389+0200] {processor.py:153} INFO - Started process (PID=195359) to work on /home/monica.fernandez/practica_creativa/venv-airflow/lib/python3.11/site-packages/airflow/example_dags/example_latest_only_with_trigger.py
[2025-06-14T19:11:51.390+0200] {processor.py:743} INFO - Processing file /home/monica.fernandez/practica_creativa/venv-airflow/lib/python3.11/site-packages/airflow/example_dags/example_latest_only_with_trigger.py for tasks to queue
[2025-06-14T19:11:51.391+0200] {logging_mixin.py:137} INFO - [2025-06-14T19:11:51.391+0200] {dagbag.py:538} INFO - Filling up the DagBag from /home/monica.fernandez/practica_creativa/venv-airflow/lib/python3.11/site-packages/airflow/example_dags/example_latest_only_with_trigger.py
[2025-06-14T19:11:51.408+0200] {processor.py:753} INFO - DAG(s) dict_keys(['latest_only_with_trigger']) retrieved from /home/monica.fernandez/practica_creativa/venv-airflow/lib/python3.11/site-packages/airflow/example_dags/example_latest_only_with_trigger.py
[2025-06-14T19:11:51.437+0200] {logging_mixin.py:137} INFO - [2025-06-14T19:11:51.437+0200] {dag.py:2690} INFO - Sync 1 DAGs
[2025-06-14T19:11:51.462+0200] {logging_mixin.py:137} INFO - [2025-06-14T19:11:51.462+0200] {dag.py:3437} INFO - Setting next_dagrun for latest_only_with_trigger to 2025-06-14T13:11:51.462502+00:00, run_after=2025-06-14T17:11:51.462502+00:00
[2025-06-14T19:11:51.514+0200] {processor.py:175} INFO - Processing /home/monica.fernandez/practica_creativa/venv-airflow/lib/python3.11/site-packages/airflow/example_dags/example_latest_only_with_trigger.py took 0.128 seconds
[2025-06-14T19:13:23.768+0200] {processor.py:153} INFO - Started process (PID=196035) to work on /home/monica.fernandez/practica_creativa/venv-airflow/lib/python3.11/site-packages/airflow/example_dags/example_latest_only_with_trigger.py
[2025-06-14T19:13:23.769+0200] {processor.py:743} INFO - Processing file /home/monica.fernandez/practica_creativa/venv-airflow/lib/python3.11/site-packages/airflow/example_dags/example_latest_only_with_trigger.py for tasks to queue
[2025-06-14T19:13:23.770+0200] {logging_mixin.py:137} INFO - [2025-06-14T19:13:23.770+0200] {dagbag.py:538} INFO - Filling up the DagBag from /home/monica.fernandez/practica_creativa/venv-airflow/lib/python3.11/site-packages/airflow/example_dags/example_latest_only_with_trigger.py
[2025-06-14T19:13:23.801+0200] {processor.py:753} INFO - DAG(s) dict_keys(['latest_only_with_trigger']) retrieved from /home/monica.fernandez/practica_creativa/venv-airflow/lib/python3.11/site-packages/airflow/example_dags/example_latest_only_with_trigger.py
[2025-06-14T19:13:23.840+0200] {logging_mixin.py:137} INFO - [2025-06-14T19:13:23.839+0200] {dag.py:2690} INFO - Sync 1 DAGs
[2025-06-14T19:13:23.881+0200] {logging_mixin.py:137} INFO - [2025-06-14T19:13:23.880+0200] {dag.py:3437} INFO - Setting next_dagrun for latest_only_with_trigger to 2025-06-14T13:13:23.880525+00:00, run_after=2025-06-14T17:13:23.880525+00:00
[2025-06-14T19:13:23.959+0200] {processor.py:175} INFO - Processing /home/monica.fernandez/practica_creativa/venv-airflow/lib/python3.11/site-packages/airflow/example_dags/example_latest_only_with_trigger.py took 0.195 seconds
[2025-06-14T19:14:15.940+0200] {processor.py:153} INFO - Started process (PID=196479) to work on /home/monica.fernandez/practica_creativa/venv-airflow/lib/python3.11/site-packages/airflow/example_dags/example_latest_only_with_trigger.py
[2025-06-14T19:14:15.941+0200] {processor.py:743} INFO - Processing file /home/monica.fernandez/practica_creativa/venv-airflow/lib/python3.11/site-packages/airflow/example_dags/example_latest_only_with_trigger.py for tasks to queue
[2025-06-14T19:14:15.942+0200] {logging_mixin.py:137} INFO - [2025-06-14T19:14:15.942+0200] {dagbag.py:538} INFO - Filling up the DagBag from /home/monica.fernandez/practica_creativa/venv-airflow/lib/python3.11/site-packages/airflow/example_dags/example_latest_only_with_trigger.py
[2025-06-14T19:14:15.972+0200] {processor.py:753} INFO - DAG(s) dict_keys(['latest_only_with_trigger']) retrieved from /home/monica.fernandez/practica_creativa/venv-airflow/lib/python3.11/site-packages/airflow/example_dags/example_latest_only_with_trigger.py
[2025-06-14T19:14:16.016+0200] {logging_mixin.py:137} INFO - [2025-06-14T19:14:16.016+0200] {dag.py:2690} INFO - Sync 1 DAGs
[2025-06-14T19:14:16.055+0200] {logging_mixin.py:137} INFO - [2025-06-14T19:14:16.055+0200] {dag.py:3437} INFO - Setting next_dagrun for latest_only_with_trigger to 2025-06-14T13:14:16.054938+00:00, run_after=2025-06-14T17:14:16.054938+00:00
[2025-06-14T19:14:16.129+0200] {processor.py:175} INFO - Processing /home/monica.fernandez/practica_creativa/venv-airflow/lib/python3.11/site-packages/airflow/example_dags/example_latest_only_with_trigger.py took 0.194 seconds
[2025-06-14T19:15:09.199+0200] {processor.py:153} INFO - Started process (PID=196908) to work on /home/monica.fernandez/practica_creativa/venv-airflow/lib/python3.11/site-packages/airflow/example_dags/example_latest_only_with_trigger.py
[2025-06-14T19:15:09.201+0200] {processor.py:743} INFO - Processing file /home/monica.fernandez/practica_creativa/venv-airflow/lib/python3.11/site-packages/airflow/example_dags/example_latest_only_with_trigger.py for tasks to queue
[2025-06-14T19:15:09.202+0200] {logging_mixin.py:137} INFO - [2025-06-14T19:15:09.202+0200] {dagbag.py:538} INFO - Filling up the DagBag from /home/monica.fernandez/practica_creativa/venv-airflow/lib/python3.11/site-packages/airflow/example_dags/example_latest_only_with_trigger.py
[2025-06-14T19:15:09.242+0200] {processor.py:753} INFO - DAG(s) dict_keys(['latest_only_with_trigger']) retrieved from /home/monica.fernandez/practica_creativa/venv-airflow/lib/python3.11/site-packages/airflow/example_dags/example_latest_only_with_trigger.py
[2025-06-14T19:15:09.290+0200] {logging_mixin.py:137} INFO - [2025-06-14T19:15:09.290+0200] {dag.py:2690} INFO - Sync 1 DAGs
[2025-06-14T19:15:09.325+0200] {logging_mixin.py:137} INFO - [2025-06-14T19:15:09.325+0200] {dag.py:3437} INFO - Setting next_dagrun for latest_only_with_trigger to 2025-06-14T13:15:09.325329+00:00, run_after=2025-06-14T17:15:09.325329+00:00
[2025-06-14T19:15:09.394+0200] {processor.py:175} INFO - Processing /home/monica.fernandez/practica_creativa/venv-airflow/lib/python3.11/site-packages/airflow/example_dags/example_latest_only_with_trigger.py took 0.200 seconds
[2025-06-14T19:16:25.316+0200] {processor.py:153} INFO - Started process (PID=197472) to work on /home/monica.fernandez/practica_creativa/venv-airflow/lib/python3.11/site-packages/airflow/example_dags/example_latest_only_with_trigger.py
[2025-06-14T19:16:25.317+0200] {processor.py:743} INFO - Processing file /home/monica.fernandez/practica_creativa/venv-airflow/lib/python3.11/site-packages/airflow/example_dags/example_latest_only_with_trigger.py for tasks to queue
[2025-06-14T19:16:25.318+0200] {logging_mixin.py:137} INFO - [2025-06-14T19:16:25.318+0200] {dagbag.py:538} INFO - Filling up the DagBag from /home/monica.fernandez/practica_creativa/venv-airflow/lib/python3.11/site-packages/airflow/example_dags/example_latest_only_with_trigger.py
[2025-06-14T19:16:25.376+0200] {processor.py:753} INFO - DAG(s) dict_keys(['latest_only_with_trigger']) retrieved from /home/monica.fernandez/practica_creativa/venv-airflow/lib/python3.11/site-packages/airflow/example_dags/example_latest_only_with_trigger.py
[2025-06-14T19:16:25.452+0200] {logging_mixin.py:137} INFO - [2025-06-14T19:16:25.452+0200] {dag.py:2690} INFO - Sync 1 DAGs
[2025-06-14T19:16:25.493+0200] {logging_mixin.py:137} INFO - [2025-06-14T19:16:25.493+0200] {dag.py:3437} INFO - Setting next_dagrun for latest_only_with_trigger to 2025-06-14T13:16:25.493030+00:00, run_after=2025-06-14T17:16:25.493030+00:00
[2025-06-14T19:16:25.560+0200] {processor.py:175} INFO - Processing /home/monica.fernandez/practica_creativa/venv-airflow/lib/python3.11/site-packages/airflow/example_dags/example_latest_only_with_trigger.py took 0.247 seconds
[2025-06-14T19:17:37.770+0200] {processor.py:153} INFO - Started process (PID=198239) to work on /home/monica.fernandez/practica_creativa/venv-airflow/lib/python3.11/site-packages/airflow/example_dags/example_latest_only_with_trigger.py
[2025-06-14T19:17:37.771+0200] {processor.py:743} INFO - Processing file /home/monica.fernandez/practica_creativa/venv-airflow/lib/python3.11/site-packages/airflow/example_dags/example_latest_only_with_trigger.py for tasks to queue
[2025-06-14T19:17:37.771+0200] {logging_mixin.py:137} INFO - [2025-06-14T19:17:37.771+0200] {dagbag.py:538} INFO - Filling up the DagBag from /home/monica.fernandez/practica_creativa/venv-airflow/lib/python3.11/site-packages/airflow/example_dags/example_latest_only_with_trigger.py
[2025-06-14T19:17:37.792+0200] {processor.py:753} INFO - DAG(s) dict_keys(['latest_only_with_trigger']) retrieved from /home/monica.fernandez/practica_creativa/venv-airflow/lib/python3.11/site-packages/airflow/example_dags/example_latest_only_with_trigger.py
[2025-06-14T19:17:37.824+0200] {logging_mixin.py:137} INFO - [2025-06-14T19:17:37.824+0200] {dag.py:2690} INFO - Sync 1 DAGs
[2025-06-14T19:17:37.858+0200] {logging_mixin.py:137} INFO - [2025-06-14T19:17:37.858+0200] {dag.py:3437} INFO - Setting next_dagrun for latest_only_with_trigger to 2025-06-14T13:17:37.857763+00:00, run_after=2025-06-14T17:17:37.857763+00:00
[2025-06-14T19:17:37.932+0200] {processor.py:175} INFO - Processing /home/monica.fernandez/practica_creativa/venv-airflow/lib/python3.11/site-packages/airflow/example_dags/example_latest_only_with_trigger.py took 0.165 seconds
[2025-06-14T19:18:28.109+0200] {processor.py:153} INFO - Started process (PID=198559) to work on /home/monica.fernandez/practica_creativa/venv-airflow/lib/python3.11/site-packages/airflow/example_dags/example_latest_only_with_trigger.py
[2025-06-14T19:18:28.110+0200] {processor.py:743} INFO - Processing file /home/monica.fernandez/practica_creativa/venv-airflow/lib/python3.11/site-packages/airflow/example_dags/example_latest_only_with_trigger.py for tasks to queue
[2025-06-14T19:18:28.111+0200] {logging_mixin.py:137} INFO - [2025-06-14T19:18:28.110+0200] {dagbag.py:538} INFO - Filling up the DagBag from /home/monica.fernandez/practica_creativa/venv-airflow/lib/python3.11/site-packages/airflow/example_dags/example_latest_only_with_trigger.py
[2025-06-14T19:18:28.135+0200] {processor.py:753} INFO - DAG(s) dict_keys(['latest_only_with_trigger']) retrieved from /home/monica.fernandez/practica_creativa/venv-airflow/lib/python3.11/site-packages/airflow/example_dags/example_latest_only_with_trigger.py
[2025-06-14T19:18:28.175+0200] {logging_mixin.py:137} INFO - [2025-06-14T19:18:28.175+0200] {dag.py:2690} INFO - Sync 1 DAGs
[2025-06-14T19:18:28.216+0200] {logging_mixin.py:137} INFO - [2025-06-14T19:18:28.216+0200] {dag.py:3437} INFO - Setting next_dagrun for latest_only_with_trigger to 2025-06-14T13:18:28.215958+00:00, run_after=2025-06-14T17:18:28.215958+00:00
[2025-06-14T19:18:28.290+0200] {processor.py:175} INFO - Processing /home/monica.fernandez/practica_creativa/venv-airflow/lib/python3.11/site-packages/airflow/example_dags/example_latest_only_with_trigger.py took 0.183 seconds
[2025-06-14T19:19:19.136+0200] {processor.py:153} INFO - Started process (PID=199001) to work on /home/monica.fernandez/practica_creativa/venv-airflow/lib/python3.11/site-packages/airflow/example_dags/example_latest_only_with_trigger.py
[2025-06-14T19:19:19.136+0200] {processor.py:743} INFO - Processing file /home/monica.fernandez/practica_creativa/venv-airflow/lib/python3.11/site-packages/airflow/example_dags/example_latest_only_with_trigger.py for tasks to queue
[2025-06-14T19:19:19.137+0200] {logging_mixin.py:137} INFO - [2025-06-14T19:19:19.137+0200] {dagbag.py:538} INFO - Filling up the DagBag from /home/monica.fernandez/practica_creativa/venv-airflow/lib/python3.11/site-packages/airflow/example_dags/example_latest_only_with_trigger.py
[2025-06-14T19:19:19.169+0200] {processor.py:753} INFO - DAG(s) dict_keys(['latest_only_with_trigger']) retrieved from /home/monica.fernandez/practica_creativa/venv-airflow/lib/python3.11/site-packages/airflow/example_dags/example_latest_only_with_trigger.py
[2025-06-14T19:19:19.205+0200] {logging_mixin.py:137} INFO - [2025-06-14T19:19:19.204+0200] {dag.py:2690} INFO - Sync 1 DAGs
[2025-06-14T19:19:19.239+0200] {logging_mixin.py:137} INFO - [2025-06-14T19:19:19.238+0200] {dag.py:3437} INFO - Setting next_dagrun for latest_only_with_trigger to 2025-06-14T13:19:19.238766+00:00, run_after=2025-06-14T17:19:19.238766+00:00
[2025-06-14T19:19:19.301+0200] {processor.py:175} INFO - Processing /home/monica.fernandez/practica_creativa/venv-airflow/lib/python3.11/site-packages/airflow/example_dags/example_latest_only_with_trigger.py took 0.168 seconds
[2025-06-14T19:20:20.589+0200] {processor.py:153} INFO - Started process (PID=199490) to work on /home/monica.fernandez/practica_creativa/venv-airflow/lib/python3.11/site-packages/airflow/example_dags/example_latest_only_with_trigger.py
[2025-06-14T19:20:20.589+0200] {processor.py:743} INFO - Processing file /home/monica.fernandez/practica_creativa/venv-airflow/lib/python3.11/site-packages/airflow/example_dags/example_latest_only_with_trigger.py for tasks to queue
[2025-06-14T19:20:20.590+0200] {logging_mixin.py:137} INFO - [2025-06-14T19:20:20.590+0200] {dagbag.py:538} INFO - Filling up the DagBag from /home/monica.fernandez/practica_creativa/venv-airflow/lib/python3.11/site-packages/airflow/example_dags/example_latest_only_with_trigger.py
[2025-06-14T19:20:20.610+0200] {processor.py:753} INFO - DAG(s) dict_keys(['latest_only_with_trigger']) retrieved from /home/monica.fernandez/practica_creativa/venv-airflow/lib/python3.11/site-packages/airflow/example_dags/example_latest_only_with_trigger.py
[2025-06-14T19:20:20.641+0200] {logging_mixin.py:137} INFO - [2025-06-14T19:20:20.640+0200] {dag.py:2690} INFO - Sync 1 DAGs
[2025-06-14T19:20:20.668+0200] {logging_mixin.py:137} INFO - [2025-06-14T19:20:20.668+0200] {dag.py:3437} INFO - Setting next_dagrun for latest_only_with_trigger to 2025-06-14T13:20:20.668242+00:00, run_after=2025-06-14T17:20:20.668242+00:00
[2025-06-14T19:20:20.741+0200] {processor.py:175} INFO - Processing /home/monica.fernandez/practica_creativa/venv-airflow/lib/python3.11/site-packages/airflow/example_dags/example_latest_only_with_trigger.py took 0.156 seconds
[2025-06-14T19:21:21.676+0200] {processor.py:153} INFO - Started process (PID=199974) to work on /home/monica.fernandez/practica_creativa/venv-airflow/lib/python3.11/site-packages/airflow/example_dags/example_latest_only_with_trigger.py
[2025-06-14T19:21:21.677+0200] {processor.py:743} INFO - Processing file /home/monica.fernandez/practica_creativa/venv-airflow/lib/python3.11/site-packages/airflow/example_dags/example_latest_only_with_trigger.py for tasks to queue
[2025-06-14T19:21:21.677+0200] {logging_mixin.py:137} INFO - [2025-06-14T19:21:21.677+0200] {dagbag.py:538} INFO - Filling up the DagBag from /home/monica.fernandez/practica_creativa/venv-airflow/lib/python3.11/site-packages/airflow/example_dags/example_latest_only_with_trigger.py
[2025-06-14T19:21:21.699+0200] {processor.py:753} INFO - DAG(s) dict_keys(['latest_only_with_trigger']) retrieved from /home/monica.fernandez/practica_creativa/venv-airflow/lib/python3.11/site-packages/airflow/example_dags/example_latest_only_with_trigger.py
[2025-06-14T19:21:21.734+0200] {logging_mixin.py:137} INFO - [2025-06-14T19:21:21.733+0200] {dag.py:2690} INFO - Sync 1 DAGs
[2025-06-14T19:21:21.760+0200] {logging_mixin.py:137} INFO - [2025-06-14T19:21:21.760+0200] {dag.py:3437} INFO - Setting next_dagrun for latest_only_with_trigger to 2025-06-14T13:21:21.760561+00:00, run_after=2025-06-14T17:21:21.760561+00:00
[2025-06-14T19:21:21.837+0200] {processor.py:175} INFO - Processing /home/monica.fernandez/practica_creativa/venv-airflow/lib/python3.11/site-packages/airflow/example_dags/example_latest_only_with_trigger.py took 0.165 seconds
[2025-06-14T19:22:39.201+0200] {processor.py:153} INFO - Started process (PID=200761) to work on /home/monica.fernandez/practica_creativa/venv-airflow/lib/python3.11/site-packages/airflow/example_dags/example_latest_only_with_trigger.py
[2025-06-14T19:22:39.203+0200] {processor.py:743} INFO - Processing file /home/monica.fernandez/practica_creativa/venv-airflow/lib/python3.11/site-packages/airflow/example_dags/example_latest_only_with_trigger.py for tasks to queue
[2025-06-14T19:22:39.204+0200] {logging_mixin.py:137} INFO - [2025-06-14T19:22:39.204+0200] {dagbag.py:538} INFO - Filling up the DagBag from /home/monica.fernandez/practica_creativa/venv-airflow/lib/python3.11/site-packages/airflow/example_dags/example_latest_only_with_trigger.py
[2025-06-14T19:22:39.237+0200] {processor.py:753} INFO - DAG(s) dict_keys(['latest_only_with_trigger']) retrieved from /home/monica.fernandez/practica_creativa/venv-airflow/lib/python3.11/site-packages/airflow/example_dags/example_latest_only_with_trigger.py
[2025-06-14T19:22:39.281+0200] {logging_mixin.py:137} INFO - [2025-06-14T19:22:39.280+0200] {dag.py:2690} INFO - Sync 1 DAGs
[2025-06-14T19:22:39.326+0200] {logging_mixin.py:137} INFO - [2025-06-14T19:22:39.325+0200] {dag.py:3437} INFO - Setting next_dagrun for latest_only_with_trigger to 2025-06-14T13:22:39.325404+00:00, run_after=2025-06-14T17:22:39.325404+00:00
[2025-06-14T19:22:39.408+0200] {processor.py:175} INFO - Processing /home/monica.fernandez/practica_creativa/venv-airflow/lib/python3.11/site-packages/airflow/example_dags/example_latest_only_with_trigger.py took 0.212 seconds
[2025-06-14T19:23:26.871+0200] {processor.py:153} INFO - Started process (PID=201073) to work on /home/monica.fernandez/practica_creativa/venv-airflow/lib/python3.11/site-packages/airflow/example_dags/example_latest_only_with_trigger.py
[2025-06-14T19:23:26.873+0200] {processor.py:743} INFO - Processing file /home/monica.fernandez/practica_creativa/venv-airflow/lib/python3.11/site-packages/airflow/example_dags/example_latest_only_with_trigger.py for tasks to queue
[2025-06-14T19:23:26.875+0200] {logging_mixin.py:137} INFO - [2025-06-14T19:23:26.874+0200] {dagbag.py:538} INFO - Filling up the DagBag from /home/monica.fernandez/practica_creativa/venv-airflow/lib/python3.11/site-packages/airflow/example_dags/example_latest_only_with_trigger.py
[2025-06-14T19:23:26.909+0200] {processor.py:753} INFO - DAG(s) dict_keys(['latest_only_with_trigger']) retrieved from /home/monica.fernandez/practica_creativa/venv-airflow/lib/python3.11/site-packages/airflow/example_dags/example_latest_only_with_trigger.py
[2025-06-14T19:23:26.954+0200] {logging_mixin.py:137} INFO - [2025-06-14T19:23:26.954+0200] {dag.py:2690} INFO - Sync 1 DAGs
[2025-06-14T19:23:26.999+0200] {logging_mixin.py:137} INFO - [2025-06-14T19:23:26.999+0200] {dag.py:3437} INFO - Setting next_dagrun for latest_only_with_trigger to 2025-06-14T13:23:26.998898+00:00, run_after=2025-06-14T17:23:26.998898+00:00
[2025-06-14T19:23:27.073+0200] {processor.py:175} INFO - Processing /home/monica.fernandez/practica_creativa/venv-airflow/lib/python3.11/site-packages/airflow/example_dags/example_latest_only_with_trigger.py took 0.206 seconds
[2025-06-14T19:24:48.531+0200] {processor.py:153} INFO - Started process (PID=201776) to work on /home/monica.fernandez/practica_creativa/venv-airflow/lib/python3.11/site-packages/airflow/example_dags/example_latest_only_with_trigger.py
[2025-06-14T19:24:48.532+0200] {processor.py:743} INFO - Processing file /home/monica.fernandez/practica_creativa/venv-airflow/lib/python3.11/site-packages/airflow/example_dags/example_latest_only_with_trigger.py for tasks to queue
[2025-06-14T19:24:48.532+0200] {logging_mixin.py:137} INFO - [2025-06-14T19:24:48.532+0200] {dagbag.py:538} INFO - Filling up the DagBag from /home/monica.fernandez/practica_creativa/venv-airflow/lib/python3.11/site-packages/airflow/example_dags/example_latest_only_with_trigger.py
[2025-06-14T19:24:48.557+0200] {processor.py:753} INFO - DAG(s) dict_keys(['latest_only_with_trigger']) retrieved from /home/monica.fernandez/practica_creativa/venv-airflow/lib/python3.11/site-packages/airflow/example_dags/example_latest_only_with_trigger.py
[2025-06-14T19:24:48.591+0200] {logging_mixin.py:137} INFO - [2025-06-14T19:24:48.590+0200] {dag.py:2690} INFO - Sync 1 DAGs
[2025-06-14T19:24:48.622+0200] {logging_mixin.py:137} INFO - [2025-06-14T19:24:48.621+0200] {dag.py:3437} INFO - Setting next_dagrun for latest_only_with_trigger to 2025-06-14T13:24:48.621696+00:00, run_after=2025-06-14T17:24:48.621696+00:00
[2025-06-14T19:24:48.701+0200] {processor.py:175} INFO - Processing /home/monica.fernandez/practica_creativa/venv-airflow/lib/python3.11/site-packages/airflow/example_dags/example_latest_only_with_trigger.py took 0.173 seconds
[2025-06-14T19:25:35.125+0200] {processor.py:153} INFO - Started process (PID=202092) to work on /home/monica.fernandez/practica_creativa/venv-airflow/lib/python3.11/site-packages/airflow/example_dags/example_latest_only_with_trigger.py
[2025-06-14T19:25:35.125+0200] {processor.py:743} INFO - Processing file /home/monica.fernandez/practica_creativa/venv-airflow/lib/python3.11/site-packages/airflow/example_dags/example_latest_only_with_trigger.py for tasks to queue
[2025-06-14T19:25:35.126+0200] {logging_mixin.py:137} INFO - [2025-06-14T19:25:35.126+0200] {dagbag.py:538} INFO - Filling up the DagBag from /home/monica.fernandez/practica_creativa/venv-airflow/lib/python3.11/site-packages/airflow/example_dags/example_latest_only_with_trigger.py
[2025-06-14T19:25:35.158+0200] {processor.py:753} INFO - DAG(s) dict_keys(['latest_only_with_trigger']) retrieved from /home/monica.fernandez/practica_creativa/venv-airflow/lib/python3.11/site-packages/airflow/example_dags/example_latest_only_with_trigger.py
[2025-06-14T19:25:35.191+0200] {logging_mixin.py:137} INFO - [2025-06-14T19:25:35.191+0200] {dag.py:2690} INFO - Sync 1 DAGs
[2025-06-14T19:25:35.220+0200] {logging_mixin.py:137} INFO - [2025-06-14T19:25:35.220+0200] {dag.py:3437} INFO - Setting next_dagrun for latest_only_with_trigger to 2025-06-14T13:25:35.220230+00:00, run_after=2025-06-14T17:25:35.220230+00:00
[2025-06-14T19:25:35.297+0200] {processor.py:175} INFO - Processing /home/monica.fernandez/practica_creativa/venv-airflow/lib/python3.11/site-packages/airflow/example_dags/example_latest_only_with_trigger.py took 0.175 seconds
[2025-06-14T19:29:16.170+0200] {processor.py:153} INFO - Started process (PID=204809) to work on /home/monica.fernandez/practica_creativa/venv-airflow/lib/python3.11/site-packages/airflow/example_dags/example_latest_only_with_trigger.py
[2025-06-14T19:29:16.171+0200] {processor.py:743} INFO - Processing file /home/monica.fernandez/practica_creativa/venv-airflow/lib/python3.11/site-packages/airflow/example_dags/example_latest_only_with_trigger.py for tasks to queue
[2025-06-14T19:29:16.172+0200] {logging_mixin.py:137} INFO - [2025-06-14T19:29:16.172+0200] {dagbag.py:538} INFO - Filling up the DagBag from /home/monica.fernandez/practica_creativa/venv-airflow/lib/python3.11/site-packages/airflow/example_dags/example_latest_only_with_trigger.py
[2025-06-14T19:29:16.183+0200] {processor.py:753} INFO - DAG(s) dict_keys(['latest_only_with_trigger']) retrieved from /home/monica.fernandez/practica_creativa/venv-airflow/lib/python3.11/site-packages/airflow/example_dags/example_latest_only_with_trigger.py
[2025-06-14T19:29:16.216+0200] {logging_mixin.py:137} INFO - [2025-06-14T19:29:16.216+0200] {dag.py:2690} INFO - Sync 1 DAGs
[2025-06-14T19:29:16.241+0200] {logging_mixin.py:137} INFO - [2025-06-14T19:29:16.241+0200] {dag.py:3437} INFO - Setting next_dagrun for latest_only_with_trigger to 2025-06-14T13:29:16.240697+00:00, run_after=2025-06-14T17:29:16.240697+00:00
[2025-06-14T19:29:16.300+0200] {processor.py:175} INFO - Processing /home/monica.fernandez/practica_creativa/venv-airflow/lib/python3.11/site-packages/airflow/example_dags/example_latest_only_with_trigger.py took 0.133 seconds
[2025-06-14T19:30:06.298+0200] {processor.py:153} INFO - Started process (PID=205162) to work on /home/monica.fernandez/practica_creativa/venv-airflow/lib/python3.11/site-packages/airflow/example_dags/example_latest_only_with_trigger.py
[2025-06-14T19:30:06.300+0200] {processor.py:743} INFO - Processing file /home/monica.fernandez/practica_creativa/venv-airflow/lib/python3.11/site-packages/airflow/example_dags/example_latest_only_with_trigger.py for tasks to queue
[2025-06-14T19:30:06.300+0200] {logging_mixin.py:137} INFO - [2025-06-14T19:30:06.300+0200] {dagbag.py:538} INFO - Filling up the DagBag from /home/monica.fernandez/practica_creativa/venv-airflow/lib/python3.11/site-packages/airflow/example_dags/example_latest_only_with_trigger.py
[2025-06-14T19:30:06.327+0200] {processor.py:753} INFO - DAG(s) dict_keys(['latest_only_with_trigger']) retrieved from /home/monica.fernandez/practica_creativa/venv-airflow/lib/python3.11/site-packages/airflow/example_dags/example_latest_only_with_trigger.py
[2025-06-14T19:30:06.363+0200] {logging_mixin.py:137} INFO - [2025-06-14T19:30:06.363+0200] {dag.py:2690} INFO - Sync 1 DAGs
[2025-06-14T19:30:06.389+0200] {logging_mixin.py:137} INFO - [2025-06-14T19:30:06.389+0200] {dag.py:3437} INFO - Setting next_dagrun for latest_only_with_trigger to 2025-06-14T13:30:06.389484+00:00, run_after=2025-06-14T17:30:06.389484+00:00
[2025-06-14T19:30:06.457+0200] {processor.py:175} INFO - Processing /home/monica.fernandez/practica_creativa/venv-airflow/lib/python3.11/site-packages/airflow/example_dags/example_latest_only_with_trigger.py took 0.165 seconds
[2025-06-14T19:30:55.385+0200] {processor.py:153} INFO - Started process (PID=205566) to work on /home/monica.fernandez/practica_creativa/venv-airflow/lib/python3.11/site-packages/airflow/example_dags/example_latest_only_with_trigger.py
[2025-06-14T19:30:55.386+0200] {processor.py:743} INFO - Processing file /home/monica.fernandez/practica_creativa/venv-airflow/lib/python3.11/site-packages/airflow/example_dags/example_latest_only_with_trigger.py for tasks to queue
[2025-06-14T19:30:55.387+0200] {logging_mixin.py:137} INFO - [2025-06-14T19:30:55.387+0200] {dagbag.py:538} INFO - Filling up the DagBag from /home/monica.fernandez/practica_creativa/venv-airflow/lib/python3.11/site-packages/airflow/example_dags/example_latest_only_with_trigger.py
[2025-06-14T19:30:55.400+0200] {processor.py:753} INFO - DAG(s) dict_keys(['latest_only_with_trigger']) retrieved from /home/monica.fernandez/practica_creativa/venv-airflow/lib/python3.11/site-packages/airflow/example_dags/example_latest_only_with_trigger.py
[2025-06-14T19:30:55.445+0200] {logging_mixin.py:137} INFO - [2025-06-14T19:30:55.445+0200] {dag.py:2690} INFO - Sync 1 DAGs
[2025-06-14T19:30:55.482+0200] {logging_mixin.py:137} INFO - [2025-06-14T19:30:55.481+0200] {dag.py:3437} INFO - Setting next_dagrun for latest_only_with_trigger to 2025-06-14T13:30:55.481556+00:00, run_after=2025-06-14T17:30:55.481556+00:00
[2025-06-14T19:30:55.544+0200] {processor.py:175} INFO - Processing /home/monica.fernandez/practica_creativa/venv-airflow/lib/python3.11/site-packages/airflow/example_dags/example_latest_only_with_trigger.py took 0.164 seconds
[2025-06-14T19:31:51.613+0200] {processor.py:153} INFO - Started process (PID=206039) to work on /home/monica.fernandez/practica_creativa/venv-airflow/lib/python3.11/site-packages/airflow/example_dags/example_latest_only_with_trigger.py
[2025-06-14T19:31:51.614+0200] {processor.py:743} INFO - Processing file /home/monica.fernandez/practica_creativa/venv-airflow/lib/python3.11/site-packages/airflow/example_dags/example_latest_only_with_trigger.py for tasks to queue
[2025-06-14T19:31:51.615+0200] {logging_mixin.py:137} INFO - [2025-06-14T19:31:51.615+0200] {dagbag.py:538} INFO - Filling up the DagBag from /home/monica.fernandez/practica_creativa/venv-airflow/lib/python3.11/site-packages/airflow/example_dags/example_latest_only_with_trigger.py
[2025-06-14T19:31:51.628+0200] {processor.py:753} INFO - DAG(s) dict_keys(['latest_only_with_trigger']) retrieved from /home/monica.fernandez/practica_creativa/venv-airflow/lib/python3.11/site-packages/airflow/example_dags/example_latest_only_with_trigger.py
[2025-06-14T19:31:51.668+0200] {logging_mixin.py:137} INFO - [2025-06-14T19:31:51.668+0200] {dag.py:2690} INFO - Sync 1 DAGs
[2025-06-14T19:31:51.704+0200] {logging_mixin.py:137} INFO - [2025-06-14T19:31:51.703+0200] {dag.py:3437} INFO - Setting next_dagrun for latest_only_with_trigger to 2025-06-14T13:31:51.703579+00:00, run_after=2025-06-14T17:31:51.703579+00:00
[2025-06-14T19:31:51.775+0200] {processor.py:175} INFO - Processing /home/monica.fernandez/practica_creativa/venv-airflow/lib/python3.11/site-packages/airflow/example_dags/example_latest_only_with_trigger.py took 0.167 seconds
[2025-06-14T19:35:34.100+0200] {processor.py:153} INFO - Started process (PID=208462) to work on /home/monica.fernandez/practica_creativa/venv-airflow/lib/python3.11/site-packages/airflow/example_dags/example_latest_only_with_trigger.py
[2025-06-14T19:35:34.101+0200] {processor.py:743} INFO - Processing file /home/monica.fernandez/practica_creativa/venv-airflow/lib/python3.11/site-packages/airflow/example_dags/example_latest_only_with_trigger.py for tasks to queue
[2025-06-14T19:35:34.102+0200] {logging_mixin.py:137} INFO - [2025-06-14T19:35:34.102+0200] {dagbag.py:538} INFO - Filling up the DagBag from /home/monica.fernandez/practica_creativa/venv-airflow/lib/python3.11/site-packages/airflow/example_dags/example_latest_only_with_trigger.py
[2025-06-14T19:35:34.117+0200] {processor.py:753} INFO - DAG(s) dict_keys(['latest_only_with_trigger']) retrieved from /home/monica.fernandez/practica_creativa/venv-airflow/lib/python3.11/site-packages/airflow/example_dags/example_latest_only_with_trigger.py
[2025-06-14T19:35:34.159+0200] {logging_mixin.py:137} INFO - [2025-06-14T19:35:34.159+0200] {dag.py:2690} INFO - Sync 1 DAGs
[2025-06-14T19:35:34.194+0200] {logging_mixin.py:137} INFO - [2025-06-14T19:35:34.194+0200] {dag.py:3437} INFO - Setting next_dagrun for latest_only_with_trigger to 2025-06-14T13:35:34.194057+00:00, run_after=2025-06-14T17:35:34.194057+00:00
[2025-06-14T19:35:34.267+0200] {processor.py:175} INFO - Processing /home/monica.fernandez/practica_creativa/venv-airflow/lib/python3.11/site-packages/airflow/example_dags/example_latest_only_with_trigger.py took 0.173 seconds
[2025-06-14T19:36:20.587+0200] {processor.py:153} INFO - Started process (PID=208879) to work on /home/monica.fernandez/practica_creativa/venv-airflow/lib/python3.11/site-packages/airflow/example_dags/example_latest_only_with_trigger.py
[2025-06-14T19:36:20.588+0200] {processor.py:743} INFO - Processing file /home/monica.fernandez/practica_creativa/venv-airflow/lib/python3.11/site-packages/airflow/example_dags/example_latest_only_with_trigger.py for tasks to queue
[2025-06-14T19:36:20.589+0200] {logging_mixin.py:137} INFO - [2025-06-14T19:36:20.589+0200] {dagbag.py:538} INFO - Filling up the DagBag from /home/monica.fernandez/practica_creativa/venv-airflow/lib/python3.11/site-packages/airflow/example_dags/example_latest_only_with_trigger.py
[2025-06-14T19:36:20.600+0200] {processor.py:753} INFO - DAG(s) dict_keys(['latest_only_with_trigger']) retrieved from /home/monica.fernandez/practica_creativa/venv-airflow/lib/python3.11/site-packages/airflow/example_dags/example_latest_only_with_trigger.py
[2025-06-14T19:36:20.642+0200] {logging_mixin.py:137} INFO - [2025-06-14T19:36:20.642+0200] {dag.py:2690} INFO - Sync 1 DAGs
[2025-06-14T19:36:20.690+0200] {logging_mixin.py:137} INFO - [2025-06-14T19:36:20.690+0200] {dag.py:3437} INFO - Setting next_dagrun for latest_only_with_trigger to 2025-06-14T13:36:20.689781+00:00, run_after=2025-06-14T17:36:20.689781+00:00
[2025-06-14T19:36:20.752+0200] {processor.py:175} INFO - Processing /home/monica.fernandez/practica_creativa/venv-airflow/lib/python3.11/site-packages/airflow/example_dags/example_latest_only_with_trigger.py took 0.167 seconds
[2025-06-14T19:37:17.827+0200] {processor.py:153} INFO - Started process (PID=209431) to work on /home/monica.fernandez/practica_creativa/venv-airflow/lib/python3.11/site-packages/airflow/example_dags/example_latest_only_with_trigger.py
[2025-06-14T19:37:17.828+0200] {processor.py:743} INFO - Processing file /home/monica.fernandez/practica_creativa/venv-airflow/lib/python3.11/site-packages/airflow/example_dags/example_latest_only_with_trigger.py for tasks to queue
[2025-06-14T19:37:17.829+0200] {logging_mixin.py:137} INFO - [2025-06-14T19:37:17.829+0200] {dagbag.py:538} INFO - Filling up the DagBag from /home/monica.fernandez/practica_creativa/venv-airflow/lib/python3.11/site-packages/airflow/example_dags/example_latest_only_with_trigger.py
[2025-06-14T19:37:17.836+0200] {processor.py:753} INFO - DAG(s) dict_keys(['latest_only_with_trigger']) retrieved from /home/monica.fernandez/practica_creativa/venv-airflow/lib/python3.11/site-packages/airflow/example_dags/example_latest_only_with_trigger.py
[2025-06-14T19:37:17.862+0200] {logging_mixin.py:137} INFO - [2025-06-14T19:37:17.862+0200] {dag.py:2690} INFO - Sync 1 DAGs
[2025-06-14T19:37:17.885+0200] {logging_mixin.py:137} INFO - [2025-06-14T19:37:17.885+0200] {dag.py:3437} INFO - Setting next_dagrun for latest_only_with_trigger to 2025-06-14T13:37:17.885312+00:00, run_after=2025-06-14T17:37:17.885312+00:00
[2025-06-14T19:37:17.937+0200] {processor.py:175} INFO - Processing /home/monica.fernandez/practica_creativa/venv-airflow/lib/python3.11/site-packages/airflow/example_dags/example_latest_only_with_trigger.py took 0.112 seconds
[2025-06-14T19:38:07.001+0200] {processor.py:153} INFO - Started process (PID=209782) to work on /home/monica.fernandez/practica_creativa/venv-airflow/lib/python3.11/site-packages/airflow/example_dags/example_latest_only_with_trigger.py
[2025-06-14T19:38:07.002+0200] {processor.py:743} INFO - Processing file /home/monica.fernandez/practica_creativa/venv-airflow/lib/python3.11/site-packages/airflow/example_dags/example_latest_only_with_trigger.py for tasks to queue
[2025-06-14T19:38:07.003+0200] {logging_mixin.py:137} INFO - [2025-06-14T19:38:07.002+0200] {dagbag.py:538} INFO - Filling up the DagBag from /home/monica.fernandez/practica_creativa/venv-airflow/lib/python3.11/site-packages/airflow/example_dags/example_latest_only_with_trigger.py
[2025-06-14T19:38:07.015+0200] {processor.py:753} INFO - DAG(s) dict_keys(['latest_only_with_trigger']) retrieved from /home/monica.fernandez/practica_creativa/venv-airflow/lib/python3.11/site-packages/airflow/example_dags/example_latest_only_with_trigger.py
[2025-06-14T19:38:07.056+0200] {logging_mixin.py:137} INFO - [2025-06-14T19:38:07.055+0200] {dag.py:2690} INFO - Sync 1 DAGs
[2025-06-14T19:38:07.092+0200] {logging_mixin.py:137} INFO - [2025-06-14T19:38:07.092+0200] {dag.py:3437} INFO - Setting next_dagrun for latest_only_with_trigger to 2025-06-14T13:38:07.091745+00:00, run_after=2025-06-14T17:38:07.091745+00:00
[2025-06-14T19:38:07.192+0200] {processor.py:175} INFO - Processing /home/monica.fernandez/practica_creativa/venv-airflow/lib/python3.11/site-packages/airflow/example_dags/example_latest_only_with_trigger.py took 0.197 seconds
[2025-06-14T19:40:29.013+0200] {processor.py:153} INFO - Started process (PID=211243) to work on /home/monica.fernandez/practica_creativa/venv-airflow/lib/python3.11/site-packages/airflow/example_dags/example_latest_only_with_trigger.py
[2025-06-14T19:40:29.014+0200] {processor.py:743} INFO - Processing file /home/monica.fernandez/practica_creativa/venv-airflow/lib/python3.11/site-packages/airflow/example_dags/example_latest_only_with_trigger.py for tasks to queue
[2025-06-14T19:40:29.015+0200] {logging_mixin.py:137} INFO - [2025-06-14T19:40:29.015+0200] {dagbag.py:538} INFO - Filling up the DagBag from /home/monica.fernandez/practica_creativa/venv-airflow/lib/python3.11/site-packages/airflow/example_dags/example_latest_only_with_trigger.py
[2025-06-14T19:40:29.030+0200] {processor.py:753} INFO - DAG(s) dict_keys(['latest_only_with_trigger']) retrieved from /home/monica.fernandez/practica_creativa/venv-airflow/lib/python3.11/site-packages/airflow/example_dags/example_latest_only_with_trigger.py
[2025-06-14T19:40:29.065+0200] {logging_mixin.py:137} INFO - [2025-06-14T19:40:29.065+0200] {dag.py:2690} INFO - Sync 1 DAGs
[2025-06-14T19:40:29.086+0200] {logging_mixin.py:137} INFO - [2025-06-14T19:40:29.086+0200] {dag.py:3437} INFO - Setting next_dagrun for latest_only_with_trigger to 2025-06-14T13:40:29.086385+00:00, run_after=2025-06-14T17:40:29.086385+00:00
[2025-06-14T19:40:29.142+0200] {processor.py:175} INFO - Processing /home/monica.fernandez/practica_creativa/venv-airflow/lib/python3.11/site-packages/airflow/example_dags/example_latest_only_with_trigger.py took 0.134 seconds
[2025-06-14T19:41:18.893+0200] {processor.py:153} INFO - Started process (PID=211675) to work on /home/monica.fernandez/practica_creativa/venv-airflow/lib/python3.11/site-packages/airflow/example_dags/example_latest_only_with_trigger.py
[2025-06-14T19:41:18.895+0200] {processor.py:743} INFO - Processing file /home/monica.fernandez/practica_creativa/venv-airflow/lib/python3.11/site-packages/airflow/example_dags/example_latest_only_with_trigger.py for tasks to queue
[2025-06-14T19:41:18.895+0200] {logging_mixin.py:137} INFO - [2025-06-14T19:41:18.895+0200] {dagbag.py:538} INFO - Filling up the DagBag from /home/monica.fernandez/practica_creativa/venv-airflow/lib/python3.11/site-packages/airflow/example_dags/example_latest_only_with_trigger.py
[2025-06-14T19:41:18.909+0200] {processor.py:753} INFO - DAG(s) dict_keys(['latest_only_with_trigger']) retrieved from /home/monica.fernandez/practica_creativa/venv-airflow/lib/python3.11/site-packages/airflow/example_dags/example_latest_only_with_trigger.py
[2025-06-14T19:41:18.951+0200] {logging_mixin.py:137} INFO - [2025-06-14T19:41:18.951+0200] {dag.py:2690} INFO - Sync 1 DAGs
[2025-06-14T19:41:18.984+0200] {logging_mixin.py:137} INFO - [2025-06-14T19:41:18.983+0200] {dag.py:3437} INFO - Setting next_dagrun for latest_only_with_trigger to 2025-06-14T13:41:18.983394+00:00, run_after=2025-06-14T17:41:18.983394+00:00
[2025-06-14T19:41:19.057+0200] {processor.py:175} INFO - Processing /home/monica.fernandez/practica_creativa/venv-airflow/lib/python3.11/site-packages/airflow/example_dags/example_latest_only_with_trigger.py took 0.168 seconds
[2025-06-14T19:42:08.266+0200] {processor.py:153} INFO - Started process (PID=212050) to work on /home/monica.fernandez/practica_creativa/venv-airflow/lib/python3.11/site-packages/airflow/example_dags/example_latest_only_with_trigger.py
[2025-06-14T19:42:08.267+0200] {processor.py:743} INFO - Processing file /home/monica.fernandez/practica_creativa/venv-airflow/lib/python3.11/site-packages/airflow/example_dags/example_latest_only_with_trigger.py for tasks to queue
[2025-06-14T19:42:08.268+0200] {logging_mixin.py:137} INFO - [2025-06-14T19:42:08.268+0200] {dagbag.py:538} INFO - Filling up the DagBag from /home/monica.fernandez/practica_creativa/venv-airflow/lib/python3.11/site-packages/airflow/example_dags/example_latest_only_with_trigger.py
[2025-06-14T19:42:08.283+0200] {processor.py:753} INFO - DAG(s) dict_keys(['latest_only_with_trigger']) retrieved from /home/monica.fernandez/practica_creativa/venv-airflow/lib/python3.11/site-packages/airflow/example_dags/example_latest_only_with_trigger.py
[2025-06-14T19:42:08.336+0200] {logging_mixin.py:137} INFO - [2025-06-14T19:42:08.336+0200] {dag.py:2690} INFO - Sync 1 DAGs
[2025-06-14T19:42:08.360+0200] {logging_mixin.py:137} INFO - [2025-06-14T19:42:08.360+0200] {dag.py:3437} INFO - Setting next_dagrun for latest_only_with_trigger to 2025-06-14T13:42:08.360423+00:00, run_after=2025-06-14T17:42:08.360423+00:00
[2025-06-14T19:42:08.428+0200] {processor.py:175} INFO - Processing /home/monica.fernandez/practica_creativa/venv-airflow/lib/python3.11/site-packages/airflow/example_dags/example_latest_only_with_trigger.py took 0.167 seconds
[2025-06-14T19:43:06.243+0200] {processor.py:153} INFO - Started process (PID=212519) to work on /home/monica.fernandez/practica_creativa/venv-airflow/lib/python3.11/site-packages/airflow/example_dags/example_latest_only_with_trigger.py
[2025-06-14T19:43:06.244+0200] {processor.py:743} INFO - Processing file /home/monica.fernandez/practica_creativa/venv-airflow/lib/python3.11/site-packages/airflow/example_dags/example_latest_only_with_trigger.py for tasks to queue
[2025-06-14T19:43:06.245+0200] {logging_mixin.py:137} INFO - [2025-06-14T19:43:06.245+0200] {dagbag.py:538} INFO - Filling up the DagBag from /home/monica.fernandez/practica_creativa/venv-airflow/lib/python3.11/site-packages/airflow/example_dags/example_latest_only_with_trigger.py
[2025-06-14T19:43:06.258+0200] {processor.py:753} INFO - DAG(s) dict_keys(['latest_only_with_trigger']) retrieved from /home/monica.fernandez/practica_creativa/venv-airflow/lib/python3.11/site-packages/airflow/example_dags/example_latest_only_with_trigger.py
[2025-06-14T19:43:06.300+0200] {logging_mixin.py:137} INFO - [2025-06-14T19:43:06.299+0200] {dag.py:2690} INFO - Sync 1 DAGs
[2025-06-14T19:43:06.338+0200] {logging_mixin.py:137} INFO - [2025-06-14T19:43:06.337+0200] {dag.py:3437} INFO - Setting next_dagrun for latest_only_with_trigger to 2025-06-14T13:43:06.336739+00:00, run_after=2025-06-14T17:43:06.336739+00:00
[2025-06-14T19:43:06.407+0200] {processor.py:175} INFO - Processing /home/monica.fernandez/practica_creativa/venv-airflow/lib/python3.11/site-packages/airflow/example_dags/example_latest_only_with_trigger.py took 0.168 seconds
[2025-06-14T19:44:03.701+0200] {processor.py:153} INFO - Started process (PID=212973) to work on /home/monica.fernandez/practica_creativa/venv-airflow/lib/python3.11/site-packages/airflow/example_dags/example_latest_only_with_trigger.py
[2025-06-14T19:44:03.702+0200] {processor.py:743} INFO - Processing file /home/monica.fernandez/practica_creativa/venv-airflow/lib/python3.11/site-packages/airflow/example_dags/example_latest_only_with_trigger.py for tasks to queue
[2025-06-14T19:44:03.703+0200] {logging_mixin.py:137} INFO - [2025-06-14T19:44:03.703+0200] {dagbag.py:538} INFO - Filling up the DagBag from /home/monica.fernandez/practica_creativa/venv-airflow/lib/python3.11/site-packages/airflow/example_dags/example_latest_only_with_trigger.py
[2025-06-14T19:44:03.715+0200] {processor.py:753} INFO - DAG(s) dict_keys(['latest_only_with_trigger']) retrieved from /home/monica.fernandez/practica_creativa/venv-airflow/lib/python3.11/site-packages/airflow/example_dags/example_latest_only_with_trigger.py
[2025-06-14T19:44:03.759+0200] {logging_mixin.py:137} INFO - [2025-06-14T19:44:03.759+0200] {dag.py:2690} INFO - Sync 1 DAGs
[2025-06-14T19:44:03.797+0200] {logging_mixin.py:137} INFO - [2025-06-14T19:44:03.797+0200] {dag.py:3437} INFO - Setting next_dagrun for latest_only_with_trigger to 2025-06-14T13:44:03.796774+00:00, run_after=2025-06-14T17:44:03.796774+00:00
[2025-06-14T19:44:03.875+0200] {processor.py:175} INFO - Processing /home/monica.fernandez/practica_creativa/venv-airflow/lib/python3.11/site-packages/airflow/example_dags/example_latest_only_with_trigger.py took 0.179 seconds
[2025-06-14T19:45:00.334+0200] {processor.py:153} INFO - Started process (PID=213410) to work on /home/monica.fernandez/practica_creativa/venv-airflow/lib/python3.11/site-packages/airflow/example_dags/example_latest_only_with_trigger.py
[2025-06-14T19:45:00.335+0200] {processor.py:743} INFO - Processing file /home/monica.fernandez/practica_creativa/venv-airflow/lib/python3.11/site-packages/airflow/example_dags/example_latest_only_with_trigger.py for tasks to queue
[2025-06-14T19:45:00.336+0200] {logging_mixin.py:137} INFO - [2025-06-14T19:45:00.335+0200] {dagbag.py:538} INFO - Filling up the DagBag from /home/monica.fernandez/practica_creativa/venv-airflow/lib/python3.11/site-packages/airflow/example_dags/example_latest_only_with_trigger.py
[2025-06-14T19:45:00.348+0200] {processor.py:753} INFO - DAG(s) dict_keys(['latest_only_with_trigger']) retrieved from /home/monica.fernandez/practica_creativa/venv-airflow/lib/python3.11/site-packages/airflow/example_dags/example_latest_only_with_trigger.py
[2025-06-14T19:45:00.390+0200] {logging_mixin.py:137} INFO - [2025-06-14T19:45:00.390+0200] {dag.py:2690} INFO - Sync 1 DAGs
[2025-06-14T19:45:00.424+0200] {logging_mixin.py:137} INFO - [2025-06-14T19:45:00.424+0200] {dag.py:3437} INFO - Setting next_dagrun for latest_only_with_trigger to 2025-06-14T13:45:00.424030+00:00, run_after=2025-06-14T17:45:00.424030+00:00
[2025-06-14T19:45:00.498+0200] {processor.py:175} INFO - Processing /home/monica.fernandez/practica_creativa/venv-airflow/lib/python3.11/site-packages/airflow/example_dags/example_latest_only_with_trigger.py took 0.169 seconds
[2025-06-14T19:46:39.486+0200] {processor.py:153} INFO - Started process (PID=214474) to work on /home/monica.fernandez/practica_creativa/venv-airflow/lib/python3.11/site-packages/airflow/example_dags/example_latest_only_with_trigger.py
[2025-06-14T19:46:39.487+0200] {processor.py:743} INFO - Processing file /home/monica.fernandez/practica_creativa/venv-airflow/lib/python3.11/site-packages/airflow/example_dags/example_latest_only_with_trigger.py for tasks to queue
[2025-06-14T19:46:39.488+0200] {logging_mixin.py:137} INFO - [2025-06-14T19:46:39.488+0200] {dagbag.py:538} INFO - Filling up the DagBag from /home/monica.fernandez/practica_creativa/venv-airflow/lib/python3.11/site-packages/airflow/example_dags/example_latest_only_with_trigger.py
[2025-06-14T19:46:39.502+0200] {processor.py:753} INFO - DAG(s) dict_keys(['latest_only_with_trigger']) retrieved from /home/monica.fernandez/practica_creativa/venv-airflow/lib/python3.11/site-packages/airflow/example_dags/example_latest_only_with_trigger.py
[2025-06-14T19:46:39.543+0200] {logging_mixin.py:137} INFO - [2025-06-14T19:46:39.543+0200] {dag.py:2690} INFO - Sync 1 DAGs
[2025-06-14T19:46:39.576+0200] {logging_mixin.py:137} INFO - [2025-06-14T19:46:39.576+0200] {dag.py:3437} INFO - Setting next_dagrun for latest_only_with_trigger to 2025-06-14T13:46:39.575712+00:00, run_after=2025-06-14T17:46:39.575712+00:00
[2025-06-14T19:46:39.650+0200] {processor.py:175} INFO - Processing /home/monica.fernandez/practica_creativa/venv-airflow/lib/python3.11/site-packages/airflow/example_dags/example_latest_only_with_trigger.py took 0.169 seconds
[2025-06-14T19:47:27.797+0200] {processor.py:153} INFO - Started process (PID=214854) to work on /home/monica.fernandez/practica_creativa/venv-airflow/lib/python3.11/site-packages/airflow/example_dags/example_latest_only_with_trigger.py
[2025-06-14T19:47:27.799+0200] {processor.py:743} INFO - Processing file /home/monica.fernandez/practica_creativa/venv-airflow/lib/python3.11/site-packages/airflow/example_dags/example_latest_only_with_trigger.py for tasks to queue
[2025-06-14T19:47:27.799+0200] {logging_mixin.py:137} INFO - [2025-06-14T19:47:27.799+0200] {dagbag.py:538} INFO - Filling up the DagBag from /home/monica.fernandez/practica_creativa/venv-airflow/lib/python3.11/site-packages/airflow/example_dags/example_latest_only_with_trigger.py
[2025-06-14T19:47:27.813+0200] {processor.py:753} INFO - DAG(s) dict_keys(['latest_only_with_trigger']) retrieved from /home/monica.fernandez/practica_creativa/venv-airflow/lib/python3.11/site-packages/airflow/example_dags/example_latest_only_with_trigger.py
[2025-06-14T19:47:27.855+0200] {logging_mixin.py:137} INFO - [2025-06-14T19:47:27.855+0200] {dag.py:2690} INFO - Sync 1 DAGs
[2025-06-14T19:47:27.894+0200] {logging_mixin.py:137} INFO - [2025-06-14T19:47:27.894+0200] {dag.py:3437} INFO - Setting next_dagrun for latest_only_with_trigger to 2025-06-14T13:47:27.894225+00:00, run_after=2025-06-14T17:47:27.894225+00:00
[2025-06-14T19:47:27.976+0200] {processor.py:175} INFO - Processing /home/monica.fernandez/practica_creativa/venv-airflow/lib/python3.11/site-packages/airflow/example_dags/example_latest_only_with_trigger.py took 0.183 seconds
[2025-06-14T19:48:24.273+0200] {processor.py:153} INFO - Started process (PID=215302) to work on /home/monica.fernandez/practica_creativa/venv-airflow/lib/python3.11/site-packages/airflow/example_dags/example_latest_only_with_trigger.py
[2025-06-14T19:48:24.274+0200] {processor.py:743} INFO - Processing file /home/monica.fernandez/practica_creativa/venv-airflow/lib/python3.11/site-packages/airflow/example_dags/example_latest_only_with_trigger.py for tasks to queue
[2025-06-14T19:48:24.275+0200] {logging_mixin.py:137} INFO - [2025-06-14T19:48:24.275+0200] {dagbag.py:538} INFO - Filling up the DagBag from /home/monica.fernandez/practica_creativa/venv-airflow/lib/python3.11/site-packages/airflow/example_dags/example_latest_only_with_trigger.py
[2025-06-14T19:48:24.288+0200] {processor.py:753} INFO - DAG(s) dict_keys(['latest_only_with_trigger']) retrieved from /home/monica.fernandez/practica_creativa/venv-airflow/lib/python3.11/site-packages/airflow/example_dags/example_latest_only_with_trigger.py
[2025-06-14T19:48:24.329+0200] {logging_mixin.py:137} INFO - [2025-06-14T19:48:24.329+0200] {dag.py:2690} INFO - Sync 1 DAGs
[2025-06-14T19:48:24.366+0200] {logging_mixin.py:137} INFO - [2025-06-14T19:48:24.365+0200] {dag.py:3437} INFO - Setting next_dagrun for latest_only_with_trigger to 2025-06-14T13:48:24.365521+00:00, run_after=2025-06-14T17:48:24.365521+00:00
[2025-06-14T19:48:24.438+0200] {processor.py:175} INFO - Processing /home/monica.fernandez/practica_creativa/venv-airflow/lib/python3.11/site-packages/airflow/example_dags/example_latest_only_with_trigger.py took 0.170 seconds
[2025-06-14T19:49:19.337+0200] {processor.py:153} INFO - Started process (PID=216116) to work on /home/monica.fernandez/practica_creativa/venv-airflow/lib/python3.11/site-packages/airflow/example_dags/example_latest_only_with_trigger.py
[2025-06-14T19:49:19.338+0200] {processor.py:743} INFO - Processing file /home/monica.fernandez/practica_creativa/venv-airflow/lib/python3.11/site-packages/airflow/example_dags/example_latest_only_with_trigger.py for tasks to queue
[2025-06-14T19:49:19.339+0200] {logging_mixin.py:137} INFO - [2025-06-14T19:49:19.339+0200] {dagbag.py:538} INFO - Filling up the DagBag from /home/monica.fernandez/practica_creativa/venv-airflow/lib/python3.11/site-packages/airflow/example_dags/example_latest_only_with_trigger.py
[2025-06-14T19:49:19.353+0200] {processor.py:753} INFO - DAG(s) dict_keys(['latest_only_with_trigger']) retrieved from /home/monica.fernandez/practica_creativa/venv-airflow/lib/python3.11/site-packages/airflow/example_dags/example_latest_only_with_trigger.py
[2025-06-14T19:49:19.395+0200] {logging_mixin.py:137} INFO - [2025-06-14T19:49:19.395+0200] {dag.py:2690} INFO - Sync 1 DAGs
[2025-06-14T19:49:19.423+0200] {logging_mixin.py:137} INFO - [2025-06-14T19:49:19.423+0200] {dag.py:3437} INFO - Setting next_dagrun for latest_only_with_trigger to 2025-06-14T13:49:19.423432+00:00, run_after=2025-06-14T17:49:19.423432+00:00
[2025-06-14T19:49:19.487+0200] {processor.py:175} INFO - Processing /home/monica.fernandez/practica_creativa/venv-airflow/lib/python3.11/site-packages/airflow/example_dags/example_latest_only_with_trigger.py took 0.156 seconds
[2025-06-14T19:50:10.903+0200] {processor.py:153} INFO - Started process (PID=216447) to work on /home/monica.fernandez/practica_creativa/venv-airflow/lib/python3.11/site-packages/airflow/example_dags/example_latest_only_with_trigger.py
[2025-06-14T19:50:10.904+0200] {processor.py:743} INFO - Processing file /home/monica.fernandez/practica_creativa/venv-airflow/lib/python3.11/site-packages/airflow/example_dags/example_latest_only_with_trigger.py for tasks to queue
[2025-06-14T19:50:10.906+0200] {logging_mixin.py:137} INFO - [2025-06-14T19:50:10.905+0200] {dagbag.py:538} INFO - Filling up the DagBag from /home/monica.fernandez/practica_creativa/venv-airflow/lib/python3.11/site-packages/airflow/example_dags/example_latest_only_with_trigger.py
[2025-06-14T19:50:10.920+0200] {processor.py:753} INFO - DAG(s) dict_keys(['latest_only_with_trigger']) retrieved from /home/monica.fernandez/practica_creativa/venv-airflow/lib/python3.11/site-packages/airflow/example_dags/example_latest_only_with_trigger.py
[2025-06-14T19:50:10.963+0200] {logging_mixin.py:137} INFO - [2025-06-14T19:50:10.962+0200] {dag.py:2690} INFO - Sync 1 DAGs
[2025-06-14T19:50:10.989+0200] {logging_mixin.py:137} INFO - [2025-06-14T19:50:10.988+0200] {dag.py:3437} INFO - Setting next_dagrun for latest_only_with_trigger to 2025-06-14T13:50:10.988578+00:00, run_after=2025-06-14T17:50:10.988578+00:00
[2025-06-14T19:50:11.052+0200] {processor.py:175} INFO - Processing /home/monica.fernandez/practica_creativa/venv-airflow/lib/python3.11/site-packages/airflow/example_dags/example_latest_only_with_trigger.py took 0.153 seconds
[2025-06-14T19:51:03.226+0200] {processor.py:153} INFO - Started process (PID=216880) to work on /home/monica.fernandez/practica_creativa/venv-airflow/lib/python3.11/site-packages/airflow/example_dags/example_latest_only_with_trigger.py
[2025-06-14T19:51:03.227+0200] {processor.py:743} INFO - Processing file /home/monica.fernandez/practica_creativa/venv-airflow/lib/python3.11/site-packages/airflow/example_dags/example_latest_only_with_trigger.py for tasks to queue
[2025-06-14T19:51:03.228+0200] {logging_mixin.py:137} INFO - [2025-06-14T19:51:03.227+0200] {dagbag.py:538} INFO - Filling up the DagBag from /home/monica.fernandez/practica_creativa/venv-airflow/lib/python3.11/site-packages/airflow/example_dags/example_latest_only_with_trigger.py
[2025-06-14T19:51:03.240+0200] {processor.py:753} INFO - DAG(s) dict_keys(['latest_only_with_trigger']) retrieved from /home/monica.fernandez/practica_creativa/venv-airflow/lib/python3.11/site-packages/airflow/example_dags/example_latest_only_with_trigger.py
[2025-06-14T19:51:03.281+0200] {logging_mixin.py:137} INFO - [2025-06-14T19:51:03.280+0200] {dag.py:2690} INFO - Sync 1 DAGs
[2025-06-14T19:51:03.316+0200] {logging_mixin.py:137} INFO - [2025-06-14T19:51:03.316+0200] {dag.py:3437} INFO - Setting next_dagrun for latest_only_with_trigger to 2025-06-14T13:51:03.316004+00:00, run_after=2025-06-14T17:51:03.316004+00:00
[2025-06-14T19:51:03.394+0200] {processor.py:175} INFO - Processing /home/monica.fernandez/practica_creativa/venv-airflow/lib/python3.11/site-packages/airflow/example_dags/example_latest_only_with_trigger.py took 0.173 seconds
[2025-06-14T19:51:55.125+0200] {processor.py:153} INFO - Started process (PID=217331) to work on /home/monica.fernandez/practica_creativa/venv-airflow/lib/python3.11/site-packages/airflow/example_dags/example_latest_only_with_trigger.py
[2025-06-14T19:51:55.126+0200] {processor.py:743} INFO - Processing file /home/monica.fernandez/practica_creativa/venv-airflow/lib/python3.11/site-packages/airflow/example_dags/example_latest_only_with_trigger.py for tasks to queue
[2025-06-14T19:51:55.126+0200] {logging_mixin.py:137} INFO - [2025-06-14T19:51:55.126+0200] {dagbag.py:538} INFO - Filling up the DagBag from /home/monica.fernandez/practica_creativa/venv-airflow/lib/python3.11/site-packages/airflow/example_dags/example_latest_only_with_trigger.py
[2025-06-14T19:51:55.133+0200] {processor.py:753} INFO - DAG(s) dict_keys(['latest_only_with_trigger']) retrieved from /home/monica.fernandez/practica_creativa/venv-airflow/lib/python3.11/site-packages/airflow/example_dags/example_latest_only_with_trigger.py
[2025-06-14T19:51:55.168+0200] {logging_mixin.py:137} INFO - [2025-06-14T19:51:55.168+0200] {dag.py:2690} INFO - Sync 1 DAGs
[2025-06-14T19:51:55.204+0200] {logging_mixin.py:137} INFO - [2025-06-14T19:51:55.203+0200] {dag.py:3437} INFO - Setting next_dagrun for latest_only_with_trigger to 2025-06-14T13:51:55.203495+00:00, run_after=2025-06-14T17:51:55.203495+00:00
[2025-06-14T19:51:55.279+0200] {processor.py:175} INFO - Processing /home/monica.fernandez/practica_creativa/venv-airflow/lib/python3.11/site-packages/airflow/example_dags/example_latest_only_with_trigger.py took 0.157 seconds
[2025-06-14T19:52:49.926+0200] {processor.py:153} INFO - Started process (PID=217775) to work on /home/monica.fernandez/practica_creativa/venv-airflow/lib/python3.11/site-packages/airflow/example_dags/example_latest_only_with_trigger.py
[2025-06-14T19:52:49.927+0200] {processor.py:743} INFO - Processing file /home/monica.fernandez/practica_creativa/venv-airflow/lib/python3.11/site-packages/airflow/example_dags/example_latest_only_with_trigger.py for tasks to queue
[2025-06-14T19:52:49.928+0200] {logging_mixin.py:137} INFO - [2025-06-14T19:52:49.928+0200] {dagbag.py:538} INFO - Filling up the DagBag from /home/monica.fernandez/practica_creativa/venv-airflow/lib/python3.11/site-packages/airflow/example_dags/example_latest_only_with_trigger.py
[2025-06-14T19:52:49.941+0200] {processor.py:753} INFO - DAG(s) dict_keys(['latest_only_with_trigger']) retrieved from /home/monica.fernandez/practica_creativa/venv-airflow/lib/python3.11/site-packages/airflow/example_dags/example_latest_only_with_trigger.py
[2025-06-14T19:52:49.979+0200] {logging_mixin.py:137} INFO - [2025-06-14T19:52:49.979+0200] {dag.py:2690} INFO - Sync 1 DAGs
[2025-06-14T19:52:50.005+0200] {logging_mixin.py:137} INFO - [2025-06-14T19:52:50.005+0200] {dag.py:3437} INFO - Setting next_dagrun for latest_only_with_trigger to 2025-06-14T13:52:50.005261+00:00, run_after=2025-06-14T17:52:50.005261+00:00
[2025-06-14T19:52:50.067+0200] {processor.py:175} INFO - Processing /home/monica.fernandez/practica_creativa/venv-airflow/lib/python3.11/site-packages/airflow/example_dags/example_latest_only_with_trigger.py took 0.146 seconds
[2025-06-14T19:53:40.433+0200] {processor.py:153} INFO - Started process (PID=218089) to work on /home/monica.fernandez/practica_creativa/venv-airflow/lib/python3.11/site-packages/airflow/example_dags/example_latest_only_with_trigger.py
[2025-06-14T19:53:40.434+0200] {processor.py:743} INFO - Processing file /home/monica.fernandez/practica_creativa/venv-airflow/lib/python3.11/site-packages/airflow/example_dags/example_latest_only_with_trigger.py for tasks to queue
[2025-06-14T19:53:40.435+0200] {logging_mixin.py:137} INFO - [2025-06-14T19:53:40.434+0200] {dagbag.py:538} INFO - Filling up the DagBag from /home/monica.fernandez/practica_creativa/venv-airflow/lib/python3.11/site-packages/airflow/example_dags/example_latest_only_with_trigger.py
[2025-06-14T19:53:40.449+0200] {processor.py:753} INFO - DAG(s) dict_keys(['latest_only_with_trigger']) retrieved from /home/monica.fernandez/practica_creativa/venv-airflow/lib/python3.11/site-packages/airflow/example_dags/example_latest_only_with_trigger.py
[2025-06-14T19:53:40.495+0200] {logging_mixin.py:137} INFO - [2025-06-14T19:53:40.494+0200] {dag.py:2690} INFO - Sync 1 DAGs
[2025-06-14T19:53:40.533+0200] {logging_mixin.py:137} INFO - [2025-06-14T19:53:40.533+0200] {dag.py:3437} INFO - Setting next_dagrun for latest_only_with_trigger to 2025-06-14T13:53:40.533520+00:00, run_after=2025-06-14T17:53:40.533520+00:00
[2025-06-14T19:53:40.599+0200] {processor.py:175} INFO - Processing /home/monica.fernandez/practica_creativa/venv-airflow/lib/python3.11/site-packages/airflow/example_dags/example_latest_only_with_trigger.py took 0.171 seconds
[2025-06-14T19:54:35.631+0200] {processor.py:153} INFO - Started process (PID=218546) to work on /home/monica.fernandez/practica_creativa/venv-airflow/lib/python3.11/site-packages/airflow/example_dags/example_latest_only_with_trigger.py
[2025-06-14T19:54:35.632+0200] {processor.py:743} INFO - Processing file /home/monica.fernandez/practica_creativa/venv-airflow/lib/python3.11/site-packages/airflow/example_dags/example_latest_only_with_trigger.py for tasks to queue
[2025-06-14T19:54:35.632+0200] {logging_mixin.py:137} INFO - [2025-06-14T19:54:35.632+0200] {dagbag.py:538} INFO - Filling up the DagBag from /home/monica.fernandez/practica_creativa/venv-airflow/lib/python3.11/site-packages/airflow/example_dags/example_latest_only_with_trigger.py
[2025-06-14T19:54:35.639+0200] {processor.py:753} INFO - DAG(s) dict_keys(['latest_only_with_trigger']) retrieved from /home/monica.fernandez/practica_creativa/venv-airflow/lib/python3.11/site-packages/airflow/example_dags/example_latest_only_with_trigger.py
[2025-06-14T19:54:35.664+0200] {logging_mixin.py:137} INFO - [2025-06-14T19:54:35.664+0200] {dag.py:2690} INFO - Sync 1 DAGs
[2025-06-14T19:54:35.684+0200] {logging_mixin.py:137} INFO - [2025-06-14T19:54:35.684+0200] {dag.py:3437} INFO - Setting next_dagrun for latest_only_with_trigger to 2025-06-14T13:54:35.684177+00:00, run_after=2025-06-14T17:54:35.684177+00:00
[2025-06-14T19:54:35.740+0200] {processor.py:175} INFO - Processing /home/monica.fernandez/practica_creativa/venv-airflow/lib/python3.11/site-packages/airflow/example_dags/example_latest_only_with_trigger.py took 0.111 seconds
[2025-06-14T19:55:29.884+0200] {processor.py:153} INFO - Started process (PID=218949) to work on /home/monica.fernandez/practica_creativa/venv-airflow/lib/python3.11/site-packages/airflow/example_dags/example_latest_only_with_trigger.py
[2025-06-14T19:55:29.886+0200] {processor.py:743} INFO - Processing file /home/monica.fernandez/practica_creativa/venv-airflow/lib/python3.11/site-packages/airflow/example_dags/example_latest_only_with_trigger.py for tasks to queue
[2025-06-14T19:55:29.886+0200] {logging_mixin.py:137} INFO - [2025-06-14T19:55:29.886+0200] {dagbag.py:538} INFO - Filling up the DagBag from /home/monica.fernandez/practica_creativa/venv-airflow/lib/python3.11/site-packages/airflow/example_dags/example_latest_only_with_trigger.py
[2025-06-14T19:55:29.898+0200] {processor.py:753} INFO - DAG(s) dict_keys(['latest_only_with_trigger']) retrieved from /home/monica.fernandez/practica_creativa/venv-airflow/lib/python3.11/site-packages/airflow/example_dags/example_latest_only_with_trigger.py
[2025-06-14T19:55:29.940+0200] {logging_mixin.py:137} INFO - [2025-06-14T19:55:29.939+0200] {dag.py:2690} INFO - Sync 1 DAGs
[2025-06-14T19:55:29.974+0200] {logging_mixin.py:137} INFO - [2025-06-14T19:55:29.974+0200] {dag.py:3437} INFO - Setting next_dagrun for latest_only_with_trigger to 2025-06-14T13:55:29.974250+00:00, run_after=2025-06-14T17:55:29.974250+00:00
[2025-06-14T19:55:30.051+0200] {processor.py:175} INFO - Processing /home/monica.fernandez/practica_creativa/venv-airflow/lib/python3.11/site-packages/airflow/example_dags/example_latest_only_with_trigger.py took 0.172 seconds
[2025-06-14T19:56:27.608+0200] {processor.py:153} INFO - Started process (PID=219409) to work on /home/monica.fernandez/practica_creativa/venv-airflow/lib/python3.11/site-packages/airflow/example_dags/example_latest_only_with_trigger.py
[2025-06-14T19:56:27.609+0200] {processor.py:743} INFO - Processing file /home/monica.fernandez/practica_creativa/venv-airflow/lib/python3.11/site-packages/airflow/example_dags/example_latest_only_with_trigger.py for tasks to queue
[2025-06-14T19:56:27.610+0200] {logging_mixin.py:137} INFO - [2025-06-14T19:56:27.610+0200] {dagbag.py:538} INFO - Filling up the DagBag from /home/monica.fernandez/practica_creativa/venv-airflow/lib/python3.11/site-packages/airflow/example_dags/example_latest_only_with_trigger.py
[2025-06-14T19:56:27.622+0200] {processor.py:753} INFO - DAG(s) dict_keys(['latest_only_with_trigger']) retrieved from /home/monica.fernandez/practica_creativa/venv-airflow/lib/python3.11/site-packages/airflow/example_dags/example_latest_only_with_trigger.py
[2025-06-14T19:56:27.680+0200] {logging_mixin.py:137} INFO - [2025-06-14T19:56:27.680+0200] {dag.py:2690} INFO - Sync 1 DAGs
[2025-06-14T19:56:27.710+0200] {logging_mixin.py:137} INFO - [2025-06-14T19:56:27.710+0200] {dag.py:3437} INFO - Setting next_dagrun for latest_only_with_trigger to 2025-06-14T13:56:27.710125+00:00, run_after=2025-06-14T17:56:27.710125+00:00
[2025-06-14T19:56:27.773+0200] {processor.py:175} INFO - Processing /home/monica.fernandez/practica_creativa/venv-airflow/lib/python3.11/site-packages/airflow/example_dags/example_latest_only_with_trigger.py took 0.170 seconds
[2025-06-14T19:57:21.145+0200] {processor.py:153} INFO - Started process (PID=219856) to work on /home/monica.fernandez/practica_creativa/venv-airflow/lib/python3.11/site-packages/airflow/example_dags/example_latest_only_with_trigger.py
[2025-06-14T19:57:21.147+0200] {processor.py:743} INFO - Processing file /home/monica.fernandez/practica_creativa/venv-airflow/lib/python3.11/site-packages/airflow/example_dags/example_latest_only_with_trigger.py for tasks to queue
[2025-06-14T19:57:21.147+0200] {logging_mixin.py:137} INFO - [2025-06-14T19:57:21.147+0200] {dagbag.py:538} INFO - Filling up the DagBag from /home/monica.fernandez/practica_creativa/venv-airflow/lib/python3.11/site-packages/airflow/example_dags/example_latest_only_with_trigger.py
[2025-06-14T19:57:21.160+0200] {processor.py:753} INFO - DAG(s) dict_keys(['latest_only_with_trigger']) retrieved from /home/monica.fernandez/practica_creativa/venv-airflow/lib/python3.11/site-packages/airflow/example_dags/example_latest_only_with_trigger.py
[2025-06-14T19:57:21.201+0200] {logging_mixin.py:137} INFO - [2025-06-14T19:57:21.200+0200] {dag.py:2690} INFO - Sync 1 DAGs
[2025-06-14T19:57:21.236+0200] {logging_mixin.py:137} INFO - [2025-06-14T19:57:21.236+0200] {dag.py:3437} INFO - Setting next_dagrun for latest_only_with_trigger to 2025-06-14T13:57:21.236178+00:00, run_after=2025-06-14T17:57:21.236178+00:00
[2025-06-14T19:57:21.311+0200] {processor.py:175} INFO - Processing /home/monica.fernandez/practica_creativa/venv-airflow/lib/python3.11/site-packages/airflow/example_dags/example_latest_only_with_trigger.py took 0.171 seconds
[2025-06-14T19:58:13.219+0200] {processor.py:153} INFO - Started process (PID=220188) to work on /home/monica.fernandez/practica_creativa/venv-airflow/lib/python3.11/site-packages/airflow/example_dags/example_latest_only_with_trigger.py
[2025-06-14T19:58:13.220+0200] {processor.py:743} INFO - Processing file /home/monica.fernandez/practica_creativa/venv-airflow/lib/python3.11/site-packages/airflow/example_dags/example_latest_only_with_trigger.py for tasks to queue
[2025-06-14T19:58:13.220+0200] {logging_mixin.py:137} INFO - [2025-06-14T19:58:13.220+0200] {dagbag.py:538} INFO - Filling up the DagBag from /home/monica.fernandez/practica_creativa/venv-airflow/lib/python3.11/site-packages/airflow/example_dags/example_latest_only_with_trigger.py
[2025-06-14T19:58:13.228+0200] {processor.py:753} INFO - DAG(s) dict_keys(['latest_only_with_trigger']) retrieved from /home/monica.fernandez/practica_creativa/venv-airflow/lib/python3.11/site-packages/airflow/example_dags/example_latest_only_with_trigger.py
[2025-06-14T19:58:13.254+0200] {logging_mixin.py:137} INFO - [2025-06-14T19:58:13.254+0200] {dag.py:2690} INFO - Sync 1 DAGs
[2025-06-14T19:58:13.277+0200] {logging_mixin.py:137} INFO - [2025-06-14T19:58:13.276+0200] {dag.py:3437} INFO - Setting next_dagrun for latest_only_with_trigger to 2025-06-14T13:58:13.276752+00:00, run_after=2025-06-14T17:58:13.276752+00:00
[2025-06-14T19:58:13.337+0200] {processor.py:175} INFO - Processing /home/monica.fernandez/practica_creativa/venv-airflow/lib/python3.11/site-packages/airflow/example_dags/example_latest_only_with_trigger.py took 0.121 seconds
[2025-06-14T19:59:06.138+0200] {processor.py:153} INFO - Started process (PID=220633) to work on /home/monica.fernandez/practica_creativa/venv-airflow/lib/python3.11/site-packages/airflow/example_dags/example_latest_only_with_trigger.py
[2025-06-14T19:59:06.138+0200] {processor.py:743} INFO - Processing file /home/monica.fernandez/practica_creativa/venv-airflow/lib/python3.11/site-packages/airflow/example_dags/example_latest_only_with_trigger.py for tasks to queue
[2025-06-14T19:59:06.139+0200] {logging_mixin.py:137} INFO - [2025-06-14T19:59:06.139+0200] {dagbag.py:538} INFO - Filling up the DagBag from /home/monica.fernandez/practica_creativa/venv-airflow/lib/python3.11/site-packages/airflow/example_dags/example_latest_only_with_trigger.py
[2025-06-14T19:59:06.146+0200] {processor.py:753} INFO - DAG(s) dict_keys(['latest_only_with_trigger']) retrieved from /home/monica.fernandez/practica_creativa/venv-airflow/lib/python3.11/site-packages/airflow/example_dags/example_latest_only_with_trigger.py
[2025-06-14T19:59:06.170+0200] {logging_mixin.py:137} INFO - [2025-06-14T19:59:06.170+0200] {dag.py:2690} INFO - Sync 1 DAGs
[2025-06-14T19:59:06.192+0200] {logging_mixin.py:137} INFO - [2025-06-14T19:59:06.192+0200] {dag.py:3437} INFO - Setting next_dagrun for latest_only_with_trigger to 2025-06-14T13:59:06.192566+00:00, run_after=2025-06-14T17:59:06.192566+00:00
[2025-06-14T19:59:06.249+0200] {processor.py:175} INFO - Processing /home/monica.fernandez/practica_creativa/venv-airflow/lib/python3.11/site-packages/airflow/example_dags/example_latest_only_with_trigger.py took 0.114 seconds
[2025-06-14T19:59:59.120+0200] {processor.py:153} INFO - Started process (PID=221079) to work on /home/monica.fernandez/practica_creativa/venv-airflow/lib/python3.11/site-packages/airflow/example_dags/example_latest_only_with_trigger.py
[2025-06-14T19:59:59.122+0200] {processor.py:743} INFO - Processing file /home/monica.fernandez/practica_creativa/venv-airflow/lib/python3.11/site-packages/airflow/example_dags/example_latest_only_with_trigger.py for tasks to queue
[2025-06-14T19:59:59.123+0200] {logging_mixin.py:137} INFO - [2025-06-14T19:59:59.122+0200] {dagbag.py:538} INFO - Filling up the DagBag from /home/monica.fernandez/practica_creativa/venv-airflow/lib/python3.11/site-packages/airflow/example_dags/example_latest_only_with_trigger.py
[2025-06-14T19:59:59.135+0200] {processor.py:753} INFO - DAG(s) dict_keys(['latest_only_with_trigger']) retrieved from /home/monica.fernandez/practica_creativa/venv-airflow/lib/python3.11/site-packages/airflow/example_dags/example_latest_only_with_trigger.py
[2025-06-14T19:59:59.177+0200] {logging_mixin.py:137} INFO - [2025-06-14T19:59:59.177+0200] {dag.py:2690} INFO - Sync 1 DAGs
[2025-06-14T19:59:59.212+0200] {logging_mixin.py:137} INFO - [2025-06-14T19:59:59.212+0200] {dag.py:3437} INFO - Setting next_dagrun for latest_only_with_trigger to 2025-06-14T13:59:59.212293+00:00, run_after=2025-06-14T17:59:59.212293+00:00
[2025-06-14T19:59:59.289+0200] {processor.py:175} INFO - Processing /home/monica.fernandez/practica_creativa/venv-airflow/lib/python3.11/site-packages/airflow/example_dags/example_latest_only_with_trigger.py took 0.174 seconds
[2025-06-14T20:00:58.747+0200] {processor.py:153} INFO - Started process (PID=221539) to work on /home/monica.fernandez/practica_creativa/venv-airflow/lib/python3.11/site-packages/airflow/example_dags/example_latest_only_with_trigger.py
[2025-06-14T20:00:58.748+0200] {processor.py:743} INFO - Processing file /home/monica.fernandez/practica_creativa/venv-airflow/lib/python3.11/site-packages/airflow/example_dags/example_latest_only_with_trigger.py for tasks to queue
[2025-06-14T20:00:58.749+0200] {logging_mixin.py:137} INFO - [2025-06-14T20:00:58.749+0200] {dagbag.py:538} INFO - Filling up the DagBag from /home/monica.fernandez/practica_creativa/venv-airflow/lib/python3.11/site-packages/airflow/example_dags/example_latest_only_with_trigger.py
[2025-06-14T20:00:58.761+0200] {processor.py:753} INFO - DAG(s) dict_keys(['latest_only_with_trigger']) retrieved from /home/monica.fernandez/practica_creativa/venv-airflow/lib/python3.11/site-packages/airflow/example_dags/example_latest_only_with_trigger.py
[2025-06-14T20:00:58.804+0200] {logging_mixin.py:137} INFO - [2025-06-14T20:00:58.803+0200] {dag.py:2690} INFO - Sync 1 DAGs
[2025-06-14T20:00:58.840+0200] {logging_mixin.py:137} INFO - [2025-06-14T20:00:58.839+0200] {dag.py:3437} INFO - Setting next_dagrun for latest_only_with_trigger to 2025-06-14T14:00:58.839315+00:00, run_after=2025-06-14T18:00:58.839315+00:00
[2025-06-14T20:00:58.915+0200] {processor.py:175} INFO - Processing /home/monica.fernandez/practica_creativa/venv-airflow/lib/python3.11/site-packages/airflow/example_dags/example_latest_only_with_trigger.py took 0.173 seconds
[2025-06-14T20:01:50.748+0200] {processor.py:153} INFO - Started process (PID=221979) to work on /home/monica.fernandez/practica_creativa/venv-airflow/lib/python3.11/site-packages/airflow/example_dags/example_latest_only_with_trigger.py
[2025-06-14T20:01:50.749+0200] {processor.py:743} INFO - Processing file /home/monica.fernandez/practica_creativa/venv-airflow/lib/python3.11/site-packages/airflow/example_dags/example_latest_only_with_trigger.py for tasks to queue
[2025-06-14T20:01:50.750+0200] {logging_mixin.py:137} INFO - [2025-06-14T20:01:50.750+0200] {dagbag.py:538} INFO - Filling up the DagBag from /home/monica.fernandez/practica_creativa/venv-airflow/lib/python3.11/site-packages/airflow/example_dags/example_latest_only_with_trigger.py
[2025-06-14T20:01:50.764+0200] {processor.py:753} INFO - DAG(s) dict_keys(['latest_only_with_trigger']) retrieved from /home/monica.fernandez/practica_creativa/venv-airflow/lib/python3.11/site-packages/airflow/example_dags/example_latest_only_with_trigger.py
[2025-06-14T20:01:50.811+0200] {logging_mixin.py:137} INFO - [2025-06-14T20:01:50.810+0200] {dag.py:2690} INFO - Sync 1 DAGs
[2025-06-14T20:01:50.845+0200] {logging_mixin.py:137} INFO - [2025-06-14T20:01:50.844+0200] {dag.py:3437} INFO - Setting next_dagrun for latest_only_with_trigger to 2025-06-14T14:01:50.844566+00:00, run_after=2025-06-14T18:01:50.844566+00:00
[2025-06-14T20:01:50.943+0200] {processor.py:175} INFO - Processing /home/monica.fernandez/practica_creativa/venv-airflow/lib/python3.11/site-packages/airflow/example_dags/example_latest_only_with_trigger.py took 0.199 seconds
