[2025-06-14T19:01:53.108+0200] {processor.py:153} INFO - Started process (PID=189505) to work on /home/monica.fernandez/practica_creativa/venv-airflow/lib/python3.11/site-packages/airflow/example_dags/example_short_circuit_operator.py
[2025-06-14T19:01:53.109+0200] {processor.py:743} INFO - Processing file /home/monica.fernandez/practica_creativa/venv-airflow/lib/python3.11/site-packages/airflow/example_dags/example_short_circuit_operator.py for tasks to queue
[2025-06-14T19:01:53.109+0200] {logging_mixin.py:137} INFO - [2025-06-14T19:01:53.109+0200] {dagbag.py:538} INFO - Filling up the DagBag from /home/monica.fernandez/practica_creativa/venv-airflow/lib/python3.11/site-packages/airflow/example_dags/example_short_circuit_operator.py
[2025-06-14T19:01:53.130+0200] {processor.py:753} INFO - DAG(s) dict_keys(['example_short_circuit_operator']) retrieved from /home/monica.fernandez/practica_creativa/venv-airflow/lib/python3.11/site-packages/airflow/example_dags/example_short_circuit_operator.py
[2025-06-14T19:01:53.159+0200] {logging_mixin.py:137} INFO - [2025-06-14T19:01:53.159+0200] {dag.py:2690} INFO - Sync 1 DAGs
[2025-06-14T19:01:53.185+0200] {logging_mixin.py:137} INFO - [2025-06-14T19:01:53.185+0200] {dag.py:3437} INFO - Setting next_dagrun for example_short_circuit_operator to 2025-06-13T17:01:53.185125+00:00, run_after=2025-06-14T17:01:53.185125+00:00
[2025-06-14T19:01:53.241+0200] {processor.py:175} INFO - Processing /home/monica.fernandez/practica_creativa/venv-airflow/lib/python3.11/site-packages/airflow/example_dags/example_short_circuit_operator.py took 0.136 seconds
[2025-06-14T19:02:40.874+0200] {processor.py:153} INFO - Started process (PID=189959) to work on /home/monica.fernandez/practica_creativa/venv-airflow/lib/python3.11/site-packages/airflow/example_dags/example_short_circuit_operator.py
[2025-06-14T19:02:40.874+0200] {processor.py:743} INFO - Processing file /home/monica.fernandez/practica_creativa/venv-airflow/lib/python3.11/site-packages/airflow/example_dags/example_short_circuit_operator.py for tasks to queue
[2025-06-14T19:02:40.875+0200] {logging_mixin.py:137} INFO - [2025-06-14T19:02:40.875+0200] {dagbag.py:538} INFO - Filling up the DagBag from /home/monica.fernandez/practica_creativa/venv-airflow/lib/python3.11/site-packages/airflow/example_dags/example_short_circuit_operator.py
[2025-06-14T19:02:40.893+0200] {processor.py:753} INFO - DAG(s) dict_keys(['example_short_circuit_operator']) retrieved from /home/monica.fernandez/practica_creativa/venv-airflow/lib/python3.11/site-packages/airflow/example_dags/example_short_circuit_operator.py
[2025-06-14T19:02:40.924+0200] {logging_mixin.py:137} INFO - [2025-06-14T19:02:40.924+0200] {dag.py:2690} INFO - Sync 1 DAGs
[2025-06-14T19:02:40.961+0200] {logging_mixin.py:137} INFO - [2025-06-14T19:02:40.961+0200] {dag.py:3437} INFO - Setting next_dagrun for example_short_circuit_operator to 2025-06-13T17:02:40.961142+00:00, run_after=2025-06-14T17:02:40.961142+00:00
[2025-06-14T19:02:41.022+0200] {processor.py:175} INFO - Processing /home/monica.fernandez/practica_creativa/venv-airflow/lib/python3.11/site-packages/airflow/example_dags/example_short_circuit_operator.py took 0.151 seconds
[2025-06-14T19:03:33.801+0200] {processor.py:153} INFO - Started process (PID=190455) to work on /home/monica.fernandez/practica_creativa/venv-airflow/lib/python3.11/site-packages/airflow/example_dags/example_short_circuit_operator.py
[2025-06-14T19:03:33.802+0200] {processor.py:743} INFO - Processing file /home/monica.fernandez/practica_creativa/venv-airflow/lib/python3.11/site-packages/airflow/example_dags/example_short_circuit_operator.py for tasks to queue
[2025-06-14T19:03:33.803+0200] {logging_mixin.py:137} INFO - [2025-06-14T19:03:33.803+0200] {dagbag.py:538} INFO - Filling up the DagBag from /home/monica.fernandez/practica_creativa/venv-airflow/lib/python3.11/site-packages/airflow/example_dags/example_short_circuit_operator.py
[2025-06-14T19:03:33.833+0200] {processor.py:753} INFO - DAG(s) dict_keys(['example_short_circuit_operator']) retrieved from /home/monica.fernandez/practica_creativa/venv-airflow/lib/python3.11/site-packages/airflow/example_dags/example_short_circuit_operator.py
[2025-06-14T19:03:33.876+0200] {logging_mixin.py:137} INFO - [2025-06-14T19:03:33.876+0200] {dag.py:2690} INFO - Sync 1 DAGs
[2025-06-14T19:03:33.912+0200] {logging_mixin.py:137} INFO - [2025-06-14T19:03:33.912+0200] {dag.py:3437} INFO - Setting next_dagrun for example_short_circuit_operator to 2025-06-13T17:03:33.912260+00:00, run_after=2025-06-14T17:03:33.912260+00:00
[2025-06-14T19:03:33.979+0200] {processor.py:175} INFO - Processing /home/monica.fernandez/practica_creativa/venv-airflow/lib/python3.11/site-packages/airflow/example_dags/example_short_circuit_operator.py took 0.182 seconds
[2025-06-14T19:04:31.998+0200] {processor.py:153} INFO - Started process (PID=191084) to work on /home/monica.fernandez/practica_creativa/venv-airflow/lib/python3.11/site-packages/airflow/example_dags/example_short_circuit_operator.py
[2025-06-14T19:04:31.999+0200] {processor.py:743} INFO - Processing file /home/monica.fernandez/practica_creativa/venv-airflow/lib/python3.11/site-packages/airflow/example_dags/example_short_circuit_operator.py for tasks to queue
[2025-06-14T19:04:32.001+0200] {logging_mixin.py:137} INFO - [2025-06-14T19:04:32.000+0200] {dagbag.py:538} INFO - Filling up the DagBag from /home/monica.fernandez/practica_creativa/venv-airflow/lib/python3.11/site-packages/airflow/example_dags/example_short_circuit_operator.py
[2025-06-14T19:04:32.038+0200] {processor.py:753} INFO - DAG(s) dict_keys(['example_short_circuit_operator']) retrieved from /home/monica.fernandez/practica_creativa/venv-airflow/lib/python3.11/site-packages/airflow/example_dags/example_short_circuit_operator.py
[2025-06-14T19:04:32.069+0200] {logging_mixin.py:137} INFO - [2025-06-14T19:04:32.068+0200] {dag.py:2690} INFO - Sync 1 DAGs
[2025-06-14T19:04:32.107+0200] {logging_mixin.py:137} INFO - [2025-06-14T19:04:32.107+0200] {dag.py:3437} INFO - Setting next_dagrun for example_short_circuit_operator to 2025-06-13T17:04:32.106854+00:00, run_after=2025-06-14T17:04:32.106854+00:00
[2025-06-14T19:04:32.167+0200] {processor.py:175} INFO - Processing /home/monica.fernandez/practica_creativa/venv-airflow/lib/python3.11/site-packages/airflow/example_dags/example_short_circuit_operator.py took 0.172 seconds
[2025-06-14T19:05:15.204+0200] {processor.py:153} INFO - Started process (PID=191416) to work on /home/monica.fernandez/practica_creativa/venv-airflow/lib/python3.11/site-packages/airflow/example_dags/example_short_circuit_operator.py
[2025-06-14T19:05:15.207+0200] {processor.py:743} INFO - Processing file /home/monica.fernandez/practica_creativa/venv-airflow/lib/python3.11/site-packages/airflow/example_dags/example_short_circuit_operator.py for tasks to queue
[2025-06-14T19:05:15.207+0200] {logging_mixin.py:137} INFO - [2025-06-14T19:05:15.207+0200] {dagbag.py:538} INFO - Filling up the DagBag from /home/monica.fernandez/practica_creativa/venv-airflow/lib/python3.11/site-packages/airflow/example_dags/example_short_circuit_operator.py
[2025-06-14T19:05:15.236+0200] {processor.py:753} INFO - DAG(s) dict_keys(['example_short_circuit_operator']) retrieved from /home/monica.fernandez/practica_creativa/venv-airflow/lib/python3.11/site-packages/airflow/example_dags/example_short_circuit_operator.py
[2025-06-14T19:05:15.321+0200] {logging_mixin.py:137} INFO - [2025-06-14T19:05:15.320+0200] {dag.py:2690} INFO - Sync 1 DAGs
[2025-06-14T19:05:15.376+0200] {logging_mixin.py:137} INFO - [2025-06-14T19:05:15.376+0200] {dag.py:3437} INFO - Setting next_dagrun for example_short_circuit_operator to 2025-06-13T17:05:15.375768+00:00, run_after=2025-06-14T17:05:15.375768+00:00
[2025-06-14T19:05:15.524+0200] {processor.py:175} INFO - Processing /home/monica.fernandez/practica_creativa/venv-airflow/lib/python3.11/site-packages/airflow/example_dags/example_short_circuit_operator.py took 0.323 seconds
[2025-06-14T19:06:04.551+0200] {processor.py:153} INFO - Started process (PID=191909) to work on /home/monica.fernandez/practica_creativa/venv-airflow/lib/python3.11/site-packages/airflow/example_dags/example_short_circuit_operator.py
[2025-06-14T19:06:04.552+0200] {processor.py:743} INFO - Processing file /home/monica.fernandez/practica_creativa/venv-airflow/lib/python3.11/site-packages/airflow/example_dags/example_short_circuit_operator.py for tasks to queue
[2025-06-14T19:06:04.552+0200] {logging_mixin.py:137} INFO - [2025-06-14T19:06:04.552+0200] {dagbag.py:538} INFO - Filling up the DagBag from /home/monica.fernandez/practica_creativa/venv-airflow/lib/python3.11/site-packages/airflow/example_dags/example_short_circuit_operator.py
[2025-06-14T19:06:04.583+0200] {processor.py:753} INFO - DAG(s) dict_keys(['example_short_circuit_operator']) retrieved from /home/monica.fernandez/practica_creativa/venv-airflow/lib/python3.11/site-packages/airflow/example_dags/example_short_circuit_operator.py
[2025-06-14T19:06:04.633+0200] {logging_mixin.py:137} INFO - [2025-06-14T19:06:04.632+0200] {dag.py:2690} INFO - Sync 1 DAGs
[2025-06-14T19:06:04.670+0200] {logging_mixin.py:137} INFO - [2025-06-14T19:06:04.670+0200] {dag.py:3437} INFO - Setting next_dagrun for example_short_circuit_operator to 2025-06-13T17:06:04.670372+00:00, run_after=2025-06-14T17:06:04.670372+00:00
[2025-06-14T19:06:04.733+0200] {processor.py:175} INFO - Processing /home/monica.fernandez/practica_creativa/venv-airflow/lib/python3.11/site-packages/airflow/example_dags/example_short_circuit_operator.py took 0.185 seconds
[2025-06-14T19:06:54.605+0200] {processor.py:153} INFO - Started process (PID=192366) to work on /home/monica.fernandez/practica_creativa/venv-airflow/lib/python3.11/site-packages/airflow/example_dags/example_short_circuit_operator.py
[2025-06-14T19:06:54.606+0200] {processor.py:743} INFO - Processing file /home/monica.fernandez/practica_creativa/venv-airflow/lib/python3.11/site-packages/airflow/example_dags/example_short_circuit_operator.py for tasks to queue
[2025-06-14T19:06:54.606+0200] {logging_mixin.py:137} INFO - [2025-06-14T19:06:54.606+0200] {dagbag.py:538} INFO - Filling up the DagBag from /home/monica.fernandez/practica_creativa/venv-airflow/lib/python3.11/site-packages/airflow/example_dags/example_short_circuit_operator.py
[2025-06-14T19:06:54.660+0200] {processor.py:753} INFO - DAG(s) dict_keys(['example_short_circuit_operator']) retrieved from /home/monica.fernandez/practica_creativa/venv-airflow/lib/python3.11/site-packages/airflow/example_dags/example_short_circuit_operator.py
[2025-06-14T19:06:54.755+0200] {logging_mixin.py:137} INFO - [2025-06-14T19:06:54.755+0200] {dag.py:2690} INFO - Sync 1 DAGs
[2025-06-14T19:06:54.829+0200] {logging_mixin.py:137} INFO - [2025-06-14T19:06:54.828+0200] {dag.py:3437} INFO - Setting next_dagrun for example_short_circuit_operator to 2025-06-13T17:06:54.827529+00:00, run_after=2025-06-14T17:06:54.827529+00:00
[2025-06-14T19:06:55.011+0200] {processor.py:175} INFO - Processing /home/monica.fernandez/practica_creativa/venv-airflow/lib/python3.11/site-packages/airflow/example_dags/example_short_circuit_operator.py took 0.408 seconds
[2025-06-14T19:07:39.322+0200] {processor.py:153} INFO - Started process (PID=192805) to work on /home/monica.fernandez/practica_creativa/venv-airflow/lib/python3.11/site-packages/airflow/example_dags/example_short_circuit_operator.py
[2025-06-14T19:07:39.323+0200] {processor.py:743} INFO - Processing file /home/monica.fernandez/practica_creativa/venv-airflow/lib/python3.11/site-packages/airflow/example_dags/example_short_circuit_operator.py for tasks to queue
[2025-06-14T19:07:39.324+0200] {logging_mixin.py:137} INFO - [2025-06-14T19:07:39.324+0200] {dagbag.py:538} INFO - Filling up the DagBag from /home/monica.fernandez/practica_creativa/venv-airflow/lib/python3.11/site-packages/airflow/example_dags/example_short_circuit_operator.py
[2025-06-14T19:07:39.358+0200] {processor.py:753} INFO - DAG(s) dict_keys(['example_short_circuit_operator']) retrieved from /home/monica.fernandez/practica_creativa/venv-airflow/lib/python3.11/site-packages/airflow/example_dags/example_short_circuit_operator.py
[2025-06-14T19:07:39.398+0200] {logging_mixin.py:137} INFO - [2025-06-14T19:07:39.398+0200] {dag.py:2690} INFO - Sync 1 DAGs
[2025-06-14T19:07:39.424+0200] {logging_mixin.py:137} INFO - [2025-06-14T19:07:39.424+0200] {dag.py:3437} INFO - Setting next_dagrun for example_short_circuit_operator to 2025-06-13T17:07:39.424261+00:00, run_after=2025-06-14T17:07:39.424261+00:00
[2025-06-14T19:07:39.474+0200] {processor.py:175} INFO - Processing /home/monica.fernandez/practica_creativa/venv-airflow/lib/python3.11/site-packages/airflow/example_dags/example_short_circuit_operator.py took 0.156 seconds
[2025-06-14T19:08:40.479+0200] {processor.py:153} INFO - Started process (PID=193653) to work on /home/monica.fernandez/practica_creativa/venv-airflow/lib/python3.11/site-packages/airflow/example_dags/example_short_circuit_operator.py
[2025-06-14T19:08:40.480+0200] {processor.py:743} INFO - Processing file /home/monica.fernandez/practica_creativa/venv-airflow/lib/python3.11/site-packages/airflow/example_dags/example_short_circuit_operator.py for tasks to queue
[2025-06-14T19:08:40.480+0200] {logging_mixin.py:137} INFO - [2025-06-14T19:08:40.480+0200] {dagbag.py:538} INFO - Filling up the DagBag from /home/monica.fernandez/practica_creativa/venv-airflow/lib/python3.11/site-packages/airflow/example_dags/example_short_circuit_operator.py
[2025-06-14T19:08:40.500+0200] {processor.py:753} INFO - DAG(s) dict_keys(['example_short_circuit_operator']) retrieved from /home/monica.fernandez/practica_creativa/venv-airflow/lib/python3.11/site-packages/airflow/example_dags/example_short_circuit_operator.py
[2025-06-14T19:08:40.526+0200] {logging_mixin.py:137} INFO - [2025-06-14T19:08:40.525+0200] {dag.py:2690} INFO - Sync 1 DAGs
[2025-06-14T19:08:40.549+0200] {logging_mixin.py:137} INFO - [2025-06-14T19:08:40.549+0200] {dag.py:3437} INFO - Setting next_dagrun for example_short_circuit_operator to 2025-06-13T17:08:40.549273+00:00, run_after=2025-06-14T17:08:40.549273+00:00
[2025-06-14T19:08:40.601+0200] {processor.py:175} INFO - Processing /home/monica.fernandez/practica_creativa/venv-airflow/lib/python3.11/site-packages/airflow/example_dags/example_short_circuit_operator.py took 0.125 seconds
[2025-06-14T19:09:42.043+0200] {processor.py:153} INFO - Started process (PID=194189) to work on /home/monica.fernandez/practica_creativa/venv-airflow/lib/python3.11/site-packages/airflow/example_dags/example_short_circuit_operator.py
[2025-06-14T19:09:42.045+0200] {processor.py:743} INFO - Processing file /home/monica.fernandez/practica_creativa/venv-airflow/lib/python3.11/site-packages/airflow/example_dags/example_short_circuit_operator.py for tasks to queue
[2025-06-14T19:09:42.046+0200] {logging_mixin.py:137} INFO - [2025-06-14T19:09:42.045+0200] {dagbag.py:538} INFO - Filling up the DagBag from /home/monica.fernandez/practica_creativa/venv-airflow/lib/python3.11/site-packages/airflow/example_dags/example_short_circuit_operator.py
[2025-06-14T19:09:42.079+0200] {processor.py:753} INFO - DAG(s) dict_keys(['example_short_circuit_operator']) retrieved from /home/monica.fernandez/practica_creativa/venv-airflow/lib/python3.11/site-packages/airflow/example_dags/example_short_circuit_operator.py
[2025-06-14T19:09:42.122+0200] {logging_mixin.py:137} INFO - [2025-06-14T19:09:42.122+0200] {dag.py:2690} INFO - Sync 1 DAGs
[2025-06-14T19:09:42.164+0200] {logging_mixin.py:137} INFO - [2025-06-14T19:09:42.164+0200] {dag.py:3437} INFO - Setting next_dagrun for example_short_circuit_operator to 2025-06-13T17:09:42.163681+00:00, run_after=2025-06-14T17:09:42.163681+00:00
[2025-06-14T19:09:42.241+0200] {processor.py:175} INFO - Processing /home/monica.fernandez/practica_creativa/venv-airflow/lib/python3.11/site-packages/airflow/example_dags/example_short_circuit_operator.py took 0.202 seconds
[2025-06-14T19:10:26.154+0200] {processor.py:153} INFO - Started process (PID=194490) to work on /home/monica.fernandez/practica_creativa/venv-airflow/lib/python3.11/site-packages/airflow/example_dags/example_short_circuit_operator.py
[2025-06-14T19:10:26.155+0200] {processor.py:743} INFO - Processing file /home/monica.fernandez/practica_creativa/venv-airflow/lib/python3.11/site-packages/airflow/example_dags/example_short_circuit_operator.py for tasks to queue
[2025-06-14T19:10:26.156+0200] {logging_mixin.py:137} INFO - [2025-06-14T19:10:26.156+0200] {dagbag.py:538} INFO - Filling up the DagBag from /home/monica.fernandez/practica_creativa/venv-airflow/lib/python3.11/site-packages/airflow/example_dags/example_short_circuit_operator.py
[2025-06-14T19:10:26.191+0200] {processor.py:753} INFO - DAG(s) dict_keys(['example_short_circuit_operator']) retrieved from /home/monica.fernandez/practica_creativa/venv-airflow/lib/python3.11/site-packages/airflow/example_dags/example_short_circuit_operator.py
[2025-06-14T19:10:26.235+0200] {logging_mixin.py:137} INFO - [2025-06-14T19:10:26.235+0200] {dag.py:2690} INFO - Sync 1 DAGs
[2025-06-14T19:10:26.277+0200] {logging_mixin.py:137} INFO - [2025-06-14T19:10:26.276+0200] {dag.py:3437} INFO - Setting next_dagrun for example_short_circuit_operator to 2025-06-13T17:10:26.276332+00:00, run_after=2025-06-14T17:10:26.276332+00:00
[2025-06-14T19:10:26.347+0200] {processor.py:175} INFO - Processing /home/monica.fernandez/practica_creativa/venv-airflow/lib/python3.11/site-packages/airflow/example_dags/example_short_circuit_operator.py took 0.198 seconds
[2025-06-14T19:11:16.613+0200] {processor.py:153} INFO - Started process (PID=195021) to work on /home/monica.fernandez/practica_creativa/venv-airflow/lib/python3.11/site-packages/airflow/example_dags/example_short_circuit_operator.py
[2025-06-14T19:11:16.614+0200] {processor.py:743} INFO - Processing file /home/monica.fernandez/practica_creativa/venv-airflow/lib/python3.11/site-packages/airflow/example_dags/example_short_circuit_operator.py for tasks to queue
[2025-06-14T19:11:16.616+0200] {logging_mixin.py:137} INFO - [2025-06-14T19:11:16.615+0200] {dagbag.py:538} INFO - Filling up the DagBag from /home/monica.fernandez/practica_creativa/venv-airflow/lib/python3.11/site-packages/airflow/example_dags/example_short_circuit_operator.py
[2025-06-14T19:11:16.652+0200] {processor.py:753} INFO - DAG(s) dict_keys(['example_short_circuit_operator']) retrieved from /home/monica.fernandez/practica_creativa/venv-airflow/lib/python3.11/site-packages/airflow/example_dags/example_short_circuit_operator.py
[2025-06-14T19:11:16.695+0200] {logging_mixin.py:137} INFO - [2025-06-14T19:11:16.695+0200] {dag.py:2690} INFO - Sync 1 DAGs
[2025-06-14T19:11:16.735+0200] {logging_mixin.py:137} INFO - [2025-06-14T19:11:16.735+0200] {dag.py:3437} INFO - Setting next_dagrun for example_short_circuit_operator to 2025-06-13T17:11:16.734879+00:00, run_after=2025-06-14T17:11:16.734879+00:00
[2025-06-14T19:11:16.808+0200] {processor.py:175} INFO - Processing /home/monica.fernandez/practica_creativa/venv-airflow/lib/python3.11/site-packages/airflow/example_dags/example_short_circuit_operator.py took 0.200 seconds
[2025-06-14T19:13:16.790+0200] {processor.py:153} INFO - Started process (PID=196008) to work on /home/monica.fernandez/practica_creativa/venv-airflow/lib/python3.11/site-packages/airflow/example_dags/example_short_circuit_operator.py
[2025-06-14T19:13:16.792+0200] {processor.py:743} INFO - Processing file /home/monica.fernandez/practica_creativa/venv-airflow/lib/python3.11/site-packages/airflow/example_dags/example_short_circuit_operator.py for tasks to queue
[2025-06-14T19:13:16.792+0200] {logging_mixin.py:137} INFO - [2025-06-14T19:13:16.792+0200] {dagbag.py:538} INFO - Filling up the DagBag from /home/monica.fernandez/practica_creativa/venv-airflow/lib/python3.11/site-packages/airflow/example_dags/example_short_circuit_operator.py
[2025-06-14T19:13:16.825+0200] {processor.py:753} INFO - DAG(s) dict_keys(['example_short_circuit_operator']) retrieved from /home/monica.fernandez/practica_creativa/venv-airflow/lib/python3.11/site-packages/airflow/example_dags/example_short_circuit_operator.py
[2025-06-14T19:13:16.868+0200] {logging_mixin.py:137} INFO - [2025-06-14T19:13:16.868+0200] {dag.py:2690} INFO - Sync 1 DAGs
[2025-06-14T19:13:16.917+0200] {logging_mixin.py:137} INFO - [2025-06-14T19:13:16.917+0200] {dag.py:3437} INFO - Setting next_dagrun for example_short_circuit_operator to 2025-06-13T17:13:16.916877+00:00, run_after=2025-06-14T17:13:16.916877+00:00
[2025-06-14T19:13:17.027+0200] {processor.py:175} INFO - Processing /home/monica.fernandez/practica_creativa/venv-airflow/lib/python3.11/site-packages/airflow/example_dags/example_short_circuit_operator.py took 0.241 seconds
[2025-06-14T19:14:09.876+0200] {processor.py:153} INFO - Started process (PID=196435) to work on /home/monica.fernandez/practica_creativa/venv-airflow/lib/python3.11/site-packages/airflow/example_dags/example_short_circuit_operator.py
[2025-06-14T19:14:09.877+0200] {processor.py:743} INFO - Processing file /home/monica.fernandez/practica_creativa/venv-airflow/lib/python3.11/site-packages/airflow/example_dags/example_short_circuit_operator.py for tasks to queue
[2025-06-14T19:14:09.877+0200] {logging_mixin.py:137} INFO - [2025-06-14T19:14:09.877+0200] {dagbag.py:538} INFO - Filling up the DagBag from /home/monica.fernandez/practica_creativa/venv-airflow/lib/python3.11/site-packages/airflow/example_dags/example_short_circuit_operator.py
[2025-06-14T19:14:09.895+0200] {processor.py:753} INFO - DAG(s) dict_keys(['example_short_circuit_operator']) retrieved from /home/monica.fernandez/practica_creativa/venv-airflow/lib/python3.11/site-packages/airflow/example_dags/example_short_circuit_operator.py
[2025-06-14T19:14:09.923+0200] {logging_mixin.py:137} INFO - [2025-06-14T19:14:09.922+0200] {dag.py:2690} INFO - Sync 1 DAGs
[2025-06-14T19:14:09.947+0200] {logging_mixin.py:137} INFO - [2025-06-14T19:14:09.947+0200] {dag.py:3437} INFO - Setting next_dagrun for example_short_circuit_operator to 2025-06-13T17:14:09.946877+00:00, run_after=2025-06-14T17:14:09.946877+00:00
[2025-06-14T19:14:10.012+0200] {processor.py:175} INFO - Processing /home/monica.fernandez/practica_creativa/venv-airflow/lib/python3.11/site-packages/airflow/example_dags/example_short_circuit_operator.py took 0.138 seconds
[2025-06-14T19:15:02.514+0200] {processor.py:153} INFO - Started process (PID=196798) to work on /home/monica.fernandez/practica_creativa/venv-airflow/lib/python3.11/site-packages/airflow/example_dags/example_short_circuit_operator.py
[2025-06-14T19:15:02.515+0200] {processor.py:743} INFO - Processing file /home/monica.fernandez/practica_creativa/venv-airflow/lib/python3.11/site-packages/airflow/example_dags/example_short_circuit_operator.py for tasks to queue
[2025-06-14T19:15:02.516+0200] {logging_mixin.py:137} INFO - [2025-06-14T19:15:02.515+0200] {dagbag.py:538} INFO - Filling up the DagBag from /home/monica.fernandez/practica_creativa/venv-airflow/lib/python3.11/site-packages/airflow/example_dags/example_short_circuit_operator.py
[2025-06-14T19:15:02.564+0200] {processor.py:753} INFO - DAG(s) dict_keys(['example_short_circuit_operator']) retrieved from /home/monica.fernandez/practica_creativa/venv-airflow/lib/python3.11/site-packages/airflow/example_dags/example_short_circuit_operator.py
[2025-06-14T19:15:02.601+0200] {logging_mixin.py:137} INFO - [2025-06-14T19:15:02.600+0200] {dag.py:2690} INFO - Sync 1 DAGs
[2025-06-14T19:15:02.634+0200] {logging_mixin.py:137} INFO - [2025-06-14T19:15:02.634+0200] {dag.py:3437} INFO - Setting next_dagrun for example_short_circuit_operator to 2025-06-13T17:15:02.634549+00:00, run_after=2025-06-14T17:15:02.634549+00:00
[2025-06-14T19:15:02.704+0200] {processor.py:175} INFO - Processing /home/monica.fernandez/practica_creativa/venv-airflow/lib/python3.11/site-packages/airflow/example_dags/example_short_circuit_operator.py took 0.195 seconds
[2025-06-14T19:16:18.371+0200] {processor.py:153} INFO - Started process (PID=197446) to work on /home/monica.fernandez/practica_creativa/venv-airflow/lib/python3.11/site-packages/airflow/example_dags/example_short_circuit_operator.py
[2025-06-14T19:16:18.372+0200] {processor.py:743} INFO - Processing file /home/monica.fernandez/practica_creativa/venv-airflow/lib/python3.11/site-packages/airflow/example_dags/example_short_circuit_operator.py for tasks to queue
[2025-06-14T19:16:18.373+0200] {logging_mixin.py:137} INFO - [2025-06-14T19:16:18.373+0200] {dagbag.py:538} INFO - Filling up the DagBag from /home/monica.fernandez/practica_creativa/venv-airflow/lib/python3.11/site-packages/airflow/example_dags/example_short_circuit_operator.py
[2025-06-14T19:16:18.416+0200] {processor.py:753} INFO - DAG(s) dict_keys(['example_short_circuit_operator']) retrieved from /home/monica.fernandez/practica_creativa/venv-airflow/lib/python3.11/site-packages/airflow/example_dags/example_short_circuit_operator.py
[2025-06-14T19:16:18.466+0200] {logging_mixin.py:137} INFO - [2025-06-14T19:16:18.466+0200] {dag.py:2690} INFO - Sync 1 DAGs
[2025-06-14T19:16:18.500+0200] {logging_mixin.py:137} INFO - [2025-06-14T19:16:18.500+0200] {dag.py:3437} INFO - Setting next_dagrun for example_short_circuit_operator to 2025-06-13T17:16:18.500272+00:00, run_after=2025-06-14T17:16:18.500272+00:00
[2025-06-14T19:16:18.568+0200] {processor.py:175} INFO - Processing /home/monica.fernandez/practica_creativa/venv-airflow/lib/python3.11/site-packages/airflow/example_dags/example_short_circuit_operator.py took 0.204 seconds
[2025-06-14T19:17:30.917+0200] {processor.py:153} INFO - Started process (PID=198132) to work on /home/monica.fernandez/practica_creativa/venv-airflow/lib/python3.11/site-packages/airflow/example_dags/example_short_circuit_operator.py
[2025-06-14T19:17:30.917+0200] {processor.py:743} INFO - Processing file /home/monica.fernandez/practica_creativa/venv-airflow/lib/python3.11/site-packages/airflow/example_dags/example_short_circuit_operator.py for tasks to queue
[2025-06-14T19:17:30.918+0200] {logging_mixin.py:137} INFO - [2025-06-14T19:17:30.918+0200] {dagbag.py:538} INFO - Filling up the DagBag from /home/monica.fernandez/practica_creativa/venv-airflow/lib/python3.11/site-packages/airflow/example_dags/example_short_circuit_operator.py
[2025-06-14T19:17:30.940+0200] {processor.py:753} INFO - DAG(s) dict_keys(['example_short_circuit_operator']) retrieved from /home/monica.fernandez/practica_creativa/venv-airflow/lib/python3.11/site-packages/airflow/example_dags/example_short_circuit_operator.py
[2025-06-14T19:17:30.978+0200] {logging_mixin.py:137} INFO - [2025-06-14T19:17:30.978+0200] {dag.py:2690} INFO - Sync 1 DAGs
[2025-06-14T19:17:31.005+0200] {logging_mixin.py:137} INFO - [2025-06-14T19:17:31.005+0200] {dag.py:3437} INFO - Setting next_dagrun for example_short_circuit_operator to 2025-06-13T17:17:31.005346+00:00, run_after=2025-06-14T17:17:31.005346+00:00
[2025-06-14T19:17:31.063+0200] {processor.py:175} INFO - Processing /home/monica.fernandez/practica_creativa/venv-airflow/lib/python3.11/site-packages/airflow/example_dags/example_short_circuit_operator.py took 0.149 seconds
[2025-06-14T19:18:21.846+0200] {processor.py:153} INFO - Started process (PID=198535) to work on /home/monica.fernandez/practica_creativa/venv-airflow/lib/python3.11/site-packages/airflow/example_dags/example_short_circuit_operator.py
[2025-06-14T19:18:21.847+0200] {processor.py:743} INFO - Processing file /home/monica.fernandez/practica_creativa/venv-airflow/lib/python3.11/site-packages/airflow/example_dags/example_short_circuit_operator.py for tasks to queue
[2025-06-14T19:18:21.847+0200] {logging_mixin.py:137} INFO - [2025-06-14T19:18:21.847+0200] {dagbag.py:538} INFO - Filling up the DagBag from /home/monica.fernandez/practica_creativa/venv-airflow/lib/python3.11/site-packages/airflow/example_dags/example_short_circuit_operator.py
[2025-06-14T19:18:21.870+0200] {processor.py:753} INFO - DAG(s) dict_keys(['example_short_circuit_operator']) retrieved from /home/monica.fernandez/practica_creativa/venv-airflow/lib/python3.11/site-packages/airflow/example_dags/example_short_circuit_operator.py
[2025-06-14T19:18:21.906+0200] {logging_mixin.py:137} INFO - [2025-06-14T19:18:21.905+0200] {dag.py:2690} INFO - Sync 1 DAGs
[2025-06-14T19:18:21.934+0200] {logging_mixin.py:137} INFO - [2025-06-14T19:18:21.934+0200] {dag.py:3437} INFO - Setting next_dagrun for example_short_circuit_operator to 2025-06-13T17:18:21.934393+00:00, run_after=2025-06-14T17:18:21.934393+00:00
[2025-06-14T19:18:22.006+0200] {processor.py:175} INFO - Processing /home/monica.fernandez/practica_creativa/venv-airflow/lib/python3.11/site-packages/airflow/example_dags/example_short_circuit_operator.py took 0.163 seconds
[2025-06-14T19:19:12.811+0200] {processor.py:153} INFO - Started process (PID=198958) to work on /home/monica.fernandez/practica_creativa/venv-airflow/lib/python3.11/site-packages/airflow/example_dags/example_short_circuit_operator.py
[2025-06-14T19:19:12.812+0200] {processor.py:743} INFO - Processing file /home/monica.fernandez/practica_creativa/venv-airflow/lib/python3.11/site-packages/airflow/example_dags/example_short_circuit_operator.py for tasks to queue
[2025-06-14T19:19:12.812+0200] {logging_mixin.py:137} INFO - [2025-06-14T19:19:12.812+0200] {dagbag.py:538} INFO - Filling up the DagBag from /home/monica.fernandez/practica_creativa/venv-airflow/lib/python3.11/site-packages/airflow/example_dags/example_short_circuit_operator.py
[2025-06-14T19:19:12.840+0200] {processor.py:753} INFO - DAG(s) dict_keys(['example_short_circuit_operator']) retrieved from /home/monica.fernandez/practica_creativa/venv-airflow/lib/python3.11/site-packages/airflow/example_dags/example_short_circuit_operator.py
[2025-06-14T19:19:12.875+0200] {logging_mixin.py:137} INFO - [2025-06-14T19:19:12.875+0200] {dag.py:2690} INFO - Sync 1 DAGs
[2025-06-14T19:19:12.904+0200] {logging_mixin.py:137} INFO - [2025-06-14T19:19:12.904+0200] {dag.py:3437} INFO - Setting next_dagrun for example_short_circuit_operator to 2025-06-13T17:19:12.904138+00:00, run_after=2025-06-14T17:19:12.904138+00:00
[2025-06-14T19:19:12.987+0200] {processor.py:175} INFO - Processing /home/monica.fernandez/practica_creativa/venv-airflow/lib/python3.11/site-packages/airflow/example_dags/example_short_circuit_operator.py took 0.182 seconds
[2025-06-14T19:19:54.682+0200] {processor.py:153} INFO - Started process (PID=199284) to work on /home/monica.fernandez/practica_creativa/venv-airflow/lib/python3.11/site-packages/airflow/example_dags/example_short_circuit_operator.py
[2025-06-14T19:19:54.683+0200] {processor.py:743} INFO - Processing file /home/monica.fernandez/practica_creativa/venv-airflow/lib/python3.11/site-packages/airflow/example_dags/example_short_circuit_operator.py for tasks to queue
[2025-06-14T19:19:54.683+0200] {logging_mixin.py:137} INFO - [2025-06-14T19:19:54.683+0200] {dagbag.py:538} INFO - Filling up the DagBag from /home/monica.fernandez/practica_creativa/venv-airflow/lib/python3.11/site-packages/airflow/example_dags/example_short_circuit_operator.py
[2025-06-14T19:19:54.710+0200] {processor.py:753} INFO - DAG(s) dict_keys(['example_short_circuit_operator']) retrieved from /home/monica.fernandez/practica_creativa/venv-airflow/lib/python3.11/site-packages/airflow/example_dags/example_short_circuit_operator.py
[2025-06-14T19:19:54.744+0200] {logging_mixin.py:137} INFO - [2025-06-14T19:19:54.744+0200] {dag.py:2690} INFO - Sync 1 DAGs
[2025-06-14T19:19:54.774+0200] {logging_mixin.py:137} INFO - [2025-06-14T19:19:54.774+0200] {dag.py:3437} INFO - Setting next_dagrun for example_short_circuit_operator to 2025-06-13T17:19:54.774201+00:00, run_after=2025-06-14T17:19:54.774201+00:00
[2025-06-14T19:19:54.843+0200] {processor.py:175} INFO - Processing /home/monica.fernandez/practica_creativa/venv-airflow/lib/python3.11/site-packages/airflow/example_dags/example_short_circuit_operator.py took 0.163 seconds
[2025-06-14T19:20:36.832+0200] {processor.py:153} INFO - Started process (PID=199647) to work on /home/monica.fernandez/practica_creativa/venv-airflow/lib/python3.11/site-packages/airflow/example_dags/example_short_circuit_operator.py
[2025-06-14T19:20:36.833+0200] {processor.py:743} INFO - Processing file /home/monica.fernandez/practica_creativa/venv-airflow/lib/python3.11/site-packages/airflow/example_dags/example_short_circuit_operator.py for tasks to queue
[2025-06-14T19:20:36.833+0200] {logging_mixin.py:137} INFO - [2025-06-14T19:20:36.833+0200] {dagbag.py:538} INFO - Filling up the DagBag from /home/monica.fernandez/practica_creativa/venv-airflow/lib/python3.11/site-packages/airflow/example_dags/example_short_circuit_operator.py
[2025-06-14T19:20:36.857+0200] {processor.py:753} INFO - DAG(s) dict_keys(['example_short_circuit_operator']) retrieved from /home/monica.fernandez/practica_creativa/venv-airflow/lib/python3.11/site-packages/airflow/example_dags/example_short_circuit_operator.py
[2025-06-14T19:20:36.900+0200] {logging_mixin.py:137} INFO - [2025-06-14T19:20:36.900+0200] {dag.py:2690} INFO - Sync 1 DAGs
[2025-06-14T19:20:36.938+0200] {logging_mixin.py:137} INFO - [2025-06-14T19:20:36.938+0200] {dag.py:3437} INFO - Setting next_dagrun for example_short_circuit_operator to 2025-06-13T17:20:36.938217+00:00, run_after=2025-06-14T17:20:36.938217+00:00
[2025-06-14T19:20:37.009+0200] {processor.py:175} INFO - Processing /home/monica.fernandez/practica_creativa/venv-airflow/lib/python3.11/site-packages/airflow/example_dags/example_short_circuit_operator.py took 0.180 seconds
[2025-06-14T19:21:17.313+0200] {processor.py:153} INFO - Started process (PID=199957) to work on /home/monica.fernandez/practica_creativa/venv-airflow/lib/python3.11/site-packages/airflow/example_dags/example_short_circuit_operator.py
[2025-06-14T19:21:17.314+0200] {processor.py:743} INFO - Processing file /home/monica.fernandez/practica_creativa/venv-airflow/lib/python3.11/site-packages/airflow/example_dags/example_short_circuit_operator.py for tasks to queue
[2025-06-14T19:21:17.314+0200] {logging_mixin.py:137} INFO - [2025-06-14T19:21:17.314+0200] {dagbag.py:538} INFO - Filling up the DagBag from /home/monica.fernandez/practica_creativa/venv-airflow/lib/python3.11/site-packages/airflow/example_dags/example_short_circuit_operator.py
[2025-06-14T19:21:17.342+0200] {processor.py:753} INFO - DAG(s) dict_keys(['example_short_circuit_operator']) retrieved from /home/monica.fernandez/practica_creativa/venv-airflow/lib/python3.11/site-packages/airflow/example_dags/example_short_circuit_operator.py
[2025-06-14T19:21:17.379+0200] {logging_mixin.py:137} INFO - [2025-06-14T19:21:17.378+0200] {dag.py:2690} INFO - Sync 1 DAGs
[2025-06-14T19:21:17.416+0200] {logging_mixin.py:137} INFO - [2025-06-14T19:21:17.416+0200] {dag.py:3437} INFO - Setting next_dagrun for example_short_circuit_operator to 2025-06-13T17:21:17.415962+00:00, run_after=2025-06-14T17:21:17.415962+00:00
[2025-06-14T19:21:17.506+0200] {processor.py:175} INFO - Processing /home/monica.fernandez/practica_creativa/venv-airflow/lib/python3.11/site-packages/airflow/example_dags/example_short_circuit_operator.py took 0.195 seconds
[2025-06-14T19:21:58.689+0200] {processor.py:153} INFO - Started process (PID=200261) to work on /home/monica.fernandez/practica_creativa/venv-airflow/lib/python3.11/site-packages/airflow/example_dags/example_short_circuit_operator.py
[2025-06-14T19:21:58.690+0200] {processor.py:743} INFO - Processing file /home/monica.fernandez/practica_creativa/venv-airflow/lib/python3.11/site-packages/airflow/example_dags/example_short_circuit_operator.py for tasks to queue
[2025-06-14T19:21:58.691+0200] {logging_mixin.py:137} INFO - [2025-06-14T19:21:58.691+0200] {dagbag.py:538} INFO - Filling up the DagBag from /home/monica.fernandez/practica_creativa/venv-airflow/lib/python3.11/site-packages/airflow/example_dags/example_short_circuit_operator.py
[2025-06-14T19:21:58.728+0200] {processor.py:753} INFO - DAG(s) dict_keys(['example_short_circuit_operator']) retrieved from /home/monica.fernandez/practica_creativa/venv-airflow/lib/python3.11/site-packages/airflow/example_dags/example_short_circuit_operator.py
[2025-06-14T19:21:58.774+0200] {logging_mixin.py:137} INFO - [2025-06-14T19:21:58.774+0200] {dag.py:2690} INFO - Sync 1 DAGs
[2025-06-14T19:21:58.818+0200] {logging_mixin.py:137} INFO - [2025-06-14T19:21:58.817+0200] {dag.py:3437} INFO - Setting next_dagrun for example_short_circuit_operator to 2025-06-13T17:21:58.817648+00:00, run_after=2025-06-14T17:21:58.817648+00:00
[2025-06-14T19:21:58.888+0200] {processor.py:175} INFO - Processing /home/monica.fernandez/practica_creativa/venv-airflow/lib/python3.11/site-packages/airflow/example_dags/example_short_circuit_operator.py took 0.205 seconds
[2025-06-14T19:22:56.957+0200] {processor.py:153} INFO - Started process (PID=200858) to work on /home/monica.fernandez/practica_creativa/venv-airflow/lib/python3.11/site-packages/airflow/example_dags/example_short_circuit_operator.py
[2025-06-14T19:22:56.958+0200] {processor.py:743} INFO - Processing file /home/monica.fernandez/practica_creativa/venv-airflow/lib/python3.11/site-packages/airflow/example_dags/example_short_circuit_operator.py for tasks to queue
[2025-06-14T19:22:56.959+0200] {logging_mixin.py:137} INFO - [2025-06-14T19:22:56.959+0200] {dagbag.py:538} INFO - Filling up the DagBag from /home/monica.fernandez/practica_creativa/venv-airflow/lib/python3.11/site-packages/airflow/example_dags/example_short_circuit_operator.py
[2025-06-14T19:22:56.983+0200] {processor.py:753} INFO - DAG(s) dict_keys(['example_short_circuit_operator']) retrieved from /home/monica.fernandez/practica_creativa/venv-airflow/lib/python3.11/site-packages/airflow/example_dags/example_short_circuit_operator.py
[2025-06-14T19:22:57.016+0200] {logging_mixin.py:137} INFO - [2025-06-14T19:22:57.016+0200] {dag.py:2690} INFO - Sync 1 DAGs
[2025-06-14T19:22:57.047+0200] {logging_mixin.py:137} INFO - [2025-06-14T19:22:57.047+0200] {dag.py:3437} INFO - Setting next_dagrun for example_short_circuit_operator to 2025-06-13T17:22:57.047080+00:00, run_after=2025-06-14T17:22:57.047080+00:00
[2025-06-14T19:22:57.115+0200] {processor.py:175} INFO - Processing /home/monica.fernandez/practica_creativa/venv-airflow/lib/python3.11/site-packages/airflow/example_dags/example_short_circuit_operator.py took 0.161 seconds
[2025-06-14T19:23:47.088+0200] {processor.py:153} INFO - Started process (PID=201291) to work on /home/monica.fernandez/practica_creativa/venv-airflow/lib/python3.11/site-packages/airflow/example_dags/example_short_circuit_operator.py
[2025-06-14T19:23:47.090+0200] {processor.py:743} INFO - Processing file /home/monica.fernandez/practica_creativa/venv-airflow/lib/python3.11/site-packages/airflow/example_dags/example_short_circuit_operator.py for tasks to queue
[2025-06-14T19:23:47.091+0200] {logging_mixin.py:137} INFO - [2025-06-14T19:23:47.090+0200] {dagbag.py:538} INFO - Filling up the DagBag from /home/monica.fernandez/practica_creativa/venv-airflow/lib/python3.11/site-packages/airflow/example_dags/example_short_circuit_operator.py
[2025-06-14T19:23:47.125+0200] {processor.py:753} INFO - DAG(s) dict_keys(['example_short_circuit_operator']) retrieved from /home/monica.fernandez/practica_creativa/venv-airflow/lib/python3.11/site-packages/airflow/example_dags/example_short_circuit_operator.py
[2025-06-14T19:23:47.172+0200] {logging_mixin.py:137} INFO - [2025-06-14T19:23:47.172+0200] {dag.py:2690} INFO - Sync 1 DAGs
[2025-06-14T19:23:47.220+0200] {logging_mixin.py:137} INFO - [2025-06-14T19:23:47.220+0200] {dag.py:3437} INFO - Setting next_dagrun for example_short_circuit_operator to 2025-06-13T17:23:47.219868+00:00, run_after=2025-06-14T17:23:47.219868+00:00
[2025-06-14T19:23:47.312+0200] {processor.py:175} INFO - Processing /home/monica.fernandez/practica_creativa/venv-airflow/lib/python3.11/site-packages/airflow/example_dags/example_short_circuit_operator.py took 0.228 seconds
[2025-06-14T19:24:41.687+0200] {processor.py:153} INFO - Started process (PID=201722) to work on /home/monica.fernandez/practica_creativa/venv-airflow/lib/python3.11/site-packages/airflow/example_dags/example_short_circuit_operator.py
[2025-06-14T19:24:41.687+0200] {processor.py:743} INFO - Processing file /home/monica.fernandez/practica_creativa/venv-airflow/lib/python3.11/site-packages/airflow/example_dags/example_short_circuit_operator.py for tasks to queue
[2025-06-14T19:24:41.688+0200] {logging_mixin.py:137} INFO - [2025-06-14T19:24:41.688+0200] {dagbag.py:538} INFO - Filling up the DagBag from /home/monica.fernandez/practica_creativa/venv-airflow/lib/python3.11/site-packages/airflow/example_dags/example_short_circuit_operator.py
[2025-06-14T19:24:41.717+0200] {processor.py:753} INFO - DAG(s) dict_keys(['example_short_circuit_operator']) retrieved from /home/monica.fernandez/practica_creativa/venv-airflow/lib/python3.11/site-packages/airflow/example_dags/example_short_circuit_operator.py
[2025-06-14T19:24:41.752+0200] {logging_mixin.py:137} INFO - [2025-06-14T19:24:41.752+0200] {dag.py:2690} INFO - Sync 1 DAGs
[2025-06-14T19:24:41.787+0200] {logging_mixin.py:137} INFO - [2025-06-14T19:24:41.787+0200] {dag.py:3437} INFO - Setting next_dagrun for example_short_circuit_operator to 2025-06-13T17:24:41.787340+00:00, run_after=2025-06-14T17:24:41.787340+00:00
[2025-06-14T19:24:41.868+0200] {processor.py:175} INFO - Processing /home/monica.fernandez/practica_creativa/venv-airflow/lib/python3.11/site-packages/airflow/example_dags/example_short_circuit_operator.py took 0.183 seconds
[2025-06-14T19:25:30.399+0200] {processor.py:153} INFO - Started process (PID=202041) to work on /home/monica.fernandez/practica_creativa/venv-airflow/lib/python3.11/site-packages/airflow/example_dags/example_short_circuit_operator.py
[2025-06-14T19:25:30.399+0200] {processor.py:743} INFO - Processing file /home/monica.fernandez/practica_creativa/venv-airflow/lib/python3.11/site-packages/airflow/example_dags/example_short_circuit_operator.py for tasks to queue
[2025-06-14T19:25:30.400+0200] {logging_mixin.py:137} INFO - [2025-06-14T19:25:30.400+0200] {dagbag.py:538} INFO - Filling up the DagBag from /home/monica.fernandez/practica_creativa/venv-airflow/lib/python3.11/site-packages/airflow/example_dags/example_short_circuit_operator.py
[2025-06-14T19:25:30.427+0200] {processor.py:753} INFO - DAG(s) dict_keys(['example_short_circuit_operator']) retrieved from /home/monica.fernandez/practica_creativa/venv-airflow/lib/python3.11/site-packages/airflow/example_dags/example_short_circuit_operator.py
[2025-06-14T19:25:30.465+0200] {logging_mixin.py:137} INFO - [2025-06-14T19:25:30.465+0200] {dag.py:2690} INFO - Sync 1 DAGs
[2025-06-14T19:25:30.497+0200] {logging_mixin.py:137} INFO - [2025-06-14T19:25:30.497+0200] {dag.py:3437} INFO - Setting next_dagrun for example_short_circuit_operator to 2025-06-13T17:25:30.497590+00:00, run_after=2025-06-14T17:25:30.497590+00:00
[2025-06-14T19:25:30.571+0200] {processor.py:175} INFO - Processing /home/monica.fernandez/practica_creativa/venv-airflow/lib/python3.11/site-packages/airflow/example_dags/example_short_circuit_operator.py took 0.176 seconds
[2025-06-14T19:29:09.246+0200] {processor.py:153} INFO - Started process (PID=204757) to work on /home/monica.fernandez/practica_creativa/venv-airflow/lib/python3.11/site-packages/airflow/example_dags/example_short_circuit_operator.py
[2025-06-14T19:29:09.248+0200] {processor.py:743} INFO - Processing file /home/monica.fernandez/practica_creativa/venv-airflow/lib/python3.11/site-packages/airflow/example_dags/example_short_circuit_operator.py for tasks to queue
[2025-06-14T19:29:09.249+0200] {logging_mixin.py:137} INFO - [2025-06-14T19:29:09.248+0200] {dagbag.py:538} INFO - Filling up the DagBag from /home/monica.fernandez/practica_creativa/venv-airflow/lib/python3.11/site-packages/airflow/example_dags/example_short_circuit_operator.py
[2025-06-14T19:29:09.260+0200] {processor.py:753} INFO - DAG(s) dict_keys(['example_short_circuit_operator']) retrieved from /home/monica.fernandez/practica_creativa/venv-airflow/lib/python3.11/site-packages/airflow/example_dags/example_short_circuit_operator.py
[2025-06-14T19:29:09.300+0200] {logging_mixin.py:137} INFO - [2025-06-14T19:29:09.300+0200] {dag.py:2690} INFO - Sync 1 DAGs
[2025-06-14T19:29:09.339+0200] {logging_mixin.py:137} INFO - [2025-06-14T19:29:09.338+0200] {dag.py:3437} INFO - Setting next_dagrun for example_short_circuit_operator to 2025-06-13T17:29:09.338404+00:00, run_after=2025-06-14T17:29:09.338404+00:00
[2025-06-14T19:29:09.396+0200] {processor.py:175} INFO - Processing /home/monica.fernandez/practica_creativa/venv-airflow/lib/python3.11/site-packages/airflow/example_dags/example_short_circuit_operator.py took 0.153 seconds
[2025-06-14T19:29:59.531+0200] {processor.py:153} INFO - Started process (PID=205137) to work on /home/monica.fernandez/practica_creativa/venv-airflow/lib/python3.11/site-packages/airflow/example_dags/example_short_circuit_operator.py
[2025-06-14T19:29:59.532+0200] {processor.py:743} INFO - Processing file /home/monica.fernandez/practica_creativa/venv-airflow/lib/python3.11/site-packages/airflow/example_dags/example_short_circuit_operator.py for tasks to queue
[2025-06-14T19:29:59.532+0200] {logging_mixin.py:137} INFO - [2025-06-14T19:29:59.532+0200] {dagbag.py:538} INFO - Filling up the DagBag from /home/monica.fernandez/practica_creativa/venv-airflow/lib/python3.11/site-packages/airflow/example_dags/example_short_circuit_operator.py
[2025-06-14T19:29:59.543+0200] {processor.py:753} INFO - DAG(s) dict_keys(['example_short_circuit_operator']) retrieved from /home/monica.fernandez/practica_creativa/venv-airflow/lib/python3.11/site-packages/airflow/example_dags/example_short_circuit_operator.py
[2025-06-14T19:29:59.582+0200] {logging_mixin.py:137} INFO - [2025-06-14T19:29:59.582+0200] {dag.py:2690} INFO - Sync 1 DAGs
[2025-06-14T19:29:59.609+0200] {logging_mixin.py:137} INFO - [2025-06-14T19:29:59.609+0200] {dag.py:3437} INFO - Setting next_dagrun for example_short_circuit_operator to 2025-06-13T17:29:59.609013+00:00, run_after=2025-06-14T17:29:59.609013+00:00
[2025-06-14T19:29:59.678+0200] {processor.py:175} INFO - Processing /home/monica.fernandez/practica_creativa/venv-airflow/lib/python3.11/site-packages/airflow/example_dags/example_short_circuit_operator.py took 0.151 seconds
[2025-06-14T19:30:49.883+0200] {processor.py:153} INFO - Started process (PID=205547) to work on /home/monica.fernandez/practica_creativa/venv-airflow/lib/python3.11/site-packages/airflow/example_dags/example_short_circuit_operator.py
[2025-06-14T19:30:49.884+0200] {processor.py:743} INFO - Processing file /home/monica.fernandez/practica_creativa/venv-airflow/lib/python3.11/site-packages/airflow/example_dags/example_short_circuit_operator.py for tasks to queue
[2025-06-14T19:30:49.885+0200] {logging_mixin.py:137} INFO - [2025-06-14T19:30:49.885+0200] {dagbag.py:538} INFO - Filling up the DagBag from /home/monica.fernandez/practica_creativa/venv-airflow/lib/python3.11/site-packages/airflow/example_dags/example_short_circuit_operator.py
[2025-06-14T19:30:49.900+0200] {processor.py:753} INFO - DAG(s) dict_keys(['example_short_circuit_operator']) retrieved from /home/monica.fernandez/practica_creativa/venv-airflow/lib/python3.11/site-packages/airflow/example_dags/example_short_circuit_operator.py
[2025-06-14T19:30:49.947+0200] {logging_mixin.py:137} INFO - [2025-06-14T19:30:49.947+0200] {dag.py:2690} INFO - Sync 1 DAGs
[2025-06-14T19:30:49.988+0200] {logging_mixin.py:137} INFO - [2025-06-14T19:30:49.988+0200] {dag.py:3437} INFO - Setting next_dagrun for example_short_circuit_operator to 2025-06-13T17:30:49.987706+00:00, run_after=2025-06-14T17:30:49.987706+00:00
[2025-06-14T19:30:50.054+0200] {processor.py:175} INFO - Processing /home/monica.fernandez/practica_creativa/venv-airflow/lib/python3.11/site-packages/airflow/example_dags/example_short_circuit_operator.py took 0.177 seconds
[2025-06-14T19:31:46.435+0200] {processor.py:153} INFO - Started process (PID=206013) to work on /home/monica.fernandez/practica_creativa/venv-airflow/lib/python3.11/site-packages/airflow/example_dags/example_short_circuit_operator.py
[2025-06-14T19:31:46.436+0200] {processor.py:743} INFO - Processing file /home/monica.fernandez/practica_creativa/venv-airflow/lib/python3.11/site-packages/airflow/example_dags/example_short_circuit_operator.py for tasks to queue
[2025-06-14T19:31:46.437+0200] {logging_mixin.py:137} INFO - [2025-06-14T19:31:46.436+0200] {dagbag.py:538} INFO - Filling up the DagBag from /home/monica.fernandez/practica_creativa/venv-airflow/lib/python3.11/site-packages/airflow/example_dags/example_short_circuit_operator.py
[2025-06-14T19:31:46.451+0200] {processor.py:753} INFO - DAG(s) dict_keys(['example_short_circuit_operator']) retrieved from /home/monica.fernandez/practica_creativa/venv-airflow/lib/python3.11/site-packages/airflow/example_dags/example_short_circuit_operator.py
[2025-06-14T19:31:46.498+0200] {logging_mixin.py:137} INFO - [2025-06-14T19:31:46.497+0200] {dag.py:2690} INFO - Sync 1 DAGs
[2025-06-14T19:31:46.533+0200] {logging_mixin.py:137} INFO - [2025-06-14T19:31:46.533+0200] {dag.py:3437} INFO - Setting next_dagrun for example_short_circuit_operator to 2025-06-13T17:31:46.532640+00:00, run_after=2025-06-14T17:31:46.532640+00:00
[2025-06-14T19:31:46.603+0200] {processor.py:175} INFO - Processing /home/monica.fernandez/practica_creativa/venv-airflow/lib/python3.11/site-packages/airflow/example_dags/example_short_circuit_operator.py took 0.173 seconds
[2025-06-14T19:35:27.239+0200] {processor.py:153} INFO - Started process (PID=208383) to work on /home/monica.fernandez/practica_creativa/venv-airflow/lib/python3.11/site-packages/airflow/example_dags/example_short_circuit_operator.py
[2025-06-14T19:35:27.241+0200] {processor.py:743} INFO - Processing file /home/monica.fernandez/practica_creativa/venv-airflow/lib/python3.11/site-packages/airflow/example_dags/example_short_circuit_operator.py for tasks to queue
[2025-06-14T19:35:27.241+0200] {logging_mixin.py:137} INFO - [2025-06-14T19:35:27.241+0200] {dagbag.py:538} INFO - Filling up the DagBag from /home/monica.fernandez/practica_creativa/venv-airflow/lib/python3.11/site-packages/airflow/example_dags/example_short_circuit_operator.py
[2025-06-14T19:35:27.257+0200] {processor.py:753} INFO - DAG(s) dict_keys(['example_short_circuit_operator']) retrieved from /home/monica.fernandez/practica_creativa/venv-airflow/lib/python3.11/site-packages/airflow/example_dags/example_short_circuit_operator.py
[2025-06-14T19:35:27.302+0200] {logging_mixin.py:137} INFO - [2025-06-14T19:35:27.302+0200] {dag.py:2690} INFO - Sync 1 DAGs
[2025-06-14T19:35:27.337+0200] {logging_mixin.py:137} INFO - [2025-06-14T19:35:27.336+0200] {dag.py:3437} INFO - Setting next_dagrun for example_short_circuit_operator to 2025-06-13T17:35:27.336281+00:00, run_after=2025-06-14T17:35:27.336281+00:00
[2025-06-14T19:35:27.418+0200] {processor.py:175} INFO - Processing /home/monica.fernandez/practica_creativa/venv-airflow/lib/python3.11/site-packages/airflow/example_dags/example_short_circuit_operator.py took 0.184 seconds
[2025-06-14T19:36:15.771+0200] {processor.py:153} INFO - Started process (PID=208817) to work on /home/monica.fernandez/practica_creativa/venv-airflow/lib/python3.11/site-packages/airflow/example_dags/example_short_circuit_operator.py
[2025-06-14T19:36:15.773+0200] {processor.py:743} INFO - Processing file /home/monica.fernandez/practica_creativa/venv-airflow/lib/python3.11/site-packages/airflow/example_dags/example_short_circuit_operator.py for tasks to queue
[2025-06-14T19:36:15.774+0200] {logging_mixin.py:137} INFO - [2025-06-14T19:36:15.773+0200] {dagbag.py:538} INFO - Filling up the DagBag from /home/monica.fernandez/practica_creativa/venv-airflow/lib/python3.11/site-packages/airflow/example_dags/example_short_circuit_operator.py
[2025-06-14T19:36:15.788+0200] {processor.py:753} INFO - DAG(s) dict_keys(['example_short_circuit_operator']) retrieved from /home/monica.fernandez/practica_creativa/venv-airflow/lib/python3.11/site-packages/airflow/example_dags/example_short_circuit_operator.py
[2025-06-14T19:36:15.832+0200] {logging_mixin.py:137} INFO - [2025-06-14T19:36:15.832+0200] {dag.py:2690} INFO - Sync 1 DAGs
[2025-06-14T19:36:15.867+0200] {logging_mixin.py:137} INFO - [2025-06-14T19:36:15.866+0200] {dag.py:3437} INFO - Setting next_dagrun for example_short_circuit_operator to 2025-06-13T17:36:15.866586+00:00, run_after=2025-06-14T17:36:15.866586+00:00
[2025-06-14T19:36:15.938+0200] {processor.py:175} INFO - Processing /home/monica.fernandez/practica_creativa/venv-airflow/lib/python3.11/site-packages/airflow/example_dags/example_short_circuit_operator.py took 0.171 seconds
[2025-06-14T19:37:04.409+0200] {processor.py:153} INFO - Started process (PID=209296) to work on /home/monica.fernandez/practica_creativa/venv-airflow/lib/python3.11/site-packages/airflow/example_dags/example_short_circuit_operator.py
[2025-06-14T19:37:04.410+0200] {processor.py:743} INFO - Processing file /home/monica.fernandez/practica_creativa/venv-airflow/lib/python3.11/site-packages/airflow/example_dags/example_short_circuit_operator.py for tasks to queue
[2025-06-14T19:37:04.411+0200] {logging_mixin.py:137} INFO - [2025-06-14T19:37:04.411+0200] {dagbag.py:538} INFO - Filling up the DagBag from /home/monica.fernandez/practica_creativa/venv-airflow/lib/python3.11/site-packages/airflow/example_dags/example_short_circuit_operator.py
[2025-06-14T19:37:04.426+0200] {processor.py:753} INFO - DAG(s) dict_keys(['example_short_circuit_operator']) retrieved from /home/monica.fernandez/practica_creativa/venv-airflow/lib/python3.11/site-packages/airflow/example_dags/example_short_circuit_operator.py
[2025-06-14T19:37:04.466+0200] {logging_mixin.py:137} INFO - [2025-06-14T19:37:04.465+0200] {dag.py:2690} INFO - Sync 1 DAGs
[2025-06-14T19:37:04.496+0200] {logging_mixin.py:137} INFO - [2025-06-14T19:37:04.496+0200] {dag.py:3437} INFO - Setting next_dagrun for example_short_circuit_operator to 2025-06-13T17:37:04.496306+00:00, run_after=2025-06-14T17:37:04.496306+00:00
[2025-06-14T19:37:04.563+0200] {processor.py:175} INFO - Processing /home/monica.fernandez/practica_creativa/venv-airflow/lib/python3.11/site-packages/airflow/example_dags/example_short_circuit_operator.py took 0.158 seconds
[2025-06-14T19:38:00.807+0200] {processor.py:153} INFO - Started process (PID=209763) to work on /home/monica.fernandez/practica_creativa/venv-airflow/lib/python3.11/site-packages/airflow/example_dags/example_short_circuit_operator.py
[2025-06-14T19:38:00.809+0200] {processor.py:743} INFO - Processing file /home/monica.fernandez/practica_creativa/venv-airflow/lib/python3.11/site-packages/airflow/example_dags/example_short_circuit_operator.py for tasks to queue
[2025-06-14T19:38:00.810+0200] {logging_mixin.py:137} INFO - [2025-06-14T19:38:00.809+0200] {dagbag.py:538} INFO - Filling up the DagBag from /home/monica.fernandez/practica_creativa/venv-airflow/lib/python3.11/site-packages/airflow/example_dags/example_short_circuit_operator.py
[2025-06-14T19:38:00.828+0200] {processor.py:753} INFO - DAG(s) dict_keys(['example_short_circuit_operator']) retrieved from /home/monica.fernandez/practica_creativa/venv-airflow/lib/python3.11/site-packages/airflow/example_dags/example_short_circuit_operator.py
[2025-06-14T19:38:00.871+0200] {logging_mixin.py:137} INFO - [2025-06-14T19:38:00.870+0200] {dag.py:2690} INFO - Sync 1 DAGs
[2025-06-14T19:38:00.908+0200] {logging_mixin.py:137} INFO - [2025-06-14T19:38:00.908+0200] {dag.py:3437} INFO - Setting next_dagrun for example_short_circuit_operator to 2025-06-13T17:38:00.908044+00:00, run_after=2025-06-14T17:38:00.908044+00:00
[2025-06-14T19:38:00.988+0200] {processor.py:175} INFO - Processing /home/monica.fernandez/practica_creativa/venv-airflow/lib/python3.11/site-packages/airflow/example_dags/example_short_circuit_operator.py took 0.186 seconds
[2025-06-14T19:40:23.056+0200] {processor.py:153} INFO - Started process (PID=211222) to work on /home/monica.fernandez/practica_creativa/venv-airflow/lib/python3.11/site-packages/airflow/example_dags/example_short_circuit_operator.py
[2025-06-14T19:40:23.057+0200] {processor.py:743} INFO - Processing file /home/monica.fernandez/practica_creativa/venv-airflow/lib/python3.11/site-packages/airflow/example_dags/example_short_circuit_operator.py for tasks to queue
[2025-06-14T19:40:23.058+0200] {logging_mixin.py:137} INFO - [2025-06-14T19:40:23.058+0200] {dagbag.py:538} INFO - Filling up the DagBag from /home/monica.fernandez/practica_creativa/venv-airflow/lib/python3.11/site-packages/airflow/example_dags/example_short_circuit_operator.py
[2025-06-14T19:40:23.073+0200] {processor.py:753} INFO - DAG(s) dict_keys(['example_short_circuit_operator']) retrieved from /home/monica.fernandez/practica_creativa/venv-airflow/lib/python3.11/site-packages/airflow/example_dags/example_short_circuit_operator.py
[2025-06-14T19:40:23.117+0200] {logging_mixin.py:137} INFO - [2025-06-14T19:40:23.117+0200] {dag.py:2690} INFO - Sync 1 DAGs
[2025-06-14T19:40:23.161+0200] {logging_mixin.py:137} INFO - [2025-06-14T19:40:23.161+0200] {dag.py:3437} INFO - Setting next_dagrun for example_short_circuit_operator to 2025-06-13T17:40:23.160960+00:00, run_after=2025-06-14T17:40:23.160960+00:00
[2025-06-14T19:40:23.233+0200] {processor.py:175} INFO - Processing /home/monica.fernandez/practica_creativa/venv-airflow/lib/python3.11/site-packages/airflow/example_dags/example_short_circuit_operator.py took 0.182 seconds
[2025-06-14T19:41:12.507+0200] {processor.py:153} INFO - Started process (PID=211653) to work on /home/monica.fernandez/practica_creativa/venv-airflow/lib/python3.11/site-packages/airflow/example_dags/example_short_circuit_operator.py
[2025-06-14T19:41:12.508+0200] {processor.py:743} INFO - Processing file /home/monica.fernandez/practica_creativa/venv-airflow/lib/python3.11/site-packages/airflow/example_dags/example_short_circuit_operator.py for tasks to queue
[2025-06-14T19:41:12.509+0200] {logging_mixin.py:137} INFO - [2025-06-14T19:41:12.509+0200] {dagbag.py:538} INFO - Filling up the DagBag from /home/monica.fernandez/practica_creativa/venv-airflow/lib/python3.11/site-packages/airflow/example_dags/example_short_circuit_operator.py
[2025-06-14T19:41:12.523+0200] {processor.py:753} INFO - DAG(s) dict_keys(['example_short_circuit_operator']) retrieved from /home/monica.fernandez/practica_creativa/venv-airflow/lib/python3.11/site-packages/airflow/example_dags/example_short_circuit_operator.py
[2025-06-14T19:41:12.572+0200] {logging_mixin.py:137} INFO - [2025-06-14T19:41:12.571+0200] {dag.py:2690} INFO - Sync 1 DAGs
[2025-06-14T19:41:12.607+0200] {logging_mixin.py:137} INFO - [2025-06-14T19:41:12.607+0200] {dag.py:3437} INFO - Setting next_dagrun for example_short_circuit_operator to 2025-06-13T17:41:12.606663+00:00, run_after=2025-06-14T17:41:12.606663+00:00
[2025-06-14T19:41:12.684+0200] {processor.py:175} INFO - Processing /home/monica.fernandez/practica_creativa/venv-airflow/lib/python3.11/site-packages/airflow/example_dags/example_short_circuit_operator.py took 0.182 seconds
[2025-06-14T19:42:02.960+0200] {processor.py:153} INFO - Started process (PID=212033) to work on /home/monica.fernandez/practica_creativa/venv-airflow/lib/python3.11/site-packages/airflow/example_dags/example_short_circuit_operator.py
[2025-06-14T19:42:02.962+0200] {processor.py:743} INFO - Processing file /home/monica.fernandez/practica_creativa/venv-airflow/lib/python3.11/site-packages/airflow/example_dags/example_short_circuit_operator.py for tasks to queue
[2025-06-14T19:42:02.963+0200] {logging_mixin.py:137} INFO - [2025-06-14T19:42:02.963+0200] {dagbag.py:538} INFO - Filling up the DagBag from /home/monica.fernandez/practica_creativa/venv-airflow/lib/python3.11/site-packages/airflow/example_dags/example_short_circuit_operator.py
[2025-06-14T19:42:02.980+0200] {processor.py:753} INFO - DAG(s) dict_keys(['example_short_circuit_operator']) retrieved from /home/monica.fernandez/practica_creativa/venv-airflow/lib/python3.11/site-packages/airflow/example_dags/example_short_circuit_operator.py
[2025-06-14T19:42:03.026+0200] {logging_mixin.py:137} INFO - [2025-06-14T19:42:03.026+0200] {dag.py:2690} INFO - Sync 1 DAGs
[2025-06-14T19:42:03.060+0200] {logging_mixin.py:137} INFO - [2025-06-14T19:42:03.060+0200] {dag.py:3437} INFO - Setting next_dagrun for example_short_circuit_operator to 2025-06-13T17:42:03.060090+00:00, run_after=2025-06-14T17:42:03.060090+00:00
[2025-06-14T19:42:03.136+0200] {processor.py:175} INFO - Processing /home/monica.fernandez/practica_creativa/venv-airflow/lib/python3.11/site-packages/airflow/example_dags/example_short_circuit_operator.py took 0.182 seconds
[2025-06-14T19:42:59.552+0200] {processor.py:153} INFO - Started process (PID=212471) to work on /home/monica.fernandez/practica_creativa/venv-airflow/lib/python3.11/site-packages/airflow/example_dags/example_short_circuit_operator.py
[2025-06-14T19:42:59.555+0200] {processor.py:743} INFO - Processing file /home/monica.fernandez/practica_creativa/venv-airflow/lib/python3.11/site-packages/airflow/example_dags/example_short_circuit_operator.py for tasks to queue
[2025-06-14T19:42:59.555+0200] {logging_mixin.py:137} INFO - [2025-06-14T19:42:59.555+0200] {dagbag.py:538} INFO - Filling up the DagBag from /home/monica.fernandez/practica_creativa/venv-airflow/lib/python3.11/site-packages/airflow/example_dags/example_short_circuit_operator.py
[2025-06-14T19:42:59.570+0200] {processor.py:753} INFO - DAG(s) dict_keys(['example_short_circuit_operator']) retrieved from /home/monica.fernandez/practica_creativa/venv-airflow/lib/python3.11/site-packages/airflow/example_dags/example_short_circuit_operator.py
[2025-06-14T19:42:59.614+0200] {logging_mixin.py:137} INFO - [2025-06-14T19:42:59.614+0200] {dag.py:2690} INFO - Sync 1 DAGs
[2025-06-14T19:42:59.649+0200] {logging_mixin.py:137} INFO - [2025-06-14T19:42:59.649+0200] {dag.py:3437} INFO - Setting next_dagrun for example_short_circuit_operator to 2025-06-13T17:42:59.648731+00:00, run_after=2025-06-14T17:42:59.648731+00:00
[2025-06-14T19:42:59.720+0200] {processor.py:175} INFO - Processing /home/monica.fernandez/practica_creativa/venv-airflow/lib/python3.11/site-packages/airflow/example_dags/example_short_circuit_operator.py took 0.175 seconds
[2025-06-14T19:43:57.655+0200] {processor.py:153} INFO - Started process (PID=212931) to work on /home/monica.fernandez/practica_creativa/venv-airflow/lib/python3.11/site-packages/airflow/example_dags/example_short_circuit_operator.py
[2025-06-14T19:43:57.657+0200] {processor.py:743} INFO - Processing file /home/monica.fernandez/practica_creativa/venv-airflow/lib/python3.11/site-packages/airflow/example_dags/example_short_circuit_operator.py for tasks to queue
[2025-06-14T19:43:57.658+0200] {logging_mixin.py:137} INFO - [2025-06-14T19:43:57.658+0200] {dagbag.py:538} INFO - Filling up the DagBag from /home/monica.fernandez/practica_creativa/venv-airflow/lib/python3.11/site-packages/airflow/example_dags/example_short_circuit_operator.py
[2025-06-14T19:43:57.672+0200] {processor.py:753} INFO - DAG(s) dict_keys(['example_short_circuit_operator']) retrieved from /home/monica.fernandez/practica_creativa/venv-airflow/lib/python3.11/site-packages/airflow/example_dags/example_short_circuit_operator.py
[2025-06-14T19:43:57.717+0200] {logging_mixin.py:137} INFO - [2025-06-14T19:43:57.716+0200] {dag.py:2690} INFO - Sync 1 DAGs
[2025-06-14T19:43:57.752+0200] {logging_mixin.py:137} INFO - [2025-06-14T19:43:57.752+0200] {dag.py:3437} INFO - Setting next_dagrun for example_short_circuit_operator to 2025-06-13T17:43:57.751862+00:00, run_after=2025-06-14T17:43:57.751862+00:00
[2025-06-14T19:43:57.830+0200] {processor.py:175} INFO - Processing /home/monica.fernandez/practica_creativa/venv-airflow/lib/python3.11/site-packages/airflow/example_dags/example_short_circuit_operator.py took 0.180 seconds
[2025-06-14T19:44:54.159+0200] {processor.py:153} INFO - Started process (PID=213389) to work on /home/monica.fernandez/practica_creativa/venv-airflow/lib/python3.11/site-packages/airflow/example_dags/example_short_circuit_operator.py
[2025-06-14T19:44:54.161+0200] {processor.py:743} INFO - Processing file /home/monica.fernandez/practica_creativa/venv-airflow/lib/python3.11/site-packages/airflow/example_dags/example_short_circuit_operator.py for tasks to queue
[2025-06-14T19:44:54.162+0200] {logging_mixin.py:137} INFO - [2025-06-14T19:44:54.161+0200] {dagbag.py:538} INFO - Filling up the DagBag from /home/monica.fernandez/practica_creativa/venv-airflow/lib/python3.11/site-packages/airflow/example_dags/example_short_circuit_operator.py
[2025-06-14T19:44:54.175+0200] {processor.py:753} INFO - DAG(s) dict_keys(['example_short_circuit_operator']) retrieved from /home/monica.fernandez/practica_creativa/venv-airflow/lib/python3.11/site-packages/airflow/example_dags/example_short_circuit_operator.py
[2025-06-14T19:44:54.221+0200] {logging_mixin.py:137} INFO - [2025-06-14T19:44:54.220+0200] {dag.py:2690} INFO - Sync 1 DAGs
[2025-06-14T19:44:54.255+0200] {logging_mixin.py:137} INFO - [2025-06-14T19:44:54.255+0200] {dag.py:3437} INFO - Setting next_dagrun for example_short_circuit_operator to 2025-06-13T17:44:54.254654+00:00, run_after=2025-06-14T17:44:54.254654+00:00
[2025-06-14T19:44:54.324+0200] {processor.py:175} INFO - Processing /home/monica.fernandez/practica_creativa/venv-airflow/lib/python3.11/site-packages/airflow/example_dags/example_short_circuit_operator.py took 0.169 seconds
[2025-06-14T19:46:33.243+0200] {processor.py:153} INFO - Started process (PID=214449) to work on /home/monica.fernandez/practica_creativa/venv-airflow/lib/python3.11/site-packages/airflow/example_dags/example_short_circuit_operator.py
[2025-06-14T19:46:33.245+0200] {processor.py:743} INFO - Processing file /home/monica.fernandez/practica_creativa/venv-airflow/lib/python3.11/site-packages/airflow/example_dags/example_short_circuit_operator.py for tasks to queue
[2025-06-14T19:46:33.245+0200] {logging_mixin.py:137} INFO - [2025-06-14T19:46:33.245+0200] {dagbag.py:538} INFO - Filling up the DagBag from /home/monica.fernandez/practica_creativa/venv-airflow/lib/python3.11/site-packages/airflow/example_dags/example_short_circuit_operator.py
[2025-06-14T19:46:33.260+0200] {processor.py:753} INFO - DAG(s) dict_keys(['example_short_circuit_operator']) retrieved from /home/monica.fernandez/practica_creativa/venv-airflow/lib/python3.11/site-packages/airflow/example_dags/example_short_circuit_operator.py
[2025-06-14T19:46:33.304+0200] {logging_mixin.py:137} INFO - [2025-06-14T19:46:33.304+0200] {dag.py:2690} INFO - Sync 1 DAGs
[2025-06-14T19:46:33.337+0200] {logging_mixin.py:137} INFO - [2025-06-14T19:46:33.337+0200] {dag.py:3437} INFO - Setting next_dagrun for example_short_circuit_operator to 2025-06-13T17:46:33.337277+00:00, run_after=2025-06-14T17:46:33.337277+00:00
[2025-06-14T19:46:33.408+0200] {processor.py:175} INFO - Processing /home/monica.fernandez/practica_creativa/venv-airflow/lib/python3.11/site-packages/airflow/example_dags/example_short_circuit_operator.py took 0.170 seconds
[2025-06-14T19:47:22.438+0200] {processor.py:153} INFO - Started process (PID=214832) to work on /home/monica.fernandez/practica_creativa/venv-airflow/lib/python3.11/site-packages/airflow/example_dags/example_short_circuit_operator.py
[2025-06-14T19:47:22.439+0200] {processor.py:743} INFO - Processing file /home/monica.fernandez/practica_creativa/venv-airflow/lib/python3.11/site-packages/airflow/example_dags/example_short_circuit_operator.py for tasks to queue
[2025-06-14T19:47:22.439+0200] {logging_mixin.py:137} INFO - [2025-06-14T19:47:22.439+0200] {dagbag.py:538} INFO - Filling up the DagBag from /home/monica.fernandez/practica_creativa/venv-airflow/lib/python3.11/site-packages/airflow/example_dags/example_short_circuit_operator.py
[2025-06-14T19:47:22.449+0200] {processor.py:753} INFO - DAG(s) dict_keys(['example_short_circuit_operator']) retrieved from /home/monica.fernandez/practica_creativa/venv-airflow/lib/python3.11/site-packages/airflow/example_dags/example_short_circuit_operator.py
[2025-06-14T19:47:22.481+0200] {logging_mixin.py:137} INFO - [2025-06-14T19:47:22.481+0200] {dag.py:2690} INFO - Sync 1 DAGs
[2025-06-14T19:47:22.509+0200] {logging_mixin.py:137} INFO - [2025-06-14T19:47:22.509+0200] {dag.py:3437} INFO - Setting next_dagrun for example_short_circuit_operator to 2025-06-13T17:47:22.508964+00:00, run_after=2025-06-14T17:47:22.508964+00:00
[2025-06-14T19:47:22.565+0200] {processor.py:175} INFO - Processing /home/monica.fernandez/practica_creativa/venv-airflow/lib/python3.11/site-packages/airflow/example_dags/example_short_circuit_operator.py took 0.130 seconds
[2025-06-14T19:48:12.319+0200] {processor.py:153} INFO - Started process (PID=215238) to work on /home/monica.fernandez/practica_creativa/venv-airflow/lib/python3.11/site-packages/airflow/example_dags/example_short_circuit_operator.py
[2025-06-14T19:48:12.321+0200] {processor.py:743} INFO - Processing file /home/monica.fernandez/practica_creativa/venv-airflow/lib/python3.11/site-packages/airflow/example_dags/example_short_circuit_operator.py for tasks to queue
[2025-06-14T19:48:12.322+0200] {logging_mixin.py:137} INFO - [2025-06-14T19:48:12.321+0200] {dagbag.py:538} INFO - Filling up the DagBag from /home/monica.fernandez/practica_creativa/venv-airflow/lib/python3.11/site-packages/airflow/example_dags/example_short_circuit_operator.py
[2025-06-14T19:48:12.337+0200] {processor.py:753} INFO - DAG(s) dict_keys(['example_short_circuit_operator']) retrieved from /home/monica.fernandez/practica_creativa/venv-airflow/lib/python3.11/site-packages/airflow/example_dags/example_short_circuit_operator.py
[2025-06-14T19:48:12.386+0200] {logging_mixin.py:137} INFO - [2025-06-14T19:48:12.386+0200] {dag.py:2690} INFO - Sync 1 DAGs
[2025-06-14T19:48:12.422+0200] {logging_mixin.py:137} INFO - [2025-06-14T19:48:12.421+0200] {dag.py:3437} INFO - Setting next_dagrun for example_short_circuit_operator to 2025-06-13T17:48:12.421610+00:00, run_after=2025-06-14T17:48:12.421610+00:00
[2025-06-14T19:48:12.481+0200] {processor.py:175} INFO - Processing /home/monica.fernandez/practica_creativa/venv-airflow/lib/python3.11/site-packages/airflow/example_dags/example_short_circuit_operator.py took 0.166 seconds
[2025-06-14T19:49:07.080+0200] {processor.py:153} INFO - Started process (PID=215960) to work on /home/monica.fernandez/practica_creativa/venv-airflow/lib/python3.11/site-packages/airflow/example_dags/example_short_circuit_operator.py
[2025-06-14T19:49:07.081+0200] {processor.py:743} INFO - Processing file /home/monica.fernandez/practica_creativa/venv-airflow/lib/python3.11/site-packages/airflow/example_dags/example_short_circuit_operator.py for tasks to queue
[2025-06-14T19:49:07.082+0200] {logging_mixin.py:137} INFO - [2025-06-14T19:49:07.082+0200] {dagbag.py:538} INFO - Filling up the DagBag from /home/monica.fernandez/practica_creativa/venv-airflow/lib/python3.11/site-packages/airflow/example_dags/example_short_circuit_operator.py
[2025-06-14T19:49:07.096+0200] {processor.py:753} INFO - DAG(s) dict_keys(['example_short_circuit_operator']) retrieved from /home/monica.fernandez/practica_creativa/venv-airflow/lib/python3.11/site-packages/airflow/example_dags/example_short_circuit_operator.py
[2025-06-14T19:49:07.141+0200] {logging_mixin.py:137} INFO - [2025-06-14T19:49:07.141+0200] {dag.py:2690} INFO - Sync 1 DAGs
[2025-06-14T19:49:07.178+0200] {logging_mixin.py:137} INFO - [2025-06-14T19:49:07.178+0200] {dag.py:3437} INFO - Setting next_dagrun for example_short_circuit_operator to 2025-06-13T17:49:07.177996+00:00, run_after=2025-06-14T17:49:07.177996+00:00
[2025-06-14T19:49:07.254+0200] {processor.py:175} INFO - Processing /home/monica.fernandez/practica_creativa/venv-airflow/lib/python3.11/site-packages/airflow/example_dags/example_short_circuit_operator.py took 0.179 seconds
[2025-06-14T19:50:04.374+0200] {processor.py:153} INFO - Started process (PID=216423) to work on /home/monica.fernandez/practica_creativa/venv-airflow/lib/python3.11/site-packages/airflow/example_dags/example_short_circuit_operator.py
[2025-06-14T19:50:04.375+0200] {processor.py:743} INFO - Processing file /home/monica.fernandez/practica_creativa/venv-airflow/lib/python3.11/site-packages/airflow/example_dags/example_short_circuit_operator.py for tasks to queue
[2025-06-14T19:50:04.376+0200] {logging_mixin.py:137} INFO - [2025-06-14T19:50:04.375+0200] {dagbag.py:538} INFO - Filling up the DagBag from /home/monica.fernandez/practica_creativa/venv-airflow/lib/python3.11/site-packages/airflow/example_dags/example_short_circuit_operator.py
[2025-06-14T19:50:04.390+0200] {processor.py:753} INFO - DAG(s) dict_keys(['example_short_circuit_operator']) retrieved from /home/monica.fernandez/practica_creativa/venv-airflow/lib/python3.11/site-packages/airflow/example_dags/example_short_circuit_operator.py
[2025-06-14T19:50:04.434+0200] {logging_mixin.py:137} INFO - [2025-06-14T19:50:04.434+0200] {dag.py:2690} INFO - Sync 1 DAGs
[2025-06-14T19:50:04.469+0200] {logging_mixin.py:137} INFO - [2025-06-14T19:50:04.469+0200] {dag.py:3437} INFO - Setting next_dagrun for example_short_circuit_operator to 2025-06-13T17:50:04.468619+00:00, run_after=2025-06-14T17:50:04.468619+00:00
[2025-06-14T19:50:04.543+0200] {processor.py:175} INFO - Processing /home/monica.fernandez/practica_creativa/venv-airflow/lib/python3.11/site-packages/airflow/example_dags/example_short_circuit_operator.py took 0.175 seconds
[2025-06-14T19:50:57.748+0200] {processor.py:153} INFO - Started process (PID=216858) to work on /home/monica.fernandez/practica_creativa/venv-airflow/lib/python3.11/site-packages/airflow/example_dags/example_short_circuit_operator.py
[2025-06-14T19:50:57.750+0200] {processor.py:743} INFO - Processing file /home/monica.fernandez/practica_creativa/venv-airflow/lib/python3.11/site-packages/airflow/example_dags/example_short_circuit_operator.py for tasks to queue
[2025-06-14T19:50:57.750+0200] {logging_mixin.py:137} INFO - [2025-06-14T19:50:57.750+0200] {dagbag.py:538} INFO - Filling up the DagBag from /home/monica.fernandez/practica_creativa/venv-airflow/lib/python3.11/site-packages/airflow/example_dags/example_short_circuit_operator.py
[2025-06-14T19:50:57.767+0200] {processor.py:753} INFO - DAG(s) dict_keys(['example_short_circuit_operator']) retrieved from /home/monica.fernandez/practica_creativa/venv-airflow/lib/python3.11/site-packages/airflow/example_dags/example_short_circuit_operator.py
[2025-06-14T19:50:57.816+0200] {logging_mixin.py:137} INFO - [2025-06-14T19:50:57.816+0200] {dag.py:2690} INFO - Sync 1 DAGs
[2025-06-14T19:50:57.843+0200] {logging_mixin.py:137} INFO - [2025-06-14T19:50:57.842+0200] {dag.py:3437} INFO - Setting next_dagrun for example_short_circuit_operator to 2025-06-13T17:50:57.842319+00:00, run_after=2025-06-14T17:50:57.842319+00:00
[2025-06-14T19:50:57.905+0200] {processor.py:175} INFO - Processing /home/monica.fernandez/practica_creativa/venv-airflow/lib/python3.11/site-packages/airflow/example_dags/example_short_circuit_operator.py took 0.162 seconds
[2025-06-14T19:51:49.749+0200] {processor.py:153} INFO - Started process (PID=217308) to work on /home/monica.fernandez/practica_creativa/venv-airflow/lib/python3.11/site-packages/airflow/example_dags/example_short_circuit_operator.py
[2025-06-14T19:51:49.750+0200] {processor.py:743} INFO - Processing file /home/monica.fernandez/practica_creativa/venv-airflow/lib/python3.11/site-packages/airflow/example_dags/example_short_circuit_operator.py for tasks to queue
[2025-06-14T19:51:49.751+0200] {logging_mixin.py:137} INFO - [2025-06-14T19:51:49.751+0200] {dagbag.py:538} INFO - Filling up the DagBag from /home/monica.fernandez/practica_creativa/venv-airflow/lib/python3.11/site-packages/airflow/example_dags/example_short_circuit_operator.py
[2025-06-14T19:51:49.767+0200] {processor.py:753} INFO - DAG(s) dict_keys(['example_short_circuit_operator']) retrieved from /home/monica.fernandez/practica_creativa/venv-airflow/lib/python3.11/site-packages/airflow/example_dags/example_short_circuit_operator.py
[2025-06-14T19:51:49.810+0200] {logging_mixin.py:137} INFO - [2025-06-14T19:51:49.809+0200] {dag.py:2690} INFO - Sync 1 DAGs
[2025-06-14T19:51:49.844+0200] {logging_mixin.py:137} INFO - [2025-06-14T19:51:49.844+0200] {dag.py:3437} INFO - Setting next_dagrun for example_short_circuit_operator to 2025-06-13T17:51:49.844110+00:00, run_after=2025-06-14T17:51:49.844110+00:00
[2025-06-14T19:51:49.918+0200] {processor.py:175} INFO - Processing /home/monica.fernandez/practica_creativa/venv-airflow/lib/python3.11/site-packages/airflow/example_dags/example_short_circuit_operator.py took 0.174 seconds
[2025-06-14T19:52:43.213+0200] {processor.py:153} INFO - Started process (PID=217704) to work on /home/monica.fernandez/practica_creativa/venv-airflow/lib/python3.11/site-packages/airflow/example_dags/example_short_circuit_operator.py
[2025-06-14T19:52:43.214+0200] {processor.py:743} INFO - Processing file /home/monica.fernandez/practica_creativa/venv-airflow/lib/python3.11/site-packages/airflow/example_dags/example_short_circuit_operator.py for tasks to queue
[2025-06-14T19:52:43.215+0200] {logging_mixin.py:137} INFO - [2025-06-14T19:52:43.215+0200] {dagbag.py:538} INFO - Filling up the DagBag from /home/monica.fernandez/practica_creativa/venv-airflow/lib/python3.11/site-packages/airflow/example_dags/example_short_circuit_operator.py
[2025-06-14T19:52:43.230+0200] {processor.py:753} INFO - DAG(s) dict_keys(['example_short_circuit_operator']) retrieved from /home/monica.fernandez/practica_creativa/venv-airflow/lib/python3.11/site-packages/airflow/example_dags/example_short_circuit_operator.py
[2025-06-14T19:52:43.276+0200] {logging_mixin.py:137} INFO - [2025-06-14T19:52:43.276+0200] {dag.py:2690} INFO - Sync 1 DAGs
[2025-06-14T19:52:43.315+0200] {logging_mixin.py:137} INFO - [2025-06-14T19:52:43.315+0200] {dag.py:3437} INFO - Setting next_dagrun for example_short_circuit_operator to 2025-06-13T17:52:43.315388+00:00, run_after=2025-06-14T17:52:43.315388+00:00
[2025-06-14T19:52:43.391+0200] {processor.py:175} INFO - Processing /home/monica.fernandez/practica_creativa/venv-airflow/lib/python3.11/site-packages/airflow/example_dags/example_short_circuit_operator.py took 0.183 seconds
[2025-06-14T19:53:35.284+0200] {processor.py:153} INFO - Started process (PID=218072) to work on /home/monica.fernandez/practica_creativa/venv-airflow/lib/python3.11/site-packages/airflow/example_dags/example_short_circuit_operator.py
[2025-06-14T19:53:35.286+0200] {processor.py:743} INFO - Processing file /home/monica.fernandez/practica_creativa/venv-airflow/lib/python3.11/site-packages/airflow/example_dags/example_short_circuit_operator.py for tasks to queue
[2025-06-14T19:53:35.286+0200] {logging_mixin.py:137} INFO - [2025-06-14T19:53:35.286+0200] {dagbag.py:538} INFO - Filling up the DagBag from /home/monica.fernandez/practica_creativa/venv-airflow/lib/python3.11/site-packages/airflow/example_dags/example_short_circuit_operator.py
[2025-06-14T19:53:35.301+0200] {processor.py:753} INFO - DAG(s) dict_keys(['example_short_circuit_operator']) retrieved from /home/monica.fernandez/practica_creativa/venv-airflow/lib/python3.11/site-packages/airflow/example_dags/example_short_circuit_operator.py
[2025-06-14T19:53:35.346+0200] {logging_mixin.py:137} INFO - [2025-06-14T19:53:35.346+0200] {dag.py:2690} INFO - Sync 1 DAGs
[2025-06-14T19:53:35.380+0200] {logging_mixin.py:137} INFO - [2025-06-14T19:53:35.380+0200] {dag.py:3437} INFO - Setting next_dagrun for example_short_circuit_operator to 2025-06-13T17:53:35.380338+00:00, run_after=2025-06-14T17:53:35.380338+00:00
[2025-06-14T19:53:35.454+0200] {processor.py:175} INFO - Processing /home/monica.fernandez/practica_creativa/venv-airflow/lib/python3.11/site-packages/airflow/example_dags/example_short_circuit_operator.py took 0.174 seconds
[2025-06-14T19:54:29.382+0200] {processor.py:153} INFO - Started process (PID=218491) to work on /home/monica.fernandez/practica_creativa/venv-airflow/lib/python3.11/site-packages/airflow/example_dags/example_short_circuit_operator.py
[2025-06-14T19:54:29.383+0200] {processor.py:743} INFO - Processing file /home/monica.fernandez/practica_creativa/venv-airflow/lib/python3.11/site-packages/airflow/example_dags/example_short_circuit_operator.py for tasks to queue
[2025-06-14T19:54:29.384+0200] {logging_mixin.py:137} INFO - [2025-06-14T19:54:29.384+0200] {dagbag.py:538} INFO - Filling up the DagBag from /home/monica.fernandez/practica_creativa/venv-airflow/lib/python3.11/site-packages/airflow/example_dags/example_short_circuit_operator.py
[2025-06-14T19:54:29.402+0200] {processor.py:753} INFO - DAG(s) dict_keys(['example_short_circuit_operator']) retrieved from /home/monica.fernandez/practica_creativa/venv-airflow/lib/python3.11/site-packages/airflow/example_dags/example_short_circuit_operator.py
[2025-06-14T19:54:29.446+0200] {logging_mixin.py:137} INFO - [2025-06-14T19:54:29.446+0200] {dag.py:2690} INFO - Sync 1 DAGs
[2025-06-14T19:54:29.472+0200] {logging_mixin.py:137} INFO - [2025-06-14T19:54:29.471+0200] {dag.py:3437} INFO - Setting next_dagrun for example_short_circuit_operator to 2025-06-13T17:54:29.471654+00:00, run_after=2025-06-14T17:54:29.471654+00:00
[2025-06-14T19:54:29.529+0200] {processor.py:175} INFO - Processing /home/monica.fernandez/practica_creativa/venv-airflow/lib/python3.11/site-packages/airflow/example_dags/example_short_circuit_operator.py took 0.151 seconds
[2025-06-14T19:55:23.548+0200] {processor.py:153} INFO - Started process (PID=218927) to work on /home/monica.fernandez/practica_creativa/venv-airflow/lib/python3.11/site-packages/airflow/example_dags/example_short_circuit_operator.py
[2025-06-14T19:55:23.549+0200] {processor.py:743} INFO - Processing file /home/monica.fernandez/practica_creativa/venv-airflow/lib/python3.11/site-packages/airflow/example_dags/example_short_circuit_operator.py for tasks to queue
[2025-06-14T19:55:23.550+0200] {logging_mixin.py:137} INFO - [2025-06-14T19:55:23.549+0200] {dagbag.py:538} INFO - Filling up the DagBag from /home/monica.fernandez/practica_creativa/venv-airflow/lib/python3.11/site-packages/airflow/example_dags/example_short_circuit_operator.py
[2025-06-14T19:55:23.565+0200] {processor.py:753} INFO - DAG(s) dict_keys(['example_short_circuit_operator']) retrieved from /home/monica.fernandez/practica_creativa/venv-airflow/lib/python3.11/site-packages/airflow/example_dags/example_short_circuit_operator.py
[2025-06-14T19:55:23.609+0200] {logging_mixin.py:137} INFO - [2025-06-14T19:55:23.609+0200] {dag.py:2690} INFO - Sync 1 DAGs
[2025-06-14T19:55:23.643+0200] {logging_mixin.py:137} INFO - [2025-06-14T19:55:23.643+0200] {dag.py:3437} INFO - Setting next_dagrun for example_short_circuit_operator to 2025-06-13T17:55:23.642974+00:00, run_after=2025-06-14T17:55:23.642974+00:00
[2025-06-14T19:55:23.717+0200] {processor.py:175} INFO - Processing /home/monica.fernandez/practica_creativa/venv-airflow/lib/python3.11/site-packages/airflow/example_dags/example_short_circuit_operator.py took 0.174 seconds
[2025-06-14T19:56:21.158+0200] {processor.py:153} INFO - Started process (PID=219391) to work on /home/monica.fernandez/practica_creativa/venv-airflow/lib/python3.11/site-packages/airflow/example_dags/example_short_circuit_operator.py
[2025-06-14T19:56:21.158+0200] {processor.py:743} INFO - Processing file /home/monica.fernandez/practica_creativa/venv-airflow/lib/python3.11/site-packages/airflow/example_dags/example_short_circuit_operator.py for tasks to queue
[2025-06-14T19:56:21.159+0200] {logging_mixin.py:137} INFO - [2025-06-14T19:56:21.159+0200] {dagbag.py:538} INFO - Filling up the DagBag from /home/monica.fernandez/practica_creativa/venv-airflow/lib/python3.11/site-packages/airflow/example_dags/example_short_circuit_operator.py
[2025-06-14T19:56:21.176+0200] {processor.py:753} INFO - DAG(s) dict_keys(['example_short_circuit_operator']) retrieved from /home/monica.fernandez/practica_creativa/venv-airflow/lib/python3.11/site-packages/airflow/example_dags/example_short_circuit_operator.py
[2025-06-14T19:56:21.213+0200] {logging_mixin.py:137} INFO - [2025-06-14T19:56:21.212+0200] {dag.py:2690} INFO - Sync 1 DAGs
[2025-06-14T19:56:21.235+0200] {logging_mixin.py:137} INFO - [2025-06-14T19:56:21.235+0200] {dag.py:3437} INFO - Setting next_dagrun for example_short_circuit_operator to 2025-06-13T17:56:21.235506+00:00, run_after=2025-06-14T17:56:21.235506+00:00
[2025-06-14T19:56:21.291+0200] {processor.py:175} INFO - Processing /home/monica.fernandez/practica_creativa/venv-airflow/lib/python3.11/site-packages/airflow/example_dags/example_short_circuit_operator.py took 0.136 seconds
[2025-06-14T19:57:15.239+0200] {processor.py:153} INFO - Started process (PID=219788) to work on /home/monica.fernandez/practica_creativa/venv-airflow/lib/python3.11/site-packages/airflow/example_dags/example_short_circuit_operator.py
[2025-06-14T19:57:15.240+0200] {processor.py:743} INFO - Processing file /home/monica.fernandez/practica_creativa/venv-airflow/lib/python3.11/site-packages/airflow/example_dags/example_short_circuit_operator.py for tasks to queue
[2025-06-14T19:57:15.241+0200] {logging_mixin.py:137} INFO - [2025-06-14T19:57:15.241+0200] {dagbag.py:538} INFO - Filling up the DagBag from /home/monica.fernandez/practica_creativa/venv-airflow/lib/python3.11/site-packages/airflow/example_dags/example_short_circuit_operator.py
[2025-06-14T19:57:15.257+0200] {processor.py:753} INFO - DAG(s) dict_keys(['example_short_circuit_operator']) retrieved from /home/monica.fernandez/practica_creativa/venv-airflow/lib/python3.11/site-packages/airflow/example_dags/example_short_circuit_operator.py
[2025-06-14T19:57:15.301+0200] {logging_mixin.py:137} INFO - [2025-06-14T19:57:15.301+0200] {dag.py:2690} INFO - Sync 1 DAGs
[2025-06-14T19:57:15.334+0200] {logging_mixin.py:137} INFO - [2025-06-14T19:57:15.334+0200] {dag.py:3437} INFO - Setting next_dagrun for example_short_circuit_operator to 2025-06-13T17:57:15.333888+00:00, run_after=2025-06-14T17:57:15.333888+00:00
[2025-06-14T19:57:15.400+0200] {processor.py:175} INFO - Processing /home/monica.fernandez/practica_creativa/venv-airflow/lib/python3.11/site-packages/airflow/example_dags/example_short_circuit_operator.py took 0.166 seconds
[2025-06-14T19:58:07.030+0200] {processor.py:153} INFO - Started process (PID=220167) to work on /home/monica.fernandez/practica_creativa/venv-airflow/lib/python3.11/site-packages/airflow/example_dags/example_short_circuit_operator.py
[2025-06-14T19:58:07.032+0200] {processor.py:743} INFO - Processing file /home/monica.fernandez/practica_creativa/venv-airflow/lib/python3.11/site-packages/airflow/example_dags/example_short_circuit_operator.py for tasks to queue
[2025-06-14T19:58:07.032+0200] {logging_mixin.py:137} INFO - [2025-06-14T19:58:07.032+0200] {dagbag.py:538} INFO - Filling up the DagBag from /home/monica.fernandez/practica_creativa/venv-airflow/lib/python3.11/site-packages/airflow/example_dags/example_short_circuit_operator.py
[2025-06-14T19:58:07.047+0200] {processor.py:753} INFO - DAG(s) dict_keys(['example_short_circuit_operator']) retrieved from /home/monica.fernandez/practica_creativa/venv-airflow/lib/python3.11/site-packages/airflow/example_dags/example_short_circuit_operator.py
[2025-06-14T19:58:07.091+0200] {logging_mixin.py:137} INFO - [2025-06-14T19:58:07.091+0200] {dag.py:2690} INFO - Sync 1 DAGs
[2025-06-14T19:58:07.127+0200] {logging_mixin.py:137} INFO - [2025-06-14T19:58:07.126+0200] {dag.py:3437} INFO - Setting next_dagrun for example_short_circuit_operator to 2025-06-13T17:58:07.126602+00:00, run_after=2025-06-14T17:58:07.126602+00:00
[2025-06-14T19:58:07.198+0200] {processor.py:175} INFO - Processing /home/monica.fernandez/practica_creativa/venv-airflow/lib/python3.11/site-packages/airflow/example_dags/example_short_circuit_operator.py took 0.173 seconds
[2025-06-14T19:59:00.385+0200] {processor.py:153} INFO - Started process (PID=220609) to work on /home/monica.fernandez/practica_creativa/venv-airflow/lib/python3.11/site-packages/airflow/example_dags/example_short_circuit_operator.py
[2025-06-14T19:59:00.386+0200] {processor.py:743} INFO - Processing file /home/monica.fernandez/practica_creativa/venv-airflow/lib/python3.11/site-packages/airflow/example_dags/example_short_circuit_operator.py for tasks to queue
[2025-06-14T19:59:00.387+0200] {logging_mixin.py:137} INFO - [2025-06-14T19:59:00.387+0200] {dagbag.py:538} INFO - Filling up the DagBag from /home/monica.fernandez/practica_creativa/venv-airflow/lib/python3.11/site-packages/airflow/example_dags/example_short_circuit_operator.py
[2025-06-14T19:59:00.401+0200] {processor.py:753} INFO - DAG(s) dict_keys(['example_short_circuit_operator']) retrieved from /home/monica.fernandez/practica_creativa/venv-airflow/lib/python3.11/site-packages/airflow/example_dags/example_short_circuit_operator.py
[2025-06-14T19:59:00.445+0200] {logging_mixin.py:137} INFO - [2025-06-14T19:59:00.445+0200] {dag.py:2690} INFO - Sync 1 DAGs
[2025-06-14T19:59:00.481+0200] {logging_mixin.py:137} INFO - [2025-06-14T19:59:00.481+0200] {dag.py:3437} INFO - Setting next_dagrun for example_short_circuit_operator to 2025-06-13T17:59:00.480846+00:00, run_after=2025-06-14T17:59:00.480846+00:00
[2025-06-14T19:59:00.566+0200] {processor.py:175} INFO - Processing /home/monica.fernandez/practica_creativa/venv-airflow/lib/python3.11/site-packages/airflow/example_dags/example_short_circuit_operator.py took 0.186 seconds
[2025-06-14T19:59:52.749+0200] {processor.py:153} INFO - Started process (PID=221055) to work on /home/monica.fernandez/practica_creativa/venv-airflow/lib/python3.11/site-packages/airflow/example_dags/example_short_circuit_operator.py
[2025-06-14T19:59:52.750+0200] {processor.py:743} INFO - Processing file /home/monica.fernandez/practica_creativa/venv-airflow/lib/python3.11/site-packages/airflow/example_dags/example_short_circuit_operator.py for tasks to queue
[2025-06-14T19:59:52.751+0200] {logging_mixin.py:137} INFO - [2025-06-14T19:59:52.751+0200] {dagbag.py:538} INFO - Filling up the DagBag from /home/monica.fernandez/practica_creativa/venv-airflow/lib/python3.11/site-packages/airflow/example_dags/example_short_circuit_operator.py
[2025-06-14T19:59:52.765+0200] {processor.py:753} INFO - DAG(s) dict_keys(['example_short_circuit_operator']) retrieved from /home/monica.fernandez/practica_creativa/venv-airflow/lib/python3.11/site-packages/airflow/example_dags/example_short_circuit_operator.py
[2025-06-14T19:59:52.811+0200] {logging_mixin.py:137} INFO - [2025-06-14T19:59:52.811+0200] {dag.py:2690} INFO - Sync 1 DAGs
[2025-06-14T19:59:52.846+0200] {logging_mixin.py:137} INFO - [2025-06-14T19:59:52.846+0200] {dag.py:3437} INFO - Setting next_dagrun for example_short_circuit_operator to 2025-06-13T17:59:52.846200+00:00, run_after=2025-06-14T17:59:52.846200+00:00
[2025-06-14T19:59:52.930+0200] {processor.py:175} INFO - Processing /home/monica.fernandez/practica_creativa/venv-airflow/lib/python3.11/site-packages/airflow/example_dags/example_short_circuit_operator.py took 0.187 seconds
[2025-06-14T20:00:51.940+0200] {processor.py:153} INFO - Started process (PID=221515) to work on /home/monica.fernandez/practica_creativa/venv-airflow/lib/python3.11/site-packages/airflow/example_dags/example_short_circuit_operator.py
[2025-06-14T20:00:51.941+0200] {processor.py:743} INFO - Processing file /home/monica.fernandez/practica_creativa/venv-airflow/lib/python3.11/site-packages/airflow/example_dags/example_short_circuit_operator.py for tasks to queue
[2025-06-14T20:00:51.942+0200] {logging_mixin.py:137} INFO - [2025-06-14T20:00:51.942+0200] {dagbag.py:538} INFO - Filling up the DagBag from /home/monica.fernandez/practica_creativa/venv-airflow/lib/python3.11/site-packages/airflow/example_dags/example_short_circuit_operator.py
[2025-06-14T20:00:51.958+0200] {processor.py:753} INFO - DAG(s) dict_keys(['example_short_circuit_operator']) retrieved from /home/monica.fernandez/practica_creativa/venv-airflow/lib/python3.11/site-packages/airflow/example_dags/example_short_circuit_operator.py
[2025-06-14T20:00:52.003+0200] {logging_mixin.py:137} INFO - [2025-06-14T20:00:52.002+0200] {dag.py:2690} INFO - Sync 1 DAGs
[2025-06-14T20:00:52.037+0200] {logging_mixin.py:137} INFO - [2025-06-14T20:00:52.037+0200] {dag.py:3437} INFO - Setting next_dagrun for example_short_circuit_operator to 2025-06-13T18:00:52.037503+00:00, run_after=2025-06-14T18:00:52.037503+00:00
[2025-06-14T20:00:52.100+0200] {processor.py:175} INFO - Processing /home/monica.fernandez/practica_creativa/venv-airflow/lib/python3.11/site-packages/airflow/example_dags/example_short_circuit_operator.py took 0.164 seconds
[2025-06-14T20:01:45.395+0200] {processor.py:153} INFO - Started process (PID=221912) to work on /home/monica.fernandez/practica_creativa/venv-airflow/lib/python3.11/site-packages/airflow/example_dags/example_short_circuit_operator.py
[2025-06-14T20:01:45.396+0200] {processor.py:743} INFO - Processing file /home/monica.fernandez/practica_creativa/venv-airflow/lib/python3.11/site-packages/airflow/example_dags/example_short_circuit_operator.py for tasks to queue
[2025-06-14T20:01:45.397+0200] {logging_mixin.py:137} INFO - [2025-06-14T20:01:45.397+0200] {dagbag.py:538} INFO - Filling up the DagBag from /home/monica.fernandez/practica_creativa/venv-airflow/lib/python3.11/site-packages/airflow/example_dags/example_short_circuit_operator.py
[2025-06-14T20:01:45.412+0200] {processor.py:753} INFO - DAG(s) dict_keys(['example_short_circuit_operator']) retrieved from /home/monica.fernandez/practica_creativa/venv-airflow/lib/python3.11/site-packages/airflow/example_dags/example_short_circuit_operator.py
[2025-06-14T20:01:45.456+0200] {logging_mixin.py:137} INFO - [2025-06-14T20:01:45.455+0200] {dag.py:2690} INFO - Sync 1 DAGs
[2025-06-14T20:01:45.492+0200] {logging_mixin.py:137} INFO - [2025-06-14T20:01:45.491+0200] {dag.py:3437} INFO - Setting next_dagrun for example_short_circuit_operator to 2025-06-13T18:01:45.490695+00:00, run_after=2025-06-14T18:01:45.490695+00:00
[2025-06-14T20:01:45.565+0200] {processor.py:175} INFO - Processing /home/monica.fernandez/practica_creativa/venv-airflow/lib/python3.11/site-packages/airflow/example_dags/example_short_circuit_operator.py took 0.175 seconds
