[2025-06-14T19:01:53.621+0200] {processor.py:153} INFO - Started process (PID=189506) to work on /home/monica.fernandez/practica_creativa/venv-airflow/lib/python3.11/site-packages/airflow/example_dags/example_short_circuit_decorator.py
[2025-06-14T19:01:53.622+0200] {processor.py:743} INFO - Processing file /home/monica.fernandez/practica_creativa/venv-airflow/lib/python3.11/site-packages/airflow/example_dags/example_short_circuit_decorator.py for tasks to queue
[2025-06-14T19:01:53.622+0200] {logging_mixin.py:137} INFO - [2025-06-14T19:01:53.622+0200] {dagbag.py:538} INFO - Filling up the DagBag from /home/monica.fernandez/practica_creativa/venv-airflow/lib/python3.11/site-packages/airflow/example_dags/example_short_circuit_decorator.py
[2025-06-14T19:01:53.655+0200] {processor.py:753} INFO - DAG(s) dict_keys(['example_short_circuit_decorator']) retrieved from /home/monica.fernandez/practica_creativa/venv-airflow/lib/python3.11/site-packages/airflow/example_dags/example_short_circuit_decorator.py
[2025-06-14T19:01:53.695+0200] {logging_mixin.py:137} INFO - [2025-06-14T19:01:53.695+0200] {dag.py:2690} INFO - Sync 1 DAGs
[2025-06-14T19:01:53.737+0200] {logging_mixin.py:137} INFO - [2025-06-14T19:01:53.737+0200] {dag.py:3437} INFO - Setting next_dagrun for example_short_circuit_decorator to 2025-06-13T17:01:53.737272+00:00, run_after=2025-06-14T17:01:53.737272+00:00
[2025-06-14T19:01:53.792+0200] {processor.py:175} INFO - Processing /home/monica.fernandez/practica_creativa/venv-airflow/lib/python3.11/site-packages/airflow/example_dags/example_short_circuit_decorator.py took 0.172 seconds
[2025-06-14T19:02:42.271+0200] {processor.py:153} INFO - Started process (PID=189963) to work on /home/monica.fernandez/practica_creativa/venv-airflow/lib/python3.11/site-packages/airflow/example_dags/example_short_circuit_decorator.py
[2025-06-14T19:02:42.272+0200] {processor.py:743} INFO - Processing file /home/monica.fernandez/practica_creativa/venv-airflow/lib/python3.11/site-packages/airflow/example_dags/example_short_circuit_decorator.py for tasks to queue
[2025-06-14T19:02:42.273+0200] {logging_mixin.py:137} INFO - [2025-06-14T19:02:42.273+0200] {dagbag.py:538} INFO - Filling up the DagBag from /home/monica.fernandez/practica_creativa/venv-airflow/lib/python3.11/site-packages/airflow/example_dags/example_short_circuit_decorator.py
[2025-06-14T19:02:42.326+0200] {processor.py:753} INFO - DAG(s) dict_keys(['example_short_circuit_decorator']) retrieved from /home/monica.fernandez/practica_creativa/venv-airflow/lib/python3.11/site-packages/airflow/example_dags/example_short_circuit_decorator.py
[2025-06-14T19:02:42.372+0200] {logging_mixin.py:137} INFO - [2025-06-14T19:02:42.372+0200] {dag.py:2690} INFO - Sync 1 DAGs
[2025-06-14T19:02:42.417+0200] {logging_mixin.py:137} INFO - [2025-06-14T19:02:42.417+0200] {dag.py:3437} INFO - Setting next_dagrun for example_short_circuit_decorator to 2025-06-13T17:02:42.417284+00:00, run_after=2025-06-14T17:02:42.417284+00:00
[2025-06-14T19:02:42.493+0200] {processor.py:175} INFO - Processing /home/monica.fernandez/practica_creativa/venv-airflow/lib/python3.11/site-packages/airflow/example_dags/example_short_circuit_decorator.py took 0.226 seconds
[2025-06-14T19:03:35.262+0200] {processor.py:153} INFO - Started process (PID=190479) to work on /home/monica.fernandez/practica_creativa/venv-airflow/lib/python3.11/site-packages/airflow/example_dags/example_short_circuit_decorator.py
[2025-06-14T19:03:35.263+0200] {processor.py:743} INFO - Processing file /home/monica.fernandez/practica_creativa/venv-airflow/lib/python3.11/site-packages/airflow/example_dags/example_short_circuit_decorator.py for tasks to queue
[2025-06-14T19:03:35.264+0200] {logging_mixin.py:137} INFO - [2025-06-14T19:03:35.264+0200] {dagbag.py:538} INFO - Filling up the DagBag from /home/monica.fernandez/practica_creativa/venv-airflow/lib/python3.11/site-packages/airflow/example_dags/example_short_circuit_decorator.py
[2025-06-14T19:03:35.317+0200] {processor.py:753} INFO - DAG(s) dict_keys(['example_short_circuit_decorator']) retrieved from /home/monica.fernandez/practica_creativa/venv-airflow/lib/python3.11/site-packages/airflow/example_dags/example_short_circuit_decorator.py
[2025-06-14T19:03:35.359+0200] {logging_mixin.py:137} INFO - [2025-06-14T19:03:35.358+0200] {dag.py:2690} INFO - Sync 1 DAGs
[2025-06-14T19:03:35.399+0200] {logging_mixin.py:137} INFO - [2025-06-14T19:03:35.399+0200] {dag.py:3437} INFO - Setting next_dagrun for example_short_circuit_decorator to 2025-06-13T17:03:35.399106+00:00, run_after=2025-06-14T17:03:35.399106+00:00
[2025-06-14T19:03:35.476+0200] {processor.py:175} INFO - Processing /home/monica.fernandez/practica_creativa/venv-airflow/lib/python3.11/site-packages/airflow/example_dags/example_short_circuit_decorator.py took 0.219 seconds
[2025-06-14T19:04:33.343+0200] {processor.py:153} INFO - Started process (PID=191090) to work on /home/monica.fernandez/practica_creativa/venv-airflow/lib/python3.11/site-packages/airflow/example_dags/example_short_circuit_decorator.py
[2025-06-14T19:04:33.345+0200] {processor.py:743} INFO - Processing file /home/monica.fernandez/practica_creativa/venv-airflow/lib/python3.11/site-packages/airflow/example_dags/example_short_circuit_decorator.py for tasks to queue
[2025-06-14T19:04:33.346+0200] {logging_mixin.py:137} INFO - [2025-06-14T19:04:33.346+0200] {dagbag.py:538} INFO - Filling up the DagBag from /home/monica.fernandez/practica_creativa/venv-airflow/lib/python3.11/site-packages/airflow/example_dags/example_short_circuit_decorator.py
[2025-06-14T19:04:33.391+0200] {processor.py:753} INFO - DAG(s) dict_keys(['example_short_circuit_decorator']) retrieved from /home/monica.fernandez/practica_creativa/venv-airflow/lib/python3.11/site-packages/airflow/example_dags/example_short_circuit_decorator.py
[2025-06-14T19:04:33.426+0200] {logging_mixin.py:137} INFO - [2025-06-14T19:04:33.426+0200] {dag.py:2690} INFO - Sync 1 DAGs
[2025-06-14T19:04:33.458+0200] {logging_mixin.py:137} INFO - [2025-06-14T19:04:33.458+0200] {dag.py:3437} INFO - Setting next_dagrun for example_short_circuit_decorator to 2025-06-13T17:04:33.458451+00:00, run_after=2025-06-14T17:04:33.458451+00:00
[2025-06-14T19:04:33.532+0200] {processor.py:175} INFO - Processing /home/monica.fernandez/practica_creativa/venv-airflow/lib/python3.11/site-packages/airflow/example_dags/example_short_circuit_decorator.py took 0.194 seconds
[2025-06-14T19:05:44.505+0200] {processor.py:153} INFO - Started process (PID=191731) to work on /home/monica.fernandez/practica_creativa/venv-airflow/lib/python3.11/site-packages/airflow/example_dags/example_short_circuit_decorator.py
[2025-06-14T19:05:44.506+0200] {processor.py:743} INFO - Processing file /home/monica.fernandez/practica_creativa/venv-airflow/lib/python3.11/site-packages/airflow/example_dags/example_short_circuit_decorator.py for tasks to queue
[2025-06-14T19:05:44.507+0200] {logging_mixin.py:137} INFO - [2025-06-14T19:05:44.507+0200] {dagbag.py:538} INFO - Filling up the DagBag from /home/monica.fernandez/practica_creativa/venv-airflow/lib/python3.11/site-packages/airflow/example_dags/example_short_circuit_decorator.py
[2025-06-14T19:05:44.537+0200] {processor.py:753} INFO - DAG(s) dict_keys(['example_short_circuit_decorator']) retrieved from /home/monica.fernandez/practica_creativa/venv-airflow/lib/python3.11/site-packages/airflow/example_dags/example_short_circuit_decorator.py
[2025-06-14T19:05:44.567+0200] {logging_mixin.py:137} INFO - [2025-06-14T19:05:44.566+0200] {dag.py:2690} INFO - Sync 1 DAGs
[2025-06-14T19:05:44.591+0200] {logging_mixin.py:137} INFO - [2025-06-14T19:05:44.591+0200] {dag.py:3437} INFO - Setting next_dagrun for example_short_circuit_decorator to 2025-06-13T17:05:44.591506+00:00, run_after=2025-06-14T17:05:44.591506+00:00
[2025-06-14T19:05:44.644+0200] {processor.py:175} INFO - Processing /home/monica.fernandez/practica_creativa/venv-airflow/lib/python3.11/site-packages/airflow/example_dags/example_short_circuit_decorator.py took 0.142 seconds
[2025-06-14T19:06:35.959+0200] {processor.py:153} INFO - Started process (PID=192252) to work on /home/monica.fernandez/practica_creativa/venv-airflow/lib/python3.11/site-packages/airflow/example_dags/example_short_circuit_decorator.py
[2025-06-14T19:06:35.959+0200] {processor.py:743} INFO - Processing file /home/monica.fernandez/practica_creativa/venv-airflow/lib/python3.11/site-packages/airflow/example_dags/example_short_circuit_decorator.py for tasks to queue
[2025-06-14T19:06:35.960+0200] {logging_mixin.py:137} INFO - [2025-06-14T19:06:35.960+0200] {dagbag.py:538} INFO - Filling up the DagBag from /home/monica.fernandez/practica_creativa/venv-airflow/lib/python3.11/site-packages/airflow/example_dags/example_short_circuit_decorator.py
[2025-06-14T19:06:35.988+0200] {processor.py:753} INFO - DAG(s) dict_keys(['example_short_circuit_decorator']) retrieved from /home/monica.fernandez/practica_creativa/venv-airflow/lib/python3.11/site-packages/airflow/example_dags/example_short_circuit_decorator.py
[2025-06-14T19:06:36.016+0200] {logging_mixin.py:137} INFO - [2025-06-14T19:06:36.016+0200] {dag.py:2690} INFO - Sync 1 DAGs
[2025-06-14T19:06:36.046+0200] {logging_mixin.py:137} INFO - [2025-06-14T19:06:36.046+0200] {dag.py:3437} INFO - Setting next_dagrun for example_short_circuit_decorator to 2025-06-13T17:06:36.046307+00:00, run_after=2025-06-14T17:06:36.046307+00:00
[2025-06-14T19:06:36.112+0200] {processor.py:175} INFO - Processing /home/monica.fernandez/practica_creativa/venv-airflow/lib/python3.11/site-packages/airflow/example_dags/example_short_circuit_decorator.py took 0.156 seconds
[2025-06-14T19:07:19.437+0200] {processor.py:153} INFO - Started process (PID=192582) to work on /home/monica.fernandez/practica_creativa/venv-airflow/lib/python3.11/site-packages/airflow/example_dags/example_short_circuit_decorator.py
[2025-06-14T19:07:19.439+0200] {processor.py:743} INFO - Processing file /home/monica.fernandez/practica_creativa/venv-airflow/lib/python3.11/site-packages/airflow/example_dags/example_short_circuit_decorator.py for tasks to queue
[2025-06-14T19:07:19.439+0200] {logging_mixin.py:137} INFO - [2025-06-14T19:07:19.439+0200] {dagbag.py:538} INFO - Filling up the DagBag from /home/monica.fernandez/practica_creativa/venv-airflow/lib/python3.11/site-packages/airflow/example_dags/example_short_circuit_decorator.py
[2025-06-14T19:07:19.490+0200] {processor.py:753} INFO - DAG(s) dict_keys(['example_short_circuit_decorator']) retrieved from /home/monica.fernandez/practica_creativa/venv-airflow/lib/python3.11/site-packages/airflow/example_dags/example_short_circuit_decorator.py
[2025-06-14T19:07:19.531+0200] {logging_mixin.py:137} INFO - [2025-06-14T19:07:19.530+0200] {dag.py:2690} INFO - Sync 1 DAGs
[2025-06-14T19:07:19.573+0200] {logging_mixin.py:137} INFO - [2025-06-14T19:07:19.573+0200] {dag.py:3437} INFO - Setting next_dagrun for example_short_circuit_decorator to 2025-06-13T17:07:19.572791+00:00, run_after=2025-06-14T17:07:19.572791+00:00
[2025-06-14T19:07:19.655+0200] {processor.py:175} INFO - Processing /home/monica.fernandez/practica_creativa/venv-airflow/lib/python3.11/site-packages/airflow/example_dags/example_short_circuit_decorator.py took 0.222 seconds
[2025-06-14T19:08:19.113+0200] {processor.py:153} INFO - Started process (PID=193445) to work on /home/monica.fernandez/practica_creativa/venv-airflow/lib/python3.11/site-packages/airflow/example_dags/example_short_circuit_decorator.py
[2025-06-14T19:08:19.114+0200] {processor.py:743} INFO - Processing file /home/monica.fernandez/practica_creativa/venv-airflow/lib/python3.11/site-packages/airflow/example_dags/example_short_circuit_decorator.py for tasks to queue
[2025-06-14T19:08:19.115+0200] {logging_mixin.py:137} INFO - [2025-06-14T19:08:19.114+0200] {dagbag.py:538} INFO - Filling up the DagBag from /home/monica.fernandez/practica_creativa/venv-airflow/lib/python3.11/site-packages/airflow/example_dags/example_short_circuit_decorator.py
[2025-06-14T19:08:19.166+0200] {processor.py:753} INFO - DAG(s) dict_keys(['example_short_circuit_decorator']) retrieved from /home/monica.fernandez/practica_creativa/venv-airflow/lib/python3.11/site-packages/airflow/example_dags/example_short_circuit_decorator.py
[2025-06-14T19:08:19.208+0200] {logging_mixin.py:137} INFO - [2025-06-14T19:08:19.208+0200] {dag.py:2690} INFO - Sync 1 DAGs
[2025-06-14T19:08:19.247+0200] {logging_mixin.py:137} INFO - [2025-06-14T19:08:19.247+0200] {dag.py:3437} INFO - Setting next_dagrun for example_short_circuit_decorator to 2025-06-13T17:08:19.246913+00:00, run_after=2025-06-14T17:08:19.246913+00:00
[2025-06-14T19:08:19.301+0200] {processor.py:175} INFO - Processing /home/monica.fernandez/practica_creativa/venv-airflow/lib/python3.11/site-packages/airflow/example_dags/example_short_circuit_decorator.py took 0.194 seconds
[2025-06-14T19:09:22.317+0200] {processor.py:153} INFO - Started process (PID=193956) to work on /home/monica.fernandez/practica_creativa/venv-airflow/lib/python3.11/site-packages/airflow/example_dags/example_short_circuit_decorator.py
[2025-06-14T19:09:22.318+0200] {processor.py:743} INFO - Processing file /home/monica.fernandez/practica_creativa/venv-airflow/lib/python3.11/site-packages/airflow/example_dags/example_short_circuit_decorator.py for tasks to queue
[2025-06-14T19:09:22.318+0200] {logging_mixin.py:137} INFO - [2025-06-14T19:09:22.318+0200] {dagbag.py:538} INFO - Filling up the DagBag from /home/monica.fernandez/practica_creativa/venv-airflow/lib/python3.11/site-packages/airflow/example_dags/example_short_circuit_decorator.py
[2025-06-14T19:09:22.350+0200] {processor.py:753} INFO - DAG(s) dict_keys(['example_short_circuit_decorator']) retrieved from /home/monica.fernandez/practica_creativa/venv-airflow/lib/python3.11/site-packages/airflow/example_dags/example_short_circuit_decorator.py
[2025-06-14T19:09:22.383+0200] {logging_mixin.py:137} INFO - [2025-06-14T19:09:22.383+0200] {dag.py:2690} INFO - Sync 1 DAGs
[2025-06-14T19:09:22.420+0200] {logging_mixin.py:137} INFO - [2025-06-14T19:09:22.420+0200] {dag.py:3437} INFO - Setting next_dagrun for example_short_circuit_decorator to 2025-06-13T17:09:22.420083+00:00, run_after=2025-06-14T17:09:22.420083+00:00
[2025-06-14T19:09:22.490+0200] {processor.py:175} INFO - Processing /home/monica.fernandez/practica_creativa/venv-airflow/lib/python3.11/site-packages/airflow/example_dags/example_short_circuit_decorator.py took 0.178 seconds
[2025-06-14T19:10:04.488+0200] {processor.py:153} INFO - Started process (PID=194360) to work on /home/monica.fernandez/practica_creativa/venv-airflow/lib/python3.11/site-packages/airflow/example_dags/example_short_circuit_decorator.py
[2025-06-14T19:10:04.489+0200] {processor.py:743} INFO - Processing file /home/monica.fernandez/practica_creativa/venv-airflow/lib/python3.11/site-packages/airflow/example_dags/example_short_circuit_decorator.py for tasks to queue
[2025-06-14T19:10:04.490+0200] {logging_mixin.py:137} INFO - [2025-06-14T19:10:04.490+0200] {dagbag.py:538} INFO - Filling up the DagBag from /home/monica.fernandez/practica_creativa/venv-airflow/lib/python3.11/site-packages/airflow/example_dags/example_short_circuit_decorator.py
[2025-06-14T19:10:04.545+0200] {processor.py:753} INFO - DAG(s) dict_keys(['example_short_circuit_decorator']) retrieved from /home/monica.fernandez/practica_creativa/venv-airflow/lib/python3.11/site-packages/airflow/example_dags/example_short_circuit_decorator.py
[2025-06-14T19:10:04.589+0200] {logging_mixin.py:137} INFO - [2025-06-14T19:10:04.588+0200] {dag.py:2690} INFO - Sync 1 DAGs
[2025-06-14T19:10:04.629+0200] {logging_mixin.py:137} INFO - [2025-06-14T19:10:04.629+0200] {dag.py:3437} INFO - Setting next_dagrun for example_short_circuit_decorator to 2025-06-13T17:10:04.629155+00:00, run_after=2025-06-14T17:10:04.629155+00:00
[2025-06-14T19:10:04.707+0200] {processor.py:175} INFO - Processing /home/monica.fernandez/practica_creativa/venv-airflow/lib/python3.11/site-packages/airflow/example_dags/example_short_circuit_decorator.py took 0.224 seconds
[2025-06-14T19:10:54.360+0200] {processor.py:153} INFO - Started process (PID=194805) to work on /home/monica.fernandez/practica_creativa/venv-airflow/lib/python3.11/site-packages/airflow/example_dags/example_short_circuit_decorator.py
[2025-06-14T19:10:54.361+0200] {processor.py:743} INFO - Processing file /home/monica.fernandez/practica_creativa/venv-airflow/lib/python3.11/site-packages/airflow/example_dags/example_short_circuit_decorator.py for tasks to queue
[2025-06-14T19:10:54.362+0200] {logging_mixin.py:137} INFO - [2025-06-14T19:10:54.362+0200] {dagbag.py:538} INFO - Filling up the DagBag from /home/monica.fernandez/practica_creativa/venv-airflow/lib/python3.11/site-packages/airflow/example_dags/example_short_circuit_decorator.py
[2025-06-14T19:10:54.389+0200] {processor.py:753} INFO - DAG(s) dict_keys(['example_short_circuit_decorator']) retrieved from /home/monica.fernandez/practica_creativa/venv-airflow/lib/python3.11/site-packages/airflow/example_dags/example_short_circuit_decorator.py
[2025-06-14T19:10:54.417+0200] {logging_mixin.py:137} INFO - [2025-06-14T19:10:54.417+0200] {dag.py:2690} INFO - Sync 1 DAGs
[2025-06-14T19:10:54.440+0200] {logging_mixin.py:137} INFO - [2025-06-14T19:10:54.440+0200] {dag.py:3437} INFO - Setting next_dagrun for example_short_circuit_decorator to 2025-06-13T17:10:54.440023+00:00, run_after=2025-06-14T17:10:54.440023+00:00
[2025-06-14T19:10:54.494+0200] {processor.py:175} INFO - Processing /home/monica.fernandez/practica_creativa/venv-airflow/lib/python3.11/site-packages/airflow/example_dags/example_short_circuit_decorator.py took 0.137 seconds
[2025-06-14T19:11:48.855+0200] {processor.py:153} INFO - Started process (PID=195342) to work on /home/monica.fernandez/practica_creativa/venv-airflow/lib/python3.11/site-packages/airflow/example_dags/example_short_circuit_decorator.py
[2025-06-14T19:11:48.857+0200] {processor.py:743} INFO - Processing file /home/monica.fernandez/practica_creativa/venv-airflow/lib/python3.11/site-packages/airflow/example_dags/example_short_circuit_decorator.py for tasks to queue
[2025-06-14T19:11:48.857+0200] {logging_mixin.py:137} INFO - [2025-06-14T19:11:48.857+0200] {dagbag.py:538} INFO - Filling up the DagBag from /home/monica.fernandez/practica_creativa/venv-airflow/lib/python3.11/site-packages/airflow/example_dags/example_short_circuit_decorator.py
[2025-06-14T19:11:48.908+0200] {processor.py:753} INFO - DAG(s) dict_keys(['example_short_circuit_decorator']) retrieved from /home/monica.fernandez/practica_creativa/venv-airflow/lib/python3.11/site-packages/airflow/example_dags/example_short_circuit_decorator.py
[2025-06-14T19:11:48.952+0200] {logging_mixin.py:137} INFO - [2025-06-14T19:11:48.952+0200] {dag.py:2690} INFO - Sync 1 DAGs
[2025-06-14T19:11:48.993+0200] {logging_mixin.py:137} INFO - [2025-06-14T19:11:48.993+0200] {dag.py:3437} INFO - Setting next_dagrun for example_short_circuit_decorator to 2025-06-13T17:11:48.992870+00:00, run_after=2025-06-14T17:11:48.992870+00:00
[2025-06-14T19:11:49.089+0200] {processor.py:175} INFO - Processing /home/monica.fernandez/practica_creativa/venv-airflow/lib/python3.11/site-packages/airflow/example_dags/example_short_circuit_decorator.py took 0.238 seconds
[2025-06-14T19:13:18.267+0200] {processor.py:153} INFO - Started process (PID=196014) to work on /home/monica.fernandez/practica_creativa/venv-airflow/lib/python3.11/site-packages/airflow/example_dags/example_short_circuit_decorator.py
[2025-06-14T19:13:18.268+0200] {processor.py:743} INFO - Processing file /home/monica.fernandez/practica_creativa/venv-airflow/lib/python3.11/site-packages/airflow/example_dags/example_short_circuit_decorator.py for tasks to queue
[2025-06-14T19:13:18.268+0200] {logging_mixin.py:137} INFO - [2025-06-14T19:13:18.268+0200] {dagbag.py:538} INFO - Filling up the DagBag from /home/monica.fernandez/practica_creativa/venv-airflow/lib/python3.11/site-packages/airflow/example_dags/example_short_circuit_decorator.py
[2025-06-14T19:13:18.297+0200] {processor.py:753} INFO - DAG(s) dict_keys(['example_short_circuit_decorator']) retrieved from /home/monica.fernandez/practica_creativa/venv-airflow/lib/python3.11/site-packages/airflow/example_dags/example_short_circuit_decorator.py
[2025-06-14T19:13:18.323+0200] {logging_mixin.py:137} INFO - [2025-06-14T19:13:18.323+0200] {dag.py:2690} INFO - Sync 1 DAGs
[2025-06-14T19:13:18.349+0200] {logging_mixin.py:137} INFO - [2025-06-14T19:13:18.348+0200] {dag.py:3437} INFO - Setting next_dagrun for example_short_circuit_decorator to 2025-06-13T17:13:18.348726+00:00, run_after=2025-06-14T17:13:18.348726+00:00
[2025-06-14T19:13:18.398+0200] {processor.py:175} INFO - Processing /home/monica.fernandez/practica_creativa/venv-airflow/lib/python3.11/site-packages/airflow/example_dags/example_short_circuit_decorator.py took 0.135 seconds
[2025-06-14T19:14:10.432+0200] {processor.py:153} INFO - Started process (PID=196436) to work on /home/monica.fernandez/practica_creativa/venv-airflow/lib/python3.11/site-packages/airflow/example_dags/example_short_circuit_decorator.py
[2025-06-14T19:14:10.433+0200] {processor.py:743} INFO - Processing file /home/monica.fernandez/practica_creativa/venv-airflow/lib/python3.11/site-packages/airflow/example_dags/example_short_circuit_decorator.py for tasks to queue
[2025-06-14T19:14:10.434+0200] {logging_mixin.py:137} INFO - [2025-06-14T19:14:10.433+0200] {dagbag.py:538} INFO - Filling up the DagBag from /home/monica.fernandez/practica_creativa/venv-airflow/lib/python3.11/site-packages/airflow/example_dags/example_short_circuit_decorator.py
[2025-06-14T19:14:10.482+0200] {processor.py:753} INFO - DAG(s) dict_keys(['example_short_circuit_decorator']) retrieved from /home/monica.fernandez/practica_creativa/venv-airflow/lib/python3.11/site-packages/airflow/example_dags/example_short_circuit_decorator.py
[2025-06-14T19:14:10.534+0200] {logging_mixin.py:137} INFO - [2025-06-14T19:14:10.533+0200] {dag.py:2690} INFO - Sync 1 DAGs
[2025-06-14T19:14:10.574+0200] {logging_mixin.py:137} INFO - [2025-06-14T19:14:10.573+0200] {dag.py:3437} INFO - Setting next_dagrun for example_short_circuit_decorator to 2025-06-13T17:14:10.573260+00:00, run_after=2025-06-14T17:14:10.573260+00:00
[2025-06-14T19:14:10.645+0200] {processor.py:175} INFO - Processing /home/monica.fernandez/practica_creativa/venv-airflow/lib/python3.11/site-packages/airflow/example_dags/example_short_circuit_decorator.py took 0.219 seconds
[2025-06-14T19:15:04.029+0200] {processor.py:153} INFO - Started process (PID=196862) to work on /home/monica.fernandez/practica_creativa/venv-airflow/lib/python3.11/site-packages/airflow/example_dags/example_short_circuit_decorator.py
[2025-06-14T19:15:04.030+0200] {processor.py:743} INFO - Processing file /home/monica.fernandez/practica_creativa/venv-airflow/lib/python3.11/site-packages/airflow/example_dags/example_short_circuit_decorator.py for tasks to queue
[2025-06-14T19:15:04.030+0200] {logging_mixin.py:137} INFO - [2025-06-14T19:15:04.030+0200] {dagbag.py:538} INFO - Filling up the DagBag from /home/monica.fernandez/practica_creativa/venv-airflow/lib/python3.11/site-packages/airflow/example_dags/example_short_circuit_decorator.py
[2025-06-14T19:15:04.110+0200] {processor.py:753} INFO - DAG(s) dict_keys(['example_short_circuit_decorator']) retrieved from /home/monica.fernandez/practica_creativa/venv-airflow/lib/python3.11/site-packages/airflow/example_dags/example_short_circuit_decorator.py
[2025-06-14T19:15:04.182+0200] {logging_mixin.py:137} INFO - [2025-06-14T19:15:04.182+0200] {dag.py:2690} INFO - Sync 1 DAGs
[2025-06-14T19:15:04.302+0200] {logging_mixin.py:137} INFO - [2025-06-14T19:15:04.302+0200] {dag.py:3437} INFO - Setting next_dagrun for example_short_circuit_decorator to 2025-06-13T17:15:04.302385+00:00, run_after=2025-06-14T17:15:04.302385+00:00
[2025-06-14T19:15:04.382+0200] {processor.py:175} INFO - Processing /home/monica.fernandez/practica_creativa/venv-airflow/lib/python3.11/site-packages/airflow/example_dags/example_short_circuit_decorator.py took 0.356 seconds
[2025-06-14T19:16:19.825+0200] {processor.py:153} INFO - Started process (PID=197447) to work on /home/monica.fernandez/practica_creativa/venv-airflow/lib/python3.11/site-packages/airflow/example_dags/example_short_circuit_decorator.py
[2025-06-14T19:16:19.826+0200] {processor.py:743} INFO - Processing file /home/monica.fernandez/practica_creativa/venv-airflow/lib/python3.11/site-packages/airflow/example_dags/example_short_circuit_decorator.py for tasks to queue
[2025-06-14T19:16:19.826+0200] {logging_mixin.py:137} INFO - [2025-06-14T19:16:19.826+0200] {dagbag.py:538} INFO - Filling up the DagBag from /home/monica.fernandez/practica_creativa/venv-airflow/lib/python3.11/site-packages/airflow/example_dags/example_short_circuit_decorator.py
[2025-06-14T19:16:19.860+0200] {processor.py:753} INFO - DAG(s) dict_keys(['example_short_circuit_decorator']) retrieved from /home/monica.fernandez/practica_creativa/venv-airflow/lib/python3.11/site-packages/airflow/example_dags/example_short_circuit_decorator.py
[2025-06-14T19:16:19.901+0200] {logging_mixin.py:137} INFO - [2025-06-14T19:16:19.901+0200] {dag.py:2690} INFO - Sync 1 DAGs
[2025-06-14T19:16:19.934+0200] {logging_mixin.py:137} INFO - [2025-06-14T19:16:19.934+0200] {dag.py:3437} INFO - Setting next_dagrun for example_short_circuit_decorator to 2025-06-13T17:16:19.933898+00:00, run_after=2025-06-14T17:16:19.933898+00:00
[2025-06-14T19:16:19.997+0200] {processor.py:175} INFO - Processing /home/monica.fernandez/practica_creativa/venv-airflow/lib/python3.11/site-packages/airflow/example_dags/example_short_circuit_decorator.py took 0.174 seconds
[2025-06-14T19:17:32.334+0200] {processor.py:153} INFO - Started process (PID=198133) to work on /home/monica.fernandez/practica_creativa/venv-airflow/lib/python3.11/site-packages/airflow/example_dags/example_short_circuit_decorator.py
[2025-06-14T19:17:32.336+0200] {processor.py:743} INFO - Processing file /home/monica.fernandez/practica_creativa/venv-airflow/lib/python3.11/site-packages/airflow/example_dags/example_short_circuit_decorator.py for tasks to queue
[2025-06-14T19:17:32.336+0200] {logging_mixin.py:137} INFO - [2025-06-14T19:17:32.336+0200] {dagbag.py:538} INFO - Filling up the DagBag from /home/monica.fernandez/practica_creativa/venv-airflow/lib/python3.11/site-packages/airflow/example_dags/example_short_circuit_decorator.py
[2025-06-14T19:17:32.389+0200] {processor.py:753} INFO - DAG(s) dict_keys(['example_short_circuit_decorator']) retrieved from /home/monica.fernandez/practica_creativa/venv-airflow/lib/python3.11/site-packages/airflow/example_dags/example_short_circuit_decorator.py
[2025-06-14T19:17:32.439+0200] {logging_mixin.py:137} INFO - [2025-06-14T19:17:32.438+0200] {dag.py:2690} INFO - Sync 1 DAGs
[2025-06-14T19:17:32.479+0200] {logging_mixin.py:137} INFO - [2025-06-14T19:17:32.479+0200] {dag.py:3437} INFO - Setting next_dagrun for example_short_circuit_decorator to 2025-06-13T17:17:32.479201+00:00, run_after=2025-06-14T17:17:32.479201+00:00
[2025-06-14T19:17:32.565+0200] {processor.py:175} INFO - Processing /home/monica.fernandez/practica_creativa/venv-airflow/lib/python3.11/site-packages/airflow/example_dags/example_short_circuit_decorator.py took 0.236 seconds
[2025-06-14T19:18:22.554+0200] {processor.py:153} INFO - Started process (PID=198536) to work on /home/monica.fernandez/practica_creativa/venv-airflow/lib/python3.11/site-packages/airflow/example_dags/example_short_circuit_decorator.py
[2025-06-14T19:18:22.557+0200] {processor.py:743} INFO - Processing file /home/monica.fernandez/practica_creativa/venv-airflow/lib/python3.11/site-packages/airflow/example_dags/example_short_circuit_decorator.py for tasks to queue
[2025-06-14T19:18:22.557+0200] {logging_mixin.py:137} INFO - [2025-06-14T19:18:22.557+0200] {dagbag.py:538} INFO - Filling up the DagBag from /home/monica.fernandez/practica_creativa/venv-airflow/lib/python3.11/site-packages/airflow/example_dags/example_short_circuit_decorator.py
[2025-06-14T19:18:22.608+0200] {processor.py:753} INFO - DAG(s) dict_keys(['example_short_circuit_decorator']) retrieved from /home/monica.fernandez/practica_creativa/venv-airflow/lib/python3.11/site-packages/airflow/example_dags/example_short_circuit_decorator.py
[2025-06-14T19:18:22.665+0200] {logging_mixin.py:137} INFO - [2025-06-14T19:18:22.665+0200] {dag.py:2690} INFO - Sync 1 DAGs
[2025-06-14T19:18:22.725+0200] {logging_mixin.py:137} INFO - [2025-06-14T19:18:22.725+0200] {dag.py:3437} INFO - Setting next_dagrun for example_short_circuit_decorator to 2025-06-13T17:18:22.725359+00:00, run_after=2025-06-14T17:18:22.725359+00:00
[2025-06-14T19:18:22.799+0200] {processor.py:175} INFO - Processing /home/monica.fernandez/practica_creativa/venv-airflow/lib/python3.11/site-packages/airflow/example_dags/example_short_circuit_decorator.py took 0.256 seconds
[2025-06-14T19:19:14.199+0200] {processor.py:153} INFO - Started process (PID=198959) to work on /home/monica.fernandez/practica_creativa/venv-airflow/lib/python3.11/site-packages/airflow/example_dags/example_short_circuit_decorator.py
[2025-06-14T19:19:14.201+0200] {processor.py:743} INFO - Processing file /home/monica.fernandez/practica_creativa/venv-airflow/lib/python3.11/site-packages/airflow/example_dags/example_short_circuit_decorator.py for tasks to queue
[2025-06-14T19:19:14.201+0200] {logging_mixin.py:137} INFO - [2025-06-14T19:19:14.201+0200] {dagbag.py:538} INFO - Filling up the DagBag from /home/monica.fernandez/practica_creativa/venv-airflow/lib/python3.11/site-packages/airflow/example_dags/example_short_circuit_decorator.py
[2025-06-14T19:19:14.244+0200] {processor.py:753} INFO - DAG(s) dict_keys(['example_short_circuit_decorator']) retrieved from /home/monica.fernandez/practica_creativa/venv-airflow/lib/python3.11/site-packages/airflow/example_dags/example_short_circuit_decorator.py
[2025-06-14T19:19:14.293+0200] {logging_mixin.py:137} INFO - [2025-06-14T19:19:14.293+0200] {dag.py:2690} INFO - Sync 1 DAGs
[2025-06-14T19:19:14.326+0200] {logging_mixin.py:137} INFO - [2025-06-14T19:19:14.326+0200] {dag.py:3437} INFO - Setting next_dagrun for example_short_circuit_decorator to 2025-06-13T17:19:14.326364+00:00, run_after=2025-06-14T17:19:14.326364+00:00
[2025-06-14T19:19:14.406+0200] {processor.py:175} INFO - Processing /home/monica.fernandez/practica_creativa/venv-airflow/lib/python3.11/site-packages/airflow/example_dags/example_short_circuit_decorator.py took 0.213 seconds
[2025-06-14T19:19:55.844+0200] {processor.py:153} INFO - Started process (PID=199289) to work on /home/monica.fernandez/practica_creativa/venv-airflow/lib/python3.11/site-packages/airflow/example_dags/example_short_circuit_decorator.py
[2025-06-14T19:19:55.845+0200] {processor.py:743} INFO - Processing file /home/monica.fernandez/practica_creativa/venv-airflow/lib/python3.11/site-packages/airflow/example_dags/example_short_circuit_decorator.py for tasks to queue
[2025-06-14T19:19:55.845+0200] {logging_mixin.py:137} INFO - [2025-06-14T19:19:55.845+0200] {dagbag.py:538} INFO - Filling up the DagBag from /home/monica.fernandez/practica_creativa/venv-airflow/lib/python3.11/site-packages/airflow/example_dags/example_short_circuit_decorator.py
[2025-06-14T19:19:55.878+0200] {processor.py:753} INFO - DAG(s) dict_keys(['example_short_circuit_decorator']) retrieved from /home/monica.fernandez/practica_creativa/venv-airflow/lib/python3.11/site-packages/airflow/example_dags/example_short_circuit_decorator.py
[2025-06-14T19:19:55.910+0200] {logging_mixin.py:137} INFO - [2025-06-14T19:19:55.910+0200] {dag.py:2690} INFO - Sync 1 DAGs
[2025-06-14T19:19:55.942+0200] {logging_mixin.py:137} INFO - [2025-06-14T19:19:55.942+0200] {dag.py:3437} INFO - Setting next_dagrun for example_short_circuit_decorator to 2025-06-13T17:19:55.941148+00:00, run_after=2025-06-14T17:19:55.941148+00:00
[2025-06-14T19:19:56.064+0200] {processor.py:175} INFO - Processing /home/monica.fernandez/practica_creativa/venv-airflow/lib/python3.11/site-packages/airflow/example_dags/example_short_circuit_decorator.py took 0.222 seconds
[2025-06-14T19:20:59.575+0200] {processor.py:153} INFO - Started process (PID=199781) to work on /home/monica.fernandez/practica_creativa/venv-airflow/lib/python3.11/site-packages/airflow/example_dags/example_short_circuit_decorator.py
[2025-06-14T19:20:59.576+0200] {processor.py:743} INFO - Processing file /home/monica.fernandez/practica_creativa/venv-airflow/lib/python3.11/site-packages/airflow/example_dags/example_short_circuit_decorator.py for tasks to queue
[2025-06-14T19:20:59.577+0200] {logging_mixin.py:137} INFO - [2025-06-14T19:20:59.577+0200] {dagbag.py:538} INFO - Filling up the DagBag from /home/monica.fernandez/practica_creativa/venv-airflow/lib/python3.11/site-packages/airflow/example_dags/example_short_circuit_decorator.py
[2025-06-14T19:20:59.615+0200] {processor.py:753} INFO - DAG(s) dict_keys(['example_short_circuit_decorator']) retrieved from /home/monica.fernandez/practica_creativa/venv-airflow/lib/python3.11/site-packages/airflow/example_dags/example_short_circuit_decorator.py
[2025-06-14T19:20:59.651+0200] {logging_mixin.py:137} INFO - [2025-06-14T19:20:59.650+0200] {dag.py:2690} INFO - Sync 1 DAGs
[2025-06-14T19:20:59.683+0200] {logging_mixin.py:137} INFO - [2025-06-14T19:20:59.683+0200] {dag.py:3437} INFO - Setting next_dagrun for example_short_circuit_decorator to 2025-06-13T17:20:59.683555+00:00, run_after=2025-06-14T17:20:59.683555+00:00
[2025-06-14T19:20:59.764+0200] {processor.py:175} INFO - Processing /home/monica.fernandez/practica_creativa/venv-airflow/lib/python3.11/site-packages/airflow/example_dags/example_short_circuit_decorator.py took 0.192 seconds
[2025-06-14T19:22:00.138+0200] {processor.py:153} INFO - Started process (PID=200262) to work on /home/monica.fernandez/practica_creativa/venv-airflow/lib/python3.11/site-packages/airflow/example_dags/example_short_circuit_decorator.py
[2025-06-14T19:22:00.139+0200] {processor.py:743} INFO - Processing file /home/monica.fernandez/practica_creativa/venv-airflow/lib/python3.11/site-packages/airflow/example_dags/example_short_circuit_decorator.py for tasks to queue
[2025-06-14T19:22:00.140+0200] {logging_mixin.py:137} INFO - [2025-06-14T19:22:00.140+0200] {dagbag.py:538} INFO - Filling up the DagBag from /home/monica.fernandez/practica_creativa/venv-airflow/lib/python3.11/site-packages/airflow/example_dags/example_short_circuit_decorator.py
[2025-06-14T19:22:00.196+0200] {processor.py:753} INFO - DAG(s) dict_keys(['example_short_circuit_decorator']) retrieved from /home/monica.fernandez/practica_creativa/venv-airflow/lib/python3.11/site-packages/airflow/example_dags/example_short_circuit_decorator.py
[2025-06-14T19:22:00.238+0200] {logging_mixin.py:137} INFO - [2025-06-14T19:22:00.238+0200] {dag.py:2690} INFO - Sync 1 DAGs
[2025-06-14T19:22:00.281+0200] {logging_mixin.py:137} INFO - [2025-06-14T19:22:00.280+0200] {dag.py:3437} INFO - Setting next_dagrun for example_short_circuit_decorator to 2025-06-13T17:22:00.280537+00:00, run_after=2025-06-14T17:22:00.280537+00:00
[2025-06-14T19:22:00.382+0200] {processor.py:175} INFO - Processing /home/monica.fernandez/practica_creativa/venv-airflow/lib/python3.11/site-packages/airflow/example_dags/example_short_circuit_decorator.py took 0.249 seconds
[2025-06-14T19:22:58.355+0200] {processor.py:153} INFO - Started process (PID=200864) to work on /home/monica.fernandez/practica_creativa/venv-airflow/lib/python3.11/site-packages/airflow/example_dags/example_short_circuit_decorator.py
[2025-06-14T19:22:58.356+0200] {processor.py:743} INFO - Processing file /home/monica.fernandez/practica_creativa/venv-airflow/lib/python3.11/site-packages/airflow/example_dags/example_short_circuit_decorator.py for tasks to queue
[2025-06-14T19:22:58.356+0200] {logging_mixin.py:137} INFO - [2025-06-14T19:22:58.356+0200] {dagbag.py:538} INFO - Filling up the DagBag from /home/monica.fernandez/practica_creativa/venv-airflow/lib/python3.11/site-packages/airflow/example_dags/example_short_circuit_decorator.py
[2025-06-14T19:22:58.387+0200] {processor.py:753} INFO - DAG(s) dict_keys(['example_short_circuit_decorator']) retrieved from /home/monica.fernandez/practica_creativa/venv-airflow/lib/python3.11/site-packages/airflow/example_dags/example_short_circuit_decorator.py
[2025-06-14T19:22:58.413+0200] {logging_mixin.py:137} INFO - [2025-06-14T19:22:58.413+0200] {dag.py:2690} INFO - Sync 1 DAGs
[2025-06-14T19:22:58.437+0200] {logging_mixin.py:137} INFO - [2025-06-14T19:22:58.437+0200] {dag.py:3437} INFO - Setting next_dagrun for example_short_circuit_decorator to 2025-06-13T17:22:58.437386+00:00, run_after=2025-06-14T17:22:58.437386+00:00
[2025-06-14T19:22:58.489+0200] {processor.py:175} INFO - Processing /home/monica.fernandez/practica_creativa/venv-airflow/lib/python3.11/site-packages/airflow/example_dags/example_short_circuit_decorator.py took 0.137 seconds
[2025-06-14T19:23:47.755+0200] {processor.py:153} INFO - Started process (PID=201293) to work on /home/monica.fernandez/practica_creativa/venv-airflow/lib/python3.11/site-packages/airflow/example_dags/example_short_circuit_decorator.py
[2025-06-14T19:23:47.756+0200] {processor.py:743} INFO - Processing file /home/monica.fernandez/practica_creativa/venv-airflow/lib/python3.11/site-packages/airflow/example_dags/example_short_circuit_decorator.py for tasks to queue
[2025-06-14T19:23:47.757+0200] {logging_mixin.py:137} INFO - [2025-06-14T19:23:47.757+0200] {dagbag.py:538} INFO - Filling up the DagBag from /home/monica.fernandez/practica_creativa/venv-airflow/lib/python3.11/site-packages/airflow/example_dags/example_short_circuit_decorator.py
[2025-06-14T19:23:47.810+0200] {processor.py:753} INFO - DAG(s) dict_keys(['example_short_circuit_decorator']) retrieved from /home/monica.fernandez/practica_creativa/venv-airflow/lib/python3.11/site-packages/airflow/example_dags/example_short_circuit_decorator.py
[2025-06-14T19:23:47.849+0200] {logging_mixin.py:137} INFO - [2025-06-14T19:23:47.849+0200] {dag.py:2690} INFO - Sync 1 DAGs
[2025-06-14T19:23:47.888+0200] {logging_mixin.py:137} INFO - [2025-06-14T19:23:47.888+0200] {dag.py:3437} INFO - Setting next_dagrun for example_short_circuit_decorator to 2025-06-13T17:23:47.888324+00:00, run_after=2025-06-14T17:23:47.888324+00:00
[2025-06-14T19:23:47.967+0200] {processor.py:175} INFO - Processing /home/monica.fernandez/practica_creativa/venv-airflow/lib/python3.11/site-packages/airflow/example_dags/example_short_circuit_decorator.py took 0.217 seconds
[2025-06-14T19:24:43.036+0200] {processor.py:153} INFO - Started process (PID=201729) to work on /home/monica.fernandez/practica_creativa/venv-airflow/lib/python3.11/site-packages/airflow/example_dags/example_short_circuit_decorator.py
[2025-06-14T19:24:43.037+0200] {processor.py:743} INFO - Processing file /home/monica.fernandez/practica_creativa/venv-airflow/lib/python3.11/site-packages/airflow/example_dags/example_short_circuit_decorator.py for tasks to queue
[2025-06-14T19:24:43.037+0200] {logging_mixin.py:137} INFO - [2025-06-14T19:24:43.037+0200] {dagbag.py:538} INFO - Filling up the DagBag from /home/monica.fernandez/practica_creativa/venv-airflow/lib/python3.11/site-packages/airflow/example_dags/example_short_circuit_decorator.py
[2025-06-14T19:24:43.067+0200] {processor.py:753} INFO - DAG(s) dict_keys(['example_short_circuit_decorator']) retrieved from /home/monica.fernandez/practica_creativa/venv-airflow/lib/python3.11/site-packages/airflow/example_dags/example_short_circuit_decorator.py
[2025-06-14T19:24:43.096+0200] {logging_mixin.py:137} INFO - [2025-06-14T19:24:43.096+0200] {dag.py:2690} INFO - Sync 1 DAGs
[2025-06-14T19:24:43.132+0200] {logging_mixin.py:137} INFO - [2025-06-14T19:24:43.131+0200] {dag.py:3437} INFO - Setting next_dagrun for example_short_circuit_decorator to 2025-06-13T17:24:43.131470+00:00, run_after=2025-06-14T17:24:43.131470+00:00
[2025-06-14T19:24:43.201+0200] {processor.py:175} INFO - Processing /home/monica.fernandez/practica_creativa/venv-airflow/lib/python3.11/site-packages/airflow/example_dags/example_short_circuit_decorator.py took 0.167 seconds
[2025-06-14T19:25:31.079+0200] {processor.py:153} INFO - Started process (PID=202079) to work on /home/monica.fernandez/practica_creativa/venv-airflow/lib/python3.11/site-packages/airflow/example_dags/example_short_circuit_decorator.py
[2025-06-14T19:25:31.079+0200] {processor.py:743} INFO - Processing file /home/monica.fernandez/practica_creativa/venv-airflow/lib/python3.11/site-packages/airflow/example_dags/example_short_circuit_decorator.py for tasks to queue
[2025-06-14T19:25:31.080+0200] {logging_mixin.py:137} INFO - [2025-06-14T19:25:31.080+0200] {dagbag.py:538} INFO - Filling up the DagBag from /home/monica.fernandez/practica_creativa/venv-airflow/lib/python3.11/site-packages/airflow/example_dags/example_short_circuit_decorator.py
[2025-06-14T19:25:31.122+0200] {processor.py:753} INFO - DAG(s) dict_keys(['example_short_circuit_decorator']) retrieved from /home/monica.fernandez/practica_creativa/venv-airflow/lib/python3.11/site-packages/airflow/example_dags/example_short_circuit_decorator.py
[2025-06-14T19:25:31.159+0200] {logging_mixin.py:137} INFO - [2025-06-14T19:25:31.159+0200] {dag.py:2690} INFO - Sync 1 DAGs
[2025-06-14T19:25:31.196+0200] {logging_mixin.py:137} INFO - [2025-06-14T19:25:31.195+0200] {dag.py:3437} INFO - Setting next_dagrun for example_short_circuit_decorator to 2025-06-13T17:25:31.195764+00:00, run_after=2025-06-14T17:25:31.195764+00:00
[2025-06-14T19:25:31.260+0200] {processor.py:175} INFO - Processing /home/monica.fernandez/practica_creativa/venv-airflow/lib/python3.11/site-packages/airflow/example_dags/example_short_circuit_decorator.py took 0.186 seconds
[2025-06-14T19:29:10.664+0200] {processor.py:153} INFO - Started process (PID=204786) to work on /home/monica.fernandez/practica_creativa/venv-airflow/lib/python3.11/site-packages/airflow/example_dags/example_short_circuit_decorator.py
[2025-06-14T19:29:10.665+0200] {processor.py:743} INFO - Processing file /home/monica.fernandez/practica_creativa/venv-airflow/lib/python3.11/site-packages/airflow/example_dags/example_short_circuit_decorator.py for tasks to queue
[2025-06-14T19:29:10.665+0200] {logging_mixin.py:137} INFO - [2025-06-14T19:29:10.665+0200] {dagbag.py:538} INFO - Filling up the DagBag from /home/monica.fernandez/practica_creativa/venv-airflow/lib/python3.11/site-packages/airflow/example_dags/example_short_circuit_decorator.py
[2025-06-14T19:29:10.684+0200] {processor.py:753} INFO - DAG(s) dict_keys(['example_short_circuit_decorator']) retrieved from /home/monica.fernandez/practica_creativa/venv-airflow/lib/python3.11/site-packages/airflow/example_dags/example_short_circuit_decorator.py
[2025-06-14T19:29:10.711+0200] {logging_mixin.py:137} INFO - [2025-06-14T19:29:10.711+0200] {dag.py:2690} INFO - Sync 1 DAGs
[2025-06-14T19:29:10.732+0200] {logging_mixin.py:137} INFO - [2025-06-14T19:29:10.732+0200] {dag.py:3437} INFO - Setting next_dagrun for example_short_circuit_decorator to 2025-06-13T17:29:10.732034+00:00, run_after=2025-06-14T17:29:10.732034+00:00
[2025-06-14T19:29:10.790+0200] {processor.py:175} INFO - Processing /home/monica.fernandez/practica_creativa/venv-airflow/lib/python3.11/site-packages/airflow/example_dags/example_short_circuit_decorator.py took 0.129 seconds
[2025-06-14T19:30:00.924+0200] {processor.py:153} INFO - Started process (PID=205145) to work on /home/monica.fernandez/practica_creativa/venv-airflow/lib/python3.11/site-packages/airflow/example_dags/example_short_circuit_decorator.py
[2025-06-14T19:30:00.925+0200] {processor.py:743} INFO - Processing file /home/monica.fernandez/practica_creativa/venv-airflow/lib/python3.11/site-packages/airflow/example_dags/example_short_circuit_decorator.py for tasks to queue
[2025-06-14T19:30:00.926+0200] {logging_mixin.py:137} INFO - [2025-06-14T19:30:00.926+0200] {dagbag.py:538} INFO - Filling up the DagBag from /home/monica.fernandez/practica_creativa/venv-airflow/lib/python3.11/site-packages/airflow/example_dags/example_short_circuit_decorator.py
[2025-06-14T19:30:00.945+0200] {processor.py:753} INFO - DAG(s) dict_keys(['example_short_circuit_decorator']) retrieved from /home/monica.fernandez/practica_creativa/venv-airflow/lib/python3.11/site-packages/airflow/example_dags/example_short_circuit_decorator.py
[2025-06-14T19:30:00.981+0200] {logging_mixin.py:137} INFO - [2025-06-14T19:30:00.981+0200] {dag.py:2690} INFO - Sync 1 DAGs
[2025-06-14T19:30:01.008+0200] {logging_mixin.py:137} INFO - [2025-06-14T19:30:01.008+0200] {dag.py:3437} INFO - Setting next_dagrun for example_short_circuit_decorator to 2025-06-13T17:30:01.007923+00:00, run_after=2025-06-14T17:30:01.007923+00:00
[2025-06-14T19:30:01.072+0200] {processor.py:175} INFO - Processing /home/monica.fernandez/practica_creativa/venv-airflow/lib/python3.11/site-packages/airflow/example_dags/example_short_circuit_decorator.py took 0.150 seconds
[2025-06-14T19:30:50.927+0200] {processor.py:153} INFO - Started process (PID=205552) to work on /home/monica.fernandez/practica_creativa/venv-airflow/lib/python3.11/site-packages/airflow/example_dags/example_short_circuit_decorator.py
[2025-06-14T19:30:50.928+0200] {processor.py:743} INFO - Processing file /home/monica.fernandez/practica_creativa/venv-airflow/lib/python3.11/site-packages/airflow/example_dags/example_short_circuit_decorator.py for tasks to queue
[2025-06-14T19:30:50.929+0200] {logging_mixin.py:137} INFO - [2025-06-14T19:30:50.929+0200] {dagbag.py:538} INFO - Filling up the DagBag from /home/monica.fernandez/practica_creativa/venv-airflow/lib/python3.11/site-packages/airflow/example_dags/example_short_circuit_decorator.py
[2025-06-14T19:30:50.962+0200] {processor.py:753} INFO - DAG(s) dict_keys(['example_short_circuit_decorator']) retrieved from /home/monica.fernandez/practica_creativa/venv-airflow/lib/python3.11/site-packages/airflow/example_dags/example_short_circuit_decorator.py
[2025-06-14T19:30:51.005+0200] {logging_mixin.py:137} INFO - [2025-06-14T19:30:51.004+0200] {dag.py:2690} INFO - Sync 1 DAGs
[2025-06-14T19:30:51.051+0200] {logging_mixin.py:137} INFO - [2025-06-14T19:30:51.051+0200] {dag.py:3437} INFO - Setting next_dagrun for example_short_circuit_decorator to 2025-06-13T17:30:51.051058+00:00, run_after=2025-06-14T17:30:51.051058+00:00
[2025-06-14T19:30:51.120+0200] {processor.py:175} INFO - Processing /home/monica.fernandez/practica_creativa/venv-airflow/lib/python3.11/site-packages/airflow/example_dags/example_short_circuit_decorator.py took 0.198 seconds
[2025-06-14T19:31:46.899+0200] {processor.py:153} INFO - Started process (PID=206015) to work on /home/monica.fernandez/practica_creativa/venv-airflow/lib/python3.11/site-packages/airflow/example_dags/example_short_circuit_decorator.py
[2025-06-14T19:31:46.901+0200] {processor.py:743} INFO - Processing file /home/monica.fernandez/practica_creativa/venv-airflow/lib/python3.11/site-packages/airflow/example_dags/example_short_circuit_decorator.py for tasks to queue
[2025-06-14T19:31:46.902+0200] {logging_mixin.py:137} INFO - [2025-06-14T19:31:46.902+0200] {dagbag.py:538} INFO - Filling up the DagBag from /home/monica.fernandez/practica_creativa/venv-airflow/lib/python3.11/site-packages/airflow/example_dags/example_short_circuit_decorator.py
[2025-06-14T19:31:46.936+0200] {processor.py:753} INFO - DAG(s) dict_keys(['example_short_circuit_decorator']) retrieved from /home/monica.fernandez/practica_creativa/venv-airflow/lib/python3.11/site-packages/airflow/example_dags/example_short_circuit_decorator.py
[2025-06-14T19:31:46.978+0200] {logging_mixin.py:137} INFO - [2025-06-14T19:31:46.977+0200] {dag.py:2690} INFO - Sync 1 DAGs
[2025-06-14T19:31:47.015+0200] {logging_mixin.py:137} INFO - [2025-06-14T19:31:47.015+0200] {dag.py:3437} INFO - Setting next_dagrun for example_short_circuit_decorator to 2025-06-13T17:31:47.015173+00:00, run_after=2025-06-14T17:31:47.015173+00:00
[2025-06-14T19:31:47.086+0200] {processor.py:175} INFO - Processing /home/monica.fernandez/practica_creativa/venv-airflow/lib/python3.11/site-packages/airflow/example_dags/example_short_circuit_decorator.py took 0.192 seconds
[2025-06-14T19:35:28.613+0200] {processor.py:153} INFO - Started process (PID=208385) to work on /home/monica.fernandez/practica_creativa/venv-airflow/lib/python3.11/site-packages/airflow/example_dags/example_short_circuit_decorator.py
[2025-06-14T19:35:28.614+0200] {processor.py:743} INFO - Processing file /home/monica.fernandez/practica_creativa/venv-airflow/lib/python3.11/site-packages/airflow/example_dags/example_short_circuit_decorator.py for tasks to queue
[2025-06-14T19:35:28.615+0200] {logging_mixin.py:137} INFO - [2025-06-14T19:35:28.615+0200] {dagbag.py:538} INFO - Filling up the DagBag from /home/monica.fernandez/practica_creativa/venv-airflow/lib/python3.11/site-packages/airflow/example_dags/example_short_circuit_decorator.py
[2025-06-14T19:35:28.648+0200] {processor.py:753} INFO - DAG(s) dict_keys(['example_short_circuit_decorator']) retrieved from /home/monica.fernandez/practica_creativa/venv-airflow/lib/python3.11/site-packages/airflow/example_dags/example_short_circuit_decorator.py
[2025-06-14T19:35:28.694+0200] {logging_mixin.py:137} INFO - [2025-06-14T19:35:28.694+0200] {dag.py:2690} INFO - Sync 1 DAGs
[2025-06-14T19:35:28.723+0200] {logging_mixin.py:137} INFO - [2025-06-14T19:35:28.723+0200] {dag.py:3437} INFO - Setting next_dagrun for example_short_circuit_decorator to 2025-06-13T17:35:28.722876+00:00, run_after=2025-06-14T17:35:28.722876+00:00
[2025-06-14T19:35:28.788+0200] {processor.py:175} INFO - Processing /home/monica.fernandez/practica_creativa/venv-airflow/lib/python3.11/site-packages/airflow/example_dags/example_short_circuit_decorator.py took 0.179 seconds
[2025-06-14T19:36:16.522+0200] {processor.py:153} INFO - Started process (PID=208821) to work on /home/monica.fernandez/practica_creativa/venv-airflow/lib/python3.11/site-packages/airflow/example_dags/example_short_circuit_decorator.py
[2025-06-14T19:36:16.524+0200] {processor.py:743} INFO - Processing file /home/monica.fernandez/practica_creativa/venv-airflow/lib/python3.11/site-packages/airflow/example_dags/example_short_circuit_decorator.py for tasks to queue
[2025-06-14T19:36:16.525+0200] {logging_mixin.py:137} INFO - [2025-06-14T19:36:16.524+0200] {dagbag.py:538} INFO - Filling up the DagBag from /home/monica.fernandez/practica_creativa/venv-airflow/lib/python3.11/site-packages/airflow/example_dags/example_short_circuit_decorator.py
[2025-06-14T19:36:16.567+0200] {processor.py:753} INFO - DAG(s) dict_keys(['example_short_circuit_decorator']) retrieved from /home/monica.fernandez/practica_creativa/venv-airflow/lib/python3.11/site-packages/airflow/example_dags/example_short_circuit_decorator.py
[2025-06-14T19:36:16.601+0200] {logging_mixin.py:137} INFO - [2025-06-14T19:36:16.601+0200] {dag.py:2690} INFO - Sync 1 DAGs
[2025-06-14T19:36:16.625+0200] {logging_mixin.py:137} INFO - [2025-06-14T19:36:16.625+0200] {dag.py:3437} INFO - Setting next_dagrun for example_short_circuit_decorator to 2025-06-13T17:36:16.624922+00:00, run_after=2025-06-14T17:36:16.624922+00:00
[2025-06-14T19:36:16.684+0200] {processor.py:175} INFO - Processing /home/monica.fernandez/practica_creativa/venv-airflow/lib/python3.11/site-packages/airflow/example_dags/example_short_circuit_decorator.py took 0.167 seconds
[2025-06-14T19:37:05.019+0200] {processor.py:153} INFO - Started process (PID=209297) to work on /home/monica.fernandez/practica_creativa/venv-airflow/lib/python3.11/site-packages/airflow/example_dags/example_short_circuit_decorator.py
[2025-06-14T19:37:05.020+0200] {processor.py:743} INFO - Processing file /home/monica.fernandez/practica_creativa/venv-airflow/lib/python3.11/site-packages/airflow/example_dags/example_short_circuit_decorator.py for tasks to queue
[2025-06-14T19:37:05.021+0200] {logging_mixin.py:137} INFO - [2025-06-14T19:37:05.020+0200] {dagbag.py:538} INFO - Filling up the DagBag from /home/monica.fernandez/practica_creativa/venv-airflow/lib/python3.11/site-packages/airflow/example_dags/example_short_circuit_decorator.py
[2025-06-14T19:37:05.057+0200] {processor.py:753} INFO - DAG(s) dict_keys(['example_short_circuit_decorator']) retrieved from /home/monica.fernandez/practica_creativa/venv-airflow/lib/python3.11/site-packages/airflow/example_dags/example_short_circuit_decorator.py
[2025-06-14T19:37:05.102+0200] {logging_mixin.py:137} INFO - [2025-06-14T19:37:05.102+0200] {dag.py:2690} INFO - Sync 1 DAGs
[2025-06-14T19:37:05.138+0200] {logging_mixin.py:137} INFO - [2025-06-14T19:37:05.138+0200] {dag.py:3437} INFO - Setting next_dagrun for example_short_circuit_decorator to 2025-06-13T17:37:05.138158+00:00, run_after=2025-06-14T17:37:05.138158+00:00
[2025-06-14T19:37:05.212+0200] {processor.py:175} INFO - Processing /home/monica.fernandez/practica_creativa/venv-airflow/lib/python3.11/site-packages/airflow/example_dags/example_short_circuit_decorator.py took 0.198 seconds
[2025-06-14T19:38:02.055+0200] {processor.py:153} INFO - Started process (PID=209764) to work on /home/monica.fernandez/practica_creativa/venv-airflow/lib/python3.11/site-packages/airflow/example_dags/example_short_circuit_decorator.py
[2025-06-14T19:38:02.056+0200] {processor.py:743} INFO - Processing file /home/monica.fernandez/practica_creativa/venv-airflow/lib/python3.11/site-packages/airflow/example_dags/example_short_circuit_decorator.py for tasks to queue
[2025-06-14T19:38:02.057+0200] {logging_mixin.py:137} INFO - [2025-06-14T19:38:02.057+0200] {dagbag.py:538} INFO - Filling up the DagBag from /home/monica.fernandez/practica_creativa/venv-airflow/lib/python3.11/site-packages/airflow/example_dags/example_short_circuit_decorator.py
[2025-06-14T19:38:02.090+0200] {processor.py:753} INFO - DAG(s) dict_keys(['example_short_circuit_decorator']) retrieved from /home/monica.fernandez/practica_creativa/venv-airflow/lib/python3.11/site-packages/airflow/example_dags/example_short_circuit_decorator.py
[2025-06-14T19:38:02.135+0200] {logging_mixin.py:137} INFO - [2025-06-14T19:38:02.135+0200] {dag.py:2690} INFO - Sync 1 DAGs
[2025-06-14T19:38:02.169+0200] {logging_mixin.py:137} INFO - [2025-06-14T19:38:02.169+0200] {dag.py:3437} INFO - Setting next_dagrun for example_short_circuit_decorator to 2025-06-13T17:38:02.169252+00:00, run_after=2025-06-14T17:38:02.169252+00:00
[2025-06-14T19:38:02.244+0200] {processor.py:175} INFO - Processing /home/monica.fernandez/practica_creativa/venv-airflow/lib/python3.11/site-packages/airflow/example_dags/example_short_circuit_decorator.py took 0.194 seconds
[2025-06-14T19:40:23.576+0200] {processor.py:153} INFO - Started process (PID=211223) to work on /home/monica.fernandez/practica_creativa/venv-airflow/lib/python3.11/site-packages/airflow/example_dags/example_short_circuit_decorator.py
[2025-06-14T19:40:23.578+0200] {processor.py:743} INFO - Processing file /home/monica.fernandez/practica_creativa/venv-airflow/lib/python3.11/site-packages/airflow/example_dags/example_short_circuit_decorator.py for tasks to queue
[2025-06-14T19:40:23.579+0200] {logging_mixin.py:137} INFO - [2025-06-14T19:40:23.578+0200] {dagbag.py:538} INFO - Filling up the DagBag from /home/monica.fernandez/practica_creativa/venv-airflow/lib/python3.11/site-packages/airflow/example_dags/example_short_circuit_decorator.py
[2025-06-14T19:40:23.612+0200] {processor.py:753} INFO - DAG(s) dict_keys(['example_short_circuit_decorator']) retrieved from /home/monica.fernandez/practica_creativa/venv-airflow/lib/python3.11/site-packages/airflow/example_dags/example_short_circuit_decorator.py
[2025-06-14T19:40:23.655+0200] {logging_mixin.py:137} INFO - [2025-06-14T19:40:23.654+0200] {dag.py:2690} INFO - Sync 1 DAGs
[2025-06-14T19:40:23.688+0200] {logging_mixin.py:137} INFO - [2025-06-14T19:40:23.688+0200] {dag.py:3437} INFO - Setting next_dagrun for example_short_circuit_decorator to 2025-06-13T17:40:23.687440+00:00, run_after=2025-06-14T17:40:23.687440+00:00
[2025-06-14T19:40:23.761+0200] {processor.py:175} INFO - Processing /home/monica.fernandez/practica_creativa/venv-airflow/lib/python3.11/site-packages/airflow/example_dags/example_short_circuit_decorator.py took 0.190 seconds
[2025-06-14T19:41:13.924+0200] {processor.py:153} INFO - Started process (PID=211659) to work on /home/monica.fernandez/practica_creativa/venv-airflow/lib/python3.11/site-packages/airflow/example_dags/example_short_circuit_decorator.py
[2025-06-14T19:41:13.925+0200] {processor.py:743} INFO - Processing file /home/monica.fernandez/practica_creativa/venv-airflow/lib/python3.11/site-packages/airflow/example_dags/example_short_circuit_decorator.py for tasks to queue
[2025-06-14T19:41:13.926+0200] {logging_mixin.py:137} INFO - [2025-06-14T19:41:13.926+0200] {dagbag.py:538} INFO - Filling up the DagBag from /home/monica.fernandez/practica_creativa/venv-airflow/lib/python3.11/site-packages/airflow/example_dags/example_short_circuit_decorator.py
[2025-06-14T19:41:13.959+0200] {processor.py:753} INFO - DAG(s) dict_keys(['example_short_circuit_decorator']) retrieved from /home/monica.fernandez/practica_creativa/venv-airflow/lib/python3.11/site-packages/airflow/example_dags/example_short_circuit_decorator.py
[2025-06-14T19:41:14.001+0200] {logging_mixin.py:137} INFO - [2025-06-14T19:41:14.001+0200] {dag.py:2690} INFO - Sync 1 DAGs
[2025-06-14T19:41:14.034+0200] {logging_mixin.py:137} INFO - [2025-06-14T19:41:14.034+0200] {dag.py:3437} INFO - Setting next_dagrun for example_short_circuit_decorator to 2025-06-13T17:41:14.034314+00:00, run_after=2025-06-14T17:41:14.034314+00:00
[2025-06-14T19:41:14.116+0200] {processor.py:175} INFO - Processing /home/monica.fernandez/practica_creativa/venv-airflow/lib/python3.11/site-packages/airflow/example_dags/example_short_circuit_decorator.py took 0.197 seconds
[2025-06-14T19:42:04.368+0200] {processor.py:153} INFO - Started process (PID=212038) to work on /home/monica.fernandez/practica_creativa/venv-airflow/lib/python3.11/site-packages/airflow/example_dags/example_short_circuit_decorator.py
[2025-06-14T19:42:04.369+0200] {processor.py:743} INFO - Processing file /home/monica.fernandez/practica_creativa/venv-airflow/lib/python3.11/site-packages/airflow/example_dags/example_short_circuit_decorator.py for tasks to queue
[2025-06-14T19:42:04.370+0200] {logging_mixin.py:137} INFO - [2025-06-14T19:42:04.369+0200] {dagbag.py:538} INFO - Filling up the DagBag from /home/monica.fernandez/practica_creativa/venv-airflow/lib/python3.11/site-packages/airflow/example_dags/example_short_circuit_decorator.py
[2025-06-14T19:42:04.403+0200] {processor.py:753} INFO - DAG(s) dict_keys(['example_short_circuit_decorator']) retrieved from /home/monica.fernandez/practica_creativa/venv-airflow/lib/python3.11/site-packages/airflow/example_dags/example_short_circuit_decorator.py
[2025-06-14T19:42:04.447+0200] {logging_mixin.py:137} INFO - [2025-06-14T19:42:04.447+0200] {dag.py:2690} INFO - Sync 1 DAGs
[2025-06-14T19:42:04.478+0200] {logging_mixin.py:137} INFO - [2025-06-14T19:42:04.478+0200] {dag.py:3437} INFO - Setting next_dagrun for example_short_circuit_decorator to 2025-06-13T17:42:04.477538+00:00, run_after=2025-06-14T17:42:04.477538+00:00
[2025-06-14T19:42:04.542+0200] {processor.py:175} INFO - Processing /home/monica.fernandez/practica_creativa/venv-airflow/lib/python3.11/site-packages/airflow/example_dags/example_short_circuit_decorator.py took 0.179 seconds
[2025-06-14T19:43:00.977+0200] {processor.py:153} INFO - Started process (PID=212475) to work on /home/monica.fernandez/practica_creativa/venv-airflow/lib/python3.11/site-packages/airflow/example_dags/example_short_circuit_decorator.py
[2025-06-14T19:43:00.978+0200] {processor.py:743} INFO - Processing file /home/monica.fernandez/practica_creativa/venv-airflow/lib/python3.11/site-packages/airflow/example_dags/example_short_circuit_decorator.py for tasks to queue
[2025-06-14T19:43:00.979+0200] {logging_mixin.py:137} INFO - [2025-06-14T19:43:00.979+0200] {dagbag.py:538} INFO - Filling up the DagBag from /home/monica.fernandez/practica_creativa/venv-airflow/lib/python3.11/site-packages/airflow/example_dags/example_short_circuit_decorator.py
[2025-06-14T19:43:01.012+0200] {processor.py:753} INFO - DAG(s) dict_keys(['example_short_circuit_decorator']) retrieved from /home/monica.fernandez/practica_creativa/venv-airflow/lib/python3.11/site-packages/airflow/example_dags/example_short_circuit_decorator.py
[2025-06-14T19:43:01.056+0200] {logging_mixin.py:137} INFO - [2025-06-14T19:43:01.056+0200] {dag.py:2690} INFO - Sync 1 DAGs
[2025-06-14T19:43:01.086+0200] {logging_mixin.py:137} INFO - [2025-06-14T19:43:01.086+0200] {dag.py:3437} INFO - Setting next_dagrun for example_short_circuit_decorator to 2025-06-13T17:43:01.086475+00:00, run_after=2025-06-14T17:43:01.086475+00:00
[2025-06-14T19:43:01.144+0200] {processor.py:175} INFO - Processing /home/monica.fernandez/practica_creativa/venv-airflow/lib/python3.11/site-packages/airflow/example_dags/example_short_circuit_decorator.py took 0.172 seconds
[2025-06-14T19:43:58.925+0200] {processor.py:153} INFO - Started process (PID=212937) to work on /home/monica.fernandez/practica_creativa/venv-airflow/lib/python3.11/site-packages/airflow/example_dags/example_short_circuit_decorator.py
[2025-06-14T19:43:58.926+0200] {processor.py:743} INFO - Processing file /home/monica.fernandez/practica_creativa/venv-airflow/lib/python3.11/site-packages/airflow/example_dags/example_short_circuit_decorator.py for tasks to queue
[2025-06-14T19:43:58.927+0200] {logging_mixin.py:137} INFO - [2025-06-14T19:43:58.927+0200] {dagbag.py:538} INFO - Filling up the DagBag from /home/monica.fernandez/practica_creativa/venv-airflow/lib/python3.11/site-packages/airflow/example_dags/example_short_circuit_decorator.py
[2025-06-14T19:43:58.959+0200] {processor.py:753} INFO - DAG(s) dict_keys(['example_short_circuit_decorator']) retrieved from /home/monica.fernandez/practica_creativa/venv-airflow/lib/python3.11/site-packages/airflow/example_dags/example_short_circuit_decorator.py
[2025-06-14T19:43:59.006+0200] {logging_mixin.py:137} INFO - [2025-06-14T19:43:59.005+0200] {dag.py:2690} INFO - Sync 1 DAGs
[2025-06-14T19:43:59.041+0200] {logging_mixin.py:137} INFO - [2025-06-14T19:43:59.041+0200] {dag.py:3437} INFO - Setting next_dagrun for example_short_circuit_decorator to 2025-06-13T17:43:59.040908+00:00, run_after=2025-06-14T17:43:59.040908+00:00
[2025-06-14T19:43:59.117+0200] {processor.py:175} INFO - Processing /home/monica.fernandez/practica_creativa/venv-airflow/lib/python3.11/site-packages/airflow/example_dags/example_short_circuit_decorator.py took 0.197 seconds
[2025-06-14T19:44:55.541+0200] {processor.py:153} INFO - Started process (PID=213391) to work on /home/monica.fernandez/practica_creativa/venv-airflow/lib/python3.11/site-packages/airflow/example_dags/example_short_circuit_decorator.py
[2025-06-14T19:44:55.543+0200] {processor.py:743} INFO - Processing file /home/monica.fernandez/practica_creativa/venv-airflow/lib/python3.11/site-packages/airflow/example_dags/example_short_circuit_decorator.py for tasks to queue
[2025-06-14T19:44:55.543+0200] {logging_mixin.py:137} INFO - [2025-06-14T19:44:55.543+0200] {dagbag.py:538} INFO - Filling up the DagBag from /home/monica.fernandez/practica_creativa/venv-airflow/lib/python3.11/site-packages/airflow/example_dags/example_short_circuit_decorator.py
[2025-06-14T19:44:55.582+0200] {processor.py:753} INFO - DAG(s) dict_keys(['example_short_circuit_decorator']) retrieved from /home/monica.fernandez/practica_creativa/venv-airflow/lib/python3.11/site-packages/airflow/example_dags/example_short_circuit_decorator.py
[2025-06-14T19:44:55.624+0200] {logging_mixin.py:137} INFO - [2025-06-14T19:44:55.624+0200] {dag.py:2690} INFO - Sync 1 DAGs
[2025-06-14T19:44:55.648+0200] {logging_mixin.py:137} INFO - [2025-06-14T19:44:55.647+0200] {dag.py:3437} INFO - Setting next_dagrun for example_short_circuit_decorator to 2025-06-13T17:44:55.647655+00:00, run_after=2025-06-14T17:44:55.647655+00:00
[2025-06-14T19:44:55.704+0200] {processor.py:175} INFO - Processing /home/monica.fernandez/practica_creativa/venv-airflow/lib/python3.11/site-packages/airflow/example_dags/example_short_circuit_decorator.py took 0.168 seconds
[2025-06-14T19:46:34.107+0200] {processor.py:153} INFO - Started process (PID=214454) to work on /home/monica.fernandez/practica_creativa/venv-airflow/lib/python3.11/site-packages/airflow/example_dags/example_short_circuit_decorator.py
[2025-06-14T19:46:34.108+0200] {processor.py:743} INFO - Processing file /home/monica.fernandez/practica_creativa/venv-airflow/lib/python3.11/site-packages/airflow/example_dags/example_short_circuit_decorator.py for tasks to queue
[2025-06-14T19:46:34.109+0200] {logging_mixin.py:137} INFO - [2025-06-14T19:46:34.109+0200] {dagbag.py:538} INFO - Filling up the DagBag from /home/monica.fernandez/practica_creativa/venv-airflow/lib/python3.11/site-packages/airflow/example_dags/example_short_circuit_decorator.py
[2025-06-14T19:46:34.126+0200] {processor.py:753} INFO - DAG(s) dict_keys(['example_short_circuit_decorator']) retrieved from /home/monica.fernandez/practica_creativa/venv-airflow/lib/python3.11/site-packages/airflow/example_dags/example_short_circuit_decorator.py
[2025-06-14T19:46:34.152+0200] {logging_mixin.py:137} INFO - [2025-06-14T19:46:34.152+0200] {dag.py:2690} INFO - Sync 1 DAGs
[2025-06-14T19:46:34.177+0200] {logging_mixin.py:137} INFO - [2025-06-14T19:46:34.177+0200] {dag.py:3437} INFO - Setting next_dagrun for example_short_circuit_decorator to 2025-06-13T17:46:34.176976+00:00, run_after=2025-06-14T17:46:34.176976+00:00
[2025-06-14T19:46:34.229+0200] {processor.py:175} INFO - Processing /home/monica.fernandez/practica_creativa/venv-airflow/lib/python3.11/site-packages/airflow/example_dags/example_short_circuit_decorator.py took 0.124 seconds
[2025-06-14T19:47:23.799+0200] {processor.py:153} INFO - Started process (PID=214837) to work on /home/monica.fernandez/practica_creativa/venv-airflow/lib/python3.11/site-packages/airflow/example_dags/example_short_circuit_decorator.py
[2025-06-14T19:47:23.800+0200] {processor.py:743} INFO - Processing file /home/monica.fernandez/practica_creativa/venv-airflow/lib/python3.11/site-packages/airflow/example_dags/example_short_circuit_decorator.py for tasks to queue
[2025-06-14T19:47:23.801+0200] {logging_mixin.py:137} INFO - [2025-06-14T19:47:23.801+0200] {dagbag.py:538} INFO - Filling up the DagBag from /home/monica.fernandez/practica_creativa/venv-airflow/lib/python3.11/site-packages/airflow/example_dags/example_short_circuit_decorator.py
[2025-06-14T19:47:23.836+0200] {processor.py:753} INFO - DAG(s) dict_keys(['example_short_circuit_decorator']) retrieved from /home/monica.fernandez/practica_creativa/venv-airflow/lib/python3.11/site-packages/airflow/example_dags/example_short_circuit_decorator.py
[2025-06-14T19:47:23.881+0200] {logging_mixin.py:137} INFO - [2025-06-14T19:47:23.881+0200] {dag.py:2690} INFO - Sync 1 DAGs
[2025-06-14T19:47:23.922+0200] {logging_mixin.py:137} INFO - [2025-06-14T19:47:23.921+0200] {dag.py:3437} INFO - Setting next_dagrun for example_short_circuit_decorator to 2025-06-13T17:47:23.920517+00:00, run_after=2025-06-14T17:47:23.920517+00:00
[2025-06-14T19:47:23.996+0200] {processor.py:175} INFO - Processing /home/monica.fernandez/practica_creativa/venv-airflow/lib/python3.11/site-packages/airflow/example_dags/example_short_circuit_decorator.py took 0.202 seconds
[2025-06-14T19:48:13.294+0200] {processor.py:153} INFO - Started process (PID=215244) to work on /home/monica.fernandez/practica_creativa/venv-airflow/lib/python3.11/site-packages/airflow/example_dags/example_short_circuit_decorator.py
[2025-06-14T19:48:13.295+0200] {processor.py:743} INFO - Processing file /home/monica.fernandez/practica_creativa/venv-airflow/lib/python3.11/site-packages/airflow/example_dags/example_short_circuit_decorator.py for tasks to queue
[2025-06-14T19:48:13.296+0200] {logging_mixin.py:137} INFO - [2025-06-14T19:48:13.296+0200] {dagbag.py:538} INFO - Filling up the DagBag from /home/monica.fernandez/practica_creativa/venv-airflow/lib/python3.11/site-packages/airflow/example_dags/example_short_circuit_decorator.py
[2025-06-14T19:48:13.330+0200] {processor.py:753} INFO - DAG(s) dict_keys(['example_short_circuit_decorator']) retrieved from /home/monica.fernandez/practica_creativa/venv-airflow/lib/python3.11/site-packages/airflow/example_dags/example_short_circuit_decorator.py
[2025-06-14T19:48:13.381+0200] {logging_mixin.py:137} INFO - [2025-06-14T19:48:13.381+0200] {dag.py:2690} INFO - Sync 1 DAGs
[2025-06-14T19:48:13.418+0200] {logging_mixin.py:137} INFO - [2025-06-14T19:48:13.418+0200] {dag.py:3437} INFO - Setting next_dagrun for example_short_circuit_decorator to 2025-06-13T17:48:13.418345+00:00, run_after=2025-06-14T17:48:13.418345+00:00
[2025-06-14T19:48:13.505+0200] {processor.py:175} INFO - Processing /home/monica.fernandez/practica_creativa/venv-airflow/lib/python3.11/site-packages/airflow/example_dags/example_short_circuit_decorator.py took 0.217 seconds
[2025-06-14T19:49:07.597+0200] {processor.py:153} INFO - Started process (PID=215961) to work on /home/monica.fernandez/practica_creativa/venv-airflow/lib/python3.11/site-packages/airflow/example_dags/example_short_circuit_decorator.py
[2025-06-14T19:49:07.599+0200] {processor.py:743} INFO - Processing file /home/monica.fernandez/practica_creativa/venv-airflow/lib/python3.11/site-packages/airflow/example_dags/example_short_circuit_decorator.py for tasks to queue
[2025-06-14T19:49:07.600+0200] {logging_mixin.py:137} INFO - [2025-06-14T19:49:07.599+0200] {dagbag.py:538} INFO - Filling up the DagBag from /home/monica.fernandez/practica_creativa/venv-airflow/lib/python3.11/site-packages/airflow/example_dags/example_short_circuit_decorator.py
[2025-06-14T19:49:07.633+0200] {processor.py:753} INFO - DAG(s) dict_keys(['example_short_circuit_decorator']) retrieved from /home/monica.fernandez/practica_creativa/venv-airflow/lib/python3.11/site-packages/airflow/example_dags/example_short_circuit_decorator.py
[2025-06-14T19:49:07.677+0200] {logging_mixin.py:137} INFO - [2025-06-14T19:49:07.677+0200] {dag.py:2690} INFO - Sync 1 DAGs
[2025-06-14T19:49:07.712+0200] {logging_mixin.py:137} INFO - [2025-06-14T19:49:07.712+0200] {dag.py:3437} INFO - Setting next_dagrun for example_short_circuit_decorator to 2025-06-13T17:49:07.712197+00:00, run_after=2025-06-14T17:49:07.712197+00:00
[2025-06-14T19:49:07.790+0200] {processor.py:175} INFO - Processing /home/monica.fernandez/practica_creativa/venv-airflow/lib/python3.11/site-packages/airflow/example_dags/example_short_circuit_decorator.py took 0.198 seconds
[2025-06-14T19:50:05.706+0200] {processor.py:153} INFO - Started process (PID=216429) to work on /home/monica.fernandez/practica_creativa/venv-airflow/lib/python3.11/site-packages/airflow/example_dags/example_short_circuit_decorator.py
[2025-06-14T19:50:05.707+0200] {processor.py:743} INFO - Processing file /home/monica.fernandez/practica_creativa/venv-airflow/lib/python3.11/site-packages/airflow/example_dags/example_short_circuit_decorator.py for tasks to queue
[2025-06-14T19:50:05.708+0200] {logging_mixin.py:137} INFO - [2025-06-14T19:50:05.708+0200] {dagbag.py:538} INFO - Filling up the DagBag from /home/monica.fernandez/practica_creativa/venv-airflow/lib/python3.11/site-packages/airflow/example_dags/example_short_circuit_decorator.py
[2025-06-14T19:50:05.739+0200] {processor.py:753} INFO - DAG(s) dict_keys(['example_short_circuit_decorator']) retrieved from /home/monica.fernandez/practica_creativa/venv-airflow/lib/python3.11/site-packages/airflow/example_dags/example_short_circuit_decorator.py
[2025-06-14T19:50:05.770+0200] {logging_mixin.py:137} INFO - [2025-06-14T19:50:05.770+0200] {dag.py:2690} INFO - Sync 1 DAGs
[2025-06-14T19:50:05.795+0200] {logging_mixin.py:137} INFO - [2025-06-14T19:50:05.795+0200] {dag.py:3437} INFO - Setting next_dagrun for example_short_circuit_decorator to 2025-06-13T17:50:05.795256+00:00, run_after=2025-06-14T17:50:05.795256+00:00
[2025-06-14T19:50:05.851+0200] {processor.py:175} INFO - Processing /home/monica.fernandez/practica_creativa/venv-airflow/lib/python3.11/site-packages/airflow/example_dags/example_short_circuit_decorator.py took 0.150 seconds
[2025-06-14T19:50:59.075+0200] {processor.py:153} INFO - Started process (PID=216864) to work on /home/monica.fernandez/practica_creativa/venv-airflow/lib/python3.11/site-packages/airflow/example_dags/example_short_circuit_decorator.py
[2025-06-14T19:50:59.077+0200] {processor.py:743} INFO - Processing file /home/monica.fernandez/practica_creativa/venv-airflow/lib/python3.11/site-packages/airflow/example_dags/example_short_circuit_decorator.py for tasks to queue
[2025-06-14T19:50:59.077+0200] {logging_mixin.py:137} INFO - [2025-06-14T19:50:59.077+0200] {dagbag.py:538} INFO - Filling up the DagBag from /home/monica.fernandez/practica_creativa/venv-airflow/lib/python3.11/site-packages/airflow/example_dags/example_short_circuit_decorator.py
[2025-06-14T19:50:59.111+0200] {processor.py:753} INFO - DAG(s) dict_keys(['example_short_circuit_decorator']) retrieved from /home/monica.fernandez/practica_creativa/venv-airflow/lib/python3.11/site-packages/airflow/example_dags/example_short_circuit_decorator.py
[2025-06-14T19:50:59.153+0200] {logging_mixin.py:137} INFO - [2025-06-14T19:50:59.153+0200] {dag.py:2690} INFO - Sync 1 DAGs
[2025-06-14T19:50:59.188+0200] {logging_mixin.py:137} INFO - [2025-06-14T19:50:59.188+0200] {dag.py:3437} INFO - Setting next_dagrun for example_short_circuit_decorator to 2025-06-13T17:50:59.188263+00:00, run_after=2025-06-14T17:50:59.188263+00:00
[2025-06-14T19:50:59.260+0200] {processor.py:175} INFO - Processing /home/monica.fernandez/practica_creativa/venv-airflow/lib/python3.11/site-packages/airflow/example_dags/example_short_circuit_decorator.py took 0.190 seconds
[2025-06-14T19:51:50.321+0200] {processor.py:153} INFO - Started process (PID=217309) to work on /home/monica.fernandez/practica_creativa/venv-airflow/lib/python3.11/site-packages/airflow/example_dags/example_short_circuit_decorator.py
[2025-06-14T19:51:50.322+0200] {processor.py:743} INFO - Processing file /home/monica.fernandez/practica_creativa/venv-airflow/lib/python3.11/site-packages/airflow/example_dags/example_short_circuit_decorator.py for tasks to queue
[2025-06-14T19:51:50.323+0200] {logging_mixin.py:137} INFO - [2025-06-14T19:51:50.323+0200] {dagbag.py:538} INFO - Filling up the DagBag from /home/monica.fernandez/practica_creativa/venv-airflow/lib/python3.11/site-packages/airflow/example_dags/example_short_circuit_decorator.py
[2025-06-14T19:51:50.356+0200] {processor.py:753} INFO - DAG(s) dict_keys(['example_short_circuit_decorator']) retrieved from /home/monica.fernandez/practica_creativa/venv-airflow/lib/python3.11/site-packages/airflow/example_dags/example_short_circuit_decorator.py
[2025-06-14T19:51:50.398+0200] {logging_mixin.py:137} INFO - [2025-06-14T19:51:50.398+0200] {dag.py:2690} INFO - Sync 1 DAGs
[2025-06-14T19:51:50.433+0200] {logging_mixin.py:137} INFO - [2025-06-14T19:51:50.433+0200] {dag.py:3437} INFO - Setting next_dagrun for example_short_circuit_decorator to 2025-06-13T17:51:50.433055+00:00, run_after=2025-06-14T17:51:50.433055+00:00
[2025-06-14T19:51:50.509+0200] {processor.py:175} INFO - Processing /home/monica.fernandez/practica_creativa/venv-airflow/lib/python3.11/site-packages/airflow/example_dags/example_short_circuit_decorator.py took 0.193 seconds
[2025-06-14T19:52:44.557+0200] {processor.py:153} INFO - Started process (PID=217733) to work on /home/monica.fernandez/practica_creativa/venv-airflow/lib/python3.11/site-packages/airflow/example_dags/example_short_circuit_decorator.py
[2025-06-14T19:52:44.558+0200] {processor.py:743} INFO - Processing file /home/monica.fernandez/practica_creativa/venv-airflow/lib/python3.11/site-packages/airflow/example_dags/example_short_circuit_decorator.py for tasks to queue
[2025-06-14T19:52:44.558+0200] {logging_mixin.py:137} INFO - [2025-06-14T19:52:44.558+0200] {dagbag.py:538} INFO - Filling up the DagBag from /home/monica.fernandez/practica_creativa/venv-airflow/lib/python3.11/site-packages/airflow/example_dags/example_short_circuit_decorator.py
[2025-06-14T19:52:44.576+0200] {processor.py:753} INFO - DAG(s) dict_keys(['example_short_circuit_decorator']) retrieved from /home/monica.fernandez/practica_creativa/venv-airflow/lib/python3.11/site-packages/airflow/example_dags/example_short_circuit_decorator.py
[2025-06-14T19:52:44.602+0200] {logging_mixin.py:137} INFO - [2025-06-14T19:52:44.601+0200] {dag.py:2690} INFO - Sync 1 DAGs
[2025-06-14T19:52:44.623+0200] {logging_mixin.py:137} INFO - [2025-06-14T19:52:44.623+0200] {dag.py:3437} INFO - Setting next_dagrun for example_short_circuit_decorator to 2025-06-13T17:52:44.622881+00:00, run_after=2025-06-14T17:52:44.622881+00:00
[2025-06-14T19:52:44.671+0200] {processor.py:175} INFO - Processing /home/monica.fernandez/practica_creativa/venv-airflow/lib/python3.11/site-packages/airflow/example_dags/example_short_circuit_decorator.py took 0.117 seconds
[2025-06-14T19:53:36.248+0200] {processor.py:153} INFO - Started process (PID=218080) to work on /home/monica.fernandez/practica_creativa/venv-airflow/lib/python3.11/site-packages/airflow/example_dags/example_short_circuit_decorator.py
[2025-06-14T19:53:36.249+0200] {processor.py:743} INFO - Processing file /home/monica.fernandez/practica_creativa/venv-airflow/lib/python3.11/site-packages/airflow/example_dags/example_short_circuit_decorator.py for tasks to queue
[2025-06-14T19:53:36.249+0200] {logging_mixin.py:137} INFO - [2025-06-14T19:53:36.249+0200] {dagbag.py:538} INFO - Filling up the DagBag from /home/monica.fernandez/practica_creativa/venv-airflow/lib/python3.11/site-packages/airflow/example_dags/example_short_circuit_decorator.py
[2025-06-14T19:53:36.270+0200] {processor.py:753} INFO - DAG(s) dict_keys(['example_short_circuit_decorator']) retrieved from /home/monica.fernandez/practica_creativa/venv-airflow/lib/python3.11/site-packages/airflow/example_dags/example_short_circuit_decorator.py
[2025-06-14T19:53:36.296+0200] {logging_mixin.py:137} INFO - [2025-06-14T19:53:36.296+0200] {dag.py:2690} INFO - Sync 1 DAGs
[2025-06-14T19:53:36.317+0200] {logging_mixin.py:137} INFO - [2025-06-14T19:53:36.317+0200] {dag.py:3437} INFO - Setting next_dagrun for example_short_circuit_decorator to 2025-06-13T17:53:36.317571+00:00, run_after=2025-06-14T17:53:36.317571+00:00
[2025-06-14T19:53:36.377+0200] {processor.py:175} INFO - Processing /home/monica.fernandez/practica_creativa/venv-airflow/lib/python3.11/site-packages/airflow/example_dags/example_short_circuit_decorator.py took 0.133 seconds
[2025-06-14T19:54:30.155+0200] {processor.py:153} INFO - Started process (PID=218492) to work on /home/monica.fernandez/practica_creativa/venv-airflow/lib/python3.11/site-packages/airflow/example_dags/example_short_circuit_decorator.py
[2025-06-14T19:54:30.156+0200] {processor.py:743} INFO - Processing file /home/monica.fernandez/practica_creativa/venv-airflow/lib/python3.11/site-packages/airflow/example_dags/example_short_circuit_decorator.py for tasks to queue
[2025-06-14T19:54:30.157+0200] {logging_mixin.py:137} INFO - [2025-06-14T19:54:30.157+0200] {dagbag.py:538} INFO - Filling up the DagBag from /home/monica.fernandez/practica_creativa/venv-airflow/lib/python3.11/site-packages/airflow/example_dags/example_short_circuit_decorator.py
[2025-06-14T19:54:30.190+0200] {processor.py:753} INFO - DAG(s) dict_keys(['example_short_circuit_decorator']) retrieved from /home/monica.fernandez/practica_creativa/venv-airflow/lib/python3.11/site-packages/airflow/example_dags/example_short_circuit_decorator.py
[2025-06-14T19:54:30.231+0200] {logging_mixin.py:137} INFO - [2025-06-14T19:54:30.231+0200] {dag.py:2690} INFO - Sync 1 DAGs
[2025-06-14T19:54:30.265+0200] {logging_mixin.py:137} INFO - [2025-06-14T19:54:30.264+0200] {dag.py:3437} INFO - Setting next_dagrun for example_short_circuit_decorator to 2025-06-13T17:54:30.264524+00:00, run_after=2025-06-14T17:54:30.264524+00:00
[2025-06-14T19:54:30.341+0200] {processor.py:175} INFO - Processing /home/monica.fernandez/practica_creativa/venv-airflow/lib/python3.11/site-packages/airflow/example_dags/example_short_circuit_decorator.py took 0.191 seconds
[2025-06-14T19:55:24.568+0200] {processor.py:153} INFO - Started process (PID=218932) to work on /home/monica.fernandez/practica_creativa/venv-airflow/lib/python3.11/site-packages/airflow/example_dags/example_short_circuit_decorator.py
[2025-06-14T19:55:24.569+0200] {processor.py:743} INFO - Processing file /home/monica.fernandez/practica_creativa/venv-airflow/lib/python3.11/site-packages/airflow/example_dags/example_short_circuit_decorator.py for tasks to queue
[2025-06-14T19:55:24.570+0200] {logging_mixin.py:137} INFO - [2025-06-14T19:55:24.570+0200] {dagbag.py:538} INFO - Filling up the DagBag from /home/monica.fernandez/practica_creativa/venv-airflow/lib/python3.11/site-packages/airflow/example_dags/example_short_circuit_decorator.py
[2025-06-14T19:55:24.604+0200] {processor.py:753} INFO - DAG(s) dict_keys(['example_short_circuit_decorator']) retrieved from /home/monica.fernandez/practica_creativa/venv-airflow/lib/python3.11/site-packages/airflow/example_dags/example_short_circuit_decorator.py
[2025-06-14T19:55:24.646+0200] {logging_mixin.py:137} INFO - [2025-06-14T19:55:24.646+0200] {dag.py:2690} INFO - Sync 1 DAGs
[2025-06-14T19:55:24.680+0200] {logging_mixin.py:137} INFO - [2025-06-14T19:55:24.680+0200] {dag.py:3437} INFO - Setting next_dagrun for example_short_circuit_decorator to 2025-06-13T17:55:24.680336+00:00, run_after=2025-06-14T17:55:24.680336+00:00
[2025-06-14T19:55:24.754+0200] {processor.py:175} INFO - Processing /home/monica.fernandez/practica_creativa/venv-airflow/lib/python3.11/site-packages/airflow/example_dags/example_short_circuit_decorator.py took 0.191 seconds
[2025-06-14T19:56:22.211+0200] {processor.py:153} INFO - Started process (PID=219392) to work on /home/monica.fernandez/practica_creativa/venv-airflow/lib/python3.11/site-packages/airflow/example_dags/example_short_circuit_decorator.py
[2025-06-14T19:56:22.212+0200] {processor.py:743} INFO - Processing file /home/monica.fernandez/practica_creativa/venv-airflow/lib/python3.11/site-packages/airflow/example_dags/example_short_circuit_decorator.py for tasks to queue
[2025-06-14T19:56:22.213+0200] {logging_mixin.py:137} INFO - [2025-06-14T19:56:22.213+0200] {dagbag.py:538} INFO - Filling up the DagBag from /home/monica.fernandez/practica_creativa/venv-airflow/lib/python3.11/site-packages/airflow/example_dags/example_short_circuit_decorator.py
[2025-06-14T19:56:22.248+0200] {processor.py:753} INFO - DAG(s) dict_keys(['example_short_circuit_decorator']) retrieved from /home/monica.fernandez/practica_creativa/venv-airflow/lib/python3.11/site-packages/airflow/example_dags/example_short_circuit_decorator.py
[2025-06-14T19:56:22.291+0200] {logging_mixin.py:137} INFO - [2025-06-14T19:56:22.290+0200] {dag.py:2690} INFO - Sync 1 DAGs
[2025-06-14T19:56:22.325+0200] {logging_mixin.py:137} INFO - [2025-06-14T19:56:22.324+0200] {dag.py:3437} INFO - Setting next_dagrun for example_short_circuit_decorator to 2025-06-13T17:56:22.324449+00:00, run_after=2025-06-14T17:56:22.324449+00:00
[2025-06-14T19:56:22.400+0200] {processor.py:175} INFO - Processing /home/monica.fernandez/practica_creativa/venv-airflow/lib/python3.11/site-packages/airflow/example_dags/example_short_circuit_decorator.py took 0.194 seconds
[2025-06-14T19:57:15.772+0200] {processor.py:153} INFO - Started process (PID=219813) to work on /home/monica.fernandez/practica_creativa/venv-airflow/lib/python3.11/site-packages/airflow/example_dags/example_short_circuit_decorator.py
[2025-06-14T19:57:15.774+0200] {processor.py:743} INFO - Processing file /home/monica.fernandez/practica_creativa/venv-airflow/lib/python3.11/site-packages/airflow/example_dags/example_short_circuit_decorator.py for tasks to queue
[2025-06-14T19:57:15.775+0200] {logging_mixin.py:137} INFO - [2025-06-14T19:57:15.775+0200] {dagbag.py:538} INFO - Filling up the DagBag from /home/monica.fernandez/practica_creativa/venv-airflow/lib/python3.11/site-packages/airflow/example_dags/example_short_circuit_decorator.py
[2025-06-14T19:57:15.806+0200] {processor.py:753} INFO - DAG(s) dict_keys(['example_short_circuit_decorator']) retrieved from /home/monica.fernandez/practica_creativa/venv-airflow/lib/python3.11/site-packages/airflow/example_dags/example_short_circuit_decorator.py
[2025-06-14T19:57:15.848+0200] {logging_mixin.py:137} INFO - [2025-06-14T19:57:15.847+0200] {dag.py:2690} INFO - Sync 1 DAGs
[2025-06-14T19:57:15.878+0200] {logging_mixin.py:137} INFO - [2025-06-14T19:57:15.878+0200] {dag.py:3437} INFO - Setting next_dagrun for example_short_circuit_decorator to 2025-06-13T17:57:15.877875+00:00, run_after=2025-06-14T17:57:15.877875+00:00
[2025-06-14T19:57:15.947+0200] {processor.py:175} INFO - Processing /home/monica.fernandez/practica_creativa/venv-airflow/lib/python3.11/site-packages/airflow/example_dags/example_short_circuit_decorator.py took 0.180 seconds
[2025-06-14T19:58:08.352+0200] {processor.py:153} INFO - Started process (PID=220169) to work on /home/monica.fernandez/practica_creativa/venv-airflow/lib/python3.11/site-packages/airflow/example_dags/example_short_circuit_decorator.py
[2025-06-14T19:58:08.353+0200] {processor.py:743} INFO - Processing file /home/monica.fernandez/practica_creativa/venv-airflow/lib/python3.11/site-packages/airflow/example_dags/example_short_circuit_decorator.py for tasks to queue
[2025-06-14T19:58:08.353+0200] {logging_mixin.py:137} INFO - [2025-06-14T19:58:08.353+0200] {dagbag.py:538} INFO - Filling up the DagBag from /home/monica.fernandez/practica_creativa/venv-airflow/lib/python3.11/site-packages/airflow/example_dags/example_short_circuit_decorator.py
[2025-06-14T19:58:08.371+0200] {processor.py:753} INFO - DAG(s) dict_keys(['example_short_circuit_decorator']) retrieved from /home/monica.fernandez/practica_creativa/venv-airflow/lib/python3.11/site-packages/airflow/example_dags/example_short_circuit_decorator.py
[2025-06-14T19:58:08.396+0200] {logging_mixin.py:137} INFO - [2025-06-14T19:58:08.396+0200] {dag.py:2690} INFO - Sync 1 DAGs
[2025-06-14T19:58:08.417+0200] {logging_mixin.py:137} INFO - [2025-06-14T19:58:08.417+0200] {dag.py:3437} INFO - Setting next_dagrun for example_short_circuit_decorator to 2025-06-13T17:58:08.417154+00:00, run_after=2025-06-14T17:58:08.417154+00:00
[2025-06-14T19:58:08.471+0200] {processor.py:175} INFO - Processing /home/monica.fernandez/practica_creativa/venv-airflow/lib/python3.11/site-packages/airflow/example_dags/example_short_circuit_decorator.py took 0.122 seconds
[2025-06-14T19:59:01.707+0200] {processor.py:153} INFO - Started process (PID=220617) to work on /home/monica.fernandez/practica_creativa/venv-airflow/lib/python3.11/site-packages/airflow/example_dags/example_short_circuit_decorator.py
[2025-06-14T19:59:01.708+0200] {processor.py:743} INFO - Processing file /home/monica.fernandez/practica_creativa/venv-airflow/lib/python3.11/site-packages/airflow/example_dags/example_short_circuit_decorator.py for tasks to queue
[2025-06-14T19:59:01.708+0200] {logging_mixin.py:137} INFO - [2025-06-14T19:59:01.708+0200] {dagbag.py:538} INFO - Filling up the DagBag from /home/monica.fernandez/practica_creativa/venv-airflow/lib/python3.11/site-packages/airflow/example_dags/example_short_circuit_decorator.py
[2025-06-14T19:59:01.726+0200] {processor.py:753} INFO - DAG(s) dict_keys(['example_short_circuit_decorator']) retrieved from /home/monica.fernandez/practica_creativa/venv-airflow/lib/python3.11/site-packages/airflow/example_dags/example_short_circuit_decorator.py
[2025-06-14T19:59:01.753+0200] {logging_mixin.py:137} INFO - [2025-06-14T19:59:01.753+0200] {dag.py:2690} INFO - Sync 1 DAGs
[2025-06-14T19:59:01.773+0200] {logging_mixin.py:137} INFO - [2025-06-14T19:59:01.773+0200] {dag.py:3437} INFO - Setting next_dagrun for example_short_circuit_decorator to 2025-06-13T17:59:01.773425+00:00, run_after=2025-06-14T17:59:01.773425+00:00
[2025-06-14T19:59:01.831+0200] {processor.py:175} INFO - Processing /home/monica.fernandez/practica_creativa/venv-airflow/lib/python3.11/site-packages/airflow/example_dags/example_short_circuit_decorator.py took 0.127 seconds
[2025-06-14T19:59:54.079+0200] {processor.py:153} INFO - Started process (PID=221057) to work on /home/monica.fernandez/practica_creativa/venv-airflow/lib/python3.11/site-packages/airflow/example_dags/example_short_circuit_decorator.py
[2025-06-14T19:59:54.080+0200] {processor.py:743} INFO - Processing file /home/monica.fernandez/practica_creativa/venv-airflow/lib/python3.11/site-packages/airflow/example_dags/example_short_circuit_decorator.py for tasks to queue
[2025-06-14T19:59:54.081+0200] {logging_mixin.py:137} INFO - [2025-06-14T19:59:54.081+0200] {dagbag.py:538} INFO - Filling up the DagBag from /home/monica.fernandez/practica_creativa/venv-airflow/lib/python3.11/site-packages/airflow/example_dags/example_short_circuit_decorator.py
[2025-06-14T19:59:54.115+0200] {processor.py:753} INFO - DAG(s) dict_keys(['example_short_circuit_decorator']) retrieved from /home/monica.fernandez/practica_creativa/venv-airflow/lib/python3.11/site-packages/airflow/example_dags/example_short_circuit_decorator.py
[2025-06-14T19:59:54.159+0200] {logging_mixin.py:137} INFO - [2025-06-14T19:59:54.158+0200] {dag.py:2690} INFO - Sync 1 DAGs
[2025-06-14T19:59:54.188+0200] {logging_mixin.py:137} INFO - [2025-06-14T19:59:54.188+0200] {dag.py:3437} INFO - Setting next_dagrun for example_short_circuit_decorator to 2025-06-13T17:59:54.188039+00:00, run_after=2025-06-14T17:59:54.188039+00:00
[2025-06-14T19:59:54.247+0200] {processor.py:175} INFO - Processing /home/monica.fernandez/practica_creativa/venv-airflow/lib/python3.11/site-packages/airflow/example_dags/example_short_circuit_decorator.py took 0.173 seconds
[2025-06-14T20:00:53.254+0200] {processor.py:153} INFO - Started process (PID=221517) to work on /home/monica.fernandez/practica_creativa/venv-airflow/lib/python3.11/site-packages/airflow/example_dags/example_short_circuit_decorator.py
[2025-06-14T20:00:53.256+0200] {processor.py:743} INFO - Processing file /home/monica.fernandez/practica_creativa/venv-airflow/lib/python3.11/site-packages/airflow/example_dags/example_short_circuit_decorator.py for tasks to queue
[2025-06-14T20:00:53.257+0200] {logging_mixin.py:137} INFO - [2025-06-14T20:00:53.256+0200] {dagbag.py:538} INFO - Filling up the DagBag from /home/monica.fernandez/practica_creativa/venv-airflow/lib/python3.11/site-packages/airflow/example_dags/example_short_circuit_decorator.py
[2025-06-14T20:00:53.289+0200] {processor.py:753} INFO - DAG(s) dict_keys(['example_short_circuit_decorator']) retrieved from /home/monica.fernandez/practica_creativa/venv-airflow/lib/python3.11/site-packages/airflow/example_dags/example_short_circuit_decorator.py
[2025-06-14T20:00:53.333+0200] {logging_mixin.py:137} INFO - [2025-06-14T20:00:53.333+0200] {dag.py:2690} INFO - Sync 1 DAGs
[2025-06-14T20:00:53.369+0200] {logging_mixin.py:137} INFO - [2025-06-14T20:00:53.369+0200] {dag.py:3437} INFO - Setting next_dagrun for example_short_circuit_decorator to 2025-06-13T18:00:53.368865+00:00, run_after=2025-06-14T18:00:53.368865+00:00
[2025-06-14T20:00:53.443+0200] {processor.py:175} INFO - Processing /home/monica.fernandez/practica_creativa/venv-airflow/lib/python3.11/site-packages/airflow/example_dags/example_short_circuit_decorator.py took 0.193 seconds
[2025-06-14T20:01:46.707+0200] {processor.py:153} INFO - Started process (PID=221942) to work on /home/monica.fernandez/practica_creativa/venv-airflow/lib/python3.11/site-packages/airflow/example_dags/example_short_circuit_decorator.py
[2025-06-14T20:01:46.708+0200] {processor.py:743} INFO - Processing file /home/monica.fernandez/practica_creativa/venv-airflow/lib/python3.11/site-packages/airflow/example_dags/example_short_circuit_decorator.py for tasks to queue
[2025-06-14T20:01:46.708+0200] {logging_mixin.py:137} INFO - [2025-06-14T20:01:46.708+0200] {dagbag.py:538} INFO - Filling up the DagBag from /home/monica.fernandez/practica_creativa/venv-airflow/lib/python3.11/site-packages/airflow/example_dags/example_short_circuit_decorator.py
[2025-06-14T20:01:46.724+0200] {processor.py:753} INFO - DAG(s) dict_keys(['example_short_circuit_decorator']) retrieved from /home/monica.fernandez/practica_creativa/venv-airflow/lib/python3.11/site-packages/airflow/example_dags/example_short_circuit_decorator.py
[2025-06-14T20:01:46.751+0200] {logging_mixin.py:137} INFO - [2025-06-14T20:01:46.751+0200] {dag.py:2690} INFO - Sync 1 DAGs
[2025-06-14T20:01:46.773+0200] {logging_mixin.py:137} INFO - [2025-06-14T20:01:46.772+0200] {dag.py:3437} INFO - Setting next_dagrun for example_short_circuit_decorator to 2025-06-13T18:01:46.772768+00:00, run_after=2025-06-14T18:01:46.772768+00:00
[2025-06-14T20:01:46.823+0200] {processor.py:175} INFO - Processing /home/monica.fernandez/practica_creativa/venv-airflow/lib/python3.11/site-packages/airflow/example_dags/example_short_circuit_decorator.py took 0.119 seconds
