[2025-06-13T16:59:55.230+0200] {taskinstance.py:1083} INFO - Dependencies all met for <TaskInstance: agile_data_science_batch_prediction_model_training.pyspark_train_classifier_model manual__2025-06-11T16:00:39.133251+00:00 [queued]>
[2025-06-13T16:59:55.249+0200] {taskinstance.py:1083} INFO - Dependencies all met for <TaskInstance: agile_data_science_batch_prediction_model_training.pyspark_train_classifier_model manual__2025-06-11T16:00:39.133251+00:00 [queued]>
[2025-06-13T16:59:55.249+0200] {taskinstance.py:1279} INFO - 
--------------------------------------------------------------------------------
[2025-06-13T16:59:55.249+0200] {taskinstance.py:1280} INFO - Starting attempt 4 of 4
[2025-06-13T16:59:55.249+0200] {taskinstance.py:1281} INFO - 
--------------------------------------------------------------------------------
[2025-06-13T16:59:55.277+0200] {taskinstance.py:1300} INFO - Executing <Task(BashOperator): pyspark_train_classifier_model> on 2025-06-11 16:00:39.133251+00:00
[2025-06-13T16:59:55.280+0200] {standard_task_runner.py:55} INFO - Started process 25160 to run task
[2025-06-13T16:59:55.284+0200] {standard_task_runner.py:82} INFO - Running: ['airflow', 'tasks', 'run', 'agile_data_science_batch_prediction_model_training', 'pyspark_train_classifier_model', 'manual__2025-06-11T16:00:39.133251+00:00', '--job-id', '45', '--raw', '--subdir', 'DAGS_FOLDER/setup.py', '--cfg-path', '/tmp/tmpncczaqa7']
[2025-06-13T16:59:55.286+0200] {standard_task_runner.py:83} INFO - Job 45: Subtask pyspark_train_classifier_model
[2025-06-13T16:59:55.391+0200] {task_command.py:388} INFO - Running <TaskInstance: agile_data_science_batch_prediction_model_training.pyspark_train_classifier_model manual__2025-06-11T16:00:39.133251+00:00 [running]> on host l089.lab.dit.upm.es
[2025-06-13T16:59:55.522+0200] {taskinstance.py:1507} INFO - Exporting the following env vars:
AIRFLOW_CTX_DAG_OWNER=airflow
AIRFLOW_CTX_DAG_ID=agile_data_science_batch_prediction_model_training
AIRFLOW_CTX_TASK_ID=pyspark_train_classifier_model
AIRFLOW_CTX_EXECUTION_DATE=2025-06-11T16:00:39.133251+00:00
AIRFLOW_CTX_TRY_NUMBER=4
AIRFLOW_CTX_DAG_RUN_ID=manual__2025-06-11T16:00:39.133251+00:00
[2025-06-13T16:59:55.523+0200] {subprocess.py:63} INFO - Tmp dir root location: 
 /tmp
[2025-06-13T16:59:55.524+0200] {subprocess.py:75} INFO - Running command: ['/usr/bin/bash', '-c', '\nspark-submit --master local[4]   /home/monica.fernandez/practica_creativa//resources/train_spark_mllib_model.py   /home/monica.fernandez/practica_creativa/']
[2025-06-13T16:59:55.531+0200] {subprocess.py:86} INFO - Output:
[2025-06-13T16:59:58.064+0200] {subprocess.py:93} INFO - 25/06/13 16:59:58 WARN Utils: Your hostname, l089 resolves to a loopback address: 127.0.1.1; using 138.4.31.89 instead (on interface enp3s0)
[2025-06-13T16:59:58.067+0200] {subprocess.py:93} INFO - 25/06/13 16:59:58 WARN Utils: Set SPARK_LOCAL_IP if you need to bind to another address
[2025-06-13T17:00:02.016+0200] {subprocess.py:93} INFO - 25/06/13 17:00:02 INFO SparkContext: Running Spark version 3.5.3
[2025-06-13T17:00:02.017+0200] {subprocess.py:93} INFO - 25/06/13 17:00:02 INFO SparkContext: OS info Linux, 6.1.0-32-amd64, amd64
[2025-06-13T17:00:02.018+0200] {subprocess.py:93} INFO - 25/06/13 17:00:02 INFO SparkContext: Java version 17.0.14
[2025-06-13T17:00:02.137+0200] {subprocess.py:93} INFO - 25/06/13 17:00:02 WARN NativeCodeLoader: Unable to load native-hadoop library for your platform... using builtin-java classes where applicable
[2025-06-13T17:00:02.302+0200] {subprocess.py:93} INFO - 25/06/13 17:00:02 INFO ResourceUtils: ==============================================================
[2025-06-13T17:00:02.303+0200] {subprocess.py:93} INFO - 25/06/13 17:00:02 INFO ResourceUtils: No custom resources configured for spark.driver.
[2025-06-13T17:00:02.304+0200] {subprocess.py:93} INFO - 25/06/13 17:00:02 INFO ResourceUtils: ==============================================================
[2025-06-13T17:00:02.306+0200] {subprocess.py:93} INFO - 25/06/13 17:00:02 INFO SparkContext: Submitted application: train_spark_mllib_model.py
[2025-06-13T17:00:02.363+0200] {subprocess.py:93} INFO - 25/06/13 17:00:02 INFO ResourceProfile: Default ResourceProfile created, executor resources: Map(cores -> name: cores, amount: 1, script: , vendor: , memory -> name: memory, amount: 1024, script: , vendor: , offHeap -> name: offHeap, amount: 0, script: , vendor: ), task resources: Map(cpus -> name: cpus, amount: 1.0)
[2025-06-13T17:00:02.385+0200] {subprocess.py:93} INFO - 25/06/13 17:00:02 INFO ResourceProfile: Limiting resource is cpu
[2025-06-13T17:00:02.388+0200] {subprocess.py:93} INFO - 25/06/13 17:00:02 INFO ResourceProfileManager: Added ResourceProfile id: 0
[2025-06-13T17:00:02.472+0200] {subprocess.py:93} INFO - 25/06/13 17:00:02 INFO SecurityManager: Changing view acls to: monica.fernandez
[2025-06-13T17:00:02.476+0200] {subprocess.py:93} INFO - 25/06/13 17:00:02 INFO SecurityManager: Changing modify acls to: monica.fernandez
[2025-06-13T17:00:02.477+0200] {subprocess.py:93} INFO - 25/06/13 17:00:02 INFO SecurityManager: Changing view acls groups to:
[2025-06-13T17:00:02.483+0200] {subprocess.py:93} INFO - 25/06/13 17:00:02 INFO SecurityManager: Changing modify acls groups to:
[2025-06-13T17:00:02.484+0200] {subprocess.py:93} INFO - 25/06/13 17:00:02 INFO SecurityManager: SecurityManager: authentication disabled; ui acls disabled; users with view permissions: monica.fernandez; groups with view permissions: EMPTY; users with modify permissions: monica.fernandez; groups with modify permissions: EMPTY
[2025-06-13T17:00:03.035+0200] {subprocess.py:93} INFO - 25/06/13 17:00:03 INFO Utils: Successfully started service 'sparkDriver' on port 33755.
[2025-06-13T17:00:03.122+0200] {subprocess.py:93} INFO - 25/06/13 17:00:03 INFO SparkEnv: Registering MapOutputTracker
[2025-06-13T17:00:03.302+0200] {subprocess.py:93} INFO - 25/06/13 17:00:03 INFO SparkEnv: Registering BlockManagerMaster
[2025-06-13T17:00:03.328+0200] {subprocess.py:93} INFO - 25/06/13 17:00:03 INFO BlockManagerMasterEndpoint: Using org.apache.spark.storage.DefaultTopologyMapper for getting topology information
[2025-06-13T17:00:03.329+0200] {subprocess.py:93} INFO - 25/06/13 17:00:03 INFO BlockManagerMasterEndpoint: BlockManagerMasterEndpoint up
[2025-06-13T17:00:03.346+0200] {subprocess.py:93} INFO - 25/06/13 17:00:03 INFO SparkEnv: Registering BlockManagerMasterHeartbeat
[2025-06-13T17:00:03.367+0200] {subprocess.py:93} INFO - 25/06/13 17:00:03 INFO DiskBlockManager: Created local directory at /tmp/blockmgr-6b8060fc-f3b8-410f-b87b-9d0c05fffabd
[2025-06-13T17:00:03.382+0200] {subprocess.py:93} INFO - 25/06/13 17:00:03 INFO MemoryStore: MemoryStore started with capacity 434.4 MiB
[2025-06-13T17:00:03.402+0200] {subprocess.py:93} INFO - 25/06/13 17:00:03 INFO SparkEnv: Registering OutputCommitCoordinator
[2025-06-13T17:00:03.573+0200] {subprocess.py:93} INFO - 25/06/13 17:00:03 INFO JettyUtils: Start Jetty 0.0.0.0:4040 for SparkUI
[2025-06-13T17:00:03.702+0200] {subprocess.py:93} INFO - 25/06/13 17:00:03 WARN Utils: Service 'SparkUI' could not bind on port 4040. Attempting port 4041.
[2025-06-13T17:00:03.718+0200] {subprocess.py:93} INFO - 25/06/13 17:00:03 INFO Utils: Successfully started service 'SparkUI' on port 4041.
[2025-06-13T17:00:03.934+0200] {subprocess.py:93} INFO - 25/06/13 17:00:03 INFO Executor: Starting executor ID driver on host 138.4.31.89
[2025-06-13T17:00:03.936+0200] {subprocess.py:93} INFO - 25/06/13 17:00:03 INFO Executor: OS info Linux, 6.1.0-32-amd64, amd64
[2025-06-13T17:00:03.936+0200] {subprocess.py:93} INFO - 25/06/13 17:00:03 INFO Executor: Java version 17.0.14
[2025-06-13T17:00:03.947+0200] {subprocess.py:93} INFO - 25/06/13 17:00:03 INFO Executor: Starting executor with user classpath (userClassPathFirst = false): ''
[2025-06-13T17:00:03.948+0200] {subprocess.py:93} INFO - 25/06/13 17:00:03 INFO Executor: Created or updated repl class loader org.apache.spark.util.MutableURLClassLoader@6a90d79a for default.
[2025-06-13T17:00:03.977+0200] {subprocess.py:93} INFO - 25/06/13 17:00:03 INFO Utils: Successfully started service 'org.apache.spark.network.netty.NettyBlockTransferService' on port 37099.
[2025-06-13T17:00:03.978+0200] {subprocess.py:93} INFO - 25/06/13 17:00:03 INFO NettyBlockTransferService: Server created on 138.4.31.89:37099
[2025-06-13T17:00:03.980+0200] {subprocess.py:93} INFO - 25/06/13 17:00:03 INFO BlockManager: Using org.apache.spark.storage.RandomBlockReplicationPolicy for block replication policy
[2025-06-13T17:00:03.985+0200] {subprocess.py:93} INFO - 25/06/13 17:00:03 INFO BlockManagerMaster: Registering BlockManager BlockManagerId(driver, 138.4.31.89, 37099, None)
[2025-06-13T17:00:03.990+0200] {subprocess.py:93} INFO - 25/06/13 17:00:03 INFO BlockManagerMasterEndpoint: Registering block manager 138.4.31.89:37099 with 434.4 MiB RAM, BlockManagerId(driver, 138.4.31.89, 37099, None)
[2025-06-13T17:00:03.993+0200] {subprocess.py:93} INFO - 25/06/13 17:00:03 INFO BlockManagerMaster: Registered BlockManager BlockManagerId(driver, 138.4.31.89, 37099, None)
[2025-06-13T17:00:03.995+0200] {subprocess.py:93} INFO - 25/06/13 17:00:03 INFO BlockManager: Initialized BlockManager: BlockManagerId(driver, 138.4.31.89, 37099, None)
[2025-06-13T17:00:04.803+0200] {subprocess.py:93} INFO - 25/06/13 17:00:04 INFO SharedState: Setting hive.metastore.warehouse.dir ('null') to the value of spark.sql.warehouse.dir.
[2025-06-13T17:00:04.819+0200] {subprocess.py:93} INFO - 25/06/13 17:00:04 INFO SharedState: Warehouse path is 'file:/tmp/airflowtmpbxoc3vc9/spark-warehouse'.
[2025-06-13T17:00:06.715+0200] {subprocess.py:93} INFO - MLflow Run ID: 9011520de68744078bcad696eeb81bbf, Experiment ID: 0
[2025-06-13T17:00:06.716+0200] {subprocess.py:93} INFO - MLflow Tracking URI: file:///tmp/airflowtmpbxoc3vc9/mlruns
[2025-06-13T17:00:07.439+0200] {subprocess.py:93} INFO - Traceback (most recent call last):
[2025-06-13T17:00:07.440+0200] {subprocess.py:93} INFO -   File "/home/monica.fernandez/practica_creativa/resources/train_spark_mllib_model.py", line 216, in <module>
[2025-06-13T17:00:07.441+0200] {subprocess.py:93} INFO -     main(sys.argv[1])
[2025-06-13T17:00:07.441+0200] {subprocess.py:93} INFO -   File "/home/monica.fernandez/practica_creativa/resources/train_spark_mllib_model.py", line 65, in main
[2025-06-13T17:00:07.442+0200] {subprocess.py:93} INFO -     features = spark.read.json(input_path, schema=schema)
[2025-06-13T17:00:07.442+0200] {subprocess.py:93} INFO -                ^^^^^^^^^^^^^^^^^^^^^^^^^^^^^^^^^^^^^^^^^^
[2025-06-13T17:00:07.442+0200] {subprocess.py:93} INFO -   File "/home/monica.fernandez/.sdkman/candidates/spark/current/python/lib/pyspark.zip/pyspark/sql/readwriter.py", line 425, in json
[2025-06-13T17:00:07.445+0200] {subprocess.py:93} INFO -   File "/home/monica.fernandez/.sdkman/candidates/spark/current/python/lib/py4j-0.10.9.7-src.zip/py4j/java_gateway.py", line 1322, in __call__
[2025-06-13T17:00:07.445+0200] {subprocess.py:93} INFO -   File "/home/monica.fernandez/.sdkman/candidates/spark/current/python/lib/pyspark.zip/pyspark/errors/exceptions/captured.py", line 185, in deco
[2025-06-13T17:00:07.459+0200] {subprocess.py:93} INFO - pyspark.errors.exceptions.captured.AnalysisException: [PATH_NOT_FOUND] Path does not exist: file:/data/simple_flight_delay_features.jsonl.bz2.
[2025-06-13T17:00:07.850+0200] {subprocess.py:93} INFO - 25/06/13 17:00:07 INFO SparkContext: Invoking stop() from shutdown hook
[2025-06-13T17:00:07.851+0200] {subprocess.py:93} INFO - 25/06/13 17:00:07 INFO SparkContext: SparkContext is stopping with exitCode 0.
[2025-06-13T17:00:07.861+0200] {subprocess.py:93} INFO - 25/06/13 17:00:07 INFO SparkUI: Stopped Spark web UI at http://138.4.31.89:4041
[2025-06-13T17:00:07.876+0200] {subprocess.py:93} INFO - 25/06/13 17:00:07 INFO MapOutputTrackerMasterEndpoint: MapOutputTrackerMasterEndpoint stopped!
[2025-06-13T17:00:07.898+0200] {subprocess.py:93} INFO - 25/06/13 17:00:07 INFO MemoryStore: MemoryStore cleared
[2025-06-13T17:00:07.899+0200] {subprocess.py:93} INFO - 25/06/13 17:00:07 INFO BlockManager: BlockManager stopped
[2025-06-13T17:00:07.909+0200] {subprocess.py:93} INFO - 25/06/13 17:00:07 INFO BlockManagerMaster: BlockManagerMaster stopped
[2025-06-13T17:00:07.912+0200] {subprocess.py:93} INFO - 25/06/13 17:00:07 INFO OutputCommitCoordinator$OutputCommitCoordinatorEndpoint: OutputCommitCoordinator stopped!
[2025-06-13T17:00:07.929+0200] {subprocess.py:93} INFO - 25/06/13 17:00:07 INFO SparkContext: Successfully stopped SparkContext
[2025-06-13T17:00:07.929+0200] {subprocess.py:93} INFO - 25/06/13 17:00:07 INFO ShutdownHookManager: Shutdown hook called
[2025-06-13T17:00:07.930+0200] {subprocess.py:93} INFO - 25/06/13 17:00:07 INFO ShutdownHookManager: Deleting directory /tmp/spark-e1a373ad-3911-428e-aca9-b032a6f13391
[2025-06-13T17:00:07.940+0200] {subprocess.py:93} INFO - 25/06/13 17:00:07 INFO ShutdownHookManager: Deleting directory /tmp/spark-e1a373ad-3911-428e-aca9-b032a6f13391/pyspark-096389fd-dfa4-4794-8113-4b92a06f6c12
[2025-06-13T17:00:07.948+0200] {subprocess.py:93} INFO - 25/06/13 17:00:07 INFO ShutdownHookManager: Deleting directory /tmp/spark-da7eae78-f29e-47a4-9b0c-71039c1bc598
[2025-06-13T17:00:08.008+0200] {subprocess.py:97} INFO - Command exited with return code 1
[2025-06-13T17:00:08.030+0200] {taskinstance.py:1768} ERROR - Task failed with exception
Traceback (most recent call last):
  File "/home/monica.fernandez/practica_creativa/venv-airflow/lib/python3.11/site-packages/airflow/operators/bash.py", line 196, in execute
    raise AirflowException(
airflow.exceptions.AirflowException: Bash command failed. The command returned a non-zero exit code 1.
[2025-06-13T17:00:08.041+0200] {taskinstance.py:1318} INFO - Marking task as FAILED. dag_id=agile_data_science_batch_prediction_model_training, task_id=pyspark_train_classifier_model, execution_date=20250611T160039, start_date=20250613T145955, end_date=20250613T150008
[2025-06-13T17:00:08.077+0200] {standard_task_runner.py:100} ERROR - Failed to execute job 45 for task pyspark_train_classifier_model (Bash command failed. The command returned a non-zero exit code 1.; 25160)
[2025-06-13T17:00:08.106+0200] {local_task_job.py:208} INFO - Task exited with return code 1
[2025-06-13T17:00:08.189+0200] {taskinstance.py:2578} INFO - 0 downstream tasks scheduled from follow-on schedule check
